2025-10-21 14:03:36,124 : kivy : deps: Successfully imported "kivy_deps.gstreamer" 0.3.3
2025-10-21 14:03:36,124 : kivy : deps: Successfully imported "kivy_deps.angle" 0.3.3
2025-10-21 14:03:36,124 : kivy : deps: Successfully imported "kivy_deps.glew" 0.3.1
2025-10-21 14:03:36,124 : kivy : deps: Successfully imported "kivy_deps.sdl2" 0.6.0
2025-10-21 14:03:36,124 : kivy : Kivy: v2.2.1
2025-10-21 14:03:36,124 : kivy : Kivy: Installed at "C:\Users\richa\mpfvirtual4\lib\site-packages\kivy\__init__.py"
2025-10-21 14:03:36,124 : kivy : Python: v3.9.13 (tags/v3.9.13:6de2ca5, May 17 2022, 16:36:42) [MSC v.1929 64 bit (AMD64)]
2025-10-21 14:03:36,125 : kivy : Python: Interpreter at "C:\Users\richa\mpfvirtual4\Scripts\python.exe"
2025-10-21 14:03:36,141 : kivy : Factory: 190 symbols loaded
2025-10-21 14:03:36,338 : kivy : ImageLoaderFFPy: Using ffpyplayer 4.5.0
2025-10-21 14:03:36,339 : kivy : Image: Providers: img_tex, img_dds, img_sdl2, img_pil, img_ffpyplayer 
2025-10-21 14:03:36,503 : kivy : VideoGstplayer: Using Gstreamer 1.18.5.0
2025-10-21 14:03:36,503 : kivy : Video: Provider: gstplayer
2025-10-21 14:03:36,543 : root : Loading MPF-MC controller
2025-10-21 14:03:36,546 : YamlMultifileConfigLoader : Machine config file #1: config
2025-10-21 14:03:36,546 : ConfigProcessor : Config file in cache changed: C:\Users\richa\ttp7\config\config
2025-10-21 14:03:36,546 : ConfigProcessor : Loading config from file C:\Users\richa\mpfvirtual4\lib\site-packages\mpfmc\mcconfig.yaml.
2025-10-21 14:03:36,553 : ConfigProcessor : Loading config: C:\Users\richa\mpfvirtual4\lib\site-packages\mpfmc\mcconfig.yaml
2025-10-21 14:03:36,553 : ConfigProcessor : Loading config from file C:\Users\richa\ttp7\config\config.
2025-10-21 14:03:36,556 : ConfigProcessor : Loading config: C:\Users\richa\ttp7\config\config
2025-10-21 14:03:36,557 : ConfigProcessor : Loading config: C:\Users\richa\ttp7\config\config_sounds.yaml
2025-10-21 14:03:36,559 : ConfigProcessor : Loading config: C:\Users\richa\ttp7\config\config_ball_devices.yaml
2025-10-21 14:03:36,563 : ConfigProcessor : Loading config: C:\Users\richa\ttp7\config\config_coils.yaml
2025-10-21 14:03:36,564 : ConfigProcessor : Loading config: C:\Users\richa\ttp7\config\config_flippers.yaml
2025-10-21 14:03:36,570 : ConfigProcessor : Loading config: C:\Users\richa\ttp7\config\config_switches.yaml
2025-10-21 14:03:36,577 : ConfigProcessor : Loading config: C:\Users\richa\ttp7\config\config_lights.yaml
2025-10-21 14:03:36,581 : ConfigProcessor : Loading config: C:\Users\richa\ttp7\config\config_credits.yaml
2025-10-21 14:03:36,583 : ConfigProcessor : Loading config: C:\Users\richa\ttp7\config\config_droptargets.yaml
2025-10-21 14:03:36,587 : ConfigProcessor : Config file cache created: C:\Users\richa\AppData\Local\Temp\b8d8c5e8bc023a38ee4d8abbd35c8fd3.mpf_cache
2025-10-21 14:03:36,588 : ConfigProcessor : Loading config from cache: C:\Users\richa\AppData\Local\Temp\70233839fc0b792ce11a62f3c18c1950.mpf_cache
2025-10-21 14:03:36,588 : ConfigProcessor : Loading config from cache: C:\Users\richa\AppData\Local\Temp\9c8dea79ca4d15ee886340e992e8cb9d.mpf_cache
2025-10-21 14:03:36,588 : ConfigProcessor : Loading config from cache: C:\Users\richa\AppData\Local\Temp\67a19b095f918111543419ac0271bfb1.mpf_cache
2025-10-21 14:03:36,590 : ConfigProcessor : Loading config from cache: C:\Users\richa\AppData\Local\Temp\be387b0e8ed00556ec738d83cd6947d1.mpf_cache
2025-10-21 14:03:36,590 : ConfigProcessor : Loading config from cache: C:\Users\richa\AppData\Local\Temp\5a8efabd9666d8c71fa755fc28a9bf1e.mpf_cache
2025-10-21 14:03:36,590 : ConfigProcessor : Loading config from cache: C:\Users\richa\AppData\Local\Temp\fb58745e58584e219ff53db445e8e9f2.mpf_cache
2025-10-21 14:03:36,590 : ConfigProcessor : Loading config from cache: C:\Users\richa\AppData\Local\Temp\3a5badf48d988f9fc0f9b093a934917d.mpf_cache
2025-10-21 14:03:36,591 : ConfigProcessor : Loading config from cache: C:\Users\richa\AppData\Local\Temp\9e788d9ac28f3464b985b20edf80a10e.mpf_cache
2025-10-21 14:03:36,592 : ConfigProcessor : Loading config from cache: C:\Users\richa\AppData\Local\Temp\7e426d8ffa907371bf962f3181d8bdf2.mpf_cache
2025-10-21 14:03:36,594 : ConfigProcessor : Loading config from cache: C:\Users\richa\AppData\Local\Temp\77e0376825dda61b91775259cce643ad.mpf_cache
2025-10-21 14:03:36,594 : ConfigProcessor : Loading config from cache: C:\Users\richa\AppData\Local\Temp\e68c20669f80ec7d0801afbfa80f9eff.mpf_cache
2025-10-21 14:03:36,594 : ConfigProcessor : Loading config from cache: C:\Users\richa\AppData\Local\Temp\28e9108f411f2b73ba76f82bf4f68e34.mpf_cache
2025-10-21 14:03:36,594 : mpfmc : Mission Pinball Framework Media Controller (MPF-MC) v0.57.0.dev10. Requires MPF v0.57.0.dev19 or newer.
2025-10-21 14:03:36,594 : mpfmc : Found MPF v0.57.0.dev39
2025-10-21 14:03:36,594 : mpfmc : Machine path: C:\Users\richa\ttp7
2025-10-21 14:03:36,594 : mpfmc : Starting clock at 60.0Hz
2025-10-21 14:03:36,608 : kivy : Text: Provider: sdl2
2025-10-21 14:03:36,651 : kivy : Window: Provider: sdl2
2025-10-21 14:03:37,018 : kivy : GL: Using the "OpenGL" graphics system
2025-10-21 14:03:37,029 : kivy : GL: GLEW initialization succeeded
2025-10-21 14:03:37,029 : kivy : GL: Backend used <glew>
2025-10-21 14:03:37,029 : kivy : GL: OpenGL version <b'4.6.0 NVIDIA 560.94'>
2025-10-21 14:03:37,029 : kivy : GL: OpenGL vendor <b'NVIDIA Corporation'>
2025-10-21 14:03:37,029 : kivy : GL: OpenGL renderer <b'NVIDIA GeForce RTX 3050/PCIe/SSE2'>
2025-10-21 14:03:37,029 : kivy : GL: OpenGL parsed version: 4, 6
2025-10-21 14:03:37,029 : kivy : GL: Shading version <b'4.60 NVIDIA'>
2025-10-21 14:03:37,029 : kivy : GL: Texture max size <32768>
2025-10-21 14:03:37,029 : kivy : GL: Texture max units <32>
2025-10-21 14:03:37,050 : kivy : Window: auto add sdl2 input provider
2025-10-21 14:03:37,051 : kivy : Window: virtual keyboard not allowed, single mode, not docked
2025-10-21 14:03:37,448 : AudioInterface : Initialized
2025-10-21 14:03:37,448 : AudioInterface : Loaded SDL 2.26.4
2025-10-21 14:03:37,449 : AudioInterface : Loaded SDL_Mixer 2.6.3
2025-10-21 14:03:37,449 : AudioInterface : Loaded GStreamer 1.18.5.0
2025-10-21 14:03:37,449 : AudioInterface : Loaded GLib 2.62.6
2025-10-21 14:03:37,449 : AudioInterface : Settings requested - rate: 44100, channels: 1, buffer: 2048 samples
2025-10-21 14:03:37,449 : AudioInterface : Settings in use - rate: 44100, channels: 1, buffer: 2048 samples (4096 bytes @ 2 bytes per sample)
2025-10-21 14:03:37,449 : SoundSystem : Setting master volume to 0.0
2025-10-21 14:03:37,449 : AudioInterface : Enabling audio playback
2025-10-21 14:03:37,451 : kivy : Base: Start application main loop
2025-10-21 14:03:37,451 : EventManager : Event: ======'display_window_initialized'====== Args={}
2025-10-21 14:03:37,451 : EventManager : Event: ======'display_dmd_initialized'====== Args={}
2025-10-21 14:03:37,463 : mpfmc : Display: Setting 'dmd' as default display
2025-10-21 14:03:37,467 : EventManager : Event: ======'displays_initialized'====== Args={}
2025-10-21 14:03:37,468 : EventManager : Event: ======'slide_window_blank_created'====== Args={}
2025-10-21 14:03:37,468 : EventManager : Event: ======'display_window_ready'====== Args={}
2025-10-21 14:03:37,469 : EventManager : Event: ======'slide_dmd_blank_created'====== Args={}
2025-10-21 14:03:37,469 : EventManager : Event: ======'display_dmd_ready'====== Args={}
2025-10-21 14:03:37,479 : EventManager : Event: ======'init_phase_1'====== Args={}
2025-10-21 14:03:37,483 : EventManager : Event: ======'mc_ready'====== Args={}
2025-10-21 14:03:37,484 : EventManager : Event: ======'init_phase_2'====== Args={}
2025-10-21 14:03:37,488 : EventManager : Event: ======'init_phase_3'====== Args={}
2025-10-21 14:03:37,492 : EventManager : Event: ======'init_phase_4'====== Args={}
2025-10-21 14:03:37,492 : EventManager : Event: ======'init_phase_5'====== Args={}
2025-10-21 14:03:37,492 : EventManager : Event: ======'init_done'====== Args={}
2025-10-21 14:03:37,492 : MPF-MC BCP Server : Starting up on localhost port 5050
2025-10-21 14:03:37,496 : MPF-MC BCP Server : Waiting for a connection...
2025-10-21 14:03:37,496 : mpfmc : SlidePlayer: Play called with settings={'slides': {window_slide_1-None-None: {'target': 'window', 'priority': None, 'background_color': [0.0, 0.0, 0.0, 1.0], 'show': True, 'force': False, 'expire': None, 'slide': None, 'tokens': {}, 'action': 'play', 'transition': None, 'transition_out': None}}}
2025-10-21 14:03:37,498 : kivy : GL: NPOT texture support is available
2025-10-21 14:03:37,517 : EventManager : Event: ======'slide_window_slide_1_created'====== Args={}
2025-10-21 14:03:37,532 : EventManager : Event: ======'slide_window_slide_1_active'====== Args={}
2025-10-21 14:03:37,536 : EventManager : Event: ======'client_disconnected'====== Args={'host': '127.0.0.1', 'port': 5050}
2025-10-21 14:03:38,591 : MPF-MC BCP Server : Received connection from: 127.0.0.1:64886
2025-10-21 14:03:38,594 : EventManager : Event: ======'client_connected'====== Args={'host': '127.0.0.1', 'port': 64886}
2025-10-21 14:03:38,878 : EventManager : Event: ======'machine_var_credits_string'====== Args={'value': 'FREE PLAY', 'prev_value': None, 'change': True}
2025-10-21 14:03:38,878 : EventManager : Event: ======'machine_var_credit_units'====== Args={'value': 0, 'prev_value': None, 'change': True}
2025-10-21 14:03:38,878 : EventManager : Event: ======'machine_var_free_play'====== Args={'value': False, 'prev_value': None, 'change': True}
2025-10-21 14:03:38,878 : EventManager : Event: ======'machine_var_master_volume'====== Args={'value': 0.7, 'prev_value': None, 'change': True}
2025-10-21 14:03:38,879 : EventManager : Event: ======'machine_var_player1_score'====== Args={'value': 300, 'prev_value': None, 'change': True}
2025-10-21 14:03:38,879 : EventManager : Event: ======'machine_var_mpf_version'====== Args={'value': 'Mission Pinball Framework v0.57.0.dev39', 'prev_value': None, 'change': True}
2025-10-21 14:03:38,879 : EventManager : Event: ======'machine_var_mpf_extended_version'====== Args={'value': 'Mission Pinball Framework v0.57.0.dev39, Config version:6, Show version: 6, BCP version:1.1', 'prev_value': None, 'change': True}
2025-10-21 14:03:38,879 : EventManager : Event: ======'machine_var_python_version'====== Args={'value': '3.9.13', 'prev_value': None, 'change': True}
2025-10-21 14:03:38,879 : EventManager : Event: ======'machine_var_platform'====== Args={'value': 'Windows-10-10.0.19045-SP0', 'prev_value': None, 'change': True}
2025-10-21 14:03:38,879 : EventManager : Event: ======'machine_var_platform_system'====== Args={'value': 'Windows', 'prev_value': None, 'change': True}
2025-10-21 14:03:38,879 : EventManager : Event: ======'machine_var_platform_release'====== Args={'value': '10', 'prev_value': None, 'change': True}
2025-10-21 14:03:38,879 : EventManager : Event: ======'machine_var_platform_version'====== Args={'value': '10.0.19045', 'prev_value': None, 'change': True}
2025-10-21 14:03:38,879 : EventManager : Event: ======'machine_var_platform_machine'====== Args={'value': 'AMD64', 'prev_value': None, 'change': True}
2025-10-21 14:03:38,879 : EventManager : Event: ======'machine_var_mc_version'====== Args={'value': 'MPF-MC v0.57.0.dev10', 'prev_value': None, 'change': True}
2025-10-21 14:03:38,879 : EventManager : Event: ======'machine_var_mc_extended_version'====== Args={'value': 'MPF-MC v0.57.0.dev10 (config_version=6, BCP v1.1,                      Requires MPF API compatibility v0.57.0.dev19 or newer)', 'prev_value': None, 'change': True}
2025-10-21 14:03:38,880 : EventManager : Event: ======'machine_var_credits_string'====== Args={'value': 'FREE PLAY', 'prev_value': None, 'change': True}
2025-10-21 14:03:38,880 : EventManager : Event: ======'machine_var_credit_units'====== Args={'value': 0, 'prev_value': None, 'change': True}
2025-10-21 14:03:38,880 : EventManager : Event: ======'machine_var_free_play'====== Args={'value': False, 'prev_value': None, 'change': True}
2025-10-21 14:03:38,880 : EventManager : Event: ======'machine_var_master_volume'====== Args={'value': 0.7, 'prev_value': None, 'change': True}
2025-10-21 14:03:38,880 : EventManager : Event: ======'machine_var_player1_score'====== Args={'value': 300, 'prev_value': None, 'change': True}
2025-10-21 14:03:38,880 : EventManager : Event: ======'machine_var_mpf_version'====== Args={'value': 'Mission Pinball Framework v0.57.0.dev39', 'prev_value': None, 'change': True}
2025-10-21 14:03:38,880 : EventManager : Event: ======'machine_var_mpf_extended_version'====== Args={'value': 'Mission Pinball Framework v0.57.0.dev39, Config version:6, Show version: 6, BCP version:1.1', 'prev_value': None, 'change': True}
2025-10-21 14:03:38,880 : EventManager : Event: ======'machine_var_python_version'====== Args={'value': '3.9.13', 'prev_value': None, 'change': True}
2025-10-21 14:03:38,880 : EventManager : Event: ======'machine_var_platform'====== Args={'value': 'Windows-10-10.0.19045-SP0', 'prev_value': None, 'change': True}
2025-10-21 14:03:38,880 : EventManager : Event: ======'machine_var_platform_system'====== Args={'value': 'Windows', 'prev_value': None, 'change': True}
2025-10-21 14:03:38,880 : EventManager : Event: ======'machine_var_platform_release'====== Args={'value': '10', 'prev_value': None, 'change': True}
2025-10-21 14:03:38,880 : EventManager : Event: ======'machine_var_platform_version'====== Args={'value': '10.0.19045', 'prev_value': None, 'change': True}
2025-10-21 14:03:38,880 : EventManager : Event: ======'machine_var_platform_machine'====== Args={'value': 'AMD64', 'prev_value': None, 'change': True}
2025-10-21 14:03:38,880 : EventManager : Event: ======'machine_var_mc_version'====== Args={'value': 'MPF-MC v0.57.0.dev10', 'prev_value': None, 'change': True}
2025-10-21 14:03:38,880 : EventManager : Event: ======'machine_var_mc_extended_version'====== Args={'value': 'MPF-MC v0.57.0.dev10 (config_version=6, BCP v1.1,                      Requires MPF API compatibility v0.57.0.dev19 or newer)', 'prev_value': None, 'change': True}
2025-10-21 14:03:38,880 : EventManager : Event: ======'machine_var_credits_string'====== Args={'value': 'FREE PLAY', 'prev_value': None, 'change': True}
2025-10-21 14:03:38,881 : EventManager : Event: ======'machine_var_credit_units'====== Args={'value': 0, 'prev_value': None, 'change': True}
2025-10-21 14:03:38,881 : EventManager : Event: ======'machine_var_free_play'====== Args={'value': False, 'prev_value': None, 'change': True}
2025-10-21 14:03:38,881 : EventManager : Event: ======'machine_var_master_volume'====== Args={'value': 0.7, 'prev_value': None, 'change': True}
2025-10-21 14:03:38,881 : EventManager : Event: ======'machine_var_player1_score'====== Args={'value': 300, 'prev_value': None, 'change': True}
2025-10-21 14:03:38,881 : EventManager : Event: ======'machine_var_mpf_version'====== Args={'value': 'Mission Pinball Framework v0.57.0.dev39', 'prev_value': None, 'change': True}
2025-10-21 14:03:38,881 : EventManager : Event: ======'machine_var_mpf_extended_version'====== Args={'value': 'Mission Pinball Framework v0.57.0.dev39, Config version:6, Show version: 6, BCP version:1.1', 'prev_value': None, 'change': True}
2025-10-21 14:03:38,881 : EventManager : Event: ======'machine_var_python_version'====== Args={'value': '3.9.13', 'prev_value': None, 'change': True}
2025-10-21 14:03:38,881 : EventManager : Event: ======'machine_var_platform'====== Args={'value': 'Windows-10-10.0.19045-SP0', 'prev_value': None, 'change': True}
2025-10-21 14:03:38,881 : EventManager : Event: ======'machine_var_platform_system'====== Args={'value': 'Windows', 'prev_value': None, 'change': True}
2025-10-21 14:03:38,881 : EventManager : Event: ======'machine_var_platform_release'====== Args={'value': '10', 'prev_value': None, 'change': True}
2025-10-21 14:03:38,881 : EventManager : Event: ======'machine_var_platform_version'====== Args={'value': '10.0.19045', 'prev_value': None, 'change': True}
2025-10-21 14:03:38,881 : EventManager : Event: ======'machine_var_platform_machine'====== Args={'value': 'AMD64', 'prev_value': None, 'change': True}
2025-10-21 14:03:38,881 : EventManager : Event: ======'machine_var_mc_version'====== Args={'value': 'MPF-MC v0.57.0.dev10', 'prev_value': None, 'change': True}
2025-10-21 14:03:38,881 : EventManager : Event: ======'machine_var_mc_extended_version'====== Args={'value': 'MPF-MC v0.57.0.dev10 (config_version=6, BCP v1.1,                      Requires MPF API compatibility v0.57.0.dev19 or newer)', 'prev_value': None, 'change': True}
2025-10-21 14:03:38,881 : EventManager : Event: ======'machine_var_credits_string'====== Args={'value': 'FREE PLAY', 'prev_value': None, 'change': True}
2025-10-21 14:03:38,882 : EventManager : Event: ======'machine_var_credit_units'====== Args={'value': 0, 'prev_value': None, 'change': True}
2025-10-21 14:03:38,882 : EventManager : Event: ======'machine_var_free_play'====== Args={'value': False, 'prev_value': None, 'change': True}
2025-10-21 14:03:38,882 : EventManager : Event: ======'machine_var_master_volume'====== Args={'value': 0.7, 'prev_value': None, 'change': True}
2025-10-21 14:03:38,882 : EventManager : Event: ======'machine_var_player1_score'====== Args={'value': 300, 'prev_value': None, 'change': True}
2025-10-21 14:03:38,882 : EventManager : Event: ======'machine_var_mpf_version'====== Args={'value': 'Mission Pinball Framework v0.57.0.dev39', 'prev_value': None, 'change': True}
2025-10-21 14:03:38,882 : EventManager : Event: ======'machine_var_mpf_extended_version'====== Args={'value': 'Mission Pinball Framework v0.57.0.dev39, Config version:6, Show version: 6, BCP version:1.1', 'prev_value': None, 'change': True}
2025-10-21 14:03:38,882 : EventManager : Event: ======'machine_var_python_version'====== Args={'value': '3.9.13', 'prev_value': None, 'change': True}
2025-10-21 14:03:38,882 : EventManager : Event: ======'machine_var_platform'====== Args={'value': 'Windows-10-10.0.19045-SP0', 'prev_value': None, 'change': True}
2025-10-21 14:03:38,882 : EventManager : Event: ======'machine_var_platform_system'====== Args={'value': 'Windows', 'prev_value': None, 'change': True}
2025-10-21 14:03:38,882 : EventManager : Event: ======'machine_var_platform_release'====== Args={'value': '10', 'prev_value': None, 'change': True}
2025-10-21 14:03:38,882 : EventManager : Event: ======'machine_var_platform_version'====== Args={'value': '10.0.19045', 'prev_value': None, 'change': True}
2025-10-21 14:03:38,882 : EventManager : Event: ======'machine_var_platform_machine'====== Args={'value': 'AMD64', 'prev_value': None, 'change': True}
2025-10-21 14:03:38,882 : EventManager : Event: ======'machine_var_mc_version'====== Args={'value': 'MPF-MC v0.57.0.dev10', 'prev_value': None, 'change': True}
2025-10-21 14:03:38,882 : EventManager : Event: ======'machine_var_mc_extended_version'====== Args={'value': 'MPF-MC v0.57.0.dev10 (config_version=6, BCP v1.1,                      Requires MPF API compatibility v0.57.0.dev19 or newer)', 'prev_value': None, 'change': True}
2025-10-21 14:03:38,882 : SoundSystem : Setting master volume to 0.7
2025-10-21 14:03:38,882 : SoundSystem : Setting master volume to 0.7
2025-10-21 14:03:38,883 : SoundSystem : Setting master volume to 0.7
2025-10-21 14:03:38,883 : SoundSystem : Setting master volume to 0.7
2025-10-21 14:03:39,058 : mpfmc : Stopping...
2025-10-21 14:03:39,060 : EventManager : Event: ======'shutdown'====== Args={}
2025-10-21 14:03:39,075 : AudioInterface : Disabling audio playback
2025-10-21 14:03:39,205 : mpfmc : Loop rate 52.46 Hz
2025-10-21 14:03:39,206 : kivy : Base: Leaving application in progress...
2025-10-21 14:03:39,217 : mpfmc : Stopping...
2025-10-21 14:03:39,218 : EventManager : Event: ======'shutdown'====== Args={}
2025-10-21 14:03:39,218 : mpfmc : Loop rate 52.65 Hz
2025-10-21 14:03:39,219 : root : MC run loop ended.
2025-10-21 14:03:39,219 : root : Stopping child threads... (2 remaining)
2025-10-21 14:03:39,625 : MPF-MC BCP Server : Stopping BCP sending thread
2025-10-21 14:03:39,719 : root : All child threads stopped.
