2025-10-04 08:31:17,001 : kivy : deps: Successfully imported "kivy_deps.gstreamer" 0.3.3
2025-10-04 08:31:17,001 : kivy : deps: Successfully imported "kivy_deps.angle" 0.3.3
2025-10-04 08:31:17,001 : kivy : deps: Successfully imported "kivy_deps.glew" 0.3.1
2025-10-04 08:31:17,001 : kivy : deps: Successfully imported "kivy_deps.sdl2" 0.6.0
2025-10-04 08:31:17,001 : kivy : Kivy: v2.2.1
2025-10-04 08:31:17,001 : kivy : Kivy: Installed at "C:\Users\richa\mpfvirtual4\lib\site-packages\kivy\__init__.py"
2025-10-04 08:31:17,001 : kivy : Python: v3.9.13 (tags/v3.9.13:6de2ca5, May 17 2022, 16:36:42) [MSC v.1929 64 bit (AMD64)]
2025-10-04 08:31:17,001 : kivy : Python: Interpreter at "C:\Users\richa\mpfvirtual4\Scripts\python.exe"
2025-10-04 08:31:17,019 : kivy : Factory: 190 symbols loaded
2025-10-04 08:31:17,206 : kivy : ImageLoaderFFPy: Using ffpyplayer 4.5.0
2025-10-04 08:31:17,206 : kivy : Image: Providers: img_tex, img_dds, img_sdl2, img_pil, img_ffpyplayer 
2025-10-04 08:31:17,370 : kivy : VideoGstplayer: Using Gstreamer 1.18.5.0
2025-10-04 08:31:17,370 : kivy : Video: Provider: gstplayer
2025-10-04 08:31:17,418 : root : Loading MPF-MC controller
2025-10-04 08:31:17,421 : YamlMultifileConfigLoader : Machine config file #1: config
2025-10-04 08:31:17,421 : ConfigProcessor : Config file in cache changed: C:\Users\richa\ttp5\config\config
2025-10-04 08:31:17,422 : ConfigProcessor : Loading config from file C:\Users\richa\mpfvirtual4\lib\site-packages\mpfmc\mcconfig.yaml.
2025-10-04 08:31:17,432 : ConfigProcessor : Loading config: C:\Users\richa\mpfvirtual4\lib\site-packages\mpfmc\mcconfig.yaml
2025-10-04 08:31:17,432 : ConfigProcessor : Loading config from file C:\Users\richa\ttp5\config\config.
2025-10-04 08:31:17,435 : ConfigProcessor : Loading config: C:\Users\richa\ttp5\config\config
2025-10-04 08:31:17,436 : ConfigProcessor : Loading config: C:\Users\richa\ttp5\config\config_ball_devices.yaml
2025-10-04 08:31:17,437 : ConfigProcessor : Loading config: C:\Users\richa\ttp5\config\config_coils.yaml
2025-10-04 08:31:17,439 : ConfigProcessor : Loading config: C:\Users\richa\ttp5\config\config_flippers.yaml
2025-10-04 08:31:17,442 : ConfigProcessor : Loading config: C:\Users\richa\ttp5\config\config_switches.yaml
2025-10-04 08:31:17,444 : ConfigProcessor : Config file cache created: C:\Users\richa\AppData\Local\Temp\dfe03a1c6b87b9e2015d2c57a6076bec.mpf_cache
2025-10-04 08:31:17,444 : ConfigProcessor : Loading config from cache: C:\Users\richa\AppData\Local\Temp\77a998d318c788df5647a1900cedfc56.mpf_cache
2025-10-04 08:31:17,445 : ConfigProcessor : Loading config from cache: C:\Users\richa\AppData\Local\Temp\9c8dea79ca4d15ee886340e992e8cb9d.mpf_cache
2025-10-04 08:31:17,446 : ConfigProcessor : Loading config from cache: C:\Users\richa\AppData\Local\Temp\8ddee2e87a4f178751335e99da00e9c4.mpf_cache
2025-10-04 08:31:17,446 : mpfmc : Mission Pinball Framework Media Controller (MPF-MC) v0.57.0.dev10. Requires MPF v0.57.0.dev19 or newer.
2025-10-04 08:31:17,446 : mpfmc : Found MPF v0.57.0.dev39
2025-10-04 08:31:17,447 : mpfmc : Machine path: C:\Users\richa\ttp5
2025-10-04 08:31:17,447 : mpfmc : Starting clock at 60.0Hz
2025-10-04 08:31:17,461 : kivy : Text: Provider: sdl2
2025-10-04 08:31:17,505 : kivy : Window: Provider: sdl2
2025-10-04 08:31:17,881 : kivy : GL: Using the "OpenGL" graphics system
2025-10-04 08:31:17,890 : kivy : GL: GLEW initialization succeeded
2025-10-04 08:31:17,890 : kivy : GL: Backend used <glew>
2025-10-04 08:31:17,891 : kivy : GL: OpenGL version <b'4.6.0 NVIDIA 560.94'>
2025-10-04 08:31:17,891 : kivy : GL: OpenGL vendor <b'NVIDIA Corporation'>
2025-10-04 08:31:17,891 : kivy : GL: OpenGL renderer <b'NVIDIA GeForce RTX 3050/PCIe/SSE2'>
2025-10-04 08:31:17,891 : kivy : GL: OpenGL parsed version: 4, 6
2025-10-04 08:31:17,891 : kivy : GL: Shading version <b'4.60 NVIDIA'>
2025-10-04 08:31:17,891 : kivy : GL: Texture max size <32768>
2025-10-04 08:31:17,891 : kivy : GL: Texture max units <32>
2025-10-04 08:31:17,909 : kivy : Window: auto add sdl2 input provider
2025-10-04 08:31:17,910 : kivy : Window: virtual keyboard not allowed, single mode, not docked
2025-10-04 08:31:17,920 : SoundSystem : SoundSystem: Using default 'sound_system' settings
2025-10-04 08:31:18,290 : AudioInterface : Initialized
2025-10-04 08:31:18,290 : AudioInterface : Loaded SDL 2.26.4
2025-10-04 08:31:18,290 : AudioInterface : Loaded SDL_Mixer 2.6.3
2025-10-04 08:31:18,290 : AudioInterface : Loaded GStreamer 1.18.5.0
2025-10-04 08:31:18,290 : AudioInterface : Loaded GLib 2.62.6
2025-10-04 08:31:18,290 : AudioInterface : Settings requested - rate: 44100, channels: 1, buffer: 2048 samples
2025-10-04 08:31:18,290 : AudioInterface : Settings in use - rate: 44100, channels: 1, buffer: 2048 samples (4096 bytes @ 2 bytes per sample)
2025-10-04 08:31:18,290 : SoundSystem : No audio tracks are specified in your machine config file. a track named 'default' has been created.
2025-10-04 08:31:18,290 : SoundSystem : Setting master volume to 0.0
2025-10-04 08:31:18,290 : AudioInterface : Enabling audio playback
2025-10-04 08:31:18,292 : kivy : Base: Start application main loop
2025-10-04 08:31:18,293 : EventManager : Event: ======'display_window_initialized'====== Args={}
2025-10-04 08:31:18,305 : mpfmc : Display: Setting 'window' as default display
2025-10-04 08:31:18,310 : EventManager : Event: ======'displays_initialized'====== Args={}
2025-10-04 08:31:18,311 : EventManager : Event: ======'slide_window_blank_created'====== Args={}
2025-10-04 08:31:18,311 : EventManager : Event: ======'display_window_ready'====== Args={}
2025-10-04 08:31:18,320 : EventManager : Event: ======'init_phase_1'====== Args={}
2025-10-04 08:31:18,321 : EventManager : Event: ======'mc_ready'====== Args={}
2025-10-04 08:31:18,321 : EventManager : Event: ======'init_phase_2'====== Args={}
2025-10-04 08:31:18,324 : EventManager : Event: ======'init_phase_3'====== Args={}
2025-10-04 08:31:18,325 : EventManager : Event: ======'init_phase_4'====== Args={}
2025-10-04 08:31:18,325 : EventManager : Event: ======'init_phase_5'====== Args={}
2025-10-04 08:31:18,325 : EventManager : Event: ======'init_done'====== Args={}
2025-10-04 08:31:18,325 : MPF-MC BCP Server : Starting up on localhost port 5050
2025-10-04 08:31:18,329 : MPF-MC BCP Server : Waiting for a connection...
2025-10-04 08:31:18,334 : EventManager : Event: ======'client_disconnected'====== Args={'host': '127.0.0.1', 'port': 5050}
2025-10-04 08:31:22,925 : kivy : Base: Leaving application in progress...
