2025-11-02 10:02:28,950 : INFO : root : Loading MPF Monitor Version 0.57.1
2025-11-02 10:02:29,012 : INFO : Core : Looking for MPF at localhost:5051
2025-11-02 10:02:41,053 : INFO : BCP Client : Connected to MPF
2025-11-02 10:06:14,209 : INFO : BCP Client : Connected to MPF
2025-11-02 10:25:13,300 : INFO : BCP Client : Connected to MPF
2025-11-02 10:32:36,619 : INFO : BCP Client : Connected to MPF
2025-11-02 10:36:55,662 : INFO : BCP Client : Connected to MPF
2025-11-02 10:38:52,212 : INFO : BCP Client : Connected to MPF
2025-11-02 10:45:47,724 : INFO : BCP Client : Connected to MPF
2025-11-02 10:47:50,647 : INFO : BCP Client : Connected to MPF
2025-11-02 10:59:21,303 : INFO : BCP Client : Connected to MPF
2025-11-02 11:04:09,886 : INFO : BCP Client : Connected to MPF
2025-11-02 11:10:01,644 : INFO : BCP Client : Connected to MPF
2025-11-02 11:15:17,496 : INFO : BCP Client : Connected to MPF
2025-11-02 11:17:15,114 : INFO : BCP Client : Connected to MPF
2025-11-02 11:19:36,538 : INFO : BCP Client : Connected to MPF
2025-11-02 11:23:21,751 : INFO : BCP Client : Connected to MPF
2025-11-03 07:19:03,270 : INFO : Core : Quitting due to quit on close
2025-11-03 07:19:03,286 : INFO : root : MPF Monitor run loop ended.
2025-11-03 07:19:03,286 : INFO : root : Stopping child threads... (0 remaining)
2025-11-03 07:19:03,299 : INFO : root : All child threads stopped.
