2025-10-03 17:21:51,814 : INFO : root : Loading config.
2025-10-03 17:21:51,818 : INFO : YamlMultifileConfigLoader : Machine config file #1: config.yaml
2025-10-03 17:21:51,819 : INFO : ConfigProcessor : Loading config from cache: C:\Users\richa\AppData\Local\Temp\bad76953a596b8c99f832e0e98026c3b.mpf_cache
2025-10-03 17:21:51,820 : WARNING : ConfigProcessor : Config file in cache changed: C:\Users\richa\ttp5\config\config_switches.yaml
2025-10-03 17:21:51,820 : INFO : ConfigProcessor : Loading config from file C:\Users\richa\mpfvirtual4\lib\site-packages\mpf\mpfconfig.yaml.
2025-10-03 17:21:51,830 : INFO : ConfigProcessor : Loading config: C:\Users\richa\mpfvirtual4\lib\site-packages\mpf\mpfconfig.yaml
2025-10-03 17:21:51,830 : INFO : ConfigProcessor : Loading config from file C:\Users\richa\ttp5\config\config.yaml.
2025-10-03 17:21:51,832 : INFO : ConfigProcessor : Loading config: C:\Users\richa\ttp5\config\config.yaml
2025-10-03 17:21:51,833 : INFO : ConfigProcessor : Loading config: C:\Users\richa\ttp5\config\config_ball_devices.yaml
2025-10-03 17:21:51,834 : INFO : ConfigProcessor : Loading config: C:\Users\richa\ttp5\config\config_coils.yaml
2025-10-03 17:21:51,835 : INFO : ConfigProcessor : Loading config: C:\Users\richa\ttp5\config\config_flippers.yaml
2025-10-03 17:21:51,846 : INFO : ConfigProcessor : Loading config: C:\Users\richa\ttp5\config\config_switches.yaml
2025-10-03 17:21:51,848 : INFO : ConfigProcessor : Config file cache created: C:\Users\richa\AppData\Local\Temp\bad76953a596b8c99f832e0e98026c3b.mpf_cache
2025-10-03 17:21:51,927 : INFO : ConfigProcessor : Loading config from cache: C:\Users\richa\AppData\Local\Temp\77a998d318c788df5647a1900cedfc56.mpf_cache
2025-10-03 17:21:51,928 : INFO : ConfigProcessor : Loading config from cache: C:\Users\richa\AppData\Local\Temp\9c8dea79ca4d15ee886340e992e8cb9d.mpf_cache
2025-10-03 17:21:51,929 : INFO : ConfigProcessor : Loading config from cache: C:\Users\richa\AppData\Local\Temp\8ddee2e87a4f178751335e99da00e9c4.mpf_cache
2025-10-03 17:21:51,930 : INFO : ConfigProcessor : Loading config from cache: C:\Users\richa\AppData\Local\Temp\16d594341c3fbe91b1b6d496c05a6fb0.mpf_cache
2025-10-03 17:21:51,930 : INFO : ConfigProcessor : Loading config from cache: C:\Users\richa\AppData\Local\Temp\9ea1b14cb2b1cce5e8bf981a1ff8cfc5.mpf_cache
2025-10-03 17:21:51,931 : INFO : Machine : Mission Pinball Framework Core Engine v0.57.0.dev39
2025-10-03 17:21:51,931 : INFO : Machine : Command line arguments: {'no_load_cache': False, 'create_config_cache': True, 'bcp': True, 'configfile': ['config.yaml'], 'force_assets_load': False, 'jsonlogging': False, 'logfile': 'logs\\2025-10-03-17-21-51-mpf-DESKTOP-RK7BE5M.log', 'pause': False, 'production': False, 'text_ui': True, 'loglevel': 15, 'consoleloglevel': 20, 'force_platform': None, 'syslog_address': None, 'mc_file_name': None, 'no_sound': False}
2025-10-03 17:21:51,931 : INFO : Machine : MPF path: C:\Users\richa\mpfvirtual4\lib\site-packages\mpf
2025-10-03 17:21:51,931 : INFO : Machine : Machine path: C:\Users\richa\ttp5
2025-10-03 17:21:51,931 : INFO : Machine : Platform: win32
2025-10-03 17:21:51,931 : INFO : Machine : Python executable location: C:\Users\richa\mpfvirtual4\Scripts\python.exe
2025-10-03 17:21:51,931 : INFO : Machine : Python version: 3.9.13 (64-bit)
2025-10-03 17:21:51,933 : INFO : Machine : Initializing MPF...
2025-10-03 17:21:52,297 : INFO : EventManager : Event: ======'machine_var_credits_string'====== Args={'value': 'FREE PLAY', 'prev_value': None, 'change': True}
2025-10-03 17:21:52,355 : INFO : EventManager : Event: ======'machine_var_master_volume'====== Args={'value': 0.5, 'prev_value': None, 'change': True}
2025-10-03 17:21:52,356 : INFO : EventManager : Event: ======'machine_var_player1_score'====== Args={'value': 28284, 'prev_value': None, 'change': True}
2025-10-03 17:21:52,356 : INFO : EventManager : Event: ======'machine_var_mpf_version'====== Args={'value': 'Mission Pinball Framework v0.57.0.dev39', 'prev_value': None, 'change': True}
2025-10-03 17:21:52,356 : INFO : EventManager : Event: ======'machine_var_mpf_extended_version'====== Args={'value': 'Mission Pinball Framework v0.57.0.dev39, Config version:6, Show version: 6, BCP version:1.1', 'prev_value': None, 'change': True}
2025-10-03 17:21:52,356 : INFO : EventManager : Event: ======'machine_var_python_version'====== Args={'value': '3.9.13', 'prev_value': None, 'change': True}
2025-10-03 17:21:52,365 : INFO : EventManager : Event: ======'machine_var_platform'====== Args={'value': 'Windows-10-10.0.19045-SP0', 'prev_value': None, 'change': True}
2025-10-03 17:21:52,365 : INFO : EventManager : Event: ======'machine_var_platform_system'====== Args={'value': 'Windows', 'prev_value': None, 'change': True}
2025-10-03 17:21:52,365 : INFO : EventManager : Event: ======'machine_var_platform_release'====== Args={'value': '10', 'prev_value': None, 'change': True}
2025-10-03 17:21:52,365 : INFO : EventManager : Event: ======'machine_var_platform_version'====== Args={'value': '10.0.19045', 'prev_value': None, 'change': True}
2025-10-03 17:21:52,365 : INFO : EventManager : Event: ======'machine_var_platform_machine'====== Args={'value': 'AMD64', 'prev_value': None, 'change': True}
2025-10-03 17:21:52,365 : INFO : EventManager : Event: ======'init_phase_1'====== Args={}
2025-10-03 17:21:52,379 : INFO : EventManager : Event: ======'init_phase_2'====== Args={}
2025-10-03 17:21:52,379 : INFO : SwitchController : Found active switch: ('2', <Platform.SmartVirtual>) <switch.s_trough1>
2025-10-03 17:21:52,379 : INFO : SwitchController : Found active switch: ('3', <Platform.SmartVirtual>) <switch.s_trough2>
2025-10-03 17:21:52,379 : INFO : SwitchController : Found active switch: ('4', <Platform.SmartVirtual>) <switch.s_trough3>
2025-10-03 17:21:52,379 : INFO : SwitchController : Found active switch: ('5', <Platform.SmartVirtual>) <switch.s_trough4>
2025-10-03 17:21:52,379 : INFO : SwitchController : Found active switch: ('6', <Platform.SmartVirtual>) <switch.s_trough5>
2025-10-03 17:21:52,379 : INFO : SwitchController : Found active switch: ('7', <Platform.SmartVirtual>) <switch.s_trough6>
2025-10-03 17:21:52,382 : INFO : EventManager : Event: ======'bcp_connection_attempt'====== Args={'name': 'local_display', 'host': 'localhost', 'port': 5050}
2025-10-03 17:21:52,384 : INFO : BCPClientSocket : Connecting BCP to 'local_display' at localhost:5050...
2025-10-03 17:21:54,407 : INFO : BCPClientSocket : Connected BCP to 'local_display' localhost:5050
2025-10-03 17:21:54,408 : INFO : EventManager : Event: ======'bcp_clients_connected'====== Args={}
2025-10-03 17:21:54,783 : INFO : EventManager : Event: ======'machine_var_mc_version'====== Args={'value': 'MPF-MC v0.57.0.dev10', 'prev_value': None, 'change': True}
2025-10-03 17:21:54,783 : INFO : EventManager : Event: ======'machine_var_mc_extended_version'====== Args={'value': 'MPF-MC v0.57.0.dev10 (config_version=6, BCP v1.1,                      Requires MPF API compatibility v0.57.0.dev19 or newer)', 'prev_value': None, 'change': True}
2025-10-03 17:21:54,787 : INFO : ball_device.bd_trough : BCH: Initial count: 6
2025-10-03 17:21:54,864 : INFO : ball_device.bd_trough : State: idle
2025-10-03 17:21:54,864 : INFO : ball_device.bd_plunger : BCH: Initial count: 0
2025-10-03 17:21:54,864 : INFO : ball_device.bd_plunger : State: idle
2025-10-03 17:21:54,873 : INFO : EventManager : Event: ======'init_phase_3'====== Args={}
2025-10-03 17:21:54,877 : INFO : EventManager : Event: ======'init_phase_4'====== Args={}
2025-10-03 17:21:54,877 : INFO : BallController : Initial balls found: 6
2025-10-03 17:21:54,878 : INFO : EventManager : Event: ======'machine_var_audits_events_game_ended'====== Args={'value': 8, 'prev_value': None, 'change': True}
2025-10-03 17:21:54,878 : INFO : EventManager : Event: ======'machine_var_audits_events_game_started'====== Args={'value': 31, 'prev_value': None, 'change': True}
2025-10-03 17:21:54,878 : INFO : EventManager : Event: ======'machine_var_audits_missing_switches_s_left_flipper'====== Args={'value': 4, 'prev_value': None, 'change': True}
2025-10-03 17:21:54,879 : INFO : EventManager : Event: ======'machine_var_audits_missing_switches_s_right_flipper'====== Args={'value': 8, 'prev_value': None, 'change': True}
2025-10-03 17:21:54,879 : INFO : EventManager : Event: ======'machine_var_audits_missing_switches_s_right_inlane'====== Args={'value': 4, 'prev_value': None, 'change': True}
2025-10-03 17:21:54,879 : INFO : EventManager : Event: ======'machine_var_audits_missing_switches_s_sling_left'====== Args={'value': 25, 'prev_value': None, 'change': True}
2025-10-03 17:21:54,879 : INFO : EventManager : Event: ======'machine_var_audits_missing_switches_s_sling_right'====== Args={'value': 25, 'prev_value': None, 'change': True}
2025-10-03 17:21:54,879 : INFO : EventManager : Event: ======'machine_var_audits_missing_switches_s_start'====== Args={'value': 14, 'prev_value': None, 'change': True}
2025-10-03 17:21:54,879 : INFO : EventManager : Event: ======'machine_var_audits_missing_switches_s_top_middle_inlane'====== Args={'value': 1, 'prev_value': None, 'change': True}
2025-10-03 17:21:54,879 : INFO : EventManager : Event: ======'machine_var_audits_missing_switches_s_trough1'====== Args={'value': 4, 'prev_value': None, 'change': True}
2025-10-03 17:21:54,880 : INFO : EventManager : Event: ======'machine_var_audits_missing_switches_s_trough2'====== Args={'value': 31, 'prev_value': None, 'change': True}
2025-10-03 17:21:54,880 : INFO : EventManager : Event: ======'machine_var_audits_missing_switches_s_trough3'====== Args={'value': 31, 'prev_value': None, 'change': True}
2025-10-03 17:21:54,880 : INFO : EventManager : Event: ======'machine_var_audits_missing_switches_s_trough4'====== Args={'value': 31, 'prev_value': None, 'change': True}
2025-10-03 17:21:54,880 : INFO : EventManager : Event: ======'machine_var_audits_missing_switches_s_trough5'====== Args={'value': 31, 'prev_value': None, 'change': True}
2025-10-03 17:21:54,880 : INFO : EventManager : Event: ======'machine_var_audits_missing_switches_s_trough6'====== Args={'value': 31, 'prev_value': None, 'change': True}
2025-10-03 17:21:54,880 : INFO : EventManager : Event: ======'machine_var_audits_missing_switches_s_trough_jam'====== Args={'value': 31, 'prev_value': None, 'change': True}
2025-10-03 17:21:54,880 : INFO : EventManager : Event: ======'machine_var_audits_player_score'====== Args={'value': {'average': 12256, 'top': [28284, 25272, 22800, 13400, 11420, 10700, 8000, 0, 0, 0], 'total': 10}, 'prev_value': None, 'change': True}
2025-10-03 17:21:54,881 : INFO : EventManager : Event: ======'machine_var_audits_shots_middle_inlane_shot'====== Args={'value': 20, 'prev_value': None, 'change': True}
2025-10-03 17:21:54,881 : INFO : EventManager : Event: ======'machine_var_audits_shots_my_first_shot'====== Args={'value': 40, 'prev_value': None, 'change': True}
2025-10-03 17:21:54,881 : INFO : EventManager : Event: ======'machine_var_audits_shots_top_middle_inlane_shot'====== Args={'value': 33, 'prev_value': None, 'change': True}
2025-10-03 17:21:54,881 : INFO : EventManager : Event: ======'machine_var_audits_switches_s_left_flipper'====== Args={'value': 247, 'prev_value': None, 'change': True}
2025-10-03 17:21:54,881 : INFO : EventManager : Event: ======'machine_var_audits_switches_s_middle_inlane'====== Args={'value': 20, 'prev_value': None, 'change': True}
2025-10-03 17:21:54,882 : INFO : EventManager : Event: ======'machine_var_audits_switches_s_plunger'====== Args={'value': 63, 'prev_value': None, 'change': True}
2025-10-03 17:21:54,882 : INFO : EventManager : Event: ======'machine_var_audits_switches_s_right_flipper'====== Args={'value': 73, 'prev_value': None, 'change': True}
2025-10-03 17:21:54,882 : INFO : EventManager : Event: ======'machine_var_audits_switches_s_right_inlane'====== Args={'value': 72, 'prev_value': None, 'change': True}
2025-10-03 17:21:54,882 : INFO : EventManager : Event: ======'machine_var_audits_switches_s_sling_left'====== Args={'value': 0, 'prev_value': None, 'change': True}
2025-10-03 17:21:54,882 : INFO : EventManager : Event: ======'machine_var_audits_switches_s_sling_right'====== Args={'value': 0, 'prev_value': None, 'change': True}
2025-10-03 17:21:54,882 : INFO : EventManager : Event: ======'machine_var_audits_switches_s_start'====== Args={'value': 11, 'prev_value': None, 'change': True}
2025-10-03 17:21:54,883 : INFO : EventManager : Event: ======'machine_var_audits_switches_s_top_middle_inlane'====== Args={'value': 33, 'prev_value': None, 'change': True}
2025-10-03 17:21:54,883 : INFO : EventManager : Event: ======'machine_var_audits_switches_s_trough1'====== Args={'value': 48, 'prev_value': None, 'change': True}
2025-10-03 17:21:54,883 : INFO : EventManager : Event: ======'machine_var_audits_switches_s_trough2'====== Args={'value': 0, 'prev_value': None, 'change': True}
2025-10-03 17:21:54,883 : INFO : EventManager : Event: ======'machine_var_audits_switches_s_trough3'====== Args={'value': 0, 'prev_value': None, 'change': True}
2025-10-03 17:21:54,883 : INFO : EventManager : Event: ======'machine_var_audits_switches_s_trough4'====== Args={'value': 0, 'prev_value': None, 'change': True}
2025-10-03 17:21:54,884 : INFO : EventManager : Event: ======'machine_var_audits_switches_s_trough5'====== Args={'value': 0, 'prev_value': None, 'change': True}
2025-10-03 17:21:54,884 : INFO : EventManager : Event: ======'machine_var_audits_switches_s_trough6'====== Args={'value': 0, 'prev_value': None, 'change': True}
2025-10-03 17:21:54,884 : INFO : EventManager : Event: ======'machine_var_audits_switches_s_trough_jam'====== Args={'value': 0, 'prev_value': None, 'change': True}
2025-10-03 17:21:54,885 : INFO : EventManager : Event: ======'machine_var_audits_switches_s_left_inlane'====== Args={'value': 0, 'prev_value': None, 'change': True}
2025-10-03 17:21:54,885 : INFO : EventManager : Event: ======'init_phase_5'====== Args={}
2025-10-03 17:21:54,934 : INFO : EventManager : Event: ======'init_done'====== Args={}
2025-10-03 17:21:54,935 : INFO : EventManager : Event: ======'machine_reset_phase_1'====== Args={}
2025-10-03 17:21:54,945 : INFO : EventManager : Event: ======'machine_reset_phase_2'====== Args={}
2025-10-03 17:21:54,946 : INFO : EventManager : Event: ======'machine_reset_phase_3'====== Args={}
2025-10-03 17:21:54,946 : INFO : EventManager : Event: ======'reset_complete'====== Args={}
2025-10-03 17:21:54,946 : INFO : EventManager : Event: ======'mode_attract_will_start'====== Args={}
2025-10-03 17:21:54,946 : INFO : EventManager : Event: ======'mode_attract_starting'====== Args={}
2025-10-03 17:21:54,946 : INFO : Mode.attract : Started. Priority: 10
2025-10-03 17:21:54,946 : INFO : EventManager : Event: ======'modes_active_modes_changed'====== Args={}
2025-10-03 17:21:54,946 : INFO : EventManager : Event: ======'mode_attract_started'====== Args={}
2025-10-03 17:21:54,947 : INFO : EventManager : Event: ======'collecting_balls_complete'====== Args={}
2025-10-03 17:21:54,994 : INFO : EventManager : Event: ======'slide_awesome_slide_created'====== Args={'_from_bcp': True}
2025-10-03 17:21:54,994 : INFO : EventManager : Event: ======'slide_awesome_slide_active'====== Args={'_from_bcp': True}
2025-10-03 17:21:55,002 : INFO : Machine : Starting the main run loop.
2025-10-03 17:21:55,756 : INFO : BcpServer : New client connected.
2025-10-03 17:21:58,113 : INFO : EventManager : Event: ======'slide_press_start_created'====== Args={'_from_bcp': True}
2025-10-03 17:21:58,114 : INFO : EventManager : Event: ======'slide_press_start_active'====== Args={'_from_bcp': True}
2025-10-03 17:22:00,959 : INFO : EventManager : Event: ======'slide_mission_pinball_created'====== Args={'_from_bcp': True}
2025-10-03 17:22:00,960 : INFO : EventManager : Event: ======'slide_mission_pinball_active'====== Args={'_from_bcp': True}
2025-10-03 17:22:03,964 : INFO : EventManager : Event: ======'slide_last_game_score_slide_created'====== Args={'_from_bcp': True}
2025-10-03 17:22:03,969 : INFO : EventManager : Event: ======'slide_last_game_score_slide_active'====== Args={'_from_bcp': True}
2025-10-03 17:22:06,953 : INFO : EventManager : Event: ======'slide_awesome_slide_removed'====== Args={'_from_bcp': True}
2025-10-03 17:22:06,958 : INFO : EventManager : Event: ======'slide_awesome_slide_created'====== Args={'_from_bcp': True}
2025-10-03 17:22:06,961 : INFO : EventManager : Event: ======'slide_awesome_slide_active'====== Args={'_from_bcp': True}
2025-10-03 17:22:09,949 : INFO : EventManager : Event: ======'slide_press_start_removed'====== Args={'_from_bcp': True}
2025-10-03 17:22:09,955 : INFO : EventManager : Event: ======'slide_press_start_created'====== Args={'_from_bcp': True}
2025-10-03 17:22:09,958 : INFO : EventManager : Event: ======'slide_press_start_active'====== Args={'_from_bcp': True}
2025-10-03 17:22:12,959 : INFO : EventManager : Event: ======'slide_mission_pinball_removed'====== Args={'_from_bcp': True}
2025-10-03 17:22:12,961 : INFO : EventManager : Event: ======'slide_mission_pinball_created'====== Args={'_from_bcp': True}
2025-10-03 17:22:12,964 : INFO : EventManager : Event: ======'slide_mission_pinball_active'====== Args={'_from_bcp': True}
2025-10-03 17:22:15,969 : INFO : EventManager : Event: ======'slide_last_game_score_slide_removed'====== Args={'_from_bcp': True}
2025-10-03 17:22:15,971 : INFO : EventManager : Event: ======'slide_last_game_score_slide_created'====== Args={'_from_bcp': True}
2025-10-03 17:22:15,975 : INFO : EventManager : Event: ======'slide_last_game_score_slide_active'====== Args={'_from_bcp': True}
2025-10-03 17:22:18,967 : INFO : EventManager : Event: ======'slide_awesome_slide_removed'====== Args={'_from_bcp': True}
2025-10-03 17:22:18,968 : INFO : EventManager : Event: ======'slide_awesome_slide_created'====== Args={'_from_bcp': True}
2025-10-03 17:22:18,969 : INFO : EventManager : Event: ======'slide_awesome_slide_active'====== Args={'_from_bcp': True}
2025-10-03 17:22:21,094 : INFO : SwitchController : <<<<<<< 's_start' active >>>>>>>
2025-10-03 17:22:21,194 : INFO : SwitchController : <<<<<<< 's_start' inactive >>>>>>>
2025-10-03 17:22:21,194 : INFO : EventManager : Event: ======'request_to_start_game'====== Args={}
2025-10-03 17:22:21,194 : INFO : EventManager : Event: ======'game_start'====== Args={'buttons': [], 'hold_time': 0.10899999999674037}
2025-10-03 17:22:21,194 : INFO : EventManager : Event: ======'mode_game_will_start'====== Args={'buttons': [], 'hold_time': 0.10899999999674037}
2025-10-03 17:22:21,195 : INFO : EventManager : Event: ======'mode_game_starting'====== Args={'buttons': [], 'hold_time': 0.10899999999674037}
2025-10-03 17:22:21,195 : INFO : EventManager : Event: ======'mode_attract_will_stop'====== Args={}
2025-10-03 17:22:21,195 : INFO : EventManager : Event: ======'mode_attract_stopping'====== Args={}
2025-10-03 17:22:21,195 : INFO : Mode.attract : Stopped.
2025-10-03 17:22:21,195 : INFO : EventManager : Event: ======'modes_active_modes_changed'====== Args={}
2025-10-03 17:22:21,196 : INFO : EventManager : Event: ======'mode_attract_stopped'====== Args={}
2025-10-03 17:22:21,196 : INFO : EventManager : Event: ======'clear'====== Args={'key': 'attract'}
2025-10-03 17:22:21,196 : INFO : Mode.game : Started. Priority: 20
2025-10-03 17:22:21,196 : INFO : EventManager : Event: ======'modes_active_modes_changed'====== Args={}
2025-10-03 17:22:21,196 : INFO : EventManager : Event: ======'mode_game_started'====== Args={'buttons': [], 'hold_time': 0.10899999999674037}
2025-10-03 17:22:21,204 : INFO : EventManager : Event: ======'game_will_start'====== Args={}
2025-10-03 17:22:21,204 : INFO : EventManager : Event: ======'game_starting'====== Args={'game': <Mode.game>}
2025-10-03 17:22:21,205 : INFO : EventManager : Unordered handler for class <Auditor> on event game_ended with priority 1. Handlers: [RegisteredHandler(callback=<bound method Auditor.disable of <Auditor>>, priority=1, kwargs={}, key=UUID('bc12ec67-d2ff-4af6-987b-83af7bdbb721'), condition=None, blocking_facility=None), RegisteredHandler(callback=<bound method Auditor._save_audits of <Auditor>>, priority=1, kwargs={}, key=UUID('e58b0738-7244-4c20-9b09-4669a00651c0'), condition=None, blocking_facility=None)]. The order of those handlers is not defined and they will be executed in random order. This might lead to race conditions and potential bugs.
2025-10-03 17:22:21,205 : INFO : EventManager : Event: ======'player_add_request'====== Args={}
2025-10-03 17:22:21,205 : INFO : EventManager : Event: ======'player_will_add'====== Args={'number': 1}
2025-10-03 17:22:21,205 : INFO : EventManager : Event: ======'player_adding'====== Args={'player': <Player 1>, 'number': 1}
2025-10-03 17:22:21,205 : INFO : EventManager : Event: ======'player_added'====== Args={'player': <Player 1>, 'num': 1}
2025-10-03 17:22:21,205 : INFO : Mode.game : Player added successfully. Total players: 1
2025-10-03 17:22:21,206 : INFO : EventManager : Event: ======'player_index'====== Args={'value': 0, 'prev_value': 0, 'change': 0, 'player_num': 1}
2025-10-03 17:22:21,206 : INFO : EventManager : Event: ======'player_number'====== Args={'value': 1, 'prev_value': 1, 'change': 0, 'player_num': 1}
2025-10-03 17:22:21,206 : INFO : EventManager : Event: ======'player_score'====== Args={'value': 0, 'prev_value': 0, 'change': 0, 'player_num': 1}
2025-10-03 17:22:21,207 : INFO : EventManager : Event: ======'game_started'====== Args={}
2025-10-03 17:22:21,219 : INFO : EventManager : Event: ======'player_turn_will_start'====== Args={'player': <Player 1>, 'number': 1}
2025-10-03 17:22:21,219 : INFO : EventManager : Event: ======'slide_press_start_removed'====== Args={'_from_bcp': True}
2025-10-03 17:22:21,220 : INFO : EventManager : Event: ======'slide_mission_pinball_removed'====== Args={'_from_bcp': True}
2025-10-03 17:22:21,220 : INFO : EventManager : Event: ======'slide_last_game_score_slide_removed'====== Args={'_from_bcp': True}
2025-10-03 17:22:21,220 : INFO : EventManager : Event: ======'slide_awesome_slide_removed'====== Args={'_from_bcp': True}
2025-10-03 17:22:21,220 : INFO : EventManager : Event: ======'slide_window_blank_active'====== Args={'_from_bcp': True}
2025-10-03 17:22:21,220 : INFO : EventManager : Event: ======'player_turn_starting'====== Args={'player': <Player 1>, 'number': 1}
2025-10-03 17:22:21,220 : INFO : EventManager : Event: ======'player_ball'====== Args={'value': 1, 'prev_value': 0, 'change': 1, 'player_num': 1}
2025-10-03 17:22:21,221 : INFO : EventManager : Event: ======'player_turn_started'====== Args={'player': <Player 1>, 'number': 1}
2025-10-03 17:22:21,222 : INFO : EventManager : Event: ======'ball_will_start'====== Args={'player': 1, 'ball': 1, 'balls_remaining': 2, 'is_extra_ball': False}
2025-10-03 17:22:21,227 : INFO : EventManager : Event: ======'ball_starting'====== Args={'player': 1, 'ball': 1, 'balls_remaining': 2, 'is_extra_ball': False}
2025-10-03 17:22:21,227 : INFO : EventManager : Event: ======'balls_in_play'====== Args={'balls': 1}
2025-10-03 17:22:21,228 : INFO : EventManager : Event: ======'ball_started'====== Args={'player': 1, 'ball': 1, 'balls_remaining': 2, 'is_extra_ball': False}
2025-10-03 17:22:21,228 : INFO : EventManager : Event: ======'mode_base_will_start'====== Args={'player': 1, 'ball': 1, 'balls_remaining': 2, 'is_extra_ball': False}
2025-10-03 17:22:21,228 : INFO : EventManager : Event: ======'player_shot_my_first_shot_enabled'====== Args={'value': True, 'prev_value': 0, 'change': 1, 'player_num': 1}
2025-10-03 17:22:21,229 : INFO : EventManager : Event: ======'player_shot_top_middle_inlane_shot_enabled'====== Args={'value': True, 'prev_value': 0, 'change': 1, 'player_num': 1}
2025-10-03 17:22:21,230 : INFO : EventManager : Event: ======'mode_base_starting'====== Args={'player': 1, 'ball': 1, 'balls_remaining': 2, 'is_extra_ball': False}
2025-10-03 17:22:21,230 : INFO : Mode.base : Started. Priority: 100
2025-10-03 17:22:21,230 : INFO : EventManager : Event: ======'modes_active_modes_changed'====== Args={}
2025-10-03 17:22:21,230 : INFO : EventManager : Event: ======'mode_base_started'====== Args={'player': 1, 'ball': 1, 'balls_remaining': 2, 'is_extra_ball': False}
2025-10-03 17:22:21,231 : INFO : EventManager : Event: ======'single_player_ball_started'====== Args={}
2025-10-03 17:22:21,261 : INFO : EventManager : Event: ======'ball_start_target'====== Args={'target': 'playfield'}
2025-10-03 17:22:21,261 : INFO : EventManager : Event: ======'slide_base.slide_player-mode_base_started_created'====== Args={'_from_bcp': True}
2025-10-03 17:22:21,262 : INFO : EventManager : Event: ======'slide_base.slide_player-mode_base_started_active'====== Args={'_from_bcp': True}
2025-10-03 17:22:21,262 : INFO : ball_device.bd_plunger : Setting up player-controlled eject. Balls: 1, Target: <playfield.playfield>, player_controlled_eject_event: None
2025-10-03 17:22:21,262 : INFO : EventManager : Event: ======'balldevice_balls_available'====== Args={}
2025-10-03 17:22:21,263 : INFO : ball_device.bd_trough : State: waiting_for_target_ready
2025-10-03 17:22:21,263 : INFO : EventManager : Event: ======'balldevice_bd_trough_ball_eject_attempt'====== Args={'balls': 1, 'target': <ball_device.bd_plunger>, 'source': <ball_device.bd_trough>, 'mechanical_eject': True, 'num_attempts': 0}
2025-10-03 17:22:21,263 : INFO : ball_device.bd_plunger : State: waiting_for_ball
2025-10-03 17:22:21,264 : INFO : ball_device.bd_trough : State: ejecting
2025-10-03 17:22:21,264 : INFO : ball_device.bd_trough : Ejecting ball to <ball_device.bd_plunger>
2025-10-03 17:22:21,264 : INFO : EventManager : Event: ======'balldevice_bd_trough_ejecting_ball'====== Args={'balls': 1, 'target': <ball_device.bd_plunger>, 'source': <ball_device.bd_trough>, 'mechanical_eject': True, 'num_attempts': 0}
2025-10-03 17:22:21,264 : INFO : ball_device.bd_trough : Wait for ball to leave device
2025-10-03 17:22:21,265 : INFO : coil.c_trough_eject : Pulsing Driver for 20ms (1.0 pulse_power)
2025-10-03 17:22:21,265 : INFO : SwitchController : <<<<<<< 's_trough1' inactive >>>>>>>
2025-10-03 17:22:21,270 : INFO : ball_device.bd_trough : State: ball_left
2025-10-03 17:22:21,271 : INFO : ball_device.bd_trough : Ball left
2025-10-03 17:22:21,271 : INFO : ball_device.bd_trough : Wait for confirm with timeout 3.0
2025-10-03 17:22:21,359 : INFO : SwitchController : <<<<<<< 's_plunger' active >>>>>>>
2025-10-03 17:22:21,359 : INFO : EventManager : Event: ======'machine_var_audits_switches_s_plunger'====== Args={'value': 64, 'prev_value': 63, 'change': 1}
2025-10-03 17:22:21,848 : INFO : ball_device.bd_plunger : Received ball from <ball_device.bd_trough>
2025-10-03 17:22:21,848 : INFO : EventManager : Event: ======'balldevice_bd_plunger_ball_enter'====== Args={'new_balls': 1, 'unclaimed_balls': 0, 'new_available_balls': 0, 'device': <ball_device.bd_plunger>}
2025-10-03 17:22:21,849 : INFO : EventManager : Event: ======'balldevice_bd_plunger_ball_entered'====== Args={'new_balls': 0, 'device': <ball_device.bd_plunger>}
2025-10-03 17:22:21,850 : INFO : EventManager : Event: ======'balldevice_bd_plunger_ball_count_changed'====== Args={'balls': 1}
2025-10-03 17:22:21,851 : INFO : ball_device.bd_trough : Got eject confirm
2025-10-03 17:22:21,851 : INFO : ball_device.bd_trough : Eject successful
2025-10-03 17:22:21,851 : INFO : EventManager : Event: ======'balldevice_bd_trough_ball_eject_success'====== Args={'balls': 1, 'target': <ball_device.bd_plunger>}
2025-10-03 17:22:21,852 : INFO : EventManager : Event: ======'balldevice_bd_trough_ball_count_changed'====== Args={'balls': 5}
2025-10-03 17:22:21,853 : INFO : ball_device.bd_trough : State: idle
2025-10-03 17:22:21,853 : INFO : ball_device.bd_plunger : State: waiting_for_target_ready
2025-10-03 17:22:21,854 : INFO : EventManager : Event: ======'balldevice_bd_plunger_ball_eject_attempt'====== Args={'balls': 1, 'target': <playfield.playfield>, 'source': <ball_device.bd_plunger>, 'mechanical_eject': True, 'num_attempts': 0}
2025-10-03 17:22:21,855 : INFO : ball_device.bd_plunger : State: ejecting
2025-10-03 17:22:21,855 : INFO : ball_device.bd_plunger : Ejecting ball to <playfield.playfield>
2025-10-03 17:22:21,855 : INFO : EventManager : Event: ======'balldevice_bd_plunger_ejecting_ball'====== Args={'balls': 1, 'target': <playfield.playfield>, 'source': <ball_device.bd_plunger>, 'mechanical_eject': True, 'num_attempts': 0}
2025-10-03 17:22:21,857 : INFO : ball_device.bd_plunger : Wait for ball to leave device
2025-10-03 17:22:28,212 : INFO : SwitchController : <<<<<<< 's_plunger' inactive >>>>>>>
2025-10-03 17:22:28,221 : INFO : ball_device.bd_plunger : State: ball_left
2025-10-03 17:22:28,221 : INFO : ball_device.bd_plunger : Ball left
2025-10-03 17:22:28,222 : INFO : ball_device.bd_plunger : Wait for confirm with timeout 5.0
2025-10-03 17:22:28,282 : INFO : SwitchController : <<<<<<< 's_plunger' active >>>>>>>
2025-10-03 17:22:28,282 : INFO : EventManager : Event: ======'machine_var_audits_switches_s_plunger'====== Args={'value': 65, 'prev_value': 64, 'change': 1}
2025-10-03 17:22:32,258 : INFO : SwitchController : <<<<<<< 's_right_inlane' active >>>>>>>
2025-10-03 17:22:32,258 : INFO : EventManager : Event: ======'playfield_active'====== Args={}
2025-10-03 17:22:32,259 : INFO : EventManager : Event: ======'s_right_inlane_active'====== Args={}
2025-10-03 17:22:32,260 : INFO : EventManager : Event: ======'sw_playfield_active'====== Args={}
2025-10-03 17:22:32,260 : INFO : EventManager : Event: ======'machine_var_audits_switches_s_right_inlane'====== Args={'value': 73, 'prev_value': 72, 'change': 1}
2025-10-03 17:22:32,265 : INFO : EventManager : Event: ======'player_shot_my_first_shot'====== Args={'value': 1, 'prev_value': 0, 'change': 1, 'player_num': 1}
2025-10-03 17:22:32,267 : INFO : EventManager : Event: ======'machine_var_audits_shots_my_first_shot'====== Args={'value': 41, 'prev_value': 40, 'change': 1}
2025-10-03 17:22:32,269 : INFO : EventManager : Event: ======'my_first_shot_hit'====== Args={'profile': 'default', 'state': 'unlit', 'advancing': True}
2025-10-03 17:22:32,270 : INFO : EventManager : Event: ======'my_first_shot_default_hit'====== Args={'profile': 'default', 'state': 'unlit', 'advancing': True}
2025-10-03 17:22:32,271 : INFO : EventManager : Event: ======'my_first_shot_default_unlit_hit'====== Args={'profile': 'default', 'state': 'unlit', 'advancing': True}
2025-10-03 17:22:32,271 : INFO : EventManager : Event: ======'my_first_shot_unlit_hit'====== Args={'profile': 'default', 'state': 'unlit', 'advancing': True}
2025-10-03 17:22:32,272 : INFO : EventManager : Event: ======'player_score'====== Args={'value': 100, 'prev_value': 0, 'change': 100, 'player_num': 1, 'source': 'base'}
2025-10-03 17:22:32,273 : INFO : EventManager : Event: ======'player_score'====== Args={'value': 142, 'prev_value': 100, 'change': 42, 'player_num': 1, 'source': 'base'}
2025-10-03 17:22:32,284 : INFO : EventManager : Event: ======'playfield_active'====== Args={}
2025-10-03 17:22:32,327 : INFO : ball_device.bd_plunger : Got eject confirm
2025-10-03 17:22:32,327 : INFO : ball_device.bd_plunger : Eject successful
2025-10-03 17:22:32,327 : INFO : EventManager : Event: ======'balldevice_bd_plunger_ball_eject_success'====== Args={'balls': 1, 'target': <playfield.playfield>}
2025-10-03 17:22:32,329 : INFO : EventManager : Event: ======'balldevice_playfield_ball_enter'====== Args={'new_balls': 1, 'unclaimed_balls': 1, 'device': <playfield.playfield>}
2025-10-03 17:22:32,329 : INFO : EventManager : Event: ======'playfield_ball_count_change'====== Args={'balls': 1, 'change': 1}
2025-10-03 17:22:32,330 : INFO : EventManager : Event: ======'balldevice_bd_plunger_ball_count_changed'====== Args={'balls': 0}
2025-10-03 17:22:32,331 : INFO : ball_device.bd_plunger : State: idle
2025-10-03 17:22:32,332 : INFO : EventManager : Event: ======'balldevice_bd_plunger_ball_count_changed'====== Args={'balls': 1}
2025-10-03 17:22:32,332 : INFO : ball_device.bd_plunger : Received unexpected ball
2025-10-03 17:22:32,332 : INFO : EventManager : Event: ======'balldevice_captured_from_playfield'====== Args={'balls': 1}
2025-10-03 17:22:32,334 : INFO : EventManager : Event: ======'sw_playfield_active'====== Args={'balls': 1}
2025-10-03 17:22:32,334 : INFO : EventManager : Event: ======'playfield_ball_count_change'====== Args={'balls': 0, 'change': -1}
2025-10-03 17:22:32,334 : INFO : EventManager : Event: ======'balldevice_bd_plunger_ball_enter'====== Args={'new_balls': 1, 'unclaimed_balls': 1, 'new_available_balls': 1, 'device': <ball_device.bd_plunger>}
2025-10-03 17:22:32,335 : INFO : ball_device.bd_plunger : Ejecting 1 unexpected balls using path deque([<ball_device.bd_plunger>, <playfield.playfield>])
2025-10-03 17:22:32,335 : INFO : EventManager : Event: ======'balldevice_balls_available'====== Args={}
2025-10-03 17:22:32,335 : INFO : EventManager : Event: ======'balldevice_balls_available'====== Args={}
2025-10-03 17:22:32,335 : INFO : EventManager : Event: ======'balldevice_bd_plunger_ball_entered'====== Args={'new_balls': 1, 'device': <ball_device.bd_plunger>}
2025-10-03 17:22:32,336 : INFO : ball_device.bd_plunger : State: waiting_for_target_ready
2025-10-03 17:22:32,337 : INFO : EventManager : Event: ======'balldevice_bd_plunger_ball_eject_attempt'====== Args={'balls': 1, 'target': <playfield.playfield>, 'source': <ball_device.bd_plunger>, 'mechanical_eject': False, 'num_attempts': 0}
2025-10-03 17:22:32,337 : INFO : ball_device.bd_plunger : State: ejecting
2025-10-03 17:22:32,338 : INFO : ball_device.bd_plunger : Ejecting ball to <playfield.playfield>
2025-10-03 17:22:32,338 : INFO : EventManager : Event: ======'balldevice_bd_plunger_ejecting_ball'====== Args={'balls': 1, 'target': <playfield.playfield>, 'source': <ball_device.bd_plunger>, 'mechanical_eject': False, 'num_attempts': 0}
2025-10-03 17:22:32,339 : INFO : ball_device.bd_plunger : Wait for ball to leave device
2025-10-03 17:22:32,351 : INFO : SwitchController : <<<<<<< 's_right_inlane' inactive >>>>>>>
2025-10-03 17:22:37,337 : INFO : EventManager : Event: ======'balldevice_bd_plunger_ball_eject_failed'====== Args={'target': <playfield.playfield>, 'balls': 1, 'retry': True, 'num_attempts': 1}
2025-10-03 17:22:37,339 : INFO : ball_device.bd_plunger : State: waiting_for_target_ready
2025-10-03 17:22:37,340 : INFO : EventManager : Event: ======'balldevice_bd_plunger_ball_eject_attempt'====== Args={'balls': 1, 'target': <playfield.playfield>, 'source': <ball_device.bd_plunger>, 'mechanical_eject': False, 'num_attempts': 1}
2025-10-03 17:22:37,341 : INFO : ball_device.bd_plunger : State: ejecting
2025-10-03 17:22:37,342 : INFO : ball_device.bd_plunger : Ejecting ball to <playfield.playfield>
2025-10-03 17:22:37,342 : INFO : EventManager : Event: ======'balldevice_bd_plunger_ejecting_ball'====== Args={'balls': 1, 'target': <playfield.playfield>, 'source': <ball_device.bd_plunger>, 'mechanical_eject': False, 'num_attempts': 1}
2025-10-03 17:22:37,344 : INFO : ball_device.bd_plunger : Wait for ball to leave device
2025-10-03 17:22:39,378 : INFO : Machine : Shutting down...
2025-10-03 17:22:39,378 : INFO : EventManager : Event: ======'shutdown'====== Args={}
2025-10-03 17:22:39,400 : INFO : EventManager : Event: ======'mode_game_will_stop'====== Args={}
2025-10-03 17:22:39,401 : INFO : EventManager : Event: ======'mode_game_stopping'====== Args={}
2025-10-03 17:22:39,403 : INFO : EventManager : Event: ======'mode_base_will_stop'====== Args={}
2025-10-03 17:22:39,403 : INFO : EventManager : Event: ======'mode_base_stopping'====== Args={}
2025-10-03 17:22:39,404 : INFO : Mode.base : Stopped.
2025-10-03 17:22:39,404 : INFO : EventManager : Event: ======'modes_active_modes_changed'====== Args={}
2025-10-03 17:22:39,405 : INFO : EventManager : Event: ======'mode_base_stopped'====== Args={}
2025-10-03 17:22:39,406 : INFO : EventManager : Event: ======'clear'====== Args={'key': 'base'}
2025-10-03 17:22:39,408 : INFO : Mode.game : Stopped.
2025-10-03 17:22:39,408 : INFO : EventManager : Event: ======'modes_active_modes_changed'====== Args={}
2025-10-03 17:22:39,409 : INFO : EventManager : Event: ======'mode_game_stopped'====== Args={}
2025-10-03 17:22:39,409 : INFO : EventManager : Event: ======'clear'====== Args={'key': 'game'}
2025-10-03 17:22:39,414 : INFO : root : MPF run loop ended.
