2025-10-04 09:52:51,381 : INFO : root : Loading config.
2025-10-04 09:52:51,385 : INFO : YamlMultifileConfigLoader : Machine config file #1: config.yaml
2025-10-04 09:52:51,386 : WARNING : ConfigProcessor : Config file in cache changed: C:\Users\richa\ttp5\config\config.yaml
2025-10-04 09:52:51,386 : INFO : ConfigProcessor : Loading config from file C:\Users\richa\mpfvirtual4\lib\site-packages\mpf\mpfconfig.yaml.
2025-10-04 09:52:51,402 : INFO : ConfigProcessor : Loading config: C:\Users\richa\mpfvirtual4\lib\site-packages\mpf\mpfconfig.yaml
2025-10-04 09:52:51,403 : INFO : ConfigProcessor : Loading config from file C:\Users\richa\ttp5\config\config.yaml.
2025-10-04 09:52:51,414 : INFO : ConfigProcessor : Loading config: C:\Users\richa\ttp5\config\config.yaml
2025-10-04 09:52:51,415 : INFO : ConfigProcessor : Loading config: C:\Users\richa\ttp5\config\config_ball_devices.yaml
2025-10-04 09:52:51,417 : INFO : ConfigProcessor : Loading config: C:\Users\richa\ttp5\config\config_coils.yaml
2025-10-04 09:52:51,418 : INFO : ConfigProcessor : Loading config: C:\Users\richa\ttp5\config\config_flippers.yaml
2025-10-04 09:52:51,419 : INFO : ConfigProcessor : Loading config: C:\Users\richa\ttp5\config\config_switches.yaml
2025-10-04 09:52:51,422 : INFO : ConfigProcessor : Config file cache created: C:\Users\richa\AppData\Local\Temp\bad76953a596b8c99f832e0e98026c3b.mpf_cache
2025-10-04 09:52:51,501 : INFO : ConfigProcessor : Loading config from cache: C:\Users\richa\AppData\Local\Temp\77a998d318c788df5647a1900cedfc56.mpf_cache
2025-10-04 09:52:51,502 : INFO : ConfigProcessor : Loading config from cache: C:\Users\richa\AppData\Local\Temp\9c8dea79ca4d15ee886340e992e8cb9d.mpf_cache
2025-10-04 09:52:51,503 : INFO : ConfigProcessor : Loading config from cache: C:\Users\richa\AppData\Local\Temp\8ddee2e87a4f178751335e99da00e9c4.mpf_cache
2025-10-04 09:52:51,504 : INFO : ConfigProcessor : Loading config from cache: C:\Users\richa\AppData\Local\Temp\16d594341c3fbe91b1b6d496c05a6fb0.mpf_cache
2025-10-04 09:52:51,504 : INFO : ConfigProcessor : Loading config from cache: C:\Users\richa\AppData\Local\Temp\9ea1b14cb2b1cce5e8bf981a1ff8cfc5.mpf_cache
2025-10-04 09:52:51,505 : INFO : ConfigProcessor : Loading config from cache: C:\Users\richa\AppData\Local\Temp\6cbce11faef0ddcfeddb2a5b8dbeb4ae.mpf_cache
2025-10-04 09:52:51,506 : INFO : Machine : Mission Pinball Framework Core Engine v0.57.0.dev39
2025-10-04 09:52:51,506 : INFO : Machine : Command line arguments: {'no_load_cache': False, 'create_config_cache': True, 'bcp': True, 'configfile': ['config.yaml'], 'force_assets_load': False, 'jsonlogging': False, 'logfile': 'logs\\2025-10-04-09-52-51-mpf-DESKTOP-RK7BE5M.log', 'pause': False, 'production': False, 'text_ui': True, 'loglevel': 15, 'consoleloglevel': 20, 'force_platform': None, 'syslog_address': None, 'mc_file_name': None, 'no_sound': False}
2025-10-04 09:52:51,506 : INFO : Machine : MPF path: C:\Users\richa\mpfvirtual4\lib\site-packages\mpf
2025-10-04 09:52:51,506 : INFO : Machine : Machine path: C:\Users\richa\ttp5
2025-10-04 09:52:51,506 : INFO : Machine : Platform: win32
2025-10-04 09:52:51,506 : INFO : Machine : Python executable location: C:\Users\richa\mpfvirtual4\Scripts\python.exe
2025-10-04 09:52:51,506 : INFO : Machine : Python version: 3.9.13 (64-bit)
2025-10-04 09:52:51,508 : INFO : Machine : Initializing MPF...
2025-10-04 09:52:52,050 : INFO : EventManager : Event: ======'machine_var_credits_string'====== Args={'value': 'FREE PLAY', 'prev_value': None, 'change': True}
2025-10-04 09:52:52,102 : INFO : EventManager : Event: ======'machine_var_master_volume'====== Args={'value': 0.5, 'prev_value': None, 'change': True}
2025-10-04 09:52:52,102 : INFO : EventManager : Event: ======'machine_var_player1_score'====== Args={'value': 10994, 'prev_value': None, 'change': True}
2025-10-04 09:52:52,102 : INFO : EventManager : Event: ======'machine_var_mpf_version'====== Args={'value': 'Mission Pinball Framework v0.57.0.dev39', 'prev_value': None, 'change': True}
2025-10-04 09:52:52,102 : INFO : EventManager : Event: ======'machine_var_mpf_extended_version'====== Args={'value': 'Mission Pinball Framework v0.57.0.dev39, Config version:6, Show version: 6, BCP version:1.1', 'prev_value': None, 'change': True}
2025-10-04 09:52:52,102 : INFO : EventManager : Event: ======'machine_var_python_version'====== Args={'value': '3.9.13', 'prev_value': None, 'change': True}
2025-10-04 09:52:52,112 : INFO : EventManager : Event: ======'machine_var_platform'====== Args={'value': 'Windows-10-10.0.19045-SP0', 'prev_value': None, 'change': True}
2025-10-04 09:52:52,113 : INFO : EventManager : Event: ======'machine_var_platform_system'====== Args={'value': 'Windows', 'prev_value': None, 'change': True}
2025-10-04 09:52:52,113 : INFO : EventManager : Event: ======'machine_var_platform_release'====== Args={'value': '10', 'prev_value': None, 'change': True}
2025-10-04 09:52:52,113 : INFO : EventManager : Event: ======'machine_var_platform_version'====== Args={'value': '10.0.19045', 'prev_value': None, 'change': True}
2025-10-04 09:52:52,113 : INFO : EventManager : Event: ======'machine_var_platform_machine'====== Args={'value': 'AMD64', 'prev_value': None, 'change': True}
2025-10-04 09:52:52,113 : INFO : EventManager : Event: ======'init_phase_1'====== Args={}
2025-10-04 09:52:52,132 : INFO : EventManager : Event: ======'init_phase_2'====== Args={}
2025-10-04 09:52:52,133 : INFO : SwitchController : Found active switch: ('2', <Platform.SmartVirtual>) <switch.s_trough1>
2025-10-04 09:52:52,133 : INFO : SwitchController : Found active switch: ('3', <Platform.SmartVirtual>) <switch.s_trough2>
2025-10-04 09:52:52,133 : INFO : SwitchController : Found active switch: ('4', <Platform.SmartVirtual>) <switch.s_trough3>
2025-10-04 09:52:52,133 : INFO : SwitchController : Found active switch: ('5', <Platform.SmartVirtual>) <switch.s_trough4>
2025-10-04 09:52:52,133 : INFO : SwitchController : Found active switch: ('6', <Platform.SmartVirtual>) <switch.s_trough5>
2025-10-04 09:52:52,133 : INFO : SwitchController : Found active switch: ('7', <Platform.SmartVirtual>) <switch.s_trough6>
2025-10-04 09:52:52,137 : INFO : EventManager : Event: ======'bcp_connection_attempt'====== Args={'name': 'local_display', 'host': 'localhost', 'port': 5050}
2025-10-04 09:52:52,138 : INFO : BCPClientSocket : Connecting BCP to 'local_display' at localhost:5050...
2025-10-04 09:52:54,186 : INFO : BCPClientSocket : Connected BCP to 'local_display' localhost:5050
2025-10-04 09:52:54,188 : INFO : EventManager : Event: ======'bcp_clients_connected'====== Args={}
2025-10-04 09:52:54,657 : INFO : EventManager : Event: ======'machine_var_mc_version'====== Args={'value': 'MPF-MC v0.57.0.dev10', 'prev_value': None, 'change': True}
2025-10-04 09:52:54,658 : INFO : EventManager : Event: ======'machine_var_mc_extended_version'====== Args={'value': 'MPF-MC v0.57.0.dev10 (config_version=6, BCP v1.1,                      Requires MPF API compatibility v0.57.0.dev19 or newer)', 'prev_value': None, 'change': True}
2025-10-04 09:52:54,663 : INFO : ball_device.bd_trough : BCH: Initial count: 6
2025-10-04 09:52:54,748 : INFO : ball_device.bd_trough : State: idle
2025-10-04 09:52:54,748 : INFO : ball_device.bd_plunger : BCH: Initial count: 0
2025-10-04 09:52:54,748 : INFO : ball_device.bd_plunger : State: idle
2025-10-04 09:52:54,756 : INFO : EventManager : Event: ======'init_phase_3'====== Args={}
2025-10-04 09:52:54,761 : INFO : EventManager : Event: ======'init_phase_4'====== Args={}
2025-10-04 09:52:54,761 : INFO : BallController : Initial balls found: 6
2025-10-04 09:52:54,762 : INFO : EventManager : Event: ======'machine_var_audits_events_game_ended'====== Args={'value': 14, 'prev_value': None, 'change': True}
2025-10-04 09:52:54,763 : INFO : EventManager : Event: ======'machine_var_audits_events_game_started'====== Args={'value': 64, 'prev_value': None, 'change': True}
2025-10-04 09:52:54,763 : INFO : EventManager : Event: ======'machine_var_audits_missing_switches_s_left_flipper'====== Args={'value': 7, 'prev_value': None, 'change': True}
2025-10-04 09:52:54,763 : INFO : EventManager : Event: ======'machine_var_audits_missing_switches_s_left_inlane'====== Args={'value': 17, 'prev_value': None, 'change': True}
2025-10-04 09:52:54,763 : INFO : EventManager : Event: ======'machine_var_audits_missing_switches_s_left_outlane'====== Args={'value': 27, 'prev_value': None, 'change': True}
2025-10-04 09:52:54,763 : INFO : EventManager : Event: ======'machine_var_audits_missing_switches_s_right_flipper'====== Args={'value': 1, 'prev_value': None, 'change': True}
2025-10-04 09:52:54,763 : INFO : EventManager : Event: ======'machine_var_audits_missing_switches_s_right_outlane'====== Args={'value': 27, 'prev_value': None, 'change': True}
2025-10-04 09:52:54,764 : INFO : EventManager : Event: ======'machine_var_audits_missing_switches_s_sling_left'====== Args={'value': 17, 'prev_value': None, 'change': True}
2025-10-04 09:52:54,764 : INFO : EventManager : Event: ======'machine_var_audits_missing_switches_s_sling_right'====== Args={'value': 31, 'prev_value': None, 'change': True}
2025-10-04 09:52:54,764 : INFO : EventManager : Event: ======'machine_var_audits_missing_switches_s_start'====== Args={'value': 28, 'prev_value': None, 'change': True}
2025-10-04 09:52:54,764 : INFO : EventManager : Event: ======'machine_var_audits_missing_switches_s_trough1'====== Args={'value': 5, 'prev_value': None, 'change': True}
2025-10-04 09:52:54,764 : INFO : EventManager : Event: ======'machine_var_audits_missing_switches_s_trough2'====== Args={'value': 64, 'prev_value': None, 'change': True}
2025-10-04 09:52:54,764 : INFO : EventManager : Event: ======'machine_var_audits_missing_switches_s_trough3'====== Args={'value': 64, 'prev_value': None, 'change': True}
2025-10-04 09:52:54,764 : INFO : EventManager : Event: ======'machine_var_audits_missing_switches_s_trough4'====== Args={'value': 64, 'prev_value': None, 'change': True}
2025-10-04 09:52:54,765 : INFO : EventManager : Event: ======'machine_var_audits_missing_switches_s_trough5'====== Args={'value': 64, 'prev_value': None, 'change': True}
2025-10-04 09:52:54,765 : INFO : EventManager : Event: ======'machine_var_audits_missing_switches_s_trough6'====== Args={'value': 64, 'prev_value': None, 'change': True}
2025-10-04 09:52:54,765 : INFO : EventManager : Event: ======'machine_var_audits_missing_switches_s_trough_jam'====== Args={'value': 64, 'prev_value': None, 'change': True}
2025-10-04 09:52:54,765 : INFO : EventManager : Event: ======'machine_var_audits_player_score'====== Args={'value': {'average': 10982, 'top': [28284, 25272, 22800, 14636, 13400, 12176, 11909, 11420, 10994, 10700], 'total': 16}, 'prev_value': None, 'change': True}
2025-10-04 09:52:54,765 : INFO : EventManager : Event: ======'machine_var_audits_shots_center_rollover'====== Args={'value': 7, 'prev_value': None, 'change': True}
2025-10-04 09:52:54,765 : INFO : EventManager : Event: ======'machine_var_audits_shots_center_rollover_shot'====== Args={'value': 81, 'prev_value': None, 'change': True}
2025-10-04 09:52:54,766 : INFO : EventManager : Event: ======'machine_var_audits_shots_left_rollover'====== Args={'value': 6, 'prev_value': None, 'change': True}
2025-10-04 09:52:54,766 : INFO : EventManager : Event: ======'machine_var_audits_shots_left_rollover_shot'====== Args={'value': 26, 'prev_value': None, 'change': True}
2025-10-04 09:52:54,766 : INFO : EventManager : Event: ======'machine_var_audits_shots_middle_inlane_shot'====== Args={'value': 20, 'prev_value': None, 'change': True}
2025-10-04 09:52:54,766 : INFO : EventManager : Event: ======'machine_var_audits_shots_my_first_shot'====== Args={'value': 95, 'prev_value': None, 'change': True}
2025-10-04 09:52:54,766 : INFO : EventManager : Event: ======'machine_var_audits_shots_right_inlane_shot'====== Args={'value': 7, 'prev_value': None, 'change': True}
2025-10-04 09:52:54,766 : INFO : EventManager : Event: ======'machine_var_audits_shots_right_rollover'====== Args={'value': 7, 'prev_value': None, 'change': True}
2025-10-04 09:52:54,767 : INFO : EventManager : Event: ======'machine_var_audits_shots_right_rollover_shot'====== Args={'value': 38, 'prev_value': None, 'change': True}
2025-10-04 09:52:54,767 : INFO : EventManager : Event: ======'machine_var_audits_shots_top_middle_inlane_shot'====== Args={'value': 41, 'prev_value': None, 'change': True}
2025-10-04 09:52:54,767 : INFO : EventManager : Event: ======'machine_var_audits_switches_s_center_rollover'====== Args={'value': 88, 'prev_value': None, 'change': True}
2025-10-04 09:52:54,767 : INFO : EventManager : Event: ======'machine_var_audits_switches_s_left_flipper'====== Args={'value': 320, 'prev_value': None, 'change': True}
2025-10-04 09:52:54,767 : INFO : EventManager : Event: ======'machine_var_audits_switches_s_left_inlane'====== Args={'value': 8, 'prev_value': None, 'change': True}
2025-10-04 09:52:54,768 : INFO : EventManager : Event: ======'machine_var_audits_switches_s_left_outlane'====== Args={'value': 3, 'prev_value': None, 'change': True}
2025-10-04 09:52:54,768 : INFO : EventManager : Event: ======'machine_var_audits_switches_s_left_rollover'====== Args={'value': 32, 'prev_value': None, 'change': True}
2025-10-04 09:52:54,768 : INFO : EventManager : Event: ======'machine_var_audits_switches_s_middle_inlane'====== Args={'value': 20, 'prev_value': None, 'change': True}
2025-10-04 09:52:54,768 : INFO : EventManager : Event: ======'machine_var_audits_switches_s_plunger'====== Args={'value': 119, 'prev_value': None, 'change': True}
2025-10-04 09:52:54,768 : INFO : EventManager : Event: ======'machine_var_audits_switches_s_right_flipper'====== Args={'value': 132, 'prev_value': None, 'change': True}
2025-10-04 09:52:54,768 : INFO : EventManager : Event: ======'machine_var_audits_switches_s_right_inlane'====== Args={'value': 134, 'prev_value': None, 'change': True}
2025-10-04 09:52:54,769 : INFO : EventManager : Event: ======'machine_var_audits_switches_s_right_outlane'====== Args={'value': 3, 'prev_value': None, 'change': True}
2025-10-04 09:52:54,769 : INFO : EventManager : Event: ======'machine_var_audits_switches_s_right_rollover'====== Args={'value': 45, 'prev_value': None, 'change': True}
2025-10-04 09:52:54,769 : INFO : EventManager : Event: ======'machine_var_audits_switches_s_sling_left'====== Args={'value': 3, 'prev_value': None, 'change': True}
2025-10-04 09:52:54,770 : INFO : EventManager : Event: ======'machine_var_audits_switches_s_sling_right'====== Args={'value': 1, 'prev_value': None, 'change': True}
2025-10-04 09:52:54,770 : INFO : EventManager : Event: ======'machine_var_audits_switches_s_start'====== Args={'value': 12, 'prev_value': None, 'change': True}
2025-10-04 09:52:54,770 : INFO : EventManager : Event: ======'machine_var_audits_switches_s_top_middle_inlane'====== Args={'value': 41, 'prev_value': None, 'change': True}
2025-10-04 09:52:54,770 : INFO : EventManager : Event: ======'machine_var_audits_switches_s_trough1'====== Args={'value': 77, 'prev_value': None, 'change': True}
2025-10-04 09:52:54,770 : INFO : EventManager : Event: ======'machine_var_audits_switches_s_trough2'====== Args={'value': 0, 'prev_value': None, 'change': True}
2025-10-04 09:52:54,771 : INFO : EventManager : Event: ======'machine_var_audits_switches_s_trough3'====== Args={'value': 0, 'prev_value': None, 'change': True}
2025-10-04 09:52:54,771 : INFO : EventManager : Event: ======'machine_var_audits_switches_s_trough4'====== Args={'value': 0, 'prev_value': None, 'change': True}
2025-10-04 09:52:54,771 : INFO : EventManager : Event: ======'machine_var_audits_switches_s_trough5'====== Args={'value': 0, 'prev_value': None, 'change': True}
2025-10-04 09:52:54,771 : INFO : EventManager : Event: ======'machine_var_audits_switches_s_trough6'====== Args={'value': 0, 'prev_value': None, 'change': True}
2025-10-04 09:52:54,771 : INFO : EventManager : Event: ======'machine_var_audits_switches_s_trough_jam'====== Args={'value': 0, 'prev_value': None, 'change': True}
2025-10-04 09:52:54,772 : INFO : EventManager : Event: ======'init_phase_5'====== Args={}
2025-10-04 09:52:54,826 : INFO : EventManager : Event: ======'init_done'====== Args={}
2025-10-04 09:52:54,827 : INFO : EventManager : Event: ======'machine_reset_phase_1'====== Args={}
2025-10-04 09:52:54,836 : INFO : EventManager : Event: ======'machine_reset_phase_2'====== Args={}
2025-10-04 09:52:54,837 : INFO : EventManager : Event: ======'machine_reset_phase_3'====== Args={}
2025-10-04 09:52:54,837 : INFO : EventManager : Event: ======'reset_complete'====== Args={}
2025-10-04 09:52:54,837 : INFO : EventManager : Event: ======'mode_attract_will_start'====== Args={}
2025-10-04 09:52:54,837 : INFO : EventManager : Event: ======'mode_attract_starting'====== Args={}
2025-10-04 09:52:54,837 : INFO : Mode.attract : Started. Priority: 10
2025-10-04 09:52:54,837 : INFO : EventManager : Event: ======'modes_active_modes_changed'====== Args={}
2025-10-04 09:52:54,838 : INFO : EventManager : Event: ======'mode_attract_started'====== Args={}
2025-10-04 09:52:54,838 : INFO : EventManager : Event: ======'collecting_balls_complete'====== Args={}
2025-10-04 09:52:54,900 : INFO : EventManager : Event: ======'slide_awesome_slide_created'====== Args={'_from_bcp': True}
2025-10-04 09:52:54,900 : INFO : EventManager : Event: ======'slide_awesome_slide_active'====== Args={'_from_bcp': True}
2025-10-04 09:52:54,900 : INFO : Machine : Starting the main run loop.
2025-10-04 09:52:55,212 : INFO : BcpServer : New client connected.
2025-10-04 09:52:58,456 : INFO : EventManager : Event: ======'slide_press_start_created'====== Args={'_from_bcp': True}
2025-10-04 09:52:58,456 : INFO : EventManager : Event: ======'slide_press_start_active'====== Args={'_from_bcp': True}
2025-10-04 09:53:00,863 : INFO : EventManager : Event: ======'slide_mission_pinball_created'====== Args={'_from_bcp': True}
2025-10-04 09:53:00,866 : INFO : EventManager : Event: ======'slide_mission_pinball_active'====== Args={'_from_bcp': True}
2025-10-04 09:53:03,854 : INFO : EventManager : Event: ======'slide_last_game_score_slide_created'====== Args={'_from_bcp': True}
2025-10-04 09:53:03,859 : INFO : EventManager : Event: ======'slide_last_game_score_slide_active'====== Args={'_from_bcp': True}
2025-10-04 09:53:06,844 : INFO : EventManager : Event: ======'slide_awesome_slide_removed'====== Args={'_from_bcp': True}
2025-10-04 09:53:06,844 : INFO : EventManager : Event: ======'slide_awesome_slide_created'====== Args={'_from_bcp': True}
2025-10-04 09:53:06,846 : INFO : EventManager : Event: ======'slide_awesome_slide_active'====== Args={'_from_bcp': True}
2025-10-04 09:53:09,869 : INFO : EventManager : Event: ======'slide_press_start_removed'====== Args={'_from_bcp': True}
2025-10-04 09:53:09,875 : INFO : EventManager : Event: ======'slide_press_start_created'====== Args={'_from_bcp': True}
2025-10-04 09:53:09,880 : INFO : EventManager : Event: ======'slide_press_start_active'====== Args={'_from_bcp': True}
2025-10-04 09:53:12,852 : INFO : EventManager : Event: ======'slide_mission_pinball_removed'====== Args={'_from_bcp': True}
2025-10-04 09:53:12,853 : INFO : EventManager : Event: ======'slide_mission_pinball_created'====== Args={'_from_bcp': True}
2025-10-04 09:53:12,853 : INFO : EventManager : Event: ======'slide_mission_pinball_active'====== Args={'_from_bcp': True}
2025-10-04 09:53:14,526 : INFO : SwitchController : <<<<<<< 's_right_inlane' active >>>>>>>
2025-10-04 09:53:14,526 : INFO : EventManager : Event: ======'playfield_active'====== Args={}
2025-10-04 09:53:14,527 : INFO : EventManager : Event: ======'unexpected_ball_on_playfield'====== Args={}
2025-10-04 09:53:14,527 : INFO : EventManager : Event: ======'sw_playfield_active'====== Args={}
2025-10-04 09:53:14,529 : INFO : EventManager : Event: ======'playfield_active'====== Args={}
2025-10-04 09:53:14,530 : INFO : EventManager : Event: ======'unexpected_ball_on_playfield'====== Args={}
2025-10-04 09:53:15,865 : INFO : EventManager : Event: ======'slide_last_game_score_slide_removed'====== Args={'_from_bcp': True}
2025-10-04 09:53:15,867 : INFO : EventManager : Event: ======'slide_last_game_score_slide_created'====== Args={'_from_bcp': True}
2025-10-04 09:53:15,868 : INFO : EventManager : Event: ======'slide_last_game_score_slide_active'====== Args={'_from_bcp': True}
2025-10-04 09:53:18,865 : INFO : EventManager : Event: ======'slide_awesome_slide_removed'====== Args={'_from_bcp': True}
2025-10-04 09:53:18,868 : INFO : EventManager : Event: ======'slide_awesome_slide_created'====== Args={'_from_bcp': True}
2025-10-04 09:53:18,870 : INFO : EventManager : Event: ======'slide_awesome_slide_active'====== Args={'_from_bcp': True}
2025-10-04 09:53:21,841 : INFO : EventManager : Event: ======'slide_press_start_removed'====== Args={'_from_bcp': True}
2025-10-04 09:53:21,853 : INFO : EventManager : Event: ======'slide_press_start_created'====== Args={'_from_bcp': True}
2025-10-04 09:53:21,857 : INFO : EventManager : Event: ======'slide_press_start_active'====== Args={'_from_bcp': True}
2025-10-04 09:53:24,850 : INFO : EventManager : Event: ======'slide_mission_pinball_removed'====== Args={'_from_bcp': True}
2025-10-04 09:53:24,851 : INFO : EventManager : Event: ======'slide_mission_pinball_created'====== Args={'_from_bcp': True}
2025-10-04 09:53:24,852 : INFO : EventManager : Event: ======'slide_mission_pinball_active'====== Args={'_from_bcp': True}
2025-10-04 09:53:25,720 : INFO : SwitchController : <<<<<<< 's_left_inlane' active >>>>>>>
2025-10-04 09:53:25,721 : INFO : EventManager : Event: ======'sw_playfield_active'====== Args={}
2025-10-04 09:53:25,721 : INFO : EventManager : Event: ======'playfield_active'====== Args={}
2025-10-04 09:53:25,721 : INFO : EventManager : Event: ======'unexpected_ball_on_playfield'====== Args={}
2025-10-04 09:53:27,872 : INFO : EventManager : Event: ======'slide_last_game_score_slide_removed'====== Args={'_from_bcp': True}
2025-10-04 09:53:27,874 : INFO : EventManager : Event: ======'slide_last_game_score_slide_created'====== Args={'_from_bcp': True}
2025-10-04 09:53:27,877 : INFO : EventManager : Event: ======'slide_last_game_score_slide_active'====== Args={'_from_bcp': True}
2025-10-04 09:53:30,845 : INFO : EventManager : Event: ======'slide_awesome_slide_removed'====== Args={'_from_bcp': True}
2025-10-04 09:53:30,846 : INFO : EventManager : Event: ======'slide_awesome_slide_created'====== Args={'_from_bcp': True}
2025-10-04 09:53:30,846 : INFO : EventManager : Event: ======'slide_awesome_slide_active'====== Args={'_from_bcp': True}
2025-10-04 09:53:33,202 : INFO : SwitchController : <<<<<<< 's_left_inlane' inactive >>>>>>>
2025-10-04 09:53:33,876 : INFO : EventManager : Event: ======'slide_press_start_removed'====== Args={'_from_bcp': True}
2025-10-04 09:53:33,879 : INFO : EventManager : Event: ======'slide_press_start_created'====== Args={'_from_bcp': True}
2025-10-04 09:53:33,883 : INFO : EventManager : Event: ======'slide_press_start_active'====== Args={'_from_bcp': True}
2025-10-04 09:53:36,865 : INFO : EventManager : Event: ======'slide_mission_pinball_removed'====== Args={'_from_bcp': True}
2025-10-04 09:53:36,866 : INFO : EventManager : Event: ======'slide_mission_pinball_created'====== Args={'_from_bcp': True}
2025-10-04 09:53:36,867 : INFO : EventManager : Event: ======'slide_mission_pinball_active'====== Args={'_from_bcp': True}
2025-10-04 09:53:39,843 : INFO : EventManager : Event: ======'slide_last_game_score_slide_removed'====== Args={'_from_bcp': True}
2025-10-04 09:53:39,846 : INFO : EventManager : Event: ======'slide_last_game_score_slide_created'====== Args={'_from_bcp': True}
2025-10-04 09:53:39,846 : INFO : EventManager : Event: ======'slide_last_game_score_slide_active'====== Args={'_from_bcp': True}
2025-10-04 09:53:42,880 : INFO : EventManager : Event: ======'slide_awesome_slide_removed'====== Args={'_from_bcp': True}
2025-10-04 09:53:42,883 : INFO : EventManager : Event: ======'slide_awesome_slide_created'====== Args={'_from_bcp': True}
2025-10-04 09:53:42,885 : INFO : EventManager : Event: ======'slide_awesome_slide_active'====== Args={'_from_bcp': True}
2025-10-04 09:53:43,407 : INFO : SwitchController : <<<<<<< 's_right_outlane' active >>>>>>>
2025-10-04 09:53:45,846 : INFO : EventManager : Event: ======'slide_press_start_removed'====== Args={'_from_bcp': True}
2025-10-04 09:53:45,860 : INFO : EventManager : Event: ======'slide_press_start_created'====== Args={'_from_bcp': True}
2025-10-04 09:53:45,864 : INFO : EventManager : Event: ======'slide_press_start_active'====== Args={'_from_bcp': True}
2025-10-04 09:53:48,867 : INFO : EventManager : Event: ======'slide_mission_pinball_removed'====== Args={'_from_bcp': True}
2025-10-04 09:53:48,870 : INFO : EventManager : Event: ======'slide_mission_pinball_created'====== Args={'_from_bcp': True}
2025-10-04 09:53:48,870 : INFO : EventManager : Event: ======'slide_mission_pinball_active'====== Args={'_from_bcp': True}
2025-10-04 09:53:51,857 : INFO : EventManager : Event: ======'slide_last_game_score_slide_removed'====== Args={'_from_bcp': True}
2025-10-04 09:53:51,868 : INFO : EventManager : Event: ======'slide_last_game_score_slide_created'====== Args={'_from_bcp': True}
2025-10-04 09:53:51,873 : INFO : EventManager : Event: ======'slide_last_game_score_slide_active'====== Args={'_from_bcp': True}
2025-10-04 09:53:54,861 : INFO : EventManager : Event: ======'slide_awesome_slide_removed'====== Args={'_from_bcp': True}
2025-10-04 09:53:54,863 : INFO : EventManager : Event: ======'slide_awesome_slide_created'====== Args={'_from_bcp': True}
2025-10-04 09:53:54,864 : INFO : EventManager : Event: ======'slide_awesome_slide_active'====== Args={'_from_bcp': True}
2025-10-04 09:53:57,850 : INFO : EventManager : Event: ======'slide_press_start_removed'====== Args={'_from_bcp': True}
2025-10-04 09:53:57,858 : INFO : EventManager : Event: ======'slide_press_start_created'====== Args={'_from_bcp': True}
2025-10-04 09:53:57,862 : INFO : EventManager : Event: ======'slide_press_start_active'====== Args={'_from_bcp': True}
2025-10-04 09:53:59,736 : INFO : SwitchController : <<<<<<< 's_left_outlane' active >>>>>>>
2025-10-04 09:54:00,854 : INFO : EventManager : Event: ======'slide_mission_pinball_removed'====== Args={'_from_bcp': True}
2025-10-04 09:54:00,854 : INFO : EventManager : Event: ======'slide_mission_pinball_created'====== Args={'_from_bcp': True}
2025-10-04 09:54:00,855 : INFO : EventManager : Event: ======'slide_mission_pinball_active'====== Args={'_from_bcp': True}
2025-10-04 09:54:03,837 : INFO : EventManager : Event: ======'slide_last_game_score_slide_removed'====== Args={'_from_bcp': True}
2025-10-04 09:54:03,849 : INFO : EventManager : Event: ======'slide_last_game_score_slide_created'====== Args={'_from_bcp': True}
2025-10-04 09:54:03,853 : INFO : EventManager : Event: ======'slide_last_game_score_slide_active'====== Args={'_from_bcp': True}
2025-10-04 09:54:06,856 : INFO : EventManager : Event: ======'slide_awesome_slide_removed'====== Args={'_from_bcp': True}
2025-10-04 09:54:06,856 : INFO : EventManager : Event: ======'slide_awesome_slide_created'====== Args={'_from_bcp': True}
2025-10-04 09:54:06,857 : INFO : EventManager : Event: ======'slide_awesome_slide_active'====== Args={'_from_bcp': True}
2025-10-04 09:54:09,853 : INFO : EventManager : Event: ======'slide_press_start_removed'====== Args={'_from_bcp': True}
2025-10-04 09:54:09,859 : INFO : EventManager : Event: ======'slide_press_start_created'====== Args={'_from_bcp': True}
2025-10-04 09:54:09,864 : INFO : EventManager : Event: ======'slide_press_start_active'====== Args={'_from_bcp': True}
2025-10-04 09:54:12,837 : INFO : EventManager : Event: ======'slide_mission_pinball_removed'====== Args={'_from_bcp': True}
2025-10-04 09:54:12,837 : INFO : EventManager : Event: ======'slide_mission_pinball_created'====== Args={'_from_bcp': True}
2025-10-04 09:54:12,839 : INFO : EventManager : Event: ======'slide_mission_pinball_active'====== Args={'_from_bcp': True}
2025-10-04 09:54:15,874 : INFO : EventManager : Event: ======'slide_last_game_score_slide_removed'====== Args={'_from_bcp': True}
2025-10-04 09:54:15,876 : INFO : EventManager : Event: ======'slide_last_game_score_slide_created'====== Args={'_from_bcp': True}
2025-10-04 09:54:15,881 : INFO : EventManager : Event: ======'slide_last_game_score_slide_active'====== Args={'_from_bcp': True}
2025-10-04 09:54:18,846 : INFO : EventManager : Event: ======'slide_awesome_slide_removed'====== Args={'_from_bcp': True}
2025-10-04 09:54:18,849 : INFO : EventManager : Event: ======'slide_awesome_slide_created'====== Args={'_from_bcp': True}
2025-10-04 09:54:18,849 : INFO : EventManager : Event: ======'slide_awesome_slide_active'====== Args={'_from_bcp': True}
2025-10-04 09:54:21,871 : INFO : EventManager : Event: ======'slide_press_start_removed'====== Args={'_from_bcp': True}
2025-10-04 09:54:21,883 : INFO : EventManager : Event: ======'slide_press_start_created'====== Args={'_from_bcp': True}
2025-10-04 09:54:21,888 : INFO : EventManager : Event: ======'slide_press_start_active'====== Args={'_from_bcp': True}
2025-10-04 09:54:24,862 : INFO : EventManager : Event: ======'slide_mission_pinball_removed'====== Args={'_from_bcp': True}
2025-10-04 09:54:24,865 : INFO : EventManager : Event: ======'slide_mission_pinball_created'====== Args={'_from_bcp': True}
2025-10-04 09:54:24,866 : INFO : EventManager : Event: ======'slide_mission_pinball_active'====== Args={'_from_bcp': True}
2025-10-04 09:54:27,846 : INFO : EventManager : Event: ======'slide_last_game_score_slide_removed'====== Args={'_from_bcp': True}
2025-10-04 09:54:27,853 : INFO : EventManager : Event: ======'slide_last_game_score_slide_created'====== Args={'_from_bcp': True}
2025-10-04 09:54:27,857 : INFO : EventManager : Event: ======'slide_last_game_score_slide_active'====== Args={'_from_bcp': True}
2025-10-04 09:54:30,861 : INFO : EventManager : Event: ======'slide_awesome_slide_removed'====== Args={'_from_bcp': True}
2025-10-04 09:54:30,861 : INFO : EventManager : Event: ======'slide_awesome_slide_created'====== Args={'_from_bcp': True}
2025-10-04 09:54:30,863 : INFO : EventManager : Event: ======'slide_awesome_slide_active'====== Args={'_from_bcp': True}
2025-10-04 09:54:33,849 : INFO : EventManager : Event: ======'slide_press_start_removed'====== Args={'_from_bcp': True}
2025-10-04 09:54:33,851 : INFO : EventManager : Event: ======'slide_press_start_created'====== Args={'_from_bcp': True}
2025-10-04 09:54:33,853 : INFO : EventManager : Event: ======'slide_press_start_active'====== Args={'_from_bcp': True}
2025-10-04 09:54:34,924 : INFO : SwitchController : <<<<<<< 's_start' active >>>>>>>
2025-10-04 09:54:34,985 : INFO : SwitchController : <<<<<<< 's_start' inactive >>>>>>>
2025-10-04 09:54:34,985 : INFO : EventManager : Event: ======'request_to_start_game'====== Args={}
2025-10-04 09:54:34,986 : INFO : EventManager : Event: ======'game_start'====== Args={'buttons': [], 'hold_time': 0.062000000005355105}
2025-10-04 09:54:34,986 : INFO : EventManager : Event: ======'mode_game_will_start'====== Args={'buttons': [], 'hold_time': 0.062000000005355105}
2025-10-04 09:54:34,988 : INFO : EventManager : Event: ======'mode_game_starting'====== Args={'buttons': [], 'hold_time': 0.062000000005355105}
2025-10-04 09:54:34,988 : INFO : EventManager : Event: ======'mode_attract_will_stop'====== Args={}
2025-10-04 09:54:34,988 : INFO : EventManager : Event: ======'mode_attract_stopping'====== Args={}
2025-10-04 09:54:34,989 : INFO : Mode.attract : Stopped.
2025-10-04 09:54:34,989 : INFO : EventManager : Event: ======'modes_active_modes_changed'====== Args={}
2025-10-04 09:54:34,989 : INFO : EventManager : Event: ======'mode_attract_stopped'====== Args={}
2025-10-04 09:54:34,990 : INFO : EventManager : Event: ======'clear'====== Args={'key': 'attract'}
2025-10-04 09:54:34,990 : INFO : Mode.game : Started. Priority: 20
2025-10-04 09:54:34,990 : INFO : EventManager : Event: ======'modes_active_modes_changed'====== Args={}
2025-10-04 09:54:34,990 : INFO : EventManager : Event: ======'mode_game_started'====== Args={'buttons': [], 'hold_time': 0.062000000005355105}
2025-10-04 09:54:35,007 : INFO : EventManager : Event: ======'game_will_start'====== Args={}
2025-10-04 09:54:35,009 : INFO : EventManager : Event: ======'game_starting'====== Args={'game': <Mode.game>}
2025-10-04 09:54:35,010 : INFO : EventManager : Unordered handler for class <Auditor> on event game_ended with priority 1. Handlers: [RegisteredHandler(callback=<bound method Auditor.disable of <Auditor>>, priority=1, kwargs={}, key=UUID('2befa4c7-d72d-418a-9ed7-ad41503e1587'), condition=None, blocking_facility=None), RegisteredHandler(callback=<bound method Auditor._save_audits of <Auditor>>, priority=1, kwargs={}, key=UUID('f9a01417-5bc3-4e14-9b45-6f7f1cb52ac4'), condition=None, blocking_facility=None)]. The order of those handlers is not defined and they will be executed in random order. This might lead to race conditions and potential bugs.
2025-10-04 09:54:35,011 : INFO : EventManager : Event: ======'slide_mission_pinball_removed'====== Args={'_from_bcp': True}
2025-10-04 09:54:35,011 : INFO : EventManager : Event: ======'slide_last_game_score_slide_removed'====== Args={'_from_bcp': True}
2025-10-04 09:54:35,012 : INFO : EventManager : Event: ======'player_add_request'====== Args={}
2025-10-04 09:54:35,012 : INFO : EventManager : Event: ======'player_will_add'====== Args={'number': 1}
2025-10-04 09:54:35,013 : INFO : EventManager : Event: ======'player_adding'====== Args={'player': <Player 1>, 'number': 1}
2025-10-04 09:54:35,013 : INFO : EventManager : Event: ======'player_added'====== Args={'player': <Player 1>, 'num': 1}
2025-10-04 09:54:35,014 : INFO : Mode.game : Player added successfully. Total players: 1
2025-10-04 09:54:35,015 : INFO : EventManager : Event: ======'player_index'====== Args={'value': 0, 'prev_value': 0, 'change': 0, 'player_num': 1}
2025-10-04 09:54:35,015 : INFO : EventManager : Event: ======'player_number'====== Args={'value': 1, 'prev_value': 1, 'change': 0, 'player_num': 1}
2025-10-04 09:54:35,016 : INFO : EventManager : Event: ======'player_score'====== Args={'value': 0, 'prev_value': 0, 'change': 0, 'player_num': 1}
2025-10-04 09:54:35,017 : INFO : EventManager : Event: ======'game_started'====== Args={}
2025-10-04 09:54:35,018 : INFO : EventManager : Event: ======'slide_awesome_slide_removed'====== Args={'_from_bcp': True}
2025-10-04 09:54:35,019 : INFO : EventManager : Event: ======'slide_press_start_removed'====== Args={'_from_bcp': True}
2025-10-04 09:54:35,019 : INFO : EventManager : Event: ======'slide_window_blank_active'====== Args={'_from_bcp': True}
2025-10-04 09:54:35,032 : INFO : EventManager : Event: ======'player_turn_will_start'====== Args={'player': <Player 1>, 'number': 1}
2025-10-04 09:54:35,037 : INFO : EventManager : Event: ======'player_turn_starting'====== Args={'player': <Player 1>, 'number': 1}
2025-10-04 09:54:35,038 : INFO : EventManager : Event: ======'player_ball'====== Args={'value': 1, 'prev_value': 0, 'change': 1, 'player_num': 1}
2025-10-04 09:54:35,038 : INFO : EventManager : Event: ======'player_turn_started'====== Args={'player': <Player 1>, 'number': 1}
2025-10-04 09:54:35,039 : INFO : EventManager : Event: ======'ball_will_start'====== Args={'player': 1, 'ball': 1, 'balls_remaining': 2, 'is_extra_ball': False}
2025-10-04 09:54:35,046 : INFO : EventManager : Event: ======'ball_starting'====== Args={'player': 1, 'ball': 1, 'balls_remaining': 2, 'is_extra_ball': False}
2025-10-04 09:54:35,047 : INFO : EventManager : Event: ======'balls_in_play'====== Args={'balls': 1}
2025-10-04 09:54:35,047 : INFO : EventManager : Event: ======'ball_started'====== Args={'player': 1, 'ball': 1, 'balls_remaining': 2, 'is_extra_ball': False}
2025-10-04 09:54:35,047 : INFO : EventManager : Event: ======'mode_base_will_start'====== Args={'player': 1, 'ball': 1, 'balls_remaining': 2, 'is_extra_ball': False}
2025-10-04 09:54:35,048 : INFO : EventManager : Event: ======'player_shot_left_rollover_shot_enabled'====== Args={'value': True, 'prev_value': 0, 'change': 1, 'player_num': 1}
2025-10-04 09:54:35,049 : INFO : EventManager : Event: ======'player_shot_center_rollover_shot_enabled'====== Args={'value': True, 'prev_value': 0, 'change': 1, 'player_num': 1}
2025-10-04 09:54:35,049 : INFO : EventManager : Event: ======'player_shot_right_rollover_shot_enabled'====== Args={'value': True, 'prev_value': 0, 'change': 1, 'player_num': 1}
2025-10-04 09:54:35,049 : INFO : EventManager : Event: ======'player_shot_right_inlane_shot_enabled'====== Args={'value': True, 'prev_value': 0, 'change': 1, 'player_num': 1}
2025-10-04 09:54:35,050 : INFO : EventManager : Event: ======'rollover_lanes_complete'====== Args={'state': 'unlit'}
2025-10-04 09:54:35,050 : INFO : EventManager : Event: ======'rollover_lanes_unlit_complete'====== Args={}
2025-10-04 09:54:35,051 : INFO : EventManager : Event: ======'mode_base_starting'====== Args={'player': 1, 'ball': 1, 'balls_remaining': 2, 'is_extra_ball': False}
2025-10-04 09:54:35,051 : INFO : Mode.base : Started. Priority: 100
2025-10-04 09:54:35,052 : INFO : EventManager : Event: ======'modes_active_modes_changed'====== Args={}
2025-10-04 09:54:35,052 : INFO : EventManager : Event: ======'mode_base_started'====== Args={'player': 1, 'ball': 1, 'balls_remaining': 2, 'is_extra_ball': False}
2025-10-04 09:54:35,053 : INFO : EventManager : Event: ======'single_player_ball_started'====== Args={}
2025-10-04 09:54:35,101 : INFO : EventManager : Event: ======'ball_start_target'====== Args={'target': 'playfield'}
2025-10-04 09:54:35,101 : INFO : EventManager : Event: ======'slide_base.slide_player-mode_base_started_created'====== Args={'_from_bcp': True}
2025-10-04 09:54:35,102 : INFO : EventManager : Event: ======'slide_base.slide_player-mode_base_started_active'====== Args={'_from_bcp': True}
2025-10-04 09:54:35,102 : INFO : ball_device.bd_plunger : Setting up player-controlled eject. Balls: 1, Target: <playfield.playfield>, player_controlled_eject_event: None
2025-10-04 09:54:35,102 : INFO : EventManager : Event: ======'balldevice_balls_available'====== Args={}
2025-10-04 09:54:35,102 : INFO : ball_device.bd_trough : State: waiting_for_target_ready
2025-10-04 09:54:35,103 : INFO : EventManager : Event: ======'balldevice_bd_trough_ball_eject_attempt'====== Args={'balls': 1, 'target': <ball_device.bd_plunger>, 'source': <ball_device.bd_trough>, 'mechanical_eject': True, 'num_attempts': 0}
2025-10-04 09:54:35,103 : INFO : ball_device.bd_plunger : State: waiting_for_ball
2025-10-04 09:54:35,103 : INFO : ball_device.bd_trough : State: ejecting
2025-10-04 09:54:35,104 : INFO : ball_device.bd_trough : Ejecting ball to <ball_device.bd_plunger>
2025-10-04 09:54:35,104 : INFO : EventManager : Event: ======'balldevice_bd_trough_ejecting_ball'====== Args={'balls': 1, 'target': <ball_device.bd_plunger>, 'source': <ball_device.bd_trough>, 'mechanical_eject': True, 'num_attempts': 0}
2025-10-04 09:54:35,104 : INFO : ball_device.bd_trough : Wait for ball to leave device
2025-10-04 09:54:35,104 : INFO : coil.c_trough_eject : Pulsing Driver for 20ms (1.0 pulse_power)
2025-10-04 09:54:35,105 : INFO : SwitchController : <<<<<<< 's_trough1' inactive >>>>>>>
2025-10-04 09:54:35,114 : INFO : ball_device.bd_trough : State: ball_left
2025-10-04 09:54:35,114 : INFO : ball_device.bd_trough : Ball left
2025-10-04 09:54:35,114 : INFO : ball_device.bd_trough : Wait for confirm with timeout 3.0
2025-10-04 09:54:35,201 : INFO : SwitchController : <<<<<<< 's_plunger' active >>>>>>>
2025-10-04 09:54:35,201 : INFO : EventManager : Event: ======'machine_var_audits_switches_s_plunger'====== Args={'value': 120, 'prev_value': 119, 'change': 1}
2025-10-04 09:54:35,702 : INFO : ball_device.bd_plunger : Received ball from <ball_device.bd_trough>
2025-10-04 09:54:35,703 : INFO : EventManager : Event: ======'balldevice_bd_plunger_ball_enter'====== Args={'new_balls': 1, 'unclaimed_balls': 0, 'new_available_balls': 0, 'device': <ball_device.bd_plunger>}
2025-10-04 09:54:35,705 : INFO : EventManager : Event: ======'balldevice_bd_plunger_ball_entered'====== Args={'new_balls': 0, 'device': <ball_device.bd_plunger>}
2025-10-04 09:54:35,707 : INFO : EventManager : Event: ======'balldevice_bd_plunger_ball_count_changed'====== Args={'balls': 1}
2025-10-04 09:54:35,708 : INFO : ball_device.bd_trough : Got eject confirm
2025-10-04 09:54:35,708 : INFO : ball_device.bd_trough : Eject successful
2025-10-04 09:54:35,708 : INFO : EventManager : Event: ======'balldevice_bd_trough_ball_eject_success'====== Args={'balls': 1, 'target': <ball_device.bd_plunger>}
2025-10-04 09:54:35,710 : INFO : EventManager : Event: ======'balldevice_bd_trough_ball_count_changed'====== Args={'balls': 5}
2025-10-04 09:54:35,711 : INFO : ball_device.bd_trough : State: idle
2025-10-04 09:54:35,712 : INFO : ball_device.bd_plunger : State: waiting_for_target_ready
2025-10-04 09:54:35,713 : INFO : EventManager : Event: ======'balldevice_bd_plunger_ball_eject_attempt'====== Args={'balls': 1, 'target': <playfield.playfield>, 'source': <ball_device.bd_plunger>, 'mechanical_eject': True, 'num_attempts': 0}
2025-10-04 09:54:35,715 : INFO : ball_device.bd_plunger : State: ejecting
2025-10-04 09:54:35,716 : INFO : ball_device.bd_plunger : Ejecting ball to <playfield.playfield>
2025-10-04 09:54:35,716 : INFO : EventManager : Event: ======'balldevice_bd_plunger_ejecting_ball'====== Args={'balls': 1, 'target': <playfield.playfield>, 'source': <ball_device.bd_plunger>, 'mechanical_eject': True, 'num_attempts': 0}
2025-10-04 09:54:35,720 : INFO : ball_device.bd_plunger : Wait for ball to leave device
2025-10-04 09:54:36,342 : WARNING : SwitchController : Received duplicate switch state 1 for switch s_plunger from the platform interface. Log Code: Log-SwitchController-1 (https://missionpinball.org/logs)
2025-10-04 09:54:36,443 : INFO : SwitchController : <<<<<<< 's_plunger' inactive >>>>>>>
2025-10-04 09:54:36,457 : INFO : ball_device.bd_plunger : State: ball_left
2025-10-04 09:54:36,458 : INFO : ball_device.bd_plunger : Ball left
2025-10-04 09:54:36,458 : INFO : ball_device.bd_plunger : Wait for confirm with timeout 5.0
2025-10-04 09:54:41,482 : INFO : ball_device.bd_plunger : State: failed_confirm
2025-10-04 09:54:41,482 : INFO : ball_device.bd_plunger : Got timeout (5.0s) before confirm from <playfield.playfield>
2025-10-04 09:54:41,574 : INFO : ball_device.bd_plunger : Confirming eject because target is playfield and ball did not return.
2025-10-04 09:54:41,574 : INFO : ball_device.bd_plunger : Eject successful
2025-10-04 09:54:41,574 : INFO : EventManager : Event: ======'balldevice_bd_plunger_ball_eject_success'====== Args={'balls': 1, 'target': <playfield.playfield>}
2025-10-04 09:54:41,575 : INFO : EventManager : Event: ======'balldevice_playfield_ball_enter'====== Args={'new_balls': 1, 'unclaimed_balls': 1, 'device': <playfield.playfield>}
2025-10-04 09:54:41,576 : INFO : EventManager : Event: ======'playfield_ball_count_change'====== Args={'balls': 1, 'change': 1}
2025-10-04 09:54:41,577 : INFO : EventManager : Event: ======'balldevice_bd_plunger_ball_count_changed'====== Args={'balls': 0}
2025-10-04 09:54:41,578 : INFO : ball_device.bd_plunger : State: idle
2025-10-04 09:54:42,395 : INFO : SwitchController : <<<<<<< 's_trough1' active >>>>>>>
2025-10-04 09:54:42,395 : INFO : EventManager : Event: ======'machine_var_audits_switches_s_trough1'====== Args={'value': 78, 'prev_value': 77, 'change': 1}
2025-10-04 09:54:42,905 : INFO : EventManager : Event: ======'balldevice_bd_trough_ball_count_changed'====== Args={'balls': 6}
2025-10-04 09:54:42,905 : INFO : ball_device.bd_trough : Received unexpected ball
2025-10-04 09:54:42,905 : INFO : EventManager : Event: ======'balldevice_captured_from_playfield'====== Args={'balls': 1}
2025-10-04 09:54:42,906 : INFO : EventManager : Event: ======'sw_playfield_active'====== Args={'balls': 1}
2025-10-04 09:54:42,906 : INFO : EventManager : Event: ======'playfield_ball_count_change'====== Args={'balls': 0, 'change': -1}
2025-10-04 09:54:42,907 : INFO : EventManager : Event: ======'balldevice_bd_trough_ball_enter'====== Args={'new_balls': 1, 'unclaimed_balls': 1, 'new_available_balls': 1, 'device': <ball_device.bd_trough>}
2025-10-04 09:54:42,907 : INFO : EventManager : Event: ======'ball_drain'====== Args={'device': <ball_device.bd_trough>, 'balls': 1}
2025-10-04 09:54:42,907 : INFO : EventManager : Event: ======'ball_will_end'====== Args={}
2025-10-04 09:54:42,908 : INFO : EventManager : Event: ======'balldevice_balls_available'====== Args={}
2025-10-04 09:54:42,908 : INFO : EventManager : Event: ======'balldevice_bd_trough_ball_entered'====== Args={'new_balls': 1, 'device': <ball_device.bd_trough>}
2025-10-04 09:54:42,909 : INFO : EventManager : Event: ======'ball_ending'====== Args={}
2025-10-04 09:54:42,909 : INFO : EventManager : Event: ======'mode_base_will_stop'====== Args={}
2025-10-04 09:54:42,909 : INFO : EventManager : Event: ======'mode_base_stopping'====== Args={}
2025-10-04 09:54:42,910 : INFO : Mode.base : Stopped.
2025-10-04 09:54:42,910 : INFO : EventManager : Event: ======'modes_active_modes_changed'====== Args={}
2025-10-04 09:54:42,910 : INFO : EventManager : Event: ======'mode_base_stopped'====== Args={}
2025-10-04 09:54:42,910 : INFO : EventManager : Event: ======'clear'====== Args={'key': 'base'}
2025-10-04 09:54:42,961 : INFO : EventManager : Event: ======'ball_ended'====== Args={}
2025-10-04 09:54:42,962 : INFO : EventManager : Event: ======'slide_base.slide_player-mode_base_started_removed'====== Args={'_from_bcp': True}
2025-10-04 09:54:42,963 : INFO : EventManager : Event: ======'slide_window_blank_active'====== Args={'_from_bcp': True}
2025-10-04 09:54:42,963 : INFO : EventManager : Event: ======'player_turn_will_end'====== Args={'player': <Player 1>, 'number': 1}
2025-10-04 09:54:42,976 : INFO : EventManager : Event: ======'player_turn_ending'====== Args={'player': <Player 1>, 'number': 1}
2025-10-04 09:54:42,977 : INFO : EventManager : Event: ======'player_turn_ended'====== Args={'player': <Player 1>, 'number': 1}
2025-10-04 09:54:42,977 : INFO : EventManager : Event: ======'player_turn_will_start'====== Args={'player': <Player 1>, 'number': 1}
2025-10-04 09:54:42,978 : INFO : EventManager : Event: ======'player_turn_starting'====== Args={'player': <Player 1>, 'number': 1}
2025-10-04 09:54:42,978 : INFO : EventManager : Event: ======'player_ball'====== Args={'value': 2, 'prev_value': 1, 'change': 1, 'player_num': 1}
2025-10-04 09:54:42,978 : INFO : EventManager : Event: ======'player_turn_started'====== Args={'player': <Player 1>, 'number': 1}
2025-10-04 09:54:42,979 : INFO : EventManager : Event: ======'ball_will_start'====== Args={'player': 1, 'ball': 2, 'balls_remaining': 1, 'is_extra_ball': False}
2025-10-04 09:54:42,983 : INFO : EventManager : Event: ======'ball_starting'====== Args={'player': 1, 'ball': 2, 'balls_remaining': 1, 'is_extra_ball': False}
2025-10-04 09:54:42,984 : INFO : EventManager : Event: ======'balls_in_play'====== Args={'balls': 1}
2025-10-04 09:54:42,984 : INFO : EventManager : Event: ======'ball_started'====== Args={'player': 1, 'ball': 2, 'balls_remaining': 1, 'is_extra_ball': False}
2025-10-04 09:54:42,984 : INFO : EventManager : Event: ======'mode_base_will_start'====== Args={'player': 1, 'ball': 2, 'balls_remaining': 1, 'is_extra_ball': False}
2025-10-04 09:54:42,986 : INFO : EventManager : Event: ======'mode_base_starting'====== Args={'player': 1, 'ball': 2, 'balls_remaining': 1, 'is_extra_ball': False}
2025-10-04 09:54:42,986 : INFO : Mode.base : Started. Priority: 100
2025-10-04 09:54:42,987 : INFO : EventManager : Event: ======'modes_active_modes_changed'====== Args={}
2025-10-04 09:54:42,987 : INFO : EventManager : Event: ======'mode_base_started'====== Args={'player': 1, 'ball': 2, 'balls_remaining': 1, 'is_extra_ball': False}
2025-10-04 09:54:42,988 : INFO : EventManager : Event: ======'single_player_ball_started'====== Args={}
2025-10-04 09:54:43,036 : INFO : EventManager : Event: ======'ball_start_target'====== Args={'target': 'playfield'}
2025-10-04 09:54:43,036 : INFO : EventManager : Event: ======'slide_base.slide_player-mode_base_started_created'====== Args={'_from_bcp': True}
2025-10-04 09:54:43,037 : INFO : EventManager : Event: ======'slide_base.slide_player-mode_base_started_active'====== Args={'_from_bcp': True}
2025-10-04 09:54:43,037 : INFO : ball_device.bd_plunger : Setting up player-controlled eject. Balls: 1, Target: <playfield.playfield>, player_controlled_eject_event: None
2025-10-04 09:54:43,037 : INFO : EventManager : Event: ======'balldevice_balls_available'====== Args={}
2025-10-04 09:54:43,038 : INFO : ball_device.bd_trough : State: waiting_for_target_ready
2025-10-04 09:54:43,038 : INFO : EventManager : Event: ======'balldevice_bd_trough_ball_eject_attempt'====== Args={'balls': 1, 'target': <ball_device.bd_plunger>, 'source': <ball_device.bd_trough>, 'mechanical_eject': True, 'num_attempts': 0}
2025-10-04 09:54:43,038 : INFO : ball_device.bd_plunger : State: waiting_for_ball
2025-10-04 09:54:43,039 : INFO : ball_device.bd_trough : State: ejecting
2025-10-04 09:54:43,039 : INFO : ball_device.bd_trough : Ejecting ball to <ball_device.bd_plunger>
2025-10-04 09:54:43,039 : INFO : EventManager : Event: ======'balldevice_bd_trough_ejecting_ball'====== Args={'balls': 1, 'target': <ball_device.bd_plunger>, 'source': <ball_device.bd_trough>, 'mechanical_eject': True, 'num_attempts': 0}
2025-10-04 09:54:43,039 : INFO : ball_device.bd_trough : Wait for ball to leave device
2025-10-04 09:54:43,040 : INFO : coil.c_trough_eject : Pulsing Driver for 20ms (1.0 pulse_power)
2025-10-04 09:54:43,040 : INFO : SwitchController : <<<<<<< 's_trough1' inactive >>>>>>>
2025-10-04 09:54:43,046 : INFO : ball_device.bd_trough : State: ball_left
2025-10-04 09:54:43,046 : INFO : ball_device.bd_trough : Ball left
2025-10-04 09:54:43,046 : INFO : ball_device.bd_trough : Wait for confirm with timeout 3.0
2025-10-04 09:54:43,139 : INFO : SwitchController : <<<<<<< 's_plunger' active >>>>>>>
2025-10-04 09:54:43,140 : INFO : EventManager : Event: ======'machine_var_audits_switches_s_plunger'====== Args={'value': 121, 'prev_value': 120, 'change': 1}
2025-10-04 09:54:43,646 : INFO : ball_device.bd_plunger : Received ball from <ball_device.bd_trough>
2025-10-04 09:54:43,647 : INFO : EventManager : Event: ======'balldevice_bd_plunger_ball_enter'====== Args={'new_balls': 1, 'unclaimed_balls': 0, 'new_available_balls': 0, 'device': <ball_device.bd_plunger>}
2025-10-04 09:54:43,649 : INFO : EventManager : Event: ======'balldevice_bd_plunger_ball_entered'====== Args={'new_balls': 0, 'device': <ball_device.bd_plunger>}
2025-10-04 09:54:43,651 : INFO : EventManager : Event: ======'balldevice_bd_plunger_ball_count_changed'====== Args={'balls': 1}
2025-10-04 09:54:43,652 : INFO : ball_device.bd_trough : Got eject confirm
2025-10-04 09:54:43,652 : INFO : ball_device.bd_trough : Eject successful
2025-10-04 09:54:43,652 : INFO : EventManager : Event: ======'balldevice_bd_trough_ball_eject_success'====== Args={'balls': 1, 'target': <ball_device.bd_plunger>}
2025-10-04 09:54:43,654 : INFO : EventManager : Event: ======'balldevice_bd_trough_ball_count_changed'====== Args={'balls': 5}
2025-10-04 09:54:43,655 : INFO : ball_device.bd_trough : State: idle
2025-10-04 09:54:43,656 : INFO : ball_device.bd_plunger : State: waiting_for_target_ready
2025-10-04 09:54:43,657 : INFO : EventManager : Event: ======'balldevice_bd_plunger_ball_eject_attempt'====== Args={'balls': 1, 'target': <playfield.playfield>, 'source': <ball_device.bd_plunger>, 'mechanical_eject': True, 'num_attempts': 0}
2025-10-04 09:54:43,659 : INFO : ball_device.bd_plunger : State: ejecting
2025-10-04 09:54:43,659 : INFO : ball_device.bd_plunger : Ejecting ball to <playfield.playfield>
2025-10-04 09:54:43,660 : INFO : EventManager : Event: ======'balldevice_bd_plunger_ejecting_ball'====== Args={'balls': 1, 'target': <playfield.playfield>, 'source': <ball_device.bd_plunger>, 'mechanical_eject': True, 'num_attempts': 0}
2025-10-04 09:54:43,663 : INFO : ball_device.bd_plunger : Wait for ball to leave device
2025-10-04 09:54:48,172 : WARNING : SwitchController : Received duplicate switch state 1 for switch s_plunger from the platform interface. Log Code: Log-SwitchController-1 (https://missionpinball.org/logs)
2025-10-04 09:54:48,330 : INFO : SwitchController : <<<<<<< 's_plunger' inactive >>>>>>>
2025-10-04 09:54:48,375 : INFO : ball_device.bd_plunger : State: ball_left
2025-10-04 09:54:48,377 : INFO : ball_device.bd_plunger : Ball left
2025-10-04 09:54:48,377 : INFO : ball_device.bd_plunger : Wait for confirm with timeout 5.0
2025-10-04 09:54:53,369 : INFO : ball_device.bd_plunger : State: failed_confirm
2025-10-04 09:54:53,370 : INFO : ball_device.bd_plunger : Got timeout (5.0s) before confirm from <playfield.playfield>
2025-10-04 09:54:53,461 : INFO : ball_device.bd_plunger : Confirming eject because target is playfield and ball did not return.
2025-10-04 09:54:53,461 : INFO : ball_device.bd_plunger : Eject successful
2025-10-04 09:54:53,461 : INFO : EventManager : Event: ======'balldevice_bd_plunger_ball_eject_success'====== Args={'balls': 1, 'target': <playfield.playfield>}
2025-10-04 09:54:53,462 : INFO : EventManager : Event: ======'balldevice_playfield_ball_enter'====== Args={'new_balls': 1, 'unclaimed_balls': 1, 'device': <playfield.playfield>}
2025-10-04 09:54:53,463 : INFO : EventManager : Event: ======'playfield_ball_count_change'====== Args={'balls': 1, 'change': 1}
2025-10-04 09:54:53,464 : INFO : EventManager : Event: ======'balldevice_bd_plunger_ball_count_changed'====== Args={'balls': 0}
2025-10-04 09:54:53,465 : INFO : ball_device.bd_plunger : State: idle
2025-10-04 09:54:55,537 : INFO : SwitchController : <<<<<<< 's_center_rollover' active >>>>>>>
2025-10-04 09:54:55,537 : INFO : EventManager : Event: ======'s_center_rollover_active'====== Args={}
2025-10-04 09:54:55,537 : INFO : EventManager : Event: ======'machine_var_audits_switches_s_center_rollover'====== Args={'value': 89, 'prev_value': 88, 'change': 1}
2025-10-04 09:54:55,539 : INFO : EventManager : Event: ======'player_shot_center_rollover_shot'====== Args={'value': 1, 'prev_value': 0, 'change': 1, 'player_num': 1}
2025-10-04 09:54:55,539 : INFO : EventManager : Event: ======'machine_var_audits_shots_center_rollover_shot'====== Args={'value': 82, 'prev_value': 81, 'change': 1}
2025-10-04 09:54:55,540 : INFO : EventManager : Event: ======'center_rollover_shot_hit'====== Args={'profile': 'default', 'state': 'unlit', 'advancing': True}
2025-10-04 09:54:55,540 : INFO : EventManager : Event: ======'center_rollover_shot_default_hit'====== Args={'profile': 'default', 'state': 'unlit', 'advancing': True}
2025-10-04 09:54:55,540 : INFO : EventManager : Event: ======'center_rollover_shot_default_unlit_hit'====== Args={'profile': 'default', 'state': 'unlit', 'advancing': True}
2025-10-04 09:54:55,540 : INFO : EventManager : Event: ======'center_rollover_shot_unlit_hit'====== Args={'profile': 'default', 'state': 'unlit', 'advancing': True}
2025-10-04 09:54:55,541 : INFO : EventManager : Event: ======'player_score'====== Args={'value': 200, 'prev_value': 0, 'change': 200, 'player_num': 1, 'source': 'base'}
2025-10-04 09:54:55,541 : INFO : EventManager : Event: ======'rollover_lanes_hit'====== Args={}
2025-10-04 09:54:55,541 : INFO : EventManager : Event: ======'rollover_lanes_unlit_hit'====== Args={}
2025-10-04 09:54:55,649 : INFO : SwitchController : <<<<<<< 's_center_rollover' inactive >>>>>>>
2025-10-04 09:54:58,077 : INFO : SwitchController : <<<<<<< 's_right_rollover' active >>>>>>>
2025-10-04 09:54:58,077 : INFO : EventManager : Event: ======'s_right_rollover_active'====== Args={}
2025-10-04 09:54:58,079 : INFO : EventManager : Event: ======'machine_var_audits_switches_s_right_rollover'====== Args={'value': 46, 'prev_value': 45, 'change': 1}
2025-10-04 09:54:58,081 : INFO : EventManager : Event: ======'player_shot_right_rollover_shot'====== Args={'value': 1, 'prev_value': 0, 'change': 1, 'player_num': 1}
2025-10-04 09:54:58,084 : INFO : EventManager : Event: ======'machine_var_audits_shots_right_rollover_shot'====== Args={'value': 39, 'prev_value': 38, 'change': 1}
2025-10-04 09:54:58,086 : INFO : EventManager : Event: ======'right_rollover_shot_hit'====== Args={'profile': 'default', 'state': 'unlit', 'advancing': True}
2025-10-04 09:54:58,086 : INFO : EventManager : Event: ======'right_rollover_shot_default_hit'====== Args={'profile': 'default', 'state': 'unlit', 'advancing': True}
2025-10-04 09:54:58,087 : INFO : EventManager : Event: ======'right_rollover_shot_default_unlit_hit'====== Args={'profile': 'default', 'state': 'unlit', 'advancing': True}
2025-10-04 09:54:58,087 : INFO : EventManager : Event: ======'right_rollover_shot_unlit_hit'====== Args={'profile': 'default', 'state': 'unlit', 'advancing': True}
2025-10-04 09:54:58,088 : INFO : EventManager : Event: ======'player_score'====== Args={'value': 500, 'prev_value': 200, 'change': 300, 'player_num': 1, 'source': 'base'}
2025-10-04 09:54:58,089 : INFO : EventManager : Event: ======'rollover_lanes_hit'====== Args={}
2025-10-04 09:54:58,089 : INFO : EventManager : Event: ======'rollover_lanes_unlit_hit'====== Args={}
2025-10-04 09:54:58,176 : INFO : SwitchController : <<<<<<< 's_right_rollover' inactive >>>>>>>
2025-10-04 09:54:59,242 : INFO : SwitchController : <<<<<<< 's_left_rollover' active >>>>>>>
2025-10-04 09:54:59,242 : INFO : EventManager : Event: ======'s_left_rollover_active'====== Args={}
2025-10-04 09:54:59,242 : INFO : EventManager : Event: ======'machine_var_audits_switches_s_left_rollover'====== Args={'value': 33, 'prev_value': 32, 'change': 1}
2025-10-04 09:54:59,243 : INFO : EventManager : Event: ======'player_shot_left_rollover_shot'====== Args={'value': 1, 'prev_value': 0, 'change': 1, 'player_num': 1}
2025-10-04 09:54:59,243 : INFO : EventManager : Event: ======'machine_var_audits_shots_left_rollover_shot'====== Args={'value': 27, 'prev_value': 26, 'change': 1}
2025-10-04 09:54:59,244 : INFO : EventManager : Event: ======'left_rollover_shot_hit'====== Args={'profile': 'default', 'state': 'unlit', 'advancing': True}
2025-10-04 09:54:59,244 : INFO : EventManager : Event: ======'left_rollover_shot_default_hit'====== Args={'profile': 'default', 'state': 'unlit', 'advancing': True}
2025-10-04 09:54:59,244 : INFO : EventManager : Event: ======'left_rollover_shot_default_unlit_hit'====== Args={'profile': 'default', 'state': 'unlit', 'advancing': True}
2025-10-04 09:54:59,244 : INFO : EventManager : Event: ======'left_rollover_shot_unlit_hit'====== Args={'profile': 'default', 'state': 'unlit', 'advancing': True}
2025-10-04 09:54:59,244 : INFO : EventManager : Event: ======'rollover_lanes_complete'====== Args={'state': 'lit'}
2025-10-04 09:54:59,244 : INFO : EventManager : Event: ======'rollover_lanes_lit_complete'====== Args={}
2025-10-04 09:54:59,245 : INFO : EventManager : Event: ======'player_shot_left_rollover_shot'====== Args={'value': 0, 'prev_value': 1, 'change': -1, 'player_num': 1}
2025-10-04 09:54:59,245 : INFO : EventManager : Event: ======'player_shot_center_rollover_shot'====== Args={'value': 0, 'prev_value': 1, 'change': -1, 'player_num': 1}
2025-10-04 09:54:59,245 : INFO : EventManager : Event: ======'player_shot_right_rollover_shot'====== Args={'value': 0, 'prev_value': 1, 'change': -1, 'player_num': 1}
2025-10-04 09:54:59,246 : INFO : EventManager : Event: ======'player_score'====== Args={'value': 5500, 'prev_value': 500, 'change': 5000, 'player_num': 1, 'source': 'base'}
2025-10-04 09:54:59,246 : INFO : EventManager : Event: ======'rollover_lanes_complete'====== Args={'state': 'unlit'}
2025-10-04 09:54:59,246 : INFO : EventManager : Event: ======'rollover_lanes_unlit_complete'====== Args={}
2025-10-04 09:54:59,247 : INFO : EventManager : Event: ======'player_score'====== Args={'value': 5600, 'prev_value': 5500, 'change': 100, 'player_num': 1, 'source': 'base'}
2025-10-04 09:54:59,248 : INFO : EventManager : Event: ======'rollover_lanes_hit'====== Args={}
2025-10-04 09:54:59,248 : INFO : EventManager : Event: ======'rollover_lanes_unlit_hit'====== Args={}
2025-10-04 09:54:59,330 : INFO : SwitchController : <<<<<<< 's_left_rollover' inactive >>>>>>>
2025-10-04 09:55:05,781 : INFO : SwitchController : <<<<<<< 's_trough1' active >>>>>>>
2025-10-04 09:55:05,782 : INFO : EventManager : Event: ======'machine_var_audits_switches_s_trough1'====== Args={'value': 79, 'prev_value': 78, 'change': 1}
2025-10-04 09:55:06,296 : INFO : EventManager : Event: ======'balldevice_bd_trough_ball_count_changed'====== Args={'balls': 6}
2025-10-04 09:55:06,297 : INFO : ball_device.bd_trough : Received unexpected ball
2025-10-04 09:55:06,297 : INFO : EventManager : Event: ======'balldevice_captured_from_playfield'====== Args={'balls': 1}
2025-10-04 09:55:06,298 : INFO : EventManager : Event: ======'sw_playfield_active'====== Args={'balls': 1}
2025-10-04 09:55:06,299 : INFO : EventManager : Event: ======'playfield_ball_count_change'====== Args={'balls': 0, 'change': -1}
2025-10-04 09:55:06,300 : INFO : EventManager : Event: ======'balldevice_bd_trough_ball_enter'====== Args={'new_balls': 1, 'unclaimed_balls': 1, 'new_available_balls': 1, 'device': <ball_device.bd_trough>}
2025-10-04 09:55:06,302 : INFO : EventManager : Event: ======'ball_drain'====== Args={'device': <ball_device.bd_trough>, 'balls': 1}
2025-10-04 09:55:06,304 : INFO : EventManager : Event: ======'ball_will_end'====== Args={}
2025-10-04 09:55:06,305 : INFO : EventManager : Event: ======'balldevice_balls_available'====== Args={}
2025-10-04 09:55:06,305 : INFO : EventManager : Event: ======'balldevice_bd_trough_ball_entered'====== Args={'new_balls': 1, 'device': <ball_device.bd_trough>}
2025-10-04 09:55:06,309 : INFO : EventManager : Event: ======'ball_ending'====== Args={}
2025-10-04 09:55:06,311 : INFO : EventManager : Event: ======'mode_base_will_stop'====== Args={}
2025-10-04 09:55:06,312 : INFO : EventManager : Event: ======'mode_base_stopping'====== Args={}
2025-10-04 09:55:06,313 : INFO : Mode.base : Stopped.
2025-10-04 09:55:06,313 : INFO : EventManager : Event: ======'modes_active_modes_changed'====== Args={}
2025-10-04 09:55:06,314 : INFO : EventManager : Event: ======'mode_base_stopped'====== Args={}
2025-10-04 09:55:06,315 : INFO : EventManager : Event: ======'clear'====== Args={'key': 'base'}
2025-10-04 09:55:06,392 : INFO : EventManager : Event: ======'ball_ended'====== Args={}
2025-10-04 09:55:06,393 : INFO : EventManager : Event: ======'slide_base.slide_player-mode_base_started_removed'====== Args={'_from_bcp': True}
2025-10-04 09:55:06,394 : INFO : EventManager : Event: ======'slide_window_blank_active'====== Args={'_from_bcp': True}
2025-10-04 09:55:06,394 : INFO : EventManager : Event: ======'player_turn_will_end'====== Args={'player': <Player 1>, 'number': 1}
2025-10-04 09:55:06,397 : INFO : EventManager : Event: ======'player_turn_ending'====== Args={'player': <Player 1>, 'number': 1}
2025-10-04 09:55:06,398 : INFO : EventManager : Event: ======'player_turn_ended'====== Args={'player': <Player 1>, 'number': 1}
2025-10-04 09:55:06,398 : INFO : EventManager : Event: ======'player_turn_will_start'====== Args={'player': <Player 1>, 'number': 1}
2025-10-04 09:55:06,398 : INFO : EventManager : Event: ======'player_turn_starting'====== Args={'player': <Player 1>, 'number': 1}
2025-10-04 09:55:06,398 : INFO : EventManager : Event: ======'player_ball'====== Args={'value': 3, 'prev_value': 2, 'change': 1, 'player_num': 1}
2025-10-04 09:55:06,399 : INFO : EventManager : Event: ======'player_turn_started'====== Args={'player': <Player 1>, 'number': 1}
2025-10-04 09:55:06,400 : INFO : EventManager : Event: ======'ball_will_start'====== Args={'player': 1, 'ball': 3, 'balls_remaining': 0, 'is_extra_ball': False}
2025-10-04 09:55:06,406 : INFO : EventManager : Event: ======'ball_starting'====== Args={'player': 1, 'ball': 3, 'balls_remaining': 0, 'is_extra_ball': False}
2025-10-04 09:55:06,407 : INFO : EventManager : Event: ======'balls_in_play'====== Args={'balls': 1}
2025-10-04 09:55:06,407 : INFO : EventManager : Event: ======'ball_started'====== Args={'player': 1, 'ball': 3, 'balls_remaining': 0, 'is_extra_ball': False}
2025-10-04 09:55:06,408 : INFO : EventManager : Event: ======'mode_base_will_start'====== Args={'player': 1, 'ball': 3, 'balls_remaining': 0, 'is_extra_ball': False}
2025-10-04 09:55:06,410 : INFO : EventManager : Event: ======'mode_base_starting'====== Args={'player': 1, 'ball': 3, 'balls_remaining': 0, 'is_extra_ball': False}
2025-10-04 09:55:06,411 : INFO : Mode.base : Started. Priority: 100
2025-10-04 09:55:06,412 : INFO : EventManager : Event: ======'modes_active_modes_changed'====== Args={}
2025-10-04 09:55:06,412 : INFO : EventManager : Event: ======'mode_base_started'====== Args={'player': 1, 'ball': 3, 'balls_remaining': 0, 'is_extra_ball': False}
2025-10-04 09:55:06,414 : INFO : EventManager : Event: ======'single_player_ball_started'====== Args={}
2025-10-04 09:55:06,465 : INFO : EventManager : Event: ======'ball_start_target'====== Args={'target': 'playfield'}
2025-10-04 09:55:06,466 : INFO : EventManager : Event: ======'slide_base.slide_player-mode_base_started_created'====== Args={'_from_bcp': True}
2025-10-04 09:55:06,466 : INFO : EventManager : Event: ======'slide_base.slide_player-mode_base_started_active'====== Args={'_from_bcp': True}
2025-10-04 09:55:06,466 : INFO : ball_device.bd_plunger : Setting up player-controlled eject. Balls: 1, Target: <playfield.playfield>, player_controlled_eject_event: None
2025-10-04 09:55:06,466 : INFO : EventManager : Event: ======'balldevice_balls_available'====== Args={}
2025-10-04 09:55:06,467 : INFO : ball_device.bd_trough : State: waiting_for_target_ready
2025-10-04 09:55:06,467 : INFO : EventManager : Event: ======'balldevice_bd_trough_ball_eject_attempt'====== Args={'balls': 1, 'target': <ball_device.bd_plunger>, 'source': <ball_device.bd_trough>, 'mechanical_eject': True, 'num_attempts': 0}
2025-10-04 09:55:06,468 : INFO : ball_device.bd_plunger : State: waiting_for_ball
2025-10-04 09:55:06,468 : INFO : ball_device.bd_trough : State: ejecting
2025-10-04 09:55:06,468 : INFO : ball_device.bd_trough : Ejecting ball to <ball_device.bd_plunger>
2025-10-04 09:55:06,468 : INFO : EventManager : Event: ======'balldevice_bd_trough_ejecting_ball'====== Args={'balls': 1, 'target': <ball_device.bd_plunger>, 'source': <ball_device.bd_trough>, 'mechanical_eject': True, 'num_attempts': 0}
2025-10-04 09:55:06,469 : INFO : ball_device.bd_trough : Wait for ball to leave device
2025-10-04 09:55:06,469 : INFO : coil.c_trough_eject : Pulsing Driver for 20ms (1.0 pulse_power)
2025-10-04 09:55:06,470 : INFO : SwitchController : <<<<<<< 's_trough1' inactive >>>>>>>
2025-10-04 09:55:06,474 : INFO : ball_device.bd_trough : State: ball_left
2025-10-04 09:55:06,475 : INFO : ball_device.bd_trough : Ball left
2025-10-04 09:55:06,475 : INFO : ball_device.bd_trough : Wait for confirm with timeout 3.0
2025-10-04 09:55:06,559 : INFO : SwitchController : <<<<<<< 's_plunger' active >>>>>>>
2025-10-04 09:55:06,559 : INFO : EventManager : Event: ======'machine_var_audits_switches_s_plunger'====== Args={'value': 122, 'prev_value': 121, 'change': 1}
2025-10-04 09:55:07,056 : INFO : ball_device.bd_plunger : Received ball from <ball_device.bd_trough>
2025-10-04 09:55:07,056 : INFO : EventManager : Event: ======'balldevice_bd_plunger_ball_enter'====== Args={'new_balls': 1, 'unclaimed_balls': 0, 'new_available_balls': 0, 'device': <ball_device.bd_plunger>}
2025-10-04 09:55:07,057 : INFO : EventManager : Event: ======'balldevice_bd_plunger_ball_entered'====== Args={'new_balls': 0, 'device': <ball_device.bd_plunger>}
2025-10-04 09:55:07,057 : INFO : EventManager : Event: ======'balldevice_bd_plunger_ball_count_changed'====== Args={'balls': 1}
2025-10-04 09:55:07,057 : INFO : ball_device.bd_trough : Got eject confirm
2025-10-04 09:55:07,057 : INFO : ball_device.bd_trough : Eject successful
2025-10-04 09:55:07,057 : INFO : EventManager : Event: ======'balldevice_bd_trough_ball_eject_success'====== Args={'balls': 1, 'target': <ball_device.bd_plunger>}
2025-10-04 09:55:07,057 : INFO : EventManager : Event: ======'balldevice_bd_trough_ball_count_changed'====== Args={'balls': 5}
2025-10-04 09:55:07,058 : INFO : ball_device.bd_trough : State: idle
2025-10-04 09:55:07,058 : INFO : ball_device.bd_plunger : State: waiting_for_target_ready
2025-10-04 09:55:07,058 : INFO : EventManager : Event: ======'balldevice_bd_plunger_ball_eject_attempt'====== Args={'balls': 1, 'target': <playfield.playfield>, 'source': <ball_device.bd_plunger>, 'mechanical_eject': True, 'num_attempts': 0}
2025-10-04 09:55:07,058 : INFO : ball_device.bd_plunger : State: ejecting
2025-10-04 09:55:07,059 : INFO : ball_device.bd_plunger : Ejecting ball to <playfield.playfield>
2025-10-04 09:55:07,059 : INFO : EventManager : Event: ======'balldevice_bd_plunger_ejecting_ball'====== Args={'balls': 1, 'target': <playfield.playfield>, 'source': <ball_device.bd_plunger>, 'mechanical_eject': True, 'num_attempts': 0}
2025-10-04 09:55:07,059 : INFO : ball_device.bd_plunger : Wait for ball to leave device
2025-10-04 09:55:11,854 : WARNING : SwitchController : Received duplicate switch state 1 for switch s_plunger from the platform interface. Log Code: Log-SwitchController-1 (https://missionpinball.org/logs)
2025-10-04 09:55:11,941 : INFO : SwitchController : <<<<<<< 's_plunger' inactive >>>>>>>
2025-10-04 09:55:11,970 : INFO : ball_device.bd_plunger : State: ball_left
2025-10-04 09:55:11,971 : INFO : ball_device.bd_plunger : Ball left
2025-10-04 09:55:11,971 : INFO : ball_device.bd_plunger : Wait for confirm with timeout 5.0
2025-10-04 09:55:13,060 : INFO : SwitchController : <<<<<<< 's_right_rollover' active >>>>>>>
2025-10-04 09:55:13,060 : INFO : EventManager : Event: ======'playfield_active'====== Args={}
2025-10-04 09:55:13,061 : INFO : EventManager : Event: ======'s_right_rollover_active'====== Args={}
2025-10-04 09:55:13,061 : INFO : EventManager : Event: ======'machine_var_audits_switches_s_right_rollover'====== Args={'value': 47, 'prev_value': 46, 'change': 1}
2025-10-04 09:55:13,064 : INFO : EventManager : Event: ======'player_shot_right_rollover_shot'====== Args={'value': 1, 'prev_value': 0, 'change': 1, 'player_num': 1}
2025-10-04 09:55:13,065 : INFO : EventManager : Event: ======'machine_var_audits_shots_right_rollover_shot'====== Args={'value': 40, 'prev_value': 39, 'change': 1}
2025-10-04 09:55:13,067 : INFO : EventManager : Event: ======'right_rollover_shot_hit'====== Args={'profile': 'default', 'state': 'unlit', 'advancing': True}
2025-10-04 09:55:13,067 : INFO : EventManager : Event: ======'right_rollover_shot_default_hit'====== Args={'profile': 'default', 'state': 'unlit', 'advancing': True}
2025-10-04 09:55:13,068 : INFO : EventManager : Event: ======'right_rollover_shot_default_unlit_hit'====== Args={'profile': 'default', 'state': 'unlit', 'advancing': True}
2025-10-04 09:55:13,068 : INFO : EventManager : Event: ======'right_rollover_shot_unlit_hit'====== Args={'profile': 'default', 'state': 'unlit', 'advancing': True}
2025-10-04 09:55:13,071 : INFO : EventManager : Event: ======'player_score'====== Args={'value': 5900, 'prev_value': 5600, 'change': 300, 'player_num': 1, 'source': 'base'}
2025-10-04 09:55:13,071 : INFO : EventManager : Event: ======'rollover_lanes_hit'====== Args={}
2025-10-04 09:55:13,072 : INFO : EventManager : Event: ======'rollover_lanes_unlit_hit'====== Args={}
2025-10-04 09:55:13,093 : INFO : ball_device.bd_plunger : Got eject confirm
2025-10-04 09:55:13,093 : INFO : ball_device.bd_plunger : Eject successful
2025-10-04 09:55:13,093 : INFO : EventManager : Event: ======'balldevice_bd_plunger_ball_eject_success'====== Args={'balls': 1, 'target': <playfield.playfield>}
2025-10-04 09:55:13,098 : INFO : EventManager : Event: ======'balldevice_playfield_ball_enter'====== Args={'new_balls': 1, 'unclaimed_balls': 1, 'device': <playfield.playfield>}
2025-10-04 09:55:13,098 : INFO : EventManager : Event: ======'playfield_ball_count_change'====== Args={'balls': 1, 'change': 1}
2025-10-04 09:55:13,099 : INFO : EventManager : Event: ======'balldevice_bd_plunger_ball_count_changed'====== Args={'balls': 0}
2025-10-04 09:55:13,100 : INFO : ball_device.bd_plunger : State: idle
2025-10-04 09:55:13,162 : INFO : SwitchController : <<<<<<< 's_right_rollover' inactive >>>>>>>
2025-10-04 09:55:17,949 : INFO : SwitchController : <<<<<<< 's_center_rollover' active >>>>>>>
2025-10-04 09:55:17,950 : INFO : EventManager : Event: ======'s_center_rollover_active'====== Args={}
2025-10-04 09:55:17,950 : INFO : EventManager : Event: ======'machine_var_audits_switches_s_center_rollover'====== Args={'value': 90, 'prev_value': 89, 'change': 1}
2025-10-04 09:55:17,954 : INFO : EventManager : Event: ======'player_shot_center_rollover_shot'====== Args={'value': 1, 'prev_value': 0, 'change': 1, 'player_num': 1}
2025-10-04 09:55:17,956 : INFO : EventManager : Event: ======'machine_var_audits_shots_center_rollover_shot'====== Args={'value': 83, 'prev_value': 82, 'change': 1}
2025-10-04 09:55:17,958 : INFO : EventManager : Event: ======'center_rollover_shot_hit'====== Args={'profile': 'default', 'state': 'unlit', 'advancing': True}
2025-10-04 09:55:17,959 : INFO : EventManager : Event: ======'center_rollover_shot_default_hit'====== Args={'profile': 'default', 'state': 'unlit', 'advancing': True}
2025-10-04 09:55:17,959 : INFO : EventManager : Event: ======'center_rollover_shot_default_unlit_hit'====== Args={'profile': 'default', 'state': 'unlit', 'advancing': True}
2025-10-04 09:55:17,960 : INFO : EventManager : Event: ======'center_rollover_shot_unlit_hit'====== Args={'profile': 'default', 'state': 'unlit', 'advancing': True}
2025-10-04 09:55:17,962 : INFO : EventManager : Event: ======'player_score'====== Args={'value': 6100, 'prev_value': 5900, 'change': 200, 'player_num': 1, 'source': 'base'}
2025-10-04 09:55:17,963 : INFO : EventManager : Event: ======'rollover_lanes_hit'====== Args={}
2025-10-04 09:55:17,964 : INFO : EventManager : Event: ======'rollover_lanes_unlit_hit'====== Args={}
2025-10-04 09:55:18,042 : INFO : SwitchController : <<<<<<< 's_center_rollover' inactive >>>>>>>
2025-10-04 09:55:18,852 : INFO : SwitchController : <<<<<<< 's_left_rollover' active >>>>>>>
2025-10-04 09:55:18,852 : INFO : EventManager : Event: ======'s_left_rollover_active'====== Args={}
2025-10-04 09:55:18,853 : INFO : EventManager : Event: ======'machine_var_audits_switches_s_left_rollover'====== Args={'value': 34, 'prev_value': 33, 'change': 1}
2025-10-04 09:55:18,855 : INFO : EventManager : Event: ======'player_shot_left_rollover_shot'====== Args={'value': 1, 'prev_value': 0, 'change': 1, 'player_num': 1}
2025-10-04 09:55:18,856 : INFO : EventManager : Event: ======'machine_var_audits_shots_left_rollover_shot'====== Args={'value': 28, 'prev_value': 27, 'change': 1}
2025-10-04 09:55:18,857 : INFO : EventManager : Event: ======'left_rollover_shot_hit'====== Args={'profile': 'default', 'state': 'unlit', 'advancing': True}
2025-10-04 09:55:18,858 : INFO : EventManager : Event: ======'left_rollover_shot_default_hit'====== Args={'profile': 'default', 'state': 'unlit', 'advancing': True}
2025-10-04 09:55:18,858 : INFO : EventManager : Event: ======'left_rollover_shot_default_unlit_hit'====== Args={'profile': 'default', 'state': 'unlit', 'advancing': True}
2025-10-04 09:55:18,859 : INFO : EventManager : Event: ======'left_rollover_shot_unlit_hit'====== Args={'profile': 'default', 'state': 'unlit', 'advancing': True}
2025-10-04 09:55:18,859 : INFO : EventManager : Event: ======'rollover_lanes_complete'====== Args={'state': 'lit'}
2025-10-04 09:55:18,859 : INFO : EventManager : Event: ======'rollover_lanes_lit_complete'====== Args={}
2025-10-04 09:55:18,861 : INFO : EventManager : Event: ======'player_shot_left_rollover_shot'====== Args={'value': 0, 'prev_value': 1, 'change': -1, 'player_num': 1}
2025-10-04 09:55:18,863 : INFO : EventManager : Event: ======'player_shot_center_rollover_shot'====== Args={'value': 0, 'prev_value': 1, 'change': -1, 'player_num': 1}
2025-10-04 09:55:18,864 : INFO : EventManager : Event: ======'player_shot_right_rollover_shot'====== Args={'value': 0, 'prev_value': 1, 'change': -1, 'player_num': 1}
2025-10-04 09:55:18,865 : INFO : EventManager : Event: ======'player_score'====== Args={'value': 11100, 'prev_value': 6100, 'change': 5000, 'player_num': 1, 'source': 'base'}
2025-10-04 09:55:18,867 : INFO : EventManager : Event: ======'rollover_lanes_complete'====== Args={'state': 'unlit'}
2025-10-04 09:55:18,867 : INFO : EventManager : Event: ======'rollover_lanes_unlit_complete'====== Args={}
2025-10-04 09:55:18,873 : INFO : EventManager : Event: ======'player_score'====== Args={'value': 11200, 'prev_value': 11100, 'change': 100, 'player_num': 1, 'source': 'base'}
2025-10-04 09:55:18,874 : INFO : EventManager : Event: ======'rollover_lanes_hit'====== Args={}
2025-10-04 09:55:18,874 : INFO : EventManager : Event: ======'rollover_lanes_unlit_hit'====== Args={}
2025-10-04 09:55:18,946 : INFO : SwitchController : <<<<<<< 's_left_rollover' inactive >>>>>>>
2025-10-04 09:55:24,715 : INFO : SwitchController : <<<<<<< 's_trough1' active >>>>>>>
2025-10-04 09:55:24,715 : INFO : EventManager : Event: ======'machine_var_audits_switches_s_trough1'====== Args={'value': 80, 'prev_value': 79, 'change': 1}
2025-10-04 09:55:25,224 : INFO : EventManager : Event: ======'balldevice_bd_trough_ball_count_changed'====== Args={'balls': 6}
2025-10-04 09:55:25,225 : INFO : ball_device.bd_trough : Received unexpected ball
2025-10-04 09:55:25,225 : INFO : EventManager : Event: ======'balldevice_captured_from_playfield'====== Args={'balls': 1}
2025-10-04 09:55:25,227 : INFO : EventManager : Event: ======'sw_playfield_active'====== Args={'balls': 1}
2025-10-04 09:55:25,227 : INFO : EventManager : Event: ======'playfield_ball_count_change'====== Args={'balls': 0, 'change': -1}
2025-10-04 09:55:25,229 : INFO : EventManager : Event: ======'balldevice_bd_trough_ball_enter'====== Args={'new_balls': 1, 'unclaimed_balls': 1, 'new_available_balls': 1, 'device': <ball_device.bd_trough>}
2025-10-04 09:55:25,231 : INFO : EventManager : Event: ======'ball_drain'====== Args={'device': <ball_device.bd_trough>, 'balls': 1}
2025-10-04 09:55:25,233 : INFO : EventManager : Event: ======'ball_will_end'====== Args={}
2025-10-04 09:55:25,234 : INFO : EventManager : Event: ======'balldevice_balls_available'====== Args={}
2025-10-04 09:55:25,235 : INFO : EventManager : Event: ======'balldevice_bd_trough_ball_entered'====== Args={'new_balls': 1, 'device': <ball_device.bd_trough>}
2025-10-04 09:55:25,238 : INFO : EventManager : Event: ======'ball_ending'====== Args={}
2025-10-04 09:55:25,240 : INFO : EventManager : Event: ======'mode_base_will_stop'====== Args={}
2025-10-04 09:55:25,241 : INFO : EventManager : Event: ======'mode_base_stopping'====== Args={}
2025-10-04 09:55:25,242 : INFO : Mode.base : Stopped.
2025-10-04 09:55:25,242 : INFO : EventManager : Event: ======'modes_active_modes_changed'====== Args={}
2025-10-04 09:55:25,243 : INFO : EventManager : Event: ======'mode_base_stopped'====== Args={}
2025-10-04 09:55:25,245 : INFO : EventManager : Event: ======'clear'====== Args={'key': 'base'}
2025-10-04 09:55:25,322 : INFO : EventManager : Event: ======'ball_ended'====== Args={}
2025-10-04 09:55:25,322 : INFO : EventManager : Event: ======'slide_base.slide_player-mode_base_started_removed'====== Args={'_from_bcp': True}
2025-10-04 09:55:25,323 : INFO : EventManager : Event: ======'slide_window_blank_active'====== Args={'_from_bcp': True}
2025-10-04 09:55:25,324 : INFO : EventManager : Event: ======'player_turn_will_end'====== Args={'player': <Player 1>, 'number': 1}
2025-10-04 09:55:25,327 : INFO : EventManager : Event: ======'player_turn_ending'====== Args={'player': <Player 1>, 'number': 1}
2025-10-04 09:55:25,327 : INFO : EventManager : Event: ======'player_turn_ended'====== Args={'player': <Player 1>, 'number': 1}
2025-10-04 09:55:25,328 : INFO : EventManager : Event: ======'game_will_end'====== Args={}
2025-10-04 09:55:25,328 : INFO : EventManager : Event: ======'game_ending'====== Args={}
2025-10-04 09:55:25,329 : INFO : EventManager : Event: ======'machine_var_player1_score'====== Args={'value': 11200, 'prev_value': 10994, 'change': 206}
2025-10-04 09:55:25,329 : INFO : EventManager : Event: ======'game_ended'====== Args={}
2025-10-04 09:55:25,329 : INFO : EventManager : Event: ======'mode_game_will_stop'====== Args={}
2025-10-04 09:55:25,330 : INFO : EventManager : Event: ======'mode_game_stopping'====== Args={}
2025-10-04 09:55:25,330 : INFO : EventManager : Event: ======'mode_attract_will_start'====== Args={}
2025-10-04 09:55:25,330 : INFO : EventManager : Event: ======'mode_attract_starting'====== Args={}
2025-10-04 09:55:25,330 : INFO : Mode.attract : Started. Priority: 10
2025-10-04 09:55:25,330 : INFO : EventManager : Event: ======'modes_active_modes_changed'====== Args={}
2025-10-04 09:55:25,330 : INFO : EventManager : Event: ======'mode_attract_started'====== Args={}
2025-10-04 09:55:25,331 : INFO : EventManager : Event: ======'collecting_balls_complete'====== Args={}
2025-10-04 09:55:25,382 : INFO : Mode.game : Stopped.
2025-10-04 09:55:25,382 : INFO : EventManager : Event: ======'modes_active_modes_changed'====== Args={}
2025-10-04 09:55:25,383 : INFO : EventManager : Event: ======'mode_game_stopped'====== Args={}
2025-10-04 09:55:25,383 : INFO : EventManager : Event: ======'clear'====== Args={'key': 'game'}
2025-10-04 09:55:25,384 : INFO : EventManager : Event: ======'slide_awesome_slide_created'====== Args={'_from_bcp': True}
2025-10-04 09:55:25,385 : INFO : EventManager : Event: ======'slide_awesome_slide_active'====== Args={'_from_bcp': True}
2025-10-04 09:55:28,374 : INFO : EventManager : Event: ======'slide_press_start_created'====== Args={'_from_bcp': True}
2025-10-04 09:55:28,378 : INFO : EventManager : Event: ======'slide_press_start_active'====== Args={'_from_bcp': True}
2025-10-04 09:55:31,365 : INFO : EventManager : Event: ======'slide_mission_pinball_created'====== Args={'_from_bcp': True}
2025-10-04 09:55:31,368 : INFO : EventManager : Event: ======'slide_mission_pinball_active'====== Args={'_from_bcp': True}
2025-10-04 09:55:34,362 : INFO : EventManager : Event: ======'slide_last_game_score_slide_created'====== Args={'_from_bcp': True}
2025-10-04 09:55:34,367 : INFO : EventManager : Event: ======'slide_last_game_score_slide_active'====== Args={'_from_bcp': True}
2025-10-04 09:55:37,359 : INFO : EventManager : Event: ======'slide_awesome_slide_removed'====== Args={'_from_bcp': True}
2025-10-04 09:55:37,362 : INFO : EventManager : Event: ======'slide_awesome_slide_created'====== Args={'_from_bcp': True}
2025-10-04 09:55:37,365 : INFO : EventManager : Event: ======'slide_awesome_slide_active'====== Args={'_from_bcp': True}
2025-10-04 09:55:40,381 : INFO : EventManager : Event: ======'slide_press_start_removed'====== Args={'_from_bcp': True}
2025-10-04 09:55:40,385 : INFO : EventManager : Event: ======'slide_press_start_created'====== Args={'_from_bcp': True}
2025-10-04 09:55:40,387 : INFO : EventManager : Event: ======'slide_press_start_active'====== Args={'_from_bcp': True}
2025-10-04 09:55:43,352 : INFO : EventManager : Event: ======'slide_mission_pinball_removed'====== Args={'_from_bcp': True}
2025-10-04 09:55:43,353 : INFO : EventManager : Event: ======'slide_mission_pinball_created'====== Args={'_from_bcp': True}
2025-10-04 09:55:43,354 : INFO : EventManager : Event: ======'slide_mission_pinball_active'====== Args={'_from_bcp': True}
2025-10-04 09:55:46,356 : INFO : EventManager : Event: ======'slide_last_game_score_slide_removed'====== Args={'_from_bcp': True}
2025-10-04 09:55:46,367 : INFO : EventManager : Event: ======'slide_last_game_score_slide_created'====== Args={'_from_bcp': True}
2025-10-04 09:55:46,372 : INFO : EventManager : Event: ======'slide_last_game_score_slide_active'====== Args={'_from_bcp': True}
2025-10-04 09:55:48,672 : INFO : Machine : Shutting down...
2025-10-04 09:55:48,673 : INFO : EventManager : Event: ======'shutdown'====== Args={}
2025-10-04 09:55:48,680 : INFO : root : MPF run loop ended.
