2025-10-03 18:36:42,648 : INFO : root : Loading config.
2025-10-03 18:36:42,652 : INFO : YamlMultifileConfigLoader : Machine config file #1: config.yaml
2025-10-03 18:36:42,653 : WARNING : ConfigProcessor : Config file in cache changed: C:\Users\richa\ttp5\config\config.yaml
2025-10-03 18:36:42,653 : INFO : ConfigProcessor : Loading config from file C:\Users\richa\mpfvirtual4\lib\site-packages\mpf\mpfconfig.yaml.
2025-10-03 18:36:42,667 : INFO : ConfigProcessor : Loading config: C:\Users\richa\mpfvirtual4\lib\site-packages\mpf\mpfconfig.yaml
2025-10-03 18:36:42,668 : INFO : ConfigProcessor : Loading config from file C:\Users\richa\ttp5\config\config.yaml.
2025-10-03 18:36:42,679 : INFO : ConfigProcessor : Loading config: C:\Users\richa\ttp5\config\config.yaml
2025-10-03 18:36:42,681 : INFO : ConfigProcessor : Loading config: C:\Users\richa\ttp5\config\config_ball_devices.yaml
2025-10-03 18:36:42,682 : INFO : ConfigProcessor : Loading config: C:\Users\richa\ttp5\config\config_coils.yaml
2025-10-03 18:36:42,683 : INFO : ConfigProcessor : Loading config: C:\Users\richa\ttp5\config\config_flippers.yaml
2025-10-03 18:36:42,686 : INFO : ConfigProcessor : Loading config: C:\Users\richa\ttp5\config\config_switches.yaml
2025-10-03 18:36:42,687 : INFO : ConfigProcessor : Config file cache created: C:\Users\richa\AppData\Local\Temp\bad76953a596b8c99f832e0e98026c3b.mpf_cache
2025-10-03 18:36:42,762 : INFO : ConfigProcessor : Loading config from cache: C:\Users\richa\AppData\Local\Temp\77a998d318c788df5647a1900cedfc56.mpf_cache
2025-10-03 18:36:42,763 : INFO : ConfigProcessor : Loading config from cache: C:\Users\richa\AppData\Local\Temp\9c8dea79ca4d15ee886340e992e8cb9d.mpf_cache
2025-10-03 18:36:42,764 : INFO : ConfigProcessor : Loading config from cache: C:\Users\richa\AppData\Local\Temp\8ddee2e87a4f178751335e99da00e9c4.mpf_cache
2025-10-03 18:36:42,765 : INFO : ConfigProcessor : Loading config from cache: C:\Users\richa\AppData\Local\Temp\16d594341c3fbe91b1b6d496c05a6fb0.mpf_cache
2025-10-03 18:36:42,765 : INFO : ConfigProcessor : Loading config from cache: C:\Users\richa\AppData\Local\Temp\9ea1b14cb2b1cce5e8bf981a1ff8cfc5.mpf_cache
2025-10-03 18:36:42,766 : INFO : Machine : Mission Pinball Framework Core Engine v0.57.0.dev39
2025-10-03 18:36:42,766 : INFO : Machine : Command line arguments: {'no_load_cache': False, 'create_config_cache': True, 'bcp': True, 'configfile': ['config.yaml'], 'force_assets_load': False, 'jsonlogging': False, 'logfile': 'logs\\2025-10-03-18-36-42-mpf-DESKTOP-RK7BE5M.log', 'pause': False, 'production': False, 'text_ui': True, 'loglevel': 15, 'consoleloglevel': 20, 'force_platform': None, 'syslog_address': None, 'mc_file_name': None, 'no_sound': False}
2025-10-03 18:36:42,766 : INFO : Machine : MPF path: C:\Users\richa\mpfvirtual4\lib\site-packages\mpf
2025-10-03 18:36:42,766 : INFO : Machine : Machine path: C:\Users\richa\ttp5
2025-10-03 18:36:42,766 : INFO : Machine : Platform: win32
2025-10-03 18:36:42,766 : INFO : Machine : Python executable location: C:\Users\richa\mpfvirtual4\Scripts\python.exe
2025-10-03 18:36:42,766 : INFO : Machine : Python version: 3.9.13 (64-bit)
2025-10-03 18:36:42,768 : INFO : Machine : Initializing MPF...
2025-10-03 18:36:43,136 : INFO : EventManager : Event: ======'machine_var_credits_string'====== Args={'value': 'FREE PLAY', 'prev_value': None, 'change': True}
2025-10-03 18:36:43,200 : INFO : EventManager : Event: ======'machine_var_master_volume'====== Args={'value': 0.5, 'prev_value': None, 'change': True}
2025-10-03 18:36:43,200 : INFO : EventManager : Event: ======'machine_var_player1_score'====== Args={'value': 14636, 'prev_value': None, 'change': True}
2025-10-03 18:36:43,200 : INFO : EventManager : Event: ======'machine_var_mpf_version'====== Args={'value': 'Mission Pinball Framework v0.57.0.dev39', 'prev_value': None, 'change': True}
2025-10-03 18:36:43,200 : INFO : EventManager : Event: ======'machine_var_mpf_extended_version'====== Args={'value': 'Mission Pinball Framework v0.57.0.dev39, Config version:6, Show version: 6, BCP version:1.1', 'prev_value': None, 'change': True}
2025-10-03 18:36:43,200 : INFO : EventManager : Event: ======'machine_var_python_version'====== Args={'value': '3.9.13', 'prev_value': None, 'change': True}
2025-10-03 18:36:43,211 : INFO : EventManager : Event: ======'machine_var_platform'====== Args={'value': 'Windows-10-10.0.19045-SP0', 'prev_value': None, 'change': True}
2025-10-03 18:36:43,211 : INFO : EventManager : Event: ======'machine_var_platform_system'====== Args={'value': 'Windows', 'prev_value': None, 'change': True}
2025-10-03 18:36:43,211 : INFO : EventManager : Event: ======'machine_var_platform_release'====== Args={'value': '10', 'prev_value': None, 'change': True}
2025-10-03 18:36:43,211 : INFO : EventManager : Event: ======'machine_var_platform_version'====== Args={'value': '10.0.19045', 'prev_value': None, 'change': True}
2025-10-03 18:36:43,211 : INFO : EventManager : Event: ======'machine_var_platform_machine'====== Args={'value': 'AMD64', 'prev_value': None, 'change': True}
2025-10-03 18:36:43,211 : INFO : EventManager : Event: ======'init_phase_1'====== Args={}
2025-10-03 18:36:43,232 : INFO : EventManager : Event: ======'init_phase_2'====== Args={}
2025-10-03 18:36:43,232 : INFO : SwitchController : Found active switch: ('2', <Platform.SmartVirtual>) <switch.s_trough1>
2025-10-03 18:36:43,232 : INFO : SwitchController : Found active switch: ('3', <Platform.SmartVirtual>) <switch.s_trough2>
2025-10-03 18:36:43,232 : INFO : SwitchController : Found active switch: ('4', <Platform.SmartVirtual>) <switch.s_trough3>
2025-10-03 18:36:43,232 : INFO : SwitchController : Found active switch: ('5', <Platform.SmartVirtual>) <switch.s_trough4>
2025-10-03 18:36:43,232 : INFO : SwitchController : Found active switch: ('6', <Platform.SmartVirtual>) <switch.s_trough5>
2025-10-03 18:36:43,232 : INFO : SwitchController : Found active switch: ('7', <Platform.SmartVirtual>) <switch.s_trough6>
2025-10-03 18:36:43,235 : INFO : EventManager : Event: ======'bcp_connection_attempt'====== Args={'name': 'local_display', 'host': 'localhost', 'port': 5050}
2025-10-03 18:36:43,237 : INFO : BCPClientSocket : Connecting BCP to 'local_display' at localhost:5050...
2025-10-03 18:36:45,262 : INFO : BCPClientSocket : Connected BCP to 'local_display' localhost:5050
2025-10-03 18:36:45,263 : INFO : EventManager : Event: ======'bcp_clients_connected'====== Args={}
2025-10-03 18:36:45,560 : INFO : EventManager : Event: ======'machine_var_mc_version'====== Args={'value': 'MPF-MC v0.57.0.dev10', 'prev_value': None, 'change': True}
2025-10-03 18:36:45,560 : INFO : EventManager : Event: ======'machine_var_mc_extended_version'====== Args={'value': 'MPF-MC v0.57.0.dev10 (config_version=6, BCP v1.1,                      Requires MPF API compatibility v0.57.0.dev19 or newer)', 'prev_value': None, 'change': True}
2025-10-03 18:36:45,561 : INFO : ball_device.bd_trough : BCH: Initial count: 6
2025-10-03 18:36:45,617 : INFO : ball_device.bd_trough : State: idle
2025-10-03 18:36:45,617 : INFO : ball_device.bd_plunger : BCH: Initial count: 0
2025-10-03 18:36:45,617 : INFO : ball_device.bd_plunger : State: idle
2025-10-03 18:36:45,626 : INFO : EventManager : Event: ======'init_phase_3'====== Args={}
2025-10-03 18:36:45,630 : INFO : EventManager : Event: ======'init_phase_4'====== Args={}
2025-10-03 18:36:45,631 : INFO : BallController : Initial balls found: 6
2025-10-03 18:36:45,632 : INFO : EventManager : Event: ======'machine_var_audits_events_game_ended'====== Args={'value': 10, 'prev_value': None, 'change': True}
2025-10-03 18:36:45,632 : INFO : EventManager : Event: ======'machine_var_audits_events_game_started'====== Args={'value': 42, 'prev_value': None, 'change': True}
2025-10-03 18:36:45,633 : INFO : EventManager : Event: ======'machine_var_audits_missing_switches_s_left_flipper'====== Args={'value': 5, 'prev_value': None, 'change': True}
2025-10-03 18:36:45,633 : INFO : EventManager : Event: ======'machine_var_audits_missing_switches_s_left_inlane'====== Args={'value': 5, 'prev_value': None, 'change': True}
2025-10-03 18:36:45,633 : INFO : EventManager : Event: ======'machine_var_audits_missing_switches_s_left_outlane'====== Args={'value': 5, 'prev_value': None, 'change': True}
2025-10-03 18:36:45,633 : INFO : EventManager : Event: ======'machine_var_audits_missing_switches_s_right_flipper'====== Args={'value': 5, 'prev_value': None, 'change': True}
2025-10-03 18:36:45,633 : INFO : EventManager : Event: ======'machine_var_audits_missing_switches_s_right_outlane'====== Args={'value': 5, 'prev_value': None, 'change': True}
2025-10-03 18:36:45,633 : INFO : EventManager : Event: ======'machine_var_audits_missing_switches_s_sling_left'====== Args={'value': 9, 'prev_value': None, 'change': True}
2025-10-03 18:36:45,634 : INFO : EventManager : Event: ======'machine_var_audits_missing_switches_s_sling_right'====== Args={'value': 9, 'prev_value': None, 'change': True}
2025-10-03 18:36:45,634 : INFO : EventManager : Event: ======'machine_var_audits_missing_switches_s_start'====== Args={'value': 6, 'prev_value': None, 'change': True}
2025-10-03 18:36:45,634 : INFO : EventManager : Event: ======'machine_var_audits_missing_switches_s_trough2'====== Args={'value': 42, 'prev_value': None, 'change': True}
2025-10-03 18:36:45,634 : INFO : EventManager : Event: ======'machine_var_audits_missing_switches_s_trough3'====== Args={'value': 42, 'prev_value': None, 'change': True}
2025-10-03 18:36:45,634 : INFO : EventManager : Event: ======'machine_var_audits_missing_switches_s_trough4'====== Args={'value': 42, 'prev_value': None, 'change': True}
2025-10-03 18:36:45,634 : INFO : EventManager : Event: ======'machine_var_audits_missing_switches_s_trough5'====== Args={'value': 42, 'prev_value': None, 'change': True}
2025-10-03 18:36:45,635 : INFO : EventManager : Event: ======'machine_var_audits_missing_switches_s_trough6'====== Args={'value': 42, 'prev_value': None, 'change': True}
2025-10-03 18:36:45,635 : INFO : EventManager : Event: ======'machine_var_audits_missing_switches_s_trough_jam'====== Args={'value': 42, 'prev_value': None, 'change': True}
2025-10-03 18:36:45,635 : INFO : EventManager : Event: ======'machine_var_audits_player_score'====== Args={'value': {'average': 11645, 'top': [28284, 25272, 22800, 14636, 13400, 11420, 10700, 8000, 2562, 0], 'total': 12}, 'prev_value': None, 'change': True}
2025-10-03 18:36:45,635 : INFO : EventManager : Event: ======'machine_var_audits_shots_center_rollover_shot'====== Args={'value': 28, 'prev_value': None, 'change': True}
2025-10-03 18:36:45,635 : INFO : EventManager : Event: ======'machine_var_audits_shots_middle_inlane_shot'====== Args={'value': 20, 'prev_value': None, 'change': True}
2025-10-03 18:36:45,636 : INFO : EventManager : Event: ======'machine_var_audits_shots_my_first_shot'====== Args={'value': 69, 'prev_value': None, 'change': True}
2025-10-03 18:36:45,636 : INFO : EventManager : Event: ======'machine_var_audits_shots_top_middle_inlane_shot'====== Args={'value': 41, 'prev_value': None, 'change': True}
2025-10-03 18:36:45,636 : INFO : EventManager : Event: ======'machine_var_audits_switches_s_center_rollover'====== Args={'value': 28, 'prev_value': None, 'change': True}
2025-10-03 18:36:45,636 : INFO : EventManager : Event: ======'machine_var_audits_switches_s_left_flipper'====== Args={'value': 260, 'prev_value': None, 'change': True}
2025-10-03 18:36:45,636 : INFO : EventManager : Event: ======'machine_var_audits_switches_s_left_inlane'====== Args={'value': 7, 'prev_value': None, 'change': True}
2025-10-03 18:36:45,637 : INFO : EventManager : Event: ======'machine_var_audits_switches_s_left_outlane'====== Args={'value': 3, 'prev_value': None, 'change': True}
2025-10-03 18:36:45,637 : INFO : EventManager : Event: ======'machine_var_audits_switches_s_middle_inlane'====== Args={'value': 20, 'prev_value': None, 'change': True}
2025-10-03 18:36:45,637 : INFO : EventManager : Event: ======'machine_var_audits_switches_s_plunger'====== Args={'value': 81, 'prev_value': None, 'change': True}
2025-10-03 18:36:45,637 : INFO : EventManager : Event: ======'machine_var_audits_switches_s_right_flipper'====== Args={'value': 78, 'prev_value': None, 'change': True}
2025-10-03 18:36:45,638 : INFO : EventManager : Event: ======'machine_var_audits_switches_s_right_inlane'====== Args={'value': 101, 'prev_value': None, 'change': True}
2025-10-03 18:36:45,638 : INFO : EventManager : Event: ======'machine_var_audits_switches_s_right_outlane'====== Args={'value': 3, 'prev_value': None, 'change': True}
2025-10-03 18:36:45,638 : INFO : EventManager : Event: ======'machine_var_audits_switches_s_sling_left'====== Args={'value': 2, 'prev_value': None, 'change': True}
2025-10-03 18:36:45,639 : INFO : EventManager : Event: ======'machine_var_audits_switches_s_sling_right'====== Args={'value': 1, 'prev_value': None, 'change': True}
2025-10-03 18:36:45,639 : INFO : EventManager : Event: ======'machine_var_audits_switches_s_start'====== Args={'value': 12, 'prev_value': None, 'change': True}
2025-10-03 18:36:45,639 : INFO : EventManager : Event: ======'machine_var_audits_switches_s_top_middle_inlane'====== Args={'value': 41, 'prev_value': None, 'change': True}
2025-10-03 18:36:45,640 : INFO : EventManager : Event: ======'machine_var_audits_switches_s_trough1'====== Args={'value': 57, 'prev_value': None, 'change': True}
2025-10-03 18:36:45,640 : INFO : EventManager : Event: ======'machine_var_audits_switches_s_trough2'====== Args={'value': 0, 'prev_value': None, 'change': True}
2025-10-03 18:36:45,640 : INFO : EventManager : Event: ======'machine_var_audits_switches_s_trough3'====== Args={'value': 0, 'prev_value': None, 'change': True}
2025-10-03 18:36:45,640 : INFO : EventManager : Event: ======'machine_var_audits_switches_s_trough4'====== Args={'value': 0, 'prev_value': None, 'change': True}
2025-10-03 18:36:45,641 : INFO : EventManager : Event: ======'machine_var_audits_switches_s_trough5'====== Args={'value': 0, 'prev_value': None, 'change': True}
2025-10-03 18:36:45,641 : INFO : EventManager : Event: ======'machine_var_audits_switches_s_trough6'====== Args={'value': 0, 'prev_value': None, 'change': True}
2025-10-03 18:36:45,641 : INFO : EventManager : Event: ======'machine_var_audits_switches_s_trough_jam'====== Args={'value': 0, 'prev_value': None, 'change': True}
2025-10-03 18:36:45,642 : INFO : EventManager : Event: ======'init_phase_5'====== Args={}
2025-10-03 18:36:45,691 : INFO : EventManager : Event: ======'init_done'====== Args={}
2025-10-03 18:36:45,692 : INFO : EventManager : Event: ======'machine_reset_phase_1'====== Args={}
2025-10-03 18:36:45,700 : INFO : EventManager : Event: ======'machine_reset_phase_2'====== Args={}
2025-10-03 18:36:45,700 : INFO : EventManager : Event: ======'machine_reset_phase_3'====== Args={}
2025-10-03 18:36:45,700 : INFO : EventManager : Event: ======'reset_complete'====== Args={}
2025-10-03 18:36:45,700 : INFO : EventManager : Event: ======'mode_attract_will_start'====== Args={}
2025-10-03 18:36:45,700 : INFO : EventManager : Event: ======'mode_attract_starting'====== Args={}
2025-10-03 18:36:45,700 : INFO : Mode.attract : Started. Priority: 10
2025-10-03 18:36:45,700 : INFO : EventManager : Event: ======'modes_active_modes_changed'====== Args={}
2025-10-03 18:36:45,700 : INFO : EventManager : Event: ======'mode_attract_started'====== Args={}
2025-10-03 18:36:45,701 : INFO : EventManager : Event: ======'collecting_balls_complete'====== Args={}
2025-10-03 18:36:45,751 : INFO : EventManager : Event: ======'slide_awesome_slide_created'====== Args={'_from_bcp': True}
2025-10-03 18:36:45,751 : INFO : EventManager : Event: ======'slide_awesome_slide_active'====== Args={'_from_bcp': True}
2025-10-03 18:36:45,751 : INFO : Machine : Starting the main run loop.
2025-10-03 18:36:45,976 : INFO : BcpServer : New client connected.
2025-10-03 18:36:48,730 : INFO : EventManager : Event: ======'slide_press_start_created'====== Args={'_from_bcp': True}
2025-10-03 18:36:48,731 : INFO : EventManager : Event: ======'slide_press_start_active'====== Args={'_from_bcp': True}
2025-10-03 18:36:51,704 : INFO : EventManager : Event: ======'slide_mission_pinball_created'====== Args={'_from_bcp': True}
2025-10-03 18:36:51,706 : INFO : EventManager : Event: ======'slide_mission_pinball_active'====== Args={'_from_bcp': True}
2025-10-03 18:36:54,719 : INFO : EventManager : Event: ======'slide_last_game_score_slide_created'====== Args={'_from_bcp': True}
2025-10-03 18:36:54,722 : INFO : EventManager : Event: ======'slide_last_game_score_slide_active'====== Args={'_from_bcp': True}
2025-10-03 18:36:57,694 : INFO : EventManager : Event: ======'slide_awesome_slide_removed'====== Args={'_from_bcp': True}
2025-10-03 18:36:57,694 : INFO : EventManager : Event: ======'slide_awesome_slide_created'====== Args={'_from_bcp': True}
2025-10-03 18:36:57,696 : INFO : EventManager : Event: ======'slide_awesome_slide_active'====== Args={'_from_bcp': True}
2025-10-03 18:37:00,710 : INFO : EventManager : Event: ======'slide_press_start_removed'====== Args={'_from_bcp': True}
2025-10-03 18:37:00,713 : INFO : EventManager : Event: ======'slide_press_start_created'====== Args={'_from_bcp': True}
2025-10-03 18:37:00,714 : INFO : EventManager : Event: ======'slide_press_start_active'====== Args={'_from_bcp': True}
2025-10-03 18:37:03,701 : INFO : EventManager : Event: ======'slide_mission_pinball_removed'====== Args={'_from_bcp': True}
2025-10-03 18:37:03,702 : INFO : EventManager : Event: ======'slide_mission_pinball_created'====== Args={'_from_bcp': True}
2025-10-03 18:37:03,704 : INFO : EventManager : Event: ======'slide_mission_pinball_active'====== Args={'_from_bcp': True}
2025-10-03 18:37:06,706 : INFO : EventManager : Event: ======'slide_last_game_score_slide_removed'====== Args={'_from_bcp': True}
2025-10-03 18:37:06,716 : INFO : EventManager : Event: ======'slide_last_game_score_slide_created'====== Args={'_from_bcp': True}
2025-10-03 18:37:06,720 : INFO : EventManager : Event: ======'slide_last_game_score_slide_active'====== Args={'_from_bcp': True}
2025-10-03 18:37:09,712 : INFO : EventManager : Event: ======'slide_awesome_slide_removed'====== Args={'_from_bcp': True}
2025-10-03 18:37:09,712 : INFO : EventManager : Event: ======'slide_awesome_slide_created'====== Args={'_from_bcp': True}
2025-10-03 18:37:09,714 : INFO : EventManager : Event: ======'slide_awesome_slide_active'====== Args={'_from_bcp': True}
2025-10-03 18:37:12,702 : INFO : EventManager : Event: ======'slide_press_start_removed'====== Args={'_from_bcp': True}
2025-10-03 18:37:12,704 : INFO : EventManager : Event: ======'slide_press_start_created'====== Args={'_from_bcp': True}
2025-10-03 18:37:12,705 : INFO : EventManager : Event: ======'slide_press_start_active'====== Args={'_from_bcp': True}
2025-10-03 18:37:15,706 : INFO : EventManager : Event: ======'slide_mission_pinball_removed'====== Args={'_from_bcp': True}
2025-10-03 18:37:15,707 : INFO : EventManager : Event: ======'slide_mission_pinball_created'====== Args={'_from_bcp': True}
2025-10-03 18:37:15,708 : INFO : EventManager : Event: ======'slide_mission_pinball_active'====== Args={'_from_bcp': True}
2025-10-03 18:37:18,723 : INFO : EventManager : Event: ======'slide_last_game_score_slide_removed'====== Args={'_from_bcp': True}
2025-10-03 18:37:18,723 : INFO : EventManager : Event: ======'slide_last_game_score_slide_created'====== Args={'_from_bcp': True}
2025-10-03 18:37:18,726 : INFO : EventManager : Event: ======'slide_last_game_score_slide_active'====== Args={'_from_bcp': True}
2025-10-03 18:37:21,708 : INFO : EventManager : Event: ======'slide_awesome_slide_removed'====== Args={'_from_bcp': True}
2025-10-03 18:37:21,711 : INFO : EventManager : Event: ======'slide_awesome_slide_created'====== Args={'_from_bcp': True}
2025-10-03 18:37:21,713 : INFO : EventManager : Event: ======'slide_awesome_slide_active'====== Args={'_from_bcp': True}
2025-10-03 18:37:24,710 : INFO : EventManager : Event: ======'slide_press_start_removed'====== Args={'_from_bcp': True}
2025-10-03 18:37:24,743 : INFO : EventManager : Event: ======'slide_press_start_created'====== Args={'_from_bcp': True}
2025-10-03 18:37:24,747 : INFO : EventManager : Event: ======'slide_press_start_active'====== Args={'_from_bcp': True}
2025-10-03 18:37:27,708 : INFO : EventManager : Event: ======'slide_mission_pinball_removed'====== Args={'_from_bcp': True}
2025-10-03 18:37:27,710 : INFO : EventManager : Event: ======'slide_mission_pinball_created'====== Args={'_from_bcp': True}
2025-10-03 18:37:27,711 : INFO : EventManager : Event: ======'slide_mission_pinball_active'====== Args={'_from_bcp': True}
2025-10-03 18:37:30,709 : INFO : EventManager : Event: ======'slide_last_game_score_slide_removed'====== Args={'_from_bcp': True}
2025-10-03 18:37:30,712 : INFO : EventManager : Event: ======'slide_last_game_score_slide_created'====== Args={'_from_bcp': True}
2025-10-03 18:37:30,713 : INFO : EventManager : Event: ======'slide_last_game_score_slide_active'====== Args={'_from_bcp': True}
2025-10-03 18:37:33,714 : INFO : EventManager : Event: ======'slide_awesome_slide_removed'====== Args={'_from_bcp': True}
2025-10-03 18:37:33,715 : INFO : EventManager : Event: ======'slide_awesome_slide_created'====== Args={'_from_bcp': True}
2025-10-03 18:37:33,716 : INFO : EventManager : Event: ======'slide_awesome_slide_active'====== Args={'_from_bcp': True}
2025-10-03 18:37:36,704 : INFO : EventManager : Event: ======'slide_press_start_removed'====== Args={'_from_bcp': True}
2025-10-03 18:37:36,704 : INFO : EventManager : Event: ======'slide_press_start_created'====== Args={'_from_bcp': True}
2025-10-03 18:37:36,705 : INFO : EventManager : Event: ======'slide_press_start_active'====== Args={'_from_bcp': True}
2025-10-03 18:37:39,707 : INFO : EventManager : Event: ======'slide_mission_pinball_removed'====== Args={'_from_bcp': True}
2025-10-03 18:37:39,708 : INFO : EventManager : Event: ======'slide_mission_pinball_created'====== Args={'_from_bcp': True}
2025-10-03 18:37:39,709 : INFO : EventManager : Event: ======'slide_mission_pinball_active'====== Args={'_from_bcp': True}
2025-10-03 18:37:42,704 : INFO : EventManager : Event: ======'slide_last_game_score_slide_removed'====== Args={'_from_bcp': True}
2025-10-03 18:37:42,705 : INFO : EventManager : Event: ======'slide_last_game_score_slide_created'====== Args={'_from_bcp': True}
2025-10-03 18:37:42,706 : INFO : EventManager : Event: ======'slide_last_game_score_slide_active'====== Args={'_from_bcp': True}
2025-10-03 18:37:45,706 : INFO : EventManager : Event: ======'slide_awesome_slide_removed'====== Args={'_from_bcp': True}
2025-10-03 18:37:45,707 : INFO : EventManager : Event: ======'slide_awesome_slide_created'====== Args={'_from_bcp': True}
2025-10-03 18:37:45,709 : INFO : EventManager : Event: ======'slide_awesome_slide_active'====== Args={'_from_bcp': True}
2025-10-03 18:37:48,701 : INFO : EventManager : Event: ======'slide_press_start_removed'====== Args={'_from_bcp': True}
2025-10-03 18:37:48,705 : INFO : EventManager : Event: ======'slide_press_start_created'====== Args={'_from_bcp': True}
2025-10-03 18:37:48,706 : INFO : EventManager : Event: ======'slide_press_start_active'====== Args={'_from_bcp': True}
2025-10-03 18:37:51,701 : INFO : EventManager : Event: ======'slide_mission_pinball_removed'====== Args={'_from_bcp': True}
2025-10-03 18:37:51,702 : INFO : EventManager : Event: ======'slide_mission_pinball_created'====== Args={'_from_bcp': True}
2025-10-03 18:37:51,704 : INFO : EventManager : Event: ======'slide_mission_pinball_active'====== Args={'_from_bcp': True}
2025-10-03 18:37:54,724 : INFO : EventManager : Event: ======'slide_last_game_score_slide_removed'====== Args={'_from_bcp': True}
2025-10-03 18:37:54,725 : INFO : EventManager : Event: ======'slide_last_game_score_slide_created'====== Args={'_from_bcp': True}
2025-10-03 18:37:54,725 : INFO : EventManager : Event: ======'slide_last_game_score_slide_active'====== Args={'_from_bcp': True}
2025-10-03 18:37:56,112 : INFO : SwitchController : <<<<<<< 's_start' active >>>>>>>
2025-10-03 18:37:56,226 : INFO : SwitchController : <<<<<<< 's_start' inactive >>>>>>>
2025-10-03 18:37:56,226 : INFO : EventManager : Event: ======'request_to_start_game'====== Args={}
2025-10-03 18:37:56,227 : INFO : EventManager : Event: ======'game_start'====== Args={'buttons': [], 'hold_time': 0.10899999999674037}
2025-10-03 18:37:56,227 : INFO : EventManager : Event: ======'mode_game_will_start'====== Args={'buttons': [], 'hold_time': 0.10899999999674037}
2025-10-03 18:37:56,229 : INFO : EventManager : Event: ======'mode_game_starting'====== Args={'buttons': [], 'hold_time': 0.10899999999674037}
2025-10-03 18:37:56,229 : INFO : EventManager : Event: ======'mode_attract_will_stop'====== Args={}
2025-10-03 18:37:56,229 : INFO : EventManager : Event: ======'mode_attract_stopping'====== Args={}
2025-10-03 18:37:56,229 : INFO : Mode.attract : Stopped.
2025-10-03 18:37:56,230 : INFO : EventManager : Event: ======'modes_active_modes_changed'====== Args={}
2025-10-03 18:37:56,230 : INFO : EventManager : Event: ======'mode_attract_stopped'====== Args={}
2025-10-03 18:37:56,230 : INFO : EventManager : Event: ======'clear'====== Args={'key': 'attract'}
2025-10-03 18:37:56,231 : INFO : Mode.game : Started. Priority: 20
2025-10-03 18:37:56,231 : INFO : EventManager : Event: ======'modes_active_modes_changed'====== Args={}
2025-10-03 18:37:56,231 : INFO : EventManager : Event: ======'mode_game_started'====== Args={'buttons': [], 'hold_time': 0.10899999999674037}
2025-10-03 18:37:56,244 : INFO : EventManager : Event: ======'game_will_start'====== Args={}
2025-10-03 18:37:56,245 : INFO : EventManager : Event: ======'game_starting'====== Args={'game': <Mode.game>}
2025-10-03 18:37:56,247 : INFO : EventManager : Unordered handler for class <Auditor> on event game_ended with priority 1. Handlers: [RegisteredHandler(callback=<bound method Auditor.disable of <Auditor>>, priority=1, kwargs={}, key=UUID('8d72b04f-2bd5-459a-a3d4-03475656e203'), condition=None, blocking_facility=None), RegisteredHandler(callback=<bound method Auditor._save_audits of <Auditor>>, priority=1, kwargs={}, key=UUID('26b4a35c-1d31-485f-a523-ded6cda646dc'), condition=None, blocking_facility=None)]. The order of those handlers is not defined and they will be executed in random order. This might lead to race conditions and potential bugs.
2025-10-03 18:37:56,247 : INFO : EventManager : Event: ======'player_add_request'====== Args={}
2025-10-03 18:37:56,248 : INFO : EventManager : Event: ======'player_will_add'====== Args={'number': 1}
2025-10-03 18:37:56,248 : INFO : EventManager : Event: ======'player_adding'====== Args={'player': <Player 1>, 'number': 1}
2025-10-03 18:37:56,248 : INFO : EventManager : Event: ======'player_added'====== Args={'player': <Player 1>, 'num': 1}
2025-10-03 18:37:56,249 : INFO : Mode.game : Player added successfully. Total players: 1
2025-10-03 18:37:56,250 : INFO : EventManager : Event: ======'player_index'====== Args={'value': 0, 'prev_value': 0, 'change': 0, 'player_num': 1}
2025-10-03 18:37:56,250 : INFO : EventManager : Event: ======'player_number'====== Args={'value': 1, 'prev_value': 1, 'change': 0, 'player_num': 1}
2025-10-03 18:37:56,250 : INFO : EventManager : Event: ======'player_score'====== Args={'value': 0, 'prev_value': 0, 'change': 0, 'player_num': 1}
2025-10-03 18:37:56,252 : INFO : EventManager : Event: ======'game_started'====== Args={}
2025-10-03 18:37:56,263 : INFO : EventManager : Event: ======'player_turn_will_start'====== Args={'player': <Player 1>, 'number': 1}
2025-10-03 18:37:56,266 : INFO : EventManager : Event: ======'slide_awesome_slide_removed'====== Args={'_from_bcp': True}
2025-10-03 18:37:56,267 : INFO : EventManager : Event: ======'slide_press_start_removed'====== Args={'_from_bcp': True}
2025-10-03 18:37:56,267 : INFO : EventManager : Event: ======'slide_mission_pinball_removed'====== Args={'_from_bcp': True}
2025-10-03 18:37:56,268 : INFO : EventManager : Event: ======'player_turn_starting'====== Args={'player': <Player 1>, 'number': 1}
2025-10-03 18:37:56,268 : INFO : EventManager : Event: ======'slide_last_game_score_slide_removed'====== Args={'_from_bcp': True}
2025-10-03 18:37:56,268 : INFO : EventManager : Event: ======'slide_window_blank_active'====== Args={'_from_bcp': True}
2025-10-03 18:37:56,268 : INFO : EventManager : Event: ======'player_ball'====== Args={'value': 1, 'prev_value': 0, 'change': 1, 'player_num': 1}
2025-10-03 18:37:56,269 : INFO : EventManager : Event: ======'player_turn_started'====== Args={'player': <Player 1>, 'number': 1}
2025-10-03 18:37:56,270 : INFO : EventManager : Event: ======'ball_will_start'====== Args={'player': 1, 'ball': 1, 'balls_remaining': 2, 'is_extra_ball': False}
2025-10-03 18:37:56,275 : INFO : EventManager : Event: ======'ball_starting'====== Args={'player': 1, 'ball': 1, 'balls_remaining': 2, 'is_extra_ball': False}
2025-10-03 18:37:56,276 : INFO : EventManager : Event: ======'balls_in_play'====== Args={'balls': 1}
2025-10-03 18:37:56,276 : INFO : EventManager : Event: ======'ball_started'====== Args={'player': 1, 'ball': 1, 'balls_remaining': 2, 'is_extra_ball': False}
2025-10-03 18:37:56,276 : INFO : EventManager : Event: ======'mode_base_will_start'====== Args={'player': 1, 'ball': 1, 'balls_remaining': 2, 'is_extra_ball': False}
2025-10-03 18:37:56,277 : INFO : EventManager : Event: ======'player_shot_my_first_shot_enabled'====== Args={'value': True, 'prev_value': 0, 'change': 1, 'player_num': 1}
2025-10-03 18:37:56,277 : INFO : EventManager : Event: ======'player_shot_center_rollover_shot_enabled'====== Args={'value': True, 'prev_value': 0, 'change': 1, 'player_num': 1}
2025-10-03 18:37:56,278 : INFO : EventManager : Event: ======'mode_base_starting'====== Args={'player': 1, 'ball': 1, 'balls_remaining': 2, 'is_extra_ball': False}
2025-10-03 18:37:56,279 : INFO : Mode.base : Started. Priority: 100
2025-10-03 18:37:56,279 : INFO : EventManager : Event: ======'modes_active_modes_changed'====== Args={}
2025-10-03 18:37:56,279 : INFO : EventManager : Event: ======'mode_base_started'====== Args={'player': 1, 'ball': 1, 'balls_remaining': 2, 'is_extra_ball': False}
2025-10-03 18:37:56,280 : INFO : EventManager : Event: ======'single_player_ball_started'====== Args={}
2025-10-03 18:37:56,316 : INFO : EventManager : Event: ======'ball_start_target'====== Args={'target': 'playfield'}
2025-10-03 18:37:56,317 : INFO : EventManager : Event: ======'slide_base.slide_player-mode_base_started_created'====== Args={'_from_bcp': True}
2025-10-03 18:37:56,317 : INFO : EventManager : Event: ======'slide_base.slide_player-mode_base_started_active'====== Args={'_from_bcp': True}
2025-10-03 18:37:56,317 : INFO : ball_device.bd_plunger : Setting up player-controlled eject. Balls: 1, Target: <playfield.playfield>, player_controlled_eject_event: None
2025-10-03 18:37:56,317 : INFO : EventManager : Event: ======'balldevice_balls_available'====== Args={}
2025-10-03 18:37:56,318 : INFO : ball_device.bd_trough : State: waiting_for_target_ready
2025-10-03 18:37:56,318 : INFO : EventManager : Event: ======'balldevice_bd_trough_ball_eject_attempt'====== Args={'balls': 1, 'target': <ball_device.bd_plunger>, 'source': <ball_device.bd_trough>, 'mechanical_eject': True, 'num_attempts': 0}
2025-10-03 18:37:56,318 : INFO : ball_device.bd_plunger : State: waiting_for_ball
2025-10-03 18:37:56,319 : INFO : ball_device.bd_trough : State: ejecting
2025-10-03 18:37:56,319 : INFO : ball_device.bd_trough : Ejecting ball to <ball_device.bd_plunger>
2025-10-03 18:37:56,319 : INFO : EventManager : Event: ======'balldevice_bd_trough_ejecting_ball'====== Args={'balls': 1, 'target': <ball_device.bd_plunger>, 'source': <ball_device.bd_trough>, 'mechanical_eject': True, 'num_attempts': 0}
2025-10-03 18:37:56,320 : INFO : ball_device.bd_trough : Wait for ball to leave device
2025-10-03 18:37:56,320 : INFO : coil.c_trough_eject : Pulsing Driver for 20ms (1.0 pulse_power)
2025-10-03 18:37:56,320 : INFO : SwitchController : <<<<<<< 's_trough1' inactive >>>>>>>
2025-10-03 18:37:56,324 : INFO : ball_device.bd_trough : State: ball_left
2025-10-03 18:37:56,325 : INFO : ball_device.bd_trough : Ball left
2025-10-03 18:37:56,325 : INFO : ball_device.bd_trough : Wait for confirm with timeout 3.0
2025-10-03 18:37:56,412 : INFO : SwitchController : <<<<<<< 's_plunger' active >>>>>>>
2025-10-03 18:37:56,412 : INFO : EventManager : Event: ======'machine_var_audits_switches_s_plunger'====== Args={'value': 82, 'prev_value': 81, 'change': 1}
2025-10-03 18:37:56,912 : INFO : ball_device.bd_plunger : Received ball from <ball_device.bd_trough>
2025-10-03 18:37:56,912 : INFO : EventManager : Event: ======'balldevice_bd_plunger_ball_enter'====== Args={'new_balls': 1, 'unclaimed_balls': 0, 'new_available_balls': 0, 'device': <ball_device.bd_plunger>}
2025-10-03 18:37:56,913 : INFO : EventManager : Event: ======'balldevice_bd_plunger_ball_entered'====== Args={'new_balls': 0, 'device': <ball_device.bd_plunger>}
2025-10-03 18:37:56,913 : INFO : EventManager : Event: ======'balldevice_bd_plunger_ball_count_changed'====== Args={'balls': 1}
2025-10-03 18:37:56,913 : INFO : ball_device.bd_trough : Got eject confirm
2025-10-03 18:37:56,913 : INFO : ball_device.bd_trough : Eject successful
2025-10-03 18:37:56,913 : INFO : EventManager : Event: ======'balldevice_bd_trough_ball_eject_success'====== Args={'balls': 1, 'target': <ball_device.bd_plunger>}
2025-10-03 18:37:56,914 : INFO : EventManager : Event: ======'balldevice_bd_trough_ball_count_changed'====== Args={'balls': 5}
2025-10-03 18:37:56,914 : INFO : ball_device.bd_trough : State: idle
2025-10-03 18:37:56,914 : INFO : ball_device.bd_plunger : State: waiting_for_target_ready
2025-10-03 18:37:56,914 : INFO : EventManager : Event: ======'balldevice_bd_plunger_ball_eject_attempt'====== Args={'balls': 1, 'target': <playfield.playfield>, 'source': <ball_device.bd_plunger>, 'mechanical_eject': True, 'num_attempts': 0}
2025-10-03 18:37:56,914 : INFO : ball_device.bd_plunger : State: ejecting
2025-10-03 18:37:56,914 : INFO : ball_device.bd_plunger : Ejecting ball to <playfield.playfield>
2025-10-03 18:37:56,915 : INFO : EventManager : Event: ======'balldevice_bd_plunger_ejecting_ball'====== Args={'balls': 1, 'target': <playfield.playfield>, 'source': <ball_device.bd_plunger>, 'mechanical_eject': True, 'num_attempts': 0}
2025-10-03 18:37:56,915 : INFO : ball_device.bd_plunger : Wait for ball to leave device
2025-10-03 18:37:58,029 : WARNING : SwitchController : Received duplicate switch state 1 for switch s_plunger from the platform interface. Log Code: Log-SwitchController-1 (https://missionpinball.org/logs)
2025-10-03 18:37:58,171 : INFO : SwitchController : <<<<<<< 's_plunger' inactive >>>>>>>
2025-10-03 18:37:58,193 : INFO : ball_device.bd_plunger : State: ball_left
2025-10-03 18:37:58,194 : INFO : ball_device.bd_plunger : Ball left
2025-10-03 18:37:58,194 : INFO : ball_device.bd_plunger : Wait for confirm with timeout 5.0
2025-10-03 18:37:59,359 : INFO : SwitchController : <<<<<<< 's_right_inlane' active >>>>>>>
2025-10-03 18:37:59,360 : INFO : EventManager : Event: ======'playfield_active'====== Args={}
2025-10-03 18:37:59,360 : INFO : EventManager : Event: ======'s_right_inlane_active'====== Args={}
2025-10-03 18:37:59,360 : INFO : EventManager : Event: ======'sw_playfield_active'====== Args={}
2025-10-03 18:37:59,360 : INFO : EventManager : Event: ======'machine_var_audits_switches_s_right_inlane'====== Args={'value': 102, 'prev_value': 101, 'change': 1}
2025-10-03 18:37:59,361 : INFO : EventManager : Event: ======'player_shot_my_first_shot'====== Args={'value': 1, 'prev_value': 0, 'change': 1, 'player_num': 1}
2025-10-03 18:37:59,362 : INFO : EventManager : Event: ======'machine_var_audits_shots_my_first_shot'====== Args={'value': 70, 'prev_value': 69, 'change': 1}
2025-10-03 18:37:59,363 : INFO : EventManager : Event: ======'my_first_shot_hit'====== Args={'profile': 'default', 'state': 'unlit', 'advancing': True}
2025-10-03 18:37:59,363 : INFO : EventManager : Event: ======'my_first_shot_default_hit'====== Args={'profile': 'default', 'state': 'unlit', 'advancing': True}
2025-10-03 18:37:59,363 : INFO : EventManager : Event: ======'my_first_shot_default_unlit_hit'====== Args={'profile': 'default', 'state': 'unlit', 'advancing': True}
2025-10-03 18:37:59,363 : INFO : EventManager : Event: ======'my_first_shot_unlit_hit'====== Args={'profile': 'default', 'state': 'unlit', 'advancing': True}
2025-10-03 18:37:59,364 : INFO : EventManager : Event: ======'player_score'====== Args={'value': 100, 'prev_value': 0, 'change': 100, 'player_num': 1, 'source': 'base'}
2025-10-03 18:37:59,364 : INFO : EventManager : Event: ======'player_score'====== Args={'value': 142, 'prev_value': 100, 'change': 42, 'player_num': 1, 'source': 'base'}
2025-10-03 18:37:59,365 : INFO : EventManager : Event: ======'playfield_active'====== Args={}
2025-10-03 18:37:59,384 : INFO : ball_device.bd_plunger : Got eject confirm
2025-10-03 18:37:59,384 : INFO : ball_device.bd_plunger : Eject successful
2025-10-03 18:37:59,384 : INFO : EventManager : Event: ======'balldevice_bd_plunger_ball_eject_success'====== Args={'balls': 1, 'target': <playfield.playfield>}
2025-10-03 18:37:59,385 : INFO : EventManager : Event: ======'balldevice_playfield_ball_enter'====== Args={'new_balls': 1, 'unclaimed_balls': 1, 'device': <playfield.playfield>}
2025-10-03 18:37:59,385 : INFO : EventManager : Event: ======'playfield_ball_count_change'====== Args={'balls': 1, 'change': 1}
2025-10-03 18:37:59,385 : INFO : EventManager : Event: ======'balldevice_bd_plunger_ball_count_changed'====== Args={'balls': 0}
2025-10-03 18:37:59,386 : INFO : ball_device.bd_plunger : State: idle
2025-10-03 18:37:59,465 : INFO : SwitchController : <<<<<<< 's_right_inlane' inactive >>>>>>>
2025-10-03 18:38:03,732 : INFO : SwitchController : <<<<<<< 's_trough1' active >>>>>>>
2025-10-03 18:38:03,732 : INFO : EventManager : Event: ======'machine_var_audits_switches_s_trough1'====== Args={'value': 58, 'prev_value': 57, 'change': 1}
2025-10-03 18:38:04,233 : INFO : EventManager : Event: ======'balldevice_bd_trough_ball_count_changed'====== Args={'balls': 6}
2025-10-03 18:38:04,234 : INFO : ball_device.bd_trough : Received unexpected ball
2025-10-03 18:38:04,234 : INFO : EventManager : Event: ======'balldevice_captured_from_playfield'====== Args={'balls': 1}
2025-10-03 18:38:04,234 : INFO : EventManager : Event: ======'sw_playfield_active'====== Args={'balls': 1}
2025-10-03 18:38:04,235 : INFO : EventManager : Event: ======'playfield_ball_count_change'====== Args={'balls': 0, 'change': -1}
2025-10-03 18:38:04,236 : INFO : EventManager : Event: ======'balldevice_bd_trough_ball_enter'====== Args={'new_balls': 1, 'unclaimed_balls': 1, 'new_available_balls': 1, 'device': <ball_device.bd_trough>}
2025-10-03 18:38:04,237 : INFO : EventManager : Event: ======'ball_drain'====== Args={'device': <ball_device.bd_trough>, 'balls': 1}
2025-10-03 18:38:04,238 : INFO : EventManager : Event: ======'ball_will_end'====== Args={}
2025-10-03 18:38:04,239 : INFO : EventManager : Event: ======'balldevice_balls_available'====== Args={}
2025-10-03 18:38:04,239 : INFO : EventManager : Event: ======'balldevice_bd_trough_ball_entered'====== Args={'new_balls': 1, 'device': <ball_device.bd_trough>}
2025-10-03 18:38:04,241 : INFO : EventManager : Event: ======'ball_ending'====== Args={}
2025-10-03 18:38:04,242 : INFO : EventManager : Event: ======'mode_base_will_stop'====== Args={}
2025-10-03 18:38:04,243 : INFO : EventManager : Event: ======'mode_base_stopping'====== Args={}
2025-10-03 18:38:04,243 : INFO : Mode.base : Stopped.
2025-10-03 18:38:04,243 : INFO : EventManager : Event: ======'modes_active_modes_changed'====== Args={}
2025-10-03 18:38:04,244 : INFO : EventManager : Event: ======'mode_base_stopped'====== Args={}
2025-10-03 18:38:04,245 : INFO : EventManager : Event: ======'clear'====== Args={'key': 'base'}
2025-10-03 18:38:04,306 : INFO : EventManager : Event: ======'ball_ended'====== Args={}
2025-10-03 18:38:04,307 : INFO : EventManager : Event: ======'slide_base.slide_player-mode_base_started_removed'====== Args={'_from_bcp': True}
2025-10-03 18:38:04,307 : INFO : EventManager : Event: ======'slide_window_blank_active'====== Args={'_from_bcp': True}
2025-10-03 18:38:04,307 : INFO : EventManager : Event: ======'player_turn_will_end'====== Args={'player': <Player 1>, 'number': 1}
2025-10-03 18:38:04,311 : INFO : EventManager : Event: ======'player_turn_ending'====== Args={'player': <Player 1>, 'number': 1}
2025-10-03 18:38:04,312 : INFO : EventManager : Event: ======'player_turn_ended'====== Args={'player': <Player 1>, 'number': 1}
2025-10-03 18:38:04,312 : INFO : EventManager : Event: ======'player_turn_will_start'====== Args={'player': <Player 1>, 'number': 1}
2025-10-03 18:38:04,312 : INFO : EventManager : Event: ======'player_turn_starting'====== Args={'player': <Player 1>, 'number': 1}
2025-10-03 18:38:04,313 : INFO : EventManager : Event: ======'player_ball'====== Args={'value': 2, 'prev_value': 1, 'change': 1, 'player_num': 1}
2025-10-03 18:38:04,313 : INFO : EventManager : Event: ======'player_turn_started'====== Args={'player': <Player 1>, 'number': 1}
2025-10-03 18:38:04,314 : INFO : EventManager : Event: ======'ball_will_start'====== Args={'player': 1, 'ball': 2, 'balls_remaining': 1, 'is_extra_ball': False}
2025-10-03 18:38:04,316 : INFO : EventManager : Event: ======'ball_starting'====== Args={'player': 1, 'ball': 2, 'balls_remaining': 1, 'is_extra_ball': False}
2025-10-03 18:38:04,317 : INFO : EventManager : Event: ======'balls_in_play'====== Args={'balls': 1}
2025-10-03 18:38:04,317 : INFO : EventManager : Event: ======'ball_started'====== Args={'player': 1, 'ball': 2, 'balls_remaining': 1, 'is_extra_ball': False}
2025-10-03 18:38:04,317 : INFO : EventManager : Event: ======'mode_base_will_start'====== Args={'player': 1, 'ball': 2, 'balls_remaining': 1, 'is_extra_ball': False}
2025-10-03 18:38:04,318 : INFO : EventManager : Event: ======'mode_base_starting'====== Args={'player': 1, 'ball': 2, 'balls_remaining': 1, 'is_extra_ball': False}
2025-10-03 18:38:04,319 : INFO : Mode.base : Started. Priority: 100
2025-10-03 18:38:04,319 : INFO : EventManager : Event: ======'modes_active_modes_changed'====== Args={}
2025-10-03 18:38:04,319 : INFO : EventManager : Event: ======'mode_base_started'====== Args={'player': 1, 'ball': 2, 'balls_remaining': 1, 'is_extra_ball': False}
2025-10-03 18:38:04,320 : INFO : EventManager : Event: ======'single_player_ball_started'====== Args={}
2025-10-03 18:38:04,353 : INFO : EventManager : Event: ======'ball_start_target'====== Args={'target': 'playfield'}
2025-10-03 18:38:04,354 : INFO : EventManager : Event: ======'slide_base.slide_player-mode_base_started_created'====== Args={'_from_bcp': True}
2025-10-03 18:38:04,354 : INFO : EventManager : Event: ======'slide_base.slide_player-mode_base_started_active'====== Args={'_from_bcp': True}
2025-10-03 18:38:04,354 : INFO : ball_device.bd_plunger : Setting up player-controlled eject. Balls: 1, Target: <playfield.playfield>, player_controlled_eject_event: None
2025-10-03 18:38:04,354 : INFO : EventManager : Event: ======'balldevice_balls_available'====== Args={}
2025-10-03 18:38:04,355 : INFO : ball_device.bd_trough : State: waiting_for_target_ready
2025-10-03 18:38:04,356 : INFO : EventManager : Event: ======'balldevice_bd_trough_ball_eject_attempt'====== Args={'balls': 1, 'target': <ball_device.bd_plunger>, 'source': <ball_device.bd_trough>, 'mechanical_eject': True, 'num_attempts': 0}
2025-10-03 18:38:04,356 : INFO : ball_device.bd_plunger : State: waiting_for_ball
2025-10-03 18:38:04,356 : INFO : ball_device.bd_trough : State: ejecting
2025-10-03 18:38:04,357 : INFO : ball_device.bd_trough : Ejecting ball to <ball_device.bd_plunger>
2025-10-03 18:38:04,357 : INFO : EventManager : Event: ======'balldevice_bd_trough_ejecting_ball'====== Args={'balls': 1, 'target': <ball_device.bd_plunger>, 'source': <ball_device.bd_trough>, 'mechanical_eject': True, 'num_attempts': 0}
2025-10-03 18:38:04,357 : INFO : ball_device.bd_trough : Wait for ball to leave device
2025-10-03 18:38:04,357 : INFO : coil.c_trough_eject : Pulsing Driver for 20ms (1.0 pulse_power)
2025-10-03 18:38:04,358 : INFO : SwitchController : <<<<<<< 's_trough1' inactive >>>>>>>
2025-10-03 18:38:04,364 : INFO : ball_device.bd_trough : State: ball_left
2025-10-03 18:38:04,364 : INFO : ball_device.bd_trough : Ball left
2025-10-03 18:38:04,364 : INFO : ball_device.bd_trough : Wait for confirm with timeout 3.0
2025-10-03 18:38:04,451 : INFO : SwitchController : <<<<<<< 's_plunger' active >>>>>>>
2025-10-03 18:38:04,451 : INFO : EventManager : Event: ======'machine_var_audits_switches_s_plunger'====== Args={'value': 83, 'prev_value': 82, 'change': 1}
2025-10-03 18:38:04,949 : INFO : ball_device.bd_plunger : Received ball from <ball_device.bd_trough>
2025-10-03 18:38:04,949 : INFO : EventManager : Event: ======'balldevice_bd_plunger_ball_enter'====== Args={'new_balls': 1, 'unclaimed_balls': 0, 'new_available_balls': 0, 'device': <ball_device.bd_plunger>}
2025-10-03 18:38:04,949 : INFO : EventManager : Event: ======'balldevice_bd_plunger_ball_entered'====== Args={'new_balls': 0, 'device': <ball_device.bd_plunger>}
2025-10-03 18:38:04,950 : INFO : EventManager : Event: ======'balldevice_bd_plunger_ball_count_changed'====== Args={'balls': 1}
2025-10-03 18:38:04,950 : INFO : ball_device.bd_trough : Got eject confirm
2025-10-03 18:38:04,950 : INFO : ball_device.bd_trough : Eject successful
2025-10-03 18:38:04,950 : INFO : EventManager : Event: ======'balldevice_bd_trough_ball_eject_success'====== Args={'balls': 1, 'target': <ball_device.bd_plunger>}
2025-10-03 18:38:04,951 : INFO : EventManager : Event: ======'balldevice_bd_trough_ball_count_changed'====== Args={'balls': 5}
2025-10-03 18:38:04,951 : INFO : ball_device.bd_trough : State: idle
2025-10-03 18:38:04,951 : INFO : ball_device.bd_plunger : State: waiting_for_target_ready
2025-10-03 18:38:04,951 : INFO : EventManager : Event: ======'balldevice_bd_plunger_ball_eject_attempt'====== Args={'balls': 1, 'target': <playfield.playfield>, 'source': <ball_device.bd_plunger>, 'mechanical_eject': True, 'num_attempts': 0}
2025-10-03 18:38:04,952 : INFO : ball_device.bd_plunger : State: ejecting
2025-10-03 18:38:04,952 : INFO : ball_device.bd_plunger : Ejecting ball to <playfield.playfield>
2025-10-03 18:38:04,952 : INFO : EventManager : Event: ======'balldevice_bd_plunger_ejecting_ball'====== Args={'balls': 1, 'target': <playfield.playfield>, 'source': <ball_device.bd_plunger>, 'mechanical_eject': True, 'num_attempts': 0}
2025-10-03 18:38:04,953 : INFO : ball_device.bd_plunger : Wait for ball to leave device
2025-10-03 18:38:08,624 : INFO : Machine : Shutting down...
2025-10-03 18:38:08,624 : INFO : EventManager : Event: ======'shutdown'====== Args={}
2025-10-03 18:38:08,634 : INFO : EventManager : Event: ======'mode_game_will_stop'====== Args={}
2025-10-03 18:38:08,634 : INFO : EventManager : Event: ======'mode_game_stopping'====== Args={}
2025-10-03 18:38:08,635 : INFO : EventManager : Event: ======'mode_base_will_stop'====== Args={}
2025-10-03 18:38:08,635 : INFO : EventManager : Event: ======'mode_base_stopping'====== Args={}
2025-10-03 18:38:08,635 : INFO : Mode.base : Stopped.
2025-10-03 18:38:08,635 : INFO : EventManager : Event: ======'modes_active_modes_changed'====== Args={}
2025-10-03 18:38:08,635 : INFO : EventManager : Event: ======'mode_base_stopped'====== Args={}
2025-10-03 18:38:08,635 : INFO : EventManager : Event: ======'clear'====== Args={'key': 'base'}
2025-10-03 18:38:08,636 : INFO : Mode.game : Stopped.
2025-10-03 18:38:08,636 : INFO : EventManager : Event: ======'modes_active_modes_changed'====== Args={}
2025-10-03 18:38:08,636 : INFO : EventManager : Event: ======'mode_game_stopped'====== Args={}
2025-10-03 18:38:08,636 : INFO : EventManager : Event: ======'clear'====== Args={'key': 'game'}
2025-10-03 18:38:08,638 : INFO : root : MPF run loop ended.
