2025-11-02 11:09:57,702 : INFO : root : Loading config.
2025-11-02 11:09:57,707 : INFO : YamlMultifileConfigLoader : Machine config file #1: config.yaml
2025-11-02 11:09:57,708 : INFO : ConfigProcessor : Loading config from cache: C:\Users\richa\AppData\Local\Temp\f7776651e259183bd84a8c8d686bf868.mpf_cache
2025-11-02 11:09:57,802 : INFO : ConfigProcessor : Loading config from cache: C:\Users\richa\AppData\Local\Temp\70233839fc0b792ce11a62f3c18c1950.mpf_cache
2025-11-02 11:09:57,803 : INFO : ConfigProcessor : Loading config from cache: C:\Users\richa\AppData\Local\Temp\9c8dea79ca4d15ee886340e992e8cb9d.mpf_cache
2025-11-02 11:09:57,803 : WARNING : ConfigProcessor : Config file in cache changed: C:\Users\richa\ttp7\modes\base\config\base.yaml
2025-11-02 11:09:57,803 : INFO : ConfigProcessor : Loading config from file C:\Users\richa\ttp7\modes\base\config\base.yaml.
2025-11-02 11:09:57,821 : INFO : ConfigProcessor : Loading config: C:\Users\richa\ttp7\modes\base\config\base.yaml
2025-11-02 11:09:57,822 : INFO : ConfigProcessor : Config file cache created: C:\Users\richa\AppData\Local\Temp\67a19b095f918111543419ac0271bfb1.mpf_cache
2025-11-02 11:09:57,822 : INFO : ConfigProcessor : Loading config from cache: C:\Users\richa\AppData\Local\Temp\be387b0e8ed00556ec738d83cd6947d1.mpf_cache
2025-11-02 11:09:57,823 : INFO : ConfigProcessor : Loading config from cache: C:\Users\richa\AppData\Local\Temp\5a8efabd9666d8c71fa755fc28a9bf1e.mpf_cache
2025-11-02 11:09:57,824 : INFO : ConfigProcessor : Loading config from cache: C:\Users\richa\AppData\Local\Temp\fb58745e58584e219ff53db445e8e9f2.mpf_cache
2025-11-02 11:09:57,825 : INFO : ConfigProcessor : Loading config from cache: C:\Users\richa\AppData\Local\Temp\3a5badf48d988f9fc0f9b093a934917d.mpf_cache
2025-11-02 11:09:57,826 : INFO : ConfigProcessor : Loading config from cache: C:\Users\richa\AppData\Local\Temp\9e788d9ac28f3464b985b20edf80a10e.mpf_cache
2025-11-02 11:09:57,826 : INFO : ConfigProcessor : Loading config from cache: C:\Users\richa\AppData\Local\Temp\7e426d8ffa907371bf962f3181d8bdf2.mpf_cache
2025-11-02 11:09:57,827 : INFO : ConfigProcessor : Loading config from cache: C:\Users\richa\AppData\Local\Temp\77e0376825dda61b91775259cce643ad.mpf_cache
2025-11-02 11:09:57,828 : INFO : ConfigProcessor : Loading config from cache: C:\Users\richa\AppData\Local\Temp\e68c20669f80ec7d0801afbfa80f9eff.mpf_cache
2025-11-02 11:09:57,829 : INFO : ConfigProcessor : Loading config from cache: C:\Users\richa\AppData\Local\Temp\28e9108f411f2b73ba76f82bf4f68e34.mpf_cache
2025-11-02 11:09:57,830 : INFO : ConfigProcessor : Loading config from cache: C:\Users\richa\AppData\Local\Temp\b710dc01437f1dfd05f3b5275f67493b.mpf_cache
2025-11-02 11:09:57,831 : INFO : ConfigProcessor : Loading config from cache: C:\Users\richa\AppData\Local\Temp\0a23590f4081187a3ecee75c7657616e.mpf_cache
2025-11-02 11:09:57,832 : INFO : ConfigProcessor : Loading config from cache: C:\Users\richa\AppData\Local\Temp\374a5edaf0766cb9005f368df852c09d.mpf_cache
2025-11-02 11:09:57,833 : INFO : ConfigProcessor : Loading config from cache: C:\Users\richa\AppData\Local\Temp\9c016c9d452c0ef81291f1892e94df2b.mpf_cache
2025-11-02 11:09:57,833 : INFO : ConfigProcessor : Loading config from cache: C:\Users\richa\AppData\Local\Temp\b50d1c72289d6f8f00cba34766fbb2e5.mpf_cache
2025-11-02 11:09:57,834 : INFO : ConfigProcessor : Loading config from cache: C:\Users\richa\AppData\Local\Temp\bfc680b70531e398658191c2a179bce0.mpf_cache
2025-11-02 11:09:57,835 : INFO : ConfigProcessor : Loading config from cache: C:\Users\richa\AppData\Local\Temp\069a726c379c7a3dc006889318eb30f2.mpf_cache
2025-11-02 11:09:57,836 : INFO : ConfigProcessor : Loading config from cache: C:\Users\richa\AppData\Local\Temp\6159dd3e8b071f5aa615e717784124e9.mpf_cache
2025-11-02 11:09:57,837 : INFO : ConfigProcessor : Loading config from cache: C:\Users\richa\AppData\Local\Temp\e382c4765158d2be92c1673fc03a4ad6.mpf_cache
2025-11-02 11:09:57,838 : INFO : ConfigProcessor : Loading config from cache: C:\Users\richa\AppData\Local\Temp\868b3b6361e3aaa0a56bd50d9388247e.mpf_cache
2025-11-02 11:09:57,839 : INFO : Machine : Mission Pinball Framework Core Engine v0.57.0.dev39
2025-11-02 11:09:57,839 : INFO : Machine : Command line arguments: {'no_load_cache': False, 'create_config_cache': True, 'bcp': True, 'configfile': ['config.yaml'], 'force_assets_load': False, 'jsonlogging': False, 'logfile': 'logs\\2025-11-02-11-09-57-mpf-DESKTOP-RK7BE5M.log', 'pause': False, 'production': False, 'text_ui': True, 'loglevel': 15, 'consoleloglevel': 20, 'force_platform': None, 'syslog_address': None, 'mc_file_name': None, 'no_sound': False}
2025-11-02 11:09:57,839 : INFO : Machine : MPF path: C:\Users\richa\mpfvirtual4\lib\site-packages\mpf
2025-11-02 11:09:57,839 : INFO : Machine : Machine path: C:\Users\richa\ttp7
2025-11-02 11:09:57,839 : INFO : Machine : Platform: win32
2025-11-02 11:09:57,839 : INFO : Machine : Python executable location: C:\Users\richa\mpfvirtual4\Scripts\python.exe
2025-11-02 11:09:57,839 : INFO : Machine : Python version: 3.9.13 (64-bit)
2025-11-02 11:09:57,841 : INFO : Machine : Initializing MPF...
2025-11-02 11:09:58,261 : INFO : EventManager : Event: ======'machine_var_credits_string'====== Args={'value': 'FREE PLAY', 'prev_value': None, 'change': True}
2025-11-02 11:09:58,335 : INFO : EventManager : Event: ======'machine_var_credit_units'====== Args={'value': 1, 'prev_value': None, 'change': True}
2025-11-02 11:09:58,336 : INFO : EventManager : Event: ======'machine_var_free_play'====== Args={'value': False, 'prev_value': None, 'change': True}
2025-11-02 11:09:58,336 : INFO : EventManager : Event: ======'machine_var_master_volume'====== Args={'value': 0.3, 'prev_value': None, 'change': True}
2025-11-02 11:09:58,336 : INFO : EventManager : Event: ======'machine_var_player1_score'====== Args={'value': 2216200, 'prev_value': None, 'change': True}
2025-11-02 11:09:58,336 : INFO : EventManager : Event: ======'machine_var_mpf_version'====== Args={'value': 'Mission Pinball Framework v0.57.0.dev39', 'prev_value': None, 'change': True}
2025-11-02 11:09:58,336 : INFO : EventManager : Event: ======'machine_var_mpf_extended_version'====== Args={'value': 'Mission Pinball Framework v0.57.0.dev39, Config version:6, Show version: 6, BCP version:1.1', 'prev_value': None, 'change': True}
2025-11-02 11:09:58,336 : INFO : EventManager : Event: ======'machine_var_python_version'====== Args={'value': '3.9.13', 'prev_value': None, 'change': True}
2025-11-02 11:09:58,346 : INFO : EventManager : Event: ======'machine_var_platform'====== Args={'value': 'Windows-10-10.0.19045-SP0', 'prev_value': None, 'change': True}
2025-11-02 11:09:58,346 : INFO : EventManager : Event: ======'machine_var_platform_system'====== Args={'value': 'Windows', 'prev_value': None, 'change': True}
2025-11-02 11:09:58,346 : INFO : EventManager : Event: ======'machine_var_platform_release'====== Args={'value': '10', 'prev_value': None, 'change': True}
2025-11-02 11:09:58,346 : INFO : EventManager : Event: ======'machine_var_platform_version'====== Args={'value': '10.0.19045', 'prev_value': None, 'change': True}
2025-11-02 11:09:58,347 : INFO : EventManager : Event: ======'machine_var_platform_machine'====== Args={'value': 'AMD64', 'prev_value': None, 'change': True}
2025-11-02 11:09:58,347 : INFO : EventManager : Event: ======'init_phase_1'====== Args={}
2025-11-02 11:09:58,418 : INFO : EventManager : Event: ======'drop_target_bank_TIME_up'====== Args={}
2025-11-02 11:09:58,419 : INFO : EventManager : Event: ======'drop_target_bank_CENTER_up'====== Args={}
2025-11-02 11:09:58,419 : INFO : EventManager : Event: ======'drop_target_bank_TRAVEL_up'====== Args={}
2025-11-02 11:09:58,419 : INFO : EventManager : Event: ======'init_phase_2'====== Args={}
2025-11-02 11:09:58,420 : INFO : SwitchController : Found active switch: ('2', <Platform.SmartVirtual>) <switch.s_trough1>
2025-11-02 11:09:58,420 : INFO : SwitchController : Found active switch: ('3', <Platform.SmartVirtual>) <switch.s_trough2>
2025-11-02 11:09:58,420 : INFO : SwitchController : Found active switch: ('4', <Platform.SmartVirtual>) <switch.s_trough3>
2025-11-02 11:09:58,431 : INFO : EventManager : Event: ======'bcp_connection_attempt'====== Args={'name': 'local_display', 'host': 'localhost', 'port': 5050}
2025-11-02 11:09:58,432 : INFO : BCPClientSocket : Connecting BCP to 'local_display' at localhost:5050...
2025-11-02 11:10:00,462 : INFO : BCPClientSocket : Connected BCP to 'local_display' localhost:5050
2025-11-02 11:10:00,463 : INFO : EventManager : Event: ======'bcp_clients_connected'====== Args={}
2025-11-02 11:10:00,758 : INFO : ball_device.bd_trough : BCH: Initial count: 3
2025-11-02 11:10:00,759 : INFO : EventManager : Event: ======'machine_var_mc_version'====== Args={'value': 'MPF-MC v0.57.0.dev10', 'prev_value': None, 'change': True}
2025-11-02 11:10:00,759 : INFO : EventManager : Event: ======'machine_var_mc_extended_version'====== Args={'value': 'MPF-MC v0.57.0.dev10 (config_version=6, BCP v1.1,                      Requires MPF API compatibility v0.57.0.dev19 or newer)', 'prev_value': None, 'change': True}
2025-11-02 11:10:00,762 : INFO : ball_device.bd_trough : State: idle
2025-11-02 11:10:00,842 : INFO : ball_device.bd_plunger : BCH: Initial count: 0
2025-11-02 11:10:00,842 : INFO : ball_device.bd_plunger : State: idle
2025-11-02 11:10:00,843 : INFO : ball_device.bd_center_scoop : BCH: Initial count: 0
2025-11-02 11:10:00,843 : INFO : ball_device.bd_center_scoop : State: idle
2025-11-02 11:10:00,843 : INFO : ball_device.bd_lock : BCH: Initial count: 0
2025-11-02 11:10:00,843 : INFO : ball_device.bd_lock : State: idle
2025-11-02 11:10:00,844 : INFO : ball_device.bd_lock_2 : BCH: Initial count: 0
2025-11-02 11:10:00,844 : INFO : ball_device.bd_lock_2 : State: idle
2025-11-02 11:10:00,866 : INFO : EventManager : Event: ======'init_phase_3'====== Args={}
2025-11-02 11:10:00,921 : INFO : EventManager : Event: ======'init_phase_4'====== Args={}
2025-11-02 11:10:00,937 : INFO : BallController : Initial balls found: 3
2025-11-02 11:10:00,938 : INFO : EventManager : Event: ======'machine_var_audits_events_game_ended'====== Args={'value': 75, 'prev_value': None, 'change': True}
2025-11-02 11:10:00,939 : INFO : EventManager : Event: ======'machine_var_audits_events_game_started'====== Args={'value': 446, 'prev_value': None, 'change': True}
2025-11-02 11:10:00,939 : INFO : EventManager : Event: ======'machine_var_audits_missing_switches_s_A'====== Args={'value': 67, 'prev_value': None, 'change': True}
2025-11-02 11:10:00,939 : INFO : EventManager : Event: ======'machine_var_audits_missing_switches_s_E'====== Args={'value': 2, 'prev_value': None, 'change': True}
2025-11-02 11:10:00,939 : INFO : EventManager : Event: ======'machine_var_audits_missing_switches_s_Eb'====== Args={'value': 67, 'prev_value': None, 'change': True}
2025-11-02 11:10:00,939 : INFO : EventManager : Event: ======'machine_var_audits_missing_switches_s_I'====== Args={'value': 2, 'prev_value': None, 'change': True}
2025-11-02 11:10:00,939 : INFO : EventManager : Event: ======'machine_var_audits_missing_switches_s_L'====== Args={'value': 67, 'prev_value': None, 'change': True}
2025-11-02 11:10:00,939 : INFO : EventManager : Event: ======'machine_var_audits_missing_switches_s_M'====== Args={'value': 2, 'prev_value': None, 'change': True}
2025-11-02 11:10:00,940 : INFO : EventManager : Event: ======'machine_var_audits_missing_switches_s_R'====== Args={'value': 67, 'prev_value': None, 'change': True}
2025-11-02 11:10:00,940 : INFO : EventManager : Event: ======'machine_var_audits_missing_switches_s_T'====== Args={'value': 2, 'prev_value': None, 'change': True}
2025-11-02 11:10:00,940 : INFO : EventManager : Event: ======'machine_var_audits_missing_switches_s_Tb'====== Args={'value': 67, 'prev_value': None, 'change': True}
2025-11-02 11:10:00,940 : INFO : EventManager : Event: ======'machine_var_audits_missing_switches_s_V'====== Args={'value': 67, 'prev_value': None, 'change': True}
2025-11-02 11:10:00,940 : INFO : EventManager : Event: ======'machine_var_audits_missing_switches_s_bumper1'====== Args={'value': 2, 'prev_value': None, 'change': True}
2025-11-02 11:10:00,940 : INFO : EventManager : Event: ======'machine_var_audits_missing_switches_s_bumper2'====== Args={'value': 2, 'prev_value': None, 'change': True}
2025-11-02 11:10:00,940 : INFO : EventManager : Event: ======'machine_var_audits_missing_switches_s_bumper_1'====== Args={'value': 28, 'prev_value': None, 'change': True}
2025-11-02 11:10:00,941 : INFO : EventManager : Event: ======'machine_var_audits_missing_switches_s_bumper_2'====== Args={'value': 28, 'prev_value': None, 'change': True}
2025-11-02 11:10:00,941 : INFO : EventManager : Event: ======'machine_var_audits_missing_switches_s_center_center_target'====== Args={'value': 24, 'prev_value': None, 'change': True}
2025-11-02 11:10:00,941 : INFO : EventManager : Event: ======'machine_var_audits_missing_switches_s_center_rollover'====== Args={'value': 2, 'prev_value': None, 'change': True}
2025-11-02 11:10:00,941 : INFO : EventManager : Event: ======'machine_var_audits_missing_switches_s_center_scoop'====== Args={'value': 65, 'prev_value': None, 'change': True}
2025-11-02 11:10:00,941 : INFO : EventManager : Event: ======'machine_var_audits_missing_switches_s_coin_left'====== Args={'value': 1, 'prev_value': None, 'change': True}
2025-11-02 11:10:00,941 : INFO : EventManager : Event: ======'machine_var_audits_missing_switches_s_door_open'====== Args={'value': 62, 'prev_value': None, 'change': True}
2025-11-02 11:10:00,941 : INFO : EventManager : Event: ======'machine_var_audits_missing_switches_s_launcher_lane_spinner'====== Args={'value': 112, 'prev_value': None, 'change': True}
2025-11-02 11:10:00,942 : INFO : EventManager : Event: ======'machine_var_audits_missing_switches_s_left_center_target'====== Args={'value': 24, 'prev_value': None, 'change': True}
2025-11-02 11:10:00,942 : INFO : EventManager : Event: ======'machine_var_audits_missing_switches_s_left_corridor_spinner'====== Args={'value': 2, 'prev_value': None, 'change': True}
2025-11-02 11:10:00,942 : INFO : EventManager : Event: ======'machine_var_audits_missing_switches_s_left_corridor_spinner2'====== Args={'value': 62, 'prev_value': None, 'change': True}
2025-11-02 11:10:00,943 : INFO : EventManager : Event: ======'machine_var_audits_missing_switches_s_left_flipper'====== Args={'value': 9, 'prev_value': None, 'change': True}
2025-11-02 11:10:00,943 : INFO : EventManager : Event: ======'machine_var_audits_missing_switches_s_left_inlane'====== Args={'value': 17, 'prev_value': None, 'change': True}
2025-11-02 11:10:00,944 : INFO : EventManager : Event: ======'machine_var_audits_missing_switches_s_left_outlane'====== Args={'value': 17, 'prev_value': None, 'change': True}
2025-11-02 11:10:00,944 : INFO : EventManager : Event: ======'machine_var_audits_missing_switches_s_left_rollover'====== Args={'value': 2, 'prev_value': None, 'change': True}
2025-11-02 11:10:00,945 : INFO : EventManager : Event: ======'machine_var_audits_missing_switches_s_left_standup'====== Args={'value': 9, 'prev_value': None, 'change': True}
2025-11-02 11:10:00,945 : INFO : EventManager : Event: ======'machine_var_audits_missing_switches_s_lock1'====== Args={'value': 13, 'prev_value': None, 'change': True}
2025-11-02 11:10:00,945 : INFO : EventManager : Event: ======'machine_var_audits_missing_switches_s_lock2'====== Args={'value': 14, 'prev_value': None, 'change': True}
2025-11-02 11:10:00,945 : INFO : EventManager : Event: ======'machine_var_audits_missing_switches_s_right_center_target'====== Args={'value': 24, 'prev_value': None, 'change': True}
2025-11-02 11:10:00,946 : INFO : EventManager : Event: ======'machine_var_audits_missing_switches_s_right_corridor_spinner'====== Args={'value': 42, 'prev_value': None, 'change': True}
2025-11-02 11:10:00,946 : INFO : EventManager : Event: ======'machine_var_audits_missing_switches_s_right_flipper'====== Args={'value': 73, 'prev_value': None, 'change': True}
2025-11-02 11:10:00,946 : INFO : EventManager : Event: ======'machine_var_audits_missing_switches_s_right_inlane'====== Args={'value': 17, 'prev_value': None, 'change': True}
2025-11-02 11:10:00,946 : INFO : EventManager : Event: ======'machine_var_audits_missing_switches_s_right_outlane'====== Args={'value': 17, 'prev_value': None, 'change': True}
2025-11-02 11:10:00,947 : INFO : EventManager : Event: ======'machine_var_audits_missing_switches_s_right_scoop'====== Args={'value': 2, 'prev_value': None, 'change': True}
2025-11-02 11:10:00,947 : INFO : EventManager : Event: ======'machine_var_audits_missing_switches_s_right_standup'====== Args={'value': 2, 'prev_value': None, 'change': True}
2025-11-02 11:10:00,947 : INFO : EventManager : Event: ======'machine_var_audits_missing_switches_s_service_coin'====== Args={'value': 62, 'prev_value': None, 'change': True}
2025-11-02 11:10:00,947 : INFO : EventManager : Event: ======'machine_var_audits_missing_switches_s_service_down'====== Args={'value': 81, 'prev_value': None, 'change': True}
2025-11-02 11:10:00,948 : INFO : EventManager : Event: ======'machine_var_audits_missing_switches_s_service_enter'====== Args={'value': 62, 'prev_value': None, 'change': True}
2025-11-02 11:10:00,948 : INFO : EventManager : Event: ======'machine_var_audits_missing_switches_s_service_esc'====== Args={'value': 65, 'prev_value': None, 'change': True}
2025-11-02 11:10:00,948 : INFO : EventManager : Event: ======'machine_var_audits_missing_switches_s_service_up'====== Args={'value': 81, 'prev_value': None, 'change': True}
2025-11-02 11:10:00,948 : INFO : EventManager : Event: ======'machine_var_audits_missing_switches_s_sling_left'====== Args={'value': 62, 'prev_value': None, 'change': True}
2025-11-02 11:10:00,948 : INFO : EventManager : Event: ======'machine_var_audits_missing_switches_s_sling_right'====== Args={'value': 295, 'prev_value': None, 'change': True}
2025-11-02 11:10:00,949 : INFO : EventManager : Event: ======'machine_var_audits_missing_switches_s_standup_1'====== Args={'value': 2, 'prev_value': None, 'change': True}
2025-11-02 11:10:00,949 : INFO : EventManager : Event: ======'machine_var_audits_missing_switches_s_standup_2'====== Args={'value': 2, 'prev_value': None, 'change': True}
2025-11-02 11:10:00,949 : INFO : EventManager : Event: ======'machine_var_audits_missing_switches_s_standup_3'====== Args={'value': 2, 'prev_value': None, 'change': True}
2025-11-02 11:10:00,949 : INFO : EventManager : Event: ======'machine_var_audits_missing_switches_s_standup_4'====== Args={'value': 2, 'prev_value': None, 'change': True}
2025-11-02 11:10:00,949 : INFO : EventManager : Event: ======'machine_var_audits_missing_switches_s_standup_5'====== Args={'value': 2, 'prev_value': None, 'change': True}
2025-11-02 11:10:00,949 : INFO : EventManager : Event: ======'machine_var_audits_missing_switches_s_standup_6'====== Args={'value': 2, 'prev_value': None, 'change': True}
2025-11-02 11:10:00,949 : INFO : EventManager : Event: ======'machine_var_audits_missing_switches_s_start'====== Args={'value': 9, 'prev_value': None, 'change': True}
2025-11-02 11:10:00,949 : INFO : EventManager : Event: ======'machine_var_audits_missing_switches_s_tilt'====== Args={'value': 43, 'prev_value': None, 'change': True}
2025-11-02 11:10:00,949 : INFO : EventManager : Event: ======'machine_var_audits_missing_switches_s_top_left_standup'====== Args={'value': 62, 'prev_value': None, 'change': True}
2025-11-02 11:10:00,950 : INFO : EventManager : Event: ======'machine_var_audits_missing_switches_s_trough1'====== Args={'value': 2, 'prev_value': None, 'change': True}
2025-11-02 11:10:00,951 : INFO : EventManager : Event: ======'machine_var_audits_missing_switches_s_trough2'====== Args={'value': 2, 'prev_value': None, 'change': True}
2025-11-02 11:10:00,951 : INFO : EventManager : Event: ======'machine_var_audits_missing_switches_s_trough3'====== Args={'value': 2, 'prev_value': None, 'change': True}
2025-11-02 11:10:00,951 : INFO : EventManager : Event: ======'machine_var_audits_missing_switches_s_trough4'====== Args={'value': 402, 'prev_value': None, 'change': True}
2025-11-02 11:10:00,952 : INFO : EventManager : Event: ======'machine_var_audits_missing_switches_s_trough5'====== Args={'value': 402, 'prev_value': None, 'change': True}
2025-11-02 11:10:00,952 : INFO : EventManager : Event: ======'machine_var_audits_missing_switches_s_trough6'====== Args={'value': 402, 'prev_value': None, 'change': True}
2025-11-02 11:10:00,952 : INFO : EventManager : Event: ======'machine_var_audits_missing_switches_s_trough_jam'====== Args={'value': 62, 'prev_value': None, 'change': True}
2025-11-02 11:10:00,953 : INFO : EventManager : Event: ======'machine_var_audits_player_score'====== Args={'value': {'average': 6315587, 'top': [75043600, 70538842, 47521800, 45002500, 43517500, 42224750, 41236342, 31835000, 17715450, 15508500], 'total': 79}, 'prev_value': None, 'change': True}
2025-11-02 11:10:00,953 : INFO : EventManager : Event: ======'machine_var_audits_shots_A'====== Args={'value': 61, 'prev_value': None, 'change': True}
2025-11-02 11:10:00,953 : INFO : EventManager : Event: ======'machine_var_audits_shots_E'====== Args={'value': 239, 'prev_value': None, 'change': True}
2025-11-02 11:10:00,953 : INFO : EventManager : Event: ======'machine_var_audits_shots_Eb'====== Args={'value': 49, 'prev_value': None, 'change': True}
2025-11-02 11:10:00,953 : INFO : EventManager : Event: ======'machine_var_audits_shots_I'====== Args={'value': 233, 'prev_value': None, 'change': True}
2025-11-02 11:10:00,954 : INFO : EventManager : Event: ======'machine_var_audits_shots_L'====== Args={'value': 50, 'prev_value': None, 'change': True}
2025-11-02 11:10:00,954 : INFO : EventManager : Event: ======'machine_var_audits_shots_M'====== Args={'value': 234, 'prev_value': None, 'change': True}
2025-11-02 11:10:00,954 : INFO : EventManager : Event: ======'machine_var_audits_shots_R'====== Args={'value': 71, 'prev_value': None, 'change': True}
2025-11-02 11:10:00,954 : INFO : EventManager : Event: ======'machine_var_audits_shots_T'====== Args={'value': 234, 'prev_value': None, 'change': True}
2025-11-02 11:10:00,955 : INFO : EventManager : Event: ======'machine_var_audits_shots_Tb'====== Args={'value': 103, 'prev_value': None, 'change': True}
2025-11-02 11:10:00,955 : INFO : EventManager : Event: ======'machine_var_audits_shots_V'====== Args={'value': 50, 'prev_value': None, 'change': True}
2025-11-02 11:10:00,955 : INFO : EventManager : Event: ======'machine_var_audits_shots_bumper1_shot'====== Args={'value': 401, 'prev_value': None, 'change': True}
2025-11-02 11:10:00,956 : INFO : EventManager : Event: ======'machine_var_audits_shots_bumper2_shot'====== Args={'value': 886, 'prev_value': None, 'change': True}
2025-11-02 11:10:00,956 : INFO : EventManager : Event: ======'machine_var_audits_shots_center_center_droptarget'====== Args={'value': 23, 'prev_value': None, 'change': True}
2025-11-02 11:10:00,957 : INFO : EventManager : Event: ======'machine_var_audits_shots_center_rollover'====== Args={'value': 7, 'prev_value': None, 'change': True}
2025-11-02 11:10:00,957 : INFO : EventManager : Event: ======'machine_var_audits_shots_center_rollover_shot'====== Args={'value': 384, 'prev_value': None, 'change': True}
2025-11-02 11:10:00,957 : INFO : EventManager : Event: ======'machine_var_audits_shots_center_scoop_shot'====== Args={'value': 11, 'prev_value': None, 'change': True}
2025-11-02 11:10:00,958 : INFO : EventManager : Event: ======'machine_var_audits_shots_jets'====== Args={'value': 1228, 'prev_value': None, 'change': True}
2025-11-02 11:10:00,958 : INFO : EventManager : Event: ======'machine_var_audits_shots_left_center_droptarget'====== Args={'value': 23, 'prev_value': None, 'change': True}
2025-11-02 11:10:00,959 : INFO : EventManager : Event: ======'machine_var_audits_shots_left_corridor_spinner'====== Args={'value': 9, 'prev_value': None, 'change': True}
2025-11-02 11:10:00,959 : INFO : EventManager : Event: ======'machine_var_audits_shots_left_corridor_spinner2'====== Args={'value': 10, 'prev_value': None, 'change': True}
2025-11-02 11:10:00,960 : INFO : EventManager : Event: ======'machine_var_audits_shots_left_corridor_spinner2_shot'====== Args={'value': 1, 'prev_value': None, 'change': True}
2025-11-02 11:10:00,960 : INFO : EventManager : Event: ======'machine_var_audits_shots_left_corridor_spinner_shot'====== Args={'value': 780, 'prev_value': None, 'change': True}
2025-11-02 11:10:00,961 : INFO : EventManager : Event: ======'machine_var_audits_shots_left_inlane_shot'====== Args={'value': 12, 'prev_value': None, 'change': True}
2025-11-02 11:10:00,961 : INFO : EventManager : Event: ======'machine_var_audits_shots_left_outlane_shot'====== Args={'value': 12, 'prev_value': None, 'change': True}
2025-11-02 11:10:00,961 : INFO : EventManager : Event: ======'machine_var_audits_shots_left_rollover'====== Args={'value': 36, 'prev_value': None, 'change': True}
2025-11-02 11:10:00,962 : INFO : EventManager : Event: ======'machine_var_audits_shots_left_rollover_shot'====== Args={'value': 340, 'prev_value': None, 'change': True}
2025-11-02 11:10:00,962 : INFO : EventManager : Event: ======'machine_var_audits_shots_left_scoop_shot'====== Args={'value': 127, 'prev_value': None, 'change': True}
2025-11-02 11:10:00,963 : INFO : EventManager : Event: ======'machine_var_audits_shots_left_standup_shot'====== Args={'value': 16, 'prev_value': None, 'change': True}
2025-11-02 11:10:00,963 : INFO : EventManager : Event: ======'machine_var_audits_shots_letf_inlane_shot'====== Args={'value': 6, 'prev_value': None, 'change': True}
2025-11-02 11:10:00,963 : INFO : EventManager : Event: ======'machine_var_audits_shots_letf_outlane_shot'====== Args={'value': 5, 'prev_value': None, 'change': True}
2025-11-02 11:10:00,964 : INFO : EventManager : Event: ======'machine_var_audits_shots_middle_inlane_shot'====== Args={'value': 20, 'prev_value': None, 'change': True}
2025-11-02 11:10:00,964 : INFO : EventManager : Event: ======'machine_var_audits_shots_my_first_shot'====== Args={'value': 95, 'prev_value': None, 'change': True}
2025-11-02 11:10:00,965 : INFO : EventManager : Event: ======'machine_var_audits_shots_right_center_droptarget'====== Args={'value': 24, 'prev_value': None, 'change': True}
2025-11-02 11:10:00,965 : INFO : EventManager : Event: ======'machine_var_audits_shots_right_corridor_spinner'====== Args={'value': 3, 'prev_value': None, 'change': True}
2025-11-02 11:10:00,965 : INFO : EventManager : Event: ======'machine_var_audits_shots_right_corridor_spinner_shot'====== Args={'value': 33, 'prev_value': None, 'change': True}
2025-11-02 11:10:00,965 : INFO : EventManager : Event: ======'machine_var_audits_shots_right_inlane_shot'====== Args={'value': 119, 'prev_value': None, 'change': True}
2025-11-02 11:10:00,966 : INFO : EventManager : Event: ======'machine_var_audits_shots_right_outlane_shot'====== Args={'value': 41, 'prev_value': None, 'change': True}
2025-11-02 11:10:00,966 : INFO : EventManager : Event: ======'machine_var_audits_shots_right_rollover'====== Args={'value': 41, 'prev_value': None, 'change': True}
2025-11-02 11:10:00,967 : INFO : EventManager : Event: ======'machine_var_audits_shots_right_rollover_shot'====== Args={'value': 497, 'prev_value': None, 'change': True}
2025-11-02 11:10:00,967 : INFO : EventManager : Event: ======'machine_var_audits_shots_right_scoop_shot'====== Args={'value': 84, 'prev_value': None, 'change': True}
2025-11-02 11:10:00,967 : INFO : EventManager : Event: ======'machine_var_audits_shots_right_standup'====== Args={'value': 41, 'prev_value': None, 'change': True}
2025-11-02 11:10:00,968 : INFO : EventManager : Event: ======'machine_var_audits_shots_right_standup_shot'====== Args={'value': 55, 'prev_value': None, 'change': True}
2025-11-02 11:10:00,968 : INFO : EventManager : Event: ======'machine_var_audits_shots_standup_1_skill'====== Args={'value': 69, 'prev_value': None, 'change': True}
2025-11-02 11:10:00,969 : INFO : EventManager : Event: ======'machine_var_audits_shots_standup_2_skill'====== Args={'value': 32, 'prev_value': None, 'change': True}
2025-11-02 11:10:00,969 : INFO : EventManager : Event: ======'machine_var_audits_shots_standup_3_skill'====== Args={'value': 16, 'prev_value': None, 'change': True}
2025-11-02 11:10:00,969 : INFO : EventManager : Event: ======'machine_var_audits_shots_standup_4_skill'====== Args={'value': 9, 'prev_value': None, 'change': True}
2025-11-02 11:10:00,970 : INFO : EventManager : Event: ======'machine_var_audits_shots_standup_5_skill'====== Args={'value': 4, 'prev_value': None, 'change': True}
2025-11-02 11:10:00,970 : INFO : EventManager : Event: ======'machine_var_audits_shots_standup_6_skill'====== Args={'value': 2, 'prev_value': None, 'change': True}
2025-11-02 11:10:00,970 : INFO : EventManager : Event: ======'machine_var_audits_shots_top_left_standup2_shot'====== Args={'value': 24, 'prev_value': None, 'change': True}
2025-11-02 11:10:00,970 : INFO : EventManager : Event: ======'machine_var_audits_shots_top_left_standup_shot'====== Args={'value': 9, 'prev_value': None, 'change': True}
2025-11-02 11:10:00,971 : INFO : EventManager : Event: ======'machine_var_audits_shots_top_middle_inlane_shot'====== Args={'value': 41, 'prev_value': None, 'change': True}
2025-11-02 11:10:00,971 : INFO : EventManager : Event: ======'machine_var_audits_switches_s_A'====== Args={'value': 0, 'prev_value': None, 'change': True}
2025-11-02 11:10:00,971 : INFO : EventManager : Event: ======'machine_var_audits_switches_s_E'====== Args={'value': 244, 'prev_value': None, 'change': True}
2025-11-02 11:10:00,972 : INFO : EventManager : Event: ======'machine_var_audits_switches_s_Eb'====== Args={'value': 0, 'prev_value': None, 'change': True}
2025-11-02 11:10:00,973 : INFO : EventManager : Event: ======'machine_var_audits_switches_s_I'====== Args={'value': 238, 'prev_value': None, 'change': True}
2025-11-02 11:10:00,973 : INFO : EventManager : Event: ======'machine_var_audits_switches_s_L'====== Args={'value': 0, 'prev_value': None, 'change': True}
2025-11-02 11:10:00,974 : INFO : EventManager : Event: ======'machine_var_audits_switches_s_M'====== Args={'value': 239, 'prev_value': None, 'change': True}
2025-11-02 11:10:00,974 : INFO : EventManager : Event: ======'machine_var_audits_switches_s_R'====== Args={'value': 0, 'prev_value': None, 'change': True}
2025-11-02 11:10:00,975 : INFO : EventManager : Event: ======'machine_var_audits_switches_s_T'====== Args={'value': 238, 'prev_value': None, 'change': True}
2025-11-02 11:10:00,976 : INFO : EventManager : Event: ======'machine_var_audits_switches_s_Tb'====== Args={'value': 0, 'prev_value': None, 'change': True}
2025-11-02 11:10:00,976 : INFO : EventManager : Event: ======'machine_var_audits_switches_s_V'====== Args={'value': 0, 'prev_value': None, 'change': True}
2025-11-02 11:10:00,977 : INFO : EventManager : Event: ======'machine_var_audits_switches_s_bumper1'====== Args={'value': 401, 'prev_value': None, 'change': True}
2025-11-02 11:10:00,978 : INFO : EventManager : Event: ======'machine_var_audits_switches_s_bumper2'====== Args={'value': 890, 'prev_value': None, 'change': True}
2025-11-02 11:10:00,978 : INFO : EventManager : Event: ======'machine_var_audits_switches_s_bumper_1'====== Args={'value': 0, 'prev_value': None, 'change': True}
2025-11-02 11:10:00,979 : INFO : EventManager : Event: ======'machine_var_audits_switches_s_bumper_2'====== Args={'value': 0, 'prev_value': None, 'change': True}
2025-11-02 11:10:00,979 : INFO : EventManager : Event: ======'machine_var_audits_switches_s_center_center_target'====== Args={'value': 29, 'prev_value': None, 'change': True}
2025-11-02 11:10:00,980 : INFO : EventManager : Event: ======'machine_var_audits_switches_s_center_rollover'====== Args={'value': 397, 'prev_value': None, 'change': True}
2025-11-02 11:10:00,980 : INFO : EventManager : Event: ======'machine_var_audits_switches_s_center_scoop'====== Args={'value': 25, 'prev_value': None, 'change': True}
2025-11-02 11:10:00,981 : INFO : EventManager : Event: ======'machine_var_audits_switches_s_coin_left'====== Args={'value': 21, 'prev_value': None, 'change': True}
2025-11-02 11:10:00,981 : INFO : EventManager : Event: ======'machine_var_audits_switches_s_door_open'====== Args={'value': 5, 'prev_value': None, 'change': True}
2025-11-02 11:10:00,982 : INFO : EventManager : Event: ======'machine_var_audits_switches_s_launcher_lane_spinner'====== Args={'value': 9, 'prev_value': None, 'change': True}
2025-11-02 11:10:00,982 : INFO : EventManager : Event: ======'machine_var_audits_switches_s_left_center_target'====== Args={'value': 30, 'prev_value': None, 'change': True}
2025-11-02 11:10:00,983 : INFO : EventManager : Event: ======'machine_var_audits_switches_s_left_corridor_spinner'====== Args={'value': 821, 'prev_value': None, 'change': True}
2025-11-02 11:10:00,983 : INFO : EventManager : Event: ======'machine_var_audits_switches_s_left_corridor_spinner2'====== Args={'value': 15, 'prev_value': None, 'change': True}
2025-11-02 11:10:00,984 : INFO : EventManager : Event: ======'machine_var_audits_switches_s_left_flipper'====== Args={'value': 378, 'prev_value': None, 'change': True}
2025-11-02 11:10:00,985 : INFO : EventManager : Event: ======'machine_var_audits_switches_s_left_inlane'====== Args={'value': 28, 'prev_value': None, 'change': True}
2025-11-02 11:10:00,985 : INFO : EventManager : Event: ======'machine_var_audits_switches_s_left_outlane'====== Args={'value': 20, 'prev_value': None, 'change': True}
2025-11-02 11:10:00,986 : INFO : EventManager : Event: ======'machine_var_audits_switches_s_left_rollover'====== Args={'value': 351, 'prev_value': None, 'change': True}
2025-11-02 11:10:00,986 : INFO : EventManager : Event: ======'machine_var_audits_switches_s_left_scoop'====== Args={'value': 351, 'prev_value': None, 'change': True}
2025-11-02 11:10:00,987 : INFO : EventManager : Event: ======'machine_var_audits_switches_s_left_standup'====== Args={'value': 21, 'prev_value': None, 'change': True}
2025-11-02 11:10:00,987 : INFO : EventManager : Event: ======'machine_var_audits_switches_s_lock1'====== Args={'value': 79, 'prev_value': None, 'change': True}
2025-11-02 11:10:00,987 : INFO : EventManager : Event: ======'machine_var_audits_switches_s_lock2'====== Args={'value': 34, 'prev_value': None, 'change': True}
2025-11-02 11:10:00,988 : INFO : EventManager : Event: ======'machine_var_audits_switches_s_middle_inlane'====== Args={'value': 20, 'prev_value': None, 'change': True}
2025-11-02 11:10:00,988 : INFO : EventManager : Event: ======'machine_var_audits_switches_s_plunger'====== Args={'value': 802, 'prev_value': None, 'change': True}
2025-11-02 11:10:00,989 : INFO : EventManager : Event: ======'machine_var_audits_switches_s_right_center_target'====== Args={'value': 33, 'prev_value': None, 'change': True}
2025-11-02 11:10:00,989 : INFO : EventManager : Event: ======'machine_var_audits_switches_s_right_corridor_spinner'====== Args={'value': 57, 'prev_value': None, 'change': True}
2025-11-02 11:10:00,989 : INFO : EventManager : Event: ======'machine_var_audits_switches_s_right_flipper'====== Args={'value': 156, 'prev_value': None, 'change': True}
2025-11-02 11:10:00,990 : INFO : EventManager : Event: ======'machine_var_audits_switches_s_right_inlane'====== Args={'value': 246, 'prev_value': None, 'change': True}
2025-11-02 11:10:00,990 : INFO : EventManager : Event: ======'machine_var_audits_switches_s_right_outlane'====== Args={'value': 47, 'prev_value': None, 'change': True}
2025-11-02 11:10:00,991 : INFO : EventManager : Event: ======'machine_var_audits_switches_s_right_rollover'====== Args={'value': 509, 'prev_value': None, 'change': True}
2025-11-02 11:10:00,992 : INFO : EventManager : Event: ======'machine_var_audits_switches_s_right_scoop'====== Args={'value': 101, 'prev_value': None, 'change': True}
2025-11-02 11:10:00,993 : INFO : EventManager : Event: ======'machine_var_audits_switches_s_right_standup'====== Args={'value': 204, 'prev_value': None, 'change': True}
2025-11-02 11:10:00,994 : INFO : EventManager : Event: ======'machine_var_audits_switches_s_service_coin'====== Args={'value': 2, 'prev_value': None, 'change': True}
2025-11-02 11:10:00,994 : INFO : EventManager : Event: ======'machine_var_audits_switches_s_service_down'====== Args={'value': 28, 'prev_value': None, 'change': True}
2025-11-02 11:10:00,994 : INFO : EventManager : Event: ======'machine_var_audits_switches_s_service_enter'====== Args={'value': 17, 'prev_value': None, 'change': True}
2025-11-02 11:10:00,995 : INFO : EventManager : Event: ======'machine_var_audits_switches_s_service_esc'====== Args={'value': 11, 'prev_value': None, 'change': True}
2025-11-02 11:10:00,995 : INFO : EventManager : Event: ======'machine_var_audits_switches_s_service_up'====== Args={'value': 31, 'prev_value': None, 'change': True}
2025-11-02 11:10:00,996 : INFO : EventManager : Event: ======'machine_var_audits_switches_s_sling_left'====== Args={'value': 4, 'prev_value': None, 'change': True}
2025-11-02 11:10:00,996 : INFO : EventManager : Event: ======'machine_var_audits_switches_s_sling_right'====== Args={'value': 8, 'prev_value': None, 'change': True}
2025-11-02 11:10:00,997 : INFO : EventManager : Event: ======'machine_var_audits_switches_s_standup_1'====== Args={'value': 187, 'prev_value': None, 'change': True}
2025-11-02 11:10:00,997 : INFO : EventManager : Event: ======'machine_var_audits_switches_s_standup_2'====== Args={'value': 114, 'prev_value': None, 'change': True}
2025-11-02 11:10:00,997 : INFO : EventManager : Event: ======'machine_var_audits_switches_s_standup_3'====== Args={'value': 104, 'prev_value': None, 'change': True}
2025-11-02 11:10:00,998 : INFO : EventManager : Event: ======'machine_var_audits_switches_s_standup_4'====== Args={'value': 75, 'prev_value': None, 'change': True}
2025-11-02 11:10:00,998 : INFO : EventManager : Event: ======'machine_var_audits_switches_s_standup_5'====== Args={'value': 73, 'prev_value': None, 'change': True}
2025-11-02 11:10:00,999 : INFO : EventManager : Event: ======'machine_var_audits_switches_s_standup_6'====== Args={'value': 64, 'prev_value': None, 'change': True}
2025-11-02 11:10:00,999 : INFO : EventManager : Event: ======'machine_var_audits_switches_s_start'====== Args={'value': 62, 'prev_value': None, 'change': True}
2025-11-02 11:10:01,000 : INFO : EventManager : Event: ======'machine_var_audits_switches_s_tilt'====== Args={'value': 31, 'prev_value': None, 'change': True}
2025-11-02 11:10:01,000 : INFO : EventManager : Event: ======'machine_var_audits_switches_s_top_left_standup'====== Args={'value': 20, 'prev_value': None, 'change': True}
2025-11-02 11:10:01,001 : INFO : EventManager : Event: ======'machine_var_audits_switches_s_top_left_standup2'====== Args={'value': 44, 'prev_value': None, 'change': True}
2025-11-02 11:10:01,001 : INFO : EventManager : Event: ======'machine_var_audits_switches_s_top_middle_inlane'====== Args={'value': 41, 'prev_value': None, 'change': True}
2025-11-02 11:10:01,002 : INFO : EventManager : Event: ======'machine_var_audits_switches_s_trough1'====== Args={'value': 409, 'prev_value': None, 'change': True}
2025-11-02 11:10:01,002 : INFO : EventManager : Event: ======'machine_var_audits_switches_s_trough2'====== Args={'value': 19, 'prev_value': None, 'change': True}
2025-11-02 11:10:01,003 : INFO : EventManager : Event: ======'machine_var_audits_switches_s_trough3'====== Args={'value': 18, 'prev_value': None, 'change': True}
2025-11-02 11:10:01,003 : INFO : EventManager : Event: ======'machine_var_audits_switches_s_trough4'====== Args={'value': 0, 'prev_value': None, 'change': True}
2025-11-02 11:10:01,003 : INFO : EventManager : Event: ======'machine_var_audits_switches_s_trough5'====== Args={'value': 0, 'prev_value': None, 'change': True}
2025-11-02 11:10:01,004 : INFO : EventManager : Event: ======'machine_var_audits_switches_s_trough6'====== Args={'value': 0, 'prev_value': None, 'change': True}
2025-11-02 11:10:01,005 : INFO : EventManager : Event: ======'machine_var_audits_switches_s_trough_jam'====== Args={'value': 4, 'prev_value': None, 'change': True}
2025-11-02 11:10:01,006 : INFO : EventManager : Event: ======'init_phase_5'====== Args={}
2025-11-02 11:10:01,055 : INFO : EventManager : Event: ======'init_done'====== Args={}
2025-11-02 11:10:01,055 : INFO : EventManager : Event: ======'machine_reset_phase_1'====== Args={}
2025-11-02 11:10:01,061 : INFO : EventManager : Event: ======'slide_window_slide_1_removed'====== Args={'_from_bcp': True}
2025-11-02 11:10:01,091 : INFO : EventManager : Event: ======'slide_window_slide_1_created'====== Args={'_from_bcp': True}
2025-11-02 11:10:01,091 : INFO : EventManager : Event: ======'slide_window_slide_1_active'====== Args={'_from_bcp': True}
2025-11-02 11:10:01,091 : INFO : EventManager : Event: ======'machine_reset_phase_2'====== Args={}
2025-11-02 11:10:01,091 : INFO : EventManager : Event: ======'machine_reset_phase_3'====== Args={}
2025-11-02 11:10:01,091 : INFO : EventManager : Event: ======'mode_tilt_will_start'====== Args={'queue': <QueuedEvent>}
2025-11-02 11:10:01,092 : INFO : EventManager : Event: ======'mode_tilt_starting'====== Args={'queue': <QueuedEvent>}
2025-11-02 11:10:01,092 : INFO : drop_target_bank.TIME : All targets are already up. Will not reset bank.
2025-11-02 11:10:01,092 : INFO : drop_target_bank.CENTER : All targets are already up. Will not reset bank.
2025-11-02 11:10:01,093 : INFO : drop_target_bank.TRAVEL : All targets are already up. Will not reset bank.
2025-11-02 11:10:01,093 : INFO : Mode.tilt : Started. Priority: 1000000
2025-11-02 11:10:01,093 : INFO : EventManager : Event: ======'modes_active_modes_changed'====== Args={}
2025-11-02 11:10:01,093 : INFO : EventManager : Event: ======'mode_tilt_started'====== Args={'queue': <QueuedEvent>}
2025-11-02 11:10:01,094 : INFO : EventManager : Event: ======'reset_complete'====== Args={}
2025-11-02 11:10:01,094 : INFO : EventManager : Event: ======'mode_credits_will_start'====== Args={}
2025-11-02 11:10:01,095 : INFO : EventManager : Event: ======'mode_credits_starting'====== Args={}
2025-11-02 11:10:01,095 : INFO : EventManager : Event: ======'mode_attract_will_start'====== Args={}
2025-11-02 11:10:01,095 : INFO : EventManager : Event: ======'mode_attract_starting'====== Args={}
2025-11-02 11:10:01,095 : INFO : Mode.attract : Started. Priority: 10
2025-11-02 11:10:01,095 : INFO : EventManager : Event: ======'modes_active_modes_changed'====== Args={}
2025-11-02 11:10:01,095 : INFO : EventManager : Event: ======'mode_attract_started'====== Args={}
2025-11-02 11:10:01,096 : INFO : EventManager : Event: ======'collecting_balls_complete'====== Args={}
2025-11-02 11:10:01,096 : INFO : Mode.credits : Started. Priority: 1000010
2025-11-02 11:10:01,096 : INFO : EventManager : Event: ======'modes_active_modes_changed'====== Args={}
2025-11-02 11:10:01,096 : INFO : EventManager : Event: ======'mode_credits_started'====== Args={}
2025-11-02 11:10:01,097 : INFO : Mode.credits : Credit units per game: 1
2025-11-02 11:10:01,097 : INFO : EventManager : Event: ======'machine_var_price_per_game_raw_0'====== Args={'value': 1.0, 'prev_value': None, 'change': True}
2025-11-02 11:10:01,098 : INFO : EventManager : Event: ======'machine_var_price_per_game_string_0'====== Args={'value': '1 CREDITS $1.0', 'prev_value': None, 'change': True}
2025-11-02 11:10:01,099 : INFO : EventManager : Event: ======'machine_var_credits_string'====== Args={'value': ' ', 'prev_value': 'FREE PLAY', 'change': True}
2025-11-02 11:10:01,099 : INFO : EventManager : Event: ======'machine_var_credits_value'====== Args={'value': '0', 'prev_value': None, 'change': True}
2025-11-02 11:10:01,100 : INFO : EventManager : Event: ======'machine_var_credits_whole_num'====== Args={'value': 0, 'prev_value': None, 'change': True}
2025-11-02 11:10:01,101 : INFO : EventManager : Event: ======'machine_var_credits_numerator'====== Args={'value': 0, 'prev_value': None, 'change': True}
2025-11-02 11:10:01,102 : INFO : EventManager : Event: ======'machine_var_credits_denominator'====== Args={'value': 0, 'prev_value': None, 'change': True}
2025-11-02 11:10:01,103 : INFO : EventManager : Event: ======'machine_var_credits_string'====== Args={'value': 'CREDITS 1', 'prev_value': ' ', 'change': True}
2025-11-02 11:10:01,103 : INFO : EventManager : Event: ======'machine_var_credits_value'====== Args={'value': '1', 'prev_value': '0', 'change': True}
2025-11-02 11:10:01,104 : INFO : EventManager : Event: ======'machine_var_credits_whole_num'====== Args={'value': 1, 'prev_value': 0, 'change': 1}
2025-11-02 11:10:01,105 : INFO : EventManager : Event: ======'machine_var_credits_denominator'====== Args={'value': 1, 'prev_value': 0, 'change': 1}
2025-11-02 11:10:01,144 : INFO : EventManager : Event: ======'slide_awesome_slide_created'====== Args={'_from_bcp': True}
2025-11-02 11:10:01,144 : INFO : EventManager : Event: ======'slide_awesome_slide_active'====== Args={'_from_bcp': True}
2025-11-02 11:10:01,145 : INFO : Machine : Starting the main run loop.
2025-11-02 11:10:01,644 : INFO : BcpServer : New client connected.
2025-11-02 11:10:03,725 : INFO : SwitchController : <<<<<<< 's_start' active >>>>>>>
2025-11-02 11:10:03,842 : INFO : SwitchController : <<<<<<< 's_start' inactive >>>>>>>
2025-11-02 11:10:03,842 : INFO : EventManager : Event: ======'request_to_start_game'====== Args={}
2025-11-02 11:10:03,843 : INFO : Mode.credits : Received request to start game. Request Approved. Sufficient credits available.
2025-11-02 11:10:03,843 : INFO : EventManager : Event: ======'game_start'====== Args={'buttons': [], 'hold_time': 0.10999999998603016}
2025-11-02 11:10:03,843 : INFO : EventManager : Event: ======'mode_game_will_start'====== Args={'buttons': [], 'hold_time': 0.10999999998603016}
2025-11-02 11:10:03,844 : INFO : EventManager : Event: ======'mode_game_starting'====== Args={'buttons': [], 'hold_time': 0.10999999998603016}
2025-11-02 11:10:03,844 : INFO : EventManager : Event: ======'mode_attract_will_stop'====== Args={}
2025-11-02 11:10:03,844 : INFO : EventManager : Event: ======'mode_attract_stopping'====== Args={}
2025-11-02 11:10:03,844 : INFO : Mode.attract : Stopped.
2025-11-02 11:10:03,844 : INFO : EventManager : Event: ======'modes_active_modes_changed'====== Args={}
2025-11-02 11:10:03,845 : INFO : EventManager : Event: ======'mode_attract_stopped'====== Args={}
2025-11-02 11:10:03,846 : INFO : EventManager : Event: ======'clear'====== Args={'key': 'attract'}
2025-11-02 11:10:03,846 : INFO : Mode.game : Started. Priority: 20
2025-11-02 11:10:03,846 : INFO : EventManager : Event: ======'modes_active_modes_changed'====== Args={}
2025-11-02 11:10:03,846 : INFO : EventManager : Event: ======'mode_game_started'====== Args={'buttons': [], 'hold_time': 0.10999999998603016}
2025-11-02 11:10:03,856 : INFO : EventManager : Event: ======'game_will_start'====== Args={}
2025-11-02 11:10:03,857 : INFO : EventManager : Event: ======'game_starting'====== Args={'game': <Mode.game>}
2025-11-02 11:10:03,858 : INFO : EventManager : Unordered handler for class <Auditor> on event game_ended with priority 1. Handlers: [RegisteredHandler(callback=<bound method Auditor.disable of <Auditor>>, priority=1, kwargs={}, key=UUID('ff2fcabb-95f1-4ad9-9cfc-47ea46d507ba'), condition=None, blocking_facility=None), RegisteredHandler(callback=<bound method Auditor._save_audits of <Auditor>>, priority=1, kwargs={}, key=UUID('b37a7f13-fdc0-48f6-a1db-bb9cb1876309'), condition=None, blocking_facility=None)]. The order of those handlers is not defined and they will be executed in random order. This might lead to race conditions and potential bugs.
2025-11-02 11:10:03,858 : INFO : EventManager : Event: ======'player_add_request'====== Args={}
2025-11-02 11:10:03,858 : INFO : Mode.credits : Received request to add player. Request Approved. Sufficient credits available.
2025-11-02 11:10:03,859 : INFO : EventManager : Event: ======'player_will_add'====== Args={'number': 1}
2025-11-02 11:10:03,859 : INFO : EventManager : Event: ======'player_adding'====== Args={'player': <Player 1>, 'number': 1}
2025-11-02 11:10:03,859 : INFO : EventManager : Event: ======'player_added'====== Args={'player': <Player 1>, 'num': 1}
2025-11-02 11:10:03,859 : INFO : Mode.game : Player added successfully. Total players: 1
2025-11-02 11:10:03,860 : INFO : EventManager : Event: ======'machine_var_credit_units'====== Args={'value': 0, 'prev_value': 1, 'change': -1}
2025-11-02 11:10:03,861 : INFO : EventManager : Event: ======'machine_var_credits_string'====== Args={'value': 'CREDITS 0', 'prev_value': 'CREDITS 1', 'change': True}
2025-11-02 11:10:03,862 : INFO : EventManager : Event: ======'machine_var_credits_value'====== Args={'value': '0', 'prev_value': '1', 'change': True}
2025-11-02 11:10:03,863 : INFO : EventManager : Event: ======'machine_var_credits_whole_num'====== Args={'value': 0, 'prev_value': 1, 'change': -1}
2025-11-02 11:10:03,864 : INFO : EventManager : Event: ======'player_index'====== Args={'value': 0, 'prev_value': 0, 'change': 0, 'player_num': 1}
2025-11-02 11:10:03,864 : INFO : EventManager : Event: ======'player_number'====== Args={'value': 1, 'prev_value': 1, 'change': 0, 'player_num': 1}
2025-11-02 11:10:03,864 : INFO : EventManager : Event: ======'player_sj_active'====== Args={'value': 0, 'prev_value': 0, 'change': 0, 'player_num': 1}
2025-11-02 11:10:03,864 : INFO : EventManager : Event: ======'player_score'====== Args={'value': 0, 'prev_value': 0, 'change': 0, 'player_num': 1}
2025-11-02 11:10:03,866 : INFO : EventManager : Event: ======'game_started'====== Args={}
2025-11-02 11:10:03,882 : INFO : EventManager : Event: ======'player_turn_will_start'====== Args={'player': <Player 1>, 'number': 1}
2025-11-02 11:10:03,883 : INFO : EventManager : Event: ======'slide_awesome_slide_removed'====== Args={'_from_bcp': True}
2025-11-02 11:10:03,883 : INFO : EventManager : Event: ======'slide_player_added_slide_created'====== Args={'_from_bcp': True}
2025-11-02 11:10:03,884 : INFO : EventManager : Event: ======'player_turn_starting'====== Args={'player': <Player 1>, 'number': 1}
2025-11-02 11:10:03,885 : INFO : EventManager : Event: ======'slide_player_added_slide_active'====== Args={'_from_bcp': True}
2025-11-02 11:10:03,885 : INFO : EventManager : Event: ======'player_ball'====== Args={'value': 1, 'prev_value': 0, 'change': 1, 'player_num': 1}
2025-11-02 11:10:03,886 : INFO : EventManager : Event: ======'player_turn_started'====== Args={'player': <Player 1>, 'number': 1}
2025-11-02 11:10:03,886 : INFO : EventManager : Event: ======'ball_will_start'====== Args={'player': 1, 'ball': 1, 'balls_remaining': 2, 'is_extra_ball': False}
2025-11-02 11:10:03,892 : INFO : EventManager : Event: ======'ball_starting'====== Args={'player': 1, 'ball': 1, 'balls_remaining': 2, 'is_extra_ball': False}
2025-11-02 11:10:03,893 : INFO : EventManager : Event: ======'slide_player_added_slide_removed'====== Args={'_from_bcp': True}
2025-11-02 11:10:03,894 : INFO : EventManager : Event: ======'slide_player_added_slide_created'====== Args={'_from_bcp': True}
2025-11-02 11:10:03,894 : INFO : EventManager : Event: ======'slide_player_added_slide_removed'====== Args={'_from_bcp': True}
2025-11-02 11:10:03,894 : INFO : EventManager : Event: ======'slide_player_added_slide_created'====== Args={'_from_bcp': True}
2025-11-02 11:10:03,895 : INFO : EventManager : Event: ======'mode_special_setup_will_start'====== Args={'queue': <QueuedEvent>, 'player': 1, 'ball': 1, 'balls_remaining': 2, 'is_extra_ball': False}
2025-11-02 11:10:03,896 : INFO : EventManager : Event: ======'mode_special_setup_starting'====== Args={'queue': <QueuedEvent>, 'player': 1, 'ball': 1, 'balls_remaining': 2, 'is_extra_ball': False}
2025-11-02 11:10:03,896 : INFO : EventManager : Event: ======'mode_super_jets_setup_will_start'====== Args={'queue': <QueuedEvent>, 'player': 1, 'ball': 1, 'balls_remaining': 2, 'is_extra_ball': False}
2025-11-02 11:10:03,896 : INFO : EventManager : Event: ======'player_shot_jets_enabled'====== Args={'value': True, 'prev_value': 0, 'change': 1, 'player_num': 1}
2025-11-02 11:10:03,897 : INFO : EventManager : Event: ======'mode_super_jets_setup_starting'====== Args={'queue': <QueuedEvent>, 'player': 1, 'ball': 1, 'balls_remaining': 2, 'is_extra_ball': False}
2025-11-02 11:10:03,898 : INFO : drop_target_bank.TIME : All targets are already up. Will not reset bank.
2025-11-02 11:10:03,898 : INFO : drop_target_bank.CENTER : All targets are already up. Will not reset bank.
2025-11-02 11:10:03,898 : INFO : drop_target_bank.TRAVEL : All targets are already up. Will not reset bank.
2025-11-02 11:10:03,899 : INFO : EventManager : Event: ======'balls_in_play'====== Args={'balls': 1}
2025-11-02 11:10:03,899 : INFO : EventManager : Event: ======'ball_started'====== Args={'player': 1, 'ball': 1, 'balls_remaining': 2, 'is_extra_ball': False}
2025-11-02 11:10:03,899 : INFO : EventManager : Event: ======'logicblock_special_count_updated'====== Args={'value': 0, 'enabled': True}
2025-11-02 11:10:03,899 : INFO : EventManager : Event: ======'logicblock_special_count_updated'====== Args={'value': 0, 'enabled': True}
2025-11-02 11:10:03,899 : INFO : Mode.special_setup : Started. Priority: 400
2025-11-02 11:10:03,899 : INFO : EventManager : Event: ======'modes_active_modes_changed'====== Args={}
2025-11-02 11:10:03,899 : INFO : EventManager : Event: ======'mode_special_setup_started'====== Args={'queue': <QueuedEvent>, 'player': 1, 'ball': 1, 'balls_remaining': 2, 'is_extra_ball': False}
2025-11-02 11:10:03,899 : INFO : EventManager : Event: ======'logicblock_lb_jets_count_updated'====== Args={'value': 0, 'enabled': True}
2025-11-02 11:10:03,900 : INFO : EventManager : Event: ======'logicblock_lb_rollover_complete_count_updated'====== Args={'value': 0, 'enabled': True}
2025-11-02 11:10:03,900 : INFO : EventManager : Event: ======'logicblock_lb_jets_count_updated'====== Args={'value': 0, 'enabled': True}
2025-11-02 11:10:03,900 : INFO : EventManager : Event: ======'logicblock_lb_jets_resume_updated'====== Args={'value': 0, 'enabled': False}
2025-11-02 11:10:03,900 : INFO : EventManager : Event: ======'logicblock_lb_rollover_complete_count_updated'====== Args={'value': 0, 'enabled': True}
2025-11-02 11:10:03,900 : INFO : Mode.super_jets_setup : Started. Priority: 200
2025-11-02 11:10:03,900 : INFO : EventManager : Event: ======'modes_active_modes_changed'====== Args={}
2025-11-02 11:10:03,900 : INFO : EventManager : Event: ======'mode_super_jets_setup_started'====== Args={'queue': <QueuedEvent>, 'player': 1, 'ball': 1, 'balls_remaining': 2, 'is_extra_ball': False}
2025-11-02 11:10:03,901 : INFO : EventManager : Event: ======'slide_player_added_slide_active'====== Args={'_from_bcp': True}
2025-11-02 11:10:03,901 : INFO : EventManager : Event: ======'mode_base_will_start'====== Args={'player': 1, 'ball': 1, 'balls_remaining': 2, 'is_extra_ball': False}
2025-11-02 11:10:03,901 : INFO : EventManager : Event: ======'player_extra_ball_score_one_num_awarded'====== Args={'value': 0, 'prev_value': 0, 'change': 0, 'player_num': 1}
2025-11-02 11:10:03,902 : INFO : EventManager : Event: ======'player_extra_ball_score_two_num_awarded'====== Args={'value': 0, 'prev_value': 0, 'change': 0, 'player_num': 1}
2025-11-02 11:10:03,902 : INFO : EventManager : Event: ======'player_extra_ball_score_three_num_awarded'====== Args={'value': 0, 'prev_value': 0, 'change': 0, 'player_num': 1}
2025-11-02 11:10:03,902 : INFO : EventManager : Event: ======'player_shot_left_corridor_spinner_shot_enabled'====== Args={'value': True, 'prev_value': 0, 'change': 1, 'player_num': 1}
2025-11-02 11:10:03,903 : INFO : EventManager : Event: ======'player_shot_left_corridor_spinner2_shot_enabled'====== Args={'value': True, 'prev_value': 0, 'change': 1, 'player_num': 1}
2025-11-02 11:10:03,903 : INFO : EventManager : Event: ======'player_shot_right_corridor_spinner_shot_enabled'====== Args={'value': True, 'prev_value': 0, 'change': 1, 'player_num': 1}
2025-11-02 11:10:03,903 : INFO : EventManager : Event: ======'player_shot_top_left_standup2_shot_enabled'====== Args={'value': True, 'prev_value': 0, 'change': 1, 'player_num': 1}
2025-11-02 11:10:03,904 : INFO : EventManager : Event: ======'player_shot_top_left_standup_shot_enabled'====== Args={'value': True, 'prev_value': 0, 'change': 1, 'player_num': 1}
2025-11-02 11:10:03,904 : INFO : EventManager : Event: ======'player_shot_left_standup_shot_enabled'====== Args={'value': True, 'prev_value': 0, 'change': 1, 'player_num': 1}
2025-11-02 11:10:03,905 : INFO : EventManager : Event: ======'player_shot_right_standup_shot_enabled'====== Args={'value': True, 'prev_value': 0, 'change': 1, 'player_num': 1}
2025-11-02 11:10:03,905 : INFO : EventManager : Event: ======'player_shot_left_rollover_shot_enabled'====== Args={'value': True, 'prev_value': 0, 'change': 1, 'player_num': 1}
2025-11-02 11:10:03,905 : INFO : EventManager : Event: ======'player_shot_center_rollover_shot_enabled'====== Args={'value': True, 'prev_value': 0, 'change': 1, 'player_num': 1}
2025-11-02 11:10:03,906 : INFO : EventManager : Event: ======'player_shot_right_rollover_shot_enabled'====== Args={'value': True, 'prev_value': 0, 'change': 1, 'player_num': 1}
2025-11-02 11:10:03,906 : INFO : EventManager : Event: ======'player_shot_right_scoop_shot_enabled'====== Args={'value': True, 'prev_value': 0, 'change': 1, 'player_num': 1}
2025-11-02 11:10:03,907 : INFO : EventManager : Event: ======'player_shot_center_scoop_shot_enabled'====== Args={'value': True, 'prev_value': 0, 'change': 1, 'player_num': 1}
2025-11-02 11:10:03,907 : INFO : EventManager : Event: ======'player_shot_left_scoop_shot_enabled'====== Args={'value': True, 'prev_value': 0, 'change': 1, 'player_num': 1}
2025-11-02 11:10:03,908 : INFO : EventManager : Event: ======'player_shot_T_enabled'====== Args={'value': True, 'prev_value': 0, 'change': 1, 'player_num': 1}
2025-11-02 11:10:03,908 : INFO : EventManager : Event: ======'player_shot_I_enabled'====== Args={'value': True, 'prev_value': 0, 'change': 1, 'player_num': 1}
2025-11-02 11:10:03,909 : INFO : EventManager : Event: ======'player_shot_M_enabled'====== Args={'value': True, 'prev_value': 0, 'change': 1, 'player_num': 1}
2025-11-02 11:10:03,909 : INFO : EventManager : Event: ======'player_shot_E_enabled'====== Args={'value': True, 'prev_value': 0, 'change': 1, 'player_num': 1}
2025-11-02 11:10:03,909 : INFO : EventManager : Event: ======'player_shot_left_center_droptarget_enabled'====== Args={'value': True, 'prev_value': 0, 'change': 1, 'player_num': 1}
2025-11-02 11:10:03,910 : INFO : EventManager : Event: ======'player_shot_center_center_droptarget_enabled'====== Args={'value': True, 'prev_value': 0, 'change': 1, 'player_num': 1}
2025-11-02 11:10:03,910 : INFO : EventManager : Event: ======'player_shot_right_center_droptarget_enabled'====== Args={'value': True, 'prev_value': 0, 'change': 1, 'player_num': 1}
2025-11-02 11:10:03,911 : INFO : EventManager : Event: ======'player_shot_Tb_enabled'====== Args={'value': True, 'prev_value': 0, 'change': 1, 'player_num': 1}
2025-11-02 11:10:03,911 : INFO : EventManager : Event: ======'player_shot_R_enabled'====== Args={'value': True, 'prev_value': 0, 'change': 1, 'player_num': 1}
2025-11-02 11:10:03,911 : INFO : EventManager : Event: ======'player_shot_A_enabled'====== Args={'value': True, 'prev_value': 0, 'change': 1, 'player_num': 1}
2025-11-02 11:10:03,912 : INFO : EventManager : Event: ======'player_shot_V_enabled'====== Args={'value': True, 'prev_value': 0, 'change': 1, 'player_num': 1}
2025-11-02 11:10:03,912 : INFO : EventManager : Event: ======'player_shot_Eb_enabled'====== Args={'value': True, 'prev_value': 0, 'change': 1, 'player_num': 1}
2025-11-02 11:10:03,913 : INFO : EventManager : Event: ======'player_shot_L_enabled'====== Args={'value': True, 'prev_value': 0, 'change': 1, 'player_num': 1}
2025-11-02 11:10:03,913 : INFO : EventManager : Event: ======'player_shot_bumper1_shot_enabled'====== Args={'value': True, 'prev_value': 0, 'change': 1, 'player_num': 1}
2025-11-02 11:10:03,914 : INFO : EventManager : Event: ======'player_shot_bumper2_shot_enabled'====== Args={'value': True, 'prev_value': 0, 'change': 1, 'player_num': 1}
2025-11-02 11:10:03,914 : INFO : EventManager : Event: ======'player_shot_right_inlane_shot_enabled'====== Args={'value': True, 'prev_value': 0, 'change': 1, 'player_num': 1}
2025-11-02 11:10:03,914 : INFO : EventManager : Event: ======'player_shot_left_inlane_shot_enabled'====== Args={'value': True, 'prev_value': 0, 'change': 1, 'player_num': 1}
2025-11-02 11:10:03,915 : INFO : EventManager : Event: ======'player_shot_right_outlane_shot_enabled'====== Args={'value': True, 'prev_value': 0, 'change': 1, 'player_num': 1}
2025-11-02 11:10:03,915 : INFO : EventManager : Event: ======'player_shot_left_outlane_shot_enabled'====== Args={'value': True, 'prev_value': 0, 'change': 1, 'player_num': 1}
2025-11-02 11:10:03,915 : INFO : EventManager : Event: ======'rollover_lanes_complete'====== Args={'state': 'unlit'}
2025-11-02 11:10:03,915 : INFO : EventManager : Event: ======'rollover_lanes_unlit_complete'====== Args={}
2025-11-02 11:10:03,916 : INFO : EventManager : Event: ======'TIME_droptargets_complete'====== Args={'state': 'unlit'}
2025-11-02 11:10:03,916 : INFO : EventManager : Event: ======'TIME_droptargets_unlit_complete'====== Args={}
2025-11-02 11:10:03,916 : INFO : EventManager : Event: ======'CENTER_droptargets_complete'====== Args={'state': 'unlit'}
2025-11-02 11:10:03,916 : INFO : EventManager : Event: ======'CENTER_droptargets_unlit_complete'====== Args={}
2025-11-02 11:10:03,917 : INFO : EventManager : Event: ======'TRAVEL_droptargets_complete'====== Args={'state': 'unlit'}
2025-11-02 11:10:03,917 : INFO : EventManager : Event: ======'TRAVEL_droptargets_unlit_complete'====== Args={}
2025-11-02 11:10:03,920 : INFO : EventManager : Event: ======'mode_base_starting'====== Args={'player': 1, 'ball': 1, 'balls_remaining': 2, 'is_extra_ball': False}
2025-11-02 11:10:03,922 : INFO : EventManager : Event: ======'logicblock_spinner_rotations_updated'====== Args={'value': 0, 'enabled': True}
2025-11-02 11:10:03,923 : INFO : EventManager : Event: ======'logicblock_my_counter_updated'====== Args={'value': 0, 'enabled': True}
2025-11-02 11:10:03,923 : INFO : EventManager : Event: ======'logicblock_spinner_rotations_updated'====== Args={'value': 0, 'enabled': True}
2025-11-02 11:10:03,923 : INFO : EventManager : Event: ======'logicblock_my_counter_updated'====== Args={'value': 0, 'enabled': True}
2025-11-02 11:10:03,923 : INFO : Mode.base : Started. Priority: 100
2025-11-02 11:10:03,923 : INFO : EventManager : Event: ======'modes_active_modes_changed'====== Args={}
2025-11-02 11:10:03,923 : INFO : EventManager : Event: ======'mode_base_started'====== Args={'player': 1, 'ball': 1, 'balls_remaining': 2, 'is_extra_ball': False}
2025-11-02 11:10:03,924 : INFO : EventManager : Event: ======'single_player_ball_started'====== Args={}
2025-11-02 11:10:03,964 : INFO : EventManager : Event: ======'ball_start_target'====== Args={'target': 'playfield'}
2025-11-02 11:10:03,994 : INFO : ball_device.bd_plunger : Setting up player-controlled eject. Balls: 1, Target: <playfield.playfield>, player_controlled_eject_event: None
2025-11-02 11:10:03,995 : INFO : EventManager : Event: ======'balldevice_balls_available'====== Args={}
2025-11-02 11:10:03,995 : INFO : EventManager : Event: ======'slide_base.slide_player-mode_base_started_created'====== Args={'_from_bcp': True}
2025-11-02 11:10:03,996 : INFO : EventManager : Event: ======'slide_base.slide_player-mode_base_started_active'====== Args={'_from_bcp': True}
2025-11-02 11:10:03,996 : INFO : ball_device.bd_trough : State: waiting_for_target_ready
2025-11-02 11:10:03,997 : INFO : EventManager : Event: ======'balldevice_bd_trough_ball_eject_attempt'====== Args={'balls': 1, 'target': <ball_device.bd_plunger>, 'source': <ball_device.bd_trough>, 'mechanical_eject': True, 'num_attempts': 0}
2025-11-02 11:10:03,997 : INFO : ball_device.bd_plunger : State: waiting_for_ball
2025-11-02 11:10:03,997 : INFO : ball_device.bd_trough : State: ejecting
2025-11-02 11:10:03,998 : INFO : ball_device.bd_trough : Ejecting ball to <ball_device.bd_plunger>
2025-11-02 11:10:03,998 : INFO : EventManager : Event: ======'balldevice_bd_trough_ejecting_ball'====== Args={'balls': 1, 'target': <ball_device.bd_plunger>, 'source': <ball_device.bd_trough>, 'mechanical_eject': True, 'num_attempts': 0}
2025-11-02 11:10:03,998 : INFO : ball_device.bd_trough : Wait for ball to leave device
2025-11-02 11:10:03,999 : INFO : coil.c_trough_eject : Pulsing Driver for 20ms (1.0 pulse_power)
2025-11-02 11:10:03,999 : INFO : SwitchController : <<<<<<< 's_trough1' inactive >>>>>>>
2025-11-02 11:10:04,003 : INFO : ball_device.bd_trough : State: ball_left
2025-11-02 11:10:04,004 : INFO : ball_device.bd_trough : Ball left
2025-11-02 11:10:04,004 : INFO : ball_device.bd_trough : Wait for confirm with timeout 3.0
2025-11-02 11:10:04,090 : INFO : SwitchController : <<<<<<< 's_plunger' active >>>>>>>
2025-11-02 11:10:04,090 : INFO : EventManager : Event: ======'machine_var_audits_switches_s_plunger'====== Args={'value': 803, 'prev_value': 802, 'change': 1}
2025-11-02 11:10:04,595 : INFO : ball_device.bd_plunger : Received ball from <ball_device.bd_trough>
2025-11-02 11:10:04,595 : INFO : EventManager : Event: ======'balldevice_bd_plunger_ball_enter'====== Args={'new_balls': 1, 'unclaimed_balls': 0, 'new_available_balls': 0, 'device': <ball_device.bd_plunger>}
2025-11-02 11:10:04,596 : INFO : EventManager : Event: ======'balldevice_bd_plunger_ball_entered'====== Args={'new_balls': 0, 'device': <ball_device.bd_plunger>}
2025-11-02 11:10:04,596 : INFO : EventManager : Event: ======'balldevice_bd_plunger_ball_count_changed'====== Args={'balls': 1}
2025-11-02 11:10:04,597 : INFO : ball_device.bd_trough : Got eject confirm
2025-11-02 11:10:04,597 : INFO : ball_device.bd_trough : Eject successful
2025-11-02 11:10:04,597 : INFO : EventManager : Event: ======'balldevice_bd_trough_ball_eject_success'====== Args={'balls': 1, 'target': <ball_device.bd_plunger>}
2025-11-02 11:10:04,597 : INFO : EventManager : Event: ======'balldevice_bd_trough_ball_count_changed'====== Args={'balls': 2}
2025-11-02 11:10:04,598 : INFO : ball_device.bd_trough : State: idle
2025-11-02 11:10:04,598 : INFO : ball_device.bd_plunger : State: waiting_for_target_ready
2025-11-02 11:10:04,598 : INFO : EventManager : Event: ======'balldevice_bd_plunger_ball_eject_attempt'====== Args={'balls': 1, 'target': <playfield.playfield>, 'source': <ball_device.bd_plunger>, 'mechanical_eject': True, 'num_attempts': 0}
2025-11-02 11:10:04,599 : INFO : ball_device.bd_plunger : State: ejecting
2025-11-02 11:10:04,599 : INFO : ball_device.bd_plunger : Ejecting ball to <playfield.playfield>
2025-11-02 11:10:04,599 : INFO : EventManager : Event: ======'balldevice_bd_plunger_ejecting_ball'====== Args={'balls': 1, 'target': <playfield.playfield>, 'source': <ball_device.bd_plunger>, 'mechanical_eject': True, 'num_attempts': 0}
2025-11-02 11:10:04,600 : INFO : ball_device.bd_plunger : Wait for ball to leave device
2025-11-02 11:10:04,893 : INFO : EventManager : Event: ======'slide_player_added_slide_removed'====== Args={'_from_bcp': True}
2025-11-02 11:10:09,059 : WARNING : SwitchController : Received duplicate switch state 1 for switch s_plunger from the platform interface. Log Code: Log-SwitchController-1 (https://missionpinball.org/logs)
2025-11-02 11:10:09,143 : INFO : SwitchController : <<<<<<< 's_plunger' inactive >>>>>>>
2025-11-02 11:10:09,152 : INFO : ball_device.bd_plunger : State: ball_left
2025-11-02 11:10:09,152 : INFO : ball_device.bd_plunger : Ball left
2025-11-02 11:10:09,152 : INFO : ball_device.bd_plunger : Wait for confirm with timeout 5.0
2025-11-02 11:10:14,149 : INFO : ball_device.bd_plunger : State: failed_confirm
2025-11-02 11:10:14,149 : INFO : ball_device.bd_plunger : Got timeout (5.0s) before confirm from <playfield.playfield>
2025-11-02 11:10:14,253 : INFO : ball_device.bd_plunger : Confirming eject because target is playfield and ball did not return.
2025-11-02 11:10:14,253 : INFO : ball_device.bd_plunger : Eject successful
2025-11-02 11:10:14,253 : INFO : EventManager : Event: ======'balldevice_bd_plunger_ball_eject_success'====== Args={'balls': 1, 'target': <playfield.playfield>}
2025-11-02 11:10:14,254 : INFO : EventManager : Event: ======'balldevice_playfield_ball_enter'====== Args={'new_balls': 1, 'unclaimed_balls': 1, 'device': <playfield.playfield>}
2025-11-02 11:10:14,254 : INFO : EventManager : Event: ======'playfield_ball_count_change'====== Args={'balls': 1, 'change': 1}
2025-11-02 11:10:14,254 : INFO : EventManager : Event: ======'balldevice_bd_plunger_ball_count_changed'====== Args={'balls': 0}
2025-11-02 11:10:14,254 : INFO : ball_device.bd_plunger : State: idle
2025-11-02 11:13:10,177 : INFO : Machine : Shutting down...
2025-11-02 11:13:10,177 : INFO : EventManager : Event: ======'shutdown'====== Args={}
2025-11-02 11:13:10,183 : INFO : EventManager : Event: ======'mode_game_will_stop'====== Args={}
2025-11-02 11:13:10,183 : INFO : EventManager : Event: ======'mode_game_stopping'====== Args={}
2025-11-02 11:13:10,184 : INFO : EventManager : Event: ======'mode_super_jets_setup_will_stop'====== Args={}
2025-11-02 11:13:10,184 : INFO : EventManager : Event: ======'mode_super_jets_setup_stopping'====== Args={}
2025-11-02 11:13:10,184 : INFO : EventManager : Event: ======'mode_special_setup_will_stop'====== Args={}
2025-11-02 11:13:10,185 : INFO : EventManager : Event: ======'mode_special_setup_stopping'====== Args={}
2025-11-02 11:13:10,185 : INFO : EventManager : Event: ======'mode_base_will_stop'====== Args={}
2025-11-02 11:13:10,185 : INFO : EventManager : Event: ======'mode_base_stopping'====== Args={}
2025-11-02 11:13:10,185 : INFO : Mode.base : Stopped.
2025-11-02 11:13:10,185 : INFO : EventManager : Event: ======'modes_active_modes_changed'====== Args={}
2025-11-02 11:13:10,186 : INFO : EventManager : Event: ======'mode_base_stopped'====== Args={}
2025-11-02 11:13:10,186 : INFO : EventManager : Event: ======'clear'====== Args={'key': 'base'}
2025-11-02 11:13:10,188 : INFO : Mode.special_setup : Stopped.
2025-11-02 11:13:10,188 : INFO : EventManager : Event: ======'modes_active_modes_changed'====== Args={}
2025-11-02 11:13:10,189 : INFO : EventManager : Event: ======'mode_special_setup_stopped'====== Args={}
2025-11-02 11:13:10,189 : INFO : EventManager : Event: ======'clear'====== Args={'key': 'special_setup'}
2025-11-02 11:13:10,189 : INFO : Mode.super_jets_setup : Stopped.
2025-11-02 11:13:10,189 : INFO : EventManager : Event: ======'modes_active_modes_changed'====== Args={}
2025-11-02 11:13:10,189 : INFO : EventManager : Event: ======'mode_super_jets_setup_stopped'====== Args={}
2025-11-02 11:13:10,189 : INFO : EventManager : Event: ======'clear'====== Args={'key': 'super_jets_setup'}
2025-11-02 11:13:10,189 : INFO : Mode.game : Stopped.
2025-11-02 11:13:10,189 : INFO : EventManager : Event: ======'modes_active_modes_changed'====== Args={}
2025-11-02 11:13:10,190 : INFO : EventManager : Event: ======'mode_game_stopped'====== Args={}
2025-11-02 11:13:10,190 : INFO : EventManager : Event: ======'clear'====== Args={'key': 'game'}
2025-11-02 11:13:10,193 : INFO : root : MPF run loop ended.
