2025-10-03 17:12:03,233 : INFO : root : Loading config.
2025-10-03 17:12:03,238 : INFO : YamlMultifileConfigLoader : Machine config file #1: config.yaml
2025-10-03 17:12:03,238 : INFO : ConfigProcessor : Loading config from cache: C:\Users\richa\AppData\Local\Temp\bad76953a596b8c99f832e0e98026c3b.mpf_cache
2025-10-03 17:12:03,331 : INFO : ConfigProcessor : Loading config from cache: C:\Users\richa\AppData\Local\Temp\77a998d318c788df5647a1900cedfc56.mpf_cache
2025-10-03 17:12:03,332 : INFO : ConfigProcessor : Loading config from cache: C:\Users\richa\AppData\Local\Temp\9c8dea79ca4d15ee886340e992e8cb9d.mpf_cache
2025-10-03 17:12:03,333 : INFO : ConfigProcessor : Loading config from cache: C:\Users\richa\AppData\Local\Temp\8ddee2e87a4f178751335e99da00e9c4.mpf_cache
2025-10-03 17:12:03,334 : INFO : ConfigProcessor : Loading config from cache: C:\Users\richa\AppData\Local\Temp\16d594341c3fbe91b1b6d496c05a6fb0.mpf_cache
2025-10-03 17:12:03,334 : INFO : ConfigProcessor : Loading config from cache: C:\Users\richa\AppData\Local\Temp\9ea1b14cb2b1cce5e8bf981a1ff8cfc5.mpf_cache
2025-10-03 17:12:03,335 : INFO : Machine : Mission Pinball Framework Core Engine v0.57.0.dev39
2025-10-03 17:12:03,335 : INFO : Machine : Command line arguments: {'no_load_cache': False, 'create_config_cache': True, 'bcp': True, 'configfile': ['config.yaml'], 'force_assets_load': False, 'jsonlogging': False, 'logfile': 'logs\\2025-10-03-17-12-03-mpf-DESKTOP-RK7BE5M.log', 'pause': False, 'production': False, 'text_ui': True, 'loglevel': 15, 'consoleloglevel': 20, 'force_platform': None, 'syslog_address': None, 'mc_file_name': None, 'no_sound': False}
2025-10-03 17:12:03,335 : INFO : Machine : MPF path: C:\Users\richa\mpfvirtual4\lib\site-packages\mpf
2025-10-03 17:12:03,335 : INFO : Machine : Machine path: C:\Users\richa\ttp5
2025-10-03 17:12:03,335 : INFO : Machine : Platform: win32
2025-10-03 17:12:03,335 : INFO : Machine : Python executable location: C:\Users\richa\mpfvirtual4\Scripts\python.exe
2025-10-03 17:12:03,336 : INFO : Machine : Python version: 3.9.13 (64-bit)
2025-10-03 17:12:03,337 : INFO : Machine : Initializing MPF...
2025-10-03 17:12:03,697 : INFO : EventManager : Event: ======'machine_var_credits_string'====== Args={'value': 'FREE PLAY', 'prev_value': None, 'change': True}
2025-10-03 17:12:03,754 : INFO : EventManager : Event: ======'machine_var_master_volume'====== Args={'value': 0.5, 'prev_value': None, 'change': True}
2025-10-03 17:12:03,754 : INFO : EventManager : Event: ======'machine_var_player1_score'====== Args={'value': 28284, 'prev_value': None, 'change': True}
2025-10-03 17:12:03,754 : INFO : EventManager : Event: ======'machine_var_mpf_version'====== Args={'value': 'Mission Pinball Framework v0.57.0.dev39', 'prev_value': None, 'change': True}
2025-10-03 17:12:03,754 : INFO : EventManager : Event: ======'machine_var_mpf_extended_version'====== Args={'value': 'Mission Pinball Framework v0.57.0.dev39, Config version:6, Show version: 6, BCP version:1.1', 'prev_value': None, 'change': True}
2025-10-03 17:12:03,754 : INFO : EventManager : Event: ======'machine_var_python_version'====== Args={'value': '3.9.13', 'prev_value': None, 'change': True}
2025-10-03 17:12:03,764 : INFO : EventManager : Event: ======'machine_var_platform'====== Args={'value': 'Windows-10-10.0.19045-SP0', 'prev_value': None, 'change': True}
2025-10-03 17:12:03,765 : INFO : EventManager : Event: ======'machine_var_platform_system'====== Args={'value': 'Windows', 'prev_value': None, 'change': True}
2025-10-03 17:12:03,765 : INFO : EventManager : Event: ======'machine_var_platform_release'====== Args={'value': '10', 'prev_value': None, 'change': True}
2025-10-03 17:12:03,765 : INFO : EventManager : Event: ======'machine_var_platform_version'====== Args={'value': '10.0.19045', 'prev_value': None, 'change': True}
2025-10-03 17:12:03,765 : INFO : EventManager : Event: ======'machine_var_platform_machine'====== Args={'value': 'AMD64', 'prev_value': None, 'change': True}
2025-10-03 17:12:03,765 : INFO : EventManager : Event: ======'init_phase_1'====== Args={}
2025-10-03 17:12:03,782 : INFO : EventManager : Event: ======'init_phase_2'====== Args={}
2025-10-03 17:12:03,783 : INFO : SwitchController : Found active switch: ('2', <Platform.SmartVirtual>) <switch.s_trough1>
2025-10-03 17:12:03,783 : INFO : SwitchController : Found active switch: ('3', <Platform.SmartVirtual>) <switch.s_trough2>
2025-10-03 17:12:03,783 : INFO : SwitchController : Found active switch: ('4', <Platform.SmartVirtual>) <switch.s_trough3>
2025-10-03 17:12:03,783 : INFO : SwitchController : Found active switch: ('5', <Platform.SmartVirtual>) <switch.s_trough4>
2025-10-03 17:12:03,783 : INFO : SwitchController : Found active switch: ('6', <Platform.SmartVirtual>) <switch.s_trough5>
2025-10-03 17:12:03,783 : INFO : SwitchController : Found active switch: ('7', <Platform.SmartVirtual>) <switch.s_trough6>
2025-10-03 17:12:03,786 : INFO : EventManager : Event: ======'bcp_connection_attempt'====== Args={'name': 'local_display', 'host': 'localhost', 'port': 5050}
2025-10-03 17:12:03,788 : INFO : BCPClientSocket : Connecting BCP to 'local_display' at localhost:5050...
2025-10-03 17:12:05,818 : INFO : BCPClientSocket : Connected BCP to 'local_display' localhost:5050
2025-10-03 17:12:05,819 : INFO : EventManager : Event: ======'bcp_clients_connected'====== Args={}
2025-10-03 17:12:06,118 : INFO : ball_device.bd_trough : BCH: Initial count: 6
2025-10-03 17:12:06,118 : INFO : ball_device.bd_trough : State: idle
2025-10-03 17:12:06,119 : INFO : ball_device.bd_plunger : BCH: Initial count: 0
2025-10-03 17:12:06,119 : INFO : ball_device.bd_plunger : State: idle
2025-10-03 17:12:06,135 : INFO : EventManager : Event: ======'init_phase_3'====== Args={}
2025-10-03 17:12:06,138 : INFO : EventManager : Event: ======'init_phase_4'====== Args={}
2025-10-03 17:12:06,139 : INFO : BallController : Initial balls found: 6
2025-10-03 17:12:06,139 : INFO : EventManager : Event: ======'machine_var_audits_events_game_ended'====== Args={'value': 8, 'prev_value': None, 'change': True}
2025-10-03 17:12:06,139 : INFO : EventManager : Event: ======'machine_var_audits_events_game_started'====== Args={'value': 30, 'prev_value': None, 'change': True}
2025-10-03 17:12:06,140 : INFO : EventManager : Event: ======'machine_var_audits_missing_switches_s_left_flipper'====== Args={'value': 3, 'prev_value': None, 'change': True}
2025-10-03 17:12:06,140 : INFO : EventManager : Event: ======'machine_var_audits_missing_switches_s_right_flipper'====== Args={'value': 7, 'prev_value': None, 'change': True}
2025-10-03 17:12:06,140 : INFO : EventManager : Event: ======'machine_var_audits_missing_switches_s_right_inlane'====== Args={'value': 3, 'prev_value': None, 'change': True}
2025-10-03 17:12:06,140 : INFO : EventManager : Event: ======'machine_var_audits_missing_switches_s_sling_left'====== Args={'value': 24, 'prev_value': None, 'change': True}
2025-10-03 17:12:06,140 : INFO : EventManager : Event: ======'machine_var_audits_missing_switches_s_sling_right'====== Args={'value': 24, 'prev_value': None, 'change': True}
2025-10-03 17:12:06,140 : INFO : EventManager : Event: ======'machine_var_audits_missing_switches_s_start'====== Args={'value': 13, 'prev_value': None, 'change': True}
2025-10-03 17:12:06,140 : INFO : EventManager : Event: ======'machine_var_audits_missing_switches_s_trough1'====== Args={'value': 3, 'prev_value': None, 'change': True}
2025-10-03 17:12:06,140 : INFO : EventManager : Event: ======'machine_var_audits_missing_switches_s_trough2'====== Args={'value': 30, 'prev_value': None, 'change': True}
2025-10-03 17:12:06,140 : INFO : EventManager : Event: ======'machine_var_audits_missing_switches_s_trough3'====== Args={'value': 30, 'prev_value': None, 'change': True}
2025-10-03 17:12:06,140 : INFO : EventManager : Event: ======'machine_var_audits_missing_switches_s_trough4'====== Args={'value': 30, 'prev_value': None, 'change': True}
2025-10-03 17:12:06,140 : INFO : EventManager : Event: ======'machine_var_audits_missing_switches_s_trough5'====== Args={'value': 30, 'prev_value': None, 'change': True}
2025-10-03 17:12:06,141 : INFO : EventManager : Event: ======'machine_var_audits_missing_switches_s_trough6'====== Args={'value': 30, 'prev_value': None, 'change': True}
2025-10-03 17:12:06,141 : INFO : EventManager : Event: ======'machine_var_audits_missing_switches_s_trough_jam'====== Args={'value': 30, 'prev_value': None, 'change': True}
2025-10-03 17:12:06,141 : INFO : EventManager : Event: ======'machine_var_audits_player_score'====== Args={'value': {'average': 12256, 'top': [28284, 25272, 22800, 13400, 11420, 10700, 8000, 0, 0, 0], 'total': 10}, 'prev_value': None, 'change': True}
2025-10-03 17:12:06,141 : INFO : EventManager : Event: ======'machine_var_audits_shots_middle_inlane_shot'====== Args={'value': 20, 'prev_value': None, 'change': True}
2025-10-03 17:12:06,141 : INFO : EventManager : Event: ======'machine_var_audits_shots_my_first_shot'====== Args={'value': 40, 'prev_value': None, 'change': True}
2025-10-03 17:12:06,141 : INFO : EventManager : Event: ======'machine_var_audits_shots_top_middle_inlane_shot'====== Args={'value': 33, 'prev_value': None, 'change': True}
2025-10-03 17:12:06,142 : INFO : EventManager : Event: ======'machine_var_audits_switches_s_left_flipper'====== Args={'value': 247, 'prev_value': None, 'change': True}
2025-10-03 17:12:06,142 : INFO : EventManager : Event: ======'machine_var_audits_switches_s_middle_inlane'====== Args={'value': 20, 'prev_value': None, 'change': True}
2025-10-03 17:12:06,142 : INFO : EventManager : Event: ======'machine_var_audits_switches_s_plunger'====== Args={'value': 62, 'prev_value': None, 'change': True}
2025-10-03 17:12:06,142 : INFO : EventManager : Event: ======'machine_var_audits_switches_s_right_flipper'====== Args={'value': 73, 'prev_value': None, 'change': True}
2025-10-03 17:12:06,142 : INFO : EventManager : Event: ======'machine_var_audits_switches_s_right_inlane'====== Args={'value': 72, 'prev_value': None, 'change': True}
2025-10-03 17:12:06,143 : INFO : EventManager : Event: ======'machine_var_audits_switches_s_sling_left'====== Args={'value': 0, 'prev_value': None, 'change': True}
2025-10-03 17:12:06,143 : INFO : EventManager : Event: ======'machine_var_audits_switches_s_sling_right'====== Args={'value': 0, 'prev_value': None, 'change': True}
2025-10-03 17:12:06,143 : INFO : EventManager : Event: ======'machine_var_audits_switches_s_start'====== Args={'value': 11, 'prev_value': None, 'change': True}
2025-10-03 17:12:06,144 : INFO : EventManager : Event: ======'machine_var_audits_switches_s_top_middle_inlane'====== Args={'value': 33, 'prev_value': None, 'change': True}
2025-10-03 17:12:06,144 : INFO : EventManager : Event: ======'machine_var_audits_switches_s_trough1'====== Args={'value': 48, 'prev_value': None, 'change': True}
2025-10-03 17:12:06,144 : INFO : EventManager : Event: ======'machine_var_audits_switches_s_trough2'====== Args={'value': 0, 'prev_value': None, 'change': True}
2025-10-03 17:12:06,144 : INFO : EventManager : Event: ======'machine_var_audits_switches_s_trough3'====== Args={'value': 0, 'prev_value': None, 'change': True}
2025-10-03 17:12:06,144 : INFO : EventManager : Event: ======'machine_var_audits_switches_s_trough4'====== Args={'value': 0, 'prev_value': None, 'change': True}
2025-10-03 17:12:06,145 : INFO : EventManager : Event: ======'machine_var_audits_switches_s_trough5'====== Args={'value': 0, 'prev_value': None, 'change': True}
2025-10-03 17:12:06,145 : INFO : EventManager : Event: ======'machine_var_audits_switches_s_trough6'====== Args={'value': 0, 'prev_value': None, 'change': True}
2025-10-03 17:12:06,145 : INFO : EventManager : Event: ======'machine_var_audits_switches_s_trough_jam'====== Args={'value': 0, 'prev_value': None, 'change': True}
2025-10-03 17:12:06,146 : INFO : EventManager : Event: ======'init_phase_5'====== Args={}
2025-10-03 17:12:06,244 : INFO : EventManager : Event: ======'init_done'====== Args={}
2025-10-03 17:12:06,245 : INFO : EventManager : Event: ======'machine_reset_phase_1'====== Args={}
2025-10-03 17:12:06,590 : INFO : BcpServer : New client connected.
2025-10-03 17:12:06,732 : INFO : EventManager : Event: ======'machine_var_mc_version'====== Args={'value': 'MPF-MC v0.57.0.dev10', 'prev_value': None, 'change': True}
2025-10-03 17:12:06,732 : INFO : EventManager : Event: ======'machine_var_mc_extended_version'====== Args={'value': 'MPF-MC v0.57.0.dev10 (config_version=6, BCP v1.1,                      Requires MPF API compatibility v0.57.0.dev19 or newer)', 'prev_value': None, 'change': True}
2025-10-03 17:12:06,738 : INFO : EventManager : Event: ======'machine_reset_phase_2'====== Args={}
2025-10-03 17:12:06,738 : INFO : EventManager : Event: ======'machine_reset_phase_3'====== Args={}
2025-10-03 17:12:06,738 : INFO : EventManager : Event: ======'reset_complete'====== Args={}
2025-10-03 17:12:06,739 : INFO : EventManager : Event: ======'mode_attract_will_start'====== Args={}
2025-10-03 17:12:06,739 : INFO : EventManager : Event: ======'mode_attract_starting'====== Args={}
2025-10-03 17:12:06,739 : INFO : Mode.attract : Started. Priority: 10
2025-10-03 17:12:06,739 : INFO : EventManager : Event: ======'modes_active_modes_changed'====== Args={}
2025-10-03 17:12:06,739 : INFO : EventManager : Event: ======'mode_attract_started'====== Args={}
2025-10-03 17:12:06,740 : INFO : EventManager : Event: ======'collecting_balls_complete'====== Args={}
2025-10-03 17:12:06,784 : INFO : EventManager : Event: ======'slide_awesome_slide_created'====== Args={'_from_bcp': True}
2025-10-03 17:12:06,784 : INFO : EventManager : Event: ======'slide_awesome_slide_active'====== Args={'_from_bcp': True}
2025-10-03 17:12:06,785 : INFO : Machine : Starting the main run loop.
2025-10-03 17:12:09,756 : INFO : EventManager : Event: ======'slide_press_start_created'====== Args={'_from_bcp': True}
2025-10-03 17:12:09,757 : INFO : EventManager : Event: ======'slide_press_start_active'====== Args={'_from_bcp': True}
2025-10-03 17:12:12,766 : INFO : EventManager : Event: ======'slide_mission_pinball_created'====== Args={'_from_bcp': True}
2025-10-03 17:12:12,769 : INFO : EventManager : Event: ======'slide_mission_pinball_active'====== Args={'_from_bcp': True}
2025-10-03 17:12:15,750 : INFO : EventManager : Event: ======'slide_last_game_score_slide_created'====== Args={'_from_bcp': True}
2025-10-03 17:12:15,753 : INFO : EventManager : Event: ======'slide_last_game_score_slide_active'====== Args={'_from_bcp': True}
2025-10-03 17:12:18,751 : INFO : EventManager : Event: ======'slide_awesome_slide_removed'====== Args={'_from_bcp': True}
2025-10-03 17:12:18,757 : INFO : EventManager : Event: ======'slide_awesome_slide_created'====== Args={'_from_bcp': True}
2025-10-03 17:12:18,760 : INFO : EventManager : Event: ======'slide_awesome_slide_active'====== Args={'_from_bcp': True}
2025-10-03 17:12:21,753 : INFO : EventManager : Event: ======'slide_press_start_removed'====== Args={'_from_bcp': True}
2025-10-03 17:12:21,756 : INFO : EventManager : Event: ======'slide_press_start_created'====== Args={'_from_bcp': True}
2025-10-03 17:12:21,757 : INFO : EventManager : Event: ======'slide_press_start_active'====== Args={'_from_bcp': True}
2025-10-03 17:12:21,815 : INFO : SwitchController : <<<<<<< 's_plunger' active >>>>>>>
2025-10-03 17:12:22,300 : INFO : EventManager : Event: ======'balldevice_bd_plunger_ball_count_changed'====== Args={'balls': 1}
2025-10-03 17:12:22,300 : INFO : ball_device.bd_plunger : Received unexpected ball
2025-10-03 17:12:22,300 : INFO : EventManager : Event: ======'balldevice_captured_from_playfield'====== Args={'balls': 1}
2025-10-03 17:12:22,301 : INFO : EventManager : Event: ======'sw_playfield_active'====== Args={'balls': 1}
2025-10-03 17:12:22,301 : INFO : EventManager : Event: ======'playfield_active'====== Args={}
2025-10-03 17:12:22,301 : INFO : EventManager : Event: ======'unexpected_ball_on_playfield'====== Args={}
2025-10-03 17:12:22,302 : INFO : EventManager : Event: ======'playfield_ball_count_change'====== Args={'balls': -1, 'change': -1}
2025-10-03 17:12:22,302 : INFO : EventManager : Event: ======'balldevice_playfield_ball_enter'====== Args={'new_balls': 1, 'unclaimed_balls': 1, 'device': <playfield.playfield>}
2025-10-03 17:12:22,303 : INFO : EventManager : Event: ======'playfield_ball_count_change'====== Args={'balls': 0, 'change': 1}
2025-10-03 17:12:22,303 : INFO : BallController : Found a new ball which was captured from playfield. Known balls: 7
2025-10-03 17:12:22,303 : INFO : EventManager : Event: ======'found_new_ball'====== Args={}
2025-10-03 17:12:22,303 : INFO : EventManager : Event: ======'balldevice_bd_plunger_ball_enter'====== Args={'new_balls': 1, 'unclaimed_balls': 1, 'new_available_balls': 1, 'device': <ball_device.bd_plunger>}
2025-10-03 17:12:22,304 : INFO : ball_device.bd_plunger : Ejecting 1 unexpected balls using path deque([<ball_device.bd_plunger>, <playfield.playfield>])
2025-10-03 17:12:22,304 : INFO : EventManager : Event: ======'balldevice_balls_available'====== Args={}
2025-10-03 17:12:22,304 : INFO : EventManager : Event: ======'balldevice_balls_available'====== Args={}
2025-10-03 17:12:22,304 : INFO : EventManager : Event: ======'balldevice_bd_plunger_ball_entered'====== Args={'new_balls': 1, 'device': <ball_device.bd_plunger>}
2025-10-03 17:12:22,305 : INFO : ball_device.bd_plunger : State: waiting_for_target_ready
2025-10-03 17:12:22,306 : INFO : EventManager : Event: ======'balldevice_bd_plunger_ball_eject_attempt'====== Args={'balls': 1, 'target': <playfield.playfield>, 'source': <ball_device.bd_plunger>, 'mechanical_eject': False, 'num_attempts': 0}
2025-10-03 17:12:22,306 : INFO : ball_device.bd_plunger : State: ejecting
2025-10-03 17:12:22,307 : INFO : ball_device.bd_plunger : Ejecting ball to <playfield.playfield>
2025-10-03 17:12:22,307 : INFO : EventManager : Event: ======'balldevice_bd_plunger_ejecting_ball'====== Args={'balls': 1, 'target': <playfield.playfield>, 'source': <ball_device.bd_plunger>, 'mechanical_eject': False, 'num_attempts': 0}
2025-10-03 17:12:22,308 : INFO : ball_device.bd_plunger : Wait for ball to leave device
2025-10-03 17:12:24,758 : INFO : EventManager : Event: ======'slide_mission_pinball_removed'====== Args={'_from_bcp': True}
2025-10-03 17:12:24,760 : INFO : EventManager : Event: ======'slide_mission_pinball_created'====== Args={'_from_bcp': True}
2025-10-03 17:12:24,761 : INFO : EventManager : Event: ======'slide_mission_pinball_active'====== Args={'_from_bcp': True}
2025-10-03 17:12:27,297 : INFO : EventManager : Event: ======'balldevice_bd_plunger_ball_eject_failed'====== Args={'target': <playfield.playfield>, 'balls': 1, 'retry': True, 'num_attempts': 1}
2025-10-03 17:12:27,301 : INFO : ball_device.bd_plunger : State: waiting_for_target_ready
2025-10-03 17:12:27,303 : INFO : EventManager : Event: ======'balldevice_bd_plunger_ball_eject_attempt'====== Args={'balls': 1, 'target': <playfield.playfield>, 'source': <ball_device.bd_plunger>, 'mechanical_eject': False, 'num_attempts': 1}
2025-10-03 17:12:27,304 : INFO : ball_device.bd_plunger : State: ejecting
2025-10-03 17:12:27,306 : INFO : ball_device.bd_plunger : Ejecting ball to <playfield.playfield>
2025-10-03 17:12:27,306 : INFO : EventManager : Event: ======'balldevice_bd_plunger_ejecting_ball'====== Args={'balls': 1, 'target': <playfield.playfield>, 'source': <ball_device.bd_plunger>, 'mechanical_eject': False, 'num_attempts': 1}
2025-10-03 17:12:27,309 : INFO : ball_device.bd_plunger : Wait for ball to leave device
2025-10-03 17:12:27,757 : INFO : EventManager : Event: ======'slide_last_game_score_slide_removed'====== Args={'_from_bcp': True}
2025-10-03 17:12:27,757 : INFO : EventManager : Event: ======'slide_last_game_score_slide_created'====== Args={'_from_bcp': True}
2025-10-03 17:12:27,759 : INFO : EventManager : Event: ======'slide_last_game_score_slide_active'====== Args={'_from_bcp': True}
2025-10-03 17:12:30,751 : INFO : EventManager : Event: ======'slide_awesome_slide_removed'====== Args={'_from_bcp': True}
2025-10-03 17:12:30,752 : INFO : EventManager : Event: ======'slide_awesome_slide_created'====== Args={'_from_bcp': True}
2025-10-03 17:12:30,752 : INFO : EventManager : Event: ======'slide_awesome_slide_active'====== Args={'_from_bcp': True}
2025-10-03 17:12:32,297 : INFO : EventManager : Event: ======'balldevice_bd_plunger_ball_eject_failed'====== Args={'target': <playfield.playfield>, 'balls': 1, 'retry': True, 'num_attempts': 2}
2025-10-03 17:12:32,299 : INFO : ball_device.bd_plunger : State: waiting_for_target_ready
2025-10-03 17:12:32,299 : INFO : EventManager : Event: ======'balldevice_bd_plunger_ball_eject_attempt'====== Args={'balls': 1, 'target': <playfield.playfield>, 'source': <ball_device.bd_plunger>, 'mechanical_eject': False, 'num_attempts': 2}
2025-10-03 17:12:32,300 : INFO : ball_device.bd_plunger : State: ejecting
2025-10-03 17:12:32,300 : INFO : ball_device.bd_plunger : Ejecting ball to <playfield.playfield>
2025-10-03 17:12:32,300 : INFO : EventManager : Event: ======'balldevice_bd_plunger_ejecting_ball'====== Args={'balls': 1, 'target': <playfield.playfield>, 'source': <ball_device.bd_plunger>, 'mechanical_eject': False, 'num_attempts': 2}
2025-10-03 17:12:32,302 : INFO : ball_device.bd_plunger : Wait for ball to leave device
2025-10-03 17:12:33,752 : INFO : EventManager : Event: ======'slide_press_start_removed'====== Args={'_from_bcp': True}
2025-10-03 17:12:33,757 : INFO : EventManager : Event: ======'slide_press_start_created'====== Args={'_from_bcp': True}
2025-10-03 17:12:33,758 : INFO : EventManager : Event: ======'slide_press_start_active'====== Args={'_from_bcp': True}
2025-10-03 17:12:34,775 : INFO : SwitchController : <<<<<<< 's_right_inlane' active >>>>>>>
2025-10-03 17:12:34,775 : INFO : EventManager : Event: ======'playfield_active'====== Args={}
2025-10-03 17:12:34,775 : INFO : EventManager : Event: ======'sw_playfield_active'====== Args={}
2025-10-03 17:12:34,776 : INFO : EventManager : Event: ======'playfield_active'====== Args={}
2025-10-03 17:12:36,755 : INFO : EventManager : Event: ======'slide_mission_pinball_removed'====== Args={'_from_bcp': True}
2025-10-03 17:12:36,756 : INFO : EventManager : Event: ======'slide_mission_pinball_created'====== Args={'_from_bcp': True}
2025-10-03 17:12:36,757 : INFO : EventManager : Event: ======'slide_mission_pinball_active'====== Args={'_from_bcp': True}
2025-10-03 17:12:37,305 : INFO : EventManager : Event: ======'balldevice_bd_plunger_ball_eject_failed'====== Args={'target': <playfield.playfield>, 'balls': 1, 'retry': True, 'num_attempts': 3}
2025-10-03 17:12:37,306 : INFO : ball_device.bd_plunger : State: waiting_for_target_ready
2025-10-03 17:12:37,306 : INFO : EventManager : Event: ======'balldevice_bd_plunger_ball_eject_attempt'====== Args={'balls': 1, 'target': <playfield.playfield>, 'source': <ball_device.bd_plunger>, 'mechanical_eject': False, 'num_attempts': 3}
2025-10-03 17:12:37,307 : INFO : ball_device.bd_plunger : State: ejecting
2025-10-03 17:12:37,307 : INFO : ball_device.bd_plunger : Ejecting ball to <playfield.playfield>
2025-10-03 17:12:37,307 : INFO : EventManager : Event: ======'balldevice_bd_plunger_ejecting_ball'====== Args={'balls': 1, 'target': <playfield.playfield>, 'source': <ball_device.bd_plunger>, 'mechanical_eject': False, 'num_attempts': 3}
2025-10-03 17:12:37,308 : INFO : ball_device.bd_plunger : Wait for ball to leave device
2025-10-03 17:12:39,756 : INFO : EventManager : Event: ======'slide_last_game_score_slide_removed'====== Args={'_from_bcp': True}
2025-10-03 17:12:39,757 : INFO : EventManager : Event: ======'slide_last_game_score_slide_created'====== Args={'_from_bcp': True}
2025-10-03 17:12:39,758 : INFO : EventManager : Event: ======'slide_last_game_score_slide_active'====== Args={'_from_bcp': True}
2025-10-03 17:12:42,297 : INFO : EventManager : Event: ======'balldevice_bd_plunger_ball_eject_failed'====== Args={'target': <playfield.playfield>, 'balls': 1, 'retry': True, 'num_attempts': 4}
2025-10-03 17:12:42,298 : INFO : ball_device.bd_plunger : State: waiting_for_target_ready
2025-10-03 17:12:42,299 : INFO : EventManager : Event: ======'balldevice_bd_plunger_ball_eject_attempt'====== Args={'balls': 1, 'target': <playfield.playfield>, 'source': <ball_device.bd_plunger>, 'mechanical_eject': False, 'num_attempts': 4}
2025-10-03 17:12:42,300 : INFO : ball_device.bd_plunger : State: ejecting
2025-10-03 17:12:42,300 : INFO : ball_device.bd_plunger : Ejecting ball to <playfield.playfield>
2025-10-03 17:12:42,300 : INFO : EventManager : Event: ======'balldevice_bd_plunger_ejecting_ball'====== Args={'balls': 1, 'target': <playfield.playfield>, 'source': <ball_device.bd_plunger>, 'mechanical_eject': False, 'num_attempts': 4}
2025-10-03 17:12:42,302 : INFO : ball_device.bd_plunger : Wait for ball to leave device
2025-10-03 17:12:42,755 : INFO : EventManager : Event: ======'slide_awesome_slide_removed'====== Args={'_from_bcp': True}
2025-10-03 17:12:42,757 : INFO : EventManager : Event: ======'slide_awesome_slide_created'====== Args={'_from_bcp': True}
2025-10-03 17:12:42,758 : INFO : EventManager : Event: ======'slide_awesome_slide_active'====== Args={'_from_bcp': True}
2025-10-03 17:12:44,519 : INFO : SwitchController : <<<<<<< 's_start' active >>>>>>>
2025-10-03 17:12:45,759 : INFO : EventManager : Event: ======'slide_press_start_removed'====== Args={'_from_bcp': True}
2025-10-03 17:12:45,760 : INFO : EventManager : Event: ======'slide_press_start_created'====== Args={'_from_bcp': True}
2025-10-03 17:12:45,762 : INFO : EventManager : Event: ======'slide_press_start_active'====== Args={'_from_bcp': True}
2025-10-03 17:12:47,298 : INFO : EventManager : Event: ======'balldevice_bd_plunger_ball_eject_failed'====== Args={'target': <playfield.playfield>, 'balls': 1, 'retry': True, 'num_attempts': 5}
2025-10-03 17:12:47,299 : INFO : ball_device.bd_plunger : State: waiting_for_target_ready
2025-10-03 17:12:47,299 : INFO : EventManager : Event: ======'balldevice_bd_plunger_ball_eject_attempt'====== Args={'balls': 1, 'target': <playfield.playfield>, 'source': <ball_device.bd_plunger>, 'mechanical_eject': False, 'num_attempts': 5}
2025-10-03 17:12:47,300 : INFO : ball_device.bd_plunger : State: ejecting
2025-10-03 17:12:47,300 : INFO : ball_device.bd_plunger : Ejecting ball to <playfield.playfield>
2025-10-03 17:12:47,300 : INFO : EventManager : Event: ======'balldevice_bd_plunger_ejecting_ball'====== Args={'balls': 1, 'target': <playfield.playfield>, 'source': <ball_device.bd_plunger>, 'mechanical_eject': False, 'num_attempts': 5}
2025-10-03 17:12:47,302 : INFO : ball_device.bd_plunger : Wait for ball to leave device
2025-10-03 17:12:48,743 : INFO : EventManager : Event: ======'slide_mission_pinball_removed'====== Args={'_from_bcp': True}
2025-10-03 17:12:48,753 : INFO : EventManager : Event: ======'slide_mission_pinball_created'====== Args={'_from_bcp': True}
2025-10-03 17:12:48,754 : INFO : EventManager : Event: ======'slide_mission_pinball_active'====== Args={'_from_bcp': True}
2025-10-03 17:12:51,761 : INFO : EventManager : Event: ======'slide_last_game_score_slide_removed'====== Args={'_from_bcp': True}
2025-10-03 17:12:51,763 : INFO : EventManager : Event: ======'slide_last_game_score_slide_created'====== Args={'_from_bcp': True}
2025-10-03 17:12:51,765 : INFO : EventManager : Event: ======'slide_last_game_score_slide_active'====== Args={'_from_bcp': True}
2025-10-03 17:12:52,289 : INFO : EventManager : Event: ======'balldevice_bd_plunger_ball_eject_failed'====== Args={'target': <playfield.playfield>, 'balls': 1, 'retry': True, 'num_attempts': 6}
2025-10-03 17:12:52,292 : INFO : ball_device.bd_plunger : State: waiting_for_target_ready
2025-10-03 17:12:52,293 : INFO : EventManager : Event: ======'balldevice_bd_plunger_ball_eject_attempt'====== Args={'balls': 1, 'target': <playfield.playfield>, 'source': <ball_device.bd_plunger>, 'mechanical_eject': False, 'num_attempts': 6}
2025-10-03 17:12:52,294 : INFO : ball_device.bd_plunger : State: ejecting
2025-10-03 17:12:52,296 : INFO : ball_device.bd_plunger : Ejecting ball to <playfield.playfield>
2025-10-03 17:12:52,296 : INFO : EventManager : Event: ======'balldevice_bd_plunger_ejecting_ball'====== Args={'balls': 1, 'target': <playfield.playfield>, 'source': <ball_device.bd_plunger>, 'mechanical_eject': False, 'num_attempts': 6}
2025-10-03 17:12:52,298 : INFO : ball_device.bd_plunger : Wait for ball to leave device
2025-10-03 17:12:54,753 : INFO : EventManager : Event: ======'slide_awesome_slide_removed'====== Args={'_from_bcp': True}
2025-10-03 17:12:54,760 : INFO : EventManager : Event: ======'slide_awesome_slide_created'====== Args={'_from_bcp': True}
2025-10-03 17:12:54,763 : INFO : EventManager : Event: ======'slide_awesome_slide_active'====== Args={'_from_bcp': True}
2025-10-03 17:12:57,299 : INFO : EventManager : Event: ======'balldevice_bd_plunger_ball_eject_failed'====== Args={'target': <playfield.playfield>, 'balls': 1, 'retry': True, 'num_attempts': 7}
2025-10-03 17:12:57,301 : INFO : ball_device.bd_plunger : State: waiting_for_target_ready
2025-10-03 17:12:57,302 : INFO : EventManager : Event: ======'balldevice_bd_plunger_ball_eject_attempt'====== Args={'balls': 1, 'target': <playfield.playfield>, 'source': <ball_device.bd_plunger>, 'mechanical_eject': False, 'num_attempts': 7}
2025-10-03 17:12:57,303 : INFO : ball_device.bd_plunger : State: ejecting
2025-10-03 17:12:57,304 : INFO : ball_device.bd_plunger : Ejecting ball to <playfield.playfield>
2025-10-03 17:12:57,304 : INFO : EventManager : Event: ======'balldevice_bd_plunger_ejecting_ball'====== Args={'balls': 1, 'target': <playfield.playfield>, 'source': <ball_device.bd_plunger>, 'mechanical_eject': False, 'num_attempts': 7}
2025-10-03 17:12:57,306 : INFO : ball_device.bd_plunger : Wait for ball to leave device
2025-10-03 17:12:57,763 : INFO : EventManager : Event: ======'slide_press_start_removed'====== Args={'_from_bcp': True}
2025-10-03 17:12:57,767 : INFO : EventManager : Event: ======'slide_press_start_created'====== Args={'_from_bcp': True}
2025-10-03 17:12:57,768 : INFO : EventManager : Event: ======'slide_press_start_active'====== Args={'_from_bcp': True}
2025-10-03 17:13:00,747 : INFO : EventManager : Event: ======'slide_mission_pinball_removed'====== Args={'_from_bcp': True}
2025-10-03 17:13:00,748 : INFO : EventManager : Event: ======'slide_mission_pinball_created'====== Args={'_from_bcp': True}
2025-10-03 17:13:00,749 : INFO : EventManager : Event: ======'slide_mission_pinball_active'====== Args={'_from_bcp': True}
2025-10-03 17:13:02,296 : INFO : EventManager : Event: ======'balldevice_bd_plunger_ball_eject_failed'====== Args={'target': <playfield.playfield>, 'balls': 1, 'retry': True, 'num_attempts': 8}
2025-10-03 17:13:02,300 : INFO : ball_device.bd_plunger : State: waiting_for_target_ready
2025-10-03 17:13:02,301 : INFO : EventManager : Event: ======'balldevice_bd_plunger_ball_eject_attempt'====== Args={'balls': 1, 'target': <playfield.playfield>, 'source': <ball_device.bd_plunger>, 'mechanical_eject': False, 'num_attempts': 8}
2025-10-03 17:13:02,303 : INFO : ball_device.bd_plunger : State: ejecting
2025-10-03 17:13:02,304 : INFO : ball_device.bd_plunger : Ejecting ball to <playfield.playfield>
2025-10-03 17:13:02,304 : INFO : EventManager : Event: ======'balldevice_bd_plunger_ejecting_ball'====== Args={'balls': 1, 'target': <playfield.playfield>, 'source': <ball_device.bd_plunger>, 'mechanical_eject': False, 'num_attempts': 8}
2025-10-03 17:13:02,305 : INFO : SwitchController : <<<<<<< 's_trough2' inactive >>>>>>>
2025-10-03 17:13:02,329 : INFO : ball_device.bd_plunger : Wait for ball to leave device
2025-10-03 17:13:03,759 : INFO : EventManager : Event: ======'slide_last_game_score_slide_removed'====== Args={'_from_bcp': True}
2025-10-03 17:13:03,763 : INFO : EventManager : Event: ======'slide_last_game_score_slide_created'====== Args={'_from_bcp': True}
2025-10-03 17:13:03,764 : INFO : EventManager : Event: ======'slide_last_game_score_slide_active'====== Args={'_from_bcp': True}
2025-10-03 17:13:06,752 : INFO : EventManager : Event: ======'slide_awesome_slide_removed'====== Args={'_from_bcp': True}
2025-10-03 17:13:06,753 : INFO : EventManager : Event: ======'slide_awesome_slide_created'====== Args={'_from_bcp': True}
2025-10-03 17:13:06,753 : INFO : EventManager : Event: ======'slide_awesome_slide_active'====== Args={'_from_bcp': True}
2025-10-03 17:13:07,320 : INFO : EventManager : Event: ======'balldevice_bd_plunger_ball_eject_failed'====== Args={'target': <playfield.playfield>, 'balls': 1, 'retry': True, 'num_attempts': 9}
2025-10-03 17:13:07,321 : INFO : ball_device.bd_plunger : State: waiting_for_target_ready
2025-10-03 17:13:07,322 : INFO : EventManager : Event: ======'balldevice_bd_plunger_ball_eject_attempt'====== Args={'balls': 1, 'target': <playfield.playfield>, 'source': <ball_device.bd_plunger>, 'mechanical_eject': False, 'num_attempts': 9}
2025-10-03 17:13:07,322 : INFO : ball_device.bd_plunger : State: ejecting
2025-10-03 17:13:07,323 : INFO : ball_device.bd_plunger : Ejecting ball to <playfield.playfield>
2025-10-03 17:13:07,323 : INFO : EventManager : Event: ======'balldevice_bd_plunger_ejecting_ball'====== Args={'balls': 1, 'target': <playfield.playfield>, 'source': <ball_device.bd_plunger>, 'mechanical_eject': False, 'num_attempts': 9}
2025-10-03 17:13:07,324 : INFO : ball_device.bd_plunger : Wait for ball to leave device
2025-10-03 17:13:07,796 : INFO : EventManager : Event: ======'balldevice_bd_trough_ball_count_changed'====== Args={'balls': 5}
2025-10-03 17:13:07,796 : WARNING : ball_device.bd_trough : Ball disappeared while idle. This should not normally happen.
2025-10-03 17:13:07,797 : INFO : EventManager : Event: ======'balldevice_playfield_ball_enter'====== Args={'new_balls': 1, 'unclaimed_balls': 1, 'device': <playfield.playfield>}
2025-10-03 17:13:07,797 : INFO : EventManager : Event: ======'playfield_ball_count_change'====== Args={'balls': 1, 'change': 1}
2025-10-03 17:13:07,797 : INFO : ball_device.bd_trough : 1 ball(s) missing from device. Mechanical eject? False
2025-10-03 17:13:07,797 : INFO : EventManager : Event: ======'balldevice_bd_trough_ball_missing'====== Args={'balls': 1}
2025-10-03 17:13:07,797 : INFO : EventManager : Event: ======'balldevice_ball_missing'====== Args={'balls': 1, 'name': 'bd_trough'}
2025-10-03 17:13:09,755 : INFO : EventManager : Event: ======'slide_press_start_removed'====== Args={'_from_bcp': True}
2025-10-03 17:13:09,756 : INFO : EventManager : Event: ======'slide_press_start_created'====== Args={'_from_bcp': True}
2025-10-03 17:13:09,756 : INFO : EventManager : Event: ======'slide_press_start_active'====== Args={'_from_bcp': True}
2025-10-03 17:13:12,326 : INFO : EventManager : Event: ======'balldevice_bd_plunger_ball_eject_failed'====== Args={'target': <playfield.playfield>, 'balls': 1, 'retry': True, 'num_attempts': 10}
2025-10-03 17:13:12,329 : INFO : ball_device.bd_plunger : State: waiting_for_target_ready
2025-10-03 17:13:12,331 : INFO : EventManager : Event: ======'balldevice_bd_plunger_ball_eject_attempt'====== Args={'balls': 1, 'target': <playfield.playfield>, 'source': <ball_device.bd_plunger>, 'mechanical_eject': False, 'num_attempts': 10}
2025-10-03 17:13:12,332 : INFO : ball_device.bd_plunger : State: ejecting
2025-10-03 17:13:12,334 : INFO : ball_device.bd_plunger : Ejecting ball to <playfield.playfield>
2025-10-03 17:13:12,334 : INFO : EventManager : Event: ======'balldevice_bd_plunger_ejecting_ball'====== Args={'balls': 1, 'target': <playfield.playfield>, 'source': <ball_device.bd_plunger>, 'mechanical_eject': False, 'num_attempts': 10}
2025-10-03 17:13:12,337 : INFO : ball_device.bd_plunger : Wait for ball to leave device
2025-10-03 17:13:12,751 : INFO : EventManager : Event: ======'slide_mission_pinball_removed'====== Args={'_from_bcp': True}
2025-10-03 17:13:12,755 : INFO : EventManager : Event: ======'slide_mission_pinball_created'====== Args={'_from_bcp': True}
2025-10-03 17:13:12,757 : INFO : EventManager : Event: ======'slide_mission_pinball_active'====== Args={'_from_bcp': True}
2025-10-03 17:13:15,760 : INFO : EventManager : Event: ======'slide_last_game_score_slide_removed'====== Args={'_from_bcp': True}
2025-10-03 17:13:15,762 : INFO : EventManager : Event: ======'slide_last_game_score_slide_created'====== Args={'_from_bcp': True}
2025-10-03 17:13:15,763 : INFO : EventManager : Event: ======'slide_last_game_score_slide_active'====== Args={'_from_bcp': True}
2025-10-03 17:13:17,345 : INFO : EventManager : Event: ======'balldevice_bd_plunger_ball_eject_failed'====== Args={'target': <playfield.playfield>, 'balls': 1, 'retry': True, 'num_attempts': 11}
2025-10-03 17:13:17,346 : INFO : ball_device.bd_plunger : State: waiting_for_target_ready
2025-10-03 17:13:17,346 : INFO : EventManager : Event: ======'balldevice_bd_plunger_ball_eject_attempt'====== Args={'balls': 1, 'target': <playfield.playfield>, 'source': <ball_device.bd_plunger>, 'mechanical_eject': False, 'num_attempts': 11}
2025-10-03 17:13:17,347 : INFO : ball_device.bd_plunger : State: ejecting
2025-10-03 17:13:17,347 : INFO : ball_device.bd_plunger : Ejecting ball to <playfield.playfield>
2025-10-03 17:13:17,347 : INFO : EventManager : Event: ======'balldevice_bd_plunger_ejecting_ball'====== Args={'balls': 1, 'target': <playfield.playfield>, 'source': <ball_device.bd_plunger>, 'mechanical_eject': False, 'num_attempts': 11}
2025-10-03 17:13:17,348 : INFO : ball_device.bd_plunger : Wait for ball to leave device
2025-10-03 17:13:18,752 : INFO : EventManager : Event: ======'slide_awesome_slide_removed'====== Args={'_from_bcp': True}
2025-10-03 17:13:18,753 : INFO : EventManager : Event: ======'slide_awesome_slide_created'====== Args={'_from_bcp': True}
2025-10-03 17:13:18,756 : INFO : EventManager : Event: ======'slide_awesome_slide_active'====== Args={'_from_bcp': True}
2025-10-03 17:13:21,750 : INFO : EventManager : Event: ======'slide_press_start_removed'====== Args={'_from_bcp': True}
2025-10-03 17:13:21,761 : INFO : EventManager : Event: ======'slide_press_start_created'====== Args={'_from_bcp': True}
2025-10-03 17:13:21,765 : INFO : EventManager : Event: ======'slide_press_start_active'====== Args={'_from_bcp': True}
2025-10-03 17:13:22,337 : INFO : EventManager : Event: ======'balldevice_bd_plunger_ball_eject_failed'====== Args={'target': <playfield.playfield>, 'balls': 1, 'retry': True, 'num_attempts': 12}
2025-10-03 17:13:22,338 : INFO : ball_device.bd_plunger : State: waiting_for_target_ready
2025-10-03 17:13:22,338 : INFO : EventManager : Event: ======'balldevice_bd_plunger_ball_eject_attempt'====== Args={'balls': 1, 'target': <playfield.playfield>, 'source': <ball_device.bd_plunger>, 'mechanical_eject': False, 'num_attempts': 12}
2025-10-03 17:13:22,339 : INFO : ball_device.bd_plunger : State: ejecting
2025-10-03 17:13:22,339 : INFO : ball_device.bd_plunger : Ejecting ball to <playfield.playfield>
2025-10-03 17:13:22,339 : INFO : EventManager : Event: ======'balldevice_bd_plunger_ejecting_ball'====== Args={'balls': 1, 'target': <playfield.playfield>, 'source': <ball_device.bd_plunger>, 'mechanical_eject': False, 'num_attempts': 12}
2025-10-03 17:13:22,340 : INFO : ball_device.bd_plunger : Wait for ball to leave device
2025-10-03 17:13:24,754 : INFO : EventManager : Event: ======'slide_mission_pinball_removed'====== Args={'_from_bcp': True}
2025-10-03 17:13:24,757 : INFO : EventManager : Event: ======'slide_mission_pinball_created'====== Args={'_from_bcp': True}
2025-10-03 17:13:24,758 : INFO : EventManager : Event: ======'slide_mission_pinball_active'====== Args={'_from_bcp': True}
2025-10-03 17:13:27,341 : INFO : EventManager : Event: ======'balldevice_bd_plunger_ball_eject_failed'====== Args={'target': <playfield.playfield>, 'balls': 1, 'retry': True, 'num_attempts': 13}
2025-10-03 17:13:27,342 : INFO : ball_device.bd_plunger : State: waiting_for_target_ready
2025-10-03 17:13:27,342 : INFO : EventManager : Event: ======'balldevice_bd_plunger_ball_eject_attempt'====== Args={'balls': 1, 'target': <playfield.playfield>, 'source': <ball_device.bd_plunger>, 'mechanical_eject': False, 'num_attempts': 13}
2025-10-03 17:13:27,343 : INFO : ball_device.bd_plunger : State: ejecting
2025-10-03 17:13:27,343 : INFO : ball_device.bd_plunger : Ejecting ball to <playfield.playfield>
2025-10-03 17:13:27,343 : INFO : EventManager : Event: ======'balldevice_bd_plunger_ejecting_ball'====== Args={'balls': 1, 'target': <playfield.playfield>, 'source': <ball_device.bd_plunger>, 'mechanical_eject': False, 'num_attempts': 13}
2025-10-03 17:13:27,344 : INFO : ball_device.bd_plunger : Wait for ball to leave device
2025-10-03 17:13:27,746 : INFO : EventManager : Event: ======'slide_last_game_score_slide_removed'====== Args={'_from_bcp': True}
2025-10-03 17:13:27,752 : INFO : EventManager : Event: ======'slide_last_game_score_slide_created'====== Args={'_from_bcp': True}
2025-10-03 17:13:27,753 : INFO : EventManager : Event: ======'slide_last_game_score_slide_active'====== Args={'_from_bcp': True}
2025-10-03 17:13:30,287 : INFO : SwitchController : <<<<<<< 's_trough_jam' active >>>>>>>
2025-10-03 17:13:30,766 : INFO : EventManager : Event: ======'slide_awesome_slide_removed'====== Args={'_from_bcp': True}
2025-10-03 17:13:30,777 : INFO : EventManager : Event: ======'slide_awesome_slide_created'====== Args={'_from_bcp': True}
2025-10-03 17:13:30,780 : INFO : EventManager : Event: ======'slide_awesome_slide_active'====== Args={'_from_bcp': True}
2025-10-03 17:13:30,800 : INFO : EventManager : Event: ======'balldevice_bd_trough_ball_count_changed'====== Args={'balls': 6}
2025-10-03 17:13:30,801 : INFO : ball_device.bd_trough : Received unexpected ball
2025-10-03 17:13:30,801 : INFO : EventManager : Event: ======'balldevice_captured_from_playfield'====== Args={'balls': 1}
2025-10-03 17:13:30,803 : INFO : EventManager : Event: ======'sw_playfield_active'====== Args={'balls': 1}
2025-10-03 17:13:30,804 : INFO : EventManager : Event: ======'playfield_ball_count_change'====== Args={'balls': 0, 'change': -1}
2025-10-03 17:13:30,805 : INFO : EventManager : Event: ======'balldevice_bd_trough_ball_enter'====== Args={'new_balls': 1, 'unclaimed_balls': 1, 'new_available_balls': 1, 'device': <ball_device.bd_trough>}
2025-10-03 17:13:30,806 : INFO : EventManager : Event: ======'ball_drain'====== Args={'device': <ball_device.bd_trough>, 'balls': 1}
2025-10-03 17:13:30,807 : INFO : EventManager : Event: ======'balldevice_balls_available'====== Args={}
2025-10-03 17:13:30,807 : INFO : EventManager : Event: ======'balldevice_bd_trough_ball_entered'====== Args={'new_balls': 1, 'device': <ball_device.bd_trough>}
2025-10-03 17:13:32,341 : INFO : EventManager : Event: ======'balldevice_bd_plunger_ball_eject_failed'====== Args={'target': <playfield.playfield>, 'balls': 1, 'retry': True, 'num_attempts': 14}
2025-10-03 17:13:32,343 : INFO : ball_device.bd_plunger : State: waiting_for_target_ready
2025-10-03 17:13:32,344 : INFO : EventManager : Event: ======'balldevice_bd_plunger_ball_eject_attempt'====== Args={'balls': 1, 'target': <playfield.playfield>, 'source': <ball_device.bd_plunger>, 'mechanical_eject': False, 'num_attempts': 14}
2025-10-03 17:13:32,345 : INFO : ball_device.bd_plunger : State: ejecting
2025-10-03 17:13:32,345 : INFO : ball_device.bd_plunger : Ejecting ball to <playfield.playfield>
2025-10-03 17:13:32,346 : INFO : EventManager : Event: ======'balldevice_bd_plunger_ejecting_ball'====== Args={'balls': 1, 'target': <playfield.playfield>, 'source': <ball_device.bd_plunger>, 'mechanical_eject': False, 'num_attempts': 14}
2025-10-03 17:13:32,347 : INFO : ball_device.bd_plunger : Wait for ball to leave device
2025-10-03 17:13:33,755 : INFO : EventManager : Event: ======'slide_press_start_removed'====== Args={'_from_bcp': True}
2025-10-03 17:13:33,758 : INFO : EventManager : Event: ======'slide_press_start_created'====== Args={'_from_bcp': True}
2025-10-03 17:13:33,758 : INFO : EventManager : Event: ======'slide_press_start_active'====== Args={'_from_bcp': True}
2025-10-03 17:13:36,766 : INFO : EventManager : Event: ======'slide_mission_pinball_removed'====== Args={'_from_bcp': True}
2025-10-03 17:13:36,768 : INFO : EventManager : Event: ======'slide_mission_pinball_created'====== Args={'_from_bcp': True}
2025-10-03 17:13:36,770 : INFO : EventManager : Event: ======'slide_mission_pinball_active'====== Args={'_from_bcp': True}
2025-10-03 17:13:37,339 : INFO : EventManager : Event: ======'balldevice_bd_plunger_ball_eject_failed'====== Args={'target': <playfield.playfield>, 'balls': 1, 'retry': True, 'num_attempts': 15}
2025-10-03 17:13:37,340 : INFO : ball_device.bd_plunger : State: waiting_for_target_ready
2025-10-03 17:13:37,340 : INFO : EventManager : Event: ======'balldevice_bd_plunger_ball_eject_attempt'====== Args={'balls': 1, 'target': <playfield.playfield>, 'source': <ball_device.bd_plunger>, 'mechanical_eject': False, 'num_attempts': 15}
2025-10-03 17:13:37,340 : INFO : ball_device.bd_plunger : State: ejecting
2025-10-03 17:13:37,341 : INFO : ball_device.bd_plunger : Ejecting ball to <playfield.playfield>
2025-10-03 17:13:37,341 : INFO : EventManager : Event: ======'balldevice_bd_plunger_ejecting_ball'====== Args={'balls': 1, 'target': <playfield.playfield>, 'source': <ball_device.bd_plunger>, 'mechanical_eject': False, 'num_attempts': 15}
2025-10-03 17:13:37,341 : INFO : ball_device.bd_plunger : Wait for ball to leave device
2025-10-03 17:13:39,758 : INFO : EventManager : Event: ======'slide_last_game_score_slide_removed'====== Args={'_from_bcp': True}
2025-10-03 17:13:39,758 : INFO : EventManager : Event: ======'slide_last_game_score_slide_created'====== Args={'_from_bcp': True}
2025-10-03 17:13:39,760 : INFO : EventManager : Event: ======'slide_last_game_score_slide_active'====== Args={'_from_bcp': True}
2025-10-03 17:13:42,336 : INFO : EventManager : Event: ======'balldevice_bd_plunger_ball_eject_failed'====== Args={'target': <playfield.playfield>, 'balls': 1, 'retry': True, 'num_attempts': 16}
2025-10-03 17:13:42,339 : INFO : ball_device.bd_plunger : State: waiting_for_target_ready
2025-10-03 17:13:42,340 : INFO : EventManager : Event: ======'balldevice_bd_plunger_ball_eject_attempt'====== Args={'balls': 1, 'target': <playfield.playfield>, 'source': <ball_device.bd_plunger>, 'mechanical_eject': False, 'num_attempts': 16}
2025-10-03 17:13:42,342 : INFO : ball_device.bd_plunger : State: ejecting
2025-10-03 17:13:42,343 : INFO : ball_device.bd_plunger : Ejecting ball to <playfield.playfield>
2025-10-03 17:13:42,343 : INFO : EventManager : Event: ======'balldevice_bd_plunger_ejecting_ball'====== Args={'balls': 1, 'target': <playfield.playfield>, 'source': <ball_device.bd_plunger>, 'mechanical_eject': False, 'num_attempts': 16}
2025-10-03 17:13:42,346 : INFO : ball_device.bd_plunger : Wait for ball to leave device
2025-10-03 17:13:42,759 : INFO : EventManager : Event: ======'slide_awesome_slide_removed'====== Args={'_from_bcp': True}
2025-10-03 17:13:42,765 : INFO : EventManager : Event: ======'slide_awesome_slide_created'====== Args={'_from_bcp': True}
2025-10-03 17:13:42,766 : INFO : EventManager : Event: ======'slide_awesome_slide_active'====== Args={'_from_bcp': True}
2025-10-03 17:13:45,756 : INFO : EventManager : Event: ======'slide_press_start_removed'====== Args={'_from_bcp': True}
2025-10-03 17:13:45,764 : INFO : EventManager : Event: ======'slide_press_start_created'====== Args={'_from_bcp': True}
2025-10-03 17:13:45,766 : INFO : EventManager : Event: ======'slide_press_start_active'====== Args={'_from_bcp': True}
2025-10-03 17:13:47,338 : INFO : EventManager : Event: ======'balldevice_bd_plunger_ball_eject_failed'====== Args={'target': <playfield.playfield>, 'balls': 1, 'retry': True, 'num_attempts': 17}
2025-10-03 17:13:47,341 : INFO : ball_device.bd_plunger : State: waiting_for_target_ready
2025-10-03 17:13:47,342 : INFO : EventManager : Event: ======'balldevice_bd_plunger_ball_eject_attempt'====== Args={'balls': 1, 'target': <playfield.playfield>, 'source': <ball_device.bd_plunger>, 'mechanical_eject': False, 'num_attempts': 17}
2025-10-03 17:13:47,343 : INFO : ball_device.bd_plunger : State: ejecting
2025-10-03 17:13:47,344 : INFO : ball_device.bd_plunger : Ejecting ball to <playfield.playfield>
2025-10-03 17:13:47,345 : INFO : EventManager : Event: ======'balldevice_bd_plunger_ejecting_ball'====== Args={'balls': 1, 'target': <playfield.playfield>, 'source': <ball_device.bd_plunger>, 'mechanical_eject': False, 'num_attempts': 17}
2025-10-03 17:13:47,347 : INFO : ball_device.bd_plunger : Wait for ball to leave device
2025-10-03 17:13:47,689 : INFO : SwitchController : <<<<<<< 's_sling_left' active >>>>>>>
2025-10-03 17:13:48,753 : INFO : EventManager : Event: ======'slide_mission_pinball_removed'====== Args={'_from_bcp': True}
2025-10-03 17:13:48,760 : INFO : EventManager : Event: ======'slide_mission_pinball_created'====== Args={'_from_bcp': True}
2025-10-03 17:13:48,764 : INFO : EventManager : Event: ======'slide_mission_pinball_active'====== Args={'_from_bcp': True}
2025-10-03 17:13:51,760 : INFO : EventManager : Event: ======'slide_last_game_score_slide_removed'====== Args={'_from_bcp': True}
2025-10-03 17:13:51,761 : INFO : EventManager : Event: ======'slide_last_game_score_slide_created'====== Args={'_from_bcp': True}
2025-10-03 17:13:51,761 : INFO : EventManager : Event: ======'slide_last_game_score_slide_active'====== Args={'_from_bcp': True}
2025-10-03 17:13:52,352 : INFO : EventManager : Event: ======'balldevice_bd_plunger_ball_eject_failed'====== Args={'target': <playfield.playfield>, 'balls': 1, 'retry': True, 'num_attempts': 18}
2025-10-03 17:13:52,355 : INFO : ball_device.bd_plunger : State: waiting_for_target_ready
2025-10-03 17:13:52,357 : INFO : EventManager : Event: ======'balldevice_bd_plunger_ball_eject_attempt'====== Args={'balls': 1, 'target': <playfield.playfield>, 'source': <ball_device.bd_plunger>, 'mechanical_eject': False, 'num_attempts': 18}
2025-10-03 17:13:52,358 : INFO : ball_device.bd_plunger : State: ejecting
2025-10-03 17:13:52,360 : INFO : ball_device.bd_plunger : Ejecting ball to <playfield.playfield>
2025-10-03 17:13:52,360 : INFO : EventManager : Event: ======'balldevice_bd_plunger_ejecting_ball'====== Args={'balls': 1, 'target': <playfield.playfield>, 'source': <ball_device.bd_plunger>, 'mechanical_eject': False, 'num_attempts': 18}
2025-10-03 17:13:52,363 : INFO : ball_device.bd_plunger : Wait for ball to leave device
2025-10-03 17:13:53,062 : INFO : SwitchController : <<<<<<< 's_sling_right' active >>>>>>>
2025-10-03 17:13:54,753 : INFO : EventManager : Event: ======'slide_awesome_slide_removed'====== Args={'_from_bcp': True}
2025-10-03 17:13:54,758 : INFO : EventManager : Event: ======'slide_awesome_slide_created'====== Args={'_from_bcp': True}
2025-10-03 17:13:54,761 : INFO : EventManager : Event: ======'slide_awesome_slide_active'====== Args={'_from_bcp': True}
2025-10-03 17:13:54,939 : INFO : SwitchController : <<<<<<< 's_right_inlane' inactive >>>>>>>
2025-10-03 17:13:57,368 : INFO : EventManager : Event: ======'balldevice_bd_plunger_ball_eject_failed'====== Args={'target': <playfield.playfield>, 'balls': 1, 'retry': True, 'num_attempts': 19}
2025-10-03 17:13:57,369 : INFO : ball_device.bd_plunger : State: waiting_for_target_ready
2025-10-03 17:13:57,370 : INFO : EventManager : Event: ======'balldevice_bd_plunger_ball_eject_attempt'====== Args={'balls': 1, 'target': <playfield.playfield>, 'source': <ball_device.bd_plunger>, 'mechanical_eject': False, 'num_attempts': 19}
2025-10-03 17:13:57,370 : INFO : ball_device.bd_plunger : State: ejecting
2025-10-03 17:13:57,371 : INFO : ball_device.bd_plunger : Ejecting ball to <playfield.playfield>
2025-10-03 17:13:57,371 : INFO : EventManager : Event: ======'balldevice_bd_plunger_ejecting_ball'====== Args={'balls': 1, 'target': <playfield.playfield>, 'source': <ball_device.bd_plunger>, 'mechanical_eject': False, 'num_attempts': 19}
2025-10-03 17:13:57,372 : INFO : ball_device.bd_plunger : Wait for ball to leave device
2025-10-03 17:13:57,760 : INFO : EventManager : Event: ======'slide_press_start_removed'====== Args={'_from_bcp': True}
2025-10-03 17:13:57,762 : INFO : EventManager : Event: ======'slide_press_start_created'====== Args={'_from_bcp': True}
2025-10-03 17:13:57,765 : INFO : EventManager : Event: ======'slide_press_start_active'====== Args={'_from_bcp': True}
2025-10-03 17:14:00,760 : INFO : EventManager : Event: ======'slide_mission_pinball_removed'====== Args={'_from_bcp': True}
2025-10-03 17:14:00,762 : INFO : EventManager : Event: ======'slide_mission_pinball_created'====== Args={'_from_bcp': True}
2025-10-03 17:14:00,762 : INFO : EventManager : Event: ======'slide_mission_pinball_active'====== Args={'_from_bcp': True}
2025-10-03 17:14:02,369 : INFO : EventManager : Event: ======'balldevice_bd_plunger_ball_eject_failed'====== Args={'target': <playfield.playfield>, 'balls': 1, 'retry': True, 'num_attempts': 20}
2025-10-03 17:14:02,372 : INFO : ball_device.bd_plunger : State: waiting_for_target_ready
2025-10-03 17:14:02,373 : INFO : EventManager : Event: ======'balldevice_bd_plunger_ball_eject_attempt'====== Args={'balls': 1, 'target': <playfield.playfield>, 'source': <ball_device.bd_plunger>, 'mechanical_eject': False, 'num_attempts': 20}
2025-10-03 17:14:02,375 : INFO : ball_device.bd_plunger : State: ejecting
2025-10-03 17:14:02,376 : INFO : ball_device.bd_plunger : Ejecting ball to <playfield.playfield>
2025-10-03 17:14:02,376 : INFO : EventManager : Event: ======'balldevice_bd_plunger_ejecting_ball'====== Args={'balls': 1, 'target': <playfield.playfield>, 'source': <ball_device.bd_plunger>, 'mechanical_eject': False, 'num_attempts': 20}
2025-10-03 17:14:02,379 : INFO : ball_device.bd_plunger : Wait for ball to leave device
2025-10-03 17:14:03,760 : INFO : EventManager : Event: ======'slide_last_game_score_slide_removed'====== Args={'_from_bcp': True}
2025-10-03 17:14:03,763 : INFO : EventManager : Event: ======'slide_last_game_score_slide_created'====== Args={'_from_bcp': True}
2025-10-03 17:14:03,764 : INFO : EventManager : Event: ======'slide_last_game_score_slide_active'====== Args={'_from_bcp': True}
2025-10-03 17:14:04,416 : INFO : Machine : Shutting down...
2025-10-03 17:14:04,417 : INFO : EventManager : Event: ======'shutdown'====== Args={}
2025-10-03 17:14:04,444 : INFO : root : MPF run loop ended.
