2025-10-03 18:15:05,686 : INFO : root : Loading config.
2025-10-03 18:15:05,690 : INFO : YamlMultifileConfigLoader : Machine config file #1: config.yaml
2025-10-03 18:15:05,691 : WARNING : ConfigProcessor : Config file in cache changed: C:\Users\richa\ttp5\config\config.yaml
2025-10-03 18:15:05,691 : INFO : ConfigProcessor : Loading config from file C:\Users\richa\mpfvirtual4\lib\site-packages\mpf\mpfconfig.yaml.
2025-10-03 18:15:05,705 : INFO : ConfigProcessor : Loading config: C:\Users\richa\mpfvirtual4\lib\site-packages\mpf\mpfconfig.yaml
2025-10-03 18:15:05,706 : INFO : ConfigProcessor : Loading config from file C:\Users\richa\ttp5\config\config.yaml.
2025-10-03 18:15:05,716 : INFO : ConfigProcessor : Loading config: C:\Users\richa\ttp5\config\config.yaml
2025-10-03 18:15:05,717 : INFO : ConfigProcessor : Loading config: C:\Users\richa\ttp5\config\config_ball_devices.yaml
2025-10-03 18:15:05,719 : INFO : ConfigProcessor : Loading config: C:\Users\richa\ttp5\config\config_coils.yaml
2025-10-03 18:15:05,720 : INFO : ConfigProcessor : Loading config: C:\Users\richa\ttp5\config\config_flippers.yaml
2025-10-03 18:15:05,722 : INFO : ConfigProcessor : Loading config: C:\Users\richa\ttp5\config\config_switches.yaml
2025-10-03 18:15:05,723 : INFO : ConfigProcessor : Config file cache created: C:\Users\richa\AppData\Local\Temp\bad76953a596b8c99f832e0e98026c3b.mpf_cache
2025-10-03 18:15:05,807 : INFO : ConfigProcessor : Loading config from cache: C:\Users\richa\AppData\Local\Temp\77a998d318c788df5647a1900cedfc56.mpf_cache
2025-10-03 18:15:05,808 : INFO : ConfigProcessor : Loading config from cache: C:\Users\richa\AppData\Local\Temp\9c8dea79ca4d15ee886340e992e8cb9d.mpf_cache
2025-10-03 18:15:05,809 : INFO : ConfigProcessor : Loading config from cache: C:\Users\richa\AppData\Local\Temp\8ddee2e87a4f178751335e99da00e9c4.mpf_cache
2025-10-03 18:15:05,810 : INFO : ConfigProcessor : Loading config from cache: C:\Users\richa\AppData\Local\Temp\16d594341c3fbe91b1b6d496c05a6fb0.mpf_cache
2025-10-03 18:15:05,810 : INFO : ConfigProcessor : Loading config from cache: C:\Users\richa\AppData\Local\Temp\9ea1b14cb2b1cce5e8bf981a1ff8cfc5.mpf_cache
2025-10-03 18:15:05,811 : INFO : Machine : Mission Pinball Framework Core Engine v0.57.0.dev39
2025-10-03 18:15:05,811 : INFO : Machine : Command line arguments: {'no_load_cache': False, 'create_config_cache': True, 'bcp': True, 'configfile': ['config.yaml'], 'force_assets_load': False, 'jsonlogging': False, 'logfile': 'logs\\2025-10-03-18-15-05-mpf-DESKTOP-RK7BE5M.log', 'pause': False, 'production': False, 'text_ui': True, 'loglevel': 15, 'consoleloglevel': 20, 'force_platform': None, 'syslog_address': None, 'mc_file_name': None, 'no_sound': False}
2025-10-03 18:15:05,811 : INFO : Machine : MPF path: C:\Users\richa\mpfvirtual4\lib\site-packages\mpf
2025-10-03 18:15:05,811 : INFO : Machine : Machine path: C:\Users\richa\ttp5
2025-10-03 18:15:05,811 : INFO : Machine : Platform: win32
2025-10-03 18:15:05,811 : INFO : Machine : Python executable location: C:\Users\richa\mpfvirtual4\Scripts\python.exe
2025-10-03 18:15:05,811 : INFO : Machine : Python version: 3.9.13 (64-bit)
2025-10-03 18:15:05,814 : INFO : Machine : Initializing MPF...
2025-10-03 18:15:06,190 : INFO : EventManager : Event: ======'machine_var_credits_string'====== Args={'value': 'FREE PLAY', 'prev_value': None, 'change': True}
2025-10-03 18:15:06,250 : INFO : EventManager : Event: ======'machine_var_master_volume'====== Args={'value': 0.5, 'prev_value': None, 'change': True}
2025-10-03 18:15:06,250 : INFO : EventManager : Event: ======'machine_var_player1_score'====== Args={'value': 14636, 'prev_value': None, 'change': True}
2025-10-03 18:15:06,250 : INFO : EventManager : Event: ======'machine_var_mpf_version'====== Args={'value': 'Mission Pinball Framework v0.57.0.dev39', 'prev_value': None, 'change': True}
2025-10-03 18:15:06,250 : INFO : EventManager : Event: ======'machine_var_mpf_extended_version'====== Args={'value': 'Mission Pinball Framework v0.57.0.dev39, Config version:6, Show version: 6, BCP version:1.1', 'prev_value': None, 'change': True}
2025-10-03 18:15:06,250 : INFO : EventManager : Event: ======'machine_var_python_version'====== Args={'value': '3.9.13', 'prev_value': None, 'change': True}
2025-10-03 18:15:06,259 : INFO : EventManager : Event: ======'machine_var_platform'====== Args={'value': 'Windows-10-10.0.19045-SP0', 'prev_value': None, 'change': True}
2025-10-03 18:15:06,259 : INFO : EventManager : Event: ======'machine_var_platform_system'====== Args={'value': 'Windows', 'prev_value': None, 'change': True}
2025-10-03 18:15:06,259 : INFO : EventManager : Event: ======'machine_var_platform_release'====== Args={'value': '10', 'prev_value': None, 'change': True}
2025-10-03 18:15:06,259 : INFO : EventManager : Event: ======'machine_var_platform_version'====== Args={'value': '10.0.19045', 'prev_value': None, 'change': True}
2025-10-03 18:15:06,259 : INFO : EventManager : Event: ======'machine_var_platform_machine'====== Args={'value': 'AMD64', 'prev_value': None, 'change': True}
2025-10-03 18:15:06,259 : INFO : EventManager : Event: ======'init_phase_1'====== Args={}
2025-10-03 18:15:06,278 : INFO : EventManager : Event: ======'init_phase_2'====== Args={}
2025-10-03 18:15:06,278 : INFO : SwitchController : Found active switch: ('2', <Platform.SmartVirtual>) <switch.s_trough1>
2025-10-03 18:15:06,278 : INFO : SwitchController : Found active switch: ('3', <Platform.SmartVirtual>) <switch.s_trough2>
2025-10-03 18:15:06,278 : INFO : SwitchController : Found active switch: ('4', <Platform.SmartVirtual>) <switch.s_trough3>
2025-10-03 18:15:06,278 : INFO : SwitchController : Found active switch: ('5', <Platform.SmartVirtual>) <switch.s_trough4>
2025-10-03 18:15:06,278 : INFO : SwitchController : Found active switch: ('6', <Platform.SmartVirtual>) <switch.s_trough5>
2025-10-03 18:15:06,278 : INFO : SwitchController : Found active switch: ('7', <Platform.SmartVirtual>) <switch.s_trough6>
2025-10-03 18:15:06,282 : INFO : EventManager : Event: ======'bcp_connection_attempt'====== Args={'name': 'local_display', 'host': 'localhost', 'port': 5050}
2025-10-03 18:15:06,283 : INFO : BCPClientSocket : Connecting BCP to 'local_display' at localhost:5050...
2025-10-03 18:15:08,310 : INFO : BCPClientSocket : Connected BCP to 'local_display' localhost:5050
2025-10-03 18:15:08,310 : INFO : EventManager : Event: ======'bcp_clients_connected'====== Args={}
2025-10-03 18:15:08,611 : INFO : ball_device.bd_trough : BCH: Initial count: 6
2025-10-03 18:15:08,611 : INFO : ball_device.bd_trough : State: idle
2025-10-03 18:15:08,612 : INFO : ball_device.bd_plunger : BCH: Initial count: 0
2025-10-03 18:15:08,612 : INFO : ball_device.bd_plunger : State: idle
2025-10-03 18:15:08,619 : INFO : EventManager : Event: ======'init_phase_3'====== Args={}
2025-10-03 18:15:08,623 : INFO : EventManager : Event: ======'init_phase_4'====== Args={}
2025-10-03 18:15:08,623 : INFO : BallController : Initial balls found: 6
2025-10-03 18:15:08,624 : INFO : EventManager : Event: ======'machine_var_audits_events_game_ended'====== Args={'value': 10, 'prev_value': None, 'change': True}
2025-10-03 18:15:08,624 : INFO : EventManager : Event: ======'machine_var_audits_events_game_started'====== Args={'value': 37, 'prev_value': None, 'change': True}
2025-10-03 18:15:08,624 : INFO : EventManager : Event: ======'machine_var_audits_missing_switches_s_sling_left'====== Args={'value': 4, 'prev_value': None, 'change': True}
2025-10-03 18:15:08,625 : INFO : EventManager : Event: ======'machine_var_audits_missing_switches_s_sling_right'====== Args={'value': 4, 'prev_value': None, 'change': True}
2025-10-03 18:15:08,625 : INFO : EventManager : Event: ======'machine_var_audits_missing_switches_s_start'====== Args={'value': 1, 'prev_value': None, 'change': True}
2025-10-03 18:15:08,625 : INFO : EventManager : Event: ======'machine_var_audits_missing_switches_s_trough2'====== Args={'value': 37, 'prev_value': None, 'change': True}
2025-10-03 18:15:08,625 : INFO : EventManager : Event: ======'machine_var_audits_missing_switches_s_trough3'====== Args={'value': 37, 'prev_value': None, 'change': True}
2025-10-03 18:15:08,625 : INFO : EventManager : Event: ======'machine_var_audits_missing_switches_s_trough4'====== Args={'value': 37, 'prev_value': None, 'change': True}
2025-10-03 18:15:08,625 : INFO : EventManager : Event: ======'machine_var_audits_missing_switches_s_trough5'====== Args={'value': 37, 'prev_value': None, 'change': True}
2025-10-03 18:15:08,625 : INFO : EventManager : Event: ======'machine_var_audits_missing_switches_s_trough6'====== Args={'value': 37, 'prev_value': None, 'change': True}
2025-10-03 18:15:08,625 : INFO : EventManager : Event: ======'machine_var_audits_missing_switches_s_trough_jam'====== Args={'value': 37, 'prev_value': None, 'change': True}
2025-10-03 18:15:08,625 : INFO : EventManager : Event: ======'machine_var_audits_player_score'====== Args={'value': {'average': 11645, 'top': [28284, 25272, 22800, 14636, 13400, 11420, 10700, 8000, 2562, 0], 'total': 12}, 'prev_value': None, 'change': True}
2025-10-03 18:15:08,625 : INFO : EventManager : Event: ======'machine_var_audits_shots_center_rollover_shot'====== Args={'value': 12, 'prev_value': None, 'change': True}
2025-10-03 18:15:08,625 : INFO : EventManager : Event: ======'machine_var_audits_shots_middle_inlane_shot'====== Args={'value': 20, 'prev_value': None, 'change': True}
2025-10-03 18:15:08,626 : INFO : EventManager : Event: ======'machine_var_audits_shots_my_first_shot'====== Args={'value': 67, 'prev_value': None, 'change': True}
2025-10-03 18:15:08,626 : INFO : EventManager : Event: ======'machine_var_audits_shots_top_middle_inlane_shot'====== Args={'value': 41, 'prev_value': None, 'change': True}
2025-10-03 18:15:08,626 : INFO : EventManager : Event: ======'machine_var_audits_switches_s_center_rollover'====== Args={'value': 12, 'prev_value': None, 'change': True}
2025-10-03 18:15:08,626 : INFO : EventManager : Event: ======'machine_var_audits_switches_s_left_flipper'====== Args={'value': 260, 'prev_value': None, 'change': True}
2025-10-03 18:15:08,626 : INFO : EventManager : Event: ======'machine_var_audits_switches_s_left_inlane'====== Args={'value': 7, 'prev_value': None, 'change': True}
2025-10-03 18:15:08,626 : INFO : EventManager : Event: ======'machine_var_audits_switches_s_left_outlane'====== Args={'value': 3, 'prev_value': None, 'change': True}
2025-10-03 18:15:08,626 : INFO : EventManager : Event: ======'machine_var_audits_switches_s_middle_inlane'====== Args={'value': 20, 'prev_value': None, 'change': True}
2025-10-03 18:15:08,626 : INFO : EventManager : Event: ======'machine_var_audits_switches_s_plunger'====== Args={'value': 74, 'prev_value': None, 'change': True}
2025-10-03 18:15:08,626 : INFO : EventManager : Event: ======'machine_var_audits_switches_s_right_flipper'====== Args={'value': 78, 'prev_value': None, 'change': True}
2025-10-03 18:15:08,626 : INFO : EventManager : Event: ======'machine_var_audits_switches_s_right_inlane'====== Args={'value': 99, 'prev_value': None, 'change': True}
2025-10-03 18:15:08,627 : INFO : EventManager : Event: ======'machine_var_audits_switches_s_right_outlane'====== Args={'value': 3, 'prev_value': None, 'change': True}
2025-10-03 18:15:08,627 : INFO : EventManager : Event: ======'machine_var_audits_switches_s_sling_left'====== Args={'value': 2, 'prev_value': None, 'change': True}
2025-10-03 18:15:08,627 : INFO : EventManager : Event: ======'machine_var_audits_switches_s_sling_right'====== Args={'value': 1, 'prev_value': None, 'change': True}
2025-10-03 18:15:08,627 : INFO : EventManager : Event: ======'machine_var_audits_switches_s_start'====== Args={'value': 12, 'prev_value': None, 'change': True}
2025-10-03 18:15:08,627 : INFO : EventManager : Event: ======'machine_var_audits_switches_s_top_middle_inlane'====== Args={'value': 41, 'prev_value': None, 'change': True}
2025-10-03 18:15:08,627 : INFO : EventManager : Event: ======'machine_var_audits_switches_s_trough1'====== Args={'value': 54, 'prev_value': None, 'change': True}
2025-10-03 18:15:08,627 : INFO : EventManager : Event: ======'machine_var_audits_switches_s_trough2'====== Args={'value': 0, 'prev_value': None, 'change': True}
2025-10-03 18:15:08,628 : INFO : EventManager : Event: ======'machine_var_audits_switches_s_trough3'====== Args={'value': 0, 'prev_value': None, 'change': True}
2025-10-03 18:15:08,628 : INFO : EventManager : Event: ======'machine_var_audits_switches_s_trough4'====== Args={'value': 0, 'prev_value': None, 'change': True}
2025-10-03 18:15:08,628 : INFO : EventManager : Event: ======'machine_var_audits_switches_s_trough5'====== Args={'value': 0, 'prev_value': None, 'change': True}
2025-10-03 18:15:08,628 : INFO : EventManager : Event: ======'machine_var_audits_switches_s_trough6'====== Args={'value': 0, 'prev_value': None, 'change': True}
2025-10-03 18:15:08,628 : INFO : EventManager : Event: ======'machine_var_audits_switches_s_trough_jam'====== Args={'value': 0, 'prev_value': None, 'change': True}
2025-10-03 18:15:08,628 : INFO : EventManager : Event: ======'init_phase_5'====== Args={}
2025-10-03 18:15:08,727 : INFO : EventManager : Event: ======'init_done'====== Args={}
2025-10-03 18:15:08,727 : INFO : EventManager : Event: ======'machine_reset_phase_1'====== Args={}
2025-10-03 18:15:09,264 : INFO : EventManager : Event: ======'machine_var_mc_version'====== Args={'value': 'MPF-MC v0.57.0.dev10', 'prev_value': None, 'change': True}
2025-10-03 18:15:09,265 : INFO : EventManager : Event: ======'machine_var_mc_extended_version'====== Args={'value': 'MPF-MC v0.57.0.dev10 (config_version=6, BCP v1.1,                      Requires MPF API compatibility v0.57.0.dev19 or newer)', 'prev_value': None, 'change': True}
2025-10-03 18:15:09,273 : INFO : EventManager : Event: ======'machine_reset_phase_2'====== Args={}
2025-10-03 18:15:09,273 : INFO : EventManager : Event: ======'machine_reset_phase_3'====== Args={}
2025-10-03 18:15:09,273 : INFO : EventManager : Event: ======'reset_complete'====== Args={}
2025-10-03 18:15:09,273 : INFO : EventManager : Event: ======'mode_attract_will_start'====== Args={}
2025-10-03 18:15:09,274 : INFO : EventManager : Event: ======'mode_attract_starting'====== Args={}
2025-10-03 18:15:09,274 : INFO : Mode.attract : Started. Priority: 10
2025-10-03 18:15:09,274 : INFO : EventManager : Event: ======'modes_active_modes_changed'====== Args={}
2025-10-03 18:15:09,274 : INFO : EventManager : Event: ======'mode_attract_started'====== Args={}
2025-10-03 18:15:09,275 : INFO : EventManager : Event: ======'collecting_balls_complete'====== Args={}
2025-10-03 18:15:09,317 : INFO : EventManager : Event: ======'slide_awesome_slide_created'====== Args={'_from_bcp': True}
2025-10-03 18:15:09,317 : INFO : EventManager : Event: ======'slide_awesome_slide_active'====== Args={'_from_bcp': True}
2025-10-03 18:15:09,317 : INFO : Machine : Starting the main run loop.
2025-10-03 18:15:09,525 : INFO : BcpServer : New client connected.
2025-10-03 18:15:12,296 : INFO : EventManager : Event: ======'slide_press_start_created'====== Args={'_from_bcp': True}
2025-10-03 18:15:12,302 : INFO : EventManager : Event: ======'slide_press_start_active'====== Args={'_from_bcp': True}
2025-10-03 18:15:15,284 : INFO : EventManager : Event: ======'slide_mission_pinball_created'====== Args={'_from_bcp': True}
2025-10-03 18:15:15,285 : INFO : EventManager : Event: ======'slide_mission_pinball_active'====== Args={'_from_bcp': True}
2025-10-03 18:15:18,278 : INFO : EventManager : Event: ======'slide_last_game_score_slide_created'====== Args={'_from_bcp': True}
2025-10-03 18:15:18,279 : INFO : EventManager : Event: ======'slide_last_game_score_slide_active'====== Args={'_from_bcp': True}
2025-10-03 18:15:21,285 : INFO : EventManager : Event: ======'slide_awesome_slide_removed'====== Args={'_from_bcp': True}
2025-10-03 18:15:21,286 : INFO : EventManager : Event: ======'slide_awesome_slide_created'====== Args={'_from_bcp': True}
2025-10-03 18:15:21,288 : INFO : EventManager : Event: ======'slide_awesome_slide_active'====== Args={'_from_bcp': True}
2025-10-03 18:15:24,309 : INFO : EventManager : Event: ======'slide_press_start_removed'====== Args={'_from_bcp': True}
2025-10-03 18:15:24,328 : INFO : EventManager : Event: ======'slide_press_start_created'====== Args={'_from_bcp': True}
2025-10-03 18:15:24,329 : INFO : EventManager : Event: ======'slide_press_start_active'====== Args={'_from_bcp': True}
2025-10-03 18:15:27,288 : INFO : EventManager : Event: ======'slide_mission_pinball_removed'====== Args={'_from_bcp': True}
2025-10-03 18:15:27,289 : INFO : EventManager : Event: ======'slide_mission_pinball_created'====== Args={'_from_bcp': True}
2025-10-03 18:15:27,293 : INFO : EventManager : Event: ======'slide_mission_pinball_active'====== Args={'_from_bcp': True}
2025-10-03 18:15:30,294 : INFO : EventManager : Event: ======'slide_last_game_score_slide_removed'====== Args={'_from_bcp': True}
2025-10-03 18:15:30,311 : INFO : EventManager : Event: ======'slide_last_game_score_slide_created'====== Args={'_from_bcp': True}
2025-10-03 18:15:30,316 : INFO : EventManager : Event: ======'slide_last_game_score_slide_active'====== Args={'_from_bcp': True}
2025-10-03 18:15:33,282 : INFO : EventManager : Event: ======'slide_awesome_slide_removed'====== Args={'_from_bcp': True}
2025-10-03 18:15:33,289 : INFO : EventManager : Event: ======'slide_awesome_slide_created'====== Args={'_from_bcp': True}
2025-10-03 18:15:33,292 : INFO : EventManager : Event: ======'slide_awesome_slide_active'====== Args={'_from_bcp': True}
2025-10-03 18:15:36,290 : INFO : EventManager : Event: ======'slide_press_start_removed'====== Args={'_from_bcp': True}
2025-10-03 18:15:36,290 : INFO : EventManager : Event: ======'slide_press_start_created'====== Args={'_from_bcp': True}
2025-10-03 18:15:36,291 : INFO : EventManager : Event: ======'slide_press_start_active'====== Args={'_from_bcp': True}
2025-10-03 18:15:39,287 : INFO : EventManager : Event: ======'slide_mission_pinball_removed'====== Args={'_from_bcp': True}
2025-10-03 18:15:39,294 : INFO : EventManager : Event: ======'slide_mission_pinball_created'====== Args={'_from_bcp': True}
2025-10-03 18:15:39,297 : INFO : EventManager : Event: ======'slide_mission_pinball_active'====== Args={'_from_bcp': True}
2025-10-03 18:15:42,284 : INFO : EventManager : Event: ======'slide_last_game_score_slide_removed'====== Args={'_from_bcp': True}
2025-10-03 18:15:42,284 : INFO : EventManager : Event: ======'slide_last_game_score_slide_created'====== Args={'_from_bcp': True}
2025-10-03 18:15:42,286 : INFO : EventManager : Event: ======'slide_last_game_score_slide_active'====== Args={'_from_bcp': True}
2025-10-03 18:15:45,300 : INFO : EventManager : Event: ======'slide_awesome_slide_removed'====== Args={'_from_bcp': True}
2025-10-03 18:15:45,301 : INFO : EventManager : Event: ======'slide_awesome_slide_created'====== Args={'_from_bcp': True}
2025-10-03 18:15:45,302 : INFO : EventManager : Event: ======'slide_awesome_slide_active'====== Args={'_from_bcp': True}
2025-10-03 18:15:48,297 : INFO : EventManager : Event: ======'slide_press_start_removed'====== Args={'_from_bcp': True}
2025-10-03 18:15:48,298 : INFO : EventManager : Event: ======'slide_press_start_created'====== Args={'_from_bcp': True}
2025-10-03 18:15:48,301 : INFO : EventManager : Event: ======'slide_press_start_active'====== Args={'_from_bcp': True}
2025-10-03 18:15:51,288 : INFO : EventManager : Event: ======'slide_mission_pinball_removed'====== Args={'_from_bcp': True}
2025-10-03 18:15:51,290 : INFO : EventManager : Event: ======'slide_mission_pinball_created'====== Args={'_from_bcp': True}
2025-10-03 18:15:51,292 : INFO : EventManager : Event: ======'slide_mission_pinball_active'====== Args={'_from_bcp': True}
2025-10-03 18:15:54,295 : INFO : EventManager : Event: ======'slide_last_game_score_slide_removed'====== Args={'_from_bcp': True}
2025-10-03 18:15:54,316 : INFO : EventManager : Event: ======'slide_last_game_score_slide_created'====== Args={'_from_bcp': True}
2025-10-03 18:15:54,320 : INFO : EventManager : Event: ======'slide_last_game_score_slide_active'====== Args={'_from_bcp': True}
2025-10-03 18:15:57,290 : INFO : EventManager : Event: ======'slide_awesome_slide_removed'====== Args={'_from_bcp': True}
2025-10-03 18:15:57,297 : INFO : EventManager : Event: ======'slide_awesome_slide_created'====== Args={'_from_bcp': True}
2025-10-03 18:15:57,301 : INFO : EventManager : Event: ======'slide_awesome_slide_active'====== Args={'_from_bcp': True}
2025-10-03 18:16:00,292 : INFO : EventManager : Event: ======'slide_press_start_removed'====== Args={'_from_bcp': True}
2025-10-03 18:16:00,297 : INFO : EventManager : Event: ======'slide_press_start_created'====== Args={'_from_bcp': True}
2025-10-03 18:16:00,298 : INFO : EventManager : Event: ======'slide_press_start_active'====== Args={'_from_bcp': True}
2025-10-03 18:16:03,279 : INFO : EventManager : Event: ======'slide_mission_pinball_removed'====== Args={'_from_bcp': True}
2025-10-03 18:16:03,287 : INFO : EventManager : Event: ======'slide_mission_pinball_created'====== Args={'_from_bcp': True}
2025-10-03 18:16:03,289 : INFO : EventManager : Event: ======'slide_mission_pinball_active'====== Args={'_from_bcp': True}
2025-10-03 18:16:06,285 : INFO : EventManager : Event: ======'slide_last_game_score_slide_removed'====== Args={'_from_bcp': True}
2025-10-03 18:16:06,286 : INFO : EventManager : Event: ======'slide_last_game_score_slide_created'====== Args={'_from_bcp': True}
2025-10-03 18:16:06,287 : INFO : EventManager : Event: ======'slide_last_game_score_slide_active'====== Args={'_from_bcp': True}
2025-10-03 18:16:09,285 : INFO : EventManager : Event: ======'slide_awesome_slide_removed'====== Args={'_from_bcp': True}
2025-10-03 18:16:09,286 : INFO : EventManager : Event: ======'slide_awesome_slide_created'====== Args={'_from_bcp': True}
2025-10-03 18:16:09,287 : INFO : EventManager : Event: ======'slide_awesome_slide_active'====== Args={'_from_bcp': True}
2025-10-03 18:16:12,290 : INFO : EventManager : Event: ======'slide_press_start_removed'====== Args={'_from_bcp': True}
2025-10-03 18:16:12,292 : INFO : EventManager : Event: ======'slide_press_start_created'====== Args={'_from_bcp': True}
2025-10-03 18:16:12,294 : INFO : EventManager : Event: ======'slide_press_start_active'====== Args={'_from_bcp': True}
2025-10-03 18:16:13,752 : INFO : SwitchController : <<<<<<< 's_center_rollover' active >>>>>>>
2025-10-03 18:16:13,753 : INFO : EventManager : Event: ======'playfield_active'====== Args={}
2025-10-03 18:16:13,753 : INFO : EventManager : Event: ======'unexpected_ball_on_playfield'====== Args={}
2025-10-03 18:16:15,287 : INFO : EventManager : Event: ======'slide_mission_pinball_removed'====== Args={'_from_bcp': True}
2025-10-03 18:16:15,289 : INFO : EventManager : Event: ======'slide_mission_pinball_created'====== Args={'_from_bcp': True}
2025-10-03 18:16:15,290 : INFO : EventManager : Event: ======'slide_mission_pinball_active'====== Args={'_from_bcp': True}
2025-10-03 18:16:18,292 : INFO : EventManager : Event: ======'slide_last_game_score_slide_removed'====== Args={'_from_bcp': True}
2025-10-03 18:16:18,293 : INFO : EventManager : Event: ======'slide_last_game_score_slide_created'====== Args={'_from_bcp': True}
2025-10-03 18:16:18,295 : INFO : EventManager : Event: ======'slide_last_game_score_slide_active'====== Args={'_from_bcp': True}
2025-10-03 18:16:21,290 : INFO : EventManager : Event: ======'slide_awesome_slide_removed'====== Args={'_from_bcp': True}
2025-10-03 18:16:21,298 : INFO : EventManager : Event: ======'slide_awesome_slide_created'====== Args={'_from_bcp': True}
2025-10-03 18:16:21,301 : INFO : EventManager : Event: ======'slide_awesome_slide_active'====== Args={'_from_bcp': True}
2025-10-03 18:16:24,035 : INFO : SwitchController : <<<<<<< 's_start' active >>>>>>>
2025-10-03 18:16:24,151 : INFO : SwitchController : <<<<<<< 's_start' inactive >>>>>>>
2025-10-03 18:16:24,151 : INFO : EventManager : Event: ======'request_to_start_game'====== Args={}
2025-10-03 18:16:24,151 : INFO : EventManager : Event: ======'game_start'====== Args={'buttons': [], 'hold_time': 0.10900000001129229}
2025-10-03 18:16:24,151 : INFO : EventManager : Event: ======'mode_game_will_start'====== Args={'buttons': [], 'hold_time': 0.10900000001129229}
2025-10-03 18:16:24,152 : INFO : EventManager : Event: ======'mode_game_starting'====== Args={'buttons': [], 'hold_time': 0.10900000001129229}
2025-10-03 18:16:24,152 : INFO : EventManager : Event: ======'mode_attract_will_stop'====== Args={}
2025-10-03 18:16:24,152 : INFO : EventManager : Event: ======'mode_attract_stopping'====== Args={}
2025-10-03 18:16:24,152 : INFO : Mode.attract : Stopped.
2025-10-03 18:16:24,152 : INFO : EventManager : Event: ======'modes_active_modes_changed'====== Args={}
2025-10-03 18:16:24,152 : INFO : EventManager : Event: ======'mode_attract_stopped'====== Args={}
2025-10-03 18:16:24,153 : INFO : EventManager : Event: ======'clear'====== Args={'key': 'attract'}
2025-10-03 18:16:24,153 : INFO : Mode.game : Started. Priority: 20
2025-10-03 18:16:24,153 : INFO : EventManager : Event: ======'modes_active_modes_changed'====== Args={}
2025-10-03 18:16:24,153 : INFO : EventManager : Event: ======'mode_game_started'====== Args={'buttons': [], 'hold_time': 0.10900000001129229}
2025-10-03 18:16:24,160 : INFO : EventManager : Event: ======'game_will_start'====== Args={}
2025-10-03 18:16:24,161 : INFO : EventManager : Event: ======'game_starting'====== Args={'game': <Mode.game>}
2025-10-03 18:16:24,162 : INFO : EventManager : Unordered handler for class <Auditor> on event game_ended with priority 1. Handlers: [RegisteredHandler(callback=<bound method Auditor.disable of <Auditor>>, priority=1, kwargs={}, key=UUID('8627b87a-8be8-4b68-a099-ce415fd550a4'), condition=None, blocking_facility=None), RegisteredHandler(callback=<bound method Auditor._save_audits of <Auditor>>, priority=1, kwargs={}, key=UUID('7521127c-8d2e-4a08-a5e4-8adb83a633ac'), condition=None, blocking_facility=None)]. The order of those handlers is not defined and they will be executed in random order. This might lead to race conditions and potential bugs.
2025-10-03 18:16:24,162 : INFO : EventManager : Event: ======'player_add_request'====== Args={}
2025-10-03 18:16:24,162 : INFO : EventManager : Event: ======'player_will_add'====== Args={'number': 1}
2025-10-03 18:16:24,162 : INFO : EventManager : Event: ======'player_adding'====== Args={'player': <Player 1>, 'number': 1}
2025-10-03 18:16:24,162 : INFO : EventManager : Event: ======'player_added'====== Args={'player': <Player 1>, 'num': 1}
2025-10-03 18:16:24,163 : INFO : Mode.game : Player added successfully. Total players: 1
2025-10-03 18:16:24,163 : INFO : EventManager : Event: ======'player_index'====== Args={'value': 0, 'prev_value': 0, 'change': 0, 'player_num': 1}
2025-10-03 18:16:24,163 : INFO : EventManager : Event: ======'player_number'====== Args={'value': 1, 'prev_value': 1, 'change': 0, 'player_num': 1}
2025-10-03 18:16:24,163 : INFO : EventManager : Event: ======'player_score'====== Args={'value': 0, 'prev_value': 0, 'change': 0, 'player_num': 1}
2025-10-03 18:16:24,164 : INFO : EventManager : Event: ======'game_started'====== Args={}
2025-10-03 18:16:24,175 : INFO : EventManager : Event: ======'player_turn_will_start'====== Args={'player': <Player 1>, 'number': 1}
2025-10-03 18:16:24,179 : INFO : EventManager : Event: ======'slide_press_start_removed'====== Args={'_from_bcp': True}
2025-10-03 18:16:24,179 : INFO : EventManager : Event: ======'slide_mission_pinball_removed'====== Args={'_from_bcp': True}
2025-10-03 18:16:24,179 : INFO : EventManager : Event: ======'slide_last_game_score_slide_removed'====== Args={'_from_bcp': True}
2025-10-03 18:16:24,179 : INFO : EventManager : Event: ======'slide_awesome_slide_removed'====== Args={'_from_bcp': True}
2025-10-03 18:16:24,180 : INFO : EventManager : Event: ======'slide_window_blank_active'====== Args={'_from_bcp': True}
2025-10-03 18:16:24,180 : INFO : EventManager : Event: ======'player_turn_starting'====== Args={'player': <Player 1>, 'number': 1}
2025-10-03 18:16:24,180 : INFO : EventManager : Event: ======'player_ball'====== Args={'value': 1, 'prev_value': 0, 'change': 1, 'player_num': 1}
2025-10-03 18:16:24,181 : INFO : EventManager : Event: ======'player_turn_started'====== Args={'player': <Player 1>, 'number': 1}
2025-10-03 18:16:24,182 : INFO : EventManager : Event: ======'ball_will_start'====== Args={'player': 1, 'ball': 1, 'balls_remaining': 2, 'is_extra_ball': False}
2025-10-03 18:16:24,185 : INFO : EventManager : Event: ======'ball_starting'====== Args={'player': 1, 'ball': 1, 'balls_remaining': 2, 'is_extra_ball': False}
2025-10-03 18:16:24,185 : INFO : EventManager : Event: ======'balls_in_play'====== Args={'balls': 1}
2025-10-03 18:16:24,186 : INFO : EventManager : Event: ======'ball_started'====== Args={'player': 1, 'ball': 1, 'balls_remaining': 2, 'is_extra_ball': False}
2025-10-03 18:16:24,186 : INFO : EventManager : Event: ======'mode_base_will_start'====== Args={'player': 1, 'ball': 1, 'balls_remaining': 2, 'is_extra_ball': False}
2025-10-03 18:16:24,186 : INFO : EventManager : Event: ======'player_shot_my_first_shot_enabled'====== Args={'value': True, 'prev_value': 0, 'change': 1, 'player_num': 1}
2025-10-03 18:16:24,187 : INFO : EventManager : Event: ======'player_shot_center_rollover_shot_enabled'====== Args={'value': True, 'prev_value': 0, 'change': 1, 'player_num': 1}
2025-10-03 18:16:24,187 : INFO : EventManager : Event: ======'mode_base_starting'====== Args={'player': 1, 'ball': 1, 'balls_remaining': 2, 'is_extra_ball': False}
2025-10-03 18:16:24,188 : INFO : Mode.base : Started. Priority: 100
2025-10-03 18:16:24,188 : INFO : EventManager : Event: ======'modes_active_modes_changed'====== Args={}
2025-10-03 18:16:24,188 : INFO : EventManager : Event: ======'mode_base_started'====== Args={'player': 1, 'ball': 1, 'balls_remaining': 2, 'is_extra_ball': False}
2025-10-03 18:16:24,189 : INFO : EventManager : Event: ======'single_player_ball_started'====== Args={}
2025-10-03 18:16:24,225 : INFO : EventManager : Event: ======'ball_start_target'====== Args={'target': 'playfield'}
2025-10-03 18:16:24,226 : INFO : EventManager : Event: ======'slide_base.slide_player-mode_base_started_created'====== Args={'_from_bcp': True}
2025-10-03 18:16:24,226 : INFO : EventManager : Event: ======'slide_base.slide_player-mode_base_started_active'====== Args={'_from_bcp': True}
2025-10-03 18:16:24,226 : INFO : ball_device.bd_plunger : Setting up player-controlled eject. Balls: 1, Target: <playfield.playfield>, player_controlled_eject_event: None
2025-10-03 18:16:24,227 : INFO : EventManager : Event: ======'balldevice_balls_available'====== Args={}
2025-10-03 18:16:24,227 : INFO : ball_device.bd_trough : State: waiting_for_target_ready
2025-10-03 18:16:24,228 : INFO : EventManager : Event: ======'balldevice_bd_trough_ball_eject_attempt'====== Args={'balls': 1, 'target': <ball_device.bd_plunger>, 'source': <ball_device.bd_trough>, 'mechanical_eject': True, 'num_attempts': 0}
2025-10-03 18:16:24,228 : INFO : ball_device.bd_plunger : State: waiting_for_ball
2025-10-03 18:16:24,228 : INFO : ball_device.bd_trough : State: ejecting
2025-10-03 18:16:24,229 : INFO : ball_device.bd_trough : Ejecting ball to <ball_device.bd_plunger>
2025-10-03 18:16:24,229 : INFO : EventManager : Event: ======'balldevice_bd_trough_ejecting_ball'====== Args={'balls': 1, 'target': <ball_device.bd_plunger>, 'source': <ball_device.bd_trough>, 'mechanical_eject': True, 'num_attempts': 0}
2025-10-03 18:16:24,230 : INFO : ball_device.bd_trough : Wait for ball to leave device
2025-10-03 18:16:24,230 : INFO : coil.c_trough_eject : Pulsing Driver for 20ms (1.0 pulse_power)
2025-10-03 18:16:24,230 : INFO : SwitchController : <<<<<<< 's_trough1' inactive >>>>>>>
2025-10-03 18:16:24,234 : INFO : ball_device.bd_trough : State: ball_left
2025-10-03 18:16:24,234 : INFO : ball_device.bd_trough : Ball left
2025-10-03 18:16:24,234 : INFO : ball_device.bd_trough : Wait for confirm with timeout 3.0
2025-10-03 18:16:24,323 : INFO : SwitchController : <<<<<<< 's_plunger' active >>>>>>>
2025-10-03 18:16:24,323 : INFO : EventManager : Event: ======'machine_var_audits_switches_s_plunger'====== Args={'value': 75, 'prev_value': 74, 'change': 1}
2025-10-03 18:16:24,832 : INFO : ball_device.bd_plunger : Received ball from <ball_device.bd_trough>
2025-10-03 18:16:24,833 : INFO : EventManager : Event: ======'balldevice_bd_plunger_ball_enter'====== Args={'new_balls': 1, 'unclaimed_balls': 0, 'new_available_balls': 0, 'device': <ball_device.bd_plunger>}
2025-10-03 18:16:24,835 : INFO : EventManager : Event: ======'balldevice_bd_plunger_ball_entered'====== Args={'new_balls': 0, 'device': <ball_device.bd_plunger>}
2025-10-03 18:16:24,836 : INFO : EventManager : Event: ======'balldevice_bd_plunger_ball_count_changed'====== Args={'balls': 1}
2025-10-03 18:16:24,837 : INFO : ball_device.bd_trough : Got eject confirm
2025-10-03 18:16:24,837 : INFO : ball_device.bd_trough : Eject successful
2025-10-03 18:16:24,838 : INFO : EventManager : Event: ======'balldevice_bd_trough_ball_eject_success'====== Args={'balls': 1, 'target': <ball_device.bd_plunger>}
2025-10-03 18:16:24,839 : INFO : EventManager : Event: ======'balldevice_bd_trough_ball_count_changed'====== Args={'balls': 5}
2025-10-03 18:16:24,840 : INFO : ball_device.bd_trough : State: idle
2025-10-03 18:16:24,841 : INFO : ball_device.bd_plunger : State: waiting_for_target_ready
2025-10-03 18:16:24,842 : INFO : EventManager : Event: ======'balldevice_bd_plunger_ball_eject_attempt'====== Args={'balls': 1, 'target': <playfield.playfield>, 'source': <ball_device.bd_plunger>, 'mechanical_eject': True, 'num_attempts': 0}
2025-10-03 18:16:24,845 : INFO : ball_device.bd_plunger : State: ejecting
2025-10-03 18:16:24,846 : INFO : ball_device.bd_plunger : Ejecting ball to <playfield.playfield>
2025-10-03 18:16:24,846 : INFO : EventManager : Event: ======'balldevice_bd_plunger_ejecting_ball'====== Args={'balls': 1, 'target': <playfield.playfield>, 'source': <ball_device.bd_plunger>, 'mechanical_eject': True, 'num_attempts': 0}
2025-10-03 18:16:24,850 : INFO : ball_device.bd_plunger : Wait for ball to leave device
2025-10-03 18:16:26,652 : WARNING : SwitchController : Received duplicate switch state 1 for switch s_plunger from the platform interface. Log Code: Log-SwitchController-1 (https://missionpinball.org/logs)
2025-10-03 18:16:26,769 : INFO : SwitchController : <<<<<<< 's_plunger' inactive >>>>>>>
2025-10-03 18:16:26,791 : INFO : ball_device.bd_plunger : State: ball_left
2025-10-03 18:16:26,792 : INFO : ball_device.bd_plunger : Ball left
2025-10-03 18:16:26,792 : INFO : ball_device.bd_plunger : Wait for confirm with timeout 5.0
2025-10-03 18:16:28,944 : INFO : SwitchController : <<<<<<< 's_right_inlane' active >>>>>>>
2025-10-03 18:16:28,945 : INFO : EventManager : Event: ======'playfield_active'====== Args={}
2025-10-03 18:16:28,945 : INFO : EventManager : Event: ======'s_right_inlane_active'====== Args={}
2025-10-03 18:16:28,946 : INFO : EventManager : Event: ======'sw_playfield_active'====== Args={}
2025-10-03 18:16:28,946 : INFO : EventManager : Event: ======'machine_var_audits_switches_s_right_inlane'====== Args={'value': 100, 'prev_value': 99, 'change': 1}
2025-10-03 18:16:28,949 : INFO : EventManager : Event: ======'player_shot_my_first_shot'====== Args={'value': 1, 'prev_value': 0, 'change': 1, 'player_num': 1}
2025-10-03 18:16:28,950 : INFO : EventManager : Event: ======'machine_var_audits_shots_my_first_shot'====== Args={'value': 68, 'prev_value': 67, 'change': 1}
2025-10-03 18:16:28,951 : INFO : EventManager : Event: ======'my_first_shot_hit'====== Args={'profile': 'default', 'state': 'unlit', 'advancing': True}
2025-10-03 18:16:28,952 : INFO : EventManager : Event: ======'my_first_shot_default_hit'====== Args={'profile': 'default', 'state': 'unlit', 'advancing': True}
2025-10-03 18:16:28,952 : INFO : EventManager : Event: ======'my_first_shot_default_unlit_hit'====== Args={'profile': 'default', 'state': 'unlit', 'advancing': True}
2025-10-03 18:16:28,953 : INFO : EventManager : Event: ======'my_first_shot_unlit_hit'====== Args={'profile': 'default', 'state': 'unlit', 'advancing': True}
2025-10-03 18:16:28,953 : INFO : EventManager : Event: ======'player_score'====== Args={'value': 100, 'prev_value': 0, 'change': 100, 'player_num': 1, 'source': 'base'}
2025-10-03 18:16:28,954 : INFO : EventManager : Event: ======'player_score'====== Args={'value': 142, 'prev_value': 100, 'change': 42, 'player_num': 1, 'source': 'base'}
2025-10-03 18:16:28,956 : INFO : EventManager : Event: ======'playfield_active'====== Args={}
2025-10-03 18:16:28,978 : INFO : ball_device.bd_plunger : Got eject confirm
2025-10-03 18:16:28,978 : INFO : ball_device.bd_plunger : Eject successful
2025-10-03 18:16:28,978 : INFO : EventManager : Event: ======'balldevice_bd_plunger_ball_eject_success'====== Args={'balls': 1, 'target': <playfield.playfield>}
2025-10-03 18:16:28,979 : INFO : EventManager : Event: ======'balldevice_playfield_ball_enter'====== Args={'new_balls': 1, 'unclaimed_balls': 1, 'device': <playfield.playfield>}
2025-10-03 18:16:28,979 : INFO : EventManager : Event: ======'playfield_ball_count_change'====== Args={'balls': 1, 'change': 1}
2025-10-03 18:16:28,980 : INFO : EventManager : Event: ======'balldevice_bd_plunger_ball_count_changed'====== Args={'balls': 0}
2025-10-03 18:16:28,980 : INFO : ball_device.bd_plunger : State: idle
2025-10-03 18:16:29,023 : INFO : SwitchController : <<<<<<< 's_right_inlane' inactive >>>>>>>
2025-10-03 18:16:32,832 : INFO : SwitchController : <<<<<<< 's_trough1' active >>>>>>>
2025-10-03 18:16:32,833 : INFO : EventManager : Event: ======'machine_var_audits_switches_s_trough1'====== Args={'value': 55, 'prev_value': 54, 'change': 1}
2025-10-03 18:16:33,346 : INFO : EventManager : Event: ======'balldevice_bd_trough_ball_count_changed'====== Args={'balls': 6}
2025-10-03 18:16:33,347 : INFO : ball_device.bd_trough : Received unexpected ball
2025-10-03 18:16:33,347 : INFO : EventManager : Event: ======'balldevice_captured_from_playfield'====== Args={'balls': 1}
2025-10-03 18:16:33,347 : INFO : EventManager : Event: ======'sw_playfield_active'====== Args={'balls': 1}
2025-10-03 18:16:33,348 : INFO : EventManager : Event: ======'playfield_ball_count_change'====== Args={'balls': 0, 'change': -1}
2025-10-03 18:16:33,349 : INFO : EventManager : Event: ======'balldevice_bd_trough_ball_enter'====== Args={'new_balls': 1, 'unclaimed_balls': 1, 'new_available_balls': 1, 'device': <ball_device.bd_trough>}
2025-10-03 18:16:33,350 : INFO : EventManager : Event: ======'ball_drain'====== Args={'device': <ball_device.bd_trough>, 'balls': 1}
2025-10-03 18:16:33,351 : INFO : EventManager : Event: ======'ball_will_end'====== Args={}
2025-10-03 18:16:33,351 : INFO : EventManager : Event: ======'balldevice_balls_available'====== Args={}
2025-10-03 18:16:33,351 : INFO : EventManager : Event: ======'balldevice_bd_trough_ball_entered'====== Args={'new_balls': 1, 'device': <ball_device.bd_trough>}
2025-10-03 18:16:33,354 : INFO : EventManager : Event: ======'ball_ending'====== Args={}
2025-10-03 18:16:33,354 : INFO : EventManager : Event: ======'mode_base_will_stop'====== Args={}
2025-10-03 18:16:33,355 : INFO : EventManager : Event: ======'mode_base_stopping'====== Args={}
2025-10-03 18:16:33,356 : INFO : Mode.base : Stopped.
2025-10-03 18:16:33,356 : INFO : EventManager : Event: ======'modes_active_modes_changed'====== Args={}
2025-10-03 18:16:33,356 : INFO : EventManager : Event: ======'mode_base_stopped'====== Args={}
2025-10-03 18:16:33,356 : INFO : EventManager : Event: ======'clear'====== Args={'key': 'base'}
2025-10-03 18:16:33,413 : INFO : EventManager : Event: ======'ball_ended'====== Args={}
2025-10-03 18:16:33,413 : INFO : EventManager : Event: ======'slide_base.slide_player-mode_base_started_removed'====== Args={'_from_bcp': True}
2025-10-03 18:16:33,414 : INFO : EventManager : Event: ======'slide_window_blank_active'====== Args={'_from_bcp': True}
2025-10-03 18:16:33,415 : INFO : EventManager : Event: ======'player_turn_will_end'====== Args={'player': <Player 1>, 'number': 1}
2025-10-03 18:16:33,419 : INFO : EventManager : Event: ======'player_turn_ending'====== Args={'player': <Player 1>, 'number': 1}
2025-10-03 18:16:33,419 : INFO : EventManager : Event: ======'player_turn_ended'====== Args={'player': <Player 1>, 'number': 1}
2025-10-03 18:16:33,419 : INFO : EventManager : Event: ======'player_turn_will_start'====== Args={'player': <Player 1>, 'number': 1}
2025-10-03 18:16:33,420 : INFO : EventManager : Event: ======'player_turn_starting'====== Args={'player': <Player 1>, 'number': 1}
2025-10-03 18:16:33,421 : INFO : EventManager : Event: ======'player_ball'====== Args={'value': 2, 'prev_value': 1, 'change': 1, 'player_num': 1}
2025-10-03 18:16:33,421 : INFO : EventManager : Event: ======'player_turn_started'====== Args={'player': <Player 1>, 'number': 1}
2025-10-03 18:16:33,422 : INFO : EventManager : Event: ======'ball_will_start'====== Args={'player': 1, 'ball': 2, 'balls_remaining': 1, 'is_extra_ball': False}
2025-10-03 18:16:33,431 : INFO : EventManager : Event: ======'ball_starting'====== Args={'player': 1, 'ball': 2, 'balls_remaining': 1, 'is_extra_ball': False}
2025-10-03 18:16:33,432 : INFO : EventManager : Event: ======'balls_in_play'====== Args={'balls': 1}
2025-10-03 18:16:33,432 : INFO : EventManager : Event: ======'ball_started'====== Args={'player': 1, 'ball': 2, 'balls_remaining': 1, 'is_extra_ball': False}
2025-10-03 18:16:33,432 : INFO : EventManager : Event: ======'mode_base_will_start'====== Args={'player': 1, 'ball': 2, 'balls_remaining': 1, 'is_extra_ball': False}
2025-10-03 18:16:33,434 : INFO : EventManager : Event: ======'mode_base_starting'====== Args={'player': 1, 'ball': 2, 'balls_remaining': 1, 'is_extra_ball': False}
2025-10-03 18:16:33,434 : INFO : Mode.base : Started. Priority: 100
2025-10-03 18:16:33,435 : INFO : EventManager : Event: ======'modes_active_modes_changed'====== Args={}
2025-10-03 18:16:33,435 : INFO : EventManager : Event: ======'mode_base_started'====== Args={'player': 1, 'ball': 2, 'balls_remaining': 1, 'is_extra_ball': False}
2025-10-03 18:16:33,436 : INFO : EventManager : Event: ======'single_player_ball_started'====== Args={}
2025-10-03 18:16:33,473 : INFO : EventManager : Event: ======'ball_start_target'====== Args={'target': 'playfield'}
2025-10-03 18:16:33,473 : INFO : EventManager : Event: ======'slide_base.slide_player-mode_base_started_created'====== Args={'_from_bcp': True}
2025-10-03 18:16:33,474 : INFO : EventManager : Event: ======'slide_base.slide_player-mode_base_started_active'====== Args={'_from_bcp': True}
2025-10-03 18:16:33,474 : INFO : ball_device.bd_plunger : Setting up player-controlled eject. Balls: 1, Target: <playfield.playfield>, player_controlled_eject_event: None
2025-10-03 18:16:33,474 : INFO : EventManager : Event: ======'balldevice_balls_available'====== Args={}
2025-10-03 18:16:33,475 : INFO : ball_device.bd_trough : State: waiting_for_target_ready
2025-10-03 18:16:33,475 : INFO : EventManager : Event: ======'balldevice_bd_trough_ball_eject_attempt'====== Args={'balls': 1, 'target': <ball_device.bd_plunger>, 'source': <ball_device.bd_trough>, 'mechanical_eject': True, 'num_attempts': 0}
2025-10-03 18:16:33,476 : INFO : ball_device.bd_plunger : State: waiting_for_ball
2025-10-03 18:16:33,476 : INFO : ball_device.bd_trough : State: ejecting
2025-10-03 18:16:33,476 : INFO : ball_device.bd_trough : Ejecting ball to <ball_device.bd_plunger>
2025-10-03 18:16:33,477 : INFO : EventManager : Event: ======'balldevice_bd_trough_ejecting_ball'====== Args={'balls': 1, 'target': <ball_device.bd_plunger>, 'source': <ball_device.bd_trough>, 'mechanical_eject': True, 'num_attempts': 0}
2025-10-03 18:16:33,477 : INFO : ball_device.bd_trough : Wait for ball to leave device
2025-10-03 18:16:33,477 : INFO : coil.c_trough_eject : Pulsing Driver for 20ms (1.0 pulse_power)
2025-10-03 18:16:33,478 : INFO : SwitchController : <<<<<<< 's_trough1' inactive >>>>>>>
2025-10-03 18:16:33,482 : INFO : ball_device.bd_trough : State: ball_left
2025-10-03 18:16:33,482 : INFO : ball_device.bd_trough : Ball left
2025-10-03 18:16:33,482 : INFO : ball_device.bd_trough : Wait for confirm with timeout 3.0
2025-10-03 18:16:33,569 : INFO : SwitchController : <<<<<<< 's_plunger' active >>>>>>>
2025-10-03 18:16:33,569 : INFO : EventManager : Event: ======'machine_var_audits_switches_s_plunger'====== Args={'value': 76, 'prev_value': 75, 'change': 1}
2025-10-03 18:16:34,081 : INFO : ball_device.bd_plunger : Received ball from <ball_device.bd_trough>
2025-10-03 18:16:34,081 : INFO : EventManager : Event: ======'balldevice_bd_plunger_ball_enter'====== Args={'new_balls': 1, 'unclaimed_balls': 0, 'new_available_balls': 0, 'device': <ball_device.bd_plunger>}
2025-10-03 18:16:34,082 : INFO : EventManager : Event: ======'balldevice_bd_plunger_ball_entered'====== Args={'new_balls': 0, 'device': <ball_device.bd_plunger>}
2025-10-03 18:16:34,082 : INFO : EventManager : Event: ======'balldevice_bd_plunger_ball_count_changed'====== Args={'balls': 1}
2025-10-03 18:16:34,082 : INFO : ball_device.bd_trough : Got eject confirm
2025-10-03 18:16:34,082 : INFO : ball_device.bd_trough : Eject successful
2025-10-03 18:16:34,082 : INFO : EventManager : Event: ======'balldevice_bd_trough_ball_eject_success'====== Args={'balls': 1, 'target': <ball_device.bd_plunger>}
2025-10-03 18:16:34,083 : INFO : EventManager : Event: ======'balldevice_bd_trough_ball_count_changed'====== Args={'balls': 5}
2025-10-03 18:16:34,083 : INFO : ball_device.bd_trough : State: idle
2025-10-03 18:16:34,083 : INFO : ball_device.bd_plunger : State: waiting_for_target_ready
2025-10-03 18:16:34,083 : INFO : EventManager : Event: ======'balldevice_bd_plunger_ball_eject_attempt'====== Args={'balls': 1, 'target': <playfield.playfield>, 'source': <ball_device.bd_plunger>, 'mechanical_eject': True, 'num_attempts': 0}
2025-10-03 18:16:34,084 : INFO : ball_device.bd_plunger : State: ejecting
2025-10-03 18:16:34,084 : INFO : ball_device.bd_plunger : Ejecting ball to <playfield.playfield>
2025-10-03 18:16:34,084 : INFO : EventManager : Event: ======'balldevice_bd_plunger_ejecting_ball'====== Args={'balls': 1, 'target': <playfield.playfield>, 'source': <ball_device.bd_plunger>, 'mechanical_eject': True, 'num_attempts': 0}
2025-10-03 18:16:34,085 : INFO : ball_device.bd_plunger : Wait for ball to leave device
2025-10-03 18:16:37,271 : INFO : Machine : Shutting down...
2025-10-03 18:16:37,271 : INFO : EventManager : Event: ======'shutdown'====== Args={}
2025-10-03 18:16:37,288 : INFO : EventManager : Event: ======'mode_game_will_stop'====== Args={}
2025-10-03 18:16:37,288 : INFO : EventManager : Event: ======'mode_game_stopping'====== Args={}
2025-10-03 18:16:37,289 : INFO : EventManager : Event: ======'mode_base_will_stop'====== Args={}
2025-10-03 18:16:37,290 : INFO : EventManager : Event: ======'mode_base_stopping'====== Args={}
2025-10-03 18:16:37,290 : INFO : Mode.base : Stopped.
2025-10-03 18:16:37,290 : INFO : EventManager : Event: ======'modes_active_modes_changed'====== Args={}
2025-10-03 18:16:37,290 : INFO : EventManager : Event: ======'mode_base_stopped'====== Args={}
2025-10-03 18:16:37,291 : INFO : EventManager : Event: ======'clear'====== Args={'key': 'base'}
2025-10-03 18:16:37,292 : INFO : Mode.game : Stopped.
2025-10-03 18:16:37,292 : INFO : EventManager : Event: ======'modes_active_modes_changed'====== Args={}
2025-10-03 18:16:37,292 : INFO : EventManager : Event: ======'mode_game_stopped'====== Args={}
2025-10-03 18:16:37,293 : INFO : EventManager : Event: ======'clear'====== Args={'key': 'game'}
2025-10-03 18:16:37,297 : INFO : root : MPF run loop ended.
