2025-10-20 10:34:48,394 : INFO : root : Loading config.
2025-10-20 10:34:48,468 : INFO : ConfigProcessor : Config spec file cache created: C:\Users\richa\AppData\Local\Temp\config_spec.mpf_cache
2025-10-20 10:34:48,468 : INFO : YamlMultifileConfigLoader : Machine config file #1: config.yaml
2025-10-20 10:34:48,468 : INFO : ConfigProcessor : Loading config from file C:\Users\richa\mpf\lib\site-packages\mpf\mpfconfig.yaml.
2025-10-20 10:34:48,487 : INFO : ConfigProcessor : Loading config: C:\Users\richa\mpf\lib\site-packages\mpf\mpfconfig.yaml
2025-10-20 10:34:48,487 : INFO : ConfigProcessor : Loading config from file C:\Users\richa\ttp7\config\config.yaml.
2025-10-20 10:34:48,491 : INFO : ConfigProcessor : Loading config: C:\Users\richa\ttp7\config\config.yaml
2025-10-20 10:34:48,492 : INFO : ConfigProcessor : Loading config: C:\Users\richa\ttp7\config\config_sounds.yaml
2025-10-20 10:34:48,494 : INFO : ConfigProcessor : Loading config: C:\Users\richa\ttp7\config\config_ball_devices.yaml
2025-10-20 10:34:48,496 : INFO : ConfigProcessor : Loading config: C:\Users\richa\ttp7\config\config_coils.yaml
2025-10-20 10:34:48,497 : INFO : ConfigProcessor : Loading config: C:\Users\richa\ttp7\config\config_flippers.yaml
2025-10-20 10:34:48,501 : INFO : ConfigProcessor : Loading config: C:\Users\richa\ttp7\config\config_switches.yaml
2025-10-20 10:34:48,505 : INFO : ConfigProcessor : Loading config: C:\Users\richa\ttp7\config\config_lights.yaml
2025-10-20 10:34:48,508 : INFO : ConfigProcessor : Loading config: C:\Users\richa\ttp7\config\config_credits.yaml
2025-10-20 10:34:48,510 : INFO : ConfigProcessor : Loading config: C:\Users\richa\ttp7\config\config_droptargets.yaml
2025-10-20 10:34:48,513 : INFO : ConfigProcessor : Config file cache created: C:\Users\richa\AppData\Local\Temp\c4a2383586ef2b3523df413f6a08fb52.mpf_cache
2025-10-20 10:34:48,591 : INFO : ConfigProcessor : Loading config from file C:\Users\richa\mpf\lib\site-packages\mpf\modes\attract\config\attract.yaml.
2025-10-20 10:34:48,600 : INFO : ConfigProcessor : Loading config: C:\Users\richa\mpf\lib\site-packages\mpf\modes\attract\config\attract.yaml
2025-10-20 10:34:48,601 : INFO : ConfigProcessor : Loading config from file C:\Users\richa\ttp7\modes\attract\config\attract.yaml.
2025-10-20 10:34:48,608 : INFO : ConfigProcessor : Loading config: C:\Users\richa\ttp7\modes\attract\config\attract.yaml
2025-10-20 10:34:48,609 : INFO : ConfigProcessor : Config file cache created: C:\Users\richa\AppData\Local\Temp\f5397ba4c3c0372f605c624030669a06.mpf_cache
2025-10-20 10:34:48,610 : INFO : ConfigProcessor : Loading config from file C:\Users\richa\mpf\lib\site-packages\mpf\modes\game\config\game.yaml.
2025-10-20 10:34:48,617 : INFO : ConfigProcessor : Loading config: C:\Users\richa\mpf\lib\site-packages\mpf\modes\game\config\game.yaml
2025-10-20 10:34:48,618 : INFO : ConfigProcessor : Config file cache created: C:\Users\richa\AppData\Local\Temp\98fbafb256a6dada3e9d601ae7ff6be1.mpf_cache
2025-10-20 10:34:48,618 : INFO : ConfigProcessor : Loading config from cache: C:\Users\richa\AppData\Local\Temp\67a19b095f918111543419ac0271bfb1.mpf_cache
2025-10-20 10:34:48,620 : INFO : ConfigProcessor : Loading config from cache: C:\Users\richa\AppData\Local\Temp\be387b0e8ed00556ec738d83cd6947d1.mpf_cache
2025-10-20 10:34:48,620 : INFO : ConfigProcessor : Loading config from cache: C:\Users\richa\AppData\Local\Temp\5a8efabd9666d8c71fa755fc28a9bf1e.mpf_cache
2025-10-20 10:34:48,621 : INFO : ConfigProcessor : Loading config from cache: C:\Users\richa\AppData\Local\Temp\fb58745e58584e219ff53db445e8e9f2.mpf_cache
2025-10-20 10:34:48,622 : INFO : ConfigProcessor : Loading config from cache: C:\Users\richa\AppData\Local\Temp\3a5badf48d988f9fc0f9b093a934917d.mpf_cache
2025-10-20 10:34:48,623 : INFO : ConfigProcessor : Loading config from cache: C:\Users\richa\AppData\Local\Temp\9e788d9ac28f3464b985b20edf80a10e.mpf_cache
2025-10-20 10:34:48,624 : INFO : ConfigProcessor : Loading config from file C:\Users\richa\mpf\lib\site-packages\mpf\modes\credits\config\credits.yaml.
2025-10-20 10:34:48,634 : INFO : ConfigProcessor : Loading config: C:\Users\richa\mpf\lib\site-packages\mpf\modes\credits\config\credits.yaml
2025-10-20 10:34:48,634 : INFO : ConfigProcessor : Loading config from file C:\Users\richa\ttp7\modes\credits\config\credits.yaml.
2025-10-20 10:34:48,645 : INFO : ConfigProcessor : Loading config: C:\Users\richa\ttp7\modes\credits\config\credits.yaml
2025-10-20 10:34:48,646 : INFO : ConfigProcessor : Config file cache created: C:\Users\richa\AppData\Local\Temp\60c2969a1b5e57fef481254981bf147a.mpf_cache
2025-10-20 10:34:48,647 : INFO : ConfigProcessor : Loading config from file C:\Users\richa\mpf\lib\site-packages\mpf\modes\service\config\service.yaml.
2025-10-20 10:34:48,655 : INFO : ConfigProcessor : Loading config: C:\Users\richa\mpf\lib\site-packages\mpf\modes\service\config\service.yaml
2025-10-20 10:34:48,656 : INFO : ConfigProcessor : Loading config from file C:\Users\richa\ttp7\modes\service\config\service.yaml.
2025-10-20 10:34:48,664 : INFO : ConfigProcessor : Loading config: C:\Users\richa\ttp7\modes\service\config\service.yaml
2025-10-20 10:34:48,665 : INFO : ConfigProcessor : Config file cache created: C:\Users\richa\AppData\Local\Temp\f48d32f59d5d4bd11c8ad1ebbe8eeb15.mpf_cache
2025-10-20 10:34:48,666 : INFO : ConfigProcessor : Loading config from cache: C:\Users\richa\AppData\Local\Temp\b710dc01437f1dfd05f3b5275f67493b.mpf_cache
2025-10-20 10:34:48,667 : INFO : ConfigProcessor : Loading config from cache: C:\Users\richa\AppData\Local\Temp\0a23590f4081187a3ecee75c7657616e.mpf_cache
2025-10-20 10:34:48,668 : INFO : ConfigProcessor : Loading config from cache: C:\Users\richa\AppData\Local\Temp\374a5edaf0766cb9005f368df852c09d.mpf_cache
2025-10-20 10:34:48,668 : INFO : ConfigProcessor : Loading config from cache: C:\Users\richa\AppData\Local\Temp\b50d1c72289d6f8f00cba34766fbb2e5.mpf_cache
2025-10-20 10:34:48,669 : INFO : ConfigProcessor : Loading config from cache: C:\Users\richa\AppData\Local\Temp\bfc680b70531e398658191c2a179bce0.mpf_cache
2025-10-20 10:34:48,670 : INFO : ConfigProcessor : Loading config from cache: C:\Users\richa\AppData\Local\Temp\069a726c379c7a3dc006889318eb30f2.mpf_cache
2025-10-20 10:34:48,671 : INFO : ConfigProcessor : Loading config from cache: C:\Users\richa\AppData\Local\Temp\6159dd3e8b071f5aa615e717784124e9.mpf_cache
2025-10-20 10:34:48,672 : INFO : ConfigProcessor : Loading config from cache: C:\Users\richa\AppData\Local\Temp\e382c4765158d2be92c1673fc03a4ad6.mpf_cache
2025-10-20 10:34:48,673 : INFO : ConfigProcessor : Loading config from cache: C:\Users\richa\AppData\Local\Temp\868b3b6361e3aaa0a56bd50d9388247e.mpf_cache
2025-10-20 10:34:48,673 : INFO : Machine : Mission Pinball Framework Core Engine v0.57.0.dev39
2025-10-20 10:34:48,673 : INFO : Machine : Command line arguments: {'no_load_cache': False, 'create_config_cache': True, 'bcp': True, 'configfile': ['config.yaml'], 'force_assets_load': False, 'jsonlogging': False, 'logfile': 'logs\\2025-10-20-10-34-48-mpf-DESKTOP-RK7BE5M.log', 'pause': False, 'production': False, 'text_ui': True, 'loglevel': 15, 'consoleloglevel': 20, 'force_platform': None, 'syslog_address': None, 'mc_file_name': None, 'no_sound': False}
2025-10-20 10:34:48,674 : INFO : Machine : MPF path: C:\Users\richa\mpf\lib\site-packages\mpf
2025-10-20 10:34:48,674 : INFO : Machine : Machine path: C:\Users\richa\ttp7
2025-10-20 10:34:48,674 : INFO : Machine : Platform: win32
2025-10-20 10:34:48,674 : INFO : Machine : Python executable location: C:\Users\richa\mpf\Scripts\python.exe
2025-10-20 10:34:48,674 : INFO : Machine : Python version: 3.9.13 (64-bit)
2025-10-20 10:34:48,675 : INFO : Machine : Initializing MPF...
2025-10-20 10:34:49,112 : INFO : EventManager : Event: ======'machine_var_credits_string'====== Args={'value': 'FREE PLAY', 'prev_value': None, 'change': True}
2025-10-20 10:34:49,176 : INFO : EventManager : Event: ======'machine_var_credit_units'====== Args={'value': 1, 'prev_value': None, 'change': True}
2025-10-20 10:34:49,176 : INFO : EventManager : Event: ======'machine_var_free_play'====== Args={'value': False, 'prev_value': None, 'change': True}
2025-10-20 10:34:49,176 : INFO : EventManager : Event: ======'machine_var_master_volume'====== Args={'value': 0.7, 'prev_value': None, 'change': True}
2025-10-20 10:34:49,176 : INFO : EventManager : Event: ======'machine_var_player1_score'====== Args={'value': 0, 'prev_value': None, 'change': True}
2025-10-20 10:34:49,176 : INFO : EventManager : Event: ======'machine_var_mpf_version'====== Args={'value': 'Mission Pinball Framework v0.57.0.dev39', 'prev_value': None, 'change': True}
2025-10-20 10:34:49,176 : INFO : EventManager : Event: ======'machine_var_mpf_extended_version'====== Args={'value': 'Mission Pinball Framework v0.57.0.dev39, Config version:6, Show version: 6, BCP version:1.1', 'prev_value': None, 'change': True}
2025-10-20 10:34:49,177 : INFO : EventManager : Event: ======'machine_var_python_version'====== Args={'value': '3.9.13', 'prev_value': None, 'change': True}
2025-10-20 10:34:49,187 : INFO : EventManager : Event: ======'machine_var_platform'====== Args={'value': 'Windows-10-10.0.19045-SP0', 'prev_value': None, 'change': True}
2025-10-20 10:34:49,187 : INFO : EventManager : Event: ======'machine_var_platform_system'====== Args={'value': 'Windows', 'prev_value': None, 'change': True}
2025-10-20 10:34:49,187 : INFO : EventManager : Event: ======'machine_var_platform_release'====== Args={'value': '10', 'prev_value': None, 'change': True}
2025-10-20 10:34:49,187 : INFO : EventManager : Event: ======'machine_var_platform_version'====== Args={'value': '10.0.19045', 'prev_value': None, 'change': True}
2025-10-20 10:34:49,187 : INFO : EventManager : Event: ======'machine_var_platform_machine'====== Args={'value': 'AMD64', 'prev_value': None, 'change': True}
2025-10-20 10:34:49,187 : INFO : EventManager : Event: ======'init_phase_1'====== Args={}
2025-10-20 10:34:49,238 : INFO : EventManager : Event: ======'drop_target_bank_TIME_up'====== Args={}
2025-10-20 10:34:49,239 : INFO : EventManager : Event: ======'drop_target_bank_CENTER_up'====== Args={}
2025-10-20 10:34:49,239 : INFO : EventManager : Event: ======'drop_target_bank_TRAVEL_up'====== Args={}
2025-10-20 10:34:49,239 : INFO : EventManager : Event: ======'init_phase_2'====== Args={}
2025-10-20 10:34:49,240 : INFO : SwitchController : Found active switch: ('2', <Platform.SmartVirtual>) <switch.s_trough1>
2025-10-20 10:34:49,240 : INFO : SwitchController : Found active switch: ('3', <Platform.SmartVirtual>) <switch.s_trough2>
2025-10-20 10:34:49,240 : INFO : SwitchController : Found active switch: ('4', <Platform.SmartVirtual>) <switch.s_trough3>
2025-10-20 10:34:49,240 : INFO : SwitchController : Found active switch: ('5', <Platform.SmartVirtual>) <switch.s_trough4>
2025-10-20 10:34:49,240 : INFO : SwitchController : Found active switch: ('6', <Platform.SmartVirtual>) <switch.s_trough5>
2025-10-20 10:34:49,240 : INFO : SwitchController : Found active switch: ('7', <Platform.SmartVirtual>) <switch.s_trough6>
2025-10-20 10:34:49,258 : INFO : EventManager : Event: ======'bcp_connection_attempt'====== Args={'name': 'local_display', 'host': 'localhost', 'port': 5050}
2025-10-20 10:34:49,259 : INFO : BCPClientSocket : Connecting BCP to 'local_display' at localhost:5050...
2025-10-20 10:35:03,605 : INFO : BCPClientSocket : Connected BCP to 'local_display' localhost:5050
2025-10-20 10:35:03,605 : INFO : EventManager : Event: ======'bcp_clients_connected'====== Args={}
2025-10-20 10:35:03,914 : INFO : ball_device.bd_trough : BCH: Initial count: 6
2025-10-20 10:35:03,914 : INFO : EventManager : Event: ======'machine_var_mc_version'====== Args={'value': 'MPF-MC v0.57.0.dev10', 'prev_value': None, 'change': True}
2025-10-20 10:35:03,915 : INFO : EventManager : Event: ======'machine_var_mc_extended_version'====== Args={'value': 'MPF-MC v0.57.0.dev10 (config_version=6, BCP v1.1,                      Requires MPF API compatibility v0.57.0.dev19 or newer)', 'prev_value': None, 'change': True}
2025-10-20 10:35:04,024 : INFO : ball_device.bd_trough : State: idle
2025-10-20 10:35:04,024 : INFO : ball_device.bd_plunger : BCH: Initial count: 0
2025-10-20 10:35:04,025 : INFO : ball_device.bd_plunger : State: idle
2025-10-20 10:35:04,025 : INFO : ball_device.bd_left_scoop : BCH: Initial count: 0
2025-10-20 10:35:04,025 : INFO : ball_device.bd_left_scoop : State: idle
2025-10-20 10:35:04,025 : INFO : ball_device.bd_center_scoop : BCH: Initial count: 0
2025-10-20 10:35:04,026 : INFO : ball_device.bd_center_scoop : State: idle
2025-10-20 10:35:04,026 : INFO : ball_device.bd_right_scoop : BCH: Initial count: 0
2025-10-20 10:35:04,026 : INFO : ball_device.bd_right_scoop : State: idle
2025-10-20 10:35:04,050 : INFO : EventManager : Event: ======'init_phase_3'====== Args={}
2025-10-20 10:35:04,121 : INFO : EventManager : Event: ======'init_phase_4'====== Args={}
2025-10-20 10:35:04,122 : INFO : BallController : Initial balls found: 6
2025-10-20 10:35:04,123 : INFO : EventManager : Event: ======'machine_var_audits_events_game_ended'====== Args={'value': 70, 'prev_value': None, 'change': True}
2025-10-20 10:35:04,123 : INFO : EventManager : Event: ======'machine_var_audits_events_game_started'====== Args={'value': 362, 'prev_value': None, 'change': True}
2025-10-20 10:35:04,124 : INFO : EventManager : Event: ======'machine_var_audits_missing_switches_s_A'====== Args={'value': 67, 'prev_value': None, 'change': True}
2025-10-20 10:35:04,124 : INFO : EventManager : Event: ======'machine_var_audits_missing_switches_s_E'====== Args={'value': 1, 'prev_value': None, 'change': True}
2025-10-20 10:35:04,124 : INFO : EventManager : Event: ======'machine_var_audits_missing_switches_s_Eb'====== Args={'value': 67, 'prev_value': None, 'change': True}
2025-10-20 10:35:04,124 : INFO : EventManager : Event: ======'machine_var_audits_missing_switches_s_I'====== Args={'value': 1, 'prev_value': None, 'change': True}
2025-10-20 10:35:04,125 : INFO : EventManager : Event: ======'machine_var_audits_missing_switches_s_L'====== Args={'value': 67, 'prev_value': None, 'change': True}
2025-10-20 10:35:04,125 : INFO : EventManager : Event: ======'machine_var_audits_missing_switches_s_M'====== Args={'value': 1, 'prev_value': None, 'change': True}
2025-10-20 10:35:04,125 : INFO : EventManager : Event: ======'machine_var_audits_missing_switches_s_R'====== Args={'value': 67, 'prev_value': None, 'change': True}
2025-10-20 10:35:04,125 : INFO : EventManager : Event: ======'machine_var_audits_missing_switches_s_T'====== Args={'value': 1, 'prev_value': None, 'change': True}
2025-10-20 10:35:04,126 : INFO : EventManager : Event: ======'machine_var_audits_missing_switches_s_Tb'====== Args={'value': 67, 'prev_value': None, 'change': True}
2025-10-20 10:35:04,126 : INFO : EventManager : Event: ======'machine_var_audits_missing_switches_s_V'====== Args={'value': 67, 'prev_value': None, 'change': True}
2025-10-20 10:35:04,126 : INFO : EventManager : Event: ======'machine_var_audits_missing_switches_s_bumper1'====== Args={'value': 4, 'prev_value': None, 'change': True}
2025-10-20 10:35:04,126 : INFO : EventManager : Event: ======'machine_var_audits_missing_switches_s_bumper2'====== Args={'value': 8, 'prev_value': None, 'change': True}
2025-10-20 10:35:04,126 : INFO : EventManager : Event: ======'machine_var_audits_missing_switches_s_bumper_1'====== Args={'value': 28, 'prev_value': None, 'change': True}
2025-10-20 10:35:04,127 : INFO : EventManager : Event: ======'machine_var_audits_missing_switches_s_bumper_2'====== Args={'value': 28, 'prev_value': None, 'change': True}
2025-10-20 10:35:04,127 : INFO : EventManager : Event: ======'machine_var_audits_missing_switches_s_center_center_target'====== Args={'value': 17, 'prev_value': None, 'change': True}
2025-10-20 10:35:04,127 : INFO : EventManager : Event: ======'machine_var_audits_missing_switches_s_center_rollover'====== Args={'value': 1, 'prev_value': None, 'change': True}
2025-10-20 10:35:04,127 : INFO : EventManager : Event: ======'machine_var_audits_missing_switches_s_center_scoop'====== Args={'value': 28, 'prev_value': None, 'change': True}
2025-10-20 10:35:04,127 : INFO : EventManager : Event: ======'machine_var_audits_missing_switches_s_coin_left'====== Args={'value': 43, 'prev_value': None, 'change': True}
2025-10-20 10:35:04,128 : INFO : EventManager : Event: ======'machine_var_audits_missing_switches_s_door_open'====== Args={'value': 11, 'prev_value': None, 'change': True}
2025-10-20 10:35:04,128 : INFO : EventManager : Event: ======'machine_var_audits_missing_switches_s_launcher_lane_spinner'====== Args={'value': 28, 'prev_value': None, 'change': True}
2025-10-20 10:35:04,128 : INFO : EventManager : Event: ======'machine_var_audits_missing_switches_s_left_center_target'====== Args={'value': 17, 'prev_value': None, 'change': True}
2025-10-20 10:35:04,128 : INFO : EventManager : Event: ======'machine_var_audits_missing_switches_s_left_corridor_spinner'====== Args={'value': 1, 'prev_value': None, 'change': True}
2025-10-20 10:35:04,129 : INFO : EventManager : Event: ======'machine_var_audits_missing_switches_s_left_corridor_spinner2'====== Args={'value': 23, 'prev_value': None, 'change': True}
2025-10-20 10:35:04,129 : INFO : EventManager : Event: ======'machine_var_audits_missing_switches_s_left_flipper'====== Args={'value': 35, 'prev_value': None, 'change': True}
2025-10-20 10:35:04,129 : INFO : EventManager : Event: ======'machine_var_audits_missing_switches_s_left_inlane'====== Args={'value': 28, 'prev_value': None, 'change': True}
2025-10-20 10:35:04,129 : INFO : EventManager : Event: ======'machine_var_audits_missing_switches_s_left_outlane'====== Args={'value': 28, 'prev_value': None, 'change': True}
2025-10-20 10:35:04,129 : INFO : EventManager : Event: ======'machine_var_audits_missing_switches_s_left_rollover'====== Args={'value': 1, 'prev_value': None, 'change': True}
2025-10-20 10:35:04,130 : INFO : EventManager : Event: ======'machine_var_audits_missing_switches_s_left_scoop'====== Args={'value': 28, 'prev_value': None, 'change': True}
2025-10-20 10:35:04,130 : INFO : EventManager : Event: ======'machine_var_audits_missing_switches_s_left_standup'====== Args={'value': 28, 'prev_value': None, 'change': True}
2025-10-20 10:35:04,130 : INFO : EventManager : Event: ======'machine_var_audits_missing_switches_s_right_center_target'====== Args={'value': 17, 'prev_value': None, 'change': True}
2025-10-20 10:35:04,130 : INFO : EventManager : Event: ======'machine_var_audits_missing_switches_s_right_corridor_spinner'====== Args={'value': 23, 'prev_value': None, 'change': True}
2025-10-20 10:35:04,130 : INFO : EventManager : Event: ======'machine_var_audits_missing_switches_s_right_flipper'====== Args={'value': 46, 'prev_value': None, 'change': True}
2025-10-20 10:35:04,131 : INFO : EventManager : Event: ======'machine_var_audits_missing_switches_s_right_outlane'====== Args={'value': 28, 'prev_value': None, 'change': True}
2025-10-20 10:35:04,131 : INFO : EventManager : Event: ======'machine_var_audits_missing_switches_s_right_rollover'====== Args={'value': 1, 'prev_value': None, 'change': True}
2025-10-20 10:35:04,131 : INFO : EventManager : Event: ======'machine_var_audits_missing_switches_s_right_scoop'====== Args={'value': 17, 'prev_value': None, 'change': True}
2025-10-20 10:35:04,131 : INFO : EventManager : Event: ======'machine_var_audits_missing_switches_s_right_standup'====== Args={'value': 1, 'prev_value': None, 'change': True}
2025-10-20 10:35:04,131 : INFO : EventManager : Event: ======'machine_var_audits_missing_switches_s_service_coin'====== Args={'value': 43, 'prev_value': None, 'change': True}
2025-10-20 10:35:04,131 : INFO : EventManager : Event: ======'machine_var_audits_missing_switches_s_service_down'====== Args={'value': 12, 'prev_value': None, 'change': True}
2025-10-20 10:35:04,132 : INFO : EventManager : Event: ======'machine_var_audits_missing_switches_s_service_enter'====== Args={'value': 11, 'prev_value': None, 'change': True}
2025-10-20 10:35:04,132 : INFO : EventManager : Event: ======'machine_var_audits_missing_switches_s_service_esc'====== Args={'value': 12, 'prev_value': None, 'change': True}
2025-10-20 10:35:04,132 : INFO : EventManager : Event: ======'machine_var_audits_missing_switches_s_service_up'====== Args={'value': 12, 'prev_value': None, 'change': True}
2025-10-20 10:35:04,132 : INFO : EventManager : Event: ======'machine_var_audits_missing_switches_s_sling_left'====== Args={'value': 315, 'prev_value': None, 'change': True}
2025-10-20 10:35:04,132 : INFO : EventManager : Event: ======'machine_var_audits_missing_switches_s_sling_right'====== Args={'value': 211, 'prev_value': None, 'change': True}
2025-10-20 10:35:04,133 : INFO : EventManager : Event: ======'machine_var_audits_missing_switches_s_standup_1'====== Args={'value': 1, 'prev_value': None, 'change': True}
2025-10-20 10:35:04,133 : INFO : EventManager : Event: ======'machine_var_audits_missing_switches_s_standup_2'====== Args={'value': 1, 'prev_value': None, 'change': True}
2025-10-20 10:35:04,133 : INFO : EventManager : Event: ======'machine_var_audits_missing_switches_s_standup_3'====== Args={'value': 1, 'prev_value': None, 'change': True}
2025-10-20 10:35:04,133 : INFO : EventManager : Event: ======'machine_var_audits_missing_switches_s_standup_4'====== Args={'value': 1, 'prev_value': None, 'change': True}
2025-10-20 10:35:04,133 : INFO : EventManager : Event: ======'machine_var_audits_missing_switches_s_standup_5'====== Args={'value': 1, 'prev_value': None, 'change': True}
2025-10-20 10:35:04,134 : INFO : EventManager : Event: ======'machine_var_audits_missing_switches_s_standup_6'====== Args={'value': 1, 'prev_value': None, 'change': True}
2025-10-20 10:35:04,134 : INFO : EventManager : Event: ======'machine_var_audits_missing_switches_s_start'====== Args={'value': 10, 'prev_value': None, 'change': True}
2025-10-20 10:35:04,134 : INFO : EventManager : Event: ======'machine_var_audits_missing_switches_s_top_left_standup'====== Args={'value': 28, 'prev_value': None, 'change': True}
2025-10-20 10:35:04,134 : INFO : EventManager : Event: ======'machine_var_audits_missing_switches_s_top_left_standup2'====== Args={'value': 28, 'prev_value': None, 'change': True}
2025-10-20 10:35:04,134 : INFO : EventManager : Event: ======'machine_var_audits_missing_switches_s_trough2'====== Args={'value': 47, 'prev_value': None, 'change': True}
2025-10-20 10:35:04,135 : INFO : EventManager : Event: ======'machine_var_audits_missing_switches_s_trough3'====== Args={'value': 362, 'prev_value': None, 'change': True}
2025-10-20 10:35:04,135 : INFO : EventManager : Event: ======'machine_var_audits_missing_switches_s_trough4'====== Args={'value': 362, 'prev_value': None, 'change': True}
2025-10-20 10:35:04,135 : INFO : EventManager : Event: ======'machine_var_audits_missing_switches_s_trough5'====== Args={'value': 362, 'prev_value': None, 'change': True}
2025-10-20 10:35:04,136 : INFO : EventManager : Event: ======'machine_var_audits_missing_switches_s_trough6'====== Args={'value': 362, 'prev_value': None, 'change': True}
2025-10-20 10:35:04,136 : INFO : EventManager : Event: ======'machine_var_audits_missing_switches_s_trough_jam'====== Args={'value': 46, 'prev_value': None, 'change': True}
2025-10-20 10:35:04,136 : INFO : EventManager : Event: ======'machine_var_audits_player_score'====== Args={'value': {'average': 6495780, 'top': [75043600, 70538842, 47521800, 45002500, 43517500, 42224750, 41236342, 31835000, 17715450, 13531600], 'total': 74}, 'prev_value': None, 'change': True}
2025-10-20 10:35:04,137 : INFO : EventManager : Event: ======'machine_var_audits_shots_A'====== Args={'value': 50, 'prev_value': None, 'change': True}
2025-10-20 10:35:04,137 : INFO : EventManager : Event: ======'machine_var_audits_shots_E'====== Args={'value': 209, 'prev_value': None, 'change': True}
2025-10-20 10:35:04,137 : INFO : EventManager : Event: ======'machine_var_audits_shots_Eb'====== Args={'value': 42, 'prev_value': None, 'change': True}
2025-10-20 10:35:04,138 : INFO : EventManager : Event: ======'machine_var_audits_shots_I'====== Args={'value': 202, 'prev_value': None, 'change': True}
2025-10-20 10:35:04,138 : INFO : EventManager : Event: ======'machine_var_audits_shots_L'====== Args={'value': 43, 'prev_value': None, 'change': True}
2025-10-20 10:35:04,138 : INFO : EventManager : Event: ======'machine_var_audits_shots_M'====== Args={'value': 204, 'prev_value': None, 'change': True}
2025-10-20 10:35:04,139 : INFO : EventManager : Event: ======'machine_var_audits_shots_R'====== Args={'value': 62, 'prev_value': None, 'change': True}
2025-10-20 10:35:04,139 : INFO : EventManager : Event: ======'machine_var_audits_shots_T'====== Args={'value': 204, 'prev_value': None, 'change': True}
2025-10-20 10:35:04,140 : INFO : EventManager : Event: ======'machine_var_audits_shots_Tb'====== Args={'value': 71, 'prev_value': None, 'change': True}
2025-10-20 10:35:04,140 : INFO : EventManager : Event: ======'machine_var_audits_shots_V'====== Args={'value': 43, 'prev_value': None, 'change': True}
2025-10-20 10:35:04,140 : INFO : EventManager : Event: ======'machine_var_audits_shots_bumper1_shot'====== Args={'value': 328, 'prev_value': None, 'change': True}
2025-10-20 10:35:04,141 : INFO : EventManager : Event: ======'machine_var_audits_shots_bumper2_shot'====== Args={'value': 853, 'prev_value': None, 'change': True}
2025-10-20 10:35:04,141 : INFO : EventManager : Event: ======'machine_var_audits_shots_center_center_droptarget'====== Args={'value': 21, 'prev_value': None, 'change': True}
2025-10-20 10:35:04,141 : INFO : EventManager : Event: ======'machine_var_audits_shots_center_rollover'====== Args={'value': 7, 'prev_value': None, 'change': True}
2025-10-20 10:35:04,142 : INFO : EventManager : Event: ======'machine_var_audits_shots_center_rollover_shot'====== Args={'value': 339, 'prev_value': None, 'change': True}
2025-10-20 10:35:04,142 : INFO : EventManager : Event: ======'machine_var_audits_shots_center_scoop_shot'====== Args={'value': 7, 'prev_value': None, 'change': True}
2025-10-20 10:35:04,142 : INFO : EventManager : Event: ======'machine_var_audits_shots_jets'====== Args={'value': 1122, 'prev_value': None, 'change': True}
2025-10-20 10:35:04,142 : INFO : EventManager : Event: ======'machine_var_audits_shots_left_center_droptarget'====== Args={'value': 21, 'prev_value': None, 'change': True}
2025-10-20 10:35:04,143 : INFO : EventManager : Event: ======'machine_var_audits_shots_left_corridor_spinner'====== Args={'value': 9, 'prev_value': None, 'change': True}
2025-10-20 10:35:04,143 : INFO : EventManager : Event: ======'machine_var_audits_shots_left_corridor_spinner2'====== Args={'value': 10, 'prev_value': None, 'change': True}
2025-10-20 10:35:04,144 : INFO : EventManager : Event: ======'machine_var_audits_shots_left_corridor_spinner_shot'====== Args={'value': 176, 'prev_value': None, 'change': True}
2025-10-20 10:35:04,144 : INFO : EventManager : Event: ======'machine_var_audits_shots_left_inlane_shot'====== Args={'value': 7, 'prev_value': None, 'change': True}
2025-10-20 10:35:04,145 : INFO : EventManager : Event: ======'machine_var_audits_shots_left_outlane_shot'====== Args={'value': 7, 'prev_value': None, 'change': True}
2025-10-20 10:35:04,145 : INFO : EventManager : Event: ======'machine_var_audits_shots_left_rollover'====== Args={'value': 36, 'prev_value': None, 'change': True}
2025-10-20 10:35:04,145 : INFO : EventManager : Event: ======'machine_var_audits_shots_left_rollover_shot'====== Args={'value': 277, 'prev_value': None, 'change': True}
2025-10-20 10:35:04,146 : INFO : EventManager : Event: ======'machine_var_audits_shots_left_scoop_shot'====== Args={'value': 39, 'prev_value': None, 'change': True}
2025-10-20 10:35:04,146 : INFO : EventManager : Event: ======'machine_var_audits_shots_left_standup_shot'====== Args={'value': 15, 'prev_value': None, 'change': True}
2025-10-20 10:35:04,146 : INFO : EventManager : Event: ======'machine_var_audits_shots_letf_inlane_shot'====== Args={'value': 6, 'prev_value': None, 'change': True}
2025-10-20 10:35:04,147 : INFO : EventManager : Event: ======'machine_var_audits_shots_letf_outlane_shot'====== Args={'value': 5, 'prev_value': None, 'change': True}
2025-10-20 10:35:04,147 : INFO : EventManager : Event: ======'machine_var_audits_shots_middle_inlane_shot'====== Args={'value': 20, 'prev_value': None, 'change': True}
2025-10-20 10:35:04,148 : INFO : EventManager : Event: ======'machine_var_audits_shots_my_first_shot'====== Args={'value': 95, 'prev_value': None, 'change': True}
2025-10-20 10:35:04,148 : INFO : EventManager : Event: ======'machine_var_audits_shots_right_center_droptarget'====== Args={'value': 22, 'prev_value': None, 'change': True}
2025-10-20 10:35:04,148 : INFO : EventManager : Event: ======'machine_var_audits_shots_right_corridor_spinner'====== Args={'value': 3, 'prev_value': None, 'change': True}
2025-10-20 10:35:04,149 : INFO : EventManager : Event: ======'machine_var_audits_shots_right_inlane_shot'====== Args={'value': 114, 'prev_value': None, 'change': True}
2025-10-20 10:35:04,149 : INFO : EventManager : Event: ======'machine_var_audits_shots_right_outlane_shot'====== Args={'value': 36, 'prev_value': None, 'change': True}
2025-10-20 10:35:04,150 : INFO : EventManager : Event: ======'machine_var_audits_shots_right_rollover'====== Args={'value': 41, 'prev_value': None, 'change': True}
2025-10-20 10:35:04,150 : INFO : EventManager : Event: ======'machine_var_audits_shots_right_rollover_shot'====== Args={'value': 394, 'prev_value': None, 'change': True}
2025-10-20 10:35:04,151 : INFO : EventManager : Event: ======'machine_var_audits_shots_right_scoop_shot'====== Args={'value': 60, 'prev_value': None, 'change': True}
2025-10-20 10:35:04,151 : INFO : EventManager : Event: ======'machine_var_audits_shots_right_standup'====== Args={'value': 41, 'prev_value': None, 'change': True}
2025-10-20 10:35:04,151 : INFO : EventManager : Event: ======'machine_var_audits_shots_right_standup_shot'====== Args={'value': 22, 'prev_value': None, 'change': True}
2025-10-20 10:35:04,152 : INFO : EventManager : Event: ======'machine_var_audits_shots_standup_1_skill'====== Args={'value': 57, 'prev_value': None, 'change': True}
2025-10-20 10:35:04,152 : INFO : EventManager : Event: ======'machine_var_audits_shots_standup_2_skill'====== Args={'value': 31, 'prev_value': None, 'change': True}
2025-10-20 10:35:04,153 : INFO : EventManager : Event: ======'machine_var_audits_shots_standup_3_skill'====== Args={'value': 13, 'prev_value': None, 'change': True}
2025-10-20 10:35:04,153 : INFO : EventManager : Event: ======'machine_var_audits_shots_standup_4_skill'====== Args={'value': 9, 'prev_value': None, 'change': True}
2025-10-20 10:35:04,153 : INFO : EventManager : Event: ======'machine_var_audits_shots_standup_5_skill'====== Args={'value': 4, 'prev_value': None, 'change': True}
2025-10-20 10:35:04,154 : INFO : EventManager : Event: ======'machine_var_audits_shots_standup_6_skill'====== Args={'value': 2, 'prev_value': None, 'change': True}
2025-10-20 10:35:04,154 : INFO : EventManager : Event: ======'machine_var_audits_shots_top_left_standup2_shot'====== Args={'value': 17, 'prev_value': None, 'change': True}
2025-10-20 10:35:04,155 : INFO : EventManager : Event: ======'machine_var_audits_shots_top_left_standup_shot'====== Args={'value': 8, 'prev_value': None, 'change': True}
2025-10-20 10:35:04,155 : INFO : EventManager : Event: ======'machine_var_audits_shots_top_middle_inlane_shot'====== Args={'value': 41, 'prev_value': None, 'change': True}
2025-10-20 10:35:04,156 : INFO : EventManager : Event: ======'machine_var_audits_switches_s_A'====== Args={'value': 0, 'prev_value': None, 'change': True}
2025-10-20 10:35:04,156 : INFO : EventManager : Event: ======'machine_var_audits_switches_s_E'====== Args={'value': 214, 'prev_value': None, 'change': True}
2025-10-20 10:35:04,157 : INFO : EventManager : Event: ======'machine_var_audits_switches_s_Eb'====== Args={'value': 0, 'prev_value': None, 'change': True}
2025-10-20 10:35:04,157 : INFO : EventManager : Event: ======'machine_var_audits_switches_s_I'====== Args={'value': 207, 'prev_value': None, 'change': True}
2025-10-20 10:35:04,158 : INFO : EventManager : Event: ======'machine_var_audits_switches_s_L'====== Args={'value': 0, 'prev_value': None, 'change': True}
2025-10-20 10:35:04,158 : INFO : EventManager : Event: ======'machine_var_audits_switches_s_M'====== Args={'value': 209, 'prev_value': None, 'change': True}
2025-10-20 10:35:04,159 : INFO : EventManager : Event: ======'machine_var_audits_switches_s_R'====== Args={'value': 0, 'prev_value': None, 'change': True}
2025-10-20 10:35:04,160 : INFO : EventManager : Event: ======'machine_var_audits_switches_s_T'====== Args={'value': 208, 'prev_value': None, 'change': True}
2025-10-20 10:35:04,160 : INFO : EventManager : Event: ======'machine_var_audits_switches_s_Tb'====== Args={'value': 0, 'prev_value': None, 'change': True}
2025-10-20 10:35:04,161 : INFO : EventManager : Event: ======'machine_var_audits_switches_s_V'====== Args={'value': 0, 'prev_value': None, 'change': True}
2025-10-20 10:35:04,161 : INFO : EventManager : Event: ======'machine_var_audits_switches_s_bumper1'====== Args={'value': 328, 'prev_value': None, 'change': True}
2025-10-20 10:35:04,162 : INFO : EventManager : Event: ======'machine_var_audits_switches_s_bumper2'====== Args={'value': 857, 'prev_value': None, 'change': True}
2025-10-20 10:35:04,162 : INFO : EventManager : Event: ======'machine_var_audits_switches_s_bumper_1'====== Args={'value': 0, 'prev_value': None, 'change': True}
2025-10-20 10:35:04,163 : INFO : EventManager : Event: ======'machine_var_audits_switches_s_bumper_2'====== Args={'value': 0, 'prev_value': None, 'change': True}
2025-10-20 10:35:04,164 : INFO : EventManager : Event: ======'machine_var_audits_switches_s_center_center_target'====== Args={'value': 27, 'prev_value': None, 'change': True}
2025-10-20 10:35:04,165 : INFO : EventManager : Event: ======'machine_var_audits_switches_s_center_rollover'====== Args={'value': 350, 'prev_value': None, 'change': True}
2025-10-20 10:35:04,166 : INFO : EventManager : Event: ======'machine_var_audits_switches_s_center_scoop'====== Args={'value': 21, 'prev_value': None, 'change': True}
2025-10-20 10:35:04,166 : INFO : EventManager : Event: ======'machine_var_audits_switches_s_coin_left'====== Args={'value': 16, 'prev_value': None, 'change': True}
2025-10-20 10:35:04,167 : INFO : EventManager : Event: ======'machine_var_audits_switches_s_door_open'====== Args={'value': 2, 'prev_value': None, 'change': True}
2025-10-20 10:35:04,167 : INFO : EventManager : Event: ======'machine_var_audits_switches_s_launcher_lane_spinner'====== Args={'value': 9, 'prev_value': None, 'change': True}
2025-10-20 10:35:04,168 : INFO : EventManager : Event: ======'machine_var_audits_switches_s_left_center_target'====== Args={'value': 28, 'prev_value': None, 'change': True}
2025-10-20 10:35:04,168 : INFO : EventManager : Event: ======'machine_var_audits_switches_s_left_corridor_spinner'====== Args={'value': 217, 'prev_value': None, 'change': True}
2025-10-20 10:35:04,169 : INFO : EventManager : Event: ======'machine_var_audits_switches_s_left_corridor_spinner2'====== Args={'value': 14, 'prev_value': None, 'change': True}
2025-10-20 10:35:04,169 : INFO : EventManager : Event: ======'machine_var_audits_switches_s_left_flipper'====== Args={'value': 342, 'prev_value': None, 'change': True}
2025-10-20 10:35:04,170 : INFO : EventManager : Event: ======'machine_var_audits_switches_s_left_inlane'====== Args={'value': 23, 'prev_value': None, 'change': True}
2025-10-20 10:35:04,171 : INFO : EventManager : Event: ======'machine_var_audits_switches_s_left_outlane'====== Args={'value': 15, 'prev_value': None, 'change': True}
2025-10-20 10:35:04,172 : INFO : EventManager : Event: ======'machine_var_audits_switches_s_left_rollover'====== Args={'value': 288, 'prev_value': None, 'change': True}
2025-10-20 10:35:04,173 : INFO : EventManager : Event: ======'machine_var_audits_switches_s_left_scoop'====== Args={'value': 256, 'prev_value': None, 'change': True}
2025-10-20 10:35:04,174 : INFO : EventManager : Event: ======'machine_var_audits_switches_s_left_standup'====== Args={'value': 20, 'prev_value': None, 'change': True}
2025-10-20 10:35:04,176 : INFO : EventManager : Event: ======'machine_var_audits_switches_s_middle_inlane'====== Args={'value': 20, 'prev_value': None, 'change': True}
2025-10-20 10:35:04,177 : INFO : EventManager : Event: ======'machine_var_audits_switches_s_plunger'====== Args={'value': 621, 'prev_value': None, 'change': True}
2025-10-20 10:35:04,177 : INFO : EventManager : Event: ======'machine_var_audits_switches_s_right_center_target'====== Args={'value': 31, 'prev_value': None, 'change': True}
2025-10-20 10:35:04,178 : INFO : EventManager : Event: ======'machine_var_audits_switches_s_right_corridor_spinner'====== Args={'value': 24, 'prev_value': None, 'change': True}
2025-10-20 10:35:04,178 : INFO : EventManager : Event: ======'machine_var_audits_switches_s_right_flipper'====== Args={'value': 155, 'prev_value': None, 'change': True}
2025-10-20 10:35:04,179 : INFO : EventManager : Event: ======'machine_var_audits_switches_s_right_inlane'====== Args={'value': 241, 'prev_value': None, 'change': True}
2025-10-20 10:35:04,180 : INFO : EventManager : Event: ======'machine_var_audits_switches_s_right_outlane'====== Args={'value': 42, 'prev_value': None, 'change': True}
2025-10-20 10:35:04,180 : INFO : EventManager : Event: ======'machine_var_audits_switches_s_right_rollover'====== Args={'value': 403, 'prev_value': None, 'change': True}
2025-10-20 10:35:04,181 : INFO : EventManager : Event: ======'machine_var_audits_switches_s_right_scoop'====== Args={'value': 77, 'prev_value': None, 'change': True}
2025-10-20 10:35:04,181 : INFO : EventManager : Event: ======'machine_var_audits_switches_s_right_standup'====== Args={'value': 171, 'prev_value': None, 'change': True}
2025-10-20 10:35:04,182 : INFO : EventManager : Event: ======'machine_var_audits_switches_s_service_coin'====== Args={'value': 1, 'prev_value': None, 'change': True}
2025-10-20 10:35:04,183 : INFO : EventManager : Event: ======'machine_var_audits_switches_s_service_down'====== Args={'value': 25, 'prev_value': None, 'change': True}
2025-10-20 10:35:04,183 : INFO : EventManager : Event: ======'machine_var_audits_switches_s_service_enter'====== Args={'value': 8, 'prev_value': None, 'change': True}
2025-10-20 10:35:04,184 : INFO : EventManager : Event: ======'machine_var_audits_switches_s_service_esc'====== Args={'value': 8, 'prev_value': None, 'change': True}
2025-10-20 10:35:04,184 : INFO : EventManager : Event: ======'machine_var_audits_switches_s_service_up'====== Args={'value': 27, 'prev_value': None, 'change': True}
2025-10-20 10:35:04,185 : INFO : EventManager : Event: ======'machine_var_audits_switches_s_sling_left'====== Args={'value': 3, 'prev_value': None, 'change': True}
2025-10-20 10:35:04,186 : INFO : EventManager : Event: ======'machine_var_audits_switches_s_sling_right'====== Args={'value': 8, 'prev_value': None, 'change': True}
2025-10-20 10:35:04,186 : INFO : EventManager : Event: ======'machine_var_audits_switches_s_standup_1'====== Args={'value': 155, 'prev_value': None, 'change': True}
2025-10-20 10:35:04,187 : INFO : EventManager : Event: ======'machine_var_audits_switches_s_standup_2'====== Args={'value': 105, 'prev_value': None, 'change': True}
2025-10-20 10:35:04,188 : INFO : EventManager : Event: ======'machine_var_audits_switches_s_standup_3'====== Args={'value': 93, 'prev_value': None, 'change': True}
2025-10-20 10:35:04,189 : INFO : EventManager : Event: ======'machine_var_audits_switches_s_standup_4'====== Args={'value': 68, 'prev_value': None, 'change': True}
2025-10-20 10:35:04,190 : INFO : EventManager : Event: ======'machine_var_audits_switches_s_standup_5'====== Args={'value': 66, 'prev_value': None, 'change': True}
2025-10-20 10:35:04,190 : INFO : EventManager : Event: ======'machine_var_audits_switches_s_standup_6'====== Args={'value': 57, 'prev_value': None, 'change': True}
2025-10-20 10:35:04,191 : INFO : EventManager : Event: ======'machine_var_audits_switches_s_start'====== Args={'value': 58, 'prev_value': None, 'change': True}
2025-10-20 10:35:04,192 : INFO : EventManager : Event: ======'machine_var_audits_switches_s_top_left_standup'====== Args={'value': 19, 'prev_value': None, 'change': True}
2025-10-20 10:35:04,192 : INFO : EventManager : Event: ======'machine_var_audits_switches_s_top_left_standup2'====== Args={'value': 37, 'prev_value': None, 'change': True}
2025-10-20 10:35:04,193 : INFO : EventManager : Event: ======'machine_var_audits_switches_s_top_middle_inlane'====== Args={'value': 41, 'prev_value': None, 'change': True}
2025-10-20 10:35:04,194 : INFO : EventManager : Event: ======'machine_var_audits_switches_s_trough1'====== Args={'value': 356, 'prev_value': None, 'change': True}
2025-10-20 10:35:04,194 : INFO : EventManager : Event: ======'machine_var_audits_switches_s_trough2'====== Args={'value': 1, 'prev_value': None, 'change': True}
2025-10-20 10:35:04,195 : INFO : EventManager : Event: ======'machine_var_audits_switches_s_trough3'====== Args={'value': 0, 'prev_value': None, 'change': True}
2025-10-20 10:35:04,195 : INFO : EventManager : Event: ======'machine_var_audits_switches_s_trough4'====== Args={'value': 0, 'prev_value': None, 'change': True}
2025-10-20 10:35:04,196 : INFO : EventManager : Event: ======'machine_var_audits_switches_s_trough5'====== Args={'value': 0, 'prev_value': None, 'change': True}
2025-10-20 10:35:04,197 : INFO : EventManager : Event: ======'machine_var_audits_switches_s_trough6'====== Args={'value': 0, 'prev_value': None, 'change': True}
2025-10-20 10:35:04,197 : INFO : EventManager : Event: ======'machine_var_audits_switches_s_trough_jam'====== Args={'value': 2, 'prev_value': None, 'change': True}
2025-10-20 10:35:04,198 : INFO : EventManager : Event: ======'init_phase_5'====== Args={}
2025-10-20 10:35:04,250 : INFO : EventManager : Event: ======'init_done'====== Args={}
2025-10-20 10:35:04,250 : INFO : EventManager : Event: ======'machine_reset_phase_1'====== Args={}
2025-10-20 10:35:04,257 : INFO : EventManager : Event: ======'slide_window_slide_1_removed'====== Args={'_from_bcp': True}
2025-10-20 10:35:04,290 : INFO : EventManager : Event: ======'slide_window_slide_1_created'====== Args={'_from_bcp': True}
2025-10-20 10:35:04,292 : INFO : EventManager : Event: ======'machine_reset_phase_2'====== Args={}
2025-10-20 10:35:04,292 : INFO : EventManager : Event: ======'machine_reset_phase_3'====== Args={}
2025-10-20 10:35:04,292 : INFO : EventManager : Event: ======'slide_window_slide_1_active'====== Args={'_from_bcp': True}
2025-10-20 10:35:04,292 : INFO : drop_target_bank.TIME : All targets are already up. Will not reset bank.
2025-10-20 10:35:04,292 : INFO : drop_target_bank.CENTER : All targets are already up. Will not reset bank.
2025-10-20 10:35:04,292 : INFO : drop_target_bank.TRAVEL : All targets are already up. Will not reset bank.
2025-10-20 10:35:04,292 : INFO : EventManager : Event: ======'reset_complete'====== Args={}
2025-10-20 10:35:04,292 : INFO : EventManager : Event: ======'mode_credits_will_start'====== Args={}
2025-10-20 10:35:04,293 : INFO : EventManager : Event: ======'mode_credits_starting'====== Args={}
2025-10-20 10:35:04,294 : INFO : EventManager : Event: ======'mode_attract_will_start'====== Args={}
2025-10-20 10:35:04,294 : INFO : EventManager : Event: ======'mode_attract_starting'====== Args={}
2025-10-20 10:35:04,294 : INFO : Mode.attract : Started. Priority: 10
2025-10-20 10:35:04,294 : INFO : EventManager : Event: ======'modes_active_modes_changed'====== Args={}
2025-10-20 10:35:04,294 : INFO : EventManager : Event: ======'mode_attract_started'====== Args={}
2025-10-20 10:35:04,295 : INFO : EventManager : Event: ======'collecting_balls_complete'====== Args={}
2025-10-20 10:35:04,295 : INFO : Mode.credits : Started. Priority: 1000010
2025-10-20 10:35:04,295 : INFO : EventManager : Event: ======'modes_active_modes_changed'====== Args={}
2025-10-20 10:35:04,295 : INFO : EventManager : Event: ======'mode_credits_started'====== Args={}
2025-10-20 10:35:04,295 : INFO : Mode.credits : Credit units per game: 1
2025-10-20 10:35:04,295 : INFO : EventManager : Event: ======'machine_var_price_per_game_raw_0'====== Args={'value': 1.0, 'prev_value': None, 'change': True}
2025-10-20 10:35:04,296 : INFO : EventManager : Event: ======'machine_var_price_per_game_string_0'====== Args={'value': '1 CREDITS $1.0', 'prev_value': None, 'change': True}
2025-10-20 10:35:04,297 : INFO : EventManager : Event: ======'machine_var_credits_string'====== Args={'value': ' ', 'prev_value': 'FREE PLAY', 'change': True}
2025-10-20 10:35:04,297 : INFO : EventManager : Event: ======'machine_var_credits_value'====== Args={'value': '0', 'prev_value': None, 'change': True}
2025-10-20 10:35:04,298 : INFO : EventManager : Event: ======'machine_var_credits_whole_num'====== Args={'value': 0, 'prev_value': None, 'change': True}
2025-10-20 10:35:04,299 : INFO : EventManager : Event: ======'machine_var_credits_numerator'====== Args={'value': 0, 'prev_value': None, 'change': True}
2025-10-20 10:35:04,300 : INFO : EventManager : Event: ======'machine_var_credits_denominator'====== Args={'value': 0, 'prev_value': None, 'change': True}
2025-10-20 10:35:04,301 : INFO : EventManager : Event: ======'machine_var_credits_string'====== Args={'value': 'CREDITS 1', 'prev_value': ' ', 'change': True}
2025-10-20 10:35:04,301 : INFO : EventManager : Event: ======'machine_var_credits_value'====== Args={'value': '1', 'prev_value': '0', 'change': True}
2025-10-20 10:35:04,302 : INFO : EventManager : Event: ======'machine_var_credits_whole_num'====== Args={'value': 1, 'prev_value': 0, 'change': 1}
2025-10-20 10:35:04,303 : INFO : EventManager : Event: ======'machine_var_credits_denominator'====== Args={'value': 1, 'prev_value': 0, 'change': 1}
2025-10-20 10:35:04,345 : INFO : EventManager : Event: ======'slide_awesome_slide_created'====== Args={'_from_bcp': True}
2025-10-20 10:35:04,345 : INFO : EventManager : Event: ======'slide_awesome_slide_active'====== Args={'_from_bcp': True}
2025-10-20 10:35:04,345 : INFO : Machine : Starting the main run loop.
2025-10-20 10:35:07,322 : INFO : EventManager : Event: ======'slide_press_start_created'====== Args={'_from_bcp': True}
2025-10-20 10:35:07,326 : INFO : EventManager : Event: ======'slide_press_start_active'====== Args={'_from_bcp': True}
2025-10-20 10:35:07,355 : INFO : SwitchController : <<<<<<< 's_start' active >>>>>>>
2025-10-20 10:35:07,471 : INFO : SwitchController : <<<<<<< 's_start' inactive >>>>>>>
2025-10-20 10:35:07,471 : INFO : EventManager : Event: ======'request_to_start_game'====== Args={}
2025-10-20 10:35:07,471 : INFO : Mode.credits : Received request to start game. Request Approved. Sufficient credits available.
2025-10-20 10:35:07,471 : INFO : EventManager : Event: ======'game_start'====== Args={'buttons': [], 'hold_time': 0.11000000000058208}
2025-10-20 10:35:07,472 : INFO : EventManager : Event: ======'mode_game_will_start'====== Args={'buttons': [], 'hold_time': 0.11000000000058208}
2025-10-20 10:35:07,472 : INFO : EventManager : Event: ======'mode_game_starting'====== Args={'buttons': [], 'hold_time': 0.11000000000058208}
2025-10-20 10:35:07,472 : INFO : EventManager : Event: ======'mode_attract_will_stop'====== Args={}
2025-10-20 10:35:07,473 : INFO : EventManager : Event: ======'mode_attract_stopping'====== Args={}
2025-10-20 10:35:07,473 : INFO : Mode.attract : Stopped.
2025-10-20 10:35:07,473 : INFO : EventManager : Event: ======'modes_active_modes_changed'====== Args={}
2025-10-20 10:35:07,474 : INFO : EventManager : Event: ======'mode_attract_stopped'====== Args={}
2025-10-20 10:35:07,474 : INFO : EventManager : Event: ======'clear'====== Args={'key': 'attract'}
2025-10-20 10:35:07,475 : INFO : Mode.game : Started. Priority: 20
2025-10-20 10:35:07,475 : INFO : EventManager : Event: ======'modes_active_modes_changed'====== Args={}
2025-10-20 10:35:07,475 : INFO : EventManager : Event: ======'mode_game_started'====== Args={'buttons': [], 'hold_time': 0.11000000000058208}
2025-10-20 10:35:07,484 : INFO : EventManager : Event: ======'game_will_start'====== Args={}
2025-10-20 10:35:07,484 : INFO : EventManager : Event: ======'game_starting'====== Args={'game': <Mode.game>}
2025-10-20 10:35:07,484 : INFO : EventManager : Unordered handler for class <Auditor> on event game_ended with priority 1. Handlers: [RegisteredHandler(callback=<bound method Auditor.disable of <Auditor>>, priority=1, kwargs={}, key=UUID('ff703d95-4104-4888-8489-3864c0385f90'), condition=None, blocking_facility=None), RegisteredHandler(callback=<bound method Auditor._save_audits of <Auditor>>, priority=1, kwargs={}, key=UUID('327a80af-8861-4a6c-9a42-25414fdfbfa9'), condition=None, blocking_facility=None)]. The order of those handlers is not defined and they will be executed in random order. This might lead to race conditions and potential bugs.
2025-10-20 10:35:07,484 : INFO : EventManager : Event: ======'player_add_request'====== Args={}
2025-10-20 10:35:07,484 : INFO : Mode.credits : Received request to add player. Request Approved. Sufficient credits available.
2025-10-20 10:35:07,484 : INFO : EventManager : Event: ======'player_will_add'====== Args={'number': 1}
2025-10-20 10:35:07,485 : INFO : EventManager : Event: ======'player_adding'====== Args={'player': <Player 1>, 'number': 1}
2025-10-20 10:35:07,485 : INFO : EventManager : Event: ======'player_added'====== Args={'player': <Player 1>, 'num': 1}
2025-10-20 10:35:07,485 : INFO : Mode.game : Player added successfully. Total players: 1
2025-10-20 10:35:07,485 : INFO : EventManager : Event: ======'machine_var_credit_units'====== Args={'value': 0, 'prev_value': 1, 'change': -1}
2025-10-20 10:35:07,486 : INFO : EventManager : Event: ======'machine_var_credits_string'====== Args={'value': 'CREDITS 0', 'prev_value': 'CREDITS 1', 'change': True}
2025-10-20 10:35:07,486 : INFO : EventManager : Event: ======'machine_var_credits_value'====== Args={'value': '0', 'prev_value': '1', 'change': True}
2025-10-20 10:35:07,487 : INFO : EventManager : Event: ======'machine_var_credits_whole_num'====== Args={'value': 0, 'prev_value': 1, 'change': -1}
2025-10-20 10:35:07,488 : INFO : EventManager : Event: ======'player_index'====== Args={'value': 0, 'prev_value': 0, 'change': 0, 'player_num': 1}
2025-10-20 10:35:07,488 : INFO : EventManager : Event: ======'player_number'====== Args={'value': 1, 'prev_value': 1, 'change': 0, 'player_num': 1}
2025-10-20 10:35:07,488 : INFO : EventManager : Event: ======'player_sj_active'====== Args={'value': 0, 'prev_value': 0, 'change': 0, 'player_num': 1}
2025-10-20 10:35:07,488 : INFO : EventManager : Event: ======'player_score'====== Args={'value': 0, 'prev_value': 0, 'change': 0, 'player_num': 1}
2025-10-20 10:35:07,489 : INFO : EventManager : Event: ======'game_started'====== Args={}
2025-10-20 10:35:07,505 : INFO : EventManager : Event: ======'player_turn_will_start'====== Args={'player': <Player 1>, 'number': 1}
2025-10-20 10:35:07,506 : INFO : EventManager : Event: ======'slide_awesome_slide_removed'====== Args={'_from_bcp': True}
2025-10-20 10:35:07,506 : INFO : EventManager : Event: ======'slide_press_start_removed'====== Args={'_from_bcp': True}
2025-10-20 10:35:07,506 : INFO : EventManager : Event: ======'slide_player_added_slide_created'====== Args={'_from_bcp': True}
2025-10-20 10:35:07,506 : INFO : EventManager : Event: ======'slide_player_added_slide_removed'====== Args={'_from_bcp': True}
2025-10-20 10:35:07,506 : INFO : EventManager : Event: ======'slide_player_added_slide_created'====== Args={'_from_bcp': True}
2025-10-20 10:35:07,506 : INFO : EventManager : Event: ======'slide_player_added_slide_removed'====== Args={'_from_bcp': True}
2025-10-20 10:35:07,506 : INFO : EventManager : Event: ======'player_turn_starting'====== Args={'player': <Player 1>, 'number': 1}
2025-10-20 10:35:07,506 : INFO : EventManager : Event: ======'player_ball'====== Args={'value': 1, 'prev_value': 0, 'change': 1, 'player_num': 1}
2025-10-20 10:35:07,507 : INFO : EventManager : Event: ======'player_turn_started'====== Args={'player': <Player 1>, 'number': 1}
2025-10-20 10:35:07,508 : INFO : EventManager : Event: ======'ball_will_start'====== Args={'player': 1, 'ball': 1, 'balls_remaining': 2, 'is_extra_ball': False}
2025-10-20 10:35:07,512 : INFO : EventManager : Event: ======'slide_player_added_slide_created'====== Args={'_from_bcp': True}
2025-10-20 10:35:07,512 : INFO : EventManager : Event: ======'ball_starting'====== Args={'player': 1, 'ball': 1, 'balls_remaining': 2, 'is_extra_ball': False}
2025-10-20 10:35:07,512 : INFO : EventManager : Event: ======'slide_player_added_slide_active'====== Args={'_from_bcp': True}
2025-10-20 10:35:07,513 : INFO : EventManager : Event: ======'mode_special_setup_will_start'====== Args={'queue': <QueuedEvent>, 'player': 1, 'ball': 1, 'balls_remaining': 2, 'is_extra_ball': False}
2025-10-20 10:35:07,513 : INFO : EventManager : Event: ======'mode_special_setup_starting'====== Args={'queue': <QueuedEvent>, 'player': 1, 'ball': 1, 'balls_remaining': 2, 'is_extra_ball': False}
2025-10-20 10:35:07,513 : INFO : EventManager : Event: ======'mode_super_jets_setup_will_start'====== Args={'queue': <QueuedEvent>, 'player': 1, 'ball': 1, 'balls_remaining': 2, 'is_extra_ball': False}
2025-10-20 10:35:07,513 : INFO : EventManager : Event: ======'player_shot_jets_enabled'====== Args={'value': True, 'prev_value': 0, 'change': 1, 'player_num': 1}
2025-10-20 10:35:07,514 : INFO : EventManager : Event: ======'mode_super_jets_setup_starting'====== Args={'queue': <QueuedEvent>, 'player': 1, 'ball': 1, 'balls_remaining': 2, 'is_extra_ball': False}
2025-10-20 10:35:07,514 : INFO : drop_target_bank.TIME : All targets are already up. Will not reset bank.
2025-10-20 10:35:07,515 : INFO : drop_target_bank.CENTER : All targets are already up. Will not reset bank.
2025-10-20 10:35:07,515 : INFO : drop_target_bank.TRAVEL : All targets are already up. Will not reset bank.
2025-10-20 10:35:07,515 : INFO : EventManager : Event: ======'balls_in_play'====== Args={'balls': 1}
2025-10-20 10:35:07,515 : INFO : EventManager : Event: ======'ball_started'====== Args={'player': 1, 'ball': 1, 'balls_remaining': 2, 'is_extra_ball': False}
2025-10-20 10:35:07,515 : INFO : EventManager : Event: ======'logicblock_special_count_updated'====== Args={'value': 0, 'enabled': True}
2025-10-20 10:35:07,515 : INFO : EventManager : Event: ======'logicblock_special_count_updated'====== Args={'value': 0, 'enabled': True}
2025-10-20 10:35:07,515 : INFO : Mode.special_setup : Started. Priority: 400
2025-10-20 10:35:07,515 : INFO : EventManager : Event: ======'modes_active_modes_changed'====== Args={}
2025-10-20 10:35:07,515 : INFO : EventManager : Event: ======'mode_special_setup_started'====== Args={'queue': <QueuedEvent>, 'player': 1, 'ball': 1, 'balls_remaining': 2, 'is_extra_ball': False}
2025-10-20 10:35:07,515 : INFO : EventManager : Event: ======'logicblock_lb_jets_count_updated'====== Args={'value': 0, 'enabled': True}
2025-10-20 10:35:07,516 : INFO : EventManager : Event: ======'logicblock_lb_rollover_complete_count_updated'====== Args={'value': 0, 'enabled': True}
2025-10-20 10:35:07,516 : INFO : EventManager : Event: ======'logicblock_lb_jets_count_updated'====== Args={'value': 0, 'enabled': True}
2025-10-20 10:35:07,516 : INFO : EventManager : Event: ======'logicblock_lb_jets_resume_updated'====== Args={'value': 0, 'enabled': False}
2025-10-20 10:35:07,516 : INFO : EventManager : Event: ======'logicblock_lb_rollover_complete_count_updated'====== Args={'value': 0, 'enabled': True}
2025-10-20 10:35:07,516 : INFO : Mode.super_jets_setup : Started. Priority: 200
2025-10-20 10:35:07,516 : INFO : EventManager : Event: ======'modes_active_modes_changed'====== Args={}
2025-10-20 10:35:07,516 : INFO : EventManager : Event: ======'mode_super_jets_setup_started'====== Args={'queue': <QueuedEvent>, 'player': 1, 'ball': 1, 'balls_remaining': 2, 'is_extra_ball': False}
2025-10-20 10:35:07,516 : INFO : EventManager : Event: ======'mode_base_will_start'====== Args={'player': 1, 'ball': 1, 'balls_remaining': 2, 'is_extra_ball': False}
2025-10-20 10:35:07,516 : INFO : EventManager : Event: ======'player_shot_left_corridor_spinner_shot_enabled'====== Args={'value': True, 'prev_value': 0, 'change': 1, 'player_num': 1}
2025-10-20 10:35:07,517 : INFO : EventManager : Event: ======'player_shot_left_corridor_spinner2_shot_enabled'====== Args={'value': True, 'prev_value': 0, 'change': 1, 'player_num': 1}
2025-10-20 10:35:07,517 : INFO : EventManager : Event: ======'player_shot_right_corridor_spinner_shot_enabled'====== Args={'value': True, 'prev_value': 0, 'change': 1, 'player_num': 1}
2025-10-20 10:35:07,518 : INFO : EventManager : Event: ======'player_shot_top_left_standup2_shot_enabled'====== Args={'value': True, 'prev_value': 0, 'change': 1, 'player_num': 1}
2025-10-20 10:35:07,518 : INFO : EventManager : Event: ======'player_shot_top_left_standup_shot_enabled'====== Args={'value': True, 'prev_value': 0, 'change': 1, 'player_num': 1}
2025-10-20 10:35:07,518 : INFO : EventManager : Event: ======'player_shot_left_standup_shot_enabled'====== Args={'value': True, 'prev_value': 0, 'change': 1, 'player_num': 1}
2025-10-20 10:35:07,519 : INFO : EventManager : Event: ======'player_shot_right_standup_shot_enabled'====== Args={'value': True, 'prev_value': 0, 'change': 1, 'player_num': 1}
2025-10-20 10:35:07,519 : INFO : EventManager : Event: ======'player_shot_left_rollover_shot_enabled'====== Args={'value': True, 'prev_value': 0, 'change': 1, 'player_num': 1}
2025-10-20 10:35:07,519 : INFO : EventManager : Event: ======'player_shot_center_rollover_shot_enabled'====== Args={'value': True, 'prev_value': 0, 'change': 1, 'player_num': 1}
2025-10-20 10:35:07,519 : INFO : EventManager : Event: ======'player_shot_right_rollover_shot_enabled'====== Args={'value': True, 'prev_value': 0, 'change': 1, 'player_num': 1}
2025-10-20 10:35:07,520 : INFO : EventManager : Event: ======'player_shot_right_scoop_shot_enabled'====== Args={'value': True, 'prev_value': 0, 'change': 1, 'player_num': 1}
2025-10-20 10:35:07,520 : INFO : EventManager : Event: ======'player_shot_center_scoop_shot_enabled'====== Args={'value': True, 'prev_value': 0, 'change': 1, 'player_num': 1}
2025-10-20 10:35:07,520 : INFO : EventManager : Event: ======'player_shot_left_scoop_shot_enabled'====== Args={'value': True, 'prev_value': 0, 'change': 1, 'player_num': 1}
2025-10-20 10:35:07,521 : INFO : EventManager : Event: ======'player_shot_T_enabled'====== Args={'value': True, 'prev_value': 0, 'change': 1, 'player_num': 1}
2025-10-20 10:35:07,521 : INFO : EventManager : Event: ======'player_shot_I_enabled'====== Args={'value': True, 'prev_value': 0, 'change': 1, 'player_num': 1}
2025-10-20 10:35:07,521 : INFO : EventManager : Event: ======'player_shot_M_enabled'====== Args={'value': True, 'prev_value': 0, 'change': 1, 'player_num': 1}
2025-10-20 10:35:07,522 : INFO : EventManager : Event: ======'player_shot_E_enabled'====== Args={'value': True, 'prev_value': 0, 'change': 1, 'player_num': 1}
2025-10-20 10:35:07,522 : INFO : EventManager : Event: ======'player_shot_left_center_droptarget_enabled'====== Args={'value': True, 'prev_value': 0, 'change': 1, 'player_num': 1}
2025-10-20 10:35:07,523 : INFO : EventManager : Event: ======'player_shot_center_center_droptarget_enabled'====== Args={'value': True, 'prev_value': 0, 'change': 1, 'player_num': 1}
2025-10-20 10:35:07,523 : INFO : EventManager : Event: ======'player_shot_right_center_droptarget_enabled'====== Args={'value': True, 'prev_value': 0, 'change': 1, 'player_num': 1}
2025-10-20 10:35:07,523 : INFO : EventManager : Event: ======'player_shot_Tb_enabled'====== Args={'value': True, 'prev_value': 0, 'change': 1, 'player_num': 1}
2025-10-20 10:35:07,524 : INFO : EventManager : Event: ======'player_shot_R_enabled'====== Args={'value': True, 'prev_value': 0, 'change': 1, 'player_num': 1}
2025-10-20 10:35:07,524 : INFO : EventManager : Event: ======'player_shot_A_enabled'====== Args={'value': True, 'prev_value': 0, 'change': 1, 'player_num': 1}
2025-10-20 10:35:07,524 : INFO : EventManager : Event: ======'player_shot_V_enabled'====== Args={'value': True, 'prev_value': 0, 'change': 1, 'player_num': 1}
2025-10-20 10:35:07,524 : INFO : EventManager : Event: ======'player_shot_Eb_enabled'====== Args={'value': True, 'prev_value': 0, 'change': 1, 'player_num': 1}
2025-10-20 10:35:07,525 : INFO : EventManager : Event: ======'player_shot_L_enabled'====== Args={'value': True, 'prev_value': 0, 'change': 1, 'player_num': 1}
2025-10-20 10:35:07,525 : INFO : EventManager : Event: ======'player_shot_bumper1_shot_enabled'====== Args={'value': True, 'prev_value': 0, 'change': 1, 'player_num': 1}
2025-10-20 10:35:07,525 : INFO : EventManager : Event: ======'player_shot_bumper2_shot_enabled'====== Args={'value': True, 'prev_value': 0, 'change': 1, 'player_num': 1}
2025-10-20 10:35:07,526 : INFO : EventManager : Event: ======'player_shot_right_inlane_shot_enabled'====== Args={'value': True, 'prev_value': 0, 'change': 1, 'player_num': 1}
2025-10-20 10:35:07,526 : INFO : EventManager : Event: ======'player_shot_left_inlane_shot_enabled'====== Args={'value': True, 'prev_value': 0, 'change': 1, 'player_num': 1}
2025-10-20 10:35:07,526 : INFO : EventManager : Event: ======'player_shot_right_outlane_shot_enabled'====== Args={'value': True, 'prev_value': 0, 'change': 1, 'player_num': 1}
2025-10-20 10:35:07,527 : INFO : EventManager : Event: ======'player_shot_left_outlane_shot_enabled'====== Args={'value': True, 'prev_value': 0, 'change': 1, 'player_num': 1}
2025-10-20 10:35:07,527 : INFO : EventManager : Event: ======'rollover_lanes_complete'====== Args={'state': 'unlit'}
2025-10-20 10:35:07,527 : INFO : EventManager : Event: ======'rollover_lanes_unlit_complete'====== Args={}
2025-10-20 10:35:07,527 : INFO : EventManager : Event: ======'TIME_droptargets_complete'====== Args={'state': 'unlit'}
2025-10-20 10:35:07,527 : INFO : EventManager : Event: ======'TIME_droptargets_unlit_complete'====== Args={}
2025-10-20 10:35:07,528 : INFO : EventManager : Event: ======'CENTER_droptargets_complete'====== Args={'state': 'unlit'}
2025-10-20 10:35:07,528 : INFO : EventManager : Event: ======'CENTER_droptargets_unlit_complete'====== Args={}
2025-10-20 10:35:07,528 : INFO : EventManager : Event: ======'TRAVEL_droptargets_complete'====== Args={'state': 'unlit'}
2025-10-20 10:35:07,528 : INFO : EventManager : Event: ======'TRAVEL_droptargets_unlit_complete'====== Args={}
2025-10-20 10:35:07,532 : INFO : EventManager : Event: ======'mode_base_starting'====== Args={'player': 1, 'ball': 1, 'balls_remaining': 2, 'is_extra_ball': False}
2025-10-20 10:35:07,533 : INFO : EventManager : Event: ======'logicblock_spinner_rotations_updated'====== Args={'value': 0, 'enabled': True}
2025-10-20 10:35:07,533 : INFO : EventManager : Event: ======'logicblock_spinner_rotations_updated'====== Args={'value': 0, 'enabled': True}
2025-10-20 10:35:07,533 : INFO : Mode.base : Started. Priority: 100
2025-10-20 10:35:07,533 : INFO : EventManager : Event: ======'modes_active_modes_changed'====== Args={}
2025-10-20 10:35:07,533 : INFO : EventManager : Event: ======'mode_base_started'====== Args={'player': 1, 'ball': 1, 'balls_remaining': 2, 'is_extra_ball': False}
2025-10-20 10:35:07,533 : INFO : EventManager : Event: ======'single_player_ball_started'====== Args={}
2025-10-20 10:35:07,568 : INFO : EventManager : Event: ======'ball_start_target'====== Args={'target': 'playfield'}
2025-10-20 10:35:07,599 : INFO : ball_device.bd_plunger : Setting up player-controlled eject. Balls: 1, Target: <playfield.playfield>, player_controlled_eject_event: None
2025-10-20 10:35:07,599 : INFO : EventManager : Event: ======'balldevice_balls_available'====== Args={}
2025-10-20 10:35:07,599 : INFO : EventManager : Event: ======'slide_base.slide_player-mode_base_started_created'====== Args={'_from_bcp': True}
2025-10-20 10:35:07,599 : INFO : EventManager : Event: ======'slide_base.slide_player-mode_base_started_active'====== Args={'_from_bcp': True}
2025-10-20 10:35:07,600 : INFO : ball_device.bd_trough : State: waiting_for_target_ready
2025-10-20 10:35:07,600 : INFO : EventManager : Event: ======'balldevice_bd_trough_ball_eject_attempt'====== Args={'balls': 1, 'target': <ball_device.bd_plunger>, 'source': <ball_device.bd_trough>, 'mechanical_eject': True, 'num_attempts': 0}
2025-10-20 10:35:07,600 : INFO : ball_device.bd_plunger : State: waiting_for_ball
2025-10-20 10:35:07,600 : INFO : ball_device.bd_trough : State: ejecting
2025-10-20 10:35:07,600 : INFO : ball_device.bd_trough : Ejecting ball to <ball_device.bd_plunger>
2025-10-20 10:35:07,600 : INFO : EventManager : Event: ======'balldevice_bd_trough_ejecting_ball'====== Args={'balls': 1, 'target': <ball_device.bd_plunger>, 'source': <ball_device.bd_trough>, 'mechanical_eject': True, 'num_attempts': 0}
2025-10-20 10:35:07,600 : INFO : ball_device.bd_trough : Wait for ball to leave device
2025-10-20 10:35:07,601 : INFO : coil.c_trough_eject : Pulsing Driver for 20ms (1.0 pulse_power)
2025-10-20 10:35:07,601 : INFO : SwitchController : <<<<<<< 's_trough1' inactive >>>>>>>
2025-10-20 10:35:07,607 : INFO : ball_device.bd_trough : State: ball_left
2025-10-20 10:35:07,608 : INFO : ball_device.bd_trough : Ball left
2025-10-20 10:35:07,608 : INFO : ball_device.bd_trough : Wait for confirm with timeout 3.0
2025-10-20 10:35:07,708 : INFO : SwitchController : <<<<<<< 's_plunger' active >>>>>>>
2025-10-20 10:35:07,708 : INFO : EventManager : Event: ======'machine_var_audits_switches_s_plunger'====== Args={'value': 622, 'prev_value': 621, 'change': 1}
2025-10-20 10:35:08,216 : INFO : ball_device.bd_plunger : Received ball from <ball_device.bd_trough>
2025-10-20 10:35:08,216 : INFO : EventManager : Event: ======'balldevice_bd_plunger_ball_enter'====== Args={'new_balls': 1, 'unclaimed_balls': 0, 'new_available_balls': 0, 'device': <ball_device.bd_plunger>}
2025-10-20 10:35:08,216 : INFO : EventManager : Event: ======'balldevice_bd_plunger_ball_entered'====== Args={'new_balls': 0, 'device': <ball_device.bd_plunger>}
2025-10-20 10:35:08,216 : INFO : EventManager : Event: ======'balldevice_bd_plunger_ball_count_changed'====== Args={'balls': 1}
2025-10-20 10:35:08,216 : INFO : ball_device.bd_trough : Got eject confirm
2025-10-20 10:35:08,216 : INFO : ball_device.bd_trough : Eject successful
2025-10-20 10:35:08,216 : INFO : EventManager : Event: ======'balldevice_bd_trough_ball_eject_success'====== Args={'balls': 1, 'target': <ball_device.bd_plunger>}
2025-10-20 10:35:08,217 : INFO : ball_device.bd_plunger : State: waiting_for_target_ready
2025-10-20 10:35:08,217 : INFO : EventManager : Event: ======'balldevice_bd_plunger_ball_eject_attempt'====== Args={'balls': 1, 'target': <playfield.playfield>, 'source': <ball_device.bd_plunger>, 'mechanical_eject': True, 'num_attempts': 0}
2025-10-20 10:35:08,217 : INFO : EventManager : Event: ======'balldevice_bd_trough_ball_count_changed'====== Args={'balls': 5}
2025-10-20 10:35:08,217 : INFO : ball_device.bd_trough : State: idle
2025-10-20 10:35:08,217 : INFO : ball_device.bd_plunger : State: ejecting
2025-10-20 10:35:08,217 : INFO : ball_device.bd_plunger : Ejecting ball to <playfield.playfield>
2025-10-20 10:35:08,217 : INFO : EventManager : Event: ======'balldevice_bd_plunger_ejecting_ball'====== Args={'balls': 1, 'target': <playfield.playfield>, 'source': <ball_device.bd_plunger>, 'mechanical_eject': True, 'num_attempts': 0}
2025-10-20 10:35:08,218 : INFO : ball_device.bd_plunger : Wait for ball to leave device
2025-10-20 10:35:08,505 : INFO : EventManager : Event: ======'slide_player_added_slide_removed'====== Args={'_from_bcp': True}
2025-10-20 10:35:14,034 : INFO : Machine : Shutting down...
2025-10-20 10:35:14,034 : INFO : EventManager : Event: ======'shutdown'====== Args={}
2025-10-20 10:35:14,041 : INFO : EventManager : Event: ======'mode_game_will_stop'====== Args={}
2025-10-20 10:35:14,041 : INFO : EventManager : Event: ======'mode_game_stopping'====== Args={}
2025-10-20 10:35:14,041 : INFO : EventManager : Event: ======'mode_super_jets_setup_will_stop'====== Args={}
2025-10-20 10:35:14,042 : INFO : EventManager : Event: ======'mode_super_jets_setup_stopping'====== Args={}
2025-10-20 10:35:14,042 : INFO : EventManager : Event: ======'mode_special_setup_will_stop'====== Args={}
2025-10-20 10:35:14,042 : INFO : EventManager : Event: ======'mode_special_setup_stopping'====== Args={}
2025-10-20 10:35:14,042 : INFO : EventManager : Event: ======'mode_base_will_stop'====== Args={}
2025-10-20 10:35:14,042 : INFO : EventManager : Event: ======'mode_base_stopping'====== Args={}
2025-10-20 10:35:14,042 : INFO : Mode.base : Stopped.
2025-10-20 10:35:14,042 : INFO : EventManager : Event: ======'modes_active_modes_changed'====== Args={}
2025-10-20 10:35:14,042 : INFO : EventManager : Event: ======'mode_base_stopped'====== Args={}
2025-10-20 10:35:14,042 : INFO : EventManager : Event: ======'clear'====== Args={'key': 'base'}
2025-10-20 10:35:14,045 : INFO : Mode.special_setup : Stopped.
2025-10-20 10:35:14,045 : INFO : EventManager : Event: ======'modes_active_modes_changed'====== Args={}
2025-10-20 10:35:14,045 : INFO : EventManager : Event: ======'mode_special_setup_stopped'====== Args={}
2025-10-20 10:35:14,045 : INFO : EventManager : Event: ======'clear'====== Args={'key': 'special_setup'}
2025-10-20 10:35:14,046 : INFO : Mode.super_jets_setup : Stopped.
2025-10-20 10:35:14,046 : INFO : EventManager : Event: ======'modes_active_modes_changed'====== Args={}
2025-10-20 10:35:14,046 : INFO : EventManager : Event: ======'mode_super_jets_setup_stopped'====== Args={}
2025-10-20 10:35:14,046 : INFO : EventManager : Event: ======'clear'====== Args={'key': 'super_jets_setup'}
2025-10-20 10:35:14,046 : INFO : Mode.game : Stopped.
2025-10-20 10:35:14,046 : INFO : EventManager : Event: ======'modes_active_modes_changed'====== Args={}
2025-10-20 10:35:14,046 : INFO : EventManager : Event: ======'mode_game_stopped'====== Args={}
2025-10-20 10:35:14,046 : INFO : EventManager : Event: ======'clear'====== Args={'key': 'game'}
2025-10-20 10:35:14,050 : INFO : root : MPF run loop ended.
