2025-10-16 18:01:30,529 : INFO : root : Loading config.
2025-10-16 18:01:30,533 : INFO : YamlMultifileConfigLoader : Machine config file #1: config.yaml
2025-10-16 18:01:30,533 : INFO : ConfigProcessor : Loading config from cache: C:\Users\richa\AppData\Local\Temp\f7776651e259183bd84a8c8d686bf868.mpf_cache
2025-10-16 18:01:30,617 : INFO : ConfigProcessor : Loading config from cache: C:\Users\richa\AppData\Local\Temp\70233839fc0b792ce11a62f3c18c1950.mpf_cache
2025-10-16 18:01:30,618 : INFO : ConfigProcessor : Loading config from cache: C:\Users\richa\AppData\Local\Temp\9c8dea79ca4d15ee886340e992e8cb9d.mpf_cache
2025-10-16 18:01:30,619 : INFO : ConfigProcessor : Loading config from cache: C:\Users\richa\AppData\Local\Temp\67a19b095f918111543419ac0271bfb1.mpf_cache
2025-10-16 18:01:30,620 : INFO : ConfigProcessor : Loading config from cache: C:\Users\richa\AppData\Local\Temp\be387b0e8ed00556ec738d83cd6947d1.mpf_cache
2025-10-16 18:01:30,620 : INFO : ConfigProcessor : Loading config from cache: C:\Users\richa\AppData\Local\Temp\5a8efabd9666d8c71fa755fc28a9bf1e.mpf_cache
2025-10-16 18:01:30,621 : INFO : ConfigProcessor : Loading config from cache: C:\Users\richa\AppData\Local\Temp\fb58745e58584e219ff53db445e8e9f2.mpf_cache
2025-10-16 18:01:30,622 : INFO : ConfigProcessor : Loading config from cache: C:\Users\richa\AppData\Local\Temp\3a5badf48d988f9fc0f9b093a934917d.mpf_cache
2025-10-16 18:01:30,623 : INFO : ConfigProcessor : Loading config from cache: C:\Users\richa\AppData\Local\Temp\9e788d9ac28f3464b985b20edf80a10e.mpf_cache
2025-10-16 18:01:30,624 : INFO : ConfigProcessor : Loading config from cache: C:\Users\richa\AppData\Local\Temp\7e426d8ffa907371bf962f3181d8bdf2.mpf_cache
2025-10-16 18:01:30,625 : INFO : ConfigProcessor : Loading config from cache: C:\Users\richa\AppData\Local\Temp\b710dc01437f1dfd05f3b5275f67493b.mpf_cache
2025-10-16 18:01:30,625 : INFO : ConfigProcessor : Loading config from cache: C:\Users\richa\AppData\Local\Temp\0a23590f4081187a3ecee75c7657616e.mpf_cache
2025-10-16 18:01:30,626 : INFO : ConfigProcessor : Loading config from cache: C:\Users\richa\AppData\Local\Temp\374a5edaf0766cb9005f368df852c09d.mpf_cache
2025-10-16 18:01:30,627 : INFO : ConfigProcessor : Loading config from cache: C:\Users\richa\AppData\Local\Temp\b50d1c72289d6f8f00cba34766fbb2e5.mpf_cache
2025-10-16 18:01:30,627 : INFO : ConfigProcessor : Loading config from cache: C:\Users\richa\AppData\Local\Temp\bfc680b70531e398658191c2a179bce0.mpf_cache
2025-10-16 18:01:30,629 : INFO : ConfigProcessor : Loading config from cache: C:\Users\richa\AppData\Local\Temp\069a726c379c7a3dc006889318eb30f2.mpf_cache
2025-10-16 18:01:30,629 : INFO : ConfigProcessor : Loading config from cache: C:\Users\richa\AppData\Local\Temp\6159dd3e8b071f5aa615e717784124e9.mpf_cache
2025-10-16 18:01:30,630 : INFO : ConfigProcessor : Loading config from cache: C:\Users\richa\AppData\Local\Temp\e382c4765158d2be92c1673fc03a4ad6.mpf_cache
2025-10-16 18:01:30,631 : INFO : ConfigProcessor : Loading config from cache: C:\Users\richa\AppData\Local\Temp\868b3b6361e3aaa0a56bd50d9388247e.mpf_cache
2025-10-16 18:01:30,631 : INFO : Machine : Mission Pinball Framework Core Engine v0.57.0.dev39
2025-10-16 18:01:30,631 : INFO : Machine : Command line arguments: {'no_load_cache': False, 'create_config_cache': True, 'bcp': True, 'configfile': ['config.yaml'], 'force_assets_load': False, 'jsonlogging': False, 'logfile': 'logs\\2025-10-16-18-01-30-mpf-DESKTOP-RK7BE5M.log', 'pause': False, 'production': False, 'text_ui': True, 'loglevel': 15, 'consoleloglevel': 20, 'force_platform': None, 'syslog_address': None, 'mc_file_name': None, 'no_sound': False}
2025-10-16 18:01:30,631 : INFO : Machine : MPF path: C:\Users\richa\mpfvirtual4\lib\site-packages\mpf
2025-10-16 18:01:30,631 : INFO : Machine : Machine path: C:\Users\richa\ttp7
2025-10-16 18:01:30,632 : INFO : Machine : Platform: win32
2025-10-16 18:01:30,632 : INFO : Machine : Python executable location: C:\Users\richa\mpfvirtual4\Scripts\python.exe
2025-10-16 18:01:30,632 : INFO : Machine : Python version: 3.9.13 (64-bit)
2025-10-16 18:01:30,633 : INFO : Machine : Initializing MPF...
2025-10-16 18:01:31,036 : INFO : EventManager : Event: ======'machine_var_credits_string'====== Args={'value': 'FREE PLAY', 'prev_value': None, 'change': True}
2025-10-16 18:01:31,098 : INFO : EventManager : Event: ======'machine_var_credit_units'====== Args={'value': 0, 'prev_value': None, 'change': True}
2025-10-16 18:01:31,099 : INFO : EventManager : Event: ======'machine_var_free_play'====== Args={'value': False, 'prev_value': None, 'change': True}
2025-10-16 18:01:31,099 : INFO : EventManager : Event: ======'machine_var_master_volume'====== Args={'value': 0.5, 'prev_value': None, 'change': True}
2025-10-16 18:01:31,099 : INFO : EventManager : Event: ======'machine_var_player1_score'====== Args={'value': 0, 'prev_value': None, 'change': True}
2025-10-16 18:01:31,099 : INFO : EventManager : Event: ======'machine_var_mpf_version'====== Args={'value': 'Mission Pinball Framework v0.57.0.dev39', 'prev_value': None, 'change': True}
2025-10-16 18:01:31,099 : INFO : EventManager : Event: ======'machine_var_mpf_extended_version'====== Args={'value': 'Mission Pinball Framework v0.57.0.dev39, Config version:6, Show version: 6, BCP version:1.1', 'prev_value': None, 'change': True}
2025-10-16 18:01:31,099 : INFO : EventManager : Event: ======'machine_var_python_version'====== Args={'value': '3.9.13', 'prev_value': None, 'change': True}
2025-10-16 18:01:31,109 : INFO : EventManager : Event: ======'machine_var_platform'====== Args={'value': 'Windows-10-10.0.19045-SP0', 'prev_value': None, 'change': True}
2025-10-16 18:01:31,109 : INFO : EventManager : Event: ======'machine_var_platform_system'====== Args={'value': 'Windows', 'prev_value': None, 'change': True}
2025-10-16 18:01:31,109 : INFO : EventManager : Event: ======'machine_var_platform_release'====== Args={'value': '10', 'prev_value': None, 'change': True}
2025-10-16 18:01:31,109 : INFO : EventManager : Event: ======'machine_var_platform_version'====== Args={'value': '10.0.19045', 'prev_value': None, 'change': True}
2025-10-16 18:01:31,109 : INFO : EventManager : Event: ======'machine_var_platform_machine'====== Args={'value': 'AMD64', 'prev_value': None, 'change': True}
2025-10-16 18:01:31,109 : INFO : EventManager : Event: ======'init_phase_1'====== Args={}
2025-10-16 18:01:31,157 : INFO : EventManager : Event: ======'drop_target_bank_TIME_up'====== Args={}
2025-10-16 18:01:31,157 : INFO : EventManager : Event: ======'drop_target_bank_TRAVEL_up'====== Args={}
2025-10-16 18:01:31,158 : INFO : EventManager : Event: ======'init_phase_2'====== Args={}
2025-10-16 18:01:31,158 : INFO : SwitchController : Found active switch: ('2', <Platform.SmartVirtual>) <switch.s_trough1>
2025-10-16 18:01:31,158 : INFO : SwitchController : Found active switch: ('3', <Platform.SmartVirtual>) <switch.s_trough2>
2025-10-16 18:01:31,158 : INFO : SwitchController : Found active switch: ('4', <Platform.SmartVirtual>) <switch.s_trough3>
2025-10-16 18:01:31,158 : INFO : SwitchController : Found active switch: ('5', <Platform.SmartVirtual>) <switch.s_trough4>
2025-10-16 18:01:31,158 : INFO : SwitchController : Found active switch: ('6', <Platform.SmartVirtual>) <switch.s_trough5>
2025-10-16 18:01:31,158 : INFO : SwitchController : Found active switch: ('7', <Platform.SmartVirtual>) <switch.s_trough6>
2025-10-16 18:01:31,177 : INFO : EventManager : Event: ======'bcp_connection_attempt'====== Args={'name': 'local_display', 'host': 'localhost', 'port': 5050}
2025-10-16 18:01:31,179 : INFO : BCPClientSocket : Connecting BCP to 'local_display' at localhost:5050...
2025-10-16 18:01:33,196 : INFO : BCPClientSocket : Connected BCP to 'local_display' localhost:5050
2025-10-16 18:01:33,197 : INFO : EventManager : Event: ======'bcp_clients_connected'====== Args={}
2025-10-16 18:01:33,537 : INFO : ball_device.bd_trough : BCH: Initial count: 6
2025-10-16 18:01:33,538 : INFO : EventManager : Event: ======'machine_var_mc_version'====== Args={'value': 'MPF-MC v0.57.0.dev10', 'prev_value': None, 'change': True}
2025-10-16 18:01:33,538 : INFO : EventManager : Event: ======'machine_var_mc_extended_version'====== Args={'value': 'MPF-MC v0.57.0.dev10 (config_version=6, BCP v1.1,                      Requires MPF API compatibility v0.57.0.dev19 or newer)', 'prev_value': None, 'change': True}
2025-10-16 18:01:33,540 : INFO : ball_device.bd_trough : State: idle
2025-10-16 18:01:33,622 : INFO : ball_device.bd_plunger : BCH: Initial count: 0
2025-10-16 18:01:33,622 : INFO : ball_device.bd_plunger : State: idle
2025-10-16 18:01:33,623 : INFO : ball_device.bd_left_scoop : BCH: Initial count: 0
2025-10-16 18:01:33,623 : INFO : ball_device.bd_left_scoop : State: idle
2025-10-16 18:01:33,623 : INFO : ball_device.bd_right_scoop : BCH: Initial count: 0
2025-10-16 18:01:33,623 : INFO : ball_device.bd_right_scoop : State: idle
2025-10-16 18:01:33,645 : INFO : EventManager : Event: ======'init_phase_3'====== Args={}
2025-10-16 18:01:33,653 : INFO : EventManager : Event: ======'init_phase_4'====== Args={}
2025-10-16 18:01:33,653 : INFO : BallController : Initial balls found: 6
2025-10-16 18:01:33,654 : INFO : EventManager : Event: ======'machine_var_audits_events_game_ended'====== Args={'value': 60, 'prev_value': None, 'change': True}
2025-10-16 18:01:33,655 : INFO : EventManager : Event: ======'machine_var_audits_events_game_started'====== Args={'value': 290, 'prev_value': None, 'change': True}
2025-10-16 18:01:33,655 : INFO : EventManager : Event: ======'machine_var_audits_missing_switches_s_A'====== Args={'value': 67, 'prev_value': None, 'change': True}
2025-10-16 18:01:33,655 : INFO : EventManager : Event: ======'machine_var_audits_missing_switches_s_E'====== Args={'value': 1, 'prev_value': None, 'change': True}
2025-10-16 18:01:33,655 : INFO : EventManager : Event: ======'machine_var_audits_missing_switches_s_Eb'====== Args={'value': 67, 'prev_value': None, 'change': True}
2025-10-16 18:01:33,655 : INFO : EventManager : Event: ======'machine_var_audits_missing_switches_s_I'====== Args={'value': 1, 'prev_value': None, 'change': True}
2025-10-16 18:01:33,655 : INFO : EventManager : Event: ======'machine_var_audits_missing_switches_s_L'====== Args={'value': 67, 'prev_value': None, 'change': True}
2025-10-16 18:01:33,655 : INFO : EventManager : Event: ======'machine_var_audits_missing_switches_s_M'====== Args={'value': 1, 'prev_value': None, 'change': True}
2025-10-16 18:01:33,655 : INFO : EventManager : Event: ======'machine_var_audits_missing_switches_s_R'====== Args={'value': 67, 'prev_value': None, 'change': True}
2025-10-16 18:01:33,656 : INFO : EventManager : Event: ======'machine_var_audits_missing_switches_s_T'====== Args={'value': 1, 'prev_value': None, 'change': True}
2025-10-16 18:01:33,656 : INFO : EventManager : Event: ======'machine_var_audits_missing_switches_s_Tb'====== Args={'value': 67, 'prev_value': None, 'change': True}
2025-10-16 18:01:33,656 : INFO : EventManager : Event: ======'machine_var_audits_missing_switches_s_V'====== Args={'value': 67, 'prev_value': None, 'change': True}
2025-10-16 18:01:33,656 : INFO : EventManager : Event: ======'machine_var_audits_missing_switches_s_bumper1'====== Args={'value': 20, 'prev_value': None, 'change': True}
2025-10-16 18:01:33,656 : INFO : EventManager : Event: ======'machine_var_audits_missing_switches_s_bumper2'====== Args={'value': 11, 'prev_value': None, 'change': True}
2025-10-16 18:01:33,656 : INFO : EventManager : Event: ======'machine_var_audits_missing_switches_s_bumper_1'====== Args={'value': 28, 'prev_value': None, 'change': True}
2025-10-16 18:01:33,657 : INFO : EventManager : Event: ======'machine_var_audits_missing_switches_s_bumper_2'====== Args={'value': 28, 'prev_value': None, 'change': True}
2025-10-16 18:01:33,657 : INFO : EventManager : Event: ======'machine_var_audits_missing_switches_s_center_center_target'====== Args={'value': 53, 'prev_value': None, 'change': True}
2025-10-16 18:01:33,657 : INFO : EventManager : Event: ======'machine_var_audits_missing_switches_s_center_rollover'====== Args={'value': 9, 'prev_value': None, 'change': True}
2025-10-16 18:01:33,657 : INFO : EventManager : Event: ======'machine_var_audits_missing_switches_s_center_scoop'====== Args={'value': 63, 'prev_value': None, 'change': True}
2025-10-16 18:01:33,657 : INFO : EventManager : Event: ======'machine_var_audits_missing_switches_s_launcher_lane_spinner'====== Args={'value': 216, 'prev_value': None, 'change': True}
2025-10-16 18:01:33,658 : INFO : EventManager : Event: ======'machine_var_audits_missing_switches_s_left_center_target'====== Args={'value': 53, 'prev_value': None, 'change': True}
2025-10-16 18:01:33,658 : INFO : EventManager : Event: ======'machine_var_audits_missing_switches_s_left_corridor_spinner'====== Args={'value': 216, 'prev_value': None, 'change': True}
2025-10-16 18:01:33,658 : INFO : EventManager : Event: ======'machine_var_audits_missing_switches_s_left_corridor_spinner2'====== Args={'value': 216, 'prev_value': None, 'change': True}
2025-10-16 18:01:33,658 : INFO : EventManager : Event: ======'machine_var_audits_missing_switches_s_left_flipper'====== Args={'value': 139, 'prev_value': None, 'change': True}
2025-10-16 18:01:33,659 : INFO : EventManager : Event: ======'machine_var_audits_missing_switches_s_left_inlane'====== Args={'value': 243, 'prev_value': None, 'change': True}
2025-10-16 18:01:33,659 : INFO : EventManager : Event: ======'machine_var_audits_missing_switches_s_left_outlane'====== Args={'value': 253, 'prev_value': None, 'change': True}
2025-10-16 18:01:33,659 : INFO : EventManager : Event: ======'machine_var_audits_missing_switches_s_left_rollover'====== Args={'value': 9, 'prev_value': None, 'change': True}
2025-10-16 18:01:33,659 : INFO : EventManager : Event: ======'machine_var_audits_missing_switches_s_left_scoop'====== Args={'value': 9, 'prev_value': None, 'change': True}
2025-10-16 18:01:33,659 : INFO : EventManager : Event: ======'machine_var_audits_missing_switches_s_left_standup'====== Args={'value': 215, 'prev_value': None, 'change': True}
2025-10-16 18:01:33,660 : INFO : EventManager : Event: ======'machine_var_audits_missing_switches_s_right_center_target'====== Args={'value': 53, 'prev_value': None, 'change': True}
2025-10-16 18:01:33,660 : INFO : EventManager : Event: ======'machine_var_audits_missing_switches_s_right_corridor_spinner'====== Args={'value': 57, 'prev_value': None, 'change': True}
2025-10-16 18:01:33,661 : INFO : EventManager : Event: ======'machine_var_audits_missing_switches_s_right_flipper'====== Args={'value': 9, 'prev_value': None, 'change': True}
2025-10-16 18:01:33,661 : INFO : EventManager : Event: ======'machine_var_audits_missing_switches_s_right_inlane'====== Args={'value': 33, 'prev_value': None, 'change': True}
2025-10-16 18:01:33,661 : INFO : EventManager : Event: ======'machine_var_audits_missing_switches_s_right_outlane'====== Args={'value': 63, 'prev_value': None, 'change': True}
2025-10-16 18:01:33,661 : INFO : EventManager : Event: ======'machine_var_audits_missing_switches_s_right_scoop'====== Args={'value': 61, 'prev_value': None, 'change': True}
2025-10-16 18:01:33,662 : INFO : EventManager : Event: ======'machine_var_audits_missing_switches_s_right_standup'====== Args={'value': 1, 'prev_value': None, 'change': True}
2025-10-16 18:01:33,662 : INFO : EventManager : Event: ======'machine_var_audits_missing_switches_s_service_coin'====== Args={'value': 53, 'prev_value': None, 'change': True}
2025-10-16 18:01:33,662 : INFO : EventManager : Event: ======'machine_var_audits_missing_switches_s_sling_left'====== Args={'value': 243, 'prev_value': None, 'change': True}
2025-10-16 18:01:33,662 : INFO : EventManager : Event: ======'machine_var_audits_missing_switches_s_sling_right'====== Args={'value': 139, 'prev_value': None, 'change': True}
2025-10-16 18:01:33,663 : INFO : EventManager : Event: ======'machine_var_audits_missing_switches_s_standup_1'====== Args={'value': 10, 'prev_value': None, 'change': True}
2025-10-16 18:01:33,663 : INFO : EventManager : Event: ======'machine_var_audits_missing_switches_s_standup_2'====== Args={'value': 10, 'prev_value': None, 'change': True}
2025-10-16 18:01:33,663 : INFO : EventManager : Event: ======'machine_var_audits_missing_switches_s_standup_3'====== Args={'value': 10, 'prev_value': None, 'change': True}
2025-10-16 18:01:33,663 : INFO : EventManager : Event: ======'machine_var_audits_missing_switches_s_standup_4'====== Args={'value': 11, 'prev_value': None, 'change': True}
2025-10-16 18:01:33,664 : INFO : EventManager : Event: ======'machine_var_audits_missing_switches_s_standup_5'====== Args={'value': 11, 'prev_value': None, 'change': True}
2025-10-16 18:01:33,664 : INFO : EventManager : Event: ======'machine_var_audits_missing_switches_s_standup_6'====== Args={'value': 11, 'prev_value': None, 'change': True}
2025-10-16 18:01:33,664 : INFO : EventManager : Event: ======'machine_var_audits_missing_switches_s_top_left_standup'====== Args={'value': 61, 'prev_value': None, 'change': True}
2025-10-16 18:01:33,664 : INFO : EventManager : Event: ======'machine_var_audits_missing_switches_s_top_left_standup2'====== Args={'value': 156, 'prev_value': None, 'change': True}
2025-10-16 18:01:33,665 : INFO : EventManager : Event: ======'machine_var_audits_missing_switches_s_trough2'====== Args={'value': 290, 'prev_value': None, 'change': True}
2025-10-16 18:01:33,665 : INFO : EventManager : Event: ======'machine_var_audits_missing_switches_s_trough3'====== Args={'value': 290, 'prev_value': None, 'change': True}
2025-10-16 18:01:33,665 : INFO : EventManager : Event: ======'machine_var_audits_missing_switches_s_trough4'====== Args={'value': 290, 'prev_value': None, 'change': True}
2025-10-16 18:01:33,665 : INFO : EventManager : Event: ======'machine_var_audits_missing_switches_s_trough5'====== Args={'value': 290, 'prev_value': None, 'change': True}
2025-10-16 18:01:33,666 : INFO : EventManager : Event: ======'machine_var_audits_missing_switches_s_trough6'====== Args={'value': 290, 'prev_value': None, 'change': True}
2025-10-16 18:01:33,666 : INFO : EventManager : Event: ======'machine_var_audits_missing_switches_s_trough_jam'====== Args={'value': 290, 'prev_value': None, 'change': True}
2025-10-16 18:01:33,666 : INFO : EventManager : Event: ======'machine_var_audits_player_score'====== Args={'value': {'average': 5748990, 'top': [75043600, 70538842, 47521800, 43517500, 41236342, 31835000, 13531600, 13201700, 9012700, 3012500], 'total': 63}, 'prev_value': None, 'change': True}
2025-10-16 18:01:33,667 : INFO : EventManager : Event: ======'machine_var_audits_shots_A'====== Args={'value': 34, 'prev_value': None, 'change': True}
2025-10-16 18:01:33,667 : INFO : EventManager : Event: ======'machine_var_audits_shots_E'====== Args={'value': 178, 'prev_value': None, 'change': True}
2025-10-16 18:01:33,667 : INFO : EventManager : Event: ======'machine_var_audits_shots_Eb'====== Args={'value': 31, 'prev_value': None, 'change': True}
2025-10-16 18:01:33,667 : INFO : EventManager : Event: ======'machine_var_audits_shots_I'====== Args={'value': 173, 'prev_value': None, 'change': True}
2025-10-16 18:01:33,668 : INFO : EventManager : Event: ======'machine_var_audits_shots_L'====== Args={'value': 32, 'prev_value': None, 'change': True}
2025-10-16 18:01:33,668 : INFO : EventManager : Event: ======'machine_var_audits_shots_M'====== Args={'value': 174, 'prev_value': None, 'change': True}
2025-10-16 18:01:33,668 : INFO : EventManager : Event: ======'machine_var_audits_shots_R'====== Args={'value': 43, 'prev_value': None, 'change': True}
2025-10-16 18:01:33,669 : INFO : EventManager : Event: ======'machine_var_audits_shots_T'====== Args={'value': 177, 'prev_value': None, 'change': True}
2025-10-16 18:01:33,669 : INFO : EventManager : Event: ======'machine_var_audits_shots_Tb'====== Args={'value': 47, 'prev_value': None, 'change': True}
2025-10-16 18:01:33,669 : INFO : EventManager : Event: ======'machine_var_audits_shots_V'====== Args={'value': 31, 'prev_value': None, 'change': True}
2025-10-16 18:01:33,670 : INFO : EventManager : Event: ======'machine_var_audits_shots_bumper1_shot'====== Args={'value': 253, 'prev_value': None, 'change': True}
2025-10-16 18:01:33,670 : INFO : EventManager : Event: ======'machine_var_audits_shots_bumper2_shot'====== Args={'value': 750, 'prev_value': None, 'change': True}
2025-10-16 18:01:33,671 : INFO : EventManager : Event: ======'machine_var_audits_shots_center_rollover'====== Args={'value': 7, 'prev_value': None, 'change': True}
2025-10-16 18:01:33,671 : INFO : EventManager : Event: ======'machine_var_audits_shots_center_rollover_shot'====== Args={'value': 313, 'prev_value': None, 'change': True}
2025-10-16 18:01:33,671 : INFO : EventManager : Event: ======'machine_var_audits_shots_jets'====== Args={'value': 944, 'prev_value': None, 'change': True}
2025-10-16 18:01:33,672 : INFO : EventManager : Event: ======'machine_var_audits_shots_left_rollover'====== Args={'value': 36, 'prev_value': None, 'change': True}
2025-10-16 18:01:33,672 : INFO : EventManager : Event: ======'machine_var_audits_shots_left_rollover_shot'====== Args={'value': 255, 'prev_value': None, 'change': True}
2025-10-16 18:01:33,672 : INFO : EventManager : Event: ======'machine_var_audits_shots_left_scoop_shot'====== Args={'value': 28, 'prev_value': None, 'change': True}
2025-10-16 18:01:33,673 : INFO : EventManager : Event: ======'machine_var_audits_shots_middle_inlane_shot'====== Args={'value': 20, 'prev_value': None, 'change': True}
2025-10-16 18:01:33,673 : INFO : EventManager : Event: ======'machine_var_audits_shots_my_first_shot'====== Args={'value': 95, 'prev_value': None, 'change': True}
2025-10-16 18:01:33,673 : INFO : EventManager : Event: ======'machine_var_audits_shots_right_inlane_shot'====== Args={'value': 96, 'prev_value': None, 'change': True}
2025-10-16 18:01:33,674 : INFO : EventManager : Event: ======'machine_var_audits_shots_right_rollover'====== Args={'value': 41, 'prev_value': None, 'change': True}
2025-10-16 18:01:33,674 : INFO : EventManager : Event: ======'machine_var_audits_shots_right_rollover_shot'====== Args={'value': 352, 'prev_value': None, 'change': True}
2025-10-16 18:01:33,675 : INFO : EventManager : Event: ======'machine_var_audits_shots_right_scoop_shot'====== Args={'value': 47, 'prev_value': None, 'change': True}
2025-10-16 18:01:33,675 : INFO : EventManager : Event: ======'machine_var_audits_shots_right_standup'====== Args={'value': 33, 'prev_value': None, 'change': True}
2025-10-16 18:01:33,676 : INFO : EventManager : Event: ======'machine_var_audits_shots_standup_1_skill'====== Args={'value': 50, 'prev_value': None, 'change': True}
2025-10-16 18:01:33,676 : INFO : EventManager : Event: ======'machine_var_audits_shots_standup_2_skill'====== Args={'value': 27, 'prev_value': None, 'change': True}
2025-10-16 18:01:33,677 : INFO : EventManager : Event: ======'machine_var_audits_shots_standup_3_skill'====== Args={'value': 10, 'prev_value': None, 'change': True}
2025-10-16 18:01:33,677 : INFO : EventManager : Event: ======'machine_var_audits_shots_standup_4_skill'====== Args={'value': 8, 'prev_value': None, 'change': True}
2025-10-16 18:01:33,677 : INFO : EventManager : Event: ======'machine_var_audits_shots_standup_5_skill'====== Args={'value': 4, 'prev_value': None, 'change': True}
2025-10-16 18:01:33,677 : INFO : EventManager : Event: ======'machine_var_audits_shots_standup_6_skill'====== Args={'value': 2, 'prev_value': None, 'change': True}
2025-10-16 18:01:33,678 : INFO : EventManager : Event: ======'machine_var_audits_shots_top_middle_inlane_shot'====== Args={'value': 41, 'prev_value': None, 'change': True}
2025-10-16 18:01:33,678 : INFO : EventManager : Event: ======'machine_var_audits_switches_s_A'====== Args={'value': 0, 'prev_value': None, 'change': True}
2025-10-16 18:01:33,679 : INFO : EventManager : Event: ======'machine_var_audits_switches_s_E'====== Args={'value': 182, 'prev_value': None, 'change': True}
2025-10-16 18:01:33,679 : INFO : EventManager : Event: ======'machine_var_audits_switches_s_Eb'====== Args={'value': 0, 'prev_value': None, 'change': True}
2025-10-16 18:01:33,679 : INFO : EventManager : Event: ======'machine_var_audits_switches_s_I'====== Args={'value': 177, 'prev_value': None, 'change': True}
2025-10-16 18:01:33,679 : INFO : EventManager : Event: ======'machine_var_audits_switches_s_L'====== Args={'value': 0, 'prev_value': None, 'change': True}
2025-10-16 18:01:33,680 : INFO : EventManager : Event: ======'machine_var_audits_switches_s_M'====== Args={'value': 178, 'prev_value': None, 'change': True}
2025-10-16 18:01:33,680 : INFO : EventManager : Event: ======'machine_var_audits_switches_s_R'====== Args={'value': 0, 'prev_value': None, 'change': True}
2025-10-16 18:01:33,680 : INFO : EventManager : Event: ======'machine_var_audits_switches_s_T'====== Args={'value': 181, 'prev_value': None, 'change': True}
2025-10-16 18:01:33,680 : INFO : EventManager : Event: ======'machine_var_audits_switches_s_Tb'====== Args={'value': 0, 'prev_value': None, 'change': True}
2025-10-16 18:01:33,681 : INFO : EventManager : Event: ======'machine_var_audits_switches_s_V'====== Args={'value': 0, 'prev_value': None, 'change': True}
2025-10-16 18:01:33,681 : INFO : EventManager : Event: ======'machine_var_audits_switches_s_bumper1'====== Args={'value': 253, 'prev_value': None, 'change': True}
2025-10-16 18:01:33,681 : INFO : EventManager : Event: ======'machine_var_audits_switches_s_bumper2'====== Args={'value': 754, 'prev_value': None, 'change': True}
2025-10-16 18:01:33,682 : INFO : EventManager : Event: ======'machine_var_audits_switches_s_bumper_1'====== Args={'value': 0, 'prev_value': None, 'change': True}
2025-10-16 18:01:33,682 : INFO : EventManager : Event: ======'machine_var_audits_switches_s_bumper_2'====== Args={'value': 0, 'prev_value': None, 'change': True}
2025-10-16 18:01:33,682 : INFO : EventManager : Event: ======'machine_var_audits_switches_s_center_center_target'====== Args={'value': 5, 'prev_value': None, 'change': True}
2025-10-16 18:01:33,683 : INFO : EventManager : Event: ======'machine_var_audits_switches_s_center_rollover'====== Args={'value': 322, 'prev_value': None, 'change': True}
2025-10-16 18:01:33,683 : INFO : EventManager : Event: ======'machine_var_audits_switches_s_center_scoop'====== Args={'value': 2, 'prev_value': None, 'change': True}
2025-10-16 18:01:33,683 : INFO : EventManager : Event: ======'machine_var_audits_switches_s_coin_left'====== Args={'value': 8, 'prev_value': None, 'change': True}
2025-10-16 18:01:33,683 : INFO : EventManager : Event: ======'machine_var_audits_switches_s_launcher_lane_spinner'====== Args={'value': 0, 'prev_value': None, 'change': True}
2025-10-16 18:01:33,684 : INFO : EventManager : Event: ======'machine_var_audits_switches_s_left_center_target'====== Args={'value': 6, 'prev_value': None, 'change': True}
2025-10-16 18:01:33,684 : INFO : EventManager : Event: ======'machine_var_audits_switches_s_left_corridor_spinner'====== Args={'value': 0, 'prev_value': None, 'change': True}
2025-10-16 18:01:33,685 : INFO : EventManager : Event: ======'machine_var_audits_switches_s_left_corridor_spinner2'====== Args={'value': 0, 'prev_value': None, 'change': True}
2025-10-16 18:01:33,685 : INFO : EventManager : Event: ======'machine_var_audits_switches_s_left_flipper'====== Args={'value': 330, 'prev_value': None, 'change': True}
2025-10-16 18:01:33,685 : INFO : EventManager : Event: ======'machine_var_audits_switches_s_left_inlane'====== Args={'value': 8, 'prev_value': None, 'change': True}
2025-10-16 18:01:33,686 : INFO : EventManager : Event: ======'machine_var_audits_switches_s_left_outlane'====== Args={'value': 3, 'prev_value': None, 'change': True}
2025-10-16 18:01:33,686 : INFO : EventManager : Event: ======'machine_var_audits_switches_s_left_rollover'====== Args={'value': 263, 'prev_value': None, 'change': True}
2025-10-16 18:01:33,686 : INFO : EventManager : Event: ======'machine_var_audits_switches_s_left_scoop'====== Args={'value': 234, 'prev_value': None, 'change': True}
2025-10-16 18:01:33,687 : INFO : EventManager : Event: ======'machine_var_audits_switches_s_left_standup'====== Args={'value': 0, 'prev_value': None, 'change': True}
2025-10-16 18:01:33,687 : INFO : EventManager : Event: ======'machine_var_audits_switches_s_middle_inlane'====== Args={'value': 20, 'prev_value': None, 'change': True}
2025-10-16 18:01:33,687 : INFO : EventManager : Event: ======'machine_var_audits_switches_s_plunger'====== Args={'value': 508, 'prev_value': None, 'change': True}
2025-10-16 18:01:33,687 : INFO : EventManager : Event: ======'machine_var_audits_switches_s_right_center_target'====== Args={'value': 9, 'prev_value': None, 'change': True}
2025-10-16 18:01:33,688 : INFO : EventManager : Event: ======'machine_var_audits_switches_s_right_corridor_spinner'====== Args={'value': 9, 'prev_value': None, 'change': True}
2025-10-16 18:01:33,688 : INFO : EventManager : Event: ======'machine_var_audits_switches_s_right_flipper'====== Args={'value': 147, 'prev_value': None, 'change': True}
2025-10-16 18:01:33,688 : INFO : EventManager : Event: ======'machine_var_audits_switches_s_right_inlane'====== Args={'value': 223, 'prev_value': None, 'change': True}
2025-10-16 18:01:33,689 : INFO : EventManager : Event: ======'machine_var_audits_switches_s_right_outlane'====== Args={'value': 4, 'prev_value': None, 'change': True}
2025-10-16 18:01:33,689 : INFO : EventManager : Event: ======'machine_var_audits_switches_s_right_rollover'====== Args={'value': 361, 'prev_value': None, 'change': True}
2025-10-16 18:01:33,689 : INFO : EventManager : Event: ======'machine_var_audits_switches_s_right_scoop'====== Args={'value': 64, 'prev_value': None, 'change': True}
2025-10-16 18:01:33,690 : INFO : EventManager : Event: ======'machine_var_audits_switches_s_right_standup'====== Args={'value': 138, 'prev_value': None, 'change': True}
2025-10-16 18:01:33,691 : INFO : EventManager : Event: ======'machine_var_audits_switches_s_service_coin'====== Args={'value': 0, 'prev_value': None, 'change': True}
2025-10-16 18:01:33,691 : INFO : EventManager : Event: ======'machine_var_audits_switches_s_sling_left'====== Args={'value': 3, 'prev_value': None, 'change': True}
2025-10-16 18:01:33,692 : INFO : EventManager : Event: ======'machine_var_audits_switches_s_sling_right'====== Args={'value': 8, 'prev_value': None, 'change': True}
2025-10-16 18:01:33,692 : INFO : EventManager : Event: ======'machine_var_audits_switches_s_standup_1'====== Args={'value': 131, 'prev_value': None, 'change': True}
2025-10-16 18:01:33,693 : INFO : EventManager : Event: ======'machine_var_audits_switches_s_standup_2'====== Args={'value': 86, 'prev_value': None, 'change': True}
2025-10-16 18:01:33,694 : INFO : EventManager : Event: ======'machine_var_audits_switches_s_standup_3'====== Args={'value': 76, 'prev_value': None, 'change': True}
2025-10-16 18:01:33,694 : INFO : EventManager : Event: ======'machine_var_audits_switches_s_standup_4'====== Args={'value': 56, 'prev_value': None, 'change': True}
2025-10-16 18:01:33,695 : INFO : EventManager : Event: ======'machine_var_audits_switches_s_standup_5'====== Args={'value': 54, 'prev_value': None, 'change': True}
2025-10-16 18:01:33,695 : INFO : EventManager : Event: ======'machine_var_audits_switches_s_standup_6'====== Args={'value': 44, 'prev_value': None, 'change': True}
2025-10-16 18:01:33,696 : INFO : EventManager : Event: ======'machine_var_audits_switches_s_start'====== Args={'value': 43, 'prev_value': None, 'change': True}
2025-10-16 18:01:33,697 : INFO : EventManager : Event: ======'machine_var_audits_switches_s_top_left_standup'====== Args={'value': 8, 'prev_value': None, 'change': True}
2025-10-16 18:01:33,697 : INFO : EventManager : Event: ======'machine_var_audits_switches_s_top_left_standup2'====== Args={'value': 15, 'prev_value': None, 'change': True}
2025-10-16 18:01:33,697 : INFO : EventManager : Event: ======'machine_var_audits_switches_s_top_middle_inlane'====== Args={'value': 41, 'prev_value': None, 'change': True}
2025-10-16 18:01:33,698 : INFO : EventManager : Event: ======'machine_var_audits_switches_s_trough1'====== Args={'value': 299, 'prev_value': None, 'change': True}
2025-10-16 18:01:33,698 : INFO : EventManager : Event: ======'machine_var_audits_switches_s_trough2'====== Args={'value': 0, 'prev_value': None, 'change': True}
2025-10-16 18:01:33,698 : INFO : EventManager : Event: ======'machine_var_audits_switches_s_trough3'====== Args={'value': 0, 'prev_value': None, 'change': True}
2025-10-16 18:01:33,699 : INFO : EventManager : Event: ======'machine_var_audits_switches_s_trough4'====== Args={'value': 0, 'prev_value': None, 'change': True}
2025-10-16 18:01:33,699 : INFO : EventManager : Event: ======'machine_var_audits_switches_s_trough5'====== Args={'value': 0, 'prev_value': None, 'change': True}
2025-10-16 18:01:33,700 : INFO : EventManager : Event: ======'machine_var_audits_switches_s_trough6'====== Args={'value': 0, 'prev_value': None, 'change': True}
2025-10-16 18:01:33,700 : INFO : EventManager : Event: ======'machine_var_audits_switches_s_trough_jam'====== Args={'value': 0, 'prev_value': None, 'change': True}
2025-10-16 18:01:33,701 : INFO : EventManager : Event: ======'init_phase_5'====== Args={}
2025-10-16 18:01:33,755 : INFO : EventManager : Event: ======'init_done'====== Args={}
2025-10-16 18:01:33,774 : INFO : EventManager : Event: ======'machine_reset_phase_1'====== Args={}
2025-10-16 18:01:33,777 : INFO : EventManager : Event: ======'slide_window_slide_1_removed'====== Args={'_from_bcp': True}
2025-10-16 18:01:33,807 : INFO : EventManager : Event: ======'slide_window_slide_1_created'====== Args={'_from_bcp': True}
2025-10-16 18:01:33,809 : INFO : EventManager : Event: ======'slide_window_slide_1_active'====== Args={'_from_bcp': True}
2025-10-16 18:01:33,809 : INFO : EventManager : Event: ======'machine_reset_phase_2'====== Args={}
2025-10-16 18:01:33,809 : INFO : EventManager : Event: ======'machine_reset_phase_3'====== Args={}
2025-10-16 18:01:33,810 : INFO : drop_target_bank.TIME : All targets are already up. Will not reset bank.
2025-10-16 18:01:33,810 : INFO : drop_target_bank.TRAVEL : All targets are already up. Will not reset bank.
2025-10-16 18:01:33,810 : INFO : EventManager : Event: ======'reset_complete'====== Args={}
2025-10-16 18:01:33,810 : INFO : EventManager : Event: ======'mode_credits_will_start'====== Args={}
2025-10-16 18:01:33,811 : INFO : EventManager : Event: ======'mode_credits_starting'====== Args={}
2025-10-16 18:01:33,811 : INFO : EventManager : Event: ======'mode_attract_will_start'====== Args={}
2025-10-16 18:01:33,812 : INFO : EventManager : Event: ======'mode_attract_starting'====== Args={}
2025-10-16 18:01:33,812 : INFO : Mode.attract : Started. Priority: 10
2025-10-16 18:01:33,812 : INFO : EventManager : Event: ======'modes_active_modes_changed'====== Args={}
2025-10-16 18:01:33,812 : INFO : EventManager : Event: ======'mode_attract_started'====== Args={}
2025-10-16 18:01:33,813 : INFO : EventManager : Event: ======'collecting_balls_complete'====== Args={}
2025-10-16 18:01:33,813 : INFO : Mode.credits : Started. Priority: 1000010
2025-10-16 18:01:33,813 : INFO : EventManager : Event: ======'modes_active_modes_changed'====== Args={}
2025-10-16 18:01:33,813 : INFO : EventManager : Event: ======'mode_credits_started'====== Args={}
2025-10-16 18:01:33,813 : INFO : Mode.credits : Credit units per game: 2
2025-10-16 18:01:33,813 : INFO : EventManager : Event: ======'machine_var_price_per_game_raw_0'====== Args={'value': 0.5, 'prev_value': None, 'change': True}
2025-10-16 18:01:33,814 : INFO : EventManager : Event: ======'machine_var_price_per_game_string_0'====== Args={'value': '1 CREDITS $0.5', 'prev_value': None, 'change': True}
2025-10-16 18:01:33,814 : INFO : EventManager : Event: ======'machine_var_price_per_game_raw_1'====== Args={'value': 2.0, 'prev_value': None, 'change': True}
2025-10-16 18:01:33,815 : INFO : EventManager : Event: ======'machine_var_price_per_game_string_1'====== Args={'value': '5 CREDITS $2.0', 'prev_value': None, 'change': True}
2025-10-16 18:01:33,816 : INFO : EventManager : Event: ======'machine_var_credits_string'====== Args={'value': ' ', 'prev_value': 'FREE PLAY', 'change': True}
2025-10-16 18:01:33,816 : INFO : EventManager : Event: ======'machine_var_credits_value'====== Args={'value': '0', 'prev_value': None, 'change': True}
2025-10-16 18:01:33,817 : INFO : EventManager : Event: ======'machine_var_credits_whole_num'====== Args={'value': 0, 'prev_value': None, 'change': True}
2025-10-16 18:01:33,818 : INFO : EventManager : Event: ======'machine_var_credits_numerator'====== Args={'value': 0, 'prev_value': None, 'change': True}
2025-10-16 18:01:33,819 : INFO : EventManager : Event: ======'machine_var_credits_denominator'====== Args={'value': 0, 'prev_value': None, 'change': True}
2025-10-16 18:01:33,820 : INFO : EventManager : Event: ======'machine_var_credits_string'====== Args={'value': 'CREDITS 0', 'prev_value': ' ', 'change': True}
2025-10-16 18:01:33,821 : INFO : EventManager : Event: ======'machine_var_credits_denominator'====== Args={'value': 2, 'prev_value': 0, 'change': 2}
2025-10-16 18:01:33,867 : INFO : EventManager : Event: ======'slide_awesome_slide_created'====== Args={'_from_bcp': True}
2025-10-16 18:01:33,867 : INFO : EventManager : Event: ======'slide_awesome_slide_active'====== Args={'_from_bcp': True}
2025-10-16 18:01:33,868 : INFO : Machine : Starting the main run loop.
2025-10-16 18:01:34,139 : INFO : BcpServer : New client connected.
2025-10-16 18:01:36,807 : INFO : EventManager : Event: ======'slide_press_start_created'====== Args={'_from_bcp': True}
2025-10-16 18:01:36,810 : INFO : EventManager : Event: ======'slide_press_start_active'====== Args={'_from_bcp': True}
2025-10-16 18:01:39,024 : INFO : SwitchController : <<<<<<< 's_start' active >>>>>>>
2025-10-16 18:01:39,093 : INFO : SwitchController : <<<<<<< 's_start' inactive >>>>>>>
2025-10-16 18:01:39,093 : INFO : EventManager : Event: ======'request_to_start_game'====== Args={}
2025-10-16 18:01:39,094 : INFO : Mode.credits : Received request to start game. Request Denied. Not enough credits available.
2025-10-16 18:01:39,094 : INFO : EventManager : Event: ======'not_enough_credits'====== Args={}
2025-10-16 18:01:39,116 : INFO : EventManager : Event: ======'slide_not_enough_credits_slide_created'====== Args={'_from_bcp': True}
2025-10-16 18:01:39,125 : INFO : EventManager : Event: ======'slide_not_enough_credits_slide_active'====== Args={'_from_bcp': True}
2025-10-16 18:01:39,814 : INFO : EventManager : Event: ======'slide_mission_pinball_created'====== Args={'_from_bcp': True}
2025-10-16 18:01:40,125 : INFO : SwitchController : <<<<<<< 's_coin_left' active >>>>>>>
2025-10-16 18:01:40,125 : INFO : Mode.credits : Credit switch hit. Credit Added. Value: 0.25. Type: money keyName: None
2025-10-16 18:01:40,125 : INFO : Mode.credits : Credit units added
2025-10-16 18:01:40,126 : INFO : EventManager : Event: ======'machine_var_credit_units'====== Args={'value': 1, 'prev_value': 0, 'change': 1}
2025-10-16 18:01:40,127 : INFO : EventManager : Event: ======'machine_var_credits_string'====== Args={'value': 'CREDITS 1/2', 'prev_value': 'CREDITS 0', 'change': True}
2025-10-16 18:01:40,128 : INFO : EventManager : Event: ======'machine_var_credits_value'====== Args={'value': '1/2', 'prev_value': '0', 'change': True}
2025-10-16 18:01:40,128 : INFO : EventManager : Event: ======'machine_var_credits_numerator'====== Args={'value': 1, 'prev_value': 0, 'change': 1}
2025-10-16 18:01:40,129 : INFO : EventManager : Event: ======'credits_added'====== Args={}
2025-10-16 18:01:40,130 : INFO : Mode.credits : Credit audits. Value: 0.25. Type: money keyName: None
2025-10-16 18:01:40,148 : INFO : EventManager : Event: ======'slide_credit_added_slide_created'====== Args={'_from_bcp': True}
2025-10-16 18:01:40,161 : INFO : EventManager : Event: ======'slide_credit_added_slide_active'====== Args={'_from_bcp': True}
2025-10-16 18:01:40,208 : INFO : SwitchController : <<<<<<< 's_coin_left' inactive >>>>>>>
2025-10-16 18:01:40,558 : INFO : SwitchController : <<<<<<< 's_coin_left' active >>>>>>>
2025-10-16 18:01:40,558 : INFO : Mode.credits : Credit switch hit. Credit Added. Value: 0.25. Type: money keyName: None
2025-10-16 18:01:40,558 : INFO : Mode.credits : Credit units added
2025-10-16 18:01:40,558 : INFO : EventManager : Event: ======'machine_var_credit_units'====== Args={'value': 2, 'prev_value': 1, 'change': 1}
2025-10-16 18:01:40,560 : INFO : EventManager : Event: ======'machine_var_credits_string'====== Args={'value': 'CREDITS 1', 'prev_value': 'CREDITS 1/2', 'change': True}
2025-10-16 18:01:40,561 : INFO : EventManager : Event: ======'machine_var_credits_value'====== Args={'value': '1', 'prev_value': '1/2', 'change': True}
2025-10-16 18:01:40,561 : INFO : EventManager : Event: ======'machine_var_credits_whole_num'====== Args={'value': 1, 'prev_value': 0, 'change': 1}
2025-10-16 18:01:40,563 : INFO : EventManager : Event: ======'machine_var_credits_numerator'====== Args={'value': 0, 'prev_value': 1, 'change': -1}
2025-10-16 18:01:40,563 : INFO : EventManager : Event: ======'credits_added'====== Args={}
2025-10-16 18:01:40,564 : INFO : Mode.credits : Credit audits. Value: 0.25. Type: money keyName: None
2025-10-16 18:01:40,580 : INFO : EventManager : Event: ======'slide_credit_added_slide_removed'====== Args={'_from_bcp': True}
2025-10-16 18:01:40,582 : INFO : EventManager : Event: ======'slide_credit_added_slide_created'====== Args={'_from_bcp': True}
2025-10-16 18:01:40,583 : INFO : EventManager : Event: ======'slide_credit_added_slide_removed'====== Args={'_from_bcp': True}
2025-10-16 18:01:40,593 : INFO : EventManager : Event: ======'slide_credit_added_slide_active'====== Args={'_from_bcp': True}
2025-10-16 18:01:40,658 : INFO : SwitchController : <<<<<<< 's_coin_left' inactive >>>>>>>
2025-10-16 18:01:41,126 : INFO : EventManager : Event: ======'slide_not_enough_credits_slide_removed'====== Args={'_from_bcp': True}
2025-10-16 18:01:42,592 : INFO : EventManager : Event: ======'slide_credit_added_slide_removed'====== Args={'_from_bcp': True}
2025-10-16 18:01:42,596 : INFO : EventManager : Event: ======'slide_mission_pinball_active'====== Args={'_from_bcp': True}
2025-10-16 18:01:42,808 : INFO : EventManager : Event: ======'slide_last_game_score_slide_created'====== Args={'_from_bcp': True}
2025-10-16 18:01:42,812 : INFO : EventManager : Event: ======'slide_last_game_score_slide_active'====== Args={'_from_bcp': True}
2025-10-16 18:01:44,859 : INFO : SwitchController : <<<<<<< 's_start' active >>>>>>>
2025-10-16 18:01:44,959 : INFO : SwitchController : <<<<<<< 's_start' inactive >>>>>>>
2025-10-16 18:01:44,959 : INFO : EventManager : Event: ======'request_to_start_game'====== Args={}
2025-10-16 18:01:44,960 : INFO : Mode.credits : Received request to start game. Request Approved. Sufficient credits available.
2025-10-16 18:01:44,960 : INFO : EventManager : Event: ======'game_start'====== Args={'buttons': [], 'hold_time': 0.11000000000058208}
2025-10-16 18:01:44,960 : INFO : EventManager : Event: ======'mode_game_will_start'====== Args={'buttons': [], 'hold_time': 0.11000000000058208}
2025-10-16 18:01:44,961 : INFO : EventManager : Event: ======'mode_game_starting'====== Args={'buttons': [], 'hold_time': 0.11000000000058208}
2025-10-16 18:01:44,961 : INFO : EventManager : Event: ======'mode_attract_will_stop'====== Args={}
2025-10-16 18:01:44,961 : INFO : EventManager : Event: ======'mode_attract_stopping'====== Args={}
2025-10-16 18:01:44,961 : INFO : Mode.attract : Stopped.
2025-10-16 18:01:44,961 : INFO : EventManager : Event: ======'modes_active_modes_changed'====== Args={}
2025-10-16 18:01:44,961 : INFO : EventManager : Event: ======'mode_attract_stopped'====== Args={}
2025-10-16 18:01:44,962 : INFO : EventManager : Event: ======'clear'====== Args={'key': 'attract'}
2025-10-16 18:01:44,962 : INFO : Mode.game : Started. Priority: 20
2025-10-16 18:01:44,962 : INFO : EventManager : Event: ======'modes_active_modes_changed'====== Args={}
2025-10-16 18:01:44,962 : INFO : EventManager : Event: ======'mode_game_started'====== Args={'buttons': [], 'hold_time': 0.11000000000058208}
2025-10-16 18:01:44,970 : INFO : EventManager : Event: ======'game_will_start'====== Args={}
2025-10-16 18:01:44,970 : INFO : EventManager : Event: ======'game_starting'====== Args={'game': <Mode.game>}
2025-10-16 18:01:44,971 : INFO : EventManager : Unordered handler for class <Auditor> on event game_ended with priority 1. Handlers: [RegisteredHandler(callback=<bound method Auditor.disable of <Auditor>>, priority=1, kwargs={}, key=UUID('c5bb3373-5f1a-4da5-bcd1-0e37de606b3e'), condition=None, blocking_facility=None), RegisteredHandler(callback=<bound method Auditor._save_audits of <Auditor>>, priority=1, kwargs={}, key=UUID('6ae33844-cf62-4a7f-a1dc-c5a091d2f1e4'), condition=None, blocking_facility=None)]. The order of those handlers is not defined and they will be executed in random order. This might lead to race conditions and potential bugs.
2025-10-16 18:01:44,972 : INFO : EventManager : Event: ======'player_add_request'====== Args={}
2025-10-16 18:01:44,972 : INFO : Mode.credits : Received request to add player. Request Approved. Sufficient credits available.
2025-10-16 18:01:44,972 : INFO : EventManager : Event: ======'player_will_add'====== Args={'number': 1}
2025-10-16 18:01:44,972 : INFO : EventManager : Event: ======'player_adding'====== Args={'player': <Player 1>, 'number': 1}
2025-10-16 18:01:44,973 : INFO : EventManager : Event: ======'player_added'====== Args={'player': <Player 1>, 'num': 1}
2025-10-16 18:01:44,973 : INFO : Mode.game : Player added successfully. Total players: 1
2025-10-16 18:01:44,973 : INFO : EventManager : Event: ======'machine_var_credit_units'====== Args={'value': 0, 'prev_value': 2, 'change': -2}
2025-10-16 18:01:44,974 : INFO : EventManager : Event: ======'machine_var_credits_string'====== Args={'value': 'CREDITS 0', 'prev_value': 'CREDITS 1', 'change': True}
2025-10-16 18:01:44,975 : INFO : EventManager : Event: ======'machine_var_credits_value'====== Args={'value': '0', 'prev_value': '1', 'change': True}
2025-10-16 18:01:44,976 : INFO : EventManager : Event: ======'machine_var_credits_whole_num'====== Args={'value': 0, 'prev_value': 1, 'change': -1}
2025-10-16 18:01:44,977 : INFO : EventManager : Event: ======'player_index'====== Args={'value': 0, 'prev_value': 0, 'change': 0, 'player_num': 1}
2025-10-16 18:01:44,977 : INFO : EventManager : Event: ======'player_number'====== Args={'value': 1, 'prev_value': 1, 'change': 0, 'player_num': 1}
2025-10-16 18:01:44,977 : INFO : EventManager : Event: ======'player_sj_active'====== Args={'value': 0, 'prev_value': 0, 'change': 0, 'player_num': 1}
2025-10-16 18:01:44,978 : INFO : EventManager : Event: ======'player_score'====== Args={'value': 0, 'prev_value': 0, 'change': 0, 'player_num': 1}
2025-10-16 18:01:44,979 : INFO : EventManager : Event: ======'game_started'====== Args={}
2025-10-16 18:01:44,995 : INFO : EventManager : Event: ======'player_turn_will_start'====== Args={'player': <Player 1>, 'number': 1}
2025-10-16 18:01:44,996 : INFO : EventManager : Event: ======'slide_awesome_slide_removed'====== Args={'_from_bcp': True}
2025-10-16 18:01:44,996 : INFO : EventManager : Event: ======'slide_press_start_removed'====== Args={'_from_bcp': True}
2025-10-16 18:01:44,996 : INFO : EventManager : Event: ======'slide_mission_pinball_removed'====== Args={'_from_bcp': True}
2025-10-16 18:01:44,996 : INFO : EventManager : Event: ======'slide_last_game_score_slide_removed'====== Args={'_from_bcp': True}
2025-10-16 18:01:44,997 : INFO : EventManager : Event: ======'slide_player_added_slide_created'====== Args={'_from_bcp': True}
2025-10-16 18:01:44,997 : INFO : EventManager : Event: ======'player_turn_starting'====== Args={'player': <Player 1>, 'number': 1}
2025-10-16 18:01:44,998 : INFO : EventManager : Event: ======'slide_player_added_slide_active'====== Args={'_from_bcp': True}
2025-10-16 18:01:44,998 : INFO : EventManager : Event: ======'player_ball'====== Args={'value': 1, 'prev_value': 0, 'change': 1, 'player_num': 1}
2025-10-16 18:01:44,998 : INFO : EventManager : Event: ======'player_turn_started'====== Args={'player': <Player 1>, 'number': 1}
2025-10-16 18:01:44,999 : INFO : EventManager : Event: ======'ball_will_start'====== Args={'player': 1, 'ball': 1, 'balls_remaining': 2, 'is_extra_ball': False}
2025-10-16 18:01:45,004 : INFO : EventManager : Event: ======'ball_starting'====== Args={'player': 1, 'ball': 1, 'balls_remaining': 2, 'is_extra_ball': False}
2025-10-16 18:01:45,005 : INFO : EventManager : Event: ======'slide_player_added_slide_removed'====== Args={'_from_bcp': True}
2025-10-16 18:01:45,006 : INFO : EventManager : Event: ======'slide_player_added_slide_created'====== Args={'_from_bcp': True}
2025-10-16 18:01:45,006 : INFO : EventManager : Event: ======'slide_player_added_slide_removed'====== Args={'_from_bcp': True}
2025-10-16 18:01:45,006 : INFO : EventManager : Event: ======'mode_special_setup_will_start'====== Args={'queue': <QueuedEvent>, 'player': 1, 'ball': 1, 'balls_remaining': 2, 'is_extra_ball': False}
2025-10-16 18:01:45,007 : INFO : EventManager : Event: ======'mode_special_setup_starting'====== Args={'queue': <QueuedEvent>, 'player': 1, 'ball': 1, 'balls_remaining': 2, 'is_extra_ball': False}
2025-10-16 18:01:45,007 : INFO : EventManager : Event: ======'mode_super_jets_setup_will_start'====== Args={'queue': <QueuedEvent>, 'player': 1, 'ball': 1, 'balls_remaining': 2, 'is_extra_ball': False}
2025-10-16 18:01:45,007 : INFO : EventManager : Event: ======'player_shot_jets_enabled'====== Args={'value': True, 'prev_value': 0, 'change': 1, 'player_num': 1}
2025-10-16 18:01:45,009 : INFO : EventManager : Event: ======'mode_super_jets_setup_starting'====== Args={'queue': <QueuedEvent>, 'player': 1, 'ball': 1, 'balls_remaining': 2, 'is_extra_ball': False}
2025-10-16 18:01:45,009 : INFO : drop_target_bank.TIME : All targets are already up. Will not reset bank.
2025-10-16 18:01:45,009 : INFO : drop_target_bank.TRAVEL : All targets are already up. Will not reset bank.
2025-10-16 18:01:45,010 : INFO : EventManager : Event: ======'balls_in_play'====== Args={'balls': 1}
2025-10-16 18:01:45,010 : INFO : EventManager : Event: ======'ball_started'====== Args={'player': 1, 'ball': 1, 'balls_remaining': 2, 'is_extra_ball': False}
2025-10-16 18:01:45,010 : INFO : EventManager : Event: ======'logicblock_special_count_updated'====== Args={'value': 0, 'enabled': True}
2025-10-16 18:01:45,011 : INFO : EventManager : Event: ======'logicblock_special_count_updated'====== Args={'value': 0, 'enabled': True}
2025-10-16 18:01:45,011 : INFO : Mode.special_setup : Started. Priority: 400
2025-10-16 18:01:45,011 : INFO : EventManager : Event: ======'modes_active_modes_changed'====== Args={}
2025-10-16 18:01:45,011 : INFO : EventManager : Event: ======'mode_special_setup_started'====== Args={'queue': <QueuedEvent>, 'player': 1, 'ball': 1, 'balls_remaining': 2, 'is_extra_ball': False}
2025-10-16 18:01:45,011 : INFO : EventManager : Event: ======'logicblock_lb_jets_count_updated'====== Args={'value': 0, 'enabled': True}
2025-10-16 18:01:45,011 : INFO : EventManager : Event: ======'logicblock_lb_rollover_complete_count_updated'====== Args={'value': 0, 'enabled': True}
2025-10-16 18:01:45,012 : INFO : EventManager : Event: ======'logicblock_lb_jets_count_updated'====== Args={'value': 0, 'enabled': True}
2025-10-16 18:01:45,012 : INFO : EventManager : Event: ======'logicblock_lb_jets_resume_updated'====== Args={'value': 0, 'enabled': False}
2025-10-16 18:01:45,012 : INFO : EventManager : Event: ======'logicblock_lb_rollover_complete_count_updated'====== Args={'value': 0, 'enabled': True}
2025-10-16 18:01:45,012 : INFO : Mode.super_jets_setup : Started. Priority: 200
2025-10-16 18:01:45,012 : INFO : EventManager : Event: ======'modes_active_modes_changed'====== Args={}
2025-10-16 18:01:45,012 : INFO : EventManager : Event: ======'mode_super_jets_setup_started'====== Args={'queue': <QueuedEvent>, 'player': 1, 'ball': 1, 'balls_remaining': 2, 'is_extra_ball': False}
2025-10-16 18:01:45,013 : INFO : EventManager : Event: ======'mode_base_will_start'====== Args={'player': 1, 'ball': 1, 'balls_remaining': 2, 'is_extra_ball': False}
2025-10-16 18:01:45,013 : INFO : EventManager : Event: ======'player_shot_left_rollover_shot_enabled'====== Args={'value': True, 'prev_value': 0, 'change': 1, 'player_num': 1}
2025-10-16 18:01:45,014 : INFO : EventManager : Event: ======'player_shot_center_rollover_shot_enabled'====== Args={'value': True, 'prev_value': 0, 'change': 1, 'player_num': 1}
2025-10-16 18:01:45,014 : INFO : EventManager : Event: ======'player_shot_right_rollover_shot_enabled'====== Args={'value': True, 'prev_value': 0, 'change': 1, 'player_num': 1}
2025-10-16 18:01:45,015 : INFO : EventManager : Event: ======'player_shot_right_scoop_shot_enabled'====== Args={'value': True, 'prev_value': 0, 'change': 1, 'player_num': 1}
2025-10-16 18:01:45,015 : INFO : EventManager : Event: ======'player_shot_T_enabled'====== Args={'value': True, 'prev_value': 0, 'change': 1, 'player_num': 1}
2025-10-16 18:01:45,015 : INFO : EventManager : Event: ======'player_shot_I_enabled'====== Args={'value': True, 'prev_value': 0, 'change': 1, 'player_num': 1}
2025-10-16 18:01:45,016 : INFO : EventManager : Event: ======'player_shot_M_enabled'====== Args={'value': True, 'prev_value': 0, 'change': 1, 'player_num': 1}
2025-10-16 18:01:45,016 : INFO : EventManager : Event: ======'player_shot_E_enabled'====== Args={'value': True, 'prev_value': 0, 'change': 1, 'player_num': 1}
2025-10-16 18:01:45,017 : INFO : EventManager : Event: ======'player_shot_Tb_enabled'====== Args={'value': True, 'prev_value': 0, 'change': 1, 'player_num': 1}
2025-10-16 18:01:45,017 : INFO : EventManager : Event: ======'player_shot_R_enabled'====== Args={'value': True, 'prev_value': 0, 'change': 1, 'player_num': 1}
2025-10-16 18:01:45,017 : INFO : EventManager : Event: ======'player_shot_A_enabled'====== Args={'value': True, 'prev_value': 0, 'change': 1, 'player_num': 1}
2025-10-16 18:01:45,018 : INFO : EventManager : Event: ======'player_shot_V_enabled'====== Args={'value': True, 'prev_value': 0, 'change': 1, 'player_num': 1}
2025-10-16 18:01:45,018 : INFO : EventManager : Event: ======'player_shot_Eb_enabled'====== Args={'value': True, 'prev_value': 0, 'change': 1, 'player_num': 1}
2025-10-16 18:01:45,019 : INFO : EventManager : Event: ======'player_shot_L_enabled'====== Args={'value': True, 'prev_value': 0, 'change': 1, 'player_num': 1}
2025-10-16 18:01:45,019 : INFO : EventManager : Event: ======'player_shot_bumper1_shot_enabled'====== Args={'value': True, 'prev_value': 0, 'change': 1, 'player_num': 1}
2025-10-16 18:01:45,020 : INFO : EventManager : Event: ======'player_shot_bumper2_shot_enabled'====== Args={'value': True, 'prev_value': 0, 'change': 1, 'player_num': 1}
2025-10-16 18:01:45,020 : INFO : EventManager : Event: ======'player_shot_right_inlane_shot_enabled'====== Args={'value': True, 'prev_value': 0, 'change': 1, 'player_num': 1}
2025-10-16 18:01:45,020 : INFO : EventManager : Event: ======'rollover_lanes_complete'====== Args={'state': 'unlit'}
2025-10-16 18:01:45,020 : INFO : EventManager : Event: ======'rollover_lanes_unlit_complete'====== Args={}
2025-10-16 18:01:45,021 : INFO : EventManager : Event: ======'TIME_droptargets_complete'====== Args={'state': 'unlit'}
2025-10-16 18:01:45,021 : INFO : EventManager : Event: ======'TIME_droptargets_unlit_complete'====== Args={}
2025-10-16 18:01:45,021 : INFO : EventManager : Event: ======'TRAVEL_droptargets_complete'====== Args={'state': 'unlit'}
2025-10-16 18:01:45,021 : INFO : EventManager : Event: ======'TRAVEL_droptargets_unlit_complete'====== Args={}
2025-10-16 18:01:45,024 : INFO : EventManager : Event: ======'mode_base_starting'====== Args={'player': 1, 'ball': 1, 'balls_remaining': 2, 'is_extra_ball': False}
2025-10-16 18:01:45,026 : INFO : EventManager : Event: ======'slide_player_added_slide_created'====== Args={'_from_bcp': True}
2025-10-16 18:01:45,026 : INFO : EventManager : Event: ======'slide_player_added_slide_active'====== Args={'_from_bcp': True}
2025-10-16 18:01:45,027 : INFO : EventManager : Event: ======'logicblock_my_counter_updated'====== Args={'value': 0, 'enabled': True}
2025-10-16 18:01:45,027 : INFO : EventManager : Event: ======'logicblock_my_counter_updated'====== Args={'value': 0, 'enabled': True}
2025-10-16 18:01:45,027 : INFO : Mode.base : Started. Priority: 100
2025-10-16 18:01:45,027 : INFO : EventManager : Event: ======'modes_active_modes_changed'====== Args={}
2025-10-16 18:01:45,027 : INFO : EventManager : Event: ======'mode_base_started'====== Args={'player': 1, 'ball': 1, 'balls_remaining': 2, 'is_extra_ball': False}
2025-10-16 18:01:45,028 : INFO : EventManager : Event: ======'single_player_ball_started'====== Args={}
2025-10-16 18:01:45,071 : INFO : EventManager : Event: ======'ball_start_target'====== Args={'target': 'playfield'}
2025-10-16 18:01:45,071 : INFO : ball_device.bd_plunger : Setting up player-controlled eject. Balls: 1, Target: <playfield.playfield>, player_controlled_eject_event: None
2025-10-16 18:01:45,072 : INFO : EventManager : Event: ======'balldevice_balls_available'====== Args={}
2025-10-16 18:01:45,073 : INFO : ball_device.bd_trough : State: waiting_for_target_ready
2025-10-16 18:01:45,073 : INFO : EventManager : Event: ======'balldevice_bd_trough_ball_eject_attempt'====== Args={'balls': 1, 'target': <ball_device.bd_plunger>, 'source': <ball_device.bd_trough>, 'mechanical_eject': True, 'num_attempts': 0}
2025-10-16 18:01:45,073 : INFO : ball_device.bd_plunger : State: waiting_for_ball
2025-10-16 18:01:45,073 : INFO : ball_device.bd_trough : State: ejecting
2025-10-16 18:01:45,074 : INFO : ball_device.bd_trough : Ejecting ball to <ball_device.bd_plunger>
2025-10-16 18:01:45,074 : INFO : EventManager : Event: ======'balldevice_bd_trough_ejecting_ball'====== Args={'balls': 1, 'target': <ball_device.bd_plunger>, 'source': <ball_device.bd_trough>, 'mechanical_eject': True, 'num_attempts': 0}
2025-10-16 18:01:45,074 : INFO : ball_device.bd_trough : Wait for ball to leave device
2025-10-16 18:01:45,075 : INFO : coil.c_trough_eject : Pulsing Driver for 20ms (1.0 pulse_power)
2025-10-16 18:01:45,075 : INFO : SwitchController : <<<<<<< 's_trough1' inactive >>>>>>>
2025-10-16 18:01:45,082 : INFO : ball_device.bd_trough : State: ball_left
2025-10-16 18:01:45,083 : INFO : ball_device.bd_trough : Ball left
2025-10-16 18:01:45,083 : INFO : ball_device.bd_trough : Wait for confirm with timeout 3.0
2025-10-16 18:01:45,086 : INFO : EventManager : Event: ======'slide_base.slide_player-mode_base_started_created'====== Args={'_from_bcp': True}
2025-10-16 18:01:45,093 : INFO : EventManager : Event: ======'slide_base.slide_player-mode_base_started_active'====== Args={'_from_bcp': True}
2025-10-16 18:01:45,176 : INFO : SwitchController : <<<<<<< 's_plunger' active >>>>>>>
2025-10-16 18:01:45,176 : INFO : EventManager : Event: ======'machine_var_audits_switches_s_plunger'====== Args={'value': 509, 'prev_value': 508, 'change': 1}
2025-10-16 18:01:45,676 : INFO : ball_device.bd_plunger : Received ball from <ball_device.bd_trough>
2025-10-16 18:01:45,676 : INFO : EventManager : Event: ======'balldevice_bd_plunger_ball_enter'====== Args={'new_balls': 1, 'unclaimed_balls': 0, 'new_available_balls': 0, 'device': <ball_device.bd_plunger>}
2025-10-16 18:01:45,677 : INFO : EventManager : Event: ======'balldevice_bd_plunger_ball_entered'====== Args={'new_balls': 0, 'device': <ball_device.bd_plunger>}
2025-10-16 18:01:45,677 : INFO : EventManager : Event: ======'balldevice_bd_plunger_ball_count_changed'====== Args={'balls': 1}
2025-10-16 18:01:45,677 : INFO : ball_device.bd_trough : Got eject confirm
2025-10-16 18:01:45,677 : INFO : ball_device.bd_trough : Eject successful
2025-10-16 18:01:45,677 : INFO : EventManager : Event: ======'balldevice_bd_trough_ball_eject_success'====== Args={'balls': 1, 'target': <ball_device.bd_plunger>}
2025-10-16 18:01:45,678 : INFO : EventManager : Event: ======'balldevice_bd_trough_ball_count_changed'====== Args={'balls': 5}
2025-10-16 18:01:45,678 : INFO : ball_device.bd_trough : State: idle
2025-10-16 18:01:45,678 : INFO : ball_device.bd_plunger : State: waiting_for_target_ready
2025-10-16 18:01:45,679 : INFO : EventManager : Event: ======'balldevice_bd_plunger_ball_eject_attempt'====== Args={'balls': 1, 'target': <playfield.playfield>, 'source': <ball_device.bd_plunger>, 'mechanical_eject': True, 'num_attempts': 0}
2025-10-16 18:01:45,679 : INFO : ball_device.bd_plunger : State: ejecting
2025-10-16 18:01:45,680 : INFO : ball_device.bd_plunger : Ejecting ball to <playfield.playfield>
2025-10-16 18:01:45,680 : INFO : EventManager : Event: ======'balldevice_bd_plunger_ejecting_ball'====== Args={'balls': 1, 'target': <playfield.playfield>, 'source': <ball_device.bd_plunger>, 'mechanical_eject': True, 'num_attempts': 0}
2025-10-16 18:01:45,681 : INFO : ball_device.bd_plunger : Wait for ball to leave device
2025-10-16 18:01:46,008 : INFO : EventManager : Event: ======'slide_player_added_slide_removed'====== Args={'_from_bcp': True}
2025-10-16 18:01:48,977 : INFO : SwitchController : <<<<<<< 's_start' active >>>>>>>
2025-10-16 18:01:48,978 : INFO : EventManager : Event: ======'sw_start'====== Args={}
2025-10-16 18:01:48,978 : INFO : EventManager : Event: ======'machine_var_audits_switches_s_start'====== Args={'value': 44, 'prev_value': 43, 'change': 1}
2025-10-16 18:01:48,979 : INFO : EventManager : Event: ======'player_add_request'====== Args={}
2025-10-16 18:01:48,980 : INFO : Mode.credits : Received request to add player. Request Denied. Not enough credits available.
2025-10-16 18:01:48,980 : INFO : EventManager : Event: ======'not_enough_credits'====== Args={}
2025-10-16 18:01:48,998 : INFO : EventManager : Event: ======'slide_not_enough_credits_slide_removed'====== Args={'_from_bcp': True}
2025-10-16 18:01:48,999 : INFO : EventManager : Event: ======'slide_not_enough_credits_slide_created'====== Args={'_from_bcp': True}
2025-10-16 18:01:48,999 : INFO : EventManager : Event: ======'slide_not_enough_credits_slide_removed'====== Args={'_from_bcp': True}
2025-10-16 18:01:49,010 : INFO : EventManager : Event: ======'slide_not_enough_credits_slide_active'====== Args={'_from_bcp': True}
2025-10-16 18:01:49,109 : INFO : SwitchController : <<<<<<< 's_start' inactive >>>>>>>
2025-10-16 18:01:50,008 : INFO : SwitchController : <<<<<<< 's_coin_left' active >>>>>>>
2025-10-16 18:01:50,008 : INFO : Mode.credits : Credit switch hit. Credit Added. Value: 0.25. Type: money keyName: None
2025-10-16 18:01:50,009 : INFO : Mode.credits : Credit units added
2025-10-16 18:01:50,009 : INFO : EventManager : Event: ======'machine_var_credit_units'====== Args={'value': 1, 'prev_value': 0, 'change': 1}
2025-10-16 18:01:50,010 : INFO : EventManager : Event: ======'machine_var_credits_string'====== Args={'value': 'CREDITS 1/2', 'prev_value': 'CREDITS 0', 'change': True}
2025-10-16 18:01:50,010 : INFO : EventManager : Event: ======'machine_var_credits_value'====== Args={'value': '1/2', 'prev_value': '0', 'change': True}
2025-10-16 18:01:50,012 : INFO : EventManager : Event: ======'machine_var_credits_numerator'====== Args={'value': 1, 'prev_value': 0, 'change': 1}
2025-10-16 18:01:50,012 : INFO : EventManager : Event: ======'credits_added'====== Args={}
2025-10-16 18:01:50,013 : INFO : Mode.credits : Credit audits. Value: 0.25. Type: money keyName: None
2025-10-16 18:01:50,013 : INFO : EventManager : Event: ======'machine_var_audits_switches_s_coin_left'====== Args={'value': 9, 'prev_value': 8, 'change': 1}
2025-10-16 18:01:50,029 : INFO : EventManager : Event: ======'slide_credit_added_slide_removed'====== Args={'_from_bcp': True}
2025-10-16 18:01:50,031 : INFO : EventManager : Event: ======'slide_credit_added_slide_created'====== Args={'_from_bcp': True}
2025-10-16 18:01:50,033 : INFO : EventManager : Event: ======'slide_credit_added_slide_removed'====== Args={'_from_bcp': True}
2025-10-16 18:01:50,043 : INFO : EventManager : Event: ======'slide_credit_added_slide_active'====== Args={'_from_bcp': True}
2025-10-16 18:01:50,142 : INFO : SwitchController : <<<<<<< 's_coin_left' inactive >>>>>>>
2025-10-16 18:01:50,425 : INFO : SwitchController : <<<<<<< 's_coin_left' active >>>>>>>
2025-10-16 18:01:50,425 : INFO : Mode.credits : Credit switch hit. Credit Added. Value: 0.25. Type: money keyName: None
2025-10-16 18:01:50,426 : INFO : Mode.credits : Credit units added
2025-10-16 18:01:50,426 : INFO : EventManager : Event: ======'machine_var_credit_units'====== Args={'value': 2, 'prev_value': 1, 'change': 1}
2025-10-16 18:01:50,427 : INFO : EventManager : Event: ======'machine_var_credits_string'====== Args={'value': 'CREDITS 1', 'prev_value': 'CREDITS 1/2', 'change': True}
2025-10-16 18:01:50,428 : INFO : EventManager : Event: ======'machine_var_credits_value'====== Args={'value': '1', 'prev_value': '1/2', 'change': True}
2025-10-16 18:01:50,429 : INFO : EventManager : Event: ======'machine_var_credits_whole_num'====== Args={'value': 1, 'prev_value': 0, 'change': 1}
2025-10-16 18:01:50,429 : INFO : EventManager : Event: ======'machine_var_credits_numerator'====== Args={'value': 0, 'prev_value': 1, 'change': -1}
2025-10-16 18:01:50,430 : INFO : EventManager : Event: ======'credits_added'====== Args={}
2025-10-16 18:01:50,430 : INFO : Mode.credits : Credit audits. Value: 0.25. Type: money keyName: None
2025-10-16 18:01:50,430 : INFO : EventManager : Event: ======'machine_var_audits_switches_s_coin_left'====== Args={'value': 10, 'prev_value': 9, 'change': 1}
2025-10-16 18:01:50,446 : INFO : EventManager : Event: ======'slide_credit_added_slide_removed'====== Args={'_from_bcp': True}
2025-10-16 18:01:50,448 : INFO : EventManager : Event: ======'slide_credit_added_slide_created'====== Args={'_from_bcp': True}
2025-10-16 18:01:50,449 : INFO : EventManager : Event: ======'slide_credit_added_slide_removed'====== Args={'_from_bcp': True}
2025-10-16 18:01:50,459 : INFO : EventManager : Event: ======'slide_credit_added_slide_active'====== Args={'_from_bcp': True}
2025-10-16 18:01:50,559 : INFO : SwitchController : <<<<<<< 's_coin_left' inactive >>>>>>>
2025-10-16 18:01:51,009 : INFO : EventManager : Event: ======'slide_not_enough_credits_slide_removed'====== Args={'_from_bcp': True}
2025-10-16 18:01:52,459 : INFO : EventManager : Event: ======'slide_credit_added_slide_removed'====== Args={'_from_bcp': True}
2025-10-16 18:01:52,462 : INFO : EventManager : Event: ======'slide_base.slide_player-mode_base_started_active'====== Args={'_from_bcp': True}
2025-10-16 18:01:52,511 : INFO : SwitchController : <<<<<<< 's_start' active >>>>>>>
2025-10-16 18:01:52,511 : INFO : EventManager : Event: ======'sw_start'====== Args={}
2025-10-16 18:01:52,511 : INFO : EventManager : Event: ======'machine_var_audits_switches_s_start'====== Args={'value': 45, 'prev_value': 44, 'change': 1}
2025-10-16 18:01:52,513 : INFO : EventManager : Event: ======'player_add_request'====== Args={}
2025-10-16 18:01:52,513 : INFO : Mode.credits : Received request to add player. Request Approved. Sufficient credits available.
2025-10-16 18:01:52,514 : INFO : EventManager : Event: ======'player_will_add'====== Args={'number': 2}
2025-10-16 18:01:52,514 : INFO : EventManager : Event: ======'player_adding'====== Args={'player': <Player 2>, 'number': 2}
2025-10-16 18:01:52,514 : INFO : EventManager : Event: ======'player_added'====== Args={'player': <Player 2>, 'num': 2}
2025-10-16 18:01:52,514 : INFO : Mode.game : Player added successfully. Total players: 2
2025-10-16 18:01:52,515 : INFO : EventManager : Event: ======'multiplayer_game'====== Args={}
2025-10-16 18:01:52,515 : INFO : EventManager : Event: ======'machine_var_credit_units'====== Args={'value': 0, 'prev_value': 2, 'change': -2}
2025-10-16 18:01:52,516 : INFO : EventManager : Event: ======'machine_var_credits_string'====== Args={'value': 'CREDITS 0', 'prev_value': 'CREDITS 1', 'change': True}
2025-10-16 18:01:52,517 : INFO : EventManager : Event: ======'machine_var_credits_value'====== Args={'value': '0', 'prev_value': '1', 'change': True}
2025-10-16 18:01:52,517 : INFO : EventManager : Event: ======'machine_var_credits_whole_num'====== Args={'value': 0, 'prev_value': 1, 'change': -1}
2025-10-16 18:01:52,518 : INFO : EventManager : Event: ======'player_index'====== Args={'value': 1, 'prev_value': 1, 'change': 0, 'player_num': 2}
2025-10-16 18:01:52,518 : INFO : EventManager : Event: ======'player_number'====== Args={'value': 2, 'prev_value': 2, 'change': 0, 'player_num': 2}
2025-10-16 18:01:52,519 : INFO : EventManager : Event: ======'player_sj_active'====== Args={'value': 0, 'prev_value': 0, 'change': 0, 'player_num': 2}
2025-10-16 18:01:52,519 : INFO : EventManager : Event: ======'player_score'====== Args={'value': 0, 'prev_value': 0, 'change': 0, 'player_num': 2}
2025-10-16 18:01:52,567 : INFO : EventManager : Event: ======'slide_player_added_slide_removed'====== Args={'_from_bcp': True}
2025-10-16 18:01:52,568 : INFO : EventManager : Event: ======'slide_player_added_slide_created'====== Args={'_from_bcp': True}
2025-10-16 18:01:52,568 : INFO : EventManager : Event: ======'slide_player_added_slide_removed'====== Args={'_from_bcp': True}
2025-10-16 18:01:52,568 : INFO : EventManager : Event: ======'slide_player_added_slide_created'====== Args={'_from_bcp': True}
2025-10-16 18:01:52,568 : INFO : EventManager : Event: ======'slide_player_added_slide_removed'====== Args={'_from_bcp': True}
2025-10-16 18:01:52,568 : INFO : EventManager : Event: ======'slide_player_added_slide_removed'====== Args={'_from_bcp': True}
2025-10-16 18:01:52,568 : INFO : EventManager : Event: ======'slide_player_added_slide_created'====== Args={'_from_bcp': True}
2025-10-16 18:01:52,568 : INFO : EventManager : Event: ======'slide_base.slide_player-mode_base_started_active'====== Args={'_from_bcp': True}
2025-10-16 18:01:52,608 : INFO : SwitchController : <<<<<<< 's_start' inactive >>>>>>>
2025-10-16 18:01:53,543 : INFO : EventManager : Event: ======'slide_player_added_slide_removed'====== Args={'_from_bcp': True}
2025-10-16 18:02:06,402 : INFO : Machine : Shutting down...
2025-10-16 18:02:06,402 : INFO : EventManager : Event: ======'shutdown'====== Args={}
2025-10-16 18:02:06,408 : INFO : EventManager : Event: ======'mode_game_will_stop'====== Args={}
2025-10-16 18:02:06,409 : INFO : EventManager : Event: ======'mode_game_stopping'====== Args={}
2025-10-16 18:02:06,409 : INFO : EventManager : Event: ======'mode_special_setup_will_stop'====== Args={}
2025-10-16 18:02:06,409 : INFO : EventManager : Event: ======'mode_special_setup_stopping'====== Args={}
2025-10-16 18:02:06,409 : INFO : EventManager : Event: ======'mode_super_jets_setup_will_stop'====== Args={}
2025-10-16 18:02:06,409 : INFO : EventManager : Event: ======'mode_super_jets_setup_stopping'====== Args={}
2025-10-16 18:02:06,410 : INFO : EventManager : Event: ======'mode_base_will_stop'====== Args={}
2025-10-16 18:02:06,410 : INFO : EventManager : Event: ======'mode_base_stopping'====== Args={}
2025-10-16 18:02:06,410 : INFO : Mode.base : Stopped.
2025-10-16 18:02:06,410 : INFO : EventManager : Event: ======'modes_active_modes_changed'====== Args={}
2025-10-16 18:02:06,410 : INFO : EventManager : Event: ======'mode_base_stopped'====== Args={}
2025-10-16 18:02:06,410 : INFO : EventManager : Event: ======'clear'====== Args={'key': 'base'}
2025-10-16 18:02:06,412 : INFO : Mode.super_jets_setup : Stopped.
2025-10-16 18:02:06,412 : INFO : EventManager : Event: ======'modes_active_modes_changed'====== Args={}
2025-10-16 18:02:06,412 : INFO : EventManager : Event: ======'mode_super_jets_setup_stopped'====== Args={}
2025-10-16 18:02:06,412 : INFO : EventManager : Event: ======'clear'====== Args={'key': 'super_jets_setup'}
2025-10-16 18:02:06,413 : INFO : Mode.special_setup : Stopped.
2025-10-16 18:02:06,413 : INFO : EventManager : Event: ======'modes_active_modes_changed'====== Args={}
2025-10-16 18:02:06,413 : INFO : EventManager : Event: ======'mode_special_setup_stopped'====== Args={}
2025-10-16 18:02:06,413 : INFO : EventManager : Event: ======'clear'====== Args={'key': 'special_setup'}
2025-10-16 18:02:06,413 : INFO : Mode.game : Stopped.
2025-10-16 18:02:06,413 : INFO : EventManager : Event: ======'modes_active_modes_changed'====== Args={}
2025-10-16 18:02:06,413 : INFO : EventManager : Event: ======'mode_game_stopped'====== Args={}
2025-10-16 18:02:06,413 : INFO : EventManager : Event: ======'clear'====== Args={'key': 'game'}
2025-10-16 18:02:06,416 : INFO : root : MPF run loop ended.
