2025-10-20 22:35:13,094 : INFO : root : Loading config.
2025-10-20 22:35:13,098 : INFO : YamlMultifileConfigLoader : Machine config file #1: config.yaml
2025-10-20 22:35:13,098 : INFO : ConfigProcessor : Loading config from cache: C:\Users\richa\AppData\Local\Temp\f7776651e259183bd84a8c8d686bf868.mpf_cache
2025-10-20 22:35:13,176 : INFO : ConfigProcessor : Loading config from cache: C:\Users\richa\AppData\Local\Temp\70233839fc0b792ce11a62f3c18c1950.mpf_cache
2025-10-20 22:35:13,177 : INFO : ConfigProcessor : Loading config from cache: C:\Users\richa\AppData\Local\Temp\9c8dea79ca4d15ee886340e992e8cb9d.mpf_cache
2025-10-20 22:35:13,178 : INFO : ConfigProcessor : Loading config from cache: C:\Users\richa\AppData\Local\Temp\67a19b095f918111543419ac0271bfb1.mpf_cache
2025-10-20 22:35:13,179 : INFO : ConfigProcessor : Loading config from cache: C:\Users\richa\AppData\Local\Temp\be387b0e8ed00556ec738d83cd6947d1.mpf_cache
2025-10-20 22:35:13,179 : INFO : ConfigProcessor : Loading config from cache: C:\Users\richa\AppData\Local\Temp\5a8efabd9666d8c71fa755fc28a9bf1e.mpf_cache
2025-10-20 22:35:13,180 : INFO : ConfigProcessor : Loading config from cache: C:\Users\richa\AppData\Local\Temp\fb58745e58584e219ff53db445e8e9f2.mpf_cache
2025-10-20 22:35:13,181 : INFO : ConfigProcessor : Loading config from cache: C:\Users\richa\AppData\Local\Temp\3a5badf48d988f9fc0f9b093a934917d.mpf_cache
2025-10-20 22:35:13,182 : INFO : ConfigProcessor : Loading config from cache: C:\Users\richa\AppData\Local\Temp\9e788d9ac28f3464b985b20edf80a10e.mpf_cache
2025-10-20 22:35:13,182 : INFO : ConfigProcessor : Loading config from cache: C:\Users\richa\AppData\Local\Temp\7e426d8ffa907371bf962f3181d8bdf2.mpf_cache
2025-10-20 22:35:13,183 : INFO : ConfigProcessor : Loading config from cache: C:\Users\richa\AppData\Local\Temp\77e0376825dda61b91775259cce643ad.mpf_cache
2025-10-20 22:35:13,184 : WARNING : ConfigProcessor : Config file in cache changed: C:\Users\richa\ttp7\modes\tilt\config\tilt.yaml
2025-10-20 22:35:13,184 : INFO : ConfigProcessor : Loading config from file C:\Users\richa\mpfvirtual4\lib\site-packages\mpf\modes\tilt\config\tilt.yaml.
2025-10-20 22:35:13,187 : INFO : ConfigProcessor : Loading config: C:\Users\richa\mpfvirtual4\lib\site-packages\mpf\modes\tilt\config\tilt.yaml
2025-10-20 22:35:13,187 : INFO : ConfigProcessor : Loading config from file C:\Users\richa\ttp7\modes\tilt\config\tilt.yaml.
2025-10-20 22:35:13,195 : INFO : ConfigProcessor : Loading config: C:\Users\richa\ttp7\modes\tilt\config\tilt.yaml
2025-10-20 22:35:13,196 : INFO : ConfigProcessor : Config file cache created: C:\Users\richa\AppData\Local\Temp\e68c20669f80ec7d0801afbfa80f9eff.mpf_cache
2025-10-20 22:35:13,197 : INFO : ConfigProcessor : Loading config from cache: C:\Users\richa\AppData\Local\Temp\b710dc01437f1dfd05f3b5275f67493b.mpf_cache
2025-10-20 22:35:13,197 : INFO : ConfigProcessor : Loading config from cache: C:\Users\richa\AppData\Local\Temp\0a23590f4081187a3ecee75c7657616e.mpf_cache
2025-10-20 22:35:13,198 : INFO : ConfigProcessor : Loading config from cache: C:\Users\richa\AppData\Local\Temp\374a5edaf0766cb9005f368df852c09d.mpf_cache
2025-10-20 22:35:13,199 : INFO : ConfigProcessor : Loading config from cache: C:\Users\richa\AppData\Local\Temp\b50d1c72289d6f8f00cba34766fbb2e5.mpf_cache
2025-10-20 22:35:13,199 : INFO : ConfigProcessor : Loading config from cache: C:\Users\richa\AppData\Local\Temp\bfc680b70531e398658191c2a179bce0.mpf_cache
2025-10-20 22:35:13,200 : INFO : ConfigProcessor : Loading config from cache: C:\Users\richa\AppData\Local\Temp\069a726c379c7a3dc006889318eb30f2.mpf_cache
2025-10-20 22:35:13,201 : INFO : ConfigProcessor : Loading config from cache: C:\Users\richa\AppData\Local\Temp\6159dd3e8b071f5aa615e717784124e9.mpf_cache
2025-10-20 22:35:13,202 : INFO : ConfigProcessor : Loading config from cache: C:\Users\richa\AppData\Local\Temp\e382c4765158d2be92c1673fc03a4ad6.mpf_cache
2025-10-20 22:35:13,202 : INFO : ConfigProcessor : Loading config from cache: C:\Users\richa\AppData\Local\Temp\868b3b6361e3aaa0a56bd50d9388247e.mpf_cache
2025-10-20 22:35:13,203 : INFO : Machine : Mission Pinball Framework Core Engine v0.57.0.dev39
2025-10-20 22:35:13,203 : INFO : Machine : Command line arguments: {'no_load_cache': False, 'create_config_cache': True, 'bcp': True, 'configfile': ['config.yaml'], 'force_assets_load': False, 'jsonlogging': False, 'logfile': 'logs\\2025-10-20-22-35-13-mpf-DESKTOP-RK7BE5M.log', 'pause': False, 'production': False, 'text_ui': True, 'loglevel': 15, 'consoleloglevel': 20, 'force_platform': None, 'syslog_address': None, 'mc_file_name': None, 'no_sound': False}
2025-10-20 22:35:13,203 : INFO : Machine : MPF path: C:\Users\richa\mpfvirtual4\lib\site-packages\mpf
2025-10-20 22:35:13,203 : INFO : Machine : Machine path: C:\Users\richa\ttp7
2025-10-20 22:35:13,203 : INFO : Machine : Platform: win32
2025-10-20 22:35:13,203 : INFO : Machine : Python executable location: C:\Users\richa\mpfvirtual4\Scripts\python.exe
2025-10-20 22:35:13,203 : INFO : Machine : Python version: 3.9.13 (64-bit)
2025-10-20 22:35:13,205 : INFO : Machine : Initializing MPF...
2025-10-20 22:35:13,558 : INFO : EventManager : Event: ======'machine_var_credits_string'====== Args={'value': 'FREE PLAY', 'prev_value': None, 'change': True}
2025-10-20 22:35:13,620 : INFO : EventManager : Event: ======'machine_var_credit_units'====== Args={'value': 0, 'prev_value': None, 'change': True}
2025-10-20 22:35:13,620 : INFO : EventManager : Event: ======'machine_var_free_play'====== Args={'value': False, 'prev_value': None, 'change': True}
2025-10-20 22:35:13,620 : INFO : EventManager : Event: ======'machine_var_master_volume'====== Args={'value': 0.7, 'prev_value': None, 'change': True}
2025-10-20 22:35:13,621 : INFO : EventManager : Event: ======'machine_var_player1_score'====== Args={'value': 300, 'prev_value': None, 'change': True}
2025-10-20 22:35:13,621 : INFO : EventManager : Event: ======'machine_var_mpf_version'====== Args={'value': 'Mission Pinball Framework v0.57.0.dev39', 'prev_value': None, 'change': True}
2025-10-20 22:35:13,621 : INFO : EventManager : Event: ======'machine_var_mpf_extended_version'====== Args={'value': 'Mission Pinball Framework v0.57.0.dev39, Config version:6, Show version: 6, BCP version:1.1', 'prev_value': None, 'change': True}
2025-10-20 22:35:13,621 : INFO : EventManager : Event: ======'machine_var_python_version'====== Args={'value': '3.9.13', 'prev_value': None, 'change': True}
2025-10-20 22:35:13,631 : INFO : EventManager : Event: ======'machine_var_platform'====== Args={'value': 'Windows-10-10.0.19045-SP0', 'prev_value': None, 'change': True}
2025-10-20 22:35:13,631 : INFO : EventManager : Event: ======'machine_var_platform_system'====== Args={'value': 'Windows', 'prev_value': None, 'change': True}
2025-10-20 22:35:13,631 : INFO : EventManager : Event: ======'machine_var_platform_release'====== Args={'value': '10', 'prev_value': None, 'change': True}
2025-10-20 22:35:13,631 : INFO : EventManager : Event: ======'machine_var_platform_version'====== Args={'value': '10.0.19045', 'prev_value': None, 'change': True}
2025-10-20 22:35:13,631 : INFO : EventManager : Event: ======'machine_var_platform_machine'====== Args={'value': 'AMD64', 'prev_value': None, 'change': True}
2025-10-20 22:35:13,632 : INFO : EventManager : Event: ======'init_phase_1'====== Args={}
2025-10-20 22:35:13,683 : INFO : EventManager : Event: ======'drop_target_bank_TIME_up'====== Args={}
2025-10-20 22:35:13,683 : INFO : EventManager : Event: ======'drop_target_bank_CENTER_up'====== Args={}
2025-10-20 22:35:13,683 : INFO : EventManager : Event: ======'drop_target_bank_TRAVEL_up'====== Args={}
2025-10-20 22:35:13,684 : INFO : EventManager : Event: ======'init_phase_2'====== Args={}
2025-10-20 22:35:13,684 : INFO : SwitchController : Found active switch: ('2', <Platform.SmartVirtual>) <switch.s_trough1>
2025-10-20 22:35:13,684 : INFO : SwitchController : Found active switch: ('3', <Platform.SmartVirtual>) <switch.s_trough2>
2025-10-20 22:35:13,684 : INFO : SwitchController : Found active switch: ('4', <Platform.SmartVirtual>) <switch.s_trough3>
2025-10-20 22:35:13,684 : INFO : SwitchController : Found active switch: ('5', <Platform.SmartVirtual>) <switch.s_trough4>
2025-10-20 22:35:13,684 : INFO : SwitchController : Found active switch: ('6', <Platform.SmartVirtual>) <switch.s_trough5>
2025-10-20 22:35:13,684 : INFO : SwitchController : Found active switch: ('7', <Platform.SmartVirtual>) <switch.s_trough6>
2025-10-20 22:35:13,694 : INFO : EventManager : Event: ======'bcp_connection_attempt'====== Args={'name': 'local_display', 'host': 'localhost', 'port': 5050}
2025-10-20 22:35:13,696 : INFO : BCPClientSocket : Connecting BCP to 'local_display' at localhost:5050...
2025-10-20 22:35:15,712 : INFO : BCPClientSocket : Connected BCP to 'local_display' localhost:5050
2025-10-20 22:35:15,713 : INFO : EventManager : Event: ======'bcp_clients_connected'====== Args={}
2025-10-20 22:35:16,013 : INFO : ball_device.bd_trough : BCH: Initial count: 6
2025-10-20 22:35:16,014 : INFO : EventManager : Event: ======'machine_var_mc_version'====== Args={'value': 'MPF-MC v0.57.0.dev10', 'prev_value': None, 'change': True}
2025-10-20 22:35:16,014 : INFO : EventManager : Event: ======'machine_var_mc_extended_version'====== Args={'value': 'MPF-MC v0.57.0.dev10 (config_version=6, BCP v1.1,                      Requires MPF API compatibility v0.57.0.dev19 or newer)', 'prev_value': None, 'change': True}
2025-10-20 22:35:16,017 : INFO : ball_device.bd_trough : State: idle
2025-10-20 22:35:16,108 : INFO : ball_device.bd_plunger : BCH: Initial count: 0
2025-10-20 22:35:16,109 : INFO : ball_device.bd_plunger : State: idle
2025-10-20 22:35:16,109 : INFO : ball_device.bd_left_scoop : BCH: Initial count: 0
2025-10-20 22:35:16,109 : INFO : ball_device.bd_left_scoop : State: idle
2025-10-20 22:35:16,109 : INFO : ball_device.bd_center_scoop : BCH: Initial count: 0
2025-10-20 22:35:16,109 : INFO : ball_device.bd_center_scoop : State: idle
2025-10-20 22:35:16,110 : INFO : ball_device.bd_right_scoop : BCH: Initial count: 0
2025-10-20 22:35:16,110 : INFO : ball_device.bd_right_scoop : State: idle
2025-10-20 22:35:16,122 : INFO : EventManager : Event: ======'init_phase_3'====== Args={}
2025-10-20 22:35:16,190 : INFO : EventManager : Event: ======'init_phase_4'====== Args={}
2025-10-20 22:35:16,191 : INFO : BallController : Initial balls found: 6
2025-10-20 22:35:16,192 : INFO : EventManager : Event: ======'machine_var_audits_events_game_ended'====== Args={'value': 73, 'prev_value': None, 'change': True}
2025-10-20 22:35:16,193 : INFO : EventManager : Event: ======'machine_var_audits_events_game_started'====== Args={'value': 376, 'prev_value': None, 'change': True}
2025-10-20 22:35:16,193 : INFO : EventManager : Event: ======'machine_var_audits_missing_switches_s_A'====== Args={'value': 67, 'prev_value': None, 'change': True}
2025-10-20 22:35:16,193 : INFO : EventManager : Event: ======'machine_var_audits_missing_switches_s_E'====== Args={'value': 7, 'prev_value': None, 'change': True}
2025-10-20 22:35:16,193 : INFO : EventManager : Event: ======'machine_var_audits_missing_switches_s_Eb'====== Args={'value': 67, 'prev_value': None, 'change': True}
2025-10-20 22:35:16,193 : INFO : EventManager : Event: ======'machine_var_audits_missing_switches_s_I'====== Args={'value': 7, 'prev_value': None, 'change': True}
2025-10-20 22:35:16,193 : INFO : EventManager : Event: ======'machine_var_audits_missing_switches_s_L'====== Args={'value': 67, 'prev_value': None, 'change': True}
2025-10-20 22:35:16,194 : INFO : EventManager : Event: ======'machine_var_audits_missing_switches_s_M'====== Args={'value': 7, 'prev_value': None, 'change': True}
2025-10-20 22:35:16,194 : INFO : EventManager : Event: ======'machine_var_audits_missing_switches_s_R'====== Args={'value': 67, 'prev_value': None, 'change': True}
2025-10-20 22:35:16,194 : INFO : EventManager : Event: ======'machine_var_audits_missing_switches_s_T'====== Args={'value': 7, 'prev_value': None, 'change': True}
2025-10-20 22:35:16,194 : INFO : EventManager : Event: ======'machine_var_audits_missing_switches_s_Tb'====== Args={'value': 67, 'prev_value': None, 'change': True}
2025-10-20 22:35:16,194 : INFO : EventManager : Event: ======'machine_var_audits_missing_switches_s_V'====== Args={'value': 67, 'prev_value': None, 'change': True}
2025-10-20 22:35:16,195 : INFO : EventManager : Event: ======'machine_var_audits_missing_switches_s_bumper1'====== Args={'value': 6, 'prev_value': None, 'change': True}
2025-10-20 22:35:16,195 : INFO : EventManager : Event: ======'machine_var_audits_missing_switches_s_bumper_1'====== Args={'value': 28, 'prev_value': None, 'change': True}
2025-10-20 22:35:16,195 : INFO : EventManager : Event: ======'machine_var_audits_missing_switches_s_bumper_2'====== Args={'value': 28, 'prev_value': None, 'change': True}
2025-10-20 22:35:16,195 : INFO : EventManager : Event: ======'machine_var_audits_missing_switches_s_center_center_target'====== Args={'value': 31, 'prev_value': None, 'change': True}
2025-10-20 22:35:16,195 : INFO : EventManager : Event: ======'machine_var_audits_missing_switches_s_center_rollover'====== Args={'value': 1, 'prev_value': None, 'change': True}
2025-10-20 22:35:16,196 : INFO : EventManager : Event: ======'machine_var_audits_missing_switches_s_center_scoop'====== Args={'value': 11, 'prev_value': None, 'change': True}
2025-10-20 22:35:16,196 : INFO : EventManager : Event: ======'machine_var_audits_missing_switches_s_coin_left'====== Args={'value': 2, 'prev_value': None, 'change': True}
2025-10-20 22:35:16,196 : INFO : EventManager : Event: ======'machine_var_audits_missing_switches_s_door_open'====== Args={'value': 11, 'prev_value': None, 'change': True}
2025-10-20 22:35:16,196 : INFO : EventManager : Event: ======'machine_var_audits_missing_switches_s_launcher_lane_spinner'====== Args={'value': 42, 'prev_value': None, 'change': True}
2025-10-20 22:35:16,196 : INFO : EventManager : Event: ======'machine_var_audits_missing_switches_s_left_center_target'====== Args={'value': 31, 'prev_value': None, 'change': True}
2025-10-20 22:35:16,197 : INFO : EventManager : Event: ======'machine_var_audits_missing_switches_s_left_corridor_spinner'====== Args={'value': 12, 'prev_value': None, 'change': True}
2025-10-20 22:35:16,197 : INFO : EventManager : Event: ======'machine_var_audits_missing_switches_s_left_corridor_spinner2'====== Args={'value': 37, 'prev_value': None, 'change': True}
2025-10-20 22:35:16,197 : INFO : EventManager : Event: ======'machine_var_audits_missing_switches_s_left_flipper'====== Args={'value': 3, 'prev_value': None, 'change': True}
2025-10-20 22:35:16,197 : INFO : EventManager : Event: ======'machine_var_audits_missing_switches_s_left_inlane'====== Args={'value': 10, 'prev_value': None, 'change': True}
2025-10-20 22:35:16,198 : INFO : EventManager : Event: ======'machine_var_audits_missing_switches_s_left_outlane'====== Args={'value': 10, 'prev_value': None, 'change': True}
2025-10-20 22:35:16,198 : INFO : EventManager : Event: ======'machine_var_audits_missing_switches_s_left_rollover'====== Args={'value': 1, 'prev_value': None, 'change': True}
2025-10-20 22:35:16,198 : INFO : EventManager : Event: ======'machine_var_audits_missing_switches_s_left_standup'====== Args={'value': 42, 'prev_value': None, 'change': True}
2025-10-20 22:35:16,198 : INFO : EventManager : Event: ======'machine_var_audits_missing_switches_s_right_center_target'====== Args={'value': 31, 'prev_value': None, 'change': True}
2025-10-20 22:35:16,199 : INFO : EventManager : Event: ======'machine_var_audits_missing_switches_s_right_corridor_spinner'====== Args={'value': 37, 'prev_value': None, 'change': True}
2025-10-20 22:35:16,199 : INFO : EventManager : Event: ======'machine_var_audits_missing_switches_s_right_flipper'====== Args={'value': 3, 'prev_value': None, 'change': True}
2025-10-20 22:35:16,199 : INFO : EventManager : Event: ======'machine_var_audits_missing_switches_s_right_inlane'====== Args={'value': 10, 'prev_value': None, 'change': True}
2025-10-20 22:35:16,200 : INFO : EventManager : Event: ======'machine_var_audits_missing_switches_s_right_outlane'====== Args={'value': 10, 'prev_value': None, 'change': True}
2025-10-20 22:35:16,200 : INFO : EventManager : Event: ======'machine_var_audits_missing_switches_s_right_rollover'====== Args={'value': 1, 'prev_value': None, 'change': True}
2025-10-20 22:35:16,200 : INFO : EventManager : Event: ======'machine_var_audits_missing_switches_s_right_standup'====== Args={'value': 11, 'prev_value': None, 'change': True}
2025-10-20 22:35:16,200 : INFO : EventManager : Event: ======'machine_var_audits_missing_switches_s_service_coin'====== Args={'value': 57, 'prev_value': None, 'change': True}
2025-10-20 22:35:16,200 : INFO : EventManager : Event: ======'machine_var_audits_missing_switches_s_service_down'====== Args={'value': 11, 'prev_value': None, 'change': True}
2025-10-20 22:35:16,201 : INFO : EventManager : Event: ======'machine_var_audits_missing_switches_s_service_enter'====== Args={'value': 11, 'prev_value': None, 'change': True}
2025-10-20 22:35:16,201 : INFO : EventManager : Event: ======'machine_var_audits_missing_switches_s_service_esc'====== Args={'value': 11, 'prev_value': None, 'change': True}
2025-10-20 22:35:16,201 : INFO : EventManager : Event: ======'machine_var_audits_missing_switches_s_service_up'====== Args={'value': 11, 'prev_value': None, 'change': True}
2025-10-20 22:35:16,202 : INFO : EventManager : Event: ======'machine_var_audits_missing_switches_s_sling_left'====== Args={'value': 329, 'prev_value': None, 'change': True}
2025-10-20 22:35:16,202 : INFO : EventManager : Event: ======'machine_var_audits_missing_switches_s_sling_right'====== Args={'value': 225, 'prev_value': None, 'change': True}
2025-10-20 22:35:16,202 : INFO : EventManager : Event: ======'machine_var_audits_missing_switches_s_standup_2'====== Args={'value': 15, 'prev_value': None, 'change': True}
2025-10-20 22:35:16,202 : INFO : EventManager : Event: ======'machine_var_audits_missing_switches_s_standup_3'====== Args={'value': 15, 'prev_value': None, 'change': True}
2025-10-20 22:35:16,203 : INFO : EventManager : Event: ======'machine_var_audits_missing_switches_s_standup_4'====== Args={'value': 15, 'prev_value': None, 'change': True}
2025-10-20 22:35:16,203 : INFO : EventManager : Event: ======'machine_var_audits_missing_switches_s_standup_5'====== Args={'value': 15, 'prev_value': None, 'change': True}
2025-10-20 22:35:16,203 : INFO : EventManager : Event: ======'machine_var_audits_missing_switches_s_standup_6'====== Args={'value': 15, 'prev_value': None, 'change': True}
2025-10-20 22:35:16,204 : INFO : EventManager : Event: ======'machine_var_audits_missing_switches_s_start'====== Args={'value': 2, 'prev_value': None, 'change': True}
2025-10-20 22:35:16,204 : INFO : EventManager : Event: ======'machine_var_audits_missing_switches_s_top_left_standup'====== Args={'value': 42, 'prev_value': None, 'change': True}
2025-10-20 22:35:16,204 : INFO : EventManager : Event: ======'machine_var_audits_missing_switches_s_top_left_standup2'====== Args={'value': 42, 'prev_value': None, 'change': True}
2025-10-20 22:35:16,205 : INFO : EventManager : Event: ======'machine_var_audits_missing_switches_s_trough2'====== Args={'value': 61, 'prev_value': None, 'change': True}
2025-10-20 22:35:16,205 : INFO : EventManager : Event: ======'machine_var_audits_missing_switches_s_trough3'====== Args={'value': 376, 'prev_value': None, 'change': True}
2025-10-20 22:35:16,206 : INFO : EventManager : Event: ======'machine_var_audits_missing_switches_s_trough4'====== Args={'value': 376, 'prev_value': None, 'change': True}
2025-10-20 22:35:16,206 : INFO : EventManager : Event: ======'machine_var_audits_missing_switches_s_trough5'====== Args={'value': 376, 'prev_value': None, 'change': True}
2025-10-20 22:35:16,206 : INFO : EventManager : Event: ======'machine_var_audits_missing_switches_s_trough6'====== Args={'value': 376, 'prev_value': None, 'change': True}
2025-10-20 22:35:16,207 : INFO : EventManager : Event: ======'machine_var_audits_missing_switches_s_trough_jam'====== Args={'value': 60, 'prev_value': None, 'change': True}
2025-10-20 22:35:16,207 : INFO : EventManager : Event: ======'machine_var_audits_player_score'====== Args={'value': {'average': 6450684, 'top': [75043600, 70538842, 47521800, 45002500, 43517500, 42224750, 41236342, 31835000, 17715450, 15508500], 'total': 77}, 'prev_value': None, 'change': True}
2025-10-20 22:35:16,207 : INFO : EventManager : Event: ======'machine_var_audits_shots_A'====== Args={'value': 50, 'prev_value': None, 'change': True}
2025-10-20 22:35:16,208 : INFO : EventManager : Event: ======'machine_var_audits_shots_E'====== Args={'value': 213, 'prev_value': None, 'change': True}
2025-10-20 22:35:16,208 : INFO : EventManager : Event: ======'machine_var_audits_shots_Eb'====== Args={'value': 42, 'prev_value': None, 'change': True}
2025-10-20 22:35:16,208 : INFO : EventManager : Event: ======'machine_var_audits_shots_I'====== Args={'value': 206, 'prev_value': None, 'change': True}
2025-10-20 22:35:16,209 : INFO : EventManager : Event: ======'machine_var_audits_shots_L'====== Args={'value': 43, 'prev_value': None, 'change': True}
2025-10-20 22:35:16,209 : INFO : EventManager : Event: ======'machine_var_audits_shots_M'====== Args={'value': 208, 'prev_value': None, 'change': True}
2025-10-20 22:35:16,210 : INFO : EventManager : Event: ======'machine_var_audits_shots_R'====== Args={'value': 62, 'prev_value': None, 'change': True}
2025-10-20 22:35:16,210 : INFO : EventManager : Event: ======'machine_var_audits_shots_T'====== Args={'value': 208, 'prev_value': None, 'change': True}
2025-10-20 22:35:16,210 : INFO : EventManager : Event: ======'machine_var_audits_shots_Tb'====== Args={'value': 84, 'prev_value': None, 'change': True}
2025-10-20 22:35:16,211 : INFO : EventManager : Event: ======'machine_var_audits_shots_V'====== Args={'value': 43, 'prev_value': None, 'change': True}
2025-10-20 22:35:16,211 : INFO : EventManager : Event: ======'machine_var_audits_shots_bumper1_shot'====== Args={'value': 343, 'prev_value': None, 'change': True}
2025-10-20 22:35:16,211 : INFO : EventManager : Event: ======'machine_var_audits_shots_bumper2_shot'====== Args={'value': 883, 'prev_value': None, 'change': True}
2025-10-20 22:35:16,212 : INFO : EventManager : Event: ======'machine_var_audits_shots_center_center_droptarget'====== Args={'value': 21, 'prev_value': None, 'change': True}
2025-10-20 22:35:16,212 : INFO : EventManager : Event: ======'machine_var_audits_shots_center_rollover'====== Args={'value': 7, 'prev_value': None, 'change': True}
2025-10-20 22:35:16,212 : INFO : EventManager : Event: ======'machine_var_audits_shots_center_rollover_shot'====== Args={'value': 350, 'prev_value': None, 'change': True}
2025-10-20 22:35:16,213 : INFO : EventManager : Event: ======'machine_var_audits_shots_center_scoop_shot'====== Args={'value': 9, 'prev_value': None, 'change': True}
2025-10-20 22:35:16,213 : INFO : EventManager : Event: ======'machine_var_audits_shots_jets'====== Args={'value': 1167, 'prev_value': None, 'change': True}
2025-10-20 22:35:16,213 : INFO : EventManager : Event: ======'machine_var_audits_shots_left_center_droptarget'====== Args={'value': 21, 'prev_value': None, 'change': True}
2025-10-20 22:35:16,214 : INFO : EventManager : Event: ======'machine_var_audits_shots_left_corridor_spinner'====== Args={'value': 9, 'prev_value': None, 'change': True}
2025-10-20 22:35:16,214 : INFO : EventManager : Event: ======'machine_var_audits_shots_left_corridor_spinner2'====== Args={'value': 10, 'prev_value': None, 'change': True}
2025-10-20 22:35:16,215 : INFO : EventManager : Event: ======'machine_var_audits_shots_left_corridor_spinner_shot'====== Args={'value': 186, 'prev_value': None, 'change': True}
2025-10-20 22:35:16,215 : INFO : EventManager : Event: ======'machine_var_audits_shots_left_inlane_shot'====== Args={'value': 8, 'prev_value': None, 'change': True}
2025-10-20 22:35:16,216 : INFO : EventManager : Event: ======'machine_var_audits_shots_left_outlane_shot'====== Args={'value': 8, 'prev_value': None, 'change': True}
2025-10-20 22:35:16,216 : INFO : EventManager : Event: ======'machine_var_audits_shots_left_rollover'====== Args={'value': 36, 'prev_value': None, 'change': True}
2025-10-20 22:35:16,216 : INFO : EventManager : Event: ======'machine_var_audits_shots_left_rollover_shot'====== Args={'value': 287, 'prev_value': None, 'change': True}
2025-10-20 22:35:16,217 : INFO : EventManager : Event: ======'machine_var_audits_shots_left_scoop_shot'====== Args={'value': 41, 'prev_value': None, 'change': True}
2025-10-20 22:35:16,217 : INFO : EventManager : Event: ======'machine_var_audits_shots_left_standup_shot'====== Args={'value': 15, 'prev_value': None, 'change': True}
2025-10-20 22:35:16,217 : INFO : EventManager : Event: ======'machine_var_audits_shots_letf_inlane_shot'====== Args={'value': 6, 'prev_value': None, 'change': True}
2025-10-20 22:35:16,218 : INFO : EventManager : Event: ======'machine_var_audits_shots_letf_outlane_shot'====== Args={'value': 5, 'prev_value': None, 'change': True}
2025-10-20 22:35:16,218 : INFO : EventManager : Event: ======'machine_var_audits_shots_middle_inlane_shot'====== Args={'value': 20, 'prev_value': None, 'change': True}
2025-10-20 22:35:16,218 : INFO : EventManager : Event: ======'machine_var_audits_shots_my_first_shot'====== Args={'value': 95, 'prev_value': None, 'change': True}
2025-10-20 22:35:16,219 : INFO : EventManager : Event: ======'machine_var_audits_shots_right_center_droptarget'====== Args={'value': 22, 'prev_value': None, 'change': True}
2025-10-20 22:35:16,219 : INFO : EventManager : Event: ======'machine_var_audits_shots_right_corridor_spinner'====== Args={'value': 3, 'prev_value': None, 'change': True}
2025-10-20 22:35:16,219 : INFO : EventManager : Event: ======'machine_var_audits_shots_right_inlane_shot'====== Args={'value': 115, 'prev_value': None, 'change': True}
2025-10-20 22:35:16,220 : INFO : EventManager : Event: ======'machine_var_audits_shots_right_outlane_shot'====== Args={'value': 37, 'prev_value': None, 'change': True}
2025-10-20 22:35:16,220 : INFO : EventManager : Event: ======'machine_var_audits_shots_right_rollover'====== Args={'value': 41, 'prev_value': None, 'change': True}
2025-10-20 22:35:16,221 : INFO : EventManager : Event: ======'machine_var_audits_shots_right_rollover_shot'====== Args={'value': 419, 'prev_value': None, 'change': True}
2025-10-20 22:35:16,221 : INFO : EventManager : Event: ======'machine_var_audits_shots_right_scoop_shot'====== Args={'value': 62, 'prev_value': None, 'change': True}
2025-10-20 22:35:16,222 : INFO : EventManager : Event: ======'machine_var_audits_shots_right_standup'====== Args={'value': 41, 'prev_value': None, 'change': True}
2025-10-20 22:35:16,222 : INFO : EventManager : Event: ======'machine_var_audits_shots_right_standup_shot'====== Args={'value': 24, 'prev_value': None, 'change': True}
2025-10-20 22:35:16,223 : INFO : EventManager : Event: ======'machine_var_audits_shots_standup_1_skill'====== Args={'value': 65, 'prev_value': None, 'change': True}
2025-10-20 22:35:16,223 : INFO : EventManager : Event: ======'machine_var_audits_shots_standup_2_skill'====== Args={'value': 31, 'prev_value': None, 'change': True}
2025-10-20 22:35:16,224 : INFO : EventManager : Event: ======'machine_var_audits_shots_standup_3_skill'====== Args={'value': 13, 'prev_value': None, 'change': True}
2025-10-20 22:35:16,224 : INFO : EventManager : Event: ======'machine_var_audits_shots_standup_4_skill'====== Args={'value': 9, 'prev_value': None, 'change': True}
2025-10-20 22:35:16,225 : INFO : EventManager : Event: ======'machine_var_audits_shots_standup_5_skill'====== Args={'value': 4, 'prev_value': None, 'change': True}
2025-10-20 22:35:16,225 : INFO : EventManager : Event: ======'machine_var_audits_shots_standup_6_skill'====== Args={'value': 2, 'prev_value': None, 'change': True}
2025-10-20 22:35:16,226 : INFO : EventManager : Event: ======'machine_var_audits_shots_top_left_standup2_shot'====== Args={'value': 17, 'prev_value': None, 'change': True}
2025-10-20 22:35:16,226 : INFO : EventManager : Event: ======'machine_var_audits_shots_top_left_standup_shot'====== Args={'value': 8, 'prev_value': None, 'change': True}
2025-10-20 22:35:16,226 : INFO : EventManager : Event: ======'machine_var_audits_shots_top_middle_inlane_shot'====== Args={'value': 41, 'prev_value': None, 'change': True}
2025-10-20 22:35:16,227 : INFO : EventManager : Event: ======'machine_var_audits_switches_s_A'====== Args={'value': 0, 'prev_value': None, 'change': True}
2025-10-20 22:35:16,227 : INFO : EventManager : Event: ======'machine_var_audits_switches_s_E'====== Args={'value': 218, 'prev_value': None, 'change': True}
2025-10-20 22:35:16,228 : INFO : EventManager : Event: ======'machine_var_audits_switches_s_Eb'====== Args={'value': 0, 'prev_value': None, 'change': True}
2025-10-20 22:35:16,228 : INFO : EventManager : Event: ======'machine_var_audits_switches_s_I'====== Args={'value': 211, 'prev_value': None, 'change': True}
2025-10-20 22:35:16,229 : INFO : EventManager : Event: ======'machine_var_audits_switches_s_L'====== Args={'value': 0, 'prev_value': None, 'change': True}
2025-10-20 22:35:16,229 : INFO : EventManager : Event: ======'machine_var_audits_switches_s_M'====== Args={'value': 213, 'prev_value': None, 'change': True}
2025-10-20 22:35:16,230 : INFO : EventManager : Event: ======'machine_var_audits_switches_s_R'====== Args={'value': 0, 'prev_value': None, 'change': True}
2025-10-20 22:35:16,230 : INFO : EventManager : Event: ======'machine_var_audits_switches_s_T'====== Args={'value': 212, 'prev_value': None, 'change': True}
2025-10-20 22:35:16,231 : INFO : EventManager : Event: ======'machine_var_audits_switches_s_Tb'====== Args={'value': 0, 'prev_value': None, 'change': True}
2025-10-20 22:35:16,231 : INFO : EventManager : Event: ======'machine_var_audits_switches_s_V'====== Args={'value': 0, 'prev_value': None, 'change': True}
2025-10-20 22:35:16,231 : INFO : EventManager : Event: ======'machine_var_audits_switches_s_bumper1'====== Args={'value': 343, 'prev_value': None, 'change': True}
2025-10-20 22:35:16,232 : INFO : EventManager : Event: ======'machine_var_audits_switches_s_bumper2'====== Args={'value': 887, 'prev_value': None, 'change': True}
2025-10-20 22:35:16,232 : INFO : EventManager : Event: ======'machine_var_audits_switches_s_bumper_1'====== Args={'value': 0, 'prev_value': None, 'change': True}
2025-10-20 22:35:16,232 : INFO : EventManager : Event: ======'machine_var_audits_switches_s_bumper_2'====== Args={'value': 0, 'prev_value': None, 'change': True}
2025-10-20 22:35:16,233 : INFO : EventManager : Event: ======'machine_var_audits_switches_s_center_center_target'====== Args={'value': 27, 'prev_value': None, 'change': True}
2025-10-20 22:35:16,233 : INFO : EventManager : Event: ======'machine_var_audits_switches_s_center_rollover'====== Args={'value': 361, 'prev_value': None, 'change': True}
2025-10-20 22:35:16,233 : INFO : EventManager : Event: ======'machine_var_audits_switches_s_center_scoop'====== Args={'value': 23, 'prev_value': None, 'change': True}
2025-10-20 22:35:16,234 : INFO : EventManager : Event: ======'machine_var_audits_switches_s_coin_left'====== Args={'value': 19, 'prev_value': None, 'change': True}
2025-10-20 22:35:16,235 : INFO : EventManager : Event: ======'machine_var_audits_switches_s_door_open'====== Args={'value': 3, 'prev_value': None, 'change': True}
2025-10-20 22:35:16,235 : INFO : EventManager : Event: ======'machine_var_audits_switches_s_launcher_lane_spinner'====== Args={'value': 9, 'prev_value': None, 'change': True}
2025-10-20 22:35:16,236 : INFO : EventManager : Event: ======'machine_var_audits_switches_s_left_center_target'====== Args={'value': 28, 'prev_value': None, 'change': True}
2025-10-20 22:35:16,237 : INFO : EventManager : Event: ======'machine_var_audits_switches_s_left_corridor_spinner'====== Args={'value': 227, 'prev_value': None, 'change': True}
2025-10-20 22:35:16,237 : INFO : EventManager : Event: ======'machine_var_audits_switches_s_left_corridor_spinner2'====== Args={'value': 14, 'prev_value': None, 'change': True}
2025-10-20 22:35:16,238 : INFO : EventManager : Event: ======'machine_var_audits_switches_s_left_flipper'====== Args={'value': 364, 'prev_value': None, 'change': True}
2025-10-20 22:35:16,238 : INFO : EventManager : Event: ======'machine_var_audits_switches_s_left_inlane'====== Args={'value': 24, 'prev_value': None, 'change': True}
2025-10-20 22:35:16,239 : INFO : EventManager : Event: ======'machine_var_audits_switches_s_left_outlane'====== Args={'value': 16, 'prev_value': None, 'change': True}
2025-10-20 22:35:16,240 : INFO : EventManager : Event: ======'machine_var_audits_switches_s_left_rollover'====== Args={'value': 298, 'prev_value': None, 'change': True}
2025-10-20 22:35:16,240 : INFO : EventManager : Event: ======'machine_var_audits_switches_s_left_scoop'====== Args={'value': 258, 'prev_value': None, 'change': True}
2025-10-20 22:35:16,241 : INFO : EventManager : Event: ======'machine_var_audits_switches_s_left_standup'====== Args={'value': 20, 'prev_value': None, 'change': True}
2025-10-20 22:35:16,242 : INFO : EventManager : Event: ======'machine_var_audits_switches_s_middle_inlane'====== Args={'value': 20, 'prev_value': None, 'change': True}
2025-10-20 22:35:16,242 : INFO : EventManager : Event: ======'machine_var_audits_switches_s_plunger'====== Args={'value': 656, 'prev_value': None, 'change': True}
2025-10-20 22:35:16,242 : INFO : EventManager : Event: ======'machine_var_audits_switches_s_right_center_target'====== Args={'value': 31, 'prev_value': None, 'change': True}
2025-10-20 22:35:16,243 : INFO : EventManager : Event: ======'machine_var_audits_switches_s_right_corridor_spinner'====== Args={'value': 24, 'prev_value': None, 'change': True}
2025-10-20 22:35:16,243 : INFO : EventManager : Event: ======'machine_var_audits_switches_s_right_flipper'====== Args={'value': 156, 'prev_value': None, 'change': True}
2025-10-20 22:35:16,244 : INFO : EventManager : Event: ======'machine_var_audits_switches_s_right_inlane'====== Args={'value': 242, 'prev_value': None, 'change': True}
2025-10-20 22:35:16,244 : INFO : EventManager : Event: ======'machine_var_audits_switches_s_right_outlane'====== Args={'value': 43, 'prev_value': None, 'change': True}
2025-10-20 22:35:16,245 : INFO : EventManager : Event: ======'machine_var_audits_switches_s_right_rollover'====== Args={'value': 428, 'prev_value': None, 'change': True}
2025-10-20 22:35:16,245 : INFO : EventManager : Event: ======'machine_var_audits_switches_s_right_scoop'====== Args={'value': 79, 'prev_value': None, 'change': True}
2025-10-20 22:35:16,245 : INFO : EventManager : Event: ======'machine_var_audits_switches_s_right_standup'====== Args={'value': 173, 'prev_value': None, 'change': True}
2025-10-20 22:35:16,246 : INFO : EventManager : Event: ======'machine_var_audits_switches_s_service_coin'====== Args={'value': 1, 'prev_value': None, 'change': True}
2025-10-20 22:35:16,246 : INFO : EventManager : Event: ======'machine_var_audits_switches_s_service_down'====== Args={'value': 28, 'prev_value': None, 'change': True}
2025-10-20 22:35:16,247 : INFO : EventManager : Event: ======'machine_var_audits_switches_s_service_enter'====== Args={'value': 12, 'prev_value': None, 'change': True}
2025-10-20 22:35:16,247 : INFO : EventManager : Event: ======'machine_var_audits_switches_s_service_esc'====== Args={'value': 10, 'prev_value': None, 'change': True}
2025-10-20 22:35:16,248 : INFO : EventManager : Event: ======'machine_var_audits_switches_s_service_up'====== Args={'value': 31, 'prev_value': None, 'change': True}
2025-10-20 22:35:16,248 : INFO : EventManager : Event: ======'machine_var_audits_switches_s_sling_left'====== Args={'value': 3, 'prev_value': None, 'change': True}
2025-10-20 22:35:16,249 : INFO : EventManager : Event: ======'machine_var_audits_switches_s_sling_right'====== Args={'value': 8, 'prev_value': None, 'change': True}
2025-10-20 22:35:16,249 : INFO : EventManager : Event: ======'machine_var_audits_switches_s_standup_1'====== Args={'value': 168, 'prev_value': None, 'change': True}
2025-10-20 22:35:16,249 : INFO : EventManager : Event: ======'machine_var_audits_switches_s_standup_2'====== Args={'value': 105, 'prev_value': None, 'change': True}
2025-10-20 22:35:16,250 : INFO : EventManager : Event: ======'machine_var_audits_switches_s_standup_3'====== Args={'value': 93, 'prev_value': None, 'change': True}
2025-10-20 22:35:16,250 : INFO : EventManager : Event: ======'machine_var_audits_switches_s_standup_4'====== Args={'value': 68, 'prev_value': None, 'change': True}
2025-10-20 22:35:16,251 : INFO : EventManager : Event: ======'machine_var_audits_switches_s_standup_5'====== Args={'value': 66, 'prev_value': None, 'change': True}
2025-10-20 22:35:16,251 : INFO : EventManager : Event: ======'machine_var_audits_switches_s_standup_6'====== Args={'value': 57, 'prev_value': None, 'change': True}
2025-10-20 22:35:16,252 : INFO : EventManager : Event: ======'machine_var_audits_switches_s_start'====== Args={'value': 61, 'prev_value': None, 'change': True}
2025-10-20 22:35:16,252 : INFO : EventManager : Event: ======'machine_var_audits_switches_s_tilt'====== Args={'value': 15, 'prev_value': None, 'change': True}
2025-10-20 22:35:16,253 : INFO : EventManager : Event: ======'machine_var_audits_switches_s_top_left_standup'====== Args={'value': 19, 'prev_value': None, 'change': True}
2025-10-20 22:35:16,253 : INFO : EventManager : Event: ======'machine_var_audits_switches_s_top_left_standup2'====== Args={'value': 37, 'prev_value': None, 'change': True}
2025-10-20 22:35:16,254 : INFO : EventManager : Event: ======'machine_var_audits_switches_s_top_middle_inlane'====== Args={'value': 41, 'prev_value': None, 'change': True}
2025-10-20 22:35:16,254 : INFO : EventManager : Event: ======'machine_var_audits_switches_s_trough1'====== Args={'value': 380, 'prev_value': None, 'change': True}
2025-10-20 22:35:16,255 : INFO : EventManager : Event: ======'machine_var_audits_switches_s_trough2'====== Args={'value': 1, 'prev_value': None, 'change': True}
2025-10-20 22:35:16,255 : INFO : EventManager : Event: ======'machine_var_audits_switches_s_trough3'====== Args={'value': 0, 'prev_value': None, 'change': True}
2025-10-20 22:35:16,256 : INFO : EventManager : Event: ======'machine_var_audits_switches_s_trough4'====== Args={'value': 0, 'prev_value': None, 'change': True}
2025-10-20 22:35:16,257 : INFO : EventManager : Event: ======'machine_var_audits_switches_s_trough5'====== Args={'value': 0, 'prev_value': None, 'change': True}
2025-10-20 22:35:16,258 : INFO : EventManager : Event: ======'machine_var_audits_switches_s_trough6'====== Args={'value': 0, 'prev_value': None, 'change': True}
2025-10-20 22:35:16,258 : INFO : EventManager : Event: ======'machine_var_audits_switches_s_trough_jam'====== Args={'value': 2, 'prev_value': None, 'change': True}
2025-10-20 22:35:16,259 : INFO : EventManager : Event: ======'init_phase_5'====== Args={}
2025-10-20 22:35:16,314 : INFO : EventManager : Event: ======'init_done'====== Args={}
2025-10-20 22:35:16,333 : INFO : EventManager : Event: ======'machine_reset_phase_1'====== Args={}
2025-10-20 22:35:16,333 : INFO : EventManager : Event: ======'slide_window_slide_1_removed'====== Args={'_from_bcp': True}
2025-10-20 22:35:16,353 : INFO : EventManager : Event: ======'slide_window_slide_1_created'====== Args={'_from_bcp': True}
2025-10-20 22:35:16,354 : INFO : EventManager : Event: ======'slide_window_slide_1_active'====== Args={'_from_bcp': True}
2025-10-20 22:35:16,371 : INFO : EventManager : Event: ======'machine_reset_phase_2'====== Args={}
2025-10-20 22:35:16,371 : INFO : EventManager : Event: ======'machine_reset_phase_3'====== Args={}
2025-10-20 22:35:16,371 : INFO : EventManager : Event: ======'mode_tilt_will_start'====== Args={'queue': <QueuedEvent>}
2025-10-20 22:35:16,372 : INFO : EventManager : Event: ======'mode_tilt_starting'====== Args={'queue': <QueuedEvent>}
2025-10-20 22:35:16,372 : INFO : drop_target_bank.TIME : All targets are already up. Will not reset bank.
2025-10-20 22:35:16,372 : INFO : drop_target_bank.CENTER : All targets are already up. Will not reset bank.
2025-10-20 22:35:16,372 : INFO : drop_target_bank.TRAVEL : All targets are already up. Will not reset bank.
2025-10-20 22:35:16,372 : INFO : Mode.tilt : Started. Priority: 1000000
2025-10-20 22:35:16,372 : INFO : EventManager : Event: ======'modes_active_modes_changed'====== Args={}
2025-10-20 22:35:16,372 : INFO : EventManager : Event: ======'mode_tilt_started'====== Args={'queue': <QueuedEvent>}
2025-10-20 22:35:16,373 : INFO : EventManager : Event: ======'reset_complete'====== Args={}
2025-10-20 22:35:16,373 : INFO : EventManager : Event: ======'mode_credits_will_start'====== Args={}
2025-10-20 22:35:16,373 : INFO : EventManager : Event: ======'mode_credits_starting'====== Args={}
2025-10-20 22:35:16,373 : INFO : EventManager : Event: ======'mode_attract_will_start'====== Args={}
2025-10-20 22:35:16,374 : INFO : EventManager : Event: ======'mode_attract_starting'====== Args={}
2025-10-20 22:35:16,374 : INFO : Mode.attract : Started. Priority: 10
2025-10-20 22:35:16,374 : INFO : EventManager : Event: ======'modes_active_modes_changed'====== Args={}
2025-10-20 22:35:16,374 : INFO : EventManager : Event: ======'mode_attract_started'====== Args={}
2025-10-20 22:35:16,374 : INFO : EventManager : Event: ======'collecting_balls_complete'====== Args={}
2025-10-20 22:35:16,375 : INFO : Mode.credits : Started. Priority: 1000010
2025-10-20 22:35:16,375 : INFO : EventManager : Event: ======'modes_active_modes_changed'====== Args={}
2025-10-20 22:35:16,375 : INFO : EventManager : Event: ======'mode_credits_started'====== Args={}
2025-10-20 22:35:16,375 : INFO : Mode.credits : Credit units per game: 1
2025-10-20 22:35:16,375 : INFO : EventManager : Event: ======'machine_var_price_per_game_raw_0'====== Args={'value': 1.0, 'prev_value': None, 'change': True}
2025-10-20 22:35:16,375 : INFO : EventManager : Event: ======'machine_var_price_per_game_string_0'====== Args={'value': '1 CREDITS $1.0', 'prev_value': None, 'change': True}
2025-10-20 22:35:16,376 : INFO : EventManager : Event: ======'machine_var_credits_string'====== Args={'value': ' ', 'prev_value': 'FREE PLAY', 'change': True}
2025-10-20 22:35:16,376 : INFO : EventManager : Event: ======'machine_var_credits_value'====== Args={'value': '0', 'prev_value': None, 'change': True}
2025-10-20 22:35:16,377 : INFO : EventManager : Event: ======'machine_var_credits_whole_num'====== Args={'value': 0, 'prev_value': None, 'change': True}
2025-10-20 22:35:16,377 : INFO : EventManager : Event: ======'machine_var_credits_numerator'====== Args={'value': 0, 'prev_value': None, 'change': True}
2025-10-20 22:35:16,378 : INFO : EventManager : Event: ======'machine_var_credits_denominator'====== Args={'value': 0, 'prev_value': None, 'change': True}
2025-10-20 22:35:16,378 : INFO : EventManager : Event: ======'machine_var_credits_string'====== Args={'value': 'CREDITS 0', 'prev_value': ' ', 'change': True}
2025-10-20 22:35:16,378 : INFO : EventManager : Event: ======'machine_var_credits_denominator'====== Args={'value': 1, 'prev_value': 0, 'change': 1}
2025-10-20 22:35:16,416 : INFO : EventManager : Event: ======'slide_awesome_slide_created'====== Args={'_from_bcp': True}
2025-10-20 22:35:16,416 : INFO : EventManager : Event: ======'slide_awesome_slide_active'====== Args={'_from_bcp': True}
2025-10-20 22:35:16,416 : INFO : Machine : Starting the main run loop.
2025-10-20 22:35:16,562 : INFO : BcpServer : New client connected.
2025-10-20 22:35:19,388 : INFO : EventManager : Event: ======'slide_press_start_created'====== Args={'_from_bcp': True}
2025-10-20 22:35:19,390 : INFO : EventManager : Event: ======'slide_press_start_active'====== Args={'_from_bcp': True}
2025-10-20 22:35:19,457 : INFO : SwitchController : <<<<<<< 's_start' active >>>>>>>
2025-10-20 22:35:19,589 : INFO : SwitchController : <<<<<<< 's_start' inactive >>>>>>>
2025-10-20 22:35:19,589 : INFO : EventManager : Event: ======'request_to_start_game'====== Args={}
2025-10-20 22:35:19,590 : INFO : Mode.credits : Received request to start game. Request Denied. Not enough credits available.
2025-10-20 22:35:19,590 : INFO : EventManager : Event: ======'not_enough_credits'====== Args={}
2025-10-20 22:35:19,598 : INFO : EventManager : Event: ======'slide_not_enough_credits_slide_created'====== Args={'_from_bcp': True}
2025-10-20 22:35:19,606 : INFO : EventManager : Event: ======'slide_not_enough_credits_slide_active'====== Args={'_from_bcp': True}
2025-10-20 22:35:21,608 : INFO : EventManager : Event: ======'slide_not_enough_credits_slide_removed'====== Args={'_from_bcp': True}
2025-10-20 22:35:21,622 : INFO : EventManager : Event: ======'slide_press_start_active'====== Args={'_from_bcp': True}
2025-10-20 22:35:21,940 : INFO : SwitchController : <<<<<<< 's_coin_left' active >>>>>>>
2025-10-20 22:35:21,941 : INFO : Mode.credits : Credit switch hit. Credit Added. Value: 1.0. Type: money keyName: None
2025-10-20 22:35:21,941 : INFO : Mode.credits : Credit units added
2025-10-20 22:35:21,941 : INFO : EventManager : Event: ======'machine_var_credit_units'====== Args={'value': 1, 'prev_value': 0, 'change': 1}
2025-10-20 22:35:21,942 : INFO : EventManager : Event: ======'machine_var_credits_string'====== Args={'value': 'CREDITS 1', 'prev_value': 'CREDITS 0', 'change': True}
2025-10-20 22:35:21,943 : INFO : EventManager : Event: ======'machine_var_credits_value'====== Args={'value': '1', 'prev_value': '0', 'change': True}
2025-10-20 22:35:21,944 : INFO : EventManager : Event: ======'machine_var_credits_whole_num'====== Args={'value': 1, 'prev_value': 0, 'change': 1}
2025-10-20 22:35:21,945 : INFO : EventManager : Event: ======'credits_added'====== Args={}
2025-10-20 22:35:21,945 : INFO : Mode.credits : Credit audits. Value: 1.0. Type: money keyName: None
2025-10-20 22:35:21,961 : INFO : EventManager : Event: ======'slide_credit_added_slide_created'====== Args={'_from_bcp': True}
2025-10-20 22:35:21,973 : INFO : EventManager : Event: ======'slide_credit_added_slide_active'====== Args={'_from_bcp': True}
2025-10-20 22:35:22,055 : INFO : SwitchController : <<<<<<< 's_coin_left' inactive >>>>>>>
2025-10-20 22:35:22,388 : INFO : EventManager : Event: ======'slide_mission_pinball_created'====== Args={'_from_bcp': True}
2025-10-20 22:35:23,974 : INFO : EventManager : Event: ======'slide_credit_added_slide_removed'====== Args={'_from_bcp': True}
2025-10-20 22:35:23,976 : INFO : EventManager : Event: ======'slide_mission_pinball_active'====== Args={'_from_bcp': True}
2025-10-20 22:35:24,172 : INFO : SwitchController : <<<<<<< 's_start' active >>>>>>>
2025-10-20 22:35:24,289 : INFO : SwitchController : <<<<<<< 's_start' inactive >>>>>>>
2025-10-20 22:35:24,289 : INFO : EventManager : Event: ======'request_to_start_game'====== Args={}
2025-10-20 22:35:24,290 : INFO : Mode.credits : Received request to start game. Request Approved. Sufficient credits available.
2025-10-20 22:35:24,290 : INFO : EventManager : Event: ======'game_start'====== Args={'buttons': [], 'hold_time': 0.125}
2025-10-20 22:35:24,290 : INFO : EventManager : Event: ======'mode_game_will_start'====== Args={'buttons': [], 'hold_time': 0.125}
2025-10-20 22:35:24,291 : INFO : EventManager : Event: ======'mode_game_starting'====== Args={'buttons': [], 'hold_time': 0.125}
2025-10-20 22:35:24,291 : INFO : EventManager : Event: ======'mode_attract_will_stop'====== Args={}
2025-10-20 22:35:24,291 : INFO : EventManager : Event: ======'mode_attract_stopping'====== Args={}
2025-10-20 22:35:24,291 : INFO : Mode.attract : Stopped.
2025-10-20 22:35:24,291 : INFO : EventManager : Event: ======'modes_active_modes_changed'====== Args={}
2025-10-20 22:35:24,292 : INFO : EventManager : Event: ======'mode_attract_stopped'====== Args={}
2025-10-20 22:35:24,292 : INFO : EventManager : Event: ======'clear'====== Args={'key': 'attract'}
2025-10-20 22:35:24,292 : INFO : Mode.game : Started. Priority: 20
2025-10-20 22:35:24,293 : INFO : EventManager : Event: ======'modes_active_modes_changed'====== Args={}
2025-10-20 22:35:24,293 : INFO : EventManager : Event: ======'mode_game_started'====== Args={'buttons': [], 'hold_time': 0.125}
2025-10-20 22:35:24,300 : INFO : EventManager : Event: ======'game_will_start'====== Args={}
2025-10-20 22:35:24,302 : INFO : EventManager : Event: ======'game_starting'====== Args={'game': <Mode.game>}
2025-10-20 22:35:24,303 : INFO : EventManager : Unordered handler for class <Auditor> on event game_ended with priority 1. Handlers: [RegisteredHandler(callback=<bound method Auditor.disable of <Auditor>>, priority=1, kwargs={}, key=UUID('0322a0e6-b567-4152-aceb-5360a831fb8d'), condition=None, blocking_facility=None), RegisteredHandler(callback=<bound method Auditor._save_audits of <Auditor>>, priority=1, kwargs={}, key=UUID('ea5ccd93-a269-47ea-a3ff-fcdb6ec73faf'), condition=None, blocking_facility=None)]. The order of those handlers is not defined and they will be executed in random order. This might lead to race conditions and potential bugs.
2025-10-20 22:35:24,303 : INFO : EventManager : Event: ======'player_add_request'====== Args={}
2025-10-20 22:35:24,303 : INFO : Mode.credits : Received request to add player. Request Approved. Sufficient credits available.
2025-10-20 22:35:24,303 : INFO : EventManager : Event: ======'player_will_add'====== Args={'number': 1}
2025-10-20 22:35:24,303 : INFO : EventManager : Event: ======'player_adding'====== Args={'player': <Player 1>, 'number': 1}
2025-10-20 22:35:24,304 : INFO : EventManager : Event: ======'player_added'====== Args={'player': <Player 1>, 'num': 1}
2025-10-20 22:35:24,304 : INFO : Mode.game : Player added successfully. Total players: 1
2025-10-20 22:35:24,304 : INFO : EventManager : Event: ======'machine_var_credit_units'====== Args={'value': 0, 'prev_value': 1, 'change': -1}
2025-10-20 22:35:24,305 : INFO : EventManager : Event: ======'machine_var_credits_string'====== Args={'value': 'CREDITS 0', 'prev_value': 'CREDITS 1', 'change': True}
2025-10-20 22:35:24,306 : INFO : EventManager : Event: ======'machine_var_credits_value'====== Args={'value': '0', 'prev_value': '1', 'change': True}
2025-10-20 22:35:24,307 : INFO : EventManager : Event: ======'machine_var_credits_whole_num'====== Args={'value': 0, 'prev_value': 1, 'change': -1}
2025-10-20 22:35:24,308 : INFO : EventManager : Event: ======'player_index'====== Args={'value': 0, 'prev_value': 0, 'change': 0, 'player_num': 1}
2025-10-20 22:35:24,308 : INFO : EventManager : Event: ======'player_number'====== Args={'value': 1, 'prev_value': 1, 'change': 0, 'player_num': 1}
2025-10-20 22:35:24,308 : INFO : EventManager : Event: ======'player_sj_active'====== Args={'value': 0, 'prev_value': 0, 'change': 0, 'player_num': 1}
2025-10-20 22:35:24,308 : INFO : EventManager : Event: ======'player_score'====== Args={'value': 0, 'prev_value': 0, 'change': 0, 'player_num': 1}
2025-10-20 22:35:24,309 : INFO : EventManager : Event: ======'game_started'====== Args={}
2025-10-20 22:35:24,325 : INFO : EventManager : Event: ======'player_turn_will_start'====== Args={'player': <Player 1>, 'number': 1}
2025-10-20 22:35:24,326 : INFO : EventManager : Event: ======'slide_awesome_slide_removed'====== Args={'_from_bcp': True}
2025-10-20 22:35:24,326 : INFO : EventManager : Event: ======'slide_press_start_removed'====== Args={'_from_bcp': True}
2025-10-20 22:35:24,326 : INFO : EventManager : Event: ======'slide_mission_pinball_removed'====== Args={'_from_bcp': True}
2025-10-20 22:35:24,327 : INFO : EventManager : Event: ======'player_turn_starting'====== Args={'player': <Player 1>, 'number': 1}
2025-10-20 22:35:24,327 : INFO : EventManager : Event: ======'slide_player_added_slide_created'====== Args={'_from_bcp': True}
2025-10-20 22:35:24,327 : INFO : EventManager : Event: ======'slide_player_added_slide_active'====== Args={'_from_bcp': True}
2025-10-20 22:35:24,328 : INFO : EventManager : Event: ======'player_ball'====== Args={'value': 1, 'prev_value': 0, 'change': 1, 'player_num': 1}
2025-10-20 22:35:24,328 : INFO : EventManager : Event: ======'player_turn_started'====== Args={'player': <Player 1>, 'number': 1}
2025-10-20 22:35:24,329 : INFO : EventManager : Event: ======'ball_will_start'====== Args={'player': 1, 'ball': 1, 'balls_remaining': 2, 'is_extra_ball': False}
2025-10-20 22:35:24,333 : INFO : EventManager : Event: ======'ball_starting'====== Args={'player': 1, 'ball': 1, 'balls_remaining': 2, 'is_extra_ball': False}
2025-10-20 22:35:24,333 : INFO : EventManager : Event: ======'slide_player_added_slide_removed'====== Args={'_from_bcp': True}
2025-10-20 22:35:24,334 : INFO : EventManager : Event: ======'mode_special_setup_will_start'====== Args={'queue': <QueuedEvent>, 'player': 1, 'ball': 1, 'balls_remaining': 2, 'is_extra_ball': False}
2025-10-20 22:35:24,335 : INFO : EventManager : Event: ======'mode_special_setup_starting'====== Args={'queue': <QueuedEvent>, 'player': 1, 'ball': 1, 'balls_remaining': 2, 'is_extra_ball': False}
2025-10-20 22:35:24,335 : INFO : EventManager : Event: ======'mode_super_jets_setup_will_start'====== Args={'queue': <QueuedEvent>, 'player': 1, 'ball': 1, 'balls_remaining': 2, 'is_extra_ball': False}
2025-10-20 22:35:24,335 : INFO : EventManager : Event: ======'player_shot_jets_enabled'====== Args={'value': True, 'prev_value': 0, 'change': 1, 'player_num': 1}
2025-10-20 22:35:24,337 : INFO : EventManager : Event: ======'mode_super_jets_setup_starting'====== Args={'queue': <QueuedEvent>, 'player': 1, 'ball': 1, 'balls_remaining': 2, 'is_extra_ball': False}
2025-10-20 22:35:24,337 : INFO : drop_target_bank.TIME : All targets are already up. Will not reset bank.
2025-10-20 22:35:24,337 : INFO : drop_target_bank.CENTER : All targets are already up. Will not reset bank.
2025-10-20 22:35:24,337 : INFO : drop_target_bank.TRAVEL : All targets are already up. Will not reset bank.
2025-10-20 22:35:24,338 : INFO : EventManager : Event: ======'balls_in_play'====== Args={'balls': 1}
2025-10-20 22:35:24,338 : INFO : EventManager : Event: ======'ball_started'====== Args={'player': 1, 'ball': 1, 'balls_remaining': 2, 'is_extra_ball': False}
2025-10-20 22:35:24,338 : INFO : EventManager : Event: ======'logicblock_special_count_updated'====== Args={'value': 0, 'enabled': True}
2025-10-20 22:35:24,338 : INFO : EventManager : Event: ======'logicblock_special_count_updated'====== Args={'value': 0, 'enabled': True}
2025-10-20 22:35:24,338 : INFO : Mode.special_setup : Started. Priority: 400
2025-10-20 22:35:24,338 : INFO : EventManager : Event: ======'modes_active_modes_changed'====== Args={}
2025-10-20 22:35:24,338 : INFO : EventManager : Event: ======'mode_special_setup_started'====== Args={'queue': <QueuedEvent>, 'player': 1, 'ball': 1, 'balls_remaining': 2, 'is_extra_ball': False}
2025-10-20 22:35:24,339 : INFO : EventManager : Event: ======'logicblock_lb_jets_count_updated'====== Args={'value': 0, 'enabled': True}
2025-10-20 22:35:24,339 : INFO : EventManager : Event: ======'logicblock_lb_rollover_complete_count_updated'====== Args={'value': 0, 'enabled': True}
2025-10-20 22:35:24,339 : INFO : EventManager : Event: ======'logicblock_lb_jets_count_updated'====== Args={'value': 0, 'enabled': True}
2025-10-20 22:35:24,339 : INFO : EventManager : Event: ======'logicblock_lb_jets_resume_updated'====== Args={'value': 0, 'enabled': False}
2025-10-20 22:35:24,339 : INFO : EventManager : Event: ======'logicblock_lb_rollover_complete_count_updated'====== Args={'value': 0, 'enabled': True}
2025-10-20 22:35:24,339 : INFO : Mode.super_jets_setup : Started. Priority: 200
2025-10-20 22:35:24,340 : INFO : EventManager : Event: ======'modes_active_modes_changed'====== Args={}
2025-10-20 22:35:24,340 : INFO : EventManager : Event: ======'mode_super_jets_setup_started'====== Args={'queue': <QueuedEvent>, 'player': 1, 'ball': 1, 'balls_remaining': 2, 'is_extra_ball': False}
2025-10-20 22:35:24,340 : INFO : EventManager : Event: ======'mode_base_will_start'====== Args={'player': 1, 'ball': 1, 'balls_remaining': 2, 'is_extra_ball': False}
2025-10-20 22:35:24,340 : INFO : EventManager : Event: ======'player_extra_ball_score_one_num_awarded'====== Args={'value': 0, 'prev_value': 0, 'change': 0, 'player_num': 1}
2025-10-20 22:35:24,341 : INFO : EventManager : Event: ======'player_extra_ball_score_two_num_awarded'====== Args={'value': 0, 'prev_value': 0, 'change': 0, 'player_num': 1}
2025-10-20 22:35:24,341 : INFO : EventManager : Event: ======'player_extra_ball_score_three_num_awarded'====== Args={'value': 0, 'prev_value': 0, 'change': 0, 'player_num': 1}
2025-10-20 22:35:24,342 : INFO : EventManager : Event: ======'player_shot_left_corridor_spinner_shot_enabled'====== Args={'value': True, 'prev_value': 0, 'change': 1, 'player_num': 1}
2025-10-20 22:35:24,342 : INFO : EventManager : Event: ======'player_shot_left_corridor_spinner2_shot_enabled'====== Args={'value': True, 'prev_value': 0, 'change': 1, 'player_num': 1}
2025-10-20 22:35:24,342 : INFO : EventManager : Event: ======'player_shot_right_corridor_spinner_shot_enabled'====== Args={'value': True, 'prev_value': 0, 'change': 1, 'player_num': 1}
2025-10-20 22:35:24,343 : INFO : EventManager : Event: ======'player_shot_top_left_standup2_shot_enabled'====== Args={'value': True, 'prev_value': 0, 'change': 1, 'player_num': 1}
2025-10-20 22:35:24,343 : INFO : EventManager : Event: ======'player_shot_top_left_standup_shot_enabled'====== Args={'value': True, 'prev_value': 0, 'change': 1, 'player_num': 1}
2025-10-20 22:35:24,344 : INFO : EventManager : Event: ======'player_shot_left_standup_shot_enabled'====== Args={'value': True, 'prev_value': 0, 'change': 1, 'player_num': 1}
2025-10-20 22:35:24,344 : INFO : EventManager : Event: ======'player_shot_right_standup_shot_enabled'====== Args={'value': True, 'prev_value': 0, 'change': 1, 'player_num': 1}
2025-10-20 22:35:24,344 : INFO : EventManager : Event: ======'player_shot_left_rollover_shot_enabled'====== Args={'value': True, 'prev_value': 0, 'change': 1, 'player_num': 1}
2025-10-20 22:35:24,345 : INFO : EventManager : Event: ======'player_shot_center_rollover_shot_enabled'====== Args={'value': True, 'prev_value': 0, 'change': 1, 'player_num': 1}
2025-10-20 22:35:24,345 : INFO : EventManager : Event: ======'player_shot_right_rollover_shot_enabled'====== Args={'value': True, 'prev_value': 0, 'change': 1, 'player_num': 1}
2025-10-20 22:35:24,346 : INFO : EventManager : Event: ======'player_shot_right_scoop_shot_enabled'====== Args={'value': True, 'prev_value': 0, 'change': 1, 'player_num': 1}
2025-10-20 22:35:24,346 : INFO : EventManager : Event: ======'player_shot_center_scoop_shot_enabled'====== Args={'value': True, 'prev_value': 0, 'change': 1, 'player_num': 1}
2025-10-20 22:35:24,347 : INFO : EventManager : Event: ======'player_shot_left_scoop_shot_enabled'====== Args={'value': True, 'prev_value': 0, 'change': 1, 'player_num': 1}
2025-10-20 22:35:24,347 : INFO : EventManager : Event: ======'player_shot_T_enabled'====== Args={'value': True, 'prev_value': 0, 'change': 1, 'player_num': 1}
2025-10-20 22:35:24,348 : INFO : EventManager : Event: ======'player_shot_I_enabled'====== Args={'value': True, 'prev_value': 0, 'change': 1, 'player_num': 1}
2025-10-20 22:35:24,348 : INFO : EventManager : Event: ======'player_shot_M_enabled'====== Args={'value': True, 'prev_value': 0, 'change': 1, 'player_num': 1}
2025-10-20 22:35:24,348 : INFO : EventManager : Event: ======'player_shot_E_enabled'====== Args={'value': True, 'prev_value': 0, 'change': 1, 'player_num': 1}
2025-10-20 22:35:24,349 : INFO : EventManager : Event: ======'player_shot_left_center_droptarget_enabled'====== Args={'value': True, 'prev_value': 0, 'change': 1, 'player_num': 1}
2025-10-20 22:35:24,349 : INFO : EventManager : Event: ======'player_shot_center_center_droptarget_enabled'====== Args={'value': True, 'prev_value': 0, 'change': 1, 'player_num': 1}
2025-10-20 22:35:24,349 : INFO : EventManager : Event: ======'player_shot_right_center_droptarget_enabled'====== Args={'value': True, 'prev_value': 0, 'change': 1, 'player_num': 1}
2025-10-20 22:35:24,350 : INFO : EventManager : Event: ======'player_shot_Tb_enabled'====== Args={'value': True, 'prev_value': 0, 'change': 1, 'player_num': 1}
2025-10-20 22:35:24,350 : INFO : EventManager : Event: ======'player_shot_R_enabled'====== Args={'value': True, 'prev_value': 0, 'change': 1, 'player_num': 1}
2025-10-20 22:35:24,350 : INFO : EventManager : Event: ======'player_shot_A_enabled'====== Args={'value': True, 'prev_value': 0, 'change': 1, 'player_num': 1}
2025-10-20 22:35:24,351 : INFO : EventManager : Event: ======'player_shot_V_enabled'====== Args={'value': True, 'prev_value': 0, 'change': 1, 'player_num': 1}
2025-10-20 22:35:24,351 : INFO : EventManager : Event: ======'player_shot_Eb_enabled'====== Args={'value': True, 'prev_value': 0, 'change': 1, 'player_num': 1}
2025-10-20 22:35:24,351 : INFO : EventManager : Event: ======'player_shot_L_enabled'====== Args={'value': True, 'prev_value': 0, 'change': 1, 'player_num': 1}
2025-10-20 22:35:24,352 : INFO : EventManager : Event: ======'player_shot_bumper1_shot_enabled'====== Args={'value': True, 'prev_value': 0, 'change': 1, 'player_num': 1}
2025-10-20 22:35:24,352 : INFO : EventManager : Event: ======'player_shot_bumper2_shot_enabled'====== Args={'value': True, 'prev_value': 0, 'change': 1, 'player_num': 1}
2025-10-20 22:35:24,353 : INFO : EventManager : Event: ======'player_shot_right_inlane_shot_enabled'====== Args={'value': True, 'prev_value': 0, 'change': 1, 'player_num': 1}
2025-10-20 22:35:24,353 : INFO : EventManager : Event: ======'player_shot_left_inlane_shot_enabled'====== Args={'value': True, 'prev_value': 0, 'change': 1, 'player_num': 1}
2025-10-20 22:35:24,354 : INFO : EventManager : Event: ======'player_shot_right_outlane_shot_enabled'====== Args={'value': True, 'prev_value': 0, 'change': 1, 'player_num': 1}
2025-10-20 22:35:24,354 : INFO : EventManager : Event: ======'player_shot_left_outlane_shot_enabled'====== Args={'value': True, 'prev_value': 0, 'change': 1, 'player_num': 1}
2025-10-20 22:35:24,354 : INFO : EventManager : Event: ======'rollover_lanes_complete'====== Args={'state': 'unlit'}
2025-10-20 22:35:24,355 : INFO : EventManager : Event: ======'rollover_lanes_unlit_complete'====== Args={}
2025-10-20 22:35:24,355 : INFO : EventManager : Event: ======'TIME_droptargets_complete'====== Args={'state': 'unlit'}
2025-10-20 22:35:24,355 : INFO : EventManager : Event: ======'TIME_droptargets_unlit_complete'====== Args={}
2025-10-20 22:35:24,356 : INFO : EventManager : Event: ======'CENTER_droptargets_complete'====== Args={'state': 'unlit'}
2025-10-20 22:35:24,356 : INFO : EventManager : Event: ======'CENTER_droptargets_unlit_complete'====== Args={}
2025-10-20 22:35:24,357 : INFO : EventManager : Event: ======'TRAVEL_droptargets_complete'====== Args={'state': 'unlit'}
2025-10-20 22:35:24,357 : INFO : EventManager : Event: ======'TRAVEL_droptargets_unlit_complete'====== Args={}
2025-10-20 22:35:24,360 : INFO : EventManager : Event: ======'mode_base_starting'====== Args={'player': 1, 'ball': 1, 'balls_remaining': 2, 'is_extra_ball': False}
2025-10-20 22:35:24,362 : INFO : EventManager : Event: ======'slide_player_added_slide_created'====== Args={'_from_bcp': True}
2025-10-20 22:35:24,362 : INFO : EventManager : Event: ======'slide_player_added_slide_removed'====== Args={'_from_bcp': True}
2025-10-20 22:35:24,362 : INFO : EventManager : Event: ======'slide_player_added_slide_created'====== Args={'_from_bcp': True}
2025-10-20 22:35:24,362 : INFO : EventManager : Event: ======'slide_player_added_slide_active'====== Args={'_from_bcp': True}
2025-10-20 22:35:24,363 : INFO : EventManager : Event: ======'logicblock_spinner_rotations_updated'====== Args={'value': 0, 'enabled': True}
2025-10-20 22:35:24,363 : INFO : EventManager : Event: ======'logicblock_spinner_rotations_updated'====== Args={'value': 0, 'enabled': True}
2025-10-20 22:35:24,363 : INFO : Mode.base : Started. Priority: 100
2025-10-20 22:35:24,363 : INFO : EventManager : Event: ======'modes_active_modes_changed'====== Args={}
2025-10-20 22:35:24,363 : INFO : EventManager : Event: ======'mode_base_started'====== Args={'player': 1, 'ball': 1, 'balls_remaining': 2, 'is_extra_ball': False}
2025-10-20 22:35:24,364 : INFO : EventManager : Event: ======'single_player_ball_started'====== Args={}
2025-10-20 22:35:24,399 : INFO : EventManager : Event: ======'ball_start_target'====== Args={'target': 'playfield'}
2025-10-20 22:35:24,400 : INFO : ball_device.bd_plunger : Setting up player-controlled eject. Balls: 1, Target: <playfield.playfield>, player_controlled_eject_event: None
2025-10-20 22:35:24,400 : INFO : EventManager : Event: ======'balldevice_balls_available'====== Args={}
2025-10-20 22:35:24,401 : INFO : ball_device.bd_trough : State: waiting_for_target_ready
2025-10-20 22:35:24,401 : INFO : EventManager : Event: ======'balldevice_bd_trough_ball_eject_attempt'====== Args={'balls': 1, 'target': <ball_device.bd_plunger>, 'source': <ball_device.bd_trough>, 'mechanical_eject': True, 'num_attempts': 0}
2025-10-20 22:35:24,401 : INFO : ball_device.bd_plunger : State: waiting_for_ball
2025-10-20 22:35:24,402 : INFO : ball_device.bd_trough : State: ejecting
2025-10-20 22:35:24,402 : INFO : ball_device.bd_trough : Ejecting ball to <ball_device.bd_plunger>
2025-10-20 22:35:24,402 : INFO : EventManager : Event: ======'balldevice_bd_trough_ejecting_ball'====== Args={'balls': 1, 'target': <ball_device.bd_plunger>, 'source': <ball_device.bd_trough>, 'mechanical_eject': True, 'num_attempts': 0}
2025-10-20 22:35:24,403 : INFO : ball_device.bd_trough : Wait for ball to leave device
2025-10-20 22:35:24,403 : INFO : coil.c_trough_eject : Pulsing Driver for 20ms (1.0 pulse_power)
2025-10-20 22:35:24,403 : INFO : SwitchController : <<<<<<< 's_trough1' inactive >>>>>>>
2025-10-20 22:35:24,411 : INFO : ball_device.bd_trough : State: ball_left
2025-10-20 22:35:24,411 : INFO : ball_device.bd_trough : Ball left
2025-10-20 22:35:24,412 : INFO : ball_device.bd_trough : Wait for confirm with timeout 3.0
2025-10-20 22:35:24,424 : INFO : EventManager : Event: ======'slide_base.slide_player-mode_base_started_created'====== Args={'_from_bcp': True}
2025-10-20 22:35:24,427 : INFO : EventManager : Event: ======'slide_base.slide_player-mode_base_started_active'====== Args={'_from_bcp': True}
2025-10-20 22:35:24,493 : INFO : SwitchController : <<<<<<< 's_plunger' active >>>>>>>
2025-10-20 22:35:24,493 : INFO : EventManager : Event: ======'machine_var_audits_switches_s_plunger'====== Args={'value': 657, 'prev_value': 656, 'change': 1}
2025-10-20 22:35:25,003 : INFO : ball_device.bd_plunger : Received ball from <ball_device.bd_trough>
2025-10-20 22:35:25,003 : INFO : EventManager : Event: ======'balldevice_bd_plunger_ball_enter'====== Args={'new_balls': 1, 'unclaimed_balls': 0, 'new_available_balls': 0, 'device': <ball_device.bd_plunger>}
2025-10-20 22:35:25,004 : INFO : EventManager : Event: ======'balldevice_bd_plunger_ball_entered'====== Args={'new_balls': 0, 'device': <ball_device.bd_plunger>}
2025-10-20 22:35:25,004 : INFO : EventManager : Event: ======'balldevice_bd_plunger_ball_count_changed'====== Args={'balls': 1}
2025-10-20 22:35:25,005 : INFO : ball_device.bd_trough : Got eject confirm
2025-10-20 22:35:25,005 : INFO : ball_device.bd_trough : Eject successful
2025-10-20 22:35:25,005 : INFO : EventManager : Event: ======'balldevice_bd_trough_ball_eject_success'====== Args={'balls': 1, 'target': <ball_device.bd_plunger>}
2025-10-20 22:35:25,005 : INFO : EventManager : Event: ======'balldevice_bd_trough_ball_count_changed'====== Args={'balls': 5}
2025-10-20 22:35:25,005 : INFO : ball_device.bd_trough : State: idle
2025-10-20 22:35:25,006 : INFO : ball_device.bd_plunger : State: waiting_for_target_ready
2025-10-20 22:35:25,006 : INFO : EventManager : Event: ======'balldevice_bd_plunger_ball_eject_attempt'====== Args={'balls': 1, 'target': <playfield.playfield>, 'source': <ball_device.bd_plunger>, 'mechanical_eject': True, 'num_attempts': 0}
2025-10-20 22:35:25,007 : INFO : ball_device.bd_plunger : State: ejecting
2025-10-20 22:35:25,007 : INFO : ball_device.bd_plunger : Ejecting ball to <playfield.playfield>
2025-10-20 22:35:25,007 : INFO : EventManager : Event: ======'balldevice_bd_plunger_ejecting_ball'====== Args={'balls': 1, 'target': <playfield.playfield>, 'source': <ball_device.bd_plunger>, 'mechanical_eject': True, 'num_attempts': 0}
2025-10-20 22:35:25,008 : INFO : ball_device.bd_plunger : Wait for ball to leave device
2025-10-20 22:35:25,336 : INFO : EventManager : Event: ======'slide_player_added_slide_removed'====== Args={'_from_bcp': True}
2025-10-20 22:35:26,155 : WARNING : SwitchController : Received duplicate switch state 1 for switch s_plunger from the platform interface. Log Code: Log-SwitchController-1 (https://missionpinball.org/logs)
2025-10-20 22:35:26,275 : INFO : SwitchController : <<<<<<< 's_plunger' inactive >>>>>>>
2025-10-20 22:35:26,284 : INFO : ball_device.bd_plunger : State: ball_left
2025-10-20 22:35:26,285 : INFO : ball_device.bd_plunger : Ball left
2025-10-20 22:35:26,285 : INFO : ball_device.bd_plunger : Wait for confirm with timeout 5.0
2025-10-20 22:35:27,701 : INFO : SwitchController : <<<<<<< 's_tilt' active >>>>>>>
2025-10-20 22:35:27,701 : INFO : Mode.tilt : Tilt Warning
2025-10-20 22:35:27,701 : INFO : EventManager : Event: ======'player_tilt_warnings'====== Args={'value': 1, 'prev_value': 0, 'change': 1, 'player_num': 1}
2025-10-20 22:35:27,701 : INFO : EventManager : Event: ======'tilt_warning'====== Args={'warnings': 1, 'warnings_remaining': 2}
2025-10-20 22:35:27,701 : INFO : EventManager : Event: ======'tilt_warning_1'====== Args={}
2025-10-20 22:35:27,702 : INFO : EventManager : Event: ======'machine_var_audits_switches_s_tilt'====== Args={'value': 16, 'prev_value': 15, 'change': 1}
2025-10-20 22:35:27,726 : INFO : EventManager : Event: ======'slide_tilt_warning_1_created'====== Args={'_from_bcp': True}
2025-10-20 22:35:27,727 : INFO : EventManager : Event: ======'slide_tilt_warning_1_active'====== Args={'_from_bcp': True}
2025-10-20 22:35:27,805 : INFO : SwitchController : <<<<<<< 's_tilt' inactive >>>>>>>
2025-10-20 22:35:28,739 : INFO : EventManager : Event: ======'slide_tilt_warning_1_removed'====== Args={'_from_bcp': True}
2025-10-20 22:35:28,742 : INFO : EventManager : Event: ======'slide_base.slide_player-mode_base_started_active'====== Args={'_from_bcp': True}
2025-10-20 22:35:29,853 : INFO : SwitchController : <<<<<<< 's_tilt' active >>>>>>>
2025-10-20 22:35:29,853 : INFO : Mode.tilt : Tilt Warning
2025-10-20 22:35:29,853 : INFO : EventManager : Event: ======'player_tilt_warnings'====== Args={'value': 2, 'prev_value': 1, 'change': 1, 'player_num': 1}
2025-10-20 22:35:29,853 : INFO : EventManager : Event: ======'tilt_warning'====== Args={'warnings': 2, 'warnings_remaining': 1}
2025-10-20 22:35:29,853 : INFO : EventManager : Event: ======'tilt_warning_2'====== Args={}
2025-10-20 22:35:29,854 : INFO : EventManager : Event: ======'machine_var_audits_switches_s_tilt'====== Args={'value': 17, 'prev_value': 16, 'change': 1}
2025-10-20 22:35:29,871 : INFO : EventManager : Event: ======'slide_tilt_warning_2_created'====== Args={'_from_bcp': True}
2025-10-20 22:35:29,874 : INFO : EventManager : Event: ======'slide_tilt_warning_2_active'====== Args={'_from_bcp': True}
2025-10-20 22:35:29,965 : INFO : SwitchController : <<<<<<< 's_tilt' inactive >>>>>>>
2025-10-20 22:35:31,297 : INFO : ball_device.bd_plunger : State: failed_confirm
2025-10-20 22:35:31,297 : INFO : ball_device.bd_plunger : Got timeout (5.0s) before confirm from <playfield.playfield>
2025-10-20 22:35:31,393 : INFO : ball_device.bd_plunger : Confirming eject because target is playfield and ball did not return.
2025-10-20 22:35:31,393 : INFO : ball_device.bd_plunger : Eject successful
2025-10-20 22:35:31,393 : INFO : EventManager : Event: ======'balldevice_bd_plunger_ball_eject_success'====== Args={'balls': 1, 'target': <playfield.playfield>}
2025-10-20 22:35:31,394 : INFO : EventManager : Event: ======'balldevice_playfield_ball_enter'====== Args={'new_balls': 1, 'unclaimed_balls': 1, 'device': <playfield.playfield>}
2025-10-20 22:35:31,394 : INFO : EventManager : Event: ======'playfield_ball_count_change'====== Args={'balls': 1, 'change': 1}
2025-10-20 22:35:31,394 : INFO : EventManager : Event: ======'balldevice_bd_plunger_ball_count_changed'====== Args={'balls': 0}
2025-10-20 22:35:31,394 : INFO : ball_device.bd_plunger : State: idle
2025-10-20 22:35:31,873 : INFO : EventManager : Event: ======'slide_tilt_warning_2_removed'====== Args={'_from_bcp': True}
2025-10-20 22:35:31,875 : INFO : EventManager : Event: ======'slide_base.slide_player-mode_base_started_active'====== Args={'_from_bcp': True}
2025-10-20 22:35:34,382 : INFO : SwitchController : <<<<<<< 's_tilt' active >>>>>>>
2025-10-20 22:35:34,382 : INFO : Mode.tilt : Tilt Warning
2025-10-20 22:35:34,382 : INFO : EventManager : Event: ======'player_tilt_warnings'====== Args={'value': 3, 'prev_value': 2, 'change': 1, 'player_num': 1}
2025-10-20 22:35:34,382 : INFO : Mode.tilt : Processing Tilt. Balls to collect: 1
2025-10-20 22:35:34,382 : INFO : EventManager : Event: ======'tilt'====== Args={}
2025-10-20 22:35:34,383 : INFO : EventManager : Event: ======'machine_var_audits_switches_s_tilt'====== Args={'value': 18, 'prev_value': 17, 'change': 1}
2025-10-20 22:35:34,385 : INFO : EventManager : Event: ======'ball_will_end'====== Args={}
2025-10-20 22:35:34,396 : INFO : EventManager : Event: ======'player_tilt_warnings'====== Args={'value': 0, 'prev_value': 3, 'change': -3, 'player_num': 1}
2025-10-20 22:35:34,404 : INFO : EventManager : Event: ======'ball_ending'====== Args={}
2025-10-20 22:35:34,405 : INFO : EventManager : Event: ======'slide_tilt_created'====== Args={'_from_bcp': True}
2025-10-20 22:35:34,406 : INFO : EventManager : Event: ======'mode_special_setup_will_stop'====== Args={}
2025-10-20 22:35:34,406 : INFO : EventManager : Event: ======'mode_special_setup_stopping'====== Args={}
2025-10-20 22:35:34,406 : INFO : EventManager : Event: ======'mode_super_jets_setup_will_stop'====== Args={}
2025-10-20 22:35:34,406 : INFO : EventManager : Event: ======'mode_super_jets_setup_stopping'====== Args={}
2025-10-20 22:35:34,407 : INFO : EventManager : Event: ======'mode_base_will_stop'====== Args={}
2025-10-20 22:35:34,407 : INFO : EventManager : Event: ======'mode_base_stopping'====== Args={}
2025-10-20 22:35:34,407 : INFO : Mode.base : Stopped.
2025-10-20 22:35:34,407 : INFO : EventManager : Event: ======'modes_active_modes_changed'====== Args={}
2025-10-20 22:35:34,408 : INFO : EventManager : Event: ======'mode_base_stopped'====== Args={}
2025-10-20 22:35:34,408 : INFO : EventManager : Event: ======'clear'====== Args={'key': 'base'}
2025-10-20 22:35:34,412 : INFO : Mode.super_jets_setup : Stopped.
2025-10-20 22:35:34,412 : INFO : EventManager : Event: ======'modes_active_modes_changed'====== Args={}
2025-10-20 22:35:34,412 : INFO : EventManager : Event: ======'mode_super_jets_setup_stopped'====== Args={}
2025-10-20 22:35:34,413 : INFO : EventManager : Event: ======'clear'====== Args={'key': 'super_jets_setup'}
2025-10-20 22:35:34,413 : INFO : Mode.special_setup : Stopped.
2025-10-20 22:35:34,413 : INFO : EventManager : Event: ======'modes_active_modes_changed'====== Args={}
2025-10-20 22:35:34,413 : INFO : EventManager : Event: ======'mode_special_setup_stopped'====== Args={}
2025-10-20 22:35:34,413 : INFO : EventManager : Event: ======'clear'====== Args={'key': 'special_setup'}
2025-10-20 22:35:34,447 : INFO : EventManager : Event: ======'slide_tilt_active'====== Args={'_from_bcp': True}
2025-10-20 22:35:34,448 : INFO : EventManager : Event: ======'slide_base.slide_player-mode_base_started_removed'====== Args={'_from_bcp': True}
2025-10-20 22:35:34,493 : INFO : SwitchController : <<<<<<< 's_tilt' inactive >>>>>>>
2025-10-20 22:35:37,958 : INFO : SwitchController : <<<<<<< 's_left_flipper' active >>>>>>>
2025-10-20 22:35:37,958 : INFO : EventManager : Event: ======'machine_var_audits_switches_s_left_flipper'====== Args={'value': 365, 'prev_value': 364, 'change': 1}
2025-10-20 22:35:38,077 : INFO : SwitchController : <<<<<<< 's_left_flipper' inactive >>>>>>>
2025-10-20 22:35:38,460 : INFO : SwitchController : <<<<<<< 's_left_flipper' active >>>>>>>
2025-10-20 22:35:38,461 : INFO : EventManager : Event: ======'machine_var_audits_switches_s_left_flipper'====== Args={'value': 366, 'prev_value': 365, 'change': 1}
2025-10-20 22:35:38,605 : INFO : SwitchController : <<<<<<< 's_left_flipper' inactive >>>>>>>
2025-10-20 22:35:38,901 : INFO : SwitchController : <<<<<<< 's_left_flipper' active >>>>>>>
2025-10-20 22:35:38,902 : INFO : EventManager : Event: ======'machine_var_audits_switches_s_left_flipper'====== Args={'value': 367, 'prev_value': 366, 'change': 1}
2025-10-20 22:35:39,045 : INFO : SwitchController : <<<<<<< 's_left_flipper' inactive >>>>>>>
2025-10-20 22:35:39,510 : INFO : SwitchController : <<<<<<< 's_left_flipper' active >>>>>>>
2025-10-20 22:35:39,510 : INFO : EventManager : Event: ======'machine_var_audits_switches_s_left_flipper'====== Args={'value': 368, 'prev_value': 367, 'change': 1}
2025-10-20 22:35:39,645 : INFO : SwitchController : <<<<<<< 's_left_flipper' inactive >>>>>>>
2025-10-20 22:35:40,037 : INFO : SwitchController : <<<<<<< 's_left_flipper' active >>>>>>>
2025-10-20 22:35:40,037 : INFO : EventManager : Event: ======'machine_var_audits_switches_s_left_flipper'====== Args={'value': 369, 'prev_value': 368, 'change': 1}
2025-10-20 22:35:40,141 : INFO : SwitchController : <<<<<<< 's_left_flipper' inactive >>>>>>>
2025-10-20 22:35:40,749 : INFO : SwitchController : <<<<<<< 's_left_flipper' active >>>>>>>
2025-10-20 22:35:40,749 : INFO : EventManager : Event: ======'machine_var_audits_switches_s_left_flipper'====== Args={'value': 370, 'prev_value': 369, 'change': 1}
2025-10-20 22:35:40,877 : INFO : SwitchController : <<<<<<< 's_left_flipper' inactive >>>>>>>
2025-10-20 22:35:41,205 : INFO : SwitchController : <<<<<<< 's_left_flipper' active >>>>>>>
2025-10-20 22:35:41,205 : INFO : EventManager : Event: ======'machine_var_audits_switches_s_left_flipper'====== Args={'value': 371, 'prev_value': 370, 'change': 1}
2025-10-20 22:35:41,310 : INFO : SwitchController : <<<<<<< 's_left_flipper' inactive >>>>>>>
2025-10-20 22:36:02,925 : INFO : Machine : Shutting down...
2025-10-20 22:36:02,925 : INFO : EventManager : Event: ======'shutdown'====== Args={}
2025-10-20 22:36:02,932 : INFO : EventManager : Event: ======'mode_game_will_stop'====== Args={}
2025-10-20 22:36:02,932 : INFO : EventManager : Event: ======'mode_game_stopping'====== Args={}
2025-10-20 22:36:02,933 : INFO : Mode.game : Stopped.
2025-10-20 22:36:02,933 : INFO : EventManager : Event: ======'modes_active_modes_changed'====== Args={}
2025-10-20 22:36:02,933 : INFO : EventManager : Event: ======'mode_game_stopped'====== Args={}
2025-10-20 22:36:02,933 : INFO : EventManager : Event: ======'clear'====== Args={'key': 'game'}
2025-10-20 22:36:03,940 : INFO : root : MPF run loop ended.
