2025-10-12 08:57:54,007 : kivy : deps: Successfully imported "kivy_deps.gstreamer" 0.3.3
2025-10-12 08:57:54,007 : kivy : deps: Successfully imported "kivy_deps.angle" 0.3.3
2025-10-12 08:57:54,008 : kivy : deps: Successfully imported "kivy_deps.glew" 0.3.1
2025-10-12 08:57:54,008 : kivy : deps: Successfully imported "kivy_deps.sdl2" 0.6.0
2025-10-12 08:57:54,008 : kivy : Kivy: v2.2.1
2025-10-12 08:57:54,008 : kivy : Kivy: Installed at "C:\Users\richa\mpfvirtual4\lib\site-packages\kivy\__init__.py"
2025-10-12 08:57:54,008 : kivy : Python: v3.9.13 (tags/v3.9.13:6de2ca5, May 17 2022, 16:36:42) [MSC v.1929 64 bit (AMD64)]
2025-10-12 08:57:54,008 : kivy : Python: Interpreter at "C:\Users\richa\mpfvirtual4\Scripts\python.exe"
2025-10-12 08:57:54,025 : kivy : Factory: 190 symbols loaded
2025-10-12 08:57:54,227 : kivy : ImageLoaderFFPy: Using ffpyplayer 4.5.0
2025-10-12 08:57:54,227 : kivy : Image: Providers: img_tex, img_dds, img_sdl2, img_pil, img_ffpyplayer 
2025-10-12 08:57:54,374 : kivy : VideoGstplayer: Using Gstreamer 1.18.5.0
2025-10-12 08:57:54,374 : kivy : Video: Provider: gstplayer
2025-10-12 08:57:54,409 : root : Loading MPF-MC controller
2025-10-12 08:57:54,412 : YamlMultifileConfigLoader : Machine config file #1: config
2025-10-12 08:57:54,412 : ConfigProcessor : Config file in cache changed: C:\Users\richa\ttp7\config\config
2025-10-12 08:57:54,412 : ConfigProcessor : Loading config from file C:\Users\richa\mpfvirtual4\lib\site-packages\mpfmc\mcconfig.yaml.
2025-10-12 08:57:54,422 : ConfigProcessor : Loading config: C:\Users\richa\mpfvirtual4\lib\site-packages\mpfmc\mcconfig.yaml
2025-10-12 08:57:54,422 : ConfigProcessor : Loading config from file C:\Users\richa\ttp7\config\config.
2025-10-12 08:57:54,424 : ConfigProcessor : Loading config: C:\Users\richa\ttp7\config\config
2025-10-12 08:57:54,425 : ConfigProcessor : Loading config: C:\Users\richa\ttp7\config\config_sounds.yaml
2025-10-12 08:57:54,427 : ConfigProcessor : Loading config: C:\Users\richa\ttp7\config\config_ball_devices.yaml
2025-10-12 08:57:54,429 : ConfigProcessor : Loading config: C:\Users\richa\ttp7\config\config_coils.yaml
2025-10-12 08:57:54,430 : ConfigProcessor : Loading config: C:\Users\richa\ttp7\config\config_flippers.yaml
2025-10-12 08:57:54,435 : ConfigProcessor : Loading config: C:\Users\richa\ttp7\config\config_switches.yaml
2025-10-12 08:57:54,441 : ConfigProcessor : Loading config: C:\Users\richa\ttp7\config\config_lights.yaml
2025-10-12 08:57:54,443 : ConfigProcessor : Config file cache created: C:\Users\richa\AppData\Local\Temp\b8d8c5e8bc023a38ee4d8abbd35c8fd3.mpf_cache
2025-10-12 08:57:54,444 : ConfigProcessor : Loading config from cache: C:\Users\richa\AppData\Local\Temp\70233839fc0b792ce11a62f3c18c1950.mpf_cache
2025-10-12 08:57:54,444 : ConfigProcessor : Loading config from cache: C:\Users\richa\AppData\Local\Temp\9c8dea79ca4d15ee886340e992e8cb9d.mpf_cache
2025-10-12 08:57:54,445 : ConfigProcessor : Loading config from cache: C:\Users\richa\AppData\Local\Temp\67a19b095f918111543419ac0271bfb1.mpf_cache
2025-10-12 08:57:54,453 : ConfigProcessor : Loading config from cache: C:\Users\richa\AppData\Local\Temp\be387b0e8ed00556ec738d83cd6947d1.mpf_cache
2025-10-12 08:57:54,454 : ConfigProcessor : Loading config from cache: C:\Users\richa\AppData\Local\Temp\5a8efabd9666d8c71fa755fc28a9bf1e.mpf_cache
2025-10-12 08:57:54,454 : ConfigProcessor : Loading config from cache: C:\Users\richa\AppData\Local\Temp\fb58745e58584e219ff53db445e8e9f2.mpf_cache
2025-10-12 08:57:54,455 : mpfmc : Mission Pinball Framework Media Controller (MPF-MC) v0.57.0.dev10. Requires MPF v0.57.0.dev19 or newer.
2025-10-12 08:57:54,455 : mpfmc : Found MPF v0.57.0.dev39
2025-10-12 08:57:54,455 : mpfmc : Machine path: C:\Users\richa\ttp7
2025-10-12 08:57:54,455 : mpfmc : Starting clock at 60.0Hz
2025-10-12 08:57:54,469 : kivy : Text: Provider: sdl2
2025-10-12 08:57:54,512 : kivy : Window: Provider: sdl2
2025-10-12 08:57:54,951 : kivy : GL: Using the "OpenGL" graphics system
2025-10-12 08:57:54,962 : kivy : GL: GLEW initialization succeeded
2025-10-12 08:57:54,962 : kivy : GL: Backend used <glew>
2025-10-12 08:57:54,963 : kivy : GL: OpenGL version <b'4.6.0 NVIDIA 560.94'>
2025-10-12 08:57:54,963 : kivy : GL: OpenGL vendor <b'NVIDIA Corporation'>
2025-10-12 08:57:54,963 : kivy : GL: OpenGL renderer <b'NVIDIA GeForce RTX 3050/PCIe/SSE2'>
2025-10-12 08:57:54,963 : kivy : GL: OpenGL parsed version: 4, 6
2025-10-12 08:57:54,963 : kivy : GL: Shading version <b'4.60 NVIDIA'>
2025-10-12 08:57:54,963 : kivy : GL: Texture max size <32768>
2025-10-12 08:57:54,963 : kivy : GL: Texture max units <32>
2025-10-12 08:57:54,983 : kivy : Window: auto add sdl2 input provider
2025-10-12 08:57:54,984 : kivy : Window: virtual keyboard not allowed, single mode, not docked
2025-10-12 08:57:55,379 : AudioInterface : Initialized
2025-10-12 08:57:55,379 : AudioInterface : Loaded SDL 2.26.4
2025-10-12 08:57:55,379 : AudioInterface : Loaded SDL_Mixer 2.6.3
2025-10-12 08:57:55,379 : AudioInterface : Loaded GStreamer 1.18.5.0
2025-10-12 08:57:55,379 : AudioInterface : Loaded GLib 2.62.6
2025-10-12 08:57:55,379 : AudioInterface : Settings requested - rate: 44100, channels: 1, buffer: 2048 samples
2025-10-12 08:57:55,379 : AudioInterface : Settings in use - rate: 44100, channels: 1, buffer: 2048 samples (4096 bytes @ 2 bytes per sample)
2025-10-12 08:57:55,380 : SoundSystem : Setting master volume to 0.0
2025-10-12 08:57:55,380 : AudioInterface : Enabling audio playback
2025-10-12 08:57:55,382 : kivy : Base: Start application main loop
2025-10-12 08:57:55,382 : EventManager : Event: ======'display_window_initialized'====== Args={}
2025-10-12 08:57:55,395 : mpfmc : Display: Setting 'window' as default display
2025-10-12 08:57:55,400 : EventManager : Event: ======'displays_initialized'====== Args={}
2025-10-12 08:57:55,401 : EventManager : Event: ======'slide_window_blank_created'====== Args={}
2025-10-12 08:57:55,402 : EventManager : Event: ======'display_window_ready'====== Args={}
2025-10-12 08:57:55,411 : EventManager : Event: ======'init_phase_1'====== Args={}
2025-10-12 08:57:55,415 : EventManager : Event: ======'mc_ready'====== Args={}
2025-10-12 08:57:55,415 : EventManager : Event: ======'init_phase_2'====== Args={}
2025-10-12 08:57:55,419 : EventManager : Event: ======'init_phase_3'====== Args={}
2025-10-12 08:57:55,420 : EventManager : Event: ======'init_phase_4'====== Args={}
2025-10-12 08:57:55,421 : EventManager : Event: ======'init_phase_5'====== Args={}
2025-10-12 08:57:55,421 : EventManager : Event: ======'init_done'====== Args={}
2025-10-12 08:57:55,421 : MPF-MC BCP Server : Starting up on localhost port 5050
2025-10-12 08:57:55,424 : MPF-MC BCP Server : Waiting for a connection...
2025-10-12 08:57:55,429 : EventManager : Event: ======'client_disconnected'====== Args={'host': '127.0.0.1', 'port': 5050}
2025-10-12 08:57:56,314 : MPF-MC BCP Server : Received connection from: 127.0.0.1:61951
2025-10-12 08:57:56,319 : EventManager : Event: ======'client_connected'====== Args={'host': '127.0.0.1', 'port': 61951}
2025-10-12 08:57:56,610 : EventManager : Event: ======'machine_var_credits_string'====== Args={'value': 'FREE PLAY', 'prev_value': None, 'change': True}
2025-10-12 08:57:56,610 : EventManager : Event: ======'machine_var_master_volume'====== Args={'value': 0.5, 'prev_value': None, 'change': True}
2025-10-12 08:57:56,610 : EventManager : Event: ======'machine_var_player1_score'====== Args={'value': 9012700, 'prev_value': None, 'change': True}
2025-10-12 08:57:56,610 : EventManager : Event: ======'machine_var_mpf_version'====== Args={'value': 'Mission Pinball Framework v0.57.0.dev39', 'prev_value': None, 'change': True}
2025-10-12 08:57:56,610 : EventManager : Event: ======'machine_var_mpf_extended_version'====== Args={'value': 'Mission Pinball Framework v0.57.0.dev39, Config version:6, Show version: 6, BCP version:1.1', 'prev_value': None, 'change': True}
2025-10-12 08:57:56,610 : EventManager : Event: ======'machine_var_python_version'====== Args={'value': '3.9.13', 'prev_value': None, 'change': True}
2025-10-12 08:57:56,610 : EventManager : Event: ======'machine_var_platform'====== Args={'value': 'Windows-10-10.0.19045-SP0', 'prev_value': None, 'change': True}
2025-10-12 08:57:56,610 : EventManager : Event: ======'machine_var_platform_system'====== Args={'value': 'Windows', 'prev_value': None, 'change': True}
2025-10-12 08:57:56,610 : EventManager : Event: ======'machine_var_platform_release'====== Args={'value': '10', 'prev_value': None, 'change': True}
2025-10-12 08:57:56,610 : EventManager : Event: ======'machine_var_platform_version'====== Args={'value': '10.0.19045', 'prev_value': None, 'change': True}
2025-10-12 08:57:56,610 : EventManager : Event: ======'machine_var_platform_machine'====== Args={'value': 'AMD64', 'prev_value': None, 'change': True}
2025-10-12 08:57:56,610 : EventManager : Event: ======'machine_var_mc_version'====== Args={'value': 'MPF-MC v0.57.0.dev10', 'prev_value': None, 'change': True}
2025-10-12 08:57:56,611 : EventManager : Event: ======'machine_var_mc_extended_version'====== Args={'value': 'MPF-MC v0.57.0.dev10 (config_version=6, BCP v1.1,                      Requires MPF API compatibility v0.57.0.dev19 or newer)', 'prev_value': None, 'change': True}
2025-10-12 08:57:56,611 : EventManager : Event: ======'machine_var_credits_string'====== Args={'value': 'FREE PLAY', 'prev_value': None, 'change': True}
2025-10-12 08:57:56,611 : EventManager : Event: ======'machine_var_master_volume'====== Args={'value': 0.5, 'prev_value': None, 'change': True}
2025-10-12 08:57:56,611 : EventManager : Event: ======'machine_var_player1_score'====== Args={'value': 9012700, 'prev_value': None, 'change': True}
2025-10-12 08:57:56,611 : EventManager : Event: ======'machine_var_mpf_version'====== Args={'value': 'Mission Pinball Framework v0.57.0.dev39', 'prev_value': None, 'change': True}
2025-10-12 08:57:56,611 : EventManager : Event: ======'machine_var_mpf_extended_version'====== Args={'value': 'Mission Pinball Framework v0.57.0.dev39, Config version:6, Show version: 6, BCP version:1.1', 'prev_value': None, 'change': True}
2025-10-12 08:57:56,611 : EventManager : Event: ======'machine_var_python_version'====== Args={'value': '3.9.13', 'prev_value': None, 'change': True}
2025-10-12 08:57:56,611 : EventManager : Event: ======'machine_var_platform'====== Args={'value': 'Windows-10-10.0.19045-SP0', 'prev_value': None, 'change': True}
2025-10-12 08:57:56,611 : EventManager : Event: ======'machine_var_platform_system'====== Args={'value': 'Windows', 'prev_value': None, 'change': True}
2025-10-12 08:57:56,611 : EventManager : Event: ======'machine_var_platform_release'====== Args={'value': '10', 'prev_value': None, 'change': True}
2025-10-12 08:57:56,611 : EventManager : Event: ======'machine_var_platform_version'====== Args={'value': '10.0.19045', 'prev_value': None, 'change': True}
2025-10-12 08:57:56,611 : EventManager : Event: ======'machine_var_platform_machine'====== Args={'value': 'AMD64', 'prev_value': None, 'change': True}
2025-10-12 08:57:56,611 : EventManager : Event: ======'machine_var_mc_version'====== Args={'value': 'MPF-MC v0.57.0.dev10', 'prev_value': None, 'change': True}
2025-10-12 08:57:56,611 : EventManager : Event: ======'machine_var_mc_extended_version'====== Args={'value': 'MPF-MC v0.57.0.dev10 (config_version=6, BCP v1.1,                      Requires MPF API compatibility v0.57.0.dev19 or newer)', 'prev_value': None, 'change': True}
2025-10-12 08:57:56,611 : EventManager : Event: ======'machine_var_credits_string'====== Args={'value': 'FREE PLAY', 'prev_value': None, 'change': True}
2025-10-12 08:57:56,611 : EventManager : Event: ======'machine_var_master_volume'====== Args={'value': 0.5, 'prev_value': None, 'change': True}
2025-10-12 08:57:56,611 : EventManager : Event: ======'machine_var_player1_score'====== Args={'value': 9012700, 'prev_value': None, 'change': True}
2025-10-12 08:57:56,611 : EventManager : Event: ======'machine_var_mpf_version'====== Args={'value': 'Mission Pinball Framework v0.57.0.dev39', 'prev_value': None, 'change': True}
2025-10-12 08:57:56,612 : EventManager : Event: ======'machine_var_mpf_extended_version'====== Args={'value': 'Mission Pinball Framework v0.57.0.dev39, Config version:6, Show version: 6, BCP version:1.1', 'prev_value': None, 'change': True}
2025-10-12 08:57:56,612 : EventManager : Event: ======'machine_var_python_version'====== Args={'value': '3.9.13', 'prev_value': None, 'change': True}
2025-10-12 08:57:56,612 : EventManager : Event: ======'machine_var_platform'====== Args={'value': 'Windows-10-10.0.19045-SP0', 'prev_value': None, 'change': True}
2025-10-12 08:57:56,612 : EventManager : Event: ======'machine_var_platform_system'====== Args={'value': 'Windows', 'prev_value': None, 'change': True}
2025-10-12 08:57:56,612 : EventManager : Event: ======'machine_var_platform_release'====== Args={'value': '10', 'prev_value': None, 'change': True}
2025-10-12 08:57:56,612 : EventManager : Event: ======'machine_var_platform_version'====== Args={'value': '10.0.19045', 'prev_value': None, 'change': True}
2025-10-12 08:57:56,612 : EventManager : Event: ======'machine_var_platform_machine'====== Args={'value': 'AMD64', 'prev_value': None, 'change': True}
2025-10-12 08:57:56,612 : EventManager : Event: ======'machine_var_mc_version'====== Args={'value': 'MPF-MC v0.57.0.dev10', 'prev_value': None, 'change': True}
2025-10-12 08:57:56,612 : EventManager : Event: ======'machine_var_mc_extended_version'====== Args={'value': 'MPF-MC v0.57.0.dev10 (config_version=6, BCP v1.1,                      Requires MPF API compatibility v0.57.0.dev19 or newer)', 'prev_value': None, 'change': True}
2025-10-12 08:57:56,612 : EventManager : Event: ======'machine_var_credits_string'====== Args={'value': 'FREE PLAY', 'prev_value': None, 'change': True}
2025-10-12 08:57:56,612 : EventManager : Event: ======'machine_var_master_volume'====== Args={'value': 0.5, 'prev_value': None, 'change': True}
2025-10-12 08:57:56,612 : EventManager : Event: ======'machine_var_player1_score'====== Args={'value': 9012700, 'prev_value': None, 'change': True}
2025-10-12 08:57:56,612 : EventManager : Event: ======'machine_var_mpf_version'====== Args={'value': 'Mission Pinball Framework v0.57.0.dev39', 'prev_value': None, 'change': True}
2025-10-12 08:57:56,612 : EventManager : Event: ======'machine_var_mpf_extended_version'====== Args={'value': 'Mission Pinball Framework v0.57.0.dev39, Config version:6, Show version: 6, BCP version:1.1', 'prev_value': None, 'change': True}
2025-10-12 08:57:56,612 : EventManager : Event: ======'machine_var_python_version'====== Args={'value': '3.9.13', 'prev_value': None, 'change': True}
2025-10-12 08:57:56,612 : EventManager : Event: ======'machine_var_platform'====== Args={'value': 'Windows-10-10.0.19045-SP0', 'prev_value': None, 'change': True}
2025-10-12 08:57:56,613 : EventManager : Event: ======'machine_var_platform_system'====== Args={'value': 'Windows', 'prev_value': None, 'change': True}
2025-10-12 08:57:56,613 : EventManager : Event: ======'machine_var_platform_release'====== Args={'value': '10', 'prev_value': None, 'change': True}
2025-10-12 08:57:56,613 : EventManager : Event: ======'machine_var_platform_version'====== Args={'value': '10.0.19045', 'prev_value': None, 'change': True}
2025-10-12 08:57:56,613 : EventManager : Event: ======'machine_var_platform_machine'====== Args={'value': 'AMD64', 'prev_value': None, 'change': True}
2025-10-12 08:57:56,613 : EventManager : Event: ======'machine_var_mc_version'====== Args={'value': 'MPF-MC v0.57.0.dev10', 'prev_value': None, 'change': True}
2025-10-12 08:57:56,613 : EventManager : Event: ======'machine_var_mc_extended_version'====== Args={'value': 'MPF-MC v0.57.0.dev10 (config_version=6, BCP v1.1,                      Requires MPF API compatibility v0.57.0.dev19 or newer)', 'prev_value': None, 'change': True}
2025-10-12 08:57:56,613 : SoundSystem : Setting master volume to 0.5
2025-10-12 08:57:56,613 : SoundSystem : Setting master volume to 0.5
2025-10-12 08:57:56,613 : SoundSystem : Setting master volume to 0.5
2025-10-12 08:57:56,613 : SoundSystem : Setting master volume to 0.5
2025-10-12 08:57:56,700 : EventManager : Event: ======'machine_var_audits_events_game_ended'====== Args={'value': 48, 'prev_value': None, 'change': True}
2025-10-12 08:57:56,751 : EventManager : Event: ======'machine_var_audits_events_game_started'====== Args={'value': 198, 'prev_value': None, 'change': True}
2025-10-12 08:57:56,751 : EventManager : Event: ======'machine_var_audits_missing_switches_s_A'====== Args={'value': 67, 'prev_value': None, 'change': True}
2025-10-12 08:57:56,751 : EventManager : Event: ======'machine_var_audits_missing_switches_s_Eb'====== Args={'value': 67, 'prev_value': None, 'change': True}
2025-10-12 08:57:56,751 : EventManager : Event: ======'machine_var_audits_missing_switches_s_L'====== Args={'value': 67, 'prev_value': None, 'change': True}
2025-10-12 08:57:56,751 : EventManager : Event: ======'machine_var_audits_missing_switches_s_R'====== Args={'value': 67, 'prev_value': None, 'change': True}
2025-10-12 08:57:56,751 : EventManager : Event: ======'machine_var_audits_missing_switches_s_Tb'====== Args={'value': 67, 'prev_value': None, 'change': True}
2025-10-12 08:57:56,751 : EventManager : Event: ======'machine_var_audits_missing_switches_s_V'====== Args={'value': 67, 'prev_value': None, 'change': True}
2025-10-12 08:57:56,751 : EventManager : Event: ======'machine_var_audits_missing_switches_s_bumper_1'====== Args={'value': 28, 'prev_value': None, 'change': True}
2025-10-12 08:57:56,751 : EventManager : Event: ======'machine_var_audits_missing_switches_s_bumper_2'====== Args={'value': 28, 'prev_value': None, 'change': True}
2025-10-12 08:57:56,751 : EventManager : Event: ======'machine_var_audits_missing_switches_s_center_center_target'====== Args={'value': 62, 'prev_value': None, 'change': True}
2025-10-12 08:57:56,751 : EventManager : Event: ======'machine_var_audits_missing_switches_s_center_rollover'====== Args={'value': 1, 'prev_value': None, 'change': True}
2025-10-12 08:57:56,751 : EventManager : Event: ======'machine_var_audits_missing_switches_s_launcher_lane_spinner'====== Args={'value': 124, 'prev_value': None, 'change': True}
2025-10-12 08:57:56,752 : EventManager : Event: ======'machine_var_audits_missing_switches_s_left_center_target'====== Args={'value': 62, 'prev_value': None, 'change': True}
2025-10-12 08:57:56,752 : EventManager : Event: ======'machine_var_audits_missing_switches_s_left_corridor_spinner'====== Args={'value': 124, 'prev_value': None, 'change': True}
2025-10-12 08:57:56,752 : EventManager : Event: ======'machine_var_audits_missing_switches_s_left_corridor_spinner2'====== Args={'value': 124, 'prev_value': None, 'change': True}
2025-10-12 08:57:56,752 : EventManager : Event: ======'machine_var_audits_missing_switches_s_left_flipper'====== Args={'value': 47, 'prev_value': None, 'change': True}
2025-10-12 08:57:56,752 : EventManager : Event: ======'machine_var_audits_missing_switches_s_left_inlane'====== Args={'value': 151, 'prev_value': None, 'change': True}
2025-10-12 08:57:56,752 : EventManager : Event: ======'machine_var_audits_missing_switches_s_left_outlane'====== Args={'value': 161, 'prev_value': None, 'change': True}
2025-10-12 08:57:56,752 : EventManager : Event: ======'machine_var_audits_missing_switches_s_left_rollover'====== Args={'value': 1, 'prev_value': None, 'change': True}
2025-10-12 08:57:56,752 : EventManager : Event: ======'machine_var_audits_missing_switches_s_left_scoop'====== Args={'value': 20, 'prev_value': None, 'change': True}
2025-10-12 08:57:56,752 : EventManager : Event: ======'machine_var_audits_missing_switches_s_left_standup'====== Args={'value': 123, 'prev_value': None, 'change': True}
2025-10-12 08:57:56,752 : EventManager : Event: ======'machine_var_audits_missing_switches_s_right_center_target'====== Args={'value': 17, 'prev_value': None, 'change': True}
2025-10-12 08:57:56,752 : EventManager : Event: ======'machine_var_audits_missing_switches_s_right_corridor_spinner'====== Args={'value': 124, 'prev_value': None, 'change': True}
2025-10-12 08:57:56,752 : EventManager : Event: ======'machine_var_audits_missing_switches_s_right_flipper'====== Args={'value': 47, 'prev_value': None, 'change': True}
2025-10-12 08:57:56,752 : EventManager : Event: ======'machine_var_audits_missing_switches_s_right_inlane'====== Args={'value': 12, 'prev_value': None, 'change': True}
2025-10-12 08:57:56,753 : EventManager : Event: ======'machine_var_audits_missing_switches_s_right_outlane'====== Args={'value': 161, 'prev_value': None, 'change': True}
2025-10-12 08:57:56,753 : EventManager : Event: ======'machine_var_audits_missing_switches_s_right_rollover'====== Args={'value': 1, 'prev_value': None, 'change': True}
2025-10-12 08:57:56,753 : EventManager : Event: ======'machine_var_audits_missing_switches_s_right_scoop'====== Args={'value': 10, 'prev_value': None, 'change': True}
2025-10-12 08:57:56,753 : EventManager : Event: ======'machine_var_audits_missing_switches_s_right_standup'====== Args={'value': 11, 'prev_value': None, 'change': True}
2025-10-12 08:57:56,753 : EventManager : Event: ======'machine_var_audits_missing_switches_s_sling_left'====== Args={'value': 151, 'prev_value': None, 'change': True}
2025-10-12 08:57:56,753 : EventManager : Event: ======'machine_var_audits_missing_switches_s_sling_right'====== Args={'value': 47, 'prev_value': None, 'change': True}
2025-10-12 08:57:56,753 : EventManager : Event: ======'machine_var_audits_missing_switches_s_standup_1'====== Args={'value': 9, 'prev_value': None, 'change': True}
2025-10-12 08:57:56,753 : EventManager : Event: ======'machine_var_audits_missing_switches_s_standup_2'====== Args={'value': 8, 'prev_value': None, 'change': True}
2025-10-12 08:57:56,753 : EventManager : Event: ======'machine_var_audits_missing_switches_s_standup_3'====== Args={'value': 8, 'prev_value': None, 'change': True}
2025-10-12 08:57:56,753 : EventManager : Event: ======'machine_var_audits_missing_switches_s_standup_4'====== Args={'value': 9, 'prev_value': None, 'change': True}
2025-10-12 08:57:56,753 : EventManager : Event: ======'machine_var_audits_missing_switches_s_standup_5'====== Args={'value': 12, 'prev_value': None, 'change': True}
2025-10-12 08:57:56,753 : EventManager : Event: ======'machine_var_audits_missing_switches_s_standup_6'====== Args={'value': 16, 'prev_value': None, 'change': True}
2025-10-12 08:57:56,753 : EventManager : Event: ======'machine_var_audits_missing_switches_s_start'====== Args={'value': 5, 'prev_value': None, 'change': True}
2025-10-12 08:57:56,753 : EventManager : Event: ======'machine_var_audits_missing_switches_s_top_left_standup'====== Args={'value': 123, 'prev_value': None, 'change': True}
2025-10-12 08:57:56,754 : EventManager : Event: ======'machine_var_audits_missing_switches_s_top_left_standup2'====== Args={'value': 64, 'prev_value': None, 'change': True}
2025-10-12 08:57:56,754 : EventManager : Event: ======'machine_var_audits_missing_switches_s_trough1'====== Args={'value': 3, 'prev_value': None, 'change': True}
2025-10-12 08:57:56,754 : EventManager : Event: ======'machine_var_audits_missing_switches_s_trough2'====== Args={'value': 198, 'prev_value': None, 'change': True}
2025-10-12 08:57:56,754 : EventManager : Event: ======'machine_var_audits_missing_switches_s_trough3'====== Args={'value': 198, 'prev_value': None, 'change': True}
2025-10-12 08:57:56,754 : EventManager : Event: ======'machine_var_audits_missing_switches_s_trough4'====== Args={'value': 198, 'prev_value': None, 'change': True}
2025-10-12 08:57:56,754 : EventManager : Event: ======'machine_var_audits_missing_switches_s_trough5'====== Args={'value': 198, 'prev_value': None, 'change': True}
2025-10-12 08:57:56,754 : EventManager : Event: ======'machine_var_audits_missing_switches_s_trough6'====== Args={'value': 198, 'prev_value': None, 'change': True}
2025-10-12 08:57:56,754 : EventManager : Event: ======'machine_var_audits_missing_switches_s_trough_jam'====== Args={'value': 198, 'prev_value': None, 'change': True}
2025-10-12 08:57:56,754 : EventManager : Event: ======'machine_var_audits_player_score'====== Args={'value': {'average': 3498128, 'top': [75043600, 70538842, 13531600, 9012700, 2008600, 1234200, 1027900, 1024400, 606200, 211200], 'total': 50}, 'prev_value': None, 'change': True}
2025-10-12 08:57:56,754 : EventManager : Event: ======'machine_var_audits_shots_E'====== Args={'value': 7, 'prev_value': None, 'change': True}
2025-10-12 08:57:56,754 : EventManager : Event: ======'machine_var_audits_shots_I'====== Args={'value': 7, 'prev_value': None, 'change': True}
2025-10-12 08:57:56,754 : EventManager : Event: ======'machine_var_audits_shots_M'====== Args={'value': 7, 'prev_value': None, 'change': True}
2025-10-12 08:57:56,755 : EventManager : Event: ======'machine_var_audits_shots_T'====== Args={'value': 7, 'prev_value': None, 'change': True}
2025-10-12 08:57:56,755 : EventManager : Event: ======'machine_var_audits_shots_bumper1_shot'====== Args={'value': 159, 'prev_value': None, 'change': True}
2025-10-12 08:57:56,755 : EventManager : Event: ======'machine_var_audits_shots_bumper2_shot'====== Args={'value': 472, 'prev_value': None, 'change': True}
2025-10-12 08:57:56,755 : EventManager : Event: ======'machine_var_audits_shots_center_rollover'====== Args={'value': 7, 'prev_value': None, 'change': True}
2025-10-12 08:57:56,755 : EventManager : Event: ======'machine_var_audits_shots_center_rollover_shot'====== Args={'value': 277, 'prev_value': None, 'change': True}
2025-10-12 08:57:56,755 : EventManager : Event: ======'machine_var_audits_shots_jets'====== Args={'value': 572, 'prev_value': None, 'change': True}
2025-10-12 08:57:56,755 : EventManager : Event: ======'machine_var_audits_shots_left_rollover'====== Args={'value': 36, 'prev_value': None, 'change': True}
2025-10-12 08:57:56,755 : EventManager : Event: ======'machine_var_audits_shots_left_rollover_shot'====== Args={'value': 221, 'prev_value': None, 'change': True}
2025-10-12 08:57:56,755 : EventManager : Event: ======'machine_var_audits_shots_left_scoop_shot'====== Args={'value': 28, 'prev_value': None, 'change': True}
2025-10-12 08:57:56,755 : EventManager : Event: ======'machine_var_audits_shots_middle_inlane_shot'====== Args={'value': 20, 'prev_value': None, 'change': True}
2025-10-12 08:57:56,755 : EventManager : Event: ======'machine_var_audits_shots_my_first_shot'====== Args={'value': 95, 'prev_value': None, 'change': True}
2025-10-12 08:57:56,755 : EventManager : Event: ======'machine_var_audits_shots_right_inlane_shot'====== Args={'value': 61, 'prev_value': None, 'change': True}
2025-10-12 08:57:56,755 : EventManager : Event: ======'machine_var_audits_shots_right_rollover'====== Args={'value': 41, 'prev_value': None, 'change': True}
2025-10-12 08:57:56,755 : EventManager : Event: ======'machine_var_audits_shots_right_rollover_shot'====== Args={'value': 288, 'prev_value': None, 'change': True}
2025-10-12 08:57:56,756 : EventManager : Event: ======'machine_var_audits_shots_right_scoop_shot'====== Args={'value': 43, 'prev_value': None, 'change': True}
2025-10-12 08:57:56,756 : EventManager : Event: ======'machine_var_audits_shots_standup_1_skill'====== Args={'value': 40, 'prev_value': None, 'change': True}
2025-10-12 08:57:56,756 : EventManager : Event: ======'machine_var_audits_shots_standup_2_skill'====== Args={'value': 17, 'prev_value': None, 'change': True}
2025-10-12 08:57:56,756 : EventManager : Event: ======'machine_var_audits_shots_standup_3_skill'====== Args={'value': 10, 'prev_value': None, 'change': True}
2025-10-12 08:57:56,756 : EventManager : Event: ======'machine_var_audits_shots_standup_4_skill'====== Args={'value': 8, 'prev_value': None, 'change': True}
2025-10-12 08:57:56,756 : EventManager : Event: ======'machine_var_audits_shots_standup_5_skill'====== Args={'value': 4, 'prev_value': None, 'change': True}
2025-10-12 08:57:56,756 : EventManager : Event: ======'machine_var_audits_shots_standup_6_skill'====== Args={'value': 2, 'prev_value': None, 'change': True}
2025-10-12 08:57:56,756 : EventManager : Event: ======'machine_var_audits_shots_top_middle_inlane_shot'====== Args={'value': 41, 'prev_value': None, 'change': True}
2025-10-12 08:57:56,756 : EventManager : Event: ======'machine_var_audits_switches_s_A'====== Args={'value': 0, 'prev_value': None, 'change': True}
2025-10-12 08:57:56,756 : EventManager : Event: ======'machine_var_audits_switches_s_E'====== Args={'value': 11, 'prev_value': None, 'change': True}
2025-10-12 08:57:56,756 : EventManager : Event: ======'machine_var_audits_switches_s_Eb'====== Args={'value': 0, 'prev_value': None, 'change': True}
2025-10-12 08:57:56,756 : EventManager : Event: ======'machine_var_audits_switches_s_I'====== Args={'value': 11, 'prev_value': None, 'change': True}
2025-10-12 08:57:56,756 : EventManager : Event: ======'machine_var_audits_switches_s_L'====== Args={'value': 0, 'prev_value': None, 'change': True}
2025-10-12 08:57:56,757 : EventManager : Event: ======'machine_var_audits_switches_s_M'====== Args={'value': 11, 'prev_value': None, 'change': True}
2025-10-12 08:57:56,757 : EventManager : Event: ======'machine_var_audits_switches_s_R'====== Args={'value': 0, 'prev_value': None, 'change': True}
2025-10-12 08:57:56,757 : EventManager : Event: ======'machine_var_audits_switches_s_T'====== Args={'value': 11, 'prev_value': None, 'change': True}
2025-10-12 08:57:56,757 : EventManager : Event: ======'machine_var_audits_switches_s_Tb'====== Args={'value': 0, 'prev_value': None, 'change': True}
2025-10-12 08:57:56,757 : EventManager : Event: ======'machine_var_audits_switches_s_V'====== Args={'value': 0, 'prev_value': None, 'change': True}
2025-10-12 08:57:56,757 : EventManager : Event: ======'machine_var_audits_switches_s_bumper1'====== Args={'value': 159, 'prev_value': None, 'change': True}
2025-10-12 08:57:56,757 : EventManager : Event: ======'machine_var_audits_switches_s_bumper2'====== Args={'value': 476, 'prev_value': None, 'change': True}
2025-10-12 08:57:56,757 : EventManager : Event: ======'machine_var_audits_switches_s_bumper_1'====== Args={'value': 0, 'prev_value': None, 'change': True}
2025-10-12 08:57:56,757 : EventManager : Event: ======'machine_var_audits_switches_s_bumper_2'====== Args={'value': 0, 'prev_value': None, 'change': True}
2025-10-12 08:57:56,757 : EventManager : Event: ======'machine_var_audits_switches_s_center_center_target'====== Args={'value': 1, 'prev_value': None, 'change': True}
2025-10-12 08:57:56,757 : EventManager : Event: ======'machine_var_audits_switches_s_center_rollover'====== Args={'value': 286, 'prev_value': None, 'change': True}
2025-10-12 08:57:56,757 : EventManager : Event: ======'machine_var_audits_switches_s_launcher_lane_spinner'====== Args={'value': 0, 'prev_value': None, 'change': True}
2025-10-12 08:57:56,757 : EventManager : Event: ======'machine_var_audits_switches_s_left_center_target'====== Args={'value': 2, 'prev_value': None, 'change': True}
2025-10-12 08:57:56,757 : EventManager : Event: ======'machine_var_audits_switches_s_left_corridor_spinner'====== Args={'value': 0, 'prev_value': None, 'change': True}
2025-10-12 08:57:56,758 : EventManager : Event: ======'machine_var_audits_switches_s_left_corridor_spinner2'====== Args={'value': 0, 'prev_value': None, 'change': True}
2025-10-12 08:57:56,758 : EventManager : Event: ======'machine_var_audits_switches_s_left_flipper'====== Args={'value': 330, 'prev_value': None, 'change': True}
2025-10-12 08:57:56,758 : EventManager : Event: ======'machine_var_audits_switches_s_left_inlane'====== Args={'value': 8, 'prev_value': None, 'change': True}
2025-10-12 08:57:56,758 : EventManager : Event: ======'machine_var_audits_switches_s_left_outlane'====== Args={'value': 3, 'prev_value': None, 'change': True}
2025-10-12 08:57:56,758 : EventManager : Event: ======'machine_var_audits_switches_s_left_rollover'====== Args={'value': 229, 'prev_value': None, 'change': True}
2025-10-12 08:57:56,758 : EventManager : Event: ======'machine_var_audits_switches_s_left_scoop'====== Args={'value': 222, 'prev_value': None, 'change': True}
2025-10-12 08:57:56,758 : EventManager : Event: ======'machine_var_audits_switches_s_left_standup'====== Args={'value': 0, 'prev_value': None, 'change': True}
2025-10-12 08:57:56,758 : EventManager : Event: ======'machine_var_audits_switches_s_middle_inlane'====== Args={'value': 20, 'prev_value': None, 'change': True}
2025-10-12 08:57:56,758 : EventManager : Event: ======'machine_var_audits_switches_s_plunger'====== Args={'value': 367, 'prev_value': None, 'change': True}
2025-10-12 08:57:56,759 : EventManager : Event: ======'machine_var_audits_switches_s_right_center_target'====== Args={'value': 4, 'prev_value': None, 'change': True}
2025-10-12 08:57:56,759 : EventManager : Event: ======'machine_var_audits_switches_s_right_corridor_spinner'====== Args={'value': 0, 'prev_value': None, 'change': True}
2025-10-12 08:57:56,759 : EventManager : Event: ======'machine_var_audits_switches_s_right_flipper'====== Args={'value': 146, 'prev_value': None, 'change': True}
2025-10-12 08:57:56,759 : EventManager : Event: ======'machine_var_audits_switches_s_right_inlane'====== Args={'value': 188, 'prev_value': None, 'change': True}
2025-10-12 08:57:56,759 : EventManager : Event: ======'machine_var_audits_switches_s_right_outlane'====== Args={'value': 3, 'prev_value': None, 'change': True}
2025-10-12 08:57:56,759 : EventManager : Event: ======'machine_var_audits_switches_s_right_rollover'====== Args={'value': 297, 'prev_value': None, 'change': True}
2025-10-12 08:57:56,759 : EventManager : Event: ======'machine_var_audits_switches_s_right_scoop'====== Args={'value': 60, 'prev_value': None, 'change': True}
2025-10-12 08:57:56,759 : EventManager : Event: ======'machine_var_audits_switches_s_right_standup'====== Args={'value': 6, 'prev_value': None, 'change': True}
2025-10-12 08:57:56,759 : EventManager : Event: ======'machine_var_audits_switches_s_sling_left'====== Args={'value': 3, 'prev_value': None, 'change': True}
2025-10-12 08:57:56,759 : EventManager : Event: ======'machine_var_audits_switches_s_sling_right'====== Args={'value': 8, 'prev_value': None, 'change': True}
2025-10-12 08:57:56,759 : EventManager : Event: ======'machine_var_audits_switches_s_standup_1'====== Args={'value': 78, 'prev_value': None, 'change': True}
2025-10-12 08:57:56,759 : EventManager : Event: ======'machine_var_audits_switches_s_standup_2'====== Args={'value': 37, 'prev_value': None, 'change': True}
2025-10-12 08:57:56,759 : EventManager : Event: ======'machine_var_audits_switches_s_standup_3'====== Args={'value': 40, 'prev_value': None, 'change': True}
2025-10-12 08:57:56,760 : EventManager : Event: ======'machine_var_audits_switches_s_standup_4'====== Args={'value': 23, 'prev_value': None, 'change': True}
2025-10-12 08:57:56,760 : EventManager : Event: ======'machine_var_audits_switches_s_standup_5'====== Args={'value': 21, 'prev_value': None, 'change': True}
2025-10-12 08:57:56,760 : EventManager : Event: ======'machine_var_audits_switches_s_standup_6'====== Args={'value': 10, 'prev_value': None, 'change': True}
2025-10-12 08:57:56,760 : EventManager : Event: ======'machine_var_audits_switches_s_start'====== Args={'value': 16, 'prev_value': None, 'change': True}
2025-10-12 08:57:56,760 : EventManager : Event: ======'machine_var_audits_switches_s_top_left_standup'====== Args={'value': 0, 'prev_value': None, 'change': True}
2025-10-12 08:57:56,760 : EventManager : Event: ======'machine_var_audits_switches_s_top_left_standup2'====== Args={'value': 15, 'prev_value': None, 'change': True}
2025-10-12 08:57:56,760 : EventManager : Event: ======'machine_var_audits_switches_s_top_middle_inlane'====== Args={'value': 41, 'prev_value': None, 'change': True}
2025-10-12 08:57:56,760 : EventManager : Event: ======'machine_var_audits_switches_s_trough1'====== Args={'value': 237, 'prev_value': None, 'change': True}
2025-10-12 08:57:56,760 : EventManager : Event: ======'machine_var_audits_switches_s_trough2'====== Args={'value': 0, 'prev_value': None, 'change': True}
2025-10-12 08:57:56,760 : EventManager : Event: ======'machine_var_audits_switches_s_trough3'====== Args={'value': 0, 'prev_value': None, 'change': True}
2025-10-12 08:57:56,760 : EventManager : Event: ======'machine_var_audits_switches_s_trough4'====== Args={'value': 0, 'prev_value': None, 'change': True}
2025-10-12 08:57:56,760 : EventManager : Event: ======'machine_var_audits_switches_s_trough5'====== Args={'value': 0, 'prev_value': None, 'change': True}
2025-10-12 08:57:56,760 : EventManager : Event: ======'machine_var_audits_switches_s_trough6'====== Args={'value': 0, 'prev_value': None, 'change': True}
2025-10-12 08:57:56,760 : EventManager : Event: ======'machine_var_audits_switches_s_trough_jam'====== Args={'value': 0, 'prev_value': None, 'change': True}
2025-10-12 08:57:56,787 : EventManager : Event: ======'mc_reset_phase_1'====== Args={}
2025-10-12 08:57:56,787 : EventManager : Event: ======'mc_reset_phase_2'====== Args={}
2025-10-12 08:57:56,787 : EventManager : Event: ======'mc_reset_phase_3'====== Args={}
2025-10-12 08:57:56,787 : EventManager : Event: ======'mc_reset_complete'====== Args={}
2025-10-12 08:57:56,798 : EventManager : Event: ======'slides_play'====== Args={'settings': {'awesome_slide': {'widgets': [{'type': 'text', 'text': 'TIME TRAVEL 1985', 'font_size': 50, '_default_settings': ['type', 'text', 'font_size'], 'x': None, 'y': None, 'anchor_x': 'center', 'anchor_y': 'center', 'round_anchor_x': None, 'round_anchor_y': None, 'opacity': 1.0, 'z': 0, 'reset_animations_events': {}, 'color': [1.0, 1.0, 1.0, 1.0], 'style': [], 'adjust_top': 0, 'adjust_bottom': 0, 'adjust_left': 0, 'adjust_right': 0, 'expire': None, 'key': None, 'widget': None, 'events_when_added': [], 'events_when_removed': [], 'bitmap_font': False, 'font_kerning': True, 'bold': False, 'italic': False, 'number_grouping': False, 'min_digits': 0, 'halign': 'center', 'valign': 'middle', 'rotation': 0, 'scale': 1.0, 'casing': None, 'outline_color': [1.0, 1.0, 1.0, 1.0], 'outline_width': 0, 'animations': None}], 'transition': {'type': 'push', 'duration': 1.0, 'direction': 'left', 'easing': 'out_quad'}, 'target': None, 'background_color': [0.0, 0.0, 0.0, 1.0], 'priority': None, 'show': True, 'force': False, 'expire': None, 'slide': None, 'tokens': {}, 'action': 'play'}}, 'context': 'show_2', 'calling_context': 0, 'priority': 10, 'show_tokens': {}, 'start_time': 53774.453}
2025-10-12 08:57:56,798 : EventManager : Event: ======'sounds_play'====== Args={'settings': {'music': {'action': 'play', 'loops': -1, 'priority': None, 'block': False, 'delay': None, 'track': None, 'volume': None, 'ducking': {}, 'pan': None, 'start_at': None, 'fade_in': None, 'fade_out': None, 'about_to_finish_time': -1.0, 'max_queue_time': -1.0, 'events_when_played': ['use_sound_setting'], 'events_when_stopped': ['use_sound_setting'], 'events_when_looping': ['use_sound_setting'], 'events_when_about_to_finish': ['use_sound_setting'], 'mode_end_action': 'use_sound_setting', 'key': 'use_sound_setting'}}, 'context': '_global', 'calling_context': 'mode_attract_started', 'priority': 0}
2025-10-12 08:57:56,798 : mpfmc : SlidePlayer: Play called with settings={'awesome_slide': {'widgets': [{'type': 'text', 'text': 'TIME TRAVEL 1985', 'font_size': 50, '_default_settings': ['type', 'text', 'font_size'], 'x': None, 'y': None, 'anchor_x': 'center', 'anchor_y': 'center', 'round_anchor_x': None, 'round_anchor_y': None, 'opacity': 1.0, 'z': 0, 'reset_animations_events': {}, 'color': [1.0, 1.0, 1.0, 1.0], 'style': [], 'adjust_top': 0, 'adjust_bottom': 0, 'adjust_left': 0, 'adjust_right': 0, 'expire': None, 'key': None, 'widget': None, 'events_when_added': [], 'events_when_removed': [], 'bitmap_font': False, 'font_kerning': True, 'bold': False, 'italic': False, 'number_grouping': False, 'min_digits': 0, 'halign': 'center', 'valign': 'middle', 'rotation': 0, 'scale': 1.0, 'casing': None, 'outline_color': [1.0, 1.0, 1.0, 1.0], 'outline_width': 0, 'animations': None}], 'transition': {'type': 'push', 'duration': 1.0, 'direction': 'left', 'easing': 'out_quad'}, 'target': None, 'background_color': [0.0, 0.0, 0.0, 1.0], 'priority': None, 'show': True, 'force': False, 'expire': None, 'slide': None, 'tokens': {}, 'action': 'play'}}
2025-10-12 08:57:56,804 : kivy : GL: NPOT texture support is available
2025-10-12 08:57:56,804 : EventManager : Event: ======'slide_awesome_slide_created'====== Args={}
2025-10-12 08:57:56,806 : EventManager : Event: ======'slide_awesome_slide_active'====== Args={}
2025-10-12 08:57:56,812 : EventManager : Event: ======'loading_assets'====== Args={'total': 1, 'loaded': 1, 'remaining': 0, 'percent': 100}
2025-10-12 08:57:56,812 : AssetManager : Asset loading took: 1.4324030876159668
2025-10-12 08:57:56,812 : EventManager : Event: ======'asset_loading_complete'====== Args={}
2025-10-12 08:57:56,812 : AssetManager : Loading assets: 1/1 (100%)
2025-10-12 08:57:58,820 : EventManager : Event: ======'game_started'====== Args={}
2025-10-12 08:57:58,844 : EventManager : Event: ======'slides_clear'====== Args={'context': 'show_2'}
2025-10-12 08:57:58,844 : EventManager : Event: ======'sounds_play'====== Args={'settings': {'music': {'action': 'stop', 'priority': None, 'block': False, 'delay': None, 'track': None, 'volume': None, 'ducking': {}, 'pan': None, 'loops': None, 'start_at': None, 'fade_in': None, 'fade_out': None, 'about_to_finish_time': -1.0, 'max_queue_time': -1.0, 'events_when_played': ['use_sound_setting'], 'events_when_stopped': ['use_sound_setting'], 'events_when_looping': ['use_sound_setting'], 'events_when_about_to_finish': ['use_sound_setting'], 'mode_end_action': 'use_sound_setting', 'key': 'use_sound_setting'}}, 'context': '_global', 'calling_context': 'mode_attract_stopped', 'priority': 0}
2025-10-12 08:57:58,844 : EventManager : Event: ======'player_added'====== Args={'player': <Player 1>, 'num': 1}
2025-10-12 08:57:58,844 : EventManager : Event: ======'player_index'====== Args={'value': 0, 'prev_value': 0, 'change': 0, 'player_num': 1}
2025-10-12 08:57:58,844 : EventManager : Event: ======'player_number'====== Args={'value': 1, 'prev_value': 1, 'change': 0, 'player_num': 1}
2025-10-12 08:57:58,844 : EventManager : Event: ======'player_score'====== Args={'value': 0, 'prev_value': 0, 'change': 0, 'player_num': 1}
2025-10-12 08:57:58,845 : EventManager : Event: ======'slide_awesome_slide_removed'====== Args={}
2025-10-12 08:57:58,845 : EventManager : Event: ======'slide_window_blank_active'====== Args={}
2025-10-12 08:57:58,856 : EventManager : Event: ======'player_sj_active'====== Args={'value': 0, 'prev_value': 0, 'change': 0, 'player_num': 1}
2025-10-12 08:57:58,882 : EventManager : Event: ======'player_ball'====== Args={'value': 1, 'prev_value': 0, 'change': 1, 'player_num': 1}
2025-10-12 08:57:58,882 : EventManager : Event: ======'player_turn_start'====== Args={'number': 1, 'player': <Player 1>}
2025-10-12 08:57:58,882 : EventManager : Event: ======'player_shot_jets_enabled'====== Args={'value': True, 'prev_value': 0, 'change': 1, 'player_num': 1}
2025-10-12 08:57:58,894 : EventManager : Event: ======'player_shot_left_rollover_shot_enabled'====== Args={'value': True, 'prev_value': 0, 'change': 1, 'player_num': 1}
2025-10-12 08:57:58,906 : EventManager : Event: ======'player_shot_center_rollover_shot_enabled'====== Args={'value': True, 'prev_value': 0, 'change': 1, 'player_num': 1}
2025-10-12 08:57:58,906 : EventManager : Event: ======'player_shot_right_rollover_shot_enabled'====== Args={'value': True, 'prev_value': 0, 'change': 1, 'player_num': 1}
2025-10-12 08:57:58,906 : EventManager : Event: ======'player_shot_right_scoop_shot_enabled'====== Args={'value': True, 'prev_value': 0, 'change': 1, 'player_num': 1}
2025-10-12 08:57:58,906 : EventManager : Event: ======'player_shot_T_enabled'====== Args={'value': True, 'prev_value': 0, 'change': 1, 'player_num': 1}
2025-10-12 08:57:58,906 : EventManager : Event: ======'player_shot_I_enabled'====== Args={'value': True, 'prev_value': 0, 'change': 1, 'player_num': 1}
2025-10-12 08:57:58,906 : EventManager : Event: ======'player_shot_M_enabled'====== Args={'value': True, 'prev_value': 0, 'change': 1, 'player_num': 1}
2025-10-12 08:57:58,906 : EventManager : Event: ======'player_shot_E_enabled'====== Args={'value': True, 'prev_value': 0, 'change': 1, 'player_num': 1}
2025-10-12 08:57:58,906 : EventManager : Event: ======'player_shot_bumper1_shot_enabled'====== Args={'value': True, 'prev_value': 0, 'change': 1, 'player_num': 1}
2025-10-12 08:57:58,906 : EventManager : Event: ======'player_shot_bumper2_shot_enabled'====== Args={'value': True, 'prev_value': 0, 'change': 1, 'player_num': 1}
2025-10-12 08:57:58,906 : EventManager : Event: ======'player_shot_right_inlane_shot_enabled'====== Args={'value': True, 'prev_value': 0, 'change': 1, 'player_num': 1}
2025-10-12 08:57:58,931 : EventManager : Event: ======'slides_play'====== Args={'settings': {'widgets': {'widgets': [{'type': 'text', 'text': '(score)', 'number_grouping': True, 'min_digits': 2, 'font_size': 100, '_default_settings': ['type', 'text', 'number_grouping', 'min_digits', 'font_size'], 'x': None, 'y': None, 'anchor_x': 'center', 'anchor_y': 'center', 'round_anchor_x': None, 'round_anchor_y': None, 'opacity': 1.0, 'z': 0, 'reset_animations_events': {}, 'color': [1.0, 1.0, 1.0, 1.0], 'style': [], 'adjust_top': 0, 'adjust_bottom': 0, 'adjust_left': 0, 'adjust_right': 0, 'expire': None, 'key': None, 'widget': None, 'events_when_added': [], 'events_when_removed': [], 'bitmap_font': False, 'font_kerning': True, 'bold': False, 'italic': False, 'halign': 'center', 'valign': 'middle', 'rotation': 0, 'scale': 1.0, 'casing': None, 'outline_color': [1.0, 1.0, 1.0, 1.0], 'outline_width': 0, 'animations': None}, {'type': 'text', 'text': 'PLAYER (number)', 'y': '10', 'x': '10', 'font_size': 50, 'anchor_x': 'left', 'anchor_y': 'bottom', '_default_settings': ['type', 'text', 'y', 'x', 'font_size', 'anchor_x', 'anchor_y'], 'round_anchor_x': None, 'round_anchor_y': None, 'opacity': 1.0, 'z': 0, 'reset_animations_events': {}, 'color': [1.0, 1.0, 1.0, 1.0], 'style': [], 'adjust_top': 0, 'adjust_bottom': 0, 'adjust_left': 0, 'adjust_right': 0, 'expire': None, 'key': None, 'widget': None, 'events_when_added': [], 'events_when_removed': [], 'bitmap_font': False, 'font_kerning': True, 'bold': False, 'italic': False, 'number_grouping': False, 'min_digits': 0, 'halign': 'center', 'valign': 'middle', 'rotation': 0, 'scale': 1.0, 'casing': None, 'outline_color': [1.0, 1.0, 1.0, 1.0], 'outline_width': 0, 'animations': None}, {'type': 'text', 'text': 'BALL (ball)', 'y': '10', 'x': 'right-10', 'anchor_x': 'right', 'anchor_y': 'bottom', 'font_size': 50, '_default_settings': ['type', 'text', 'y', 'x', 'anchor_x', 'anchor_y', 'font_size'], 'round_anchor_x': None, 'round_anchor_y': None, 'opacity': 1.0, 'z': 0, 'reset_animations_events': {}, 'color': [1.0, 1.0, 1.0, 1.0], 'style': [], 'adjust_top': 0, 'adjust_bottom': 0, 'adjust_left': 0, 'adjust_right': 0, 'expire': None, 'key': None, 'widget': None, 'events_when_added': [], 'events_when_removed': [], 'bitmap_font': False, 'font_kerning': True, 'bold': False, 'italic': False, 'number_grouping': False, 'min_digits': 0, 'halign': 'center', 'valign': 'middle', 'rotation': 0, 'scale': 1.0, 'casing': None, 'outline_color': [1.0, 1.0, 1.0, 1.0], 'outline_width': 0, 'animations': None}, {'type': 'text', 'text': 'POTATO VALUE: (potato)', 'y': '40%', '_default_settings': ['type', 'text', 'y'], 'x': None, 'anchor_x': 'center', 'anchor_y': 'center', 'round_anchor_x': None, 'round_anchor_y': None, 'opacity': 1.0, 'z': 0, 'reset_animations_events': {}, 'color': [1.0, 1.0, 1.0, 1.0], 'style': [], 'adjust_top': 0, 'adjust_bottom': 0, 'adjust_left': 0, 'adjust_right': 0, 'expire': None, 'key': None, 'widget': None, 'events_when_added': [], 'events_when_removed': [], 'font_size': 15, 'bitmap_font': False, 'font_kerning': True, 'bold': False, 'italic': False, 'number_grouping': False, 'min_digits': 0, 'halign': 'center', 'valign': 'middle', 'rotation': 0, 'scale': 1.0, 'casing': None, 'outline_color': [1.0, 1.0, 1.0, 1.0], 'outline_width': 0, 'animations': None}], 'target': None, 'background_color': [0.0, 0.0, 0.0, 1.0], 'priority': None, 'show': True, 'force': False, 'expire': None, 'slide': None, 'tokens': {}, 'action': 'play'}}, 'context': 'base', 'calling_context': 'mode_base_started', 'priority': 100, 'player': 1, 'ball': 1, 'balls_remaining': 2, 'is_extra_ball': False}
2025-10-12 08:57:58,931 : EventManager : Event: ======'sounds_play'====== Args={'settings': {'mode': {'action': 'play', 'loops': -1, 'priority': None, 'block': False, 'delay': None, 'track': None, 'volume': None, 'ducking': {}, 'pan': None, 'start_at': None, 'fade_in': None, 'fade_out': None, 'about_to_finish_time': -1.0, 'max_queue_time': -1.0, 'events_when_played': ['use_sound_setting'], 'events_when_stopped': ['use_sound_setting'], 'events_when_looping': ['use_sound_setting'], 'events_when_about_to_finish': ['use_sound_setting'], 'mode_end_action': 'use_sound_setting', 'key': 'use_sound_setting'}}, 'context': '_global', 'calling_context': 'mode_base_started', 'priority': 0, 'player': 1, 'ball': 1, 'balls_remaining': 2, 'is_extra_ball': False}
2025-10-12 08:57:58,931 : mpfmc : SlidePlayer: Play called with settings={'widgets': {'widgets': [{'type': 'text', 'text': '(score)', 'number_grouping': True, 'min_digits': 2, 'font_size': 100, '_default_settings': ['type', 'text', 'number_grouping', 'min_digits', 'font_size'], 'x': None, 'y': None, 'anchor_x': 'center', 'anchor_y': 'center', 'round_anchor_x': None, 'round_anchor_y': None, 'opacity': 1.0, 'z': 0, 'reset_animations_events': {}, 'color': [1.0, 1.0, 1.0, 1.0], 'style': [], 'adjust_top': 0, 'adjust_bottom': 0, 'adjust_left': 0, 'adjust_right': 0, 'expire': None, 'key': None, 'widget': None, 'events_when_added': [], 'events_when_removed': [], 'bitmap_font': False, 'font_kerning': True, 'bold': False, 'italic': False, 'halign': 'center', 'valign': 'middle', 'rotation': 0, 'scale': 1.0, 'casing': None, 'outline_color': [1.0, 1.0, 1.0, 1.0], 'outline_width': 0, 'animations': None}, {'type': 'text', 'text': 'PLAYER (number)', 'y': '10', 'x': '10', 'font_size': 50, 'anchor_x': 'left', 'anchor_y': 'bottom', '_default_settings': ['type', 'text', 'y', 'x', 'font_size', 'anchor_x', 'anchor_y'], 'round_anchor_x': None, 'round_anchor_y': None, 'opacity': 1.0, 'z': 0, 'reset_animations_events': {}, 'color': [1.0, 1.0, 1.0, 1.0], 'style': [], 'adjust_top': 0, 'adjust_bottom': 0, 'adjust_left': 0, 'adjust_right': 0, 'expire': None, 'key': None, 'widget': None, 'events_when_added': [], 'events_when_removed': [], 'bitmap_font': False, 'font_kerning': True, 'bold': False, 'italic': False, 'number_grouping': False, 'min_digits': 0, 'halign': 'center', 'valign': 'middle', 'rotation': 0, 'scale': 1.0, 'casing': None, 'outline_color': [1.0, 1.0, 1.0, 1.0], 'outline_width': 0, 'animations': None}, {'type': 'text', 'text': 'BALL (ball)', 'y': '10', 'x': 'right-10', 'anchor_x': 'right', 'anchor_y': 'bottom', 'font_size': 50, '_default_settings': ['type', 'text', 'y', 'x', 'anchor_x', 'anchor_y', 'font_size'], 'round_anchor_x': None, 'round_anchor_y': None, 'opacity': 1.0, 'z': 0, 'reset_animations_events': {}, 'color': [1.0, 1.0, 1.0, 1.0], 'style': [], 'adjust_top': 0, 'adjust_bottom': 0, 'adjust_left': 0, 'adjust_right': 0, 'expire': None, 'key': None, 'widget': None, 'events_when_added': [], 'events_when_removed': [], 'bitmap_font': False, 'font_kerning': True, 'bold': False, 'italic': False, 'number_grouping': False, 'min_digits': 0, 'halign': 'center', 'valign': 'middle', 'rotation': 0, 'scale': 1.0, 'casing': None, 'outline_color': [1.0, 1.0, 1.0, 1.0], 'outline_width': 0, 'animations': None}, {'type': 'text', 'text': 'POTATO VALUE: (potato)', 'y': '40%', '_default_settings': ['type', 'text', 'y'], 'x': None, 'anchor_x': 'center', 'anchor_y': 'center', 'round_anchor_x': None, 'round_anchor_y': None, 'opacity': 1.0, 'z': 0, 'reset_animations_events': {}, 'color': [1.0, 1.0, 1.0, 1.0], 'style': [], 'adjust_top': 0, 'adjust_bottom': 0, 'adjust_left': 0, 'adjust_right': 0, 'expire': None, 'key': None, 'widget': None, 'events_when_added': [], 'events_when_removed': [], 'font_size': 15, 'bitmap_font': False, 'font_kerning': True, 'bold': False, 'italic': False, 'number_grouping': False, 'min_digits': 0, 'halign': 'center', 'valign': 'middle', 'rotation': 0, 'scale': 1.0, 'casing': None, 'outline_color': [1.0, 1.0, 1.0, 1.0], 'outline_width': 0, 'animations': None}], 'target': None, 'background_color': [0.0, 0.0, 0.0, 1.0], 'priority': None, 'show': True, 'force': False, 'expire': None, 'slide': None, 'tokens': {}, 'action': 'play'}}
2025-10-12 08:57:58,941 : EventManager : Event: ======'slide_base.slide_player-mode_base_started_created'====== Args={}
2025-10-12 08:57:58,943 : EventManager : Event: ======'slide_base.slide_player-mode_base_started_active'====== Args={}
2025-10-12 08:57:59,025 : EventManager : Event: ======'loading_assets'====== Args={'total': 1, 'loaded': 1, 'remaining': 0, 'percent': 100}
2025-10-12 08:57:59,025 : AssetManager : Asset loading took: 3.644930601119995
2025-10-12 08:57:59,025 : EventManager : Event: ======'asset_loading_complete'====== Args={}
2025-10-12 08:57:59,026 : AssetManager : Loading assets: 1/1 (100%)
2025-10-12 08:57:59,050 : EventManager : Event: ======'machine_var_audits_switches_s_plunger'====== Args={'value': 368, 'prev_value': 367, 'change': 1}
2025-10-12 08:58:01,826 : EventManager : Event: ======'machine_var_audits_switches_s_right_rollover'====== Args={'value': 298, 'prev_value': 297, 'change': 1}
2025-10-12 08:58:01,851 : EventManager : Event: ======'player_shot_right_rollover_shot'====== Args={'value': 1, 'prev_value': 0, 'change': 1, 'player_num': 1}
2025-10-12 08:58:01,851 : EventManager : Event: ======'machine_var_audits_shots_right_rollover_shot'====== Args={'value': 289, 'prev_value': 288, 'change': 1}
2025-10-12 08:58:01,851 : EventManager : Event: ======'player_score'====== Args={'value': 300, 'prev_value': 0, 'change': 300, 'player_num': 1}
2025-10-12 08:58:03,923 : EventManager : Event: ======'machine_var_audits_switches_s_T'====== Args={'value': 12, 'prev_value': 11, 'change': 1}
2025-10-12 08:58:03,935 : EventManager : Event: ======'player_shot_T'====== Args={'value': 1, 'prev_value': 0, 'change': 1, 'player_num': 1}
2025-10-12 08:58:03,935 : EventManager : Event: ======'machine_var_audits_shots_T'====== Args={'value': 8, 'prev_value': 7, 'change': 1}
2025-10-12 08:58:04,816 : EventManager : Event: ======'machine_var_audits_switches_s_I'====== Args={'value': 12, 'prev_value': 11, 'change': 1}
2025-10-12 08:58:04,828 : EventManager : Event: ======'player_shot_I'====== Args={'value': 1, 'prev_value': 0, 'change': 1, 'player_num': 1}
2025-10-12 08:58:04,828 : EventManager : Event: ======'machine_var_audits_shots_I'====== Args={'value': 8, 'prev_value': 7, 'change': 1}
2025-10-12 08:58:05,527 : EventManager : Event: ======'machine_var_audits_switches_s_M'====== Args={'value': 12, 'prev_value': 11, 'change': 1}
2025-10-12 08:58:05,527 : EventManager : Event: ======'player_shot_M'====== Args={'value': 1, 'prev_value': 0, 'change': 1, 'player_num': 1}
2025-10-12 08:58:05,527 : EventManager : Event: ======'machine_var_audits_shots_M'====== Args={'value': 8, 'prev_value': 7, 'change': 1}
2025-10-12 08:58:06,305 : EventManager : Event: ======'machine_var_audits_switches_s_E'====== Args={'value': 12, 'prev_value': 11, 'change': 1}
2025-10-12 08:58:06,316 : EventManager : Event: ======'player_shot_E'====== Args={'value': 1, 'prev_value': 0, 'change': 1, 'player_num': 1}
2025-10-12 08:58:06,316 : EventManager : Event: ======'machine_var_audits_shots_E'====== Args={'value': 8, 'prev_value': 7, 'change': 1}
2025-10-12 08:58:06,316 : EventManager : Event: ======'player_shot_T'====== Args={'value': 0, 'prev_value': 1, 'change': -1, 'player_num': 1}
2025-10-12 08:58:06,316 : EventManager : Event: ======'player_shot_I'====== Args={'value': 0, 'prev_value': 1, 'change': -1, 'player_num': 1}
2025-10-12 08:58:06,316 : EventManager : Event: ======'player_shot_M'====== Args={'value': 0, 'prev_value': 1, 'change': -1, 'player_num': 1}
2025-10-12 08:58:06,317 : EventManager : Event: ======'player_shot_E'====== Args={'value': 0, 'prev_value': 1, 'change': -1, 'player_num': 1}
2025-10-12 08:58:06,317 : EventManager : Event: ======'player_score'====== Args={'value': 400300, 'prev_value': 300, 'change': 400000, 'player_num': 1}
2025-10-12 08:58:09,874 : EventManager : Event: ======'machine_var_audits_switches_s_T'====== Args={'value': 13, 'prev_value': 12, 'change': 1}
2025-10-12 08:58:09,874 : EventManager : Event: ======'player_shot_T'====== Args={'value': 1, 'prev_value': 0, 'change': 1, 'player_num': 1}
2025-10-12 08:58:09,874 : EventManager : Event: ======'machine_var_audits_shots_T'====== Args={'value': 9, 'prev_value': 8, 'change': 1}
2025-10-12 08:58:10,554 : EventManager : Event: ======'machine_var_audits_switches_s_I'====== Args={'value': 13, 'prev_value': 12, 'change': 1}
2025-10-12 08:58:10,566 : EventManager : Event: ======'player_shot_I'====== Args={'value': 1, 'prev_value': 0, 'change': 1, 'player_num': 1}
2025-10-12 08:58:10,566 : EventManager : Event: ======'machine_var_audits_shots_I'====== Args={'value': 9, 'prev_value': 8, 'change': 1}
2025-10-12 08:58:11,354 : EventManager : Event: ======'machine_var_audits_switches_s_M'====== Args={'value': 13, 'prev_value': 12, 'change': 1}
2025-10-12 08:58:11,366 : EventManager : Event: ======'player_shot_M'====== Args={'value': 1, 'prev_value': 0, 'change': 1, 'player_num': 1}
2025-10-12 08:58:11,366 : EventManager : Event: ======'machine_var_audits_shots_M'====== Args={'value': 9, 'prev_value': 8, 'change': 1}
2025-10-12 08:58:12,135 : EventManager : Event: ======'machine_var_audits_switches_s_E'====== Args={'value': 13, 'prev_value': 12, 'change': 1}
2025-10-12 08:58:12,135 : EventManager : Event: ======'player_shot_E'====== Args={'value': 1, 'prev_value': 0, 'change': 1, 'player_num': 1}
2025-10-12 08:58:12,135 : EventManager : Event: ======'machine_var_audits_shots_E'====== Args={'value': 9, 'prev_value': 8, 'change': 1}
2025-10-12 08:58:12,135 : EventManager : Event: ======'player_shot_T'====== Args={'value': 0, 'prev_value': 1, 'change': -1, 'player_num': 1}
2025-10-12 08:58:12,135 : EventManager : Event: ======'player_shot_I'====== Args={'value': 0, 'prev_value': 1, 'change': -1, 'player_num': 1}
2025-10-12 08:58:12,135 : EventManager : Event: ======'player_shot_M'====== Args={'value': 0, 'prev_value': 1, 'change': -1, 'player_num': 1}
2025-10-12 08:58:12,135 : EventManager : Event: ======'player_shot_E'====== Args={'value': 0, 'prev_value': 1, 'change': -1, 'player_num': 1}
2025-10-12 08:58:12,135 : EventManager : Event: ======'player_score'====== Args={'value': 800300, 'prev_value': 400300, 'change': 400000, 'player_num': 1}
2025-10-12 08:58:17,510 : EventManager : Event: ======'machine_var_audits_switches_s_T'====== Args={'value': 14, 'prev_value': 13, 'change': 1}
2025-10-12 08:58:17,510 : EventManager : Event: ======'player_shot_T'====== Args={'value': 1, 'prev_value': 0, 'change': 1, 'player_num': 1}
2025-10-12 08:58:17,510 : EventManager : Event: ======'machine_var_audits_shots_T'====== Args={'value': 10, 'prev_value': 9, 'change': 1}
2025-10-12 08:58:18,374 : EventManager : Event: ======'machine_var_audits_switches_s_I'====== Args={'value': 14, 'prev_value': 13, 'change': 1}
2025-10-12 08:58:18,386 : EventManager : Event: ======'player_shot_I'====== Args={'value': 1, 'prev_value': 0, 'change': 1, 'player_num': 1}
2025-10-12 08:58:18,386 : EventManager : Event: ======'machine_var_audits_shots_I'====== Args={'value': 10, 'prev_value': 9, 'change': 1}
2025-10-12 08:58:19,243 : EventManager : Event: ======'machine_var_audits_switches_s_M'====== Args={'value': 14, 'prev_value': 13, 'change': 1}
2025-10-12 08:58:19,255 : EventManager : Event: ======'player_shot_M'====== Args={'value': 1, 'prev_value': 0, 'change': 1, 'player_num': 1}
2025-10-12 08:58:19,255 : EventManager : Event: ======'machine_var_audits_shots_M'====== Args={'value': 10, 'prev_value': 9, 'change': 1}
2025-10-12 08:58:19,980 : EventManager : Event: ======'machine_var_audits_switches_s_E'====== Args={'value': 14, 'prev_value': 13, 'change': 1}
2025-10-12 08:58:19,992 : EventManager : Event: ======'player_shot_E'====== Args={'value': 1, 'prev_value': 0, 'change': 1, 'player_num': 1}
2025-10-12 08:58:19,992 : EventManager : Event: ======'machine_var_audits_shots_E'====== Args={'value': 10, 'prev_value': 9, 'change': 1}
2025-10-12 08:58:19,992 : EventManager : Event: ======'player_shot_T'====== Args={'value': 0, 'prev_value': 1, 'change': -1, 'player_num': 1}
2025-10-12 08:58:19,992 : EventManager : Event: ======'player_shot_I'====== Args={'value': 0, 'prev_value': 1, 'change': -1, 'player_num': 1}
2025-10-12 08:58:19,992 : EventManager : Event: ======'player_shot_M'====== Args={'value': 0, 'prev_value': 1, 'change': -1, 'player_num': 1}
2025-10-12 08:58:19,992 : EventManager : Event: ======'player_shot_E'====== Args={'value': 0, 'prev_value': 1, 'change': -1, 'player_num': 1}
2025-10-12 08:58:19,992 : EventManager : Event: ======'player_score'====== Args={'value': 1200300, 'prev_value': 800300, 'change': 400000, 'player_num': 1}
2025-10-12 08:58:32,492 : EventManager : Event: ======'machine_var_audits_switches_s_center_rollover'====== Args={'value': 287, 'prev_value': 286, 'change': 1}
2025-10-12 08:58:32,504 : EventManager : Event: ======'player_shot_center_rollover_shot'====== Args={'value': 1, 'prev_value': 0, 'change': 1, 'player_num': 1}
2025-10-12 08:58:32,504 : EventManager : Event: ======'machine_var_audits_shots_center_rollover_shot'====== Args={'value': 278, 'prev_value': 277, 'change': 1}
2025-10-12 08:58:32,504 : EventManager : Event: ======'player_score'====== Args={'value': 1200500, 'prev_value': 1200300, 'change': 200, 'player_num': 1}
2025-10-12 08:58:33,362 : EventManager : Event: ======'machine_var_audits_switches_s_left_rollover'====== Args={'value': 230, 'prev_value': 229, 'change': 1}
2025-10-12 08:58:33,423 : EventManager : Event: ======'player_shot_left_rollover_shot'====== Args={'value': 1, 'prev_value': 0, 'change': 1, 'player_num': 1}
2025-10-12 08:58:33,423 : EventManager : Event: ======'machine_var_audits_shots_left_rollover_shot'====== Args={'value': 222, 'prev_value': 221, 'change': 1}
2025-10-12 08:58:33,423 : EventManager : Event: ======'sounds_play'====== Args={'settings': {'go': {'action': 'play', 'loops': 1, 'priority': None, 'block': False, 'delay': None, 'track': None, 'volume': None, 'ducking': {}, 'pan': None, 'start_at': None, 'fade_in': None, 'fade_out': None, 'about_to_finish_time': -1.0, 'max_queue_time': -1.0, 'events_when_played': ['use_sound_setting'], 'events_when_stopped': ['use_sound_setting'], 'events_when_looping': ['use_sound_setting'], 'events_when_about_to_finish': ['use_sound_setting'], 'mode_end_action': 'use_sound_setting', 'key': 'use_sound_setting'}}, 'context': 'base', 'calling_context': 'rollover_lanes_complete', 'priority': 100, 'state': 'lit'}
2025-10-12 08:58:33,423 : EventManager : Event: ======'player_skillshot_skillshot_timer_tick'====== Args={'value': 5, 'prev_value': 0, 'change': 5, 'player_num': 1}
2025-10-12 08:58:33,423 : EventManager : Event: ======'player_skillshot_target_rotator_tick'====== Args={'value': 0, 'prev_value': 0, 'change': 0, 'player_num': 1}
2025-10-12 08:58:33,424 : EventManager : Event: ======'player_shot_standup_1_skill_enabled'====== Args={'value': True, 'prev_value': 0, 'change': 1, 'player_num': 1}
2025-10-12 08:58:33,424 : EventManager : Event: ======'player_shot_standup_2_skill_enabled'====== Args={'value': True, 'prev_value': 0, 'change': 1, 'player_num': 1}
2025-10-12 08:58:33,424 : EventManager : Event: ======'player_shot_standup_3_skill_enabled'====== Args={'value': True, 'prev_value': 0, 'change': 1, 'player_num': 1}
2025-10-12 08:58:33,424 : EventManager : Event: ======'player_shot_standup_4_skill_enabled'====== Args={'value': True, 'prev_value': 0, 'change': 1, 'player_num': 1}
2025-10-12 08:58:33,424 : EventManager : Event: ======'player_shot_standup_5_skill_enabled'====== Args={'value': True, 'prev_value': 0, 'change': 1, 'player_num': 1}
2025-10-12 08:58:33,424 : EventManager : Event: ======'player_shot_standup_6_skill_enabled'====== Args={'value': True, 'prev_value': 0, 'change': 1, 'player_num': 1}
2025-10-12 08:58:33,425 : EventManager : Event: ======'player_shot_left_rollover_shot'====== Args={'value': 0, 'prev_value': 1, 'change': -1, 'player_num': 1}
2025-10-12 08:58:33,425 : EventManager : Event: ======'player_shot_center_rollover_shot'====== Args={'value': 0, 'prev_value': 1, 'change': -1, 'player_num': 1}
2025-10-12 08:58:33,425 : EventManager : Event: ======'player_shot_right_rollover_shot'====== Args={'value': 0, 'prev_value': 1, 'change': -1, 'player_num': 1}
2025-10-12 08:58:33,425 : EventManager : Event: ======'player_score'====== Args={'value': 1205500, 'prev_value': 1200500, 'change': 5000, 'player_num': 1}
2025-10-12 08:58:33,426 : EventManager : Event: ======'sounds_play'====== Args={'settings': {'go': {'action': 'play', 'loops': 1, 'priority': None, 'block': False, 'delay': None, 'track': None, 'volume': None, 'ducking': {}, 'pan': None, 'start_at': None, 'fade_in': None, 'fade_out': None, 'about_to_finish_time': -1.0, 'max_queue_time': -1.0, 'events_when_played': ['use_sound_setting'], 'events_when_stopped': ['use_sound_setting'], 'events_when_looping': ['use_sound_setting'], 'events_when_about_to_finish': ['use_sound_setting'], 'mode_end_action': 'use_sound_setting', 'key': 'use_sound_setting'}}, 'context': 'base', 'calling_context': 'rollover_lanes_complete', 'priority': 100, 'state': 'unlit'}
2025-10-12 08:58:33,426 : EventManager : Event: ======'player_score'====== Args={'value': 1205600, 'prev_value': 1205500, 'change': 100, 'player_num': 1}
2025-10-12 08:58:33,426 : EventManager : Event: ======'player_shot_standup_1_skill'====== Args={'value': 1, 'prev_value': 0, 'change': 1, 'player_num': 1}
2025-10-12 08:58:33,426 : EventManager : Event: ======'slides_play'====== Args={'settings': {'widgets': {'widgets': [{'type': 'text', 'text': '(SKILL SHOT!!!!!)', 'number_grouping': True, 'min_digits': 2, 'font_size': 50, '_default_settings': ['type', 'text', 'number_grouping', 'min_digits', 'font_size'], 'x': None, 'y': None, 'anchor_x': 'center', 'anchor_y': 'center', 'round_anchor_x': None, 'round_anchor_y': None, 'opacity': 1.0, 'z': 0, 'reset_animations_events': {}, 'color': [1.0, 1.0, 1.0, 1.0], 'style': [], 'adjust_top': 0, 'adjust_bottom': 0, 'adjust_left': 0, 'adjust_right': 0, 'expire': None, 'key': None, 'widget': None, 'events_when_added': [], 'events_when_removed': [], 'bitmap_font': False, 'font_kerning': True, 'bold': False, 'italic': False, 'halign': 'center', 'valign': 'middle', 'rotation': 0, 'scale': 1.0, 'casing': None, 'outline_color': [1.0, 1.0, 1.0, 1.0], 'outline_width': 0, 'animations': None}], 'target': None, 'background_color': [0.0, 0.0, 0.0, 1.0], 'priority': None, 'show': True, 'force': False, 'expire': None, 'slide': None, 'tokens': {}, 'action': 'play'}}, 'context': 'skillshot', 'calling_context': 'mode_skillshot_started', 'priority': 150}
2025-10-12 08:58:33,427 : mpfmc : SlidePlayer: Play called with settings={'widgets': {'widgets': [{'type': 'text', 'text': '(SKILL SHOT!!!!!)', 'number_grouping': True, 'min_digits': 2, 'font_size': 50, '_default_settings': ['type', 'text', 'number_grouping', 'min_digits', 'font_size'], 'x': None, 'y': None, 'anchor_x': 'center', 'anchor_y': 'center', 'round_anchor_x': None, 'round_anchor_y': None, 'opacity': 1.0, 'z': 0, 'reset_animations_events': {}, 'color': [1.0, 1.0, 1.0, 1.0], 'style': [], 'adjust_top': 0, 'adjust_bottom': 0, 'adjust_left': 0, 'adjust_right': 0, 'expire': None, 'key': None, 'widget': None, 'events_when_added': [], 'events_when_removed': [], 'bitmap_font': False, 'font_kerning': True, 'bold': False, 'italic': False, 'halign': 'center', 'valign': 'middle', 'rotation': 0, 'scale': 1.0, 'casing': None, 'outline_color': [1.0, 1.0, 1.0, 1.0], 'outline_width': 0, 'animations': None}], 'target': None, 'background_color': [0.0, 0.0, 0.0, 1.0], 'priority': None, 'show': True, 'force': False, 'expire': None, 'slide': None, 'tokens': {}, 'action': 'play'}}
2025-10-12 08:58:33,431 : EventManager : Event: ======'slide_skillshot.slide_player-mode_skillshot_started_created'====== Args={}
2025-10-12 08:58:33,432 : EventManager : Event: ======'slide_skillshot.slide_player-mode_skillshot_started_active'====== Args={}
2025-10-12 08:58:33,434 : EventManager : Event: ======'loading_assets'====== Args={'total': 1, 'loaded': 1, 'remaining': 0, 'percent': 100}
2025-10-12 08:58:33,434 : AssetManager : Asset loading took: 38.0538330078125
2025-10-12 08:58:33,434 : EventManager : Event: ======'asset_loading_complete'====== Args={}
2025-10-12 08:58:33,434 : AssetManager : Loading assets: 1/1 (100%)
2025-10-12 08:58:34,376 : EventManager : Event: ======'player_skillshot_skillshot_timer_tick'====== Args={'value': 4, 'prev_value': 5, 'change': -1, 'player_num': 1}
2025-10-12 08:58:34,388 : EventManager : Event: ======'player_skillshot_target_rotator_tick'====== Args={'value': 1, 'prev_value': 0, 'change': 1, 'player_num': 1}
2025-10-12 08:58:34,388 : EventManager : Event: ======'player_shot_standup_1_skill'====== Args={'value': 0, 'prev_value': 1, 'change': -1, 'player_num': 1}
2025-10-12 08:58:34,388 : EventManager : Event: ======'player_shot_standup_2_skill'====== Args={'value': 1, 'prev_value': 0, 'change': 1, 'player_num': 1}
2025-10-12 08:58:35,373 : EventManager : Event: ======'player_skillshot_skillshot_timer_tick'====== Args={'value': 3, 'prev_value': 4, 'change': -1, 'player_num': 1}
2025-10-12 08:58:35,397 : EventManager : Event: ======'player_skillshot_target_rotator_tick'====== Args={'value': 2, 'prev_value': 1, 'change': 1, 'player_num': 1}
2025-10-12 08:58:35,397 : EventManager : Event: ======'player_shot_standup_2_skill'====== Args={'value': 0, 'prev_value': 1, 'change': -1, 'player_num': 1}
2025-10-12 08:58:35,397 : EventManager : Event: ======'player_shot_standup_3_skill'====== Args={'value': 1, 'prev_value': 0, 'change': 1, 'player_num': 1}
2025-10-12 08:58:36,380 : EventManager : Event: ======'player_skillshot_skillshot_timer_tick'====== Args={'value': 2, 'prev_value': 3, 'change': -1, 'player_num': 1}
2025-10-12 08:58:36,417 : EventManager : Event: ======'player_skillshot_target_rotator_tick'====== Args={'value': 3, 'prev_value': 2, 'change': 1, 'player_num': 1}
2025-10-12 08:58:36,417 : EventManager : Event: ======'player_shot_standup_3_skill'====== Args={'value': 0, 'prev_value': 1, 'change': -1, 'player_num': 1}
2025-10-12 08:58:36,417 : EventManager : Event: ======'player_shot_standup_4_skill'====== Args={'value': 1, 'prev_value': 0, 'change': 1, 'player_num': 1}
2025-10-12 08:58:37,386 : EventManager : Event: ======'player_skillshot_target_rotator_tick'====== Args={'value': 4, 'prev_value': 3, 'change': 1, 'player_num': 1}
2025-10-12 08:58:37,411 : EventManager : Event: ======'player_skillshot_skillshot_timer_tick'====== Args={'value': 1, 'prev_value': 2, 'change': -1, 'player_num': 1}
2025-10-12 08:58:37,411 : EventManager : Event: ======'player_shot_standup_3_skill'====== Args={'value': 1, 'prev_value': 0, 'change': 1, 'player_num': 1}
2025-10-12 08:58:37,412 : EventManager : Event: ======'player_shot_standup_4_skill'====== Args={'value': 0, 'prev_value': 1, 'change': -1, 'player_num': 1}
2025-10-12 08:58:38,375 : EventManager : Event: ======'player_skillshot_target_rotator_tick'====== Args={'value': 5, 'prev_value': 4, 'change': 1, 'player_num': 1}
2025-10-12 08:58:38,412 : EventManager : Event: ======'player_skillshot_skillshot_timer_tick'====== Args={'value': 0, 'prev_value': 1, 'change': -1, 'player_num': 1}
2025-10-12 08:58:38,412 : EventManager : Event: ======'player_shot_standup_2_skill'====== Args={'value': 1, 'prev_value': 0, 'change': 1, 'player_num': 1}
2025-10-12 08:58:38,412 : EventManager : Event: ======'player_shot_standup_3_skill'====== Args={'value': 0, 'prev_value': 1, 'change': -1, 'player_num': 1}
2025-10-12 08:58:38,412 : EventManager : Event: ======'slides_clear'====== Args={'context': 'skillshot'}
2025-10-12 08:58:38,412 : EventManager : Event: ======'slide_skillshot.slide_player-mode_skillshot_started_removed'====== Args={}
2025-10-12 08:58:38,413 : EventManager : Event: ======'slide_base.slide_player-mode_base_started_active'====== Args={}
2025-10-12 08:58:47,236 : EventManager : Event: ======'machine_var_audits_switches_s_E'====== Args={'value': 15, 'prev_value': 14, 'change': 1}
2025-10-12 08:58:47,248 : EventManager : Event: ======'player_shot_E'====== Args={'value': 1, 'prev_value': 0, 'change': 1, 'player_num': 1}
2025-10-12 08:58:47,248 : EventManager : Event: ======'machine_var_audits_shots_E'====== Args={'value': 11, 'prev_value': 10, 'change': 1}
2025-10-12 08:58:47,997 : EventManager : Event: ======'machine_var_audits_switches_s_M'====== Args={'value': 15, 'prev_value': 14, 'change': 1}
2025-10-12 08:58:48,009 : EventManager : Event: ======'player_shot_M'====== Args={'value': 1, 'prev_value': 0, 'change': 1, 'player_num': 1}
2025-10-12 08:58:48,009 : EventManager : Event: ======'machine_var_audits_shots_M'====== Args={'value': 11, 'prev_value': 10, 'change': 1}
2025-10-12 08:58:48,820 : EventManager : Event: ======'machine_var_audits_switches_s_I'====== Args={'value': 15, 'prev_value': 14, 'change': 1}
2025-10-12 08:58:48,844 : EventManager : Event: ======'player_shot_I'====== Args={'value': 1, 'prev_value': 0, 'change': 1, 'player_num': 1}
2025-10-12 08:58:48,844 : EventManager : Event: ======'machine_var_audits_shots_I'====== Args={'value': 11, 'prev_value': 10, 'change': 1}
2025-10-12 08:58:49,750 : EventManager : Event: ======'machine_var_audits_switches_s_T'====== Args={'value': 15, 'prev_value': 14, 'change': 1}
2025-10-12 08:58:49,762 : EventManager : Event: ======'player_shot_T'====== Args={'value': 1, 'prev_value': 0, 'change': 1, 'player_num': 1}
2025-10-12 08:58:49,762 : EventManager : Event: ======'machine_var_audits_shots_T'====== Args={'value': 11, 'prev_value': 10, 'change': 1}
2025-10-12 08:58:49,762 : EventManager : Event: ======'player_shot_T'====== Args={'value': 0, 'prev_value': 1, 'change': -1, 'player_num': 1}
2025-10-12 08:58:49,762 : EventManager : Event: ======'player_shot_I'====== Args={'value': 0, 'prev_value': 1, 'change': -1, 'player_num': 1}
2025-10-12 08:58:49,762 : EventManager : Event: ======'player_shot_M'====== Args={'value': 0, 'prev_value': 1, 'change': -1, 'player_num': 1}
2025-10-12 08:58:49,762 : EventManager : Event: ======'player_shot_E'====== Args={'value': 0, 'prev_value': 1, 'change': -1, 'player_num': 1}
2025-10-12 08:58:49,762 : EventManager : Event: ======'player_score'====== Args={'value': 1605600, 'prev_value': 1205600, 'change': 400000, 'player_num': 1}
2025-10-12 08:59:03,005 : kivy : Base: Leaving application in progress...
2025-10-12 08:59:03,009 : mpfmc : Stopping...
2025-10-12 08:59:03,009 : EventManager : Event: ======'shutdown'====== Args={}
2025-10-12 08:59:03,009 : AudioInterface : Disabling audio playback
2025-10-12 08:59:03,154 : mpfmc : Loop rate 77.33 Hz
