2025-10-05 15:06:38,558 : kivy : deps: Successfully imported "kivy_deps.gstreamer" 0.3.3
2025-10-05 15:06:38,558 : kivy : deps: Successfully imported "kivy_deps.angle" 0.3.3
2025-10-05 15:06:38,559 : kivy : deps: Successfully imported "kivy_deps.glew" 0.3.1
2025-10-05 15:06:38,559 : kivy : deps: Successfully imported "kivy_deps.sdl2" 0.6.0
2025-10-05 15:06:38,559 : kivy : Kivy: v2.2.1
2025-10-05 15:06:38,559 : kivy : Kivy: Installed at "C:\Users\richa\mpfvirtual4\lib\site-packages\kivy\__init__.py"
2025-10-05 15:06:38,559 : kivy : Python: v3.9.13 (tags/v3.9.13:6de2ca5, May 17 2022, 16:36:42) [MSC v.1929 64 bit (AMD64)]
2025-10-05 15:06:38,559 : kivy : Python: Interpreter at "C:\Users\richa\mpfvirtual4\Scripts\python.exe"
2025-10-05 15:06:38,576 : kivy : Factory: 190 symbols loaded
2025-10-05 15:06:38,784 : kivy : ImageLoaderFFPy: Using ffpyplayer 4.5.0
2025-10-05 15:06:38,784 : kivy : Image: Providers: img_tex, img_dds, img_sdl2, img_pil, img_ffpyplayer 
2025-10-05 15:06:38,956 : kivy : VideoGstplayer: Using Gstreamer 1.18.5.0
2025-10-05 15:06:38,956 : kivy : Video: Provider: gstplayer
2025-10-05 15:06:39,002 : root : Loading MPF-MC controller
2025-10-05 15:06:39,005 : YamlMultifileConfigLoader : Machine config file #1: config
2025-10-05 15:06:39,005 : ConfigProcessor : Config file in cache changed: C:\Users\richa\ttp5\config\config
2025-10-05 15:06:39,005 : ConfigProcessor : Loading config from file C:\Users\richa\mpfvirtual4\lib\site-packages\mpfmc\mcconfig.yaml.
2025-10-05 15:06:39,016 : ConfigProcessor : Loading config: C:\Users\richa\mpfvirtual4\lib\site-packages\mpfmc\mcconfig.yaml
2025-10-05 15:06:39,016 : ConfigProcessor : Loading config from file C:\Users\richa\ttp5\config\config.
2025-10-05 15:06:39,018 : ConfigProcessor : Loading config: C:\Users\richa\ttp5\config\config
2025-10-05 15:06:39,019 : ConfigProcessor : Loading config: C:\Users\richa\ttp5\config\config_ball_devices.yaml
2025-10-05 15:06:39,021 : ConfigProcessor : Loading config: C:\Users\richa\ttp5\config\config_coils.yaml
2025-10-05 15:06:39,022 : ConfigProcessor : Loading config: C:\Users\richa\ttp5\config\config_flippers.yaml
2025-10-05 15:06:39,028 : ConfigProcessor : Loading config: C:\Users\richa\ttp5\config\config_switches.yaml
2025-10-05 15:06:39,034 : ConfigProcessor : Loading config: C:\Users\richa\ttp5\config\config_lights.yaml
2025-10-05 15:06:39,037 : ConfigProcessor : Config file cache created: C:\Users\richa\AppData\Local\Temp\dfe03a1c6b87b9e2015d2c57a6076bec.mpf_cache
2025-10-05 15:06:39,038 : ConfigProcessor : Loading config from cache: C:\Users\richa\AppData\Local\Temp\77a998d318c788df5647a1900cedfc56.mpf_cache
2025-10-05 15:06:39,038 : ConfigProcessor : Loading config from cache: C:\Users\richa\AppData\Local\Temp\9c8dea79ca4d15ee886340e992e8cb9d.mpf_cache
2025-10-05 15:06:39,039 : ConfigProcessor : Loading config from cache: C:\Users\richa\AppData\Local\Temp\8ddee2e87a4f178751335e99da00e9c4.mpf_cache
2025-10-05 15:06:39,048 : mpfmc : Mission Pinball Framework Media Controller (MPF-MC) v0.57.0.dev10. Requires MPF v0.57.0.dev19 or newer.
2025-10-05 15:06:39,048 : mpfmc : Found MPF v0.57.0.dev39
2025-10-05 15:06:39,048 : mpfmc : Machine path: C:\Users\richa\ttp5
2025-10-05 15:06:39,049 : mpfmc : Starting clock at 60.0Hz
2025-10-05 15:06:39,062 : kivy : Text: Provider: sdl2
2025-10-05 15:06:39,106 : kivy : Window: Provider: sdl2
2025-10-05 15:06:39,483 : kivy : GL: Using the "OpenGL" graphics system
2025-10-05 15:06:39,492 : kivy : GL: GLEW initialization succeeded
2025-10-05 15:06:39,492 : kivy : GL: Backend used <glew>
2025-10-05 15:06:39,492 : kivy : GL: OpenGL version <b'4.6.0 NVIDIA 560.94'>
2025-10-05 15:06:39,492 : kivy : GL: OpenGL vendor <b'NVIDIA Corporation'>
2025-10-05 15:06:39,492 : kivy : GL: OpenGL renderer <b'NVIDIA GeForce RTX 3050/PCIe/SSE2'>
2025-10-05 15:06:39,492 : kivy : GL: OpenGL parsed version: 4, 6
2025-10-05 15:06:39,492 : kivy : GL: Shading version <b'4.60 NVIDIA'>
2025-10-05 15:06:39,492 : kivy : GL: Texture max size <32768>
2025-10-05 15:06:39,492 : kivy : GL: Texture max units <32>
2025-10-05 15:06:39,514 : kivy : Window: auto add sdl2 input provider
2025-10-05 15:06:39,515 : kivy : Window: virtual keyboard not allowed, single mode, not docked
2025-10-05 15:06:39,526 : SoundSystem : SoundSystem: Using default 'sound_system' settings
2025-10-05 15:06:39,897 : AudioInterface : Initialized
2025-10-05 15:06:39,897 : AudioInterface : Loaded SDL 2.26.4
2025-10-05 15:06:39,897 : AudioInterface : Loaded SDL_Mixer 2.6.3
2025-10-05 15:06:39,897 : AudioInterface : Loaded GStreamer 1.18.5.0
2025-10-05 15:06:39,897 : AudioInterface : Loaded GLib 2.62.6
2025-10-05 15:06:39,897 : AudioInterface : Settings requested - rate: 44100, channels: 1, buffer: 2048 samples
2025-10-05 15:06:39,897 : AudioInterface : Settings in use - rate: 44100, channels: 1, buffer: 2048 samples (4096 bytes @ 2 bytes per sample)
2025-10-05 15:06:39,898 : SoundSystem : No audio tracks are specified in your machine config file. a track named 'default' has been created.
2025-10-05 15:06:39,898 : SoundSystem : Setting master volume to 0.0
2025-10-05 15:06:39,898 : AudioInterface : Enabling audio playback
2025-10-05 15:06:39,899 : kivy : Base: Start application main loop
2025-10-05 15:06:39,900 : EventManager : Event: ======'display_window_initialized'====== Args={}
2025-10-05 15:06:39,912 : mpfmc : Display: Setting 'window' as default display
2025-10-05 15:06:39,918 : EventManager : Event: ======'displays_initialized'====== Args={}
2025-10-05 15:06:39,918 : EventManager : Event: ======'slide_window_blank_created'====== Args={}
2025-10-05 15:06:39,918 : EventManager : Event: ======'display_window_ready'====== Args={}
2025-10-05 15:06:39,927 : EventManager : Event: ======'init_phase_1'====== Args={}
2025-10-05 15:06:39,931 : EventManager : Event: ======'mc_ready'====== Args={}
2025-10-05 15:06:39,931 : EventManager : Event: ======'init_phase_2'====== Args={}
2025-10-05 15:06:39,933 : EventManager : Event: ======'init_phase_3'====== Args={}
2025-10-05 15:06:39,934 : EventManager : Event: ======'init_phase_4'====== Args={}
2025-10-05 15:06:39,934 : EventManager : Event: ======'init_phase_5'====== Args={}
2025-10-05 15:06:39,934 : EventManager : Event: ======'init_done'====== Args={}
2025-10-05 15:06:39,934 : MPF-MC BCP Server : Starting up on localhost port 5050
2025-10-05 15:06:39,938 : MPF-MC BCP Server : Waiting for a connection...
2025-10-05 15:06:39,942 : EventManager : Event: ======'client_disconnected'====== Args={'host': '127.0.0.1', 'port': 5050}
2025-10-05 15:06:41,205 : MPF-MC BCP Server : Received connection from: 127.0.0.1:54095
2025-10-05 15:06:41,208 : EventManager : Event: ======'client_connected'====== Args={'host': '127.0.0.1', 'port': 54095}
2025-10-05 15:06:42,286 : EventManager : Event: ======'machine_var_credits_string'====== Args={'value': 'FREE PLAY', 'prev_value': None, 'change': True}
2025-10-05 15:06:42,286 : EventManager : Event: ======'machine_var_master_volume'====== Args={'value': 0.5, 'prev_value': None, 'change': True}
2025-10-05 15:06:42,286 : EventManager : Event: ======'machine_var_player1_score'====== Args={'value': 7584, 'prev_value': None, 'change': True}
2025-10-05 15:06:42,286 : EventManager : Event: ======'machine_var_mpf_version'====== Args={'value': 'Mission Pinball Framework v0.57.0.dev39', 'prev_value': None, 'change': True}
2025-10-05 15:06:42,286 : EventManager : Event: ======'machine_var_mpf_extended_version'====== Args={'value': 'Mission Pinball Framework v0.57.0.dev39, Config version:6, Show version: 6, BCP version:1.1', 'prev_value': None, 'change': True}
2025-10-05 15:06:42,286 : EventManager : Event: ======'machine_var_python_version'====== Args={'value': '3.9.13', 'prev_value': None, 'change': True}
2025-10-05 15:06:42,287 : EventManager : Event: ======'machine_var_platform'====== Args={'value': 'Windows-10-10.0.19045-SP0', 'prev_value': None, 'change': True}
2025-10-05 15:06:42,287 : EventManager : Event: ======'machine_var_platform_system'====== Args={'value': 'Windows', 'prev_value': None, 'change': True}
2025-10-05 15:06:42,287 : EventManager : Event: ======'machine_var_platform_release'====== Args={'value': '10', 'prev_value': None, 'change': True}
2025-10-05 15:06:42,287 : EventManager : Event: ======'machine_var_platform_version'====== Args={'value': '10.0.19045', 'prev_value': None, 'change': True}
2025-10-05 15:06:42,287 : EventManager : Event: ======'machine_var_platform_machine'====== Args={'value': 'AMD64', 'prev_value': None, 'change': True}
2025-10-05 15:06:42,287 : EventManager : Event: ======'machine_var_mc_version'====== Args={'value': 'MPF-MC v0.57.0.dev10', 'prev_value': None, 'change': True}
2025-10-05 15:06:42,287 : EventManager : Event: ======'machine_var_mc_extended_version'====== Args={'value': 'MPF-MC v0.57.0.dev10 (config_version=6, BCP v1.1,                      Requires MPF API compatibility v0.57.0.dev19 or newer)', 'prev_value': None, 'change': True}
2025-10-05 15:06:42,287 : EventManager : Event: ======'machine_var_credits_string'====== Args={'value': 'FREE PLAY', 'prev_value': None, 'change': True}
2025-10-05 15:06:42,287 : EventManager : Event: ======'machine_var_master_volume'====== Args={'value': 0.5, 'prev_value': None, 'change': True}
2025-10-05 15:06:42,287 : EventManager : Event: ======'machine_var_player1_score'====== Args={'value': 7584, 'prev_value': None, 'change': True}
2025-10-05 15:06:42,288 : EventManager : Event: ======'machine_var_mpf_version'====== Args={'value': 'Mission Pinball Framework v0.57.0.dev39', 'prev_value': None, 'change': True}
2025-10-05 15:06:42,288 : EventManager : Event: ======'machine_var_mpf_extended_version'====== Args={'value': 'Mission Pinball Framework v0.57.0.dev39, Config version:6, Show version: 6, BCP version:1.1', 'prev_value': None, 'change': True}
2025-10-05 15:06:42,288 : EventManager : Event: ======'machine_var_python_version'====== Args={'value': '3.9.13', 'prev_value': None, 'change': True}
2025-10-05 15:06:42,288 : EventManager : Event: ======'machine_var_platform'====== Args={'value': 'Windows-10-10.0.19045-SP0', 'prev_value': None, 'change': True}
2025-10-05 15:06:42,288 : EventManager : Event: ======'machine_var_platform_system'====== Args={'value': 'Windows', 'prev_value': None, 'change': True}
2025-10-05 15:06:42,288 : EventManager : Event: ======'machine_var_platform_release'====== Args={'value': '10', 'prev_value': None, 'change': True}
2025-10-05 15:06:42,288 : EventManager : Event: ======'machine_var_platform_version'====== Args={'value': '10.0.19045', 'prev_value': None, 'change': True}
2025-10-05 15:06:42,288 : EventManager : Event: ======'machine_var_platform_machine'====== Args={'value': 'AMD64', 'prev_value': None, 'change': True}
2025-10-05 15:06:42,288 : EventManager : Event: ======'machine_var_mc_version'====== Args={'value': 'MPF-MC v0.57.0.dev10', 'prev_value': None, 'change': True}
2025-10-05 15:06:42,288 : EventManager : Event: ======'machine_var_mc_extended_version'====== Args={'value': 'MPF-MC v0.57.0.dev10 (config_version=6, BCP v1.1,                      Requires MPF API compatibility v0.57.0.dev19 or newer)', 'prev_value': None, 'change': True}
2025-10-05 15:06:42,288 : EventManager : Event: ======'machine_var_credits_string'====== Args={'value': 'FREE PLAY', 'prev_value': None, 'change': True}
2025-10-05 15:06:42,288 : EventManager : Event: ======'machine_var_master_volume'====== Args={'value': 0.5, 'prev_value': None, 'change': True}
2025-10-05 15:06:42,288 : EventManager : Event: ======'machine_var_player1_score'====== Args={'value': 7584, 'prev_value': None, 'change': True}
2025-10-05 15:06:42,288 : EventManager : Event: ======'machine_var_mpf_version'====== Args={'value': 'Mission Pinball Framework v0.57.0.dev39', 'prev_value': None, 'change': True}
2025-10-05 15:06:42,288 : EventManager : Event: ======'machine_var_mpf_extended_version'====== Args={'value': 'Mission Pinball Framework v0.57.0.dev39, Config version:6, Show version: 6, BCP version:1.1', 'prev_value': None, 'change': True}
2025-10-05 15:06:42,289 : EventManager : Event: ======'machine_var_python_version'====== Args={'value': '3.9.13', 'prev_value': None, 'change': True}
2025-10-05 15:06:42,289 : EventManager : Event: ======'machine_var_platform'====== Args={'value': 'Windows-10-10.0.19045-SP0', 'prev_value': None, 'change': True}
2025-10-05 15:06:42,289 : EventManager : Event: ======'machine_var_platform_system'====== Args={'value': 'Windows', 'prev_value': None, 'change': True}
2025-10-05 15:06:42,289 : EventManager : Event: ======'machine_var_platform_release'====== Args={'value': '10', 'prev_value': None, 'change': True}
2025-10-05 15:06:42,289 : EventManager : Event: ======'machine_var_platform_version'====== Args={'value': '10.0.19045', 'prev_value': None, 'change': True}
2025-10-05 15:06:42,289 : EventManager : Event: ======'machine_var_platform_machine'====== Args={'value': 'AMD64', 'prev_value': None, 'change': True}
2025-10-05 15:06:42,289 : EventManager : Event: ======'machine_var_mc_version'====== Args={'value': 'MPF-MC v0.57.0.dev10', 'prev_value': None, 'change': True}
2025-10-05 15:06:42,289 : EventManager : Event: ======'machine_var_mc_extended_version'====== Args={'value': 'MPF-MC v0.57.0.dev10 (config_version=6, BCP v1.1,                      Requires MPF API compatibility v0.57.0.dev19 or newer)', 'prev_value': None, 'change': True}
2025-10-05 15:06:42,289 : EventManager : Event: ======'machine_var_credits_string'====== Args={'value': 'FREE PLAY', 'prev_value': None, 'change': True}
2025-10-05 15:06:42,289 : EventManager : Event: ======'machine_var_master_volume'====== Args={'value': 0.5, 'prev_value': None, 'change': True}
2025-10-05 15:06:42,289 : EventManager : Event: ======'machine_var_player1_score'====== Args={'value': 7584, 'prev_value': None, 'change': True}
2025-10-05 15:06:42,289 : EventManager : Event: ======'machine_var_mpf_version'====== Args={'value': 'Mission Pinball Framework v0.57.0.dev39', 'prev_value': None, 'change': True}
2025-10-05 15:06:42,289 : EventManager : Event: ======'machine_var_mpf_extended_version'====== Args={'value': 'Mission Pinball Framework v0.57.0.dev39, Config version:6, Show version: 6, BCP version:1.1', 'prev_value': None, 'change': True}
2025-10-05 15:06:42,290 : EventManager : Event: ======'machine_var_python_version'====== Args={'value': '3.9.13', 'prev_value': None, 'change': True}
2025-10-05 15:06:42,290 : EventManager : Event: ======'machine_var_platform'====== Args={'value': 'Windows-10-10.0.19045-SP0', 'prev_value': None, 'change': True}
2025-10-05 15:06:42,290 : EventManager : Event: ======'machine_var_platform_system'====== Args={'value': 'Windows', 'prev_value': None, 'change': True}
2025-10-05 15:06:42,290 : EventManager : Event: ======'machine_var_platform_release'====== Args={'value': '10', 'prev_value': None, 'change': True}
2025-10-05 15:06:42,290 : EventManager : Event: ======'machine_var_platform_version'====== Args={'value': '10.0.19045', 'prev_value': None, 'change': True}
2025-10-05 15:06:42,290 : EventManager : Event: ======'machine_var_platform_machine'====== Args={'value': 'AMD64', 'prev_value': None, 'change': True}
2025-10-05 15:06:42,290 : EventManager : Event: ======'machine_var_mc_version'====== Args={'value': 'MPF-MC v0.57.0.dev10', 'prev_value': None, 'change': True}
2025-10-05 15:06:42,290 : EventManager : Event: ======'machine_var_mc_extended_version'====== Args={'value': 'MPF-MC v0.57.0.dev10 (config_version=6, BCP v1.1,                      Requires MPF API compatibility v0.57.0.dev19 or newer)', 'prev_value': None, 'change': True}
2025-10-05 15:06:42,290 : SoundSystem : Setting master volume to 0.5
2025-10-05 15:06:42,290 : SoundSystem : Setting master volume to 0.5
2025-10-05 15:06:42,290 : SoundSystem : Setting master volume to 0.5
2025-10-05 15:06:42,290 : SoundSystem : Setting master volume to 0.5
2025-10-05 15:06:42,415 : EventManager : Event: ======'machine_var_audits_events_game_ended'====== Args={'value': 26, 'prev_value': None, 'change': True}
2025-10-05 15:06:42,440 : EventManager : Event: ======'machine_var_audits_events_game_started'====== Args={'value': 108, 'prev_value': None, 'change': True}
2025-10-05 15:06:42,441 : EventManager : Event: ======'machine_var_audits_missing_switches_s_A'====== Args={'value': 36, 'prev_value': None, 'change': True}
2025-10-05 15:06:42,441 : EventManager : Event: ======'machine_var_audits_missing_switches_s_E'====== Args={'value': 36, 'prev_value': None, 'change': True}
2025-10-05 15:06:42,442 : EventManager : Event: ======'machine_var_audits_missing_switches_s_Eb'====== Args={'value': 36, 'prev_value': None, 'change': True}
2025-10-05 15:06:42,442 : EventManager : Event: ======'machine_var_audits_missing_switches_s_I'====== Args={'value': 36, 'prev_value': None, 'change': True}
2025-10-05 15:06:42,442 : EventManager : Event: ======'machine_var_audits_missing_switches_s_L'====== Args={'value': 36, 'prev_value': None, 'change': True}
2025-10-05 15:06:42,442 : EventManager : Event: ======'machine_var_audits_missing_switches_s_M'====== Args={'value': 36, 'prev_value': None, 'change': True}
2025-10-05 15:06:42,442 : EventManager : Event: ======'machine_var_audits_missing_switches_s_R'====== Args={'value': 36, 'prev_value': None, 'change': True}
2025-10-05 15:06:42,442 : EventManager : Event: ======'machine_var_audits_missing_switches_s_T'====== Args={'value': 36, 'prev_value': None, 'change': True}
2025-10-05 15:06:42,442 : EventManager : Event: ======'machine_var_audits_missing_switches_s_Tb'====== Args={'value': 36, 'prev_value': None, 'change': True}
2025-10-05 15:06:42,442 : EventManager : Event: ======'machine_var_audits_missing_switches_s_V'====== Args={'value': 36, 'prev_value': None, 'change': True}
2025-10-05 15:06:42,442 : EventManager : Event: ======'machine_var_audits_missing_switches_s_bumper_1'====== Args={'value': 28, 'prev_value': None, 'change': True}
2025-10-05 15:06:42,442 : EventManager : Event: ======'machine_var_audits_missing_switches_s_bumper_2'====== Args={'value': 28, 'prev_value': None, 'change': True}
2025-10-05 15:06:42,442 : EventManager : Event: ======'machine_var_audits_missing_switches_s_center_center_target'====== Args={'value': 34, 'prev_value': None, 'change': True}
2025-10-05 15:06:42,442 : EventManager : Event: ======'machine_var_audits_missing_switches_s_center_rollover'====== Args={'value': 1, 'prev_value': None, 'change': True}
2025-10-05 15:06:42,442 : EventManager : Event: ======'machine_var_audits_missing_switches_s_launcher_lane_spinner'====== Args={'value': 34, 'prev_value': None, 'change': True}
2025-10-05 15:06:42,442 : EventManager : Event: ======'machine_var_audits_missing_switches_s_left_center_target'====== Args={'value': 34, 'prev_value': None, 'change': True}
2025-10-05 15:06:42,442 : EventManager : Event: ======'machine_var_audits_missing_switches_s_left_corridor_spinner'====== Args={'value': 34, 'prev_value': None, 'change': True}
2025-10-05 15:06:42,442 : EventManager : Event: ======'machine_var_audits_missing_switches_s_left_corridor_spinner2'====== Args={'value': 34, 'prev_value': None, 'change': True}
2025-10-05 15:06:42,443 : EventManager : Event: ======'machine_var_audits_missing_switches_s_left_flipper'====== Args={'value': 23, 'prev_value': None, 'change': True}
2025-10-05 15:06:42,443 : EventManager : Event: ======'machine_var_audits_missing_switches_s_left_inlane'====== Args={'value': 61, 'prev_value': None, 'change': True}
2025-10-05 15:06:42,443 : EventManager : Event: ======'machine_var_audits_missing_switches_s_left_outlane'====== Args={'value': 71, 'prev_value': None, 'change': True}
2025-10-05 15:06:42,443 : EventManager : Event: ======'machine_var_audits_missing_switches_s_left_rollover'====== Args={'value': 1, 'prev_value': None, 'change': True}
2025-10-05 15:06:42,443 : EventManager : Event: ======'machine_var_audits_missing_switches_s_left_scoop'====== Args={'value': 4, 'prev_value': None, 'change': True}
2025-10-05 15:06:42,443 : EventManager : Event: ======'machine_var_audits_missing_switches_s_left_standup'====== Args={'value': 33, 'prev_value': None, 'change': True}
2025-10-05 15:06:42,443 : EventManager : Event: ======'machine_var_audits_missing_switches_s_right_center_target'====== Args={'value': 34, 'prev_value': None, 'change': True}
2025-10-05 15:06:42,443 : EventManager : Event: ======'machine_var_audits_missing_switches_s_right_corridor_spinner'====== Args={'value': 34, 'prev_value': None, 'change': True}
2025-10-05 15:06:42,443 : EventManager : Event: ======'machine_var_audits_missing_switches_s_right_flipper'====== Args={'value': 4, 'prev_value': None, 'change': True}
2025-10-05 15:06:42,443 : EventManager : Event: ======'machine_var_audits_missing_switches_s_right_inlane'====== Args={'value': 6, 'prev_value': None, 'change': True}
2025-10-05 15:06:42,443 : EventManager : Event: ======'machine_var_audits_missing_switches_s_right_outlane'====== Args={'value': 71, 'prev_value': None, 'change': True}
2025-10-05 15:06:42,443 : EventManager : Event: ======'machine_var_audits_missing_switches_s_right_scoop'====== Args={'value': 4, 'prev_value': None, 'change': True}
2025-10-05 15:06:42,443 : EventManager : Event: ======'machine_var_audits_missing_switches_s_right_standup'====== Args={'value': 33, 'prev_value': None, 'change': True}
2025-10-05 15:06:42,443 : EventManager : Event: ======'machine_var_audits_missing_switches_s_sling_left'====== Args={'value': 61, 'prev_value': None, 'change': True}
2025-10-05 15:06:42,443 : EventManager : Event: ======'machine_var_audits_missing_switches_s_sling_right'====== Args={'value': 75, 'prev_value': None, 'change': True}
2025-10-05 15:06:42,443 : EventManager : Event: ======'machine_var_audits_missing_switches_s_start'====== Args={'value': 37, 'prev_value': None, 'change': True}
2025-10-05 15:06:42,443 : EventManager : Event: ======'machine_var_audits_missing_switches_s_top_left_standup'====== Args={'value': 33, 'prev_value': None, 'change': True}
2025-10-05 15:06:42,444 : EventManager : Event: ======'machine_var_audits_missing_switches_s_top_left_standup2'====== Args={'value': 33, 'prev_value': None, 'change': True}
2025-10-05 15:06:42,444 : EventManager : Event: ======'machine_var_audits_missing_switches_s_trough1'====== Args={'value': 3, 'prev_value': None, 'change': True}
2025-10-05 15:06:42,444 : EventManager : Event: ======'machine_var_audits_missing_switches_s_trough2'====== Args={'value': 108, 'prev_value': None, 'change': True}
2025-10-05 15:06:42,444 : EventManager : Event: ======'machine_var_audits_missing_switches_s_trough3'====== Args={'value': 108, 'prev_value': None, 'change': True}
2025-10-05 15:06:42,444 : EventManager : Event: ======'machine_var_audits_missing_switches_s_trough4'====== Args={'value': 108, 'prev_value': None, 'change': True}
2025-10-05 15:06:42,444 : EventManager : Event: ======'machine_var_audits_missing_switches_s_trough5'====== Args={'value': 108, 'prev_value': None, 'change': True}
2025-10-05 15:06:42,444 : EventManager : Event: ======'machine_var_audits_missing_switches_s_trough6'====== Args={'value': 108, 'prev_value': None, 'change': True}
2025-10-05 15:06:42,444 : EventManager : Event: ======'machine_var_audits_missing_switches_s_trough_jam'====== Args={'value': 108, 'prev_value': None, 'change': True}
2025-10-05 15:06:42,444 : EventManager : Event: ======'machine_var_audits_player_score'====== Args={'value': {'average': 12437, 'top': [28284, 28200, 25272, 22800, 22400, 17500, 17242, 16800, 16800, 14636], 'total': 28}, 'prev_value': None, 'change': True}
2025-10-05 15:06:42,444 : EventManager : Event: ======'machine_var_audits_shots_bumper1_shot'====== Args={'value': 19, 'prev_value': None, 'change': True}
2025-10-05 15:06:42,444 : EventManager : Event: ======'machine_var_audits_shots_bumper2_shot'====== Args={'value': 7, 'prev_value': None, 'change': True}
2025-10-05 15:06:42,444 : EventManager : Event: ======'machine_var_audits_shots_center_rollover'====== Args={'value': 7, 'prev_value': None, 'change': True}
2025-10-05 15:06:42,444 : EventManager : Event: ======'machine_var_audits_shots_center_rollover_shot'====== Args={'value': 137, 'prev_value': None, 'change': True}
2025-10-05 15:06:42,444 : EventManager : Event: ======'machine_var_audits_shots_left_rollover'====== Args={'value': 6, 'prev_value': None, 'change': True}
2025-10-05 15:06:42,444 : EventManager : Event: ======'machine_var_audits_shots_left_rollover_shot'====== Args={'value': 80, 'prev_value': None, 'change': True}
2025-10-05 15:06:42,444 : EventManager : Event: ======'machine_var_audits_shots_left_scoop_shot'====== Args={'value': 23, 'prev_value': None, 'change': True}
2025-10-05 15:06:42,444 : EventManager : Event: ======'machine_var_audits_shots_middle_inlane_shot'====== Args={'value': 20, 'prev_value': None, 'change': True}
2025-10-05 15:06:42,445 : EventManager : Event: ======'machine_var_audits_shots_my_first_shot'====== Args={'value': 95, 'prev_value': None, 'change': True}
2025-10-05 15:06:42,445 : EventManager : Event: ======'machine_var_audits_shots_right_inlane_shot'====== Args={'value': 18, 'prev_value': None, 'change': True}
2025-10-05 15:06:42,445 : EventManager : Event: ======'machine_var_audits_shots_right_rollover'====== Args={'value': 7, 'prev_value': None, 'change': True}
2025-10-05 15:06:42,445 : EventManager : Event: ======'machine_var_audits_shots_right_rollover_shot'====== Args={'value': 119, 'prev_value': None, 'change': True}
2025-10-05 15:06:42,445 : EventManager : Event: ======'machine_var_audits_shots_right_scoop_shot'====== Args={'value': 19, 'prev_value': None, 'change': True}
2025-10-05 15:06:42,445 : EventManager : Event: ======'machine_var_audits_shots_top_middle_inlane_shot'====== Args={'value': 41, 'prev_value': None, 'change': True}
2025-10-05 15:06:42,445 : EventManager : Event: ======'machine_var_audits_switches_s_A'====== Args={'value': 0, 'prev_value': None, 'change': True}
2025-10-05 15:06:42,445 : EventManager : Event: ======'machine_var_audits_switches_s_E'====== Args={'value': 0, 'prev_value': None, 'change': True}
2025-10-05 15:06:42,445 : EventManager : Event: ======'machine_var_audits_switches_s_Eb'====== Args={'value': 0, 'prev_value': None, 'change': True}
2025-10-05 15:06:42,445 : EventManager : Event: ======'machine_var_audits_switches_s_I'====== Args={'value': 0, 'prev_value': None, 'change': True}
2025-10-05 15:06:42,445 : EventManager : Event: ======'machine_var_audits_switches_s_L'====== Args={'value': 0, 'prev_value': None, 'change': True}
2025-10-05 15:06:42,445 : EventManager : Event: ======'machine_var_audits_switches_s_M'====== Args={'value': 0, 'prev_value': None, 'change': True}
2025-10-05 15:06:42,445 : EventManager : Event: ======'machine_var_audits_switches_s_R'====== Args={'value': 0, 'prev_value': None, 'change': True}
2025-10-05 15:06:42,445 : EventManager : Event: ======'machine_var_audits_switches_s_T'====== Args={'value': 0, 'prev_value': None, 'change': True}
2025-10-05 15:06:42,445 : EventManager : Event: ======'machine_var_audits_switches_s_Tb'====== Args={'value': 0, 'prev_value': None, 'change': True}
2025-10-05 15:06:42,446 : EventManager : Event: ======'machine_var_audits_switches_s_V'====== Args={'value': 0, 'prev_value': None, 'change': True}
2025-10-05 15:06:42,446 : EventManager : Event: ======'machine_var_audits_switches_s_bumper1'====== Args={'value': 19, 'prev_value': None, 'change': True}
2025-10-05 15:06:42,446 : EventManager : Event: ======'machine_var_audits_switches_s_bumper2'====== Args={'value': 7, 'prev_value': None, 'change': True}
2025-10-05 15:06:42,446 : EventManager : Event: ======'machine_var_audits_switches_s_bumper_1'====== Args={'value': 0, 'prev_value': None, 'change': True}
2025-10-05 15:06:42,446 : EventManager : Event: ======'machine_var_audits_switches_s_bumper_2'====== Args={'value': 0, 'prev_value': None, 'change': True}
2025-10-05 15:06:42,446 : EventManager : Event: ======'machine_var_audits_switches_s_center_center_target'====== Args={'value': 0, 'prev_value': None, 'change': True}
2025-10-05 15:06:42,446 : EventManager : Event: ======'machine_var_audits_switches_s_center_rollover'====== Args={'value': 144, 'prev_value': None, 'change': True}
2025-10-05 15:06:42,446 : EventManager : Event: ======'machine_var_audits_switches_s_launcher_lane_spinner'====== Args={'value': 0, 'prev_value': None, 'change': True}
2025-10-05 15:06:42,446 : EventManager : Event: ======'machine_var_audits_switches_s_left_center_target'====== Args={'value': 0, 'prev_value': None, 'change': True}
2025-10-05 15:06:42,446 : EventManager : Event: ======'machine_var_audits_switches_s_left_corridor_spinner'====== Args={'value': 0, 'prev_value': None, 'change': True}
2025-10-05 15:06:42,446 : EventManager : Event: ======'machine_var_audits_switches_s_left_corridor_spinner2'====== Args={'value': 0, 'prev_value': None, 'change': True}
2025-10-05 15:06:42,446 : EventManager : Event: ======'machine_var_audits_switches_s_left_flipper'====== Args={'value': 324, 'prev_value': None, 'change': True}
2025-10-05 15:06:42,446 : EventManager : Event: ======'machine_var_audits_switches_s_left_inlane'====== Args={'value': 8, 'prev_value': None, 'change': True}
2025-10-05 15:06:42,446 : EventManager : Event: ======'machine_var_audits_switches_s_left_outlane'====== Args={'value': 3, 'prev_value': None, 'change': True}
2025-10-05 15:06:42,446 : EventManager : Event: ======'machine_var_audits_switches_s_left_rollover'====== Args={'value': 86, 'prev_value': None, 'change': True}
2025-10-05 15:06:42,446 : EventManager : Event: ======'machine_var_audits_switches_s_left_scoop'====== Args={'value': 46, 'prev_value': None, 'change': True}
2025-10-05 15:06:42,446 : EventManager : Event: ======'machine_var_audits_switches_s_left_standup'====== Args={'value': 0, 'prev_value': None, 'change': True}
2025-10-05 15:06:42,447 : EventManager : Event: ======'machine_var_audits_switches_s_middle_inlane'====== Args={'value': 20, 'prev_value': None, 'change': True}
2025-10-05 15:06:42,447 : EventManager : Event: ======'machine_var_audits_switches_s_plunger'====== Args={'value': 199, 'prev_value': None, 'change': True}
2025-10-05 15:06:42,447 : EventManager : Event: ======'machine_var_audits_switches_s_right_center_target'====== Args={'value': 0, 'prev_value': None, 'change': True}
2025-10-05 15:06:42,447 : EventManager : Event: ======'machine_var_audits_switches_s_right_corridor_spinner'====== Args={'value': 0, 'prev_value': None, 'change': True}
2025-10-05 15:06:42,447 : EventManager : Event: ======'machine_var_audits_switches_s_right_flipper'====== Args={'value': 142, 'prev_value': None, 'change': True}
2025-10-05 15:06:42,447 : EventManager : Event: ======'machine_var_audits_switches_s_right_inlane'====== Args={'value': 145, 'prev_value': None, 'change': True}
2025-10-05 15:06:42,447 : EventManager : Event: ======'machine_var_audits_switches_s_right_outlane'====== Args={'value': 3, 'prev_value': None, 'change': True}
2025-10-05 15:06:42,447 : EventManager : Event: ======'machine_var_audits_switches_s_right_rollover'====== Args={'value': 126, 'prev_value': None, 'change': True}
2025-10-05 15:06:42,447 : EventManager : Event: ======'machine_var_audits_switches_s_right_scoop'====== Args={'value': 30, 'prev_value': None, 'change': True}
2025-10-05 15:06:42,447 : EventManager : Event: ======'machine_var_audits_switches_s_right_standup'====== Args={'value': 0, 'prev_value': None, 'change': True}
2025-10-05 15:06:42,447 : EventManager : Event: ======'machine_var_audits_switches_s_sling_left'====== Args={'value': 3, 'prev_value': None, 'change': True}
2025-10-05 15:06:42,447 : EventManager : Event: ======'machine_var_audits_switches_s_sling_right'====== Args={'value': 1, 'prev_value': None, 'change': True}
2025-10-05 15:06:42,448 : EventManager : Event: ======'machine_var_audits_switches_s_start'====== Args={'value': 12, 'prev_value': None, 'change': True}
2025-10-05 15:06:42,448 : EventManager : Event: ======'machine_var_audits_switches_s_top_left_standup'====== Args={'value': 0, 'prev_value': None, 'change': True}
2025-10-05 15:06:42,448 : EventManager : Event: ======'machine_var_audits_switches_s_top_left_standup2'====== Args={'value': 0, 'prev_value': None, 'change': True}
2025-10-05 15:06:42,448 : EventManager : Event: ======'machine_var_audits_switches_s_top_middle_inlane'====== Args={'value': 41, 'prev_value': None, 'change': True}
2025-10-05 15:06:42,448 : EventManager : Event: ======'machine_var_audits_switches_s_trough1'====== Args={'value': 128, 'prev_value': None, 'change': True}
2025-10-05 15:06:42,448 : EventManager : Event: ======'machine_var_audits_switches_s_trough2'====== Args={'value': 0, 'prev_value': None, 'change': True}
2025-10-05 15:06:42,448 : EventManager : Event: ======'machine_var_audits_switches_s_trough3'====== Args={'value': 0, 'prev_value': None, 'change': True}
2025-10-05 15:06:42,448 : EventManager : Event: ======'machine_var_audits_switches_s_trough4'====== Args={'value': 0, 'prev_value': None, 'change': True}
2025-10-05 15:06:42,449 : EventManager : Event: ======'machine_var_audits_switches_s_trough5'====== Args={'value': 0, 'prev_value': None, 'change': True}
2025-10-05 15:06:42,449 : EventManager : Event: ======'machine_var_audits_switches_s_trough6'====== Args={'value': 0, 'prev_value': None, 'change': True}
2025-10-05 15:06:42,449 : EventManager : Event: ======'machine_var_audits_switches_s_trough_jam'====== Args={'value': 0, 'prev_value': None, 'change': True}
2025-10-05 15:06:42,564 : EventManager : Event: ======'mc_reset_phase_1'====== Args={}
2025-10-05 15:06:42,564 : EventManager : Event: ======'mc_reset_phase_2'====== Args={}
2025-10-05 15:06:42,564 : EventManager : Event: ======'mc_reset_phase_3'====== Args={}
2025-10-05 15:06:42,564 : EventManager : Event: ======'mc_reset_complete'====== Args={}
2025-10-05 15:06:42,576 : EventManager : Event: ======'slides_play'====== Args={'settings': {'awesome_slide': {'widgets': [{'type': 'text', 'text': 'TIME TRAVEL 1985', 'font_size': 50, '_default_settings': ['type', 'text', 'font_size'], 'x': None, 'y': None, 'anchor_x': 'center', 'anchor_y': 'center', 'round_anchor_x': None, 'round_anchor_y': None, 'opacity': 1.0, 'z': 0, 'reset_animations_events': {}, 'color': [1.0, 1.0, 1.0, 1.0], 'style': [], 'adjust_top': 0, 'adjust_bottom': 0, 'adjust_left': 0, 'adjust_right': 0, 'expire': None, 'key': None, 'widget': None, 'events_when_added': [], 'events_when_removed': [], 'bitmap_font': False, 'font_kerning': True, 'bold': False, 'italic': False, 'number_grouping': False, 'min_digits': 0, 'halign': 'center', 'valign': 'middle', 'rotation': 0, 'scale': 1.0, 'casing': None, 'outline_color': [1.0, 1.0, 1.0, 1.0], 'outline_width': 0, 'animations': None}], 'transition': {'type': 'push', 'duration': 1.0, 'direction': 'left', 'easing': 'out_quad'}, 'target': None, 'background_color': [0.0, 0.0, 0.0, 1.0], 'priority': None, 'show': True, 'force': False, 'expire': None, 'slide': None, 'tokens': {}, 'action': 'play'}}, 'context': 'show_2', 'calling_context': 0, 'priority': 10, 'show_tokens': {}, 'start_time': 283440.234}
2025-10-05 15:06:42,576 : mpfmc : SlidePlayer: Play called with settings={'awesome_slide': {'widgets': [{'type': 'text', 'text': 'TIME TRAVEL 1985', 'font_size': 50, '_default_settings': ['type', 'text', 'font_size'], 'x': None, 'y': None, 'anchor_x': 'center', 'anchor_y': 'center', 'round_anchor_x': None, 'round_anchor_y': None, 'opacity': 1.0, 'z': 0, 'reset_animations_events': {}, 'color': [1.0, 1.0, 1.0, 1.0], 'style': [], 'adjust_top': 0, 'adjust_bottom': 0, 'adjust_left': 0, 'adjust_right': 0, 'expire': None, 'key': None, 'widget': None, 'events_when_added': [], 'events_when_removed': [], 'bitmap_font': False, 'font_kerning': True, 'bold': False, 'italic': False, 'number_grouping': False, 'min_digits': 0, 'halign': 'center', 'valign': 'middle', 'rotation': 0, 'scale': 1.0, 'casing': None, 'outline_color': [1.0, 1.0, 1.0, 1.0], 'outline_width': 0, 'animations': None}], 'transition': {'type': 'push', 'duration': 1.0, 'direction': 'left', 'easing': 'out_quad'}, 'target': None, 'background_color': [0.0, 0.0, 0.0, 1.0], 'priority': None, 'show': True, 'force': False, 'expire': None, 'slide': None, 'tokens': {}, 'action': 'play'}}
2025-10-05 15:06:42,581 : kivy : GL: NPOT texture support is available
2025-10-05 15:06:42,582 : EventManager : Event: ======'slide_awesome_slide_created'====== Args={}
2025-10-05 15:06:42,583 : EventManager : Event: ======'slide_awesome_slide_active'====== Args={}
2025-10-05 15:06:43,545 : EventManager : Event: ======'game_started'====== Args={}
2025-10-05 15:06:43,546 : EventManager : Event: ======'slides_clear'====== Args={'context': 'show_2'}
2025-10-05 15:06:43,546 : EventManager : Event: ======'player_added'====== Args={'player': <Player 1>, 'num': 1}
2025-10-05 15:06:43,546 : EventManager : Event: ======'player_index'====== Args={'value': 0, 'prev_value': 0, 'change': 0, 'player_num': 1}
2025-10-05 15:06:43,546 : EventManager : Event: ======'player_number'====== Args={'value': 1, 'prev_value': 1, 'change': 0, 'player_num': 1}
2025-10-05 15:06:43,546 : EventManager : Event: ======'player_score'====== Args={'value': 0, 'prev_value': 0, 'change': 0, 'player_num': 1}
2025-10-05 15:06:43,546 : EventManager : Event: ======'slide_awesome_slide_removed'====== Args={}
2025-10-05 15:06:43,547 : EventManager : Event: ======'slide_window_blank_active'====== Args={}
2025-10-05 15:06:43,578 : EventManager : Event: ======'player_ball'====== Args={'value': 1, 'prev_value': 0, 'change': 1, 'player_num': 1}
2025-10-05 15:06:43,579 : EventManager : Event: ======'player_turn_start'====== Args={'number': 1, 'player': <Player 1>}
2025-10-05 15:06:43,591 : EventManager : Event: ======'player_shot_left_rollover_shot_enabled'====== Args={'value': True, 'prev_value': 0, 'change': 1, 'player_num': 1}
2025-10-05 15:06:43,591 : EventManager : Event: ======'player_shot_center_rollover_shot_enabled'====== Args={'value': True, 'prev_value': 0, 'change': 1, 'player_num': 1}
2025-10-05 15:06:43,591 : EventManager : Event: ======'player_shot_right_rollover_shot_enabled'====== Args={'value': True, 'prev_value': 0, 'change': 1, 'player_num': 1}
2025-10-05 15:06:43,591 : EventManager : Event: ======'player_shot_left_scoop_shot_enabled'====== Args={'value': True, 'prev_value': 0, 'change': 1, 'player_num': 1}
2025-10-05 15:06:43,591 : EventManager : Event: ======'player_shot_right_scoop_shot_enabled'====== Args={'value': True, 'prev_value': 0, 'change': 1, 'player_num': 1}
2025-10-05 15:06:43,591 : EventManager : Event: ======'player_shot_bumper1_shot_enabled'====== Args={'value': True, 'prev_value': 0, 'change': 1, 'player_num': 1}
2025-10-05 15:06:43,591 : EventManager : Event: ======'player_shot_bumper2_shot_enabled'====== Args={'value': True, 'prev_value': 0, 'change': 1, 'player_num': 1}
2025-10-05 15:06:43,591 : EventManager : Event: ======'player_shot_right_inlane_shot_enabled'====== Args={'value': True, 'prev_value': 0, 'change': 1, 'player_num': 1}
2025-10-05 15:06:43,591 : EventManager : Event: ======'slides_play'====== Args={'settings': {'widgets': {'widgets': [{'type': 'text', 'text': '(score)', 'number_grouping': True, 'min_digits': 2, 'font_size': 100, '_default_settings': ['type', 'text', 'number_grouping', 'min_digits', 'font_size'], 'x': None, 'y': None, 'anchor_x': 'center', 'anchor_y': 'center', 'round_anchor_x': None, 'round_anchor_y': None, 'opacity': 1.0, 'z': 0, 'reset_animations_events': {}, 'color': [1.0, 1.0, 1.0, 1.0], 'style': [], 'adjust_top': 0, 'adjust_bottom': 0, 'adjust_left': 0, 'adjust_right': 0, 'expire': None, 'key': None, 'widget': None, 'events_when_added': [], 'events_when_removed': [], 'bitmap_font': False, 'font_kerning': True, 'bold': False, 'italic': False, 'halign': 'center', 'valign': 'middle', 'rotation': 0, 'scale': 1.0, 'casing': None, 'outline_color': [1.0, 1.0, 1.0, 1.0], 'outline_width': 0, 'animations': None}, {'type': 'text', 'text': 'PLAYER (number)', 'y': '10', 'x': '10', 'font_size': 50, 'anchor_x': 'left', 'anchor_y': 'bottom', '_default_settings': ['type', 'text', 'y', 'x', 'font_size', 'anchor_x', 'anchor_y'], 'round_anchor_x': None, 'round_anchor_y': None, 'opacity': 1.0, 'z': 0, 'reset_animations_events': {}, 'color': [1.0, 1.0, 1.0, 1.0], 'style': [], 'adjust_top': 0, 'adjust_bottom': 0, 'adjust_left': 0, 'adjust_right': 0, 'expire': None, 'key': None, 'widget': None, 'events_when_added': [], 'events_when_removed': [], 'bitmap_font': False, 'font_kerning': True, 'bold': False, 'italic': False, 'number_grouping': False, 'min_digits': 0, 'halign': 'center', 'valign': 'middle', 'rotation': 0, 'scale': 1.0, 'casing': None, 'outline_color': [1.0, 1.0, 1.0, 1.0], 'outline_width': 0, 'animations': None}, {'type': 'text', 'text': 'BALL (ball)', 'y': '10', 'x': 'right-10', 'anchor_x': 'right', 'anchor_y': 'bottom', 'font_size': 50, '_default_settings': ['type', 'text', 'y', 'x', 'anchor_x', 'anchor_y', 'font_size'], 'round_anchor_x': None, 'round_anchor_y': None, 'opacity': 1.0, 'z': 0, 'reset_animations_events': {}, 'color': [1.0, 1.0, 1.0, 1.0], 'style': [], 'adjust_top': 0, 'adjust_bottom': 0, 'adjust_left': 0, 'adjust_right': 0, 'expire': None, 'key': None, 'widget': None, 'events_when_added': [], 'events_when_removed': [], 'bitmap_font': False, 'font_kerning': True, 'bold': False, 'italic': False, 'number_grouping': False, 'min_digits': 0, 'halign': 'center', 'valign': 'middle', 'rotation': 0, 'scale': 1.0, 'casing': None, 'outline_color': [1.0, 1.0, 1.0, 1.0], 'outline_width': 0, 'animations': None}, {'type': 'text', 'text': 'POTATO VALUE: (potato)', 'y': '40%', '_default_settings': ['type', 'text', 'y'], 'x': None, 'anchor_x': 'center', 'anchor_y': 'center', 'round_anchor_x': None, 'round_anchor_y': None, 'opacity': 1.0, 'z': 0, 'reset_animations_events': {}, 'color': [1.0, 1.0, 1.0, 1.0], 'style': [], 'adjust_top': 0, 'adjust_bottom': 0, 'adjust_left': 0, 'adjust_right': 0, 'expire': None, 'key': None, 'widget': None, 'events_when_added': [], 'events_when_removed': [], 'font_size': 15, 'bitmap_font': False, 'font_kerning': True, 'bold': False, 'italic': False, 'number_grouping': False, 'min_digits': 0, 'halign': 'center', 'valign': 'middle', 'rotation': 0, 'scale': 1.0, 'casing': None, 'outline_color': [1.0, 1.0, 1.0, 1.0], 'outline_width': 0, 'animations': None}], 'target': None, 'background_color': [0.0, 0.0, 0.0, 1.0], 'priority': None, 'show': True, 'force': False, 'expire': None, 'slide': None, 'tokens': {}, 'action': 'play'}}, 'context': 'base', 'calling_context': 'mode_base_started', 'priority': 100, 'player': 1, 'ball': 1, 'balls_remaining': 2, 'is_extra_ball': False}
2025-10-05 15:06:43,592 : mpfmc : SlidePlayer: Play called with settings={'widgets': {'widgets': [{'type': 'text', 'text': '(score)', 'number_grouping': True, 'min_digits': 2, 'font_size': 100, '_default_settings': ['type', 'text', 'number_grouping', 'min_digits', 'font_size'], 'x': None, 'y': None, 'anchor_x': 'center', 'anchor_y': 'center', 'round_anchor_x': None, 'round_anchor_y': None, 'opacity': 1.0, 'z': 0, 'reset_animations_events': {}, 'color': [1.0, 1.0, 1.0, 1.0], 'style': [], 'adjust_top': 0, 'adjust_bottom': 0, 'adjust_left': 0, 'adjust_right': 0, 'expire': None, 'key': None, 'widget': None, 'events_when_added': [], 'events_when_removed': [], 'bitmap_font': False, 'font_kerning': True, 'bold': False, 'italic': False, 'halign': 'center', 'valign': 'middle', 'rotation': 0, 'scale': 1.0, 'casing': None, 'outline_color': [1.0, 1.0, 1.0, 1.0], 'outline_width': 0, 'animations': None}, {'type': 'text', 'text': 'PLAYER (number)', 'y': '10', 'x': '10', 'font_size': 50, 'anchor_x': 'left', 'anchor_y': 'bottom', '_default_settings': ['type', 'text', 'y', 'x', 'font_size', 'anchor_x', 'anchor_y'], 'round_anchor_x': None, 'round_anchor_y': None, 'opacity': 1.0, 'z': 0, 'reset_animations_events': {}, 'color': [1.0, 1.0, 1.0, 1.0], 'style': [], 'adjust_top': 0, 'adjust_bottom': 0, 'adjust_left': 0, 'adjust_right': 0, 'expire': None, 'key': None, 'widget': None, 'events_when_added': [], 'events_when_removed': [], 'bitmap_font': False, 'font_kerning': True, 'bold': False, 'italic': False, 'number_grouping': False, 'min_digits': 0, 'halign': 'center', 'valign': 'middle', 'rotation': 0, 'scale': 1.0, 'casing': None, 'outline_color': [1.0, 1.0, 1.0, 1.0], 'outline_width': 0, 'animations': None}, {'type': 'text', 'text': 'BALL (ball)', 'y': '10', 'x': 'right-10', 'anchor_x': 'right', 'anchor_y': 'bottom', 'font_size': 50, '_default_settings': ['type', 'text', 'y', 'x', 'anchor_x', 'anchor_y', 'font_size'], 'round_anchor_x': None, 'round_anchor_y': None, 'opacity': 1.0, 'z': 0, 'reset_animations_events': {}, 'color': [1.0, 1.0, 1.0, 1.0], 'style': [], 'adjust_top': 0, 'adjust_bottom': 0, 'adjust_left': 0, 'adjust_right': 0, 'expire': None, 'key': None, 'widget': None, 'events_when_added': [], 'events_when_removed': [], 'bitmap_font': False, 'font_kerning': True, 'bold': False, 'italic': False, 'number_grouping': False, 'min_digits': 0, 'halign': 'center', 'valign': 'middle', 'rotation': 0, 'scale': 1.0, 'casing': None, 'outline_color': [1.0, 1.0, 1.0, 1.0], 'outline_width': 0, 'animations': None}, {'type': 'text', 'text': 'POTATO VALUE: (potato)', 'y': '40%', '_default_settings': ['type', 'text', 'y'], 'x': None, 'anchor_x': 'center', 'anchor_y': 'center', 'round_anchor_x': None, 'round_anchor_y': None, 'opacity': 1.0, 'z': 0, 'reset_animations_events': {}, 'color': [1.0, 1.0, 1.0, 1.0], 'style': [], 'adjust_top': 0, 'adjust_bottom': 0, 'adjust_left': 0, 'adjust_right': 0, 'expire': None, 'key': None, 'widget': None, 'events_when_added': [], 'events_when_removed': [], 'font_size': 15, 'bitmap_font': False, 'font_kerning': True, 'bold': False, 'italic': False, 'number_grouping': False, 'min_digits': 0, 'halign': 'center', 'valign': 'middle', 'rotation': 0, 'scale': 1.0, 'casing': None, 'outline_color': [1.0, 1.0, 1.0, 1.0], 'outline_width': 0, 'animations': None}], 'target': None, 'background_color': [0.0, 0.0, 0.0, 1.0], 'priority': None, 'show': True, 'force': False, 'expire': None, 'slide': None, 'tokens': {}, 'action': 'play'}}
2025-10-05 15:06:43,602 : EventManager : Event: ======'slide_base.slide_player-mode_base_started_created'====== Args={}
2025-10-05 15:06:43,604 : EventManager : Event: ======'slide_base.slide_player-mode_base_started_active'====== Args={}
2025-10-05 15:06:43,745 : EventManager : Event: ======'machine_var_audits_switches_s_plunger'====== Args={'value': 200, 'prev_value': 199, 'change': 1}
2025-10-05 15:06:46,406 : EventManager : Event: ======'machine_var_audits_switches_s_right_rollover'====== Args={'value': 127, 'prev_value': 126, 'change': 1}
2025-10-05 15:06:46,419 : EventManager : Event: ======'player_shot_right_rollover_shot'====== Args={'value': 1, 'prev_value': 0, 'change': 1, 'player_num': 1}
2025-10-05 15:06:46,419 : EventManager : Event: ======'machine_var_audits_shots_right_rollover_shot'====== Args={'value': 120, 'prev_value': 119, 'change': 1}
2025-10-05 15:06:46,419 : EventManager : Event: ======'player_score'====== Args={'value': 300, 'prev_value': 0, 'change': 300, 'player_num': 1}
2025-10-05 15:06:51,153 : EventManager : Event: ======'machine_var_audits_switches_s_bumper1'====== Args={'value': 20, 'prev_value': 19, 'change': 1}
2025-10-05 15:06:51,166 : EventManager : Event: ======'player_shot_bumper1_shot'====== Args={'value': 1, 'prev_value': 0, 'change': 1, 'player_num': 1}
2025-10-05 15:06:51,166 : EventManager : Event: ======'machine_var_audits_shots_bumper1_shot'====== Args={'value': 20, 'prev_value': 19, 'change': 1}
2025-10-05 15:06:51,167 : EventManager : Event: ======'player_score'====== Args={'value': 400, 'prev_value': 300, 'change': 100, 'player_num': 1}
2025-10-05 15:06:51,510 : EventManager : Event: ======'machine_var_audits_switches_s_bumper1'====== Args={'value': 21, 'prev_value': 20, 'change': 1}
2025-10-05 15:06:51,522 : EventManager : Event: ======'machine_var_audits_shots_bumper1_shot'====== Args={'value': 21, 'prev_value': 20, 'change': 1}
2025-10-05 15:06:51,522 : EventManager : Event: ======'player_score'====== Args={'value': 500, 'prev_value': 400, 'change': 100, 'player_num': 1}
2025-10-05 15:06:52,632 : EventManager : Event: ======'machine_var_audits_switches_s_bumper2'====== Args={'value': 8, 'prev_value': 7, 'change': 1}
2025-10-05 15:06:52,632 : EventManager : Event: ======'player_shot_bumper2_shot'====== Args={'value': 1, 'prev_value': 0, 'change': 1, 'player_num': 1}
2025-10-05 15:06:52,632 : EventManager : Event: ======'machine_var_audits_shots_bumper2_shot'====== Args={'value': 8, 'prev_value': 7, 'change': 1}
2025-10-05 15:06:52,632 : EventManager : Event: ======'player_score'====== Args={'value': 675, 'prev_value': 500, 'change': 175, 'player_num': 1}
2025-10-05 15:06:53,115 : EventManager : Event: ======'machine_var_audits_switches_s_bumper2'====== Args={'value': 9, 'prev_value': 8, 'change': 1}
2025-10-05 15:06:53,128 : EventManager : Event: ======'machine_var_audits_shots_bumper2_shot'====== Args={'value': 9, 'prev_value': 8, 'change': 1}
2025-10-05 15:06:53,128 : EventManager : Event: ======'player_score'====== Args={'value': 850, 'prev_value': 675, 'change': 175, 'player_num': 1}
2025-10-05 15:06:53,475 : EventManager : Event: ======'machine_var_audits_switches_s_bumper2'====== Args={'value': 10, 'prev_value': 9, 'change': 1}
2025-10-05 15:06:53,475 : EventManager : Event: ======'machine_var_audits_shots_bumper2_shot'====== Args={'value': 10, 'prev_value': 9, 'change': 1}
2025-10-05 15:06:53,475 : EventManager : Event: ======'player_score'====== Args={'value': 1025, 'prev_value': 850, 'change': 175, 'player_num': 1}
2025-10-05 15:06:53,839 : EventManager : Event: ======'machine_var_audits_switches_s_bumper2'====== Args={'value': 11, 'prev_value': 10, 'change': 1}
2025-10-05 15:06:53,851 : EventManager : Event: ======'machine_var_audits_shots_bumper2_shot'====== Args={'value': 11, 'prev_value': 10, 'change': 1}
2025-10-05 15:06:53,851 : EventManager : Event: ======'player_score'====== Args={'value': 1200, 'prev_value': 1025, 'change': 175, 'player_num': 1}
2025-10-05 15:06:54,384 : EventManager : Event: ======'machine_var_audits_switches_s_bumper2'====== Args={'value': 12, 'prev_value': 11, 'change': 1}
2025-10-05 15:06:54,396 : EventManager : Event: ======'machine_var_audits_shots_bumper2_shot'====== Args={'value': 12, 'prev_value': 11, 'change': 1}
2025-10-05 15:06:54,396 : EventManager : Event: ======'player_score'====== Args={'value': 1375, 'prev_value': 1200, 'change': 175, 'player_num': 1}
2025-10-05 15:06:55,328 : EventManager : Event: ======'machine_var_audits_switches_s_bumper1'====== Args={'value': 22, 'prev_value': 21, 'change': 1}
2025-10-05 15:06:55,340 : EventManager : Event: ======'machine_var_audits_shots_bumper1_shot'====== Args={'value': 22, 'prev_value': 21, 'change': 1}
2025-10-05 15:06:55,340 : EventManager : Event: ======'player_score'====== Args={'value': 1475, 'prev_value': 1375, 'change': 100, 'player_num': 1}
2025-10-05 15:06:55,678 : EventManager : Event: ======'machine_var_audits_switches_s_bumper1'====== Args={'value': 23, 'prev_value': 22, 'change': 1}
2025-10-05 15:06:55,679 : EventManager : Event: ======'machine_var_audits_shots_bumper1_shot'====== Args={'value': 23, 'prev_value': 22, 'change': 1}
2025-10-05 15:06:55,679 : EventManager : Event: ======'player_score'====== Args={'value': 1575, 'prev_value': 1475, 'change': 100, 'player_num': 1}
2025-10-05 15:06:55,843 : EventManager : Event: ======'machine_var_audits_switches_s_bumper1'====== Args={'value': 24, 'prev_value': 23, 'change': 1}
2025-10-05 15:06:55,843 : EventManager : Event: ======'machine_var_audits_shots_bumper1_shot'====== Args={'value': 24, 'prev_value': 23, 'change': 1}
2025-10-05 15:06:55,843 : EventManager : Event: ======'player_score'====== Args={'value': 1675, 'prev_value': 1575, 'change': 100, 'player_num': 1}
2025-10-05 15:06:56,005 : EventManager : Event: ======'machine_var_audits_switches_s_bumper1'====== Args={'value': 25, 'prev_value': 24, 'change': 1}
2025-10-05 15:06:56,005 : EventManager : Event: ======'machine_var_audits_shots_bumper1_shot'====== Args={'value': 25, 'prev_value': 24, 'change': 1}
2025-10-05 15:06:56,005 : EventManager : Event: ======'player_score'====== Args={'value': 1775, 'prev_value': 1675, 'change': 100, 'player_num': 1}
2025-10-05 15:06:57,708 : EventManager : Event: ======'machine_var_audits_switches_s_left_scoop'====== Args={'value': 47, 'prev_value': 46, 'change': 1}
2025-10-05 15:06:57,720 : EventManager : Event: ======'player_shot_left_scoop_shot'====== Args={'value': 1, 'prev_value': 0, 'change': 1, 'player_num': 1}
2025-10-05 15:06:57,720 : EventManager : Event: ======'machine_var_audits_shots_left_scoop_shot'====== Args={'value': 24, 'prev_value': 23, 'change': 1}
2025-10-05 15:06:57,720 : EventManager : Event: ======'player_score'====== Args={'value': 2775, 'prev_value': 1775, 'change': 1000, 'player_num': 1}
2025-10-05 15:06:58,598 : EventManager : Event: ======'machine_var_audits_switches_s_left_scoop'====== Args={'value': 48, 'prev_value': 47, 'change': 1}
2025-10-05 15:06:58,598 : EventManager : Event: ======'machine_var_audits_shots_left_scoop_shot'====== Args={'value': 25, 'prev_value': 24, 'change': 1}
2025-10-05 15:06:58,598 : EventManager : Event: ======'player_score'====== Args={'value': 3775, 'prev_value': 2775, 'change': 1000, 'player_num': 1}
2025-10-05 15:06:59,499 : EventManager : Event: ======'machine_var_audits_switches_s_left_scoop'====== Args={'value': 49, 'prev_value': 48, 'change': 1}
2025-10-05 15:06:59,512 : EventManager : Event: ======'machine_var_audits_shots_left_scoop_shot'====== Args={'value': 26, 'prev_value': 25, 'change': 1}
2025-10-05 15:06:59,512 : EventManager : Event: ======'player_score'====== Args={'value': 4775, 'prev_value': 3775, 'change': 1000, 'player_num': 1}
2025-10-05 15:07:01,796 : EventManager : Event: ======'machine_var_audits_switches_s_right_scoop'====== Args={'value': 31, 'prev_value': 30, 'change': 1}
2025-10-05 15:07:01,809 : EventManager : Event: ======'player_shot_right_scoop_shot'====== Args={'value': 1, 'prev_value': 0, 'change': 1, 'player_num': 1}
2025-10-05 15:07:01,809 : EventManager : Event: ======'machine_var_audits_shots_right_scoop_shot'====== Args={'value': 20, 'prev_value': 19, 'change': 1}
2025-10-05 15:07:01,811 : EventManager : Event: ======'player_score'====== Args={'value': 5775, 'prev_value': 4775, 'change': 1000, 'player_num': 1}
2025-10-05 15:07:21,489 : kivy : Base: Leaving application in progress...
