2025-10-04 10:11:12,187 : INFO : root : Loading config.
2025-10-04 10:11:12,191 : INFO : YamlMultifileConfigLoader : Machine config file #1: config.yaml
2025-10-04 10:11:12,192 : WARNING : ConfigProcessor : Config file in cache changed: C:\Users\richa\ttp5\config\config.yaml
2025-10-04 10:11:12,192 : INFO : ConfigProcessor : Loading config from file C:\Users\richa\mpfvirtual4\lib\site-packages\mpf\mpfconfig.yaml.
2025-10-04 10:11:12,203 : INFO : ConfigProcessor : Loading config: C:\Users\richa\mpfvirtual4\lib\site-packages\mpf\mpfconfig.yaml
2025-10-04 10:11:12,203 : INFO : ConfigProcessor : Loading config from file C:\Users\richa\ttp5\config\config.yaml.
2025-10-04 10:11:12,216 : INFO : ConfigProcessor : Loading config: C:\Users\richa\ttp5\config\config.yaml
2025-10-04 10:11:12,217 : INFO : ConfigProcessor : Loading config: C:\Users\richa\ttp5\config\config_ball_devices.yaml
2025-10-04 10:11:12,219 : INFO : ConfigProcessor : Loading config: C:\Users\richa\ttp5\config\config_coils.yaml
2025-10-04 10:11:12,220 : INFO : ConfigProcessor : Loading config: C:\Users\richa\ttp5\config\config_flippers.yaml
2025-10-04 10:11:12,223 : INFO : ConfigProcessor : Loading config: C:\Users\richa\ttp5\config\config_switches.yaml
2025-10-04 10:11:12,225 : INFO : ConfigProcessor : Config file cache created: C:\Users\richa\AppData\Local\Temp\bad76953a596b8c99f832e0e98026c3b.mpf_cache
2025-10-04 10:11:12,298 : INFO : ConfigProcessor : Loading config from cache: C:\Users\richa\AppData\Local\Temp\77a998d318c788df5647a1900cedfc56.mpf_cache
2025-10-04 10:11:12,299 : INFO : ConfigProcessor : Loading config from cache: C:\Users\richa\AppData\Local\Temp\9c8dea79ca4d15ee886340e992e8cb9d.mpf_cache
2025-10-04 10:11:12,301 : INFO : ConfigProcessor : Loading config from cache: C:\Users\richa\AppData\Local\Temp\8ddee2e87a4f178751335e99da00e9c4.mpf_cache
2025-10-04 10:11:12,302 : INFO : ConfigProcessor : Loading config from cache: C:\Users\richa\AppData\Local\Temp\16d594341c3fbe91b1b6d496c05a6fb0.mpf_cache
2025-10-04 10:11:12,302 : INFO : ConfigProcessor : Loading config from cache: C:\Users\richa\AppData\Local\Temp\9ea1b14cb2b1cce5e8bf981a1ff8cfc5.mpf_cache
2025-10-04 10:11:12,304 : INFO : ConfigProcessor : Loading config from cache: C:\Users\richa\AppData\Local\Temp\6cbce11faef0ddcfeddb2a5b8dbeb4ae.mpf_cache
2025-10-04 10:11:12,304 : INFO : Machine : Mission Pinball Framework Core Engine v0.57.0.dev39
2025-10-04 10:11:12,304 : INFO : Machine : Command line arguments: {'no_load_cache': False, 'create_config_cache': True, 'bcp': True, 'configfile': ['config.yaml'], 'force_assets_load': False, 'jsonlogging': False, 'logfile': 'logs\\2025-10-04-10-11-12-mpf-DESKTOP-RK7BE5M.log', 'pause': False, 'production': False, 'text_ui': True, 'loglevel': 15, 'consoleloglevel': 20, 'force_platform': None, 'syslog_address': None, 'mc_file_name': None, 'no_sound': False}
2025-10-04 10:11:12,304 : INFO : Machine : MPF path: C:\Users\richa\mpfvirtual4\lib\site-packages\mpf
2025-10-04 10:11:12,304 : INFO : Machine : Machine path: C:\Users\richa\ttp5
2025-10-04 10:11:12,304 : INFO : Machine : Platform: win32
2025-10-04 10:11:12,305 : INFO : Machine : Python executable location: C:\Users\richa\mpfvirtual4\Scripts\python.exe
2025-10-04 10:11:12,305 : INFO : Machine : Python version: 3.9.13 (64-bit)
2025-10-04 10:11:12,307 : INFO : Machine : Initializing MPF...
2025-10-04 10:11:12,835 : INFO : EventManager : Event: ======'machine_var_credits_string'====== Args={'value': 'FREE PLAY', 'prev_value': None, 'change': True}
2025-10-04 10:11:12,886 : INFO : EventManager : Event: ======'machine_var_master_volume'====== Args={'value': 0.5, 'prev_value': None, 'change': True}
2025-10-04 10:11:12,886 : INFO : EventManager : Event: ======'machine_var_player1_score'====== Args={'value': 300, 'prev_value': None, 'change': True}
2025-10-04 10:11:12,886 : INFO : EventManager : Event: ======'machine_var_mpf_version'====== Args={'value': 'Mission Pinball Framework v0.57.0.dev39', 'prev_value': None, 'change': True}
2025-10-04 10:11:12,886 : INFO : EventManager : Event: ======'machine_var_mpf_extended_version'====== Args={'value': 'Mission Pinball Framework v0.57.0.dev39, Config version:6, Show version: 6, BCP version:1.1', 'prev_value': None, 'change': True}
2025-10-04 10:11:12,886 : INFO : EventManager : Event: ======'machine_var_python_version'====== Args={'value': '3.9.13', 'prev_value': None, 'change': True}
2025-10-04 10:11:12,895 : INFO : EventManager : Event: ======'machine_var_platform'====== Args={'value': 'Windows-10-10.0.19045-SP0', 'prev_value': None, 'change': True}
2025-10-04 10:11:12,895 : INFO : EventManager : Event: ======'machine_var_platform_system'====== Args={'value': 'Windows', 'prev_value': None, 'change': True}
2025-10-04 10:11:12,895 : INFO : EventManager : Event: ======'machine_var_platform_release'====== Args={'value': '10', 'prev_value': None, 'change': True}
2025-10-04 10:11:12,895 : INFO : EventManager : Event: ======'machine_var_platform_version'====== Args={'value': '10.0.19045', 'prev_value': None, 'change': True}
2025-10-04 10:11:12,895 : INFO : EventManager : Event: ======'machine_var_platform_machine'====== Args={'value': 'AMD64', 'prev_value': None, 'change': True}
2025-10-04 10:11:12,895 : INFO : EventManager : Event: ======'init_phase_1'====== Args={}
2025-10-04 10:11:12,913 : INFO : EventManager : Event: ======'init_phase_2'====== Args={}
2025-10-04 10:11:12,914 : INFO : SwitchController : Found active switch: ('2', <Platform.SmartVirtual>) <switch.s_trough1>
2025-10-04 10:11:12,914 : INFO : SwitchController : Found active switch: ('3', <Platform.SmartVirtual>) <switch.s_trough2>
2025-10-04 10:11:12,914 : INFO : SwitchController : Found active switch: ('4', <Platform.SmartVirtual>) <switch.s_trough3>
2025-10-04 10:11:12,914 : INFO : SwitchController : Found active switch: ('5', <Platform.SmartVirtual>) <switch.s_trough4>
2025-10-04 10:11:12,914 : INFO : SwitchController : Found active switch: ('6', <Platform.SmartVirtual>) <switch.s_trough5>
2025-10-04 10:11:12,914 : INFO : SwitchController : Found active switch: ('7', <Platform.SmartVirtual>) <switch.s_trough6>
2025-10-04 10:11:12,917 : INFO : EventManager : Event: ======'bcp_connection_attempt'====== Args={'name': 'local_display', 'host': 'localhost', 'port': 5050}
2025-10-04 10:11:12,919 : INFO : BCPClientSocket : Connecting BCP to 'local_display' at localhost:5050...
2025-10-04 10:11:14,966 : INFO : BCPClientSocket : Connected BCP to 'local_display' localhost:5050
2025-10-04 10:11:14,968 : INFO : EventManager : Event: ======'bcp_clients_connected'====== Args={}
2025-10-04 10:11:15,815 : INFO : EventManager : Event: ======'machine_var_mc_version'====== Args={'value': 'MPF-MC v0.57.0.dev10', 'prev_value': None, 'change': True}
2025-10-04 10:11:15,815 : INFO : EventManager : Event: ======'machine_var_mc_extended_version'====== Args={'value': 'MPF-MC v0.57.0.dev10 (config_version=6, BCP v1.1,                      Requires MPF API compatibility v0.57.0.dev19 or newer)', 'prev_value': None, 'change': True}
2025-10-04 10:11:15,822 : INFO : ball_device.bd_trough : BCH: Initial count: 6
2025-10-04 10:11:15,906 : INFO : ball_device.bd_trough : State: idle
2025-10-04 10:11:15,907 : INFO : ball_device.bd_plunger : BCH: Initial count: 0
2025-10-04 10:11:15,907 : INFO : ball_device.bd_plunger : State: idle
2025-10-04 10:11:15,914 : INFO : EventManager : Event: ======'init_phase_3'====== Args={}
2025-10-04 10:11:15,919 : INFO : EventManager : Event: ======'init_phase_4'====== Args={}
2025-10-04 10:11:15,919 : INFO : BallController : Initial balls found: 6
2025-10-04 10:11:15,920 : INFO : EventManager : Event: ======'machine_var_audits_events_game_ended'====== Args={'value': 16, 'prev_value': None, 'change': True}
2025-10-04 10:11:15,921 : INFO : EventManager : Event: ======'machine_var_audits_events_game_started'====== Args={'value': 67, 'prev_value': None, 'change': True}
2025-10-04 10:11:15,921 : INFO : EventManager : Event: ======'machine_var_audits_missing_switches_s_left_flipper'====== Args={'value': 10, 'prev_value': None, 'change': True}
2025-10-04 10:11:15,921 : INFO : EventManager : Event: ======'machine_var_audits_missing_switches_s_left_inlane'====== Args={'value': 20, 'prev_value': None, 'change': True}
2025-10-04 10:11:15,921 : INFO : EventManager : Event: ======'machine_var_audits_missing_switches_s_left_outlane'====== Args={'value': 30, 'prev_value': None, 'change': True}
2025-10-04 10:11:15,922 : INFO : EventManager : Event: ======'machine_var_audits_missing_switches_s_right_flipper'====== Args={'value': 4, 'prev_value': None, 'change': True}
2025-10-04 10:11:15,922 : INFO : EventManager : Event: ======'machine_var_audits_missing_switches_s_right_outlane'====== Args={'value': 30, 'prev_value': None, 'change': True}
2025-10-04 10:11:15,922 : INFO : EventManager : Event: ======'machine_var_audits_missing_switches_s_sling_left'====== Args={'value': 20, 'prev_value': None, 'change': True}
2025-10-04 10:11:15,922 : INFO : EventManager : Event: ======'machine_var_audits_missing_switches_s_sling_right'====== Args={'value': 34, 'prev_value': None, 'change': True}
2025-10-04 10:11:15,922 : INFO : EventManager : Event: ======'machine_var_audits_missing_switches_s_start'====== Args={'value': 1, 'prev_value': None, 'change': True}
2025-10-04 10:11:15,922 : INFO : EventManager : Event: ======'machine_var_audits_missing_switches_s_trough1'====== Args={'value': 1, 'prev_value': None, 'change': True}
2025-10-04 10:11:15,923 : INFO : EventManager : Event: ======'machine_var_audits_missing_switches_s_trough2'====== Args={'value': 67, 'prev_value': None, 'change': True}
2025-10-04 10:11:15,923 : INFO : EventManager : Event: ======'machine_var_audits_missing_switches_s_trough3'====== Args={'value': 67, 'prev_value': None, 'change': True}
2025-10-04 10:11:15,923 : INFO : EventManager : Event: ======'machine_var_audits_missing_switches_s_trough4'====== Args={'value': 67, 'prev_value': None, 'change': True}
2025-10-04 10:11:15,923 : INFO : EventManager : Event: ======'machine_var_audits_missing_switches_s_trough5'====== Args={'value': 67, 'prev_value': None, 'change': True}
2025-10-04 10:11:15,923 : INFO : EventManager : Event: ======'machine_var_audits_missing_switches_s_trough6'====== Args={'value': 67, 'prev_value': None, 'change': True}
2025-10-04 10:11:15,923 : INFO : EventManager : Event: ======'machine_var_audits_missing_switches_s_trough_jam'====== Args={'value': 67, 'prev_value': None, 'change': True}
2025-10-04 10:11:15,924 : INFO : EventManager : Event: ======'machine_var_audits_player_score'====== Args={'value': {'average': 10399, 'top': [28284, 25272, 22800, 14636, 13400, 12176, 11909, 11420, 11200, 10994], 'total': 18}, 'prev_value': None, 'change': True}
2025-10-04 10:11:15,924 : INFO : EventManager : Event: ======'machine_var_audits_shots_center_rollover'====== Args={'value': 7, 'prev_value': None, 'change': True}
2025-10-04 10:11:15,924 : INFO : EventManager : Event: ======'machine_var_audits_shots_center_rollover_shot'====== Args={'value': 86, 'prev_value': None, 'change': True}
2025-10-04 10:11:15,924 : INFO : EventManager : Event: ======'machine_var_audits_shots_left_rollover'====== Args={'value': 6, 'prev_value': None, 'change': True}
2025-10-04 10:11:15,924 : INFO : EventManager : Event: ======'machine_var_audits_shots_left_rollover_shot'====== Args={'value': 33, 'prev_value': None, 'change': True}
2025-10-04 10:11:15,925 : INFO : EventManager : Event: ======'machine_var_audits_shots_middle_inlane_shot'====== Args={'value': 20, 'prev_value': None, 'change': True}
2025-10-04 10:11:15,925 : INFO : EventManager : Event: ======'machine_var_audits_shots_my_first_shot'====== Args={'value': 95, 'prev_value': None, 'change': True}
2025-10-04 10:11:15,925 : INFO : EventManager : Event: ======'machine_var_audits_shots_right_inlane_shot'====== Args={'value': 8, 'prev_value': None, 'change': True}
2025-10-04 10:11:15,925 : INFO : EventManager : Event: ======'machine_var_audits_shots_right_rollover'====== Args={'value': 7, 'prev_value': None, 'change': True}
2025-10-04 10:11:15,925 : INFO : EventManager : Event: ======'machine_var_audits_shots_right_rollover_shot'====== Args={'value': 44, 'prev_value': None, 'change': True}
2025-10-04 10:11:15,926 : INFO : EventManager : Event: ======'machine_var_audits_shots_top_middle_inlane_shot'====== Args={'value': 41, 'prev_value': None, 'change': True}
2025-10-04 10:11:15,926 : INFO : EventManager : Event: ======'machine_var_audits_switches_s_center_rollover'====== Args={'value': 93, 'prev_value': None, 'change': True}
2025-10-04 10:11:15,926 : INFO : EventManager : Event: ======'machine_var_audits_switches_s_left_flipper'====== Args={'value': 320, 'prev_value': None, 'change': True}
2025-10-04 10:11:15,926 : INFO : EventManager : Event: ======'machine_var_audits_switches_s_left_inlane'====== Args={'value': 8, 'prev_value': None, 'change': True}
2025-10-04 10:11:15,927 : INFO : EventManager : Event: ======'machine_var_audits_switches_s_left_outlane'====== Args={'value': 3, 'prev_value': None, 'change': True}
2025-10-04 10:11:15,927 : INFO : EventManager : Event: ======'machine_var_audits_switches_s_left_rollover'====== Args={'value': 39, 'prev_value': None, 'change': True}
2025-10-04 10:11:15,927 : INFO : EventManager : Event: ======'machine_var_audits_switches_s_middle_inlane'====== Args={'value': 20, 'prev_value': None, 'change': True}
2025-10-04 10:11:15,927 : INFO : EventManager : Event: ======'machine_var_audits_switches_s_plunger'====== Args={'value': 127, 'prev_value': None, 'change': True}
2025-10-04 10:11:15,927 : INFO : EventManager : Event: ======'machine_var_audits_switches_s_right_flipper'====== Args={'value': 132, 'prev_value': None, 'change': True}
2025-10-04 10:11:15,928 : INFO : EventManager : Event: ======'machine_var_audits_switches_s_right_inlane'====== Args={'value': 135, 'prev_value': None, 'change': True}
2025-10-04 10:11:15,928 : INFO : EventManager : Event: ======'machine_var_audits_switches_s_right_outlane'====== Args={'value': 3, 'prev_value': None, 'change': True}
2025-10-04 10:11:15,928 : INFO : EventManager : Event: ======'machine_var_audits_switches_s_right_rollover'====== Args={'value': 51, 'prev_value': None, 'change': True}
2025-10-04 10:11:15,928 : INFO : EventManager : Event: ======'machine_var_audits_switches_s_sling_left'====== Args={'value': 3, 'prev_value': None, 'change': True}
2025-10-04 10:11:15,929 : INFO : EventManager : Event: ======'machine_var_audits_switches_s_sling_right'====== Args={'value': 1, 'prev_value': None, 'change': True}
2025-10-04 10:11:15,929 : INFO : EventManager : Event: ======'machine_var_audits_switches_s_start'====== Args={'value': 12, 'prev_value': None, 'change': True}
2025-10-04 10:11:15,929 : INFO : EventManager : Event: ======'machine_var_audits_switches_s_top_middle_inlane'====== Args={'value': 41, 'prev_value': None, 'change': True}
2025-10-04 10:11:15,929 : INFO : EventManager : Event: ======'machine_var_audits_switches_s_trough1'====== Args={'value': 83, 'prev_value': None, 'change': True}
2025-10-04 10:11:15,930 : INFO : EventManager : Event: ======'machine_var_audits_switches_s_trough2'====== Args={'value': 0, 'prev_value': None, 'change': True}
2025-10-04 10:11:15,930 : INFO : EventManager : Event: ======'machine_var_audits_switches_s_trough3'====== Args={'value': 0, 'prev_value': None, 'change': True}
2025-10-04 10:11:15,930 : INFO : EventManager : Event: ======'machine_var_audits_switches_s_trough4'====== Args={'value': 0, 'prev_value': None, 'change': True}
2025-10-04 10:11:15,930 : INFO : EventManager : Event: ======'machine_var_audits_switches_s_trough5'====== Args={'value': 0, 'prev_value': None, 'change': True}
2025-10-04 10:11:15,931 : INFO : EventManager : Event: ======'machine_var_audits_switches_s_trough6'====== Args={'value': 0, 'prev_value': None, 'change': True}
2025-10-04 10:11:15,931 : INFO : EventManager : Event: ======'machine_var_audits_switches_s_trough_jam'====== Args={'value': 0, 'prev_value': None, 'change': True}
2025-10-04 10:11:15,932 : INFO : EventManager : Event: ======'init_phase_5'====== Args={}
2025-10-04 10:11:15,985 : INFO : EventManager : Event: ======'init_done'====== Args={}
2025-10-04 10:11:15,985 : INFO : EventManager : Event: ======'machine_reset_phase_1'====== Args={}
2025-10-04 10:11:15,991 : INFO : EventManager : Event: ======'machine_reset_phase_2'====== Args={}
2025-10-04 10:11:15,992 : INFO : EventManager : Event: ======'machine_reset_phase_3'====== Args={}
2025-10-04 10:11:15,992 : INFO : EventManager : Event: ======'reset_complete'====== Args={}
2025-10-04 10:11:15,992 : INFO : EventManager : Event: ======'mode_attract_will_start'====== Args={}
2025-10-04 10:11:15,992 : INFO : EventManager : Event: ======'mode_attract_starting'====== Args={}
2025-10-04 10:11:15,992 : INFO : Mode.attract : Started. Priority: 10
2025-10-04 10:11:15,992 : INFO : EventManager : Event: ======'modes_active_modes_changed'====== Args={}
2025-10-04 10:11:15,992 : INFO : EventManager : Event: ======'mode_attract_started'====== Args={}
2025-10-04 10:11:15,993 : INFO : EventManager : Event: ======'collecting_balls_complete'====== Args={}
2025-10-04 10:11:16,053 : INFO : EventManager : Event: ======'slide_awesome_slide_created'====== Args={'_from_bcp': True}
2025-10-04 10:11:16,053 : INFO : EventManager : Event: ======'slide_awesome_slide_active'====== Args={'_from_bcp': True}
2025-10-04 10:11:16,053 : INFO : Machine : Starting the main run loop.
2025-10-04 10:11:16,413 : INFO : BcpServer : New client connected.
2025-10-04 10:11:19,033 : INFO : EventManager : Event: ======'slide_press_start_created'====== Args={'_from_bcp': True}
2025-10-04 10:11:19,037 : INFO : EventManager : Event: ======'slide_press_start_active'====== Args={'_from_bcp': True}
2025-10-04 10:11:22,022 : INFO : EventManager : Event: ======'slide_mission_pinball_created'====== Args={'_from_bcp': True}
2025-10-04 10:11:22,024 : INFO : EventManager : Event: ======'slide_mission_pinball_active'====== Args={'_from_bcp': True}
2025-10-04 10:11:25,019 : INFO : EventManager : Event: ======'slide_last_game_score_slide_created'====== Args={'_from_bcp': True}
2025-10-04 10:11:25,024 : INFO : EventManager : Event: ======'slide_last_game_score_slide_active'====== Args={'_from_bcp': True}
2025-10-04 10:11:28,016 : INFO : EventManager : Event: ======'slide_awesome_slide_removed'====== Args={'_from_bcp': True}
2025-10-04 10:11:28,018 : INFO : EventManager : Event: ======'slide_awesome_slide_created'====== Args={'_from_bcp': True}
2025-10-04 10:11:28,019 : INFO : EventManager : Event: ======'slide_awesome_slide_active'====== Args={'_from_bcp': True}
2025-10-04 10:11:30,998 : INFO : EventManager : Event: ======'slide_press_start_removed'====== Args={'_from_bcp': True}
2025-10-04 10:11:31,009 : INFO : EventManager : Event: ======'slide_press_start_created'====== Args={'_from_bcp': True}
2025-10-04 10:11:31,015 : INFO : EventManager : Event: ======'slide_press_start_active'====== Args={'_from_bcp': True}
2025-10-04 10:11:34,023 : INFO : EventManager : Event: ======'slide_mission_pinball_removed'====== Args={'_from_bcp': True}
2025-10-04 10:11:34,028 : INFO : EventManager : Event: ======'slide_mission_pinball_created'====== Args={'_from_bcp': True}
2025-10-04 10:11:34,031 : INFO : EventManager : Event: ======'slide_mission_pinball_active'====== Args={'_from_bcp': True}
2025-10-04 10:11:37,006 : INFO : EventManager : Event: ======'slide_last_game_score_slide_removed'====== Args={'_from_bcp': True}
2025-10-04 10:11:37,007 : INFO : EventManager : Event: ======'slide_last_game_score_slide_created'====== Args={'_from_bcp': True}
2025-10-04 10:11:37,010 : INFO : EventManager : Event: ======'slide_last_game_score_slide_active'====== Args={'_from_bcp': True}
2025-10-04 10:11:40,025 : INFO : EventManager : Event: ======'slide_awesome_slide_removed'====== Args={'_from_bcp': True}
2025-10-04 10:11:40,031 : INFO : EventManager : Event: ======'slide_awesome_slide_created'====== Args={'_from_bcp': True}
2025-10-04 10:11:40,034 : INFO : EventManager : Event: ======'slide_awesome_slide_active'====== Args={'_from_bcp': True}
2025-10-04 10:11:43,008 : INFO : EventManager : Event: ======'slide_press_start_removed'====== Args={'_from_bcp': True}
2025-10-04 10:11:43,017 : INFO : EventManager : Event: ======'slide_press_start_created'====== Args={'_from_bcp': True}
2025-10-04 10:11:43,022 : INFO : EventManager : Event: ======'slide_press_start_active'====== Args={'_from_bcp': True}
2025-10-04 10:11:46,025 : INFO : EventManager : Event: ======'slide_mission_pinball_removed'====== Args={'_from_bcp': True}
2025-10-04 10:11:46,028 : INFO : EventManager : Event: ======'slide_mission_pinball_created'====== Args={'_from_bcp': True}
2025-10-04 10:11:46,030 : INFO : EventManager : Event: ======'slide_mission_pinball_active'====== Args={'_from_bcp': True}
2025-10-04 10:11:49,011 : INFO : EventManager : Event: ======'slide_last_game_score_slide_removed'====== Args={'_from_bcp': True}
2025-10-04 10:11:49,015 : INFO : EventManager : Event: ======'slide_last_game_score_slide_created'====== Args={'_from_bcp': True}
2025-10-04 10:11:49,017 : INFO : EventManager : Event: ======'slide_last_game_score_slide_active'====== Args={'_from_bcp': True}
2025-10-04 10:11:52,009 : INFO : EventManager : Event: ======'slide_awesome_slide_removed'====== Args={'_from_bcp': True}
2025-10-04 10:11:52,016 : INFO : EventManager : Event: ======'slide_awesome_slide_created'====== Args={'_from_bcp': True}
2025-10-04 10:11:52,023 : INFO : EventManager : Event: ======'slide_awesome_slide_active'====== Args={'_from_bcp': True}
2025-10-04 10:11:55,022 : INFO : EventManager : Event: ======'slide_press_start_removed'====== Args={'_from_bcp': True}
2025-10-04 10:11:55,024 : INFO : EventManager : Event: ======'slide_press_start_created'====== Args={'_from_bcp': True}
2025-10-04 10:11:55,028 : INFO : EventManager : Event: ======'slide_press_start_active'====== Args={'_from_bcp': True}
2025-10-04 10:11:58,017 : INFO : EventManager : Event: ======'slide_mission_pinball_removed'====== Args={'_from_bcp': True}
2025-10-04 10:11:58,025 : INFO : EventManager : Event: ======'slide_mission_pinball_created'====== Args={'_from_bcp': True}
2025-10-04 10:11:58,029 : INFO : EventManager : Event: ======'slide_mission_pinball_active'====== Args={'_from_bcp': True}
2025-10-04 10:12:01,009 : INFO : EventManager : Event: ======'slide_last_game_score_slide_removed'====== Args={'_from_bcp': True}
2025-10-04 10:12:01,019 : INFO : EventManager : Event: ======'slide_last_game_score_slide_created'====== Args={'_from_bcp': True}
2025-10-04 10:12:01,025 : INFO : EventManager : Event: ======'slide_last_game_score_slide_active'====== Args={'_from_bcp': True}
2025-10-04 10:12:04,017 : INFO : EventManager : Event: ======'slide_awesome_slide_removed'====== Args={'_from_bcp': True}
2025-10-04 10:12:04,024 : INFO : EventManager : Event: ======'slide_awesome_slide_created'====== Args={'_from_bcp': True}
2025-10-04 10:12:04,028 : INFO : EventManager : Event: ======'slide_awesome_slide_active'====== Args={'_from_bcp': True}
2025-10-04 10:12:06,999 : INFO : EventManager : Event: ======'slide_press_start_removed'====== Args={'_from_bcp': True}
2025-10-04 10:12:07,013 : INFO : EventManager : Event: ======'slide_press_start_created'====== Args={'_from_bcp': True}
2025-10-04 10:12:07,016 : INFO : EventManager : Event: ======'slide_press_start_active'====== Args={'_from_bcp': True}
2025-10-04 10:12:10,031 : INFO : EventManager : Event: ======'slide_mission_pinball_removed'====== Args={'_from_bcp': True}
2025-10-04 10:12:10,034 : INFO : EventManager : Event: ======'slide_mission_pinball_created'====== Args={'_from_bcp': True}
2025-10-04 10:12:10,036 : INFO : EventManager : Event: ======'slide_mission_pinball_active'====== Args={'_from_bcp': True}
2025-10-04 10:12:13,010 : INFO : EventManager : Event: ======'slide_last_game_score_slide_removed'====== Args={'_from_bcp': True}
2025-10-04 10:12:13,019 : INFO : EventManager : Event: ======'slide_last_game_score_slide_created'====== Args={'_from_bcp': True}
2025-10-04 10:12:13,024 : INFO : EventManager : Event: ======'slide_last_game_score_slide_active'====== Args={'_from_bcp': True}
2025-10-04 10:12:16,017 : INFO : EventManager : Event: ======'slide_awesome_slide_removed'====== Args={'_from_bcp': True}
2025-10-04 10:12:16,025 : INFO : EventManager : Event: ======'slide_awesome_slide_created'====== Args={'_from_bcp': True}
2025-10-04 10:12:16,028 : INFO : EventManager : Event: ======'slide_awesome_slide_active'====== Args={'_from_bcp': True}
2025-10-04 10:12:18,992 : INFO : EventManager : Event: ======'slide_press_start_removed'====== Args={'_from_bcp': True}
2025-10-04 10:12:18,999 : INFO : EventManager : Event: ======'slide_press_start_created'====== Args={'_from_bcp': True}
2025-10-04 10:12:19,004 : INFO : EventManager : Event: ======'slide_press_start_active'====== Args={'_from_bcp': True}
2025-10-04 10:12:22,003 : INFO : EventManager : Event: ======'slide_mission_pinball_removed'====== Args={'_from_bcp': True}
2025-10-04 10:12:22,011 : INFO : EventManager : Event: ======'slide_mission_pinball_created'====== Args={'_from_bcp': True}
2025-10-04 10:12:22,014 : INFO : EventManager : Event: ======'slide_mission_pinball_active'====== Args={'_from_bcp': True}
2025-10-04 10:12:25,033 : INFO : EventManager : Event: ======'slide_last_game_score_slide_removed'====== Args={'_from_bcp': True}
2025-10-04 10:12:25,035 : INFO : EventManager : Event: ======'slide_last_game_score_slide_created'====== Args={'_from_bcp': True}
2025-10-04 10:12:25,039 : INFO : EventManager : Event: ======'slide_last_game_score_slide_active'====== Args={'_from_bcp': True}
2025-10-04 10:12:28,017 : INFO : EventManager : Event: ======'slide_awesome_slide_removed'====== Args={'_from_bcp': True}
2025-10-04 10:12:28,025 : INFO : EventManager : Event: ======'slide_awesome_slide_created'====== Args={'_from_bcp': True}
2025-10-04 10:12:28,028 : INFO : EventManager : Event: ======'slide_awesome_slide_active'====== Args={'_from_bcp': True}
2025-10-04 10:12:31,000 : INFO : EventManager : Event: ======'slide_press_start_removed'====== Args={'_from_bcp': True}
2025-10-04 10:12:31,013 : INFO : EventManager : Event: ======'slide_press_start_created'====== Args={'_from_bcp': True}
2025-10-04 10:12:31,017 : INFO : EventManager : Event: ======'slide_press_start_active'====== Args={'_from_bcp': True}
2025-10-04 10:12:34,017 : INFO : EventManager : Event: ======'slide_mission_pinball_removed'====== Args={'_from_bcp': True}
2025-10-04 10:12:34,022 : INFO : EventManager : Event: ======'slide_mission_pinball_created'====== Args={'_from_bcp': True}
2025-10-04 10:12:34,023 : INFO : EventManager : Event: ======'slide_mission_pinball_active'====== Args={'_from_bcp': True}
2025-10-04 10:12:35,866 : INFO : SwitchController : <<<<<<< 's_start' active >>>>>>>
2025-10-04 10:12:35,948 : INFO : SwitchController : <<<<<<< 's_start' inactive >>>>>>>
2025-10-04 10:12:35,949 : INFO : EventManager : Event: ======'request_to_start_game'====== Args={}
2025-10-04 10:12:35,950 : INFO : EventManager : Event: ======'game_start'====== Args={'buttons': [], 'hold_time': 0.07800000000861473}
2025-10-04 10:12:35,950 : INFO : EventManager : Event: ======'mode_game_will_start'====== Args={'buttons': [], 'hold_time': 0.07800000000861473}
2025-10-04 10:12:35,952 : INFO : EventManager : Event: ======'mode_game_starting'====== Args={'buttons': [], 'hold_time': 0.07800000000861473}
2025-10-04 10:12:35,952 : INFO : EventManager : Event: ======'mode_attract_will_stop'====== Args={}
2025-10-04 10:12:35,952 : INFO : EventManager : Event: ======'mode_attract_stopping'====== Args={}
2025-10-04 10:12:35,954 : INFO : Mode.attract : Stopped.
2025-10-04 10:12:35,954 : INFO : EventManager : Event: ======'modes_active_modes_changed'====== Args={}
2025-10-04 10:12:35,954 : INFO : EventManager : Event: ======'mode_attract_stopped'====== Args={}
2025-10-04 10:12:35,954 : INFO : EventManager : Event: ======'clear'====== Args={'key': 'attract'}
2025-10-04 10:12:35,954 : INFO : Mode.game : Started. Priority: 20
2025-10-04 10:12:35,955 : INFO : EventManager : Event: ======'modes_active_modes_changed'====== Args={}
2025-10-04 10:12:35,955 : INFO : EventManager : Event: ======'mode_game_started'====== Args={'buttons': [], 'hold_time': 0.07800000000861473}
2025-10-04 10:12:35,977 : INFO : EventManager : Event: ======'game_will_start'====== Args={}
2025-10-04 10:12:35,978 : INFO : EventManager : Event: ======'game_starting'====== Args={'game': <Mode.game>}
2025-10-04 10:12:35,979 : INFO : EventManager : Unordered handler for class <Auditor> on event game_ended with priority 1. Handlers: [RegisteredHandler(callback=<bound method Auditor.disable of <Auditor>>, priority=1, kwargs={}, key=UUID('0f104c7e-b082-45fd-bd23-59dfd45d7819'), condition=None, blocking_facility=None), RegisteredHandler(callback=<bound method Auditor._save_audits of <Auditor>>, priority=1, kwargs={}, key=UUID('d53b7076-6562-4303-be84-09305d0f59cd'), condition=None, blocking_facility=None)]. The order of those handlers is not defined and they will be executed in random order. This might lead to race conditions and potential bugs.
2025-10-04 10:12:35,979 : INFO : EventManager : Event: ======'player_add_request'====== Args={}
2025-10-04 10:12:35,980 : INFO : EventManager : Event: ======'player_will_add'====== Args={'number': 1}
2025-10-04 10:12:35,980 : INFO : EventManager : Event: ======'player_adding'====== Args={'player': <Player 1>, 'number': 1}
2025-10-04 10:12:35,980 : INFO : EventManager : Event: ======'player_added'====== Args={'player': <Player 1>, 'num': 1}
2025-10-04 10:12:35,980 : INFO : Mode.game : Player added successfully. Total players: 1
2025-10-04 10:12:35,980 : INFO : EventManager : Event: ======'player_index'====== Args={'value': 0, 'prev_value': 0, 'change': 0, 'player_num': 1}
2025-10-04 10:12:35,981 : INFO : EventManager : Event: ======'player_number'====== Args={'value': 1, 'prev_value': 1, 'change': 0, 'player_num': 1}
2025-10-04 10:12:35,981 : INFO : EventManager : Event: ======'player_score'====== Args={'value': 0, 'prev_value': 0, 'change': 0, 'player_num': 1}
2025-10-04 10:12:35,982 : INFO : EventManager : Event: ======'game_started'====== Args={}
2025-10-04 10:12:35,996 : INFO : EventManager : Event: ======'player_turn_will_start'====== Args={'player': <Player 1>, 'number': 1}
2025-10-04 10:12:36,000 : INFO : EventManager : Event: ======'slide_last_game_score_slide_removed'====== Args={'_from_bcp': True}
2025-10-04 10:12:36,001 : INFO : EventManager : Event: ======'slide_awesome_slide_removed'====== Args={'_from_bcp': True}
2025-10-04 10:12:36,001 : INFO : EventManager : Event: ======'slide_press_start_removed'====== Args={'_from_bcp': True}
2025-10-04 10:12:36,001 : INFO : EventManager : Event: ======'slide_mission_pinball_removed'====== Args={'_from_bcp': True}
2025-10-04 10:12:36,001 : INFO : EventManager : Event: ======'slide_window_blank_active'====== Args={'_from_bcp': True}
2025-10-04 10:12:36,002 : INFO : EventManager : Event: ======'player_turn_starting'====== Args={'player': <Player 1>, 'number': 1}
2025-10-04 10:12:36,002 : INFO : EventManager : Event: ======'player_ball'====== Args={'value': 1, 'prev_value': 0, 'change': 1, 'player_num': 1}
2025-10-04 10:12:36,002 : INFO : EventManager : Event: ======'player_turn_started'====== Args={'player': <Player 1>, 'number': 1}
2025-10-04 10:12:36,003 : INFO : EventManager : Event: ======'ball_will_start'====== Args={'player': 1, 'ball': 1, 'balls_remaining': 2, 'is_extra_ball': False}
2025-10-04 10:12:36,010 : INFO : EventManager : Event: ======'ball_starting'====== Args={'player': 1, 'ball': 1, 'balls_remaining': 2, 'is_extra_ball': False}
2025-10-04 10:12:36,011 : INFO : EventManager : Event: ======'balls_in_play'====== Args={'balls': 1}
2025-10-04 10:12:36,011 : INFO : EventManager : Event: ======'ball_started'====== Args={'player': 1, 'ball': 1, 'balls_remaining': 2, 'is_extra_ball': False}
2025-10-04 10:12:36,011 : INFO : EventManager : Event: ======'mode_base_will_start'====== Args={'player': 1, 'ball': 1, 'balls_remaining': 2, 'is_extra_ball': False}
2025-10-04 10:12:36,011 : INFO : EventManager : Event: ======'player_shot_left_rollover_shot_enabled'====== Args={'value': True, 'prev_value': 0, 'change': 1, 'player_num': 1}
2025-10-04 10:12:36,012 : INFO : EventManager : Event: ======'player_shot_center_rollover_shot_enabled'====== Args={'value': True, 'prev_value': 0, 'change': 1, 'player_num': 1}
2025-10-04 10:12:36,013 : INFO : EventManager : Event: ======'player_shot_right_rollover_shot_enabled'====== Args={'value': True, 'prev_value': 0, 'change': 1, 'player_num': 1}
2025-10-04 10:12:36,013 : INFO : EventManager : Event: ======'player_shot_right_inlane_shot_enabled'====== Args={'value': True, 'prev_value': 0, 'change': 1, 'player_num': 1}
2025-10-04 10:12:36,013 : INFO : EventManager : Event: ======'rollover_lanes_complete'====== Args={'state': 'unlit'}
2025-10-04 10:12:36,014 : INFO : EventManager : Event: ======'rollover_lanes_unlit_complete'====== Args={}
2025-10-04 10:12:36,015 : INFO : EventManager : Event: ======'mode_base_starting'====== Args={'player': 1, 'ball': 1, 'balls_remaining': 2, 'is_extra_ball': False}
2025-10-04 10:12:36,015 : INFO : Mode.base : Started. Priority: 100
2025-10-04 10:12:36,015 : INFO : EventManager : Event: ======'modes_active_modes_changed'====== Args={}
2025-10-04 10:12:36,015 : INFO : EventManager : Event: ======'mode_base_started'====== Args={'player': 1, 'ball': 1, 'balls_remaining': 2, 'is_extra_ball': False}
2025-10-04 10:12:36,016 : INFO : EventManager : Event: ======'single_player_ball_started'====== Args={}
2025-10-04 10:12:36,066 : INFO : EventManager : Event: ======'ball_start_target'====== Args={'target': 'playfield'}
2025-10-04 10:12:36,066 : INFO : EventManager : Event: ======'slide_base.slide_player-mode_base_started_created'====== Args={'_from_bcp': True}
2025-10-04 10:12:36,067 : INFO : EventManager : Event: ======'slide_base.slide_player-mode_base_started_active'====== Args={'_from_bcp': True}
2025-10-04 10:12:36,067 : INFO : ball_device.bd_plunger : Setting up player-controlled eject. Balls: 1, Target: <playfield.playfield>, player_controlled_eject_event: None
2025-10-04 10:12:36,067 : INFO : EventManager : Event: ======'balldevice_balls_available'====== Args={}
2025-10-04 10:12:36,068 : INFO : ball_device.bd_trough : State: waiting_for_target_ready
2025-10-04 10:12:36,068 : INFO : EventManager : Event: ======'balldevice_bd_trough_ball_eject_attempt'====== Args={'balls': 1, 'target': <ball_device.bd_plunger>, 'source': <ball_device.bd_trough>, 'mechanical_eject': True, 'num_attempts': 0}
2025-10-04 10:12:36,068 : INFO : ball_device.bd_plunger : State: waiting_for_ball
2025-10-04 10:12:36,069 : INFO : ball_device.bd_trough : State: ejecting
2025-10-04 10:12:36,069 : INFO : ball_device.bd_trough : Ejecting ball to <ball_device.bd_plunger>
2025-10-04 10:12:36,069 : INFO : EventManager : Event: ======'balldevice_bd_trough_ejecting_ball'====== Args={'balls': 1, 'target': <ball_device.bd_plunger>, 'source': <ball_device.bd_trough>, 'mechanical_eject': True, 'num_attempts': 0}
2025-10-04 10:12:36,069 : INFO : ball_device.bd_trough : Wait for ball to leave device
2025-10-04 10:12:36,070 : INFO : coil.c_trough_eject : Pulsing Driver for 20ms (1.0 pulse_power)
2025-10-04 10:12:36,070 : INFO : SwitchController : <<<<<<< 's_trough1' inactive >>>>>>>
2025-10-04 10:12:36,076 : INFO : ball_device.bd_trough : State: ball_left
2025-10-04 10:12:36,077 : INFO : ball_device.bd_trough : Ball left
2025-10-04 10:12:36,077 : INFO : ball_device.bd_trough : Wait for confirm with timeout 3.0
2025-10-04 10:12:36,168 : INFO : SwitchController : <<<<<<< 's_plunger' active >>>>>>>
2025-10-04 10:12:36,169 : INFO : EventManager : Event: ======'machine_var_audits_switches_s_plunger'====== Args={'value': 128, 'prev_value': 127, 'change': 1}
2025-10-04 10:12:36,668 : INFO : ball_device.bd_plunger : Received ball from <ball_device.bd_trough>
2025-10-04 10:12:36,668 : INFO : EventManager : Event: ======'balldevice_bd_plunger_ball_enter'====== Args={'new_balls': 1, 'unclaimed_balls': 0, 'new_available_balls': 0, 'device': <ball_device.bd_plunger>}
2025-10-04 10:12:36,669 : INFO : EventManager : Event: ======'balldevice_bd_plunger_ball_entered'====== Args={'new_balls': 0, 'device': <ball_device.bd_plunger>}
2025-10-04 10:12:36,669 : INFO : EventManager : Event: ======'balldevice_bd_plunger_ball_count_changed'====== Args={'balls': 1}
2025-10-04 10:12:36,669 : INFO : ball_device.bd_trough : Got eject confirm
2025-10-04 10:12:36,669 : INFO : ball_device.bd_trough : Eject successful
2025-10-04 10:12:36,669 : INFO : EventManager : Event: ======'balldevice_bd_trough_ball_eject_success'====== Args={'balls': 1, 'target': <ball_device.bd_plunger>}
2025-10-04 10:12:36,670 : INFO : EventManager : Event: ======'balldevice_bd_trough_ball_count_changed'====== Args={'balls': 5}
2025-10-04 10:12:36,670 : INFO : ball_device.bd_trough : State: idle
2025-10-04 10:12:36,670 : INFO : ball_device.bd_plunger : State: waiting_for_target_ready
2025-10-04 10:12:36,670 : INFO : EventManager : Event: ======'balldevice_bd_plunger_ball_eject_attempt'====== Args={'balls': 1, 'target': <playfield.playfield>, 'source': <ball_device.bd_plunger>, 'mechanical_eject': True, 'num_attempts': 0}
2025-10-04 10:12:36,671 : INFO : ball_device.bd_plunger : State: ejecting
2025-10-04 10:12:36,671 : INFO : ball_device.bd_plunger : Ejecting ball to <playfield.playfield>
2025-10-04 10:12:36,671 : INFO : EventManager : Event: ======'balldevice_bd_plunger_ejecting_ball'====== Args={'balls': 1, 'target': <playfield.playfield>, 'source': <ball_device.bd_plunger>, 'mechanical_eject': True, 'num_attempts': 0}
2025-10-04 10:12:36,672 : INFO : ball_device.bd_plunger : Wait for ball to leave device
2025-10-04 10:12:38,545 : WARNING : SwitchController : Received duplicate switch state 1 for switch s_plunger from the platform interface. Log Code: Log-SwitchController-1 (https://missionpinball.org/logs)
2025-10-04 10:12:38,632 : INFO : SwitchController : <<<<<<< 's_plunger' inactive >>>>>>>
2025-10-04 10:12:38,657 : INFO : ball_device.bd_plunger : State: ball_left
2025-10-04 10:12:38,657 : INFO : ball_device.bd_plunger : Ball left
2025-10-04 10:12:38,658 : INFO : ball_device.bd_plunger : Wait for confirm with timeout 5.0
2025-10-04 10:12:39,853 : INFO : SwitchController : <<<<<<< 's_right_rollover' active >>>>>>>
2025-10-04 10:12:39,854 : INFO : EventManager : Event: ======'playfield_active'====== Args={}
2025-10-04 10:12:39,855 : INFO : EventManager : Event: ======'s_right_rollover_active'====== Args={}
2025-10-04 10:12:39,856 : INFO : EventManager : Event: ======'machine_var_audits_switches_s_right_rollover'====== Args={'value': 52, 'prev_value': 51, 'change': 1}
2025-10-04 10:12:39,859 : INFO : EventManager : Event: ======'player_shot_right_rollover_shot'====== Args={'value': 1, 'prev_value': 0, 'change': 1, 'player_num': 1}
2025-10-04 10:12:39,862 : INFO : EventManager : Event: ======'machine_var_audits_shots_right_rollover_shot'====== Args={'value': 45, 'prev_value': 44, 'change': 1}
2025-10-04 10:12:39,864 : INFO : EventManager : Event: ======'right_rollover_shot_hit'====== Args={'profile': 'default', 'state': 'unlit', 'advancing': True}
2025-10-04 10:12:39,865 : INFO : EventManager : Event: ======'right_rollover_shot_default_hit'====== Args={'profile': 'default', 'state': 'unlit', 'advancing': True}
2025-10-04 10:12:39,866 : INFO : EventManager : Event: ======'right_rollover_shot_default_unlit_hit'====== Args={'profile': 'default', 'state': 'unlit', 'advancing': True}
2025-10-04 10:12:39,866 : INFO : EventManager : Event: ======'right_rollover_shot_unlit_hit'====== Args={'profile': 'default', 'state': 'unlit', 'advancing': True}
2025-10-04 10:12:39,867 : INFO : EventManager : Event: ======'player_score'====== Args={'value': 300, 'prev_value': 0, 'change': 300, 'player_num': 1, 'source': 'base'}
2025-10-04 10:12:39,868 : INFO : EventManager : Event: ======'rollover_lanes_hit'====== Args={}
2025-10-04 10:12:39,869 : INFO : EventManager : Event: ======'rollover_lanes_unlit_hit'====== Args={}
2025-10-04 10:12:39,915 : INFO : ball_device.bd_plunger : Got eject confirm
2025-10-04 10:12:39,915 : INFO : ball_device.bd_plunger : Eject successful
2025-10-04 10:12:39,915 : INFO : EventManager : Event: ======'balldevice_bd_plunger_ball_eject_success'====== Args={'balls': 1, 'target': <playfield.playfield>}
2025-10-04 10:12:39,916 : INFO : EventManager : Event: ======'balldevice_playfield_ball_enter'====== Args={'new_balls': 1, 'unclaimed_balls': 1, 'device': <playfield.playfield>}
2025-10-04 10:12:39,916 : INFO : EventManager : Event: ======'playfield_ball_count_change'====== Args={'balls': 1, 'change': 1}
2025-10-04 10:12:39,917 : INFO : EventManager : Event: ======'balldevice_bd_plunger_ball_count_changed'====== Args={'balls': 0}
2025-10-04 10:12:39,917 : INFO : ball_device.bd_plunger : State: idle
2025-10-04 10:12:39,980 : INFO : SwitchController : <<<<<<< 's_right_rollover' inactive >>>>>>>
2025-10-04 10:12:44,215 : INFO : SwitchController : <<<<<<< 's_left_rollover' active >>>>>>>
2025-10-04 10:12:44,216 : INFO : EventManager : Event: ======'s_left_rollover_active'====== Args={}
2025-10-04 10:12:44,216 : INFO : EventManager : Event: ======'machine_var_audits_switches_s_left_rollover'====== Args={'value': 40, 'prev_value': 39, 'change': 1}
2025-10-04 10:12:44,220 : INFO : EventManager : Event: ======'player_shot_left_rollover_shot'====== Args={'value': 1, 'prev_value': 0, 'change': 1, 'player_num': 1}
2025-10-04 10:12:44,223 : INFO : EventManager : Event: ======'machine_var_audits_shots_left_rollover_shot'====== Args={'value': 34, 'prev_value': 33, 'change': 1}
2025-10-04 10:12:44,225 : INFO : EventManager : Event: ======'left_rollover_shot_hit'====== Args={'profile': 'default', 'state': 'unlit', 'advancing': True}
2025-10-04 10:12:44,225 : INFO : EventManager : Event: ======'left_rollover_shot_default_hit'====== Args={'profile': 'default', 'state': 'unlit', 'advancing': True}
2025-10-04 10:12:44,226 : INFO : EventManager : Event: ======'left_rollover_shot_default_unlit_hit'====== Args={'profile': 'default', 'state': 'unlit', 'advancing': True}
2025-10-04 10:12:44,227 : INFO : EventManager : Event: ======'left_rollover_shot_unlit_hit'====== Args={'profile': 'default', 'state': 'unlit', 'advancing': True}
2025-10-04 10:12:44,228 : INFO : EventManager : Event: ======'player_score'====== Args={'value': 400, 'prev_value': 300, 'change': 100, 'player_num': 1, 'source': 'base'}
2025-10-04 10:12:44,228 : INFO : EventManager : Event: ======'rollover_lanes_hit'====== Args={}
2025-10-04 10:12:44,229 : INFO : EventManager : Event: ======'rollover_lanes_unlit_hit'====== Args={}
2025-10-04 10:12:44,346 : INFO : SwitchController : <<<<<<< 's_left_rollover' inactive >>>>>>>
2025-10-04 10:12:45,124 : INFO : SwitchController : <<<<<<< 's_center_rollover' active >>>>>>>
2025-10-04 10:12:45,124 : INFO : EventManager : Event: ======'s_center_rollover_active'====== Args={}
2025-10-04 10:12:45,124 : INFO : EventManager : Event: ======'machine_var_audits_switches_s_center_rollover'====== Args={'value': 94, 'prev_value': 93, 'change': 1}
2025-10-04 10:12:45,125 : INFO : EventManager : Event: ======'player_shot_center_rollover_shot'====== Args={'value': 1, 'prev_value': 0, 'change': 1, 'player_num': 1}
2025-10-04 10:12:45,125 : INFO : EventManager : Event: ======'machine_var_audits_shots_center_rollover_shot'====== Args={'value': 87, 'prev_value': 86, 'change': 1}
2025-10-04 10:12:45,126 : INFO : EventManager : Event: ======'center_rollover_shot_hit'====== Args={'profile': 'default', 'state': 'unlit', 'advancing': True}
2025-10-04 10:12:45,126 : INFO : EventManager : Event: ======'center_rollover_shot_default_hit'====== Args={'profile': 'default', 'state': 'unlit', 'advancing': True}
2025-10-04 10:12:45,126 : INFO : EventManager : Event: ======'center_rollover_shot_default_unlit_hit'====== Args={'profile': 'default', 'state': 'unlit', 'advancing': True}
2025-10-04 10:12:45,126 : INFO : EventManager : Event: ======'center_rollover_shot_unlit_hit'====== Args={'profile': 'default', 'state': 'unlit', 'advancing': True}
2025-10-04 10:12:45,126 : INFO : EventManager : Event: ======'rollover_lanes_complete'====== Args={'state': 'lit'}
2025-10-04 10:12:45,126 : INFO : EventManager : Event: ======'rollover_lanes_lit_complete'====== Args={}
2025-10-04 10:12:45,127 : INFO : EventManager : Event: ======'player_shot_left_rollover_shot'====== Args={'value': 0, 'prev_value': 1, 'change': -1, 'player_num': 1}
2025-10-04 10:12:45,127 : INFO : EventManager : Event: ======'player_shot_center_rollover_shot'====== Args={'value': 0, 'prev_value': 1, 'change': -1, 'player_num': 1}
2025-10-04 10:12:45,127 : INFO : EventManager : Event: ======'player_shot_right_rollover_shot'====== Args={'value': 0, 'prev_value': 1, 'change': -1, 'player_num': 1}
2025-10-04 10:12:45,128 : INFO : EventManager : Event: ======'player_score'====== Args={'value': 5400, 'prev_value': 400, 'change': 5000, 'player_num': 1, 'source': 'base'}
2025-10-04 10:12:45,128 : INFO : EventManager : Event: ======'rollover_lanes_complete'====== Args={'state': 'unlit'}
2025-10-04 10:12:45,128 : INFO : EventManager : Event: ======'rollover_lanes_unlit_complete'====== Args={}
2025-10-04 10:12:45,130 : INFO : EventManager : Event: ======'player_score'====== Args={'value': 5600, 'prev_value': 5400, 'change': 200, 'player_num': 1, 'source': 'base'}
2025-10-04 10:12:45,130 : INFO : EventManager : Event: ======'rollover_lanes_hit'====== Args={}
2025-10-04 10:12:45,130 : INFO : EventManager : Event: ======'rollover_lanes_unlit_hit'====== Args={}
2025-10-04 10:12:45,244 : INFO : SwitchController : <<<<<<< 's_center_rollover' inactive >>>>>>>
2025-10-04 10:12:51,051 : INFO : Machine : Shutting down...
2025-10-04 10:12:51,051 : INFO : EventManager : Event: ======'shutdown'====== Args={}
2025-10-04 10:12:51,060 : INFO : EventManager : Event: ======'mode_game_will_stop'====== Args={}
2025-10-04 10:12:51,060 : INFO : EventManager : Event: ======'mode_game_stopping'====== Args={}
2025-10-04 10:12:51,060 : INFO : EventManager : Event: ======'mode_base_will_stop'====== Args={}
2025-10-04 10:12:51,060 : INFO : EventManager : Event: ======'mode_base_stopping'====== Args={}
2025-10-04 10:12:51,061 : INFO : Mode.base : Stopped.
2025-10-04 10:12:51,061 : INFO : EventManager : Event: ======'modes_active_modes_changed'====== Args={}
2025-10-04 10:12:51,061 : INFO : EventManager : Event: ======'mode_base_stopped'====== Args={}
2025-10-04 10:12:51,061 : INFO : EventManager : Event: ======'clear'====== Args={'key': 'base'}
2025-10-04 10:12:51,062 : INFO : Mode.game : Stopped.
2025-10-04 10:12:51,062 : INFO : EventManager : Event: ======'modes_active_modes_changed'====== Args={}
2025-10-04 10:12:51,062 : INFO : EventManager : Event: ======'mode_game_stopped'====== Args={}
2025-10-04 10:12:51,062 : INFO : EventManager : Event: ======'clear'====== Args={'key': 'game'}
2025-10-04 10:12:51,063 : INFO : root : MPF run loop ended.
