2025-10-05 15:05:05,557 : INFO : root : Loading config.
2025-10-05 15:05:05,561 : INFO : YamlMultifileConfigLoader : Machine config file #1: config.yaml
2025-10-05 15:05:05,561 : INFO : ConfigProcessor : Loading config from cache: C:\Users\richa\AppData\Local\Temp\bad76953a596b8c99f832e0e98026c3b.mpf_cache
2025-10-05 15:05:05,642 : INFO : ConfigProcessor : Loading config from cache: C:\Users\richa\AppData\Local\Temp\77a998d318c788df5647a1900cedfc56.mpf_cache
2025-10-05 15:05:05,643 : INFO : ConfigProcessor : Loading config from cache: C:\Users\richa\AppData\Local\Temp\9c8dea79ca4d15ee886340e992e8cb9d.mpf_cache
2025-10-05 15:05:05,643 : WARNING : ConfigProcessor : Config file in cache changed: C:\Users\richa\ttp5\modes\base\config\base.yaml
2025-10-05 15:05:05,643 : INFO : ConfigProcessor : Loading config from file C:\Users\richa\ttp5\modes\base\config\base.yaml.
2025-10-05 15:05:05,656 : INFO : ConfigProcessor : Loading config: C:\Users\richa\ttp5\modes\base\config\base.yaml
2025-10-05 15:05:05,657 : INFO : ConfigProcessor : Config file cache created: C:\Users\richa\AppData\Local\Temp\8ddee2e87a4f178751335e99da00e9c4.mpf_cache
2025-10-05 15:05:05,658 : INFO : ConfigProcessor : Loading config from cache: C:\Users\richa\AppData\Local\Temp\16d594341c3fbe91b1b6d496c05a6fb0.mpf_cache
2025-10-05 15:05:05,659 : INFO : ConfigProcessor : Loading config from cache: C:\Users\richa\AppData\Local\Temp\9ea1b14cb2b1cce5e8bf981a1ff8cfc5.mpf_cache
2025-10-05 15:05:05,659 : INFO : ConfigProcessor : Loading config from cache: C:\Users\richa\AppData\Local\Temp\6cbce11faef0ddcfeddb2a5b8dbeb4ae.mpf_cache
2025-10-05 15:05:05,660 : INFO : Machine : Mission Pinball Framework Core Engine v0.57.0.dev39
2025-10-05 15:05:05,660 : INFO : Machine : Command line arguments: {'no_load_cache': False, 'create_config_cache': True, 'bcp': True, 'configfile': ['config.yaml'], 'force_assets_load': False, 'jsonlogging': False, 'logfile': 'logs\\2025-10-05-15-05-05-mpf-DESKTOP-RK7BE5M.log', 'pause': False, 'production': False, 'text_ui': True, 'loglevel': 15, 'consoleloglevel': 20, 'force_platform': None, 'syslog_address': None, 'mc_file_name': None, 'no_sound': False}
2025-10-05 15:05:05,660 : INFO : Machine : MPF path: C:\Users\richa\mpfvirtual4\lib\site-packages\mpf
2025-10-05 15:05:05,660 : INFO : Machine : Machine path: C:\Users\richa\ttp5
2025-10-05 15:05:05,660 : INFO : Machine : Platform: win32
2025-10-05 15:05:05,660 : INFO : Machine : Python executable location: C:\Users\richa\mpfvirtual4\Scripts\python.exe
2025-10-05 15:05:05,660 : INFO : Machine : Python version: 3.9.13 (64-bit)
2025-10-05 15:05:05,662 : INFO : Machine : Initializing MPF...
2025-10-05 15:05:06,362 : INFO : EventManager : Event: ======'machine_var_credits_string'====== Args={'value': 'FREE PLAY', 'prev_value': None, 'change': True}
2025-10-05 15:05:06,421 : INFO : EventManager : Event: ======'machine_var_master_volume'====== Args={'value': 0.5, 'prev_value': None, 'change': True}
2025-10-05 15:05:06,421 : INFO : EventManager : Event: ======'machine_var_player1_score'====== Args={'value': 7584, 'prev_value': None, 'change': True}
2025-10-05 15:05:06,421 : INFO : EventManager : Event: ======'machine_var_mpf_version'====== Args={'value': 'Mission Pinball Framework v0.57.0.dev39', 'prev_value': None, 'change': True}
2025-10-05 15:05:06,421 : INFO : EventManager : Event: ======'machine_var_mpf_extended_version'====== Args={'value': 'Mission Pinball Framework v0.57.0.dev39, Config version:6, Show version: 6, BCP version:1.1', 'prev_value': None, 'change': True}
2025-10-05 15:05:06,421 : INFO : EventManager : Event: ======'machine_var_python_version'====== Args={'value': '3.9.13', 'prev_value': None, 'change': True}
2025-10-05 15:05:06,430 : INFO : EventManager : Event: ======'machine_var_platform'====== Args={'value': 'Windows-10-10.0.19045-SP0', 'prev_value': None, 'change': True}
2025-10-05 15:05:06,430 : INFO : EventManager : Event: ======'machine_var_platform_system'====== Args={'value': 'Windows', 'prev_value': None, 'change': True}
2025-10-05 15:05:06,430 : INFO : EventManager : Event: ======'machine_var_platform_release'====== Args={'value': '10', 'prev_value': None, 'change': True}
2025-10-05 15:05:06,430 : INFO : EventManager : Event: ======'machine_var_platform_version'====== Args={'value': '10.0.19045', 'prev_value': None, 'change': True}
2025-10-05 15:05:06,431 : INFO : EventManager : Event: ======'machine_var_platform_machine'====== Args={'value': 'AMD64', 'prev_value': None, 'change': True}
2025-10-05 15:05:06,431 : INFO : EventManager : Event: ======'init_phase_1'====== Args={}
2025-10-05 15:05:06,467 : INFO : EventManager : Event: ======'init_phase_2'====== Args={}
2025-10-05 15:05:06,468 : INFO : SwitchController : Found active switch: ('2', <Platform.SmartVirtual>) <switch.s_trough1>
2025-10-05 15:05:06,468 : INFO : SwitchController : Found active switch: ('3', <Platform.SmartVirtual>) <switch.s_trough2>
2025-10-05 15:05:06,468 : INFO : SwitchController : Found active switch: ('4', <Platform.SmartVirtual>) <switch.s_trough3>
2025-10-05 15:05:06,468 : INFO : SwitchController : Found active switch: ('5', <Platform.SmartVirtual>) <switch.s_trough4>
2025-10-05 15:05:06,468 : INFO : SwitchController : Found active switch: ('6', <Platform.SmartVirtual>) <switch.s_trough5>
2025-10-05 15:05:06,468 : INFO : SwitchController : Found active switch: ('7', <Platform.SmartVirtual>) <switch.s_trough6>
2025-10-05 15:05:06,472 : INFO : EventManager : Event: ======'bcp_connection_attempt'====== Args={'name': 'local_display', 'host': 'localhost', 'port': 5050}
2025-10-05 15:05:06,474 : INFO : BCPClientSocket : Connecting BCP to 'local_display' at localhost:5050...
2025-10-05 15:05:08,524 : INFO : BCPClientSocket : Connected BCP to 'local_display' localhost:5050
2025-10-05 15:05:08,525 : INFO : EventManager : Event: ======'bcp_clients_connected'====== Args={}
2025-10-05 15:05:09,275 : INFO : EventManager : Event: ======'machine_var_mc_version'====== Args={'value': 'MPF-MC v0.57.0.dev10', 'prev_value': None, 'change': True}
2025-10-05 15:05:09,275 : INFO : EventManager : Event: ======'machine_var_mc_extended_version'====== Args={'value': 'MPF-MC v0.57.0.dev10 (config_version=6, BCP v1.1,                      Requires MPF API compatibility v0.57.0.dev19 or newer)', 'prev_value': None, 'change': True}
2025-10-05 15:05:09,280 : INFO : ball_device.bd_trough : BCH: Initial count: 6
2025-10-05 15:05:09,369 : INFO : ball_device.bd_trough : State: idle
2025-10-05 15:05:09,369 : INFO : ball_device.bd_plunger : BCH: Initial count: 0
2025-10-05 15:05:09,370 : INFO : ball_device.bd_plunger : State: idle
2025-10-05 15:05:09,370 : INFO : ball_device.bd_left_scoop : BCH: Initial count: 0
2025-10-05 15:05:09,370 : INFO : ball_device.bd_left_scoop : State: idle
2025-10-05 15:05:09,370 : INFO : ball_device.bd_right_scoop : BCH: Initial count: 0
2025-10-05 15:05:09,371 : INFO : ball_device.bd_right_scoop : State: idle
2025-10-05 15:05:09,388 : INFO : EventManager : Event: ======'init_phase_3'====== Args={}
2025-10-05 15:05:09,393 : INFO : EventManager : Event: ======'init_phase_4'====== Args={}
2025-10-05 15:05:09,393 : INFO : BallController : Initial balls found: 6
2025-10-05 15:05:09,394 : INFO : EventManager : Event: ======'machine_var_audits_events_game_ended'====== Args={'value': 26, 'prev_value': None, 'change': True}
2025-10-05 15:05:09,395 : INFO : EventManager : Event: ======'machine_var_audits_events_game_started'====== Args={'value': 107, 'prev_value': None, 'change': True}
2025-10-05 15:05:09,395 : INFO : EventManager : Event: ======'machine_var_audits_missing_switches_s_A'====== Args={'value': 35, 'prev_value': None, 'change': True}
2025-10-05 15:05:09,395 : INFO : EventManager : Event: ======'machine_var_audits_missing_switches_s_E'====== Args={'value': 35, 'prev_value': None, 'change': True}
2025-10-05 15:05:09,395 : INFO : EventManager : Event: ======'machine_var_audits_missing_switches_s_Eb'====== Args={'value': 35, 'prev_value': None, 'change': True}
2025-10-05 15:05:09,396 : INFO : EventManager : Event: ======'machine_var_audits_missing_switches_s_I'====== Args={'value': 35, 'prev_value': None, 'change': True}
2025-10-05 15:05:09,396 : INFO : EventManager : Event: ======'machine_var_audits_missing_switches_s_L'====== Args={'value': 35, 'prev_value': None, 'change': True}
2025-10-05 15:05:09,396 : INFO : EventManager : Event: ======'machine_var_audits_missing_switches_s_M'====== Args={'value': 35, 'prev_value': None, 'change': True}
2025-10-05 15:05:09,396 : INFO : EventManager : Event: ======'machine_var_audits_missing_switches_s_R'====== Args={'value': 35, 'prev_value': None, 'change': True}
2025-10-05 15:05:09,396 : INFO : EventManager : Event: ======'machine_var_audits_missing_switches_s_T'====== Args={'value': 35, 'prev_value': None, 'change': True}
2025-10-05 15:05:09,396 : INFO : EventManager : Event: ======'machine_var_audits_missing_switches_s_Tb'====== Args={'value': 35, 'prev_value': None, 'change': True}
2025-10-05 15:05:09,397 : INFO : EventManager : Event: ======'machine_var_audits_missing_switches_s_V'====== Args={'value': 35, 'prev_value': None, 'change': True}
2025-10-05 15:05:09,397 : INFO : EventManager : Event: ======'machine_var_audits_missing_switches_s_bumper2'====== Args={'value': 3, 'prev_value': None, 'change': True}
2025-10-05 15:05:09,397 : INFO : EventManager : Event: ======'machine_var_audits_missing_switches_s_bumper_1'====== Args={'value': 28, 'prev_value': None, 'change': True}
2025-10-05 15:05:09,397 : INFO : EventManager : Event: ======'machine_var_audits_missing_switches_s_bumper_2'====== Args={'value': 28, 'prev_value': None, 'change': True}
2025-10-05 15:05:09,397 : INFO : EventManager : Event: ======'machine_var_audits_missing_switches_s_center_center_target'====== Args={'value': 33, 'prev_value': None, 'change': True}
2025-10-05 15:05:09,397 : INFO : EventManager : Event: ======'machine_var_audits_missing_switches_s_launcher_lane_spinner'====== Args={'value': 33, 'prev_value': None, 'change': True}
2025-10-05 15:05:09,398 : INFO : EventManager : Event: ======'machine_var_audits_missing_switches_s_left_center_target'====== Args={'value': 33, 'prev_value': None, 'change': True}
2025-10-05 15:05:09,398 : INFO : EventManager : Event: ======'machine_var_audits_missing_switches_s_left_corridor_spinner'====== Args={'value': 33, 'prev_value': None, 'change': True}
2025-10-05 15:05:09,398 : INFO : EventManager : Event: ======'machine_var_audits_missing_switches_s_left_corridor_spinner2'====== Args={'value': 33, 'prev_value': None, 'change': True}
2025-10-05 15:05:09,398 : INFO : EventManager : Event: ======'machine_var_audits_missing_switches_s_left_flipper'====== Args={'value': 22, 'prev_value': None, 'change': True}
2025-10-05 15:05:09,398 : INFO : EventManager : Event: ======'machine_var_audits_missing_switches_s_left_inlane'====== Args={'value': 60, 'prev_value': None, 'change': True}
2025-10-05 15:05:09,399 : INFO : EventManager : Event: ======'machine_var_audits_missing_switches_s_left_outlane'====== Args={'value': 70, 'prev_value': None, 'change': True}
2025-10-05 15:05:09,399 : INFO : EventManager : Event: ======'machine_var_audits_missing_switches_s_left_scoop'====== Args={'value': 3, 'prev_value': None, 'change': True}
2025-10-05 15:05:09,399 : INFO : EventManager : Event: ======'machine_var_audits_missing_switches_s_left_standup'====== Args={'value': 32, 'prev_value': None, 'change': True}
2025-10-05 15:05:09,399 : INFO : EventManager : Event: ======'machine_var_audits_missing_switches_s_right_center_target'====== Args={'value': 33, 'prev_value': None, 'change': True}
2025-10-05 15:05:09,399 : INFO : EventManager : Event: ======'machine_var_audits_missing_switches_s_right_corridor_spinner'====== Args={'value': 33, 'prev_value': None, 'change': True}
2025-10-05 15:05:09,400 : INFO : EventManager : Event: ======'machine_var_audits_missing_switches_s_right_flipper'====== Args={'value': 3, 'prev_value': None, 'change': True}
2025-10-05 15:05:09,400 : INFO : EventManager : Event: ======'machine_var_audits_missing_switches_s_right_inlane'====== Args={'value': 5, 'prev_value': None, 'change': True}
2025-10-05 15:05:09,400 : INFO : EventManager : Event: ======'machine_var_audits_missing_switches_s_right_outlane'====== Args={'value': 70, 'prev_value': None, 'change': True}
2025-10-05 15:05:09,400 : INFO : EventManager : Event: ======'machine_var_audits_missing_switches_s_right_scoop'====== Args={'value': 3, 'prev_value': None, 'change': True}
2025-10-05 15:05:09,400 : INFO : EventManager : Event: ======'machine_var_audits_missing_switches_s_right_standup'====== Args={'value': 32, 'prev_value': None, 'change': True}
2025-10-05 15:05:09,401 : INFO : EventManager : Event: ======'machine_var_audits_missing_switches_s_sling_left'====== Args={'value': 60, 'prev_value': None, 'change': True}
2025-10-05 15:05:09,401 : INFO : EventManager : Event: ======'machine_var_audits_missing_switches_s_sling_right'====== Args={'value': 74, 'prev_value': None, 'change': True}
2025-10-05 15:05:09,401 : INFO : EventManager : Event: ======'machine_var_audits_missing_switches_s_start'====== Args={'value': 36, 'prev_value': None, 'change': True}
2025-10-05 15:05:09,401 : INFO : EventManager : Event: ======'machine_var_audits_missing_switches_s_top_left_standup'====== Args={'value': 32, 'prev_value': None, 'change': True}
2025-10-05 15:05:09,402 : INFO : EventManager : Event: ======'machine_var_audits_missing_switches_s_top_left_standup2'====== Args={'value': 32, 'prev_value': None, 'change': True}
2025-10-05 15:05:09,402 : INFO : EventManager : Event: ======'machine_var_audits_missing_switches_s_trough1'====== Args={'value': 2, 'prev_value': None, 'change': True}
2025-10-05 15:05:09,402 : INFO : EventManager : Event: ======'machine_var_audits_missing_switches_s_trough2'====== Args={'value': 107, 'prev_value': None, 'change': True}
2025-10-05 15:05:09,402 : INFO : EventManager : Event: ======'machine_var_audits_missing_switches_s_trough3'====== Args={'value': 107, 'prev_value': None, 'change': True}
2025-10-05 15:05:09,403 : INFO : EventManager : Event: ======'machine_var_audits_missing_switches_s_trough4'====== Args={'value': 107, 'prev_value': None, 'change': True}
2025-10-05 15:05:09,403 : INFO : EventManager : Event: ======'machine_var_audits_missing_switches_s_trough5'====== Args={'value': 107, 'prev_value': None, 'change': True}
2025-10-05 15:05:09,403 : INFO : EventManager : Event: ======'machine_var_audits_missing_switches_s_trough6'====== Args={'value': 107, 'prev_value': None, 'change': True}
2025-10-05 15:05:09,403 : INFO : EventManager : Event: ======'machine_var_audits_missing_switches_s_trough_jam'====== Args={'value': 107, 'prev_value': None, 'change': True}
2025-10-05 15:05:09,404 : INFO : EventManager : Event: ======'machine_var_audits_player_score'====== Args={'value': {'average': 12437, 'top': [28284, 28200, 25272, 22800, 22400, 17500, 17242, 16800, 16800, 14636], 'total': 28}, 'prev_value': None, 'change': True}
2025-10-05 15:05:09,404 : INFO : EventManager : Event: ======'machine_var_audits_shots_bumper1_shot'====== Args={'value': 18, 'prev_value': None, 'change': True}
2025-10-05 15:05:09,404 : INFO : EventManager : Event: ======'machine_var_audits_shots_center_rollover'====== Args={'value': 7, 'prev_value': None, 'change': True}
2025-10-05 15:05:09,404 : INFO : EventManager : Event: ======'machine_var_audits_shots_center_rollover_shot'====== Args={'value': 137, 'prev_value': None, 'change': True}
2025-10-05 15:05:09,405 : INFO : EventManager : Event: ======'machine_var_audits_shots_left_rollover'====== Args={'value': 6, 'prev_value': None, 'change': True}
2025-10-05 15:05:09,405 : INFO : EventManager : Event: ======'machine_var_audits_shots_left_rollover_shot'====== Args={'value': 80, 'prev_value': None, 'change': True}
2025-10-05 15:05:09,405 : INFO : EventManager : Event: ======'machine_var_audits_shots_left_scoop_shot'====== Args={'value': 23, 'prev_value': None, 'change': True}
2025-10-05 15:05:09,405 : INFO : EventManager : Event: ======'machine_var_audits_shots_middle_inlane_shot'====== Args={'value': 20, 'prev_value': None, 'change': True}
2025-10-05 15:05:09,406 : INFO : EventManager : Event: ======'machine_var_audits_shots_my_first_shot'====== Args={'value': 95, 'prev_value': None, 'change': True}
2025-10-05 15:05:09,406 : INFO : EventManager : Event: ======'machine_var_audits_shots_right_inlane_shot'====== Args={'value': 18, 'prev_value': None, 'change': True}
2025-10-05 15:05:09,407 : INFO : EventManager : Event: ======'machine_var_audits_shots_right_rollover'====== Args={'value': 7, 'prev_value': None, 'change': True}
2025-10-05 15:05:09,407 : INFO : EventManager : Event: ======'machine_var_audits_shots_right_rollover_shot'====== Args={'value': 118, 'prev_value': None, 'change': True}
2025-10-05 15:05:09,407 : INFO : EventManager : Event: ======'machine_var_audits_shots_right_scoop_shot'====== Args={'value': 19, 'prev_value': None, 'change': True}
2025-10-05 15:05:09,407 : INFO : EventManager : Event: ======'machine_var_audits_shots_top_middle_inlane_shot'====== Args={'value': 41, 'prev_value': None, 'change': True}
2025-10-05 15:05:09,407 : INFO : EventManager : Event: ======'machine_var_audits_switches_s_A'====== Args={'value': 0, 'prev_value': None, 'change': True}
2025-10-05 15:05:09,408 : INFO : EventManager : Event: ======'machine_var_audits_switches_s_E'====== Args={'value': 0, 'prev_value': None, 'change': True}
2025-10-05 15:05:09,408 : INFO : EventManager : Event: ======'machine_var_audits_switches_s_Eb'====== Args={'value': 0, 'prev_value': None, 'change': True}
2025-10-05 15:05:09,408 : INFO : EventManager : Event: ======'machine_var_audits_switches_s_I'====== Args={'value': 0, 'prev_value': None, 'change': True}
2025-10-05 15:05:09,408 : INFO : EventManager : Event: ======'machine_var_audits_switches_s_L'====== Args={'value': 0, 'prev_value': None, 'change': True}
2025-10-05 15:05:09,409 : INFO : EventManager : Event: ======'machine_var_audits_switches_s_M'====== Args={'value': 0, 'prev_value': None, 'change': True}
2025-10-05 15:05:09,409 : INFO : EventManager : Event: ======'machine_var_audits_switches_s_R'====== Args={'value': 0, 'prev_value': None, 'change': True}
2025-10-05 15:05:09,409 : INFO : EventManager : Event: ======'machine_var_audits_switches_s_T'====== Args={'value': 0, 'prev_value': None, 'change': True}
2025-10-05 15:05:09,409 : INFO : EventManager : Event: ======'machine_var_audits_switches_s_Tb'====== Args={'value': 0, 'prev_value': None, 'change': True}
2025-10-05 15:05:09,409 : INFO : EventManager : Event: ======'machine_var_audits_switches_s_V'====== Args={'value': 0, 'prev_value': None, 'change': True}
2025-10-05 15:05:09,410 : INFO : EventManager : Event: ======'machine_var_audits_switches_s_bumper1'====== Args={'value': 18, 'prev_value': None, 'change': True}
2025-10-05 15:05:09,410 : INFO : EventManager : Event: ======'machine_var_audits_switches_s_bumper2'====== Args={'value': 0, 'prev_value': None, 'change': True}
2025-10-05 15:05:09,410 : INFO : EventManager : Event: ======'machine_var_audits_switches_s_bumper_1'====== Args={'value': 0, 'prev_value': None, 'change': True}
2025-10-05 15:05:09,410 : INFO : EventManager : Event: ======'machine_var_audits_switches_s_bumper_2'====== Args={'value': 0, 'prev_value': None, 'change': True}
2025-10-05 15:05:09,411 : INFO : EventManager : Event: ======'machine_var_audits_switches_s_center_center_target'====== Args={'value': 0, 'prev_value': None, 'change': True}
2025-10-05 15:05:09,411 : INFO : EventManager : Event: ======'machine_var_audits_switches_s_center_rollover'====== Args={'value': 144, 'prev_value': None, 'change': True}
2025-10-05 15:05:09,411 : INFO : EventManager : Event: ======'machine_var_audits_switches_s_launcher_lane_spinner'====== Args={'value': 0, 'prev_value': None, 'change': True}
2025-10-05 15:05:09,411 : INFO : EventManager : Event: ======'machine_var_audits_switches_s_left_center_target'====== Args={'value': 0, 'prev_value': None, 'change': True}
2025-10-05 15:05:09,412 : INFO : EventManager : Event: ======'machine_var_audits_switches_s_left_corridor_spinner'====== Args={'value': 0, 'prev_value': None, 'change': True}
2025-10-05 15:05:09,412 : INFO : EventManager : Event: ======'machine_var_audits_switches_s_left_corridor_spinner2'====== Args={'value': 0, 'prev_value': None, 'change': True}
2025-10-05 15:05:09,412 : INFO : EventManager : Event: ======'machine_var_audits_switches_s_left_flipper'====== Args={'value': 324, 'prev_value': None, 'change': True}
2025-10-05 15:05:09,412 : INFO : EventManager : Event: ======'machine_var_audits_switches_s_left_inlane'====== Args={'value': 8, 'prev_value': None, 'change': True}
2025-10-05 15:05:09,413 : INFO : EventManager : Event: ======'machine_var_audits_switches_s_left_outlane'====== Args={'value': 3, 'prev_value': None, 'change': True}
2025-10-05 15:05:09,413 : INFO : EventManager : Event: ======'machine_var_audits_switches_s_left_rollover'====== Args={'value': 86, 'prev_value': None, 'change': True}
2025-10-05 15:05:09,413 : INFO : EventManager : Event: ======'machine_var_audits_switches_s_left_scoop'====== Args={'value': 46, 'prev_value': None, 'change': True}
2025-10-05 15:05:09,413 : INFO : EventManager : Event: ======'machine_var_audits_switches_s_left_standup'====== Args={'value': 0, 'prev_value': None, 'change': True}
2025-10-05 15:05:09,414 : INFO : EventManager : Event: ======'machine_var_audits_switches_s_middle_inlane'====== Args={'value': 20, 'prev_value': None, 'change': True}
2025-10-05 15:05:09,414 : INFO : EventManager : Event: ======'machine_var_audits_switches_s_plunger'====== Args={'value': 198, 'prev_value': None, 'change': True}
2025-10-05 15:05:09,414 : INFO : EventManager : Event: ======'machine_var_audits_switches_s_right_center_target'====== Args={'value': 0, 'prev_value': None, 'change': True}
2025-10-05 15:05:09,414 : INFO : EventManager : Event: ======'machine_var_audits_switches_s_right_corridor_spinner'====== Args={'value': 0, 'prev_value': None, 'change': True}
2025-10-05 15:05:09,415 : INFO : EventManager : Event: ======'machine_var_audits_switches_s_right_flipper'====== Args={'value': 142, 'prev_value': None, 'change': True}
2025-10-05 15:05:09,415 : INFO : EventManager : Event: ======'machine_var_audits_switches_s_right_inlane'====== Args={'value': 145, 'prev_value': None, 'change': True}
2025-10-05 15:05:09,415 : INFO : EventManager : Event: ======'machine_var_audits_switches_s_right_outlane'====== Args={'value': 3, 'prev_value': None, 'change': True}
2025-10-05 15:05:09,415 : INFO : EventManager : Event: ======'machine_var_audits_switches_s_right_rollover'====== Args={'value': 125, 'prev_value': None, 'change': True}
2025-10-05 15:05:09,416 : INFO : EventManager : Event: ======'machine_var_audits_switches_s_right_scoop'====== Args={'value': 30, 'prev_value': None, 'change': True}
2025-10-05 15:05:09,416 : INFO : EventManager : Event: ======'machine_var_audits_switches_s_right_standup'====== Args={'value': 0, 'prev_value': None, 'change': True}
2025-10-05 15:05:09,416 : INFO : EventManager : Event: ======'machine_var_audits_switches_s_sling_left'====== Args={'value': 3, 'prev_value': None, 'change': True}
2025-10-05 15:05:09,417 : INFO : EventManager : Event: ======'machine_var_audits_switches_s_sling_right'====== Args={'value': 1, 'prev_value': None, 'change': True}
2025-10-05 15:05:09,417 : INFO : EventManager : Event: ======'machine_var_audits_switches_s_start'====== Args={'value': 12, 'prev_value': None, 'change': True}
2025-10-05 15:05:09,417 : INFO : EventManager : Event: ======'machine_var_audits_switches_s_top_left_standup'====== Args={'value': 0, 'prev_value': None, 'change': True}
2025-10-05 15:05:09,417 : INFO : EventManager : Event: ======'machine_var_audits_switches_s_top_left_standup2'====== Args={'value': 0, 'prev_value': None, 'change': True}
2025-10-05 15:05:09,418 : INFO : EventManager : Event: ======'machine_var_audits_switches_s_top_middle_inlane'====== Args={'value': 41, 'prev_value': None, 'change': True}
2025-10-05 15:05:09,418 : INFO : EventManager : Event: ======'machine_var_audits_switches_s_trough1'====== Args={'value': 128, 'prev_value': None, 'change': True}
2025-10-05 15:05:09,418 : INFO : EventManager : Event: ======'machine_var_audits_switches_s_trough2'====== Args={'value': 0, 'prev_value': None, 'change': True}
2025-10-05 15:05:09,419 : INFO : EventManager : Event: ======'machine_var_audits_switches_s_trough3'====== Args={'value': 0, 'prev_value': None, 'change': True}
2025-10-05 15:05:09,419 : INFO : EventManager : Event: ======'machine_var_audits_switches_s_trough4'====== Args={'value': 0, 'prev_value': None, 'change': True}
2025-10-05 15:05:09,419 : INFO : EventManager : Event: ======'machine_var_audits_switches_s_trough5'====== Args={'value': 0, 'prev_value': None, 'change': True}
2025-10-05 15:05:09,419 : INFO : EventManager : Event: ======'machine_var_audits_switches_s_trough6'====== Args={'value': 0, 'prev_value': None, 'change': True}
2025-10-05 15:05:09,420 : INFO : EventManager : Event: ======'machine_var_audits_switches_s_trough_jam'====== Args={'value': 0, 'prev_value': None, 'change': True}
2025-10-05 15:05:09,421 : INFO : EventManager : Event: ======'init_phase_5'====== Args={}
2025-10-05 15:05:09,510 : INFO : EventManager : Event: ======'init_done'====== Args={}
2025-10-05 15:05:09,510 : INFO : EventManager : Event: ======'machine_reset_phase_1'====== Args={}
2025-10-05 15:05:09,511 : INFO : BcpServer : New client connected.
2025-10-05 15:05:09,526 : INFO : EventManager : Event: ======'machine_reset_phase_2'====== Args={}
2025-10-05 15:05:09,527 : INFO : EventManager : Event: ======'machine_reset_phase_3'====== Args={}
2025-10-05 15:05:09,527 : INFO : EventManager : Event: ======'reset_complete'====== Args={}
2025-10-05 15:05:09,528 : INFO : EventManager : Event: ======'mode_attract_will_start'====== Args={}
2025-10-05 15:05:09,529 : INFO : EventManager : Event: ======'mode_attract_starting'====== Args={}
2025-10-05 15:05:09,529 : INFO : Mode.attract : Started. Priority: 10
2025-10-05 15:05:09,529 : INFO : EventManager : Event: ======'modes_active_modes_changed'====== Args={}
2025-10-05 15:05:09,529 : INFO : EventManager : Event: ======'mode_attract_started'====== Args={}
2025-10-05 15:05:09,530 : INFO : EventManager : Event: ======'collecting_balls_complete'====== Args={}
2025-10-05 15:05:09,596 : INFO : EventManager : Event: ======'slide_awesome_slide_created'====== Args={'_from_bcp': True}
2025-10-05 15:05:09,596 : INFO : EventManager : Event: ======'slide_awesome_slide_active'====== Args={'_from_bcp': True}
2025-10-05 15:05:09,597 : INFO : Machine : Starting the main run loop.
2025-10-05 15:05:12,545 : INFO : EventManager : Event: ======'slide_press_start_created'====== Args={'_from_bcp': True}
2025-10-05 15:05:12,546 : INFO : EventManager : Event: ======'slide_press_start_active'====== Args={'_from_bcp': True}
2025-10-05 15:05:13,883 : INFO : SwitchController : <<<<<<< 's_start' active >>>>>>>
2025-10-05 15:05:14,005 : INFO : SwitchController : <<<<<<< 's_start' inactive >>>>>>>
2025-10-05 15:05:14,006 : INFO : EventManager : Event: ======'request_to_start_game'====== Args={}
2025-10-05 15:05:14,007 : INFO : EventManager : Event: ======'game_start'====== Args={'buttons': [], 'hold_time': 0.125}
2025-10-05 15:05:14,007 : INFO : EventManager : Event: ======'mode_game_will_start'====== Args={'buttons': [], 'hold_time': 0.125}
2025-10-05 15:05:14,009 : INFO : EventManager : Event: ======'mode_game_starting'====== Args={'buttons': [], 'hold_time': 0.125}
2025-10-05 15:05:14,009 : INFO : EventManager : Event: ======'mode_attract_will_stop'====== Args={}
2025-10-05 15:05:14,010 : INFO : EventManager : Event: ======'mode_attract_stopping'====== Args={}
2025-10-05 15:05:14,010 : INFO : Mode.attract : Stopped.
2025-10-05 15:05:14,010 : INFO : EventManager : Event: ======'modes_active_modes_changed'====== Args={}
2025-10-05 15:05:14,011 : INFO : EventManager : Event: ======'mode_attract_stopped'====== Args={}
2025-10-05 15:05:14,011 : INFO : EventManager : Event: ======'clear'====== Args={'key': 'attract'}
2025-10-05 15:05:14,012 : INFO : Mode.game : Started. Priority: 20
2025-10-05 15:05:14,012 : INFO : EventManager : Event: ======'modes_active_modes_changed'====== Args={}
2025-10-05 15:05:14,012 : INFO : EventManager : Event: ======'mode_game_started'====== Args={'buttons': [], 'hold_time': 0.125}
2025-10-05 15:05:14,040 : INFO : EventManager : Event: ======'game_will_start'====== Args={}
2025-10-05 15:05:14,042 : INFO : EventManager : Event: ======'game_starting'====== Args={'game': <Mode.game>}
2025-10-05 15:05:14,044 : INFO : EventManager : Event: ======'slide_awesome_slide_removed'====== Args={'_from_bcp': True}
2025-10-05 15:05:14,045 : INFO : EventManager : Event: ======'slide_press_start_removed'====== Args={'_from_bcp': True}
2025-10-05 15:05:14,047 : INFO : EventManager : Unordered handler for class <Auditor> on event game_ended with priority 1. Handlers: [RegisteredHandler(callback=<bound method Auditor.disable of <Auditor>>, priority=1, kwargs={}, key=UUID('3327b1c7-da95-4e25-8578-438d16c7bb5a'), condition=None, blocking_facility=None), RegisteredHandler(callback=<bound method Auditor._save_audits of <Auditor>>, priority=1, kwargs={}, key=UUID('99164246-9258-4d8c-8bbb-d75305c65e05'), condition=None, blocking_facility=None)]. The order of those handlers is not defined and they will be executed in random order. This might lead to race conditions and potential bugs.
2025-10-05 15:05:14,047 : INFO : EventManager : Event: ======'player_add_request'====== Args={}
2025-10-05 15:05:14,048 : INFO : EventManager : Event: ======'slide_window_blank_active'====== Args={'_from_bcp': True}
2025-10-05 15:05:14,049 : INFO : EventManager : Event: ======'player_will_add'====== Args={'number': 1}
2025-10-05 15:05:14,049 : INFO : EventManager : Event: ======'player_adding'====== Args={'player': <Player 1>, 'number': 1}
2025-10-05 15:05:14,049 : INFO : EventManager : Event: ======'player_added'====== Args={'player': <Player 1>, 'num': 1}
2025-10-05 15:05:14,050 : INFO : Mode.game : Player added successfully. Total players: 1
2025-10-05 15:05:14,051 : INFO : EventManager : Event: ======'player_index'====== Args={'value': 0, 'prev_value': 0, 'change': 0, 'player_num': 1}
2025-10-05 15:05:14,051 : INFO : EventManager : Event: ======'player_number'====== Args={'value': 1, 'prev_value': 1, 'change': 0, 'player_num': 1}
2025-10-05 15:05:14,051 : INFO : EventManager : Event: ======'player_score'====== Args={'value': 0, 'prev_value': 0, 'change': 0, 'player_num': 1}
2025-10-05 15:05:14,054 : INFO : EventManager : Event: ======'game_started'====== Args={}
2025-10-05 15:05:14,086 : INFO : EventManager : Event: ======'player_turn_will_start'====== Args={'player': <Player 1>, 'number': 1}
2025-10-05 15:05:14,094 : INFO : EventManager : Event: ======'player_turn_starting'====== Args={'player': <Player 1>, 'number': 1}
2025-10-05 15:05:14,097 : INFO : EventManager : Event: ======'player_ball'====== Args={'value': 1, 'prev_value': 0, 'change': 1, 'player_num': 1}
2025-10-05 15:05:14,097 : INFO : EventManager : Event: ======'player_turn_started'====== Args={'player': <Player 1>, 'number': 1}
2025-10-05 15:05:14,098 : INFO : EventManager : Event: ======'ball_will_start'====== Args={'player': 1, 'ball': 1, 'balls_remaining': 2, 'is_extra_ball': False}
2025-10-05 15:05:14,108 : INFO : EventManager : Event: ======'ball_starting'====== Args={'player': 1, 'ball': 1, 'balls_remaining': 2, 'is_extra_ball': False}
2025-10-05 15:05:14,108 : INFO : EventManager : Event: ======'balls_in_play'====== Args={'balls': 1}
2025-10-05 15:05:14,109 : INFO : EventManager : Event: ======'ball_started'====== Args={'player': 1, 'ball': 1, 'balls_remaining': 2, 'is_extra_ball': False}
2025-10-05 15:05:14,109 : INFO : EventManager : Event: ======'mode_base_will_start'====== Args={'player': 1, 'ball': 1, 'balls_remaining': 2, 'is_extra_ball': False}
2025-10-05 15:05:14,110 : INFO : EventManager : Event: ======'player_shot_left_rollover_shot_enabled'====== Args={'value': True, 'prev_value': 0, 'change': 1, 'player_num': 1}
2025-10-05 15:05:14,110 : INFO : EventManager : Event: ======'player_shot_center_rollover_shot_enabled'====== Args={'value': True, 'prev_value': 0, 'change': 1, 'player_num': 1}
2025-10-05 15:05:14,111 : INFO : EventManager : Event: ======'player_shot_right_rollover_shot_enabled'====== Args={'value': True, 'prev_value': 0, 'change': 1, 'player_num': 1}
2025-10-05 15:05:14,111 : INFO : EventManager : Event: ======'player_shot_left_scoop_shot_enabled'====== Args={'value': True, 'prev_value': 0, 'change': 1, 'player_num': 1}
2025-10-05 15:05:14,112 : INFO : EventManager : Event: ======'player_shot_right_scoop_shot_enabled'====== Args={'value': True, 'prev_value': 0, 'change': 1, 'player_num': 1}
2025-10-05 15:05:14,112 : INFO : EventManager : Event: ======'player_shot_bumper1_shot_enabled'====== Args={'value': True, 'prev_value': 0, 'change': 1, 'player_num': 1}
2025-10-05 15:05:14,113 : INFO : EventManager : Event: ======'player_shot_bumper2_shot_enabled'====== Args={'value': True, 'prev_value': 0, 'change': 1, 'player_num': 1}
2025-10-05 15:05:14,113 : INFO : EventManager : Event: ======'player_shot_right_inlane_shot_enabled'====== Args={'value': True, 'prev_value': 0, 'change': 1, 'player_num': 1}
2025-10-05 15:05:14,114 : INFO : EventManager : Event: ======'rollover_lanes_complete'====== Args={'state': 'unlit'}
2025-10-05 15:05:14,114 : INFO : EventManager : Event: ======'rollover_lanes_unlit_complete'====== Args={}
2025-10-05 15:05:14,116 : INFO : EventManager : Event: ======'mode_base_starting'====== Args={'player': 1, 'ball': 1, 'balls_remaining': 2, 'is_extra_ball': False}
2025-10-05 15:05:14,117 : INFO : Mode.base : Started. Priority: 100
2025-10-05 15:05:14,117 : INFO : EventManager : Event: ======'modes_active_modes_changed'====== Args={}
2025-10-05 15:05:14,117 : INFO : EventManager : Event: ======'mode_base_started'====== Args={'player': 1, 'ball': 1, 'balls_remaining': 2, 'is_extra_ball': False}
2025-10-05 15:05:14,119 : INFO : EventManager : Event: ======'single_player_ball_started'====== Args={}
2025-10-05 15:05:14,182 : INFO : EventManager : Event: ======'ball_start_target'====== Args={'target': 'playfield'}
2025-10-05 15:05:14,182 : INFO : EventManager : Event: ======'slide_base.slide_player-mode_base_started_created'====== Args={'_from_bcp': True}
2025-10-05 15:05:14,183 : INFO : EventManager : Event: ======'slide_base.slide_player-mode_base_started_active'====== Args={'_from_bcp': True}
2025-10-05 15:05:14,183 : INFO : ball_device.bd_plunger : Setting up player-controlled eject. Balls: 1, Target: <playfield.playfield>, player_controlled_eject_event: None
2025-10-05 15:05:14,183 : INFO : EventManager : Event: ======'balldevice_balls_available'====== Args={}
2025-10-05 15:05:14,184 : INFO : ball_device.bd_trough : State: waiting_for_target_ready
2025-10-05 15:05:14,184 : INFO : EventManager : Event: ======'balldevice_bd_trough_ball_eject_attempt'====== Args={'balls': 1, 'target': <ball_device.bd_plunger>, 'source': <ball_device.bd_trough>, 'mechanical_eject': True, 'num_attempts': 0}
2025-10-05 15:05:14,184 : INFO : ball_device.bd_plunger : State: waiting_for_ball
2025-10-05 15:05:14,185 : INFO : ball_device.bd_trough : State: ejecting
2025-10-05 15:05:14,185 : INFO : ball_device.bd_trough : Ejecting ball to <ball_device.bd_plunger>
2025-10-05 15:05:14,185 : INFO : EventManager : Event: ======'balldevice_bd_trough_ejecting_ball'====== Args={'balls': 1, 'target': <ball_device.bd_plunger>, 'source': <ball_device.bd_trough>, 'mechanical_eject': True, 'num_attempts': 0}
2025-10-05 15:05:14,185 : INFO : ball_device.bd_trough : Wait for ball to leave device
2025-10-05 15:05:14,186 : INFO : coil.c_trough_eject : Pulsing Driver for 20ms (1.0 pulse_power)
2025-10-05 15:05:14,186 : INFO : SwitchController : <<<<<<< 's_trough1' inactive >>>>>>>
2025-10-05 15:05:14,194 : INFO : ball_device.bd_trough : State: ball_left
2025-10-05 15:05:14,194 : INFO : ball_device.bd_trough : Ball left
2025-10-05 15:05:14,194 : INFO : ball_device.bd_trough : Wait for confirm with timeout 3.0
2025-10-05 15:05:14,280 : INFO : SwitchController : <<<<<<< 's_plunger' active >>>>>>>
2025-10-05 15:05:14,280 : INFO : EventManager : Event: ======'machine_var_audits_switches_s_plunger'====== Args={'value': 199, 'prev_value': 198, 'change': 1}
2025-10-05 15:05:14,779 : INFO : ball_device.bd_plunger : Received ball from <ball_device.bd_trough>
2025-10-05 15:05:14,779 : INFO : EventManager : Event: ======'balldevice_bd_plunger_ball_enter'====== Args={'new_balls': 1, 'unclaimed_balls': 0, 'new_available_balls': 0, 'device': <ball_device.bd_plunger>}
2025-10-05 15:05:14,780 : INFO : EventManager : Event: ======'balldevice_bd_plunger_ball_entered'====== Args={'new_balls': 0, 'device': <ball_device.bd_plunger>}
2025-10-05 15:05:14,781 : INFO : EventManager : Event: ======'balldevice_bd_plunger_ball_count_changed'====== Args={'balls': 1}
2025-10-05 15:05:14,782 : INFO : ball_device.bd_trough : Got eject confirm
2025-10-05 15:05:14,782 : INFO : ball_device.bd_trough : Eject successful
2025-10-05 15:05:14,782 : INFO : EventManager : Event: ======'balldevice_bd_trough_ball_eject_success'====== Args={'balls': 1, 'target': <ball_device.bd_plunger>}
2025-10-05 15:05:14,783 : INFO : EventManager : Event: ======'balldevice_bd_trough_ball_count_changed'====== Args={'balls': 5}
2025-10-05 15:05:14,783 : INFO : ball_device.bd_trough : State: idle
2025-10-05 15:05:14,784 : INFO : ball_device.bd_plunger : State: waiting_for_target_ready
2025-10-05 15:05:14,784 : INFO : EventManager : Event: ======'balldevice_bd_plunger_ball_eject_attempt'====== Args={'balls': 1, 'target': <playfield.playfield>, 'source': <ball_device.bd_plunger>, 'mechanical_eject': True, 'num_attempts': 0}
2025-10-05 15:05:14,785 : INFO : ball_device.bd_plunger : State: ejecting
2025-10-05 15:05:14,785 : INFO : ball_device.bd_plunger : Ejecting ball to <playfield.playfield>
2025-10-05 15:05:14,785 : INFO : EventManager : Event: ======'balldevice_bd_plunger_ejecting_ball'====== Args={'balls': 1, 'target': <playfield.playfield>, 'source': <ball_device.bd_plunger>, 'mechanical_eject': True, 'num_attempts': 0}
2025-10-05 15:05:14,787 : INFO : ball_device.bd_plunger : Wait for ball to leave device
2025-10-05 15:05:14,958 : WARNING : SwitchController : Received duplicate switch state 1 for switch s_plunger from the platform interface. Log Code: Log-SwitchController-1 (https://missionpinball.org/logs)
2025-10-05 15:05:15,057 : INFO : SwitchController : <<<<<<< 's_plunger' inactive >>>>>>>
2025-10-05 15:05:15,087 : INFO : ball_device.bd_plunger : State: ball_left
2025-10-05 15:05:15,088 : INFO : ball_device.bd_plunger : Ball left
2025-10-05 15:05:15,088 : INFO : ball_device.bd_plunger : Wait for confirm with timeout 5.0
2025-10-05 15:05:18,348 : INFO : SwitchController : <<<<<<< 's_right_rollover' active >>>>>>>
2025-10-05 15:05:18,349 : INFO : EventManager : Event: ======'playfield_active'====== Args={}
2025-10-05 15:05:18,349 : INFO : EventManager : Event: ======'s_right_rollover_active'====== Args={}
2025-10-05 15:05:18,349 : INFO : EventManager : Event: ======'machine_var_audits_switches_s_right_rollover'====== Args={'value': 126, 'prev_value': 125, 'change': 1}
2025-10-05 15:05:18,351 : INFO : EventManager : Event: ======'player_shot_right_rollover_shot'====== Args={'value': 1, 'prev_value': 0, 'change': 1, 'player_num': 1}
2025-10-05 15:05:18,352 : INFO : EventManager : Event: ======'machine_var_audits_shots_right_rollover_shot'====== Args={'value': 119, 'prev_value': 118, 'change': 1}
2025-10-05 15:05:18,353 : INFO : EventManager : Event: ======'right_rollover_shot_hit'====== Args={'profile': 'default', 'state': 'unlit', 'advancing': True}
2025-10-05 15:05:18,353 : INFO : EventManager : Event: ======'right_rollover_shot_default_hit'====== Args={'profile': 'default', 'state': 'unlit', 'advancing': True}
2025-10-05 15:05:18,353 : INFO : EventManager : Event: ======'right_rollover_shot_default_unlit_hit'====== Args={'profile': 'default', 'state': 'unlit', 'advancing': True}
2025-10-05 15:05:18,354 : INFO : EventManager : Event: ======'right_rollover_shot_unlit_hit'====== Args={'profile': 'default', 'state': 'unlit', 'advancing': True}
2025-10-05 15:05:18,354 : INFO : EventManager : Event: ======'player_score'====== Args={'value': 300, 'prev_value': 0, 'change': 300, 'player_num': 1, 'source': 'base'}
2025-10-05 15:05:18,354 : INFO : EventManager : Event: ======'rollover_lanes_hit'====== Args={}
2025-10-05 15:05:18,354 : INFO : EventManager : Event: ======'rollover_lanes_unlit_hit'====== Args={}
2025-10-05 15:05:18,394 : INFO : ball_device.bd_plunger : Got eject confirm
2025-10-05 15:05:18,394 : INFO : ball_device.bd_plunger : Eject successful
2025-10-05 15:05:18,394 : INFO : EventManager : Event: ======'balldevice_bd_plunger_ball_eject_success'====== Args={'balls': 1, 'target': <playfield.playfield>}
2025-10-05 15:05:18,395 : INFO : EventManager : Event: ======'balldevice_playfield_ball_enter'====== Args={'new_balls': 1, 'unclaimed_balls': 1, 'device': <playfield.playfield>}
2025-10-05 15:05:18,395 : INFO : EventManager : Event: ======'playfield_ball_count_change'====== Args={'balls': 1, 'change': 1}
2025-10-05 15:05:18,396 : INFO : EventManager : Event: ======'balldevice_bd_plunger_ball_count_changed'====== Args={'balls': 0}
2025-10-05 15:05:18,396 : INFO : ball_device.bd_plunger : State: idle
2025-10-05 15:05:18,449 : INFO : SwitchController : <<<<<<< 's_right_rollover' inactive >>>>>>>
2025-10-05 15:05:20,900 : INFO : SwitchController : <<<<<<< 's_bumper1' active >>>>>>>
2025-10-05 15:05:20,901 : INFO : EventManager : Event: ======'s_bumper1_active'====== Args={}
2025-10-05 15:05:20,901 : INFO : EventManager : Event: ======'machine_var_audits_switches_s_bumper1'====== Args={'value': 19, 'prev_value': 18, 'change': 1}
2025-10-05 15:05:20,906 : INFO : EventManager : Event: ======'player_shot_bumper1_shot'====== Args={'value': 1, 'prev_value': 0, 'change': 1, 'player_num': 1}
2025-10-05 15:05:20,908 : INFO : EventManager : Event: ======'machine_var_audits_shots_bumper1_shot'====== Args={'value': 19, 'prev_value': 18, 'change': 1}
2025-10-05 15:05:20,910 : INFO : EventManager : Event: ======'bumper1_shot_hit'====== Args={'profile': 'default', 'state': 'unlit', 'advancing': True}
2025-10-05 15:05:20,911 : INFO : EventManager : Event: ======'bumper1_shot_default_hit'====== Args={'profile': 'default', 'state': 'unlit', 'advancing': True}
2025-10-05 15:05:20,911 : INFO : EventManager : Event: ======'bumper1_shot_default_unlit_hit'====== Args={'profile': 'default', 'state': 'unlit', 'advancing': True}
2025-10-05 15:05:20,912 : INFO : EventManager : Event: ======'bumper1_shot_unlit_hit'====== Args={'profile': 'default', 'state': 'unlit', 'advancing': True}
2025-10-05 15:05:20,912 : INFO : EventManager : Event: ======'player_score'====== Args={'value': 400, 'prev_value': 300, 'change': 100, 'player_num': 1, 'source': 'base'}
2025-10-05 15:05:21,001 : INFO : SwitchController : <<<<<<< 's_bumper1' inactive >>>>>>>
2025-10-05 15:05:22,746 : INFO : SwitchController : <<<<<<< 's_bumper2' active >>>>>>>
2025-10-05 15:05:22,746 : INFO : EventManager : Event: ======'s_bumper2_active'====== Args={}
2025-10-05 15:05:22,746 : INFO : EventManager : Event: ======'machine_var_audits_switches_s_bumper2'====== Args={'value': 1, 'prev_value': 0, 'change': 1}
2025-10-05 15:05:22,749 : INFO : EventManager : Event: ======'player_shot_bumper2_shot'====== Args={'value': 1, 'prev_value': 0, 'change': 1, 'player_num': 1}
2025-10-05 15:05:22,750 : INFO : EventManager : Event: ======'machine_var_audits_shots_bumper2_shot'====== Args={'value': 1, 'prev_value': None, 'change': True}
2025-10-05 15:05:22,752 : INFO : EventManager : Event: ======'bumper2_shot_hit'====== Args={'profile': 'default', 'state': 'unlit', 'advancing': True}
2025-10-05 15:05:22,752 : INFO : EventManager : Event: ======'bumper2_shot_default_hit'====== Args={'profile': 'default', 'state': 'unlit', 'advancing': True}
2025-10-05 15:05:22,752 : INFO : EventManager : Event: ======'bumper2_shot_default_unlit_hit'====== Args={'profile': 'default', 'state': 'unlit', 'advancing': True}
2025-10-05 15:05:22,753 : INFO : EventManager : Event: ======'bumper2_shot_unlit_hit'====== Args={'profile': 'default', 'state': 'unlit', 'advancing': True}
2025-10-05 15:05:22,832 : INFO : SwitchController : <<<<<<< 's_bumper2' inactive >>>>>>>
2025-10-05 15:05:24,060 : INFO : SwitchController : <<<<<<< 's_bumper2' active >>>>>>>
2025-10-05 15:05:24,060 : INFO : EventManager : Event: ======'s_bumper2_active'====== Args={}
2025-10-05 15:05:24,061 : INFO : EventManager : Event: ======'machine_var_audits_switches_s_bumper2'====== Args={'value': 2, 'prev_value': 1, 'change': 1}
2025-10-05 15:05:24,065 : INFO : EventManager : Event: ======'machine_var_audits_shots_bumper2_shot'====== Args={'value': 2, 'prev_value': 1, 'change': 1}
2025-10-05 15:05:24,068 : INFO : EventManager : Event: ======'bumper2_shot_hit'====== Args={'profile': 'default', 'state': 'lit', 'advancing': False}
2025-10-05 15:05:24,069 : INFO : EventManager : Event: ======'bumper2_shot_default_hit'====== Args={'profile': 'default', 'state': 'lit', 'advancing': False}
2025-10-05 15:05:24,069 : INFO : EventManager : Event: ======'bumper2_shot_default_lit_hit'====== Args={'profile': 'default', 'state': 'lit', 'advancing': False}
2025-10-05 15:05:24,070 : INFO : EventManager : Event: ======'bumper2_shot_lit_hit'====== Args={'profile': 'default', 'state': 'lit', 'advancing': False}
2025-10-05 15:05:24,184 : INFO : SwitchController : <<<<<<< 's_bumper2' inactive >>>>>>>
2025-10-05 15:05:24,792 : INFO : SwitchController : <<<<<<< 's_bumper2' active >>>>>>>
2025-10-05 15:05:24,792 : INFO : EventManager : Event: ======'s_bumper2_active'====== Args={}
2025-10-05 15:05:24,793 : INFO : EventManager : Event: ======'machine_var_audits_switches_s_bumper2'====== Args={'value': 3, 'prev_value': 2, 'change': 1}
2025-10-05 15:05:24,793 : INFO : EventManager : Event: ======'machine_var_audits_shots_bumper2_shot'====== Args={'value': 3, 'prev_value': 2, 'change': 1}
2025-10-05 15:05:24,794 : INFO : EventManager : Event: ======'bumper2_shot_hit'====== Args={'profile': 'default', 'state': 'lit', 'advancing': False}
2025-10-05 15:05:24,794 : INFO : EventManager : Event: ======'bumper2_shot_default_hit'====== Args={'profile': 'default', 'state': 'lit', 'advancing': False}
2025-10-05 15:05:24,794 : INFO : EventManager : Event: ======'bumper2_shot_default_lit_hit'====== Args={'profile': 'default', 'state': 'lit', 'advancing': False}
2025-10-05 15:05:24,794 : INFO : EventManager : Event: ======'bumper2_shot_lit_hit'====== Args={'profile': 'default', 'state': 'lit', 'advancing': False}
2025-10-05 15:05:24,920 : INFO : SwitchController : <<<<<<< 's_bumper2' inactive >>>>>>>
2025-10-05 15:05:25,777 : INFO : SwitchController : <<<<<<< 's_bumper2' active >>>>>>>
2025-10-05 15:05:25,777 : INFO : EventManager : Event: ======'s_bumper2_active'====== Args={}
2025-10-05 15:05:25,777 : INFO : EventManager : Event: ======'machine_var_audits_switches_s_bumper2'====== Args={'value': 4, 'prev_value': 3, 'change': 1}
2025-10-05 15:05:25,780 : INFO : EventManager : Event: ======'machine_var_audits_shots_bumper2_shot'====== Args={'value': 4, 'prev_value': 3, 'change': 1}
2025-10-05 15:05:25,781 : INFO : EventManager : Event: ======'bumper2_shot_hit'====== Args={'profile': 'default', 'state': 'lit', 'advancing': False}
2025-10-05 15:05:25,782 : INFO : EventManager : Event: ======'bumper2_shot_default_hit'====== Args={'profile': 'default', 'state': 'lit', 'advancing': False}
2025-10-05 15:05:25,782 : INFO : EventManager : Event: ======'bumper2_shot_default_lit_hit'====== Args={'profile': 'default', 'state': 'lit', 'advancing': False}
2025-10-05 15:05:25,782 : INFO : EventManager : Event: ======'bumper2_shot_lit_hit'====== Args={'profile': 'default', 'state': 'lit', 'advancing': False}
2025-10-05 15:05:25,913 : INFO : SwitchController : <<<<<<< 's_bumper2' inactive >>>>>>>
2025-10-05 15:05:26,368 : INFO : SwitchController : <<<<<<< 's_bumper2' active >>>>>>>
2025-10-05 15:05:26,368 : INFO : EventManager : Event: ======'s_bumper2_active'====== Args={}
2025-10-05 15:05:26,368 : INFO : EventManager : Event: ======'machine_var_audits_switches_s_bumper2'====== Args={'value': 5, 'prev_value': 4, 'change': 1}
2025-10-05 15:05:26,369 : INFO : EventManager : Event: ======'machine_var_audits_shots_bumper2_shot'====== Args={'value': 5, 'prev_value': 4, 'change': 1}
2025-10-05 15:05:26,370 : INFO : EventManager : Event: ======'bumper2_shot_hit'====== Args={'profile': 'default', 'state': 'lit', 'advancing': False}
2025-10-05 15:05:26,370 : INFO : EventManager : Event: ======'bumper2_shot_default_hit'====== Args={'profile': 'default', 'state': 'lit', 'advancing': False}
2025-10-05 15:05:26,370 : INFO : EventManager : Event: ======'bumper2_shot_default_lit_hit'====== Args={'profile': 'default', 'state': 'lit', 'advancing': False}
2025-10-05 15:05:26,370 : INFO : EventManager : Event: ======'bumper2_shot_lit_hit'====== Args={'profile': 'default', 'state': 'lit', 'advancing': False}
2025-10-05 15:05:26,504 : INFO : SwitchController : <<<<<<< 's_bumper2' inactive >>>>>>>
2025-10-05 15:05:28,384 : INFO : SwitchController : <<<<<<< 's_bumper2' active >>>>>>>
2025-10-05 15:05:28,384 : INFO : EventManager : Event: ======'s_bumper2_active'====== Args={}
2025-10-05 15:05:28,385 : INFO : EventManager : Event: ======'machine_var_audits_switches_s_bumper2'====== Args={'value': 6, 'prev_value': 5, 'change': 1}
2025-10-05 15:05:28,385 : INFO : EventManager : Event: ======'machine_var_audits_shots_bumper2_shot'====== Args={'value': 6, 'prev_value': 5, 'change': 1}
2025-10-05 15:05:28,386 : INFO : EventManager : Event: ======'bumper2_shot_hit'====== Args={'profile': 'default', 'state': 'lit', 'advancing': False}
2025-10-05 15:05:28,386 : INFO : EventManager : Event: ======'bumper2_shot_default_hit'====== Args={'profile': 'default', 'state': 'lit', 'advancing': False}
2025-10-05 15:05:28,386 : INFO : EventManager : Event: ======'bumper2_shot_default_lit_hit'====== Args={'profile': 'default', 'state': 'lit', 'advancing': False}
2025-10-05 15:05:28,386 : INFO : EventManager : Event: ======'bumper2_shot_lit_hit'====== Args={'profile': 'default', 'state': 'lit', 'advancing': False}
2025-10-05 15:05:28,488 : INFO : SwitchController : <<<<<<< 's_bumper2' inactive >>>>>>>
2025-10-05 15:05:28,962 : INFO : SwitchController : <<<<<<< 's_bumper2' active >>>>>>>
2025-10-05 15:05:28,962 : INFO : EventManager : Event: ======'s_bumper2_active'====== Args={}
2025-10-05 15:05:28,963 : INFO : EventManager : Event: ======'machine_var_audits_switches_s_bumper2'====== Args={'value': 7, 'prev_value': 6, 'change': 1}
2025-10-05 15:05:28,967 : INFO : EventManager : Event: ======'machine_var_audits_shots_bumper2_shot'====== Args={'value': 7, 'prev_value': 6, 'change': 1}
2025-10-05 15:05:28,969 : INFO : EventManager : Event: ======'bumper2_shot_hit'====== Args={'profile': 'default', 'state': 'lit', 'advancing': False}
2025-10-05 15:05:28,969 : INFO : EventManager : Event: ======'bumper2_shot_default_hit'====== Args={'profile': 'default', 'state': 'lit', 'advancing': False}
2025-10-05 15:05:28,970 : INFO : EventManager : Event: ======'bumper2_shot_default_lit_hit'====== Args={'profile': 'default', 'state': 'lit', 'advancing': False}
2025-10-05 15:05:28,970 : INFO : EventManager : Event: ======'bumper2_shot_lit_hit'====== Args={'profile': 'default', 'state': 'lit', 'advancing': False}
2025-10-05 15:05:29,089 : INFO : SwitchController : <<<<<<< 's_bumper2' inactive >>>>>>>
2025-10-05 15:06:00,160 : INFO : Machine : Shutting down...
2025-10-05 15:06:00,161 : INFO : EventManager : Event: ======'shutdown'====== Args={}
2025-10-05 15:06:00,191 : INFO : EventManager : Event: ======'mode_game_will_stop'====== Args={}
2025-10-05 15:06:00,191 : INFO : EventManager : Event: ======'mode_game_stopping'====== Args={}
2025-10-05 15:06:00,193 : INFO : EventManager : Event: ======'mode_base_will_stop'====== Args={}
2025-10-05 15:06:00,193 : INFO : EventManager : Event: ======'mode_base_stopping'====== Args={}
2025-10-05 15:06:00,193 : INFO : Mode.base : Stopped.
2025-10-05 15:06:00,193 : INFO : EventManager : Event: ======'modes_active_modes_changed'====== Args={}
2025-10-05 15:06:00,193 : INFO : EventManager : Event: ======'mode_base_stopped'====== Args={}
2025-10-05 15:06:00,194 : INFO : EventManager : Event: ======'clear'====== Args={'key': 'base'}
2025-10-05 15:06:00,195 : INFO : Mode.game : Stopped.
2025-10-05 15:06:00,195 : INFO : EventManager : Event: ======'modes_active_modes_changed'====== Args={}
2025-10-05 15:06:00,195 : INFO : EventManager : Event: ======'mode_game_stopped'====== Args={}
2025-10-05 15:06:00,195 : INFO : EventManager : Event: ======'clear'====== Args={'key': 'game'}
2025-10-05 15:06:00,199 : INFO : root : MPF run loop ended.
