2025-10-21 08:04:02,387 : INFO : root : Loading config.
2025-10-21 08:04:02,391 : INFO : YamlMultifileConfigLoader : Machine config file #1: config.yaml
2025-10-21 08:04:02,392 : INFO : ConfigProcessor : Loading config from cache: C:\Users\richa\AppData\Local\Temp\f7776651e259183bd84a8c8d686bf868.mpf_cache
2025-10-21 08:04:02,480 : INFO : ConfigProcessor : Loading config from cache: C:\Users\richa\AppData\Local\Temp\70233839fc0b792ce11a62f3c18c1950.mpf_cache
2025-10-21 08:04:02,481 : INFO : ConfigProcessor : Loading config from cache: C:\Users\richa\AppData\Local\Temp\9c8dea79ca4d15ee886340e992e8cb9d.mpf_cache
2025-10-21 08:04:02,481 : WARNING : ConfigProcessor : Config file in cache changed: C:\Users\richa\ttp7\modes\base\config\base.yaml
2025-10-21 08:04:02,481 : INFO : ConfigProcessor : Loading config from file C:\Users\richa\ttp7\modes\base\config\base.yaml.
2025-10-21 08:04:02,493 : INFO : ConfigProcessor : Loading config: C:\Users\richa\ttp7\modes\base\config\base.yaml
2025-10-21 08:04:02,495 : INFO : ConfigProcessor : Config file cache created: C:\Users\richa\AppData\Local\Temp\67a19b095f918111543419ac0271bfb1.mpf_cache
2025-10-21 08:04:02,496 : INFO : ConfigProcessor : Loading config from cache: C:\Users\richa\AppData\Local\Temp\be387b0e8ed00556ec738d83cd6947d1.mpf_cache
2025-10-21 08:04:02,497 : INFO : ConfigProcessor : Loading config from cache: C:\Users\richa\AppData\Local\Temp\5a8efabd9666d8c71fa755fc28a9bf1e.mpf_cache
2025-10-21 08:04:02,497 : INFO : ConfigProcessor : Loading config from cache: C:\Users\richa\AppData\Local\Temp\fb58745e58584e219ff53db445e8e9f2.mpf_cache
2025-10-21 08:04:02,499 : INFO : ConfigProcessor : Loading config from cache: C:\Users\richa\AppData\Local\Temp\3a5badf48d988f9fc0f9b093a934917d.mpf_cache
2025-10-21 08:04:02,500 : INFO : ConfigProcessor : Loading config from cache: C:\Users\richa\AppData\Local\Temp\9e788d9ac28f3464b985b20edf80a10e.mpf_cache
2025-10-21 08:04:02,501 : INFO : ConfigProcessor : Loading config from cache: C:\Users\richa\AppData\Local\Temp\7e426d8ffa907371bf962f3181d8bdf2.mpf_cache
2025-10-21 08:04:02,502 : INFO : ConfigProcessor : Loading config from cache: C:\Users\richa\AppData\Local\Temp\77e0376825dda61b91775259cce643ad.mpf_cache
2025-10-21 08:04:02,503 : INFO : ConfigProcessor : Loading config from cache: C:\Users\richa\AppData\Local\Temp\e68c20669f80ec7d0801afbfa80f9eff.mpf_cache
2025-10-21 08:04:02,504 : INFO : ConfigProcessor : Loading config from cache: C:\Users\richa\AppData\Local\Temp\28e9108f411f2b73ba76f82bf4f68e34.mpf_cache
2025-10-21 08:04:02,505 : INFO : ConfigProcessor : Loading config from cache: C:\Users\richa\AppData\Local\Temp\b710dc01437f1dfd05f3b5275f67493b.mpf_cache
2025-10-21 08:04:02,505 : INFO : ConfigProcessor : Loading config from cache: C:\Users\richa\AppData\Local\Temp\0a23590f4081187a3ecee75c7657616e.mpf_cache
2025-10-21 08:04:02,506 : INFO : ConfigProcessor : Loading config from cache: C:\Users\richa\AppData\Local\Temp\374a5edaf0766cb9005f368df852c09d.mpf_cache
2025-10-21 08:04:02,507 : INFO : ConfigProcessor : Loading config from cache: C:\Users\richa\AppData\Local\Temp\b50d1c72289d6f8f00cba34766fbb2e5.mpf_cache
2025-10-21 08:04:02,508 : INFO : ConfigProcessor : Loading config from cache: C:\Users\richa\AppData\Local\Temp\bfc680b70531e398658191c2a179bce0.mpf_cache
2025-10-21 08:04:02,509 : INFO : ConfigProcessor : Loading config from cache: C:\Users\richa\AppData\Local\Temp\069a726c379c7a3dc006889318eb30f2.mpf_cache
2025-10-21 08:04:02,509 : INFO : ConfigProcessor : Loading config from cache: C:\Users\richa\AppData\Local\Temp\6159dd3e8b071f5aa615e717784124e9.mpf_cache
2025-10-21 08:04:02,510 : INFO : ConfigProcessor : Loading config from cache: C:\Users\richa\AppData\Local\Temp\e382c4765158d2be92c1673fc03a4ad6.mpf_cache
2025-10-21 08:04:02,512 : INFO : ConfigProcessor : Loading config from cache: C:\Users\richa\AppData\Local\Temp\868b3b6361e3aaa0a56bd50d9388247e.mpf_cache
2025-10-21 08:04:02,512 : INFO : Machine : Mission Pinball Framework Core Engine v0.57.0.dev39
2025-10-21 08:04:02,512 : INFO : Machine : Command line arguments: {'no_load_cache': False, 'create_config_cache': True, 'bcp': True, 'configfile': ['config.yaml'], 'force_assets_load': False, 'jsonlogging': False, 'logfile': 'logs\\2025-10-21-08-04-02-mpf-DESKTOP-RK7BE5M.log', 'pause': False, 'production': False, 'text_ui': True, 'loglevel': 15, 'consoleloglevel': 20, 'force_platform': None, 'syslog_address': None, 'mc_file_name': None, 'no_sound': False}
2025-10-21 08:04:02,513 : INFO : Machine : MPF path: C:\Users\richa\mpfvirtual4\lib\site-packages\mpf
2025-10-21 08:04:02,513 : INFO : Machine : Machine path: C:\Users\richa\ttp7
2025-10-21 08:04:02,513 : INFO : Machine : Platform: win32
2025-10-21 08:04:02,513 : INFO : Machine : Python executable location: C:\Users\richa\mpfvirtual4\Scripts\python.exe
2025-10-21 08:04:02,513 : INFO : Machine : Python version: 3.9.13 (64-bit)
2025-10-21 08:04:02,514 : INFO : Machine : Initializing MPF...
2025-10-21 08:04:02,870 : INFO : EventManager : Event: ======'machine_var_credits_string'====== Args={'value': 'FREE PLAY', 'prev_value': None, 'change': True}
2025-10-21 08:04:02,931 : INFO : EventManager : Event: ======'machine_var_credit_units'====== Args={'value': 1, 'prev_value': None, 'change': True}
2025-10-21 08:04:02,931 : INFO : EventManager : Event: ======'machine_var_free_play'====== Args={'value': False, 'prev_value': None, 'change': True}
2025-10-21 08:04:02,931 : INFO : EventManager : Event: ======'machine_var_master_volume'====== Args={'value': 0.7, 'prev_value': None, 'change': True}
2025-10-21 08:04:02,931 : INFO : EventManager : Event: ======'machine_var_player1_score'====== Args={'value': 300, 'prev_value': None, 'change': True}
2025-10-21 08:04:02,931 : INFO : EventManager : Event: ======'machine_var_mpf_version'====== Args={'value': 'Mission Pinball Framework v0.57.0.dev39', 'prev_value': None, 'change': True}
2025-10-21 08:04:02,931 : INFO : EventManager : Event: ======'machine_var_mpf_extended_version'====== Args={'value': 'Mission Pinball Framework v0.57.0.dev39, Config version:6, Show version: 6, BCP version:1.1', 'prev_value': None, 'change': True}
2025-10-21 08:04:02,931 : INFO : EventManager : Event: ======'machine_var_python_version'====== Args={'value': '3.9.13', 'prev_value': None, 'change': True}
2025-10-21 08:04:02,941 : INFO : EventManager : Event: ======'machine_var_platform'====== Args={'value': 'Windows-10-10.0.19045-SP0', 'prev_value': None, 'change': True}
2025-10-21 08:04:02,941 : INFO : EventManager : Event: ======'machine_var_platform_system'====== Args={'value': 'Windows', 'prev_value': None, 'change': True}
2025-10-21 08:04:02,941 : INFO : EventManager : Event: ======'machine_var_platform_release'====== Args={'value': '10', 'prev_value': None, 'change': True}
2025-10-21 08:04:02,941 : INFO : EventManager : Event: ======'machine_var_platform_version'====== Args={'value': '10.0.19045', 'prev_value': None, 'change': True}
2025-10-21 08:04:02,941 : INFO : EventManager : Event: ======'machine_var_platform_machine'====== Args={'value': 'AMD64', 'prev_value': None, 'change': True}
2025-10-21 08:04:02,941 : INFO : EventManager : Event: ======'init_phase_1'====== Args={}
2025-10-21 08:04:02,997 : INFO : EventManager : Event: ======'drop_target_bank_TIME_up'====== Args={}
2025-10-21 08:04:02,997 : INFO : EventManager : Event: ======'drop_target_bank_CENTER_up'====== Args={}
2025-10-21 08:04:02,997 : INFO : EventManager : Event: ======'drop_target_bank_TRAVEL_up'====== Args={}
2025-10-21 08:04:02,997 : INFO : EventManager : Event: ======'init_phase_2'====== Args={}
2025-10-21 08:04:02,998 : INFO : SwitchController : Found active switch: ('2', <Platform.SmartVirtual>) <switch.s_trough1>
2025-10-21 08:04:02,998 : INFO : SwitchController : Found active switch: ('3', <Platform.SmartVirtual>) <switch.s_trough2>
2025-10-21 08:04:02,998 : INFO : SwitchController : Found active switch: ('4', <Platform.SmartVirtual>) <switch.s_trough3>
2025-10-21 08:04:02,998 : INFO : SwitchController : Found active switch: ('5', <Platform.SmartVirtual>) <switch.s_trough4>
2025-10-21 08:04:02,998 : INFO : SwitchController : Found active switch: ('6', <Platform.SmartVirtual>) <switch.s_trough5>
2025-10-21 08:04:02,998 : INFO : SwitchController : Found active switch: ('7', <Platform.SmartVirtual>) <switch.s_trough6>
2025-10-21 08:04:03,017 : INFO : EventManager : Event: ======'bcp_connection_attempt'====== Args={'name': 'local_display', 'host': 'localhost', 'port': 5050}
2025-10-21 08:04:03,019 : INFO : BCPClientSocket : Connecting BCP to 'local_display' at localhost:5050...
2025-10-21 08:04:05,046 : INFO : BCPClientSocket : Connected BCP to 'local_display' localhost:5050
2025-10-21 08:04:05,047 : INFO : EventManager : Event: ======'bcp_clients_connected'====== Args={}
2025-10-21 08:04:05,339 : INFO : ball_device.bd_trough : BCH: Initial count: 6
2025-10-21 08:04:05,340 : INFO : EventManager : Event: ======'machine_var_mc_version'====== Args={'value': 'MPF-MC v0.57.0.dev10', 'prev_value': None, 'change': True}
2025-10-21 08:04:05,340 : INFO : EventManager : Event: ======'machine_var_mc_extended_version'====== Args={'value': 'MPF-MC v0.57.0.dev10 (config_version=6, BCP v1.1,                      Requires MPF API compatibility v0.57.0.dev19 or newer)', 'prev_value': None, 'change': True}
2025-10-21 08:04:05,342 : INFO : ball_device.bd_trough : State: idle
2025-10-21 08:04:05,423 : INFO : ball_device.bd_plunger : BCH: Initial count: 0
2025-10-21 08:04:05,423 : INFO : ball_device.bd_plunger : State: idle
2025-10-21 08:04:05,423 : INFO : ball_device.bd_left_scoop : BCH: Initial count: 0
2025-10-21 08:04:05,423 : INFO : ball_device.bd_left_scoop : State: idle
2025-10-21 08:04:05,424 : INFO : ball_device.bd_center_scoop : BCH: Initial count: 0
2025-10-21 08:04:05,424 : INFO : ball_device.bd_center_scoop : State: idle
2025-10-21 08:04:05,424 : INFO : ball_device.bd_right_scoop : BCH: Initial count: 0
2025-10-21 08:04:05,424 : INFO : ball_device.bd_right_scoop : State: idle
2025-10-21 08:04:05,448 : INFO : EventManager : Event: ======'init_phase_3'====== Args={}
2025-10-21 08:04:05,509 : INFO : EventManager : Event: ======'init_phase_4'====== Args={}
2025-10-21 08:04:05,509 : INFO : BallController : Initial balls found: 6
2025-10-21 08:04:05,511 : INFO : EventManager : Event: ======'machine_var_audits_events_game_ended'====== Args={'value': 73, 'prev_value': None, 'change': True}
2025-10-21 08:04:05,511 : INFO : EventManager : Event: ======'machine_var_audits_events_game_started'====== Args={'value': 390, 'prev_value': None, 'change': True}
2025-10-21 08:04:05,512 : INFO : EventManager : Event: ======'machine_var_audits_missing_switches_s_A'====== Args={'value': 67, 'prev_value': None, 'change': True}
2025-10-21 08:04:05,512 : INFO : EventManager : Event: ======'machine_var_audits_missing_switches_s_E'====== Args={'value': 6, 'prev_value': None, 'change': True}
2025-10-21 08:04:05,512 : INFO : EventManager : Event: ======'machine_var_audits_missing_switches_s_Eb'====== Args={'value': 67, 'prev_value': None, 'change': True}
2025-10-21 08:04:05,512 : INFO : EventManager : Event: ======'machine_var_audits_missing_switches_s_I'====== Args={'value': 6, 'prev_value': None, 'change': True}
2025-10-21 08:04:05,512 : INFO : EventManager : Event: ======'machine_var_audits_missing_switches_s_L'====== Args={'value': 67, 'prev_value': None, 'change': True}
2025-10-21 08:04:05,512 : INFO : EventManager : Event: ======'machine_var_audits_missing_switches_s_M'====== Args={'value': 6, 'prev_value': None, 'change': True}
2025-10-21 08:04:05,513 : INFO : EventManager : Event: ======'machine_var_audits_missing_switches_s_R'====== Args={'value': 67, 'prev_value': None, 'change': True}
2025-10-21 08:04:05,513 : INFO : EventManager : Event: ======'machine_var_audits_missing_switches_s_T'====== Args={'value': 6, 'prev_value': None, 'change': True}
2025-10-21 08:04:05,513 : INFO : EventManager : Event: ======'machine_var_audits_missing_switches_s_Tb'====== Args={'value': 67, 'prev_value': None, 'change': True}
2025-10-21 08:04:05,513 : INFO : EventManager : Event: ======'machine_var_audits_missing_switches_s_V'====== Args={'value': 67, 'prev_value': None, 'change': True}
2025-10-21 08:04:05,513 : INFO : EventManager : Event: ======'machine_var_audits_missing_switches_s_bumper1'====== Args={'value': 10, 'prev_value': None, 'change': True}
2025-10-21 08:04:05,513 : INFO : EventManager : Event: ======'machine_var_audits_missing_switches_s_bumper2'====== Args={'value': 14, 'prev_value': None, 'change': True}
2025-10-21 08:04:05,514 : INFO : EventManager : Event: ======'machine_var_audits_missing_switches_s_bumper_1'====== Args={'value': 28, 'prev_value': None, 'change': True}
2025-10-21 08:04:05,514 : INFO : EventManager : Event: ======'machine_var_audits_missing_switches_s_bumper_2'====== Args={'value': 28, 'prev_value': None, 'change': True}
2025-10-21 08:04:05,514 : INFO : EventManager : Event: ======'machine_var_audits_missing_switches_s_center_center_target'====== Args={'value': 6, 'prev_value': None, 'change': True}
2025-10-21 08:04:05,514 : INFO : EventManager : Event: ======'machine_var_audits_missing_switches_s_center_rollover'====== Args={'value': 8, 'prev_value': None, 'change': True}
2025-10-21 08:04:05,514 : INFO : EventManager : Event: ======'machine_var_audits_missing_switches_s_center_scoop'====== Args={'value': 9, 'prev_value': None, 'change': True}
2025-10-21 08:04:05,515 : INFO : EventManager : Event: ======'machine_var_audits_missing_switches_s_coin_left'====== Args={'value': 6, 'prev_value': None, 'change': True}
2025-10-21 08:04:05,515 : INFO : EventManager : Event: ======'machine_var_audits_missing_switches_s_door_open'====== Args={'value': 6, 'prev_value': None, 'change': True}
2025-10-21 08:04:05,515 : INFO : EventManager : Event: ======'machine_var_audits_missing_switches_s_launcher_lane_spinner'====== Args={'value': 56, 'prev_value': None, 'change': True}
2025-10-21 08:04:05,515 : INFO : EventManager : Event: ======'machine_var_audits_missing_switches_s_left_center_target'====== Args={'value': 6, 'prev_value': None, 'change': True}
2025-10-21 08:04:05,516 : INFO : EventManager : Event: ======'machine_var_audits_missing_switches_s_left_corridor_spinner2'====== Args={'value': 6, 'prev_value': None, 'change': True}
2025-10-21 08:04:05,516 : INFO : EventManager : Event: ======'machine_var_audits_missing_switches_s_left_flipper'====== Args={'value': 13, 'prev_value': None, 'change': True}
2025-10-21 08:04:05,516 : INFO : EventManager : Event: ======'machine_var_audits_missing_switches_s_left_inlane'====== Args={'value': 6, 'prev_value': None, 'change': True}
2025-10-21 08:04:05,516 : INFO : EventManager : Event: ======'machine_var_audits_missing_switches_s_left_outlane'====== Args={'value': 6, 'prev_value': None, 'change': True}
2025-10-21 08:04:05,516 : INFO : EventManager : Event: ======'machine_var_audits_missing_switches_s_left_rollover'====== Args={'value': 15, 'prev_value': None, 'change': True}
2025-10-21 08:04:05,517 : INFO : EventManager : Event: ======'machine_var_audits_missing_switches_s_left_scoop'====== Args={'value': 1, 'prev_value': None, 'change': True}
2025-10-21 08:04:05,517 : INFO : EventManager : Event: ======'machine_var_audits_missing_switches_s_left_standup'====== Args={'value': 56, 'prev_value': None, 'change': True}
2025-10-21 08:04:05,518 : INFO : EventManager : Event: ======'machine_var_audits_missing_switches_s_right_center_target'====== Args={'value': 6, 'prev_value': None, 'change': True}
2025-10-21 08:04:05,518 : INFO : EventManager : Event: ======'machine_var_audits_missing_switches_s_right_corridor_spinner'====== Args={'value': 4, 'prev_value': None, 'change': True}
2025-10-21 08:04:05,518 : INFO : EventManager : Event: ======'machine_var_audits_missing_switches_s_right_flipper'====== Args={'value': 17, 'prev_value': None, 'change': True}
2025-10-21 08:04:05,518 : INFO : EventManager : Event: ======'machine_var_audits_missing_switches_s_right_inlane'====== Args={'value': 6, 'prev_value': None, 'change': True}
2025-10-21 08:04:05,519 : INFO : EventManager : Event: ======'machine_var_audits_missing_switches_s_right_outlane'====== Args={'value': 6, 'prev_value': None, 'change': True}
2025-10-21 08:04:05,519 : INFO : EventManager : Event: ======'machine_var_audits_missing_switches_s_right_rollover'====== Args={'value': 1, 'prev_value': None, 'change': True}
2025-10-21 08:04:05,519 : INFO : EventManager : Event: ======'machine_var_audits_missing_switches_s_right_scoop'====== Args={'value': 6, 'prev_value': None, 'change': True}
2025-10-21 08:04:05,519 : INFO : EventManager : Event: ======'machine_var_audits_missing_switches_s_service_coin'====== Args={'value': 6, 'prev_value': None, 'change': True}
2025-10-21 08:04:05,519 : INFO : EventManager : Event: ======'machine_var_audits_missing_switches_s_service_down'====== Args={'value': 25, 'prev_value': None, 'change': True}
2025-10-21 08:04:05,519 : INFO : EventManager : Event: ======'machine_var_audits_missing_switches_s_service_enter'====== Args={'value': 6, 'prev_value': None, 'change': True}
2025-10-21 08:04:05,519 : INFO : EventManager : Event: ======'machine_var_audits_missing_switches_s_service_esc'====== Args={'value': 9, 'prev_value': None, 'change': True}
2025-10-21 08:04:05,520 : INFO : EventManager : Event: ======'machine_var_audits_missing_switches_s_service_up'====== Args={'value': 25, 'prev_value': None, 'change': True}
2025-10-21 08:04:05,520 : INFO : EventManager : Event: ======'machine_var_audits_missing_switches_s_sling_left'====== Args={'value': 6, 'prev_value': None, 'change': True}
2025-10-21 08:04:05,520 : INFO : EventManager : Event: ======'machine_var_audits_missing_switches_s_sling_right'====== Args={'value': 239, 'prev_value': None, 'change': True}
2025-10-21 08:04:05,521 : INFO : EventManager : Event: ======'machine_var_audits_missing_switches_s_standup_1'====== Args={'value': 6, 'prev_value': None, 'change': True}
2025-10-21 08:04:05,521 : INFO : EventManager : Event: ======'machine_var_audits_missing_switches_s_standup_2'====== Args={'value': 6, 'prev_value': None, 'change': True}
2025-10-21 08:04:05,521 : INFO : EventManager : Event: ======'machine_var_audits_missing_switches_s_standup_3'====== Args={'value': 6, 'prev_value': None, 'change': True}
2025-10-21 08:04:05,521 : INFO : EventManager : Event: ======'machine_var_audits_missing_switches_s_standup_4'====== Args={'value': 6, 'prev_value': None, 'change': True}
2025-10-21 08:04:05,522 : INFO : EventManager : Event: ======'machine_var_audits_missing_switches_s_standup_5'====== Args={'value': 6, 'prev_value': None, 'change': True}
2025-10-21 08:04:05,522 : INFO : EventManager : Event: ======'machine_var_audits_missing_switches_s_standup_6'====== Args={'value': 6, 'prev_value': None, 'change': True}
2025-10-21 08:04:05,523 : INFO : EventManager : Event: ======'machine_var_audits_missing_switches_s_start'====== Args={'value': 6, 'prev_value': None, 'change': True}
2025-10-21 08:04:05,523 : INFO : EventManager : Event: ======'machine_var_audits_missing_switches_s_tilt'====== Args={'value': 6, 'prev_value': None, 'change': True}
2025-10-21 08:04:05,523 : INFO : EventManager : Event: ======'machine_var_audits_missing_switches_s_top_left_standup'====== Args={'value': 6, 'prev_value': None, 'change': True}
2025-10-21 08:04:05,523 : INFO : EventManager : Event: ======'machine_var_audits_missing_switches_s_top_left_standup2'====== Args={'value': 6, 'prev_value': None, 'change': True}
2025-10-21 08:04:05,524 : INFO : EventManager : Event: ======'machine_var_audits_missing_switches_s_trough1'====== Args={'value': 8, 'prev_value': None, 'change': True}
2025-10-21 08:04:05,524 : INFO : EventManager : Event: ======'machine_var_audits_missing_switches_s_trough2'====== Args={'value': 75, 'prev_value': None, 'change': True}
2025-10-21 08:04:05,524 : INFO : EventManager : Event: ======'machine_var_audits_missing_switches_s_trough3'====== Args={'value': 390, 'prev_value': None, 'change': True}
2025-10-21 08:04:05,525 : INFO : EventManager : Event: ======'machine_var_audits_missing_switches_s_trough4'====== Args={'value': 390, 'prev_value': None, 'change': True}
2025-10-21 08:04:05,525 : INFO : EventManager : Event: ======'machine_var_audits_missing_switches_s_trough5'====== Args={'value': 390, 'prev_value': None, 'change': True}
2025-10-21 08:04:05,525 : INFO : EventManager : Event: ======'machine_var_audits_missing_switches_s_trough6'====== Args={'value': 390, 'prev_value': None, 'change': True}
2025-10-21 08:04:05,526 : INFO : EventManager : Event: ======'machine_var_audits_missing_switches_s_trough_jam'====== Args={'value': 6, 'prev_value': None, 'change': True}
2025-10-21 08:04:05,526 : INFO : EventManager : Event: ======'machine_var_audits_player_score'====== Args={'value': {'average': 6450684, 'top': [75043600, 70538842, 47521800, 45002500, 43517500, 42224750, 41236342, 31835000, 17715450, 15508500], 'total': 77}, 'prev_value': None, 'change': True}
2025-10-21 08:04:05,526 : INFO : EventManager : Event: ======'machine_var_audits_shots_A'====== Args={'value': 51, 'prev_value': None, 'change': True}
2025-10-21 08:04:05,527 : INFO : EventManager : Event: ======'machine_var_audits_shots_E'====== Args={'value': 214, 'prev_value': None, 'change': True}
2025-10-21 08:04:05,527 : INFO : EventManager : Event: ======'machine_var_audits_shots_Eb'====== Args={'value': 43, 'prev_value': None, 'change': True}
2025-10-21 08:04:05,527 : INFO : EventManager : Event: ======'machine_var_audits_shots_I'====== Args={'value': 207, 'prev_value': None, 'change': True}
2025-10-21 08:04:05,528 : INFO : EventManager : Event: ======'machine_var_audits_shots_L'====== Args={'value': 44, 'prev_value': None, 'change': True}
2025-10-21 08:04:05,528 : INFO : EventManager : Event: ======'machine_var_audits_shots_M'====== Args={'value': 209, 'prev_value': None, 'change': True}
2025-10-21 08:04:05,528 : INFO : EventManager : Event: ======'machine_var_audits_shots_R'====== Args={'value': 63, 'prev_value': None, 'change': True}
2025-10-21 08:04:05,529 : INFO : EventManager : Event: ======'machine_var_audits_shots_T'====== Args={'value': 209, 'prev_value': None, 'change': True}
2025-10-21 08:04:05,529 : INFO : EventManager : Event: ======'machine_var_audits_shots_Tb'====== Args={'value': 85, 'prev_value': None, 'change': True}
2025-10-21 08:04:05,529 : INFO : EventManager : Event: ======'machine_var_audits_shots_V'====== Args={'value': 44, 'prev_value': None, 'change': True}
2025-10-21 08:04:05,529 : INFO : EventManager : Event: ======'machine_var_audits_shots_bumper1_shot'====== Args={'value': 358, 'prev_value': None, 'change': True}
2025-10-21 08:04:05,530 : INFO : EventManager : Event: ======'machine_var_audits_shots_bumper2_shot'====== Args={'value': 883, 'prev_value': None, 'change': True}
2025-10-21 08:04:05,530 : INFO : EventManager : Event: ======'machine_var_audits_shots_center_center_droptarget'====== Args={'value': 22, 'prev_value': None, 'change': True}
2025-10-21 08:04:05,530 : INFO : EventManager : Event: ======'machine_var_audits_shots_center_rollover'====== Args={'value': 7, 'prev_value': None, 'change': True}
2025-10-21 08:04:05,530 : INFO : EventManager : Event: ======'machine_var_audits_shots_center_rollover_shot'====== Args={'value': 350, 'prev_value': None, 'change': True}
2025-10-21 08:04:05,531 : INFO : EventManager : Event: ======'machine_var_audits_shots_center_scoop_shot'====== Args={'value': 11, 'prev_value': None, 'change': True}
2025-10-21 08:04:05,531 : INFO : EventManager : Event: ======'machine_var_audits_shots_jets'====== Args={'value': 1182, 'prev_value': None, 'change': True}
2025-10-21 08:04:05,531 : INFO : EventManager : Event: ======'machine_var_audits_shots_left_center_droptarget'====== Args={'value': 22, 'prev_value': None, 'change': True}
2025-10-21 08:04:05,531 : INFO : EventManager : Event: ======'machine_var_audits_shots_left_corridor_spinner'====== Args={'value': 9, 'prev_value': None, 'change': True}
2025-10-21 08:04:05,532 : INFO : EventManager : Event: ======'machine_var_audits_shots_left_corridor_spinner2'====== Args={'value': 10, 'prev_value': None, 'change': True}
2025-10-21 08:04:05,532 : INFO : EventManager : Event: ======'machine_var_audits_shots_left_corridor_spinner2_shot'====== Args={'value': 1, 'prev_value': None, 'change': True}
2025-10-21 08:04:05,532 : INFO : EventManager : Event: ======'machine_var_audits_shots_left_corridor_spinner_shot'====== Args={'value': 206, 'prev_value': None, 'change': True}
2025-10-21 08:04:05,533 : INFO : EventManager : Event: ======'machine_var_audits_shots_left_inlane_shot'====== Args={'value': 9, 'prev_value': None, 'change': True}
2025-10-21 08:04:05,533 : INFO : EventManager : Event: ======'machine_var_audits_shots_left_outlane_shot'====== Args={'value': 9, 'prev_value': None, 'change': True}
2025-10-21 08:04:05,533 : INFO : EventManager : Event: ======'machine_var_audits_shots_left_rollover'====== Args={'value': 36, 'prev_value': None, 'change': True}
2025-10-21 08:04:05,534 : INFO : EventManager : Event: ======'machine_var_audits_shots_left_rollover_shot'====== Args={'value': 287, 'prev_value': None, 'change': True}
2025-10-21 08:04:05,534 : INFO : EventManager : Event: ======'machine_var_audits_shots_left_scoop_shot'====== Args={'value': 64, 'prev_value': None, 'change': True}
2025-10-21 08:04:05,535 : INFO : EventManager : Event: ======'machine_var_audits_shots_left_standup_shot'====== Args={'value': 15, 'prev_value': None, 'change': True}
2025-10-21 08:04:05,535 : INFO : EventManager : Event: ======'machine_var_audits_shots_letf_inlane_shot'====== Args={'value': 6, 'prev_value': None, 'change': True}
2025-10-21 08:04:05,536 : INFO : EventManager : Event: ======'machine_var_audits_shots_letf_outlane_shot'====== Args={'value': 5, 'prev_value': None, 'change': True}
2025-10-21 08:04:05,536 : INFO : EventManager : Event: ======'machine_var_audits_shots_middle_inlane_shot'====== Args={'value': 20, 'prev_value': None, 'change': True}
2025-10-21 08:04:05,537 : INFO : EventManager : Event: ======'machine_var_audits_shots_my_first_shot'====== Args={'value': 95, 'prev_value': None, 'change': True}
2025-10-21 08:04:05,537 : INFO : EventManager : Event: ======'machine_var_audits_shots_right_center_droptarget'====== Args={'value': 23, 'prev_value': None, 'change': True}
2025-10-21 08:04:05,537 : INFO : EventManager : Event: ======'machine_var_audits_shots_right_corridor_spinner'====== Args={'value': 3, 'prev_value': None, 'change': True}
2025-10-21 08:04:05,538 : INFO : EventManager : Event: ======'machine_var_audits_shots_right_corridor_spinner_shot'====== Args={'value': 32, 'prev_value': None, 'change': True}
2025-10-21 08:04:05,538 : INFO : EventManager : Event: ======'machine_var_audits_shots_right_inlane_shot'====== Args={'value': 116, 'prev_value': None, 'change': True}
2025-10-21 08:04:05,539 : INFO : EventManager : Event: ======'machine_var_audits_shots_right_outlane_shot'====== Args={'value': 38, 'prev_value': None, 'change': True}
2025-10-21 08:04:05,539 : INFO : EventManager : Event: ======'machine_var_audits_shots_right_rollover'====== Args={'value': 41, 'prev_value': None, 'change': True}
2025-10-21 08:04:05,540 : INFO : EventManager : Event: ======'machine_var_audits_shots_right_rollover_shot'====== Args={'value': 422, 'prev_value': None, 'change': True}
2025-10-21 08:04:05,540 : INFO : EventManager : Event: ======'machine_var_audits_shots_right_scoop_shot'====== Args={'value': 63, 'prev_value': None, 'change': True}
2025-10-21 08:04:05,540 : INFO : EventManager : Event: ======'machine_var_audits_shots_right_standup'====== Args={'value': 41, 'prev_value': None, 'change': True}
2025-10-21 08:04:05,541 : INFO : EventManager : Event: ======'machine_var_audits_shots_right_standup_shot'====== Args={'value': 27, 'prev_value': None, 'change': True}
2025-10-21 08:04:05,541 : INFO : EventManager : Event: ======'machine_var_audits_shots_standup_1_skill'====== Args={'value': 65, 'prev_value': None, 'change': True}
2025-10-21 08:04:05,541 : INFO : EventManager : Event: ======'machine_var_audits_shots_standup_2_skill'====== Args={'value': 31, 'prev_value': None, 'change': True}
2025-10-21 08:04:05,542 : INFO : EventManager : Event: ======'machine_var_audits_shots_standup_3_skill'====== Args={'value': 13, 'prev_value': None, 'change': True}
2025-10-21 08:04:05,542 : INFO : EventManager : Event: ======'machine_var_audits_shots_standup_4_skill'====== Args={'value': 9, 'prev_value': None, 'change': True}
2025-10-21 08:04:05,542 : INFO : EventManager : Event: ======'machine_var_audits_shots_standup_5_skill'====== Args={'value': 4, 'prev_value': None, 'change': True}
2025-10-21 08:04:05,543 : INFO : EventManager : Event: ======'machine_var_audits_shots_standup_6_skill'====== Args={'value': 2, 'prev_value': None, 'change': True}
2025-10-21 08:04:05,543 : INFO : EventManager : Event: ======'machine_var_audits_shots_top_left_standup2_shot'====== Args={'value': 18, 'prev_value': None, 'change': True}
2025-10-21 08:04:05,543 : INFO : EventManager : Event: ======'machine_var_audits_shots_top_left_standup_shot'====== Args={'value': 9, 'prev_value': None, 'change': True}
2025-10-21 08:04:05,544 : INFO : EventManager : Event: ======'machine_var_audits_shots_top_middle_inlane_shot'====== Args={'value': 41, 'prev_value': None, 'change': True}
2025-10-21 08:04:05,544 : INFO : EventManager : Event: ======'machine_var_audits_switches_s_A'====== Args={'value': 0, 'prev_value': None, 'change': True}
2025-10-21 08:04:05,544 : INFO : EventManager : Event: ======'machine_var_audits_switches_s_E'====== Args={'value': 219, 'prev_value': None, 'change': True}
2025-10-21 08:04:05,545 : INFO : EventManager : Event: ======'machine_var_audits_switches_s_Eb'====== Args={'value': 0, 'prev_value': None, 'change': True}
2025-10-21 08:04:05,545 : INFO : EventManager : Event: ======'machine_var_audits_switches_s_I'====== Args={'value': 212, 'prev_value': None, 'change': True}
2025-10-21 08:04:05,546 : INFO : EventManager : Event: ======'machine_var_audits_switches_s_L'====== Args={'value': 0, 'prev_value': None, 'change': True}
2025-10-21 08:04:05,546 : INFO : EventManager : Event: ======'machine_var_audits_switches_s_M'====== Args={'value': 214, 'prev_value': None, 'change': True}
2025-10-21 08:04:05,546 : INFO : EventManager : Event: ======'machine_var_audits_switches_s_R'====== Args={'value': 0, 'prev_value': None, 'change': True}
2025-10-21 08:04:05,547 : INFO : EventManager : Event: ======'machine_var_audits_switches_s_T'====== Args={'value': 213, 'prev_value': None, 'change': True}
2025-10-21 08:04:05,547 : INFO : EventManager : Event: ======'machine_var_audits_switches_s_Tb'====== Args={'value': 0, 'prev_value': None, 'change': True}
2025-10-21 08:04:05,547 : INFO : EventManager : Event: ======'machine_var_audits_switches_s_V'====== Args={'value': 0, 'prev_value': None, 'change': True}
2025-10-21 08:04:05,548 : INFO : EventManager : Event: ======'machine_var_audits_switches_s_bumper1'====== Args={'value': 358, 'prev_value': None, 'change': True}
2025-10-21 08:04:05,548 : INFO : EventManager : Event: ======'machine_var_audits_switches_s_bumper2'====== Args={'value': 887, 'prev_value': None, 'change': True}
2025-10-21 08:04:05,548 : INFO : EventManager : Event: ======'machine_var_audits_switches_s_bumper_1'====== Args={'value': 0, 'prev_value': None, 'change': True}
2025-10-21 08:04:05,549 : INFO : EventManager : Event: ======'machine_var_audits_switches_s_bumper_2'====== Args={'value': 0, 'prev_value': None, 'change': True}
2025-10-21 08:04:05,549 : INFO : EventManager : Event: ======'machine_var_audits_switches_s_center_center_target'====== Args={'value': 28, 'prev_value': None, 'change': True}
2025-10-21 08:04:05,549 : INFO : EventManager : Event: ======'machine_var_audits_switches_s_center_rollover'====== Args={'value': 363, 'prev_value': None, 'change': True}
2025-10-21 08:04:05,550 : INFO : EventManager : Event: ======'machine_var_audits_switches_s_center_scoop'====== Args={'value': 25, 'prev_value': None, 'change': True}
2025-10-21 08:04:05,551 : INFO : EventManager : Event: ======'machine_var_audits_switches_s_coin_left'====== Args={'value': 20, 'prev_value': None, 'change': True}
2025-10-21 08:04:05,551 : INFO : EventManager : Event: ======'machine_var_audits_switches_s_door_open'====== Args={'value': 5, 'prev_value': None, 'change': True}
2025-10-21 08:04:05,552 : INFO : EventManager : Event: ======'machine_var_audits_switches_s_launcher_lane_spinner'====== Args={'value': 9, 'prev_value': None, 'change': True}
2025-10-21 08:04:05,552 : INFO : EventManager : Event: ======'machine_var_audits_switches_s_left_center_target'====== Args={'value': 29, 'prev_value': None, 'change': True}
2025-10-21 08:04:05,553 : INFO : EventManager : Event: ======'machine_var_audits_switches_s_left_corridor_spinner'====== Args={'value': 247, 'prev_value': None, 'change': True}
2025-10-21 08:04:05,554 : INFO : EventManager : Event: ======'machine_var_audits_switches_s_left_corridor_spinner2'====== Args={'value': 15, 'prev_value': None, 'change': True}
2025-10-21 08:04:05,554 : INFO : EventManager : Event: ======'machine_var_audits_switches_s_left_flipper'====== Args={'value': 371, 'prev_value': None, 'change': True}
2025-10-21 08:04:05,555 : INFO : EventManager : Event: ======'machine_var_audits_switches_s_left_inlane'====== Args={'value': 25, 'prev_value': None, 'change': True}
2025-10-21 08:04:05,555 : INFO : EventManager : Event: ======'machine_var_audits_switches_s_left_outlane'====== Args={'value': 17, 'prev_value': None, 'change': True}
2025-10-21 08:04:05,556 : INFO : EventManager : Event: ======'machine_var_audits_switches_s_left_rollover'====== Args={'value': 298, 'prev_value': None, 'change': True}
2025-10-21 08:04:05,556 : INFO : EventManager : Event: ======'machine_var_audits_switches_s_left_scoop'====== Args={'value': 281, 'prev_value': None, 'change': True}
2025-10-21 08:04:05,557 : INFO : EventManager : Event: ======'machine_var_audits_switches_s_left_standup'====== Args={'value': 20, 'prev_value': None, 'change': True}
2025-10-21 08:04:05,557 : INFO : EventManager : Event: ======'machine_var_audits_switches_s_middle_inlane'====== Args={'value': 20, 'prev_value': None, 'change': True}
2025-10-21 08:04:05,558 : INFO : EventManager : Event: ======'machine_var_audits_switches_s_plunger'====== Args={'value': 672, 'prev_value': None, 'change': True}
2025-10-21 08:04:05,558 : INFO : EventManager : Event: ======'machine_var_audits_switches_s_right_center_target'====== Args={'value': 32, 'prev_value': None, 'change': True}
2025-10-21 08:04:05,558 : INFO : EventManager : Event: ======'machine_var_audits_switches_s_right_corridor_spinner'====== Args={'value': 56, 'prev_value': None, 'change': True}
2025-10-21 08:04:05,559 : INFO : EventManager : Event: ======'machine_var_audits_switches_s_right_flipper'====== Args={'value': 156, 'prev_value': None, 'change': True}
2025-10-21 08:04:05,559 : INFO : EventManager : Event: ======'machine_var_audits_switches_s_right_inlane'====== Args={'value': 243, 'prev_value': None, 'change': True}
2025-10-21 08:04:05,559 : INFO : EventManager : Event: ======'machine_var_audits_switches_s_right_outlane'====== Args={'value': 44, 'prev_value': None, 'change': True}
2025-10-21 08:04:05,560 : INFO : EventManager : Event: ======'machine_var_audits_switches_s_right_rollover'====== Args={'value': 434, 'prev_value': None, 'change': True}
2025-10-21 08:04:05,560 : INFO : EventManager : Event: ======'machine_var_audits_switches_s_right_scoop'====== Args={'value': 80, 'prev_value': None, 'change': True}
2025-10-21 08:04:05,561 : INFO : EventManager : Event: ======'machine_var_audits_switches_s_right_standup'====== Args={'value': 176, 'prev_value': None, 'change': True}
2025-10-21 08:04:05,561 : INFO : EventManager : Event: ======'machine_var_audits_switches_s_service_coin'====== Args={'value': 2, 'prev_value': None, 'change': True}
2025-10-21 08:04:05,561 : INFO : EventManager : Event: ======'machine_var_audits_switches_s_service_down'====== Args={'value': 28, 'prev_value': None, 'change': True}
2025-10-21 08:04:05,562 : INFO : EventManager : Event: ======'machine_var_audits_switches_s_service_enter'====== Args={'value': 17, 'prev_value': None, 'change': True}
2025-10-21 08:04:05,562 : INFO : EventManager : Event: ======'machine_var_audits_switches_s_service_esc'====== Args={'value': 11, 'prev_value': None, 'change': True}
2025-10-21 08:04:05,563 : INFO : EventManager : Event: ======'machine_var_audits_switches_s_service_up'====== Args={'value': 31, 'prev_value': None, 'change': True}
2025-10-21 08:04:05,563 : INFO : EventManager : Event: ======'machine_var_audits_switches_s_sling_left'====== Args={'value': 4, 'prev_value': None, 'change': True}
2025-10-21 08:04:05,564 : INFO : EventManager : Event: ======'machine_var_audits_switches_s_sling_right'====== Args={'value': 8, 'prev_value': None, 'change': True}
2025-10-21 08:04:05,564 : INFO : EventManager : Event: ======'machine_var_audits_switches_s_standup_1'====== Args={'value': 169, 'prev_value': None, 'change': True}
2025-10-21 08:04:05,564 : INFO : EventManager : Event: ======'machine_var_audits_switches_s_standup_2'====== Args={'value': 106, 'prev_value': None, 'change': True}
2025-10-21 08:04:05,565 : INFO : EventManager : Event: ======'machine_var_audits_switches_s_standup_3'====== Args={'value': 94, 'prev_value': None, 'change': True}
2025-10-21 08:04:05,565 : INFO : EventManager : Event: ======'machine_var_audits_switches_s_standup_4'====== Args={'value': 69, 'prev_value': None, 'change': True}
2025-10-21 08:04:05,566 : INFO : EventManager : Event: ======'machine_var_audits_switches_s_standup_5'====== Args={'value': 67, 'prev_value': None, 'change': True}
2025-10-21 08:04:05,566 : INFO : EventManager : Event: ======'machine_var_audits_switches_s_standup_6'====== Args={'value': 58, 'prev_value': None, 'change': True}
2025-10-21 08:04:05,567 : INFO : EventManager : Event: ======'machine_var_audits_switches_s_start'====== Args={'value': 62, 'prev_value': None, 'change': True}
2025-10-21 08:04:05,568 : INFO : EventManager : Event: ======'machine_var_audits_switches_s_tilt'====== Args={'value': 25, 'prev_value': None, 'change': True}
2025-10-21 08:04:05,569 : INFO : EventManager : Event: ======'machine_var_audits_switches_s_top_left_standup'====== Args={'value': 20, 'prev_value': None, 'change': True}
2025-10-21 08:04:05,569 : INFO : EventManager : Event: ======'machine_var_audits_switches_s_top_left_standup2'====== Args={'value': 38, 'prev_value': None, 'change': True}
2025-10-21 08:04:05,569 : INFO : EventManager : Event: ======'machine_var_audits_switches_s_top_middle_inlane'====== Args={'value': 41, 'prev_value': None, 'change': True}
2025-10-21 08:04:05,570 : INFO : EventManager : Event: ======'machine_var_audits_switches_s_trough1'====== Args={'value': 383, 'prev_value': None, 'change': True}
2025-10-21 08:04:05,570 : INFO : EventManager : Event: ======'machine_var_audits_switches_s_trough2'====== Args={'value': 1, 'prev_value': None, 'change': True}
2025-10-21 08:04:05,571 : INFO : EventManager : Event: ======'machine_var_audits_switches_s_trough3'====== Args={'value': 0, 'prev_value': None, 'change': True}
2025-10-21 08:04:05,571 : INFO : EventManager : Event: ======'machine_var_audits_switches_s_trough4'====== Args={'value': 0, 'prev_value': None, 'change': True}
2025-10-21 08:04:05,572 : INFO : EventManager : Event: ======'machine_var_audits_switches_s_trough5'====== Args={'value': 0, 'prev_value': None, 'change': True}
2025-10-21 08:04:05,572 : INFO : EventManager : Event: ======'machine_var_audits_switches_s_trough6'====== Args={'value': 0, 'prev_value': None, 'change': True}
2025-10-21 08:04:05,572 : INFO : EventManager : Event: ======'machine_var_audits_switches_s_trough_jam'====== Args={'value': 4, 'prev_value': None, 'change': True}
2025-10-21 08:04:05,573 : INFO : EventManager : Event: ======'init_phase_5'====== Args={}
2025-10-21 08:04:05,625 : INFO : EventManager : Event: ======'init_done'====== Args={}
2025-10-21 08:04:05,643 : INFO : EventManager : Event: ======'machine_reset_phase_1'====== Args={}
2025-10-21 08:04:05,650 : INFO : EventManager : Event: ======'slide_window_slide_1_removed'====== Args={'_from_bcp': True}
2025-10-21 08:04:05,666 : INFO : EventManager : Event: ======'slide_window_slide_1_created'====== Args={'_from_bcp': True}
2025-10-21 08:04:05,667 : INFO : EventManager : Event: ======'slide_window_slide_1_active'====== Args={'_from_bcp': True}
2025-10-21 08:04:05,683 : INFO : EventManager : Event: ======'machine_reset_phase_2'====== Args={}
2025-10-21 08:04:05,683 : INFO : EventManager : Event: ======'machine_reset_phase_3'====== Args={}
2025-10-21 08:04:05,683 : INFO : EventManager : Event: ======'mode_tilt_will_start'====== Args={'queue': <QueuedEvent>}
2025-10-21 08:04:05,684 : INFO : EventManager : Event: ======'mode_tilt_starting'====== Args={'queue': <QueuedEvent>}
2025-10-21 08:04:05,684 : INFO : drop_target_bank.TIME : All targets are already up. Will not reset bank.
2025-10-21 08:04:05,684 : INFO : drop_target_bank.CENTER : All targets are already up. Will not reset bank.
2025-10-21 08:04:05,684 : INFO : drop_target_bank.TRAVEL : All targets are already up. Will not reset bank.
2025-10-21 08:04:05,685 : INFO : Mode.tilt : Started. Priority: 1000000
2025-10-21 08:04:05,685 : INFO : EventManager : Event: ======'modes_active_modes_changed'====== Args={}
2025-10-21 08:04:05,685 : INFO : EventManager : Event: ======'mode_tilt_started'====== Args={'queue': <QueuedEvent>}
2025-10-21 08:04:05,685 : INFO : EventManager : Event: ======'reset_complete'====== Args={}
2025-10-21 08:04:05,685 : INFO : EventManager : Event: ======'mode_credits_will_start'====== Args={}
2025-10-21 08:04:05,686 : INFO : EventManager : Event: ======'mode_credits_starting'====== Args={}
2025-10-21 08:04:05,686 : INFO : EventManager : Event: ======'mode_attract_will_start'====== Args={}
2025-10-21 08:04:05,686 : INFO : EventManager : Event: ======'mode_attract_starting'====== Args={}
2025-10-21 08:04:05,686 : INFO : Mode.attract : Started. Priority: 10
2025-10-21 08:04:05,686 : INFO : EventManager : Event: ======'modes_active_modes_changed'====== Args={}
2025-10-21 08:04:05,686 : INFO : EventManager : Event: ======'mode_attract_started'====== Args={}
2025-10-21 08:04:05,687 : INFO : EventManager : Event: ======'collecting_balls_complete'====== Args={}
2025-10-21 08:04:05,687 : INFO : Mode.credits : Started. Priority: 1000010
2025-10-21 08:04:05,687 : INFO : EventManager : Event: ======'modes_active_modes_changed'====== Args={}
2025-10-21 08:04:05,687 : INFO : EventManager : Event: ======'mode_credits_started'====== Args={}
2025-10-21 08:04:05,687 : INFO : Mode.credits : Credit units per game: 1
2025-10-21 08:04:05,687 : INFO : EventManager : Event: ======'machine_var_price_per_game_raw_0'====== Args={'value': 1.0, 'prev_value': None, 'change': True}
2025-10-21 08:04:05,688 : INFO : EventManager : Event: ======'machine_var_price_per_game_string_0'====== Args={'value': '1 CREDITS $1.0', 'prev_value': None, 'change': True}
2025-10-21 08:04:05,688 : INFO : EventManager : Event: ======'machine_var_credits_string'====== Args={'value': ' ', 'prev_value': 'FREE PLAY', 'change': True}
2025-10-21 08:04:05,689 : INFO : EventManager : Event: ======'machine_var_credits_value'====== Args={'value': '0', 'prev_value': None, 'change': True}
2025-10-21 08:04:05,689 : INFO : EventManager : Event: ======'machine_var_credits_whole_num'====== Args={'value': 0, 'prev_value': None, 'change': True}
2025-10-21 08:04:05,690 : INFO : EventManager : Event: ======'machine_var_credits_numerator'====== Args={'value': 0, 'prev_value': None, 'change': True}
2025-10-21 08:04:05,690 : INFO : EventManager : Event: ======'machine_var_credits_denominator'====== Args={'value': 0, 'prev_value': None, 'change': True}
2025-10-21 08:04:05,690 : INFO : EventManager : Event: ======'machine_var_credits_string'====== Args={'value': 'CREDITS 1', 'prev_value': ' ', 'change': True}
2025-10-21 08:04:05,692 : INFO : EventManager : Event: ======'machine_var_credits_value'====== Args={'value': '1', 'prev_value': '0', 'change': True}
2025-10-21 08:04:05,692 : INFO : EventManager : Event: ======'machine_var_credits_whole_num'====== Args={'value': 1, 'prev_value': 0, 'change': 1}
2025-10-21 08:04:05,693 : INFO : EventManager : Event: ======'machine_var_credits_denominator'====== Args={'value': 1, 'prev_value': 0, 'change': 1}
2025-10-21 08:04:05,736 : INFO : EventManager : Event: ======'slide_awesome_slide_created'====== Args={'_from_bcp': True}
2025-10-21 08:04:05,736 : INFO : EventManager : Event: ======'slide_awesome_slide_active'====== Args={'_from_bcp': True}
2025-10-21 08:04:05,736 : INFO : Machine : Starting the main run loop.
2025-10-21 08:04:06,246 : INFO : BcpServer : New client connected.
2025-10-21 08:04:08,669 : INFO : SwitchController : <<<<<<< 's_start' active >>>>>>>
2025-10-21 08:04:08,677 : INFO : EventManager : Event: ======'slide_press_start_created'====== Args={'_from_bcp': True}
2025-10-21 08:04:08,685 : INFO : EventManager : Event: ======'slide_press_start_active'====== Args={'_from_bcp': True}
2025-10-21 08:04:08,801 : INFO : SwitchController : <<<<<<< 's_start' inactive >>>>>>>
2025-10-21 08:04:08,801 : INFO : EventManager : Event: ======'request_to_start_game'====== Args={}
2025-10-21 08:04:08,802 : INFO : Mode.credits : Received request to start game. Request Approved. Sufficient credits available.
2025-10-21 08:04:08,802 : INFO : EventManager : Event: ======'game_start'====== Args={'buttons': [], 'hold_time': 0.13999999999941792}
2025-10-21 08:04:08,802 : INFO : EventManager : Event: ======'mode_game_will_start'====== Args={'buttons': [], 'hold_time': 0.13999999999941792}
2025-10-21 08:04:08,802 : INFO : EventManager : Event: ======'mode_game_starting'====== Args={'buttons': [], 'hold_time': 0.13999999999941792}
2025-10-21 08:04:08,802 : INFO : EventManager : Event: ======'mode_attract_will_stop'====== Args={}
2025-10-21 08:04:08,802 : INFO : EventManager : Event: ======'mode_attract_stopping'====== Args={}
2025-10-21 08:04:08,804 : INFO : Mode.attract : Stopped.
2025-10-21 08:04:08,804 : INFO : EventManager : Event: ======'modes_active_modes_changed'====== Args={}
2025-10-21 08:04:08,804 : INFO : EventManager : Event: ======'mode_attract_stopped'====== Args={}
2025-10-21 08:04:08,805 : INFO : EventManager : Event: ======'clear'====== Args={'key': 'attract'}
2025-10-21 08:04:08,805 : INFO : Mode.game : Started. Priority: 20
2025-10-21 08:04:08,805 : INFO : EventManager : Event: ======'modes_active_modes_changed'====== Args={}
2025-10-21 08:04:08,805 : INFO : EventManager : Event: ======'mode_game_started'====== Args={'buttons': [], 'hold_time': 0.13999999999941792}
2025-10-21 08:04:08,813 : INFO : EventManager : Event: ======'game_will_start'====== Args={}
2025-10-21 08:04:08,814 : INFO : EventManager : Event: ======'game_starting'====== Args={'game': <Mode.game>}
2025-10-21 08:04:08,815 : INFO : EventManager : Unordered handler for class <Auditor> on event game_ended with priority 1. Handlers: [RegisteredHandler(callback=<bound method Auditor.disable of <Auditor>>, priority=1, kwargs={}, key=UUID('f76dc725-faae-4a95-b02f-2dbbd1184b37'), condition=None, blocking_facility=None), RegisteredHandler(callback=<bound method Auditor._save_audits of <Auditor>>, priority=1, kwargs={}, key=UUID('4467d135-0bbb-40bb-99d6-edd8483d1cc1'), condition=None, blocking_facility=None)]. The order of those handlers is not defined and they will be executed in random order. This might lead to race conditions and potential bugs.
2025-10-21 08:04:08,815 : INFO : EventManager : Event: ======'player_add_request'====== Args={}
2025-10-21 08:04:08,815 : INFO : Mode.credits : Received request to add player. Request Approved. Sufficient credits available.
2025-10-21 08:04:08,815 : INFO : EventManager : Event: ======'player_will_add'====== Args={'number': 1}
2025-10-21 08:04:08,815 : INFO : EventManager : Event: ======'player_adding'====== Args={'player': <Player 1>, 'number': 1}
2025-10-21 08:04:08,816 : INFO : EventManager : Event: ======'player_added'====== Args={'player': <Player 1>, 'num': 1}
2025-10-21 08:04:08,816 : INFO : Mode.game : Player added successfully. Total players: 1
2025-10-21 08:04:08,817 : INFO : EventManager : Event: ======'machine_var_credit_units'====== Args={'value': 0, 'prev_value': 1, 'change': -1}
2025-10-21 08:04:08,817 : INFO : EventManager : Event: ======'machine_var_credits_string'====== Args={'value': 'CREDITS 0', 'prev_value': 'CREDITS 1', 'change': True}
2025-10-21 08:04:08,818 : INFO : EventManager : Event: ======'machine_var_credits_value'====== Args={'value': '0', 'prev_value': '1', 'change': True}
2025-10-21 08:04:08,819 : INFO : EventManager : Event: ======'machine_var_credits_whole_num'====== Args={'value': 0, 'prev_value': 1, 'change': -1}
2025-10-21 08:04:08,819 : INFO : EventManager : Event: ======'player_index'====== Args={'value': 0, 'prev_value': 0, 'change': 0, 'player_num': 1}
2025-10-21 08:04:08,819 : INFO : EventManager : Event: ======'player_number'====== Args={'value': 1, 'prev_value': 1, 'change': 0, 'player_num': 1}
2025-10-21 08:04:08,820 : INFO : EventManager : Event: ======'player_sj_active'====== Args={'value': 0, 'prev_value': 0, 'change': 0, 'player_num': 1}
2025-10-21 08:04:08,820 : INFO : EventManager : Event: ======'player_score'====== Args={'value': 0, 'prev_value': 0, 'change': 0, 'player_num': 1}
2025-10-21 08:04:08,821 : INFO : EventManager : Event: ======'game_started'====== Args={}
2025-10-21 08:04:08,835 : INFO : EventManager : Event: ======'player_turn_will_start'====== Args={'player': <Player 1>, 'number': 1}
2025-10-21 08:04:08,835 : INFO : EventManager : Event: ======'slide_awesome_slide_removed'====== Args={'_from_bcp': True}
2025-10-21 08:04:08,837 : INFO : EventManager : Event: ======'slide_press_start_removed'====== Args={'_from_bcp': True}
2025-10-21 08:04:08,837 : INFO : EventManager : Event: ======'slide_player_added_slide_created'====== Args={'_from_bcp': True}
2025-10-21 08:04:08,837 : INFO : EventManager : Event: ======'slide_player_added_slide_active'====== Args={'_from_bcp': True}
2025-10-21 08:04:08,837 : INFO : EventManager : Event: ======'player_turn_starting'====== Args={'player': <Player 1>, 'number': 1}
2025-10-21 08:04:08,838 : INFO : EventManager : Event: ======'player_ball'====== Args={'value': 1, 'prev_value': 0, 'change': 1, 'player_num': 1}
2025-10-21 08:04:08,838 : INFO : EventManager : Event: ======'player_turn_started'====== Args={'player': <Player 1>, 'number': 1}
2025-10-21 08:04:08,839 : INFO : EventManager : Event: ======'ball_will_start'====== Args={'player': 1, 'ball': 1, 'balls_remaining': 2, 'is_extra_ball': False}
2025-10-21 08:04:08,844 : INFO : EventManager : Event: ======'ball_starting'====== Args={'player': 1, 'ball': 1, 'balls_remaining': 2, 'is_extra_ball': False}
2025-10-21 08:04:08,844 : INFO : EventManager : Event: ======'slide_player_added_slide_removed'====== Args={'_from_bcp': True}
2025-10-21 08:04:08,845 : INFO : EventManager : Event: ======'mode_special_setup_will_start'====== Args={'queue': <QueuedEvent>, 'player': 1, 'ball': 1, 'balls_remaining': 2, 'is_extra_ball': False}
2025-10-21 08:04:08,846 : INFO : EventManager : Event: ======'mode_special_setup_starting'====== Args={'queue': <QueuedEvent>, 'player': 1, 'ball': 1, 'balls_remaining': 2, 'is_extra_ball': False}
2025-10-21 08:04:08,846 : INFO : EventManager : Event: ======'mode_super_jets_setup_will_start'====== Args={'queue': <QueuedEvent>, 'player': 1, 'ball': 1, 'balls_remaining': 2, 'is_extra_ball': False}
2025-10-21 08:04:08,846 : INFO : EventManager : Event: ======'player_shot_jets_enabled'====== Args={'value': True, 'prev_value': 0, 'change': 1, 'player_num': 1}
2025-10-21 08:04:08,848 : INFO : EventManager : Event: ======'mode_super_jets_setup_starting'====== Args={'queue': <QueuedEvent>, 'player': 1, 'ball': 1, 'balls_remaining': 2, 'is_extra_ball': False}
2025-10-21 08:04:08,848 : INFO : drop_target_bank.TIME : All targets are already up. Will not reset bank.
2025-10-21 08:04:08,848 : INFO : drop_target_bank.CENTER : All targets are already up. Will not reset bank.
2025-10-21 08:04:08,848 : INFO : drop_target_bank.TRAVEL : All targets are already up. Will not reset bank.
2025-10-21 08:04:08,849 : INFO : EventManager : Event: ======'balls_in_play'====== Args={'balls': 1}
2025-10-21 08:04:08,849 : INFO : EventManager : Event: ======'ball_started'====== Args={'player': 1, 'ball': 1, 'balls_remaining': 2, 'is_extra_ball': False}
2025-10-21 08:04:08,849 : INFO : EventManager : Event: ======'logicblock_special_count_updated'====== Args={'value': 0, 'enabled': True}
2025-10-21 08:04:08,849 : INFO : EventManager : Event: ======'logicblock_special_count_updated'====== Args={'value': 0, 'enabled': True}
2025-10-21 08:04:08,850 : INFO : Mode.special_setup : Started. Priority: 400
2025-10-21 08:04:08,850 : INFO : EventManager : Event: ======'modes_active_modes_changed'====== Args={}
2025-10-21 08:04:08,850 : INFO : EventManager : Event: ======'mode_special_setup_started'====== Args={'queue': <QueuedEvent>, 'player': 1, 'ball': 1, 'balls_remaining': 2, 'is_extra_ball': False}
2025-10-21 08:04:08,850 : INFO : EventManager : Event: ======'logicblock_lb_jets_count_updated'====== Args={'value': 0, 'enabled': True}
2025-10-21 08:04:08,850 : INFO : EventManager : Event: ======'logicblock_lb_rollover_complete_count_updated'====== Args={'value': 0, 'enabled': True}
2025-10-21 08:04:08,850 : INFO : EventManager : Event: ======'logicblock_lb_jets_count_updated'====== Args={'value': 0, 'enabled': True}
2025-10-21 08:04:08,851 : INFO : EventManager : Event: ======'logicblock_lb_jets_resume_updated'====== Args={'value': 0, 'enabled': False}
2025-10-21 08:04:08,851 : INFO : EventManager : Event: ======'logicblock_lb_rollover_complete_count_updated'====== Args={'value': 0, 'enabled': True}
2025-10-21 08:04:08,851 : INFO : Mode.super_jets_setup : Started. Priority: 200
2025-10-21 08:04:08,851 : INFO : EventManager : Event: ======'modes_active_modes_changed'====== Args={}
2025-10-21 08:04:08,851 : INFO : EventManager : Event: ======'mode_super_jets_setup_started'====== Args={'queue': <QueuedEvent>, 'player': 1, 'ball': 1, 'balls_remaining': 2, 'is_extra_ball': False}
2025-10-21 08:04:08,852 : INFO : EventManager : Event: ======'mode_base_will_start'====== Args={'player': 1, 'ball': 1, 'balls_remaining': 2, 'is_extra_ball': False}
2025-10-21 08:04:08,852 : INFO : EventManager : Event: ======'player_extra_ball_score_one_num_awarded'====== Args={'value': 0, 'prev_value': 0, 'change': 0, 'player_num': 1}
2025-10-21 08:04:08,852 : INFO : EventManager : Event: ======'player_extra_ball_score_two_num_awarded'====== Args={'value': 0, 'prev_value': 0, 'change': 0, 'player_num': 1}
2025-10-21 08:04:08,853 : INFO : EventManager : Event: ======'player_extra_ball_score_three_num_awarded'====== Args={'value': 0, 'prev_value': 0, 'change': 0, 'player_num': 1}
2025-10-21 08:04:08,853 : INFO : EventManager : Event: ======'player_shot_left_corridor_spinner_shot_enabled'====== Args={'value': True, 'prev_value': 0, 'change': 1, 'player_num': 1}
2025-10-21 08:04:08,854 : INFO : EventManager : Event: ======'player_shot_left_corridor_spinner2_shot_enabled'====== Args={'value': True, 'prev_value': 0, 'change': 1, 'player_num': 1}
2025-10-21 08:04:08,854 : INFO : EventManager : Event: ======'player_shot_right_corridor_spinner_shot_enabled'====== Args={'value': True, 'prev_value': 0, 'change': 1, 'player_num': 1}
2025-10-21 08:04:08,855 : INFO : EventManager : Event: ======'player_shot_top_left_standup2_shot_enabled'====== Args={'value': True, 'prev_value': 0, 'change': 1, 'player_num': 1}
2025-10-21 08:04:08,855 : INFO : EventManager : Event: ======'player_shot_top_left_standup_shot_enabled'====== Args={'value': True, 'prev_value': 0, 'change': 1, 'player_num': 1}
2025-10-21 08:04:08,856 : INFO : EventManager : Event: ======'player_shot_left_standup_shot_enabled'====== Args={'value': True, 'prev_value': 0, 'change': 1, 'player_num': 1}
2025-10-21 08:04:08,856 : INFO : EventManager : Event: ======'player_shot_right_standup_shot_enabled'====== Args={'value': True, 'prev_value': 0, 'change': 1, 'player_num': 1}
2025-10-21 08:04:08,856 : INFO : EventManager : Event: ======'player_shot_left_rollover_shot_enabled'====== Args={'value': True, 'prev_value': 0, 'change': 1, 'player_num': 1}
2025-10-21 08:04:08,857 : INFO : EventManager : Event: ======'player_shot_center_rollover_shot_enabled'====== Args={'value': True, 'prev_value': 0, 'change': 1, 'player_num': 1}
2025-10-21 08:04:08,857 : INFO : EventManager : Event: ======'player_shot_right_rollover_shot_enabled'====== Args={'value': True, 'prev_value': 0, 'change': 1, 'player_num': 1}
2025-10-21 08:04:08,857 : INFO : EventManager : Event: ======'player_shot_right_scoop_shot_enabled'====== Args={'value': True, 'prev_value': 0, 'change': 1, 'player_num': 1}
2025-10-21 08:04:08,858 : INFO : EventManager : Event: ======'player_shot_center_scoop_shot_enabled'====== Args={'value': True, 'prev_value': 0, 'change': 1, 'player_num': 1}
2025-10-21 08:04:08,859 : INFO : EventManager : Event: ======'player_shot_left_scoop_shot_enabled'====== Args={'value': True, 'prev_value': 0, 'change': 1, 'player_num': 1}
2025-10-21 08:04:08,859 : INFO : EventManager : Event: ======'player_shot_T_enabled'====== Args={'value': True, 'prev_value': 0, 'change': 1, 'player_num': 1}
2025-10-21 08:04:08,859 : INFO : EventManager : Event: ======'player_shot_I_enabled'====== Args={'value': True, 'prev_value': 0, 'change': 1, 'player_num': 1}
2025-10-21 08:04:08,860 : INFO : EventManager : Event: ======'player_shot_M_enabled'====== Args={'value': True, 'prev_value': 0, 'change': 1, 'player_num': 1}
2025-10-21 08:04:08,860 : INFO : EventManager : Event: ======'player_shot_E_enabled'====== Args={'value': True, 'prev_value': 0, 'change': 1, 'player_num': 1}
2025-10-21 08:04:08,860 : INFO : EventManager : Event: ======'player_shot_left_center_droptarget_enabled'====== Args={'value': True, 'prev_value': 0, 'change': 1, 'player_num': 1}
2025-10-21 08:04:08,861 : INFO : EventManager : Event: ======'player_shot_center_center_droptarget_enabled'====== Args={'value': True, 'prev_value': 0, 'change': 1, 'player_num': 1}
2025-10-21 08:04:08,861 : INFO : EventManager : Event: ======'player_shot_right_center_droptarget_enabled'====== Args={'value': True, 'prev_value': 0, 'change': 1, 'player_num': 1}
2025-10-21 08:04:08,861 : INFO : EventManager : Event: ======'player_shot_Tb_enabled'====== Args={'value': True, 'prev_value': 0, 'change': 1, 'player_num': 1}
2025-10-21 08:04:08,862 : INFO : EventManager : Event: ======'player_shot_R_enabled'====== Args={'value': True, 'prev_value': 0, 'change': 1, 'player_num': 1}
2025-10-21 08:04:08,862 : INFO : EventManager : Event: ======'player_shot_A_enabled'====== Args={'value': True, 'prev_value': 0, 'change': 1, 'player_num': 1}
2025-10-21 08:04:08,862 : INFO : EventManager : Event: ======'player_shot_V_enabled'====== Args={'value': True, 'prev_value': 0, 'change': 1, 'player_num': 1}
2025-10-21 08:04:08,864 : INFO : EventManager : Event: ======'player_shot_Eb_enabled'====== Args={'value': True, 'prev_value': 0, 'change': 1, 'player_num': 1}
2025-10-21 08:04:08,864 : INFO : EventManager : Event: ======'player_shot_L_enabled'====== Args={'value': True, 'prev_value': 0, 'change': 1, 'player_num': 1}
2025-10-21 08:04:08,864 : INFO : EventManager : Event: ======'player_shot_bumper1_shot_enabled'====== Args={'value': True, 'prev_value': 0, 'change': 1, 'player_num': 1}
2025-10-21 08:04:08,865 : INFO : EventManager : Event: ======'player_shot_bumper2_shot_enabled'====== Args={'value': True, 'prev_value': 0, 'change': 1, 'player_num': 1}
2025-10-21 08:04:08,865 : INFO : EventManager : Event: ======'player_shot_right_inlane_shot_enabled'====== Args={'value': True, 'prev_value': 0, 'change': 1, 'player_num': 1}
2025-10-21 08:04:08,865 : INFO : EventManager : Event: ======'player_shot_left_inlane_shot_enabled'====== Args={'value': True, 'prev_value': 0, 'change': 1, 'player_num': 1}
2025-10-21 08:04:08,866 : INFO : EventManager : Event: ======'player_shot_right_outlane_shot_enabled'====== Args={'value': True, 'prev_value': 0, 'change': 1, 'player_num': 1}
2025-10-21 08:04:08,866 : INFO : EventManager : Event: ======'player_shot_left_outlane_shot_enabled'====== Args={'value': True, 'prev_value': 0, 'change': 1, 'player_num': 1}
2025-10-21 08:04:08,866 : INFO : EventManager : Event: ======'rollover_lanes_complete'====== Args={'state': 'unlit'}
2025-10-21 08:04:08,866 : INFO : EventManager : Event: ======'rollover_lanes_unlit_complete'====== Args={}
2025-10-21 08:04:08,867 : INFO : EventManager : Event: ======'TIME_droptargets_complete'====== Args={'state': 'unlit'}
2025-10-21 08:04:08,867 : INFO : EventManager : Event: ======'TIME_droptargets_unlit_complete'====== Args={}
2025-10-21 08:04:08,868 : INFO : EventManager : Event: ======'CENTER_droptargets_complete'====== Args={'state': 'unlit'}
2025-10-21 08:04:08,868 : INFO : EventManager : Event: ======'CENTER_droptargets_unlit_complete'====== Args={}
2025-10-21 08:04:08,868 : INFO : EventManager : Event: ======'TRAVEL_droptargets_complete'====== Args={'state': 'unlit'}
2025-10-21 08:04:08,868 : INFO : EventManager : Event: ======'TRAVEL_droptargets_unlit_complete'====== Args={}
2025-10-21 08:04:08,873 : INFO : EventManager : Event: ======'mode_base_starting'====== Args={'player': 1, 'ball': 1, 'balls_remaining': 2, 'is_extra_ball': False}
2025-10-21 08:04:08,874 : INFO : EventManager : Event: ======'slide_player_added_slide_created'====== Args={'_from_bcp': True}
2025-10-21 08:04:08,874 : INFO : EventManager : Event: ======'slide_player_added_slide_removed'====== Args={'_from_bcp': True}
2025-10-21 08:04:08,874 : INFO : EventManager : Event: ======'slide_player_added_slide_created'====== Args={'_from_bcp': True}
2025-10-21 08:04:08,874 : INFO : EventManager : Event: ======'slide_player_added_slide_active'====== Args={'_from_bcp': True}
2025-10-21 08:04:08,875 : INFO : EventManager : Event: ======'logicblock_spinner_rotations_updated'====== Args={'value': 0, 'enabled': True}
2025-10-21 08:04:08,875 : INFO : EventManager : Event: ======'logicblock_spinner_rotations_updated'====== Args={'value': 0, 'enabled': True}
2025-10-21 08:04:08,875 : INFO : Mode.base : Started. Priority: 100
2025-10-21 08:04:08,876 : INFO : EventManager : Event: ======'modes_active_modes_changed'====== Args={}
2025-10-21 08:04:08,876 : INFO : EventManager : Event: ======'mode_base_started'====== Args={'player': 1, 'ball': 1, 'balls_remaining': 2, 'is_extra_ball': False}
2025-10-21 08:04:08,876 : INFO : EventManager : Event: ======'single_player_ball_started'====== Args={}
2025-10-21 08:04:08,912 : INFO : EventManager : Event: ======'ball_start_target'====== Args={'target': 'playfield'}
2025-10-21 08:04:08,912 : INFO : ball_device.bd_plunger : Setting up player-controlled eject. Balls: 1, Target: <playfield.playfield>, player_controlled_eject_event: None
2025-10-21 08:04:08,913 : INFO : EventManager : Event: ======'balldevice_balls_available'====== Args={}
2025-10-21 08:04:08,913 : INFO : ball_device.bd_trough : State: waiting_for_target_ready
2025-10-21 08:04:08,914 : INFO : EventManager : Event: ======'balldevice_bd_trough_ball_eject_attempt'====== Args={'balls': 1, 'target': <ball_device.bd_plunger>, 'source': <ball_device.bd_trough>, 'mechanical_eject': True, 'num_attempts': 0}
2025-10-21 08:04:08,914 : INFO : ball_device.bd_plunger : State: waiting_for_ball
2025-10-21 08:04:08,914 : INFO : ball_device.bd_trough : State: ejecting
2025-10-21 08:04:08,914 : INFO : ball_device.bd_trough : Ejecting ball to <ball_device.bd_plunger>
2025-10-21 08:04:08,915 : INFO : EventManager : Event: ======'balldevice_bd_trough_ejecting_ball'====== Args={'balls': 1, 'target': <ball_device.bd_plunger>, 'source': <ball_device.bd_trough>, 'mechanical_eject': True, 'num_attempts': 0}
2025-10-21 08:04:08,915 : INFO : ball_device.bd_trough : Wait for ball to leave device
2025-10-21 08:04:08,915 : INFO : coil.c_trough_eject : Pulsing Driver for 20ms (1.0 pulse_power)
2025-10-21 08:04:08,916 : INFO : SwitchController : <<<<<<< 's_trough1' inactive >>>>>>>
2025-10-21 08:04:08,922 : INFO : ball_device.bd_trough : State: ball_left
2025-10-21 08:04:08,923 : INFO : ball_device.bd_trough : Ball left
2025-10-21 08:04:08,923 : INFO : ball_device.bd_trough : Wait for confirm with timeout 3.0
2025-10-21 08:04:08,927 : INFO : EventManager : Event: ======'slide_base.slide_player-mode_base_started_created'====== Args={'_from_bcp': True}
2025-10-21 08:04:08,935 : INFO : EventManager : Event: ======'slide_base.slide_player-mode_base_started_active'====== Args={'_from_bcp': True}
2025-10-21 08:04:09,023 : INFO : SwitchController : <<<<<<< 's_plunger' active >>>>>>>
2025-10-21 08:04:09,023 : INFO : EventManager : Event: ======'machine_var_audits_switches_s_plunger'====== Args={'value': 673, 'prev_value': 672, 'change': 1}
2025-10-21 08:04:09,529 : INFO : ball_device.bd_plunger : Received ball from <ball_device.bd_trough>
2025-10-21 08:04:09,529 : INFO : EventManager : Event: ======'balldevice_bd_plunger_ball_enter'====== Args={'new_balls': 1, 'unclaimed_balls': 0, 'new_available_balls': 0, 'device': <ball_device.bd_plunger>}
2025-10-21 08:04:09,530 : INFO : EventManager : Event: ======'balldevice_bd_plunger_ball_entered'====== Args={'new_balls': 0, 'device': <ball_device.bd_plunger>}
2025-10-21 08:04:09,530 : INFO : EventManager : Event: ======'balldevice_bd_plunger_ball_count_changed'====== Args={'balls': 1}
2025-10-21 08:04:09,530 : INFO : ball_device.bd_trough : Got eject confirm
2025-10-21 08:04:09,531 : INFO : ball_device.bd_trough : Eject successful
2025-10-21 08:04:09,531 : INFO : EventManager : Event: ======'balldevice_bd_trough_ball_eject_success'====== Args={'balls': 1, 'target': <ball_device.bd_plunger>}
2025-10-21 08:04:09,531 : INFO : EventManager : Event: ======'balldevice_bd_trough_ball_count_changed'====== Args={'balls': 5}
2025-10-21 08:04:09,531 : INFO : ball_device.bd_trough : State: idle
2025-10-21 08:04:09,532 : INFO : ball_device.bd_plunger : State: waiting_for_target_ready
2025-10-21 08:04:09,532 : INFO : EventManager : Event: ======'balldevice_bd_plunger_ball_eject_attempt'====== Args={'balls': 1, 'target': <playfield.playfield>, 'source': <ball_device.bd_plunger>, 'mechanical_eject': True, 'num_attempts': 0}
2025-10-21 08:04:09,532 : INFO : ball_device.bd_plunger : State: ejecting
2025-10-21 08:04:09,533 : INFO : ball_device.bd_plunger : Ejecting ball to <playfield.playfield>
2025-10-21 08:04:09,533 : INFO : EventManager : Event: ======'balldevice_bd_plunger_ejecting_ball'====== Args={'balls': 1, 'target': <playfield.playfield>, 'source': <ball_device.bd_plunger>, 'mechanical_eject': True, 'num_attempts': 0}
2025-10-21 08:04:09,534 : INFO : ball_device.bd_plunger : Wait for ball to leave device
2025-10-21 08:04:09,853 : INFO : EventManager : Event: ======'slide_player_added_slide_removed'====== Args={'_from_bcp': True}
2025-10-21 08:04:10,484 : WARNING : SwitchController : Received duplicate switch state 1 for switch s_plunger from the platform interface. Log Code: Log-SwitchController-1 (https://missionpinball.org/logs)
2025-10-21 08:04:10,567 : INFO : SwitchController : <<<<<<< 's_plunger' inactive >>>>>>>
2025-10-21 08:04:10,576 : INFO : ball_device.bd_plunger : State: ball_left
2025-10-21 08:04:10,576 : INFO : ball_device.bd_plunger : Ball left
2025-10-21 08:04:10,577 : INFO : ball_device.bd_plunger : Wait for confirm with timeout 5.0
2025-10-21 08:04:14,725 : INFO : SwitchController : <<<<<<< 's_left_corridor_spinner' active >>>>>>>
2025-10-21 08:04:14,725 : INFO : EventManager : Event: ======'playfield_active'====== Args={}
2025-10-21 08:04:14,726 : INFO : EventManager : Event: ======'s_left_corridor_spinner_active'====== Args={}
2025-10-21 08:04:14,726 : INFO : EventManager : Event: ======'machine_var_audits_switches_s_left_corridor_spinner'====== Args={'value': 248, 'prev_value': 247, 'change': 1}
2025-10-21 08:04:14,728 : INFO : EventManager : Event: ======'player_shot_left_corridor_spinner_shot'====== Args={'value': 1, 'prev_value': 0, 'change': 1, 'player_num': 1}
2025-10-21 08:04:14,729 : INFO : EventManager : Event: ======'machine_var_audits_shots_left_corridor_spinner_shot'====== Args={'value': 207, 'prev_value': 206, 'change': 1}
2025-10-21 08:04:14,730 : INFO : EventManager : Event: ======'left_corridor_spinner_shot_hit'====== Args={'profile': 'default', 'state': 'unlit', 'advancing': True}
2025-10-21 08:04:14,730 : INFO : EventManager : Event: ======'left_corridor_spinner_shot_default_hit'====== Args={'profile': 'default', 'state': 'unlit', 'advancing': True}
2025-10-21 08:04:14,730 : INFO : EventManager : Event: ======'left_corridor_spinner_shot_default_unlit_hit'====== Args={'profile': 'default', 'state': 'unlit', 'advancing': True}
2025-10-21 08:04:14,731 : INFO : EventManager : Event: ======'left_corridor_spinner_shot_unlit_hit'====== Args={'profile': 'default', 'state': 'unlit', 'advancing': True}
2025-10-21 08:04:14,731 : INFO : EventManager : Event: ======'player_score'====== Args={'value': 50, 'prev_value': 0, 'change': 50, 'player_num': 1, 'source': 'base'}
2025-10-21 08:04:14,731 : INFO : EventManager : Event: ======'logicblock_spinner_rotations_updated'====== Args={'value': 1, 'enabled': True}
2025-10-21 08:04:14,731 : INFO : EventManager : Event: ======'counter_spinner_rotations_hit'====== Args={'count': 1, 'hits': 1, 'remaining': 9}
2025-10-21 08:04:14,732 : INFO : EventManager : Event: ======'logicblock_spinner_rotations_hit'====== Args={'count': 1, 'hits': 1, 'remaining': 9}
2025-10-21 08:04:14,794 : INFO : ball_device.bd_plunger : Got eject confirm
2025-10-21 08:04:14,794 : INFO : ball_device.bd_plunger : Eject successful
2025-10-21 08:04:14,794 : INFO : EventManager : Event: ======'balldevice_bd_plunger_ball_eject_success'====== Args={'balls': 1, 'target': <playfield.playfield>}
2025-10-21 08:04:14,795 : INFO : EventManager : Event: ======'balldevice_playfield_ball_enter'====== Args={'new_balls': 1, 'unclaimed_balls': 1, 'device': <playfield.playfield>}
2025-10-21 08:04:14,795 : INFO : EventManager : Event: ======'playfield_ball_count_change'====== Args={'balls': 1, 'change': 1}
2025-10-21 08:04:14,795 : INFO : EventManager : Event: ======'balldevice_bd_plunger_ball_count_changed'====== Args={'balls': 0}
2025-10-21 08:04:14,796 : INFO : ball_device.bd_plunger : State: idle
2025-10-21 08:04:14,865 : INFO : SwitchController : <<<<<<< 's_left_corridor_spinner' inactive >>>>>>>
2025-10-21 08:04:15,814 : INFO : SwitchController : <<<<<<< 's_left_corridor_spinner' active >>>>>>>
2025-10-21 08:04:15,814 : INFO : EventManager : Event: ======'s_left_corridor_spinner_active'====== Args={}
2025-10-21 08:04:15,814 : INFO : EventManager : Event: ======'machine_var_audits_switches_s_left_corridor_spinner'====== Args={'value': 249, 'prev_value': 248, 'change': 1}
2025-10-21 08:04:15,815 : INFO : EventManager : Event: ======'machine_var_audits_shots_left_corridor_spinner_shot'====== Args={'value': 208, 'prev_value': 207, 'change': 1}
2025-10-21 08:04:15,816 : INFO : EventManager : Event: ======'left_corridor_spinner_shot_hit'====== Args={'profile': 'default', 'state': 'lit', 'advancing': False}
2025-10-21 08:04:15,816 : INFO : EventManager : Event: ======'left_corridor_spinner_shot_default_hit'====== Args={'profile': 'default', 'state': 'lit', 'advancing': False}
2025-10-21 08:04:15,816 : INFO : EventManager : Event: ======'left_corridor_spinner_shot_default_lit_hit'====== Args={'profile': 'default', 'state': 'lit', 'advancing': False}
2025-10-21 08:04:15,816 : INFO : EventManager : Event: ======'left_corridor_spinner_shot_lit_hit'====== Args={'profile': 'default', 'state': 'lit', 'advancing': False}
2025-10-21 08:04:15,817 : INFO : EventManager : Event: ======'player_score'====== Args={'value': 100, 'prev_value': 50, 'change': 50, 'player_num': 1, 'source': 'base'}
2025-10-21 08:04:15,817 : INFO : EventManager : Event: ======'logicblock_spinner_rotations_updated'====== Args={'value': 2, 'enabled': True}
2025-10-21 08:04:15,817 : INFO : EventManager : Event: ======'counter_spinner_rotations_hit'====== Args={'count': 2, 'hits': 2, 'remaining': 8}
2025-10-21 08:04:15,817 : INFO : EventManager : Event: ======'logicblock_spinner_rotations_hit'====== Args={'count': 2, 'hits': 2, 'remaining': 8}
2025-10-21 08:04:15,949 : INFO : SwitchController : <<<<<<< 's_left_corridor_spinner' inactive >>>>>>>
2025-10-21 08:04:16,438 : INFO : SwitchController : <<<<<<< 's_left_corridor_spinner' active >>>>>>>
2025-10-21 08:04:16,438 : INFO : EventManager : Event: ======'s_left_corridor_spinner_active'====== Args={}
2025-10-21 08:04:16,438 : INFO : EventManager : Event: ======'machine_var_audits_switches_s_left_corridor_spinner'====== Args={'value': 250, 'prev_value': 249, 'change': 1}
2025-10-21 08:04:16,440 : INFO : EventManager : Event: ======'machine_var_audits_shots_left_corridor_spinner_shot'====== Args={'value': 209, 'prev_value': 208, 'change': 1}
2025-10-21 08:04:16,441 : INFO : EventManager : Event: ======'left_corridor_spinner_shot_hit'====== Args={'profile': 'default', 'state': 'lit', 'advancing': False}
2025-10-21 08:04:16,441 : INFO : EventManager : Event: ======'left_corridor_spinner_shot_default_hit'====== Args={'profile': 'default', 'state': 'lit', 'advancing': False}
2025-10-21 08:04:16,441 : INFO : EventManager : Event: ======'left_corridor_spinner_shot_default_lit_hit'====== Args={'profile': 'default', 'state': 'lit', 'advancing': False}
2025-10-21 08:04:16,441 : INFO : EventManager : Event: ======'left_corridor_spinner_shot_lit_hit'====== Args={'profile': 'default', 'state': 'lit', 'advancing': False}
2025-10-21 08:04:16,441 : INFO : EventManager : Event: ======'player_score'====== Args={'value': 150, 'prev_value': 100, 'change': 50, 'player_num': 1, 'source': 'base'}
2025-10-21 08:04:16,442 : INFO : EventManager : Event: ======'logicblock_spinner_rotations_updated'====== Args={'value': 3, 'enabled': True}
2025-10-21 08:04:16,442 : INFO : EventManager : Event: ======'counter_spinner_rotations_hit'====== Args={'count': 3, 'hits': 3, 'remaining': 7}
2025-10-21 08:04:16,442 : INFO : EventManager : Event: ======'logicblock_spinner_rotations_hit'====== Args={'count': 3, 'hits': 3, 'remaining': 7}
2025-10-21 08:04:16,592 : INFO : SwitchController : <<<<<<< 's_left_corridor_spinner' inactive >>>>>>>
2025-10-21 08:04:17,102 : INFO : SwitchController : <<<<<<< 's_left_corridor_spinner' active >>>>>>>
2025-10-21 08:04:17,102 : INFO : EventManager : Event: ======'s_left_corridor_spinner_active'====== Args={}
2025-10-21 08:04:17,102 : INFO : EventManager : Event: ======'machine_var_audits_switches_s_left_corridor_spinner'====== Args={'value': 251, 'prev_value': 250, 'change': 1}
2025-10-21 08:04:17,104 : INFO : EventManager : Event: ======'machine_var_audits_shots_left_corridor_spinner_shot'====== Args={'value': 210, 'prev_value': 209, 'change': 1}
2025-10-21 08:04:17,104 : INFO : EventManager : Event: ======'left_corridor_spinner_shot_hit'====== Args={'profile': 'default', 'state': 'lit', 'advancing': False}
2025-10-21 08:04:17,104 : INFO : EventManager : Event: ======'left_corridor_spinner_shot_default_hit'====== Args={'profile': 'default', 'state': 'lit', 'advancing': False}
2025-10-21 08:04:17,104 : INFO : EventManager : Event: ======'left_corridor_spinner_shot_default_lit_hit'====== Args={'profile': 'default', 'state': 'lit', 'advancing': False}
2025-10-21 08:04:17,105 : INFO : EventManager : Event: ======'left_corridor_spinner_shot_lit_hit'====== Args={'profile': 'default', 'state': 'lit', 'advancing': False}
2025-10-21 08:04:17,105 : INFO : EventManager : Event: ======'player_score'====== Args={'value': 200, 'prev_value': 150, 'change': 50, 'player_num': 1, 'source': 'base'}
2025-10-21 08:04:17,105 : INFO : EventManager : Event: ======'logicblock_spinner_rotations_updated'====== Args={'value': 4, 'enabled': True}
2025-10-21 08:04:17,105 : INFO : EventManager : Event: ======'counter_spinner_rotations_hit'====== Args={'count': 4, 'hits': 4, 'remaining': 6}
2025-10-21 08:04:17,106 : INFO : EventManager : Event: ======'logicblock_spinner_rotations_hit'====== Args={'count': 4, 'hits': 4, 'remaining': 6}
2025-10-21 08:04:17,237 : INFO : SwitchController : <<<<<<< 's_left_corridor_spinner' inactive >>>>>>>
2025-10-21 08:04:17,838 : INFO : SwitchController : <<<<<<< 's_left_corridor_spinner' active >>>>>>>
2025-10-21 08:04:17,838 : INFO : EventManager : Event: ======'s_left_corridor_spinner_active'====== Args={}
2025-10-21 08:04:17,838 : INFO : EventManager : Event: ======'machine_var_audits_switches_s_left_corridor_spinner'====== Args={'value': 252, 'prev_value': 251, 'change': 1}
2025-10-21 08:04:17,840 : INFO : EventManager : Event: ======'machine_var_audits_shots_left_corridor_spinner_shot'====== Args={'value': 211, 'prev_value': 210, 'change': 1}
2025-10-21 08:04:17,841 : INFO : EventManager : Event: ======'left_corridor_spinner_shot_hit'====== Args={'profile': 'default', 'state': 'lit', 'advancing': False}
2025-10-21 08:04:17,841 : INFO : EventManager : Event: ======'left_corridor_spinner_shot_default_hit'====== Args={'profile': 'default', 'state': 'lit', 'advancing': False}
2025-10-21 08:04:17,841 : INFO : EventManager : Event: ======'left_corridor_spinner_shot_default_lit_hit'====== Args={'profile': 'default', 'state': 'lit', 'advancing': False}
2025-10-21 08:04:17,841 : INFO : EventManager : Event: ======'left_corridor_spinner_shot_lit_hit'====== Args={'profile': 'default', 'state': 'lit', 'advancing': False}
2025-10-21 08:04:17,841 : INFO : EventManager : Event: ======'player_score'====== Args={'value': 250, 'prev_value': 200, 'change': 50, 'player_num': 1, 'source': 'base'}
2025-10-21 08:04:17,841 : INFO : EventManager : Event: ======'logicblock_spinner_rotations_updated'====== Args={'value': 5, 'enabled': True}
2025-10-21 08:04:17,841 : INFO : EventManager : Event: ======'counter_spinner_rotations_hit'====== Args={'count': 5, 'hits': 5, 'remaining': 5}
2025-10-21 08:04:17,841 : INFO : EventManager : Event: ======'logicblock_spinner_rotations_hit'====== Args={'count': 5, 'hits': 5, 'remaining': 5}
2025-10-21 08:04:17,957 : INFO : SwitchController : <<<<<<< 's_left_corridor_spinner' inactive >>>>>>>
2025-10-21 08:04:18,261 : INFO : SwitchController : <<<<<<< 's_left_corridor_spinner' active >>>>>>>
2025-10-21 08:04:18,261 : INFO : EventManager : Event: ======'s_left_corridor_spinner_active'====== Args={}
2025-10-21 08:04:18,262 : INFO : EventManager : Event: ======'machine_var_audits_switches_s_left_corridor_spinner'====== Args={'value': 253, 'prev_value': 252, 'change': 1}
2025-10-21 08:04:18,264 : INFO : EventManager : Event: ======'machine_var_audits_shots_left_corridor_spinner_shot'====== Args={'value': 212, 'prev_value': 211, 'change': 1}
2025-10-21 08:04:18,265 : INFO : EventManager : Event: ======'left_corridor_spinner_shot_hit'====== Args={'profile': 'default', 'state': 'lit', 'advancing': False}
2025-10-21 08:04:18,265 : INFO : EventManager : Event: ======'left_corridor_spinner_shot_default_hit'====== Args={'profile': 'default', 'state': 'lit', 'advancing': False}
2025-10-21 08:04:18,265 : INFO : EventManager : Event: ======'left_corridor_spinner_shot_default_lit_hit'====== Args={'profile': 'default', 'state': 'lit', 'advancing': False}
2025-10-21 08:04:18,265 : INFO : EventManager : Event: ======'left_corridor_spinner_shot_lit_hit'====== Args={'profile': 'default', 'state': 'lit', 'advancing': False}
2025-10-21 08:04:18,265 : INFO : EventManager : Event: ======'player_score'====== Args={'value': 300, 'prev_value': 250, 'change': 50, 'player_num': 1, 'source': 'base'}
2025-10-21 08:04:18,265 : INFO : EventManager : Event: ======'logicblock_spinner_rotations_updated'====== Args={'value': 6, 'enabled': True}
2025-10-21 08:04:18,266 : INFO : EventManager : Event: ======'counter_spinner_rotations_hit'====== Args={'count': 6, 'hits': 6, 'remaining': 4}
2025-10-21 08:04:18,266 : INFO : EventManager : Event: ======'logicblock_spinner_rotations_hit'====== Args={'count': 6, 'hits': 6, 'remaining': 4}
2025-10-21 08:04:18,386 : INFO : SwitchController : <<<<<<< 's_left_corridor_spinner' inactive >>>>>>>
2025-10-21 08:04:18,693 : INFO : SwitchController : <<<<<<< 's_left_corridor_spinner' active >>>>>>>
2025-10-21 08:04:18,694 : INFO : EventManager : Event: ======'s_left_corridor_spinner_active'====== Args={}
2025-10-21 08:04:18,694 : INFO : EventManager : Event: ======'machine_var_audits_switches_s_left_corridor_spinner'====== Args={'value': 254, 'prev_value': 253, 'change': 1}
2025-10-21 08:04:18,695 : INFO : EventManager : Event: ======'machine_var_audits_shots_left_corridor_spinner_shot'====== Args={'value': 213, 'prev_value': 212, 'change': 1}
2025-10-21 08:04:18,696 : INFO : EventManager : Event: ======'left_corridor_spinner_shot_hit'====== Args={'profile': 'default', 'state': 'lit', 'advancing': False}
2025-10-21 08:04:18,696 : INFO : EventManager : Event: ======'left_corridor_spinner_shot_default_hit'====== Args={'profile': 'default', 'state': 'lit', 'advancing': False}
2025-10-21 08:04:18,696 : INFO : EventManager : Event: ======'left_corridor_spinner_shot_default_lit_hit'====== Args={'profile': 'default', 'state': 'lit', 'advancing': False}
2025-10-21 08:04:18,696 : INFO : EventManager : Event: ======'left_corridor_spinner_shot_lit_hit'====== Args={'profile': 'default', 'state': 'lit', 'advancing': False}
2025-10-21 08:04:18,696 : INFO : EventManager : Event: ======'player_score'====== Args={'value': 350, 'prev_value': 300, 'change': 50, 'player_num': 1, 'source': 'base'}
2025-10-21 08:04:18,697 : INFO : EventManager : Event: ======'logicblock_spinner_rotations_updated'====== Args={'value': 7, 'enabled': True}
2025-10-21 08:04:18,697 : INFO : EventManager : Event: ======'counter_spinner_rotations_hit'====== Args={'count': 7, 'hits': 7, 'remaining': 3}
2025-10-21 08:04:18,697 : INFO : EventManager : Event: ======'logicblock_spinner_rotations_hit'====== Args={'count': 7, 'hits': 7, 'remaining': 3}
2025-10-21 08:04:18,797 : INFO : SwitchController : <<<<<<< 's_left_corridor_spinner' inactive >>>>>>>
2025-10-21 08:04:19,085 : INFO : SwitchController : <<<<<<< 's_left_corridor_spinner' active >>>>>>>
2025-10-21 08:04:19,085 : INFO : EventManager : Event: ======'s_left_corridor_spinner_active'====== Args={}
2025-10-21 08:04:19,086 : INFO : EventManager : Event: ======'machine_var_audits_switches_s_left_corridor_spinner'====== Args={'value': 255, 'prev_value': 254, 'change': 1}
2025-10-21 08:04:19,087 : INFO : EventManager : Event: ======'machine_var_audits_shots_left_corridor_spinner_shot'====== Args={'value': 214, 'prev_value': 213, 'change': 1}
2025-10-21 08:04:19,088 : INFO : EventManager : Event: ======'left_corridor_spinner_shot_hit'====== Args={'profile': 'default', 'state': 'lit', 'advancing': False}
2025-10-21 08:04:19,089 : INFO : EventManager : Event: ======'left_corridor_spinner_shot_default_hit'====== Args={'profile': 'default', 'state': 'lit', 'advancing': False}
2025-10-21 08:04:19,089 : INFO : EventManager : Event: ======'left_corridor_spinner_shot_default_lit_hit'====== Args={'profile': 'default', 'state': 'lit', 'advancing': False}
2025-10-21 08:04:19,089 : INFO : EventManager : Event: ======'left_corridor_spinner_shot_lit_hit'====== Args={'profile': 'default', 'state': 'lit', 'advancing': False}
2025-10-21 08:04:19,089 : INFO : EventManager : Event: ======'player_score'====== Args={'value': 400, 'prev_value': 350, 'change': 50, 'player_num': 1, 'source': 'base'}
2025-10-21 08:04:19,090 : INFO : EventManager : Event: ======'logicblock_spinner_rotations_updated'====== Args={'value': 8, 'enabled': True}
2025-10-21 08:04:19,090 : INFO : EventManager : Event: ======'counter_spinner_rotations_hit'====== Args={'count': 8, 'hits': 8, 'remaining': 2}
2025-10-21 08:04:19,090 : INFO : EventManager : Event: ======'logicblock_spinner_rotations_hit'====== Args={'count': 8, 'hits': 8, 'remaining': 2}
2025-10-21 08:04:19,211 : INFO : SwitchController : <<<<<<< 's_left_corridor_spinner' inactive >>>>>>>
2025-10-21 08:04:19,469 : INFO : SwitchController : <<<<<<< 's_left_corridor_spinner' active >>>>>>>
2025-10-21 08:04:19,469 : INFO : EventManager : Event: ======'s_left_corridor_spinner_active'====== Args={}
2025-10-21 08:04:19,470 : INFO : EventManager : Event: ======'machine_var_audits_switches_s_left_corridor_spinner'====== Args={'value': 256, 'prev_value': 255, 'change': 1}
2025-10-21 08:04:19,472 : INFO : EventManager : Event: ======'machine_var_audits_shots_left_corridor_spinner_shot'====== Args={'value': 215, 'prev_value': 214, 'change': 1}
2025-10-21 08:04:19,473 : INFO : EventManager : Event: ======'left_corridor_spinner_shot_hit'====== Args={'profile': 'default', 'state': 'lit', 'advancing': False}
2025-10-21 08:04:19,473 : INFO : EventManager : Event: ======'left_corridor_spinner_shot_default_hit'====== Args={'profile': 'default', 'state': 'lit', 'advancing': False}
2025-10-21 08:04:19,473 : INFO : EventManager : Event: ======'left_corridor_spinner_shot_default_lit_hit'====== Args={'profile': 'default', 'state': 'lit', 'advancing': False}
2025-10-21 08:04:19,473 : INFO : EventManager : Event: ======'left_corridor_spinner_shot_lit_hit'====== Args={'profile': 'default', 'state': 'lit', 'advancing': False}
2025-10-21 08:04:19,473 : INFO : EventManager : Event: ======'player_score'====== Args={'value': 450, 'prev_value': 400, 'change': 50, 'player_num': 1, 'source': 'base'}
2025-10-21 08:04:19,473 : INFO : EventManager : Event: ======'logicblock_spinner_rotations_updated'====== Args={'value': 9, 'enabled': True}
2025-10-21 08:04:19,473 : INFO : EventManager : Event: ======'counter_spinner_rotations_hit'====== Args={'count': 9, 'hits': 9, 'remaining': 1}
2025-10-21 08:04:19,474 : INFO : EventManager : Event: ======'logicblock_spinner_rotations_hit'====== Args={'count': 9, 'hits': 9, 'remaining': 1}
2025-10-21 08:04:19,599 : INFO : SwitchController : <<<<<<< 's_left_corridor_spinner' inactive >>>>>>>
2025-10-21 08:04:19,974 : INFO : SwitchController : <<<<<<< 's_left_corridor_spinner' active >>>>>>>
2025-10-21 08:04:19,974 : INFO : EventManager : Event: ======'s_left_corridor_spinner_active'====== Args={}
2025-10-21 08:04:19,974 : INFO : EventManager : Event: ======'machine_var_audits_switches_s_left_corridor_spinner'====== Args={'value': 257, 'prev_value': 256, 'change': 1}
2025-10-21 08:04:19,975 : INFO : SwitchController : <<<<<<< 's_left_corridor_spinner' inactive >>>>>>>
2025-10-21 08:04:19,976 : INFO : EventManager : Event: ======'machine_var_audits_shots_left_corridor_spinner_shot'====== Args={'value': 216, 'prev_value': 215, 'change': 1}
2025-10-21 08:04:19,977 : INFO : EventManager : Event: ======'left_corridor_spinner_shot_hit'====== Args={'profile': 'default', 'state': 'lit', 'advancing': False}
2025-10-21 08:04:19,977 : INFO : EventManager : Event: ======'left_corridor_spinner_shot_default_hit'====== Args={'profile': 'default', 'state': 'lit', 'advancing': False}
2025-10-21 08:04:19,977 : INFO : EventManager : Event: ======'left_corridor_spinner_shot_default_lit_hit'====== Args={'profile': 'default', 'state': 'lit', 'advancing': False}
2025-10-21 08:04:19,977 : INFO : EventManager : Event: ======'left_corridor_spinner_shot_lit_hit'====== Args={'profile': 'default', 'state': 'lit', 'advancing': False}
2025-10-21 08:04:19,977 : INFO : EventManager : Event: ======'player_score'====== Args={'value': 500, 'prev_value': 450, 'change': 50, 'player_num': 1, 'source': 'base'}
2025-10-21 08:04:19,977 : INFO : EventManager : Event: ======'logicblock_spinner_rotations_updated'====== Args={'value': 10, 'enabled': True}
2025-10-21 08:04:19,977 : INFO : EventManager : Event: ======'counter_spinner_rotations_hit'====== Args={'count': 10, 'hits': 10, 'remaining': 0}
2025-10-21 08:04:19,977 : INFO : EventManager : Event: ======'logicblock_spinner_rotations_hit'====== Args={'count': 10, 'hits': 10, 'remaining': 0}
2025-10-21 08:04:19,978 : INFO : EventManager : Event: ======'Ativa_Modo'====== Args={}
2025-10-21 08:04:19,978 : INFO : EventManager : Event: ======'logicblock_spinner_rotations_updated'====== Args={'value': 0, 'enabled': True}
2025-10-21 08:04:19,978 : INFO : EventManager : Event: ======'logicblock_spinner_rotations_updated'====== Args={'value': 0, 'enabled': False}
2025-10-21 08:04:19,979 : INFO : EventManager : Event: ======'mode_special_will_start'====== Args={}
2025-10-21 08:04:19,980 : INFO : EventManager : Event: ======'mode_special_starting'====== Args={}
2025-10-21 08:04:19,980 : INFO : EventManager : Event: ======'start_mode_multiball'====== Args={'priority': 0}
2025-10-21 08:04:19,985 : INFO : EventManager : Event: ======'logicblock_special_counter_updated'====== Args={'value': 0, 'enabled': True}
2025-10-21 08:04:19,986 : INFO : EventManager : Event: ======'logicblock_special_counter_updated'====== Args={'value': 0, 'enabled': True}
2025-10-21 08:04:19,986 : INFO : Mode.special : Started. Priority: 500
2025-10-21 08:04:19,986 : INFO : EventManager : Event: ======'modes_active_modes_changed'====== Args={}
2025-10-21 08:04:19,986 : INFO : EventManager : Event: ======'mode_special_started'====== Args={}
2025-10-21 08:04:20,019 : INFO : EventManager : Event: ======'slide_special_startup_created'====== Args={'_from_bcp': True}
2025-10-21 08:04:20,020 : INFO : EventManager : Event: ======'slide_special_startup_active'====== Args={'_from_bcp': True}
2025-10-21 08:04:24,022 : INFO : EventManager : Event: ======'slide_special_startup_removed'====== Args={'_from_bcp': True}
2025-10-21 08:04:24,036 : INFO : EventManager : Event: ======'slide_base.slide_player-mode_base_started_active'====== Args={'_from_bcp': True}
2025-10-21 08:04:30,230 : INFO : SwitchController : <<<<<<< 's_tilt' active >>>>>>>
2025-10-21 08:04:30,230 : INFO : Mode.tilt : Tilt Warning
2025-10-21 08:04:30,230 : INFO : EventManager : Event: ======'player_tilt_warnings'====== Args={'value': 1, 'prev_value': 0, 'change': 1, 'player_num': 1}
2025-10-21 08:04:30,231 : INFO : EventManager : Event: ======'tilt_warning'====== Args={'warnings': 1, 'warnings_remaining': 2}
2025-10-21 08:04:30,231 : INFO : EventManager : Event: ======'tilt_warning_1'====== Args={}
2025-10-21 08:04:30,231 : INFO : EventManager : Event: ======'machine_var_audits_switches_s_tilt'====== Args={'value': 26, 'prev_value': 25, 'change': 1}
2025-10-21 08:04:30,243 : INFO : EventManager : Event: ======'slide_tilt_warning_1_created'====== Args={'_from_bcp': True}
2025-10-21 08:04:30,255 : INFO : EventManager : Event: ======'slide_tilt_warning_1_active'====== Args={'_from_bcp': True}
2025-10-21 08:04:30,389 : INFO : SwitchController : <<<<<<< 's_tilt' inactive >>>>>>>
2025-10-21 08:04:31,106 : INFO : SwitchController : <<<<<<< 's_tilt' active >>>>>>>
2025-10-21 08:04:31,106 : INFO : Mode.tilt : Tilt Warning
2025-10-21 08:04:31,107 : INFO : EventManager : Event: ======'player_tilt_warnings'====== Args={'value': 2, 'prev_value': 1, 'change': 1, 'player_num': 1}
2025-10-21 08:04:31,107 : INFO : EventManager : Event: ======'tilt_warning'====== Args={'warnings': 2, 'warnings_remaining': 1}
2025-10-21 08:04:31,107 : INFO : EventManager : Event: ======'tilt_warning_2'====== Args={}
2025-10-21 08:04:31,107 : INFO : EventManager : Event: ======'machine_var_audits_switches_s_tilt'====== Args={'value': 27, 'prev_value': 26, 'change': 1}
2025-10-21 08:04:31,124 : INFO : EventManager : Event: ======'slide_tilt_warning_2_created'====== Args={'_from_bcp': True}
2025-10-21 08:04:31,136 : INFO : EventManager : Event: ======'slide_tilt_warning_2_active'====== Args={'_from_bcp': True}
2025-10-21 08:04:31,252 : INFO : EventManager : Event: ======'slide_tilt_warning_1_removed'====== Args={'_from_bcp': True}
2025-10-21 08:04:31,350 : INFO : SwitchController : <<<<<<< 's_tilt' inactive >>>>>>>
2025-10-21 08:04:33,137 : INFO : EventManager : Event: ======'slide_tilt_warning_2_removed'====== Args={'_from_bcp': True}
2025-10-21 08:04:33,141 : INFO : EventManager : Event: ======'slide_base.slide_player-mode_base_started_active'====== Args={'_from_bcp': True}
2025-10-21 08:04:33,659 : INFO : SwitchController : <<<<<<< 's_tilt' active >>>>>>>
2025-10-21 08:04:33,659 : INFO : Mode.tilt : Tilt Warning
2025-10-21 08:04:33,660 : INFO : EventManager : Event: ======'player_tilt_warnings'====== Args={'value': 3, 'prev_value': 2, 'change': 1, 'player_num': 1}
2025-10-21 08:04:33,660 : INFO : Mode.tilt : Processing Tilt. Balls to collect: 1
2025-10-21 08:04:33,660 : INFO : EventManager : Event: ======'tilt'====== Args={}
2025-10-21 08:04:33,661 : INFO : EventManager : Event: ======'machine_var_audits_switches_s_tilt'====== Args={'value': 28, 'prev_value': 27, 'change': 1}
2025-10-21 08:04:33,663 : INFO : EventManager : Event: ======'ball_will_end'====== Args={}
2025-10-21 08:04:33,685 : INFO : EventManager : Event: ======'player_tilt_warnings'====== Args={'value': 0, 'prev_value': 3, 'change': -3, 'player_num': 1}
2025-10-21 08:04:33,691 : INFO : EventManager : Event: ======'ball_ending'====== Args={}
2025-10-21 08:04:33,693 : INFO : EventManager : Event: ======'slide_tilt_created'====== Args={'_from_bcp': True}
2025-10-21 08:04:33,693 : INFO : EventManager : Event: ======'slide_tilt_active'====== Args={'_from_bcp': True}
2025-10-21 08:04:33,694 : INFO : EventManager : Event: ======'mode_special_will_stop'====== Args={}
2025-10-21 08:04:33,694 : INFO : EventManager : Event: ======'mode_special_stopping'====== Args={}
2025-10-21 08:04:33,694 : INFO : EventManager : Event: ======'mode_special_setup_will_stop'====== Args={}
2025-10-21 08:04:33,694 : INFO : EventManager : Event: ======'mode_special_setup_stopping'====== Args={}
2025-10-21 08:04:33,694 : INFO : EventManager : Event: ======'mode_super_jets_setup_will_stop'====== Args={}
2025-10-21 08:04:33,694 : INFO : EventManager : Event: ======'mode_super_jets_setup_stopping'====== Args={}
2025-10-21 08:04:33,694 : INFO : EventManager : Event: ======'mode_base_will_stop'====== Args={}
2025-10-21 08:04:33,694 : INFO : EventManager : Event: ======'mode_base_stopping'====== Args={}
2025-10-21 08:04:33,695 : INFO : Mode.base : Stopped.
2025-10-21 08:04:33,695 : INFO : EventManager : Event: ======'modes_active_modes_changed'====== Args={}
2025-10-21 08:04:33,695 : INFO : EventManager : Event: ======'mode_base_stopped'====== Args={}
2025-10-21 08:04:33,695 : INFO : EventManager : Event: ======'clear'====== Args={'key': 'base'}
2025-10-21 08:04:33,699 : INFO : Mode.super_jets_setup : Stopped.
2025-10-21 08:04:33,699 : INFO : EventManager : Event: ======'modes_active_modes_changed'====== Args={}
2025-10-21 08:04:33,699 : INFO : EventManager : Event: ======'mode_super_jets_setup_stopped'====== Args={}
2025-10-21 08:04:33,699 : INFO : EventManager : Event: ======'clear'====== Args={'key': 'super_jets_setup'}
2025-10-21 08:04:33,699 : INFO : Mode.special_setup : Stopped.
2025-10-21 08:04:33,699 : INFO : EventManager : Event: ======'modes_active_modes_changed'====== Args={}
2025-10-21 08:04:33,699 : INFO : EventManager : Event: ======'mode_special_setup_stopped'====== Args={}
2025-10-21 08:04:33,700 : INFO : EventManager : Event: ======'clear'====== Args={'key': 'special_setup'}
2025-10-21 08:04:33,700 : INFO : Mode.special : Stopped.
2025-10-21 08:04:33,700 : INFO : EventManager : Event: ======'modes_active_modes_changed'====== Args={}
2025-10-21 08:04:33,701 : INFO : EventManager : Event: ======'mode_special_stopped'====== Args={}
2025-10-21 08:04:33,701 : INFO : EventManager : Event: ======'clear'====== Args={'key': 'special'}
2025-10-21 08:04:33,737 : INFO : EventManager : Event: ======'slide_base.slide_player-mode_base_started_removed'====== Args={'_from_bcp': True}
2025-10-21 08:04:33,823 : INFO : SwitchController : <<<<<<< 's_tilt' inactive >>>>>>>
2025-10-21 08:04:36,789 : INFO : Machine : Shutting down...
2025-10-21 08:04:36,789 : INFO : EventManager : Event: ======'shutdown'====== Args={}
2025-10-21 08:04:36,796 : INFO : EventManager : Event: ======'mode_game_will_stop'====== Args={}
2025-10-21 08:04:36,796 : INFO : EventManager : Event: ======'mode_game_stopping'====== Args={}
2025-10-21 08:04:36,797 : INFO : Mode.game : Stopped.
2025-10-21 08:04:36,797 : INFO : EventManager : Event: ======'modes_active_modes_changed'====== Args={}
2025-10-21 08:04:36,797 : INFO : EventManager : Event: ======'mode_game_stopped'====== Args={}
2025-10-21 08:04:36,797 : INFO : EventManager : Event: ======'clear'====== Args={'key': 'game'}
2025-10-21 08:04:37,809 : INFO : root : MPF run loop ended.
