2025-10-19 09:12:02,556 : kivy : deps: Successfully imported "kivy_deps.gstreamer" 0.3.3
2025-10-19 09:12:02,556 : kivy : deps: Successfully imported "kivy_deps.angle" 0.3.3
2025-10-19 09:12:02,556 : kivy : deps: Successfully imported "kivy_deps.glew" 0.3.1
2025-10-19 09:12:02,556 : kivy : deps: Successfully imported "kivy_deps.sdl2" 0.6.0
2025-10-19 09:12:02,557 : kivy : Kivy: v2.2.1
2025-10-19 09:12:02,557 : kivy : Kivy: Installed at "C:\Users\richa\mpfvirtual4\lib\site-packages\kivy\__init__.py"
2025-10-19 09:12:02,557 : kivy : Python: v3.9.13 (tags/v3.9.13:6de2ca5, May 17 2022, 16:36:42) [MSC v.1929 64 bit (AMD64)]
2025-10-19 09:12:02,557 : kivy : Python: Interpreter at "C:\Users\richa\mpfvirtual4\Scripts\python.exe"
2025-10-19 09:12:02,573 : kivy : Factory: 190 symbols loaded
2025-10-19 09:12:02,772 : kivy : ImageLoaderFFPy: Using ffpyplayer 4.5.0
2025-10-19 09:12:02,772 : kivy : Image: Providers: img_tex, img_dds, img_sdl2, img_pil, img_ffpyplayer 
2025-10-19 09:12:02,929 : kivy : VideoGstplayer: Using Gstreamer 1.18.5.0
2025-10-19 09:12:02,929 : kivy : Video: Provider: gstplayer
2025-10-19 09:12:02,971 : root : Loading MPF-MC controller
2025-10-19 09:12:02,973 : YamlMultifileConfigLoader : Machine config file #1: config
2025-10-19 09:12:02,974 : ConfigProcessor : Config file in cache changed: C:\Users\richa\ttp7\config\config
2025-10-19 09:12:02,974 : ConfigProcessor : Loading config from file C:\Users\richa\mpfvirtual4\lib\site-packages\mpfmc\mcconfig.yaml.
2025-10-19 09:12:02,983 : ConfigProcessor : Loading config: C:\Users\richa\mpfvirtual4\lib\site-packages\mpfmc\mcconfig.yaml
2025-10-19 09:12:02,984 : ConfigProcessor : Loading config from file C:\Users\richa\ttp7\config\config.
2025-10-19 09:12:02,987 : ConfigProcessor : Loading config: C:\Users\richa\ttp7\config\config
2025-10-19 09:12:02,988 : ConfigProcessor : Loading config: C:\Users\richa\ttp7\config\config_sounds.yaml
2025-10-19 09:12:02,990 : ConfigProcessor : Loading config: C:\Users\richa\ttp7\config\config_ball_devices.yaml
2025-10-19 09:12:02,992 : ConfigProcessor : Loading config: C:\Users\richa\ttp7\config\config_coils.yaml
2025-10-19 09:12:02,993 : ConfigProcessor : Loading config: C:\Users\richa\ttp7\config\config_flippers.yaml
2025-10-19 09:12:02,999 : ConfigProcessor : Loading config: C:\Users\richa\ttp7\config\config_switches.yaml
2025-10-19 09:12:03,005 : ConfigProcessor : Loading config: C:\Users\richa\ttp7\config\config_lights.yaml
2025-10-19 09:12:03,009 : ConfigProcessor : Loading config: C:\Users\richa\ttp7\config\config_credits.yaml
2025-10-19 09:12:03,012 : ConfigProcessor : Loading config: C:\Users\richa\ttp7\config\config_droptargets.yaml
2025-10-19 09:12:03,015 : ConfigProcessor : Config file cache created: C:\Users\richa\AppData\Local\Temp\b8d8c5e8bc023a38ee4d8abbd35c8fd3.mpf_cache
2025-10-19 09:12:03,016 : ConfigProcessor : Loading config from cache: C:\Users\richa\AppData\Local\Temp\70233839fc0b792ce11a62f3c18c1950.mpf_cache
2025-10-19 09:12:03,017 : ConfigProcessor : Loading config from cache: C:\Users\richa\AppData\Local\Temp\9c8dea79ca4d15ee886340e992e8cb9d.mpf_cache
2025-10-19 09:12:03,017 : ConfigProcessor : Loading config from cache: C:\Users\richa\AppData\Local\Temp\67a19b095f918111543419ac0271bfb1.mpf_cache
2025-10-19 09:12:03,018 : ConfigProcessor : Loading config from cache: C:\Users\richa\AppData\Local\Temp\be387b0e8ed00556ec738d83cd6947d1.mpf_cache
2025-10-19 09:12:03,019 : ConfigProcessor : Loading config from cache: C:\Users\richa\AppData\Local\Temp\5a8efabd9666d8c71fa755fc28a9bf1e.mpf_cache
2025-10-19 09:12:03,019 : ConfigProcessor : Loading config from cache: C:\Users\richa\AppData\Local\Temp\fb58745e58584e219ff53db445e8e9f2.mpf_cache
2025-10-19 09:12:03,020 : ConfigProcessor : Loading config from cache: C:\Users\richa\AppData\Local\Temp\3a5badf48d988f9fc0f9b093a934917d.mpf_cache
2025-10-19 09:12:03,020 : ConfigProcessor : Loading config from cache: C:\Users\richa\AppData\Local\Temp\9e788d9ac28f3464b985b20edf80a10e.mpf_cache
2025-10-19 09:12:03,021 : ConfigProcessor : Loading config from cache: C:\Users\richa\AppData\Local\Temp\7e426d8ffa907371bf962f3181d8bdf2.mpf_cache
2025-10-19 09:12:03,022 : ConfigProcessor : Loading config from cache: C:\Users\richa\AppData\Local\Temp\77e0376825dda61b91775259cce643ad.mpf_cache
2025-10-19 09:12:03,030 : mpfmc : Mission Pinball Framework Media Controller (MPF-MC) v0.57.0.dev10. Requires MPF v0.57.0.dev19 or newer.
2025-10-19 09:12:03,030 : mpfmc : Found MPF v0.57.0.dev39
2025-10-19 09:12:03,030 : mpfmc : Machine path: C:\Users\richa\ttp7
2025-10-19 09:12:03,030 : mpfmc : Starting clock at 60.0Hz
2025-10-19 09:12:03,044 : kivy : Text: Provider: sdl2
2025-10-19 09:12:03,082 : kivy : Window: Provider: sdl2
2025-10-19 09:12:03,462 : kivy : GL: Using the "OpenGL" graphics system
2025-10-19 09:12:03,471 : kivy : GL: GLEW initialization succeeded
2025-10-19 09:12:03,471 : kivy : GL: Backend used <glew>
2025-10-19 09:12:03,471 : kivy : GL: OpenGL version <b'4.6.0 NVIDIA 560.94'>
2025-10-19 09:12:03,471 : kivy : GL: OpenGL vendor <b'NVIDIA Corporation'>
2025-10-19 09:12:03,471 : kivy : GL: OpenGL renderer <b'NVIDIA GeForce RTX 3050/PCIe/SSE2'>
2025-10-19 09:12:03,471 : kivy : GL: OpenGL parsed version: 4, 6
2025-10-19 09:12:03,471 : kivy : GL: Shading version <b'4.60 NVIDIA'>
2025-10-19 09:12:03,471 : kivy : GL: Texture max size <32768>
2025-10-19 09:12:03,471 : kivy : GL: Texture max units <32>
2025-10-19 09:12:03,490 : kivy : Window: auto add sdl2 input provider
2025-10-19 09:12:03,491 : kivy : Window: virtual keyboard not allowed, single mode, not docked
2025-10-19 09:12:03,886 : AudioInterface : Initialized
2025-10-19 09:12:03,887 : AudioInterface : Loaded SDL 2.26.4
2025-10-19 09:12:03,887 : AudioInterface : Loaded SDL_Mixer 2.6.3
2025-10-19 09:12:03,887 : AudioInterface : Loaded GStreamer 1.18.5.0
2025-10-19 09:12:03,887 : AudioInterface : Loaded GLib 2.62.6
2025-10-19 09:12:03,887 : AudioInterface : Settings requested - rate: 44100, channels: 1, buffer: 2048 samples
2025-10-19 09:12:03,887 : AudioInterface : Settings in use - rate: 44100, channels: 1, buffer: 2048 samples (4096 bytes @ 2 bytes per sample)
2025-10-19 09:12:03,887 : SoundSystem : Setting master volume to 0.0
2025-10-19 09:12:03,887 : AudioInterface : Enabling audio playback
2025-10-19 09:12:03,889 : kivy : Base: Start application main loop
2025-10-19 09:12:03,889 : EventManager : Event: ======'display_window_initialized'====== Args={}
2025-10-19 09:12:03,889 : EventManager : Event: ======'display_dmd_initialized'====== Args={}
2025-10-19 09:12:03,902 : mpfmc : Display: Setting 'dmd' as default display
2025-10-19 09:12:03,907 : EventManager : Event: ======'displays_initialized'====== Args={}
2025-10-19 09:12:03,908 : EventManager : Event: ======'slide_window_blank_created'====== Args={}
2025-10-19 09:12:03,908 : EventManager : Event: ======'display_window_ready'====== Args={}
2025-10-19 09:12:03,909 : EventManager : Event: ======'slide_dmd_blank_created'====== Args={}
2025-10-19 09:12:03,909 : EventManager : Event: ======'display_dmd_ready'====== Args={}
2025-10-19 09:12:03,919 : EventManager : Event: ======'init_phase_1'====== Args={}
2025-10-19 09:12:03,924 : EventManager : Event: ======'mc_ready'====== Args={}
2025-10-19 09:12:03,924 : EventManager : Event: ======'init_phase_2'====== Args={}
2025-10-19 09:12:03,928 : EventManager : Event: ======'init_phase_3'====== Args={}
2025-10-19 09:12:03,931 : EventManager : Event: ======'init_phase_4'====== Args={}
2025-10-19 09:12:03,931 : EventManager : Event: ======'init_phase_5'====== Args={}
2025-10-19 09:12:03,931 : EventManager : Event: ======'init_done'====== Args={}
2025-10-19 09:12:03,931 : MPF-MC BCP Server : Starting up on localhost port 5050
2025-10-19 09:12:03,935 : MPF-MC BCP Server : Waiting for a connection...
2025-10-19 09:12:03,935 : mpfmc : SlidePlayer: Play called with settings={'slides': {window_slide_1-None-None: {'target': 'window', 'priority': None, 'background_color': [0.0, 0.0, 0.0, 1.0], 'show': True, 'force': False, 'expire': None, 'slide': None, 'tokens': {}, 'action': 'play', 'transition': None, 'transition_out': None}}}
2025-10-19 09:12:03,937 : kivy : GL: NPOT texture support is available
2025-10-19 09:12:03,958 : EventManager : Event: ======'slide_window_slide_1_created'====== Args={}
2025-10-19 09:12:03,975 : EventManager : Event: ======'slide_window_slide_1_active'====== Args={}
2025-10-19 09:12:03,978 : EventManager : Event: ======'client_disconnected'====== Args={'host': '127.0.0.1', 'port': 5050}
2025-10-19 09:12:05,010 : MPF-MC BCP Server : Received connection from: 127.0.0.1:64263
2025-10-19 09:12:05,012 : EventManager : Event: ======'client_connected'====== Args={'host': '127.0.0.1', 'port': 64263}
2025-10-19 09:12:05,314 : EventManager : Event: ======'machine_var_credits_string'====== Args={'value': 'FREE PLAY', 'prev_value': None, 'change': True}
2025-10-19 09:12:05,315 : EventManager : Event: ======'machine_var_credit_units'====== Args={'value': 0, 'prev_value': None, 'change': True}
2025-10-19 09:12:05,315 : EventManager : Event: ======'machine_var_free_play'====== Args={'value': False, 'prev_value': None, 'change': True}
2025-10-19 09:12:05,315 : EventManager : Event: ======'machine_var_master_volume'====== Args={'value': 0.6, 'prev_value': None, 'change': True}
2025-10-19 09:12:05,315 : EventManager : Event: ======'machine_var_player1_score'====== Args={'value': 0, 'prev_value': None, 'change': True}
2025-10-19 09:12:05,315 : EventManager : Event: ======'machine_var_mpf_version'====== Args={'value': 'Mission Pinball Framework v0.57.0.dev39', 'prev_value': None, 'change': True}
2025-10-19 09:12:05,315 : EventManager : Event: ======'machine_var_mpf_extended_version'====== Args={'value': 'Mission Pinball Framework v0.57.0.dev39, Config version:6, Show version: 6, BCP version:1.1', 'prev_value': None, 'change': True}
2025-10-19 09:12:05,315 : EventManager : Event: ======'machine_var_python_version'====== Args={'value': '3.9.13', 'prev_value': None, 'change': True}
2025-10-19 09:12:05,315 : EventManager : Event: ======'machine_var_platform'====== Args={'value': 'Windows-10-10.0.19045-SP0', 'prev_value': None, 'change': True}
2025-10-19 09:12:05,315 : EventManager : Event: ======'machine_var_platform_system'====== Args={'value': 'Windows', 'prev_value': None, 'change': True}
2025-10-19 09:12:05,315 : EventManager : Event: ======'machine_var_platform_release'====== Args={'value': '10', 'prev_value': None, 'change': True}
2025-10-19 09:12:05,315 : EventManager : Event: ======'machine_var_platform_version'====== Args={'value': '10.0.19045', 'prev_value': None, 'change': True}
2025-10-19 09:12:05,316 : EventManager : Event: ======'machine_var_platform_machine'====== Args={'value': 'AMD64', 'prev_value': None, 'change': True}
2025-10-19 09:12:05,316 : EventManager : Event: ======'machine_var_mc_version'====== Args={'value': 'MPF-MC v0.57.0.dev10', 'prev_value': None, 'change': True}
2025-10-19 09:12:05,316 : EventManager : Event: ======'machine_var_mc_extended_version'====== Args={'value': 'MPF-MC v0.57.0.dev10 (config_version=6, BCP v1.1,                      Requires MPF API compatibility v0.57.0.dev19 or newer)', 'prev_value': None, 'change': True}
2025-10-19 09:12:05,316 : EventManager : Event: ======'machine_var_credits_string'====== Args={'value': 'FREE PLAY', 'prev_value': None, 'change': True}
2025-10-19 09:12:05,316 : EventManager : Event: ======'machine_var_credit_units'====== Args={'value': 0, 'prev_value': None, 'change': True}
2025-10-19 09:12:05,316 : EventManager : Event: ======'machine_var_free_play'====== Args={'value': False, 'prev_value': None, 'change': True}
2025-10-19 09:12:05,316 : EventManager : Event: ======'machine_var_master_volume'====== Args={'value': 0.6, 'prev_value': None, 'change': True}
2025-10-19 09:12:05,316 : EventManager : Event: ======'machine_var_player1_score'====== Args={'value': 0, 'prev_value': None, 'change': True}
2025-10-19 09:12:05,316 : EventManager : Event: ======'machine_var_mpf_version'====== Args={'value': 'Mission Pinball Framework v0.57.0.dev39', 'prev_value': None, 'change': True}
2025-10-19 09:12:05,316 : EventManager : Event: ======'machine_var_mpf_extended_version'====== Args={'value': 'Mission Pinball Framework v0.57.0.dev39, Config version:6, Show version: 6, BCP version:1.1', 'prev_value': None, 'change': True}
2025-10-19 09:12:05,316 : EventManager : Event: ======'machine_var_python_version'====== Args={'value': '3.9.13', 'prev_value': None, 'change': True}
2025-10-19 09:12:05,316 : EventManager : Event: ======'machine_var_platform'====== Args={'value': 'Windows-10-10.0.19045-SP0', 'prev_value': None, 'change': True}
2025-10-19 09:12:05,316 : EventManager : Event: ======'machine_var_platform_system'====== Args={'value': 'Windows', 'prev_value': None, 'change': True}
2025-10-19 09:12:05,316 : EventManager : Event: ======'machine_var_platform_release'====== Args={'value': '10', 'prev_value': None, 'change': True}
2025-10-19 09:12:05,316 : EventManager : Event: ======'machine_var_platform_version'====== Args={'value': '10.0.19045', 'prev_value': None, 'change': True}
2025-10-19 09:12:05,317 : EventManager : Event: ======'machine_var_platform_machine'====== Args={'value': 'AMD64', 'prev_value': None, 'change': True}
2025-10-19 09:12:05,317 : EventManager : Event: ======'machine_var_mc_version'====== Args={'value': 'MPF-MC v0.57.0.dev10', 'prev_value': None, 'change': True}
2025-10-19 09:12:05,317 : EventManager : Event: ======'machine_var_mc_extended_version'====== Args={'value': 'MPF-MC v0.57.0.dev10 (config_version=6, BCP v1.1,                      Requires MPF API compatibility v0.57.0.dev19 or newer)', 'prev_value': None, 'change': True}
2025-10-19 09:12:05,317 : EventManager : Event: ======'machine_var_credits_string'====== Args={'value': 'FREE PLAY', 'prev_value': None, 'change': True}
2025-10-19 09:12:05,317 : EventManager : Event: ======'machine_var_credit_units'====== Args={'value': 0, 'prev_value': None, 'change': True}
2025-10-19 09:12:05,317 : EventManager : Event: ======'machine_var_free_play'====== Args={'value': False, 'prev_value': None, 'change': True}
2025-10-19 09:12:05,317 : EventManager : Event: ======'machine_var_master_volume'====== Args={'value': 0.6, 'prev_value': None, 'change': True}
2025-10-19 09:12:05,317 : EventManager : Event: ======'machine_var_player1_score'====== Args={'value': 0, 'prev_value': None, 'change': True}
2025-10-19 09:12:05,317 : EventManager : Event: ======'machine_var_mpf_version'====== Args={'value': 'Mission Pinball Framework v0.57.0.dev39', 'prev_value': None, 'change': True}
2025-10-19 09:12:05,317 : EventManager : Event: ======'machine_var_mpf_extended_version'====== Args={'value': 'Mission Pinball Framework v0.57.0.dev39, Config version:6, Show version: 6, BCP version:1.1', 'prev_value': None, 'change': True}
2025-10-19 09:12:05,317 : EventManager : Event: ======'machine_var_python_version'====== Args={'value': '3.9.13', 'prev_value': None, 'change': True}
2025-10-19 09:12:05,317 : EventManager : Event: ======'machine_var_platform'====== Args={'value': 'Windows-10-10.0.19045-SP0', 'prev_value': None, 'change': True}
2025-10-19 09:12:05,317 : EventManager : Event: ======'machine_var_platform_system'====== Args={'value': 'Windows', 'prev_value': None, 'change': True}
2025-10-19 09:12:05,317 : EventManager : Event: ======'machine_var_platform_release'====== Args={'value': '10', 'prev_value': None, 'change': True}
2025-10-19 09:12:05,317 : EventManager : Event: ======'machine_var_platform_version'====== Args={'value': '10.0.19045', 'prev_value': None, 'change': True}
2025-10-19 09:12:05,317 : EventManager : Event: ======'machine_var_platform_machine'====== Args={'value': 'AMD64', 'prev_value': None, 'change': True}
2025-10-19 09:12:05,317 : EventManager : Event: ======'machine_var_mc_version'====== Args={'value': 'MPF-MC v0.57.0.dev10', 'prev_value': None, 'change': True}
2025-10-19 09:12:05,317 : EventManager : Event: ======'machine_var_mc_extended_version'====== Args={'value': 'MPF-MC v0.57.0.dev10 (config_version=6, BCP v1.1,                      Requires MPF API compatibility v0.57.0.dev19 or newer)', 'prev_value': None, 'change': True}
2025-10-19 09:12:05,317 : EventManager : Event: ======'machine_var_credits_string'====== Args={'value': 'FREE PLAY', 'prev_value': None, 'change': True}
2025-10-19 09:12:05,318 : EventManager : Event: ======'machine_var_credit_units'====== Args={'value': 0, 'prev_value': None, 'change': True}
2025-10-19 09:12:05,318 : EventManager : Event: ======'machine_var_free_play'====== Args={'value': False, 'prev_value': None, 'change': True}
2025-10-19 09:12:05,318 : EventManager : Event: ======'machine_var_master_volume'====== Args={'value': 0.6, 'prev_value': None, 'change': True}
2025-10-19 09:12:05,318 : EventManager : Event: ======'machine_var_player1_score'====== Args={'value': 0, 'prev_value': None, 'change': True}
2025-10-19 09:12:05,318 : EventManager : Event: ======'machine_var_mpf_version'====== Args={'value': 'Mission Pinball Framework v0.57.0.dev39', 'prev_value': None, 'change': True}
2025-10-19 09:12:05,318 : EventManager : Event: ======'machine_var_mpf_extended_version'====== Args={'value': 'Mission Pinball Framework v0.57.0.dev39, Config version:6, Show version: 6, BCP version:1.1', 'prev_value': None, 'change': True}
2025-10-19 09:12:05,318 : EventManager : Event: ======'machine_var_python_version'====== Args={'value': '3.9.13', 'prev_value': None, 'change': True}
2025-10-19 09:12:05,318 : EventManager : Event: ======'machine_var_platform'====== Args={'value': 'Windows-10-10.0.19045-SP0', 'prev_value': None, 'change': True}
2025-10-19 09:12:05,318 : EventManager : Event: ======'machine_var_platform_system'====== Args={'value': 'Windows', 'prev_value': None, 'change': True}
2025-10-19 09:12:05,318 : EventManager : Event: ======'machine_var_platform_release'====== Args={'value': '10', 'prev_value': None, 'change': True}
2025-10-19 09:12:05,318 : EventManager : Event: ======'machine_var_platform_version'====== Args={'value': '10.0.19045', 'prev_value': None, 'change': True}
2025-10-19 09:12:05,318 : EventManager : Event: ======'machine_var_platform_machine'====== Args={'value': 'AMD64', 'prev_value': None, 'change': True}
2025-10-19 09:12:05,318 : EventManager : Event: ======'machine_var_mc_version'====== Args={'value': 'MPF-MC v0.57.0.dev10', 'prev_value': None, 'change': True}
2025-10-19 09:12:05,319 : EventManager : Event: ======'machine_var_mc_extended_version'====== Args={'value': 'MPF-MC v0.57.0.dev10 (config_version=6, BCP v1.1,                      Requires MPF API compatibility v0.57.0.dev19 or newer)', 'prev_value': None, 'change': True}
2025-10-19 09:12:05,319 : SoundSystem : Setting master volume to 0.6
2025-10-19 09:12:05,319 : SoundSystem : Setting master volume to 0.6
2025-10-19 09:12:05,319 : SoundSystem : Setting master volume to 0.6
2025-10-19 09:12:05,319 : SoundSystem : Setting master volume to 0.6
2025-10-19 09:12:05,447 : EventManager : Event: ======'machine_var_audits_events_game_ended'====== Args={'value': 70, 'prev_value': None, 'change': True}
2025-10-19 09:12:05,500 : EventManager : Event: ======'machine_var_audits_events_game_started'====== Args={'value': 354, 'prev_value': None, 'change': True}
2025-10-19 09:12:05,501 : EventManager : Event: ======'machine_var_audits_missing_switches_s_A'====== Args={'value': 67, 'prev_value': None, 'change': True}
2025-10-19 09:12:05,501 : EventManager : Event: ======'machine_var_audits_missing_switches_s_E'====== Args={'value': 9, 'prev_value': None, 'change': True}
2025-10-19 09:12:05,501 : EventManager : Event: ======'machine_var_audits_missing_switches_s_Eb'====== Args={'value': 67, 'prev_value': None, 'change': True}
2025-10-19 09:12:05,501 : EventManager : Event: ======'machine_var_audits_missing_switches_s_I'====== Args={'value': 9, 'prev_value': None, 'change': True}
2025-10-19 09:12:05,501 : EventManager : Event: ======'machine_var_audits_missing_switches_s_L'====== Args={'value': 67, 'prev_value': None, 'change': True}
2025-10-19 09:12:05,501 : EventManager : Event: ======'machine_var_audits_missing_switches_s_M'====== Args={'value': 9, 'prev_value': None, 'change': True}
2025-10-19 09:12:05,501 : EventManager : Event: ======'machine_var_audits_missing_switches_s_R'====== Args={'value': 67, 'prev_value': None, 'change': True}
2025-10-19 09:12:05,501 : EventManager : Event: ======'machine_var_audits_missing_switches_s_T'====== Args={'value': 9, 'prev_value': None, 'change': True}
2025-10-19 09:12:05,501 : EventManager : Event: ======'machine_var_audits_missing_switches_s_Tb'====== Args={'value': 67, 'prev_value': None, 'change': True}
2025-10-19 09:12:05,501 : EventManager : Event: ======'machine_var_audits_missing_switches_s_V'====== Args={'value': 67, 'prev_value': None, 'change': True}
2025-10-19 09:12:05,501 : EventManager : Event: ======'machine_var_audits_missing_switches_s_bumper1'====== Args={'value': 9, 'prev_value': None, 'change': True}
2025-10-19 09:12:05,501 : EventManager : Event: ======'machine_var_audits_missing_switches_s_bumper_1'====== Args={'value': 28, 'prev_value': None, 'change': True}
2025-10-19 09:12:05,501 : EventManager : Event: ======'machine_var_audits_missing_switches_s_bumper_2'====== Args={'value': 28, 'prev_value': None, 'change': True}
2025-10-19 09:12:05,501 : EventManager : Event: ======'machine_var_audits_missing_switches_s_center_center_target'====== Args={'value': 9, 'prev_value': None, 'change': True}
2025-10-19 09:12:05,501 : EventManager : Event: ======'machine_var_audits_missing_switches_s_center_scoop'====== Args={'value': 20, 'prev_value': None, 'change': True}
2025-10-19 09:12:05,502 : EventManager : Event: ======'machine_var_audits_missing_switches_s_coin_left'====== Args={'value': 35, 'prev_value': None, 'change': True}
2025-10-19 09:12:05,502 : EventManager : Event: ======'machine_var_audits_missing_switches_s_door_open'====== Args={'value': 3, 'prev_value': None, 'change': True}
2025-10-19 09:12:05,502 : EventManager : Event: ======'machine_var_audits_missing_switches_s_launcher_lane_spinner'====== Args={'value': 20, 'prev_value': None, 'change': True}
2025-10-19 09:12:05,502 : EventManager : Event: ======'machine_var_audits_missing_switches_s_left_center_target'====== Args={'value': 9, 'prev_value': None, 'change': True}
2025-10-19 09:12:05,502 : EventManager : Event: ======'machine_var_audits_missing_switches_s_left_corridor_spinner'====== Args={'value': 9, 'prev_value': None, 'change': True}
2025-10-19 09:12:05,502 : EventManager : Event: ======'machine_var_audits_missing_switches_s_left_corridor_spinner2'====== Args={'value': 15, 'prev_value': None, 'change': True}
2025-10-19 09:12:05,502 : EventManager : Event: ======'machine_var_audits_missing_switches_s_left_flipper'====== Args={'value': 27, 'prev_value': None, 'change': True}
2025-10-19 09:12:05,502 : EventManager : Event: ======'machine_var_audits_missing_switches_s_left_inlane'====== Args={'value': 20, 'prev_value': None, 'change': True}
2025-10-19 09:12:05,502 : EventManager : Event: ======'machine_var_audits_missing_switches_s_left_outlane'====== Args={'value': 20, 'prev_value': None, 'change': True}
2025-10-19 09:12:05,502 : EventManager : Event: ======'machine_var_audits_missing_switches_s_left_scoop'====== Args={'value': 20, 'prev_value': None, 'change': True}
2025-10-19 09:12:05,502 : EventManager : Event: ======'machine_var_audits_missing_switches_s_left_standup'====== Args={'value': 20, 'prev_value': None, 'change': True}
2025-10-19 09:12:05,502 : EventManager : Event: ======'machine_var_audits_missing_switches_s_right_center_target'====== Args={'value': 9, 'prev_value': None, 'change': True}
2025-10-19 09:12:05,502 : EventManager : Event: ======'machine_var_audits_missing_switches_s_right_corridor_spinner'====== Args={'value': 15, 'prev_value': None, 'change': True}
2025-10-19 09:12:05,502 : EventManager : Event: ======'machine_var_audits_missing_switches_s_right_flipper'====== Args={'value': 38, 'prev_value': None, 'change': True}
2025-10-19 09:12:05,502 : EventManager : Event: ======'machine_var_audits_missing_switches_s_right_inlane'====== Args={'value': 20, 'prev_value': None, 'change': True}
2025-10-19 09:12:05,502 : EventManager : Event: ======'machine_var_audits_missing_switches_s_right_outlane'====== Args={'value': 20, 'prev_value': None, 'change': True}
2025-10-19 09:12:05,502 : EventManager : Event: ======'machine_var_audits_missing_switches_s_right_scoop'====== Args={'value': 9, 'prev_value': None, 'change': True}
2025-10-19 09:12:05,502 : EventManager : Event: ======'machine_var_audits_missing_switches_s_right_standup'====== Args={'value': 9, 'prev_value': None, 'change': True}
2025-10-19 09:12:05,503 : EventManager : Event: ======'machine_var_audits_missing_switches_s_service_coin'====== Args={'value': 35, 'prev_value': None, 'change': True}
2025-10-19 09:12:05,503 : EventManager : Event: ======'machine_var_audits_missing_switches_s_service_down'====== Args={'value': 4, 'prev_value': None, 'change': True}
2025-10-19 09:12:05,503 : EventManager : Event: ======'machine_var_audits_missing_switches_s_service_enter'====== Args={'value': 3, 'prev_value': None, 'change': True}
2025-10-19 09:12:05,503 : EventManager : Event: ======'machine_var_audits_missing_switches_s_service_esc'====== Args={'value': 4, 'prev_value': None, 'change': True}
2025-10-19 09:12:05,503 : EventManager : Event: ======'machine_var_audits_missing_switches_s_service_up'====== Args={'value': 4, 'prev_value': None, 'change': True}
2025-10-19 09:12:05,503 : EventManager : Event: ======'machine_var_audits_missing_switches_s_sling_left'====== Args={'value': 307, 'prev_value': None, 'change': True}
2025-10-19 09:12:05,503 : EventManager : Event: ======'machine_var_audits_missing_switches_s_sling_right'====== Args={'value': 203, 'prev_value': None, 'change': True}
2025-10-19 09:12:05,503 : EventManager : Event: ======'machine_var_audits_missing_switches_s_start'====== Args={'value': 2, 'prev_value': None, 'change': True}
2025-10-19 09:12:05,503 : EventManager : Event: ======'machine_var_audits_missing_switches_s_top_left_standup'====== Args={'value': 20, 'prev_value': None, 'change': True}
2025-10-19 09:12:05,503 : EventManager : Event: ======'machine_var_audits_missing_switches_s_top_left_standup2'====== Args={'value': 20, 'prev_value': None, 'change': True}
2025-10-19 09:12:05,503 : EventManager : Event: ======'machine_var_audits_missing_switches_s_trough1'====== Args={'value': 1, 'prev_value': None, 'change': True}
2025-10-19 09:12:05,503 : EventManager : Event: ======'machine_var_audits_missing_switches_s_trough2'====== Args={'value': 39, 'prev_value': None, 'change': True}
2025-10-19 09:12:05,503 : EventManager : Event: ======'machine_var_audits_missing_switches_s_trough3'====== Args={'value': 354, 'prev_value': None, 'change': True}
2025-10-19 09:12:05,503 : EventManager : Event: ======'machine_var_audits_missing_switches_s_trough4'====== Args={'value': 354, 'prev_value': None, 'change': True}
2025-10-19 09:12:05,503 : EventManager : Event: ======'machine_var_audits_missing_switches_s_trough5'====== Args={'value': 354, 'prev_value': None, 'change': True}
2025-10-19 09:12:05,503 : EventManager : Event: ======'machine_var_audits_missing_switches_s_trough6'====== Args={'value': 354, 'prev_value': None, 'change': True}
2025-10-19 09:12:05,503 : EventManager : Event: ======'machine_var_audits_missing_switches_s_trough_jam'====== Args={'value': 38, 'prev_value': None, 'change': True}
2025-10-19 09:12:05,503 : EventManager : Event: ======'machine_var_audits_player_score'====== Args={'value': {'average': 6495780, 'top': [75043600, 70538842, 47521800, 45002500, 43517500, 42224750, 41236342, 31835000, 17715450, 13531600], 'total': 74}, 'prev_value': None, 'change': True}
2025-10-19 09:12:05,504 : EventManager : Event: ======'machine_var_audits_shots_A'====== Args={'value': 45, 'prev_value': None, 'change': True}
2025-10-19 09:12:05,504 : EventManager : Event: ======'machine_var_audits_shots_E'====== Args={'value': 203, 'prev_value': None, 'change': True}
2025-10-19 09:12:05,504 : EventManager : Event: ======'machine_var_audits_shots_Eb'====== Args={'value': 41, 'prev_value': None, 'change': True}
2025-10-19 09:12:05,504 : EventManager : Event: ======'machine_var_audits_shots_I'====== Args={'value': 196, 'prev_value': None, 'change': True}
2025-10-19 09:12:05,504 : EventManager : Event: ======'machine_var_audits_shots_L'====== Args={'value': 42, 'prev_value': None, 'change': True}
2025-10-19 09:12:05,504 : EventManager : Event: ======'machine_var_audits_shots_M'====== Args={'value': 198, 'prev_value': None, 'change': True}
2025-10-19 09:12:05,504 : EventManager : Event: ======'machine_var_audits_shots_R'====== Args={'value': 58, 'prev_value': None, 'change': True}
2025-10-19 09:12:05,504 : EventManager : Event: ======'machine_var_audits_shots_T'====== Args={'value': 198, 'prev_value': None, 'change': True}
2025-10-19 09:12:05,504 : EventManager : Event: ======'machine_var_audits_shots_Tb'====== Args={'value': 70, 'prev_value': None, 'change': True}
2025-10-19 09:12:05,504 : EventManager : Event: ======'machine_var_audits_shots_V'====== Args={'value': 42, 'prev_value': None, 'change': True}
2025-10-19 09:12:05,504 : EventManager : Event: ======'machine_var_audits_shots_bumper1_shot'====== Args={'value': 292, 'prev_value': None, 'change': True}
2025-10-19 09:12:05,504 : EventManager : Event: ======'machine_var_audits_shots_bumper2_shot'====== Args={'value': 853, 'prev_value': None, 'change': True}
2025-10-19 09:12:05,504 : EventManager : Event: ======'machine_var_audits_shots_center_center_droptarget'====== Args={'value': 21, 'prev_value': None, 'change': True}
2025-10-19 09:12:05,504 : EventManager : Event: ======'machine_var_audits_shots_center_rollover'====== Args={'value': 7, 'prev_value': None, 'change': True}
2025-10-19 09:12:05,504 : EventManager : Event: ======'machine_var_audits_shots_center_rollover_shot'====== Args={'value': 337, 'prev_value': None, 'change': True}
2025-10-19 09:12:05,504 : EventManager : Event: ======'machine_var_audits_shots_center_scoop_shot'====== Args={'value': 7, 'prev_value': None, 'change': True}
2025-10-19 09:12:05,504 : EventManager : Event: ======'machine_var_audits_shots_jets'====== Args={'value': 1086, 'prev_value': None, 'change': True}
2025-10-19 09:12:05,505 : EventManager : Event: ======'machine_var_audits_shots_left_center_droptarget'====== Args={'value': 21, 'prev_value': None, 'change': True}
2025-10-19 09:12:05,505 : EventManager : Event: ======'machine_var_audits_shots_left_corridor_spinner'====== Args={'value': 9, 'prev_value': None, 'change': True}
2025-10-19 09:12:05,505 : EventManager : Event: ======'machine_var_audits_shots_left_corridor_spinner2'====== Args={'value': 10, 'prev_value': None, 'change': True}
2025-10-19 09:12:05,505 : EventManager : Event: ======'machine_var_audits_shots_left_corridor_spinner_shot'====== Args={'value': 135, 'prev_value': None, 'change': True}
2025-10-19 09:12:05,505 : EventManager : Event: ======'machine_var_audits_shots_left_inlane_shot'====== Args={'value': 7, 'prev_value': None, 'change': True}
2025-10-19 09:12:05,505 : EventManager : Event: ======'machine_var_audits_shots_left_outlane_shot'====== Args={'value': 7, 'prev_value': None, 'change': True}
2025-10-19 09:12:05,505 : EventManager : Event: ======'machine_var_audits_shots_left_rollover'====== Args={'value': 36, 'prev_value': None, 'change': True}
2025-10-19 09:12:05,505 : EventManager : Event: ======'machine_var_audits_shots_left_rollover_shot'====== Args={'value': 275, 'prev_value': None, 'change': True}
2025-10-19 09:12:05,505 : EventManager : Event: ======'machine_var_audits_shots_left_scoop_shot'====== Args={'value': 39, 'prev_value': None, 'change': True}
2025-10-19 09:12:05,505 : EventManager : Event: ======'machine_var_audits_shots_left_standup_shot'====== Args={'value': 15, 'prev_value': None, 'change': True}
2025-10-19 09:12:05,505 : EventManager : Event: ======'machine_var_audits_shots_letf_inlane_shot'====== Args={'value': 6, 'prev_value': None, 'change': True}
2025-10-19 09:12:05,505 : EventManager : Event: ======'machine_var_audits_shots_letf_outlane_shot'====== Args={'value': 5, 'prev_value': None, 'change': True}
2025-10-19 09:12:05,505 : EventManager : Event: ======'machine_var_audits_shots_middle_inlane_shot'====== Args={'value': 20, 'prev_value': None, 'change': True}
2025-10-19 09:12:05,505 : EventManager : Event: ======'machine_var_audits_shots_my_first_shot'====== Args={'value': 95, 'prev_value': None, 'change': True}
2025-10-19 09:12:05,505 : EventManager : Event: ======'machine_var_audits_shots_right_center_droptarget'====== Args={'value': 22, 'prev_value': None, 'change': True}
2025-10-19 09:12:05,505 : EventManager : Event: ======'machine_var_audits_shots_right_corridor_spinner'====== Args={'value': 3, 'prev_value': None, 'change': True}
2025-10-19 09:12:05,505 : EventManager : Event: ======'machine_var_audits_shots_right_inlane_shot'====== Args={'value': 106, 'prev_value': None, 'change': True}
2025-10-19 09:12:05,505 : EventManager : Event: ======'machine_var_audits_shots_right_outlane_shot'====== Args={'value': 36, 'prev_value': None, 'change': True}
2025-10-19 09:12:05,506 : EventManager : Event: ======'machine_var_audits_shots_right_rollover'====== Args={'value': 41, 'prev_value': None, 'change': True}
2025-10-19 09:12:05,506 : EventManager : Event: ======'machine_var_audits_shots_right_rollover_shot'====== Args={'value': 391, 'prev_value': None, 'change': True}
2025-10-19 09:12:05,506 : EventManager : Event: ======'machine_var_audits_shots_right_scoop_shot'====== Args={'value': 60, 'prev_value': None, 'change': True}
2025-10-19 09:12:05,506 : EventManager : Event: ======'machine_var_audits_shots_right_standup'====== Args={'value': 40, 'prev_value': None, 'change': True}
2025-10-19 09:12:05,506 : EventManager : Event: ======'machine_var_audits_shots_right_standup_shot'====== Args={'value': 17, 'prev_value': None, 'change': True}
2025-10-19 09:12:05,506 : EventManager : Event: ======'machine_var_audits_shots_standup_1_skill'====== Args={'value': 56, 'prev_value': None, 'change': True}
2025-10-19 09:12:05,506 : EventManager : Event: ======'machine_var_audits_shots_standup_2_skill'====== Args={'value': 31, 'prev_value': None, 'change': True}
2025-10-19 09:12:05,506 : EventManager : Event: ======'machine_var_audits_shots_standup_3_skill'====== Args={'value': 12, 'prev_value': None, 'change': True}
2025-10-19 09:12:05,506 : EventManager : Event: ======'machine_var_audits_shots_standup_4_skill'====== Args={'value': 9, 'prev_value': None, 'change': True}
2025-10-19 09:12:05,506 : EventManager : Event: ======'machine_var_audits_shots_standup_5_skill'====== Args={'value': 4, 'prev_value': None, 'change': True}
2025-10-19 09:12:05,506 : EventManager : Event: ======'machine_var_audits_shots_standup_6_skill'====== Args={'value': 2, 'prev_value': None, 'change': True}
2025-10-19 09:12:05,506 : EventManager : Event: ======'machine_var_audits_shots_top_left_standup2_shot'====== Args={'value': 17, 'prev_value': None, 'change': True}
2025-10-19 09:12:05,506 : EventManager : Event: ======'machine_var_audits_shots_top_left_standup_shot'====== Args={'value': 8, 'prev_value': None, 'change': True}
2025-10-19 09:12:05,506 : EventManager : Event: ======'machine_var_audits_shots_top_middle_inlane_shot'====== Args={'value': 41, 'prev_value': None, 'change': True}
2025-10-19 09:12:05,506 : EventManager : Event: ======'machine_var_audits_switches_s_A'====== Args={'value': 0, 'prev_value': None, 'change': True}
2025-10-19 09:12:05,506 : EventManager : Event: ======'machine_var_audits_switches_s_E'====== Args={'value': 208, 'prev_value': None, 'change': True}
2025-10-19 09:12:05,507 : EventManager : Event: ======'machine_var_audits_switches_s_Eb'====== Args={'value': 0, 'prev_value': None, 'change': True}
2025-10-19 09:12:05,507 : EventManager : Event: ======'machine_var_audits_switches_s_I'====== Args={'value': 201, 'prev_value': None, 'change': True}
2025-10-19 09:12:05,507 : EventManager : Event: ======'machine_var_audits_switches_s_L'====== Args={'value': 0, 'prev_value': None, 'change': True}
2025-10-19 09:12:05,507 : EventManager : Event: ======'machine_var_audits_switches_s_M'====== Args={'value': 203, 'prev_value': None, 'change': True}
2025-10-19 09:12:05,507 : EventManager : Event: ======'machine_var_audits_switches_s_R'====== Args={'value': 0, 'prev_value': None, 'change': True}
2025-10-19 09:12:05,507 : EventManager : Event: ======'machine_var_audits_switches_s_T'====== Args={'value': 202, 'prev_value': None, 'change': True}
2025-10-19 09:12:05,507 : EventManager : Event: ======'machine_var_audits_switches_s_Tb'====== Args={'value': 0, 'prev_value': None, 'change': True}
2025-10-19 09:12:05,507 : EventManager : Event: ======'machine_var_audits_switches_s_V'====== Args={'value': 0, 'prev_value': None, 'change': True}
2025-10-19 09:12:05,507 : EventManager : Event: ======'machine_var_audits_switches_s_bumper1'====== Args={'value': 292, 'prev_value': None, 'change': True}
2025-10-19 09:12:05,507 : EventManager : Event: ======'machine_var_audits_switches_s_bumper2'====== Args={'value': 857, 'prev_value': None, 'change': True}
2025-10-19 09:12:05,507 : EventManager : Event: ======'machine_var_audits_switches_s_bumper_1'====== Args={'value': 0, 'prev_value': None, 'change': True}
2025-10-19 09:12:05,507 : EventManager : Event: ======'machine_var_audits_switches_s_bumper_2'====== Args={'value': 0, 'prev_value': None, 'change': True}
2025-10-19 09:12:05,507 : EventManager : Event: ======'machine_var_audits_switches_s_center_center_target'====== Args={'value': 27, 'prev_value': None, 'change': True}
2025-10-19 09:12:05,508 : EventManager : Event: ======'machine_var_audits_switches_s_center_rollover'====== Args={'value': 348, 'prev_value': None, 'change': True}
2025-10-19 09:12:05,508 : EventManager : Event: ======'machine_var_audits_switches_s_center_scoop'====== Args={'value': 21, 'prev_value': None, 'change': True}
2025-10-19 09:12:05,508 : EventManager : Event: ======'machine_var_audits_switches_s_coin_left'====== Args={'value': 16, 'prev_value': None, 'change': True}
2025-10-19 09:12:05,508 : EventManager : Event: ======'machine_var_audits_switches_s_door_open'====== Args={'value': 2, 'prev_value': None, 'change': True}
2025-10-19 09:12:05,508 : EventManager : Event: ======'machine_var_audits_switches_s_launcher_lane_spinner'====== Args={'value': 9, 'prev_value': None, 'change': True}
2025-10-19 09:12:05,508 : EventManager : Event: ======'machine_var_audits_switches_s_left_center_target'====== Args={'value': 28, 'prev_value': None, 'change': True}
2025-10-19 09:12:05,508 : EventManager : Event: ======'machine_var_audits_switches_s_left_corridor_spinner'====== Args={'value': 176, 'prev_value': None, 'change': True}
2025-10-19 09:12:05,508 : EventManager : Event: ======'machine_var_audits_switches_s_left_corridor_spinner2'====== Args={'value': 14, 'prev_value': None, 'change': True}
2025-10-19 09:12:05,508 : EventManager : Event: ======'machine_var_audits_switches_s_left_flipper'====== Args={'value': 342, 'prev_value': None, 'change': True}
2025-10-19 09:12:05,508 : EventManager : Event: ======'machine_var_audits_switches_s_left_inlane'====== Args={'value': 23, 'prev_value': None, 'change': True}
2025-10-19 09:12:05,508 : EventManager : Event: ======'machine_var_audits_switches_s_left_outlane'====== Args={'value': 15, 'prev_value': None, 'change': True}
2025-10-19 09:12:05,508 : EventManager : Event: ======'machine_var_audits_switches_s_left_rollover'====== Args={'value': 286, 'prev_value': None, 'change': True}
2025-10-19 09:12:05,508 : EventManager : Event: ======'machine_var_audits_switches_s_left_scoop'====== Args={'value': 256, 'prev_value': None, 'change': True}
2025-10-19 09:12:05,508 : EventManager : Event: ======'machine_var_audits_switches_s_left_standup'====== Args={'value': 20, 'prev_value': None, 'change': True}
2025-10-19 09:12:05,508 : EventManager : Event: ======'machine_var_audits_switches_s_middle_inlane'====== Args={'value': 20, 'prev_value': None, 'change': True}
2025-10-19 09:12:05,508 : EventManager : Event: ======'machine_var_audits_switches_s_plunger'====== Args={'value': 611, 'prev_value': None, 'change': True}
2025-10-19 09:12:05,508 : EventManager : Event: ======'machine_var_audits_switches_s_right_center_target'====== Args={'value': 31, 'prev_value': None, 'change': True}
2025-10-19 09:12:05,508 : EventManager : Event: ======'machine_var_audits_switches_s_right_corridor_spinner'====== Args={'value': 24, 'prev_value': None, 'change': True}
2025-10-19 09:12:05,509 : EventManager : Event: ======'machine_var_audits_switches_s_right_flipper'====== Args={'value': 155, 'prev_value': None, 'change': True}
2025-10-19 09:12:05,509 : EventManager : Event: ======'machine_var_audits_switches_s_right_inlane'====== Args={'value': 233, 'prev_value': None, 'change': True}
2025-10-19 09:12:05,509 : EventManager : Event: ======'machine_var_audits_switches_s_right_outlane'====== Args={'value': 42, 'prev_value': None, 'change': True}
2025-10-19 09:12:05,509 : EventManager : Event: ======'machine_var_audits_switches_s_right_rollover'====== Args={'value': 400, 'prev_value': None, 'change': True}
2025-10-19 09:12:05,509 : EventManager : Event: ======'machine_var_audits_switches_s_right_scoop'====== Args={'value': 77, 'prev_value': None, 'change': True}
2025-10-19 09:12:05,509 : EventManager : Event: ======'machine_var_audits_switches_s_right_standup'====== Args={'value': 166, 'prev_value': None, 'change': True}
2025-10-19 09:12:05,509 : EventManager : Event: ======'machine_var_audits_switches_s_service_coin'====== Args={'value': 1, 'prev_value': None, 'change': True}
2025-10-19 09:12:05,509 : EventManager : Event: ======'machine_var_audits_switches_s_service_down'====== Args={'value': 25, 'prev_value': None, 'change': True}
2025-10-19 09:12:05,509 : EventManager : Event: ======'machine_var_audits_switches_s_service_enter'====== Args={'value': 8, 'prev_value': None, 'change': True}
2025-10-19 09:12:05,509 : EventManager : Event: ======'machine_var_audits_switches_s_service_esc'====== Args={'value': 8, 'prev_value': None, 'change': True}
2025-10-19 09:12:05,509 : EventManager : Event: ======'machine_var_audits_switches_s_service_up'====== Args={'value': 27, 'prev_value': None, 'change': True}
2025-10-19 09:12:05,509 : EventManager : Event: ======'machine_var_audits_switches_s_sling_left'====== Args={'value': 3, 'prev_value': None, 'change': True}
2025-10-19 09:12:05,509 : EventManager : Event: ======'machine_var_audits_switches_s_sling_right'====== Args={'value': 8, 'prev_value': None, 'change': True}
2025-10-19 09:12:05,509 : EventManager : Event: ======'machine_var_audits_switches_s_standup_1'====== Args={'value': 154, 'prev_value': None, 'change': True}
2025-10-19 09:12:05,509 : EventManager : Event: ======'machine_var_audits_switches_s_standup_2'====== Args={'value': 101, 'prev_value': None, 'change': True}
2025-10-19 09:12:05,509 : EventManager : Event: ======'machine_var_audits_switches_s_standup_3'====== Args={'value': 88, 'prev_value': None, 'change': True}
2025-10-19 09:12:05,509 : EventManager : Event: ======'machine_var_audits_switches_s_standup_4'====== Args={'value': 67, 'prev_value': None, 'change': True}
2025-10-19 09:12:05,510 : EventManager : Event: ======'machine_var_audits_switches_s_standup_5'====== Args={'value': 65, 'prev_value': None, 'change': True}
2025-10-19 09:12:05,510 : EventManager : Event: ======'machine_var_audits_switches_s_standup_6'====== Args={'value': 56, 'prev_value': None, 'change': True}
2025-10-19 09:12:05,510 : EventManager : Event: ======'machine_var_audits_switches_s_start'====== Args={'value': 58, 'prev_value': None, 'change': True}
2025-10-19 09:12:05,510 : EventManager : Event: ======'machine_var_audits_switches_s_top_left_standup'====== Args={'value': 19, 'prev_value': None, 'change': True}
2025-10-19 09:12:05,510 : EventManager : Event: ======'machine_var_audits_switches_s_top_left_standup2'====== Args={'value': 37, 'prev_value': None, 'change': True}
2025-10-19 09:12:05,510 : EventManager : Event: ======'machine_var_audits_switches_s_top_middle_inlane'====== Args={'value': 41, 'prev_value': None, 'change': True}
2025-10-19 09:12:05,510 : EventManager : Event: ======'machine_var_audits_switches_s_trough1'====== Args={'value': 354, 'prev_value': None, 'change': True}
2025-10-19 09:12:05,510 : EventManager : Event: ======'machine_var_audits_switches_s_trough2'====== Args={'value': 1, 'prev_value': None, 'change': True}
2025-10-19 09:12:05,510 : EventManager : Event: ======'machine_var_audits_switches_s_trough3'====== Args={'value': 0, 'prev_value': None, 'change': True}
2025-10-19 09:12:05,510 : EventManager : Event: ======'machine_var_audits_switches_s_trough4'====== Args={'value': 0, 'prev_value': None, 'change': True}
2025-10-19 09:12:05,510 : EventManager : Event: ======'machine_var_audits_switches_s_trough5'====== Args={'value': 0, 'prev_value': None, 'change': True}
2025-10-19 09:12:05,510 : EventManager : Event: ======'machine_var_audits_switches_s_trough6'====== Args={'value': 0, 'prev_value': None, 'change': True}
2025-10-19 09:12:05,510 : EventManager : Event: ======'machine_var_audits_switches_s_trough_jam'====== Args={'value': 2, 'prev_value': None, 'change': True}
2025-10-19 09:12:05,547 : EventManager : Event: ======'slides_play'====== Args={'settings': {'window_slide_1': {'target': 'window', 'background_color': [0.0, 0.0, 0.0, 1.0], 'priority': None, 'show': True, 'force': False, 'expire': None, 'slide': None, 'tokens': {}, 'action': 'play'}}, 'context': '_global', 'calling_context': 'init_done', 'priority': 0}
2025-10-19 09:12:05,547 : mpfmc : SlidePlayer: Play called with settings={'window_slide_1': {'target': 'window', 'background_color': [0.0, 0.0, 0.0, 1.0], 'priority': None, 'show': True, 'force': False, 'expire': None, 'slide': None, 'tokens': {}, 'action': 'play'}}
2025-10-19 09:12:05,547 : EventManager : Event: ======'slide_window_slide_1_removed'====== Args={}
2025-10-19 09:12:05,575 : EventManager : Event: ======'slide_window_slide_1_created'====== Args={}
2025-10-19 09:12:05,575 : EventManager : Event: ======'slide_window_slide_1_active'====== Args={}
2025-10-19 09:12:05,588 : EventManager : Event: ======'mc_reset_phase_1'====== Args={}
2025-10-19 09:12:05,588 : EventManager : Event: ======'mc_reset_phase_2'====== Args={}
2025-10-19 09:12:05,588 : EventManager : Event: ======'mc_reset_phase_3'====== Args={}
2025-10-19 09:12:05,588 : EventManager : Event: ======'mc_reset_complete'====== Args={}
2025-10-19 09:12:05,600 : EventManager : Event: ======'slides_play'====== Args={'settings': {'awesome_slide': {'widgets': [{'type': 'text', 'text': 'TIME TRAVEL', 'font_size': 20, '_default_settings': ['type', 'text', 'font_size'], 'x': None, 'y': None, 'anchor_x': 'center', 'anchor_y': 'center', 'round_anchor_x': None, 'round_anchor_y': None, 'opacity': 1.0, 'z': 0, 'reset_animations_events': {}, 'color': [1.0, 1.0, 1.0, 1.0], 'style': [], 'adjust_top': 0, 'adjust_bottom': 0, 'adjust_left': 0, 'adjust_right': 0, 'expire': None, 'key': None, 'widget': None, 'events_when_added': [], 'events_when_removed': [], 'bitmap_font': False, 'font_kerning': True, 'bold': False, 'italic': False, 'number_grouping': False, 'min_digits': 0, 'halign': 'center', 'valign': 'middle', 'rotation': 0, 'scale': 1.0, 'casing': None, 'outline_color': [1.0, 1.0, 1.0, 1.0], 'outline_width': 0, 'animations': None}], 'transition': {'type': 'push', 'duration': 1.0, 'direction': 'left', 'easing': 'out_quad'}, 'target': None, 'background_color': [0.0, 0.0, 0.0, 1.0], 'priority': None, 'show': True, 'force': False, 'expire': None, 'slide': None, 'tokens': {}, 'action': 'play'}}, 'context': 'show_2', 'calling_context': 0, 'priority': 10, 'show_tokens': {}, 'start_time': 288414.25}
2025-10-19 09:12:05,601 : EventManager : Event: ======'sounds_play'====== Args={'settings': {'music': {'action': 'play', 'loops': -1, 'priority': None, 'block': False, 'delay': None, 'track': None, 'volume': None, 'ducking': {}, 'pan': None, 'start_at': None, 'fade_in': None, 'fade_out': None, 'about_to_finish_time': -1.0, 'max_queue_time': -1.0, 'events_when_played': ['use_sound_setting'], 'events_when_stopped': ['use_sound_setting'], 'events_when_looping': ['use_sound_setting'], 'events_when_about_to_finish': ['use_sound_setting'], 'mode_end_action': 'use_sound_setting', 'key': 'use_sound_setting'}}, 'context': '_global', 'calling_context': 'mode_attract_started', 'priority': 0}
2025-10-19 09:12:05,601 : EventManager : Event: ======'machine_var_price_per_game_raw_0'====== Args={'value': 1.0, 'prev_value': None, 'change': True}
2025-10-19 09:12:05,601 : EventManager : Event: ======'machine_var_price_per_game_string_0'====== Args={'value': '1 CREDITS $1.0', 'prev_value': None, 'change': True}
2025-10-19 09:12:05,601 : EventManager : Event: ======'machine_var_credits_string'====== Args={'value': ' ', 'prev_value': 'FREE PLAY', 'change': True}
2025-10-19 09:12:05,601 : EventManager : Event: ======'machine_var_credits_value'====== Args={'value': '0', 'prev_value': None, 'change': True}
2025-10-19 09:12:05,601 : EventManager : Event: ======'machine_var_credits_whole_num'====== Args={'value': 0, 'prev_value': None, 'change': True}
2025-10-19 09:12:05,601 : EventManager : Event: ======'machine_var_credits_numerator'====== Args={'value': 0, 'prev_value': None, 'change': True}
2025-10-19 09:12:05,601 : EventManager : Event: ======'machine_var_credits_denominator'====== Args={'value': 0, 'prev_value': None, 'change': True}
2025-10-19 09:12:05,601 : EventManager : Event: ======'machine_var_credits_string'====== Args={'value': 'CREDITS 0', 'prev_value': ' ', 'change': True}
2025-10-19 09:12:05,601 : EventManager : Event: ======'machine_var_credits_denominator'====== Args={'value': 1, 'prev_value': 0, 'change': 1}
2025-10-19 09:12:05,601 : mpfmc : SlidePlayer: Play called with settings={'awesome_slide': {'widgets': [{'type': 'text', 'text': 'TIME TRAVEL', 'font_size': 20, '_default_settings': ['type', 'text', 'font_size'], 'x': None, 'y': None, 'anchor_x': 'center', 'anchor_y': 'center', 'round_anchor_x': None, 'round_anchor_y': None, 'opacity': 1.0, 'z': 0, 'reset_animations_events': {}, 'color': [1.0, 1.0, 1.0, 1.0], 'style': [], 'adjust_top': 0, 'adjust_bottom': 0, 'adjust_left': 0, 'adjust_right': 0, 'expire': None, 'key': None, 'widget': None, 'events_when_added': [], 'events_when_removed': [], 'bitmap_font': False, 'font_kerning': True, 'bold': False, 'italic': False, 'number_grouping': False, 'min_digits': 0, 'halign': 'center', 'valign': 'middle', 'rotation': 0, 'scale': 1.0, 'casing': None, 'outline_color': [1.0, 1.0, 1.0, 1.0], 'outline_width': 0, 'animations': None}], 'transition': {'type': 'push', 'duration': 1.0, 'direction': 'left', 'easing': 'out_quad'}, 'target': None, 'background_color': [0.0, 0.0, 0.0, 1.0], 'priority': None, 'show': True, 'force': False, 'expire': None, 'slide': None, 'tokens': {}, 'action': 'play'}}
2025-10-19 09:12:05,604 : EventManager : Event: ======'slide_awesome_slide_created'====== Args={}
2025-10-19 09:12:05,605 : EventManager : Event: ======'slide_awesome_slide_active'====== Args={}
2025-10-19 09:12:05,614 : EventManager : Event: ======'loading_assets'====== Args={'total': 1, 'loaded': 1, 'remaining': 0, 'percent': 100}
2025-10-19 09:12:05,614 : AssetManager : Asset loading took: 1.7272229194641113
2025-10-19 09:12:05,614 : EventManager : Event: ======'asset_loading_complete'====== Args={}
2025-10-19 09:12:05,614 : AssetManager : Loading assets: 1/1 (100%)
2025-10-19 09:12:08,113 : EventManager : Event: ======'slides_play'====== Args={'settings': {'service_mode_slide': {'expire': -1.0, 'target': None, 'background_color': [0.0, 0.0, 0.0, 1.0], 'priority': None, 'show': True, 'force': False, 'slide': None, 'tokens': {}, 'action': 'play'}}, 'context': 'service', 'calling_context': 'mode_service_started', 'priority': 1600}
2025-10-19 09:12:08,113 : mpfmc : SlidePlayer: Play called with settings={'service_mode_slide': {'expire': -1.0, 'target': None, 'background_color': [0.0, 0.0, 0.0, 1.0], 'priority': None, 'show': True, 'force': False, 'slide': None, 'tokens': {}, 'action': 'play'}}
2025-10-19 09:12:08,115 : EventManager : Event: ======'slide_service_mode_slide_created'====== Args={}
2025-10-19 09:12:08,128 : EventManager : Event: ======'slide_service_mode_slide_removed'====== Args={}
2025-10-19 09:12:08,129 : EventManager : Event: ======'slide_awesome_slide_active'====== Args={}
2025-10-19 09:12:08,596 : EventManager : Event: ======'slides_play'====== Args={'settings': {'press_start': {'widgets': [{'type': 'Text', 'text': 'PRESS START', 'font_size': 12, 'y': '60%', '_default_settings': ['type', 'text', 'font_size', 'y'], 'x': None, 'anchor_x': 'center', 'anchor_y': 'center', 'round_anchor_x': None, 'round_anchor_y': None, 'opacity': 1.0, 'z': 0, 'reset_animations_events': {}, 'color': [1.0, 1.0, 1.0, 1.0], 'style': [], 'adjust_top': 0, 'adjust_bottom': 0, 'adjust_left': 0, 'adjust_right': 0, 'expire': None, 'key': None, 'widget': None, 'events_when_added': [], 'events_when_removed': [], 'bitmap_font': False, 'font_kerning': True, 'bold': False, 'italic': False, 'number_grouping': False, 'min_digits': 0, 'halign': 'center', 'valign': 'middle', 'rotation': 0, 'scale': 1.0, 'casing': None, 'outline_color': [1.0, 1.0, 1.0, 1.0], 'outline_width': 0, 'animations': None}, {'type': 'Text', 'text': '(machine|credits_string)', 'font_size': 10, 'y': '30%', '_default_settings': ['type', 'text', 'font_size', 'y'], 'x': None, 'anchor_x': 'center', 'anchor_y': 'center', 'round_anchor_x': None, 'round_anchor_y': None, 'opacity': 1.0, 'z': 0, 'reset_animations_events': {}, 'color': [1.0, 1.0, 1.0, 1.0], 'style': [], 'adjust_top': 0, 'adjust_bottom': 0, 'adjust_left': 0, 'adjust_right': 0, 'expire': None, 'key': None, 'widget': None, 'events_when_added': [], 'events_when_removed': [], 'bitmap_font': False, 'font_kerning': True, 'bold': False, 'italic': False, 'number_grouping': False, 'min_digits': 0, 'halign': 'center', 'valign': 'middle', 'rotation': 0, 'scale': 1.0, 'casing': None, 'outline_color': [1.0, 1.0, 1.0, 1.0], 'outline_width': 0, 'animations': None}], 'transition': {'type': 'move_in', 'duration': 1.0, 'direction': 'right', 'easing': 'out_quad'}, 'target': None, 'background_color': [0.0, 0.0, 0.0, 1.0], 'priority': None, 'show': True, 'force': False, 'expire': None, 'slide': None, 'tokens': {}, 'action': 'play'}}, 'context': 'show_2', 'calling_context': 1, 'priority': 10, 'show_tokens': {}, 'start_time': 288417.25}
2025-10-19 09:12:08,596 : mpfmc : SlidePlayer: Play called with settings={'press_start': {'widgets': [{'type': 'Text', 'text': 'PRESS START', 'font_size': 12, 'y': '60%', '_default_settings': ['type', 'text', 'font_size', 'y'], 'x': None, 'anchor_x': 'center', 'anchor_y': 'center', 'round_anchor_x': None, 'round_anchor_y': None, 'opacity': 1.0, 'z': 0, 'reset_animations_events': {}, 'color': [1.0, 1.0, 1.0, 1.0], 'style': [], 'adjust_top': 0, 'adjust_bottom': 0, 'adjust_left': 0, 'adjust_right': 0, 'expire': None, 'key': None, 'widget': None, 'events_when_added': [], 'events_when_removed': [], 'bitmap_font': False, 'font_kerning': True, 'bold': False, 'italic': False, 'number_grouping': False, 'min_digits': 0, 'halign': 'center', 'valign': 'middle', 'rotation': 0, 'scale': 1.0, 'casing': None, 'outline_color': [1.0, 1.0, 1.0, 1.0], 'outline_width': 0, 'animations': None}, {'type': 'Text', 'text': '(machine|credits_string)', 'font_size': 10, 'y': '30%', '_default_settings': ['type', 'text', 'font_size', 'y'], 'x': None, 'anchor_x': 'center', 'anchor_y': 'center', 'round_anchor_x': None, 'round_anchor_y': None, 'opacity': 1.0, 'z': 0, 'reset_animations_events': {}, 'color': [1.0, 1.0, 1.0, 1.0], 'style': [], 'adjust_top': 0, 'adjust_bottom': 0, 'adjust_left': 0, 'adjust_right': 0, 'expire': None, 'key': None, 'widget': None, 'events_when_added': [], 'events_when_removed': [], 'bitmap_font': False, 'font_kerning': True, 'bold': False, 'italic': False, 'number_grouping': False, 'min_digits': 0, 'halign': 'center', 'valign': 'middle', 'rotation': 0, 'scale': 1.0, 'casing': None, 'outline_color': [1.0, 1.0, 1.0, 1.0], 'outline_width': 0, 'animations': None}], 'transition': {'type': 'move_in', 'duration': 1.0, 'direction': 'right', 'easing': 'out_quad'}, 'target': None, 'background_color': [0.0, 0.0, 0.0, 1.0], 'priority': None, 'show': True, 'force': False, 'expire': None, 'slide': None, 'tokens': {}, 'action': 'play'}}
2025-10-19 09:12:08,601 : EventManager : Event: ======'slide_press_start_created'====== Args={}
2025-10-19 09:12:08,601 : EventManager : Unordered handler for class <Text Widget text=CREDITS 0> on event machine_var_credits_string with priority 1. Handlers: [RegisteredHandler(callback=<bound method Text._machine_var_change of <Text Widget text=CREDITS 0>>, priority=1, kwargs={}, key=UUID('bb4b4eec-f2f6-482e-a7f3-065e97b5142c'), condition=None, blocking_facility=None), RegisteredHandler(callback=<bound method Text._machine_var_change of <Text Widget text=CREDITS 0>>, priority=1, kwargs={}, key=UUID('d79afebf-3fb9-4938-b900-70b7070dcf02'), condition=None, blocking_facility=None)]. The order of those handlers is not defined and they will be executed in random order. This might lead to race conditions and potential bugs.
2025-10-19 09:12:08,612 : EventManager : Event: ======'slide_press_start_active'====== Args={}
2025-10-19 09:12:11,613 : EventManager : Event: ======'slides_play'====== Args={'settings': {'mission_pinball': {'widgets': [{'type': 'Text', 'text': 'ZUPPA PINBALL', 'font_size': 12, 'y': '75%', '_default_settings': ['type', 'text', 'font_size', 'y'], 'x': None, 'anchor_x': 'center', 'anchor_y': 'center', 'round_anchor_x': None, 'round_anchor_y': None, 'opacity': 1.0, 'z': 0, 'reset_animations_events': {}, 'color': [1.0, 1.0, 1.0, 1.0], 'style': [], 'adjust_top': 0, 'adjust_bottom': 0, 'adjust_left': 0, 'adjust_right': 0, 'expire': None, 'key': None, 'widget': None, 'events_when_added': [], 'events_when_removed': [], 'bitmap_font': False, 'font_kerning': True, 'bold': False, 'italic': False, 'number_grouping': False, 'min_digits': 0, 'halign': 'center', 'valign': 'middle', 'rotation': 0, 'scale': 1.0, 'casing': None, 'outline_color': [1.0, 1.0, 1.0, 1.0], 'outline_width': 0, 'animations': None}, {'type': 'Text', 'text': '2025 ZUPPA ELTRONICS INC.', 'font_size': 8, 'y': '45%', '_default_settings': ['type', 'text', 'font_size', 'y'], 'x': None, 'anchor_x': 'center', 'anchor_y': 'center', 'round_anchor_x': None, 'round_anchor_y': None, 'opacity': 1.0, 'z': 0, 'reset_animations_events': {}, 'color': [1.0, 1.0, 1.0, 1.0], 'style': [], 'adjust_top': 0, 'adjust_bottom': 0, 'adjust_left': 0, 'adjust_right': 0, 'expire': None, 'key': None, 'widget': None, 'events_when_added': [], 'events_when_removed': [], 'bitmap_font': False, 'font_kerning': True, 'bold': False, 'italic': False, 'number_grouping': False, 'min_digits': 0, 'halign': 'center', 'valign': 'middle', 'rotation': 0, 'scale': 1.0, 'casing': None, 'outline_color': [1.0, 1.0, 1.0, 1.0], 'outline_width': 0, 'animations': None}], 'transition': {'type': 'move_in', 'duration': 1.0, 'direction': 'top', 'easing': 'out_quad'}, 'target': None, 'background_color': [0.0, 0.0, 0.0, 1.0], 'priority': None, 'show': True, 'force': False, 'expire': None, 'slide': None, 'tokens': {}, 'action': 'play'}}, 'context': 'show_2', 'calling_context': 2, 'priority': 10, 'show_tokens': {}, 'start_time': 288420.25}
2025-10-19 09:12:11,614 : mpfmc : SlidePlayer: Play called with settings={'mission_pinball': {'widgets': [{'type': 'Text', 'text': 'ZUPPA PINBALL', 'font_size': 12, 'y': '75%', '_default_settings': ['type', 'text', 'font_size', 'y'], 'x': None, 'anchor_x': 'center', 'anchor_y': 'center', 'round_anchor_x': None, 'round_anchor_y': None, 'opacity': 1.0, 'z': 0, 'reset_animations_events': {}, 'color': [1.0, 1.0, 1.0, 1.0], 'style': [], 'adjust_top': 0, 'adjust_bottom': 0, 'adjust_left': 0, 'adjust_right': 0, 'expire': None, 'key': None, 'widget': None, 'events_when_added': [], 'events_when_removed': [], 'bitmap_font': False, 'font_kerning': True, 'bold': False, 'italic': False, 'number_grouping': False, 'min_digits': 0, 'halign': 'center', 'valign': 'middle', 'rotation': 0, 'scale': 1.0, 'casing': None, 'outline_color': [1.0, 1.0, 1.0, 1.0], 'outline_width': 0, 'animations': None}, {'type': 'Text', 'text': '2025 ZUPPA ELTRONICS INC.', 'font_size': 8, 'y': '45%', '_default_settings': ['type', 'text', 'font_size', 'y'], 'x': None, 'anchor_x': 'center', 'anchor_y': 'center', 'round_anchor_x': None, 'round_anchor_y': None, 'opacity': 1.0, 'z': 0, 'reset_animations_events': {}, 'color': [1.0, 1.0, 1.0, 1.0], 'style': [], 'adjust_top': 0, 'adjust_bottom': 0, 'adjust_left': 0, 'adjust_right': 0, 'expire': None, 'key': None, 'widget': None, 'events_when_added': [], 'events_when_removed': [], 'bitmap_font': False, 'font_kerning': True, 'bold': False, 'italic': False, 'number_grouping': False, 'min_digits': 0, 'halign': 'center', 'valign': 'middle', 'rotation': 0, 'scale': 1.0, 'casing': None, 'outline_color': [1.0, 1.0, 1.0, 1.0], 'outline_width': 0, 'animations': None}], 'transition': {'type': 'move_in', 'duration': 1.0, 'direction': 'top', 'easing': 'out_quad'}, 'target': None, 'background_color': [0.0, 0.0, 0.0, 1.0], 'priority': None, 'show': True, 'force': False, 'expire': None, 'slide': None, 'tokens': {}, 'action': 'play'}}
2025-10-19 09:12:11,618 : EventManager : Event: ======'slide_mission_pinball_created'====== Args={}
2025-10-19 09:12:11,628 : EventManager : Event: ======'slide_mission_pinball_active'====== Args={}
2025-10-19 09:12:14,597 : EventManager : Event: ======'slides_play'====== Args={'settings': {'last_game_score_slide': {'widgets': [{'type': 'text', 'text': 'LAST GAME', 'font_size': 10, 'y': '80%', '_default_settings': ['type', 'text', 'font_size', 'y'], 'x': None, 'anchor_x': 'center', 'anchor_y': 'center', 'round_anchor_x': None, 'round_anchor_y': None, 'opacity': 1.0, 'z': 0, 'reset_animations_events': {}, 'color': [1.0, 1.0, 1.0, 1.0], 'style': [], 'adjust_top': 0, 'adjust_bottom': 0, 'adjust_left': 0, 'adjust_right': 0, 'expire': None, 'key': None, 'widget': None, 'events_when_added': [], 'events_when_removed': [], 'bitmap_font': False, 'font_kerning': True, 'bold': False, 'italic': False, 'number_grouping': False, 'min_digits': 0, 'halign': 'center', 'valign': 'middle', 'rotation': 0, 'scale': 1.0, 'casing': None, 'outline_color': [1.0, 1.0, 1.0, 1.0], 'outline_width': 0, 'animations': None}, {'type': 'text', 'text': '(machine|player1_score)', 'font_size': 20, 'number_grouping': True, 'min_digits': 2, 'y': '30%', '_default_settings': ['type', 'text', 'font_size', 'number_grouping', 'min_digits', 'y'], 'x': None, 'anchor_x': 'center', 'anchor_y': 'center', 'round_anchor_x': None, 'round_anchor_y': None, 'opacity': 1.0, 'z': 0, 'reset_animations_events': {}, 'color': [1.0, 1.0, 1.0, 1.0], 'style': [], 'adjust_top': 0, 'adjust_bottom': 0, 'adjust_left': 0, 'adjust_right': 0, 'expire': None, 'key': None, 'widget': None, 'events_when_added': [], 'events_when_removed': [], 'bitmap_font': False, 'font_kerning': True, 'bold': False, 'italic': False, 'halign': 'center', 'valign': 'middle', 'rotation': 0, 'scale': 1.0, 'casing': None, 'outline_color': [1.0, 1.0, 1.0, 1.0], 'outline_width': 0, 'animations': None}], 'target': None, 'background_color': [0.0, 0.0, 0.0, 1.0], 'priority': None, 'show': True, 'force': False, 'expire': None, 'slide': None, 'tokens': {}, 'action': 'play'}}, 'context': 'show_2', 'calling_context': 3, 'priority': 10, 'show_tokens': {}, 'start_time': 288423.25}
2025-10-19 09:12:14,597 : mpfmc : SlidePlayer: Play called with settings={'last_game_score_slide': {'widgets': [{'type': 'text', 'text': 'LAST GAME', 'font_size': 10, 'y': '80%', '_default_settings': ['type', 'text', 'font_size', 'y'], 'x': None, 'anchor_x': 'center', 'anchor_y': 'center', 'round_anchor_x': None, 'round_anchor_y': None, 'opacity': 1.0, 'z': 0, 'reset_animations_events': {}, 'color': [1.0, 1.0, 1.0, 1.0], 'style': [], 'adjust_top': 0, 'adjust_bottom': 0, 'adjust_left': 0, 'adjust_right': 0, 'expire': None, 'key': None, 'widget': None, 'events_when_added': [], 'events_when_removed': [], 'bitmap_font': False, 'font_kerning': True, 'bold': False, 'italic': False, 'number_grouping': False, 'min_digits': 0, 'halign': 'center', 'valign': 'middle', 'rotation': 0, 'scale': 1.0, 'casing': None, 'outline_color': [1.0, 1.0, 1.0, 1.0], 'outline_width': 0, 'animations': None}, {'type': 'text', 'text': '(machine|player1_score)', 'font_size': 20, 'number_grouping': True, 'min_digits': 2, 'y': '30%', '_default_settings': ['type', 'text', 'font_size', 'number_grouping', 'min_digits', 'y'], 'x': None, 'anchor_x': 'center', 'anchor_y': 'center', 'round_anchor_x': None, 'round_anchor_y': None, 'opacity': 1.0, 'z': 0, 'reset_animations_events': {}, 'color': [1.0, 1.0, 1.0, 1.0], 'style': [], 'adjust_top': 0, 'adjust_bottom': 0, 'adjust_left': 0, 'adjust_right': 0, 'expire': None, 'key': None, 'widget': None, 'events_when_added': [], 'events_when_removed': [], 'bitmap_font': False, 'font_kerning': True, 'bold': False, 'italic': False, 'halign': 'center', 'valign': 'middle', 'rotation': 0, 'scale': 1.0, 'casing': None, 'outline_color': [1.0, 1.0, 1.0, 1.0], 'outline_width': 0, 'animations': None}], 'target': None, 'background_color': [0.0, 0.0, 0.0, 1.0], 'priority': None, 'show': True, 'force': False, 'expire': None, 'slide': None, 'tokens': {}, 'action': 'play'}}
2025-10-19 09:12:14,601 : EventManager : Event: ======'slide_last_game_score_slide_created'====== Args={}
2025-10-19 09:12:14,601 : EventManager : Unordered handler for class <Text Widget text=00> on event machine_var_player1_score with priority 1. Handlers: [RegisteredHandler(callback=<bound method Text._machine_var_change of <Text Widget text=00>>, priority=1, kwargs={}, key=UUID('1c55d139-2b7c-45dc-9566-90faba3f1b30'), condition=None, blocking_facility=None), RegisteredHandler(callback=<bound method Text._machine_var_change of <Text Widget text=00>>, priority=1, kwargs={}, key=UUID('ba4b7910-ec6d-49c1-982b-bbda1991beaa'), condition=None, blocking_facility=None)]. The order of those handlers is not defined and they will be executed in random order. This might lead to race conditions and potential bugs.
2025-10-19 09:12:14,612 : EventManager : Event: ======'slide_last_game_score_slide_active'====== Args={}
2025-10-19 09:12:16,713 : EventManager : Event: ======'machine_var_master_volume'====== Args={'value': 0.65, 'prev_value': 0.6, 'change': 0.050000000000000044}
2025-10-19 09:12:16,713 : SoundSystem : Setting master volume to 0.65
2025-10-19 09:12:17,397 : EventManager : Event: ======'machine_var_master_volume'====== Args={'value': 0.7, 'prev_value': 0.65, 'change': 0.04999999999999993}
2025-10-19 09:12:17,397 : SoundSystem : Setting master volume to 0.7
2025-10-19 09:12:17,596 : EventManager : Event: ======'slides_play'====== Args={'settings': {'awesome_slide': {'widgets': [{'type': 'text', 'text': 'TIME TRAVEL', 'font_size': 20, '_default_settings': ['type', 'text', 'font_size'], 'x': None, 'y': None, 'anchor_x': 'center', 'anchor_y': 'center', 'round_anchor_x': None, 'round_anchor_y': None, 'opacity': 1.0, 'z': 0, 'reset_animations_events': {}, 'color': [1.0, 1.0, 1.0, 1.0], 'style': [], 'adjust_top': 0, 'adjust_bottom': 0, 'adjust_left': 0, 'adjust_right': 0, 'expire': None, 'key': None, 'widget': None, 'events_when_added': [], 'events_when_removed': [], 'bitmap_font': False, 'font_kerning': True, 'bold': False, 'italic': False, 'number_grouping': False, 'min_digits': 0, 'halign': 'center', 'valign': 'middle', 'rotation': 0, 'scale': 1.0, 'casing': None, 'outline_color': [1.0, 1.0, 1.0, 1.0], 'outline_width': 0, 'animations': None}], 'transition': {'type': 'push', 'duration': 1.0, 'direction': 'left', 'easing': 'out_quad'}, 'target': None, 'background_color': [0.0, 0.0, 0.0, 1.0], 'priority': None, 'show': True, 'force': False, 'expire': None, 'slide': None, 'tokens': {}, 'action': 'play'}}, 'context': 'show_2', 'calling_context': 0, 'priority': 10, 'show_tokens': {}, 'start_time': 288426.25}
2025-10-19 09:12:17,596 : mpfmc : SlidePlayer: Play called with settings={'awesome_slide': {'widgets': [{'type': 'text', 'text': 'TIME TRAVEL', 'font_size': 20, '_default_settings': ['type', 'text', 'font_size'], 'x': None, 'y': None, 'anchor_x': 'center', 'anchor_y': 'center', 'round_anchor_x': None, 'round_anchor_y': None, 'opacity': 1.0, 'z': 0, 'reset_animations_events': {}, 'color': [1.0, 1.0, 1.0, 1.0], 'style': [], 'adjust_top': 0, 'adjust_bottom': 0, 'adjust_left': 0, 'adjust_right': 0, 'expire': None, 'key': None, 'widget': None, 'events_when_added': [], 'events_when_removed': [], 'bitmap_font': False, 'font_kerning': True, 'bold': False, 'italic': False, 'number_grouping': False, 'min_digits': 0, 'halign': 'center', 'valign': 'middle', 'rotation': 0, 'scale': 1.0, 'casing': None, 'outline_color': [1.0, 1.0, 1.0, 1.0], 'outline_width': 0, 'animations': None}], 'transition': {'type': 'push', 'duration': 1.0, 'direction': 'left', 'easing': 'out_quad'}, 'target': None, 'background_color': [0.0, 0.0, 0.0, 1.0], 'priority': None, 'show': True, 'force': False, 'expire': None, 'slide': None, 'tokens': {}, 'action': 'play'}}
2025-10-19 09:12:17,597 : EventManager : Event: ======'slide_awesome_slide_removed'====== Args={}
2025-10-19 09:12:17,599 : EventManager : Event: ======'slide_awesome_slide_created'====== Args={}
2025-10-19 09:12:17,612 : EventManager : Event: ======'slide_awesome_slide_active'====== Args={}
2025-10-19 09:12:17,947 : EventManager : Event: ======'machine_var_master_volume'====== Args={'value': 0.65, 'prev_value': 0.7, 'change': -0.04999999999999993}
2025-10-19 09:12:17,947 : SoundSystem : Setting master volume to 0.65
2025-10-19 09:12:18,297 : EventManager : Event: ======'machine_var_master_volume'====== Args={'value': 0.6, 'prev_value': 0.65, 'change': -0.050000000000000044}
2025-10-19 09:12:18,297 : SoundSystem : Setting master volume to 0.6
2025-10-19 09:12:20,613 : EventManager : Event: ======'slides_play'====== Args={'settings': {'press_start': {'widgets': [{'type': 'Text', 'text': 'PRESS START', 'font_size': 12, 'y': '60%', '_default_settings': ['type', 'text', 'font_size', 'y'], 'x': None, 'anchor_x': 'center', 'anchor_y': 'center', 'round_anchor_x': None, 'round_anchor_y': None, 'opacity': 1.0, 'z': 0, 'reset_animations_events': {}, 'color': [1.0, 1.0, 1.0, 1.0], 'style': [], 'adjust_top': 0, 'adjust_bottom': 0, 'adjust_left': 0, 'adjust_right': 0, 'expire': None, 'key': None, 'widget': None, 'events_when_added': [], 'events_when_removed': [], 'bitmap_font': False, 'font_kerning': True, 'bold': False, 'italic': False, 'number_grouping': False, 'min_digits': 0, 'halign': 'center', 'valign': 'middle', 'rotation': 0, 'scale': 1.0, 'casing': None, 'outline_color': [1.0, 1.0, 1.0, 1.0], 'outline_width': 0, 'animations': None}, {'type': 'Text', 'text': '(machine|credits_string)', 'font_size': 10, 'y': '30%', '_default_settings': ['type', 'text', 'font_size', 'y'], 'x': None, 'anchor_x': 'center', 'anchor_y': 'center', 'round_anchor_x': None, 'round_anchor_y': None, 'opacity': 1.0, 'z': 0, 'reset_animations_events': {}, 'color': [1.0, 1.0, 1.0, 1.0], 'style': [], 'adjust_top': 0, 'adjust_bottom': 0, 'adjust_left': 0, 'adjust_right': 0, 'expire': None, 'key': None, 'widget': None, 'events_when_added': [], 'events_when_removed': [], 'bitmap_font': False, 'font_kerning': True, 'bold': False, 'italic': False, 'number_grouping': False, 'min_digits': 0, 'halign': 'center', 'valign': 'middle', 'rotation': 0, 'scale': 1.0, 'casing': None, 'outline_color': [1.0, 1.0, 1.0, 1.0], 'outline_width': 0, 'animations': None}], 'transition': {'type': 'move_in', 'duration': 1.0, 'direction': 'right', 'easing': 'out_quad'}, 'target': None, 'background_color': [0.0, 0.0, 0.0, 1.0], 'priority': None, 'show': True, 'force': False, 'expire': None, 'slide': None, 'tokens': {}, 'action': 'play'}}, 'context': 'show_2', 'calling_context': 1, 'priority': 10, 'show_tokens': {}, 'start_time': 288429.25}
2025-10-19 09:12:20,614 : mpfmc : SlidePlayer: Play called with settings={'press_start': {'widgets': [{'type': 'Text', 'text': 'PRESS START', 'font_size': 12, 'y': '60%', '_default_settings': ['type', 'text', 'font_size', 'y'], 'x': None, 'anchor_x': 'center', 'anchor_y': 'center', 'round_anchor_x': None, 'round_anchor_y': None, 'opacity': 1.0, 'z': 0, 'reset_animations_events': {}, 'color': [1.0, 1.0, 1.0, 1.0], 'style': [], 'adjust_top': 0, 'adjust_bottom': 0, 'adjust_left': 0, 'adjust_right': 0, 'expire': None, 'key': None, 'widget': None, 'events_when_added': [], 'events_when_removed': [], 'bitmap_font': False, 'font_kerning': True, 'bold': False, 'italic': False, 'number_grouping': False, 'min_digits': 0, 'halign': 'center', 'valign': 'middle', 'rotation': 0, 'scale': 1.0, 'casing': None, 'outline_color': [1.0, 1.0, 1.0, 1.0], 'outline_width': 0, 'animations': None}, {'type': 'Text', 'text': '(machine|credits_string)', 'font_size': 10, 'y': '30%', '_default_settings': ['type', 'text', 'font_size', 'y'], 'x': None, 'anchor_x': 'center', 'anchor_y': 'center', 'round_anchor_x': None, 'round_anchor_y': None, 'opacity': 1.0, 'z': 0, 'reset_animations_events': {}, 'color': [1.0, 1.0, 1.0, 1.0], 'style': [], 'adjust_top': 0, 'adjust_bottom': 0, 'adjust_left': 0, 'adjust_right': 0, 'expire': None, 'key': None, 'widget': None, 'events_when_added': [], 'events_when_removed': [], 'bitmap_font': False, 'font_kerning': True, 'bold': False, 'italic': False, 'number_grouping': False, 'min_digits': 0, 'halign': 'center', 'valign': 'middle', 'rotation': 0, 'scale': 1.0, 'casing': None, 'outline_color': [1.0, 1.0, 1.0, 1.0], 'outline_width': 0, 'animations': None}], 'transition': {'type': 'move_in', 'duration': 1.0, 'direction': 'right', 'easing': 'out_quad'}, 'target': None, 'background_color': [0.0, 0.0, 0.0, 1.0], 'priority': None, 'show': True, 'force': False, 'expire': None, 'slide': None, 'tokens': {}, 'action': 'play'}}
2025-10-19 09:12:20,614 : EventManager : Event: ======'slide_press_start_removed'====== Args={}
2025-10-19 09:12:20,617 : EventManager : Event: ======'slide_press_start_created'====== Args={}
2025-10-19 09:12:20,618 : EventManager : Unordered handler for class <Text Widget text=CREDITS 0> on event machine_var_credits_string with priority 1. Handlers: [RegisteredHandler(callback=<bound method Text._machine_var_change of <Text Widget text=CREDITS 0>>, priority=1, kwargs={}, key=UUID('a42aa711-ff57-4221-b322-2a10abd3a959'), condition=None, blocking_facility=None), RegisteredHandler(callback=<bound method Text._machine_var_change of <Text Widget text=CREDITS 0>>, priority=1, kwargs={}, key=UUID('fd1cf25a-ec6d-4430-8c7d-6b3d451db435'), condition=None, blocking_facility=None)]. The order of those handlers is not defined and they will be executed in random order. This might lead to race conditions and potential bugs.
2025-10-19 09:12:20,629 : EventManager : Event: ======'slide_press_start_active'====== Args={}
2025-10-19 09:12:21,194 : kivy : Base: Leaving application in progress...
2025-10-19 09:12:21,195 : mpfmc : Stopping...
2025-10-19 09:12:21,195 : EventManager : Event: ======'shutdown'====== Args={}
2025-10-19 09:12:21,195 : AudioInterface : Disabling audio playback
2025-10-19 09:12:21,336 : mpfmc : Loop rate 57.72 Hz
