2025-10-07 16:53:55,604 : kivy : deps: Successfully imported "kivy_deps.gstreamer" 0.3.3
2025-10-07 16:53:55,604 : kivy : deps: Successfully imported "kivy_deps.angle" 0.3.3
2025-10-07 16:53:55,604 : kivy : deps: Successfully imported "kivy_deps.glew" 0.3.1
2025-10-07 16:53:55,604 : kivy : deps: Successfully imported "kivy_deps.sdl2" 0.6.0
2025-10-07 16:53:55,604 : kivy : Kivy: v2.2.1
2025-10-07 16:53:55,604 : kivy : Kivy: Installed at "C:\Users\richa\mpfvirtual4\lib\site-packages\kivy\__init__.py"
2025-10-07 16:53:55,604 : kivy : Python: v3.9.13 (tags/v3.9.13:6de2ca5, May 17 2022, 16:36:42) [MSC v.1929 64 bit (AMD64)]
2025-10-07 16:53:55,604 : kivy : Python: Interpreter at "C:\Users\richa\mpfvirtual4\Scripts\python.exe"
2025-10-07 16:53:55,619 : kivy : Factory: 190 symbols loaded
2025-10-07 16:53:55,821 : kivy : ImageLoaderFFPy: Using ffpyplayer 4.5.0
2025-10-07 16:53:55,821 : kivy : Image: Providers: img_tex, img_dds, img_sdl2, img_pil, img_ffpyplayer 
2025-10-07 16:53:55,983 : kivy : VideoGstplayer: Using Gstreamer 1.18.5.0
2025-10-07 16:53:55,984 : kivy : Video: Provider: gstplayer
2025-10-07 16:53:56,026 : root : Loading MPF-MC controller
2025-10-07 16:53:56,029 : YamlMultifileConfigLoader : Machine config file #1: config
2025-10-07 16:53:56,030 : ConfigProcessor : Loading config from file C:\Users\richa\mpfvirtual4\lib\site-packages\mpfmc\mcconfig.yaml.
2025-10-07 16:53:56,039 : ConfigProcessor : Loading config: C:\Users\richa\mpfvirtual4\lib\site-packages\mpfmc\mcconfig.yaml
2025-10-07 16:53:56,040 : ConfigProcessor : Loading config from file C:\Users\richa\ttp7\config\config.
2025-10-07 16:53:56,041 : ConfigProcessor : Loading config: C:\Users\richa\ttp7\config\config
2025-10-07 16:53:56,043 : ConfigProcessor : Loading config: C:\Users\richa\ttp7\config\config_sounds.yaml
2025-10-07 16:53:56,044 : ConfigProcessor : Loading config: C:\Users\richa\ttp7\config\config_ball_devices.yaml
2025-10-07 16:53:56,046 : ConfigProcessor : Loading config: C:\Users\richa\ttp7\config\config_coils.yaml
2025-10-07 16:53:56,047 : ConfigProcessor : Loading config: C:\Users\richa\ttp7\config\config_flippers.yaml
2025-10-07 16:53:56,050 : ConfigProcessor : Loading config: C:\Users\richa\ttp7\config\config_switches.yaml
2025-10-07 16:53:56,055 : ConfigProcessor : Loading config: C:\Users\richa\ttp7\config\config_lights.yaml
2025-10-07 16:53:56,058 : ConfigProcessor : Config file cache created: C:\Users\richa\AppData\Local\Temp\b8d8c5e8bc023a38ee4d8abbd35c8fd3.mpf_cache
2025-10-07 16:53:56,058 : ConfigProcessor : Loading config from cache: C:\Users\richa\AppData\Local\Temp\70233839fc0b792ce11a62f3c18c1950.mpf_cache
2025-10-07 16:53:56,060 : ConfigProcessor : Loading config from cache: C:\Users\richa\AppData\Local\Temp\9c8dea79ca4d15ee886340e992e8cb9d.mpf_cache
2025-10-07 16:53:56,061 : ConfigProcessor : Loading config from cache: C:\Users\richa\AppData\Local\Temp\67a19b095f918111543419ac0271bfb1.mpf_cache
2025-10-07 16:53:56,062 : mpfmc : Mission Pinball Framework Media Controller (MPF-MC) v0.57.0.dev10. Requires MPF v0.57.0.dev19 or newer.
2025-10-07 16:53:56,062 : mpfmc : Found MPF v0.57.0.dev39
2025-10-07 16:53:56,062 : mpfmc : Machine path: C:\Users\richa\ttp7
2025-10-07 16:53:56,062 : mpfmc : Starting clock at 60.0Hz
2025-10-07 16:53:56,080 : kivy : Text: Provider: sdl2
2025-10-07 16:53:56,130 : kivy : Window: Provider: sdl2
2025-10-07 16:53:56,585 : kivy : GL: Using the "OpenGL" graphics system
2025-10-07 16:53:56,597 : kivy : GL: GLEW initialization succeeded
2025-10-07 16:53:56,598 : kivy : GL: Backend used <glew>
2025-10-07 16:53:56,598 : kivy : GL: OpenGL version <b'4.6.0 NVIDIA 560.94'>
2025-10-07 16:53:56,598 : kivy : GL: OpenGL vendor <b'NVIDIA Corporation'>
2025-10-07 16:53:56,598 : kivy : GL: OpenGL renderer <b'NVIDIA GeForce RTX 3050/PCIe/SSE2'>
2025-10-07 16:53:56,598 : kivy : GL: OpenGL parsed version: 4, 6
2025-10-07 16:53:56,598 : kivy : GL: Shading version <b'4.60 NVIDIA'>
2025-10-07 16:53:56,598 : kivy : GL: Texture max size <32768>
2025-10-07 16:53:56,598 : kivy : GL: Texture max units <32>
2025-10-07 16:53:56,622 : kivy : Window: auto add sdl2 input provider
2025-10-07 16:53:56,623 : kivy : Window: virtual keyboard not allowed, single mode, not docked
2025-10-07 16:53:57,029 : AudioInterface : Initialized
2025-10-07 16:53:57,029 : AudioInterface : Loaded SDL 2.26.4
2025-10-07 16:53:57,029 : AudioInterface : Loaded SDL_Mixer 2.6.3
2025-10-07 16:53:57,029 : AudioInterface : Loaded GStreamer 1.18.5.0
2025-10-07 16:53:57,030 : AudioInterface : Loaded GLib 2.62.6
2025-10-07 16:53:57,030 : AudioInterface : Settings requested - rate: 44100, channels: 1, buffer: 2048 samples
2025-10-07 16:53:57,030 : AudioInterface : Settings in use - rate: 44100, channels: 1, buffer: 2048 samples (4096 bytes @ 2 bytes per sample)
2025-10-07 16:53:57,030 : SoundSystem : Setting master volume to 0.0
2025-10-07 16:53:57,030 : AudioInterface : Enabling audio playback
2025-10-07 16:53:57,032 : kivy : Base: Start application main loop
2025-10-07 16:53:57,032 : EventManager : Event: ======'display_window_initialized'====== Args={}
2025-10-07 16:53:57,045 : mpfmc : Display: Setting 'window' as default display
2025-10-07 16:53:57,052 : EventManager : Event: ======'displays_initialized'====== Args={}
2025-10-07 16:53:57,053 : EventManager : Event: ======'slide_window_blank_created'====== Args={}
2025-10-07 16:53:57,053 : EventManager : Event: ======'display_window_ready'====== Args={}
2025-10-07 16:53:57,064 : EventManager : Event: ======'init_phase_1'====== Args={}
2025-10-07 16:53:57,067 : EventManager : Event: ======'mc_ready'====== Args={}
2025-10-07 16:53:57,067 : EventManager : Event: ======'init_phase_2'====== Args={}
2025-10-07 16:53:57,070 : EventManager : Event: ======'init_phase_3'====== Args={}
2025-10-07 16:53:57,071 : EventManager : Event: ======'init_phase_4'====== Args={}
2025-10-07 16:53:57,071 : EventManager : Event: ======'init_phase_5'====== Args={}
2025-10-07 16:53:57,071 : EventManager : Event: ======'init_done'====== Args={}
2025-10-07 16:53:57,072 : MPF-MC BCP Server : Starting up on localhost port 5050
2025-10-07 16:53:57,075 : MPF-MC BCP Server : Waiting for a connection...
2025-10-07 16:53:57,080 : EventManager : Event: ======'client_disconnected'====== Args={'host': '127.0.0.1', 'port': 5050}
2025-10-07 16:53:57,999 : MPF-MC BCP Server : Received connection from: 127.0.0.1:55351
2025-10-07 16:53:58,007 : EventManager : Event: ======'client_connected'====== Args={'host': '127.0.0.1', 'port': 55351}
2025-10-07 16:53:58,354 : EventManager : Event: ======'machine_var_credits_string'====== Args={'value': 'FREE PLAY', 'prev_value': None, 'change': True}
2025-10-07 16:53:58,354 : EventManager : Event: ======'machine_var_master_volume'====== Args={'value': 0.5, 'prev_value': None, 'change': True}
2025-10-07 16:53:58,354 : EventManager : Event: ======'machine_var_player1_score'====== Args={'value': 16942, 'prev_value': None, 'change': True}
2025-10-07 16:53:58,354 : EventManager : Event: ======'machine_var_mpf_version'====== Args={'value': 'Mission Pinball Framework v0.57.0.dev39', 'prev_value': None, 'change': True}
2025-10-07 16:53:58,354 : EventManager : Event: ======'machine_var_mpf_extended_version'====== Args={'value': 'Mission Pinball Framework v0.57.0.dev39, Config version:6, Show version: 6, BCP version:1.1', 'prev_value': None, 'change': True}
2025-10-07 16:53:58,354 : EventManager : Event: ======'machine_var_python_version'====== Args={'value': '3.9.13', 'prev_value': None, 'change': True}
2025-10-07 16:53:58,355 : EventManager : Event: ======'machine_var_platform'====== Args={'value': 'Windows-10-10.0.19045-SP0', 'prev_value': None, 'change': True}
2025-10-07 16:53:58,355 : EventManager : Event: ======'machine_var_platform_system'====== Args={'value': 'Windows', 'prev_value': None, 'change': True}
2025-10-07 16:53:58,355 : EventManager : Event: ======'machine_var_platform_release'====== Args={'value': '10', 'prev_value': None, 'change': True}
2025-10-07 16:53:58,355 : EventManager : Event: ======'machine_var_platform_version'====== Args={'value': '10.0.19045', 'prev_value': None, 'change': True}
2025-10-07 16:53:58,355 : EventManager : Event: ======'machine_var_platform_machine'====== Args={'value': 'AMD64', 'prev_value': None, 'change': True}
2025-10-07 16:53:58,355 : EventManager : Event: ======'machine_var_mc_version'====== Args={'value': 'MPF-MC v0.57.0.dev10', 'prev_value': None, 'change': True}
2025-10-07 16:53:58,355 : EventManager : Event: ======'machine_var_mc_extended_version'====== Args={'value': 'MPF-MC v0.57.0.dev10 (config_version=6, BCP v1.1,                      Requires MPF API compatibility v0.57.0.dev19 or newer)', 'prev_value': None, 'change': True}
2025-10-07 16:53:58,355 : EventManager : Event: ======'machine_var_credits_string'====== Args={'value': 'FREE PLAY', 'prev_value': None, 'change': True}
2025-10-07 16:53:58,355 : EventManager : Event: ======'machine_var_master_volume'====== Args={'value': 0.5, 'prev_value': None, 'change': True}
2025-10-07 16:53:58,355 : EventManager : Event: ======'machine_var_player1_score'====== Args={'value': 16942, 'prev_value': None, 'change': True}
2025-10-07 16:53:58,356 : EventManager : Event: ======'machine_var_mpf_version'====== Args={'value': 'Mission Pinball Framework v0.57.0.dev39', 'prev_value': None, 'change': True}
2025-10-07 16:53:58,356 : EventManager : Event: ======'machine_var_mpf_extended_version'====== Args={'value': 'Mission Pinball Framework v0.57.0.dev39, Config version:6, Show version: 6, BCP version:1.1', 'prev_value': None, 'change': True}
2025-10-07 16:53:58,356 : EventManager : Event: ======'machine_var_python_version'====== Args={'value': '3.9.13', 'prev_value': None, 'change': True}
2025-10-07 16:53:58,356 : EventManager : Event: ======'machine_var_platform'====== Args={'value': 'Windows-10-10.0.19045-SP0', 'prev_value': None, 'change': True}
2025-10-07 16:53:58,356 : EventManager : Event: ======'machine_var_platform_system'====== Args={'value': 'Windows', 'prev_value': None, 'change': True}
2025-10-07 16:53:58,356 : EventManager : Event: ======'machine_var_platform_release'====== Args={'value': '10', 'prev_value': None, 'change': True}
2025-10-07 16:53:58,356 : EventManager : Event: ======'machine_var_platform_version'====== Args={'value': '10.0.19045', 'prev_value': None, 'change': True}
2025-10-07 16:53:58,356 : EventManager : Event: ======'machine_var_platform_machine'====== Args={'value': 'AMD64', 'prev_value': None, 'change': True}
2025-10-07 16:53:58,356 : EventManager : Event: ======'machine_var_mc_version'====== Args={'value': 'MPF-MC v0.57.0.dev10', 'prev_value': None, 'change': True}
2025-10-07 16:53:58,356 : EventManager : Event: ======'machine_var_mc_extended_version'====== Args={'value': 'MPF-MC v0.57.0.dev10 (config_version=6, BCP v1.1,                      Requires MPF API compatibility v0.57.0.dev19 or newer)', 'prev_value': None, 'change': True}
2025-10-07 16:53:58,356 : EventManager : Event: ======'machine_var_credits_string'====== Args={'value': 'FREE PLAY', 'prev_value': None, 'change': True}
2025-10-07 16:53:58,357 : EventManager : Event: ======'machine_var_master_volume'====== Args={'value': 0.5, 'prev_value': None, 'change': True}
2025-10-07 16:53:58,357 : EventManager : Event: ======'machine_var_player1_score'====== Args={'value': 16942, 'prev_value': None, 'change': True}
2025-10-07 16:53:58,357 : EventManager : Event: ======'machine_var_mpf_version'====== Args={'value': 'Mission Pinball Framework v0.57.0.dev39', 'prev_value': None, 'change': True}
2025-10-07 16:53:58,357 : EventManager : Event: ======'machine_var_mpf_extended_version'====== Args={'value': 'Mission Pinball Framework v0.57.0.dev39, Config version:6, Show version: 6, BCP version:1.1', 'prev_value': None, 'change': True}
2025-10-07 16:53:58,357 : EventManager : Event: ======'machine_var_python_version'====== Args={'value': '3.9.13', 'prev_value': None, 'change': True}
2025-10-07 16:53:58,357 : EventManager : Event: ======'machine_var_platform'====== Args={'value': 'Windows-10-10.0.19045-SP0', 'prev_value': None, 'change': True}
2025-10-07 16:53:58,357 : EventManager : Event: ======'machine_var_platform_system'====== Args={'value': 'Windows', 'prev_value': None, 'change': True}
2025-10-07 16:53:58,357 : EventManager : Event: ======'machine_var_platform_release'====== Args={'value': '10', 'prev_value': None, 'change': True}
2025-10-07 16:53:58,357 : EventManager : Event: ======'machine_var_platform_version'====== Args={'value': '10.0.19045', 'prev_value': None, 'change': True}
2025-10-07 16:53:58,357 : EventManager : Event: ======'machine_var_platform_machine'====== Args={'value': 'AMD64', 'prev_value': None, 'change': True}
2025-10-07 16:53:58,357 : EventManager : Event: ======'machine_var_mc_version'====== Args={'value': 'MPF-MC v0.57.0.dev10', 'prev_value': None, 'change': True}
2025-10-07 16:53:58,357 : EventManager : Event: ======'machine_var_mc_extended_version'====== Args={'value': 'MPF-MC v0.57.0.dev10 (config_version=6, BCP v1.1,                      Requires MPF API compatibility v0.57.0.dev19 or newer)', 'prev_value': None, 'change': True}
2025-10-07 16:53:58,358 : EventManager : Event: ======'machine_var_credits_string'====== Args={'value': 'FREE PLAY', 'prev_value': None, 'change': True}
2025-10-07 16:53:58,358 : EventManager : Event: ======'machine_var_master_volume'====== Args={'value': 0.5, 'prev_value': None, 'change': True}
2025-10-07 16:53:58,358 : EventManager : Event: ======'machine_var_player1_score'====== Args={'value': 16942, 'prev_value': None, 'change': True}
2025-10-07 16:53:58,358 : EventManager : Event: ======'machine_var_mpf_version'====== Args={'value': 'Mission Pinball Framework v0.57.0.dev39', 'prev_value': None, 'change': True}
2025-10-07 16:53:58,358 : EventManager : Event: ======'machine_var_mpf_extended_version'====== Args={'value': 'Mission Pinball Framework v0.57.0.dev39, Config version:6, Show version: 6, BCP version:1.1', 'prev_value': None, 'change': True}
2025-10-07 16:53:58,358 : EventManager : Event: ======'machine_var_python_version'====== Args={'value': '3.9.13', 'prev_value': None, 'change': True}
2025-10-07 16:53:58,358 : EventManager : Event: ======'machine_var_platform'====== Args={'value': 'Windows-10-10.0.19045-SP0', 'prev_value': None, 'change': True}
2025-10-07 16:53:58,358 : EventManager : Event: ======'machine_var_platform_system'====== Args={'value': 'Windows', 'prev_value': None, 'change': True}
2025-10-07 16:53:58,358 : EventManager : Event: ======'machine_var_platform_release'====== Args={'value': '10', 'prev_value': None, 'change': True}
2025-10-07 16:53:58,358 : EventManager : Event: ======'machine_var_platform_version'====== Args={'value': '10.0.19045', 'prev_value': None, 'change': True}
2025-10-07 16:53:58,358 : EventManager : Event: ======'machine_var_platform_machine'====== Args={'value': 'AMD64', 'prev_value': None, 'change': True}
2025-10-07 16:53:58,358 : EventManager : Event: ======'machine_var_mc_version'====== Args={'value': 'MPF-MC v0.57.0.dev10', 'prev_value': None, 'change': True}
2025-10-07 16:53:58,358 : EventManager : Event: ======'machine_var_mc_extended_version'====== Args={'value': 'MPF-MC v0.57.0.dev10 (config_version=6, BCP v1.1,                      Requires MPF API compatibility v0.57.0.dev19 or newer)', 'prev_value': None, 'change': True}
2025-10-07 16:53:58,359 : SoundSystem : Setting master volume to 0.5
2025-10-07 16:53:58,359 : SoundSystem : Setting master volume to 0.5
2025-10-07 16:53:58,359 : SoundSystem : Setting master volume to 0.5
2025-10-07 16:53:58,359 : SoundSystem : Setting master volume to 0.5
2025-10-07 16:53:58,445 : EventManager : Event: ======'machine_var_audits_events_game_ended'====== Args={'value': 34, 'prev_value': None, 'change': True}
2025-10-07 16:53:58,457 : EventManager : Event: ======'machine_var_audits_events_game_started'====== Args={'value': 134, 'prev_value': None, 'change': True}
2025-10-07 16:53:58,457 : EventManager : Event: ======'machine_var_audits_missing_switches_s_A'====== Args={'value': 62, 'prev_value': None, 'change': True}
2025-10-07 16:53:58,457 : EventManager : Event: ======'machine_var_audits_missing_switches_s_E'====== Args={'value': 62, 'prev_value': None, 'change': True}
2025-10-07 16:53:58,457 : EventManager : Event: ======'machine_var_audits_missing_switches_s_Eb'====== Args={'value': 62, 'prev_value': None, 'change': True}
2025-10-07 16:53:58,457 : EventManager : Event: ======'machine_var_audits_missing_switches_s_I'====== Args={'value': 62, 'prev_value': None, 'change': True}
2025-10-07 16:53:58,457 : EventManager : Event: ======'machine_var_audits_missing_switches_s_L'====== Args={'value': 62, 'prev_value': None, 'change': True}
2025-10-07 16:53:58,457 : EventManager : Event: ======'machine_var_audits_missing_switches_s_M'====== Args={'value': 62, 'prev_value': None, 'change': True}
2025-10-07 16:53:58,457 : EventManager : Event: ======'machine_var_audits_missing_switches_s_R'====== Args={'value': 62, 'prev_value': None, 'change': True}
2025-10-07 16:53:58,457 : EventManager : Event: ======'machine_var_audits_missing_switches_s_T'====== Args={'value': 62, 'prev_value': None, 'change': True}
2025-10-07 16:53:58,457 : EventManager : Event: ======'machine_var_audits_missing_switches_s_Tb'====== Args={'value': 62, 'prev_value': None, 'change': True}
2025-10-07 16:53:58,457 : EventManager : Event: ======'machine_var_audits_missing_switches_s_V'====== Args={'value': 62, 'prev_value': None, 'change': True}
2025-10-07 16:53:58,457 : EventManager : Event: ======'machine_var_audits_missing_switches_s_bumper1'====== Args={'value': 1, 'prev_value': None, 'change': True}
2025-10-07 16:53:58,458 : EventManager : Event: ======'machine_var_audits_missing_switches_s_bumper2'====== Args={'value': 1, 'prev_value': None, 'change': True}
2025-10-07 16:53:58,458 : EventManager : Event: ======'machine_var_audits_missing_switches_s_bumper_1'====== Args={'value': 28, 'prev_value': None, 'change': True}
2025-10-07 16:53:58,458 : EventManager : Event: ======'machine_var_audits_missing_switches_s_bumper_2'====== Args={'value': 28, 'prev_value': None, 'change': True}
2025-10-07 16:53:58,458 : EventManager : Event: ======'machine_var_audits_missing_switches_s_center_center_target'====== Args={'value': 60, 'prev_value': None, 'change': True}
2025-10-07 16:53:58,458 : EventManager : Event: ======'machine_var_audits_missing_switches_s_launcher_lane_spinner'====== Args={'value': 60, 'prev_value': None, 'change': True}
2025-10-07 16:53:58,458 : EventManager : Event: ======'machine_var_audits_missing_switches_s_left_center_target'====== Args={'value': 60, 'prev_value': None, 'change': True}
2025-10-07 16:53:58,458 : EventManager : Event: ======'machine_var_audits_missing_switches_s_left_corridor_spinner'====== Args={'value': 60, 'prev_value': None, 'change': True}
2025-10-07 16:53:58,458 : EventManager : Event: ======'machine_var_audits_missing_switches_s_left_corridor_spinner2'====== Args={'value': 60, 'prev_value': None, 'change': True}
2025-10-07 16:53:58,458 : EventManager : Event: ======'machine_var_audits_missing_switches_s_left_flipper'====== Args={'value': 7, 'prev_value': None, 'change': True}
2025-10-07 16:53:58,458 : EventManager : Event: ======'machine_var_audits_missing_switches_s_left_inlane'====== Args={'value': 87, 'prev_value': None, 'change': True}
2025-10-07 16:53:58,458 : EventManager : Event: ======'machine_var_audits_missing_switches_s_left_outlane'====== Args={'value': 97, 'prev_value': None, 'change': True}
2025-10-07 16:53:58,458 : EventManager : Event: ======'machine_var_audits_missing_switches_s_left_standup'====== Args={'value': 59, 'prev_value': None, 'change': True}
2025-10-07 16:53:58,458 : EventManager : Event: ======'machine_var_audits_missing_switches_s_right_center_target'====== Args={'value': 60, 'prev_value': None, 'change': True}
2025-10-07 16:53:58,458 : EventManager : Event: ======'machine_var_audits_missing_switches_s_right_corridor_spinner'====== Args={'value': 60, 'prev_value': None, 'change': True}
2025-10-07 16:53:58,458 : EventManager : Event: ======'machine_var_audits_missing_switches_s_right_flipper'====== Args={'value': 7, 'prev_value': None, 'change': True}
2025-10-07 16:53:58,458 : EventManager : Event: ======'machine_var_audits_missing_switches_s_right_outlane'====== Args={'value': 97, 'prev_value': None, 'change': True}
2025-10-07 16:53:58,458 : EventManager : Event: ======'machine_var_audits_missing_switches_s_right_scoop'====== Args={'value': 1, 'prev_value': None, 'change': True}
2025-10-07 16:53:58,459 : EventManager : Event: ======'machine_var_audits_missing_switches_s_right_standup'====== Args={'value': 59, 'prev_value': None, 'change': True}
2025-10-07 16:53:58,459 : EventManager : Event: ======'machine_var_audits_missing_switches_s_sling_left'====== Args={'value': 87, 'prev_value': None, 'change': True}
2025-10-07 16:53:58,459 : EventManager : Event: ======'machine_var_audits_missing_switches_s_sling_right'====== Args={'value': 101, 'prev_value': None, 'change': True}
2025-10-07 16:53:58,459 : EventManager : Event: ======'machine_var_audits_missing_switches_s_start'====== Args={'value': 13, 'prev_value': None, 'change': True}
2025-10-07 16:53:58,459 : EventManager : Event: ======'machine_var_audits_missing_switches_s_top_left_standup'====== Args={'value': 59, 'prev_value': None, 'change': True}
2025-10-07 16:53:58,459 : EventManager : Event: ======'machine_var_audits_missing_switches_s_trough2'====== Args={'value': 134, 'prev_value': None, 'change': True}
2025-10-07 16:53:58,459 : EventManager : Event: ======'machine_var_audits_missing_switches_s_trough3'====== Args={'value': 134, 'prev_value': None, 'change': True}
2025-10-07 16:53:58,459 : EventManager : Event: ======'machine_var_audits_missing_switches_s_trough4'====== Args={'value': 134, 'prev_value': None, 'change': True}
2025-10-07 16:53:58,459 : EventManager : Event: ======'machine_var_audits_missing_switches_s_trough5'====== Args={'value': 134, 'prev_value': None, 'change': True}
2025-10-07 16:53:58,460 : EventManager : Event: ======'machine_var_audits_missing_switches_s_trough6'====== Args={'value': 134, 'prev_value': None, 'change': True}
2025-10-07 16:53:58,460 : EventManager : Event: ======'machine_var_audits_missing_switches_s_trough_jam'====== Args={'value': 134, 'prev_value': None, 'change': True}
2025-10-07 16:53:58,460 : EventManager : Event: ======'machine_var_audits_player_score'====== Args={'value': {'average': 11783, 'top': [28284, 28200, 25272, 22800, 22400, 17500, 17350, 17242, 16942, 16800], 'total': 36}, 'prev_value': None, 'change': True}
2025-10-07 16:53:58,460 : EventManager : Event: ======'machine_var_audits_shots_bumper1_shot'====== Args={'value': 28, 'prev_value': None, 'change': True}
2025-10-07 16:53:58,460 : EventManager : Event: ======'machine_var_audits_shots_bumper2_shot'====== Args={'value': 17, 'prev_value': None, 'change': True}
2025-10-07 16:53:58,461 : EventManager : Event: ======'machine_var_audits_shots_center_rollover'====== Args={'value': 7, 'prev_value': None, 'change': True}
2025-10-07 16:53:58,461 : EventManager : Event: ======'machine_var_audits_shots_center_rollover_shot'====== Args={'value': 165, 'prev_value': None, 'change': True}
2025-10-07 16:53:58,461 : EventManager : Event: ======'machine_var_audits_shots_left_rollover'====== Args={'value': 6, 'prev_value': None, 'change': True}
2025-10-07 16:53:58,461 : EventManager : Event: ======'machine_var_audits_shots_left_rollover_shot'====== Args={'value': 108, 'prev_value': None, 'change': True}
2025-10-07 16:53:58,461 : EventManager : Event: ======'machine_var_audits_shots_left_scoop_shot'====== Args={'value': 28, 'prev_value': None, 'change': True}
2025-10-07 16:53:58,461 : EventManager : Event: ======'machine_var_audits_shots_middle_inlane_shot'====== Args={'value': 20, 'prev_value': None, 'change': True}
2025-10-07 16:53:58,461 : EventManager : Event: ======'machine_var_audits_shots_my_first_shot'====== Args={'value': 95, 'prev_value': None, 'change': True}
2025-10-07 16:53:58,461 : EventManager : Event: ======'machine_var_audits_shots_right_inlane_shot'====== Args={'value': 37, 'prev_value': None, 'change': True}
2025-10-07 16:53:58,461 : EventManager : Event: ======'machine_var_audits_shots_right_rollover'====== Args={'value': 7, 'prev_value': None, 'change': True}
2025-10-07 16:53:58,461 : EventManager : Event: ======'machine_var_audits_shots_right_rollover_shot'====== Args={'value': 159, 'prev_value': None, 'change': True}
2025-10-07 16:53:58,461 : EventManager : Event: ======'machine_var_audits_shots_right_scoop_shot'====== Args={'value': 21, 'prev_value': None, 'change': True}
2025-10-07 16:53:58,461 : EventManager : Event: ======'machine_var_audits_shots_top_middle_inlane_shot'====== Args={'value': 41, 'prev_value': None, 'change': True}
2025-10-07 16:53:58,462 : EventManager : Event: ======'machine_var_audits_switches_s_A'====== Args={'value': 0, 'prev_value': None, 'change': True}
2025-10-07 16:53:58,462 : EventManager : Event: ======'machine_var_audits_switches_s_E'====== Args={'value': 0, 'prev_value': None, 'change': True}
2025-10-07 16:53:58,462 : EventManager : Event: ======'machine_var_audits_switches_s_Eb'====== Args={'value': 0, 'prev_value': None, 'change': True}
2025-10-07 16:53:58,462 : EventManager : Event: ======'machine_var_audits_switches_s_I'====== Args={'value': 0, 'prev_value': None, 'change': True}
2025-10-07 16:53:58,462 : EventManager : Event: ======'machine_var_audits_switches_s_L'====== Args={'value': 0, 'prev_value': None, 'change': True}
2025-10-07 16:53:58,462 : EventManager : Event: ======'machine_var_audits_switches_s_M'====== Args={'value': 0, 'prev_value': None, 'change': True}
2025-10-07 16:53:58,462 : EventManager : Event: ======'machine_var_audits_switches_s_R'====== Args={'value': 0, 'prev_value': None, 'change': True}
2025-10-07 16:53:58,462 : EventManager : Event: ======'machine_var_audits_switches_s_T'====== Args={'value': 0, 'prev_value': None, 'change': True}
2025-10-07 16:53:58,462 : EventManager : Event: ======'machine_var_audits_switches_s_Tb'====== Args={'value': 0, 'prev_value': None, 'change': True}
2025-10-07 16:53:58,462 : EventManager : Event: ======'machine_var_audits_switches_s_V'====== Args={'value': 0, 'prev_value': None, 'change': True}
2025-10-07 16:53:58,462 : EventManager : Event: ======'machine_var_audits_switches_s_bumper1'====== Args={'value': 28, 'prev_value': None, 'change': True}
2025-10-07 16:53:58,462 : EventManager : Event: ======'machine_var_audits_switches_s_bumper2'====== Args={'value': 17, 'prev_value': None, 'change': True}
2025-10-07 16:53:58,462 : EventManager : Event: ======'machine_var_audits_switches_s_bumper_1'====== Args={'value': 0, 'prev_value': None, 'change': True}
2025-10-07 16:53:58,463 : EventManager : Event: ======'machine_var_audits_switches_s_bumper_2'====== Args={'value': 0, 'prev_value': None, 'change': True}
2025-10-07 16:53:58,463 : EventManager : Event: ======'machine_var_audits_switches_s_center_center_target'====== Args={'value': 0, 'prev_value': None, 'change': True}
2025-10-07 16:53:58,463 : EventManager : Event: ======'machine_var_audits_switches_s_center_rollover'====== Args={'value': 172, 'prev_value': None, 'change': True}
2025-10-07 16:53:58,463 : EventManager : Event: ======'machine_var_audits_switches_s_launcher_lane_spinner'====== Args={'value': 0, 'prev_value': None, 'change': True}
2025-10-07 16:53:58,463 : EventManager : Event: ======'machine_var_audits_switches_s_left_center_target'====== Args={'value': 0, 'prev_value': None, 'change': True}
2025-10-07 16:53:58,463 : EventManager : Event: ======'machine_var_audits_switches_s_left_corridor_spinner'====== Args={'value': 0, 'prev_value': None, 'change': True}
2025-10-07 16:53:58,463 : EventManager : Event: ======'machine_var_audits_switches_s_left_corridor_spinner2'====== Args={'value': 0, 'prev_value': None, 'change': True}
2025-10-07 16:53:58,463 : EventManager : Event: ======'machine_var_audits_switches_s_left_flipper'====== Args={'value': 328, 'prev_value': None, 'change': True}
2025-10-07 16:53:58,463 : EventManager : Event: ======'machine_var_audits_switches_s_left_inlane'====== Args={'value': 8, 'prev_value': None, 'change': True}
2025-10-07 16:53:58,463 : EventManager : Event: ======'machine_var_audits_switches_s_left_outlane'====== Args={'value': 3, 'prev_value': None, 'change': True}
2025-10-07 16:53:58,463 : EventManager : Event: ======'machine_var_audits_switches_s_left_rollover'====== Args={'value': 114, 'prev_value': None, 'change': True}
2025-10-07 16:53:58,463 : EventManager : Event: ======'machine_var_audits_switches_s_left_scoop'====== Args={'value': 182, 'prev_value': None, 'change': True}
2025-10-07 16:53:58,463 : EventManager : Event: ======'machine_var_audits_switches_s_left_standup'====== Args={'value': 0, 'prev_value': None, 'change': True}
2025-10-07 16:53:58,463 : EventManager : Event: ======'machine_var_audits_switches_s_middle_inlane'====== Args={'value': 20, 'prev_value': None, 'change': True}
2025-10-07 16:53:58,464 : EventManager : Event: ======'machine_var_audits_switches_s_plunger'====== Args={'value': 250, 'prev_value': None, 'change': True}
2025-10-07 16:53:58,464 : EventManager : Event: ======'machine_var_audits_switches_s_right_center_target'====== Args={'value': 0, 'prev_value': None, 'change': True}
2025-10-07 16:53:58,464 : EventManager : Event: ======'machine_var_audits_switches_s_right_corridor_spinner'====== Args={'value': 0, 'prev_value': None, 'change': True}
2025-10-07 16:53:58,464 : EventManager : Event: ======'machine_var_audits_switches_s_right_flipper'====== Args={'value': 145, 'prev_value': None, 'change': True}
2025-10-07 16:53:58,464 : EventManager : Event: ======'machine_var_audits_switches_s_right_inlane'====== Args={'value': 164, 'prev_value': None, 'change': True}
2025-10-07 16:53:58,464 : EventManager : Event: ======'machine_var_audits_switches_s_right_outlane'====== Args={'value': 3, 'prev_value': None, 'change': True}
2025-10-07 16:53:58,464 : EventManager : Event: ======'machine_var_audits_switches_s_right_rollover'====== Args={'value': 166, 'prev_value': None, 'change': True}
2025-10-07 16:53:58,464 : EventManager : Event: ======'machine_var_audits_switches_s_right_scoop'====== Args={'value': 35, 'prev_value': None, 'change': True}
2025-10-07 16:53:58,464 : EventManager : Event: ======'machine_var_audits_switches_s_right_standup'====== Args={'value': 0, 'prev_value': None, 'change': True}
2025-10-07 16:53:58,464 : EventManager : Event: ======'machine_var_audits_switches_s_sling_left'====== Args={'value': 3, 'prev_value': None, 'change': True}
2025-10-07 16:53:58,464 : EventManager : Event: ======'machine_var_audits_switches_s_sling_right'====== Args={'value': 1, 'prev_value': None, 'change': True}
2025-10-07 16:53:58,464 : EventManager : Event: ======'machine_var_audits_switches_s_start'====== Args={'value': 15, 'prev_value': None, 'change': True}
2025-10-07 16:53:58,464 : EventManager : Event: ======'machine_var_audits_switches_s_top_left_standup'====== Args={'value': 0, 'prev_value': None, 'change': True}
2025-10-07 16:53:58,465 : EventManager : Event: ======'machine_var_audits_switches_s_top_left_standup2'====== Args={'value': 15, 'prev_value': None, 'change': True}
2025-10-07 16:53:58,465 : EventManager : Event: ======'machine_var_audits_switches_s_top_middle_inlane'====== Args={'value': 41, 'prev_value': None, 'change': True}
2025-10-07 16:53:58,465 : EventManager : Event: ======'machine_var_audits_switches_s_trough1'====== Args={'value': 164, 'prev_value': None, 'change': True}
2025-10-07 16:53:58,465 : EventManager : Event: ======'machine_var_audits_switches_s_trough2'====== Args={'value': 0, 'prev_value': None, 'change': True}
2025-10-07 16:53:58,465 : EventManager : Event: ======'machine_var_audits_switches_s_trough3'====== Args={'value': 0, 'prev_value': None, 'change': True}
2025-10-07 16:53:58,465 : EventManager : Event: ======'machine_var_audits_switches_s_trough4'====== Args={'value': 0, 'prev_value': None, 'change': True}
2025-10-07 16:53:58,465 : EventManager : Event: ======'machine_var_audits_switches_s_trough5'====== Args={'value': 0, 'prev_value': None, 'change': True}
2025-10-07 16:53:58,465 : EventManager : Event: ======'machine_var_audits_switches_s_trough6'====== Args={'value': 0, 'prev_value': None, 'change': True}
2025-10-07 16:53:58,465 : EventManager : Event: ======'machine_var_audits_switches_s_trough_jam'====== Args={'value': 0, 'prev_value': None, 'change': True}
2025-10-07 16:53:58,505 : EventManager : Event: ======'mc_reset_phase_1'====== Args={}
2025-10-07 16:53:58,505 : EventManager : Event: ======'mc_reset_phase_2'====== Args={}
2025-10-07 16:53:58,505 : EventManager : Event: ======'mc_reset_phase_3'====== Args={}
2025-10-07 16:53:58,505 : EventManager : Event: ======'mc_reset_complete'====== Args={}
2025-10-07 16:53:58,517 : EventManager : Event: ======'slides_play'====== Args={'settings': {'awesome_slide': {'widgets': [{'type': 'text', 'text': 'TIME TRAVEL 1985', 'font_size': 50, '_default_settings': ['type', 'text', 'font_size'], 'x': None, 'y': None, 'anchor_x': 'center', 'anchor_y': 'center', 'round_anchor_x': None, 'round_anchor_y': None, 'opacity': 1.0, 'z': 0, 'reset_animations_events': {}, 'color': [1.0, 1.0, 1.0, 1.0], 'style': [], 'adjust_top': 0, 'adjust_bottom': 0, 'adjust_left': 0, 'adjust_right': 0, 'expire': None, 'key': None, 'widget': None, 'events_when_added': [], 'events_when_removed': [], 'bitmap_font': False, 'font_kerning': True, 'bold': False, 'italic': False, 'number_grouping': False, 'min_digits': 0, 'halign': 'center', 'valign': 'middle', 'rotation': 0, 'scale': 1.0, 'casing': None, 'outline_color': [1.0, 1.0, 1.0, 1.0], 'outline_width': 0, 'animations': None}], 'transition': {'type': 'push', 'duration': 1.0, 'direction': 'left', 'easing': 'out_quad'}, 'target': None, 'background_color': [0.0, 0.0, 0.0, 1.0], 'priority': None, 'show': True, 'force': False, 'expire': None, 'slide': None, 'tokens': {}, 'action': 'play'}}, 'context': 'show_2', 'calling_context': 0, 'priority': 10, 'show_tokens': {}, 'start_time': 105177.171}
2025-10-07 16:53:58,517 : EventManager : Event: ======'sounds_play'====== Args={'settings': {'music': {'action': 'play', 'loops': -1, 'priority': None, 'block': False, 'delay': None, 'track': None, 'volume': None, 'ducking': {}, 'pan': None, 'start_at': None, 'fade_in': None, 'fade_out': None, 'about_to_finish_time': -1.0, 'max_queue_time': -1.0, 'events_when_played': ['use_sound_setting'], 'events_when_stopped': ['use_sound_setting'], 'events_when_looping': ['use_sound_setting'], 'events_when_about_to_finish': ['use_sound_setting'], 'mode_end_action': 'use_sound_setting', 'key': 'use_sound_setting'}}, 'context': '_global', 'calling_context': 'mode_attract_started', 'priority': 0}
2025-10-07 16:53:58,517 : mpfmc : SlidePlayer: Play called with settings={'awesome_slide': {'widgets': [{'type': 'text', 'text': 'TIME TRAVEL 1985', 'font_size': 50, '_default_settings': ['type', 'text', 'font_size'], 'x': None, 'y': None, 'anchor_x': 'center', 'anchor_y': 'center', 'round_anchor_x': None, 'round_anchor_y': None, 'opacity': 1.0, 'z': 0, 'reset_animations_events': {}, 'color': [1.0, 1.0, 1.0, 1.0], 'style': [], 'adjust_top': 0, 'adjust_bottom': 0, 'adjust_left': 0, 'adjust_right': 0, 'expire': None, 'key': None, 'widget': None, 'events_when_added': [], 'events_when_removed': [], 'bitmap_font': False, 'font_kerning': True, 'bold': False, 'italic': False, 'number_grouping': False, 'min_digits': 0, 'halign': 'center', 'valign': 'middle', 'rotation': 0, 'scale': 1.0, 'casing': None, 'outline_color': [1.0, 1.0, 1.0, 1.0], 'outline_width': 0, 'animations': None}], 'transition': {'type': 'push', 'duration': 1.0, 'direction': 'left', 'easing': 'out_quad'}, 'target': None, 'background_color': [0.0, 0.0, 0.0, 1.0], 'priority': None, 'show': True, 'force': False, 'expire': None, 'slide': None, 'tokens': {}, 'action': 'play'}}
2025-10-07 16:53:58,522 : kivy : GL: NPOT texture support is available
2025-10-07 16:53:58,523 : EventManager : Event: ======'slide_awesome_slide_created'====== Args={}
2025-10-07 16:53:58,524 : EventManager : Event: ======'slide_awesome_slide_active'====== Args={}
2025-10-07 16:53:58,531 : EventManager : Event: ======'loading_assets'====== Args={'total': 1, 'loaded': 1, 'remaining': 0, 'percent': 100}
2025-10-07 16:53:58,531 : AssetManager : Asset loading took: 1.5007541179656982
2025-10-07 16:53:58,531 : EventManager : Event: ======'asset_loading_complete'====== Args={}
2025-10-07 16:53:58,531 : AssetManager : Loading assets: 1/1 (100%)
2025-10-07 16:54:01,518 : EventManager : Event: ======'slides_play'====== Args={'settings': {'press_start': {'widgets': [{'type': 'Text', 'text': 'PRESS START', 'animations': {'pre_show_slide': [{'property': ['opacity'], 'value': ['0'], 'duration': 0.5, 'relative': False, 'timing': 'after_previous', 'repeat': False, 'easing': 'linear', 'step': 0.0}, {'property': ['opacity'], 'value': ['1'], 'duration': 0.5, 'repeat': False, 'relative': False, 'timing': 'after_previous', 'easing': 'linear', 'step': 0.0}]}, '_default_settings': ['type', 'text', 'animations'], 'x': None, 'y': None, 'anchor_x': 'center', 'anchor_y': 'center', 'round_anchor_x': None, 'round_anchor_y': None, 'opacity': 1.0, 'z': 0, 'reset_animations_events': {}, 'color': [1.0, 1.0, 1.0, 1.0], 'style': [], 'adjust_top': 0, 'adjust_bottom': 0, 'adjust_left': 0, 'adjust_right': 0, 'expire': None, 'key': None, 'widget': None, 'events_when_added': [], 'events_when_removed': [], 'font_size': 15, 'bitmap_font': False, 'font_kerning': True, 'bold': False, 'italic': False, 'number_grouping': False, 'min_digits': 0, 'halign': 'center', 'valign': 'middle', 'rotation': 0, 'scale': 1.0, 'casing': None, 'outline_color': [1.0, 1.0, 1.0, 1.0], 'outline_width': 0}, {'type': 'Text', 'text': 'FREE PLAY', 'color': [0.0, 0.5019607843137255, 0.0, 1], 'y': '10', 'anchor_y': 'bottom', '_default_settings': ['type', 'text', 'color', 'y', 'anchor_y'], 'x': None, 'anchor_x': 'center', 'round_anchor_x': None, 'round_anchor_y': None, 'opacity': 1.0, 'z': 0, 'reset_animations_events': {}, 'style': [], 'adjust_top': 0, 'adjust_bottom': 0, 'adjust_left': 0, 'adjust_right': 0, 'expire': None, 'key': None, 'widget': None, 'events_when_added': [], 'events_when_removed': [], 'font_size': 15, 'bitmap_font': False, 'font_kerning': True, 'bold': False, 'italic': False, 'number_grouping': False, 'min_digits': 0, 'halign': 'center', 'valign': 'middle', 'rotation': 0, 'scale': 1.0, 'casing': None, 'outline_color': [1.0, 1.0, 1.0, 1.0], 'outline_width': 0, 'animations': None}], 'transition': {'type': 'move_in', 'duration': 1.0, 'direction': 'right', 'easing': 'out_quad'}, 'target': None, 'background_color': [0.0, 0.0, 0.0, 1.0], 'priority': None, 'show': True, 'force': False, 'expire': None, 'slide': None, 'tokens': {}, 'action': 'play'}}, 'context': 'show_2', 'calling_context': 1, 'priority': 10, 'show_tokens': {}, 'start_time': 105180.171}
2025-10-07 16:54:01,519 : mpfmc : SlidePlayer: Play called with settings={'press_start': {'widgets': [{'type': 'Text', 'text': 'PRESS START', 'animations': {'pre_show_slide': [{'property': ['opacity'], 'value': ['0'], 'duration': 0.5, 'relative': False, 'timing': 'after_previous', 'repeat': False, 'easing': 'linear', 'step': 0.0}, {'property': ['opacity'], 'value': ['1'], 'duration': 0.5, 'repeat': False, 'relative': False, 'timing': 'after_previous', 'easing': 'linear', 'step': 0.0}]}, '_default_settings': ['type', 'text', 'animations'], 'x': None, 'y': None, 'anchor_x': 'center', 'anchor_y': 'center', 'round_anchor_x': None, 'round_anchor_y': None, 'opacity': 1.0, 'z': 0, 'reset_animations_events': {}, 'color': [1.0, 1.0, 1.0, 1.0], 'style': [], 'adjust_top': 0, 'adjust_bottom': 0, 'adjust_left': 0, 'adjust_right': 0, 'expire': None, 'key': None, 'widget': None, 'events_when_added': [], 'events_when_removed': [], 'font_size': 15, 'bitmap_font': False, 'font_kerning': True, 'bold': False, 'italic': False, 'number_grouping': False, 'min_digits': 0, 'halign': 'center', 'valign': 'middle', 'rotation': 0, 'scale': 1.0, 'casing': None, 'outline_color': [1.0, 1.0, 1.0, 1.0], 'outline_width': 0}, {'type': 'Text', 'text': 'FREE PLAY', 'color': [0.0, 0.5019607843137255, 0.0, 1], 'y': '10', 'anchor_y': 'bottom', '_default_settings': ['type', 'text', 'color', 'y', 'anchor_y'], 'x': None, 'anchor_x': 'center', 'round_anchor_x': None, 'round_anchor_y': None, 'opacity': 1.0, 'z': 0, 'reset_animations_events': {}, 'style': [], 'adjust_top': 0, 'adjust_bottom': 0, 'adjust_left': 0, 'adjust_right': 0, 'expire': None, 'key': None, 'widget': None, 'events_when_added': [], 'events_when_removed': [], 'font_size': 15, 'bitmap_font': False, 'font_kerning': True, 'bold': False, 'italic': False, 'number_grouping': False, 'min_digits': 0, 'halign': 'center', 'valign': 'middle', 'rotation': 0, 'scale': 1.0, 'casing': None, 'outline_color': [1.0, 1.0, 1.0, 1.0], 'outline_width': 0, 'animations': None}], 'transition': {'type': 'move_in', 'duration': 1.0, 'direction': 'right', 'easing': 'out_quad'}, 'target': None, 'background_color': [0.0, 0.0, 0.0, 1.0], 'priority': None, 'show': True, 'force': False, 'expire': None, 'slide': None, 'tokens': {}, 'action': 'play'}}
2025-10-07 16:54:01,533 : EventManager : Event: ======'slide_press_start_created'====== Args={}
2025-10-07 16:54:01,538 : EventManager : Event: ======'slide_press_start_active'====== Args={}
2025-10-07 16:54:03,342 : EventManager : Event: ======'game_started'====== Args={}
2025-10-07 16:54:03,342 : EventManager : Event: ======'slides_clear'====== Args={'context': 'show_2'}
2025-10-07 16:54:03,342 : EventManager : Event: ======'sounds_play'====== Args={'settings': {'music': {'action': 'stop', 'priority': None, 'block': False, 'delay': None, 'track': None, 'volume': None, 'ducking': {}, 'pan': None, 'loops': None, 'start_at': None, 'fade_in': None, 'fade_out': None, 'about_to_finish_time': -1.0, 'max_queue_time': -1.0, 'events_when_played': ['use_sound_setting'], 'events_when_stopped': ['use_sound_setting'], 'events_when_looping': ['use_sound_setting'], 'events_when_about_to_finish': ['use_sound_setting'], 'mode_end_action': 'use_sound_setting', 'key': 'use_sound_setting'}}, 'context': '_global', 'calling_context': 'mode_attract_stopped', 'priority': 0}
2025-10-07 16:54:03,342 : EventManager : Event: ======'player_added'====== Args={'player': <Player 1>, 'num': 1}
2025-10-07 16:54:03,342 : EventManager : Event: ======'player_index'====== Args={'value': 0, 'prev_value': 0, 'change': 0, 'player_num': 1}
2025-10-07 16:54:03,342 : EventManager : Event: ======'player_number'====== Args={'value': 1, 'prev_value': 1, 'change': 0, 'player_num': 1}
2025-10-07 16:54:03,342 : EventManager : Event: ======'player_score'====== Args={'value': 0, 'prev_value': 0, 'change': 0, 'player_num': 1}
2025-10-07 16:54:03,343 : EventManager : Event: ======'slide_awesome_slide_removed'====== Args={}
2025-10-07 16:54:03,343 : EventManager : Event: ======'slide_press_start_removed'====== Args={}
2025-10-07 16:54:03,344 : EventManager : Event: ======'slide_window_blank_active'====== Args={}
2025-10-07 16:54:03,367 : EventManager : Event: ======'player_ball'====== Args={'value': 1, 'prev_value': 0, 'change': 1, 'player_num': 1}
2025-10-07 16:54:03,367 : EventManager : Event: ======'player_turn_start'====== Args={'number': 1, 'player': <Player 1>}
2025-10-07 16:54:03,392 : EventManager : Event: ======'player_shot_left_rollover_shot_enabled'====== Args={'value': True, 'prev_value': 0, 'change': 1, 'player_num': 1}
2025-10-07 16:54:03,392 : EventManager : Event: ======'player_shot_center_rollover_shot_enabled'====== Args={'value': True, 'prev_value': 0, 'change': 1, 'player_num': 1}
2025-10-07 16:54:03,392 : EventManager : Event: ======'player_shot_right_rollover_shot_enabled'====== Args={'value': True, 'prev_value': 0, 'change': 1, 'player_num': 1}
2025-10-07 16:54:03,392 : EventManager : Event: ======'player_shot_bumper1_shot_enabled'====== Args={'value': True, 'prev_value': 0, 'change': 1, 'player_num': 1}
2025-10-07 16:54:03,392 : EventManager : Event: ======'player_shot_bumper2_shot_enabled'====== Args={'value': True, 'prev_value': 0, 'change': 1, 'player_num': 1}
2025-10-07 16:54:03,392 : EventManager : Event: ======'player_shot_right_inlane_shot_enabled'====== Args={'value': True, 'prev_value': 0, 'change': 1, 'player_num': 1}
2025-10-07 16:54:03,393 : EventManager : Event: ======'slides_play'====== Args={'settings': {'widgets': {'widgets': [{'type': 'text', 'text': '(score)', 'number_grouping': True, 'min_digits': 2, 'font_size': 100, '_default_settings': ['type', 'text', 'number_grouping', 'min_digits', 'font_size'], 'x': None, 'y': None, 'anchor_x': 'center', 'anchor_y': 'center', 'round_anchor_x': None, 'round_anchor_y': None, 'opacity': 1.0, 'z': 0, 'reset_animations_events': {}, 'color': [1.0, 1.0, 1.0, 1.0], 'style': [], 'adjust_top': 0, 'adjust_bottom': 0, 'adjust_left': 0, 'adjust_right': 0, 'expire': None, 'key': None, 'widget': None, 'events_when_added': [], 'events_when_removed': [], 'bitmap_font': False, 'font_kerning': True, 'bold': False, 'italic': False, 'halign': 'center', 'valign': 'middle', 'rotation': 0, 'scale': 1.0, 'casing': None, 'outline_color': [1.0, 1.0, 1.0, 1.0], 'outline_width': 0, 'animations': None}, {'type': 'text', 'text': 'PLAYER (number)', 'y': '10', 'x': '10', 'font_size': 50, 'anchor_x': 'left', 'anchor_y': 'bottom', '_default_settings': ['type', 'text', 'y', 'x', 'font_size', 'anchor_x', 'anchor_y'], 'round_anchor_x': None, 'round_anchor_y': None, 'opacity': 1.0, 'z': 0, 'reset_animations_events': {}, 'color': [1.0, 1.0, 1.0, 1.0], 'style': [], 'adjust_top': 0, 'adjust_bottom': 0, 'adjust_left': 0, 'adjust_right': 0, 'expire': None, 'key': None, 'widget': None, 'events_when_added': [], 'events_when_removed': [], 'bitmap_font': False, 'font_kerning': True, 'bold': False, 'italic': False, 'number_grouping': False, 'min_digits': 0, 'halign': 'center', 'valign': 'middle', 'rotation': 0, 'scale': 1.0, 'casing': None, 'outline_color': [1.0, 1.0, 1.0, 1.0], 'outline_width': 0, 'animations': None}, {'type': 'text', 'text': 'BALL (ball)', 'y': '10', 'x': 'right-10', 'anchor_x': 'right', 'anchor_y': 'bottom', 'font_size': 50, '_default_settings': ['type', 'text', 'y', 'x', 'anchor_x', 'anchor_y', 'font_size'], 'round_anchor_x': None, 'round_anchor_y': None, 'opacity': 1.0, 'z': 0, 'reset_animations_events': {}, 'color': [1.0, 1.0, 1.0, 1.0], 'style': [], 'adjust_top': 0, 'adjust_bottom': 0, 'adjust_left': 0, 'adjust_right': 0, 'expire': None, 'key': None, 'widget': None, 'events_when_added': [], 'events_when_removed': [], 'bitmap_font': False, 'font_kerning': True, 'bold': False, 'italic': False, 'number_grouping': False, 'min_digits': 0, 'halign': 'center', 'valign': 'middle', 'rotation': 0, 'scale': 1.0, 'casing': None, 'outline_color': [1.0, 1.0, 1.0, 1.0], 'outline_width': 0, 'animations': None}, {'type': 'text', 'text': 'POTATO VALUE: (potato)', 'y': '40%', '_default_settings': ['type', 'text', 'y'], 'x': None, 'anchor_x': 'center', 'anchor_y': 'center', 'round_anchor_x': None, 'round_anchor_y': None, 'opacity': 1.0, 'z': 0, 'reset_animations_events': {}, 'color': [1.0, 1.0, 1.0, 1.0], 'style': [], 'adjust_top': 0, 'adjust_bottom': 0, 'adjust_left': 0, 'adjust_right': 0, 'expire': None, 'key': None, 'widget': None, 'events_when_added': [], 'events_when_removed': [], 'font_size': 15, 'bitmap_font': False, 'font_kerning': True, 'bold': False, 'italic': False, 'number_grouping': False, 'min_digits': 0, 'halign': 'center', 'valign': 'middle', 'rotation': 0, 'scale': 1.0, 'casing': None, 'outline_color': [1.0, 1.0, 1.0, 1.0], 'outline_width': 0, 'animations': None}], 'target': None, 'background_color': [0.0, 0.0, 0.0, 1.0], 'priority': None, 'show': True, 'force': False, 'expire': None, 'slide': None, 'tokens': {}, 'action': 'play'}}, 'context': 'base', 'calling_context': 'mode_base_started', 'priority': 100, 'player': 1, 'ball': 1, 'balls_remaining': 2, 'is_extra_ball': False}
2025-10-07 16:54:03,393 : EventManager : Event: ======'sounds_play'====== Args={'settings': {'mode': {'action': 'play', 'loops': -1, 'priority': None, 'block': False, 'delay': None, 'track': None, 'volume': None, 'ducking': {}, 'pan': None, 'start_at': None, 'fade_in': None, 'fade_out': None, 'about_to_finish_time': -1.0, 'max_queue_time': -1.0, 'events_when_played': ['use_sound_setting'], 'events_when_stopped': ['use_sound_setting'], 'events_when_looping': ['use_sound_setting'], 'events_when_about_to_finish': ['use_sound_setting'], 'mode_end_action': 'use_sound_setting', 'key': 'use_sound_setting'}}, 'context': '_global', 'calling_context': 'mode_base_started', 'priority': 0, 'player': 1, 'ball': 1, 'balls_remaining': 2, 'is_extra_ball': False}
2025-10-07 16:54:03,393 : mpfmc : SlidePlayer: Play called with settings={'widgets': {'widgets': [{'type': 'text', 'text': '(score)', 'number_grouping': True, 'min_digits': 2, 'font_size': 100, '_default_settings': ['type', 'text', 'number_grouping', 'min_digits', 'font_size'], 'x': None, 'y': None, 'anchor_x': 'center', 'anchor_y': 'center', 'round_anchor_x': None, 'round_anchor_y': None, 'opacity': 1.0, 'z': 0, 'reset_animations_events': {}, 'color': [1.0, 1.0, 1.0, 1.0], 'style': [], 'adjust_top': 0, 'adjust_bottom': 0, 'adjust_left': 0, 'adjust_right': 0, 'expire': None, 'key': None, 'widget': None, 'events_when_added': [], 'events_when_removed': [], 'bitmap_font': False, 'font_kerning': True, 'bold': False, 'italic': False, 'halign': 'center', 'valign': 'middle', 'rotation': 0, 'scale': 1.0, 'casing': None, 'outline_color': [1.0, 1.0, 1.0, 1.0], 'outline_width': 0, 'animations': None}, {'type': 'text', 'text': 'PLAYER (number)', 'y': '10', 'x': '10', 'font_size': 50, 'anchor_x': 'left', 'anchor_y': 'bottom', '_default_settings': ['type', 'text', 'y', 'x', 'font_size', 'anchor_x', 'anchor_y'], 'round_anchor_x': None, 'round_anchor_y': None, 'opacity': 1.0, 'z': 0, 'reset_animations_events': {}, 'color': [1.0, 1.0, 1.0, 1.0], 'style': [], 'adjust_top': 0, 'adjust_bottom': 0, 'adjust_left': 0, 'adjust_right': 0, 'expire': None, 'key': None, 'widget': None, 'events_when_added': [], 'events_when_removed': [], 'bitmap_font': False, 'font_kerning': True, 'bold': False, 'italic': False, 'number_grouping': False, 'min_digits': 0, 'halign': 'center', 'valign': 'middle', 'rotation': 0, 'scale': 1.0, 'casing': None, 'outline_color': [1.0, 1.0, 1.0, 1.0], 'outline_width': 0, 'animations': None}, {'type': 'text', 'text': 'BALL (ball)', 'y': '10', 'x': 'right-10', 'anchor_x': 'right', 'anchor_y': 'bottom', 'font_size': 50, '_default_settings': ['type', 'text', 'y', 'x', 'anchor_x', 'anchor_y', 'font_size'], 'round_anchor_x': None, 'round_anchor_y': None, 'opacity': 1.0, 'z': 0, 'reset_animations_events': {}, 'color': [1.0, 1.0, 1.0, 1.0], 'style': [], 'adjust_top': 0, 'adjust_bottom': 0, 'adjust_left': 0, 'adjust_right': 0, 'expire': None, 'key': None, 'widget': None, 'events_when_added': [], 'events_when_removed': [], 'bitmap_font': False, 'font_kerning': True, 'bold': False, 'italic': False, 'number_grouping': False, 'min_digits': 0, 'halign': 'center', 'valign': 'middle', 'rotation': 0, 'scale': 1.0, 'casing': None, 'outline_color': [1.0, 1.0, 1.0, 1.0], 'outline_width': 0, 'animations': None}, {'type': 'text', 'text': 'POTATO VALUE: (potato)', 'y': '40%', '_default_settings': ['type', 'text', 'y'], 'x': None, 'anchor_x': 'center', 'anchor_y': 'center', 'round_anchor_x': None, 'round_anchor_y': None, 'opacity': 1.0, 'z': 0, 'reset_animations_events': {}, 'color': [1.0, 1.0, 1.0, 1.0], 'style': [], 'adjust_top': 0, 'adjust_bottom': 0, 'adjust_left': 0, 'adjust_right': 0, 'expire': None, 'key': None, 'widget': None, 'events_when_added': [], 'events_when_removed': [], 'font_size': 15, 'bitmap_font': False, 'font_kerning': True, 'bold': False, 'italic': False, 'number_grouping': False, 'min_digits': 0, 'halign': 'center', 'valign': 'middle', 'rotation': 0, 'scale': 1.0, 'casing': None, 'outline_color': [1.0, 1.0, 1.0, 1.0], 'outline_width': 0, 'animations': None}], 'target': None, 'background_color': [0.0, 0.0, 0.0, 1.0], 'priority': None, 'show': True, 'force': False, 'expire': None, 'slide': None, 'tokens': {}, 'action': 'play'}}
2025-10-07 16:54:03,402 : EventManager : Event: ======'slide_base.slide_player-mode_base_started_created'====== Args={}
2025-10-07 16:54:03,404 : EventManager : Event: ======'slide_base.slide_player-mode_base_started_active'====== Args={}
2025-10-07 16:54:03,479 : EventManager : Event: ======'loading_assets'====== Args={'total': 1, 'loaded': 1, 'remaining': 0, 'percent': 100}
2025-10-07 16:54:03,479 : AssetManager : Asset loading took: 6.449081659317017
2025-10-07 16:54:03,479 : EventManager : Event: ======'asset_loading_complete'====== Args={}
2025-10-07 16:54:03,479 : AssetManager : Loading assets: 1/1 (100%)
2025-10-07 16:54:03,531 : EventManager : Event: ======'machine_var_audits_switches_s_plunger'====== Args={'value': 251, 'prev_value': 250, 'change': 1}
2025-10-07 16:54:08,204 : EventManager : Event: ======'machine_var_audits_switches_s_right_inlane'====== Args={'value': 165, 'prev_value': 164, 'change': 1}
2025-10-07 16:54:08,217 : EventManager : Event: ======'player_shot_right_inlane_shot'====== Args={'value': 1, 'prev_value': 0, 'change': 1, 'player_num': 1}
2025-10-07 16:54:08,217 : EventManager : Event: ======'machine_var_audits_shots_right_inlane_shot'====== Args={'value': 38, 'prev_value': 37, 'change': 1}
2025-10-07 16:54:08,218 : EventManager : Event: ======'player_score'====== Args={'value': 100, 'prev_value': 0, 'change': 100, 'player_num': 1}
2025-10-07 16:54:08,218 : EventManager : Event: ======'player_score'====== Args={'value': 142, 'prev_value': 100, 'change': 42, 'player_num': 1}
2025-10-07 16:54:10,828 : EventManager : Event: ======'machine_var_audits_switches_s_right_inlane'====== Args={'value': 166, 'prev_value': 165, 'change': 1}
2025-10-07 16:54:10,840 : EventManager : Event: ======'machine_var_audits_shots_right_inlane_shot'====== Args={'value': 39, 'prev_value': 38, 'change': 1}
2025-10-07 16:54:10,840 : EventManager : Event: ======'player_score'====== Args={'value': 242, 'prev_value': 142, 'change': 100, 'player_num': 1}
2025-10-07 16:54:10,841 : EventManager : Event: ======'player_score'====== Args={'value': 284, 'prev_value': 242, 'change': 42, 'player_num': 1}
2025-10-07 16:54:11,034 : EventManager : Event: ======'machine_var_audits_switches_s_right_inlane'====== Args={'value': 167, 'prev_value': 166, 'change': 1}
2025-10-07 16:54:11,035 : EventManager : Event: ======'machine_var_audits_shots_right_inlane_shot'====== Args={'value': 40, 'prev_value': 39, 'change': 1}
2025-10-07 16:54:11,036 : EventManager : Event: ======'player_score'====== Args={'value': 384, 'prev_value': 284, 'change': 100, 'player_num': 1}
2025-10-07 16:54:11,036 : EventManager : Event: ======'player_score'====== Args={'value': 426, 'prev_value': 384, 'change': 42, 'player_num': 1}
2025-10-07 16:54:11,231 : EventManager : Event: ======'machine_var_audits_switches_s_right_inlane'====== Args={'value': 168, 'prev_value': 167, 'change': 1}
2025-10-07 16:54:11,231 : EventManager : Event: ======'machine_var_audits_shots_right_inlane_shot'====== Args={'value': 41, 'prev_value': 40, 'change': 1}
2025-10-07 16:54:11,231 : EventManager : Event: ======'player_score'====== Args={'value': 526, 'prev_value': 426, 'change': 100, 'player_num': 1}
2025-10-07 16:54:11,231 : EventManager : Event: ======'player_score'====== Args={'value': 568, 'prev_value': 526, 'change': 42, 'player_num': 1}
2025-10-07 16:54:12,362 : EventManager : Event: ======'machine_var_audits_switches_s_trough1'====== Args={'value': 165, 'prev_value': 164, 'change': 1}
2025-10-07 16:54:12,872 : EventManager : Event: ======'slides_clear'====== Args={'context': 'base'}
2025-10-07 16:54:12,872 : EventManager : Event: ======'sounds_clear'====== Args={'context': 'base'}
2025-10-07 16:54:12,873 : EventManager : Event: ======'slide_base.slide_player-mode_base_started_removed'====== Args={}
2025-10-07 16:54:12,874 : EventManager : Event: ======'sounds_play'====== Args={'settings': {'mode': {'action': 'stop', 'priority': None, 'block': False, 'delay': None, 'track': None, 'volume': None, 'ducking': {}, 'pan': None, 'loops': None, 'start_at': None, 'fade_in': None, 'fade_out': None, 'about_to_finish_time': -1.0, 'max_queue_time': -1.0, 'events_when_played': ['use_sound_setting'], 'events_when_stopped': ['use_sound_setting'], 'events_when_looping': ['use_sound_setting'], 'events_when_about_to_finish': ['use_sound_setting'], 'mode_end_action': 'use_sound_setting', 'key': 'use_sound_setting'}}, 'context': '_global', 'calling_context': 'mode_base_stopped', 'priority': 0}
2025-10-07 16:54:12,875 : EventManager : Event: ======'slide_window_blank_active'====== Args={}
2025-10-07 16:54:12,956 : EventManager : Event: ======'player_ball'====== Args={'value': 2, 'prev_value': 1, 'change': 1, 'player_num': 1}
2025-10-07 16:54:12,968 : EventManager : Event: ======'slides_play'====== Args={'settings': {'widgets': {'widgets': [{'type': 'text', 'text': '(score)', 'number_grouping': True, 'min_digits': 2, 'font_size': 100, '_default_settings': ['type', 'text', 'number_grouping', 'min_digits', 'font_size'], 'x': None, 'y': None, 'anchor_x': 'center', 'anchor_y': 'center', 'round_anchor_x': None, 'round_anchor_y': None, 'opacity': 1.0, 'z': 0, 'reset_animations_events': {}, 'color': [1.0, 1.0, 1.0, 1.0], 'style': [], 'adjust_top': 0, 'adjust_bottom': 0, 'adjust_left': 0, 'adjust_right': 0, 'expire': None, 'key': None, 'widget': None, 'events_when_added': [], 'events_when_removed': [], 'bitmap_font': False, 'font_kerning': True, 'bold': False, 'italic': False, 'halign': 'center', 'valign': 'middle', 'rotation': 0, 'scale': 1.0, 'casing': None, 'outline_color': [1.0, 1.0, 1.0, 1.0], 'outline_width': 0, 'animations': None}, {'type': 'text', 'text': 'PLAYER (number)', 'y': '10', 'x': '10', 'font_size': 50, 'anchor_x': 'left', 'anchor_y': 'bottom', '_default_settings': ['type', 'text', 'y', 'x', 'font_size', 'anchor_x', 'anchor_y'], 'round_anchor_x': None, 'round_anchor_y': None, 'opacity': 1.0, 'z': 0, 'reset_animations_events': {}, 'color': [1.0, 1.0, 1.0, 1.0], 'style': [], 'adjust_top': 0, 'adjust_bottom': 0, 'adjust_left': 0, 'adjust_right': 0, 'expire': None, 'key': None, 'widget': None, 'events_when_added': [], 'events_when_removed': [], 'bitmap_font': False, 'font_kerning': True, 'bold': False, 'italic': False, 'number_grouping': False, 'min_digits': 0, 'halign': 'center', 'valign': 'middle', 'rotation': 0, 'scale': 1.0, 'casing': None, 'outline_color': [1.0, 1.0, 1.0, 1.0], 'outline_width': 0, 'animations': None}, {'type': 'text', 'text': 'BALL (ball)', 'y': '10', 'x': 'right-10', 'anchor_x': 'right', 'anchor_y': 'bottom', 'font_size': 50, '_default_settings': ['type', 'text', 'y', 'x', 'anchor_x', 'anchor_y', 'font_size'], 'round_anchor_x': None, 'round_anchor_y': None, 'opacity': 1.0, 'z': 0, 'reset_animations_events': {}, 'color': [1.0, 1.0, 1.0, 1.0], 'style': [], 'adjust_top': 0, 'adjust_bottom': 0, 'adjust_left': 0, 'adjust_right': 0, 'expire': None, 'key': None, 'widget': None, 'events_when_added': [], 'events_when_removed': [], 'bitmap_font': False, 'font_kerning': True, 'bold': False, 'italic': False, 'number_grouping': False, 'min_digits': 0, 'halign': 'center', 'valign': 'middle', 'rotation': 0, 'scale': 1.0, 'casing': None, 'outline_color': [1.0, 1.0, 1.0, 1.0], 'outline_width': 0, 'animations': None}, {'type': 'text', 'text': 'POTATO VALUE: (potato)', 'y': '40%', '_default_settings': ['type', 'text', 'y'], 'x': None, 'anchor_x': 'center', 'anchor_y': 'center', 'round_anchor_x': None, 'round_anchor_y': None, 'opacity': 1.0, 'z': 0, 'reset_animations_events': {}, 'color': [1.0, 1.0, 1.0, 1.0], 'style': [], 'adjust_top': 0, 'adjust_bottom': 0, 'adjust_left': 0, 'adjust_right': 0, 'expire': None, 'key': None, 'widget': None, 'events_when_added': [], 'events_when_removed': [], 'font_size': 15, 'bitmap_font': False, 'font_kerning': True, 'bold': False, 'italic': False, 'number_grouping': False, 'min_digits': 0, 'halign': 'center', 'valign': 'middle', 'rotation': 0, 'scale': 1.0, 'casing': None, 'outline_color': [1.0, 1.0, 1.0, 1.0], 'outline_width': 0, 'animations': None}], 'target': None, 'background_color': [0.0, 0.0, 0.0, 1.0], 'priority': None, 'show': True, 'force': False, 'expire': None, 'slide': None, 'tokens': {}, 'action': 'play'}}, 'context': 'base', 'calling_context': 'mode_base_started', 'priority': 100, 'player': 1, 'ball': 2, 'balls_remaining': 1, 'is_extra_ball': False}
2025-10-07 16:54:12,968 : EventManager : Event: ======'sounds_play'====== Args={'settings': {'mode': {'action': 'play', 'loops': -1, 'priority': None, 'block': False, 'delay': None, 'track': None, 'volume': None, 'ducking': {}, 'pan': None, 'start_at': None, 'fade_in': None, 'fade_out': None, 'about_to_finish_time': -1.0, 'max_queue_time': -1.0, 'events_when_played': ['use_sound_setting'], 'events_when_stopped': ['use_sound_setting'], 'events_when_looping': ['use_sound_setting'], 'events_when_about_to_finish': ['use_sound_setting'], 'mode_end_action': 'use_sound_setting', 'key': 'use_sound_setting'}}, 'context': '_global', 'calling_context': 'mode_base_started', 'priority': 0, 'player': 1, 'ball': 2, 'balls_remaining': 1, 'is_extra_ball': False}
2025-10-07 16:54:12,968 : mpfmc : SlidePlayer: Play called with settings={'widgets': {'widgets': [{'type': 'text', 'text': '(score)', 'number_grouping': True, 'min_digits': 2, 'font_size': 100, '_default_settings': ['type', 'text', 'number_grouping', 'min_digits', 'font_size'], 'x': None, 'y': None, 'anchor_x': 'center', 'anchor_y': 'center', 'round_anchor_x': None, 'round_anchor_y': None, 'opacity': 1.0, 'z': 0, 'reset_animations_events': {}, 'color': [1.0, 1.0, 1.0, 1.0], 'style': [], 'adjust_top': 0, 'adjust_bottom': 0, 'adjust_left': 0, 'adjust_right': 0, 'expire': None, 'key': None, 'widget': None, 'events_when_added': [], 'events_when_removed': [], 'bitmap_font': False, 'font_kerning': True, 'bold': False, 'italic': False, 'halign': 'center', 'valign': 'middle', 'rotation': 0, 'scale': 1.0, 'casing': None, 'outline_color': [1.0, 1.0, 1.0, 1.0], 'outline_width': 0, 'animations': None}, {'type': 'text', 'text': 'PLAYER (number)', 'y': '10', 'x': '10', 'font_size': 50, 'anchor_x': 'left', 'anchor_y': 'bottom', '_default_settings': ['type', 'text', 'y', 'x', 'font_size', 'anchor_x', 'anchor_y'], 'round_anchor_x': None, 'round_anchor_y': None, 'opacity': 1.0, 'z': 0, 'reset_animations_events': {}, 'color': [1.0, 1.0, 1.0, 1.0], 'style': [], 'adjust_top': 0, 'adjust_bottom': 0, 'adjust_left': 0, 'adjust_right': 0, 'expire': None, 'key': None, 'widget': None, 'events_when_added': [], 'events_when_removed': [], 'bitmap_font': False, 'font_kerning': True, 'bold': False, 'italic': False, 'number_grouping': False, 'min_digits': 0, 'halign': 'center', 'valign': 'middle', 'rotation': 0, 'scale': 1.0, 'casing': None, 'outline_color': [1.0, 1.0, 1.0, 1.0], 'outline_width': 0, 'animations': None}, {'type': 'text', 'text': 'BALL (ball)', 'y': '10', 'x': 'right-10', 'anchor_x': 'right', 'anchor_y': 'bottom', 'font_size': 50, '_default_settings': ['type', 'text', 'y', 'x', 'anchor_x', 'anchor_y', 'font_size'], 'round_anchor_x': None, 'round_anchor_y': None, 'opacity': 1.0, 'z': 0, 'reset_animations_events': {}, 'color': [1.0, 1.0, 1.0, 1.0], 'style': [], 'adjust_top': 0, 'adjust_bottom': 0, 'adjust_left': 0, 'adjust_right': 0, 'expire': None, 'key': None, 'widget': None, 'events_when_added': [], 'events_when_removed': [], 'bitmap_font': False, 'font_kerning': True, 'bold': False, 'italic': False, 'number_grouping': False, 'min_digits': 0, 'halign': 'center', 'valign': 'middle', 'rotation': 0, 'scale': 1.0, 'casing': None, 'outline_color': [1.0, 1.0, 1.0, 1.0], 'outline_width': 0, 'animations': None}, {'type': 'text', 'text': 'POTATO VALUE: (potato)', 'y': '40%', '_default_settings': ['type', 'text', 'y'], 'x': None, 'anchor_x': 'center', 'anchor_y': 'center', 'round_anchor_x': None, 'round_anchor_y': None, 'opacity': 1.0, 'z': 0, 'reset_animations_events': {}, 'color': [1.0, 1.0, 1.0, 1.0], 'style': [], 'adjust_top': 0, 'adjust_bottom': 0, 'adjust_left': 0, 'adjust_right': 0, 'expire': None, 'key': None, 'widget': None, 'events_when_added': [], 'events_when_removed': [], 'font_size': 15, 'bitmap_font': False, 'font_kerning': True, 'bold': False, 'italic': False, 'number_grouping': False, 'min_digits': 0, 'halign': 'center', 'valign': 'middle', 'rotation': 0, 'scale': 1.0, 'casing': None, 'outline_color': [1.0, 1.0, 1.0, 1.0], 'outline_width': 0, 'animations': None}], 'target': None, 'background_color': [0.0, 0.0, 0.0, 1.0], 'priority': None, 'show': True, 'force': False, 'expire': None, 'slide': None, 'tokens': {}, 'action': 'play'}}
2025-10-07 16:54:12,974 : EventManager : Event: ======'slide_base.slide_player-mode_base_started_created'====== Args={}
2025-10-07 16:54:12,977 : EventManager : Event: ======'slide_base.slide_player-mode_base_started_active'====== Args={}
2025-10-07 16:54:13,108 : EventManager : Event: ======'machine_var_audits_switches_s_plunger'====== Args={'value': 252, 'prev_value': 251, 'change': 1}
2025-10-07 16:54:18,301 : EventManager : Event: ======'machine_var_audits_switches_s_trough1'====== Args={'value': 166, 'prev_value': 165, 'change': 1}
2025-10-07 16:54:18,811 : EventManager : Event: ======'slides_clear'====== Args={'context': 'base'}
2025-10-07 16:54:18,811 : EventManager : Event: ======'sounds_clear'====== Args={'context': 'base'}
2025-10-07 16:54:18,812 : EventManager : Event: ======'slide_base.slide_player-mode_base_started_removed'====== Args={}
2025-10-07 16:54:18,813 : EventManager : Event: ======'sounds_play'====== Args={'settings': {'mode': {'action': 'stop', 'priority': None, 'block': False, 'delay': None, 'track': None, 'volume': None, 'ducking': {}, 'pan': None, 'loops': None, 'start_at': None, 'fade_in': None, 'fade_out': None, 'about_to_finish_time': -1.0, 'max_queue_time': -1.0, 'events_when_played': ['use_sound_setting'], 'events_when_stopped': ['use_sound_setting'], 'events_when_looping': ['use_sound_setting'], 'events_when_about_to_finish': ['use_sound_setting'], 'mode_end_action': 'use_sound_setting', 'key': 'use_sound_setting'}}, 'context': '_global', 'calling_context': 'mode_base_stopped', 'priority': 0}
2025-10-07 16:54:18,815 : EventManager : Event: ======'slide_window_blank_active'====== Args={}
2025-10-07 16:54:18,883 : EventManager : Event: ======'player_ball'====== Args={'value': 3, 'prev_value': 2, 'change': 1, 'player_num': 1}
2025-10-07 16:54:18,895 : EventManager : Event: ======'slides_play'====== Args={'settings': {'widgets': {'widgets': [{'type': 'text', 'text': '(score)', 'number_grouping': True, 'min_digits': 2, 'font_size': 100, '_default_settings': ['type', 'text', 'number_grouping', 'min_digits', 'font_size'], 'x': None, 'y': None, 'anchor_x': 'center', 'anchor_y': 'center', 'round_anchor_x': None, 'round_anchor_y': None, 'opacity': 1.0, 'z': 0, 'reset_animations_events': {}, 'color': [1.0, 1.0, 1.0, 1.0], 'style': [], 'adjust_top': 0, 'adjust_bottom': 0, 'adjust_left': 0, 'adjust_right': 0, 'expire': None, 'key': None, 'widget': None, 'events_when_added': [], 'events_when_removed': [], 'bitmap_font': False, 'font_kerning': True, 'bold': False, 'italic': False, 'halign': 'center', 'valign': 'middle', 'rotation': 0, 'scale': 1.0, 'casing': None, 'outline_color': [1.0, 1.0, 1.0, 1.0], 'outline_width': 0, 'animations': None}, {'type': 'text', 'text': 'PLAYER (number)', 'y': '10', 'x': '10', 'font_size': 50, 'anchor_x': 'left', 'anchor_y': 'bottom', '_default_settings': ['type', 'text', 'y', 'x', 'font_size', 'anchor_x', 'anchor_y'], 'round_anchor_x': None, 'round_anchor_y': None, 'opacity': 1.0, 'z': 0, 'reset_animations_events': {}, 'color': [1.0, 1.0, 1.0, 1.0], 'style': [], 'adjust_top': 0, 'adjust_bottom': 0, 'adjust_left': 0, 'adjust_right': 0, 'expire': None, 'key': None, 'widget': None, 'events_when_added': [], 'events_when_removed': [], 'bitmap_font': False, 'font_kerning': True, 'bold': False, 'italic': False, 'number_grouping': False, 'min_digits': 0, 'halign': 'center', 'valign': 'middle', 'rotation': 0, 'scale': 1.0, 'casing': None, 'outline_color': [1.0, 1.0, 1.0, 1.0], 'outline_width': 0, 'animations': None}, {'type': 'text', 'text': 'BALL (ball)', 'y': '10', 'x': 'right-10', 'anchor_x': 'right', 'anchor_y': 'bottom', 'font_size': 50, '_default_settings': ['type', 'text', 'y', 'x', 'anchor_x', 'anchor_y', 'font_size'], 'round_anchor_x': None, 'round_anchor_y': None, 'opacity': 1.0, 'z': 0, 'reset_animations_events': {}, 'color': [1.0, 1.0, 1.0, 1.0], 'style': [], 'adjust_top': 0, 'adjust_bottom': 0, 'adjust_left': 0, 'adjust_right': 0, 'expire': None, 'key': None, 'widget': None, 'events_when_added': [], 'events_when_removed': [], 'bitmap_font': False, 'font_kerning': True, 'bold': False, 'italic': False, 'number_grouping': False, 'min_digits': 0, 'halign': 'center', 'valign': 'middle', 'rotation': 0, 'scale': 1.0, 'casing': None, 'outline_color': [1.0, 1.0, 1.0, 1.0], 'outline_width': 0, 'animations': None}, {'type': 'text', 'text': 'POTATO VALUE: (potato)', 'y': '40%', '_default_settings': ['type', 'text', 'y'], 'x': None, 'anchor_x': 'center', 'anchor_y': 'center', 'round_anchor_x': None, 'round_anchor_y': None, 'opacity': 1.0, 'z': 0, 'reset_animations_events': {}, 'color': [1.0, 1.0, 1.0, 1.0], 'style': [], 'adjust_top': 0, 'adjust_bottom': 0, 'adjust_left': 0, 'adjust_right': 0, 'expire': None, 'key': None, 'widget': None, 'events_when_added': [], 'events_when_removed': [], 'font_size': 15, 'bitmap_font': False, 'font_kerning': True, 'bold': False, 'italic': False, 'number_grouping': False, 'min_digits': 0, 'halign': 'center', 'valign': 'middle', 'rotation': 0, 'scale': 1.0, 'casing': None, 'outline_color': [1.0, 1.0, 1.0, 1.0], 'outline_width': 0, 'animations': None}], 'target': None, 'background_color': [0.0, 0.0, 0.0, 1.0], 'priority': None, 'show': True, 'force': False, 'expire': None, 'slide': None, 'tokens': {}, 'action': 'play'}}, 'context': 'base', 'calling_context': 'mode_base_started', 'priority': 100, 'player': 1, 'ball': 3, 'balls_remaining': 0, 'is_extra_ball': False}
2025-10-07 16:54:18,895 : EventManager : Event: ======'sounds_play'====== Args={'settings': {'mode': {'action': 'play', 'loops': -1, 'priority': None, 'block': False, 'delay': None, 'track': None, 'volume': None, 'ducking': {}, 'pan': None, 'start_at': None, 'fade_in': None, 'fade_out': None, 'about_to_finish_time': -1.0, 'max_queue_time': -1.0, 'events_when_played': ['use_sound_setting'], 'events_when_stopped': ['use_sound_setting'], 'events_when_looping': ['use_sound_setting'], 'events_when_about_to_finish': ['use_sound_setting'], 'mode_end_action': 'use_sound_setting', 'key': 'use_sound_setting'}}, 'context': '_global', 'calling_context': 'mode_base_started', 'priority': 0, 'player': 1, 'ball': 3, 'balls_remaining': 0, 'is_extra_ball': False}
2025-10-07 16:54:18,895 : mpfmc : SlidePlayer: Play called with settings={'widgets': {'widgets': [{'type': 'text', 'text': '(score)', 'number_grouping': True, 'min_digits': 2, 'font_size': 100, '_default_settings': ['type', 'text', 'number_grouping', 'min_digits', 'font_size'], 'x': None, 'y': None, 'anchor_x': 'center', 'anchor_y': 'center', 'round_anchor_x': None, 'round_anchor_y': None, 'opacity': 1.0, 'z': 0, 'reset_animations_events': {}, 'color': [1.0, 1.0, 1.0, 1.0], 'style': [], 'adjust_top': 0, 'adjust_bottom': 0, 'adjust_left': 0, 'adjust_right': 0, 'expire': None, 'key': None, 'widget': None, 'events_when_added': [], 'events_when_removed': [], 'bitmap_font': False, 'font_kerning': True, 'bold': False, 'italic': False, 'halign': 'center', 'valign': 'middle', 'rotation': 0, 'scale': 1.0, 'casing': None, 'outline_color': [1.0, 1.0, 1.0, 1.0], 'outline_width': 0, 'animations': None}, {'type': 'text', 'text': 'PLAYER (number)', 'y': '10', 'x': '10', 'font_size': 50, 'anchor_x': 'left', 'anchor_y': 'bottom', '_default_settings': ['type', 'text', 'y', 'x', 'font_size', 'anchor_x', 'anchor_y'], 'round_anchor_x': None, 'round_anchor_y': None, 'opacity': 1.0, 'z': 0, 'reset_animations_events': {}, 'color': [1.0, 1.0, 1.0, 1.0], 'style': [], 'adjust_top': 0, 'adjust_bottom': 0, 'adjust_left': 0, 'adjust_right': 0, 'expire': None, 'key': None, 'widget': None, 'events_when_added': [], 'events_when_removed': [], 'bitmap_font': False, 'font_kerning': True, 'bold': False, 'italic': False, 'number_grouping': False, 'min_digits': 0, 'halign': 'center', 'valign': 'middle', 'rotation': 0, 'scale': 1.0, 'casing': None, 'outline_color': [1.0, 1.0, 1.0, 1.0], 'outline_width': 0, 'animations': None}, {'type': 'text', 'text': 'BALL (ball)', 'y': '10', 'x': 'right-10', 'anchor_x': 'right', 'anchor_y': 'bottom', 'font_size': 50, '_default_settings': ['type', 'text', 'y', 'x', 'anchor_x', 'anchor_y', 'font_size'], 'round_anchor_x': None, 'round_anchor_y': None, 'opacity': 1.0, 'z': 0, 'reset_animations_events': {}, 'color': [1.0, 1.0, 1.0, 1.0], 'style': [], 'adjust_top': 0, 'adjust_bottom': 0, 'adjust_left': 0, 'adjust_right': 0, 'expire': None, 'key': None, 'widget': None, 'events_when_added': [], 'events_when_removed': [], 'bitmap_font': False, 'font_kerning': True, 'bold': False, 'italic': False, 'number_grouping': False, 'min_digits': 0, 'halign': 'center', 'valign': 'middle', 'rotation': 0, 'scale': 1.0, 'casing': None, 'outline_color': [1.0, 1.0, 1.0, 1.0], 'outline_width': 0, 'animations': None}, {'type': 'text', 'text': 'POTATO VALUE: (potato)', 'y': '40%', '_default_settings': ['type', 'text', 'y'], 'x': None, 'anchor_x': 'center', 'anchor_y': 'center', 'round_anchor_x': None, 'round_anchor_y': None, 'opacity': 1.0, 'z': 0, 'reset_animations_events': {}, 'color': [1.0, 1.0, 1.0, 1.0], 'style': [], 'adjust_top': 0, 'adjust_bottom': 0, 'adjust_left': 0, 'adjust_right': 0, 'expire': None, 'key': None, 'widget': None, 'events_when_added': [], 'events_when_removed': [], 'font_size': 15, 'bitmap_font': False, 'font_kerning': True, 'bold': False, 'italic': False, 'number_grouping': False, 'min_digits': 0, 'halign': 'center', 'valign': 'middle', 'rotation': 0, 'scale': 1.0, 'casing': None, 'outline_color': [1.0, 1.0, 1.0, 1.0], 'outline_width': 0, 'animations': None}], 'target': None, 'background_color': [0.0, 0.0, 0.0, 1.0], 'priority': None, 'show': True, 'force': False, 'expire': None, 'slide': None, 'tokens': {}, 'action': 'play'}}
2025-10-07 16:54:18,902 : EventManager : Event: ======'slide_base.slide_player-mode_base_started_created'====== Args={}
2025-10-07 16:54:18,905 : EventManager : Event: ======'slide_base.slide_player-mode_base_started_active'====== Args={}
2025-10-07 16:54:19,035 : EventManager : Event: ======'machine_var_audits_switches_s_plunger'====== Args={'value': 253, 'prev_value': 252, 'change': 1}
2025-10-07 16:54:35,283 : EventManager : Event: ======'machine_var_audits_switches_s_right_inlane'====== Args={'value': 169, 'prev_value': 168, 'change': 1}
2025-10-07 16:54:35,295 : EventManager : Event: ======'machine_var_audits_shots_right_inlane_shot'====== Args={'value': 42, 'prev_value': 41, 'change': 1}
2025-10-07 16:54:35,295 : EventManager : Event: ======'player_score'====== Args={'value': 668, 'prev_value': 568, 'change': 100, 'player_num': 1}
2025-10-07 16:54:35,296 : EventManager : Event: ======'player_score'====== Args={'value': 710, 'prev_value': 668, 'change': 42, 'player_num': 1}
2025-10-07 16:54:35,606 : EventManager : Event: ======'machine_var_audits_switches_s_right_inlane'====== Args={'value': 170, 'prev_value': 169, 'change': 1}
2025-10-07 16:54:35,619 : EventManager : Event: ======'machine_var_audits_shots_right_inlane_shot'====== Args={'value': 43, 'prev_value': 42, 'change': 1}
2025-10-07 16:54:35,619 : EventManager : Event: ======'player_score'====== Args={'value': 810, 'prev_value': 710, 'change': 100, 'player_num': 1}
2025-10-07 16:54:35,620 : EventManager : Event: ======'player_score'====== Args={'value': 852, 'prev_value': 810, 'change': 42, 'player_num': 1}
2025-10-07 16:54:35,810 : EventManager : Event: ======'machine_var_audits_switches_s_right_inlane'====== Args={'value': 171, 'prev_value': 170, 'change': 1}
2025-10-07 16:54:35,811 : EventManager : Event: ======'machine_var_audits_shots_right_inlane_shot'====== Args={'value': 44, 'prev_value': 43, 'change': 1}
2025-10-07 16:54:35,811 : EventManager : Event: ======'player_score'====== Args={'value': 952, 'prev_value': 852, 'change': 100, 'player_num': 1}
2025-10-07 16:54:35,812 : EventManager : Event: ======'player_score'====== Args={'value': 994, 'prev_value': 952, 'change': 42, 'player_num': 1}
2025-10-07 16:54:35,993 : EventManager : Event: ======'machine_var_audits_switches_s_right_inlane'====== Args={'value': 172, 'prev_value': 171, 'change': 1}
2025-10-07 16:54:35,993 : EventManager : Event: ======'machine_var_audits_shots_right_inlane_shot'====== Args={'value': 45, 'prev_value': 44, 'change': 1}
2025-10-07 16:54:35,993 : EventManager : Event: ======'player_score'====== Args={'value': 1094, 'prev_value': 994, 'change': 100, 'player_num': 1}
2025-10-07 16:54:35,993 : EventManager : Event: ======'player_score'====== Args={'value': 1136, 'prev_value': 1094, 'change': 42, 'player_num': 1}
2025-10-07 16:54:36,196 : EventManager : Event: ======'machine_var_audits_switches_s_right_inlane'====== Args={'value': 173, 'prev_value': 172, 'change': 1}
2025-10-07 16:54:36,196 : EventManager : Event: ======'machine_var_audits_shots_right_inlane_shot'====== Args={'value': 46, 'prev_value': 45, 'change': 1}
2025-10-07 16:54:36,196 : EventManager : Event: ======'player_score'====== Args={'value': 1236, 'prev_value': 1136, 'change': 100, 'player_num': 1}
2025-10-07 16:54:36,197 : EventManager : Event: ======'player_score'====== Args={'value': 1278, 'prev_value': 1236, 'change': 42, 'player_num': 1}
2025-10-07 16:54:36,413 : EventManager : Event: ======'machine_var_audits_switches_s_right_inlane'====== Args={'value': 174, 'prev_value': 173, 'change': 1}
2025-10-07 16:54:36,425 : EventManager : Event: ======'machine_var_audits_shots_right_inlane_shot'====== Args={'value': 47, 'prev_value': 46, 'change': 1}
2025-10-07 16:54:36,425 : EventManager : Event: ======'player_score'====== Args={'value': 1378, 'prev_value': 1278, 'change': 100, 'player_num': 1}
2025-10-07 16:54:36,426 : EventManager : Event: ======'player_score'====== Args={'value': 1420, 'prev_value': 1378, 'change': 42, 'player_num': 1}
2025-10-07 16:54:36,603 : EventManager : Event: ======'machine_var_audits_switches_s_right_inlane'====== Args={'value': 175, 'prev_value': 174, 'change': 1}
2025-10-07 16:54:36,603 : EventManager : Event: ======'machine_var_audits_shots_right_inlane_shot'====== Args={'value': 48, 'prev_value': 47, 'change': 1}
2025-10-07 16:54:36,603 : EventManager : Event: ======'player_score'====== Args={'value': 1520, 'prev_value': 1420, 'change': 100, 'player_num': 1}
2025-10-07 16:54:36,603 : EventManager : Event: ======'player_score'====== Args={'value': 1562, 'prev_value': 1520, 'change': 42, 'player_num': 1}
2025-10-07 16:54:36,770 : EventManager : Event: ======'machine_var_audits_switches_s_right_inlane'====== Args={'value': 176, 'prev_value': 175, 'change': 1}
2025-10-07 16:54:36,770 : EventManager : Event: ======'machine_var_audits_shots_right_inlane_shot'====== Args={'value': 49, 'prev_value': 48, 'change': 1}
2025-10-07 16:54:36,770 : EventManager : Event: ======'player_score'====== Args={'value': 1662, 'prev_value': 1562, 'change': 100, 'player_num': 1}
2025-10-07 16:54:36,771 : EventManager : Event: ======'player_score'====== Args={'value': 1704, 'prev_value': 1662, 'change': 42, 'player_num': 1}
2025-10-07 16:54:37,001 : EventManager : Event: ======'machine_var_audits_switches_s_right_inlane'====== Args={'value': 177, 'prev_value': 176, 'change': 1}
2025-10-07 16:54:37,002 : EventManager : Event: ======'machine_var_audits_shots_right_inlane_shot'====== Args={'value': 50, 'prev_value': 49, 'change': 1}
2025-10-07 16:54:37,002 : EventManager : Event: ======'player_score'====== Args={'value': 1804, 'prev_value': 1704, 'change': 100, 'player_num': 1}
2025-10-07 16:54:37,003 : EventManager : Event: ======'player_score'====== Args={'value': 1846, 'prev_value': 1804, 'change': 42, 'player_num': 1}
2025-10-07 16:54:37,227 : EventManager : Event: ======'machine_var_audits_switches_s_right_inlane'====== Args={'value': 178, 'prev_value': 177, 'change': 1}
2025-10-07 16:54:37,239 : EventManager : Event: ======'machine_var_audits_shots_right_inlane_shot'====== Args={'value': 51, 'prev_value': 50, 'change': 1}
2025-10-07 16:54:37,239 : EventManager : Event: ======'player_score'====== Args={'value': 1946, 'prev_value': 1846, 'change': 100, 'player_num': 1}
2025-10-07 16:54:37,240 : EventManager : Event: ======'player_score'====== Args={'value': 1988, 'prev_value': 1946, 'change': 42, 'player_num': 1}
2025-10-07 16:54:37,788 : EventManager : Event: ======'machine_var_audits_switches_s_right_inlane'====== Args={'value': 179, 'prev_value': 178, 'change': 1}
2025-10-07 16:54:37,789 : EventManager : Event: ======'machine_var_audits_shots_right_inlane_shot'====== Args={'value': 52, 'prev_value': 51, 'change': 1}
2025-10-07 16:54:37,789 : EventManager : Event: ======'player_score'====== Args={'value': 2088, 'prev_value': 1988, 'change': 100, 'player_num': 1}
2025-10-07 16:54:37,790 : EventManager : Event: ======'player_score'====== Args={'value': 2130, 'prev_value': 2088, 'change': 42, 'player_num': 1}
2025-10-07 16:54:38,131 : EventManager : Event: ======'machine_var_audits_switches_s_right_inlane'====== Args={'value': 180, 'prev_value': 179, 'change': 1}
2025-10-07 16:54:38,143 : EventManager : Event: ======'machine_var_audits_shots_right_inlane_shot'====== Args={'value': 53, 'prev_value': 52, 'change': 1}
2025-10-07 16:54:38,143 : EventManager : Event: ======'player_score'====== Args={'value': 2230, 'prev_value': 2130, 'change': 100, 'player_num': 1}
2025-10-07 16:54:38,143 : EventManager : Event: ======'player_score'====== Args={'value': 2272, 'prev_value': 2230, 'change': 42, 'player_num': 1}
2025-10-07 16:54:39,281 : EventManager : Event: ======'machine_var_audits_switches_s_trough1'====== Args={'value': 167, 'prev_value': 166, 'change': 1}
2025-10-07 16:54:39,792 : EventManager : Event: ======'slides_clear'====== Args={'context': 'base'}
2025-10-07 16:54:39,792 : EventManager : Event: ======'sounds_clear'====== Args={'context': 'base'}
2025-10-07 16:54:39,793 : EventManager : Event: ======'slide_base.slide_player-mode_base_started_removed'====== Args={}
2025-10-07 16:54:39,794 : EventManager : Event: ======'sounds_play'====== Args={'settings': {'mode': {'action': 'stop', 'priority': None, 'block': False, 'delay': None, 'track': None, 'volume': None, 'ducking': {}, 'pan': None, 'loops': None, 'start_at': None, 'fade_in': None, 'fade_out': None, 'about_to_finish_time': -1.0, 'max_queue_time': -1.0, 'events_when_played': ['use_sound_setting'], 'events_when_stopped': ['use_sound_setting'], 'events_when_looping': ['use_sound_setting'], 'events_when_about_to_finish': ['use_sound_setting'], 'mode_end_action': 'use_sound_setting', 'key': 'use_sound_setting'}}, 'context': '_global', 'calling_context': 'mode_base_stopped', 'priority': 0}
2025-10-07 16:54:39,796 : EventManager : Event: ======'slide_window_blank_active'====== Args={}
2025-10-07 16:54:39,877 : EventManager : Event: ======'machine_var_player1_score'====== Args={'value': 2272, 'prev_value': 16942, 'change': -14670}
2025-10-07 16:54:39,902 : EventManager : Event: ======'slides_play'====== Args={'settings': {'awesome_slide': {'widgets': [{'type': 'text', 'text': 'TIME TRAVEL 1985', 'font_size': 50, '_default_settings': ['type', 'text', 'font_size'], 'x': None, 'y': None, 'anchor_x': 'center', 'anchor_y': 'center', 'round_anchor_x': None, 'round_anchor_y': None, 'opacity': 1.0, 'z': 0, 'reset_animations_events': {}, 'color': [1.0, 1.0, 1.0, 1.0], 'style': [], 'adjust_top': 0, 'adjust_bottom': 0, 'adjust_left': 0, 'adjust_right': 0, 'expire': None, 'key': None, 'widget': None, 'events_when_added': [], 'events_when_removed': [], 'bitmap_font': False, 'font_kerning': True, 'bold': False, 'italic': False, 'number_grouping': False, 'min_digits': 0, 'halign': 'center', 'valign': 'middle', 'rotation': 0, 'scale': 1.0, 'casing': None, 'outline_color': [1.0, 1.0, 1.0, 1.0], 'outline_width': 0, 'animations': None}], 'transition': {'type': 'push', 'duration': 1.0, 'direction': 'left', 'easing': 'out_quad'}, 'target': None, 'background_color': [0.0, 0.0, 0.0, 1.0], 'priority': None, 'show': True, 'force': False, 'expire': None, 'slide': None, 'tokens': {}, 'action': 'play'}}, 'context': 'show_41', 'calling_context': 0, 'priority': 10, 'show_tokens': {}, 'start_time': 105218.531}
2025-10-07 16:54:39,902 : EventManager : Event: ======'sounds_play'====== Args={'settings': {'music': {'action': 'play', 'loops': -1, 'priority': None, 'block': False, 'delay': None, 'track': None, 'volume': None, 'ducking': {}, 'pan': None, 'start_at': None, 'fade_in': None, 'fade_out': None, 'about_to_finish_time': -1.0, 'max_queue_time': -1.0, 'events_when_played': ['use_sound_setting'], 'events_when_stopped': ['use_sound_setting'], 'events_when_looping': ['use_sound_setting'], 'events_when_about_to_finish': ['use_sound_setting'], 'mode_end_action': 'use_sound_setting', 'key': 'use_sound_setting'}}, 'context': '_global', 'calling_context': 'mode_attract_started', 'priority': 0}
2025-10-07 16:54:39,902 : EventManager : Event: ======'game_ended'====== Args={}
2025-10-07 16:54:39,902 : mpfmc : SlidePlayer: Play called with settings={'awesome_slide': {'widgets': [{'type': 'text', 'text': 'TIME TRAVEL 1985', 'font_size': 50, '_default_settings': ['type', 'text', 'font_size'], 'x': None, 'y': None, 'anchor_x': 'center', 'anchor_y': 'center', 'round_anchor_x': None, 'round_anchor_y': None, 'opacity': 1.0, 'z': 0, 'reset_animations_events': {}, 'color': [1.0, 1.0, 1.0, 1.0], 'style': [], 'adjust_top': 0, 'adjust_bottom': 0, 'adjust_left': 0, 'adjust_right': 0, 'expire': None, 'key': None, 'widget': None, 'events_when_added': [], 'events_when_removed': [], 'bitmap_font': False, 'font_kerning': True, 'bold': False, 'italic': False, 'number_grouping': False, 'min_digits': 0, 'halign': 'center', 'valign': 'middle', 'rotation': 0, 'scale': 1.0, 'casing': None, 'outline_color': [1.0, 1.0, 1.0, 1.0], 'outline_width': 0, 'animations': None}], 'transition': {'type': 'push', 'duration': 1.0, 'direction': 'left', 'easing': 'out_quad'}, 'target': None, 'background_color': [0.0, 0.0, 0.0, 1.0], 'priority': None, 'show': True, 'force': False, 'expire': None, 'slide': None, 'tokens': {}, 'action': 'play'}}
2025-10-07 16:54:39,904 : EventManager : Event: ======'slide_awesome_slide_created'====== Args={}
2025-10-07 16:54:39,904 : EventManager : Event: ======'slide_awesome_slide_active'====== Args={}
2025-10-07 16:54:42,873 : EventManager : Event: ======'slides_play'====== Args={'settings': {'press_start': {'widgets': [{'type': 'Text', 'text': 'PRESS START', 'animations': {'pre_show_slide': [{'property': ['opacity'], 'value': ['0'], 'duration': 0.5, 'relative': False, 'timing': 'after_previous', 'repeat': False, 'easing': 'linear', 'step': 0.0}, {'property': ['opacity'], 'value': ['1'], 'duration': 0.5, 'repeat': False, 'relative': False, 'timing': 'after_previous', 'easing': 'linear', 'step': 0.0}]}, '_default_settings': ['type', 'text', 'animations'], 'x': None, 'y': None, 'anchor_x': 'center', 'anchor_y': 'center', 'round_anchor_x': None, 'round_anchor_y': None, 'opacity': 1.0, 'z': 0, 'reset_animations_events': {}, 'color': [1.0, 1.0, 1.0, 1.0], 'style': [], 'adjust_top': 0, 'adjust_bottom': 0, 'adjust_left': 0, 'adjust_right': 0, 'expire': None, 'key': None, 'widget': None, 'events_when_added': [], 'events_when_removed': [], 'font_size': 15, 'bitmap_font': False, 'font_kerning': True, 'bold': False, 'italic': False, 'number_grouping': False, 'min_digits': 0, 'halign': 'center', 'valign': 'middle', 'rotation': 0, 'scale': 1.0, 'casing': None, 'outline_color': [1.0, 1.0, 1.0, 1.0], 'outline_width': 0}, {'type': 'Text', 'text': 'FREE PLAY', 'color': [0.0, 0.5019607843137255, 0.0, 1], 'y': '10', 'anchor_y': 'bottom', '_default_settings': ['type', 'text', 'color', 'y', 'anchor_y'], 'x': None, 'anchor_x': 'center', 'round_anchor_x': None, 'round_anchor_y': None, 'opacity': 1.0, 'z': 0, 'reset_animations_events': {}, 'style': [], 'adjust_top': 0, 'adjust_bottom': 0, 'adjust_left': 0, 'adjust_right': 0, 'expire': None, 'key': None, 'widget': None, 'events_when_added': [], 'events_when_removed': [], 'font_size': 15, 'bitmap_font': False, 'font_kerning': True, 'bold': False, 'italic': False, 'number_grouping': False, 'min_digits': 0, 'halign': 'center', 'valign': 'middle', 'rotation': 0, 'scale': 1.0, 'casing': None, 'outline_color': [1.0, 1.0, 1.0, 1.0], 'outline_width': 0, 'animations': None}], 'transition': {'type': 'move_in', 'duration': 1.0, 'direction': 'right', 'easing': 'out_quad'}, 'target': None, 'background_color': [0.0, 0.0, 0.0, 1.0], 'priority': None, 'show': True, 'force': False, 'expire': None, 'slide': None, 'tokens': {}, 'action': 'play'}}, 'context': 'show_41', 'calling_context': 1, 'priority': 10, 'show_tokens': {}, 'start_time': 105221.531}
2025-10-07 16:54:42,873 : mpfmc : SlidePlayer: Play called with settings={'press_start': {'widgets': [{'type': 'Text', 'text': 'PRESS START', 'animations': {'pre_show_slide': [{'property': ['opacity'], 'value': ['0'], 'duration': 0.5, 'relative': False, 'timing': 'after_previous', 'repeat': False, 'easing': 'linear', 'step': 0.0}, {'property': ['opacity'], 'value': ['1'], 'duration': 0.5, 'repeat': False, 'relative': False, 'timing': 'after_previous', 'easing': 'linear', 'step': 0.0}]}, '_default_settings': ['type', 'text', 'animations'], 'x': None, 'y': None, 'anchor_x': 'center', 'anchor_y': 'center', 'round_anchor_x': None, 'round_anchor_y': None, 'opacity': 1.0, 'z': 0, 'reset_animations_events': {}, 'color': [1.0, 1.0, 1.0, 1.0], 'style': [], 'adjust_top': 0, 'adjust_bottom': 0, 'adjust_left': 0, 'adjust_right': 0, 'expire': None, 'key': None, 'widget': None, 'events_when_added': [], 'events_when_removed': [], 'font_size': 15, 'bitmap_font': False, 'font_kerning': True, 'bold': False, 'italic': False, 'number_grouping': False, 'min_digits': 0, 'halign': 'center', 'valign': 'middle', 'rotation': 0, 'scale': 1.0, 'casing': None, 'outline_color': [1.0, 1.0, 1.0, 1.0], 'outline_width': 0}, {'type': 'Text', 'text': 'FREE PLAY', 'color': [0.0, 0.5019607843137255, 0.0, 1], 'y': '10', 'anchor_y': 'bottom', '_default_settings': ['type', 'text', 'color', 'y', 'anchor_y'], 'x': None, 'anchor_x': 'center', 'round_anchor_x': None, 'round_anchor_y': None, 'opacity': 1.0, 'z': 0, 'reset_animations_events': {}, 'style': [], 'adjust_top': 0, 'adjust_bottom': 0, 'adjust_left': 0, 'adjust_right': 0, 'expire': None, 'key': None, 'widget': None, 'events_when_added': [], 'events_when_removed': [], 'font_size': 15, 'bitmap_font': False, 'font_kerning': True, 'bold': False, 'italic': False, 'number_grouping': False, 'min_digits': 0, 'halign': 'center', 'valign': 'middle', 'rotation': 0, 'scale': 1.0, 'casing': None, 'outline_color': [1.0, 1.0, 1.0, 1.0], 'outline_width': 0, 'animations': None}], 'transition': {'type': 'move_in', 'duration': 1.0, 'direction': 'right', 'easing': 'out_quad'}, 'target': None, 'background_color': [0.0, 0.0, 0.0, 1.0], 'priority': None, 'show': True, 'force': False, 'expire': None, 'slide': None, 'tokens': {}, 'action': 'play'}}
2025-10-07 16:54:42,875 : EventManager : Event: ======'slide_press_start_created'====== Args={}
2025-10-07 16:54:42,876 : EventManager : Event: ======'slide_press_start_active'====== Args={}
2025-10-07 16:54:43,510 : kivy : Base: Leaving application in progress...
2025-10-07 16:54:43,510 : mpfmc : Stopping...
2025-10-07 16:54:43,511 : EventManager : Event: ======'shutdown'====== Args={}
2025-10-07 16:54:43,511 : AudioInterface : Disabling audio playback
2025-10-07 16:54:43,650 : mpfmc : Loop rate 74.88 Hz
