2025-11-02 10:59:18,071 : kivy : deps: Successfully imported "kivy_deps.gstreamer" 0.3.3
2025-11-02 10:59:18,072 : kivy : deps: Successfully imported "kivy_deps.angle" 0.3.3
2025-11-02 10:59:18,072 : kivy : deps: Successfully imported "kivy_deps.glew" 0.3.1
2025-11-02 10:59:18,072 : kivy : deps: Successfully imported "kivy_deps.sdl2" 0.6.0
2025-11-02 10:59:18,072 : kivy : Kivy: v2.2.1
2025-11-02 10:59:18,072 : kivy : Kivy: Installed at "C:\Users\richa\mpfvirtual4\lib\site-packages\kivy\__init__.py"
2025-11-02 10:59:18,072 : kivy : Python: v3.9.13 (tags/v3.9.13:6de2ca5, May 17 2022, 16:36:42) [MSC v.1929 64 bit (AMD64)]
2025-11-02 10:59:18,073 : kivy : Python: Interpreter at "C:\Users\richa\mpfvirtual4\Scripts\python.exe"
2025-11-02 10:59:18,104 : kivy : Factory: 190 symbols loaded
2025-11-02 10:59:18,372 : kivy : ImageLoaderFFPy: Using ffpyplayer 4.5.0
2025-11-02 10:59:18,372 : kivy : Image: Providers: img_tex, img_dds, img_sdl2, img_pil, img_ffpyplayer 
2025-11-02 10:59:18,560 : kivy : VideoGstplayer: Using Gstreamer 1.18.5.0
2025-11-02 10:59:18,560 : kivy : Video: Provider: gstplayer
2025-11-02 10:59:18,600 : root : Loading MPF-MC controller
2025-11-02 10:59:18,604 : YamlMultifileConfigLoader : Machine config file #1: config
2025-11-02 10:59:18,604 : ConfigProcessor : Config file in cache changed: C:\Users\richa\ttp7\config\config
2025-11-02 10:59:18,604 : ConfigProcessor : Loading config from file C:\Users\richa\mpfvirtual4\lib\site-packages\mpfmc\mcconfig.yaml.
2025-11-02 10:59:18,613 : ConfigProcessor : Loading config: C:\Users\richa\mpfvirtual4\lib\site-packages\mpfmc\mcconfig.yaml
2025-11-02 10:59:18,614 : ConfigProcessor : Loading config from file C:\Users\richa\ttp7\config\config.
2025-11-02 10:59:18,617 : ConfigProcessor : Loading config: C:\Users\richa\ttp7\config\config
2025-11-02 10:59:18,618 : ConfigProcessor : Loading config: C:\Users\richa\ttp7\config\config_sounds.yaml
2025-11-02 10:59:18,620 : ConfigProcessor : Loading config: C:\Users\richa\ttp7\config\config_ball_devices.yaml
2025-11-02 10:59:18,622 : ConfigProcessor : Loading config: C:\Users\richa\ttp7\config\config_coils.yaml
2025-11-02 10:59:18,623 : ConfigProcessor : Loading config: C:\Users\richa\ttp7\config\config_flippers.yaml
2025-11-02 10:59:18,629 : ConfigProcessor : Loading config: C:\Users\richa\ttp7\config\config_switches.yaml
2025-11-02 10:59:18,635 : ConfigProcessor : Loading config: C:\Users\richa\ttp7\config\config_lights.yaml
2025-11-02 10:59:18,639 : ConfigProcessor : Loading config: C:\Users\richa\ttp7\config\config_credits.yaml
2025-11-02 10:59:18,642 : ConfigProcessor : Loading config: C:\Users\richa\ttp7\config\config_droptargets.yaml
2025-11-02 10:59:18,646 : ConfigProcessor : Config file cache created: C:\Users\richa\AppData\Local\Temp\b8d8c5e8bc023a38ee4d8abbd35c8fd3.mpf_cache
2025-11-02 10:59:18,647 : ConfigProcessor : Loading config from cache: C:\Users\richa\AppData\Local\Temp\70233839fc0b792ce11a62f3c18c1950.mpf_cache
2025-11-02 10:59:18,647 : ConfigProcessor : Loading config from cache: C:\Users\richa\AppData\Local\Temp\9c8dea79ca4d15ee886340e992e8cb9d.mpf_cache
2025-11-02 10:59:18,648 : ConfigProcessor : Loading config from cache: C:\Users\richa\AppData\Local\Temp\67a19b095f918111543419ac0271bfb1.mpf_cache
2025-11-02 10:59:18,649 : ConfigProcessor : Loading config from cache: C:\Users\richa\AppData\Local\Temp\be387b0e8ed00556ec738d83cd6947d1.mpf_cache
2025-11-02 10:59:18,650 : ConfigProcessor : Loading config from cache: C:\Users\richa\AppData\Local\Temp\5a8efabd9666d8c71fa755fc28a9bf1e.mpf_cache
2025-11-02 10:59:18,651 : ConfigProcessor : Loading config from cache: C:\Users\richa\AppData\Local\Temp\fb58745e58584e219ff53db445e8e9f2.mpf_cache
2025-11-02 10:59:18,651 : ConfigProcessor : Loading config from cache: C:\Users\richa\AppData\Local\Temp\3a5badf48d988f9fc0f9b093a934917d.mpf_cache
2025-11-02 10:59:18,652 : ConfigProcessor : Loading config from cache: C:\Users\richa\AppData\Local\Temp\9e788d9ac28f3464b985b20edf80a10e.mpf_cache
2025-11-02 10:59:18,652 : ConfigProcessor : Loading config from cache: C:\Users\richa\AppData\Local\Temp\7e426d8ffa907371bf962f3181d8bdf2.mpf_cache
2025-11-02 10:59:18,653 : ConfigProcessor : Loading config from cache: C:\Users\richa\AppData\Local\Temp\77e0376825dda61b91775259cce643ad.mpf_cache
2025-11-02 10:59:18,654 : ConfigProcessor : Loading config from cache: C:\Users\richa\AppData\Local\Temp\e68c20669f80ec7d0801afbfa80f9eff.mpf_cache
2025-11-02 10:59:18,654 : ConfigProcessor : Loading config from cache: C:\Users\richa\AppData\Local\Temp\28e9108f411f2b73ba76f82bf4f68e34.mpf_cache
2025-11-02 10:59:18,655 : mpfmc : Mission Pinball Framework Media Controller (MPF-MC) v0.57.0.dev10. Requires MPF v0.57.0.dev19 or newer.
2025-11-02 10:59:18,655 : mpfmc : Found MPF v0.57.0.dev39
2025-11-02 10:59:18,655 : mpfmc : Machine path: C:\Users\richa\ttp7
2025-11-02 10:59:18,655 : mpfmc : Starting clock at 60.0Hz
2025-11-02 10:59:18,669 : kivy : Text: Provider: sdl2
2025-11-02 10:59:18,718 : kivy : Window: Provider: sdl2
2025-11-02 10:59:19,099 : kivy : GL: Using the "OpenGL" graphics system
2025-11-02 10:59:19,108 : kivy : GL: GLEW initialization succeeded
2025-11-02 10:59:19,108 : kivy : GL: Backend used <glew>
2025-11-02 10:59:19,108 : kivy : GL: OpenGL version <b'4.6.0 NVIDIA 560.94'>
2025-11-02 10:59:19,108 : kivy : GL: OpenGL vendor <b'NVIDIA Corporation'>
2025-11-02 10:59:19,108 : kivy : GL: OpenGL renderer <b'NVIDIA GeForce RTX 3050/PCIe/SSE2'>
2025-11-02 10:59:19,108 : kivy : GL: OpenGL parsed version: 4, 6
2025-11-02 10:59:19,108 : kivy : GL: Shading version <b'4.60 NVIDIA'>
2025-11-02 10:59:19,108 : kivy : GL: Texture max size <32768>
2025-11-02 10:59:19,108 : kivy : GL: Texture max units <32>
2025-11-02 10:59:19,127 : kivy : Window: auto add sdl2 input provider
2025-11-02 10:59:19,127 : kivy : Window: virtual keyboard not allowed, single mode, not docked
2025-11-02 10:59:19,527 : AudioInterface : Initialized
2025-11-02 10:59:19,527 : AudioInterface : Loaded SDL 2.26.4
2025-11-02 10:59:19,527 : AudioInterface : Loaded SDL_Mixer 2.6.3
2025-11-02 10:59:19,527 : AudioInterface : Loaded GStreamer 1.18.5.0
2025-11-02 10:59:19,527 : AudioInterface : Loaded GLib 2.62.6
2025-11-02 10:59:19,527 : AudioInterface : Settings requested - rate: 44100, channels: 1, buffer: 2048 samples
2025-11-02 10:59:19,527 : AudioInterface : Settings in use - rate: 44100, channels: 1, buffer: 2048 samples (4096 bytes @ 2 bytes per sample)
2025-11-02 10:59:19,527 : SoundSystem : Setting master volume to 0.0
2025-11-02 10:59:19,528 : AudioInterface : Enabling audio playback
2025-11-02 10:59:19,529 : kivy : Base: Start application main loop
2025-11-02 10:59:19,530 : EventManager : Event: ======'display_window_initialized'====== Args={}
2025-11-02 10:59:19,530 : EventManager : Event: ======'display_dmd_initialized'====== Args={}
2025-11-02 10:59:19,543 : mpfmc : Display: Setting 'dmd' as default display
2025-11-02 10:59:19,547 : EventManager : Event: ======'displays_initialized'====== Args={}
2025-11-02 10:59:19,548 : EventManager : Event: ======'slide_window_blank_created'====== Args={}
2025-11-02 10:59:19,548 : EventManager : Event: ======'display_window_ready'====== Args={}
2025-11-02 10:59:19,549 : EventManager : Event: ======'slide_dmd_blank_created'====== Args={}
2025-11-02 10:59:19,549 : EventManager : Event: ======'display_dmd_ready'====== Args={}
2025-11-02 10:59:19,558 : EventManager : Event: ======'init_phase_1'====== Args={}
2025-11-02 10:59:19,563 : EventManager : Event: ======'mc_ready'====== Args={}
2025-11-02 10:59:19,563 : EventManager : Event: ======'init_phase_2'====== Args={}
2025-11-02 10:59:19,568 : EventManager : Event: ======'init_phase_3'====== Args={}
2025-11-02 10:59:19,572 : EventManager : Event: ======'init_phase_4'====== Args={}
2025-11-02 10:59:19,572 : EventManager : Event: ======'init_phase_5'====== Args={}
2025-11-02 10:59:19,573 : EventManager : Event: ======'init_done'====== Args={}
2025-11-02 10:59:19,573 : MPF-MC BCP Server : Starting up on localhost port 5050
2025-11-02 10:59:19,576 : MPF-MC BCP Server : Waiting for a connection...
2025-11-02 10:59:19,576 : mpfmc : SlidePlayer: Play called with settings={'slides': {window_slide_1-None-None: {'target': 'window', 'priority': None, 'background_color': [0.0, 0.0, 0.0, 1.0], 'show': True, 'force': False, 'expire': None, 'slide': None, 'tokens': {}, 'action': 'play', 'transition': None, 'transition_out': None}}}
2025-11-02 10:59:19,578 : kivy : GL: NPOT texture support is available
2025-11-02 10:59:19,598 : EventManager : Event: ======'slide_window_slide_1_created'====== Args={}
2025-11-02 10:59:19,612 : EventManager : Event: ======'slide_window_slide_1_active'====== Args={}
2025-11-02 10:59:19,615 : EventManager : Event: ======'client_disconnected'====== Args={'host': '127.0.0.1', 'port': 5050}
2025-11-02 10:59:20,545 : MPF-MC BCP Server : Received connection from: 127.0.0.1:63017
2025-11-02 10:59:20,562 : EventManager : Event: ======'client_connected'====== Args={'host': '127.0.0.1', 'port': 63017}
2025-11-02 10:59:20,845 : EventManager : Event: ======'machine_var_credits_string'====== Args={'value': 'FREE PLAY', 'prev_value': None, 'change': True}
2025-11-02 10:59:20,845 : EventManager : Event: ======'machine_var_credit_units'====== Args={'value': 2, 'prev_value': None, 'change': True}
2025-11-02 10:59:20,845 : EventManager : Event: ======'machine_var_free_play'====== Args={'value': False, 'prev_value': None, 'change': True}
2025-11-02 10:59:20,846 : EventManager : Event: ======'machine_var_master_volume'====== Args={'value': 0.3, 'prev_value': None, 'change': True}
2025-11-02 10:59:20,846 : EventManager : Event: ======'machine_var_player1_score'====== Args={'value': 2216200, 'prev_value': None, 'change': True}
2025-11-02 10:59:20,846 : EventManager : Event: ======'machine_var_mpf_version'====== Args={'value': 'Mission Pinball Framework v0.57.0.dev39', 'prev_value': None, 'change': True}
2025-11-02 10:59:20,846 : EventManager : Event: ======'machine_var_mpf_extended_version'====== Args={'value': 'Mission Pinball Framework v0.57.0.dev39, Config version:6, Show version: 6, BCP version:1.1', 'prev_value': None, 'change': True}
2025-11-02 10:59:20,846 : EventManager : Event: ======'machine_var_python_version'====== Args={'value': '3.9.13', 'prev_value': None, 'change': True}
2025-11-02 10:59:20,846 : EventManager : Event: ======'machine_var_platform'====== Args={'value': 'Windows-10-10.0.19045-SP0', 'prev_value': None, 'change': True}
2025-11-02 10:59:20,846 : EventManager : Event: ======'machine_var_platform_system'====== Args={'value': 'Windows', 'prev_value': None, 'change': True}
2025-11-02 10:59:20,846 : EventManager : Event: ======'machine_var_platform_release'====== Args={'value': '10', 'prev_value': None, 'change': True}
2025-11-02 10:59:20,846 : EventManager : Event: ======'machine_var_platform_version'====== Args={'value': '10.0.19045', 'prev_value': None, 'change': True}
2025-11-02 10:59:20,846 : EventManager : Event: ======'machine_var_platform_machine'====== Args={'value': 'AMD64', 'prev_value': None, 'change': True}
2025-11-02 10:59:20,847 : EventManager : Event: ======'machine_var_mc_version'====== Args={'value': 'MPF-MC v0.57.0.dev10', 'prev_value': None, 'change': True}
2025-11-02 10:59:20,847 : EventManager : Event: ======'machine_var_mc_extended_version'====== Args={'value': 'MPF-MC v0.57.0.dev10 (config_version=6, BCP v1.1,                      Requires MPF API compatibility v0.57.0.dev19 or newer)', 'prev_value': None, 'change': True}
2025-11-02 10:59:20,847 : EventManager : Event: ======'machine_var_credits_string'====== Args={'value': 'FREE PLAY', 'prev_value': None, 'change': True}
2025-11-02 10:59:20,847 : EventManager : Event: ======'machine_var_credit_units'====== Args={'value': 2, 'prev_value': None, 'change': True}
2025-11-02 10:59:20,847 : EventManager : Event: ======'machine_var_free_play'====== Args={'value': False, 'prev_value': None, 'change': True}
2025-11-02 10:59:20,847 : EventManager : Event: ======'machine_var_master_volume'====== Args={'value': 0.3, 'prev_value': None, 'change': True}
2025-11-02 10:59:20,847 : EventManager : Event: ======'machine_var_player1_score'====== Args={'value': 2216200, 'prev_value': None, 'change': True}
2025-11-02 10:59:20,847 : EventManager : Event: ======'machine_var_mpf_version'====== Args={'value': 'Mission Pinball Framework v0.57.0.dev39', 'prev_value': None, 'change': True}
2025-11-02 10:59:20,847 : EventManager : Event: ======'machine_var_mpf_extended_version'====== Args={'value': 'Mission Pinball Framework v0.57.0.dev39, Config version:6, Show version: 6, BCP version:1.1', 'prev_value': None, 'change': True}
2025-11-02 10:59:20,847 : EventManager : Event: ======'machine_var_python_version'====== Args={'value': '3.9.13', 'prev_value': None, 'change': True}
2025-11-02 10:59:20,847 : EventManager : Event: ======'machine_var_platform'====== Args={'value': 'Windows-10-10.0.19045-SP0', 'prev_value': None, 'change': True}
2025-11-02 10:59:20,847 : EventManager : Event: ======'machine_var_platform_system'====== Args={'value': 'Windows', 'prev_value': None, 'change': True}
2025-11-02 10:59:20,847 : EventManager : Event: ======'machine_var_platform_release'====== Args={'value': '10', 'prev_value': None, 'change': True}
2025-11-02 10:59:20,847 : EventManager : Event: ======'machine_var_platform_version'====== Args={'value': '10.0.19045', 'prev_value': None, 'change': True}
2025-11-02 10:59:20,847 : EventManager : Event: ======'machine_var_platform_machine'====== Args={'value': 'AMD64', 'prev_value': None, 'change': True}
2025-11-02 10:59:20,847 : EventManager : Event: ======'machine_var_mc_version'====== Args={'value': 'MPF-MC v0.57.0.dev10', 'prev_value': None, 'change': True}
2025-11-02 10:59:20,848 : EventManager : Event: ======'machine_var_mc_extended_version'====== Args={'value': 'MPF-MC v0.57.0.dev10 (config_version=6, BCP v1.1,                      Requires MPF API compatibility v0.57.0.dev19 or newer)', 'prev_value': None, 'change': True}
2025-11-02 10:59:20,848 : EventManager : Event: ======'machine_var_credits_string'====== Args={'value': 'FREE PLAY', 'prev_value': None, 'change': True}
2025-11-02 10:59:20,848 : EventManager : Event: ======'machine_var_credit_units'====== Args={'value': 2, 'prev_value': None, 'change': True}
2025-11-02 10:59:20,848 : EventManager : Event: ======'machine_var_free_play'====== Args={'value': False, 'prev_value': None, 'change': True}
2025-11-02 10:59:20,848 : EventManager : Event: ======'machine_var_master_volume'====== Args={'value': 0.3, 'prev_value': None, 'change': True}
2025-11-02 10:59:20,848 : EventManager : Event: ======'machine_var_player1_score'====== Args={'value': 2216200, 'prev_value': None, 'change': True}
2025-11-02 10:59:20,848 : EventManager : Event: ======'machine_var_mpf_version'====== Args={'value': 'Mission Pinball Framework v0.57.0.dev39', 'prev_value': None, 'change': True}
2025-11-02 10:59:20,848 : EventManager : Event: ======'machine_var_mpf_extended_version'====== Args={'value': 'Mission Pinball Framework v0.57.0.dev39, Config version:6, Show version: 6, BCP version:1.1', 'prev_value': None, 'change': True}
2025-11-02 10:59:20,848 : EventManager : Event: ======'machine_var_python_version'====== Args={'value': '3.9.13', 'prev_value': None, 'change': True}
2025-11-02 10:59:20,848 : EventManager : Event: ======'machine_var_platform'====== Args={'value': 'Windows-10-10.0.19045-SP0', 'prev_value': None, 'change': True}
2025-11-02 10:59:20,848 : EventManager : Event: ======'machine_var_platform_system'====== Args={'value': 'Windows', 'prev_value': None, 'change': True}
2025-11-02 10:59:20,848 : EventManager : Event: ======'machine_var_platform_release'====== Args={'value': '10', 'prev_value': None, 'change': True}
2025-11-02 10:59:20,848 : EventManager : Event: ======'machine_var_platform_version'====== Args={'value': '10.0.19045', 'prev_value': None, 'change': True}
2025-11-02 10:59:20,848 : EventManager : Event: ======'machine_var_platform_machine'====== Args={'value': 'AMD64', 'prev_value': None, 'change': True}
2025-11-02 10:59:20,848 : EventManager : Event: ======'machine_var_mc_version'====== Args={'value': 'MPF-MC v0.57.0.dev10', 'prev_value': None, 'change': True}
2025-11-02 10:59:20,849 : EventManager : Event: ======'machine_var_mc_extended_version'====== Args={'value': 'MPF-MC v0.57.0.dev10 (config_version=6, BCP v1.1,                      Requires MPF API compatibility v0.57.0.dev19 or newer)', 'prev_value': None, 'change': True}
2025-11-02 10:59:20,849 : EventManager : Event: ======'machine_var_credits_string'====== Args={'value': 'FREE PLAY', 'prev_value': None, 'change': True}
2025-11-02 10:59:20,849 : EventManager : Event: ======'machine_var_credit_units'====== Args={'value': 2, 'prev_value': None, 'change': True}
2025-11-02 10:59:20,849 : EventManager : Event: ======'machine_var_free_play'====== Args={'value': False, 'prev_value': None, 'change': True}
2025-11-02 10:59:20,849 : EventManager : Event: ======'machine_var_master_volume'====== Args={'value': 0.3, 'prev_value': None, 'change': True}
2025-11-02 10:59:20,849 : EventManager : Event: ======'machine_var_player1_score'====== Args={'value': 2216200, 'prev_value': None, 'change': True}
2025-11-02 10:59:20,849 : EventManager : Event: ======'machine_var_mpf_version'====== Args={'value': 'Mission Pinball Framework v0.57.0.dev39', 'prev_value': None, 'change': True}
2025-11-02 10:59:20,849 : EventManager : Event: ======'machine_var_mpf_extended_version'====== Args={'value': 'Mission Pinball Framework v0.57.0.dev39, Config version:6, Show version: 6, BCP version:1.1', 'prev_value': None, 'change': True}
2025-11-02 10:59:20,849 : EventManager : Event: ======'machine_var_python_version'====== Args={'value': '3.9.13', 'prev_value': None, 'change': True}
2025-11-02 10:59:20,849 : EventManager : Event: ======'machine_var_platform'====== Args={'value': 'Windows-10-10.0.19045-SP0', 'prev_value': None, 'change': True}
2025-11-02 10:59:20,849 : EventManager : Event: ======'machine_var_platform_system'====== Args={'value': 'Windows', 'prev_value': None, 'change': True}
2025-11-02 10:59:20,849 : EventManager : Event: ======'machine_var_platform_release'====== Args={'value': '10', 'prev_value': None, 'change': True}
2025-11-02 10:59:20,849 : EventManager : Event: ======'machine_var_platform_version'====== Args={'value': '10.0.19045', 'prev_value': None, 'change': True}
2025-11-02 10:59:20,849 : EventManager : Event: ======'machine_var_platform_machine'====== Args={'value': 'AMD64', 'prev_value': None, 'change': True}
2025-11-02 10:59:20,849 : EventManager : Event: ======'machine_var_mc_version'====== Args={'value': 'MPF-MC v0.57.0.dev10', 'prev_value': None, 'change': True}
2025-11-02 10:59:20,849 : EventManager : Event: ======'machine_var_mc_extended_version'====== Args={'value': 'MPF-MC v0.57.0.dev10 (config_version=6, BCP v1.1,                      Requires MPF API compatibility v0.57.0.dev19 or newer)', 'prev_value': None, 'change': True}
2025-11-02 10:59:20,850 : SoundSystem : Setting master volume to 0.3
2025-11-02 10:59:20,850 : SoundSystem : Setting master volume to 0.3
2025-11-02 10:59:20,850 : SoundSystem : Setting master volume to 0.3
2025-11-02 10:59:20,850 : SoundSystem : Setting master volume to 0.3
2025-11-02 10:59:21,011 : EventManager : Event: ======'machine_var_audits_events_game_ended'====== Args={'value': 75, 'prev_value': None, 'change': True}
2025-11-02 10:59:21,067 : EventManager : Event: ======'machine_var_audits_events_game_started'====== Args={'value': 444, 'prev_value': None, 'change': True}
2025-11-02 10:59:21,067 : EventManager : Event: ======'machine_var_audits_missing_switches_s_A'====== Args={'value': 67, 'prev_value': None, 'change': True}
2025-11-02 10:59:21,067 : EventManager : Event: ======'machine_var_audits_missing_switches_s_Eb'====== Args={'value': 67, 'prev_value': None, 'change': True}
2025-11-02 10:59:21,067 : EventManager : Event: ======'machine_var_audits_missing_switches_s_L'====== Args={'value': 67, 'prev_value': None, 'change': True}
2025-11-02 10:59:21,067 : EventManager : Event: ======'machine_var_audits_missing_switches_s_R'====== Args={'value': 67, 'prev_value': None, 'change': True}
2025-11-02 10:59:21,067 : EventManager : Event: ======'machine_var_audits_missing_switches_s_Tb'====== Args={'value': 67, 'prev_value': None, 'change': True}
2025-11-02 10:59:21,067 : EventManager : Event: ======'machine_var_audits_missing_switches_s_V'====== Args={'value': 67, 'prev_value': None, 'change': True}
2025-11-02 10:59:21,068 : EventManager : Event: ======'machine_var_audits_missing_switches_s_bumper_1'====== Args={'value': 28, 'prev_value': None, 'change': True}
2025-11-02 10:59:21,068 : EventManager : Event: ======'machine_var_audits_missing_switches_s_bumper_2'====== Args={'value': 28, 'prev_value': None, 'change': True}
2025-11-02 10:59:21,068 : EventManager : Event: ======'machine_var_audits_missing_switches_s_center_center_target'====== Args={'value': 22, 'prev_value': None, 'change': True}
2025-11-02 10:59:21,068 : EventManager : Event: ======'machine_var_audits_missing_switches_s_center_scoop'====== Args={'value': 63, 'prev_value': None, 'change': True}
2025-11-02 10:59:21,068 : EventManager : Event: ======'machine_var_audits_missing_switches_s_coin_left'====== Args={'value': 13, 'prev_value': None, 'change': True}
2025-11-02 10:59:21,068 : EventManager : Event: ======'machine_var_audits_missing_switches_s_door_open'====== Args={'value': 60, 'prev_value': None, 'change': True}
2025-11-02 10:59:21,068 : EventManager : Event: ======'machine_var_audits_missing_switches_s_launcher_lane_spinner'====== Args={'value': 110, 'prev_value': None, 'change': True}
2025-11-02 10:59:21,068 : EventManager : Event: ======'machine_var_audits_missing_switches_s_left_center_target'====== Args={'value': 22, 'prev_value': None, 'change': True}
2025-11-02 10:59:21,068 : EventManager : Event: ======'machine_var_audits_missing_switches_s_left_corridor_spinner2'====== Args={'value': 60, 'prev_value': None, 'change': True}
2025-11-02 10:59:21,068 : EventManager : Event: ======'machine_var_audits_missing_switches_s_left_flipper'====== Args={'value': 7, 'prev_value': None, 'change': True}
2025-11-02 10:59:21,068 : EventManager : Event: ======'machine_var_audits_missing_switches_s_left_inlane'====== Args={'value': 15, 'prev_value': None, 'change': True}
2025-11-02 10:59:21,068 : EventManager : Event: ======'machine_var_audits_missing_switches_s_left_outlane'====== Args={'value': 15, 'prev_value': None, 'change': True}
2025-11-02 10:59:21,068 : EventManager : Event: ======'machine_var_audits_missing_switches_s_left_standup'====== Args={'value': 7, 'prev_value': None, 'change': True}
2025-11-02 10:59:21,068 : EventManager : Event: ======'machine_var_audits_missing_switches_s_lock1'====== Args={'value': 11, 'prev_value': None, 'change': True}
2025-11-02 10:59:21,069 : EventManager : Event: ======'machine_var_audits_missing_switches_s_lock2'====== Args={'value': 12, 'prev_value': None, 'change': True}
2025-11-02 10:59:21,069 : EventManager : Event: ======'machine_var_audits_missing_switches_s_right_center_target'====== Args={'value': 22, 'prev_value': None, 'change': True}
2025-11-02 10:59:21,069 : EventManager : Event: ======'machine_var_audits_missing_switches_s_right_corridor_spinner'====== Args={'value': 40, 'prev_value': None, 'change': True}
2025-11-02 10:59:21,069 : EventManager : Event: ======'machine_var_audits_missing_switches_s_right_flipper'====== Args={'value': 71, 'prev_value': None, 'change': True}
2025-11-02 10:59:21,069 : EventManager : Event: ======'machine_var_audits_missing_switches_s_right_inlane'====== Args={'value': 15, 'prev_value': None, 'change': True}
2025-11-02 10:59:21,069 : EventManager : Event: ======'machine_var_audits_missing_switches_s_right_outlane'====== Args={'value': 15, 'prev_value': None, 'change': True}
2025-11-02 10:59:21,069 : EventManager : Event: ======'machine_var_audits_missing_switches_s_service_coin'====== Args={'value': 60, 'prev_value': None, 'change': True}
2025-11-02 10:59:21,069 : EventManager : Event: ======'machine_var_audits_missing_switches_s_service_down'====== Args={'value': 79, 'prev_value': None, 'change': True}
2025-11-02 10:59:21,069 : EventManager : Event: ======'machine_var_audits_missing_switches_s_service_enter'====== Args={'value': 60, 'prev_value': None, 'change': True}
2025-11-02 10:59:21,069 : EventManager : Event: ======'machine_var_audits_missing_switches_s_service_esc'====== Args={'value': 63, 'prev_value': None, 'change': True}
2025-11-02 10:59:21,069 : EventManager : Event: ======'machine_var_audits_missing_switches_s_service_up'====== Args={'value': 79, 'prev_value': None, 'change': True}
2025-11-02 10:59:21,069 : EventManager : Event: ======'machine_var_audits_missing_switches_s_sling_left'====== Args={'value': 60, 'prev_value': None, 'change': True}
2025-11-02 10:59:21,069 : EventManager : Event: ======'machine_var_audits_missing_switches_s_sling_right'====== Args={'value': 293, 'prev_value': None, 'change': True}
2025-11-02 10:59:21,069 : EventManager : Event: ======'machine_var_audits_missing_switches_s_start'====== Args={'value': 7, 'prev_value': None, 'change': True}
2025-11-02 10:59:21,070 : EventManager : Event: ======'machine_var_audits_missing_switches_s_tilt'====== Args={'value': 41, 'prev_value': None, 'change': True}
2025-11-02 10:59:21,070 : EventManager : Event: ======'machine_var_audits_missing_switches_s_top_left_standup'====== Args={'value': 60, 'prev_value': None, 'change': True}
2025-11-02 10:59:21,070 : EventManager : Event: ======'machine_var_audits_missing_switches_s_top_left_standup2'====== Args={'value': 13, 'prev_value': None, 'change': True}
2025-11-02 10:59:21,070 : EventManager : Event: ======'machine_var_audits_missing_switches_s_trough4'====== Args={'value': 402, 'prev_value': None, 'change': True}
2025-11-02 10:59:21,070 : EventManager : Event: ======'machine_var_audits_missing_switches_s_trough5'====== Args={'value': 402, 'prev_value': None, 'change': True}
2025-11-02 10:59:21,070 : EventManager : Event: ======'machine_var_audits_missing_switches_s_trough6'====== Args={'value': 402, 'prev_value': None, 'change': True}
2025-11-02 10:59:21,070 : EventManager : Event: ======'machine_var_audits_missing_switches_s_trough_jam'====== Args={'value': 60, 'prev_value': None, 'change': True}
2025-11-02 10:59:21,070 : EventManager : Event: ======'machine_var_audits_player_score'====== Args={'value': {'average': 6315587, 'top': [75043600, 70538842, 47521800, 45002500, 43517500, 42224750, 41236342, 31835000, 17715450, 15508500], 'total': 79}, 'prev_value': None, 'change': True}
2025-11-02 10:59:21,070 : EventManager : Event: ======'machine_var_audits_shots_A'====== Args={'value': 61, 'prev_value': None, 'change': True}
2025-11-02 10:59:21,070 : EventManager : Event: ======'machine_var_audits_shots_E'====== Args={'value': 239, 'prev_value': None, 'change': True}
2025-11-02 10:59:21,070 : EventManager : Event: ======'machine_var_audits_shots_Eb'====== Args={'value': 49, 'prev_value': None, 'change': True}
2025-11-02 10:59:21,070 : EventManager : Event: ======'machine_var_audits_shots_I'====== Args={'value': 233, 'prev_value': None, 'change': True}
2025-11-02 10:59:21,070 : EventManager : Event: ======'machine_var_audits_shots_L'====== Args={'value': 50, 'prev_value': None, 'change': True}
2025-11-02 10:59:21,070 : EventManager : Event: ======'machine_var_audits_shots_M'====== Args={'value': 234, 'prev_value': None, 'change': True}
2025-11-02 10:59:21,071 : EventManager : Event: ======'machine_var_audits_shots_R'====== Args={'value': 71, 'prev_value': None, 'change': True}
2025-11-02 10:59:21,071 : EventManager : Event: ======'machine_var_audits_shots_T'====== Args={'value': 234, 'prev_value': None, 'change': True}
2025-11-02 10:59:21,071 : EventManager : Event: ======'machine_var_audits_shots_Tb'====== Args={'value': 103, 'prev_value': None, 'change': True}
2025-11-02 10:59:21,071 : EventManager : Event: ======'machine_var_audits_shots_V'====== Args={'value': 50, 'prev_value': None, 'change': True}
2025-11-02 10:59:21,071 : EventManager : Event: ======'machine_var_audits_shots_bumper1_shot'====== Args={'value': 401, 'prev_value': None, 'change': True}
2025-11-02 10:59:21,071 : EventManager : Event: ======'machine_var_audits_shots_bumper2_shot'====== Args={'value': 886, 'prev_value': None, 'change': True}
2025-11-02 10:59:21,071 : EventManager : Event: ======'machine_var_audits_shots_center_center_droptarget'====== Args={'value': 23, 'prev_value': None, 'change': True}
2025-11-02 10:59:21,071 : EventManager : Event: ======'machine_var_audits_shots_center_rollover'====== Args={'value': 7, 'prev_value': None, 'change': True}
2025-11-02 10:59:21,071 : EventManager : Event: ======'machine_var_audits_shots_center_rollover_shot'====== Args={'value': 384, 'prev_value': None, 'change': True}
2025-11-02 10:59:21,071 : EventManager : Event: ======'machine_var_audits_shots_center_scoop_shot'====== Args={'value': 11, 'prev_value': None, 'change': True}
2025-11-02 10:59:21,071 : EventManager : Event: ======'machine_var_audits_shots_jets'====== Args={'value': 1228, 'prev_value': None, 'change': True}
2025-11-02 10:59:21,071 : EventManager : Event: ======'machine_var_audits_shots_left_center_droptarget'====== Args={'value': 23, 'prev_value': None, 'change': True}
2025-11-02 10:59:21,071 : EventManager : Event: ======'machine_var_audits_shots_left_corridor_spinner'====== Args={'value': 9, 'prev_value': None, 'change': True}
2025-11-02 10:59:21,071 : EventManager : Event: ======'machine_var_audits_shots_left_corridor_spinner2'====== Args={'value': 10, 'prev_value': None, 'change': True}
2025-11-02 10:59:21,071 : EventManager : Event: ======'machine_var_audits_shots_left_corridor_spinner2_shot'====== Args={'value': 1, 'prev_value': None, 'change': True}
2025-11-02 10:59:21,071 : EventManager : Event: ======'machine_var_audits_shots_left_corridor_spinner_shot'====== Args={'value': 780, 'prev_value': None, 'change': True}
2025-11-02 10:59:21,072 : EventManager : Event: ======'machine_var_audits_shots_left_inlane_shot'====== Args={'value': 12, 'prev_value': None, 'change': True}
2025-11-02 10:59:21,072 : EventManager : Event: ======'machine_var_audits_shots_left_outlane_shot'====== Args={'value': 12, 'prev_value': None, 'change': True}
2025-11-02 10:59:21,072 : EventManager : Event: ======'machine_var_audits_shots_left_rollover'====== Args={'value': 36, 'prev_value': None, 'change': True}
2025-11-02 10:59:21,072 : EventManager : Event: ======'machine_var_audits_shots_left_rollover_shot'====== Args={'value': 340, 'prev_value': None, 'change': True}
2025-11-02 10:59:21,072 : EventManager : Event: ======'machine_var_audits_shots_left_scoop_shot'====== Args={'value': 114, 'prev_value': None, 'change': True}
2025-11-02 10:59:21,072 : EventManager : Event: ======'machine_var_audits_shots_left_standup_shot'====== Args={'value': 16, 'prev_value': None, 'change': True}
2025-11-02 10:59:21,072 : EventManager : Event: ======'machine_var_audits_shots_letf_inlane_shot'====== Args={'value': 6, 'prev_value': None, 'change': True}
2025-11-02 10:59:21,072 : EventManager : Event: ======'machine_var_audits_shots_letf_outlane_shot'====== Args={'value': 5, 'prev_value': None, 'change': True}
2025-11-02 10:59:21,072 : EventManager : Event: ======'machine_var_audits_shots_middle_inlane_shot'====== Args={'value': 20, 'prev_value': None, 'change': True}
2025-11-02 10:59:21,072 : EventManager : Event: ======'machine_var_audits_shots_my_first_shot'====== Args={'value': 95, 'prev_value': None, 'change': True}
2025-11-02 10:59:21,072 : EventManager : Event: ======'machine_var_audits_shots_right_center_droptarget'====== Args={'value': 24, 'prev_value': None, 'change': True}
2025-11-02 10:59:21,072 : EventManager : Event: ======'machine_var_audits_shots_right_corridor_spinner'====== Args={'value': 3, 'prev_value': None, 'change': True}
2025-11-02 10:59:21,072 : EventManager : Event: ======'machine_var_audits_shots_right_corridor_spinner_shot'====== Args={'value': 33, 'prev_value': None, 'change': True}
2025-11-02 10:59:21,072 : EventManager : Event: ======'machine_var_audits_shots_right_inlane_shot'====== Args={'value': 119, 'prev_value': None, 'change': True}
2025-11-02 10:59:21,072 : EventManager : Event: ======'machine_var_audits_shots_right_outlane_shot'====== Args={'value': 41, 'prev_value': None, 'change': True}
2025-11-02 10:59:21,073 : EventManager : Event: ======'machine_var_audits_shots_right_rollover'====== Args={'value': 41, 'prev_value': None, 'change': True}
2025-11-02 10:59:21,073 : EventManager : Event: ======'machine_var_audits_shots_right_rollover_shot'====== Args={'value': 496, 'prev_value': None, 'change': True}
2025-11-02 10:59:21,073 : EventManager : Event: ======'machine_var_audits_shots_right_scoop_shot'====== Args={'value': 84, 'prev_value': None, 'change': True}
2025-11-02 10:59:21,073 : EventManager : Event: ======'machine_var_audits_shots_right_standup'====== Args={'value': 41, 'prev_value': None, 'change': True}
2025-11-02 10:59:21,073 : EventManager : Event: ======'machine_var_audits_shots_right_standup_shot'====== Args={'value': 55, 'prev_value': None, 'change': True}
2025-11-02 10:59:21,073 : EventManager : Event: ======'machine_var_audits_shots_standup_1_skill'====== Args={'value': 69, 'prev_value': None, 'change': True}
2025-11-02 10:59:21,073 : EventManager : Event: ======'machine_var_audits_shots_standup_2_skill'====== Args={'value': 32, 'prev_value': None, 'change': True}
2025-11-02 10:59:21,073 : EventManager : Event: ======'machine_var_audits_shots_standup_3_skill'====== Args={'value': 16, 'prev_value': None, 'change': True}
2025-11-02 10:59:21,073 : EventManager : Event: ======'machine_var_audits_shots_standup_4_skill'====== Args={'value': 9, 'prev_value': None, 'change': True}
2025-11-02 10:59:21,073 : EventManager : Event: ======'machine_var_audits_shots_standup_5_skill'====== Args={'value': 4, 'prev_value': None, 'change': True}
2025-11-02 10:59:21,073 : EventManager : Event: ======'machine_var_audits_shots_standup_6_skill'====== Args={'value': 2, 'prev_value': None, 'change': True}
2025-11-02 10:59:21,073 : EventManager : Event: ======'machine_var_audits_shots_top_left_standup2_shot'====== Args={'value': 20, 'prev_value': None, 'change': True}
2025-11-02 10:59:21,073 : EventManager : Event: ======'machine_var_audits_shots_top_left_standup_shot'====== Args={'value': 9, 'prev_value': None, 'change': True}
2025-11-02 10:59:21,074 : EventManager : Event: ======'machine_var_audits_shots_top_middle_inlane_shot'====== Args={'value': 41, 'prev_value': None, 'change': True}
2025-11-02 10:59:21,074 : EventManager : Event: ======'machine_var_audits_switches_s_A'====== Args={'value': 0, 'prev_value': None, 'change': True}
2025-11-02 10:59:21,074 : EventManager : Event: ======'machine_var_audits_switches_s_E'====== Args={'value': 244, 'prev_value': None, 'change': True}
2025-11-02 10:59:21,074 : EventManager : Event: ======'machine_var_audits_switches_s_Eb'====== Args={'value': 0, 'prev_value': None, 'change': True}
2025-11-02 10:59:21,074 : EventManager : Event: ======'machine_var_audits_switches_s_I'====== Args={'value': 238, 'prev_value': None, 'change': True}
2025-11-02 10:59:21,074 : EventManager : Event: ======'machine_var_audits_switches_s_L'====== Args={'value': 0, 'prev_value': None, 'change': True}
2025-11-02 10:59:21,074 : EventManager : Event: ======'machine_var_audits_switches_s_M'====== Args={'value': 239, 'prev_value': None, 'change': True}
2025-11-02 10:59:21,074 : EventManager : Event: ======'machine_var_audits_switches_s_R'====== Args={'value': 0, 'prev_value': None, 'change': True}
2025-11-02 10:59:21,074 : EventManager : Event: ======'machine_var_audits_switches_s_T'====== Args={'value': 238, 'prev_value': None, 'change': True}
2025-11-02 10:59:21,074 : EventManager : Event: ======'machine_var_audits_switches_s_Tb'====== Args={'value': 0, 'prev_value': None, 'change': True}
2025-11-02 10:59:21,074 : EventManager : Event: ======'machine_var_audits_switches_s_V'====== Args={'value': 0, 'prev_value': None, 'change': True}
2025-11-02 10:59:21,074 : EventManager : Event: ======'machine_var_audits_switches_s_bumper1'====== Args={'value': 401, 'prev_value': None, 'change': True}
2025-11-02 10:59:21,074 : EventManager : Event: ======'machine_var_audits_switches_s_bumper2'====== Args={'value': 890, 'prev_value': None, 'change': True}
2025-11-02 10:59:21,074 : EventManager : Event: ======'machine_var_audits_switches_s_bumper_1'====== Args={'value': 0, 'prev_value': None, 'change': True}
2025-11-02 10:59:21,075 : EventManager : Event: ======'machine_var_audits_switches_s_bumper_2'====== Args={'value': 0, 'prev_value': None, 'change': True}
2025-11-02 10:59:21,075 : EventManager : Event: ======'machine_var_audits_switches_s_center_center_target'====== Args={'value': 29, 'prev_value': None, 'change': True}
2025-11-02 10:59:21,075 : EventManager : Event: ======'machine_var_audits_switches_s_center_rollover'====== Args={'value': 397, 'prev_value': None, 'change': True}
2025-11-02 10:59:21,075 : EventManager : Event: ======'machine_var_audits_switches_s_center_scoop'====== Args={'value': 25, 'prev_value': None, 'change': True}
2025-11-02 10:59:21,075 : EventManager : Event: ======'machine_var_audits_switches_s_coin_left'====== Args={'value': 20, 'prev_value': None, 'change': True}
2025-11-02 10:59:21,075 : EventManager : Event: ======'machine_var_audits_switches_s_door_open'====== Args={'value': 5, 'prev_value': None, 'change': True}
2025-11-02 10:59:21,075 : EventManager : Event: ======'machine_var_audits_switches_s_launcher_lane_spinner'====== Args={'value': 9, 'prev_value': None, 'change': True}
2025-11-02 10:59:21,075 : EventManager : Event: ======'machine_var_audits_switches_s_left_center_target'====== Args={'value': 30, 'prev_value': None, 'change': True}
2025-11-02 10:59:21,075 : EventManager : Event: ======'machine_var_audits_switches_s_left_corridor_spinner'====== Args={'value': 821, 'prev_value': None, 'change': True}
2025-11-02 10:59:21,075 : EventManager : Event: ======'machine_var_audits_switches_s_left_corridor_spinner2'====== Args={'value': 15, 'prev_value': None, 'change': True}
2025-11-02 10:59:21,075 : EventManager : Event: ======'machine_var_audits_switches_s_left_flipper'====== Args={'value': 378, 'prev_value': None, 'change': True}
2025-11-02 10:59:21,075 : EventManager : Event: ======'machine_var_audits_switches_s_left_inlane'====== Args={'value': 28, 'prev_value': None, 'change': True}
2025-11-02 10:59:21,075 : EventManager : Event: ======'machine_var_audits_switches_s_left_outlane'====== Args={'value': 20, 'prev_value': None, 'change': True}
2025-11-02 10:59:21,075 : EventManager : Event: ======'machine_var_audits_switches_s_left_rollover'====== Args={'value': 351, 'prev_value': None, 'change': True}
2025-11-02 10:59:21,075 : EventManager : Event: ======'machine_var_audits_switches_s_left_scoop'====== Args={'value': 338, 'prev_value': None, 'change': True}
2025-11-02 10:59:21,076 : EventManager : Event: ======'machine_var_audits_switches_s_left_standup'====== Args={'value': 21, 'prev_value': None, 'change': True}
2025-11-02 10:59:21,076 : EventManager : Event: ======'machine_var_audits_switches_s_lock1'====== Args={'value': 79, 'prev_value': None, 'change': True}
2025-11-02 10:59:21,076 : EventManager : Event: ======'machine_var_audits_switches_s_lock2'====== Args={'value': 34, 'prev_value': None, 'change': True}
2025-11-02 10:59:21,076 : EventManager : Event: ======'machine_var_audits_switches_s_middle_inlane'====== Args={'value': 20, 'prev_value': None, 'change': True}
2025-11-02 10:59:21,076 : EventManager : Event: ======'machine_var_audits_switches_s_plunger'====== Args={'value': 800, 'prev_value': None, 'change': True}
2025-11-02 10:59:21,076 : EventManager : Event: ======'machine_var_audits_switches_s_right_center_target'====== Args={'value': 33, 'prev_value': None, 'change': True}
2025-11-02 10:59:21,076 : EventManager : Event: ======'machine_var_audits_switches_s_right_corridor_spinner'====== Args={'value': 57, 'prev_value': None, 'change': True}
2025-11-02 10:59:21,076 : EventManager : Event: ======'machine_var_audits_switches_s_right_flipper'====== Args={'value': 156, 'prev_value': None, 'change': True}
2025-11-02 10:59:21,076 : EventManager : Event: ======'machine_var_audits_switches_s_right_inlane'====== Args={'value': 246, 'prev_value': None, 'change': True}
2025-11-02 10:59:21,076 : EventManager : Event: ======'machine_var_audits_switches_s_right_outlane'====== Args={'value': 47, 'prev_value': None, 'change': True}
2025-11-02 10:59:21,077 : EventManager : Event: ======'machine_var_audits_switches_s_right_rollover'====== Args={'value': 508, 'prev_value': None, 'change': True}
2025-11-02 10:59:21,077 : EventManager : Event: ======'machine_var_audits_switches_s_right_scoop'====== Args={'value': 101, 'prev_value': None, 'change': True}
2025-11-02 10:59:21,077 : EventManager : Event: ======'machine_var_audits_switches_s_right_standup'====== Args={'value': 204, 'prev_value': None, 'change': True}
2025-11-02 10:59:21,077 : EventManager : Event: ======'machine_var_audits_switches_s_service_coin'====== Args={'value': 2, 'prev_value': None, 'change': True}
2025-11-02 10:59:21,077 : EventManager : Event: ======'machine_var_audits_switches_s_service_down'====== Args={'value': 28, 'prev_value': None, 'change': True}
2025-11-02 10:59:21,077 : EventManager : Event: ======'machine_var_audits_switches_s_service_enter'====== Args={'value': 17, 'prev_value': None, 'change': True}
2025-11-02 10:59:21,077 : EventManager : Event: ======'machine_var_audits_switches_s_service_esc'====== Args={'value': 11, 'prev_value': None, 'change': True}
2025-11-02 10:59:21,077 : EventManager : Event: ======'machine_var_audits_switches_s_service_up'====== Args={'value': 31, 'prev_value': None, 'change': True}
2025-11-02 10:59:21,078 : EventManager : Event: ======'machine_var_audits_switches_s_sling_left'====== Args={'value': 4, 'prev_value': None, 'change': True}
2025-11-02 10:59:21,078 : EventManager : Event: ======'machine_var_audits_switches_s_sling_right'====== Args={'value': 8, 'prev_value': None, 'change': True}
2025-11-02 10:59:21,078 : EventManager : Event: ======'machine_var_audits_switches_s_standup_1'====== Args={'value': 187, 'prev_value': None, 'change': True}
2025-11-02 10:59:21,078 : EventManager : Event: ======'machine_var_audits_switches_s_standup_2'====== Args={'value': 114, 'prev_value': None, 'change': True}
2025-11-02 10:59:21,078 : EventManager : Event: ======'machine_var_audits_switches_s_standup_3'====== Args={'value': 104, 'prev_value': None, 'change': True}
2025-11-02 10:59:21,078 : EventManager : Event: ======'machine_var_audits_switches_s_standup_4'====== Args={'value': 75, 'prev_value': None, 'change': True}
2025-11-02 10:59:21,078 : EventManager : Event: ======'machine_var_audits_switches_s_standup_5'====== Args={'value': 73, 'prev_value': None, 'change': True}
2025-11-02 10:59:21,078 : EventManager : Event: ======'machine_var_audits_switches_s_standup_6'====== Args={'value': 64, 'prev_value': None, 'change': True}
2025-11-02 10:59:21,078 : EventManager : Event: ======'machine_var_audits_switches_s_start'====== Args={'value': 62, 'prev_value': None, 'change': True}
2025-11-02 10:59:21,078 : EventManager : Event: ======'machine_var_audits_switches_s_tilt'====== Args={'value': 31, 'prev_value': None, 'change': True}
2025-11-02 10:59:21,078 : EventManager : Event: ======'machine_var_audits_switches_s_top_left_standup'====== Args={'value': 20, 'prev_value': None, 'change': True}
2025-11-02 10:59:21,078 : EventManager : Event: ======'machine_var_audits_switches_s_top_left_standup2'====== Args={'value': 40, 'prev_value': None, 'change': True}
2025-11-02 10:59:21,078 : EventManager : Event: ======'machine_var_audits_switches_s_top_middle_inlane'====== Args={'value': 41, 'prev_value': None, 'change': True}
2025-11-02 10:59:21,078 : EventManager : Event: ======'machine_var_audits_switches_s_trough1'====== Args={'value': 409, 'prev_value': None, 'change': True}
2025-11-02 10:59:21,078 : EventManager : Event: ======'machine_var_audits_switches_s_trough2'====== Args={'value': 19, 'prev_value': None, 'change': True}
2025-11-02 10:59:21,079 : EventManager : Event: ======'machine_var_audits_switches_s_trough3'====== Args={'value': 18, 'prev_value': None, 'change': True}
2025-11-02 10:59:21,079 : EventManager : Event: ======'machine_var_audits_switches_s_trough4'====== Args={'value': 0, 'prev_value': None, 'change': True}
2025-11-02 10:59:21,079 : EventManager : Event: ======'machine_var_audits_switches_s_trough5'====== Args={'value': 0, 'prev_value': None, 'change': True}
2025-11-02 10:59:21,079 : EventManager : Event: ======'machine_var_audits_switches_s_trough6'====== Args={'value': 0, 'prev_value': None, 'change': True}
2025-11-02 10:59:21,079 : EventManager : Event: ======'machine_var_audits_switches_s_trough_jam'====== Args={'value': 4, 'prev_value': None, 'change': True}
2025-11-02 10:59:21,128 : EventManager : Event: ======'slides_play'====== Args={'settings': {'window_slide_1': {'target': 'window', 'background_color': [0.0, 0.0, 0.0, 1.0], 'priority': None, 'show': True, 'force': False, 'expire': None, 'slide': None, 'tokens': {}, 'action': 'play'}}, 'context': '_global', 'calling_context': 'init_done', 'priority': 0}
2025-11-02 10:59:21,128 : EventManager : Event: ======'mc_reset_phase_1'====== Args={}
2025-11-02 10:59:21,128 : mpfmc : SlidePlayer: Play called with settings={'window_slide_1': {'target': 'window', 'background_color': [0.0, 0.0, 0.0, 1.0], 'priority': None, 'show': True, 'force': False, 'expire': None, 'slide': None, 'tokens': {}, 'action': 'play'}}
2025-11-02 10:59:21,128 : EventManager : Event: ======'slide_window_slide_1_removed'====== Args={}
2025-11-02 10:59:21,156 : EventManager : Event: ======'slide_window_slide_1_created'====== Args={}
2025-11-02 10:59:21,157 : EventManager : Event: ======'mc_reset_phase_2'====== Args={}
2025-11-02 10:59:21,157 : EventManager : Event: ======'mc_reset_phase_3'====== Args={}
2025-11-02 10:59:21,157 : EventManager : Event: ======'mc_reset_complete'====== Args={}
2025-11-02 10:59:21,157 : EventManager : Event: ======'slide_window_slide_1_active'====== Args={}
2025-11-02 10:59:21,183 : EventManager : Event: ======'slides_play'====== Args={'settings': {'awesome_slide': {'widgets': [{'type': 'text', 'text': 'TIME TRAVEL', 'font_size': 20, '_default_settings': ['type', 'text', 'font_size'], 'x': None, 'y': None, 'anchor_x': 'center', 'anchor_y': 'center', 'round_anchor_x': None, 'round_anchor_y': None, 'opacity': 1.0, 'z': 0, 'reset_animations_events': {}, 'color': [1.0, 1.0, 1.0, 1.0], 'style': [], 'adjust_top': 0, 'adjust_bottom': 0, 'adjust_left': 0, 'adjust_right': 0, 'expire': None, 'key': None, 'widget': None, 'events_when_added': [], 'events_when_removed': [], 'bitmap_font': False, 'font_kerning': True, 'bold': False, 'italic': False, 'number_grouping': False, 'min_digits': 0, 'halign': 'center', 'valign': 'middle', 'rotation': 0, 'scale': 1.0, 'casing': None, 'outline_color': [1.0, 1.0, 1.0, 1.0], 'outline_width': 0, 'animations': None}], 'transition': {'type': 'push', 'duration': 1.0, 'direction': 'left', 'easing': 'out_quad'}, 'target': None, 'background_color': [0.0, 0.0, 0.0, 1.0], 'priority': None, 'show': True, 'force': False, 'expire': None, 'slide': None, 'tokens': {}, 'action': 'play'}}, 'context': 'show_2', 'calling_context': 0, 'priority': 10, 'show_tokens': {}, 'start_time': 157816.828}
2025-11-02 10:59:21,184 : EventManager : Event: ======'sounds_play'====== Args={'settings': {'music': {'action': 'play', 'loops': -1, 'priority': None, 'block': False, 'delay': None, 'track': None, 'volume': None, 'ducking': {}, 'pan': None, 'start_at': None, 'fade_in': None, 'fade_out': None, 'about_to_finish_time': -1.0, 'max_queue_time': -1.0, 'events_when_played': ['use_sound_setting'], 'events_when_stopped': ['use_sound_setting'], 'events_when_looping': ['use_sound_setting'], 'events_when_about_to_finish': ['use_sound_setting'], 'mode_end_action': 'use_sound_setting', 'key': 'use_sound_setting'}}, 'context': '_global', 'calling_context': 'mode_attract_started', 'priority': 0}
2025-11-02 10:59:21,184 : EventManager : Event: ======'machine_var_price_per_game_raw_0'====== Args={'value': 1.0, 'prev_value': None, 'change': True}
2025-11-02 10:59:21,184 : EventManager : Event: ======'machine_var_price_per_game_string_0'====== Args={'value': '1 CREDITS $1.0', 'prev_value': None, 'change': True}
2025-11-02 10:59:21,184 : EventManager : Event: ======'machine_var_credits_string'====== Args={'value': ' ', 'prev_value': 'FREE PLAY', 'change': True}
2025-11-02 10:59:21,184 : EventManager : Event: ======'machine_var_credits_value'====== Args={'value': '0', 'prev_value': None, 'change': True}
2025-11-02 10:59:21,184 : EventManager : Event: ======'machine_var_credits_whole_num'====== Args={'value': 0, 'prev_value': None, 'change': True}
2025-11-02 10:59:21,184 : EventManager : Event: ======'machine_var_credits_numerator'====== Args={'value': 0, 'prev_value': None, 'change': True}
2025-11-02 10:59:21,184 : EventManager : Event: ======'machine_var_credits_denominator'====== Args={'value': 0, 'prev_value': None, 'change': True}
2025-11-02 10:59:21,184 : EventManager : Event: ======'machine_var_credits_string'====== Args={'value': 'CREDITS 2', 'prev_value': ' ', 'change': True}
2025-11-02 10:59:21,184 : EventManager : Event: ======'machine_var_credits_value'====== Args={'value': '2', 'prev_value': '0', 'change': True}
2025-11-02 10:59:21,184 : EventManager : Event: ======'machine_var_credits_whole_num'====== Args={'value': 2, 'prev_value': 0, 'change': 2}
2025-11-02 10:59:21,184 : EventManager : Event: ======'machine_var_credits_denominator'====== Args={'value': 1, 'prev_value': 0, 'change': 1}
2025-11-02 10:59:21,185 : mpfmc : SlidePlayer: Play called with settings={'awesome_slide': {'widgets': [{'type': 'text', 'text': 'TIME TRAVEL', 'font_size': 20, '_default_settings': ['type', 'text', 'font_size'], 'x': None, 'y': None, 'anchor_x': 'center', 'anchor_y': 'center', 'round_anchor_x': None, 'round_anchor_y': None, 'opacity': 1.0, 'z': 0, 'reset_animations_events': {}, 'color': [1.0, 1.0, 1.0, 1.0], 'style': [], 'adjust_top': 0, 'adjust_bottom': 0, 'adjust_left': 0, 'adjust_right': 0, 'expire': None, 'key': None, 'widget': None, 'events_when_added': [], 'events_when_removed': [], 'bitmap_font': False, 'font_kerning': True, 'bold': False, 'italic': False, 'number_grouping': False, 'min_digits': 0, 'halign': 'center', 'valign': 'middle', 'rotation': 0, 'scale': 1.0, 'casing': None, 'outline_color': [1.0, 1.0, 1.0, 1.0], 'outline_width': 0, 'animations': None}], 'transition': {'type': 'push', 'duration': 1.0, 'direction': 'left', 'easing': 'out_quad'}, 'target': None, 'background_color': [0.0, 0.0, 0.0, 1.0], 'priority': None, 'show': True, 'force': False, 'expire': None, 'slide': None, 'tokens': {}, 'action': 'play'}}
2025-11-02 10:59:21,187 : EventManager : Event: ======'slide_awesome_slide_created'====== Args={}
2025-11-02 10:59:21,188 : EventManager : Event: ======'slide_awesome_slide_active'====== Args={}
2025-11-02 10:59:21,197 : EventManager : Event: ======'loading_assets'====== Args={'total': 1, 'loaded': 1, 'remaining': 0, 'percent': 100}
2025-11-02 10:59:21,197 : AssetManager : Asset loading took: 1.6692240238189697
2025-11-02 10:59:21,197 : EventManager : Event: ======'asset_loading_complete'====== Args={}
2025-11-02 10:59:21,197 : AssetManager : Loading assets: 1/1 (100%)
2025-11-02 10:59:24,178 : EventManager : Event: ======'slides_play'====== Args={'settings': {'press_start': {'widgets': [{'type': 'Text', 'text': 'PRESS START', 'font_size': 12, 'y': '60%', '_default_settings': ['type', 'text', 'font_size', 'y'], 'x': None, 'anchor_x': 'center', 'anchor_y': 'center', 'round_anchor_x': None, 'round_anchor_y': None, 'opacity': 1.0, 'z': 0, 'reset_animations_events': {}, 'color': [1.0, 1.0, 1.0, 1.0], 'style': [], 'adjust_top': 0, 'adjust_bottom': 0, 'adjust_left': 0, 'adjust_right': 0, 'expire': None, 'key': None, 'widget': None, 'events_when_added': [], 'events_when_removed': [], 'bitmap_font': False, 'font_kerning': True, 'bold': False, 'italic': False, 'number_grouping': False, 'min_digits': 0, 'halign': 'center', 'valign': 'middle', 'rotation': 0, 'scale': 1.0, 'casing': None, 'outline_color': [1.0, 1.0, 1.0, 1.0], 'outline_width': 0, 'animations': None}, {'type': 'Text', 'text': '(machine|credits_string)', 'font_size': 10, 'y': '30%', '_default_settings': ['type', 'text', 'font_size', 'y'], 'x': None, 'anchor_x': 'center', 'anchor_y': 'center', 'round_anchor_x': None, 'round_anchor_y': None, 'opacity': 1.0, 'z': 0, 'reset_animations_events': {}, 'color': [1.0, 1.0, 1.0, 1.0], 'style': [], 'adjust_top': 0, 'adjust_bottom': 0, 'adjust_left': 0, 'adjust_right': 0, 'expire': None, 'key': None, 'widget': None, 'events_when_added': [], 'events_when_removed': [], 'bitmap_font': False, 'font_kerning': True, 'bold': False, 'italic': False, 'number_grouping': False, 'min_digits': 0, 'halign': 'center', 'valign': 'middle', 'rotation': 0, 'scale': 1.0, 'casing': None, 'outline_color': [1.0, 1.0, 1.0, 1.0], 'outline_width': 0, 'animations': None}], 'transition': {'type': 'move_in', 'duration': 1.0, 'direction': 'right', 'easing': 'out_quad'}, 'target': None, 'background_color': [0.0, 0.0, 0.0, 1.0], 'priority': None, 'show': True, 'force': False, 'expire': None, 'slide': None, 'tokens': {}, 'action': 'play'}}, 'context': 'show_2', 'calling_context': 1, 'priority': 10, 'show_tokens': {}, 'start_time': 157819.828}
2025-11-02 10:59:24,178 : mpfmc : SlidePlayer: Play called with settings={'press_start': {'widgets': [{'type': 'Text', 'text': 'PRESS START', 'font_size': 12, 'y': '60%', '_default_settings': ['type', 'text', 'font_size', 'y'], 'x': None, 'anchor_x': 'center', 'anchor_y': 'center', 'round_anchor_x': None, 'round_anchor_y': None, 'opacity': 1.0, 'z': 0, 'reset_animations_events': {}, 'color': [1.0, 1.0, 1.0, 1.0], 'style': [], 'adjust_top': 0, 'adjust_bottom': 0, 'adjust_left': 0, 'adjust_right': 0, 'expire': None, 'key': None, 'widget': None, 'events_when_added': [], 'events_when_removed': [], 'bitmap_font': False, 'font_kerning': True, 'bold': False, 'italic': False, 'number_grouping': False, 'min_digits': 0, 'halign': 'center', 'valign': 'middle', 'rotation': 0, 'scale': 1.0, 'casing': None, 'outline_color': [1.0, 1.0, 1.0, 1.0], 'outline_width': 0, 'animations': None}, {'type': 'Text', 'text': '(machine|credits_string)', 'font_size': 10, 'y': '30%', '_default_settings': ['type', 'text', 'font_size', 'y'], 'x': None, 'anchor_x': 'center', 'anchor_y': 'center', 'round_anchor_x': None, 'round_anchor_y': None, 'opacity': 1.0, 'z': 0, 'reset_animations_events': {}, 'color': [1.0, 1.0, 1.0, 1.0], 'style': [], 'adjust_top': 0, 'adjust_bottom': 0, 'adjust_left': 0, 'adjust_right': 0, 'expire': None, 'key': None, 'widget': None, 'events_when_added': [], 'events_when_removed': [], 'bitmap_font': False, 'font_kerning': True, 'bold': False, 'italic': False, 'number_grouping': False, 'min_digits': 0, 'halign': 'center', 'valign': 'middle', 'rotation': 0, 'scale': 1.0, 'casing': None, 'outline_color': [1.0, 1.0, 1.0, 1.0], 'outline_width': 0, 'animations': None}], 'transition': {'type': 'move_in', 'duration': 1.0, 'direction': 'right', 'easing': 'out_quad'}, 'target': None, 'background_color': [0.0, 0.0, 0.0, 1.0], 'priority': None, 'show': True, 'force': False, 'expire': None, 'slide': None, 'tokens': {}, 'action': 'play'}}
2025-11-02 10:59:24,183 : EventManager : Event: ======'slide_press_start_created'====== Args={}
2025-11-02 10:59:24,183 : EventManager : Unordered handler for class <Text Widget text=CREDITS 2> on event machine_var_credits_string with priority 1. Handlers: [RegisteredHandler(callback=<bound method Text._machine_var_change of <Text Widget text=CREDITS 2>>, priority=1, kwargs={}, key=UUID('1bfec0f3-2f9a-4dc7-aa46-dff956bad530'), condition=None, blocking_facility=None), RegisteredHandler(callback=<bound method Text._machine_var_change of <Text Widget text=CREDITS 2>>, priority=1, kwargs={}, key=UUID('e020ddab-4387-4ee9-8c7b-568492d23695'), condition=None, blocking_facility=None)]. The order of those handlers is not defined and they will be executed in random order. This might lead to race conditions and potential bugs.
2025-11-02 10:59:24,194 : EventManager : Event: ======'slide_press_start_active'====== Args={}
2025-11-02 10:59:27,682 : EventManager : Event: ======'slides_play'====== Args={'settings': {'mission_pinball': {'widgets': [{'type': 'Text', 'text': 'ZUPPA PINBALL', 'font_size': 12, 'y': '75%', '_default_settings': ['type', 'text', 'font_size', 'y'], 'x': None, 'anchor_x': 'center', 'anchor_y': 'center', 'round_anchor_x': None, 'round_anchor_y': None, 'opacity': 1.0, 'z': 0, 'reset_animations_events': {}, 'color': [1.0, 1.0, 1.0, 1.0], 'style': [], 'adjust_top': 0, 'adjust_bottom': 0, 'adjust_left': 0, 'adjust_right': 0, 'expire': None, 'key': None, 'widget': None, 'events_when_added': [], 'events_when_removed': [], 'bitmap_font': False, 'font_kerning': True, 'bold': False, 'italic': False, 'number_grouping': False, 'min_digits': 0, 'halign': 'center', 'valign': 'middle', 'rotation': 0, 'scale': 1.0, 'casing': None, 'outline_color': [1.0, 1.0, 1.0, 1.0], 'outline_width': 0, 'animations': None}, {'type': 'Text', 'text': '2025 ZUPPA ELTRONICS INC.', 'font_size': 8, 'y': '45%', '_default_settings': ['type', 'text', 'font_size', 'y'], 'x': None, 'anchor_x': 'center', 'anchor_y': 'center', 'round_anchor_x': None, 'round_anchor_y': None, 'opacity': 1.0, 'z': 0, 'reset_animations_events': {}, 'color': [1.0, 1.0, 1.0, 1.0], 'style': [], 'adjust_top': 0, 'adjust_bottom': 0, 'adjust_left': 0, 'adjust_right': 0, 'expire': None, 'key': None, 'widget': None, 'events_when_added': [], 'events_when_removed': [], 'bitmap_font': False, 'font_kerning': True, 'bold': False, 'italic': False, 'number_grouping': False, 'min_digits': 0, 'halign': 'center', 'valign': 'middle', 'rotation': 0, 'scale': 1.0, 'casing': None, 'outline_color': [1.0, 1.0, 1.0, 1.0], 'outline_width': 0, 'animations': None}], 'transition': {'type': 'move_in', 'duration': 1.0, 'direction': 'top', 'easing': 'out_quad'}, 'target': None, 'background_color': [0.0, 0.0, 0.0, 1.0], 'priority': None, 'show': True, 'force': False, 'expire': None, 'slide': None, 'tokens': {}, 'action': 'play'}}, 'context': 'show_2', 'calling_context': 2, 'priority': 10, 'show_tokens': {}, 'start_time': 157822.828}
2025-11-02 10:59:27,682 : mpfmc : SlidePlayer: Play called with settings={'mission_pinball': {'widgets': [{'type': 'Text', 'text': 'ZUPPA PINBALL', 'font_size': 12, 'y': '75%', '_default_settings': ['type', 'text', 'font_size', 'y'], 'x': None, 'anchor_x': 'center', 'anchor_y': 'center', 'round_anchor_x': None, 'round_anchor_y': None, 'opacity': 1.0, 'z': 0, 'reset_animations_events': {}, 'color': [1.0, 1.0, 1.0, 1.0], 'style': [], 'adjust_top': 0, 'adjust_bottom': 0, 'adjust_left': 0, 'adjust_right': 0, 'expire': None, 'key': None, 'widget': None, 'events_when_added': [], 'events_when_removed': [], 'bitmap_font': False, 'font_kerning': True, 'bold': False, 'italic': False, 'number_grouping': False, 'min_digits': 0, 'halign': 'center', 'valign': 'middle', 'rotation': 0, 'scale': 1.0, 'casing': None, 'outline_color': [1.0, 1.0, 1.0, 1.0], 'outline_width': 0, 'animations': None}, {'type': 'Text', 'text': '2025 ZUPPA ELTRONICS INC.', 'font_size': 8, 'y': '45%', '_default_settings': ['type', 'text', 'font_size', 'y'], 'x': None, 'anchor_x': 'center', 'anchor_y': 'center', 'round_anchor_x': None, 'round_anchor_y': None, 'opacity': 1.0, 'z': 0, 'reset_animations_events': {}, 'color': [1.0, 1.0, 1.0, 1.0], 'style': [], 'adjust_top': 0, 'adjust_bottom': 0, 'adjust_left': 0, 'adjust_right': 0, 'expire': None, 'key': None, 'widget': None, 'events_when_added': [], 'events_when_removed': [], 'bitmap_font': False, 'font_kerning': True, 'bold': False, 'italic': False, 'number_grouping': False, 'min_digits': 0, 'halign': 'center', 'valign': 'middle', 'rotation': 0, 'scale': 1.0, 'casing': None, 'outline_color': [1.0, 1.0, 1.0, 1.0], 'outline_width': 0, 'animations': None}], 'transition': {'type': 'move_in', 'duration': 1.0, 'direction': 'top', 'easing': 'out_quad'}, 'target': None, 'background_color': [0.0, 0.0, 0.0, 1.0], 'priority': None, 'show': True, 'force': False, 'expire': None, 'slide': None, 'tokens': {}, 'action': 'play'}}
2025-11-02 10:59:27,687 : EventManager : Event: ======'slide_mission_pinball_created'====== Args={}
2025-11-02 10:59:27,688 : EventManager : Event: ======'slide_mission_pinball_active'====== Args={}
2025-11-02 10:59:29,062 : EventManager : Event: ======'game_started'====== Args={}
2025-11-02 10:59:29,062 : EventManager : Event: ======'slides_clear'====== Args={'context': 'show_2'}
2025-11-02 10:59:29,062 : EventManager : Event: ======'sounds_play'====== Args={'settings': {'music': {'action': 'stop', 'priority': None, 'block': False, 'delay': None, 'track': None, 'volume': None, 'ducking': {}, 'pan': None, 'loops': None, 'start_at': None, 'fade_in': None, 'fade_out': None, 'about_to_finish_time': -1.0, 'max_queue_time': -1.0, 'events_when_played': ['use_sound_setting'], 'events_when_stopped': ['use_sound_setting'], 'events_when_looping': ['use_sound_setting'], 'events_when_about_to_finish': ['use_sound_setting'], 'mode_end_action': 'use_sound_setting', 'key': 'use_sound_setting'}}, 'context': '_global', 'calling_context': 'mode_attract_stopped', 'priority': 0}
2025-11-02 10:59:29,062 : EventManager : Event: ======'slide_awesome_slide_removed'====== Args={}
2025-11-02 10:59:29,063 : EventManager : Event: ======'slide_press_start_removed'====== Args={}
2025-11-02 10:59:29,063 : EventManager : Event: ======'slide_mission_pinball_removed'====== Args={}
2025-11-02 10:59:29,078 : EventManager : Event: ======'slide_dmd_blank_active'====== Args={}
2025-11-02 10:59:29,080 : EventManager : Event: ======'slides_play'====== Args={'settings': {'player_added_slide': {'expire': 1.0, 'target': None, 'background_color': [0.0, 0.0, 0.0, 1.0], 'priority': None, 'show': True, 'force': False, 'slide': None, 'tokens': {}, 'action': 'play'}}, 'context': 'credits', 'calling_context': 'player_added', 'priority': 1000010, 'player': '<Player 1>', 'num': 1}
2025-11-02 10:59:29,080 : EventManager : Event: ======'sounds_play'====== Args={'settings': {'player_added_sound': {'action': 'play', 'loops': 0, 'priority': None, 'block': False, 'delay': None, 'track': None, 'volume': None, 'ducking': {}, 'pan': None, 'start_at': None, 'fade_in': None, 'fade_out': None, 'about_to_finish_time': -1.0, 'max_queue_time': -1.0, 'events_when_played': ['use_sound_setting'], 'events_when_stopped': ['use_sound_setting'], 'events_when_looping': ['use_sound_setting'], 'events_when_about_to_finish': ['use_sound_setting'], 'mode_end_action': 'use_sound_setting', 'key': 'use_sound_setting'}}, 'context': 'credits', 'calling_context': 'player_added', 'priority': 1000010, 'player': '<Player 1>', 'num': 1}
2025-11-02 10:59:29,080 : EventManager : Event: ======'machine_var_credit_units'====== Args={'value': 1, 'prev_value': 2, 'change': -1}
2025-11-02 10:59:29,080 : EventManager : Event: ======'machine_var_credits_string'====== Args={'value': 'CREDITS 1', 'prev_value': 'CREDITS 2', 'change': True}
2025-11-02 10:59:29,080 : EventManager : Event: ======'machine_var_credits_value'====== Args={'value': '1', 'prev_value': '2', 'change': True}
2025-11-02 10:59:29,080 : EventManager : Event: ======'machine_var_credits_whole_num'====== Args={'value': 1, 'prev_value': 2, 'change': -1}
2025-11-02 10:59:29,081 : EventManager : Event: ======'player_added'====== Args={'player': <Player 1>, 'num': 1}
2025-11-02 10:59:29,081 : EventManager : Event: ======'player_index'====== Args={'value': 0, 'prev_value': 0, 'change': 0, 'player_num': 1}
2025-11-02 10:59:29,081 : EventManager : Event: ======'player_number'====== Args={'value': 1, 'prev_value': 1, 'change': 0, 'player_num': 1}
2025-11-02 10:59:29,081 : EventManager : Event: ======'player_score'====== Args={'value': 0, 'prev_value': 0, 'change': 0, 'player_num': 1}
2025-11-02 10:59:29,081 : EventManager : Event: ======'slides_play'====== Args={'settings': {'player_added_slide': {'expire': 1.0, 'target': None, 'background_color': [0.0, 0.0, 0.0, 1.0], 'priority': None, 'show': True, 'force': False, 'slide': None, 'tokens': {}, 'action': 'play'}}, 'context': '_global', 'calling_context': 'player_added', 'priority': 0, 'player': '<Player 1>', 'num': 1}
2025-11-02 10:59:29,081 : EventManager : Event: ======'sounds_play'====== Args={'settings': {'player_added_sound': {'action': 'play', 'loops': 0, 'priority': None, 'block': False, 'delay': None, 'track': None, 'volume': None, 'ducking': {}, 'pan': None, 'start_at': None, 'fade_in': None, 'fade_out': None, 'about_to_finish_time': -1.0, 'max_queue_time': -1.0, 'events_when_played': ['use_sound_setting'], 'events_when_stopped': ['use_sound_setting'], 'events_when_looping': ['use_sound_setting'], 'events_when_about_to_finish': ['use_sound_setting'], 'mode_end_action': 'use_sound_setting', 'key': 'use_sound_setting'}}, 'context': '_global', 'calling_context': 'player_added', 'priority': 0, 'player': '<Player 1>', 'num': 1}
2025-11-02 10:59:29,081 : EventManager : Event: ======'player_sj_active'====== Args={'value': 0, 'prev_value': 0, 'change': 0, 'player_num': 1}
2025-11-02 10:59:29,081 : mpfmc : SlidePlayer: Play called with settings={'player_added_slide': {'expire': 1.0, 'target': None, 'background_color': [0.0, 0.0, 0.0, 1.0], 'priority': None, 'show': True, 'force': False, 'slide': None, 'tokens': {}, 'action': 'play'}}
2025-11-02 10:59:29,084 : EventManager : Event: ======'slide_player_added_slide_created'====== Args={}
2025-11-02 10:59:29,084 : mpfmc : SlidePlayer: Play called with settings={'slides': {player_added_slide-None-None: {'expire': 1.0, 'priority': None, 'target': None, 'background_color': [0.0, 0.0, 0.0, 1.0], 'show': True, 'force': False, 'slide': None, 'tokens': {}, 'action': 'play', 'transition': None, 'transition_out': None}}}
2025-11-02 10:59:29,085 : EventManager : Event: ======'slide_player_added_slide_removed'====== Args={}
2025-11-02 10:59:29,091 : EventManager : Event: ======'slide_player_added_slide_created'====== Args={}
2025-11-02 10:59:29,092 : mpfmc : SlidePlayer: Play called with settings={'slides': {player_added_slide-None-None: {'expire': 1.0, 'priority': None, 'target': None, 'background_color': [0.0, 0.0, 0.0, 1.0], 'show': True, 'force': False, 'slide': None, 'tokens': {}, 'action': 'play', 'transition': None, 'transition_out': None}}}
2025-11-02 10:59:29,092 : mpfmc : SlidePlayer: Play called with settings={'player_added_slide': {'expire': 1.0, 'target': None, 'background_color': [0.0, 0.0, 0.0, 1.0], 'priority': None, 'show': True, 'force': False, 'slide': None, 'tokens': {}, 'action': 'play'}}
2025-11-02 10:59:29,093 : EventManager : Event: ======'slide_player_added_slide_removed'====== Args={}
2025-11-02 10:59:29,095 : EventManager : Event: ======'slide_player_added_slide_created'====== Args={}
2025-11-02 10:59:29,096 : EventManager : Event: ======'slide_player_added_slide_active'====== Args={}
2025-11-02 10:59:29,099 : EventManager : Event: ======'player_ball'====== Args={'value': 1, 'prev_value': 0, 'change': 1, 'player_num': 1}
2025-11-02 10:59:29,099 : EventManager : Event: ======'player_turn_start'====== Args={'number': 1, 'player': <Player 1>}
2025-11-02 10:59:29,099 : EventManager : Event: ======'player_shot_jets_enabled'====== Args={'value': True, 'prev_value': 0, 'change': 1, 'player_num': 1}
2025-11-02 10:59:29,111 : EventManager : Event: ======'loading_assets'====== Args={'total': 1, 'loaded': 1, 'remaining': 0, 'percent': 100}
2025-11-02 10:59:29,111 : AssetManager : Asset loading took: 9.582643508911133
2025-11-02 10:59:29,111 : EventManager : Event: ======'asset_loading_complete'====== Args={}
2025-11-02 10:59:29,111 : AssetManager : Loading assets: 1/1 (100%)
2025-11-02 10:59:29,112 : EventManager : Event: ======'player_extra_ball_score_one_num_awarded'====== Args={'value': 0, 'prev_value': 0, 'change': 0, 'player_num': 1}
2025-11-02 10:59:29,129 : EventManager : Event: ======'player_extra_ball_score_two_num_awarded'====== Args={'value': 0, 'prev_value': 0, 'change': 0, 'player_num': 1}
2025-11-02 10:59:29,129 : EventManager : Event: ======'player_extra_ball_score_three_num_awarded'====== Args={'value': 0, 'prev_value': 0, 'change': 0, 'player_num': 1}
2025-11-02 10:59:29,129 : EventManager : Event: ======'player_shot_left_corridor_spinner_shot_enabled'====== Args={'value': True, 'prev_value': 0, 'change': 1, 'player_num': 1}
2025-11-02 10:59:29,130 : EventManager : Event: ======'player_shot_left_corridor_spinner2_shot_enabled'====== Args={'value': True, 'prev_value': 0, 'change': 1, 'player_num': 1}
2025-11-02 10:59:29,130 : EventManager : Event: ======'player_shot_right_corridor_spinner_shot_enabled'====== Args={'value': True, 'prev_value': 0, 'change': 1, 'player_num': 1}
2025-11-02 10:59:29,130 : EventManager : Event: ======'player_shot_top_left_standup2_shot_enabled'====== Args={'value': True, 'prev_value': 0, 'change': 1, 'player_num': 1}
2025-11-02 10:59:29,130 : EventManager : Event: ======'player_shot_top_left_standup_shot_enabled'====== Args={'value': True, 'prev_value': 0, 'change': 1, 'player_num': 1}
2025-11-02 10:59:29,130 : EventManager : Event: ======'player_shot_left_standup_shot_enabled'====== Args={'value': True, 'prev_value': 0, 'change': 1, 'player_num': 1}
2025-11-02 10:59:29,130 : EventManager : Event: ======'player_shot_right_standup_shot_enabled'====== Args={'value': True, 'prev_value': 0, 'change': 1, 'player_num': 1}
2025-11-02 10:59:29,130 : EventManager : Event: ======'player_shot_left_rollover_shot_enabled'====== Args={'value': True, 'prev_value': 0, 'change': 1, 'player_num': 1}
2025-11-02 10:59:29,130 : EventManager : Event: ======'player_shot_center_rollover_shot_enabled'====== Args={'value': True, 'prev_value': 0, 'change': 1, 'player_num': 1}
2025-11-02 10:59:29,130 : EventManager : Event: ======'player_shot_right_rollover_shot_enabled'====== Args={'value': True, 'prev_value': 0, 'change': 1, 'player_num': 1}
2025-11-02 10:59:29,130 : EventManager : Event: ======'player_shot_right_scoop_shot_enabled'====== Args={'value': True, 'prev_value': 0, 'change': 1, 'player_num': 1}
2025-11-02 10:59:29,130 : EventManager : Event: ======'player_shot_center_scoop_shot_enabled'====== Args={'value': True, 'prev_value': 0, 'change': 1, 'player_num': 1}
2025-11-02 10:59:29,131 : EventManager : Event: ======'player_shot_left_scoop_shot_enabled'====== Args={'value': True, 'prev_value': 0, 'change': 1, 'player_num': 1}
2025-11-02 10:59:29,131 : EventManager : Event: ======'player_shot_T_enabled'====== Args={'value': True, 'prev_value': 0, 'change': 1, 'player_num': 1}
2025-11-02 10:59:29,131 : EventManager : Event: ======'player_shot_I_enabled'====== Args={'value': True, 'prev_value': 0, 'change': 1, 'player_num': 1}
2025-11-02 10:59:29,131 : EventManager : Event: ======'player_shot_M_enabled'====== Args={'value': True, 'prev_value': 0, 'change': 1, 'player_num': 1}
2025-11-02 10:59:29,131 : EventManager : Event: ======'player_shot_E_enabled'====== Args={'value': True, 'prev_value': 0, 'change': 1, 'player_num': 1}
2025-11-02 10:59:29,131 : EventManager : Event: ======'player_shot_left_center_droptarget_enabled'====== Args={'value': True, 'prev_value': 0, 'change': 1, 'player_num': 1}
2025-11-02 10:59:29,131 : EventManager : Event: ======'player_shot_center_center_droptarget_enabled'====== Args={'value': True, 'prev_value': 0, 'change': 1, 'player_num': 1}
2025-11-02 10:59:29,131 : EventManager : Event: ======'player_shot_right_center_droptarget_enabled'====== Args={'value': True, 'prev_value': 0, 'change': 1, 'player_num': 1}
2025-11-02 10:59:29,131 : EventManager : Event: ======'player_shot_Tb_enabled'====== Args={'value': True, 'prev_value': 0, 'change': 1, 'player_num': 1}
2025-11-02 10:59:29,131 : EventManager : Event: ======'player_shot_R_enabled'====== Args={'value': True, 'prev_value': 0, 'change': 1, 'player_num': 1}
2025-11-02 10:59:29,132 : EventManager : Event: ======'player_shot_A_enabled'====== Args={'value': True, 'prev_value': 0, 'change': 1, 'player_num': 1}
2025-11-02 10:59:29,132 : EventManager : Event: ======'player_shot_V_enabled'====== Args={'value': True, 'prev_value': 0, 'change': 1, 'player_num': 1}
2025-11-02 10:59:29,132 : EventManager : Event: ======'player_shot_Eb_enabled'====== Args={'value': True, 'prev_value': 0, 'change': 1, 'player_num': 1}
2025-11-02 10:59:29,132 : EventManager : Event: ======'player_shot_L_enabled'====== Args={'value': True, 'prev_value': 0, 'change': 1, 'player_num': 1}
2025-11-02 10:59:29,132 : EventManager : Event: ======'player_shot_bumper1_shot_enabled'====== Args={'value': True, 'prev_value': 0, 'change': 1, 'player_num': 1}
2025-11-02 10:59:29,132 : EventManager : Event: ======'player_shot_bumper2_shot_enabled'====== Args={'value': True, 'prev_value': 0, 'change': 1, 'player_num': 1}
2025-11-02 10:59:29,132 : EventManager : Event: ======'player_shot_right_inlane_shot_enabled'====== Args={'value': True, 'prev_value': 0, 'change': 1, 'player_num': 1}
2025-11-02 10:59:29,132 : EventManager : Event: ======'player_shot_left_inlane_shot_enabled'====== Args={'value': True, 'prev_value': 0, 'change': 1, 'player_num': 1}
2025-11-02 10:59:29,132 : EventManager : Event: ======'player_shot_right_outlane_shot_enabled'====== Args={'value': True, 'prev_value': 0, 'change': 1, 'player_num': 1}
2025-11-02 10:59:29,132 : EventManager : Event: ======'player_shot_left_outlane_shot_enabled'====== Args={'value': True, 'prev_value': 0, 'change': 1, 'player_num': 1}
2025-11-02 10:59:29,162 : EventManager : Event: ======'slides_play'====== Args={'settings': {'widgets': {'widgets': [{'type': 'text', 'text': '(score)', 'number_grouping': True, 'min_digits': 2, 'font_size': 21, 'y': '40%', '_default_settings': ['type', 'text', 'number_grouping', 'min_digits', 'font_size', 'y'], 'x': None, 'anchor_x': 'center', 'anchor_y': 'center', 'round_anchor_x': None, 'round_anchor_y': None, 'opacity': 1.0, 'z': 0, 'reset_animations_events': {}, 'color': [1.0, 1.0, 1.0, 1.0], 'style': [], 'adjust_top': 0, 'adjust_bottom': 0, 'adjust_left': 0, 'adjust_right': 0, 'expire': None, 'key': None, 'widget': None, 'events_when_added': [], 'events_when_removed': [], 'bitmap_font': False, 'font_kerning': True, 'bold': False, 'italic': False, 'halign': 'center', 'valign': 'middle', 'rotation': 0, 'scale': 1.0, 'casing': None, 'outline_color': [1.0, 1.0, 1.0, 1.0], 'outline_width': 0, 'animations': None}, {'type': 'text', 'text': 'PLAYER (number)', 'x': '5%', 'y': '65%', 'anchor_x': 'left', 'anchor_y': 'bottom', 'font_size': 8, '_default_settings': ['type', 'text', 'x', 'y', 'anchor_x', 'anchor_y', 'font_size'], 'round_anchor_x': None, 'round_anchor_y': None, 'opacity': 1.0, 'z': 0, 'reset_animations_events': {}, 'color': [1.0, 1.0, 1.0, 1.0], 'style': [], 'adjust_top': 0, 'adjust_bottom': 0, 'adjust_left': 0, 'adjust_right': 0, 'expire': None, 'key': None, 'widget': None, 'events_when_added': [], 'events_when_removed': [], 'bitmap_font': False, 'font_kerning': True, 'bold': False, 'italic': False, 'number_grouping': False, 'min_digits': 0, 'halign': 'center', 'valign': 'middle', 'rotation': 0, 'scale': 1.0, 'casing': None, 'outline_color': [1.0, 1.0, 1.0, 1.0], 'outline_width': 0, 'animations': None}, {'type': 'text', 'text': 'BALL (ball)', 'y': '65%', 'x': 'right-55', 'anchor_x': 'right', 'anchor_y': 'bottom', 'font_size': 8, '_default_settings': ['type', 'text', 'y', 'x', 'anchor_x', 'anchor_y', 'font_size'], 'round_anchor_x': None, 'round_anchor_y': None, 'opacity': 1.0, 'z': 0, 'reset_animations_events': {}, 'color': [1.0, 1.0, 1.0, 1.0], 'style': [], 'adjust_top': 0, 'adjust_bottom': 0, 'adjust_left': 0, 'adjust_right': 0, 'expire': None, 'key': None, 'widget': None, 'events_when_added': [], 'events_when_removed': [], 'bitmap_font': False, 'font_kerning': True, 'bold': False, 'italic': False, 'number_grouping': False, 'min_digits': 0, 'halign': 'center', 'valign': 'middle', 'rotation': 0, 'scale': 1.0, 'casing': None, 'outline_color': [1.0, 1.0, 1.0, 1.0], 'outline_width': 0, 'animations': None}, {'type': 'text', 'text': '(machine|credits_string)', 'y': '65%', 'x': 'right-5', 'anchor_x': 'right', 'anchor_y': 'bottom', 'font_size': 8, '_default_settings': ['type', 'text', 'y', 'x', 'anchor_x', 'anchor_y', 'font_size'], 'round_anchor_x': None, 'round_anchor_y': None, 'opacity': 1.0, 'z': 0, 'reset_animations_events': {}, 'color': [1.0, 1.0, 1.0, 1.0], 'style': [], 'adjust_top': 0, 'adjust_bottom': 0, 'adjust_left': 0, 'adjust_right': 0, 'expire': None, 'key': None, 'widget': None, 'events_when_added': [], 'events_when_removed': [], 'bitmap_font': False, 'font_kerning': True, 'bold': False, 'italic': False, 'number_grouping': False, 'min_digits': 0, 'halign': 'center', 'valign': 'middle', 'rotation': 0, 'scale': 1.0, 'casing': None, 'outline_color': [1.0, 1.0, 1.0, 1.0], 'outline_width': 0, 'animations': None}], 'target': None, 'background_color': [0.0, 0.0, 0.0, 1.0], 'priority': None, 'show': True, 'force': False, 'expire': None, 'slide': None, 'tokens': {}, 'action': 'play'}}, 'context': 'base', 'calling_context': 'mode_base_started', 'priority': 100, 'player': 1, 'ball': 1, 'balls_remaining': 2, 'is_extra_ball': False}
2025-11-02 10:59:29,162 : EventManager : Event: ======'sounds_play'====== Args={'settings': {'lets_go': {'action': 'play', 'loops': 0, 'priority': None, 'block': False, 'delay': None, 'track': None, 'volume': None, 'ducking': {}, 'pan': None, 'start_at': None, 'fade_in': None, 'fade_out': None, 'about_to_finish_time': -1.0, 'max_queue_time': -1.0, 'events_when_played': ['use_sound_setting'], 'events_when_stopped': ['use_sound_setting'], 'events_when_looping': ['use_sound_setting'], 'events_when_about_to_finish': ['use_sound_setting'], 'mode_end_action': 'use_sound_setting', 'key': 'use_sound_setting'}}, 'context': 'base', 'calling_context': 'mode_base_started', 'priority': 100, 'player': 1, 'ball': 1, 'balls_remaining': 2, 'is_extra_ball': False}
2025-11-02 10:59:29,162 : EventManager : Event: ======'sounds_play'====== Args={'settings': {'mode': {'action': 'play', 'loops': -1, 'priority': None, 'block': False, 'delay': None, 'track': None, 'volume': None, 'ducking': {}, 'pan': None, 'start_at': None, 'fade_in': None, 'fade_out': None, 'about_to_finish_time': -1.0, 'max_queue_time': -1.0, 'events_when_played': ['use_sound_setting'], 'events_when_stopped': ['use_sound_setting'], 'events_when_looping': ['use_sound_setting'], 'events_when_about_to_finish': ['use_sound_setting'], 'mode_end_action': 'use_sound_setting', 'key': 'use_sound_setting'}}, 'context': '_global', 'calling_context': 'mode_base_started', 'priority': 0, 'player': 1, 'ball': 1, 'balls_remaining': 2, 'is_extra_ball': False}
2025-11-02 10:59:29,162 : mpfmc : SlidePlayer: Play called with settings={'widgets': {'widgets': [{'type': 'text', 'text': '(score)', 'number_grouping': True, 'min_digits': 2, 'font_size': 21, 'y': '40%', '_default_settings': ['type', 'text', 'number_grouping', 'min_digits', 'font_size', 'y'], 'x': None, 'anchor_x': 'center', 'anchor_y': 'center', 'round_anchor_x': None, 'round_anchor_y': None, 'opacity': 1.0, 'z': 0, 'reset_animations_events': {}, 'color': [1.0, 1.0, 1.0, 1.0], 'style': [], 'adjust_top': 0, 'adjust_bottom': 0, 'adjust_left': 0, 'adjust_right': 0, 'expire': None, 'key': None, 'widget': None, 'events_when_added': [], 'events_when_removed': [], 'bitmap_font': False, 'font_kerning': True, 'bold': False, 'italic': False, 'halign': 'center', 'valign': 'middle', 'rotation': 0, 'scale': 1.0, 'casing': None, 'outline_color': [1.0, 1.0, 1.0, 1.0], 'outline_width': 0, 'animations': None}, {'type': 'text', 'text': 'PLAYER (number)', 'x': '5%', 'y': '65%', 'anchor_x': 'left', 'anchor_y': 'bottom', 'font_size': 8, '_default_settings': ['type', 'text', 'x', 'y', 'anchor_x', 'anchor_y', 'font_size'], 'round_anchor_x': None, 'round_anchor_y': None, 'opacity': 1.0, 'z': 0, 'reset_animations_events': {}, 'color': [1.0, 1.0, 1.0, 1.0], 'style': [], 'adjust_top': 0, 'adjust_bottom': 0, 'adjust_left': 0, 'adjust_right': 0, 'expire': None, 'key': None, 'widget': None, 'events_when_added': [], 'events_when_removed': [], 'bitmap_font': False, 'font_kerning': True, 'bold': False, 'italic': False, 'number_grouping': False, 'min_digits': 0, 'halign': 'center', 'valign': 'middle', 'rotation': 0, 'scale': 1.0, 'casing': None, 'outline_color': [1.0, 1.0, 1.0, 1.0], 'outline_width': 0, 'animations': None}, {'type': 'text', 'text': 'BALL (ball)', 'y': '65%', 'x': 'right-55', 'anchor_x': 'right', 'anchor_y': 'bottom', 'font_size': 8, '_default_settings': ['type', 'text', 'y', 'x', 'anchor_x', 'anchor_y', 'font_size'], 'round_anchor_x': None, 'round_anchor_y': None, 'opacity': 1.0, 'z': 0, 'reset_animations_events': {}, 'color': [1.0, 1.0, 1.0, 1.0], 'style': [], 'adjust_top': 0, 'adjust_bottom': 0, 'adjust_left': 0, 'adjust_right': 0, 'expire': None, 'key': None, 'widget': None, 'events_when_added': [], 'events_when_removed': [], 'bitmap_font': False, 'font_kerning': True, 'bold': False, 'italic': False, 'number_grouping': False, 'min_digits': 0, 'halign': 'center', 'valign': 'middle', 'rotation': 0, 'scale': 1.0, 'casing': None, 'outline_color': [1.0, 1.0, 1.0, 1.0], 'outline_width': 0, 'animations': None}, {'type': 'text', 'text': '(machine|credits_string)', 'y': '65%', 'x': 'right-5', 'anchor_x': 'right', 'anchor_y': 'bottom', 'font_size': 8, '_default_settings': ['type', 'text', 'y', 'x', 'anchor_x', 'anchor_y', 'font_size'], 'round_anchor_x': None, 'round_anchor_y': None, 'opacity': 1.0, 'z': 0, 'reset_animations_events': {}, 'color': [1.0, 1.0, 1.0, 1.0], 'style': [], 'adjust_top': 0, 'adjust_bottom': 0, 'adjust_left': 0, 'adjust_right': 0, 'expire': None, 'key': None, 'widget': None, 'events_when_added': [], 'events_when_removed': [], 'bitmap_font': False, 'font_kerning': True, 'bold': False, 'italic': False, 'number_grouping': False, 'min_digits': 0, 'halign': 'center', 'valign': 'middle', 'rotation': 0, 'scale': 1.0, 'casing': None, 'outline_color': [1.0, 1.0, 1.0, 1.0], 'outline_width': 0, 'animations': None}], 'target': None, 'background_color': [0.0, 0.0, 0.0, 1.0], 'priority': None, 'show': True, 'force': False, 'expire': None, 'slide': None, 'tokens': {}, 'action': 'play'}}
2025-11-02 10:59:29,170 : EventManager : Event: ======'slide_base.slide_player-mode_base_started_created'====== Args={}
2025-11-02 10:59:29,170 : EventManager : Unordered handler for class <Text Widget text=CREDITS 1> on event machine_var_credits_string with priority 1. Handlers: [RegisteredHandler(callback=<bound method Text._machine_var_change of <Text Widget text=CREDITS 1>>, priority=1, kwargs={}, key=UUID('ff47e81a-2403-4491-b2f1-6133704efebb'), condition=None, blocking_facility=None), RegisteredHandler(callback=<bound method Text._machine_var_change of <Text Widget text=CREDITS 1>>, priority=1, kwargs={}, key=UUID('3e638b1b-a1a5-446f-8b2c-3772598b1bea'), condition=None, blocking_facility=None)]. The order of those handlers is not defined and they will be executed in random order. This might lead to race conditions and potential bugs.
2025-11-02 10:59:29,177 : EventManager : Event: ======'slide_base.slide_player-mode_base_started_active'====== Args={}
2025-11-02 10:59:29,256 : EventManager : Event: ======'loading_assets'====== Args={'total': 2, 'loaded': 1, 'remaining': 1, 'percent': 50}
2025-11-02 10:59:29,256 : AssetManager : Loading assets: 1/2 (50%)
2025-11-02 10:59:29,256 : EventManager : Event: ======'loading_assets'====== Args={'total': 2, 'loaded': 2, 'remaining': 0, 'percent': 100}
2025-11-02 10:59:29,256 : AssetManager : Asset loading took: 9.728253841400146
2025-11-02 10:59:29,256 : EventManager : Event: ======'asset_loading_complete'====== Args={}
2025-11-02 10:59:29,256 : AssetManager : Loading assets: 2/2 (100%)
2025-11-02 10:59:29,268 : EventManager : Event: ======'machine_var_audits_switches_s_plunger'====== Args={'value': 801, 'prev_value': 800, 'change': 1}
2025-11-02 10:59:29,780 : EventManager : Event: ======'machine_var_credit_units'====== Args={'value': 2, 'prev_value': 1, 'change': 1}
2025-11-02 10:59:29,781 : EventManager : Event: ======'machine_var_credits_string'====== Args={'value': 'CREDITS 2', 'prev_value': 'CREDITS 1', 'change': True}
2025-11-02 10:59:29,781 : EventManager : Event: ======'machine_var_credits_value'====== Args={'value': '2', 'prev_value': '1', 'change': True}
2025-11-02 10:59:29,781 : EventManager : Event: ======'machine_var_credits_whole_num'====== Args={'value': 2, 'prev_value': 1, 'change': 1}
2025-11-02 10:59:29,781 : EventManager : Event: ======'machine_var_audits_switches_s_coin_left'====== Args={'value': 21, 'prev_value': 20, 'change': 1}
2025-11-02 10:59:29,781 : EventManager : Event: ======'slides_play'====== Args={'settings': {'credit_added_slide': {'expire': 2.0, 'target': None, 'background_color': [0.0, 0.0, 0.0, 1.0], 'priority': None, 'show': True, 'force': False, 'slide': None, 'tokens': {}, 'action': 'play'}}, 'context': 'credits', 'calling_context': 'credits_added', 'priority': 1000010}
2025-11-02 10:59:29,781 : EventManager : Event: ======'sounds_play'====== Args={'settings': {'cash_in': {'action': 'play', 'loops': 0, 'priority': None, 'block': False, 'delay': None, 'track': None, 'volume': None, 'ducking': {}, 'pan': None, 'start_at': None, 'fade_in': None, 'fade_out': None, 'about_to_finish_time': -1.0, 'max_queue_time': -1.0, 'events_when_played': ['use_sound_setting'], 'events_when_stopped': ['use_sound_setting'], 'events_when_looping': ['use_sound_setting'], 'events_when_about_to_finish': ['use_sound_setting'], 'mode_end_action': 'use_sound_setting', 'key': 'use_sound_setting'}}, 'context': 'credits', 'calling_context': 'credits_added', 'priority': 1000010}
2025-11-02 10:59:29,782 : EventManager : Event: ======'slides_play'====== Args={'settings': {'credit_added_slide': {'expire': 2.0, 'target': None, 'background_color': [0.0, 0.0, 0.0, 1.0], 'priority': None, 'show': True, 'force': False, 'slide': None, 'tokens': {}, 'action': 'play'}}, 'context': '_global', 'calling_context': 'credits_added', 'priority': 0}
2025-11-02 10:59:29,782 : EventManager : Event: ======'sounds_play'====== Args={'settings': {'go': {'action': 'play', 'loops': 0, 'priority': None, 'block': False, 'delay': None, 'track': None, 'volume': None, 'ducking': {}, 'pan': None, 'start_at': None, 'fade_in': None, 'fade_out': None, 'about_to_finish_time': -1.0, 'max_queue_time': -1.0, 'events_when_played': ['use_sound_setting'], 'events_when_stopped': ['use_sound_setting'], 'events_when_looping': ['use_sound_setting'], 'events_when_about_to_finish': ['use_sound_setting'], 'mode_end_action': 'use_sound_setting', 'key': 'use_sound_setting'}}, 'context': '_global', 'calling_context': 'credits_added', 'priority': 0}
2025-11-02 10:59:29,782 : mpfmc : SlidePlayer: Play called with settings={'credit_added_slide': {'expire': 2.0, 'target': None, 'background_color': [0.0, 0.0, 0.0, 1.0], 'priority': None, 'show': True, 'force': False, 'slide': None, 'tokens': {}, 'action': 'play'}}
2025-11-02 10:59:29,784 : EventManager : Unordered handler for class <Text Widget text=CREDITS 2> on event machine_var_credits_string with priority 1. Handlers: [RegisteredHandler(callback=<bound method Text._machine_var_change of <Text Widget text=CREDITS 2>>, priority=1, kwargs={}, key=UUID('ff47e81a-2403-4491-b2f1-6133704efebb'), condition=None, blocking_facility=None), RegisteredHandler(callback=<bound method Text._machine_var_change of <Text Widget text=CREDITS 2>>, priority=1, kwargs={}, key=UUID('3e638b1b-a1a5-446f-8b2c-3772598b1bea'), condition=None, blocking_facility=None)]. The order of those handlers is not defined and they will be executed in random order. This might lead to race conditions and potential bugs.
2025-11-02 10:59:29,784 : EventManager : Event: ======'slide_credit_added_slide_created'====== Args={}
2025-11-02 10:59:29,785 : EventManager : Unordered handler for class <Text Widget text=CREDITS 2> on event machine_var_credits_string with priority 1. Handlers: [RegisteredHandler(callback=<bound method Text._machine_var_change of <Text Widget text=CREDITS 2>>, priority=1, kwargs={}, key=UUID('ff47e81a-2403-4491-b2f1-6133704efebb'), condition=None, blocking_facility=None), RegisteredHandler(callback=<bound method Text._machine_var_change of <Text Widget text=CREDITS 2>>, priority=1, kwargs={}, key=UUID('3e638b1b-a1a5-446f-8b2c-3772598b1bea'), condition=None, blocking_facility=None)]. The order of those handlers is not defined and they will be executed in random order. This might lead to race conditions and potential bugs.
2025-11-02 10:59:29,785 : EventManager : Unordered handler for class <Text Widget text=CREDITS 2> on event machine_var_credits_string with priority 1. Handlers: [RegisteredHandler(callback=<bound method Text._machine_var_change of <Text Widget text=CREDITS 2>>, priority=1, kwargs={}, key=UUID('85cd0e5d-69f0-4d37-b4b6-aa7fcdfba9c4'), condition=None, blocking_facility=None), RegisteredHandler(callback=<bound method Text._machine_var_change of <Text Widget text=CREDITS 2>>, priority=1, kwargs={}, key=UUID('ccc6ace9-13a1-4cdb-94c5-b60eea17a45f'), condition=None, blocking_facility=None)]. The order of those handlers is not defined and they will be executed in random order. This might lead to race conditions and potential bugs.
2025-11-02 10:59:29,786 : mpfmc : SlidePlayer: Play called with settings={'credit_added_slide': {'expire': 2.0, 'target': None, 'background_color': [0.0, 0.0, 0.0, 1.0], 'priority': None, 'show': True, 'force': False, 'slide': None, 'tokens': {}, 'action': 'play'}}
2025-11-02 10:59:29,786 : EventManager : Unordered handler for class <Text Widget text=CREDITS 2> on event machine_var_credits_string with priority 1. Handlers: [RegisteredHandler(callback=<bound method Text._machine_var_change of <Text Widget text=CREDITS 2>>, priority=1, kwargs={}, key=UUID('ff47e81a-2403-4491-b2f1-6133704efebb'), condition=None, blocking_facility=None), RegisteredHandler(callback=<bound method Text._machine_var_change of <Text Widget text=CREDITS 2>>, priority=1, kwargs={}, key=UUID('3e638b1b-a1a5-446f-8b2c-3772598b1bea'), condition=None, blocking_facility=None)]. The order of those handlers is not defined and they will be executed in random order. This might lead to race conditions and potential bugs.
2025-11-02 10:59:29,787 : EventManager : Unordered handler for class <Text Widget text=CREDITS 2> on event machine_var_credits_string with priority 1. Handlers: [RegisteredHandler(callback=<bound method Text._machine_var_change of <Text Widget text=CREDITS 2>>, priority=1, kwargs={}, key=UUID('85cd0e5d-69f0-4d37-b4b6-aa7fcdfba9c4'), condition=None, blocking_facility=None), RegisteredHandler(callback=<bound method Text._machine_var_change of <Text Widget text=CREDITS 2>>, priority=1, kwargs={}, key=UUID('ccc6ace9-13a1-4cdb-94c5-b60eea17a45f'), condition=None, blocking_facility=None), RegisteredHandler(callback=<bound method Text._machine_var_change of <Text Widget text=CREDITS 2>>, priority=1, kwargs={}, key=UUID('8f26124f-aaf0-4f33-99af-ca154aa20a82'), condition=None, blocking_facility=None)]. The order of those handlers is not defined and they will be executed in random order. This might lead to race conditions and potential bugs.
2025-11-02 10:59:29,787 : EventManager : Unordered handler for class <Text Widget text=CREDITS 2> on event machine_var_credits_string with priority 1. Handlers: [RegisteredHandler(callback=<bound method Text._machine_var_change of <Text Widget text=CREDITS 2>>, priority=1, kwargs={}, key=UUID('85cd0e5d-69f0-4d37-b4b6-aa7fcdfba9c4'), condition=None, blocking_facility=None), RegisteredHandler(callback=<bound method Text._machine_var_change of <Text Widget text=CREDITS 2>>, priority=1, kwargs={}, key=UUID('ccc6ace9-13a1-4cdb-94c5-b60eea17a45f'), condition=None, blocking_facility=None), RegisteredHandler(callback=<bound method Text._machine_var_change of <Text Widget text=CREDITS 2>>, priority=1, kwargs={}, key=UUID('8f26124f-aaf0-4f33-99af-ca154aa20a82'), condition=None, blocking_facility=None)]. The order of those handlers is not defined and they will be executed in random order. This might lead to race conditions and potential bugs.
2025-11-02 10:59:29,794 : EventManager : Event: ======'slide_credit_added_slide_active'====== Args={}
2025-11-02 10:59:29,810 : EventManager : Event: ======'loading_assets'====== Args={'total': 2, 'loaded': 1, 'remaining': 1, 'percent': 50}
2025-11-02 10:59:29,811 : AssetManager : Loading assets: 1/2 (50%)
2025-11-02 10:59:29,811 : EventManager : Event: ======'loading_assets'====== Args={'total': 2, 'loaded': 2, 'remaining': 0, 'percent': 100}
2025-11-02 10:59:29,811 : AssetManager : Asset loading took: 10.282772064208984
2025-11-02 10:59:29,811 : EventManager : Event: ======'asset_loading_complete'====== Args={}
2025-11-02 10:59:29,811 : AssetManager : Loading assets: 2/2 (100%)
2025-11-02 10:59:30,094 : EventManager : Event: ======'slide_player_added_slide_removed'====== Args={}
2025-11-02 10:59:31,777 : EventManager : Event: ======'slide_credit_added_slide_removed'====== Args={}
2025-11-02 10:59:31,777 : EventManager : Event: ======'slide_base.slide_player-mode_base_started_active'====== Args={}
2025-11-02 10:59:39,410 : EventManager : Event: ======'machine_var_audits_switches_s_left_scoop'====== Args={'value': 339, 'prev_value': 338, 'change': 1}
2025-11-02 10:59:39,427 : EventManager : Event: ======'player_shot_left_scoop_shot'====== Args={'value': 1, 'prev_value': 0, 'change': 1, 'player_num': 1}
2025-11-02 10:59:39,427 : EventManager : Event: ======'machine_var_audits_shots_left_scoop_shot'====== Args={'value': 115, 'prev_value': 114, 'change': 1}
2025-11-02 10:59:39,428 : EventManager : Event: ======'player_score'====== Args={'value': 350, 'prev_value': 0, 'change': 350, 'player_num': 1}
2025-11-02 10:59:45,027 : EventManager : Event: ======'machine_var_audits_switches_s_left_scoop'====== Args={'value': 340, 'prev_value': 339, 'change': 1}
2025-11-02 10:59:45,027 : EventManager : Event: ======'machine_var_audits_shots_left_scoop_shot'====== Args={'value': 116, 'prev_value': 115, 'change': 1}
2025-11-02 10:59:45,028 : EventManager : Event: ======'player_score'====== Args={'value': 700, 'prev_value': 350, 'change': 350, 'player_num': 1}
2025-11-02 10:59:46,561 : EventManager : Event: ======'machine_var_audits_switches_s_left_scoop'====== Args={'value': 341, 'prev_value': 340, 'change': 1}
2025-11-02 10:59:46,561 : EventManager : Event: ======'machine_var_audits_shots_left_scoop_shot'====== Args={'value': 117, 'prev_value': 116, 'change': 1}
2025-11-02 10:59:46,561 : EventManager : Event: ======'player_score'====== Args={'value': 1050, 'prev_value': 700, 'change': 350, 'player_num': 1}
2025-11-02 10:59:48,244 : EventManager : Event: ======'machine_var_audits_switches_s_left_scoop'====== Args={'value': 342, 'prev_value': 341, 'change': 1}
2025-11-02 10:59:48,244 : EventManager : Event: ======'machine_var_audits_shots_left_scoop_shot'====== Args={'value': 118, 'prev_value': 117, 'change': 1}
2025-11-02 10:59:48,244 : EventManager : Event: ======'player_score'====== Args={'value': 1400, 'prev_value': 1050, 'change': 350, 'player_num': 1}
2025-11-02 10:59:56,395 : kivy : Base: Leaving application in progress...
2025-11-02 10:59:56,404 : mpfmc : Stopping...
2025-11-02 10:59:56,405 : EventManager : Event: ======'shutdown'====== Args={}
2025-11-02 10:59:56,405 : AudioInterface : Disabling audio playback
2025-11-02 10:59:56,521 : mpfmc : Loop rate 57.63 Hz
