2025-10-03 17:27:11,448 : INFO : root : Loading config.
2025-10-03 17:27:11,453 : INFO : YamlMultifileConfigLoader : Machine config file #1: config.yaml
2025-10-03 17:27:11,454 : INFO : ConfigProcessor : Loading config from cache: C:\Users\richa\AppData\Local\Temp\bad76953a596b8c99f832e0e98026c3b.mpf_cache
2025-10-03 17:27:11,463 : WARNING : ConfigProcessor : Config file in cache changed: C:\Users\richa\ttp5\config\config_switches.yaml
2025-10-03 17:27:11,463 : INFO : ConfigProcessor : Loading config from file C:\Users\richa\mpfvirtual4\lib\site-packages\mpf\mpfconfig.yaml.
2025-10-03 17:27:11,475 : INFO : ConfigProcessor : Loading config: C:\Users\richa\mpfvirtual4\lib\site-packages\mpf\mpfconfig.yaml
2025-10-03 17:27:11,476 : INFO : ConfigProcessor : Loading config from file C:\Users\richa\ttp5\config\config.yaml.
2025-10-03 17:27:11,479 : INFO : ConfigProcessor : Loading config: C:\Users\richa\ttp5\config\config.yaml
2025-10-03 17:27:11,480 : INFO : ConfigProcessor : Loading config: C:\Users\richa\ttp5\config\config_ball_devices.yaml
2025-10-03 17:27:11,482 : INFO : ConfigProcessor : Loading config: C:\Users\richa\ttp5\config\config_coils.yaml
2025-10-03 17:27:11,483 : INFO : ConfigProcessor : Loading config: C:\Users\richa\ttp5\config\config_flippers.yaml
2025-10-03 17:27:11,492 : INFO : ConfigProcessor : Loading config: C:\Users\richa\ttp5\config\config_switches.yaml
2025-10-03 17:27:11,493 : INFO : ConfigProcessor : Config file cache created: C:\Users\richa\AppData\Local\Temp\bad76953a596b8c99f832e0e98026c3b.mpf_cache
2025-10-03 17:27:11,573 : INFO : ConfigProcessor : Loading config from cache: C:\Users\richa\AppData\Local\Temp\77a998d318c788df5647a1900cedfc56.mpf_cache
2025-10-03 17:27:11,574 : INFO : ConfigProcessor : Loading config from cache: C:\Users\richa\AppData\Local\Temp\9c8dea79ca4d15ee886340e992e8cb9d.mpf_cache
2025-10-03 17:27:11,574 : INFO : ConfigProcessor : Loading config from cache: C:\Users\richa\AppData\Local\Temp\8ddee2e87a4f178751335e99da00e9c4.mpf_cache
2025-10-03 17:27:11,575 : INFO : ConfigProcessor : Loading config from cache: C:\Users\richa\AppData\Local\Temp\16d594341c3fbe91b1b6d496c05a6fb0.mpf_cache
2025-10-03 17:27:11,576 : INFO : ConfigProcessor : Loading config from cache: C:\Users\richa\AppData\Local\Temp\9ea1b14cb2b1cce5e8bf981a1ff8cfc5.mpf_cache
2025-10-03 17:27:11,577 : INFO : Machine : Mission Pinball Framework Core Engine v0.57.0.dev39
2025-10-03 17:27:11,577 : INFO : Machine : Command line arguments: {'no_load_cache': False, 'create_config_cache': True, 'bcp': True, 'configfile': ['config.yaml'], 'force_assets_load': False, 'jsonlogging': False, 'logfile': 'logs\\2025-10-03-17-27-11-mpf-DESKTOP-RK7BE5M.log', 'pause': False, 'production': False, 'text_ui': True, 'loglevel': 15, 'consoleloglevel': 20, 'force_platform': None, 'syslog_address': None, 'mc_file_name': None, 'no_sound': False}
2025-10-03 17:27:11,577 : INFO : Machine : MPF path: C:\Users\richa\mpfvirtual4\lib\site-packages\mpf
2025-10-03 17:27:11,577 : INFO : Machine : Machine path: C:\Users\richa\ttp5
2025-10-03 17:27:11,577 : INFO : Machine : Platform: win32
2025-10-03 17:27:11,577 : INFO : Machine : Python executable location: C:\Users\richa\mpfvirtual4\Scripts\python.exe
2025-10-03 17:27:11,577 : INFO : Machine : Python version: 3.9.13 (64-bit)
2025-10-03 17:27:11,579 : INFO : Machine : Initializing MPF...
2025-10-03 17:27:11,939 : INFO : EventManager : Event: ======'machine_var_credits_string'====== Args={'value': 'FREE PLAY', 'prev_value': None, 'change': True}
2025-10-03 17:27:11,991 : INFO : EventManager : Event: ======'machine_var_master_volume'====== Args={'value': 0.5, 'prev_value': None, 'change': True}
2025-10-03 17:27:11,992 : INFO : EventManager : Event: ======'machine_var_player1_score'====== Args={'value': 28284, 'prev_value': None, 'change': True}
2025-10-03 17:27:11,992 : INFO : EventManager : Event: ======'machine_var_mpf_version'====== Args={'value': 'Mission Pinball Framework v0.57.0.dev39', 'prev_value': None, 'change': True}
2025-10-03 17:27:11,992 : INFO : EventManager : Event: ======'machine_var_mpf_extended_version'====== Args={'value': 'Mission Pinball Framework v0.57.0.dev39, Config version:6, Show version: 6, BCP version:1.1', 'prev_value': None, 'change': True}
2025-10-03 17:27:11,992 : INFO : EventManager : Event: ======'machine_var_python_version'====== Args={'value': '3.9.13', 'prev_value': None, 'change': True}
2025-10-03 17:27:12,001 : INFO : EventManager : Event: ======'machine_var_platform'====== Args={'value': 'Windows-10-10.0.19045-SP0', 'prev_value': None, 'change': True}
2025-10-03 17:27:12,001 : INFO : EventManager : Event: ======'machine_var_platform_system'====== Args={'value': 'Windows', 'prev_value': None, 'change': True}
2025-10-03 17:27:12,001 : INFO : EventManager : Event: ======'machine_var_platform_release'====== Args={'value': '10', 'prev_value': None, 'change': True}
2025-10-03 17:27:12,002 : INFO : EventManager : Event: ======'machine_var_platform_version'====== Args={'value': '10.0.19045', 'prev_value': None, 'change': True}
2025-10-03 17:27:12,002 : INFO : EventManager : Event: ======'machine_var_platform_machine'====== Args={'value': 'AMD64', 'prev_value': None, 'change': True}
2025-10-03 17:27:12,002 : INFO : EventManager : Event: ======'init_phase_1'====== Args={}
2025-10-03 17:27:12,019 : INFO : EventManager : Event: ======'init_phase_2'====== Args={}
2025-10-03 17:27:12,020 : INFO : SwitchController : Found active switch: ('2', <Platform.SmartVirtual>) <switch.s_trough1>
2025-10-03 17:27:12,020 : INFO : SwitchController : Found active switch: ('3', <Platform.SmartVirtual>) <switch.s_trough2>
2025-10-03 17:27:12,020 : INFO : SwitchController : Found active switch: ('4', <Platform.SmartVirtual>) <switch.s_trough3>
2025-10-03 17:27:12,020 : INFO : SwitchController : Found active switch: ('5', <Platform.SmartVirtual>) <switch.s_trough4>
2025-10-03 17:27:12,020 : INFO : SwitchController : Found active switch: ('6', <Platform.SmartVirtual>) <switch.s_trough5>
2025-10-03 17:27:12,020 : INFO : SwitchController : Found active switch: ('7', <Platform.SmartVirtual>) <switch.s_trough6>
2025-10-03 17:27:12,023 : INFO : EventManager : Event: ======'bcp_connection_attempt'====== Args={'name': 'local_display', 'host': 'localhost', 'port': 5050}
2025-10-03 17:27:12,025 : INFO : BCPClientSocket : Connecting BCP to 'local_display' at localhost:5050...
2025-10-03 17:27:14,045 : INFO : BCPClientSocket : Connected BCP to 'local_display' localhost:5050
2025-10-03 17:27:14,047 : INFO : EventManager : Event: ======'bcp_clients_connected'====== Args={}
2025-10-03 17:27:14,382 : INFO : EventManager : Event: ======'machine_var_mc_version'====== Args={'value': 'MPF-MC v0.57.0.dev10', 'prev_value': None, 'change': True}
2025-10-03 17:27:14,382 : INFO : EventManager : Event: ======'machine_var_mc_extended_version'====== Args={'value': 'MPF-MC v0.57.0.dev10 (config_version=6, BCP v1.1,                      Requires MPF API compatibility v0.57.0.dev19 or newer)', 'prev_value': None, 'change': True}
2025-10-03 17:27:14,384 : INFO : ball_device.bd_trough : BCH: Initial count: 6
2025-10-03 17:27:14,436 : INFO : ball_device.bd_trough : State: idle
2025-10-03 17:27:14,437 : INFO : ball_device.bd_plunger : BCH: Initial count: 0
2025-10-03 17:27:14,437 : INFO : ball_device.bd_plunger : State: idle
2025-10-03 17:27:14,454 : INFO : EventManager : Event: ======'init_phase_3'====== Args={}
2025-10-03 17:27:14,458 : INFO : EventManager : Event: ======'init_phase_4'====== Args={}
2025-10-03 17:27:14,458 : INFO : BallController : Initial balls found: 6
2025-10-03 17:27:14,459 : INFO : EventManager : Event: ======'machine_var_audits_events_game_ended'====== Args={'value': 8, 'prev_value': None, 'change': True}
2025-10-03 17:27:14,460 : INFO : EventManager : Event: ======'machine_var_audits_events_game_started'====== Args={'value': 33, 'prev_value': None, 'change': True}
2025-10-03 17:27:14,460 : INFO : EventManager : Event: ======'machine_var_audits_missing_switches_s_left_flipper'====== Args={'value': 6, 'prev_value': None, 'change': True}
2025-10-03 17:27:14,460 : INFO : EventManager : Event: ======'machine_var_audits_missing_switches_s_right_flipper'====== Args={'value': 10, 'prev_value': None, 'change': True}
2025-10-03 17:27:14,460 : INFO : EventManager : Event: ======'machine_var_audits_missing_switches_s_start'====== Args={'value': 16, 'prev_value': None, 'change': True}
2025-10-03 17:27:14,460 : INFO : EventManager : Event: ======'machine_var_audits_missing_switches_s_top_middle_inlane'====== Args={'value': 3, 'prev_value': None, 'change': True}
2025-10-03 17:27:14,460 : INFO : EventManager : Event: ======'machine_var_audits_missing_switches_s_trough1'====== Args={'value': 6, 'prev_value': None, 'change': True}
2025-10-03 17:27:14,460 : INFO : EventManager : Event: ======'machine_var_audits_missing_switches_s_trough2'====== Args={'value': 33, 'prev_value': None, 'change': True}
2025-10-03 17:27:14,461 : INFO : EventManager : Event: ======'machine_var_audits_missing_switches_s_trough3'====== Args={'value': 33, 'prev_value': None, 'change': True}
2025-10-03 17:27:14,461 : INFO : EventManager : Event: ======'machine_var_audits_missing_switches_s_trough4'====== Args={'value': 33, 'prev_value': None, 'change': True}
2025-10-03 17:27:14,461 : INFO : EventManager : Event: ======'machine_var_audits_missing_switches_s_trough5'====== Args={'value': 33, 'prev_value': None, 'change': True}
2025-10-03 17:27:14,461 : INFO : EventManager : Event: ======'machine_var_audits_missing_switches_s_trough6'====== Args={'value': 33, 'prev_value': None, 'change': True}
2025-10-03 17:27:14,461 : INFO : EventManager : Event: ======'machine_var_audits_missing_switches_s_trough_jam'====== Args={'value': 33, 'prev_value': None, 'change': True}
2025-10-03 17:27:14,461 : INFO : EventManager : Event: ======'machine_var_audits_player_score'====== Args={'value': {'average': 12256, 'top': [28284, 25272, 22800, 13400, 11420, 10700, 8000, 0, 0, 0], 'total': 10}, 'prev_value': None, 'change': True}
2025-10-03 17:27:14,461 : INFO : EventManager : Event: ======'machine_var_audits_shots_middle_inlane_shot'====== Args={'value': 20, 'prev_value': None, 'change': True}
2025-10-03 17:27:14,462 : INFO : EventManager : Event: ======'machine_var_audits_shots_my_first_shot'====== Args={'value': 47, 'prev_value': None, 'change': True}
2025-10-03 17:27:14,462 : INFO : EventManager : Event: ======'machine_var_audits_shots_top_middle_inlane_shot'====== Args={'value': 33, 'prev_value': None, 'change': True}
2025-10-03 17:27:14,462 : INFO : EventManager : Event: ======'machine_var_audits_switches_s_left_flipper'====== Args={'value': 247, 'prev_value': None, 'change': True}
2025-10-03 17:27:14,462 : INFO : EventManager : Event: ======'machine_var_audits_switches_s_left_inlane'====== Args={'value': 4, 'prev_value': None, 'change': True}
2025-10-03 17:27:14,462 : INFO : EventManager : Event: ======'machine_var_audits_switches_s_middle_inlane'====== Args={'value': 20, 'prev_value': None, 'change': True}
2025-10-03 17:27:14,462 : INFO : EventManager : Event: ======'machine_var_audits_switches_s_plunger'====== Args={'value': 66, 'prev_value': None, 'change': True}
2025-10-03 17:27:14,462 : INFO : EventManager : Event: ======'machine_var_audits_switches_s_right_flipper'====== Args={'value': 73, 'prev_value': None, 'change': True}
2025-10-03 17:27:14,463 : INFO : EventManager : Event: ======'machine_var_audits_switches_s_right_inlane'====== Args={'value': 79, 'prev_value': None, 'change': True}
2025-10-03 17:27:14,463 : INFO : EventManager : Event: ======'machine_var_audits_switches_s_sling_left'====== Args={'value': 2, 'prev_value': None, 'change': True}
2025-10-03 17:27:14,463 : INFO : EventManager : Event: ======'machine_var_audits_switches_s_sling_right'====== Args={'value': 1, 'prev_value': None, 'change': True}
2025-10-03 17:27:14,463 : INFO : EventManager : Event: ======'machine_var_audits_switches_s_start'====== Args={'value': 11, 'prev_value': None, 'change': True}
2025-10-03 17:27:14,463 : INFO : EventManager : Event: ======'machine_var_audits_switches_s_top_middle_inlane'====== Args={'value': 33, 'prev_value': None, 'change': True}
2025-10-03 17:27:14,463 : INFO : EventManager : Event: ======'machine_var_audits_switches_s_trough1'====== Args={'value': 48, 'prev_value': None, 'change': True}
2025-10-03 17:27:14,464 : INFO : EventManager : Event: ======'machine_var_audits_switches_s_trough2'====== Args={'value': 0, 'prev_value': None, 'change': True}
2025-10-03 17:27:14,464 : INFO : EventManager : Event: ======'machine_var_audits_switches_s_trough3'====== Args={'value': 0, 'prev_value': None, 'change': True}
2025-10-03 17:27:14,464 : INFO : EventManager : Event: ======'machine_var_audits_switches_s_trough4'====== Args={'value': 0, 'prev_value': None, 'change': True}
2025-10-03 17:27:14,464 : INFO : EventManager : Event: ======'machine_var_audits_switches_s_trough5'====== Args={'value': 0, 'prev_value': None, 'change': True}
2025-10-03 17:27:14,464 : INFO : EventManager : Event: ======'machine_var_audits_switches_s_trough6'====== Args={'value': 0, 'prev_value': None, 'change': True}
2025-10-03 17:27:14,464 : INFO : EventManager : Event: ======'machine_var_audits_switches_s_trough_jam'====== Args={'value': 0, 'prev_value': None, 'change': True}
2025-10-03 17:27:14,465 : INFO : EventManager : Event: ======'init_phase_5'====== Args={}
2025-10-03 17:27:14,517 : INFO : EventManager : Event: ======'init_done'====== Args={}
2025-10-03 17:27:14,518 : INFO : EventManager : Event: ======'machine_reset_phase_1'====== Args={}
2025-10-03 17:27:14,526 : INFO : EventManager : Event: ======'machine_reset_phase_2'====== Args={}
2025-10-03 17:27:14,526 : INFO : EventManager : Event: ======'machine_reset_phase_3'====== Args={}
2025-10-03 17:27:14,526 : INFO : EventManager : Event: ======'reset_complete'====== Args={}
2025-10-03 17:27:14,526 : INFO : EventManager : Event: ======'mode_attract_will_start'====== Args={}
2025-10-03 17:27:14,527 : INFO : EventManager : Event: ======'mode_attract_starting'====== Args={}
2025-10-03 17:27:14,527 : INFO : Mode.attract : Started. Priority: 10
2025-10-03 17:27:14,527 : INFO : EventManager : Event: ======'modes_active_modes_changed'====== Args={}
2025-10-03 17:27:14,527 : INFO : EventManager : Event: ======'mode_attract_started'====== Args={}
2025-10-03 17:27:14,527 : INFO : EventManager : Event: ======'collecting_balls_complete'====== Args={}
2025-10-03 17:27:14,568 : INFO : EventManager : Event: ======'slide_awesome_slide_created'====== Args={'_from_bcp': True}
2025-10-03 17:27:14,568 : INFO : EventManager : Event: ======'slide_awesome_slide_active'====== Args={'_from_bcp': True}
2025-10-03 17:27:14,568 : INFO : Machine : Starting the main run loop.
2025-10-03 17:27:14,779 : INFO : BcpServer : New client connected.
2025-10-03 17:27:16,823 : INFO : SwitchController : <<<<<<< 's_start' active >>>>>>>
2025-10-03 17:27:16,924 : INFO : SwitchController : <<<<<<< 's_start' inactive >>>>>>>
2025-10-03 17:27:16,924 : INFO : EventManager : Event: ======'request_to_start_game'====== Args={}
2025-10-03 17:27:16,925 : INFO : EventManager : Event: ======'game_start'====== Args={'buttons': [], 'hold_time': 0.09399999999732245}
2025-10-03 17:27:16,926 : INFO : EventManager : Event: ======'mode_game_will_start'====== Args={'buttons': [], 'hold_time': 0.09399999999732245}
2025-10-03 17:27:16,927 : INFO : EventManager : Event: ======'mode_game_starting'====== Args={'buttons': [], 'hold_time': 0.09399999999732245}
2025-10-03 17:27:16,927 : INFO : EventManager : Event: ======'mode_attract_will_stop'====== Args={}
2025-10-03 17:27:16,928 : INFO : EventManager : Event: ======'mode_attract_stopping'====== Args={}
2025-10-03 17:27:16,928 : INFO : Mode.attract : Stopped.
2025-10-03 17:27:16,928 : INFO : EventManager : Event: ======'modes_active_modes_changed'====== Args={}
2025-10-03 17:27:16,929 : INFO : EventManager : Event: ======'mode_attract_stopped'====== Args={}
2025-10-03 17:27:16,929 : INFO : EventManager : Event: ======'clear'====== Args={'key': 'attract'}
2025-10-03 17:27:16,929 : INFO : Mode.game : Started. Priority: 20
2025-10-03 17:27:16,929 : INFO : EventManager : Event: ======'modes_active_modes_changed'====== Args={}
2025-10-03 17:27:16,930 : INFO : EventManager : Event: ======'mode_game_started'====== Args={'buttons': [], 'hold_time': 0.09399999999732245}
2025-10-03 17:27:16,946 : INFO : EventManager : Event: ======'game_will_start'====== Args={}
2025-10-03 17:27:16,948 : INFO : EventManager : Event: ======'game_starting'====== Args={'game': <Mode.game>}
2025-10-03 17:27:16,949 : INFO : EventManager : Unordered handler for class <Auditor> on event game_ended with priority 1. Handlers: [RegisteredHandler(callback=<bound method Auditor.disable of <Auditor>>, priority=1, kwargs={}, key=UUID('8ccf1307-d224-4f93-ada0-d15d4d3501e7'), condition=None, blocking_facility=None), RegisteredHandler(callback=<bound method Auditor._save_audits of <Auditor>>, priority=1, kwargs={}, key=UUID('dcb041e3-d9e0-4783-bc84-31cb6de8b390'), condition=None, blocking_facility=None)]. The order of those handlers is not defined and they will be executed in random order. This might lead to race conditions and potential bugs.
2025-10-03 17:27:16,950 : INFO : EventManager : Event: ======'player_add_request'====== Args={}
2025-10-03 17:27:16,951 : INFO : EventManager : Event: ======'player_will_add'====== Args={'number': 1}
2025-10-03 17:27:16,951 : INFO : EventManager : Event: ======'player_adding'====== Args={'player': <Player 1>, 'number': 1}
2025-10-03 17:27:16,952 : INFO : EventManager : Event: ======'player_added'====== Args={'player': <Player 1>, 'num': 1}
2025-10-03 17:27:16,952 : INFO : Mode.game : Player added successfully. Total players: 1
2025-10-03 17:27:16,953 : INFO : EventManager : Event: ======'player_index'====== Args={'value': 0, 'prev_value': 0, 'change': 0, 'player_num': 1}
2025-10-03 17:27:16,953 : INFO : EventManager : Event: ======'player_number'====== Args={'value': 1, 'prev_value': 1, 'change': 0, 'player_num': 1}
2025-10-03 17:27:16,953 : INFO : EventManager : Event: ======'player_score'====== Args={'value': 0, 'prev_value': 0, 'change': 0, 'player_num': 1}
2025-10-03 17:27:16,955 : INFO : EventManager : Event: ======'slide_awesome_slide_removed'====== Args={'_from_bcp': True}
2025-10-03 17:27:16,956 : INFO : EventManager : Event: ======'slide_window_blank_active'====== Args={'_from_bcp': True}
2025-10-03 17:27:16,956 : INFO : EventManager : Event: ======'game_started'====== Args={}
2025-10-03 17:27:16,979 : INFO : EventManager : Event: ======'player_turn_will_start'====== Args={'player': <Player 1>, 'number': 1}
2025-10-03 17:27:16,979 : INFO : EventManager : Event: ======'player_turn_starting'====== Args={'player': <Player 1>, 'number': 1}
2025-10-03 17:27:16,980 : INFO : EventManager : Event: ======'player_ball'====== Args={'value': 1, 'prev_value': 0, 'change': 1, 'player_num': 1}
2025-10-03 17:27:16,980 : INFO : EventManager : Event: ======'player_turn_started'====== Args={'player': <Player 1>, 'number': 1}
2025-10-03 17:27:16,981 : INFO : EventManager : Event: ======'ball_will_start'====== Args={'player': 1, 'ball': 1, 'balls_remaining': 2, 'is_extra_ball': False}
2025-10-03 17:27:16,984 : INFO : EventManager : Event: ======'ball_starting'====== Args={'player': 1, 'ball': 1, 'balls_remaining': 2, 'is_extra_ball': False}
2025-10-03 17:27:16,985 : INFO : EventManager : Event: ======'balls_in_play'====== Args={'balls': 1}
2025-10-03 17:27:16,985 : INFO : EventManager : Event: ======'ball_started'====== Args={'player': 1, 'ball': 1, 'balls_remaining': 2, 'is_extra_ball': False}
2025-10-03 17:27:16,985 : INFO : EventManager : Event: ======'mode_base_will_start'====== Args={'player': 1, 'ball': 1, 'balls_remaining': 2, 'is_extra_ball': False}
2025-10-03 17:27:16,986 : INFO : EventManager : Event: ======'player_shot_my_first_shot_enabled'====== Args={'value': True, 'prev_value': 0, 'change': 1, 'player_num': 1}
2025-10-03 17:27:16,986 : INFO : EventManager : Event: ======'player_shot_top_middle_inlane_shot_enabled'====== Args={'value': True, 'prev_value': 0, 'change': 1, 'player_num': 1}
2025-10-03 17:27:16,987 : INFO : EventManager : Event: ======'mode_base_starting'====== Args={'player': 1, 'ball': 1, 'balls_remaining': 2, 'is_extra_ball': False}
2025-10-03 17:27:16,988 : INFO : Mode.base : Started. Priority: 100
2025-10-03 17:27:16,988 : INFO : EventManager : Event: ======'modes_active_modes_changed'====== Args={}
2025-10-03 17:27:16,988 : INFO : EventManager : Event: ======'mode_base_started'====== Args={'player': 1, 'ball': 1, 'balls_remaining': 2, 'is_extra_ball': False}
2025-10-03 17:27:16,989 : INFO : EventManager : Event: ======'single_player_ball_started'====== Args={}
2025-10-03 17:27:17,023 : INFO : EventManager : Event: ======'ball_start_target'====== Args={'target': 'playfield'}
2025-10-03 17:27:17,024 : INFO : EventManager : Event: ======'slide_base.slide_player-mode_base_started_created'====== Args={'_from_bcp': True}
2025-10-03 17:27:17,024 : INFO : EventManager : Event: ======'slide_base.slide_player-mode_base_started_active'====== Args={'_from_bcp': True}
2025-10-03 17:27:17,024 : INFO : ball_device.bd_plunger : Setting up player-controlled eject. Balls: 1, Target: <playfield.playfield>, player_controlled_eject_event: None
2025-10-03 17:27:17,025 : INFO : EventManager : Event: ======'balldevice_balls_available'====== Args={}
2025-10-03 17:27:17,025 : INFO : ball_device.bd_trough : State: waiting_for_target_ready
2025-10-03 17:27:17,026 : INFO : EventManager : Event: ======'balldevice_bd_trough_ball_eject_attempt'====== Args={'balls': 1, 'target': <ball_device.bd_plunger>, 'source': <ball_device.bd_trough>, 'mechanical_eject': True, 'num_attempts': 0}
2025-10-03 17:27:17,026 : INFO : ball_device.bd_plunger : State: waiting_for_ball
2025-10-03 17:27:17,027 : INFO : ball_device.bd_trough : State: ejecting
2025-10-03 17:27:17,027 : INFO : ball_device.bd_trough : Ejecting ball to <ball_device.bd_plunger>
2025-10-03 17:27:17,027 : INFO : EventManager : Event: ======'balldevice_bd_trough_ejecting_ball'====== Args={'balls': 1, 'target': <ball_device.bd_plunger>, 'source': <ball_device.bd_trough>, 'mechanical_eject': True, 'num_attempts': 0}
2025-10-03 17:27:17,028 : INFO : ball_device.bd_trough : Wait for ball to leave device
2025-10-03 17:27:17,028 : INFO : coil.c_trough_eject : Pulsing Driver for 20ms (1.0 pulse_power)
2025-10-03 17:27:17,029 : INFO : SwitchController : <<<<<<< 's_trough1' inactive >>>>>>>
2025-10-03 17:27:17,033 : INFO : ball_device.bd_trough : State: ball_left
2025-10-03 17:27:17,033 : INFO : ball_device.bd_trough : Ball left
2025-10-03 17:27:17,034 : INFO : ball_device.bd_trough : Wait for confirm with timeout 3.0
2025-10-03 17:27:17,121 : INFO : SwitchController : <<<<<<< 's_plunger' active >>>>>>>
2025-10-03 17:27:17,121 : INFO : EventManager : Event: ======'machine_var_audits_switches_s_plunger'====== Args={'value': 67, 'prev_value': 66, 'change': 1}
2025-10-03 17:27:17,625 : INFO : ball_device.bd_plunger : Received ball from <ball_device.bd_trough>
2025-10-03 17:27:17,626 : INFO : EventManager : Event: ======'balldevice_bd_plunger_ball_enter'====== Args={'new_balls': 1, 'unclaimed_balls': 0, 'new_available_balls': 0, 'device': <ball_device.bd_plunger>}
2025-10-03 17:27:17,628 : INFO : EventManager : Event: ======'balldevice_bd_plunger_ball_entered'====== Args={'new_balls': 0, 'device': <ball_device.bd_plunger>}
2025-10-03 17:27:17,629 : INFO : EventManager : Event: ======'balldevice_bd_plunger_ball_count_changed'====== Args={'balls': 1}
2025-10-03 17:27:17,630 : INFO : ball_device.bd_trough : Got eject confirm
2025-10-03 17:27:17,630 : INFO : ball_device.bd_trough : Eject successful
2025-10-03 17:27:17,630 : INFO : EventManager : Event: ======'balldevice_bd_trough_ball_eject_success'====== Args={'balls': 1, 'target': <ball_device.bd_plunger>}
2025-10-03 17:27:17,632 : INFO : EventManager : Event: ======'balldevice_bd_trough_ball_count_changed'====== Args={'balls': 5}
2025-10-03 17:27:17,632 : INFO : ball_device.bd_trough : State: idle
2025-10-03 17:27:17,633 : INFO : ball_device.bd_plunger : State: waiting_for_target_ready
2025-10-03 17:27:17,634 : INFO : EventManager : Event: ======'balldevice_bd_plunger_ball_eject_attempt'====== Args={'balls': 1, 'target': <playfield.playfield>, 'source': <ball_device.bd_plunger>, 'mechanical_eject': True, 'num_attempts': 0}
2025-10-03 17:27:17,636 : INFO : ball_device.bd_plunger : State: ejecting
2025-10-03 17:27:17,636 : INFO : ball_device.bd_plunger : Ejecting ball to <playfield.playfield>
2025-10-03 17:27:17,637 : INFO : EventManager : Event: ======'balldevice_bd_plunger_ejecting_ball'====== Args={'balls': 1, 'target': <playfield.playfield>, 'source': <ball_device.bd_plunger>, 'mechanical_eject': True, 'num_attempts': 0}
2025-10-03 17:27:17,640 : INFO : ball_device.bd_plunger : Wait for ball to leave device
2025-10-03 17:27:19,862 : INFO : SwitchController : <<<<<<< 's_right_inlane' active >>>>>>>
2025-10-03 17:27:19,862 : INFO : EventManager : Event: ======'playfield_active'====== Args={}
2025-10-03 17:27:19,862 : INFO : EventManager : Event: ======'s_right_inlane_active'====== Args={}
2025-10-03 17:27:19,863 : INFO : EventManager : Event: ======'sw_playfield_active'====== Args={}
2025-10-03 17:27:19,863 : INFO : EventManager : Event: ======'machine_var_audits_switches_s_right_inlane'====== Args={'value': 80, 'prev_value': 79, 'change': 1}
2025-10-03 17:27:19,865 : INFO : EventManager : Event: ======'player_shot_my_first_shot'====== Args={'value': 1, 'prev_value': 0, 'change': 1, 'player_num': 1}
2025-10-03 17:27:19,866 : INFO : EventManager : Event: ======'machine_var_audits_shots_my_first_shot'====== Args={'value': 48, 'prev_value': 47, 'change': 1}
2025-10-03 17:27:19,866 : INFO : EventManager : Event: ======'my_first_shot_hit'====== Args={'profile': 'default', 'state': 'unlit', 'advancing': True}
2025-10-03 17:27:19,866 : INFO : EventManager : Event: ======'my_first_shot_default_hit'====== Args={'profile': 'default', 'state': 'unlit', 'advancing': True}
2025-10-03 17:27:19,867 : INFO : EventManager : Event: ======'my_first_shot_default_unlit_hit'====== Args={'profile': 'default', 'state': 'unlit', 'advancing': True}
2025-10-03 17:27:19,867 : INFO : EventManager : Event: ======'my_first_shot_unlit_hit'====== Args={'profile': 'default', 'state': 'unlit', 'advancing': True}
2025-10-03 17:27:19,867 : INFO : EventManager : Event: ======'player_score'====== Args={'value': 100, 'prev_value': 0, 'change': 100, 'player_num': 1, 'source': 'base'}
2025-10-03 17:27:19,867 : INFO : EventManager : Event: ======'player_score'====== Args={'value': 142, 'prev_value': 100, 'change': 42, 'player_num': 1, 'source': 'base'}
2025-10-03 17:27:19,868 : INFO : EventManager : Event: ======'playfield_active'====== Args={}
2025-10-03 17:27:19,946 : INFO : SwitchController : <<<<<<< 's_right_inlane' inactive >>>>>>>
2025-10-03 17:27:22,710 : INFO : SwitchController : <<<<<<< 's_left_inlane' active >>>>>>>
2025-10-03 17:27:22,710 : INFO : EventManager : Event: ======'sw_playfield_active'====== Args={}
2025-10-03 17:27:22,711 : INFO : EventManager : Event: ======'machine_var_audits_switches_s_left_inlane'====== Args={'value': 5, 'prev_value': 4, 'change': 1}
2025-10-03 17:27:22,715 : INFO : EventManager : Event: ======'playfield_active'====== Args={}
2025-10-03 17:27:22,804 : INFO : SwitchController : <<<<<<< 's_left_inlane' inactive >>>>>>>
2025-10-03 17:27:23,886 : INFO : SwitchController : <<<<<<< 's_left_flipper' active >>>>>>>
2025-10-03 17:27:23,886 : INFO : EventManager : Event: ======'s_left_flipper_active'====== Args={}
2025-10-03 17:27:23,887 : INFO : EventManager : Event: ======'machine_var_audits_switches_s_left_flipper'====== Args={'value': 248, 'prev_value': 247, 'change': 1}
2025-10-03 17:27:23,890 : INFO : EventManager : Event: ======'player_score'====== Args={'value': 1142, 'prev_value': 142, 'change': 1000, 'player_num': 1, 'source': 'base'}
2025-10-03 17:27:23,891 : INFO : EventManager : Event: ======'player_potato'====== Args={'value': 1, 'prev_value': 0, 'change': 1, 'player_num': 1, 'source': 'base'}
2025-10-03 17:27:23,973 : INFO : SwitchController : <<<<<<< 's_left_flipper' inactive >>>>>>>
2025-10-03 17:27:29,073 : INFO : Machine : Shutting down...
2025-10-03 17:27:29,073 : INFO : EventManager : Event: ======'shutdown'====== Args={}
2025-10-03 17:27:29,080 : INFO : EventManager : Event: ======'mode_game_will_stop'====== Args={}
2025-10-03 17:27:29,080 : INFO : EventManager : Event: ======'mode_game_stopping'====== Args={}
2025-10-03 17:27:29,081 : INFO : EventManager : Event: ======'mode_base_will_stop'====== Args={}
2025-10-03 17:27:29,081 : INFO : EventManager : Event: ======'mode_base_stopping'====== Args={}
2025-10-03 17:27:29,081 : INFO : Mode.base : Stopped.
2025-10-03 17:27:29,081 : INFO : EventManager : Event: ======'modes_active_modes_changed'====== Args={}
2025-10-03 17:27:29,081 : INFO : EventManager : Event: ======'mode_base_stopped'====== Args={}
2025-10-03 17:27:29,081 : INFO : EventManager : Event: ======'clear'====== Args={'key': 'base'}
2025-10-03 17:27:29,082 : INFO : Mode.game : Stopped.
2025-10-03 17:27:29,082 : INFO : EventManager : Event: ======'modes_active_modes_changed'====== Args={}
2025-10-03 17:27:29,082 : INFO : EventManager : Event: ======'mode_game_stopped'====== Args={}
2025-10-03 17:27:29,082 : INFO : EventManager : Event: ======'clear'====== Args={'key': 'game'}
2025-10-03 17:27:29,084 : INFO : root : MPF run loop ended.
