2025-10-04 14:04:57,730 : INFO : root : Loading config.
2025-10-04 14:04:57,737 : INFO : YamlMultifileConfigLoader : Machine config file #1: config.yaml
2025-10-04 14:04:57,738 : INFO : ConfigProcessor : Loading config from cache: C:\Users\richa\AppData\Local\Temp\bad76953a596b8c99f832e0e98026c3b.mpf_cache
2025-10-04 14:04:57,739 : WARNING : ConfigProcessor : Config file in cache changed: C:\Users\richa\ttp5\config\config_lights.yaml
2025-10-04 14:04:57,739 : INFO : ConfigProcessor : Loading config from file C:\Users\richa\mpfvirtual4\lib\site-packages\mpf\mpfconfig.yaml.
2025-10-04 14:04:57,755 : INFO : ConfigProcessor : Loading config: C:\Users\richa\mpfvirtual4\lib\site-packages\mpf\mpfconfig.yaml
2025-10-04 14:04:57,756 : INFO : ConfigProcessor : Loading config from file C:\Users\richa\ttp5\config\config.yaml.
2025-10-04 14:04:57,757 : INFO : ConfigProcessor : Loading config: C:\Users\richa\ttp5\config\config.yaml
2025-10-04 14:04:57,758 : INFO : ConfigProcessor : Loading config: C:\Users\richa\ttp5\config\config_ball_devices.yaml
2025-10-04 14:04:57,760 : INFO : ConfigProcessor : Loading config: C:\Users\richa\ttp5\config\config_coils.yaml
2025-10-04 14:04:57,761 : INFO : ConfigProcessor : Loading config: C:\Users\richa\ttp5\config\config_flippers.yaml
2025-10-04 14:04:57,765 : INFO : ConfigProcessor : Loading config: C:\Users\richa\ttp5\config\config_switches.yaml
2025-10-04 14:04:57,778 : INFO : ConfigProcessor : Loading config: C:\Users\richa\ttp5\config\config_lights.yaml
2025-10-04 14:04:57,781 : INFO : ConfigProcessor : Config file cache created: C:\Users\richa\AppData\Local\Temp\bad76953a596b8c99f832e0e98026c3b.mpf_cache
2025-10-04 14:04:57,862 : INFO : ConfigProcessor : Loading config from cache: C:\Users\richa\AppData\Local\Temp\77a998d318c788df5647a1900cedfc56.mpf_cache
2025-10-04 14:04:57,863 : INFO : ConfigProcessor : Loading config from cache: C:\Users\richa\AppData\Local\Temp\9c8dea79ca4d15ee886340e992e8cb9d.mpf_cache
2025-10-04 14:04:57,864 : INFO : ConfigProcessor : Loading config from cache: C:\Users\richa\AppData\Local\Temp\8ddee2e87a4f178751335e99da00e9c4.mpf_cache
2025-10-04 14:04:57,865 : INFO : ConfigProcessor : Loading config from cache: C:\Users\richa\AppData\Local\Temp\16d594341c3fbe91b1b6d496c05a6fb0.mpf_cache
2025-10-04 14:04:57,866 : INFO : ConfigProcessor : Loading config from cache: C:\Users\richa\AppData\Local\Temp\9ea1b14cb2b1cce5e8bf981a1ff8cfc5.mpf_cache
2025-10-04 14:04:57,866 : INFO : ConfigProcessor : Loading config from cache: C:\Users\richa\AppData\Local\Temp\6cbce11faef0ddcfeddb2a5b8dbeb4ae.mpf_cache
2025-10-04 14:04:57,867 : INFO : Machine : Mission Pinball Framework Core Engine v0.57.0.dev39
2025-10-04 14:04:57,867 : INFO : Machine : Command line arguments: {'no_load_cache': False, 'create_config_cache': True, 'bcp': True, 'configfile': ['config.yaml'], 'force_assets_load': False, 'jsonlogging': False, 'logfile': 'logs\\2025-10-04-14-04-57-mpf-DESKTOP-RK7BE5M.log', 'pause': False, 'production': False, 'text_ui': True, 'loglevel': 15, 'consoleloglevel': 20, 'force_platform': None, 'syslog_address': None, 'mc_file_name': None, 'no_sound': False}
2025-10-04 14:04:57,867 : INFO : Machine : MPF path: C:\Users\richa\mpfvirtual4\lib\site-packages\mpf
2025-10-04 14:04:57,867 : INFO : Machine : Machine path: C:\Users\richa\ttp5
2025-10-04 14:04:57,867 : INFO : Machine : Platform: win32
2025-10-04 14:04:57,867 : INFO : Machine : Python executable location: C:\Users\richa\mpfvirtual4\Scripts\python.exe
2025-10-04 14:04:57,867 : INFO : Machine : Python version: 3.9.13 (64-bit)
2025-10-04 14:04:57,869 : INFO : Machine : Initializing MPF...
2025-10-04 14:04:58,378 : INFO : EventManager : Event: ======'machine_var_credits_string'====== Args={'value': 'FREE PLAY', 'prev_value': None, 'change': True}
2025-10-04 14:04:58,447 : INFO : EventManager : Event: ======'machine_var_master_volume'====== Args={'value': 0.5, 'prev_value': None, 'change': True}
2025-10-04 14:04:58,447 : INFO : EventManager : Event: ======'machine_var_player1_score'====== Args={'value': 17500, 'prev_value': None, 'change': True}
2025-10-04 14:04:58,447 : INFO : EventManager : Event: ======'machine_var_mpf_version'====== Args={'value': 'Mission Pinball Framework v0.57.0.dev39', 'prev_value': None, 'change': True}
2025-10-04 14:04:58,447 : INFO : EventManager : Event: ======'machine_var_mpf_extended_version'====== Args={'value': 'Mission Pinball Framework v0.57.0.dev39, Config version:6, Show version: 6, BCP version:1.1', 'prev_value': None, 'change': True}
2025-10-04 14:04:58,447 : INFO : EventManager : Event: ======'machine_var_python_version'====== Args={'value': '3.9.13', 'prev_value': None, 'change': True}
2025-10-04 14:04:58,457 : INFO : EventManager : Event: ======'machine_var_platform'====== Args={'value': 'Windows-10-10.0.19045-SP0', 'prev_value': None, 'change': True}
2025-10-04 14:04:58,457 : INFO : EventManager : Event: ======'machine_var_platform_system'====== Args={'value': 'Windows', 'prev_value': None, 'change': True}
2025-10-04 14:04:58,457 : INFO : EventManager : Event: ======'machine_var_platform_release'====== Args={'value': '10', 'prev_value': None, 'change': True}
2025-10-04 14:04:58,457 : INFO : EventManager : Event: ======'machine_var_platform_version'====== Args={'value': '10.0.19045', 'prev_value': None, 'change': True}
2025-10-04 14:04:58,458 : INFO : EventManager : Event: ======'machine_var_platform_machine'====== Args={'value': 'AMD64', 'prev_value': None, 'change': True}
2025-10-04 14:04:58,458 : INFO : EventManager : Event: ======'init_phase_1'====== Args={}
2025-10-04 14:04:58,487 : INFO : EventManager : Event: ======'init_phase_2'====== Args={}
2025-10-04 14:04:58,488 : INFO : SwitchController : Found active switch: ('2', <Platform.SmartVirtual>) <switch.s_trough1>
2025-10-04 14:04:58,488 : INFO : SwitchController : Found active switch: ('3', <Platform.SmartVirtual>) <switch.s_trough2>
2025-10-04 14:04:58,488 : INFO : SwitchController : Found active switch: ('4', <Platform.SmartVirtual>) <switch.s_trough3>
2025-10-04 14:04:58,488 : INFO : SwitchController : Found active switch: ('5', <Platform.SmartVirtual>) <switch.s_trough4>
2025-10-04 14:04:58,488 : INFO : SwitchController : Found active switch: ('6', <Platform.SmartVirtual>) <switch.s_trough5>
2025-10-04 14:04:58,488 : INFO : SwitchController : Found active switch: ('7', <Platform.SmartVirtual>) <switch.s_trough6>
2025-10-04 14:04:58,491 : INFO : EventManager : Event: ======'bcp_connection_attempt'====== Args={'name': 'local_display', 'host': 'localhost', 'port': 5050}
2025-10-04 14:04:58,493 : INFO : BCPClientSocket : Connecting BCP to 'local_display' at localhost:5050...
2025-10-04 14:05:00,552 : INFO : BCPClientSocket : Connected BCP to 'local_display' localhost:5050
2025-10-04 14:05:00,554 : INFO : EventManager : Event: ======'bcp_clients_connected'====== Args={}
2025-10-04 14:05:01,003 : INFO : EventManager : Event: ======'machine_var_mc_version'====== Args={'value': 'MPF-MC v0.57.0.dev10', 'prev_value': None, 'change': True}
2025-10-04 14:05:01,003 : INFO : EventManager : Event: ======'machine_var_mc_extended_version'====== Args={'value': 'MPF-MC v0.57.0.dev10 (config_version=6, BCP v1.1,                      Requires MPF API compatibility v0.57.0.dev19 or newer)', 'prev_value': None, 'change': True}
2025-10-04 14:05:01,008 : INFO : ball_device.bd_trough : BCH: Initial count: 6
2025-10-04 14:05:01,116 : INFO : ball_device.bd_trough : State: idle
2025-10-04 14:05:01,118 : INFO : ball_device.bd_plunger : BCH: Initial count: 0
2025-10-04 14:05:01,118 : INFO : ball_device.bd_plunger : State: idle
2025-10-04 14:05:01,139 : INFO : EventManager : Event: ======'init_phase_3'====== Args={}
2025-10-04 14:05:01,146 : INFO : EventManager : Event: ======'init_phase_4'====== Args={}
2025-10-04 14:05:01,147 : INFO : BallController : Initial balls found: 6
2025-10-04 14:05:01,148 : INFO : EventManager : Event: ======'machine_var_audits_events_game_ended'====== Args={'value': 23, 'prev_value': None, 'change': True}
2025-10-04 14:05:01,148 : INFO : EventManager : Event: ======'machine_var_audits_events_game_started'====== Args={'value': 85, 'prev_value': None, 'change': True}
2025-10-04 14:05:01,148 : INFO : EventManager : Event: ======'machine_var_audits_missing_switches_s_A'====== Args={'value': 13, 'prev_value': None, 'change': True}
2025-10-04 14:05:01,149 : INFO : EventManager : Event: ======'machine_var_audits_missing_switches_s_E'====== Args={'value': 13, 'prev_value': None, 'change': True}
2025-10-04 14:05:01,149 : INFO : EventManager : Event: ======'machine_var_audits_missing_switches_s_Eb'====== Args={'value': 13, 'prev_value': None, 'change': True}
2025-10-04 14:05:01,149 : INFO : EventManager : Event: ======'machine_var_audits_missing_switches_s_I'====== Args={'value': 13, 'prev_value': None, 'change': True}
2025-10-04 14:05:01,149 : INFO : EventManager : Event: ======'machine_var_audits_missing_switches_s_L'====== Args={'value': 13, 'prev_value': None, 'change': True}
2025-10-04 14:05:01,149 : INFO : EventManager : Event: ======'machine_var_audits_missing_switches_s_M'====== Args={'value': 13, 'prev_value': None, 'change': True}
2025-10-04 14:05:01,149 : INFO : EventManager : Event: ======'machine_var_audits_missing_switches_s_R'====== Args={'value': 13, 'prev_value': None, 'change': True}
2025-10-04 14:05:01,149 : INFO : EventManager : Event: ======'machine_var_audits_missing_switches_s_T'====== Args={'value': 13, 'prev_value': None, 'change': True}
2025-10-04 14:05:01,150 : INFO : EventManager : Event: ======'machine_var_audits_missing_switches_s_Tb'====== Args={'value': 13, 'prev_value': None, 'change': True}
2025-10-04 14:05:01,150 : INFO : EventManager : Event: ======'machine_var_audits_missing_switches_s_V'====== Args={'value': 13, 'prev_value': None, 'change': True}
2025-10-04 14:05:01,150 : INFO : EventManager : Event: ======'machine_var_audits_missing_switches_s_bumper_1'====== Args={'value': 9, 'prev_value': None, 'change': True}
2025-10-04 14:05:01,150 : INFO : EventManager : Event: ======'machine_var_audits_missing_switches_s_bumper_2'====== Args={'value': 9, 'prev_value': None, 'change': True}
2025-10-04 14:05:01,150 : INFO : EventManager : Event: ======'machine_var_audits_missing_switches_s_center_center_target'====== Args={'value': 11, 'prev_value': None, 'change': True}
2025-10-04 14:05:01,150 : INFO : EventManager : Event: ======'machine_var_audits_missing_switches_s_launcher_lane_spinner'====== Args={'value': 11, 'prev_value': None, 'change': True}
2025-10-04 14:05:01,151 : INFO : EventManager : Event: ======'machine_var_audits_missing_switches_s_left_center_target'====== Args={'value': 11, 'prev_value': None, 'change': True}
2025-10-04 14:05:01,151 : INFO : EventManager : Event: ======'machine_var_audits_missing_switches_s_left_corridor_spinner'====== Args={'value': 11, 'prev_value': None, 'change': True}
2025-10-04 14:05:01,151 : INFO : EventManager : Event: ======'machine_var_audits_missing_switches_s_left_corridor_spinner2'====== Args={'value': 11, 'prev_value': None, 'change': True}
2025-10-04 14:05:01,151 : INFO : EventManager : Event: ======'machine_var_audits_missing_switches_s_left_inlane'====== Args={'value': 38, 'prev_value': None, 'change': True}
2025-10-04 14:05:01,151 : INFO : EventManager : Event: ======'machine_var_audits_missing_switches_s_left_outlane'====== Args={'value': 48, 'prev_value': None, 'change': True}
2025-10-04 14:05:01,152 : INFO : EventManager : Event: ======'machine_var_audits_missing_switches_s_left_scoop'====== Args={'value': 3, 'prev_value': None, 'change': True}
2025-10-04 14:05:01,152 : INFO : EventManager : Event: ======'machine_var_audits_missing_switches_s_left_standup'====== Args={'value': 10, 'prev_value': None, 'change': True}
2025-10-04 14:05:01,152 : INFO : EventManager : Event: ======'machine_var_audits_missing_switches_s_right_center_target'====== Args={'value': 11, 'prev_value': None, 'change': True}
2025-10-04 14:05:01,152 : INFO : EventManager : Event: ======'machine_var_audits_missing_switches_s_right_corridor_spinner'====== Args={'value': 11, 'prev_value': None, 'change': True}
2025-10-04 14:05:01,152 : INFO : EventManager : Event: ======'machine_var_audits_missing_switches_s_right_inlane'====== Args={'value': 18, 'prev_value': None, 'change': True}
2025-10-04 14:05:01,153 : INFO : EventManager : Event: ======'machine_var_audits_missing_switches_s_right_outlane'====== Args={'value': 48, 'prev_value': None, 'change': True}
2025-10-04 14:05:01,153 : INFO : EventManager : Event: ======'machine_var_audits_missing_switches_s_right_scoop'====== Args={'value': 3, 'prev_value': None, 'change': True}
2025-10-04 14:05:01,153 : INFO : EventManager : Event: ======'machine_var_audits_missing_switches_s_right_standup'====== Args={'value': 10, 'prev_value': None, 'change': True}
2025-10-04 14:05:01,153 : INFO : EventManager : Event: ======'machine_var_audits_missing_switches_s_sling_left'====== Args={'value': 38, 'prev_value': None, 'change': True}
2025-10-04 14:05:01,153 : INFO : EventManager : Event: ======'machine_var_audits_missing_switches_s_sling_right'====== Args={'value': 52, 'prev_value': None, 'change': True}
2025-10-04 14:05:01,154 : INFO : EventManager : Event: ======'machine_var_audits_missing_switches_s_start'====== Args={'value': 14, 'prev_value': None, 'change': True}
2025-10-04 14:05:01,154 : INFO : EventManager : Event: ======'machine_var_audits_missing_switches_s_top_left_standup'====== Args={'value': 10, 'prev_value': None, 'change': True}
2025-10-04 14:05:01,154 : INFO : EventManager : Event: ======'machine_var_audits_missing_switches_s_top_left_standup2'====== Args={'value': 10, 'prev_value': None, 'change': True}
2025-10-04 14:05:01,154 : INFO : EventManager : Event: ======'machine_var_audits_missing_switches_s_trough2'====== Args={'value': 85, 'prev_value': None, 'change': True}
2025-10-04 14:05:01,155 : INFO : EventManager : Event: ======'machine_var_audits_missing_switches_s_trough3'====== Args={'value': 85, 'prev_value': None, 'change': True}
2025-10-04 14:05:01,155 : INFO : EventManager : Event: ======'machine_var_audits_missing_switches_s_trough4'====== Args={'value': 85, 'prev_value': None, 'change': True}
2025-10-04 14:05:01,155 : INFO : EventManager : Event: ======'machine_var_audits_missing_switches_s_trough5'====== Args={'value': 85, 'prev_value': None, 'change': True}
2025-10-04 14:05:01,155 : INFO : EventManager : Event: ======'machine_var_audits_missing_switches_s_trough6'====== Args={'value': 85, 'prev_value': None, 'change': True}
2025-10-04 14:05:01,155 : INFO : EventManager : Event: ======'machine_var_audits_missing_switches_s_trough_jam'====== Args={'value': 85, 'prev_value': None, 'change': True}
2025-10-04 14:05:01,156 : INFO : EventManager : Event: ======'machine_var_audits_player_score'====== Args={'value': {'average': 12472, 'top': [28284, 28200, 25272, 22800, 22400, 17500, 16800, 16800, 14636, 13400], 'total': 25}, 'prev_value': None, 'change': True}
2025-10-04 14:05:01,156 : INFO : EventManager : Event: ======'machine_var_audits_shots_center_rollover'====== Args={'value': 7, 'prev_value': None, 'change': True}
2025-10-04 14:05:01,156 : INFO : EventManager : Event: ======'machine_var_audits_shots_center_rollover_shot'====== Args={'value': 121, 'prev_value': None, 'change': True}
2025-10-04 14:05:01,156 : INFO : EventManager : Event: ======'machine_var_audits_shots_left_rollover'====== Args={'value': 6, 'prev_value': None, 'change': True}
2025-10-04 14:05:01,157 : INFO : EventManager : Event: ======'machine_var_audits_shots_left_rollover_shot'====== Args={'value': 65, 'prev_value': None, 'change': True}
2025-10-04 14:05:01,157 : INFO : EventManager : Event: ======'machine_var_audits_shots_middle_inlane_shot'====== Args={'value': 20, 'prev_value': None, 'change': True}
2025-10-04 14:05:01,157 : INFO : EventManager : Event: ======'machine_var_audits_shots_my_first_shot'====== Args={'value': 95, 'prev_value': None, 'change': True}
2025-10-04 14:05:01,158 : INFO : EventManager : Event: ======'machine_var_audits_shots_right_inlane_shot'====== Args={'value': 8, 'prev_value': None, 'change': True}
2025-10-04 14:05:01,158 : INFO : EventManager : Event: ======'machine_var_audits_shots_right_rollover'====== Args={'value': 7, 'prev_value': None, 'change': True}
2025-10-04 14:05:01,158 : INFO : EventManager : Event: ======'machine_var_audits_shots_right_rollover_shot'====== Args={'value': 87, 'prev_value': None, 'change': True}
2025-10-04 14:05:01,159 : INFO : EventManager : Event: ======'machine_var_audits_shots_top_middle_inlane_shot'====== Args={'value': 41, 'prev_value': None, 'change': True}
2025-10-04 14:05:01,159 : INFO : EventManager : Event: ======'machine_var_audits_switches_s_A'====== Args={'value': 0, 'prev_value': None, 'change': True}
2025-10-04 14:05:01,160 : INFO : EventManager : Event: ======'machine_var_audits_switches_s_E'====== Args={'value': 0, 'prev_value': None, 'change': True}
2025-10-04 14:05:01,160 : INFO : EventManager : Event: ======'machine_var_audits_switches_s_Eb'====== Args={'value': 0, 'prev_value': None, 'change': True}
2025-10-04 14:05:01,160 : INFO : EventManager : Event: ======'machine_var_audits_switches_s_I'====== Args={'value': 0, 'prev_value': None, 'change': True}
2025-10-04 14:05:01,161 : INFO : EventManager : Event: ======'machine_var_audits_switches_s_L'====== Args={'value': 0, 'prev_value': None, 'change': True}
2025-10-04 14:05:01,161 : INFO : EventManager : Event: ======'machine_var_audits_switches_s_M'====== Args={'value': 0, 'prev_value': None, 'change': True}
2025-10-04 14:05:01,161 : INFO : EventManager : Event: ======'machine_var_audits_switches_s_R'====== Args={'value': 0, 'prev_value': None, 'change': True}
2025-10-04 14:05:01,161 : INFO : EventManager : Event: ======'machine_var_audits_switches_s_T'====== Args={'value': 0, 'prev_value': None, 'change': True}
2025-10-04 14:05:01,161 : INFO : EventManager : Event: ======'machine_var_audits_switches_s_Tb'====== Args={'value': 0, 'prev_value': None, 'change': True}
2025-10-04 14:05:01,162 : INFO : EventManager : Event: ======'machine_var_audits_switches_s_V'====== Args={'value': 0, 'prev_value': None, 'change': True}
2025-10-04 14:05:01,162 : INFO : EventManager : Event: ======'machine_var_audits_switches_s_bumper_1'====== Args={'value': 0, 'prev_value': None, 'change': True}
2025-10-04 14:05:01,162 : INFO : EventManager : Event: ======'machine_var_audits_switches_s_bumper_2'====== Args={'value': 0, 'prev_value': None, 'change': True}
2025-10-04 14:05:01,162 : INFO : EventManager : Event: ======'machine_var_audits_switches_s_center_center_target'====== Args={'value': 0, 'prev_value': None, 'change': True}
2025-10-04 14:05:01,162 : INFO : EventManager : Event: ======'machine_var_audits_switches_s_center_rollover'====== Args={'value': 128, 'prev_value': None, 'change': True}
2025-10-04 14:05:01,163 : INFO : EventManager : Event: ======'machine_var_audits_switches_s_launcher_lane_spinner'====== Args={'value': 0, 'prev_value': None, 'change': True}
2025-10-04 14:05:01,163 : INFO : EventManager : Event: ======'machine_var_audits_switches_s_left_center_target'====== Args={'value': 0, 'prev_value': None, 'change': True}
2025-10-04 14:05:01,163 : INFO : EventManager : Event: ======'machine_var_audits_switches_s_left_corridor_spinner'====== Args={'value': 0, 'prev_value': None, 'change': True}
2025-10-04 14:05:01,163 : INFO : EventManager : Event: ======'machine_var_audits_switches_s_left_corridor_spinner2'====== Args={'value': 0, 'prev_value': None, 'change': True}
2025-10-04 14:05:01,164 : INFO : EventManager : Event: ======'machine_var_audits_switches_s_left_flipper'====== Args={'value': 324, 'prev_value': None, 'change': True}
2025-10-04 14:05:01,164 : INFO : EventManager : Event: ======'machine_var_audits_switches_s_left_inlane'====== Args={'value': 8, 'prev_value': None, 'change': True}
2025-10-04 14:05:01,164 : INFO : EventManager : Event: ======'machine_var_audits_switches_s_left_outlane'====== Args={'value': 3, 'prev_value': None, 'change': True}
2025-10-04 14:05:01,164 : INFO : EventManager : Event: ======'machine_var_audits_switches_s_left_rollover'====== Args={'value': 71, 'prev_value': None, 'change': True}
2025-10-04 14:05:01,165 : INFO : EventManager : Event: ======'machine_var_audits_switches_s_left_scoop'====== Args={'value': 1, 'prev_value': None, 'change': True}
2025-10-04 14:05:01,165 : INFO : EventManager : Event: ======'machine_var_audits_switches_s_left_standup'====== Args={'value': 0, 'prev_value': None, 'change': True}
2025-10-04 14:05:01,166 : INFO : EventManager : Event: ======'machine_var_audits_switches_s_middle_inlane'====== Args={'value': 20, 'prev_value': None, 'change': True}
2025-10-04 14:05:01,166 : INFO : EventManager : Event: ======'machine_var_audits_switches_s_plunger'====== Args={'value': 167, 'prev_value': None, 'change': True}
2025-10-04 14:05:01,166 : INFO : EventManager : Event: ======'machine_var_audits_switches_s_right_center_target'====== Args={'value': 0, 'prev_value': None, 'change': True}
2025-10-04 14:05:01,166 : INFO : EventManager : Event: ======'machine_var_audits_switches_s_right_corridor_spinner'====== Args={'value': 0, 'prev_value': None, 'change': True}
2025-10-04 14:05:01,167 : INFO : EventManager : Event: ======'machine_var_audits_switches_s_right_flipper'====== Args={'value': 140, 'prev_value': None, 'change': True}
2025-10-04 14:05:01,167 : INFO : EventManager : Event: ======'machine_var_audits_switches_s_right_inlane'====== Args={'value': 135, 'prev_value': None, 'change': True}
2025-10-04 14:05:01,167 : INFO : EventManager : Event: ======'machine_var_audits_switches_s_right_outlane'====== Args={'value': 3, 'prev_value': None, 'change': True}
2025-10-04 14:05:01,167 : INFO : EventManager : Event: ======'machine_var_audits_switches_s_right_rollover'====== Args={'value': 94, 'prev_value': None, 'change': True}
2025-10-04 14:05:01,168 : INFO : EventManager : Event: ======'machine_var_audits_switches_s_right_scoop'====== Args={'value': 5, 'prev_value': None, 'change': True}
2025-10-04 14:05:01,168 : INFO : EventManager : Event: ======'machine_var_audits_switches_s_right_standup'====== Args={'value': 0, 'prev_value': None, 'change': True}
2025-10-04 14:05:01,168 : INFO : EventManager : Event: ======'machine_var_audits_switches_s_sling_left'====== Args={'value': 3, 'prev_value': None, 'change': True}
2025-10-04 14:05:01,168 : INFO : EventManager : Event: ======'machine_var_audits_switches_s_sling_right'====== Args={'value': 1, 'prev_value': None, 'change': True}
2025-10-04 14:05:01,169 : INFO : EventManager : Event: ======'machine_var_audits_switches_s_start'====== Args={'value': 12, 'prev_value': None, 'change': True}
2025-10-04 14:05:01,169 : INFO : EventManager : Event: ======'machine_var_audits_switches_s_top_left_standup'====== Args={'value': 0, 'prev_value': None, 'change': True}
2025-10-04 14:05:01,169 : INFO : EventManager : Event: ======'machine_var_audits_switches_s_top_left_standup2'====== Args={'value': 0, 'prev_value': None, 'change': True}
2025-10-04 14:05:01,169 : INFO : EventManager : Event: ======'machine_var_audits_switches_s_top_middle_inlane'====== Args={'value': 41, 'prev_value': None, 'change': True}
2025-10-04 14:05:01,170 : INFO : EventManager : Event: ======'machine_var_audits_switches_s_trough1'====== Args={'value': 115, 'prev_value': None, 'change': True}
2025-10-04 14:05:01,170 : INFO : EventManager : Event: ======'machine_var_audits_switches_s_trough2'====== Args={'value': 0, 'prev_value': None, 'change': True}
2025-10-04 14:05:01,170 : INFO : EventManager : Event: ======'machine_var_audits_switches_s_trough3'====== Args={'value': 0, 'prev_value': None, 'change': True}
2025-10-04 14:05:01,170 : INFO : EventManager : Event: ======'machine_var_audits_switches_s_trough4'====== Args={'value': 0, 'prev_value': None, 'change': True}
2025-10-04 14:05:01,171 : INFO : EventManager : Event: ======'machine_var_audits_switches_s_trough5'====== Args={'value': 0, 'prev_value': None, 'change': True}
2025-10-04 14:05:01,171 : INFO : EventManager : Event: ======'machine_var_audits_switches_s_trough6'====== Args={'value': 0, 'prev_value': None, 'change': True}
2025-10-04 14:05:01,171 : INFO : EventManager : Event: ======'machine_var_audits_switches_s_trough_jam'====== Args={'value': 0, 'prev_value': None, 'change': True}
2025-10-04 14:05:01,172 : INFO : EventManager : Event: ======'init_phase_5'====== Args={}
2025-10-04 14:05:01,239 : INFO : EventManager : Event: ======'init_done'====== Args={}
2025-10-04 14:05:01,239 : INFO : EventManager : Event: ======'machine_reset_phase_1'====== Args={}
2025-10-04 14:05:01,246 : INFO : EventManager : Event: ======'machine_reset_phase_2'====== Args={}
2025-10-04 14:05:01,247 : INFO : EventManager : Event: ======'machine_reset_phase_3'====== Args={}
2025-10-04 14:05:01,247 : INFO : EventManager : Event: ======'reset_complete'====== Args={}
2025-10-04 14:05:01,247 : INFO : EventManager : Event: ======'mode_attract_will_start'====== Args={}
2025-10-04 14:05:01,247 : INFO : EventManager : Event: ======'mode_attract_starting'====== Args={}
2025-10-04 14:05:01,247 : INFO : Mode.attract : Started. Priority: 10
2025-10-04 14:05:01,247 : INFO : EventManager : Event: ======'modes_active_modes_changed'====== Args={}
2025-10-04 14:05:01,247 : INFO : EventManager : Event: ======'mode_attract_started'====== Args={}
2025-10-04 14:05:01,248 : INFO : EventManager : Event: ======'collecting_balls_complete'====== Args={}
2025-10-04 14:05:01,299 : INFO : EventManager : Event: ======'slide_awesome_slide_created'====== Args={'_from_bcp': True}
2025-10-04 14:05:01,299 : INFO : EventManager : Event: ======'slide_awesome_slide_active'====== Args={'_from_bcp': True}
2025-10-04 14:05:01,300 : INFO : Machine : Starting the main run loop.
2025-10-04 14:05:01,559 : INFO : BcpServer : New client connected.
2025-10-04 14:05:04,251 : INFO : EventManager : Event: ======'slide_press_start_created'====== Args={'_from_bcp': True}
2025-10-04 14:05:04,252 : INFO : EventManager : Event: ======'slide_press_start_active'====== Args={'_from_bcp': True}
2025-10-04 14:05:07,270 : INFO : EventManager : Event: ======'slide_mission_pinball_created'====== Args={'_from_bcp': True}
2025-10-04 14:05:07,271 : INFO : EventManager : Event: ======'slide_mission_pinball_active'====== Args={'_from_bcp': True}
2025-10-04 14:05:10,288 : INFO : EventManager : Event: ======'slide_last_game_score_slide_created'====== Args={'_from_bcp': True}
2025-10-04 14:05:10,293 : INFO : EventManager : Event: ======'slide_last_game_score_slide_active'====== Args={'_from_bcp': True}
2025-10-04 14:05:13,271 : INFO : EventManager : Event: ======'slide_awesome_slide_removed'====== Args={'_from_bcp': True}
2025-10-04 14:05:13,273 : INFO : EventManager : Event: ======'slide_awesome_slide_created'====== Args={'_from_bcp': True}
2025-10-04 14:05:13,273 : INFO : EventManager : Event: ======'slide_awesome_slide_active'====== Args={'_from_bcp': True}
2025-10-04 14:05:16,263 : INFO : EventManager : Event: ======'slide_press_start_removed'====== Args={'_from_bcp': True}
2025-10-04 14:05:16,273 : INFO : EventManager : Event: ======'slide_press_start_created'====== Args={'_from_bcp': True}
2025-10-04 14:05:16,277 : INFO : EventManager : Event: ======'slide_press_start_active'====== Args={'_from_bcp': True}
2025-10-04 14:05:19,247 : INFO : EventManager : Event: ======'slide_mission_pinball_removed'====== Args={'_from_bcp': True}
2025-10-04 14:05:19,250 : INFO : EventManager : Event: ======'slide_mission_pinball_created'====== Args={'_from_bcp': True}
2025-10-04 14:05:19,251 : INFO : EventManager : Event: ======'slide_mission_pinball_active'====== Args={'_from_bcp': True}
2025-10-04 14:05:22,262 : INFO : EventManager : Event: ======'slide_last_game_score_slide_removed'====== Args={'_from_bcp': True}
2025-10-04 14:05:22,277 : INFO : EventManager : Event: ======'slide_last_game_score_slide_created'====== Args={'_from_bcp': True}
2025-10-04 14:05:22,282 : INFO : EventManager : Event: ======'slide_last_game_score_slide_active'====== Args={'_from_bcp': True}
2025-10-04 14:05:25,263 : INFO : EventManager : Event: ======'slide_awesome_slide_removed'====== Args={'_from_bcp': True}
2025-10-04 14:05:25,264 : INFO : EventManager : Event: ======'slide_awesome_slide_created'====== Args={'_from_bcp': True}
2025-10-04 14:05:25,265 : INFO : EventManager : Event: ======'slide_awesome_slide_active'====== Args={'_from_bcp': True}
2025-10-04 14:05:28,284 : INFO : EventManager : Event: ======'slide_press_start_removed'====== Args={'_from_bcp': True}
2025-10-04 14:05:28,288 : INFO : EventManager : Event: ======'slide_press_start_created'====== Args={'_from_bcp': True}
2025-10-04 14:05:28,290 : INFO : EventManager : Event: ======'slide_press_start_active'====== Args={'_from_bcp': True}
2025-10-04 14:05:31,268 : INFO : EventManager : Event: ======'slide_mission_pinball_removed'====== Args={'_from_bcp': True}
2025-10-04 14:05:31,275 : INFO : EventManager : Event: ======'slide_mission_pinball_created'====== Args={'_from_bcp': True}
2025-10-04 14:05:31,278 : INFO : EventManager : Event: ======'slide_mission_pinball_active'====== Args={'_from_bcp': True}
2025-10-04 14:05:34,261 : INFO : EventManager : Event: ======'slide_last_game_score_slide_removed'====== Args={'_from_bcp': True}
2025-10-04 14:05:34,263 : INFO : EventManager : Event: ======'slide_last_game_score_slide_created'====== Args={'_from_bcp': True}
2025-10-04 14:05:34,266 : INFO : EventManager : Event: ======'slide_last_game_score_slide_active'====== Args={'_from_bcp': True}
2025-10-04 14:05:37,275 : INFO : EventManager : Event: ======'slide_awesome_slide_removed'====== Args={'_from_bcp': True}
2025-10-04 14:05:37,276 : INFO : EventManager : Event: ======'slide_awesome_slide_created'====== Args={'_from_bcp': True}
2025-10-04 14:05:37,276 : INFO : EventManager : Event: ======'slide_awesome_slide_active'====== Args={'_from_bcp': True}
2025-10-04 14:05:40,272 : INFO : EventManager : Event: ======'slide_press_start_removed'====== Args={'_from_bcp': True}
2025-10-04 14:05:40,274 : INFO : EventManager : Event: ======'slide_press_start_created'====== Args={'_from_bcp': True}
2025-10-04 14:05:40,275 : INFO : EventManager : Event: ======'slide_press_start_active'====== Args={'_from_bcp': True}
2025-10-04 14:05:43,252 : INFO : EventManager : Event: ======'slide_mission_pinball_removed'====== Args={'_from_bcp': True}
2025-10-04 14:05:43,260 : INFO : EventManager : Event: ======'slide_mission_pinball_created'====== Args={'_from_bcp': True}
2025-10-04 14:05:43,265 : INFO : EventManager : Event: ======'slide_mission_pinball_active'====== Args={'_from_bcp': True}
2025-10-04 14:05:46,266 : INFO : EventManager : Event: ======'slide_last_game_score_slide_removed'====== Args={'_from_bcp': True}
2025-10-04 14:05:46,278 : INFO : EventManager : Event: ======'slide_last_game_score_slide_created'====== Args={'_from_bcp': True}
2025-10-04 14:05:46,283 : INFO : EventManager : Event: ======'slide_last_game_score_slide_active'====== Args={'_from_bcp': True}
2025-10-04 14:05:49,252 : INFO : EventManager : Event: ======'slide_awesome_slide_removed'====== Args={'_from_bcp': True}
2025-10-04 14:05:49,253 : INFO : EventManager : Event: ======'slide_awesome_slide_created'====== Args={'_from_bcp': True}
2025-10-04 14:05:49,253 : INFO : EventManager : Event: ======'slide_awesome_slide_active'====== Args={'_from_bcp': True}
2025-10-04 14:05:52,266 : INFO : EventManager : Event: ======'slide_press_start_removed'====== Args={'_from_bcp': True}
2025-10-04 14:05:52,275 : INFO : EventManager : Event: ======'slide_press_start_created'====== Args={'_from_bcp': True}
2025-10-04 14:05:52,280 : INFO : EventManager : Event: ======'slide_press_start_active'====== Args={'_from_bcp': True}
2025-10-04 14:05:55,273 : INFO : EventManager : Event: ======'slide_mission_pinball_removed'====== Args={'_from_bcp': True}
2025-10-04 14:05:55,274 : INFO : EventManager : Event: ======'slide_mission_pinball_created'====== Args={'_from_bcp': True}
2025-10-04 14:05:55,274 : INFO : EventManager : Event: ======'slide_mission_pinball_active'====== Args={'_from_bcp': True}
2025-10-04 14:05:58,262 : INFO : EventManager : Event: ======'slide_last_game_score_slide_removed'====== Args={'_from_bcp': True}
2025-10-04 14:05:58,273 : INFO : EventManager : Event: ======'slide_last_game_score_slide_created'====== Args={'_from_bcp': True}
2025-10-04 14:05:58,278 : INFO : EventManager : Event: ======'slide_last_game_score_slide_active'====== Args={'_from_bcp': True}
2025-10-04 14:06:01,271 : INFO : EventManager : Event: ======'slide_awesome_slide_removed'====== Args={'_from_bcp': True}
2025-10-04 14:06:01,271 : INFO : EventManager : Event: ======'slide_awesome_slide_created'====== Args={'_from_bcp': True}
2025-10-04 14:06:01,273 : INFO : EventManager : Event: ======'slide_awesome_slide_active'====== Args={'_from_bcp': True}
2025-10-04 14:06:04,259 : INFO : EventManager : Event: ======'slide_press_start_removed'====== Args={'_from_bcp': True}
2025-10-04 14:06:04,272 : INFO : EventManager : Event: ======'slide_press_start_created'====== Args={'_from_bcp': True}
2025-10-04 14:06:04,276 : INFO : EventManager : Event: ======'slide_press_start_active'====== Args={'_from_bcp': True}
2025-10-04 14:06:07,259 : INFO : EventManager : Event: ======'slide_mission_pinball_removed'====== Args={'_from_bcp': True}
2025-10-04 14:06:07,260 : INFO : EventManager : Event: ======'slide_mission_pinball_created'====== Args={'_from_bcp': True}
2025-10-04 14:06:07,261 : INFO : EventManager : Event: ======'slide_mission_pinball_active'====== Args={'_from_bcp': True}
2025-10-04 14:06:10,253 : INFO : EventManager : Event: ======'slide_last_game_score_slide_removed'====== Args={'_from_bcp': True}
2025-10-04 14:06:10,257 : INFO : EventManager : Event: ======'slide_last_game_score_slide_created'====== Args={'_from_bcp': True}
2025-10-04 14:06:10,259 : INFO : EventManager : Event: ======'slide_last_game_score_slide_active'====== Args={'_from_bcp': True}
2025-10-04 14:06:13,262 : INFO : EventManager : Event: ======'slide_awesome_slide_removed'====== Args={'_from_bcp': True}
2025-10-04 14:06:13,268 : INFO : EventManager : Event: ======'slide_awesome_slide_created'====== Args={'_from_bcp': True}
2025-10-04 14:06:13,270 : INFO : EventManager : Event: ======'slide_awesome_slide_active'====== Args={'_from_bcp': True}
2025-10-04 14:06:16,261 : INFO : EventManager : Event: ======'slide_press_start_removed'====== Args={'_from_bcp': True}
2025-10-04 14:06:16,274 : INFO : EventManager : Event: ======'slide_press_start_created'====== Args={'_from_bcp': True}
2025-10-04 14:06:16,278 : INFO : EventManager : Event: ======'slide_press_start_active'====== Args={'_from_bcp': True}
2025-10-04 14:06:19,254 : INFO : EventManager : Event: ======'slide_mission_pinball_removed'====== Args={'_from_bcp': True}
2025-10-04 14:06:19,256 : INFO : EventManager : Event: ======'slide_mission_pinball_created'====== Args={'_from_bcp': True}
2025-10-04 14:06:19,257 : INFO : EventManager : Event: ======'slide_mission_pinball_active'====== Args={'_from_bcp': True}
2025-10-04 14:06:22,254 : INFO : EventManager : Event: ======'slide_last_game_score_slide_removed'====== Args={'_from_bcp': True}
2025-10-04 14:06:22,264 : INFO : EventManager : Event: ======'slide_last_game_score_slide_created'====== Args={'_from_bcp': True}
2025-10-04 14:06:22,269 : INFO : EventManager : Event: ======'slide_last_game_score_slide_active'====== Args={'_from_bcp': True}
2025-10-04 14:06:25,258 : INFO : EventManager : Event: ======'slide_awesome_slide_removed'====== Args={'_from_bcp': True}
2025-10-04 14:06:25,261 : INFO : EventManager : Event: ======'slide_awesome_slide_created'====== Args={'_from_bcp': True}
2025-10-04 14:06:25,262 : INFO : EventManager : Event: ======'slide_awesome_slide_active'====== Args={'_from_bcp': True}
2025-10-04 14:06:28,271 : INFO : EventManager : Event: ======'slide_press_start_removed'====== Args={'_from_bcp': True}
2025-10-04 14:06:28,275 : INFO : EventManager : Event: ======'slide_press_start_created'====== Args={'_from_bcp': True}
2025-10-04 14:06:28,276 : INFO : EventManager : Event: ======'slide_press_start_active'====== Args={'_from_bcp': True}
2025-10-04 14:06:31,264 : INFO : EventManager : Event: ======'slide_mission_pinball_removed'====== Args={'_from_bcp': True}
2025-10-04 14:06:31,267 : INFO : EventManager : Event: ======'slide_mission_pinball_created'====== Args={'_from_bcp': True}
2025-10-04 14:06:31,270 : INFO : EventManager : Event: ======'slide_mission_pinball_active'====== Args={'_from_bcp': True}
2025-10-04 14:06:34,260 : INFO : EventManager : Event: ======'slide_last_game_score_slide_removed'====== Args={'_from_bcp': True}
2025-10-04 14:06:34,272 : INFO : EventManager : Event: ======'slide_last_game_score_slide_created'====== Args={'_from_bcp': True}
2025-10-04 14:06:34,281 : INFO : EventManager : Event: ======'slide_last_game_score_slide_active'====== Args={'_from_bcp': True}
2025-10-04 14:06:37,266 : INFO : EventManager : Event: ======'slide_awesome_slide_removed'====== Args={'_from_bcp': True}
2025-10-04 14:06:37,269 : INFO : EventManager : Event: ======'slide_awesome_slide_created'====== Args={'_from_bcp': True}
2025-10-04 14:06:37,270 : INFO : EventManager : Event: ======'slide_awesome_slide_active'====== Args={'_from_bcp': True}
2025-10-04 14:06:39,906 : INFO : SwitchController : <<<<<<< 's_start' active >>>>>>>
2025-10-04 14:06:39,979 : INFO : SwitchController : <<<<<<< 's_start' inactive >>>>>>>
2025-10-04 14:06:39,979 : INFO : EventManager : Event: ======'request_to_start_game'====== Args={}
2025-10-04 14:06:39,981 : INFO : EventManager : Event: ======'game_start'====== Args={'buttons': [], 'hold_time': 0.07800000000861473}
2025-10-04 14:06:39,981 : INFO : EventManager : Event: ======'mode_game_will_start'====== Args={'buttons': [], 'hold_time': 0.07800000000861473}
2025-10-04 14:06:39,983 : INFO : EventManager : Event: ======'mode_game_starting'====== Args={'buttons': [], 'hold_time': 0.07800000000861473}
2025-10-04 14:06:39,983 : INFO : EventManager : Event: ======'mode_attract_will_stop'====== Args={}
2025-10-04 14:06:39,983 : INFO : EventManager : Event: ======'mode_attract_stopping'====== Args={}
2025-10-04 14:06:39,983 : INFO : Mode.attract : Stopped.
2025-10-04 14:06:39,984 : INFO : EventManager : Event: ======'modes_active_modes_changed'====== Args={}
2025-10-04 14:06:39,984 : INFO : EventManager : Event: ======'mode_attract_stopped'====== Args={}
2025-10-04 14:06:39,985 : INFO : EventManager : Event: ======'clear'====== Args={'key': 'attract'}
2025-10-04 14:06:39,985 : INFO : Mode.game : Started. Priority: 20
2025-10-04 14:06:39,985 : INFO : EventManager : Event: ======'modes_active_modes_changed'====== Args={}
2025-10-04 14:06:39,985 : INFO : EventManager : Event: ======'mode_game_started'====== Args={'buttons': [], 'hold_time': 0.07800000000861473}
2025-10-04 14:06:40,000 : INFO : EventManager : Event: ======'game_will_start'====== Args={}
2025-10-04 14:06:40,001 : INFO : EventManager : Event: ======'game_starting'====== Args={'game': <Mode.game>}
2025-10-04 14:06:40,002 : INFO : EventManager : Unordered handler for class <Auditor> on event game_ended with priority 1. Handlers: [RegisteredHandler(callback=<bound method Auditor.disable of <Auditor>>, priority=1, kwargs={}, key=UUID('3d556578-e6d1-4c26-b98c-e5d1b7d39fe1'), condition=None, blocking_facility=None), RegisteredHandler(callback=<bound method Auditor._save_audits of <Auditor>>, priority=1, kwargs={}, key=UUID('89e029c6-360a-4125-8ac8-6e5e026ecef6'), condition=None, blocking_facility=None)]. The order of those handlers is not defined and they will be executed in random order. This might lead to race conditions and potential bugs.
2025-10-04 14:06:40,003 : INFO : EventManager : Event: ======'player_add_request'====== Args={}
2025-10-04 14:06:40,003 : INFO : EventManager : Event: ======'player_will_add'====== Args={'number': 1}
2025-10-04 14:06:40,003 : INFO : EventManager : Event: ======'player_adding'====== Args={'player': <Player 1>, 'number': 1}
2025-10-04 14:06:40,003 : INFO : EventManager : Event: ======'player_added'====== Args={'player': <Player 1>, 'num': 1}
2025-10-04 14:06:40,004 : INFO : Mode.game : Player added successfully. Total players: 1
2025-10-04 14:06:40,004 : INFO : EventManager : Event: ======'player_index'====== Args={'value': 0, 'prev_value': 0, 'change': 0, 'player_num': 1}
2025-10-04 14:06:40,004 : INFO : EventManager : Event: ======'player_number'====== Args={'value': 1, 'prev_value': 1, 'change': 0, 'player_num': 1}
2025-10-04 14:06:40,004 : INFO : EventManager : Event: ======'player_score'====== Args={'value': 0, 'prev_value': 0, 'change': 0, 'player_num': 1}
2025-10-04 14:06:40,007 : INFO : EventManager : Event: ======'game_started'====== Args={}
2025-10-04 14:06:40,034 : INFO : EventManager : Event: ======'player_turn_will_start'====== Args={'player': <Player 1>, 'number': 1}
2025-10-04 14:06:40,035 : INFO : EventManager : Event: ======'slide_press_start_removed'====== Args={'_from_bcp': True}
2025-10-04 14:06:40,035 : INFO : EventManager : Event: ======'slide_mission_pinball_removed'====== Args={'_from_bcp': True}
2025-10-04 14:06:40,035 : INFO : EventManager : Event: ======'slide_last_game_score_slide_removed'====== Args={'_from_bcp': True}
2025-10-04 14:06:40,035 : INFO : EventManager : Event: ======'slide_awesome_slide_removed'====== Args={'_from_bcp': True}
2025-10-04 14:06:40,036 : INFO : EventManager : Event: ======'slide_window_blank_active'====== Args={'_from_bcp': True}
2025-10-04 14:06:40,036 : INFO : EventManager : Event: ======'player_turn_starting'====== Args={'player': <Player 1>, 'number': 1}
2025-10-04 14:06:40,037 : INFO : EventManager : Event: ======'player_ball'====== Args={'value': 1, 'prev_value': 0, 'change': 1, 'player_num': 1}
2025-10-04 14:06:40,037 : INFO : EventManager : Event: ======'player_turn_started'====== Args={'player': <Player 1>, 'number': 1}
2025-10-04 14:06:40,038 : INFO : EventManager : Event: ======'ball_will_start'====== Args={'player': 1, 'ball': 1, 'balls_remaining': 2, 'is_extra_ball': False}
2025-10-04 14:06:40,044 : INFO : EventManager : Event: ======'ball_starting'====== Args={'player': 1, 'ball': 1, 'balls_remaining': 2, 'is_extra_ball': False}
2025-10-04 14:06:40,045 : INFO : EventManager : Event: ======'balls_in_play'====== Args={'balls': 1}
2025-10-04 14:06:40,045 : INFO : EventManager : Event: ======'ball_started'====== Args={'player': 1, 'ball': 1, 'balls_remaining': 2, 'is_extra_ball': False}
2025-10-04 14:06:40,045 : INFO : EventManager : Event: ======'mode_base_will_start'====== Args={'player': 1, 'ball': 1, 'balls_remaining': 2, 'is_extra_ball': False}
2025-10-04 14:06:40,045 : INFO : EventManager : Event: ======'player_shot_left_rollover_shot_enabled'====== Args={'value': True, 'prev_value': 0, 'change': 1, 'player_num': 1}
2025-10-04 14:06:40,046 : INFO : EventManager : Event: ======'player_shot_center_rollover_shot_enabled'====== Args={'value': True, 'prev_value': 0, 'change': 1, 'player_num': 1}
2025-10-04 14:06:40,046 : INFO : EventManager : Event: ======'player_shot_right_rollover_shot_enabled'====== Args={'value': True, 'prev_value': 0, 'change': 1, 'player_num': 1}
2025-10-04 14:06:40,047 : INFO : EventManager : Event: ======'player_shot_right_inlane_shot_enabled'====== Args={'value': True, 'prev_value': 0, 'change': 1, 'player_num': 1}
2025-10-04 14:06:40,047 : INFO : EventManager : Event: ======'rollover_lanes_complete'====== Args={'state': 'unlit'}
2025-10-04 14:06:40,047 : INFO : EventManager : Event: ======'rollover_lanes_unlit_complete'====== Args={}
2025-10-04 14:06:40,049 : INFO : EventManager : Event: ======'mode_base_starting'====== Args={'player': 1, 'ball': 1, 'balls_remaining': 2, 'is_extra_ball': False}
2025-10-04 14:06:40,050 : INFO : Mode.base : Started. Priority: 100
2025-10-04 14:06:40,050 : INFO : EventManager : Event: ======'modes_active_modes_changed'====== Args={}
2025-10-04 14:06:40,050 : INFO : EventManager : Event: ======'mode_base_started'====== Args={'player': 1, 'ball': 1, 'balls_remaining': 2, 'is_extra_ball': False}
2025-10-04 14:06:40,051 : INFO : EventManager : Event: ======'single_player_ball_started'====== Args={}
2025-10-04 14:06:40,096 : INFO : EventManager : Event: ======'ball_start_target'====== Args={'target': 'playfield'}
2025-10-04 14:06:40,096 : INFO : EventManager : Event: ======'slide_base.slide_player-mode_base_started_created'====== Args={'_from_bcp': True}
2025-10-04 14:06:40,097 : INFO : EventManager : Event: ======'slide_base.slide_player-mode_base_started_active'====== Args={'_from_bcp': True}
2025-10-04 14:06:40,097 : INFO : ball_device.bd_plunger : Setting up player-controlled eject. Balls: 1, Target: <playfield.playfield>, player_controlled_eject_event: None
2025-10-04 14:06:40,097 : INFO : EventManager : Event: ======'balldevice_balls_available'====== Args={}
2025-10-04 14:06:40,098 : INFO : ball_device.bd_trough : State: waiting_for_target_ready
2025-10-04 14:06:40,098 : INFO : EventManager : Event: ======'balldevice_bd_trough_ball_eject_attempt'====== Args={'balls': 1, 'target': <ball_device.bd_plunger>, 'source': <ball_device.bd_trough>, 'mechanical_eject': True, 'num_attempts': 0}
2025-10-04 14:06:40,098 : INFO : ball_device.bd_plunger : State: waiting_for_ball
2025-10-04 14:06:40,099 : INFO : ball_device.bd_trough : State: ejecting
2025-10-04 14:06:40,099 : INFO : ball_device.bd_trough : Ejecting ball to <ball_device.bd_plunger>
2025-10-04 14:06:40,099 : INFO : EventManager : Event: ======'balldevice_bd_trough_ejecting_ball'====== Args={'balls': 1, 'target': <ball_device.bd_plunger>, 'source': <ball_device.bd_trough>, 'mechanical_eject': True, 'num_attempts': 0}
2025-10-04 14:06:40,100 : INFO : ball_device.bd_trough : Wait for ball to leave device
2025-10-04 14:06:40,100 : INFO : coil.c_trough_eject : Pulsing Driver for 20ms (1.0 pulse_power)
2025-10-04 14:06:40,101 : INFO : SwitchController : <<<<<<< 's_trough1' inactive >>>>>>>
2025-10-04 14:06:40,107 : INFO : ball_device.bd_trough : State: ball_left
2025-10-04 14:06:40,107 : INFO : ball_device.bd_trough : Ball left
2025-10-04 14:06:40,107 : INFO : ball_device.bd_trough : Wait for confirm with timeout 3.0
2025-10-04 14:06:40,193 : INFO : SwitchController : <<<<<<< 's_plunger' active >>>>>>>
2025-10-04 14:06:40,193 : INFO : EventManager : Event: ======'machine_var_audits_switches_s_plunger'====== Args={'value': 168, 'prev_value': 167, 'change': 1}
2025-10-04 14:06:40,693 : INFO : ball_device.bd_plunger : Received ball from <ball_device.bd_trough>
2025-10-04 14:06:40,693 : INFO : EventManager : Event: ======'balldevice_bd_plunger_ball_enter'====== Args={'new_balls': 1, 'unclaimed_balls': 0, 'new_available_balls': 0, 'device': <ball_device.bd_plunger>}
2025-10-04 14:06:40,694 : INFO : EventManager : Event: ======'balldevice_bd_plunger_ball_entered'====== Args={'new_balls': 0, 'device': <ball_device.bd_plunger>}
2025-10-04 14:06:40,694 : INFO : EventManager : Event: ======'balldevice_bd_plunger_ball_count_changed'====== Args={'balls': 1}
2025-10-04 14:06:40,694 : INFO : ball_device.bd_trough : Got eject confirm
2025-10-04 14:06:40,694 : INFO : ball_device.bd_trough : Eject successful
2025-10-04 14:06:40,694 : INFO : EventManager : Event: ======'balldevice_bd_trough_ball_eject_success'====== Args={'balls': 1, 'target': <ball_device.bd_plunger>}
2025-10-04 14:06:40,695 : INFO : EventManager : Event: ======'balldevice_bd_trough_ball_count_changed'====== Args={'balls': 5}
2025-10-04 14:06:40,695 : INFO : ball_device.bd_trough : State: idle
2025-10-04 14:06:40,695 : INFO : ball_device.bd_plunger : State: waiting_for_target_ready
2025-10-04 14:06:40,695 : INFO : EventManager : Event: ======'balldevice_bd_plunger_ball_eject_attempt'====== Args={'balls': 1, 'target': <playfield.playfield>, 'source': <ball_device.bd_plunger>, 'mechanical_eject': True, 'num_attempts': 0}
2025-10-04 14:06:40,696 : INFO : ball_device.bd_plunger : State: ejecting
2025-10-04 14:06:40,696 : INFO : ball_device.bd_plunger : Ejecting ball to <playfield.playfield>
2025-10-04 14:06:40,696 : INFO : EventManager : Event: ======'balldevice_bd_plunger_ejecting_ball'====== Args={'balls': 1, 'target': <playfield.playfield>, 'source': <ball_device.bd_plunger>, 'mechanical_eject': True, 'num_attempts': 0}
2025-10-04 14:06:40,697 : INFO : ball_device.bd_plunger : Wait for ball to leave device
2025-10-04 14:06:41,306 : WARNING : SwitchController : Received duplicate switch state 1 for switch s_plunger from the platform interface. Log Code: Log-SwitchController-1 (https://missionpinball.org/logs)
2025-10-04 14:06:41,404 : INFO : SwitchController : <<<<<<< 's_plunger' inactive >>>>>>>
2025-10-04 14:06:41,442 : INFO : ball_device.bd_plunger : State: ball_left
2025-10-04 14:06:41,443 : INFO : ball_device.bd_plunger : Ball left
2025-10-04 14:06:41,443 : INFO : ball_device.bd_plunger : Wait for confirm with timeout 5.0
2025-10-04 14:06:44,001 : INFO : SwitchController : <<<<<<< 's_center_rollover' active >>>>>>>
2025-10-04 14:06:44,001 : INFO : EventManager : Event: ======'playfield_active'====== Args={}
2025-10-04 14:06:44,001 : INFO : EventManager : Event: ======'s_center_rollover_active'====== Args={}
2025-10-04 14:06:44,002 : INFO : EventManager : Event: ======'machine_var_audits_switches_s_center_rollover'====== Args={'value': 129, 'prev_value': 128, 'change': 1}
2025-10-04 14:06:44,002 : INFO : EventManager : Event: ======'player_shot_center_rollover_shot'====== Args={'value': 1, 'prev_value': 0, 'change': 1, 'player_num': 1}
2025-10-04 14:06:44,003 : INFO : EventManager : Event: ======'machine_var_audits_shots_center_rollover_shot'====== Args={'value': 122, 'prev_value': 121, 'change': 1}
2025-10-04 14:06:44,003 : INFO : EventManager : Event: ======'center_rollover_shot_hit'====== Args={'profile': 'default', 'state': 'unlit', 'advancing': True}
2025-10-04 14:06:44,003 : INFO : EventManager : Event: ======'center_rollover_shot_default_hit'====== Args={'profile': 'default', 'state': 'unlit', 'advancing': True}
2025-10-04 14:06:44,003 : INFO : EventManager : Event: ======'center_rollover_shot_default_unlit_hit'====== Args={'profile': 'default', 'state': 'unlit', 'advancing': True}
2025-10-04 14:06:44,003 : INFO : EventManager : Event: ======'center_rollover_shot_unlit_hit'====== Args={'profile': 'default', 'state': 'unlit', 'advancing': True}
2025-10-04 14:06:44,004 : INFO : EventManager : Event: ======'player_score'====== Args={'value': 200, 'prev_value': 0, 'change': 200, 'player_num': 1, 'source': 'base'}
2025-10-04 14:06:44,004 : INFO : EventManager : Event: ======'rollover_lanes_hit'====== Args={}
2025-10-04 14:06:44,004 : INFO : EventManager : Event: ======'rollover_lanes_unlit_hit'====== Args={}
2025-10-04 14:06:44,028 : INFO : ball_device.bd_plunger : Got eject confirm
2025-10-04 14:06:44,028 : INFO : ball_device.bd_plunger : Eject successful
2025-10-04 14:06:44,029 : INFO : EventManager : Event: ======'balldevice_bd_plunger_ball_eject_success'====== Args={'balls': 1, 'target': <playfield.playfield>}
2025-10-04 14:06:44,029 : INFO : EventManager : Event: ======'balldevice_playfield_ball_enter'====== Args={'new_balls': 1, 'unclaimed_balls': 1, 'device': <playfield.playfield>}
2025-10-04 14:06:44,030 : INFO : EventManager : Event: ======'playfield_ball_count_change'====== Args={'balls': 1, 'change': 1}
2025-10-04 14:06:44,030 : INFO : EventManager : Event: ======'balldevice_bd_plunger_ball_count_changed'====== Args={'balls': 0}
2025-10-04 14:06:44,031 : INFO : ball_device.bd_plunger : State: idle
2025-10-04 14:06:48,051 : INFO : SwitchController : <<<<<<< 's_trough1' active >>>>>>>
2025-10-04 14:06:48,052 : INFO : EventManager : Event: ======'machine_var_audits_switches_s_trough1'====== Args={'value': 116, 'prev_value': 115, 'change': 1}
2025-10-04 14:06:48,558 : INFO : EventManager : Event: ======'balldevice_bd_trough_ball_count_changed'====== Args={'balls': 6}
2025-10-04 14:06:48,558 : INFO : ball_device.bd_trough : Received unexpected ball
2025-10-04 14:06:48,558 : INFO : EventManager : Event: ======'balldevice_captured_from_playfield'====== Args={'balls': 1}
2025-10-04 14:06:48,559 : INFO : EventManager : Event: ======'sw_playfield_active'====== Args={'balls': 1}
2025-10-04 14:06:48,560 : INFO : EventManager : Event: ======'playfield_ball_count_change'====== Args={'balls': 0, 'change': -1}
2025-10-04 14:06:48,562 : INFO : EventManager : Event: ======'balldevice_bd_trough_ball_enter'====== Args={'new_balls': 1, 'unclaimed_balls': 1, 'new_available_balls': 1, 'device': <ball_device.bd_trough>}
2025-10-04 14:06:48,563 : INFO : EventManager : Event: ======'ball_drain'====== Args={'device': <ball_device.bd_trough>, 'balls': 1}
2025-10-04 14:06:48,564 : INFO : EventManager : Event: ======'ball_will_end'====== Args={}
2025-10-04 14:06:48,564 : INFO : EventManager : Event: ======'balldevice_balls_available'====== Args={}
2025-10-04 14:06:48,565 : INFO : EventManager : Event: ======'balldevice_bd_trough_ball_entered'====== Args={'new_balls': 1, 'device': <ball_device.bd_trough>}
2025-10-04 14:06:48,567 : INFO : EventManager : Event: ======'ball_ending'====== Args={}
2025-10-04 14:06:48,568 : INFO : EventManager : Event: ======'mode_base_will_stop'====== Args={}
2025-10-04 14:06:48,569 : INFO : EventManager : Event: ======'mode_base_stopping'====== Args={}
2025-10-04 14:06:48,570 : INFO : Mode.base : Stopped.
2025-10-04 14:06:48,570 : INFO : EventManager : Event: ======'modes_active_modes_changed'====== Args={}
2025-10-04 14:06:48,571 : INFO : EventManager : Event: ======'mode_base_stopped'====== Args={}
2025-10-04 14:06:48,571 : INFO : EventManager : Event: ======'clear'====== Args={'key': 'base'}
2025-10-04 14:06:48,641 : INFO : EventManager : Event: ======'ball_ended'====== Args={}
2025-10-04 14:06:48,642 : INFO : EventManager : Event: ======'slide_base.slide_player-mode_base_started_removed'====== Args={'_from_bcp': True}
2025-10-04 14:06:48,642 : INFO : EventManager : Event: ======'slide_window_blank_active'====== Args={'_from_bcp': True}
2025-10-04 14:06:48,642 : INFO : EventManager : Event: ======'player_turn_will_end'====== Args={'player': <Player 1>, 'number': 1}
2025-10-04 14:06:48,647 : INFO : EventManager : Event: ======'player_turn_ending'====== Args={'player': <Player 1>, 'number': 1}
2025-10-04 14:06:48,648 : INFO : EventManager : Event: ======'player_turn_ended'====== Args={'player': <Player 1>, 'number': 1}
2025-10-04 14:06:48,649 : INFO : EventManager : Event: ======'player_turn_will_start'====== Args={'player': <Player 1>, 'number': 1}
2025-10-04 14:06:48,649 : INFO : EventManager : Event: ======'player_turn_starting'====== Args={'player': <Player 1>, 'number': 1}
2025-10-04 14:06:48,650 : INFO : EventManager : Event: ======'player_ball'====== Args={'value': 2, 'prev_value': 1, 'change': 1, 'player_num': 1}
2025-10-04 14:06:48,650 : INFO : EventManager : Event: ======'player_turn_started'====== Args={'player': <Player 1>, 'number': 1}
2025-10-04 14:06:48,651 : INFO : EventManager : Event: ======'ball_will_start'====== Args={'player': 1, 'ball': 2, 'balls_remaining': 1, 'is_extra_ball': False}
2025-10-04 14:06:48,658 : INFO : EventManager : Event: ======'ball_starting'====== Args={'player': 1, 'ball': 2, 'balls_remaining': 1, 'is_extra_ball': False}
2025-10-04 14:06:48,658 : INFO : EventManager : Event: ======'balls_in_play'====== Args={'balls': 1}
2025-10-04 14:06:48,658 : INFO : EventManager : Event: ======'ball_started'====== Args={'player': 1, 'ball': 2, 'balls_remaining': 1, 'is_extra_ball': False}
2025-10-04 14:06:48,659 : INFO : EventManager : Event: ======'mode_base_will_start'====== Args={'player': 1, 'ball': 2, 'balls_remaining': 1, 'is_extra_ball': False}
2025-10-04 14:06:48,660 : INFO : EventManager : Event: ======'mode_base_starting'====== Args={'player': 1, 'ball': 2, 'balls_remaining': 1, 'is_extra_ball': False}
2025-10-04 14:06:48,661 : INFO : Mode.base : Started. Priority: 100
2025-10-04 14:06:48,661 : INFO : EventManager : Event: ======'modes_active_modes_changed'====== Args={}
2025-10-04 14:06:48,661 : INFO : EventManager : Event: ======'mode_base_started'====== Args={'player': 1, 'ball': 2, 'balls_remaining': 1, 'is_extra_ball': False}
2025-10-04 14:06:48,662 : INFO : EventManager : Event: ======'single_player_ball_started'====== Args={}
2025-10-04 14:06:48,711 : INFO : EventManager : Event: ======'ball_start_target'====== Args={'target': 'playfield'}
2025-10-04 14:06:48,711 : INFO : EventManager : Event: ======'slide_base.slide_player-mode_base_started_created'====== Args={'_from_bcp': True}
2025-10-04 14:06:48,712 : INFO : EventManager : Event: ======'slide_base.slide_player-mode_base_started_active'====== Args={'_from_bcp': True}
2025-10-04 14:06:48,712 : INFO : ball_device.bd_plunger : Setting up player-controlled eject. Balls: 1, Target: <playfield.playfield>, player_controlled_eject_event: None
2025-10-04 14:06:48,712 : INFO : EventManager : Event: ======'balldevice_balls_available'====== Args={}
2025-10-04 14:06:48,713 : INFO : ball_device.bd_trough : State: waiting_for_target_ready
2025-10-04 14:06:48,713 : INFO : EventManager : Event: ======'balldevice_bd_trough_ball_eject_attempt'====== Args={'balls': 1, 'target': <ball_device.bd_plunger>, 'source': <ball_device.bd_trough>, 'mechanical_eject': True, 'num_attempts': 0}
2025-10-04 14:06:48,713 : INFO : ball_device.bd_plunger : State: waiting_for_ball
2025-10-04 14:06:48,714 : INFO : ball_device.bd_trough : State: ejecting
2025-10-04 14:06:48,714 : INFO : ball_device.bd_trough : Ejecting ball to <ball_device.bd_plunger>
2025-10-04 14:06:48,714 : INFO : EventManager : Event: ======'balldevice_bd_trough_ejecting_ball'====== Args={'balls': 1, 'target': <ball_device.bd_plunger>, 'source': <ball_device.bd_trough>, 'mechanical_eject': True, 'num_attempts': 0}
2025-10-04 14:06:48,715 : INFO : ball_device.bd_trough : Wait for ball to leave device
2025-10-04 14:06:48,716 : INFO : coil.c_trough_eject : Pulsing Driver for 20ms (1.0 pulse_power)
2025-10-04 14:06:48,716 : INFO : SwitchController : <<<<<<< 's_trough1' inactive >>>>>>>
2025-10-04 14:06:48,722 : INFO : ball_device.bd_trough : State: ball_left
2025-10-04 14:06:48,722 : INFO : ball_device.bd_trough : Ball left
2025-10-04 14:06:48,722 : INFO : ball_device.bd_trough : Wait for confirm with timeout 3.0
2025-10-04 14:06:48,808 : INFO : SwitchController : <<<<<<< 's_plunger' active >>>>>>>
2025-10-04 14:06:48,808 : INFO : EventManager : Event: ======'machine_var_audits_switches_s_plunger'====== Args={'value': 169, 'prev_value': 168, 'change': 1}
2025-10-04 14:06:49,302 : INFO : ball_device.bd_plunger : Received ball from <ball_device.bd_trough>
2025-10-04 14:06:49,302 : INFO : EventManager : Event: ======'balldevice_bd_plunger_ball_enter'====== Args={'new_balls': 1, 'unclaimed_balls': 0, 'new_available_balls': 0, 'device': <ball_device.bd_plunger>}
2025-10-04 14:06:49,304 : INFO : EventManager : Event: ======'balldevice_bd_plunger_ball_entered'====== Args={'new_balls': 0, 'device': <ball_device.bd_plunger>}
2025-10-04 14:06:49,306 : INFO : EventManager : Event: ======'balldevice_bd_plunger_ball_count_changed'====== Args={'balls': 1}
2025-10-04 14:06:49,306 : INFO : ball_device.bd_trough : Got eject confirm
2025-10-04 14:06:49,307 : INFO : ball_device.bd_trough : Eject successful
2025-10-04 14:06:49,307 : INFO : EventManager : Event: ======'balldevice_bd_trough_ball_eject_success'====== Args={'balls': 1, 'target': <ball_device.bd_plunger>}
2025-10-04 14:06:49,309 : INFO : EventManager : Event: ======'balldevice_bd_trough_ball_count_changed'====== Args={'balls': 5}
2025-10-04 14:06:49,309 : INFO : ball_device.bd_trough : State: idle
2025-10-04 14:06:49,311 : INFO : ball_device.bd_plunger : State: waiting_for_target_ready
2025-10-04 14:06:49,311 : INFO : EventManager : Event: ======'balldevice_bd_plunger_ball_eject_attempt'====== Args={'balls': 1, 'target': <playfield.playfield>, 'source': <ball_device.bd_plunger>, 'mechanical_eject': True, 'num_attempts': 0}
2025-10-04 14:06:49,313 : INFO : ball_device.bd_plunger : State: ejecting
2025-10-04 14:06:49,314 : INFO : ball_device.bd_plunger : Ejecting ball to <playfield.playfield>
2025-10-04 14:06:49,314 : INFO : EventManager : Event: ======'balldevice_bd_plunger_ejecting_ball'====== Args={'balls': 1, 'target': <playfield.playfield>, 'source': <ball_device.bd_plunger>, 'mechanical_eject': True, 'num_attempts': 0}
2025-10-04 14:06:49,318 : INFO : ball_device.bd_plunger : Wait for ball to leave device
2025-10-04 14:06:50,929 : INFO : Machine : Shutting down...
2025-10-04 14:06:50,929 : INFO : EventManager : Event: ======'shutdown'====== Args={}
2025-10-04 14:06:50,931 : INFO : EventManager : Event: ======'mode_game_will_stop'====== Args={}
2025-10-04 14:06:50,931 : INFO : EventManager : Event: ======'mode_game_stopping'====== Args={}
2025-10-04 14:06:50,931 : INFO : EventManager : Event: ======'mode_base_will_stop'====== Args={}
2025-10-04 14:06:50,932 : INFO : EventManager : Event: ======'mode_base_stopping'====== Args={}
2025-10-04 14:06:50,932 : INFO : Mode.base : Stopped.
2025-10-04 14:06:50,932 : INFO : EventManager : Event: ======'modes_active_modes_changed'====== Args={}
2025-10-04 14:06:50,932 : INFO : EventManager : Event: ======'mode_base_stopped'====== Args={}
2025-10-04 14:06:50,932 : INFO : EventManager : Event: ======'clear'====== Args={'key': 'base'}
2025-10-04 14:06:50,933 : INFO : Mode.game : Stopped.
2025-10-04 14:06:50,933 : INFO : EventManager : Event: ======'modes_active_modes_changed'====== Args={}
2025-10-04 14:06:50,933 : INFO : EventManager : Event: ======'mode_game_stopped'====== Args={}
2025-10-04 14:06:50,933 : INFO : EventManager : Event: ======'clear'====== Args={'key': 'game'}
2025-10-04 14:06:50,937 : INFO : root : MPF run loop ended.
