2025-10-08 18:53:59,150 : INFO : root : Loading config.
2025-10-08 18:53:59,155 : INFO : YamlMultifileConfigLoader : Machine config file #1: config.yaml
2025-10-08 18:53:59,155 : INFO : ConfigProcessor : Loading config from cache: C:\Users\richa\AppData\Local\Temp\f7776651e259183bd84a8c8d686bf868.mpf_cache
2025-10-08 18:53:59,236 : INFO : ConfigProcessor : Loading config from cache: C:\Users\richa\AppData\Local\Temp\70233839fc0b792ce11a62f3c18c1950.mpf_cache
2025-10-08 18:53:59,237 : INFO : ConfigProcessor : Loading config from cache: C:\Users\richa\AppData\Local\Temp\9c8dea79ca4d15ee886340e992e8cb9d.mpf_cache
2025-10-08 18:53:59,238 : WARNING : ConfigProcessor : Config file in cache changed: C:\Users\richa\ttp7\modes\base\config\base.yaml
2025-10-08 18:53:59,238 : INFO : ConfigProcessor : Loading config from file C:\Users\richa\ttp7\modes\base\config\base.yaml.
2025-10-08 18:53:59,251 : INFO : ConfigProcessor : Loading config: C:\Users\richa\ttp7\modes\base\config\base.yaml
2025-10-08 18:53:59,251 : INFO : ConfigProcessor : Config file cache created: C:\Users\richa\AppData\Local\Temp\67a19b095f918111543419ac0271bfb1.mpf_cache
2025-10-08 18:53:59,252 : INFO : ConfigProcessor : Loading config from cache: C:\Users\richa\AppData\Local\Temp\be387b0e8ed00556ec738d83cd6947d1.mpf_cache
2025-10-08 18:53:59,253 : INFO : ConfigProcessor : Loading config from cache: C:\Users\richa\AppData\Local\Temp\b710dc01437f1dfd05f3b5275f67493b.mpf_cache
2025-10-08 18:53:59,254 : INFO : ConfigProcessor : Loading config from cache: C:\Users\richa\AppData\Local\Temp\0a23590f4081187a3ecee75c7657616e.mpf_cache
2025-10-08 18:53:59,255 : INFO : ConfigProcessor : Loading config from cache: C:\Users\richa\AppData\Local\Temp\374a5edaf0766cb9005f368df852c09d.mpf_cache
2025-10-08 18:53:59,255 : INFO : Machine : Mission Pinball Framework Core Engine v0.57.0.dev39
2025-10-08 18:53:59,256 : INFO : Machine : Command line arguments: {'no_load_cache': False, 'create_config_cache': True, 'bcp': True, 'configfile': ['config.yaml'], 'force_assets_load': False, 'jsonlogging': False, 'logfile': 'logs\\2025-10-08-18-53-59-mpf-DESKTOP-RK7BE5M.log', 'pause': False, 'production': False, 'text_ui': True, 'loglevel': 15, 'consoleloglevel': 20, 'force_platform': None, 'syslog_address': None, 'mc_file_name': None, 'no_sound': False}
2025-10-08 18:53:59,256 : INFO : Machine : MPF path: C:\Users\richa\mpfvirtual4\lib\site-packages\mpf
2025-10-08 18:53:59,256 : INFO : Machine : Machine path: C:\Users\richa\ttp7
2025-10-08 18:53:59,256 : INFO : Machine : Platform: win32
2025-10-08 18:53:59,256 : INFO : Machine : Python executable location: C:\Users\richa\mpfvirtual4\Scripts\python.exe
2025-10-08 18:53:59,256 : INFO : Machine : Python version: 3.9.13 (64-bit)
2025-10-08 18:53:59,258 : INFO : Machine : Initializing MPF...
2025-10-08 18:53:59,597 : INFO : EventManager : Event: ======'machine_var_credits_string'====== Args={'value': 'FREE PLAY', 'prev_value': None, 'change': True}
2025-10-08 18:53:59,651 : INFO : EventManager : Event: ======'machine_var_master_volume'====== Args={'value': 0.5, 'prev_value': None, 'change': True}
2025-10-08 18:53:59,651 : INFO : EventManager : Event: ======'machine_var_player1_score'====== Args={'value': 2008600, 'prev_value': None, 'change': True}
2025-10-08 18:53:59,651 : INFO : EventManager : Event: ======'machine_var_mpf_version'====== Args={'value': 'Mission Pinball Framework v0.57.0.dev39', 'prev_value': None, 'change': True}
2025-10-08 18:53:59,651 : INFO : EventManager : Event: ======'machine_var_mpf_extended_version'====== Args={'value': 'Mission Pinball Framework v0.57.0.dev39, Config version:6, Show version: 6, BCP version:1.1', 'prev_value': None, 'change': True}
2025-10-08 18:53:59,651 : INFO : EventManager : Event: ======'machine_var_python_version'====== Args={'value': '3.9.13', 'prev_value': None, 'change': True}
2025-10-08 18:53:59,660 : INFO : EventManager : Event: ======'machine_var_platform'====== Args={'value': 'Windows-10-10.0.19045-SP0', 'prev_value': None, 'change': True}
2025-10-08 18:53:59,660 : INFO : EventManager : Event: ======'machine_var_platform_system'====== Args={'value': 'Windows', 'prev_value': None, 'change': True}
2025-10-08 18:53:59,660 : INFO : EventManager : Event: ======'machine_var_platform_release'====== Args={'value': '10', 'prev_value': None, 'change': True}
2025-10-08 18:53:59,660 : INFO : EventManager : Event: ======'machine_var_platform_version'====== Args={'value': '10.0.19045', 'prev_value': None, 'change': True}
2025-10-08 18:53:59,660 : INFO : EventManager : Event: ======'machine_var_platform_machine'====== Args={'value': 'AMD64', 'prev_value': None, 'change': True}
2025-10-08 18:53:59,661 : INFO : EventManager : Event: ======'init_phase_1'====== Args={}
2025-10-08 18:53:59,700 : INFO : EventManager : Event: ======'init_phase_2'====== Args={}
2025-10-08 18:53:59,701 : INFO : SwitchController : Found active switch: ('2', <Platform.SmartVirtual>) <switch.s_trough1>
2025-10-08 18:53:59,701 : INFO : SwitchController : Found active switch: ('3', <Platform.SmartVirtual>) <switch.s_trough2>
2025-10-08 18:53:59,701 : INFO : SwitchController : Found active switch: ('4', <Platform.SmartVirtual>) <switch.s_trough3>
2025-10-08 18:53:59,701 : INFO : SwitchController : Found active switch: ('5', <Platform.SmartVirtual>) <switch.s_trough4>
2025-10-08 18:53:59,701 : INFO : SwitchController : Found active switch: ('6', <Platform.SmartVirtual>) <switch.s_trough5>
2025-10-08 18:53:59,701 : INFO : SwitchController : Found active switch: ('7', <Platform.SmartVirtual>) <switch.s_trough6>
2025-10-08 18:53:59,705 : INFO : EventManager : Event: ======'bcp_connection_attempt'====== Args={'name': 'local_display', 'host': 'localhost', 'port': 5050}
2025-10-08 18:53:59,707 : INFO : BCPClientSocket : Connecting BCP to 'local_display' at localhost:5050...
2025-10-08 18:54:01,733 : INFO : BCPClientSocket : Connected BCP to 'local_display' localhost:5050
2025-10-08 18:54:01,735 : INFO : EventManager : Event: ======'bcp_clients_connected'====== Args={}
2025-10-08 18:54:02,113 : INFO : EventManager : Event: ======'machine_var_mc_version'====== Args={'value': 'MPF-MC v0.57.0.dev10', 'prev_value': None, 'change': True}
2025-10-08 18:54:02,113 : INFO : EventManager : Event: ======'machine_var_mc_extended_version'====== Args={'value': 'MPF-MC v0.57.0.dev10 (config_version=6, BCP v1.1,                      Requires MPF API compatibility v0.57.0.dev19 or newer)', 'prev_value': None, 'change': True}
2025-10-08 18:54:02,115 : INFO : ball_device.bd_trough : BCH: Initial count: 6
2025-10-08 18:54:02,185 : INFO : ball_device.bd_trough : State: idle
2025-10-08 18:54:02,185 : INFO : ball_device.bd_plunger : BCH: Initial count: 0
2025-10-08 18:54:02,185 : INFO : ball_device.bd_plunger : State: idle
2025-10-08 18:54:02,186 : INFO : ball_device.bd_left_scoop : BCH: Initial count: 0
2025-10-08 18:54:02,186 : INFO : ball_device.bd_left_scoop : State: idle
2025-10-08 18:54:02,186 : INFO : ball_device.bd_right_scoop : BCH: Initial count: 0
2025-10-08 18:54:02,186 : INFO : ball_device.bd_right_scoop : State: idle
2025-10-08 18:54:02,206 : INFO : EventManager : Event: ======'init_phase_3'====== Args={}
2025-10-08 18:54:02,211 : INFO : EventManager : Event: ======'init_phase_4'====== Args={}
2025-10-08 18:54:02,212 : INFO : BallController : Initial balls found: 6
2025-10-08 18:54:02,213 : INFO : EventManager : Event: ======'machine_var_audits_events_game_ended'====== Args={'value': 43, 'prev_value': None, 'change': True}
2025-10-08 18:54:02,214 : INFO : EventManager : Event: ======'machine_var_audits_events_game_started'====== Args={'value': 162, 'prev_value': None, 'change': True}
2025-10-08 18:54:02,214 : INFO : EventManager : Event: ======'machine_var_audits_missing_switches_s_A'====== Args={'value': 67, 'prev_value': None, 'change': True}
2025-10-08 18:54:02,214 : INFO : EventManager : Event: ======'machine_var_audits_missing_switches_s_E'====== Args={'value': 90, 'prev_value': None, 'change': True}
2025-10-08 18:54:02,214 : INFO : EventManager : Event: ======'machine_var_audits_missing_switches_s_Eb'====== Args={'value': 67, 'prev_value': None, 'change': True}
2025-10-08 18:54:02,214 : INFO : EventManager : Event: ======'machine_var_audits_missing_switches_s_I'====== Args={'value': 90, 'prev_value': None, 'change': True}
2025-10-08 18:54:02,214 : INFO : EventManager : Event: ======'machine_var_audits_missing_switches_s_L'====== Args={'value': 67, 'prev_value': None, 'change': True}
2025-10-08 18:54:02,214 : INFO : EventManager : Event: ======'machine_var_audits_missing_switches_s_M'====== Args={'value': 90, 'prev_value': None, 'change': True}
2025-10-08 18:54:02,214 : INFO : EventManager : Event: ======'machine_var_audits_missing_switches_s_R'====== Args={'value': 67, 'prev_value': None, 'change': True}
2025-10-08 18:54:02,215 : INFO : EventManager : Event: ======'machine_var_audits_missing_switches_s_T'====== Args={'value': 90, 'prev_value': None, 'change': True}
2025-10-08 18:54:02,215 : INFO : EventManager : Event: ======'machine_var_audits_missing_switches_s_Tb'====== Args={'value': 67, 'prev_value': None, 'change': True}
2025-10-08 18:54:02,215 : INFO : EventManager : Event: ======'machine_var_audits_missing_switches_s_V'====== Args={'value': 67, 'prev_value': None, 'change': True}
2025-10-08 18:54:02,215 : INFO : EventManager : Event: ======'machine_var_audits_missing_switches_s_bumper1'====== Args={'value': 5, 'prev_value': None, 'change': True}
2025-10-08 18:54:02,215 : INFO : EventManager : Event: ======'machine_var_audits_missing_switches_s_bumper2'====== Args={'value': 5, 'prev_value': None, 'change': True}
2025-10-08 18:54:02,215 : INFO : EventManager : Event: ======'machine_var_audits_missing_switches_s_bumper_1'====== Args={'value': 28, 'prev_value': None, 'change': True}
2025-10-08 18:54:02,215 : INFO : EventManager : Event: ======'machine_var_audits_missing_switches_s_bumper_2'====== Args={'value': 28, 'prev_value': None, 'change': True}
2025-10-08 18:54:02,216 : INFO : EventManager : Event: ======'machine_var_audits_missing_switches_s_center_center_target'====== Args={'value': 26, 'prev_value': None, 'change': True}
2025-10-08 18:54:02,216 : INFO : EventManager : Event: ======'machine_var_audits_missing_switches_s_launcher_lane_spinner'====== Args={'value': 88, 'prev_value': None, 'change': True}
2025-10-08 18:54:02,216 : INFO : EventManager : Event: ======'machine_var_audits_missing_switches_s_left_center_target'====== Args={'value': 26, 'prev_value': None, 'change': True}
2025-10-08 18:54:02,216 : INFO : EventManager : Event: ======'machine_var_audits_missing_switches_s_left_corridor_spinner'====== Args={'value': 88, 'prev_value': None, 'change': True}
2025-10-08 18:54:02,216 : INFO : EventManager : Event: ======'machine_var_audits_missing_switches_s_left_corridor_spinner2'====== Args={'value': 88, 'prev_value': None, 'change': True}
2025-10-08 18:54:02,216 : INFO : EventManager : Event: ======'machine_var_audits_missing_switches_s_left_flipper'====== Args={'value': 11, 'prev_value': None, 'change': True}
2025-10-08 18:54:02,216 : INFO : EventManager : Event: ======'machine_var_audits_missing_switches_s_left_inlane'====== Args={'value': 115, 'prev_value': None, 'change': True}
2025-10-08 18:54:02,217 : INFO : EventManager : Event: ======'machine_var_audits_missing_switches_s_left_outlane'====== Args={'value': 125, 'prev_value': None, 'change': True}
2025-10-08 18:54:02,217 : INFO : EventManager : Event: ======'machine_var_audits_missing_switches_s_left_scoop'====== Args={'value': 4, 'prev_value': None, 'change': True}
2025-10-08 18:54:02,217 : INFO : EventManager : Event: ======'machine_var_audits_missing_switches_s_left_standup'====== Args={'value': 87, 'prev_value': None, 'change': True}
2025-10-08 18:54:02,217 : INFO : EventManager : Event: ======'machine_var_audits_missing_switches_s_right_center_target'====== Args={'value': 26, 'prev_value': None, 'change': True}
2025-10-08 18:54:02,217 : INFO : EventManager : Event: ======'machine_var_audits_missing_switches_s_right_corridor_spinner'====== Args={'value': 88, 'prev_value': None, 'change': True}
2025-10-08 18:54:02,217 : INFO : EventManager : Event: ======'machine_var_audits_missing_switches_s_right_flipper'====== Args={'value': 11, 'prev_value': None, 'change': True}
2025-10-08 18:54:02,217 : INFO : EventManager : Event: ======'machine_var_audits_missing_switches_s_right_inlane'====== Args={'value': 27, 'prev_value': None, 'change': True}
2025-10-08 18:54:02,218 : INFO : EventManager : Event: ======'machine_var_audits_missing_switches_s_right_outlane'====== Args={'value': 125, 'prev_value': None, 'change': True}
2025-10-08 18:54:02,218 : INFO : EventManager : Event: ======'machine_var_audits_missing_switches_s_right_standup'====== Args={'value': 87, 'prev_value': None, 'change': True}
2025-10-08 18:54:02,218 : INFO : EventManager : Event: ======'machine_var_audits_missing_switches_s_sling_left'====== Args={'value': 115, 'prev_value': None, 'change': True}
2025-10-08 18:54:02,218 : INFO : EventManager : Event: ======'machine_var_audits_missing_switches_s_sling_right'====== Args={'value': 11, 'prev_value': None, 'change': True}
2025-10-08 18:54:02,218 : INFO : EventManager : Event: ======'machine_var_audits_missing_switches_s_standup_3'====== Args={'value': 5, 'prev_value': None, 'change': True}
2025-10-08 18:54:02,218 : INFO : EventManager : Event: ======'machine_var_audits_missing_switches_s_standup_5'====== Args={'value': 6, 'prev_value': None, 'change': True}
2025-10-08 18:54:02,219 : INFO : EventManager : Event: ======'machine_var_audits_missing_switches_s_standup_6'====== Args={'value': 3, 'prev_value': None, 'change': True}
2025-10-08 18:54:02,219 : INFO : EventManager : Event: ======'machine_var_audits_missing_switches_s_start'====== Args={'value': 10, 'prev_value': None, 'change': True}
2025-10-08 18:54:02,219 : INFO : EventManager : Event: ======'machine_var_audits_missing_switches_s_top_left_standup'====== Args={'value': 87, 'prev_value': None, 'change': True}
2025-10-08 18:54:02,220 : INFO : EventManager : Event: ======'machine_var_audits_missing_switches_s_top_left_standup2'====== Args={'value': 28, 'prev_value': None, 'change': True}
2025-10-08 18:54:02,220 : INFO : EventManager : Event: ======'machine_var_audits_missing_switches_s_trough2'====== Args={'value': 162, 'prev_value': None, 'change': True}
2025-10-08 18:54:02,220 : INFO : EventManager : Event: ======'machine_var_audits_missing_switches_s_trough3'====== Args={'value': 162, 'prev_value': None, 'change': True}
2025-10-08 18:54:02,220 : INFO : EventManager : Event: ======'machine_var_audits_missing_switches_s_trough4'====== Args={'value': 162, 'prev_value': None, 'change': True}
2025-10-08 18:54:02,220 : INFO : EventManager : Event: ======'machine_var_audits_missing_switches_s_trough5'====== Args={'value': 162, 'prev_value': None, 'change': True}
2025-10-08 18:54:02,221 : INFO : EventManager : Event: ======'machine_var_audits_missing_switches_s_trough6'====== Args={'value': 162, 'prev_value': None, 'change': True}
2025-10-08 18:54:02,221 : INFO : EventManager : Event: ======'machine_var_audits_missing_switches_s_trough_jam'====== Args={'value': 162, 'prev_value': None, 'change': True}
2025-10-08 18:54:02,221 : INFO : EventManager : Event: ======'machine_var_audits_player_score'====== Args={'value': {'average': 127897, 'top': [2008600, 1234200, 1027900, 606200, 211200, 205900, 34750, 28284, 28200, 25272], 'total': 45}, 'prev_value': None, 'change': True}
2025-10-08 18:54:02,221 : INFO : EventManager : Event: ======'machine_var_audits_shots_bumper1_shot'====== Args={'value': 35, 'prev_value': None, 'change': True}
2025-10-08 18:54:02,221 : INFO : EventManager : Event: ======'machine_var_audits_shots_bumper2_shot'====== Args={'value': 24, 'prev_value': None, 'change': True}
2025-10-08 18:54:02,222 : INFO : EventManager : Event: ======'machine_var_audits_shots_center_rollover'====== Args={'value': 7, 'prev_value': None, 'change': True}
2025-10-08 18:54:02,222 : INFO : EventManager : Event: ======'machine_var_audits_shots_center_rollover_shot'====== Args={'value': 220, 'prev_value': None, 'change': True}
2025-10-08 18:54:02,222 : INFO : EventManager : Event: ======'machine_var_audits_shots_left_rollover'====== Args={'value': 6, 'prev_value': None, 'change': True}
2025-10-08 18:54:02,222 : INFO : EventManager : Event: ======'machine_var_audits_shots_left_rollover_shot'====== Args={'value': 164, 'prev_value': None, 'change': True}
2025-10-08 18:54:02,222 : INFO : EventManager : Event: ======'machine_var_audits_shots_left_scoop_shot'====== Args={'value': 28, 'prev_value': None, 'change': True}
2025-10-08 18:54:02,223 : INFO : EventManager : Event: ======'machine_var_audits_shots_middle_inlane_shot'====== Args={'value': 20, 'prev_value': None, 'change': True}
2025-10-08 18:54:02,223 : INFO : EventManager : Event: ======'machine_var_audits_shots_my_first_shot'====== Args={'value': 95, 'prev_value': None, 'change': True}
2025-10-08 18:54:02,223 : INFO : EventManager : Event: ======'machine_var_audits_shots_right_inlane_shot'====== Args={'value': 53, 'prev_value': None, 'change': True}
2025-10-08 18:54:02,223 : INFO : EventManager : Event: ======'machine_var_audits_shots_right_rollover'====== Args={'value': 7, 'prev_value': None, 'change': True}
2025-10-08 18:54:02,223 : INFO : EventManager : Event: ======'machine_var_audits_shots_right_rollover_shot'====== Args={'value': 223, 'prev_value': None, 'change': True}
2025-10-08 18:54:02,224 : INFO : EventManager : Event: ======'machine_var_audits_shots_right_scoop_shot'====== Args={'value': 30, 'prev_value': None, 'change': True}
2025-10-08 18:54:02,224 : INFO : EventManager : Event: ======'machine_var_audits_shots_standup_1_skill'====== Args={'value': 26, 'prev_value': None, 'change': True}
2025-10-08 18:54:02,224 : INFO : EventManager : Event: ======'machine_var_audits_shots_standup_2_skill'====== Args={'value': 7, 'prev_value': None, 'change': True}
2025-10-08 18:54:02,224 : INFO : EventManager : Event: ======'machine_var_audits_shots_standup_3_skill'====== Args={'value': 6, 'prev_value': None, 'change': True}
2025-10-08 18:54:02,225 : INFO : EventManager : Event: ======'machine_var_audits_shots_standup_4_skill'====== Args={'value': 7, 'prev_value': None, 'change': True}
2025-10-08 18:54:02,225 : INFO : EventManager : Event: ======'machine_var_audits_shots_standup_5_skill'====== Args={'value': 4, 'prev_value': None, 'change': True}
2025-10-08 18:54:02,225 : INFO : EventManager : Event: ======'machine_var_audits_shots_standup_6_skill'====== Args={'value': 2, 'prev_value': None, 'change': True}
2025-10-08 18:54:02,225 : INFO : EventManager : Event: ======'machine_var_audits_shots_top_middle_inlane_shot'====== Args={'value': 41, 'prev_value': None, 'change': True}
2025-10-08 18:54:02,226 : INFO : EventManager : Event: ======'machine_var_audits_switches_s_A'====== Args={'value': 0, 'prev_value': None, 'change': True}
2025-10-08 18:54:02,226 : INFO : EventManager : Event: ======'machine_var_audits_switches_s_E'====== Args={'value': 0, 'prev_value': None, 'change': True}
2025-10-08 18:54:02,227 : INFO : EventManager : Event: ======'machine_var_audits_switches_s_Eb'====== Args={'value': 0, 'prev_value': None, 'change': True}
2025-10-08 18:54:02,227 : INFO : EventManager : Event: ======'machine_var_audits_switches_s_I'====== Args={'value': 0, 'prev_value': None, 'change': True}
2025-10-08 18:54:02,227 : INFO : EventManager : Event: ======'machine_var_audits_switches_s_L'====== Args={'value': 0, 'prev_value': None, 'change': True}
2025-10-08 18:54:02,227 : INFO : EventManager : Event: ======'machine_var_audits_switches_s_M'====== Args={'value': 0, 'prev_value': None, 'change': True}
2025-10-08 18:54:02,228 : INFO : EventManager : Event: ======'machine_var_audits_switches_s_R'====== Args={'value': 0, 'prev_value': None, 'change': True}
2025-10-08 18:54:02,228 : INFO : EventManager : Event: ======'machine_var_audits_switches_s_T'====== Args={'value': 0, 'prev_value': None, 'change': True}
2025-10-08 18:54:02,228 : INFO : EventManager : Event: ======'machine_var_audits_switches_s_Tb'====== Args={'value': 0, 'prev_value': None, 'change': True}
2025-10-08 18:54:02,228 : INFO : EventManager : Event: ======'machine_var_audits_switches_s_V'====== Args={'value': 0, 'prev_value': None, 'change': True}
2025-10-08 18:54:02,229 : INFO : EventManager : Event: ======'machine_var_audits_switches_s_bumper1'====== Args={'value': 35, 'prev_value': None, 'change': True}
2025-10-08 18:54:02,229 : INFO : EventManager : Event: ======'machine_var_audits_switches_s_bumper2'====== Args={'value': 24, 'prev_value': None, 'change': True}
2025-10-08 18:54:02,229 : INFO : EventManager : Event: ======'machine_var_audits_switches_s_bumper_1'====== Args={'value': 0, 'prev_value': None, 'change': True}
2025-10-08 18:54:02,229 : INFO : EventManager : Event: ======'machine_var_audits_switches_s_bumper_2'====== Args={'value': 0, 'prev_value': None, 'change': True}
2025-10-08 18:54:02,230 : INFO : EventManager : Event: ======'machine_var_audits_switches_s_center_center_target'====== Args={'value': 1, 'prev_value': None, 'change': True}
2025-10-08 18:54:02,230 : INFO : EventManager : Event: ======'machine_var_audits_switches_s_center_rollover'====== Args={'value': 229, 'prev_value': None, 'change': True}
2025-10-08 18:54:02,230 : INFO : EventManager : Event: ======'machine_var_audits_switches_s_launcher_lane_spinner'====== Args={'value': 0, 'prev_value': None, 'change': True}
2025-10-08 18:54:02,230 : INFO : EventManager : Event: ======'machine_var_audits_switches_s_left_center_target'====== Args={'value': 2, 'prev_value': None, 'change': True}
2025-10-08 18:54:02,231 : INFO : EventManager : Event: ======'machine_var_audits_switches_s_left_corridor_spinner'====== Args={'value': 0, 'prev_value': None, 'change': True}
2025-10-08 18:54:02,231 : INFO : EventManager : Event: ======'machine_var_audits_switches_s_left_corridor_spinner2'====== Args={'value': 0, 'prev_value': None, 'change': True}
2025-10-08 18:54:02,231 : INFO : EventManager : Event: ======'machine_var_audits_switches_s_left_flipper'====== Args={'value': 330, 'prev_value': None, 'change': True}
2025-10-08 18:54:02,232 : INFO : EventManager : Event: ======'machine_var_audits_switches_s_left_inlane'====== Args={'value': 8, 'prev_value': None, 'change': True}
2025-10-08 18:54:02,232 : INFO : EventManager : Event: ======'machine_var_audits_switches_s_left_outlane'====== Args={'value': 3, 'prev_value': None, 'change': True}
2025-10-08 18:54:02,232 : INFO : EventManager : Event: ======'machine_var_audits_switches_s_left_rollover'====== Args={'value': 172, 'prev_value': None, 'change': True}
2025-10-08 18:54:02,232 : INFO : EventManager : Event: ======'machine_var_audits_switches_s_left_scoop'====== Args={'value': 210, 'prev_value': None, 'change': True}
2025-10-08 18:54:02,233 : INFO : EventManager : Event: ======'machine_var_audits_switches_s_left_standup'====== Args={'value': 0, 'prev_value': None, 'change': True}
2025-10-08 18:54:02,233 : INFO : EventManager : Event: ======'machine_var_audits_switches_s_middle_inlane'====== Args={'value': 20, 'prev_value': None, 'change': True}
2025-10-08 18:54:02,233 : INFO : EventManager : Event: ======'machine_var_audits_switches_s_plunger'====== Args={'value': 309, 'prev_value': None, 'change': True}
2025-10-08 18:54:02,234 : INFO : EventManager : Event: ======'machine_var_audits_switches_s_right_center_target'====== Args={'value': 1, 'prev_value': None, 'change': True}
2025-10-08 18:54:02,234 : INFO : EventManager : Event: ======'machine_var_audits_switches_s_right_corridor_spinner'====== Args={'value': 0, 'prev_value': None, 'change': True}
2025-10-08 18:54:02,234 : INFO : EventManager : Event: ======'machine_var_audits_switches_s_right_flipper'====== Args={'value': 146, 'prev_value': None, 'change': True}
2025-10-08 18:54:02,234 : INFO : EventManager : Event: ======'machine_var_audits_switches_s_right_inlane'====== Args={'value': 180, 'prev_value': None, 'change': True}
2025-10-08 18:54:02,235 : INFO : EventManager : Event: ======'machine_var_audits_switches_s_right_outlane'====== Args={'value': 3, 'prev_value': None, 'change': True}
2025-10-08 18:54:02,235 : INFO : EventManager : Event: ======'machine_var_audits_switches_s_right_rollover'====== Args={'value': 232, 'prev_value': None, 'change': True}
2025-10-08 18:54:02,235 : INFO : EventManager : Event: ======'machine_var_audits_switches_s_right_scoop'====== Args={'value': 47, 'prev_value': None, 'change': True}
2025-10-08 18:54:02,236 : INFO : EventManager : Event: ======'machine_var_audits_switches_s_right_standup'====== Args={'value': 0, 'prev_value': None, 'change': True}
2025-10-08 18:54:02,236 : INFO : EventManager : Event: ======'machine_var_audits_switches_s_sling_left'====== Args={'value': 3, 'prev_value': None, 'change': True}
2025-10-08 18:54:02,236 : INFO : EventManager : Event: ======'machine_var_audits_switches_s_sling_right'====== Args={'value': 8, 'prev_value': None, 'change': True}
2025-10-08 18:54:02,236 : INFO : EventManager : Event: ======'machine_var_audits_switches_s_standup_1'====== Args={'value': 55, 'prev_value': None, 'change': True}
2025-10-08 18:54:02,237 : INFO : EventManager : Event: ======'machine_var_audits_switches_s_standup_2'====== Args={'value': 19, 'prev_value': None, 'change': True}
2025-10-08 18:54:02,238 : INFO : EventManager : Event: ======'machine_var_audits_switches_s_standup_3'====== Args={'value': 23, 'prev_value': None, 'change': True}
2025-10-08 18:54:02,238 : INFO : EventManager : Event: ======'machine_var_audits_switches_s_standup_4'====== Args={'value': 17, 'prev_value': None, 'change': True}
2025-10-08 18:54:02,238 : INFO : EventManager : Event: ======'machine_var_audits_switches_s_standup_5'====== Args={'value': 18, 'prev_value': None, 'change': True}
2025-10-08 18:54:02,239 : INFO : EventManager : Event: ======'machine_var_audits_switches_s_standup_6'====== Args={'value': 8, 'prev_value': None, 'change': True}
2025-10-08 18:54:02,239 : INFO : EventManager : Event: ======'machine_var_audits_switches_s_start'====== Args={'value': 15, 'prev_value': None, 'change': True}
2025-10-08 18:54:02,239 : INFO : EventManager : Event: ======'machine_var_audits_switches_s_top_left_standup'====== Args={'value': 0, 'prev_value': None, 'change': True}
2025-10-08 18:54:02,239 : INFO : EventManager : Event: ======'machine_var_audits_switches_s_top_left_standup2'====== Args={'value': 15, 'prev_value': None, 'change': True}
2025-10-08 18:54:02,240 : INFO : EventManager : Event: ======'machine_var_audits_switches_s_top_middle_inlane'====== Args={'value': 41, 'prev_value': None, 'change': True}
2025-10-08 18:54:02,240 : INFO : EventManager : Event: ======'machine_var_audits_switches_s_trough1'====== Args={'value': 207, 'prev_value': None, 'change': True}
2025-10-08 18:54:02,240 : INFO : EventManager : Event: ======'machine_var_audits_switches_s_trough2'====== Args={'value': 0, 'prev_value': None, 'change': True}
2025-10-08 18:54:02,241 : INFO : EventManager : Event: ======'machine_var_audits_switches_s_trough3'====== Args={'value': 0, 'prev_value': None, 'change': True}
2025-10-08 18:54:02,241 : INFO : EventManager : Event: ======'machine_var_audits_switches_s_trough4'====== Args={'value': 0, 'prev_value': None, 'change': True}
2025-10-08 18:54:02,241 : INFO : EventManager : Event: ======'machine_var_audits_switches_s_trough5'====== Args={'value': 0, 'prev_value': None, 'change': True}
2025-10-08 18:54:02,242 : INFO : EventManager : Event: ======'machine_var_audits_switches_s_trough6'====== Args={'value': 0, 'prev_value': None, 'change': True}
2025-10-08 18:54:02,242 : INFO : EventManager : Event: ======'machine_var_audits_switches_s_trough_jam'====== Args={'value': 0, 'prev_value': None, 'change': True}
2025-10-08 18:54:02,243 : INFO : EventManager : Event: ======'init_phase_5'====== Args={}
2025-10-08 18:54:02,287 : INFO : EventManager : Event: ======'init_done'====== Args={}
2025-10-08 18:54:02,287 : INFO : EventManager : Event: ======'machine_reset_phase_1'====== Args={}
2025-10-08 18:54:02,294 : INFO : EventManager : Event: ======'machine_reset_phase_2'====== Args={}
2025-10-08 18:54:02,294 : INFO : EventManager : Event: ======'machine_reset_phase_3'====== Args={}
2025-10-08 18:54:02,295 : INFO : EventManager : Event: ======'reset_complete'====== Args={}
2025-10-08 18:54:02,295 : INFO : EventManager : Event: ======'mode_attract_will_start'====== Args={}
2025-10-08 18:54:02,295 : INFO : EventManager : Event: ======'mode_attract_starting'====== Args={}
2025-10-08 18:54:02,296 : INFO : Mode.attract : Started. Priority: 10
2025-10-08 18:54:02,296 : INFO : EventManager : Event: ======'modes_active_modes_changed'====== Args={}
2025-10-08 18:54:02,296 : INFO : EventManager : Event: ======'mode_attract_started'====== Args={}
2025-10-08 18:54:02,296 : INFO : EventManager : Event: ======'collecting_balls_complete'====== Args={}
2025-10-08 18:54:02,338 : INFO : EventManager : Event: ======'slide_awesome_slide_created'====== Args={'_from_bcp': True}
2025-10-08 18:54:02,338 : INFO : EventManager : Event: ======'slide_awesome_slide_active'====== Args={'_from_bcp': True}
2025-10-08 18:54:02,355 : INFO : BcpServer : New client connected.
2025-10-08 18:54:02,355 : INFO : Machine : Starting the main run loop.
2025-10-08 18:54:04,671 : INFO : SwitchController : <<<<<<< 's_start' active >>>>>>>
2025-10-08 18:54:04,758 : INFO : SwitchController : <<<<<<< 's_start' inactive >>>>>>>
2025-10-08 18:54:04,758 : INFO : EventManager : Event: ======'request_to_start_game'====== Args={}
2025-10-08 18:54:04,760 : INFO : EventManager : Event: ======'game_start'====== Args={'buttons': [], 'hold_time': 0.09299999999348074}
2025-10-08 18:54:04,760 : INFO : EventManager : Event: ======'mode_game_will_start'====== Args={'buttons': [], 'hold_time': 0.09299999999348074}
2025-10-08 18:54:04,761 : INFO : EventManager : Event: ======'mode_game_starting'====== Args={'buttons': [], 'hold_time': 0.09299999999348074}
2025-10-08 18:54:04,762 : INFO : EventManager : Event: ======'mode_attract_will_stop'====== Args={}
2025-10-08 18:54:04,762 : INFO : EventManager : Event: ======'mode_attract_stopping'====== Args={}
2025-10-08 18:54:04,762 : INFO : Mode.attract : Stopped.
2025-10-08 18:54:04,762 : INFO : EventManager : Event: ======'modes_active_modes_changed'====== Args={}
2025-10-08 18:54:04,763 : INFO : EventManager : Event: ======'mode_attract_stopped'====== Args={}
2025-10-08 18:54:04,763 : INFO : EventManager : Event: ======'clear'====== Args={'key': 'attract'}
2025-10-08 18:54:04,764 : INFO : Mode.game : Started. Priority: 20
2025-10-08 18:54:04,764 : INFO : EventManager : Event: ======'modes_active_modes_changed'====== Args={}
2025-10-08 18:54:04,764 : INFO : EventManager : Event: ======'mode_game_started'====== Args={'buttons': [], 'hold_time': 0.09299999999348074}
2025-10-08 18:54:04,782 : INFO : EventManager : Event: ======'game_will_start'====== Args={}
2025-10-08 18:54:04,784 : INFO : EventManager : Event: ======'game_starting'====== Args={'game': <Mode.game>}
2025-10-08 18:54:04,786 : INFO : EventManager : Unordered handler for class <Auditor> on event game_ended with priority 1. Handlers: [RegisteredHandler(callback=<bound method Auditor.disable of <Auditor>>, priority=1, kwargs={}, key=UUID('f7ff5d05-a8d5-4eb4-a316-08623c873b5f'), condition=None, blocking_facility=None), RegisteredHandler(callback=<bound method Auditor._save_audits of <Auditor>>, priority=1, kwargs={}, key=UUID('b9e98499-ddd5-4911-a1df-2ff3313169c3'), condition=None, blocking_facility=None)]. The order of those handlers is not defined and they will be executed in random order. This might lead to race conditions and potential bugs.
2025-10-08 18:54:04,786 : INFO : EventManager : Event: ======'player_add_request'====== Args={}
2025-10-08 18:54:04,787 : INFO : EventManager : Event: ======'player_will_add'====== Args={'number': 1}
2025-10-08 18:54:04,787 : INFO : EventManager : Event: ======'player_adding'====== Args={'player': <Player 1>, 'number': 1}
2025-10-08 18:54:04,788 : INFO : EventManager : Event: ======'player_added'====== Args={'player': <Player 1>, 'num': 1}
2025-10-08 18:54:04,788 : INFO : Mode.game : Player added successfully. Total players: 1
2025-10-08 18:54:04,789 : INFO : EventManager : Event: ======'player_index'====== Args={'value': 0, 'prev_value': 0, 'change': 0, 'player_num': 1}
2025-10-08 18:54:04,789 : INFO : EventManager : Event: ======'player_number'====== Args={'value': 1, 'prev_value': 1, 'change': 0, 'player_num': 1}
2025-10-08 18:54:04,789 : INFO : EventManager : Event: ======'player_score'====== Args={'value': 0, 'prev_value': 0, 'change': 0, 'player_num': 1}
2025-10-08 18:54:04,790 : INFO : EventManager : Event: ======'game_started'====== Args={}
2025-10-08 18:54:04,802 : INFO : EventManager : Event: ======'player_turn_will_start'====== Args={'player': <Player 1>, 'number': 1}
2025-10-08 18:54:04,810 : INFO : EventManager : Event: ======'slide_awesome_slide_removed'====== Args={'_from_bcp': True}
2025-10-08 18:54:04,811 : INFO : EventManager : Event: ======'slide_window_blank_active'====== Args={'_from_bcp': True}
2025-10-08 18:54:04,811 : INFO : EventManager : Event: ======'player_turn_starting'====== Args={'player': <Player 1>, 'number': 1}
2025-10-08 18:54:04,812 : INFO : EventManager : Event: ======'player_ball'====== Args={'value': 1, 'prev_value': 0, 'change': 1, 'player_num': 1}
2025-10-08 18:54:04,812 : INFO : EventManager : Event: ======'player_turn_started'====== Args={'player': <Player 1>, 'number': 1}
2025-10-08 18:54:04,813 : INFO : EventManager : Event: ======'ball_will_start'====== Args={'player': 1, 'ball': 1, 'balls_remaining': 2, 'is_extra_ball': False}
2025-10-08 18:54:04,817 : INFO : EventManager : Event: ======'ball_starting'====== Args={'player': 1, 'ball': 1, 'balls_remaining': 2, 'is_extra_ball': False}
2025-10-08 18:54:04,818 : INFO : EventManager : Event: ======'balls_in_play'====== Args={'balls': 1}
2025-10-08 18:54:04,818 : INFO : EventManager : Event: ======'ball_started'====== Args={'player': 1, 'ball': 1, 'balls_remaining': 2, 'is_extra_ball': False}
2025-10-08 18:54:04,818 : INFO : EventManager : Event: ======'mode_base_will_start'====== Args={'player': 1, 'ball': 1, 'balls_remaining': 2, 'is_extra_ball': False}
2025-10-08 18:54:04,819 : INFO : EventManager : Event: ======'player_shot_left_rollover_shot_enabled'====== Args={'value': True, 'prev_value': 0, 'change': 1, 'player_num': 1}
2025-10-08 18:54:04,820 : INFO : EventManager : Event: ======'player_shot_center_rollover_shot_enabled'====== Args={'value': True, 'prev_value': 0, 'change': 1, 'player_num': 1}
2025-10-08 18:54:04,820 : INFO : EventManager : Event: ======'player_shot_right_rollover_shot_enabled'====== Args={'value': True, 'prev_value': 0, 'change': 1, 'player_num': 1}
2025-10-08 18:54:04,820 : INFO : EventManager : Event: ======'player_shot_right_scoop_shot_enabled'====== Args={'value': True, 'prev_value': 0, 'change': 1, 'player_num': 1}
2025-10-08 18:54:04,821 : INFO : EventManager : Event: ======'player_shot_bumper1_shot_enabled'====== Args={'value': True, 'prev_value': 0, 'change': 1, 'player_num': 1}
2025-10-08 18:54:04,821 : INFO : EventManager : Event: ======'player_shot_bumper2_shot_enabled'====== Args={'value': True, 'prev_value': 0, 'change': 1, 'player_num': 1}
2025-10-08 18:54:04,822 : INFO : EventManager : Event: ======'player_shot_right_inlane_shot_enabled'====== Args={'value': True, 'prev_value': 0, 'change': 1, 'player_num': 1}
2025-10-08 18:54:04,822 : INFO : EventManager : Event: ======'rollover_lanes_complete'====== Args={'state': 'unlit'}
2025-10-08 18:54:04,822 : INFO : EventManager : Event: ======'rollover_lanes_unlit_complete'====== Args={}
2025-10-08 18:54:04,824 : INFO : EventManager : Event: ======'mode_base_starting'====== Args={'player': 1, 'ball': 1, 'balls_remaining': 2, 'is_extra_ball': False}
2025-10-08 18:54:04,825 : INFO : EventManager : Event: ======'logicblock_my_counter_updated'====== Args={'value': 0, 'enabled': True}
2025-10-08 18:54:04,825 : INFO : EventManager : Event: ======'logicblock_right_scoop_updated'====== Args={'value': [False, False, False], 'enabled': True}
2025-10-08 18:54:04,826 : INFO : EventManager : Event: ======'logicblock_my_counter_updated'====== Args={'value': 0, 'enabled': True}
2025-10-08 18:54:04,826 : INFO : EventManager : Event: ======'logicblock_right_scoop_updated'====== Args={'value': [False, False, False], 'enabled': True}
2025-10-08 18:54:04,826 : INFO : Mode.base : Started. Priority: 100
2025-10-08 18:54:04,826 : INFO : EventManager : Event: ======'modes_active_modes_changed'====== Args={}
2025-10-08 18:54:04,826 : INFO : EventManager : Event: ======'mode_base_started'====== Args={'player': 1, 'ball': 1, 'balls_remaining': 2, 'is_extra_ball': False}
2025-10-08 18:54:04,826 : INFO : EventManager : Event: ======'single_player_ball_started'====== Args={}
2025-10-08 18:54:04,827 : INFO : EventManager : Event: ======'ball_start_target'====== Args={'target': 'playfield'}
2025-10-08 18:54:04,858 : INFO : ball_device.bd_plunger : Setting up player-controlled eject. Balls: 1, Target: <playfield.playfield>, player_controlled_eject_event: None
2025-10-08 18:54:04,858 : INFO : EventManager : Event: ======'balldevice_balls_available'====== Args={}
2025-10-08 18:54:04,859 : INFO : EventManager : Event: ======'slide_base.slide_player-mode_base_started_created'====== Args={'_from_bcp': True}
2025-10-08 18:54:04,859 : INFO : EventManager : Event: ======'slide_base.slide_player-mode_base_started_active'====== Args={'_from_bcp': True}
2025-10-08 18:54:04,860 : INFO : ball_device.bd_trough : State: waiting_for_target_ready
2025-10-08 18:54:04,860 : INFO : EventManager : Event: ======'balldevice_bd_trough_ball_eject_attempt'====== Args={'balls': 1, 'target': <ball_device.bd_plunger>, 'source': <ball_device.bd_trough>, 'mechanical_eject': True, 'num_attempts': 0}
2025-10-08 18:54:04,861 : INFO : ball_device.bd_plunger : State: waiting_for_ball
2025-10-08 18:54:04,861 : INFO : ball_device.bd_trough : State: ejecting
2025-10-08 18:54:04,861 : INFO : ball_device.bd_trough : Ejecting ball to <ball_device.bd_plunger>
2025-10-08 18:54:04,861 : INFO : EventManager : Event: ======'balldevice_bd_trough_ejecting_ball'====== Args={'balls': 1, 'target': <ball_device.bd_plunger>, 'source': <ball_device.bd_trough>, 'mechanical_eject': True, 'num_attempts': 0}
2025-10-08 18:54:04,862 : INFO : ball_device.bd_trough : Wait for ball to leave device
2025-10-08 18:54:04,863 : INFO : coil.c_trough_eject : Pulsing Driver for 20ms (1.0 pulse_power)
2025-10-08 18:54:04,863 : INFO : SwitchController : <<<<<<< 's_trough1' inactive >>>>>>>
2025-10-08 18:54:04,868 : INFO : ball_device.bd_trough : State: ball_left
2025-10-08 18:54:04,868 : INFO : ball_device.bd_trough : Ball left
2025-10-08 18:54:04,868 : INFO : ball_device.bd_trough : Wait for confirm with timeout 3.0
2025-10-08 18:54:04,974 : INFO : SwitchController : <<<<<<< 's_plunger' active >>>>>>>
2025-10-08 18:54:04,974 : INFO : EventManager : Event: ======'machine_var_audits_switches_s_plunger'====== Args={'value': 310, 'prev_value': 309, 'change': 1}
2025-10-08 18:54:05,473 : INFO : ball_device.bd_plunger : Received ball from <ball_device.bd_trough>
2025-10-08 18:54:05,474 : INFO : EventManager : Event: ======'balldevice_bd_plunger_ball_enter'====== Args={'new_balls': 1, 'unclaimed_balls': 0, 'new_available_balls': 0, 'device': <ball_device.bd_plunger>}
2025-10-08 18:54:05,476 : INFO : EventManager : Event: ======'balldevice_bd_plunger_ball_entered'====== Args={'new_balls': 0, 'device': <ball_device.bd_plunger>}
2025-10-08 18:54:05,477 : INFO : EventManager : Event: ======'balldevice_bd_plunger_ball_count_changed'====== Args={'balls': 1}
2025-10-08 18:54:05,477 : INFO : ball_device.bd_trough : Got eject confirm
2025-10-08 18:54:05,478 : INFO : ball_device.bd_trough : Eject successful
2025-10-08 18:54:05,478 : INFO : EventManager : Event: ======'balldevice_bd_trough_ball_eject_success'====== Args={'balls': 1, 'target': <ball_device.bd_plunger>}
2025-10-08 18:54:05,479 : INFO : EventManager : Event: ======'balldevice_bd_trough_ball_count_changed'====== Args={'balls': 5}
2025-10-08 18:54:05,479 : INFO : ball_device.bd_trough : State: idle
2025-10-08 18:54:05,480 : INFO : ball_device.bd_plunger : State: waiting_for_target_ready
2025-10-08 18:54:05,481 : INFO : EventManager : Event: ======'balldevice_bd_plunger_ball_eject_attempt'====== Args={'balls': 1, 'target': <playfield.playfield>, 'source': <ball_device.bd_plunger>, 'mechanical_eject': True, 'num_attempts': 0}
2025-10-08 18:54:05,482 : INFO : ball_device.bd_plunger : State: ejecting
2025-10-08 18:54:05,483 : INFO : ball_device.bd_plunger : Ejecting ball to <playfield.playfield>
2025-10-08 18:54:05,483 : INFO : EventManager : Event: ======'balldevice_bd_plunger_ejecting_ball'====== Args={'balls': 1, 'target': <playfield.playfield>, 'source': <ball_device.bd_plunger>, 'mechanical_eject': True, 'num_attempts': 0}
2025-10-08 18:54:05,486 : INFO : ball_device.bd_plunger : Wait for ball to leave device
2025-10-08 18:54:06,620 : WARNING : SwitchController : Received duplicate switch state 1 for switch s_plunger from the platform interface. Log Code: Log-SwitchController-1 (https://missionpinball.org/logs)
2025-10-08 18:54:06,723 : INFO : SwitchController : <<<<<<< 's_plunger' inactive >>>>>>>
2025-10-08 18:54:06,740 : INFO : ball_device.bd_plunger : State: ball_left
2025-10-08 18:54:06,741 : INFO : ball_device.bd_plunger : Ball left
2025-10-08 18:54:06,741 : INFO : ball_device.bd_plunger : Wait for confirm with timeout 5.0
2025-10-08 18:54:11,168 : INFO : SwitchController : <<<<<<< 's_right_rollover' active >>>>>>>
2025-10-08 18:54:11,168 : INFO : EventManager : Event: ======'playfield_active'====== Args={}
2025-10-08 18:54:11,169 : INFO : EventManager : Event: ======'s_right_rollover_active'====== Args={}
2025-10-08 18:54:11,170 : INFO : EventManager : Event: ======'machine_var_audits_switches_s_right_rollover'====== Args={'value': 233, 'prev_value': 232, 'change': 1}
2025-10-08 18:54:11,175 : INFO : EventManager : Event: ======'player_shot_right_rollover_shot'====== Args={'value': 1, 'prev_value': 0, 'change': 1, 'player_num': 1}
2025-10-08 18:54:11,178 : INFO : EventManager : Event: ======'machine_var_audits_shots_right_rollover_shot'====== Args={'value': 224, 'prev_value': 223, 'change': 1}
2025-10-08 18:54:11,180 : INFO : EventManager : Event: ======'right_rollover_shot_hit'====== Args={'profile': 'default', 'state': 'unlit', 'advancing': True}
2025-10-08 18:54:11,180 : INFO : EventManager : Event: ======'right_rollover_shot_default_hit'====== Args={'profile': 'default', 'state': 'unlit', 'advancing': True}
2025-10-08 18:54:11,181 : INFO : EventManager : Event: ======'right_rollover_shot_default_unlit_hit'====== Args={'profile': 'default', 'state': 'unlit', 'advancing': True}
2025-10-08 18:54:11,182 : INFO : EventManager : Event: ======'right_rollover_shot_unlit_hit'====== Args={'profile': 'default', 'state': 'unlit', 'advancing': True}
2025-10-08 18:54:11,182 : INFO : EventManager : Event: ======'player_score'====== Args={'value': 300, 'prev_value': 0, 'change': 300, 'player_num': 1, 'source': 'base'}
2025-10-08 18:54:11,182 : INFO : EventManager : Event: ======'logicblock_right_scoop_updated'====== Args={'value': [False, False, True], 'enabled': True}
2025-10-08 18:54:11,182 : INFO : EventManager : Event: ======'logicblock_right_scoop_hit'====== Args={'step': 2}
2025-10-08 18:54:11,183 : INFO : EventManager : Event: ======'rollover_lanes_hit'====== Args={}
2025-10-08 18:54:11,183 : INFO : EventManager : Event: ======'rollover_lanes_unlit_hit'====== Args={}
2025-10-08 18:54:11,226 : INFO : ball_device.bd_plunger : Got eject confirm
2025-10-08 18:54:11,226 : INFO : ball_device.bd_plunger : Eject successful
2025-10-08 18:54:11,226 : INFO : EventManager : Event: ======'balldevice_bd_plunger_ball_eject_success'====== Args={'balls': 1, 'target': <playfield.playfield>}
2025-10-08 18:54:11,227 : INFO : EventManager : Event: ======'balldevice_playfield_ball_enter'====== Args={'new_balls': 1, 'unclaimed_balls': 1, 'device': <playfield.playfield>}
2025-10-08 18:54:11,227 : INFO : EventManager : Event: ======'playfield_ball_count_change'====== Args={'balls': 1, 'change': 1}
2025-10-08 18:54:11,228 : INFO : EventManager : Event: ======'balldevice_bd_plunger_ball_count_changed'====== Args={'balls': 0}
2025-10-08 18:54:11,228 : INFO : ball_device.bd_plunger : State: idle
2025-10-08 18:54:11,300 : INFO : SwitchController : <<<<<<< 's_right_rollover' inactive >>>>>>>
2025-10-08 18:54:16,000 : INFO : SwitchController : <<<<<<< 's_right_scoop' active >>>>>>>
2025-10-08 18:54:16,000 : INFO : EventManager : Event: ======'s_right_scoop_active'====== Args={}
2025-10-08 18:54:16,001 : INFO : EventManager : Event: ======'machine_var_audits_switches_s_right_scoop'====== Args={'value': 48, 'prev_value': 47, 'change': 1}
2025-10-08 18:54:16,006 : INFO : EventManager : Event: ======'player_shot_right_scoop_shot'====== Args={'value': 1, 'prev_value': 0, 'change': 1, 'player_num': 1}
2025-10-08 18:54:16,008 : INFO : EventManager : Event: ======'machine_var_audits_shots_right_scoop_shot'====== Args={'value': 31, 'prev_value': 30, 'change': 1}
2025-10-08 18:54:16,011 : INFO : EventManager : Event: ======'right_scoop_shot_hit'====== Args={'profile': 'default', 'state': 'unlit', 'advancing': True}
2025-10-08 18:54:16,012 : INFO : EventManager : Event: ======'right_scoop_shot_default_hit'====== Args={'profile': 'default', 'state': 'unlit', 'advancing': True}
2025-10-08 18:54:16,013 : INFO : EventManager : Event: ======'right_scoop_shot_default_unlit_hit'====== Args={'profile': 'default', 'state': 'unlit', 'advancing': True}
2025-10-08 18:54:16,013 : INFO : EventManager : Event: ======'right_scoop_shot_unlit_hit'====== Args={'profile': 'default', 'state': 'unlit', 'advancing': True}
2025-10-08 18:54:16,014 : INFO : EventManager : Event: ======'mode_skillshot_will_start'====== Args={'profile': 'default', 'state': 'unlit', 'advancing': True}
2025-10-08 18:54:16,015 : INFO : EventManager : Event: ======'player_skillshot_mode_timer_tick'====== Args={'value': 5, 'prev_value': 0, 'change': 5, 'player_num': 1}
2025-10-08 18:54:16,016 : INFO : Timer.mode_timer : Starting Timer.
2025-10-08 18:54:16,023 : INFO : EventManager : Event: ======'timer_mode_timer_started'====== Args={'ticks': 5, 'ticks_remaining': 5}
2025-10-08 18:54:16,024 : INFO : EventManager : Event: ======'timer_mode_timer_tick'====== Args={'ticks': 5, 'ticks_remaining': 5}
2025-10-08 18:54:16,025 : INFO : EventManager : Event: ======'player_skillshot_target_rotator_tick'====== Args={'value': 0, 'prev_value': 0, 'change': 0, 'player_num': 1}
2025-10-08 18:54:16,025 : INFO : Timer.target_rotator : Starting Timer.
2025-10-08 18:54:16,026 : INFO : EventManager : Event: ======'timer_target_rotator_started'====== Args={'ticks': 0, 'ticks_remaining': 0}
2025-10-08 18:54:16,026 : INFO : EventManager : Event: ======'timer_target_rotator_tick'====== Args={'ticks': 0, 'ticks_remaining': 0}
2025-10-08 18:54:16,027 : INFO : EventManager : Event: ======'standups_skill_complete'====== Args={'state': 'None'}
2025-10-08 18:54:16,028 : INFO : EventManager : Event: ======'standups_skill_None_complete'====== Args={}
2025-10-08 18:54:16,037 : INFO : EventManager : Event: ======'player_shot_standup_1_skill_enabled'====== Args={'value': True, 'prev_value': 0, 'change': 1, 'player_num': 1}
2025-10-08 18:54:16,039 : INFO : EventManager : Event: ======'player_shot_standup_2_skill_enabled'====== Args={'value': True, 'prev_value': 0, 'change': 1, 'player_num': 1}
2025-10-08 18:54:16,040 : INFO : EventManager : Event: ======'player_shot_standup_3_skill_enabled'====== Args={'value': True, 'prev_value': 0, 'change': 1, 'player_num': 1}
2025-10-08 18:54:16,041 : INFO : EventManager : Event: ======'player_shot_standup_4_skill_enabled'====== Args={'value': True, 'prev_value': 0, 'change': 1, 'player_num': 1}
2025-10-08 18:54:16,042 : INFO : EventManager : Event: ======'player_shot_standup_5_skill_enabled'====== Args={'value': True, 'prev_value': 0, 'change': 1, 'player_num': 1}
2025-10-08 18:54:16,042 : INFO : EventManager : Event: ======'player_shot_standup_6_skill_enabled'====== Args={'value': True, 'prev_value': 0, 'change': 1, 'player_num': 1}
2025-10-08 18:54:16,048 : INFO : EventManager : Event: ======'mode_skillshot_starting'====== Args={'profile': 'default', 'state': 'unlit', 'advancing': True}
2025-10-08 18:54:16,048 : INFO : EventManager : Event: ======'player_score'====== Args={'value': 1300, 'prev_value': 300, 'change': 1000, 'player_num': 1, 'source': 'base'}
2025-10-08 18:54:16,050 : INFO : Mode.skillshot : Started. Priority: 300
2025-10-08 18:54:16,050 : INFO : EventManager : Event: ======'modes_active_modes_changed'====== Args={}
2025-10-08 18:54:16,050 : INFO : EventManager : Event: ======'mode_skillshot_started'====== Args={'profile': 'default', 'state': 'unlit', 'advancing': True}
2025-10-08 18:54:16,051 : INFO : EventManager : Event: ======'player_shot_standup_1_skill'====== Args={'value': 1, 'prev_value': 0, 'change': 1, 'player_num': 1}
2025-10-08 18:54:16,109 : INFO : EventManager : Event: ======'slide_skillshot.slide_player-mode_skillshot_started_created'====== Args={'_from_bcp': True}
2025-10-08 18:54:16,109 : INFO : EventManager : Event: ======'slide_skillshot.slide_player-mode_skillshot_started_active'====== Args={'_from_bcp': True}
2025-10-08 18:54:16,500 : INFO : EventManager : Event: ======'balldevice_bd_right_scoop_ball_count_changed'====== Args={'balls': 1}
2025-10-08 18:54:16,501 : INFO : ball_device.bd_right_scoop : Received unexpected ball
2025-10-08 18:54:16,501 : INFO : EventManager : Event: ======'balldevice_captured_from_playfield'====== Args={'balls': 1}
2025-10-08 18:54:16,503 : INFO : EventManager : Event: ======'sw_playfield_active'====== Args={'balls': 1}
2025-10-08 18:54:16,503 : INFO : EventManager : Event: ======'playfield_ball_count_change'====== Args={'balls': 0, 'change': -1}
2025-10-08 18:54:16,506 : INFO : EventManager : Event: ======'balldevice_bd_right_scoop_ball_enter'====== Args={'new_balls': 1, 'unclaimed_balls': 1, 'new_available_balls': 1, 'device': <ball_device.bd_right_scoop>}
2025-10-08 18:54:16,508 : INFO : ball_device.bd_right_scoop : Ejecting 1 unexpected balls using path deque([<ball_device.bd_right_scoop>, <playfield.playfield>])
2025-10-08 18:54:16,509 : INFO : EventManager : Event: ======'balldevice_balls_available'====== Args={}
2025-10-08 18:54:16,510 : INFO : EventManager : Event: ======'balldevice_balls_available'====== Args={}
2025-10-08 18:54:16,511 : INFO : EventManager : Event: ======'balldevice_bd_right_scoop_ball_entered'====== Args={'new_balls': 1, 'device': <ball_device.bd_right_scoop>}
2025-10-08 18:54:16,513 : INFO : ball_device.bd_right_scoop : State: waiting_for_target_ready
2025-10-08 18:54:16,514 : INFO : EventManager : Event: ======'balldevice_bd_right_scoop_ball_eject_attempt'====== Args={'balls': 1, 'target': <playfield.playfield>, 'source': <ball_device.bd_right_scoop>, 'mechanical_eject': False, 'num_attempts': 0}
2025-10-08 18:54:16,516 : INFO : ball_device.bd_right_scoop : State: ejecting
2025-10-08 18:54:16,517 : INFO : ball_device.bd_right_scoop : Ejecting ball to <playfield.playfield>
2025-10-08 18:54:16,518 : INFO : EventManager : Event: ======'balldevice_bd_right_scoop_ejecting_ball'====== Args={'balls': 1, 'target': <playfield.playfield>, 'source': <ball_device.bd_right_scoop>, 'mechanical_eject': False, 'num_attempts': 0}
2025-10-08 18:54:16,521 : INFO : ball_device.bd_right_scoop : Wait for ball to leave device
2025-10-08 18:54:16,521 : INFO : coil.c_right_scoop : Pulsing Driver for 10ms (1.0 pulse_power)
2025-10-08 18:54:16,523 : INFO : SwitchController : <<<<<<< 's_right_scoop' inactive >>>>>>>
2025-10-08 18:54:16,551 : INFO : ball_device.bd_right_scoop : State: ball_left
2025-10-08 18:54:16,552 : INFO : ball_device.bd_right_scoop : Ball left
2025-10-08 18:54:16,552 : INFO : ball_device.bd_right_scoop : Wait for confirm with timeout 1.0
2025-10-08 18:54:16,990 : INFO : EventManager : Event: ======'player_skillshot_mode_timer_tick'====== Args={'value': 4, 'prev_value': 5, 'change': -1, 'player_num': 1}
2025-10-08 18:54:16,991 : INFO : EventManager : Event: ======'timer_mode_timer_tick'====== Args={'ticks': 4, 'ticks_remaining': 4}
2025-10-08 18:54:17,029 : INFO : EventManager : Event: ======'player_skillshot_target_rotator_tick'====== Args={'value': 1, 'prev_value': 0, 'change': 1, 'player_num': 1}
2025-10-08 18:54:17,029 : INFO : EventManager : Event: ======'timer_target_rotator_tick'====== Args={'ticks': 1, 'ticks_remaining': 0}
2025-10-08 18:54:17,030 : INFO : EventManager : Event: ======'player_shot_standup_1_skill'====== Args={'value': 0, 'prev_value': 1, 'change': -1, 'player_num': 1}
2025-10-08 18:54:17,031 : INFO : EventManager : Event: ======'player_shot_standup_2_skill'====== Args={'value': 1, 'prev_value': 0, 'change': 1, 'player_num': 1}
2025-10-08 18:54:17,542 : INFO : ball_device.bd_right_scoop : State: failed_confirm
2025-10-08 18:54:17,543 : INFO : ball_device.bd_right_scoop : Got timeout (1.0s) before confirm from <playfield.playfield>
2025-10-08 18:54:17,629 : INFO : ball_device.bd_right_scoop : Confirming eject because target is playfield and ball did not return.
2025-10-08 18:54:17,629 : INFO : ball_device.bd_right_scoop : Eject successful
2025-10-08 18:54:17,630 : INFO : EventManager : Event: ======'balldevice_bd_right_scoop_ball_eject_success'====== Args={'balls': 1, 'target': <playfield.playfield>}
2025-10-08 18:54:17,631 : INFO : EventManager : Event: ======'balldevice_playfield_ball_enter'====== Args={'new_balls': 1, 'unclaimed_balls': 1, 'device': <playfield.playfield>}
2025-10-08 18:54:17,632 : INFO : EventManager : Event: ======'playfield_ball_count_change'====== Args={'balls': 1, 'change': 1}
2025-10-08 18:54:17,634 : INFO : EventManager : Event: ======'balldevice_bd_right_scoop_ball_count_changed'====== Args={'balls': 0}
2025-10-08 18:54:17,635 : INFO : ball_device.bd_right_scoop : State: idle
2025-10-08 18:54:17,992 : INFO : EventManager : Event: ======'player_skillshot_mode_timer_tick'====== Args={'value': 3, 'prev_value': 4, 'change': -1, 'player_num': 1}
2025-10-08 18:54:17,994 : INFO : EventManager : Event: ======'timer_mode_timer_tick'====== Args={'ticks': 3, 'ticks_remaining': 3}
2025-10-08 18:54:18,024 : INFO : EventManager : Event: ======'player_skillshot_target_rotator_tick'====== Args={'value': 2, 'prev_value': 1, 'change': 1, 'player_num': 1}
2025-10-08 18:54:18,025 : INFO : EventManager : Event: ======'timer_target_rotator_tick'====== Args={'ticks': 2, 'ticks_remaining': 0}
2025-10-08 18:54:18,029 : INFO : EventManager : Event: ======'player_shot_standup_2_skill'====== Args={'value': 0, 'prev_value': 1, 'change': -1, 'player_num': 1}
2025-10-08 18:54:18,030 : INFO : EventManager : Event: ======'player_shot_standup_3_skill'====== Args={'value': 1, 'prev_value': 0, 'change': 1, 'player_num': 1}
2025-10-08 18:54:18,991 : INFO : EventManager : Event: ======'player_skillshot_mode_timer_tick'====== Args={'value': 2, 'prev_value': 3, 'change': -1, 'player_num': 1}
2025-10-08 18:54:18,992 : INFO : EventManager : Event: ======'timer_mode_timer_tick'====== Args={'ticks': 2, 'ticks_remaining': 2}
2025-10-08 18:54:19,020 : INFO : EventManager : Event: ======'player_skillshot_target_rotator_tick'====== Args={'value': 3, 'prev_value': 2, 'change': 1, 'player_num': 1}
2025-10-08 18:54:19,022 : INFO : EventManager : Event: ======'timer_target_rotator_tick'====== Args={'ticks': 3, 'ticks_remaining': 0}
2025-10-08 18:54:19,028 : INFO : EventManager : Event: ======'player_shot_standup_3_skill'====== Args={'value': 0, 'prev_value': 1, 'change': -1, 'player_num': 1}
2025-10-08 18:54:19,030 : INFO : EventManager : Event: ======'player_shot_standup_4_skill'====== Args={'value': 1, 'prev_value': 0, 'change': 1, 'player_num': 1}
2025-10-08 18:54:19,995 : INFO : EventManager : Event: ======'player_skillshot_mode_timer_tick'====== Args={'value': 1, 'prev_value': 2, 'change': -1, 'player_num': 1}
2025-10-08 18:54:19,997 : INFO : EventManager : Event: ======'timer_mode_timer_tick'====== Args={'ticks': 1, 'ticks_remaining': 1}
2025-10-08 18:54:20,029 : INFO : EventManager : Event: ======'player_skillshot_target_rotator_tick'====== Args={'value': 4, 'prev_value': 3, 'change': 1, 'player_num': 1}
2025-10-08 18:54:20,030 : INFO : EventManager : Event: ======'timer_target_rotator_tick'====== Args={'ticks': 4, 'ticks_remaining': 0}
2025-10-08 18:54:20,031 : INFO : EventManager : Event: ======'player_shot_standup_3_skill'====== Args={'value': 1, 'prev_value': 0, 'change': 1, 'player_num': 1}
2025-10-08 18:54:20,031 : INFO : EventManager : Event: ======'player_shot_standup_4_skill'====== Args={'value': 0, 'prev_value': 1, 'change': -1, 'player_num': 1}
2025-10-08 18:54:20,998 : INFO : EventManager : Event: ======'player_skillshot_mode_timer_tick'====== Args={'value': 0, 'prev_value': 1, 'change': -1, 'player_num': 1}
2025-10-08 18:54:21,000 : INFO : Timer.mode_timer : Timer Complete
2025-10-08 18:54:21,001 : INFO : Timer.mode_timer : Stopping Timer
2025-10-08 18:54:21,001 : INFO : EventManager : Event: ======'timer_mode_timer_stopped'====== Args={'ticks': 0, 'ticks_remaining': 1}
2025-10-08 18:54:21,002 : INFO : EventManager : Event: ======'timer_mode_timer_complete'====== Args={'ticks': 0, 'ticks_remaining': 1}
2025-10-08 18:54:21,006 : INFO : EventManager : Event: ======'mode_skillshot_will_stop'====== Args={}
2025-10-08 18:54:21,007 : INFO : EventManager : Event: ======'mode_skillshot_stopping'====== Args={}
2025-10-08 18:54:21,007 : INFO : Mode.skillshot : Stopped.
2025-10-08 18:54:21,008 : INFO : EventManager : Event: ======'modes_active_modes_changed'====== Args={}
2025-10-08 18:54:21,009 : INFO : EventManager : Event: ======'mode_skillshot_stopped'====== Args={}
2025-10-08 18:54:21,010 : INFO : EventManager : Event: ======'clear'====== Args={'key': 'skillshot'}
2025-10-08 18:54:21,011 : INFO : Timer.mode_timer : Stopping Timer
2025-10-08 18:54:21,011 : INFO : EventManager : Event: ======'timer_mode_timer_stopped'====== Args={'ticks': 0, 'ticks_remaining': 1}
2025-10-08 18:54:21,012 : INFO : Timer.target_rotator : Stopping Timer
2025-10-08 18:54:21,012 : INFO : EventManager : Event: ======'timer_target_rotator_stopped'====== Args={'ticks': 4, 'ticks_remaining': 0}
2025-10-08 18:54:21,084 : INFO : EventManager : Event: ======'slide_skillshot.slide_player-mode_skillshot_started_removed'====== Args={'_from_bcp': True}
2025-10-08 18:54:21,085 : INFO : EventManager : Event: ======'slide_base.slide_player-mode_base_started_active'====== Args={'_from_bcp': True}
2025-10-08 18:54:24,771 : INFO : SwitchController : <<<<<<< 's_left_scoop' active >>>>>>>
2025-10-08 18:54:24,772 : INFO : EventManager : Event: ======'s_left_scoop_active'====== Args={}
2025-10-08 18:54:24,772 : INFO : EventManager : Event: ======'machine_var_audits_switches_s_left_scoop'====== Args={'value': 211, 'prev_value': 210, 'change': 1}
2025-10-08 18:54:24,779 : INFO : EventManager : Event: ======'logicblock_my_counter_updated'====== Args={'value': 1, 'enabled': True}
2025-10-08 18:54:24,780 : INFO : EventManager : Event: ======'counter_my_counter_hit'====== Args={'count': 1, 'hits': 1, 'remaining': 4}
2025-10-08 18:54:24,780 : INFO : EventManager : Event: ======'logicblock_my_counter_hit'====== Args={'count': 1, 'hits': 1, 'remaining': 4}
2025-10-08 18:54:25,278 : INFO : EventManager : Event: ======'balldevice_bd_left_scoop_ball_count_changed'====== Args={'balls': 1}
2025-10-08 18:54:25,278 : INFO : ball_device.bd_left_scoop : Received unexpected ball
2025-10-08 18:54:25,278 : INFO : EventManager : Event: ======'balldevice_captured_from_playfield'====== Args={'balls': 1}
2025-10-08 18:54:25,279 : INFO : EventManager : Event: ======'sw_playfield_active'====== Args={'balls': 1}
2025-10-08 18:54:25,279 : INFO : EventManager : Event: ======'playfield_ball_count_change'====== Args={'balls': 0, 'change': -1}
2025-10-08 18:54:25,280 : INFO : EventManager : Event: ======'balldevice_bd_left_scoop_ball_enter'====== Args={'new_balls': 1, 'unclaimed_balls': 1, 'new_available_balls': 1, 'device': <ball_device.bd_left_scoop>}
2025-10-08 18:54:25,281 : INFO : ball_device.bd_left_scoop : Ejecting 1 unexpected balls using path deque([<ball_device.bd_left_scoop>, <playfield.playfield>])
2025-10-08 18:54:25,281 : INFO : EventManager : Event: ======'balldevice_balls_available'====== Args={}
2025-10-08 18:54:25,281 : INFO : EventManager : Event: ======'balldevice_balls_available'====== Args={}
2025-10-08 18:54:25,281 : INFO : EventManager : Event: ======'balldevice_bd_left_scoop_ball_entered'====== Args={'new_balls': 1, 'device': <ball_device.bd_left_scoop>}
2025-10-08 18:54:25,282 : INFO : ball_device.bd_left_scoop : State: waiting_for_target_ready
2025-10-08 18:54:25,282 : INFO : EventManager : Event: ======'balldevice_bd_left_scoop_ball_eject_attempt'====== Args={'balls': 1, 'target': <playfield.playfield>, 'source': <ball_device.bd_left_scoop>, 'mechanical_eject': False, 'num_attempts': 0}
2025-10-08 18:54:25,282 : INFO : ball_device.bd_left_scoop : State: ejecting
2025-10-08 18:54:25,283 : INFO : ball_device.bd_left_scoop : Ejecting ball to <playfield.playfield>
2025-10-08 18:54:25,283 : INFO : EventManager : Event: ======'balldevice_bd_left_scoop_ejecting_ball'====== Args={'balls': 1, 'target': <playfield.playfield>, 'source': <ball_device.bd_left_scoop>, 'mechanical_eject': False, 'num_attempts': 0}
2025-10-08 18:54:25,284 : INFO : ball_device.bd_left_scoop : Wait for ball to leave device
2025-10-08 18:54:25,284 : INFO : coil.c_left_scoop : Pulsing Driver for 10ms (1.0 pulse_power)
2025-10-08 18:54:25,284 : INFO : SwitchController : <<<<<<< 's_left_scoop' inactive >>>>>>>
2025-10-08 18:54:25,292 : INFO : ball_device.bd_left_scoop : State: ball_left
2025-10-08 18:54:25,293 : INFO : ball_device.bd_left_scoop : Ball left
2025-10-08 18:54:25,293 : INFO : ball_device.bd_left_scoop : Wait for confirm with timeout 2.0
2025-10-08 18:54:27,093 : INFO : SwitchController : <<<<<<< 's_left_scoop' active >>>>>>>
2025-10-08 18:54:27,093 : INFO : EventManager : Event: ======'s_left_scoop_active'====== Args={}
2025-10-08 18:54:27,094 : INFO : EventManager : Event: ======'machine_var_audits_switches_s_left_scoop'====== Args={'value': 212, 'prev_value': 211, 'change': 1}
2025-10-08 18:54:27,099 : INFO : EventManager : Event: ======'logicblock_my_counter_updated'====== Args={'value': 2, 'enabled': True}
2025-10-08 18:54:27,099 : INFO : EventManager : Event: ======'counter_my_counter_hit'====== Args={'count': 2, 'hits': 2, 'remaining': 3}
2025-10-08 18:54:27,100 : INFO : EventManager : Event: ======'logicblock_my_counter_hit'====== Args={'count': 2, 'hits': 2, 'remaining': 3}
2025-10-08 18:54:27,290 : INFO : ball_device.bd_left_scoop : State: failed_confirm
2025-10-08 18:54:27,290 : INFO : ball_device.bd_left_scoop : Got timeout (2.0s) before confirm from <playfield.playfield>
2025-10-08 18:54:27,382 : INFO : ball_device.bd_left_scoop : Confirming eject because target is playfield and ball did not return.
2025-10-08 18:54:27,382 : INFO : ball_device.bd_left_scoop : Eject successful
2025-10-08 18:54:27,382 : INFO : EventManager : Event: ======'balldevice_bd_left_scoop_ball_eject_success'====== Args={'balls': 1, 'target': <playfield.playfield>}
2025-10-08 18:54:27,383 : INFO : EventManager : Event: ======'balldevice_playfield_ball_enter'====== Args={'new_balls': 1, 'unclaimed_balls': 1, 'device': <playfield.playfield>}
2025-10-08 18:54:27,383 : INFO : EventManager : Event: ======'playfield_ball_count_change'====== Args={'balls': 1, 'change': 1}
2025-10-08 18:54:27,383 : INFO : EventManager : Event: ======'balldevice_bd_left_scoop_ball_count_changed'====== Args={'balls': 0}
2025-10-08 18:54:27,589 : INFO : ball_device.bd_left_scoop : State: idle
2025-10-08 18:54:27,590 : INFO : EventManager : Event: ======'balldevice_bd_left_scoop_ball_count_changed'====== Args={'balls': 1}
2025-10-08 18:54:27,591 : INFO : ball_device.bd_left_scoop : Received unexpected ball
2025-10-08 18:54:27,591 : INFO : EventManager : Event: ======'balldevice_captured_from_playfield'====== Args={'balls': 1}
2025-10-08 18:54:27,591 : INFO : EventManager : Event: ======'sw_playfield_active'====== Args={'balls': 1}
2025-10-08 18:54:27,592 : INFO : EventManager : Event: ======'playfield_ball_count_change'====== Args={'balls': 0, 'change': -1}
2025-10-08 18:54:27,593 : INFO : EventManager : Event: ======'balldevice_bd_left_scoop_ball_enter'====== Args={'new_balls': 1, 'unclaimed_balls': 1, 'new_available_balls': 1, 'device': <ball_device.bd_left_scoop>}
2025-10-08 18:54:27,594 : INFO : ball_device.bd_left_scoop : Ejecting 1 unexpected balls using path deque([<ball_device.bd_left_scoop>, <playfield.playfield>])
2025-10-08 18:54:27,595 : INFO : EventManager : Event: ======'balldevice_balls_available'====== Args={}
2025-10-08 18:54:27,595 : INFO : EventManager : Event: ======'balldevice_balls_available'====== Args={}
2025-10-08 18:54:27,595 : INFO : EventManager : Event: ======'balldevice_bd_left_scoop_ball_entered'====== Args={'new_balls': 1, 'device': <ball_device.bd_left_scoop>}
2025-10-08 18:54:27,597 : INFO : ball_device.bd_left_scoop : State: waiting_for_target_ready
2025-10-08 18:54:27,598 : INFO : EventManager : Event: ======'balldevice_bd_left_scoop_ball_eject_attempt'====== Args={'balls': 1, 'target': <playfield.playfield>, 'source': <ball_device.bd_left_scoop>, 'mechanical_eject': False, 'num_attempts': 0}
2025-10-08 18:54:27,599 : INFO : ball_device.bd_left_scoop : State: ejecting
2025-10-08 18:54:27,599 : INFO : ball_device.bd_left_scoop : Ejecting ball to <playfield.playfield>
2025-10-08 18:54:27,600 : INFO : EventManager : Event: ======'balldevice_bd_left_scoop_ejecting_ball'====== Args={'balls': 1, 'target': <playfield.playfield>, 'source': <ball_device.bd_left_scoop>, 'mechanical_eject': False, 'num_attempts': 0}
2025-10-08 18:54:27,601 : INFO : ball_device.bd_left_scoop : Wait for ball to leave device
2025-10-08 18:54:27,602 : INFO : coil.c_left_scoop : Pulsing Driver for 10ms (1.0 pulse_power)
2025-10-08 18:54:27,602 : INFO : SwitchController : <<<<<<< 's_left_scoop' inactive >>>>>>>
2025-10-08 18:54:27,618 : INFO : ball_device.bd_left_scoop : State: ball_left
2025-10-08 18:54:27,618 : INFO : ball_device.bd_left_scoop : Ball left
2025-10-08 18:54:27,619 : INFO : ball_device.bd_left_scoop : Wait for confirm with timeout 2.0
2025-10-08 18:54:29,614 : INFO : ball_device.bd_left_scoop : State: failed_confirm
2025-10-08 18:54:29,615 : INFO : ball_device.bd_left_scoop : Got timeout (2.0s) before confirm from <playfield.playfield>
2025-10-08 18:54:29,721 : INFO : ball_device.bd_left_scoop : Confirming eject because target is playfield and ball did not return.
2025-10-08 18:54:29,721 : INFO : ball_device.bd_left_scoop : Eject successful
2025-10-08 18:54:29,722 : INFO : EventManager : Event: ======'balldevice_bd_left_scoop_ball_eject_success'====== Args={'balls': 1, 'target': <playfield.playfield>}
2025-10-08 18:54:29,723 : INFO : EventManager : Event: ======'balldevice_playfield_ball_enter'====== Args={'new_balls': 1, 'unclaimed_balls': 1, 'device': <playfield.playfield>}
2025-10-08 18:54:29,723 : INFO : EventManager : Event: ======'playfield_ball_count_change'====== Args={'balls': 1, 'change': 1}
2025-10-08 18:54:29,725 : INFO : EventManager : Event: ======'balldevice_bd_left_scoop_ball_count_changed'====== Args={'balls': 0}
2025-10-08 18:54:29,726 : INFO : ball_device.bd_left_scoop : State: idle
2025-10-08 18:54:30,655 : INFO : SwitchController : <<<<<<< 's_right_rollover' active >>>>>>>
2025-10-08 18:54:30,656 : INFO : EventManager : Event: ======'s_right_rollover_active'====== Args={}
2025-10-08 18:54:30,657 : INFO : EventManager : Event: ======'machine_var_audits_switches_s_right_rollover'====== Args={'value': 234, 'prev_value': 233, 'change': 1}
2025-10-08 18:54:30,662 : INFO : EventManager : Event: ======'machine_var_audits_shots_right_rollover_shot'====== Args={'value': 225, 'prev_value': 224, 'change': 1}
2025-10-08 18:54:30,664 : INFO : EventManager : Event: ======'right_rollover_shot_hit'====== Args={'profile': 'default', 'state': 'lit', 'advancing': False}
2025-10-08 18:54:30,665 : INFO : EventManager : Event: ======'right_rollover_shot_default_hit'====== Args={'profile': 'default', 'state': 'lit', 'advancing': False}
2025-10-08 18:54:30,666 : INFO : EventManager : Event: ======'right_rollover_shot_default_lit_hit'====== Args={'profile': 'default', 'state': 'lit', 'advancing': False}
2025-10-08 18:54:30,666 : INFO : EventManager : Event: ======'right_rollover_shot_lit_hit'====== Args={'profile': 'default', 'state': 'lit', 'advancing': False}
2025-10-08 18:54:30,667 : INFO : EventManager : Event: ======'player_score'====== Args={'value': 1600, 'prev_value': 1300, 'change': 300, 'player_num': 1, 'source': 'base'}
2025-10-08 18:54:30,668 : INFO : EventManager : Event: ======'rollover_lanes_hit'====== Args={}
2025-10-08 18:54:30,668 : INFO : EventManager : Event: ======'rollover_lanes_lit_hit'====== Args={}
2025-10-08 18:54:30,796 : INFO : SwitchController : <<<<<<< 's_right_rollover' inactive >>>>>>>
2025-10-08 18:54:31,544 : INFO : SwitchController : <<<<<<< 's_center_rollover' active >>>>>>>
2025-10-08 18:54:31,544 : INFO : EventManager : Event: ======'s_center_rollover_active'====== Args={}
2025-10-08 18:54:31,545 : INFO : EventManager : Event: ======'machine_var_audits_switches_s_center_rollover'====== Args={'value': 230, 'prev_value': 229, 'change': 1}
2025-10-08 18:54:31,549 : INFO : EventManager : Event: ======'player_shot_center_rollover_shot'====== Args={'value': 1, 'prev_value': 0, 'change': 1, 'player_num': 1}
2025-10-08 18:54:31,550 : INFO : EventManager : Event: ======'machine_var_audits_shots_center_rollover_shot'====== Args={'value': 221, 'prev_value': 220, 'change': 1}
2025-10-08 18:54:31,551 : INFO : EventManager : Event: ======'center_rollover_shot_hit'====== Args={'profile': 'default', 'state': 'unlit', 'advancing': True}
2025-10-08 18:54:31,552 : INFO : EventManager : Event: ======'center_rollover_shot_default_hit'====== Args={'profile': 'default', 'state': 'unlit', 'advancing': True}
2025-10-08 18:54:31,552 : INFO : EventManager : Event: ======'center_rollover_shot_default_unlit_hit'====== Args={'profile': 'default', 'state': 'unlit', 'advancing': True}
2025-10-08 18:54:31,552 : INFO : EventManager : Event: ======'center_rollover_shot_unlit_hit'====== Args={'profile': 'default', 'state': 'unlit', 'advancing': True}
2025-10-08 18:54:31,553 : INFO : EventManager : Event: ======'player_score'====== Args={'value': 1800, 'prev_value': 1600, 'change': 200, 'player_num': 1, 'source': 'base'}
2025-10-08 18:54:31,553 : INFO : EventManager : Event: ======'logicblock_right_scoop_updated'====== Args={'value': [False, True, True], 'enabled': True}
2025-10-08 18:54:31,553 : INFO : EventManager : Event: ======'logicblock_right_scoop_hit'====== Args={'step': 1}
2025-10-08 18:54:31,553 : INFO : EventManager : Event: ======'rollover_lanes_hit'====== Args={}
2025-10-08 18:54:31,554 : INFO : EventManager : Event: ======'rollover_lanes_unlit_hit'====== Args={}
2025-10-08 18:54:31,673 : INFO : SwitchController : <<<<<<< 's_center_rollover' inactive >>>>>>>
2025-10-08 18:54:32,367 : INFO : SwitchController : <<<<<<< 's_left_rollover' active >>>>>>>
2025-10-08 18:54:32,367 : INFO : EventManager : Event: ======'s_left_rollover_active'====== Args={}
2025-10-08 18:54:32,368 : INFO : EventManager : Event: ======'machine_var_audits_switches_s_left_rollover'====== Args={'value': 173, 'prev_value': 172, 'change': 1}
2025-10-08 18:54:32,372 : INFO : EventManager : Event: ======'player_shot_left_rollover_shot'====== Args={'value': 1, 'prev_value': 0, 'change': 1, 'player_num': 1}
2025-10-08 18:54:32,374 : INFO : EventManager : Event: ======'machine_var_audits_shots_left_rollover_shot'====== Args={'value': 165, 'prev_value': 164, 'change': 1}
2025-10-08 18:54:32,376 : INFO : EventManager : Event: ======'left_rollover_shot_hit'====== Args={'profile': 'default', 'state': 'unlit', 'advancing': True}
2025-10-08 18:54:32,377 : INFO : EventManager : Event: ======'left_rollover_shot_default_hit'====== Args={'profile': 'default', 'state': 'unlit', 'advancing': True}
2025-10-08 18:54:32,377 : INFO : EventManager : Event: ======'left_rollover_shot_default_unlit_hit'====== Args={'profile': 'default', 'state': 'unlit', 'advancing': True}
2025-10-08 18:54:32,377 : INFO : EventManager : Event: ======'left_rollover_shot_unlit_hit'====== Args={'profile': 'default', 'state': 'unlit', 'advancing': True}
2025-10-08 18:54:32,379 : INFO : EventManager : Event: ======'rollover_lanes_complete'====== Args={'state': 'lit'}
2025-10-08 18:54:32,380 : INFO : EventManager : Event: ======'rollover_lanes_lit_complete'====== Args={}
2025-10-08 18:54:32,381 : INFO : EventManager : Event: ======'mode_skillshot_will_start'====== Args={}
2025-10-08 18:54:32,381 : INFO : EventManager : Event: ======'player_skillshot_mode_timer_tick'====== Args={'value': 5, 'prev_value': 0, 'change': 5, 'player_num': 1}
2025-10-08 18:54:32,382 : INFO : Timer.mode_timer : Starting Timer.
2025-10-08 18:54:32,384 : INFO : EventManager : Event: ======'timer_mode_timer_started'====== Args={'ticks': 5, 'ticks_remaining': 5}
2025-10-08 18:54:32,384 : INFO : EventManager : Event: ======'timer_mode_timer_tick'====== Args={'ticks': 5, 'ticks_remaining': 5}
2025-10-08 18:54:32,385 : INFO : EventManager : Event: ======'player_skillshot_target_rotator_tick'====== Args={'value': 0, 'prev_value': 4, 'change': -4, 'player_num': 1}
2025-10-08 18:54:32,386 : INFO : Timer.target_rotator : Starting Timer.
2025-10-08 18:54:32,386 : INFO : EventManager : Event: ======'timer_target_rotator_started'====== Args={'ticks': 0, 'ticks_remaining': 0}
2025-10-08 18:54:32,387 : INFO : EventManager : Event: ======'timer_target_rotator_tick'====== Args={'ticks': 0, 'ticks_remaining': 0}
2025-10-08 18:54:32,388 : INFO : EventManager : Event: ======'standups_skill_complete'====== Args={'state': 'None'}
2025-10-08 18:54:32,388 : INFO : EventManager : Event: ======'standups_skill_None_complete'====== Args={}
2025-10-08 18:54:32,395 : INFO : EventManager : Event: ======'mode_skillshot_starting'====== Args={}
2025-10-08 18:54:32,396 : INFO : EventManager : Event: ======'player_shot_left_rollover_shot'====== Args={'value': 0, 'prev_value': 1, 'change': -1, 'player_num': 1}
2025-10-08 18:54:32,397 : INFO : EventManager : Event: ======'player_shot_center_rollover_shot'====== Args={'value': 0, 'prev_value': 1, 'change': -1, 'player_num': 1}
2025-10-08 18:54:32,399 : INFO : EventManager : Event: ======'player_shot_right_rollover_shot'====== Args={'value': 0, 'prev_value': 1, 'change': -1, 'player_num': 1}
2025-10-08 18:54:32,401 : INFO : EventManager : Event: ======'player_score'====== Args={'value': 6800, 'prev_value': 1800, 'change': 5000, 'player_num': 1, 'source': 'base'}
2025-10-08 18:54:32,411 : INFO : EventManager : Event: ======'player_shot_standup_3_skill'====== Args={'value': 0, 'prev_value': 1, 'change': -1, 'player_num': 1}
2025-10-08 18:54:32,412 : INFO : EventManager : Event: ======'player_shot_standup_4_skill'====== Args={'value': 1, 'prev_value': 0, 'change': 1, 'player_num': 1}
2025-10-08 18:54:32,421 : INFO : EventManager : Event: ======'player_shot_standup_4_skill'====== Args={'value': 0, 'prev_value': 1, 'change': -1, 'player_num': 1}
2025-10-08 18:54:32,422 : INFO : EventManager : Event: ======'standups_skill_complete'====== Args={'state': 'unlit'}
2025-10-08 18:54:32,422 : INFO : EventManager : Event: ======'standups_skill_unlit_complete'====== Args={}
2025-10-08 18:54:32,424 : INFO : EventManager : Event: ======'rollover_lanes_complete'====== Args={'state': 'unlit'}
2025-10-08 18:54:32,424 : INFO : EventManager : Event: ======'rollover_lanes_unlit_complete'====== Args={}
2025-10-08 18:54:32,431 : INFO : EventManager : Event: ======'player_score'====== Args={'value': 6900, 'prev_value': 6800, 'change': 100, 'player_num': 1, 'source': 'base'}
2025-10-08 18:54:32,432 : INFO : EventManager : Event: ======'rollover_lanes_hit'====== Args={}
2025-10-08 18:54:32,432 : INFO : EventManager : Event: ======'rollover_lanes_unlit_hit'====== Args={}
2025-10-08 18:54:32,433 : INFO : Mode.skillshot : Started. Priority: 300
2025-10-08 18:54:32,433 : INFO : EventManager : Event: ======'modes_active_modes_changed'====== Args={}
2025-10-08 18:54:32,434 : INFO : EventManager : Event: ======'mode_skillshot_started'====== Args={}
2025-10-08 18:54:32,434 : INFO : EventManager : Event: ======'player_shot_standup_1_skill'====== Args={'value': 1, 'prev_value': 0, 'change': 1, 'player_num': 1}
2025-10-08 18:54:32,480 : INFO : EventManager : Event: ======'slide_skillshot.slide_player-mode_skillshot_started_created'====== Args={'_from_bcp': True}
2025-10-08 18:54:32,481 : INFO : EventManager : Event: ======'slide_skillshot.slide_player-mode_skillshot_started_active'====== Args={'_from_bcp': True}
2025-10-08 18:54:32,542 : INFO : SwitchController : <<<<<<< 's_left_rollover' inactive >>>>>>>
2025-10-08 18:54:33,369 : INFO : EventManager : Event: ======'player_skillshot_mode_timer_tick'====== Args={'value': 4, 'prev_value': 5, 'change': -1, 'player_num': 1}
2025-10-08 18:54:33,370 : INFO : EventManager : Event: ======'timer_mode_timer_tick'====== Args={'ticks': 4, 'ticks_remaining': 4}
2025-10-08 18:54:33,370 : INFO : EventManager : Event: ======'player_skillshot_target_rotator_tick'====== Args={'value': 1, 'prev_value': 0, 'change': 1, 'player_num': 1}
2025-10-08 18:54:33,370 : INFO : EventManager : Event: ======'timer_target_rotator_tick'====== Args={'ticks': 1, 'ticks_remaining': 0}
2025-10-08 18:54:33,374 : INFO : EventManager : Event: ======'player_shot_standup_1_skill'====== Args={'value': 0, 'prev_value': 1, 'change': -1, 'player_num': 1}
2025-10-08 18:54:33,374 : INFO : EventManager : Event: ======'player_shot_standup_2_skill'====== Args={'value': 1, 'prev_value': 0, 'change': 1, 'player_num': 1}
2025-10-08 18:54:34,334 : INFO : SwitchController : <<<<<<< 's_standup_1' active >>>>>>>
2025-10-08 18:54:34,334 : INFO : EventManager : Event: ======'s_standup_1_active'====== Args={}
2025-10-08 18:54:34,334 : INFO : EventManager : Event: ======'machine_var_audits_switches_s_standup_1'====== Args={'value': 56, 'prev_value': 55, 'change': 1}
2025-10-08 18:54:34,336 : INFO : EventManager : Event: ======'player_shot_standup_1_skill'====== Args={'value': 1, 'prev_value': 0, 'change': 1, 'player_num': 1}
2025-10-08 18:54:34,337 : INFO : EventManager : Event: ======'machine_var_audits_shots_standup_1_skill'====== Args={'value': 27, 'prev_value': 26, 'change': 1}
2025-10-08 18:54:34,338 : INFO : EventManager : Event: ======'standup_1_skill_hit'====== Args={'profile': 'skill', 'state': 'unlit', 'advancing': True}
2025-10-08 18:54:34,339 : INFO : EventManager : Event: ======'standup_1_skill_skill_hit'====== Args={'profile': 'skill', 'state': 'unlit', 'advancing': True}
2025-10-08 18:54:34,339 : INFO : EventManager : Event: ======'standup_1_skill_skill_unlit_hit'====== Args={'profile': 'skill', 'state': 'unlit', 'advancing': True}
2025-10-08 18:54:34,339 : INFO : EventManager : Event: ======'standup_1_skill_unlit_hit'====== Args={'profile': 'skill', 'state': 'unlit', 'advancing': True}
2025-10-08 18:54:34,350 : INFO : EventManager : Event: ======'standups_skill_hit'====== Args={}
2025-10-08 18:54:34,351 : INFO : EventManager : Event: ======'standups_skill_unlit_hit'====== Args={}
2025-10-08 18:54:34,351 : INFO : EventManager : Event: ======'mode_skillshot_will_stop'====== Args={}
2025-10-08 18:54:34,351 : INFO : EventManager : Event: ======'mode_skillshot_stopping'====== Args={}
2025-10-08 18:54:34,351 : INFO : EventManager : Event: ======'player_score'====== Args={'value': 506900, 'prev_value': 6900, 'change': 500000, 'player_num': 1, 'source': 'skillshot'}
2025-10-08 18:54:34,354 : INFO : Mode.skillshot : Stopped.
2025-10-08 18:54:34,354 : INFO : EventManager : Event: ======'modes_active_modes_changed'====== Args={}
2025-10-08 18:54:34,354 : INFO : EventManager : Event: ======'mode_skillshot_stopped'====== Args={}
2025-10-08 18:54:34,355 : INFO : EventManager : Event: ======'clear'====== Args={'key': 'skillshot'}
2025-10-08 18:54:34,355 : INFO : Timer.mode_timer : Stopping Timer
2025-10-08 18:54:34,355 : INFO : EventManager : Event: ======'timer_mode_timer_stopped'====== Args={'ticks': 4, 'ticks_remaining': 4}
2025-10-08 18:54:34,357 : INFO : Timer.target_rotator : Stopping Timer
2025-10-08 18:54:34,357 : INFO : EventManager : Event: ======'timer_target_rotator_stopped'====== Args={'ticks': 1, 'ticks_remaining': 0}
2025-10-08 18:54:34,399 : INFO : EventManager : Event: ======'slide_skillshot.slide_player-mode_skillshot_started_removed'====== Args={'_from_bcp': True}
2025-10-08 18:54:34,399 : INFO : EventManager : Event: ======'slide_base.slide_player-mode_base_started_active'====== Args={'_from_bcp': True}
2025-10-08 18:54:34,468 : INFO : SwitchController : <<<<<<< 's_standup_1' inactive >>>>>>>
2025-10-08 18:54:38,028 : INFO : Machine : Shutting down...
2025-10-08 18:54:38,028 : INFO : EventManager : Event: ======'shutdown'====== Args={}
2025-10-08 18:54:38,046 : INFO : EventManager : Event: ======'mode_game_will_stop'====== Args={}
2025-10-08 18:54:38,047 : INFO : EventManager : Event: ======'mode_game_stopping'====== Args={}
2025-10-08 18:54:38,049 : INFO : EventManager : Event: ======'mode_base_will_stop'====== Args={}
2025-10-08 18:54:38,049 : INFO : EventManager : Event: ======'mode_base_stopping'====== Args={}
2025-10-08 18:54:38,049 : INFO : Mode.base : Stopped.
2025-10-08 18:54:38,050 : INFO : EventManager : Event: ======'modes_active_modes_changed'====== Args={}
2025-10-08 18:54:38,050 : INFO : EventManager : Event: ======'mode_base_stopped'====== Args={}
2025-10-08 18:54:38,051 : INFO : EventManager : Event: ======'clear'====== Args={'key': 'base'}
2025-10-08 18:54:38,054 : INFO : Mode.game : Stopped.
2025-10-08 18:54:38,054 : INFO : EventManager : Event: ======'modes_active_modes_changed'====== Args={}
2025-10-08 18:54:38,055 : INFO : EventManager : Event: ======'mode_game_stopped'====== Args={}
2025-10-08 18:54:38,055 : INFO : EventManager : Event: ======'clear'====== Args={'key': 'game'}
2025-10-08 18:54:38,060 : INFO : root : MPF run loop ended.
