2025-10-12 08:47:17,379 : kivy : deps: Successfully imported "kivy_deps.gstreamer" 0.3.3
2025-10-12 08:47:17,380 : kivy : deps: Successfully imported "kivy_deps.angle" 0.3.3
2025-10-12 08:47:17,380 : kivy : deps: Successfully imported "kivy_deps.glew" 0.3.1
2025-10-12 08:47:17,380 : kivy : deps: Successfully imported "kivy_deps.sdl2" 0.6.0
2025-10-12 08:47:17,380 : kivy : Kivy: v2.2.1
2025-10-12 08:47:17,380 : kivy : Kivy: Installed at "C:\Users\richa\mpfvirtual4\lib\site-packages\kivy\__init__.py"
2025-10-12 08:47:17,380 : kivy : Python: v3.9.13 (tags/v3.9.13:6de2ca5, May 17 2022, 16:36:42) [MSC v.1929 64 bit (AMD64)]
2025-10-12 08:47:17,380 : kivy : Python: Interpreter at "C:\Users\richa\mpfvirtual4\Scripts\python.exe"
2025-10-12 08:47:17,397 : kivy : Factory: 190 symbols loaded
2025-10-12 08:47:17,631 : kivy : ImageLoaderFFPy: Using ffpyplayer 4.5.0
2025-10-12 08:47:17,631 : kivy : Image: Providers: img_tex, img_dds, img_sdl2, img_pil, img_ffpyplayer 
2025-10-12 08:47:17,780 : kivy : VideoGstplayer: Using Gstreamer 1.18.5.0
2025-10-12 08:47:17,780 : kivy : Video: Provider: gstplayer
2025-10-12 08:47:17,817 : root : Loading MPF-MC controller
2025-10-12 08:47:17,821 : YamlMultifileConfigLoader : Machine config file #1: config
2025-10-12 08:47:17,821 : ConfigProcessor : Config file in cache changed: C:\Users\richa\ttp7\config\config
2025-10-12 08:47:17,821 : ConfigProcessor : Loading config from file C:\Users\richa\mpfvirtual4\lib\site-packages\mpfmc\mcconfig.yaml.
2025-10-12 08:47:17,832 : ConfigProcessor : Loading config: C:\Users\richa\mpfvirtual4\lib\site-packages\mpfmc\mcconfig.yaml
2025-10-12 08:47:17,833 : ConfigProcessor : Loading config from file C:\Users\richa\ttp7\config\config.
2025-10-12 08:47:17,834 : ConfigProcessor : Loading config: C:\Users\richa\ttp7\config\config
2025-10-12 08:47:17,836 : ConfigProcessor : Loading config: C:\Users\richa\ttp7\config\config_sounds.yaml
2025-10-12 08:47:17,837 : ConfigProcessor : Loading config: C:\Users\richa\ttp7\config\config_ball_devices.yaml
2025-10-12 08:47:17,839 : ConfigProcessor : Loading config: C:\Users\richa\ttp7\config\config_coils.yaml
2025-10-12 08:47:17,840 : ConfigProcessor : Loading config: C:\Users\richa\ttp7\config\config_flippers.yaml
2025-10-12 08:47:17,845 : ConfigProcessor : Loading config: C:\Users\richa\ttp7\config\config_switches.yaml
2025-10-12 08:47:17,851 : ConfigProcessor : Loading config: C:\Users\richa\ttp7\config\config_lights.yaml
2025-10-12 08:47:17,853 : ConfigProcessor : Config file cache created: C:\Users\richa\AppData\Local\Temp\b8d8c5e8bc023a38ee4d8abbd35c8fd3.mpf_cache
2025-10-12 08:47:17,854 : ConfigProcessor : Loading config from cache: C:\Users\richa\AppData\Local\Temp\70233839fc0b792ce11a62f3c18c1950.mpf_cache
2025-10-12 08:47:17,855 : ConfigProcessor : Loading config from cache: C:\Users\richa\AppData\Local\Temp\9c8dea79ca4d15ee886340e992e8cb9d.mpf_cache
2025-10-12 08:47:17,855 : ConfigProcessor : Loading config from cache: C:\Users\richa\AppData\Local\Temp\67a19b095f918111543419ac0271bfb1.mpf_cache
2025-10-12 08:47:17,864 : ConfigProcessor : Loading config from cache: C:\Users\richa\AppData\Local\Temp\be387b0e8ed00556ec738d83cd6947d1.mpf_cache
2025-10-12 08:47:17,864 : ConfigProcessor : Loading config from cache: C:\Users\richa\AppData\Local\Temp\5a8efabd9666d8c71fa755fc28a9bf1e.mpf_cache
2025-10-12 08:47:17,865 : ConfigProcessor : Loading config from cache: C:\Users\richa\AppData\Local\Temp\fb58745e58584e219ff53db445e8e9f2.mpf_cache
2025-10-12 08:47:17,866 : mpfmc : Mission Pinball Framework Media Controller (MPF-MC) v0.57.0.dev10. Requires MPF v0.57.0.dev19 or newer.
2025-10-12 08:47:17,866 : mpfmc : Found MPF v0.57.0.dev39
2025-10-12 08:47:17,866 : mpfmc : Machine path: C:\Users\richa\ttp7
2025-10-12 08:47:17,866 : mpfmc : Starting clock at 60.0Hz
2025-10-12 08:47:17,879 : kivy : Text: Provider: sdl2
2025-10-12 08:47:17,929 : kivy : Window: Provider: sdl2
2025-10-12 08:47:18,312 : kivy : GL: Using the "OpenGL" graphics system
2025-10-12 08:47:18,322 : kivy : GL: GLEW initialization succeeded
2025-10-12 08:47:18,323 : kivy : GL: Backend used <glew>
2025-10-12 08:47:18,323 : kivy : GL: OpenGL version <b'4.6.0 NVIDIA 560.94'>
2025-10-12 08:47:18,323 : kivy : GL: OpenGL vendor <b'NVIDIA Corporation'>
2025-10-12 08:47:18,323 : kivy : GL: OpenGL renderer <b'NVIDIA GeForce RTX 3050/PCIe/SSE2'>
2025-10-12 08:47:18,323 : kivy : GL: OpenGL parsed version: 4, 6
2025-10-12 08:47:18,323 : kivy : GL: Shading version <b'4.60 NVIDIA'>
2025-10-12 08:47:18,323 : kivy : GL: Texture max size <32768>
2025-10-12 08:47:18,323 : kivy : GL: Texture max units <32>
2025-10-12 08:47:18,344 : kivy : Window: auto add sdl2 input provider
2025-10-12 08:47:18,344 : kivy : Window: virtual keyboard not allowed, single mode, not docked
2025-10-12 08:47:18,746 : AudioInterface : Initialized
2025-10-12 08:47:18,746 : AudioInterface : Loaded SDL 2.26.4
2025-10-12 08:47:18,746 : AudioInterface : Loaded SDL_Mixer 2.6.3
2025-10-12 08:47:18,746 : AudioInterface : Loaded GStreamer 1.18.5.0
2025-10-12 08:47:18,746 : AudioInterface : Loaded GLib 2.62.6
2025-10-12 08:47:18,746 : AudioInterface : Settings requested - rate: 44100, channels: 1, buffer: 2048 samples
2025-10-12 08:47:18,746 : AudioInterface : Settings in use - rate: 44100, channels: 1, buffer: 2048 samples (4096 bytes @ 2 bytes per sample)
2025-10-12 08:47:18,747 : SoundSystem : Setting master volume to 0.0
2025-10-12 08:47:18,747 : AudioInterface : Enabling audio playback
2025-10-12 08:47:18,748 : kivy : Base: Start application main loop
2025-10-12 08:47:18,749 : EventManager : Event: ======'display_window_initialized'====== Args={}
2025-10-12 08:47:18,762 : mpfmc : Display: Setting 'window' as default display
2025-10-12 08:47:18,768 : EventManager : Event: ======'displays_initialized'====== Args={}
2025-10-12 08:47:18,769 : EventManager : Event: ======'slide_window_blank_created'====== Args={}
2025-10-12 08:47:18,769 : EventManager : Event: ======'display_window_ready'====== Args={}
2025-10-12 08:47:18,779 : EventManager : Event: ======'init_phase_1'====== Args={}
2025-10-12 08:47:18,781 : EventManager : Event: ======'mc_ready'====== Args={}
2025-10-12 08:47:18,781 : EventManager : Event: ======'init_phase_2'====== Args={}
2025-10-12 08:47:18,784 : EventManager : Event: ======'init_phase_3'====== Args={}
2025-10-12 08:47:18,786 : EventManager : Event: ======'init_phase_4'====== Args={}
2025-10-12 08:47:18,786 : EventManager : Event: ======'init_phase_5'====== Args={}
2025-10-12 08:47:18,787 : EventManager : Event: ======'init_done'====== Args={}
2025-10-12 08:47:18,787 : MPF-MC BCP Server : Starting up on localhost port 5050
2025-10-12 08:47:18,790 : MPF-MC BCP Server : Waiting for a connection...
2025-10-12 08:47:18,794 : EventManager : Event: ======'client_disconnected'====== Args={'host': '127.0.0.1', 'port': 5050}
2025-10-12 08:47:19,726 : MPF-MC BCP Server : Received connection from: 127.0.0.1:61727
2025-10-12 08:47:19,727 : EventManager : Event: ======'client_connected'====== Args={'host': '127.0.0.1', 'port': 61727}
2025-10-12 08:47:19,946 : EventManager : Event: ======'machine_var_credits_string'====== Args={'value': 'FREE PLAY', 'prev_value': None, 'change': True}
2025-10-12 08:47:19,946 : EventManager : Event: ======'machine_var_master_volume'====== Args={'value': 0.5, 'prev_value': None, 'change': True}
2025-10-12 08:47:19,946 : EventManager : Event: ======'machine_var_player1_score'====== Args={'value': 9012700, 'prev_value': None, 'change': True}
2025-10-12 08:47:19,946 : EventManager : Event: ======'machine_var_mpf_version'====== Args={'value': 'Mission Pinball Framework v0.57.0.dev39', 'prev_value': None, 'change': True}
2025-10-12 08:47:19,946 : EventManager : Event: ======'machine_var_mpf_extended_version'====== Args={'value': 'Mission Pinball Framework v0.57.0.dev39, Config version:6, Show version: 6, BCP version:1.1', 'prev_value': None, 'change': True}
2025-10-12 08:47:19,946 : EventManager : Event: ======'machine_var_python_version'====== Args={'value': '3.9.13', 'prev_value': None, 'change': True}
2025-10-12 08:47:19,946 : EventManager : Event: ======'machine_var_platform'====== Args={'value': 'Windows-10-10.0.19045-SP0', 'prev_value': None, 'change': True}
2025-10-12 08:47:19,946 : EventManager : Event: ======'machine_var_platform_system'====== Args={'value': 'Windows', 'prev_value': None, 'change': True}
2025-10-12 08:47:19,946 : EventManager : Event: ======'machine_var_platform_release'====== Args={'value': '10', 'prev_value': None, 'change': True}
2025-10-12 08:47:19,946 : EventManager : Event: ======'machine_var_platform_version'====== Args={'value': '10.0.19045', 'prev_value': None, 'change': True}
2025-10-12 08:47:19,946 : EventManager : Event: ======'machine_var_platform_machine'====== Args={'value': 'AMD64', 'prev_value': None, 'change': True}
2025-10-12 08:47:19,947 : EventManager : Event: ======'machine_var_mc_version'====== Args={'value': 'MPF-MC v0.57.0.dev10', 'prev_value': None, 'change': True}
2025-10-12 08:47:19,947 : EventManager : Event: ======'machine_var_mc_extended_version'====== Args={'value': 'MPF-MC v0.57.0.dev10 (config_version=6, BCP v1.1,                      Requires MPF API compatibility v0.57.0.dev19 or newer)', 'prev_value': None, 'change': True}
2025-10-12 08:47:19,947 : EventManager : Event: ======'machine_var_credits_string'====== Args={'value': 'FREE PLAY', 'prev_value': None, 'change': True}
2025-10-12 08:47:19,947 : EventManager : Event: ======'machine_var_master_volume'====== Args={'value': 0.5, 'prev_value': None, 'change': True}
2025-10-12 08:47:19,947 : EventManager : Event: ======'machine_var_player1_score'====== Args={'value': 9012700, 'prev_value': None, 'change': True}
2025-10-12 08:47:19,947 : EventManager : Event: ======'machine_var_mpf_version'====== Args={'value': 'Mission Pinball Framework v0.57.0.dev39', 'prev_value': None, 'change': True}
2025-10-12 08:47:19,947 : EventManager : Event: ======'machine_var_mpf_extended_version'====== Args={'value': 'Mission Pinball Framework v0.57.0.dev39, Config version:6, Show version: 6, BCP version:1.1', 'prev_value': None, 'change': True}
2025-10-12 08:47:19,947 : EventManager : Event: ======'machine_var_python_version'====== Args={'value': '3.9.13', 'prev_value': None, 'change': True}
2025-10-12 08:47:19,947 : EventManager : Event: ======'machine_var_platform'====== Args={'value': 'Windows-10-10.0.19045-SP0', 'prev_value': None, 'change': True}
2025-10-12 08:47:19,947 : EventManager : Event: ======'machine_var_platform_system'====== Args={'value': 'Windows', 'prev_value': None, 'change': True}
2025-10-12 08:47:19,947 : EventManager : Event: ======'machine_var_platform_release'====== Args={'value': '10', 'prev_value': None, 'change': True}
2025-10-12 08:47:19,947 : EventManager : Event: ======'machine_var_platform_version'====== Args={'value': '10.0.19045', 'prev_value': None, 'change': True}
2025-10-12 08:47:19,947 : EventManager : Event: ======'machine_var_platform_machine'====== Args={'value': 'AMD64', 'prev_value': None, 'change': True}
2025-10-12 08:47:19,947 : EventManager : Event: ======'machine_var_mc_version'====== Args={'value': 'MPF-MC v0.57.0.dev10', 'prev_value': None, 'change': True}
2025-10-12 08:47:19,947 : EventManager : Event: ======'machine_var_mc_extended_version'====== Args={'value': 'MPF-MC v0.57.0.dev10 (config_version=6, BCP v1.1,                      Requires MPF API compatibility v0.57.0.dev19 or newer)', 'prev_value': None, 'change': True}
2025-10-12 08:47:19,948 : EventManager : Event: ======'machine_var_credits_string'====== Args={'value': 'FREE PLAY', 'prev_value': None, 'change': True}
2025-10-12 08:47:19,948 : EventManager : Event: ======'machine_var_master_volume'====== Args={'value': 0.5, 'prev_value': None, 'change': True}
2025-10-12 08:47:19,948 : EventManager : Event: ======'machine_var_player1_score'====== Args={'value': 9012700, 'prev_value': None, 'change': True}
2025-10-12 08:47:19,948 : EventManager : Event: ======'machine_var_mpf_version'====== Args={'value': 'Mission Pinball Framework v0.57.0.dev39', 'prev_value': None, 'change': True}
2025-10-12 08:47:19,948 : EventManager : Event: ======'machine_var_mpf_extended_version'====== Args={'value': 'Mission Pinball Framework v0.57.0.dev39, Config version:6, Show version: 6, BCP version:1.1', 'prev_value': None, 'change': True}
2025-10-12 08:47:19,948 : EventManager : Event: ======'machine_var_python_version'====== Args={'value': '3.9.13', 'prev_value': None, 'change': True}
2025-10-12 08:47:19,948 : EventManager : Event: ======'machine_var_platform'====== Args={'value': 'Windows-10-10.0.19045-SP0', 'prev_value': None, 'change': True}
2025-10-12 08:47:19,948 : EventManager : Event: ======'machine_var_platform_system'====== Args={'value': 'Windows', 'prev_value': None, 'change': True}
2025-10-12 08:47:19,948 : EventManager : Event: ======'machine_var_platform_release'====== Args={'value': '10', 'prev_value': None, 'change': True}
2025-10-12 08:47:19,948 : EventManager : Event: ======'machine_var_platform_version'====== Args={'value': '10.0.19045', 'prev_value': None, 'change': True}
2025-10-12 08:47:19,948 : EventManager : Event: ======'machine_var_platform_machine'====== Args={'value': 'AMD64', 'prev_value': None, 'change': True}
2025-10-12 08:47:19,948 : EventManager : Event: ======'machine_var_mc_version'====== Args={'value': 'MPF-MC v0.57.0.dev10', 'prev_value': None, 'change': True}
2025-10-12 08:47:19,948 : EventManager : Event: ======'machine_var_mc_extended_version'====== Args={'value': 'MPF-MC v0.57.0.dev10 (config_version=6, BCP v1.1,                      Requires MPF API compatibility v0.57.0.dev19 or newer)', 'prev_value': None, 'change': True}
2025-10-12 08:47:19,949 : EventManager : Event: ======'machine_var_credits_string'====== Args={'value': 'FREE PLAY', 'prev_value': None, 'change': True}
2025-10-12 08:47:19,949 : EventManager : Event: ======'machine_var_master_volume'====== Args={'value': 0.5, 'prev_value': None, 'change': True}
2025-10-12 08:47:19,949 : EventManager : Event: ======'machine_var_player1_score'====== Args={'value': 9012700, 'prev_value': None, 'change': True}
2025-10-12 08:47:19,949 : EventManager : Event: ======'machine_var_mpf_version'====== Args={'value': 'Mission Pinball Framework v0.57.0.dev39', 'prev_value': None, 'change': True}
2025-10-12 08:47:19,949 : EventManager : Event: ======'machine_var_mpf_extended_version'====== Args={'value': 'Mission Pinball Framework v0.57.0.dev39, Config version:6, Show version: 6, BCP version:1.1', 'prev_value': None, 'change': True}
2025-10-12 08:47:19,949 : EventManager : Event: ======'machine_var_python_version'====== Args={'value': '3.9.13', 'prev_value': None, 'change': True}
2025-10-12 08:47:19,949 : EventManager : Event: ======'machine_var_platform'====== Args={'value': 'Windows-10-10.0.19045-SP0', 'prev_value': None, 'change': True}
2025-10-12 08:47:19,949 : EventManager : Event: ======'machine_var_platform_system'====== Args={'value': 'Windows', 'prev_value': None, 'change': True}
2025-10-12 08:47:19,949 : EventManager : Event: ======'machine_var_platform_release'====== Args={'value': '10', 'prev_value': None, 'change': True}
2025-10-12 08:47:19,949 : EventManager : Event: ======'machine_var_platform_version'====== Args={'value': '10.0.19045', 'prev_value': None, 'change': True}
2025-10-12 08:47:19,949 : EventManager : Event: ======'machine_var_platform_machine'====== Args={'value': 'AMD64', 'prev_value': None, 'change': True}
2025-10-12 08:47:19,949 : EventManager : Event: ======'machine_var_mc_version'====== Args={'value': 'MPF-MC v0.57.0.dev10', 'prev_value': None, 'change': True}
2025-10-12 08:47:19,949 : EventManager : Event: ======'machine_var_mc_extended_version'====== Args={'value': 'MPF-MC v0.57.0.dev10 (config_version=6, BCP v1.1,                      Requires MPF API compatibility v0.57.0.dev19 or newer)', 'prev_value': None, 'change': True}
2025-10-12 08:47:19,949 : SoundSystem : Setting master volume to 0.5
2025-10-12 08:47:19,950 : SoundSystem : Setting master volume to 0.5
2025-10-12 08:47:19,950 : SoundSystem : Setting master volume to 0.5
2025-10-12 08:47:19,950 : SoundSystem : Setting master volume to 0.5
2025-10-12 08:47:20,035 : EventManager : Event: ======'machine_var_audits_events_game_ended'====== Args={'value': 48, 'prev_value': None, 'change': True}
2025-10-12 08:47:20,060 : EventManager : Event: ======'machine_var_audits_events_game_started'====== Args={'value': 196, 'prev_value': None, 'change': True}
2025-10-12 08:47:20,060 : EventManager : Event: ======'machine_var_audits_missing_switches_s_A'====== Args={'value': 67, 'prev_value': None, 'change': True}
2025-10-12 08:47:20,060 : EventManager : Event: ======'machine_var_audits_missing_switches_s_Eb'====== Args={'value': 67, 'prev_value': None, 'change': True}
2025-10-12 08:47:20,060 : EventManager : Event: ======'machine_var_audits_missing_switches_s_L'====== Args={'value': 67, 'prev_value': None, 'change': True}
2025-10-12 08:47:20,060 : EventManager : Event: ======'machine_var_audits_missing_switches_s_R'====== Args={'value': 67, 'prev_value': None, 'change': True}
2025-10-12 08:47:20,060 : EventManager : Event: ======'machine_var_audits_missing_switches_s_Tb'====== Args={'value': 67, 'prev_value': None, 'change': True}
2025-10-12 08:47:20,060 : EventManager : Event: ======'machine_var_audits_missing_switches_s_V'====== Args={'value': 67, 'prev_value': None, 'change': True}
2025-10-12 08:47:20,060 : EventManager : Event: ======'machine_var_audits_missing_switches_s_bumper1'====== Args={'value': 3, 'prev_value': None, 'change': True}
2025-10-12 08:47:20,060 : EventManager : Event: ======'machine_var_audits_missing_switches_s_bumper2'====== Args={'value': 1, 'prev_value': None, 'change': True}
2025-10-12 08:47:20,060 : EventManager : Event: ======'machine_var_audits_missing_switches_s_bumper_1'====== Args={'value': 28, 'prev_value': None, 'change': True}
2025-10-12 08:47:20,060 : EventManager : Event: ======'machine_var_audits_missing_switches_s_bumper_2'====== Args={'value': 28, 'prev_value': None, 'change': True}
2025-10-12 08:47:20,061 : EventManager : Event: ======'machine_var_audits_missing_switches_s_center_center_target'====== Args={'value': 60, 'prev_value': None, 'change': True}
2025-10-12 08:47:20,061 : EventManager : Event: ======'machine_var_audits_missing_switches_s_center_rollover'====== Args={'value': 1, 'prev_value': None, 'change': True}
2025-10-12 08:47:20,061 : EventManager : Event: ======'machine_var_audits_missing_switches_s_launcher_lane_spinner'====== Args={'value': 122, 'prev_value': None, 'change': True}
2025-10-12 08:47:20,061 : EventManager : Event: ======'machine_var_audits_missing_switches_s_left_center_target'====== Args={'value': 60, 'prev_value': None, 'change': True}
2025-10-12 08:47:20,061 : EventManager : Event: ======'machine_var_audits_missing_switches_s_left_corridor_spinner'====== Args={'value': 122, 'prev_value': None, 'change': True}
2025-10-12 08:47:20,061 : EventManager : Event: ======'machine_var_audits_missing_switches_s_left_corridor_spinner2'====== Args={'value': 122, 'prev_value': None, 'change': True}
2025-10-12 08:47:20,061 : EventManager : Event: ======'machine_var_audits_missing_switches_s_left_flipper'====== Args={'value': 45, 'prev_value': None, 'change': True}
2025-10-12 08:47:20,061 : EventManager : Event: ======'machine_var_audits_missing_switches_s_left_inlane'====== Args={'value': 149, 'prev_value': None, 'change': True}
2025-10-12 08:47:20,061 : EventManager : Event: ======'machine_var_audits_missing_switches_s_left_outlane'====== Args={'value': 159, 'prev_value': None, 'change': True}
2025-10-12 08:47:20,061 : EventManager : Event: ======'machine_var_audits_missing_switches_s_left_rollover'====== Args={'value': 1, 'prev_value': None, 'change': True}
2025-10-12 08:47:20,062 : EventManager : Event: ======'machine_var_audits_missing_switches_s_left_scoop'====== Args={'value': 18, 'prev_value': None, 'change': True}
2025-10-12 08:47:20,062 : EventManager : Event: ======'machine_var_audits_missing_switches_s_left_standup'====== Args={'value': 121, 'prev_value': None, 'change': True}
2025-10-12 08:47:20,062 : EventManager : Event: ======'machine_var_audits_missing_switches_s_right_center_target'====== Args={'value': 15, 'prev_value': None, 'change': True}
2025-10-12 08:47:20,062 : EventManager : Event: ======'machine_var_audits_missing_switches_s_right_corridor_spinner'====== Args={'value': 122, 'prev_value': None, 'change': True}
2025-10-12 08:47:20,062 : EventManager : Event: ======'machine_var_audits_missing_switches_s_right_flipper'====== Args={'value': 45, 'prev_value': None, 'change': True}
2025-10-12 08:47:20,062 : EventManager : Event: ======'machine_var_audits_missing_switches_s_right_inlane'====== Args={'value': 10, 'prev_value': None, 'change': True}
2025-10-12 08:47:20,062 : EventManager : Event: ======'machine_var_audits_missing_switches_s_right_outlane'====== Args={'value': 159, 'prev_value': None, 'change': True}
2025-10-12 08:47:20,062 : EventManager : Event: ======'machine_var_audits_missing_switches_s_right_scoop'====== Args={'value': 8, 'prev_value': None, 'change': True}
2025-10-12 08:47:20,062 : EventManager : Event: ======'machine_var_audits_missing_switches_s_right_standup'====== Args={'value': 9, 'prev_value': None, 'change': True}
2025-10-12 08:47:20,062 : EventManager : Event: ======'machine_var_audits_missing_switches_s_sling_left'====== Args={'value': 149, 'prev_value': None, 'change': True}
2025-10-12 08:47:20,062 : EventManager : Event: ======'machine_var_audits_missing_switches_s_sling_right'====== Args={'value': 45, 'prev_value': None, 'change': True}
2025-10-12 08:47:20,062 : EventManager : Event: ======'machine_var_audits_missing_switches_s_standup_1'====== Args={'value': 7, 'prev_value': None, 'change': True}
2025-10-12 08:47:20,062 : EventManager : Event: ======'machine_var_audits_missing_switches_s_standup_2'====== Args={'value': 6, 'prev_value': None, 'change': True}
2025-10-12 08:47:20,063 : EventManager : Event: ======'machine_var_audits_missing_switches_s_standup_3'====== Args={'value': 6, 'prev_value': None, 'change': True}
2025-10-12 08:47:20,063 : EventManager : Event: ======'machine_var_audits_missing_switches_s_standup_4'====== Args={'value': 7, 'prev_value': None, 'change': True}
2025-10-12 08:47:20,063 : EventManager : Event: ======'machine_var_audits_missing_switches_s_standup_5'====== Args={'value': 10, 'prev_value': None, 'change': True}
2025-10-12 08:47:20,063 : EventManager : Event: ======'machine_var_audits_missing_switches_s_standup_6'====== Args={'value': 14, 'prev_value': None, 'change': True}
2025-10-12 08:47:20,063 : EventManager : Event: ======'machine_var_audits_missing_switches_s_start'====== Args={'value': 3, 'prev_value': None, 'change': True}
2025-10-12 08:47:20,063 : EventManager : Event: ======'machine_var_audits_missing_switches_s_top_left_standup'====== Args={'value': 121, 'prev_value': None, 'change': True}
2025-10-12 08:47:20,063 : EventManager : Event: ======'machine_var_audits_missing_switches_s_top_left_standup2'====== Args={'value': 62, 'prev_value': None, 'change': True}
2025-10-12 08:47:20,063 : EventManager : Event: ======'machine_var_audits_missing_switches_s_trough1'====== Args={'value': 1, 'prev_value': None, 'change': True}
2025-10-12 08:47:20,063 : EventManager : Event: ======'machine_var_audits_missing_switches_s_trough2'====== Args={'value': 196, 'prev_value': None, 'change': True}
2025-10-12 08:47:20,063 : EventManager : Event: ======'machine_var_audits_missing_switches_s_trough3'====== Args={'value': 196, 'prev_value': None, 'change': True}
2025-10-12 08:47:20,063 : EventManager : Event: ======'machine_var_audits_missing_switches_s_trough4'====== Args={'value': 196, 'prev_value': None, 'change': True}
2025-10-12 08:47:20,063 : EventManager : Event: ======'machine_var_audits_missing_switches_s_trough5'====== Args={'value': 196, 'prev_value': None, 'change': True}
2025-10-12 08:47:20,063 : EventManager : Event: ======'machine_var_audits_missing_switches_s_trough6'====== Args={'value': 196, 'prev_value': None, 'change': True}
2025-10-12 08:47:20,063 : EventManager : Event: ======'machine_var_audits_missing_switches_s_trough_jam'====== Args={'value': 196, 'prev_value': None, 'change': True}
2025-10-12 08:47:20,064 : EventManager : Event: ======'machine_var_audits_player_score'====== Args={'value': {'average': 3498128, 'top': [75043600, 70538842, 13531600, 9012700, 2008600, 1234200, 1027900, 1024400, 606200, 211200], 'total': 50}, 'prev_value': None, 'change': True}
2025-10-12 08:47:20,064 : EventManager : Event: ======'machine_var_audits_shots_E'====== Args={'value': 3, 'prev_value': None, 'change': True}
2025-10-12 08:47:20,064 : EventManager : Event: ======'machine_var_audits_shots_I'====== Args={'value': 3, 'prev_value': None, 'change': True}
2025-10-12 08:47:20,064 : EventManager : Event: ======'machine_var_audits_shots_M'====== Args={'value': 3, 'prev_value': None, 'change': True}
2025-10-12 08:47:20,064 : EventManager : Event: ======'machine_var_audits_shots_T'====== Args={'value': 3, 'prev_value': None, 'change': True}
2025-10-12 08:47:20,064 : EventManager : Event: ======'machine_var_audits_shots_bumper1_shot'====== Args={'value': 150, 'prev_value': None, 'change': True}
2025-10-12 08:47:20,064 : EventManager : Event: ======'machine_var_audits_shots_bumper2_shot'====== Args={'value': 469, 'prev_value': None, 'change': True}
2025-10-12 08:47:20,064 : EventManager : Event: ======'machine_var_audits_shots_center_rollover'====== Args={'value': 7, 'prev_value': None, 'change': True}
2025-10-12 08:47:20,064 : EventManager : Event: ======'machine_var_audits_shots_center_rollover_shot'====== Args={'value': 276, 'prev_value': None, 'change': True}
2025-10-12 08:47:20,064 : EventManager : Event: ======'machine_var_audits_shots_jets'====== Args={'value': 560, 'prev_value': None, 'change': True}
2025-10-12 08:47:20,064 : EventManager : Event: ======'machine_var_audits_shots_left_rollover'====== Args={'value': 36, 'prev_value': None, 'change': True}
2025-10-12 08:47:20,064 : EventManager : Event: ======'machine_var_audits_shots_left_rollover_shot'====== Args={'value': 220, 'prev_value': None, 'change': True}
2025-10-12 08:47:20,065 : EventManager : Event: ======'machine_var_audits_shots_left_scoop_shot'====== Args={'value': 28, 'prev_value': None, 'change': True}
2025-10-12 08:47:20,065 : EventManager : Event: ======'machine_var_audits_shots_middle_inlane_shot'====== Args={'value': 20, 'prev_value': None, 'change': True}
2025-10-12 08:47:20,065 : EventManager : Event: ======'machine_var_audits_shots_my_first_shot'====== Args={'value': 95, 'prev_value': None, 'change': True}
2025-10-12 08:47:20,065 : EventManager : Event: ======'machine_var_audits_shots_right_inlane_shot'====== Args={'value': 61, 'prev_value': None, 'change': True}
2025-10-12 08:47:20,065 : EventManager : Event: ======'machine_var_audits_shots_right_rollover'====== Args={'value': 41, 'prev_value': None, 'change': True}
2025-10-12 08:47:20,065 : EventManager : Event: ======'machine_var_audits_shots_right_rollover_shot'====== Args={'value': 287, 'prev_value': None, 'change': True}
2025-10-12 08:47:20,065 : EventManager : Event: ======'machine_var_audits_shots_right_scoop_shot'====== Args={'value': 43, 'prev_value': None, 'change': True}
2025-10-12 08:47:20,065 : EventManager : Event: ======'machine_var_audits_shots_standup_1_skill'====== Args={'value': 40, 'prev_value': None, 'change': True}
2025-10-12 08:47:20,065 : EventManager : Event: ======'machine_var_audits_shots_standup_2_skill'====== Args={'value': 17, 'prev_value': None, 'change': True}
2025-10-12 08:47:20,065 : EventManager : Event: ======'machine_var_audits_shots_standup_3_skill'====== Args={'value': 10, 'prev_value': None, 'change': True}
2025-10-12 08:47:20,065 : EventManager : Event: ======'machine_var_audits_shots_standup_4_skill'====== Args={'value': 8, 'prev_value': None, 'change': True}
2025-10-12 08:47:20,065 : EventManager : Event: ======'machine_var_audits_shots_standup_5_skill'====== Args={'value': 4, 'prev_value': None, 'change': True}
2025-10-12 08:47:20,065 : EventManager : Event: ======'machine_var_audits_shots_standup_6_skill'====== Args={'value': 2, 'prev_value': None, 'change': True}
2025-10-12 08:47:20,065 : EventManager : Event: ======'machine_var_audits_shots_top_middle_inlane_shot'====== Args={'value': 41, 'prev_value': None, 'change': True}
2025-10-12 08:47:20,065 : EventManager : Event: ======'machine_var_audits_switches_s_A'====== Args={'value': 0, 'prev_value': None, 'change': True}
2025-10-12 08:47:20,066 : EventManager : Event: ======'machine_var_audits_switches_s_E'====== Args={'value': 7, 'prev_value': None, 'change': True}
2025-10-12 08:47:20,066 : EventManager : Event: ======'machine_var_audits_switches_s_Eb'====== Args={'value': 0, 'prev_value': None, 'change': True}
2025-10-12 08:47:20,066 : EventManager : Event: ======'machine_var_audits_switches_s_I'====== Args={'value': 7, 'prev_value': None, 'change': True}
2025-10-12 08:47:20,066 : EventManager : Event: ======'machine_var_audits_switches_s_L'====== Args={'value': 0, 'prev_value': None, 'change': True}
2025-10-12 08:47:20,066 : EventManager : Event: ======'machine_var_audits_switches_s_M'====== Args={'value': 7, 'prev_value': None, 'change': True}
2025-10-12 08:47:20,066 : EventManager : Event: ======'machine_var_audits_switches_s_R'====== Args={'value': 0, 'prev_value': None, 'change': True}
2025-10-12 08:47:20,066 : EventManager : Event: ======'machine_var_audits_switches_s_T'====== Args={'value': 7, 'prev_value': None, 'change': True}
2025-10-12 08:47:20,066 : EventManager : Event: ======'machine_var_audits_switches_s_Tb'====== Args={'value': 0, 'prev_value': None, 'change': True}
2025-10-12 08:47:20,066 : EventManager : Event: ======'machine_var_audits_switches_s_V'====== Args={'value': 0, 'prev_value': None, 'change': True}
2025-10-12 08:47:20,066 : EventManager : Event: ======'machine_var_audits_switches_s_bumper1'====== Args={'value': 150, 'prev_value': None, 'change': True}
2025-10-12 08:47:20,066 : EventManager : Event: ======'machine_var_audits_switches_s_bumper2'====== Args={'value': 473, 'prev_value': None, 'change': True}
2025-10-12 08:47:20,066 : EventManager : Event: ======'machine_var_audits_switches_s_bumper_1'====== Args={'value': 0, 'prev_value': None, 'change': True}
2025-10-12 08:47:20,066 : EventManager : Event: ======'machine_var_audits_switches_s_bumper_2'====== Args={'value': 0, 'prev_value': None, 'change': True}
2025-10-12 08:47:20,066 : EventManager : Event: ======'machine_var_audits_switches_s_center_center_target'====== Args={'value': 1, 'prev_value': None, 'change': True}
2025-10-12 08:47:20,066 : EventManager : Event: ======'machine_var_audits_switches_s_center_rollover'====== Args={'value': 285, 'prev_value': None, 'change': True}
2025-10-12 08:47:20,067 : EventManager : Event: ======'machine_var_audits_switches_s_launcher_lane_spinner'====== Args={'value': 0, 'prev_value': None, 'change': True}
2025-10-12 08:47:20,067 : EventManager : Event: ======'machine_var_audits_switches_s_left_center_target'====== Args={'value': 2, 'prev_value': None, 'change': True}
2025-10-12 08:47:20,067 : EventManager : Event: ======'machine_var_audits_switches_s_left_corridor_spinner'====== Args={'value': 0, 'prev_value': None, 'change': True}
2025-10-12 08:47:20,067 : EventManager : Event: ======'machine_var_audits_switches_s_left_corridor_spinner2'====== Args={'value': 0, 'prev_value': None, 'change': True}
2025-10-12 08:47:20,067 : EventManager : Event: ======'machine_var_audits_switches_s_left_flipper'====== Args={'value': 330, 'prev_value': None, 'change': True}
2025-10-12 08:47:20,067 : EventManager : Event: ======'machine_var_audits_switches_s_left_inlane'====== Args={'value': 8, 'prev_value': None, 'change': True}
2025-10-12 08:47:20,067 : EventManager : Event: ======'machine_var_audits_switches_s_left_outlane'====== Args={'value': 3, 'prev_value': None, 'change': True}
2025-10-12 08:47:20,067 : EventManager : Event: ======'machine_var_audits_switches_s_left_rollover'====== Args={'value': 228, 'prev_value': None, 'change': True}
2025-10-12 08:47:20,067 : EventManager : Event: ======'machine_var_audits_switches_s_left_scoop'====== Args={'value': 222, 'prev_value': None, 'change': True}
2025-10-12 08:47:20,067 : EventManager : Event: ======'machine_var_audits_switches_s_left_standup'====== Args={'value': 0, 'prev_value': None, 'change': True}
2025-10-12 08:47:20,067 : EventManager : Event: ======'machine_var_audits_switches_s_middle_inlane'====== Args={'value': 20, 'prev_value': None, 'change': True}
2025-10-12 08:47:20,067 : EventManager : Event: ======'machine_var_audits_switches_s_plunger'====== Args={'value': 365, 'prev_value': None, 'change': True}
2025-10-12 08:47:20,067 : EventManager : Event: ======'machine_var_audits_switches_s_right_center_target'====== Args={'value': 4, 'prev_value': None, 'change': True}
2025-10-12 08:47:20,067 : EventManager : Event: ======'machine_var_audits_switches_s_right_corridor_spinner'====== Args={'value': 0, 'prev_value': None, 'change': True}
2025-10-12 08:47:20,067 : EventManager : Event: ======'machine_var_audits_switches_s_right_flipper'====== Args={'value': 146, 'prev_value': None, 'change': True}
2025-10-12 08:47:20,068 : EventManager : Event: ======'machine_var_audits_switches_s_right_inlane'====== Args={'value': 188, 'prev_value': None, 'change': True}
2025-10-12 08:47:20,068 : EventManager : Event: ======'machine_var_audits_switches_s_right_outlane'====== Args={'value': 3, 'prev_value': None, 'change': True}
2025-10-12 08:47:20,068 : EventManager : Event: ======'machine_var_audits_switches_s_right_rollover'====== Args={'value': 296, 'prev_value': None, 'change': True}
2025-10-12 08:47:20,068 : EventManager : Event: ======'machine_var_audits_switches_s_right_scoop'====== Args={'value': 60, 'prev_value': None, 'change': True}
2025-10-12 08:47:20,068 : EventManager : Event: ======'machine_var_audits_switches_s_right_standup'====== Args={'value': 6, 'prev_value': None, 'change': True}
2025-10-12 08:47:20,068 : EventManager : Event: ======'machine_var_audits_switches_s_sling_left'====== Args={'value': 3, 'prev_value': None, 'change': True}
2025-10-12 08:47:20,068 : EventManager : Event: ======'machine_var_audits_switches_s_sling_right'====== Args={'value': 8, 'prev_value': None, 'change': True}
2025-10-12 08:47:20,068 : EventManager : Event: ======'machine_var_audits_switches_s_standup_1'====== Args={'value': 78, 'prev_value': None, 'change': True}
2025-10-12 08:47:20,068 : EventManager : Event: ======'machine_var_audits_switches_s_standup_2'====== Args={'value': 37, 'prev_value': None, 'change': True}
2025-10-12 08:47:20,068 : EventManager : Event: ======'machine_var_audits_switches_s_standup_3'====== Args={'value': 40, 'prev_value': None, 'change': True}
2025-10-12 08:47:20,068 : EventManager : Event: ======'machine_var_audits_switches_s_standup_4'====== Args={'value': 23, 'prev_value': None, 'change': True}
2025-10-12 08:47:20,068 : EventManager : Event: ======'machine_var_audits_switches_s_standup_5'====== Args={'value': 21, 'prev_value': None, 'change': True}
2025-10-12 08:47:20,068 : EventManager : Event: ======'machine_var_audits_switches_s_standup_6'====== Args={'value': 10, 'prev_value': None, 'change': True}
2025-10-12 08:47:20,068 : EventManager : Event: ======'machine_var_audits_switches_s_start'====== Args={'value': 16, 'prev_value': None, 'change': True}
2025-10-12 08:47:20,069 : EventManager : Event: ======'machine_var_audits_switches_s_top_left_standup'====== Args={'value': 0, 'prev_value': None, 'change': True}
2025-10-12 08:47:20,069 : EventManager : Event: ======'machine_var_audits_switches_s_top_left_standup2'====== Args={'value': 15, 'prev_value': None, 'change': True}
2025-10-12 08:47:20,069 : EventManager : Event: ======'machine_var_audits_switches_s_top_middle_inlane'====== Args={'value': 41, 'prev_value': None, 'change': True}
2025-10-12 08:47:20,069 : EventManager : Event: ======'machine_var_audits_switches_s_trough1'====== Args={'value': 237, 'prev_value': None, 'change': True}
2025-10-12 08:47:20,069 : EventManager : Event: ======'machine_var_audits_switches_s_trough2'====== Args={'value': 0, 'prev_value': None, 'change': True}
2025-10-12 08:47:20,069 : EventManager : Event: ======'machine_var_audits_switches_s_trough3'====== Args={'value': 0, 'prev_value': None, 'change': True}
2025-10-12 08:47:20,069 : EventManager : Event: ======'machine_var_audits_switches_s_trough4'====== Args={'value': 0, 'prev_value': None, 'change': True}
2025-10-12 08:47:20,069 : EventManager : Event: ======'machine_var_audits_switches_s_trough5'====== Args={'value': 0, 'prev_value': None, 'change': True}
2025-10-12 08:47:20,069 : EventManager : Event: ======'machine_var_audits_switches_s_trough6'====== Args={'value': 0, 'prev_value': None, 'change': True}
2025-10-12 08:47:20,069 : EventManager : Event: ======'machine_var_audits_switches_s_trough_jam'====== Args={'value': 0, 'prev_value': None, 'change': True}
2025-10-12 08:47:20,095 : EventManager : Event: ======'mc_reset_phase_1'====== Args={}
2025-10-12 08:47:20,095 : EventManager : Event: ======'mc_reset_phase_2'====== Args={}
2025-10-12 08:47:20,095 : EventManager : Event: ======'mc_reset_phase_3'====== Args={}
2025-10-12 08:47:20,095 : EventManager : Event: ======'mc_reset_complete'====== Args={}
2025-10-12 08:47:20,107 : EventManager : Event: ======'slides_play'====== Args={'settings': {'awesome_slide': {'widgets': [{'type': 'text', 'text': 'TIME TRAVEL 1985', 'font_size': 50, '_default_settings': ['type', 'text', 'font_size'], 'x': None, 'y': None, 'anchor_x': 'center', 'anchor_y': 'center', 'round_anchor_x': None, 'round_anchor_y': None, 'opacity': 1.0, 'z': 0, 'reset_animations_events': {}, 'color': [1.0, 1.0, 1.0, 1.0], 'style': [], 'adjust_top': 0, 'adjust_bottom': 0, 'adjust_left': 0, 'adjust_right': 0, 'expire': None, 'key': None, 'widget': None, 'events_when_added': [], 'events_when_removed': [], 'bitmap_font': False, 'font_kerning': True, 'bold': False, 'italic': False, 'number_grouping': False, 'min_digits': 0, 'halign': 'center', 'valign': 'middle', 'rotation': 0, 'scale': 1.0, 'casing': None, 'outline_color': [1.0, 1.0, 1.0, 1.0], 'outline_width': 0, 'animations': None}], 'transition': {'type': 'push', 'duration': 1.0, 'direction': 'left', 'easing': 'out_quad'}, 'target': None, 'background_color': [0.0, 0.0, 0.0, 1.0], 'priority': None, 'show': True, 'force': False, 'expire': None, 'slide': None, 'tokens': {}, 'action': 'play'}}, 'context': 'show_2', 'calling_context': 0, 'priority': 10, 'show_tokens': {}, 'start_time': 53137.765}
2025-10-12 08:47:20,107 : EventManager : Event: ======'sounds_play'====== Args={'settings': {'music': {'action': 'play', 'loops': -1, 'priority': None, 'block': False, 'delay': None, 'track': None, 'volume': None, 'ducking': {}, 'pan': None, 'start_at': None, 'fade_in': None, 'fade_out': None, 'about_to_finish_time': -1.0, 'max_queue_time': -1.0, 'events_when_played': ['use_sound_setting'], 'events_when_stopped': ['use_sound_setting'], 'events_when_looping': ['use_sound_setting'], 'events_when_about_to_finish': ['use_sound_setting'], 'mode_end_action': 'use_sound_setting', 'key': 'use_sound_setting'}}, 'context': '_global', 'calling_context': 'mode_attract_started', 'priority': 0}
2025-10-12 08:47:20,107 : mpfmc : SlidePlayer: Play called with settings={'awesome_slide': {'widgets': [{'type': 'text', 'text': 'TIME TRAVEL 1985', 'font_size': 50, '_default_settings': ['type', 'text', 'font_size'], 'x': None, 'y': None, 'anchor_x': 'center', 'anchor_y': 'center', 'round_anchor_x': None, 'round_anchor_y': None, 'opacity': 1.0, 'z': 0, 'reset_animations_events': {}, 'color': [1.0, 1.0, 1.0, 1.0], 'style': [], 'adjust_top': 0, 'adjust_bottom': 0, 'adjust_left': 0, 'adjust_right': 0, 'expire': None, 'key': None, 'widget': None, 'events_when_added': [], 'events_when_removed': [], 'bitmap_font': False, 'font_kerning': True, 'bold': False, 'italic': False, 'number_grouping': False, 'min_digits': 0, 'halign': 'center', 'valign': 'middle', 'rotation': 0, 'scale': 1.0, 'casing': None, 'outline_color': [1.0, 1.0, 1.0, 1.0], 'outline_width': 0, 'animations': None}], 'transition': {'type': 'push', 'duration': 1.0, 'direction': 'left', 'easing': 'out_quad'}, 'target': None, 'background_color': [0.0, 0.0, 0.0, 1.0], 'priority': None, 'show': True, 'force': False, 'expire': None, 'slide': None, 'tokens': {}, 'action': 'play'}}
2025-10-12 08:47:20,112 : kivy : GL: NPOT texture support is available
2025-10-12 08:47:20,113 : EventManager : Event: ======'slide_awesome_slide_created'====== Args={}
2025-10-12 08:47:20,114 : EventManager : Event: ======'slide_awesome_slide_active'====== Args={}
2025-10-12 08:47:20,121 : EventManager : Event: ======'loading_assets'====== Args={'total': 1, 'loaded': 1, 'remaining': 0, 'percent': 100}
2025-10-12 08:47:20,121 : AssetManager : Asset loading took: 1.3743901252746582
2025-10-12 08:47:20,121 : EventManager : Event: ======'asset_loading_complete'====== Args={}
2025-10-12 08:47:20,121 : AssetManager : Loading assets: 1/1 (100%)
2025-10-12 08:47:23,100 : EventManager : Event: ======'slides_play'====== Args={'settings': {'press_start': {'widgets': [{'type': 'Text', 'text': 'PRESS START', 'animations': {'pre_show_slide': [{'property': ['opacity'], 'value': ['0'], 'duration': 0.5, 'relative': False, 'timing': 'after_previous', 'repeat': False, 'easing': 'linear', 'step': 0.0}, {'property': ['opacity'], 'value': ['1'], 'duration': 0.5, 'repeat': False, 'relative': False, 'timing': 'after_previous', 'easing': 'linear', 'step': 0.0}]}, '_default_settings': ['type', 'text', 'animations'], 'x': None, 'y': None, 'anchor_x': 'center', 'anchor_y': 'center', 'round_anchor_x': None, 'round_anchor_y': None, 'opacity': 1.0, 'z': 0, 'reset_animations_events': {}, 'color': [1.0, 1.0, 1.0, 1.0], 'style': [], 'adjust_top': 0, 'adjust_bottom': 0, 'adjust_left': 0, 'adjust_right': 0, 'expire': None, 'key': None, 'widget': None, 'events_when_added': [], 'events_when_removed': [], 'font_size': 15, 'bitmap_font': False, 'font_kerning': True, 'bold': False, 'italic': False, 'number_grouping': False, 'min_digits': 0, 'halign': 'center', 'valign': 'middle', 'rotation': 0, 'scale': 1.0, 'casing': None, 'outline_color': [1.0, 1.0, 1.0, 1.0], 'outline_width': 0}, {'type': 'Text', 'text': 'FREE PLAY', 'color': [0.0, 0.5019607843137255, 0.0, 1], 'y': '10', 'anchor_y': 'bottom', '_default_settings': ['type', 'text', 'color', 'y', 'anchor_y'], 'x': None, 'anchor_x': 'center', 'round_anchor_x': None, 'round_anchor_y': None, 'opacity': 1.0, 'z': 0, 'reset_animations_events': {}, 'style': [], 'adjust_top': 0, 'adjust_bottom': 0, 'adjust_left': 0, 'adjust_right': 0, 'expire': None, 'key': None, 'widget': None, 'events_when_added': [], 'events_when_removed': [], 'font_size': 15, 'bitmap_font': False, 'font_kerning': True, 'bold': False, 'italic': False, 'number_grouping': False, 'min_digits': 0, 'halign': 'center', 'valign': 'middle', 'rotation': 0, 'scale': 1.0, 'casing': None, 'outline_color': [1.0, 1.0, 1.0, 1.0], 'outline_width': 0, 'animations': None}], 'transition': {'type': 'move_in', 'duration': 1.0, 'direction': 'right', 'easing': 'out_quad'}, 'target': None, 'background_color': [0.0, 0.0, 0.0, 1.0], 'priority': None, 'show': True, 'force': False, 'expire': None, 'slide': None, 'tokens': {}, 'action': 'play'}}, 'context': 'show_2', 'calling_context': 1, 'priority': 10, 'show_tokens': {}, 'start_time': 53140.765}
2025-10-12 08:47:23,101 : mpfmc : SlidePlayer: Play called with settings={'press_start': {'widgets': [{'type': 'Text', 'text': 'PRESS START', 'animations': {'pre_show_slide': [{'property': ['opacity'], 'value': ['0'], 'duration': 0.5, 'relative': False, 'timing': 'after_previous', 'repeat': False, 'easing': 'linear', 'step': 0.0}, {'property': ['opacity'], 'value': ['1'], 'duration': 0.5, 'repeat': False, 'relative': False, 'timing': 'after_previous', 'easing': 'linear', 'step': 0.0}]}, '_default_settings': ['type', 'text', 'animations'], 'x': None, 'y': None, 'anchor_x': 'center', 'anchor_y': 'center', 'round_anchor_x': None, 'round_anchor_y': None, 'opacity': 1.0, 'z': 0, 'reset_animations_events': {}, 'color': [1.0, 1.0, 1.0, 1.0], 'style': [], 'adjust_top': 0, 'adjust_bottom': 0, 'adjust_left': 0, 'adjust_right': 0, 'expire': None, 'key': None, 'widget': None, 'events_when_added': [], 'events_when_removed': [], 'font_size': 15, 'bitmap_font': False, 'font_kerning': True, 'bold': False, 'italic': False, 'number_grouping': False, 'min_digits': 0, 'halign': 'center', 'valign': 'middle', 'rotation': 0, 'scale': 1.0, 'casing': None, 'outline_color': [1.0, 1.0, 1.0, 1.0], 'outline_width': 0}, {'type': 'Text', 'text': 'FREE PLAY', 'color': [0.0, 0.5019607843137255, 0.0, 1], 'y': '10', 'anchor_y': 'bottom', '_default_settings': ['type', 'text', 'color', 'y', 'anchor_y'], 'x': None, 'anchor_x': 'center', 'round_anchor_x': None, 'round_anchor_y': None, 'opacity': 1.0, 'z': 0, 'reset_animations_events': {}, 'style': [], 'adjust_top': 0, 'adjust_bottom': 0, 'adjust_left': 0, 'adjust_right': 0, 'expire': None, 'key': None, 'widget': None, 'events_when_added': [], 'events_when_removed': [], 'font_size': 15, 'bitmap_font': False, 'font_kerning': True, 'bold': False, 'italic': False, 'number_grouping': False, 'min_digits': 0, 'halign': 'center', 'valign': 'middle', 'rotation': 0, 'scale': 1.0, 'casing': None, 'outline_color': [1.0, 1.0, 1.0, 1.0], 'outline_width': 0, 'animations': None}], 'transition': {'type': 'move_in', 'duration': 1.0, 'direction': 'right', 'easing': 'out_quad'}, 'target': None, 'background_color': [0.0, 0.0, 0.0, 1.0], 'priority': None, 'show': True, 'force': False, 'expire': None, 'slide': None, 'tokens': {}, 'action': 'play'}}
2025-10-12 08:47:23,111 : EventManager : Event: ======'slide_press_start_created'====== Args={}
2025-10-12 08:47:23,115 : EventManager : Event: ======'slide_press_start_active'====== Args={}
2025-10-12 08:47:26,103 : EventManager : Event: ======'slides_play'====== Args={'settings': {'mission_pinball': {'widgets': [{'type': 'Text', 'text': 'MISSION PINBALL | RICHARD ZUPPA', 'color': [1.0, 0.0, 0.0, 1], '_default_settings': ['type', 'text', 'color'], 'x': None, 'y': None, 'anchor_x': 'center', 'anchor_y': 'center', 'round_anchor_x': None, 'round_anchor_y': None, 'opacity': 1.0, 'z': 0, 'reset_animations_events': {}, 'style': [], 'adjust_top': 0, 'adjust_bottom': 0, 'adjust_left': 0, 'adjust_right': 0, 'expire': None, 'key': None, 'widget': None, 'events_when_added': [], 'events_when_removed': [], 'font_size': 15, 'bitmap_font': False, 'font_kerning': True, 'bold': False, 'italic': False, 'number_grouping': False, 'min_digits': 0, 'halign': 'center', 'valign': 'middle', 'rotation': 0, 'scale': 1.0, 'casing': None, 'outline_color': [1.0, 1.0, 1.0, 1.0], 'outline_width': 0, 'animations': None}], 'transition': {'type': 'move_in', 'duration': 1.0, 'direction': 'top', 'easing': 'out_quad'}, 'target': None, 'background_color': [0.0, 0.0, 0.0, 1.0], 'priority': None, 'show': True, 'force': False, 'expire': None, 'slide': None, 'tokens': {}, 'action': 'play'}}, 'context': 'show_2', 'calling_context': 2, 'priority': 10, 'show_tokens': {}, 'start_time': 53143.765}
2025-10-12 08:47:26,103 : mpfmc : SlidePlayer: Play called with settings={'mission_pinball': {'widgets': [{'type': 'Text', 'text': 'MISSION PINBALL | RICHARD ZUPPA', 'color': [1.0, 0.0, 0.0, 1], '_default_settings': ['type', 'text', 'color'], 'x': None, 'y': None, 'anchor_x': 'center', 'anchor_y': 'center', 'round_anchor_x': None, 'round_anchor_y': None, 'opacity': 1.0, 'z': 0, 'reset_animations_events': {}, 'style': [], 'adjust_top': 0, 'adjust_bottom': 0, 'adjust_left': 0, 'adjust_right': 0, 'expire': None, 'key': None, 'widget': None, 'events_when_added': [], 'events_when_removed': [], 'font_size': 15, 'bitmap_font': False, 'font_kerning': True, 'bold': False, 'italic': False, 'number_grouping': False, 'min_digits': 0, 'halign': 'center', 'valign': 'middle', 'rotation': 0, 'scale': 1.0, 'casing': None, 'outline_color': [1.0, 1.0, 1.0, 1.0], 'outline_width': 0, 'animations': None}], 'transition': {'type': 'move_in', 'duration': 1.0, 'direction': 'top', 'easing': 'out_quad'}, 'target': None, 'background_color': [0.0, 0.0, 0.0, 1.0], 'priority': None, 'show': True, 'force': False, 'expire': None, 'slide': None, 'tokens': {}, 'action': 'play'}}
2025-10-12 08:47:26,109 : EventManager : Event: ======'slide_mission_pinball_created'====== Args={}
2025-10-12 08:47:26,111 : EventManager : Event: ======'slide_mission_pinball_active'====== Args={}
2025-10-12 08:47:27,734 : EventManager : Event: ======'game_started'====== Args={}
2025-10-12 08:47:27,759 : EventManager : Event: ======'slides_clear'====== Args={'context': 'show_2'}
2025-10-12 08:47:27,759 : EventManager : Event: ======'sounds_play'====== Args={'settings': {'music': {'action': 'stop', 'priority': None, 'block': False, 'delay': None, 'track': None, 'volume': None, 'ducking': {}, 'pan': None, 'loops': None, 'start_at': None, 'fade_in': None, 'fade_out': None, 'about_to_finish_time': -1.0, 'max_queue_time': -1.0, 'events_when_played': ['use_sound_setting'], 'events_when_stopped': ['use_sound_setting'], 'events_when_looping': ['use_sound_setting'], 'events_when_about_to_finish': ['use_sound_setting'], 'mode_end_action': 'use_sound_setting', 'key': 'use_sound_setting'}}, 'context': '_global', 'calling_context': 'mode_attract_stopped', 'priority': 0}
2025-10-12 08:47:27,759 : EventManager : Event: ======'player_added'====== Args={'player': <Player 1>, 'num': 1}
2025-10-12 08:47:27,760 : EventManager : Event: ======'player_index'====== Args={'value': 0, 'prev_value': 0, 'change': 0, 'player_num': 1}
2025-10-12 08:47:27,760 : EventManager : Event: ======'player_number'====== Args={'value': 1, 'prev_value': 1, 'change': 0, 'player_num': 1}
2025-10-12 08:47:27,760 : EventManager : Event: ======'player_score'====== Args={'value': 0, 'prev_value': 0, 'change': 0, 'player_num': 1}
2025-10-12 08:47:27,760 : EventManager : Event: ======'slide_awesome_slide_removed'====== Args={}
2025-10-12 08:47:27,760 : EventManager : Event: ======'slide_press_start_removed'====== Args={}
2025-10-12 08:47:27,761 : EventManager : Event: ======'slide_mission_pinball_removed'====== Args={}
2025-10-12 08:47:27,761 : EventManager : Event: ======'slide_window_blank_active'====== Args={}
2025-10-12 08:47:27,771 : EventManager : Event: ======'player_sj_active'====== Args={'value': 0, 'prev_value': 0, 'change': 0, 'player_num': 1}
2025-10-12 08:47:27,797 : EventManager : Event: ======'player_ball'====== Args={'value': 1, 'prev_value': 0, 'change': 1, 'player_num': 1}
2025-10-12 08:47:27,797 : EventManager : Event: ======'player_turn_start'====== Args={'number': 1, 'player': <Player 1>}
2025-10-12 08:47:27,797 : EventManager : Event: ======'player_shot_jets_enabled'====== Args={'value': True, 'prev_value': 0, 'change': 1, 'player_num': 1}
2025-10-12 08:47:27,809 : EventManager : Event: ======'player_shot_left_rollover_shot_enabled'====== Args={'value': True, 'prev_value': 0, 'change': 1, 'player_num': 1}
2025-10-12 08:47:27,809 : EventManager : Event: ======'player_shot_center_rollover_shot_enabled'====== Args={'value': True, 'prev_value': 0, 'change': 1, 'player_num': 1}
2025-10-12 08:47:27,809 : EventManager : Event: ======'player_shot_right_rollover_shot_enabled'====== Args={'value': True, 'prev_value': 0, 'change': 1, 'player_num': 1}
2025-10-12 08:47:27,809 : EventManager : Event: ======'player_shot_right_scoop_shot_enabled'====== Args={'value': True, 'prev_value': 0, 'change': 1, 'player_num': 1}
2025-10-12 08:47:27,809 : EventManager : Event: ======'player_shot_T_enabled'====== Args={'value': True, 'prev_value': 0, 'change': 1, 'player_num': 1}
2025-10-12 08:47:27,809 : EventManager : Event: ======'player_shot_I_enabled'====== Args={'value': True, 'prev_value': 0, 'change': 1, 'player_num': 1}
2025-10-12 08:47:27,809 : EventManager : Event: ======'player_shot_M_enabled'====== Args={'value': True, 'prev_value': 0, 'change': 1, 'player_num': 1}
2025-10-12 08:47:27,809 : EventManager : Event: ======'player_shot_E_enabled'====== Args={'value': True, 'prev_value': 0, 'change': 1, 'player_num': 1}
2025-10-12 08:47:27,809 : EventManager : Event: ======'player_shot_bumper1_shot_enabled'====== Args={'value': True, 'prev_value': 0, 'change': 1, 'player_num': 1}
2025-10-12 08:47:27,809 : EventManager : Event: ======'player_shot_bumper2_shot_enabled'====== Args={'value': True, 'prev_value': 0, 'change': 1, 'player_num': 1}
2025-10-12 08:47:27,809 : EventManager : Event: ======'player_shot_right_inlane_shot_enabled'====== Args={'value': True, 'prev_value': 0, 'change': 1, 'player_num': 1}
2025-10-12 08:47:27,835 : EventManager : Event: ======'slides_play'====== Args={'settings': {'widgets': {'widgets': [{'type': 'text', 'text': '(score)', 'number_grouping': True, 'min_digits': 2, 'font_size': 100, '_default_settings': ['type', 'text', 'number_grouping', 'min_digits', 'font_size'], 'x': None, 'y': None, 'anchor_x': 'center', 'anchor_y': 'center', 'round_anchor_x': None, 'round_anchor_y': None, 'opacity': 1.0, 'z': 0, 'reset_animations_events': {}, 'color': [1.0, 1.0, 1.0, 1.0], 'style': [], 'adjust_top': 0, 'adjust_bottom': 0, 'adjust_left': 0, 'adjust_right': 0, 'expire': None, 'key': None, 'widget': None, 'events_when_added': [], 'events_when_removed': [], 'bitmap_font': False, 'font_kerning': True, 'bold': False, 'italic': False, 'halign': 'center', 'valign': 'middle', 'rotation': 0, 'scale': 1.0, 'casing': None, 'outline_color': [1.0, 1.0, 1.0, 1.0], 'outline_width': 0, 'animations': None}, {'type': 'text', 'text': 'PLAYER (number)', 'y': '10', 'x': '10', 'font_size': 50, 'anchor_x': 'left', 'anchor_y': 'bottom', '_default_settings': ['type', 'text', 'y', 'x', 'font_size', 'anchor_x', 'anchor_y'], 'round_anchor_x': None, 'round_anchor_y': None, 'opacity': 1.0, 'z': 0, 'reset_animations_events': {}, 'color': [1.0, 1.0, 1.0, 1.0], 'style': [], 'adjust_top': 0, 'adjust_bottom': 0, 'adjust_left': 0, 'adjust_right': 0, 'expire': None, 'key': None, 'widget': None, 'events_when_added': [], 'events_when_removed': [], 'bitmap_font': False, 'font_kerning': True, 'bold': False, 'italic': False, 'number_grouping': False, 'min_digits': 0, 'halign': 'center', 'valign': 'middle', 'rotation': 0, 'scale': 1.0, 'casing': None, 'outline_color': [1.0, 1.0, 1.0, 1.0], 'outline_width': 0, 'animations': None}, {'type': 'text', 'text': 'BALL (ball)', 'y': '10', 'x': 'right-10', 'anchor_x': 'right', 'anchor_y': 'bottom', 'font_size': 50, '_default_settings': ['type', 'text', 'y', 'x', 'anchor_x', 'anchor_y', 'font_size'], 'round_anchor_x': None, 'round_anchor_y': None, 'opacity': 1.0, 'z': 0, 'reset_animations_events': {}, 'color': [1.0, 1.0, 1.0, 1.0], 'style': [], 'adjust_top': 0, 'adjust_bottom': 0, 'adjust_left': 0, 'adjust_right': 0, 'expire': None, 'key': None, 'widget': None, 'events_when_added': [], 'events_when_removed': [], 'bitmap_font': False, 'font_kerning': True, 'bold': False, 'italic': False, 'number_grouping': False, 'min_digits': 0, 'halign': 'center', 'valign': 'middle', 'rotation': 0, 'scale': 1.0, 'casing': None, 'outline_color': [1.0, 1.0, 1.0, 1.0], 'outline_width': 0, 'animations': None}, {'type': 'text', 'text': 'POTATO VALUE: (potato)', 'y': '40%', '_default_settings': ['type', 'text', 'y'], 'x': None, 'anchor_x': 'center', 'anchor_y': 'center', 'round_anchor_x': None, 'round_anchor_y': None, 'opacity': 1.0, 'z': 0, 'reset_animations_events': {}, 'color': [1.0, 1.0, 1.0, 1.0], 'style': [], 'adjust_top': 0, 'adjust_bottom': 0, 'adjust_left': 0, 'adjust_right': 0, 'expire': None, 'key': None, 'widget': None, 'events_when_added': [], 'events_when_removed': [], 'font_size': 15, 'bitmap_font': False, 'font_kerning': True, 'bold': False, 'italic': False, 'number_grouping': False, 'min_digits': 0, 'halign': 'center', 'valign': 'middle', 'rotation': 0, 'scale': 1.0, 'casing': None, 'outline_color': [1.0, 1.0, 1.0, 1.0], 'outline_width': 0, 'animations': None}], 'target': None, 'background_color': [0.0, 0.0, 0.0, 1.0], 'priority': None, 'show': True, 'force': False, 'expire': None, 'slide': None, 'tokens': {}, 'action': 'play'}}, 'context': 'base', 'calling_context': 'mode_base_started', 'priority': 100, 'player': 1, 'ball': 1, 'balls_remaining': 2, 'is_extra_ball': False}
2025-10-12 08:47:27,835 : EventManager : Event: ======'sounds_play'====== Args={'settings': {'mode': {'action': 'play', 'loops': -1, 'priority': None, 'block': False, 'delay': None, 'track': None, 'volume': None, 'ducking': {}, 'pan': None, 'start_at': None, 'fade_in': None, 'fade_out': None, 'about_to_finish_time': -1.0, 'max_queue_time': -1.0, 'events_when_played': ['use_sound_setting'], 'events_when_stopped': ['use_sound_setting'], 'events_when_looping': ['use_sound_setting'], 'events_when_about_to_finish': ['use_sound_setting'], 'mode_end_action': 'use_sound_setting', 'key': 'use_sound_setting'}}, 'context': '_global', 'calling_context': 'mode_base_started', 'priority': 0, 'player': 1, 'ball': 1, 'balls_remaining': 2, 'is_extra_ball': False}
2025-10-12 08:47:27,835 : mpfmc : SlidePlayer: Play called with settings={'widgets': {'widgets': [{'type': 'text', 'text': '(score)', 'number_grouping': True, 'min_digits': 2, 'font_size': 100, '_default_settings': ['type', 'text', 'number_grouping', 'min_digits', 'font_size'], 'x': None, 'y': None, 'anchor_x': 'center', 'anchor_y': 'center', 'round_anchor_x': None, 'round_anchor_y': None, 'opacity': 1.0, 'z': 0, 'reset_animations_events': {}, 'color': [1.0, 1.0, 1.0, 1.0], 'style': [], 'adjust_top': 0, 'adjust_bottom': 0, 'adjust_left': 0, 'adjust_right': 0, 'expire': None, 'key': None, 'widget': None, 'events_when_added': [], 'events_when_removed': [], 'bitmap_font': False, 'font_kerning': True, 'bold': False, 'italic': False, 'halign': 'center', 'valign': 'middle', 'rotation': 0, 'scale': 1.0, 'casing': None, 'outline_color': [1.0, 1.0, 1.0, 1.0], 'outline_width': 0, 'animations': None}, {'type': 'text', 'text': 'PLAYER (number)', 'y': '10', 'x': '10', 'font_size': 50, 'anchor_x': 'left', 'anchor_y': 'bottom', '_default_settings': ['type', 'text', 'y', 'x', 'font_size', 'anchor_x', 'anchor_y'], 'round_anchor_x': None, 'round_anchor_y': None, 'opacity': 1.0, 'z': 0, 'reset_animations_events': {}, 'color': [1.0, 1.0, 1.0, 1.0], 'style': [], 'adjust_top': 0, 'adjust_bottom': 0, 'adjust_left': 0, 'adjust_right': 0, 'expire': None, 'key': None, 'widget': None, 'events_when_added': [], 'events_when_removed': [], 'bitmap_font': False, 'font_kerning': True, 'bold': False, 'italic': False, 'number_grouping': False, 'min_digits': 0, 'halign': 'center', 'valign': 'middle', 'rotation': 0, 'scale': 1.0, 'casing': None, 'outline_color': [1.0, 1.0, 1.0, 1.0], 'outline_width': 0, 'animations': None}, {'type': 'text', 'text': 'BALL (ball)', 'y': '10', 'x': 'right-10', 'anchor_x': 'right', 'anchor_y': 'bottom', 'font_size': 50, '_default_settings': ['type', 'text', 'y', 'x', 'anchor_x', 'anchor_y', 'font_size'], 'round_anchor_x': None, 'round_anchor_y': None, 'opacity': 1.0, 'z': 0, 'reset_animations_events': {}, 'color': [1.0, 1.0, 1.0, 1.0], 'style': [], 'adjust_top': 0, 'adjust_bottom': 0, 'adjust_left': 0, 'adjust_right': 0, 'expire': None, 'key': None, 'widget': None, 'events_when_added': [], 'events_when_removed': [], 'bitmap_font': False, 'font_kerning': True, 'bold': False, 'italic': False, 'number_grouping': False, 'min_digits': 0, 'halign': 'center', 'valign': 'middle', 'rotation': 0, 'scale': 1.0, 'casing': None, 'outline_color': [1.0, 1.0, 1.0, 1.0], 'outline_width': 0, 'animations': None}, {'type': 'text', 'text': 'POTATO VALUE: (potato)', 'y': '40%', '_default_settings': ['type', 'text', 'y'], 'x': None, 'anchor_x': 'center', 'anchor_y': 'center', 'round_anchor_x': None, 'round_anchor_y': None, 'opacity': 1.0, 'z': 0, 'reset_animations_events': {}, 'color': [1.0, 1.0, 1.0, 1.0], 'style': [], 'adjust_top': 0, 'adjust_bottom': 0, 'adjust_left': 0, 'adjust_right': 0, 'expire': None, 'key': None, 'widget': None, 'events_when_added': [], 'events_when_removed': [], 'font_size': 15, 'bitmap_font': False, 'font_kerning': True, 'bold': False, 'italic': False, 'number_grouping': False, 'min_digits': 0, 'halign': 'center', 'valign': 'middle', 'rotation': 0, 'scale': 1.0, 'casing': None, 'outline_color': [1.0, 1.0, 1.0, 1.0], 'outline_width': 0, 'animations': None}], 'target': None, 'background_color': [0.0, 0.0, 0.0, 1.0], 'priority': None, 'show': True, 'force': False, 'expire': None, 'slide': None, 'tokens': {}, 'action': 'play'}}
2025-10-12 08:47:27,844 : EventManager : Event: ======'slide_base.slide_player-mode_base_started_created'====== Args={}
2025-10-12 08:47:27,846 : EventManager : Event: ======'slide_base.slide_player-mode_base_started_active'====== Args={}
2025-10-12 08:47:27,927 : EventManager : Event: ======'loading_assets'====== Args={'total': 1, 'loaded': 1, 'remaining': 0, 'percent': 100}
2025-10-12 08:47:27,927 : AssetManager : Asset loading took: 9.18054986000061
2025-10-12 08:47:27,927 : EventManager : Event: ======'asset_loading_complete'====== Args={}
2025-10-12 08:47:27,927 : AssetManager : Loading assets: 1/1 (100%)
2025-10-12 08:47:27,977 : EventManager : Event: ======'machine_var_audits_switches_s_plunger'====== Args={'value': 366, 'prev_value': 365, 'change': 1}
2025-10-12 08:47:33,116 : EventManager : Event: ======'machine_var_audits_switches_s_right_rollover'====== Args={'value': 297, 'prev_value': 296, 'change': 1}
2025-10-12 08:47:33,116 : EventManager : Event: ======'player_shot_right_rollover_shot'====== Args={'value': 1, 'prev_value': 0, 'change': 1, 'player_num': 1}
2025-10-12 08:47:33,117 : EventManager : Event: ======'machine_var_audits_shots_right_rollover_shot'====== Args={'value': 288, 'prev_value': 287, 'change': 1}
2025-10-12 08:47:33,117 : EventManager : Event: ======'player_score'====== Args={'value': 300, 'prev_value': 0, 'change': 300, 'player_num': 1}
2025-10-12 08:47:33,986 : EventManager : Event: ======'machine_var_audits_switches_s_center_rollover'====== Args={'value': 286, 'prev_value': 285, 'change': 1}
2025-10-12 08:47:33,986 : EventManager : Event: ======'player_shot_center_rollover_shot'====== Args={'value': 1, 'prev_value': 0, 'change': 1, 'player_num': 1}
2025-10-12 08:47:33,986 : EventManager : Event: ======'machine_var_audits_shots_center_rollover_shot'====== Args={'value': 277, 'prev_value': 276, 'change': 1}
2025-10-12 08:47:33,987 : EventManager : Event: ======'player_score'====== Args={'value': 500, 'prev_value': 300, 'change': 200, 'player_num': 1}
2025-10-12 08:47:34,825 : EventManager : Event: ======'machine_var_audits_switches_s_left_rollover'====== Args={'value': 229, 'prev_value': 228, 'change': 1}
2025-10-12 08:47:34,850 : EventManager : Event: ======'player_shot_left_rollover_shot'====== Args={'value': 1, 'prev_value': 0, 'change': 1, 'player_num': 1}
2025-10-12 08:47:34,850 : EventManager : Event: ======'machine_var_audits_shots_left_rollover_shot'====== Args={'value': 221, 'prev_value': 220, 'change': 1}
2025-10-12 08:47:34,851 : EventManager : Event: ======'sounds_play'====== Args={'settings': {'go': {'action': 'play', 'loops': 1, 'priority': None, 'block': False, 'delay': None, 'track': None, 'volume': None, 'ducking': {}, 'pan': None, 'start_at': None, 'fade_in': None, 'fade_out': None, 'about_to_finish_time': -1.0, 'max_queue_time': -1.0, 'events_when_played': ['use_sound_setting'], 'events_when_stopped': ['use_sound_setting'], 'events_when_looping': ['use_sound_setting'], 'events_when_about_to_finish': ['use_sound_setting'], 'mode_end_action': 'use_sound_setting', 'key': 'use_sound_setting'}}, 'context': 'base', 'calling_context': 'rollover_lanes_complete', 'priority': 100, 'state': 'lit'}
2025-10-12 08:47:34,851 : EventManager : Event: ======'player_skillshot_skillshot_timer_tick'====== Args={'value': 5, 'prev_value': 0, 'change': 5, 'player_num': 1}
2025-10-12 08:47:34,851 : EventManager : Event: ======'player_skillshot_target_rotator_tick'====== Args={'value': 0, 'prev_value': 0, 'change': 0, 'player_num': 1}
2025-10-12 08:47:34,851 : EventManager : Event: ======'player_shot_standup_1_skill_enabled'====== Args={'value': True, 'prev_value': 0, 'change': 1, 'player_num': 1}
2025-10-12 08:47:34,851 : EventManager : Event: ======'player_shot_standup_2_skill_enabled'====== Args={'value': True, 'prev_value': 0, 'change': 1, 'player_num': 1}
2025-10-12 08:47:34,851 : EventManager : Event: ======'player_shot_standup_3_skill_enabled'====== Args={'value': True, 'prev_value': 0, 'change': 1, 'player_num': 1}
2025-10-12 08:47:34,851 : EventManager : Event: ======'player_shot_standup_4_skill_enabled'====== Args={'value': True, 'prev_value': 0, 'change': 1, 'player_num': 1}
2025-10-12 08:47:34,851 : EventManager : Event: ======'player_shot_standup_5_skill_enabled'====== Args={'value': True, 'prev_value': 0, 'change': 1, 'player_num': 1}
2025-10-12 08:47:34,852 : EventManager : Event: ======'player_shot_standup_6_skill_enabled'====== Args={'value': True, 'prev_value': 0, 'change': 1, 'player_num': 1}
2025-10-12 08:47:34,852 : EventManager : Event: ======'player_shot_left_rollover_shot'====== Args={'value': 0, 'prev_value': 1, 'change': -1, 'player_num': 1}
2025-10-12 08:47:34,852 : EventManager : Event: ======'player_shot_center_rollover_shot'====== Args={'value': 0, 'prev_value': 1, 'change': -1, 'player_num': 1}
2025-10-12 08:47:34,852 : EventManager : Event: ======'player_shot_right_rollover_shot'====== Args={'value': 0, 'prev_value': 1, 'change': -1, 'player_num': 1}
2025-10-12 08:47:34,853 : EventManager : Event: ======'player_score'====== Args={'value': 5500, 'prev_value': 500, 'change': 5000, 'player_num': 1}
2025-10-12 08:47:34,853 : EventManager : Event: ======'sounds_play'====== Args={'settings': {'go': {'action': 'play', 'loops': 1, 'priority': None, 'block': False, 'delay': None, 'track': None, 'volume': None, 'ducking': {}, 'pan': None, 'start_at': None, 'fade_in': None, 'fade_out': None, 'about_to_finish_time': -1.0, 'max_queue_time': -1.0, 'events_when_played': ['use_sound_setting'], 'events_when_stopped': ['use_sound_setting'], 'events_when_looping': ['use_sound_setting'], 'events_when_about_to_finish': ['use_sound_setting'], 'mode_end_action': 'use_sound_setting', 'key': 'use_sound_setting'}}, 'context': 'base', 'calling_context': 'rollover_lanes_complete', 'priority': 100, 'state': 'unlit'}
2025-10-12 08:47:34,853 : EventManager : Event: ======'player_score'====== Args={'value': 5600, 'prev_value': 5500, 'change': 100, 'player_num': 1}
2025-10-12 08:47:34,853 : EventManager : Event: ======'player_shot_standup_1_skill'====== Args={'value': 1, 'prev_value': 0, 'change': 1, 'player_num': 1}
2025-10-12 08:47:34,853 : EventManager : Event: ======'slides_play'====== Args={'settings': {'widgets': {'widgets': [{'type': 'text', 'text': '(SKILL SHOT!!!!!)', 'number_grouping': True, 'min_digits': 2, 'font_size': 50, '_default_settings': ['type', 'text', 'number_grouping', 'min_digits', 'font_size'], 'x': None, 'y': None, 'anchor_x': 'center', 'anchor_y': 'center', 'round_anchor_x': None, 'round_anchor_y': None, 'opacity': 1.0, 'z': 0, 'reset_animations_events': {}, 'color': [1.0, 1.0, 1.0, 1.0], 'style': [], 'adjust_top': 0, 'adjust_bottom': 0, 'adjust_left': 0, 'adjust_right': 0, 'expire': None, 'key': None, 'widget': None, 'events_when_added': [], 'events_when_removed': [], 'bitmap_font': False, 'font_kerning': True, 'bold': False, 'italic': False, 'halign': 'center', 'valign': 'middle', 'rotation': 0, 'scale': 1.0, 'casing': None, 'outline_color': [1.0, 1.0, 1.0, 1.0], 'outline_width': 0, 'animations': None}], 'target': None, 'background_color': [0.0, 0.0, 0.0, 1.0], 'priority': None, 'show': True, 'force': False, 'expire': None, 'slide': None, 'tokens': {}, 'action': 'play'}}, 'context': 'skillshot', 'calling_context': 'mode_skillshot_started', 'priority': 150}
2025-10-12 08:47:34,855 : mpfmc : SlidePlayer: Play called with settings={'widgets': {'widgets': [{'type': 'text', 'text': '(SKILL SHOT!!!!!)', 'number_grouping': True, 'min_digits': 2, 'font_size': 50, '_default_settings': ['type', 'text', 'number_grouping', 'min_digits', 'font_size'], 'x': None, 'y': None, 'anchor_x': 'center', 'anchor_y': 'center', 'round_anchor_x': None, 'round_anchor_y': None, 'opacity': 1.0, 'z': 0, 'reset_animations_events': {}, 'color': [1.0, 1.0, 1.0, 1.0], 'style': [], 'adjust_top': 0, 'adjust_bottom': 0, 'adjust_left': 0, 'adjust_right': 0, 'expire': None, 'key': None, 'widget': None, 'events_when_added': [], 'events_when_removed': [], 'bitmap_font': False, 'font_kerning': True, 'bold': False, 'italic': False, 'halign': 'center', 'valign': 'middle', 'rotation': 0, 'scale': 1.0, 'casing': None, 'outline_color': [1.0, 1.0, 1.0, 1.0], 'outline_width': 0, 'animations': None}], 'target': None, 'background_color': [0.0, 0.0, 0.0, 1.0], 'priority': None, 'show': True, 'force': False, 'expire': None, 'slide': None, 'tokens': {}, 'action': 'play'}}
2025-10-12 08:47:34,858 : EventManager : Event: ======'slide_skillshot.slide_player-mode_skillshot_started_created'====== Args={}
2025-10-12 08:47:34,859 : EventManager : Event: ======'slide_skillshot.slide_player-mode_skillshot_started_active'====== Args={}
2025-10-12 08:47:34,862 : EventManager : Event: ======'loading_assets'====== Args={'total': 1, 'loaded': 1, 'remaining': 0, 'percent': 100}
2025-10-12 08:47:34,862 : AssetManager : Asset loading took: 16.11511540412903
2025-10-12 08:47:34,863 : EventManager : Event: ======'asset_loading_complete'====== Args={}
2025-10-12 08:47:34,863 : AssetManager : Loading assets: 1/1 (100%)
2025-10-12 08:47:35,836 : EventManager : Event: ======'player_skillshot_skillshot_timer_tick'====== Args={'value': 4, 'prev_value': 5, 'change': -1, 'player_num': 1}
2025-10-12 08:47:35,848 : EventManager : Event: ======'player_skillshot_target_rotator_tick'====== Args={'value': 1, 'prev_value': 0, 'change': 1, 'player_num': 1}
2025-10-12 08:47:35,848 : EventManager : Event: ======'player_shot_standup_1_skill'====== Args={'value': 0, 'prev_value': 1, 'change': -1, 'player_num': 1}
2025-10-12 08:47:35,848 : EventManager : Event: ======'player_shot_standup_2_skill'====== Args={'value': 1, 'prev_value': 0, 'change': 1, 'player_num': 1}
2025-10-12 08:47:36,836 : EventManager : Event: ======'player_skillshot_target_rotator_tick'====== Args={'value': 2, 'prev_value': 1, 'change': 1, 'player_num': 1}
2025-10-12 08:47:36,849 : EventManager : Event: ======'player_skillshot_skillshot_timer_tick'====== Args={'value': 3, 'prev_value': 4, 'change': -1, 'player_num': 1}
2025-10-12 08:47:36,849 : EventManager : Event: ======'player_shot_standup_2_skill'====== Args={'value': 0, 'prev_value': 1, 'change': -1, 'player_num': 1}
2025-10-12 08:47:36,849 : EventManager : Event: ======'player_shot_standup_3_skill'====== Args={'value': 1, 'prev_value': 0, 'change': 1, 'player_num': 1}
2025-10-12 08:47:37,835 : EventManager : Event: ======'player_skillshot_skillshot_timer_tick'====== Args={'value': 2, 'prev_value': 3, 'change': -1, 'player_num': 1}
2025-10-12 08:47:37,858 : EventManager : Event: ======'player_skillshot_target_rotator_tick'====== Args={'value': 3, 'prev_value': 2, 'change': 1, 'player_num': 1}
2025-10-12 08:47:37,858 : EventManager : Event: ======'player_shot_standup_3_skill'====== Args={'value': 0, 'prev_value': 1, 'change': -1, 'player_num': 1}
2025-10-12 08:47:37,860 : EventManager : Event: ======'player_shot_standup_4_skill'====== Args={'value': 1, 'prev_value': 0, 'change': 1, 'player_num': 1}
2025-10-12 08:47:38,829 : EventManager : Event: ======'player_skillshot_target_rotator_tick'====== Args={'value': 4, 'prev_value': 3, 'change': 1, 'player_num': 1}
2025-10-12 08:47:38,864 : EventManager : Event: ======'player_skillshot_skillshot_timer_tick'====== Args={'value': 1, 'prev_value': 2, 'change': -1, 'player_num': 1}
2025-10-12 08:47:38,864 : EventManager : Event: ======'player_shot_standup_3_skill'====== Args={'value': 1, 'prev_value': 0, 'change': 1, 'player_num': 1}
2025-10-12 08:47:38,864 : EventManager : Event: ======'player_shot_standup_4_skill'====== Args={'value': 0, 'prev_value': 1, 'change': -1, 'player_num': 1}
2025-10-12 08:47:39,831 : EventManager : Event: ======'player_skillshot_target_rotator_tick'====== Args={'value': 5, 'prev_value': 4, 'change': 1, 'player_num': 1}
2025-10-12 08:47:39,868 : EventManager : Event: ======'player_skillshot_skillshot_timer_tick'====== Args={'value': 0, 'prev_value': 1, 'change': -1, 'player_num': 1}
2025-10-12 08:47:39,868 : EventManager : Event: ======'player_shot_standup_2_skill'====== Args={'value': 1, 'prev_value': 0, 'change': 1, 'player_num': 1}
2025-10-12 08:47:39,868 : EventManager : Event: ======'player_shot_standup_3_skill'====== Args={'value': 0, 'prev_value': 1, 'change': -1, 'player_num': 1}
2025-10-12 08:47:39,868 : EventManager : Event: ======'slides_clear'====== Args={'context': 'skillshot'}
2025-10-12 08:47:39,869 : EventManager : Event: ======'slide_skillshot.slide_player-mode_skillshot_started_removed'====== Args={}
2025-10-12 08:47:39,870 : EventManager : Event: ======'slide_base.slide_player-mode_base_started_active'====== Args={}
2025-10-12 08:47:42,596 : EventManager : Event: ======'machine_var_audits_switches_s_T'====== Args={'value': 8, 'prev_value': 7, 'change': 1}
2025-10-12 08:47:42,608 : EventManager : Event: ======'player_shot_T'====== Args={'value': 1, 'prev_value': 0, 'change': 1, 'player_num': 1}
2025-10-12 08:47:42,608 : EventManager : Event: ======'machine_var_audits_shots_T'====== Args={'value': 4, 'prev_value': 3, 'change': 1}
2025-10-12 08:47:43,625 : EventManager : Event: ======'machine_var_audits_switches_s_I'====== Args={'value': 8, 'prev_value': 7, 'change': 1}
2025-10-12 08:47:43,637 : EventManager : Event: ======'player_shot_I'====== Args={'value': 1, 'prev_value': 0, 'change': 1, 'player_num': 1}
2025-10-12 08:47:43,637 : EventManager : Event: ======'machine_var_audits_shots_I'====== Args={'value': 4, 'prev_value': 3, 'change': 1}
2025-10-12 08:47:44,486 : EventManager : Event: ======'machine_var_audits_switches_s_M'====== Args={'value': 8, 'prev_value': 7, 'change': 1}
2025-10-12 08:47:44,486 : EventManager : Event: ======'player_shot_M'====== Args={'value': 1, 'prev_value': 0, 'change': 1, 'player_num': 1}
2025-10-12 08:47:44,486 : EventManager : Event: ======'machine_var_audits_shots_M'====== Args={'value': 4, 'prev_value': 3, 'change': 1}
2025-10-12 08:47:45,740 : EventManager : Event: ======'machine_var_audits_switches_s_E'====== Args={'value': 8, 'prev_value': 7, 'change': 1}
2025-10-12 08:47:45,752 : EventManager : Event: ======'player_shot_E'====== Args={'value': 1, 'prev_value': 0, 'change': 1, 'player_num': 1}
2025-10-12 08:47:45,752 : EventManager : Event: ======'machine_var_audits_shots_E'====== Args={'value': 4, 'prev_value': 3, 'change': 1}
2025-10-12 08:47:45,752 : EventManager : Event: ======'player_shot_T'====== Args={'value': 0, 'prev_value': 1, 'change': -1, 'player_num': 1}
2025-10-12 08:47:45,752 : EventManager : Event: ======'player_shot_I'====== Args={'value': 0, 'prev_value': 1, 'change': -1, 'player_num': 1}
2025-10-12 08:47:45,753 : EventManager : Event: ======'player_shot_M'====== Args={'value': 0, 'prev_value': 1, 'change': -1, 'player_num': 1}
2025-10-12 08:47:45,753 : EventManager : Event: ======'player_shot_E'====== Args={'value': 0, 'prev_value': 1, 'change': -1, 'player_num': 1}
2025-10-12 08:47:52,080 : EventManager : Event: ======'machine_var_audits_switches_s_T'====== Args={'value': 9, 'prev_value': 8, 'change': 1}
2025-10-12 08:47:52,093 : EventManager : Event: ======'player_shot_T'====== Args={'value': 1, 'prev_value': 0, 'change': 1, 'player_num': 1}
2025-10-12 08:47:52,093 : EventManager : Event: ======'machine_var_audits_shots_T'====== Args={'value': 5, 'prev_value': 4, 'change': 1}
2025-10-12 08:47:53,096 : EventManager : Event: ======'machine_var_audits_switches_s_I'====== Args={'value': 9, 'prev_value': 8, 'change': 1}
2025-10-12 08:47:53,108 : EventManager : Event: ======'player_shot_I'====== Args={'value': 1, 'prev_value': 0, 'change': 1, 'player_num': 1}
2025-10-12 08:47:53,108 : EventManager : Event: ======'machine_var_audits_shots_I'====== Args={'value': 5, 'prev_value': 4, 'change': 1}
2025-10-12 08:47:54,007 : EventManager : Event: ======'machine_var_audits_switches_s_M'====== Args={'value': 9, 'prev_value': 8, 'change': 1}
2025-10-12 08:47:54,007 : EventManager : Event: ======'player_shot_M'====== Args={'value': 1, 'prev_value': 0, 'change': 1, 'player_num': 1}
2025-10-12 08:47:54,008 : EventManager : Event: ======'machine_var_audits_shots_M'====== Args={'value': 5, 'prev_value': 4, 'change': 1}
2025-10-12 08:47:57,268 : EventManager : Event: ======'machine_var_audits_switches_s_E'====== Args={'value': 9, 'prev_value': 8, 'change': 1}
2025-10-12 08:47:57,280 : EventManager : Event: ======'player_shot_E'====== Args={'value': 1, 'prev_value': 0, 'change': 1, 'player_num': 1}
2025-10-12 08:47:57,280 : EventManager : Event: ======'machine_var_audits_shots_E'====== Args={'value': 5, 'prev_value': 4, 'change': 1}
2025-10-12 08:47:57,280 : EventManager : Event: ======'player_shot_T'====== Args={'value': 0, 'prev_value': 1, 'change': -1, 'player_num': 1}
2025-10-12 08:47:57,280 : EventManager : Event: ======'player_shot_I'====== Args={'value': 0, 'prev_value': 1, 'change': -1, 'player_num': 1}
2025-10-12 08:47:57,280 : EventManager : Event: ======'player_shot_M'====== Args={'value': 0, 'prev_value': 1, 'change': -1, 'player_num': 1}
2025-10-12 08:47:57,280 : EventManager : Event: ======'player_shot_E'====== Args={'value': 0, 'prev_value': 1, 'change': -1, 'player_num': 1}
2025-10-12 08:48:01,733 : EventManager : Event: ======'machine_var_audits_switches_s_E'====== Args={'value': 10, 'prev_value': 9, 'change': 1}
2025-10-12 08:48:01,735 : EventManager : Event: ======'player_shot_E'====== Args={'value': 1, 'prev_value': 0, 'change': 1, 'player_num': 1}
2025-10-12 08:48:01,735 : EventManager : Event: ======'machine_var_audits_shots_E'====== Args={'value': 6, 'prev_value': 5, 'change': 1}
2025-10-12 08:48:02,939 : EventManager : Event: ======'machine_var_audits_switches_s_M'====== Args={'value': 10, 'prev_value': 9, 'change': 1}
2025-10-12 08:48:02,939 : EventManager : Event: ======'player_shot_M'====== Args={'value': 1, 'prev_value': 0, 'change': 1, 'player_num': 1}
2025-10-12 08:48:02,939 : EventManager : Event: ======'machine_var_audits_shots_M'====== Args={'value': 6, 'prev_value': 5, 'change': 1}
2025-10-12 08:48:03,969 : EventManager : Event: ======'machine_var_audits_switches_s_I'====== Args={'value': 10, 'prev_value': 9, 'change': 1}
2025-10-12 08:48:03,981 : EventManager : Event: ======'player_shot_I'====== Args={'value': 1, 'prev_value': 0, 'change': 1, 'player_num': 1}
2025-10-12 08:48:03,981 : EventManager : Event: ======'machine_var_audits_shots_I'====== Args={'value': 6, 'prev_value': 5, 'change': 1}
2025-10-12 08:48:04,850 : EventManager : Event: ======'machine_var_audits_switches_s_T'====== Args={'value': 10, 'prev_value': 9, 'change': 1}
2025-10-12 08:48:04,862 : EventManager : Event: ======'player_shot_T'====== Args={'value': 1, 'prev_value': 0, 'change': 1, 'player_num': 1}
2025-10-12 08:48:04,862 : EventManager : Event: ======'machine_var_audits_shots_T'====== Args={'value': 6, 'prev_value': 5, 'change': 1}
2025-10-12 08:48:04,862 : EventManager : Event: ======'player_shot_T'====== Args={'value': 0, 'prev_value': 1, 'change': -1, 'player_num': 1}
2025-10-12 08:48:04,862 : EventManager : Event: ======'player_shot_I'====== Args={'value': 0, 'prev_value': 1, 'change': -1, 'player_num': 1}
2025-10-12 08:48:04,863 : EventManager : Event: ======'player_shot_M'====== Args={'value': 0, 'prev_value': 1, 'change': -1, 'player_num': 1}
2025-10-12 08:48:04,863 : EventManager : Event: ======'player_shot_E'====== Args={'value': 0, 'prev_value': 1, 'change': -1, 'player_num': 1}
2025-10-12 08:48:11,982 : kivy : Base: Leaving application in progress...
