2025-10-10 06:57:55,144 : kivy : deps: Successfully imported "kivy_deps.gstreamer" 0.3.3
2025-10-10 06:57:55,144 : kivy : deps: Successfully imported "kivy_deps.angle" 0.3.3
2025-10-10 06:57:55,144 : kivy : deps: Successfully imported "kivy_deps.glew" 0.3.1
2025-10-10 06:57:55,144 : kivy : deps: Successfully imported "kivy_deps.sdl2" 0.6.0
2025-10-10 06:57:55,144 : kivy : Kivy: v2.2.1
2025-10-10 06:57:55,144 : kivy : Kivy: Installed at "C:\Users\richa\mpfvirtual4\lib\site-packages\kivy\__init__.py"
2025-10-10 06:57:55,145 : kivy : Python: v3.9.13 (tags/v3.9.13:6de2ca5, May 17 2022, 16:36:42) [MSC v.1929 64 bit (AMD64)]
2025-10-10 06:57:55,145 : kivy : Python: Interpreter at "C:\Users\richa\mpfvirtual4\Scripts\python.exe"
2025-10-10 06:57:55,160 : kivy : Factory: 190 symbols loaded
2025-10-10 06:57:55,359 : kivy : ImageLoaderFFPy: Using ffpyplayer 4.5.0
2025-10-10 06:57:55,359 : kivy : Image: Providers: img_tex, img_dds, img_sdl2, img_pil, img_ffpyplayer 
2025-10-10 06:57:55,522 : kivy : VideoGstplayer: Using Gstreamer 1.18.5.0
2025-10-10 06:57:55,522 : kivy : Video: Provider: gstplayer
2025-10-10 06:57:55,564 : root : Loading MPF-MC controller
2025-10-10 06:57:55,567 : YamlMultifileConfigLoader : Machine config file #1: config
2025-10-10 06:57:55,567 : ConfigProcessor : Config file in cache changed: C:\Users\richa\ttp7\config\config
2025-10-10 06:57:55,567 : ConfigProcessor : Loading config from file C:\Users\richa\mpfvirtual4\lib\site-packages\mpfmc\mcconfig.yaml.
2025-10-10 06:57:55,577 : ConfigProcessor : Loading config: C:\Users\richa\mpfvirtual4\lib\site-packages\mpfmc\mcconfig.yaml
2025-10-10 06:57:55,577 : ConfigProcessor : Loading config from file C:\Users\richa\ttp7\config\config.
2025-10-10 06:57:55,579 : ConfigProcessor : Loading config: C:\Users\richa\ttp7\config\config
2025-10-10 06:57:55,581 : ConfigProcessor : Loading config: C:\Users\richa\ttp7\config\config_sounds.yaml
2025-10-10 06:57:55,582 : ConfigProcessor : Loading config: C:\Users\richa\ttp7\config\config_ball_devices.yaml
2025-10-10 06:57:55,584 : ConfigProcessor : Loading config: C:\Users\richa\ttp7\config\config_coils.yaml
2025-10-10 06:57:55,585 : ConfigProcessor : Loading config: C:\Users\richa\ttp7\config\config_flippers.yaml
2025-10-10 06:57:55,589 : ConfigProcessor : Loading config: C:\Users\richa\ttp7\config\config_switches.yaml
2025-10-10 06:57:55,595 : ConfigProcessor : Loading config: C:\Users\richa\ttp7\config\config_lights.yaml
2025-10-10 06:57:55,598 : ConfigProcessor : Config file cache created: C:\Users\richa\AppData\Local\Temp\b8d8c5e8bc023a38ee4d8abbd35c8fd3.mpf_cache
2025-10-10 06:57:55,598 : ConfigProcessor : Loading config from cache: C:\Users\richa\AppData\Local\Temp\70233839fc0b792ce11a62f3c18c1950.mpf_cache
2025-10-10 06:57:55,599 : ConfigProcessor : Loading config from cache: C:\Users\richa\AppData\Local\Temp\9c8dea79ca4d15ee886340e992e8cb9d.mpf_cache
2025-10-10 06:57:55,599 : ConfigProcessor : Loading config from cache: C:\Users\richa\AppData\Local\Temp\67a19b095f918111543419ac0271bfb1.mpf_cache
2025-10-10 06:57:55,600 : ConfigProcessor : Loading config from cache: C:\Users\richa\AppData\Local\Temp\be387b0e8ed00556ec738d83cd6947d1.mpf_cache
2025-10-10 06:57:55,600 : mpfmc : Mission Pinball Framework Media Controller (MPF-MC) v0.57.0.dev10. Requires MPF v0.57.0.dev19 or newer.
2025-10-10 06:57:55,601 : mpfmc : Found MPF v0.57.0.dev39
2025-10-10 06:57:55,601 : mpfmc : Machine path: C:\Users\richa\ttp7
2025-10-10 06:57:55,601 : mpfmc : Starting clock at 60.0Hz
2025-10-10 06:57:55,614 : kivy : Text: Provider: sdl2
2025-10-10 06:57:55,656 : kivy : Window: Provider: sdl2
2025-10-10 06:57:56,018 : kivy : GL: Using the "OpenGL" graphics system
2025-10-10 06:57:56,027 : kivy : GL: GLEW initialization succeeded
2025-10-10 06:57:56,027 : kivy : GL: Backend used <glew>
2025-10-10 06:57:56,027 : kivy : GL: OpenGL version <b'4.6.0 NVIDIA 560.94'>
2025-10-10 06:57:56,027 : kivy : GL: OpenGL vendor <b'NVIDIA Corporation'>
2025-10-10 06:57:56,027 : kivy : GL: OpenGL renderer <b'NVIDIA GeForce RTX 3050/PCIe/SSE2'>
2025-10-10 06:57:56,027 : kivy : GL: OpenGL parsed version: 4, 6
2025-10-10 06:57:56,027 : kivy : GL: Shading version <b'4.60 NVIDIA'>
2025-10-10 06:57:56,028 : kivy : GL: Texture max size <32768>
2025-10-10 06:57:56,028 : kivy : GL: Texture max units <32>
2025-10-10 06:57:56,046 : kivy : Window: auto add sdl2 input provider
2025-10-10 06:57:56,047 : kivy : Window: virtual keyboard not allowed, single mode, not docked
2025-10-10 06:57:56,437 : AudioInterface : Initialized
2025-10-10 06:57:56,437 : AudioInterface : Loaded SDL 2.26.4
2025-10-10 06:57:56,437 : AudioInterface : Loaded SDL_Mixer 2.6.3
2025-10-10 06:57:56,437 : AudioInterface : Loaded GStreamer 1.18.5.0
2025-10-10 06:57:56,437 : AudioInterface : Loaded GLib 2.62.6
2025-10-10 06:57:56,437 : AudioInterface : Settings requested - rate: 44100, channels: 1, buffer: 2048 samples
2025-10-10 06:57:56,437 : AudioInterface : Settings in use - rate: 44100, channels: 1, buffer: 2048 samples (4096 bytes @ 2 bytes per sample)
2025-10-10 06:57:56,438 : SoundSystem : Setting master volume to 0.0
2025-10-10 06:57:56,438 : AudioInterface : Enabling audio playback
2025-10-10 06:57:56,439 : kivy : Base: Start application main loop
2025-10-10 06:57:56,440 : EventManager : Event: ======'display_window_initialized'====== Args={}
2025-10-10 06:57:56,453 : mpfmc : Display: Setting 'window' as default display
2025-10-10 06:57:56,456 : mpfmc : ASPECT RATIO MISMATCH: The on-screen window is not the same aspect ratio as the display called 'window'. The logical display will be scaled from 800x200 to the window size 1200x900, and a black bar will make up the difference
2025-10-10 06:57:56,458 : EventManager : Event: ======'displays_initialized'====== Args={}
2025-10-10 06:57:56,459 : EventManager : Event: ======'slide_window_blank_created'====== Args={}
2025-10-10 06:57:56,459 : EventManager : Event: ======'display_window_ready'====== Args={}
2025-10-10 06:57:56,468 : EventManager : Event: ======'init_phase_1'====== Args={}
2025-10-10 06:57:56,471 : EventManager : Event: ======'mc_ready'====== Args={}
2025-10-10 06:57:56,471 : EventManager : Event: ======'init_phase_2'====== Args={}
2025-10-10 06:57:56,473 : EventManager : Event: ======'init_phase_3'====== Args={}
2025-10-10 06:57:56,474 : EventManager : Event: ======'init_phase_4'====== Args={}
2025-10-10 06:57:56,474 : EventManager : Event: ======'init_phase_5'====== Args={}
2025-10-10 06:57:56,474 : EventManager : Event: ======'init_done'====== Args={}
2025-10-10 06:57:56,475 : MPF-MC BCP Server : Starting up on localhost port 5050
2025-10-10 06:57:56,478 : MPF-MC BCP Server : Waiting for a connection...
2025-10-10 06:57:56,484 : EventManager : Event: ======'client_disconnected'====== Args={'host': '127.0.0.1', 'port': 5050}
2025-10-10 06:57:57,507 : MPF-MC BCP Server : Received connection from: 127.0.0.1:58363
2025-10-10 06:57:57,516 : EventManager : Event: ======'client_connected'====== Args={'host': '127.0.0.1', 'port': 58363}
2025-10-10 06:57:57,888 : EventManager : Event: ======'machine_var_credits_string'====== Args={'value': 'FREE PLAY', 'prev_value': None, 'change': True}
2025-10-10 06:57:57,888 : EventManager : Event: ======'machine_var_master_volume'====== Args={'value': 0.5, 'prev_value': None, 'change': True}
2025-10-10 06:57:57,888 : EventManager : Event: ======'machine_var_player1_score'====== Args={'value': 2008600, 'prev_value': None, 'change': True}
2025-10-10 06:57:57,888 : EventManager : Event: ======'machine_var_mpf_version'====== Args={'value': 'Mission Pinball Framework v0.57.0.dev39', 'prev_value': None, 'change': True}
2025-10-10 06:57:57,888 : EventManager : Event: ======'machine_var_mpf_extended_version'====== Args={'value': 'Mission Pinball Framework v0.57.0.dev39, Config version:6, Show version: 6, BCP version:1.1', 'prev_value': None, 'change': True}
2025-10-10 06:57:57,888 : EventManager : Event: ======'machine_var_python_version'====== Args={'value': '3.9.13', 'prev_value': None, 'change': True}
2025-10-10 06:57:57,888 : EventManager : Event: ======'machine_var_platform'====== Args={'value': 'Windows-10-10.0.19045-SP0', 'prev_value': None, 'change': True}
2025-10-10 06:57:57,889 : EventManager : Event: ======'machine_var_platform_system'====== Args={'value': 'Windows', 'prev_value': None, 'change': True}
2025-10-10 06:57:57,889 : EventManager : Event: ======'machine_var_platform_release'====== Args={'value': '10', 'prev_value': None, 'change': True}
2025-10-10 06:57:57,889 : EventManager : Event: ======'machine_var_platform_version'====== Args={'value': '10.0.19045', 'prev_value': None, 'change': True}
2025-10-10 06:57:57,889 : EventManager : Event: ======'machine_var_platform_machine'====== Args={'value': 'AMD64', 'prev_value': None, 'change': True}
2025-10-10 06:57:57,889 : EventManager : Event: ======'machine_var_mc_version'====== Args={'value': 'MPF-MC v0.57.0.dev10', 'prev_value': None, 'change': True}
2025-10-10 06:57:57,889 : EventManager : Event: ======'machine_var_mc_extended_version'====== Args={'value': 'MPF-MC v0.57.0.dev10 (config_version=6, BCP v1.1,                      Requires MPF API compatibility v0.57.0.dev19 or newer)', 'prev_value': None, 'change': True}
2025-10-10 06:57:57,889 : EventManager : Event: ======'machine_var_credits_string'====== Args={'value': 'FREE PLAY', 'prev_value': None, 'change': True}
2025-10-10 06:57:57,889 : EventManager : Event: ======'machine_var_master_volume'====== Args={'value': 0.5, 'prev_value': None, 'change': True}
2025-10-10 06:57:57,889 : EventManager : Event: ======'machine_var_player1_score'====== Args={'value': 2008600, 'prev_value': None, 'change': True}
2025-10-10 06:57:57,889 : EventManager : Event: ======'machine_var_mpf_version'====== Args={'value': 'Mission Pinball Framework v0.57.0.dev39', 'prev_value': None, 'change': True}
2025-10-10 06:57:57,889 : EventManager : Event: ======'machine_var_mpf_extended_version'====== Args={'value': 'Mission Pinball Framework v0.57.0.dev39, Config version:6, Show version: 6, BCP version:1.1', 'prev_value': None, 'change': True}
2025-10-10 06:57:57,889 : EventManager : Event: ======'machine_var_python_version'====== Args={'value': '3.9.13', 'prev_value': None, 'change': True}
2025-10-10 06:57:57,889 : EventManager : Event: ======'machine_var_platform'====== Args={'value': 'Windows-10-10.0.19045-SP0', 'prev_value': None, 'change': True}
2025-10-10 06:57:57,889 : EventManager : Event: ======'machine_var_platform_system'====== Args={'value': 'Windows', 'prev_value': None, 'change': True}
2025-10-10 06:57:57,889 : EventManager : Event: ======'machine_var_platform_release'====== Args={'value': '10', 'prev_value': None, 'change': True}
2025-10-10 06:57:57,889 : EventManager : Event: ======'machine_var_platform_version'====== Args={'value': '10.0.19045', 'prev_value': None, 'change': True}
2025-10-10 06:57:57,889 : EventManager : Event: ======'machine_var_platform_machine'====== Args={'value': 'AMD64', 'prev_value': None, 'change': True}
2025-10-10 06:57:57,890 : EventManager : Event: ======'machine_var_mc_version'====== Args={'value': 'MPF-MC v0.57.0.dev10', 'prev_value': None, 'change': True}
2025-10-10 06:57:57,890 : EventManager : Event: ======'machine_var_mc_extended_version'====== Args={'value': 'MPF-MC v0.57.0.dev10 (config_version=6, BCP v1.1,                      Requires MPF API compatibility v0.57.0.dev19 or newer)', 'prev_value': None, 'change': True}
2025-10-10 06:57:57,890 : EventManager : Event: ======'machine_var_credits_string'====== Args={'value': 'FREE PLAY', 'prev_value': None, 'change': True}
2025-10-10 06:57:57,890 : EventManager : Event: ======'machine_var_master_volume'====== Args={'value': 0.5, 'prev_value': None, 'change': True}
2025-10-10 06:57:57,890 : EventManager : Event: ======'machine_var_player1_score'====== Args={'value': 2008600, 'prev_value': None, 'change': True}
2025-10-10 06:57:57,890 : EventManager : Event: ======'machine_var_mpf_version'====== Args={'value': 'Mission Pinball Framework v0.57.0.dev39', 'prev_value': None, 'change': True}
2025-10-10 06:57:57,890 : EventManager : Event: ======'machine_var_mpf_extended_version'====== Args={'value': 'Mission Pinball Framework v0.57.0.dev39, Config version:6, Show version: 6, BCP version:1.1', 'prev_value': None, 'change': True}
2025-10-10 06:57:57,890 : EventManager : Event: ======'machine_var_python_version'====== Args={'value': '3.9.13', 'prev_value': None, 'change': True}
2025-10-10 06:57:57,890 : EventManager : Event: ======'machine_var_platform'====== Args={'value': 'Windows-10-10.0.19045-SP0', 'prev_value': None, 'change': True}
2025-10-10 06:57:57,890 : EventManager : Event: ======'machine_var_platform_system'====== Args={'value': 'Windows', 'prev_value': None, 'change': True}
2025-10-10 06:57:57,890 : EventManager : Event: ======'machine_var_platform_release'====== Args={'value': '10', 'prev_value': None, 'change': True}
2025-10-10 06:57:57,890 : EventManager : Event: ======'machine_var_platform_version'====== Args={'value': '10.0.19045', 'prev_value': None, 'change': True}
2025-10-10 06:57:57,890 : EventManager : Event: ======'machine_var_platform_machine'====== Args={'value': 'AMD64', 'prev_value': None, 'change': True}
2025-10-10 06:57:57,890 : EventManager : Event: ======'machine_var_mc_version'====== Args={'value': 'MPF-MC v0.57.0.dev10', 'prev_value': None, 'change': True}
2025-10-10 06:57:57,890 : EventManager : Event: ======'machine_var_mc_extended_version'====== Args={'value': 'MPF-MC v0.57.0.dev10 (config_version=6, BCP v1.1,                      Requires MPF API compatibility v0.57.0.dev19 or newer)', 'prev_value': None, 'change': True}
2025-10-10 06:57:57,890 : EventManager : Event: ======'machine_var_credits_string'====== Args={'value': 'FREE PLAY', 'prev_value': None, 'change': True}
2025-10-10 06:57:57,890 : EventManager : Event: ======'machine_var_master_volume'====== Args={'value': 0.5, 'prev_value': None, 'change': True}
2025-10-10 06:57:57,890 : EventManager : Event: ======'machine_var_player1_score'====== Args={'value': 2008600, 'prev_value': None, 'change': True}
2025-10-10 06:57:57,891 : EventManager : Event: ======'machine_var_mpf_version'====== Args={'value': 'Mission Pinball Framework v0.57.0.dev39', 'prev_value': None, 'change': True}
2025-10-10 06:57:57,891 : EventManager : Event: ======'machine_var_mpf_extended_version'====== Args={'value': 'Mission Pinball Framework v0.57.0.dev39, Config version:6, Show version: 6, BCP version:1.1', 'prev_value': None, 'change': True}
2025-10-10 06:57:57,891 : EventManager : Event: ======'machine_var_python_version'====== Args={'value': '3.9.13', 'prev_value': None, 'change': True}
2025-10-10 06:57:57,891 : EventManager : Event: ======'machine_var_platform'====== Args={'value': 'Windows-10-10.0.19045-SP0', 'prev_value': None, 'change': True}
2025-10-10 06:57:57,891 : EventManager : Event: ======'machine_var_platform_system'====== Args={'value': 'Windows', 'prev_value': None, 'change': True}
2025-10-10 06:57:57,891 : EventManager : Event: ======'machine_var_platform_release'====== Args={'value': '10', 'prev_value': None, 'change': True}
2025-10-10 06:57:57,891 : EventManager : Event: ======'machine_var_platform_version'====== Args={'value': '10.0.19045', 'prev_value': None, 'change': True}
2025-10-10 06:57:57,891 : EventManager : Event: ======'machine_var_platform_machine'====== Args={'value': 'AMD64', 'prev_value': None, 'change': True}
2025-10-10 06:57:57,891 : EventManager : Event: ======'machine_var_mc_version'====== Args={'value': 'MPF-MC v0.57.0.dev10', 'prev_value': None, 'change': True}
2025-10-10 06:57:57,891 : EventManager : Event: ======'machine_var_mc_extended_version'====== Args={'value': 'MPF-MC v0.57.0.dev10 (config_version=6, BCP v1.1,                      Requires MPF API compatibility v0.57.0.dev19 or newer)', 'prev_value': None, 'change': True}
2025-10-10 06:57:57,891 : SoundSystem : Setting master volume to 0.5
2025-10-10 06:57:57,891 : SoundSystem : Setting master volume to 0.5
2025-10-10 06:57:57,891 : SoundSystem : Setting master volume to 0.5
2025-10-10 06:57:57,891 : SoundSystem : Setting master volume to 0.5
2025-10-10 06:57:57,977 : EventManager : Event: ======'machine_var_audits_events_game_ended'====== Args={'value': 43, 'prev_value': None, 'change': True}
2025-10-10 06:57:58,014 : EventManager : Event: ======'machine_var_audits_events_game_started'====== Args={'value': 164, 'prev_value': None, 'change': True}
2025-10-10 06:57:58,014 : EventManager : Event: ======'machine_var_audits_missing_switches_s_A'====== Args={'value': 67, 'prev_value': None, 'change': True}
2025-10-10 06:57:58,014 : EventManager : Event: ======'machine_var_audits_missing_switches_s_E'====== Args={'value': 92, 'prev_value': None, 'change': True}
2025-10-10 06:57:58,014 : EventManager : Event: ======'machine_var_audits_missing_switches_s_Eb'====== Args={'value': 67, 'prev_value': None, 'change': True}
2025-10-10 06:57:58,014 : EventManager : Event: ======'machine_var_audits_missing_switches_s_I'====== Args={'value': 92, 'prev_value': None, 'change': True}
2025-10-10 06:57:58,014 : EventManager : Event: ======'machine_var_audits_missing_switches_s_L'====== Args={'value': 67, 'prev_value': None, 'change': True}
2025-10-10 06:57:58,014 : EventManager : Event: ======'machine_var_audits_missing_switches_s_M'====== Args={'value': 92, 'prev_value': None, 'change': True}
2025-10-10 06:57:58,014 : EventManager : Event: ======'machine_var_audits_missing_switches_s_R'====== Args={'value': 67, 'prev_value': None, 'change': True}
2025-10-10 06:57:58,014 : EventManager : Event: ======'machine_var_audits_missing_switches_s_T'====== Args={'value': 92, 'prev_value': None, 'change': True}
2025-10-10 06:57:58,014 : EventManager : Event: ======'machine_var_audits_missing_switches_s_Tb'====== Args={'value': 67, 'prev_value': None, 'change': True}
2025-10-10 06:57:58,014 : EventManager : Event: ======'machine_var_audits_missing_switches_s_V'====== Args={'value': 67, 'prev_value': None, 'change': True}
2025-10-10 06:57:58,015 : EventManager : Event: ======'machine_var_audits_missing_switches_s_bumper1'====== Args={'value': 7, 'prev_value': None, 'change': True}
2025-10-10 06:57:58,015 : EventManager : Event: ======'machine_var_audits_missing_switches_s_bumper2'====== Args={'value': 7, 'prev_value': None, 'change': True}
2025-10-10 06:57:58,015 : EventManager : Event: ======'machine_var_audits_missing_switches_s_bumper_1'====== Args={'value': 28, 'prev_value': None, 'change': True}
2025-10-10 06:57:58,015 : EventManager : Event: ======'machine_var_audits_missing_switches_s_bumper_2'====== Args={'value': 28, 'prev_value': None, 'change': True}
2025-10-10 06:57:58,015 : EventManager : Event: ======'machine_var_audits_missing_switches_s_center_center_target'====== Args={'value': 28, 'prev_value': None, 'change': True}
2025-10-10 06:57:58,015 : EventManager : Event: ======'machine_var_audits_missing_switches_s_launcher_lane_spinner'====== Args={'value': 90, 'prev_value': None, 'change': True}
2025-10-10 06:57:58,015 : EventManager : Event: ======'machine_var_audits_missing_switches_s_left_center_target'====== Args={'value': 28, 'prev_value': None, 'change': True}
2025-10-10 06:57:58,015 : EventManager : Event: ======'machine_var_audits_missing_switches_s_left_corridor_spinner'====== Args={'value': 90, 'prev_value': None, 'change': True}
2025-10-10 06:57:58,015 : EventManager : Event: ======'machine_var_audits_missing_switches_s_left_corridor_spinner2'====== Args={'value': 90, 'prev_value': None, 'change': True}
2025-10-10 06:57:58,015 : EventManager : Event: ======'machine_var_audits_missing_switches_s_left_flipper'====== Args={'value': 13, 'prev_value': None, 'change': True}
2025-10-10 06:57:58,015 : EventManager : Event: ======'machine_var_audits_missing_switches_s_left_inlane'====== Args={'value': 117, 'prev_value': None, 'change': True}
2025-10-10 06:57:58,015 : EventManager : Event: ======'machine_var_audits_missing_switches_s_left_outlane'====== Args={'value': 127, 'prev_value': None, 'change': True}
2025-10-10 06:57:58,016 : EventManager : Event: ======'machine_var_audits_missing_switches_s_left_scoop'====== Args={'value': 1, 'prev_value': None, 'change': True}
2025-10-10 06:57:58,016 : EventManager : Event: ======'machine_var_audits_missing_switches_s_left_standup'====== Args={'value': 89, 'prev_value': None, 'change': True}
2025-10-10 06:57:58,016 : EventManager : Event: ======'machine_var_audits_missing_switches_s_right_center_target'====== Args={'value': 28, 'prev_value': None, 'change': True}
2025-10-10 06:57:58,016 : EventManager : Event: ======'machine_var_audits_missing_switches_s_right_corridor_spinner'====== Args={'value': 90, 'prev_value': None, 'change': True}
2025-10-10 06:57:58,016 : EventManager : Event: ======'machine_var_audits_missing_switches_s_right_flipper'====== Args={'value': 13, 'prev_value': None, 'change': True}
2025-10-10 06:57:58,016 : EventManager : Event: ======'machine_var_audits_missing_switches_s_right_inlane'====== Args={'value': 29, 'prev_value': None, 'change': True}
2025-10-10 06:57:58,016 : EventManager : Event: ======'machine_var_audits_missing_switches_s_right_outlane'====== Args={'value': 127, 'prev_value': None, 'change': True}
2025-10-10 06:57:58,016 : EventManager : Event: ======'machine_var_audits_missing_switches_s_right_standup'====== Args={'value': 89, 'prev_value': None, 'change': True}
2025-10-10 06:57:58,016 : EventManager : Event: ======'machine_var_audits_missing_switches_s_sling_left'====== Args={'value': 117, 'prev_value': None, 'change': True}
2025-10-10 06:57:58,016 : EventManager : Event: ======'machine_var_audits_missing_switches_s_sling_right'====== Args={'value': 13, 'prev_value': None, 'change': True}
2025-10-10 06:57:58,016 : EventManager : Event: ======'machine_var_audits_missing_switches_s_standup_1'====== Args={'value': 1, 'prev_value': None, 'change': True}
2025-10-10 06:57:58,016 : EventManager : Event: ======'machine_var_audits_missing_switches_s_standup_2'====== Args={'value': 2, 'prev_value': None, 'change': True}
2025-10-10 06:57:58,017 : EventManager : Event: ======'machine_var_audits_missing_switches_s_standup_3'====== Args={'value': 7, 'prev_value': None, 'change': True}
2025-10-10 06:57:58,017 : EventManager : Event: ======'machine_var_audits_missing_switches_s_standup_4'====== Args={'value': 2, 'prev_value': None, 'change': True}
2025-10-10 06:57:58,017 : EventManager : Event: ======'machine_var_audits_missing_switches_s_standup_5'====== Args={'value': 8, 'prev_value': None, 'change': True}
2025-10-10 06:57:58,017 : EventManager : Event: ======'machine_var_audits_missing_switches_s_standup_6'====== Args={'value': 5, 'prev_value': None, 'change': True}
2025-10-10 06:57:58,017 : EventManager : Event: ======'machine_var_audits_missing_switches_s_start'====== Args={'value': 12, 'prev_value': None, 'change': True}
2025-10-10 06:57:58,017 : EventManager : Event: ======'machine_var_audits_missing_switches_s_top_left_standup'====== Args={'value': 89, 'prev_value': None, 'change': True}
2025-10-10 06:57:58,017 : EventManager : Event: ======'machine_var_audits_missing_switches_s_top_left_standup2'====== Args={'value': 30, 'prev_value': None, 'change': True}
2025-10-10 06:57:58,017 : EventManager : Event: ======'machine_var_audits_missing_switches_s_trough2'====== Args={'value': 164, 'prev_value': None, 'change': True}
2025-10-10 06:57:58,017 : EventManager : Event: ======'machine_var_audits_missing_switches_s_trough3'====== Args={'value': 164, 'prev_value': None, 'change': True}
2025-10-10 06:57:58,017 : EventManager : Event: ======'machine_var_audits_missing_switches_s_trough4'====== Args={'value': 164, 'prev_value': None, 'change': True}
2025-10-10 06:57:58,017 : EventManager : Event: ======'machine_var_audits_missing_switches_s_trough5'====== Args={'value': 164, 'prev_value': None, 'change': True}
2025-10-10 06:57:58,017 : EventManager : Event: ======'machine_var_audits_missing_switches_s_trough6'====== Args={'value': 164, 'prev_value': None, 'change': True}
2025-10-10 06:57:58,017 : EventManager : Event: ======'machine_var_audits_missing_switches_s_trough_jam'====== Args={'value': 164, 'prev_value': None, 'change': True}
2025-10-10 06:57:58,017 : EventManager : Event: ======'machine_var_audits_player_score'====== Args={'value': {'average': 127897, 'top': [2008600, 1234200, 1027900, 606200, 211200, 205900, 34750, 28284, 28200, 25272], 'total': 45}, 'prev_value': None, 'change': True}
2025-10-10 06:57:58,017 : EventManager : Event: ======'machine_var_audits_shots_bumper1_shot'====== Args={'value': 35, 'prev_value': None, 'change': True}
2025-10-10 06:57:58,018 : EventManager : Event: ======'machine_var_audits_shots_bumper2_shot'====== Args={'value': 24, 'prev_value': None, 'change': True}
2025-10-10 06:57:58,018 : EventManager : Event: ======'machine_var_audits_shots_center_rollover'====== Args={'value': 7, 'prev_value': None, 'change': True}
2025-10-10 06:57:58,018 : EventManager : Event: ======'machine_var_audits_shots_center_rollover_shot'====== Args={'value': 225, 'prev_value': None, 'change': True}
2025-10-10 06:57:58,018 : EventManager : Event: ======'machine_var_audits_shots_left_rollover'====== Args={'value': 6, 'prev_value': None, 'change': True}
2025-10-10 06:57:58,018 : EventManager : Event: ======'machine_var_audits_shots_left_rollover_shot'====== Args={'value': 169, 'prev_value': None, 'change': True}
2025-10-10 06:57:58,018 : EventManager : Event: ======'machine_var_audits_shots_left_scoop_shot'====== Args={'value': 28, 'prev_value': None, 'change': True}
2025-10-10 06:57:58,018 : EventManager : Event: ======'machine_var_audits_shots_middle_inlane_shot'====== Args={'value': 20, 'prev_value': None, 'change': True}
2025-10-10 06:57:58,018 : EventManager : Event: ======'machine_var_audits_shots_my_first_shot'====== Args={'value': 95, 'prev_value': None, 'change': True}
2025-10-10 06:57:58,018 : EventManager : Event: ======'machine_var_audits_shots_right_inlane_shot'====== Args={'value': 53, 'prev_value': None, 'change': True}
2025-10-10 06:57:58,018 : EventManager : Event: ======'machine_var_audits_shots_right_rollover'====== Args={'value': 7, 'prev_value': None, 'change': True}
2025-10-10 06:57:58,018 : EventManager : Event: ======'machine_var_audits_shots_right_rollover_shot'====== Args={'value': 229, 'prev_value': None, 'change': True}
2025-10-10 06:57:58,018 : EventManager : Event: ======'machine_var_audits_shots_right_scoop_shot'====== Args={'value': 33, 'prev_value': None, 'change': True}
2025-10-10 06:57:58,018 : EventManager : Event: ======'machine_var_audits_shots_standup_1_skill'====== Args={'value': 27, 'prev_value': None, 'change': True}
2025-10-10 06:57:58,018 : EventManager : Event: ======'machine_var_audits_shots_standup_2_skill'====== Args={'value': 7, 'prev_value': None, 'change': True}
2025-10-10 06:57:58,018 : EventManager : Event: ======'machine_var_audits_shots_standup_3_skill'====== Args={'value': 6, 'prev_value': None, 'change': True}
2025-10-10 06:57:58,018 : EventManager : Event: ======'machine_var_audits_shots_standup_4_skill'====== Args={'value': 7, 'prev_value': None, 'change': True}
2025-10-10 06:57:58,019 : EventManager : Event: ======'machine_var_audits_shots_standup_5_skill'====== Args={'value': 4, 'prev_value': None, 'change': True}
2025-10-10 06:57:58,019 : EventManager : Event: ======'machine_var_audits_shots_standup_6_skill'====== Args={'value': 2, 'prev_value': None, 'change': True}
2025-10-10 06:57:58,019 : EventManager : Event: ======'machine_var_audits_shots_top_middle_inlane_shot'====== Args={'value': 41, 'prev_value': None, 'change': True}
2025-10-10 06:57:58,019 : EventManager : Event: ======'machine_var_audits_switches_s_A'====== Args={'value': 0, 'prev_value': None, 'change': True}
2025-10-10 06:57:58,019 : EventManager : Event: ======'machine_var_audits_switches_s_E'====== Args={'value': 0, 'prev_value': None, 'change': True}
2025-10-10 06:57:58,019 : EventManager : Event: ======'machine_var_audits_switches_s_Eb'====== Args={'value': 0, 'prev_value': None, 'change': True}
2025-10-10 06:57:58,019 : EventManager : Event: ======'machine_var_audits_switches_s_I'====== Args={'value': 0, 'prev_value': None, 'change': True}
2025-10-10 06:57:58,019 : EventManager : Event: ======'machine_var_audits_switches_s_L'====== Args={'value': 0, 'prev_value': None, 'change': True}
2025-10-10 06:57:58,019 : EventManager : Event: ======'machine_var_audits_switches_s_M'====== Args={'value': 0, 'prev_value': None, 'change': True}
2025-10-10 06:57:58,019 : EventManager : Event: ======'machine_var_audits_switches_s_R'====== Args={'value': 0, 'prev_value': None, 'change': True}
2025-10-10 06:57:58,019 : EventManager : Event: ======'machine_var_audits_switches_s_T'====== Args={'value': 0, 'prev_value': None, 'change': True}
2025-10-10 06:57:58,019 : EventManager : Event: ======'machine_var_audits_switches_s_Tb'====== Args={'value': 0, 'prev_value': None, 'change': True}
2025-10-10 06:57:58,019 : EventManager : Event: ======'machine_var_audits_switches_s_V'====== Args={'value': 0, 'prev_value': None, 'change': True}
2025-10-10 06:57:58,019 : EventManager : Event: ======'machine_var_audits_switches_s_bumper1'====== Args={'value': 35, 'prev_value': None, 'change': True}
2025-10-10 06:57:58,020 : EventManager : Event: ======'machine_var_audits_switches_s_bumper2'====== Args={'value': 24, 'prev_value': None, 'change': True}
2025-10-10 06:57:58,020 : EventManager : Event: ======'machine_var_audits_switches_s_bumper_1'====== Args={'value': 0, 'prev_value': None, 'change': True}
2025-10-10 06:57:58,020 : EventManager : Event: ======'machine_var_audits_switches_s_bumper_2'====== Args={'value': 0, 'prev_value': None, 'change': True}
2025-10-10 06:57:58,020 : EventManager : Event: ======'machine_var_audits_switches_s_center_center_target'====== Args={'value': 1, 'prev_value': None, 'change': True}
2025-10-10 06:57:58,020 : EventManager : Event: ======'machine_var_audits_switches_s_center_rollover'====== Args={'value': 234, 'prev_value': None, 'change': True}
2025-10-10 06:57:58,020 : EventManager : Event: ======'machine_var_audits_switches_s_launcher_lane_spinner'====== Args={'value': 0, 'prev_value': None, 'change': True}
2025-10-10 06:57:58,020 : EventManager : Event: ======'machine_var_audits_switches_s_left_center_target'====== Args={'value': 2, 'prev_value': None, 'change': True}
2025-10-10 06:57:58,020 : EventManager : Event: ======'machine_var_audits_switches_s_left_corridor_spinner'====== Args={'value': 0, 'prev_value': None, 'change': True}
2025-10-10 06:57:58,020 : EventManager : Event: ======'machine_var_audits_switches_s_left_corridor_spinner2'====== Args={'value': 0, 'prev_value': None, 'change': True}
2025-10-10 06:57:58,020 : EventManager : Event: ======'machine_var_audits_switches_s_left_flipper'====== Args={'value': 330, 'prev_value': None, 'change': True}
2025-10-10 06:57:58,020 : EventManager : Event: ======'machine_var_audits_switches_s_left_inlane'====== Args={'value': 8, 'prev_value': None, 'change': True}
2025-10-10 06:57:58,020 : EventManager : Event: ======'machine_var_audits_switches_s_left_outlane'====== Args={'value': 3, 'prev_value': None, 'change': True}
2025-10-10 06:57:58,020 : EventManager : Event: ======'machine_var_audits_switches_s_left_rollover'====== Args={'value': 177, 'prev_value': None, 'change': True}
2025-10-10 06:57:58,020 : EventManager : Event: ======'machine_var_audits_switches_s_left_scoop'====== Args={'value': 212, 'prev_value': None, 'change': True}
2025-10-10 06:57:58,020 : EventManager : Event: ======'machine_var_audits_switches_s_left_standup'====== Args={'value': 0, 'prev_value': None, 'change': True}
2025-10-10 06:57:58,020 : EventManager : Event: ======'machine_var_audits_switches_s_middle_inlane'====== Args={'value': 20, 'prev_value': None, 'change': True}
2025-10-10 06:57:58,021 : EventManager : Event: ======'machine_var_audits_switches_s_plunger'====== Args={'value': 312, 'prev_value': None, 'change': True}
2025-10-10 06:57:58,021 : EventManager : Event: ======'machine_var_audits_switches_s_right_center_target'====== Args={'value': 1, 'prev_value': None, 'change': True}
2025-10-10 06:57:58,021 : EventManager : Event: ======'machine_var_audits_switches_s_right_corridor_spinner'====== Args={'value': 0, 'prev_value': None, 'change': True}
2025-10-10 06:57:58,021 : EventManager : Event: ======'machine_var_audits_switches_s_right_flipper'====== Args={'value': 146, 'prev_value': None, 'change': True}
2025-10-10 06:57:58,021 : EventManager : Event: ======'machine_var_audits_switches_s_right_inlane'====== Args={'value': 180, 'prev_value': None, 'change': True}
2025-10-10 06:57:58,021 : EventManager : Event: ======'machine_var_audits_switches_s_right_outlane'====== Args={'value': 3, 'prev_value': None, 'change': True}
2025-10-10 06:57:58,021 : EventManager : Event: ======'machine_var_audits_switches_s_right_rollover'====== Args={'value': 238, 'prev_value': None, 'change': True}
2025-10-10 06:57:58,021 : EventManager : Event: ======'machine_var_audits_switches_s_right_scoop'====== Args={'value': 50, 'prev_value': None, 'change': True}
2025-10-10 06:57:58,021 : EventManager : Event: ======'machine_var_audits_switches_s_right_standup'====== Args={'value': 0, 'prev_value': None, 'change': True}
2025-10-10 06:57:58,021 : EventManager : Event: ======'machine_var_audits_switches_s_sling_left'====== Args={'value': 3, 'prev_value': None, 'change': True}
2025-10-10 06:57:58,021 : EventManager : Event: ======'machine_var_audits_switches_s_sling_right'====== Args={'value': 8, 'prev_value': None, 'change': True}
2025-10-10 06:57:58,021 : EventManager : Event: ======'machine_var_audits_switches_s_standup_1'====== Args={'value': 56, 'prev_value': None, 'change': True}
2025-10-10 06:57:58,021 : EventManager : Event: ======'machine_var_audits_switches_s_standup_2'====== Args={'value': 19, 'prev_value': None, 'change': True}
2025-10-10 06:57:58,021 : EventManager : Event: ======'machine_var_audits_switches_s_standup_3'====== Args={'value': 23, 'prev_value': None, 'change': True}
2025-10-10 06:57:58,022 : EventManager : Event: ======'machine_var_audits_switches_s_standup_4'====== Args={'value': 17, 'prev_value': None, 'change': True}
2025-10-10 06:57:58,022 : EventManager : Event: ======'machine_var_audits_switches_s_standup_5'====== Args={'value': 18, 'prev_value': None, 'change': True}
2025-10-10 06:57:58,022 : EventManager : Event: ======'machine_var_audits_switches_s_standup_6'====== Args={'value': 8, 'prev_value': None, 'change': True}
2025-10-10 06:57:58,022 : EventManager : Event: ======'machine_var_audits_switches_s_start'====== Args={'value': 15, 'prev_value': None, 'change': True}
2025-10-10 06:57:58,022 : EventManager : Event: ======'machine_var_audits_switches_s_top_left_standup'====== Args={'value': 0, 'prev_value': None, 'change': True}
2025-10-10 06:57:58,022 : EventManager : Event: ======'machine_var_audits_switches_s_top_left_standup2'====== Args={'value': 15, 'prev_value': None, 'change': True}
2025-10-10 06:57:58,022 : EventManager : Event: ======'machine_var_audits_switches_s_top_middle_inlane'====== Args={'value': 41, 'prev_value': None, 'change': True}
2025-10-10 06:57:58,022 : EventManager : Event: ======'machine_var_audits_switches_s_trough1'====== Args={'value': 208, 'prev_value': None, 'change': True}
2025-10-10 06:57:58,022 : EventManager : Event: ======'machine_var_audits_switches_s_trough2'====== Args={'value': 0, 'prev_value': None, 'change': True}
2025-10-10 06:57:58,022 : EventManager : Event: ======'machine_var_audits_switches_s_trough3'====== Args={'value': 0, 'prev_value': None, 'change': True}
2025-10-10 06:57:58,022 : EventManager : Event: ======'machine_var_audits_switches_s_trough4'====== Args={'value': 0, 'prev_value': None, 'change': True}
2025-10-10 06:57:58,022 : EventManager : Event: ======'machine_var_audits_switches_s_trough5'====== Args={'value': 0, 'prev_value': None, 'change': True}
2025-10-10 06:57:58,022 : EventManager : Event: ======'machine_var_audits_switches_s_trough6'====== Args={'value': 0, 'prev_value': None, 'change': True}
2025-10-10 06:57:58,022 : EventManager : Event: ======'machine_var_audits_switches_s_trough_jam'====== Args={'value': 0, 'prev_value': None, 'change': True}
2025-10-10 06:57:58,062 : EventManager : Event: ======'mc_reset_phase_1'====== Args={}
2025-10-10 06:57:58,062 : EventManager : Event: ======'mc_reset_phase_2'====== Args={}
2025-10-10 06:57:58,062 : EventManager : Event: ======'mc_reset_phase_3'====== Args={}
2025-10-10 06:57:58,062 : EventManager : Event: ======'mc_reset_complete'====== Args={}
2025-10-10 06:57:58,074 : EventManager : Event: ======'slides_play'====== Args={'settings': {'awesome_slide': {'widgets': [{'type': 'text', 'text': 'TIME TRAVEL 1985', 'font_size': 50, '_default_settings': ['type', 'text', 'font_size'], 'x': None, 'y': None, 'anchor_x': 'center', 'anchor_y': 'center', 'round_anchor_x': None, 'round_anchor_y': None, 'opacity': 1.0, 'z': 0, 'reset_animations_events': {}, 'color': [1.0, 1.0, 1.0, 1.0], 'style': [], 'adjust_top': 0, 'adjust_bottom': 0, 'adjust_left': 0, 'adjust_right': 0, 'expire': None, 'key': None, 'widget': None, 'events_when_added': [], 'events_when_removed': [], 'bitmap_font': False, 'font_kerning': True, 'bold': False, 'italic': False, 'number_grouping': False, 'min_digits': 0, 'halign': 'center', 'valign': 'middle', 'rotation': 0, 'scale': 1.0, 'casing': None, 'outline_color': [1.0, 1.0, 1.0, 1.0], 'outline_width': 0, 'animations': None}], 'transition': {'type': 'push', 'duration': 1.0, 'direction': 'left', 'easing': 'out_quad'}, 'target': None, 'background_color': [0.0, 0.0, 0.0, 1.0], 'priority': None, 'show': True, 'force': False, 'expire': None, 'slide': None, 'tokens': {}, 'action': 'play'}}, 'context': 'show_2', 'calling_context': 0, 'priority': 10, 'show_tokens': {}, 'start_time': 328616.718}
2025-10-10 06:57:58,074 : EventManager : Event: ======'sounds_play'====== Args={'settings': {'music': {'action': 'play', 'loops': -1, 'priority': None, 'block': False, 'delay': None, 'track': None, 'volume': None, 'ducking': {}, 'pan': None, 'start_at': None, 'fade_in': None, 'fade_out': None, 'about_to_finish_time': -1.0, 'max_queue_time': -1.0, 'events_when_played': ['use_sound_setting'], 'events_when_stopped': ['use_sound_setting'], 'events_when_looping': ['use_sound_setting'], 'events_when_about_to_finish': ['use_sound_setting'], 'mode_end_action': 'use_sound_setting', 'key': 'use_sound_setting'}}, 'context': '_global', 'calling_context': 'mode_attract_started', 'priority': 0}
2025-10-10 06:57:58,074 : mpfmc : SlidePlayer: Play called with settings={'awesome_slide': {'widgets': [{'type': 'text', 'text': 'TIME TRAVEL 1985', 'font_size': 50, '_default_settings': ['type', 'text', 'font_size'], 'x': None, 'y': None, 'anchor_x': 'center', 'anchor_y': 'center', 'round_anchor_x': None, 'round_anchor_y': None, 'opacity': 1.0, 'z': 0, 'reset_animations_events': {}, 'color': [1.0, 1.0, 1.0, 1.0], 'style': [], 'adjust_top': 0, 'adjust_bottom': 0, 'adjust_left': 0, 'adjust_right': 0, 'expire': None, 'key': None, 'widget': None, 'events_when_added': [], 'events_when_removed': [], 'bitmap_font': False, 'font_kerning': True, 'bold': False, 'italic': False, 'number_grouping': False, 'min_digits': 0, 'halign': 'center', 'valign': 'middle', 'rotation': 0, 'scale': 1.0, 'casing': None, 'outline_color': [1.0, 1.0, 1.0, 1.0], 'outline_width': 0, 'animations': None}], 'transition': {'type': 'push', 'duration': 1.0, 'direction': 'left', 'easing': 'out_quad'}, 'target': None, 'background_color': [0.0, 0.0, 0.0, 1.0], 'priority': None, 'show': True, 'force': False, 'expire': None, 'slide': None, 'tokens': {}, 'action': 'play'}}
2025-10-10 06:57:58,079 : kivy : GL: NPOT texture support is available
2025-10-10 06:57:58,080 : EventManager : Event: ======'slide_awesome_slide_created'====== Args={}
2025-10-10 06:57:58,081 : EventManager : Event: ======'slide_awesome_slide_active'====== Args={}
2025-10-10 06:57:58,088 : EventManager : Event: ======'loading_assets'====== Args={'total': 1, 'loaded': 1, 'remaining': 0, 'percent': 100}
2025-10-10 06:57:58,089 : AssetManager : Asset loading took: 1.6500654220581055
2025-10-10 06:57:58,089 : EventManager : Event: ======'asset_loading_complete'====== Args={}
2025-10-10 06:57:58,089 : AssetManager : Loading assets: 1/1 (100%)
2025-10-10 06:58:01,045 : EventManager : Event: ======'slides_play'====== Args={'settings': {'press_start': {'widgets': [{'type': 'Text', 'text': 'PRESS START', 'animations': {'pre_show_slide': [{'property': ['opacity'], 'value': ['0'], 'duration': 0.5, 'relative': False, 'timing': 'after_previous', 'repeat': False, 'easing': 'linear', 'step': 0.0}, {'property': ['opacity'], 'value': ['1'], 'duration': 0.5, 'repeat': False, 'relative': False, 'timing': 'after_previous', 'easing': 'linear', 'step': 0.0}]}, '_default_settings': ['type', 'text', 'animations'], 'x': None, 'y': None, 'anchor_x': 'center', 'anchor_y': 'center', 'round_anchor_x': None, 'round_anchor_y': None, 'opacity': 1.0, 'z': 0, 'reset_animations_events': {}, 'color': [1.0, 1.0, 1.0, 1.0], 'style': [], 'adjust_top': 0, 'adjust_bottom': 0, 'adjust_left': 0, 'adjust_right': 0, 'expire': None, 'key': None, 'widget': None, 'events_when_added': [], 'events_when_removed': [], 'font_size': 15, 'bitmap_font': False, 'font_kerning': True, 'bold': False, 'italic': False, 'number_grouping': False, 'min_digits': 0, 'halign': 'center', 'valign': 'middle', 'rotation': 0, 'scale': 1.0, 'casing': None, 'outline_color': [1.0, 1.0, 1.0, 1.0], 'outline_width': 0}, {'type': 'Text', 'text': 'FREE PLAY', 'color': [0.0, 0.5019607843137255, 0.0, 1], 'y': '10', 'anchor_y': 'bottom', '_default_settings': ['type', 'text', 'color', 'y', 'anchor_y'], 'x': None, 'anchor_x': 'center', 'round_anchor_x': None, 'round_anchor_y': None, 'opacity': 1.0, 'z': 0, 'reset_animations_events': {}, 'style': [], 'adjust_top': 0, 'adjust_bottom': 0, 'adjust_left': 0, 'adjust_right': 0, 'expire': None, 'key': None, 'widget': None, 'events_when_added': [], 'events_when_removed': [], 'font_size': 15, 'bitmap_font': False, 'font_kerning': True, 'bold': False, 'italic': False, 'number_grouping': False, 'min_digits': 0, 'halign': 'center', 'valign': 'middle', 'rotation': 0, 'scale': 1.0, 'casing': None, 'outline_color': [1.0, 1.0, 1.0, 1.0], 'outline_width': 0, 'animations': None}], 'transition': {'type': 'move_in', 'duration': 1.0, 'direction': 'right', 'easing': 'out_quad'}, 'target': None, 'background_color': [0.0, 0.0, 0.0, 1.0], 'priority': None, 'show': True, 'force': False, 'expire': None, 'slide': None, 'tokens': {}, 'action': 'play'}}, 'context': 'show_2', 'calling_context': 1, 'priority': 10, 'show_tokens': {}, 'start_time': 328619.718}
2025-10-10 06:58:01,045 : mpfmc : SlidePlayer: Play called with settings={'press_start': {'widgets': [{'type': 'Text', 'text': 'PRESS START', 'animations': {'pre_show_slide': [{'property': ['opacity'], 'value': ['0'], 'duration': 0.5, 'relative': False, 'timing': 'after_previous', 'repeat': False, 'easing': 'linear', 'step': 0.0}, {'property': ['opacity'], 'value': ['1'], 'duration': 0.5, 'repeat': False, 'relative': False, 'timing': 'after_previous', 'easing': 'linear', 'step': 0.0}]}, '_default_settings': ['type', 'text', 'animations'], 'x': None, 'y': None, 'anchor_x': 'center', 'anchor_y': 'center', 'round_anchor_x': None, 'round_anchor_y': None, 'opacity': 1.0, 'z': 0, 'reset_animations_events': {}, 'color': [1.0, 1.0, 1.0, 1.0], 'style': [], 'adjust_top': 0, 'adjust_bottom': 0, 'adjust_left': 0, 'adjust_right': 0, 'expire': None, 'key': None, 'widget': None, 'events_when_added': [], 'events_when_removed': [], 'font_size': 15, 'bitmap_font': False, 'font_kerning': True, 'bold': False, 'italic': False, 'number_grouping': False, 'min_digits': 0, 'halign': 'center', 'valign': 'middle', 'rotation': 0, 'scale': 1.0, 'casing': None, 'outline_color': [1.0, 1.0, 1.0, 1.0], 'outline_width': 0}, {'type': 'Text', 'text': 'FREE PLAY', 'color': [0.0, 0.5019607843137255, 0.0, 1], 'y': '10', 'anchor_y': 'bottom', '_default_settings': ['type', 'text', 'color', 'y', 'anchor_y'], 'x': None, 'anchor_x': 'center', 'round_anchor_x': None, 'round_anchor_y': None, 'opacity': 1.0, 'z': 0, 'reset_animations_events': {}, 'style': [], 'adjust_top': 0, 'adjust_bottom': 0, 'adjust_left': 0, 'adjust_right': 0, 'expire': None, 'key': None, 'widget': None, 'events_when_added': [], 'events_when_removed': [], 'font_size': 15, 'bitmap_font': False, 'font_kerning': True, 'bold': False, 'italic': False, 'number_grouping': False, 'min_digits': 0, 'halign': 'center', 'valign': 'middle', 'rotation': 0, 'scale': 1.0, 'casing': None, 'outline_color': [1.0, 1.0, 1.0, 1.0], 'outline_width': 0, 'animations': None}], 'transition': {'type': 'move_in', 'duration': 1.0, 'direction': 'right', 'easing': 'out_quad'}, 'target': None, 'background_color': [0.0, 0.0, 0.0, 1.0], 'priority': None, 'show': True, 'force': False, 'expire': None, 'slide': None, 'tokens': {}, 'action': 'play'}}
2025-10-10 06:58:01,052 : EventManager : Event: ======'slide_press_start_created'====== Args={}
2025-10-10 06:58:01,054 : EventManager : Event: ======'slide_press_start_active'====== Args={}
2025-10-10 06:58:04,048 : EventManager : Event: ======'slides_play'====== Args={'settings': {'mission_pinball': {'widgets': [{'type': 'Text', 'text': 'MISSION PINBALL | RICHARD ZUPPA', 'color': [1.0, 0.0, 0.0, 1], '_default_settings': ['type', 'text', 'color'], 'x': None, 'y': None, 'anchor_x': 'center', 'anchor_y': 'center', 'round_anchor_x': None, 'round_anchor_y': None, 'opacity': 1.0, 'z': 0, 'reset_animations_events': {}, 'style': [], 'adjust_top': 0, 'adjust_bottom': 0, 'adjust_left': 0, 'adjust_right': 0, 'expire': None, 'key': None, 'widget': None, 'events_when_added': [], 'events_when_removed': [], 'font_size': 15, 'bitmap_font': False, 'font_kerning': True, 'bold': False, 'italic': False, 'number_grouping': False, 'min_digits': 0, 'halign': 'center', 'valign': 'middle', 'rotation': 0, 'scale': 1.0, 'casing': None, 'outline_color': [1.0, 1.0, 1.0, 1.0], 'outline_width': 0, 'animations': None}], 'transition': {'type': 'move_in', 'duration': 1.0, 'direction': 'top', 'easing': 'out_quad'}, 'target': None, 'background_color': [0.0, 0.0, 0.0, 1.0], 'priority': None, 'show': True, 'force': False, 'expire': None, 'slide': None, 'tokens': {}, 'action': 'play'}}, 'context': 'show_2', 'calling_context': 2, 'priority': 10, 'show_tokens': {}, 'start_time': 328622.718}
2025-10-10 06:58:04,048 : mpfmc : SlidePlayer: Play called with settings={'mission_pinball': {'widgets': [{'type': 'Text', 'text': 'MISSION PINBALL | RICHARD ZUPPA', 'color': [1.0, 0.0, 0.0, 1], '_default_settings': ['type', 'text', 'color'], 'x': None, 'y': None, 'anchor_x': 'center', 'anchor_y': 'center', 'round_anchor_x': None, 'round_anchor_y': None, 'opacity': 1.0, 'z': 0, 'reset_animations_events': {}, 'style': [], 'adjust_top': 0, 'adjust_bottom': 0, 'adjust_left': 0, 'adjust_right': 0, 'expire': None, 'key': None, 'widget': None, 'events_when_added': [], 'events_when_removed': [], 'font_size': 15, 'bitmap_font': False, 'font_kerning': True, 'bold': False, 'italic': False, 'number_grouping': False, 'min_digits': 0, 'halign': 'center', 'valign': 'middle', 'rotation': 0, 'scale': 1.0, 'casing': None, 'outline_color': [1.0, 1.0, 1.0, 1.0], 'outline_width': 0, 'animations': None}], 'transition': {'type': 'move_in', 'duration': 1.0, 'direction': 'top', 'easing': 'out_quad'}, 'target': None, 'background_color': [0.0, 0.0, 0.0, 1.0], 'priority': None, 'show': True, 'force': False, 'expire': None, 'slide': None, 'tokens': {}, 'action': 'play'}}
2025-10-10 06:58:04,060 : EventManager : Event: ======'slide_mission_pinball_created'====== Args={}
2025-10-10 06:58:04,063 : EventManager : Event: ======'slide_mission_pinball_active'====== Args={}
2025-10-10 06:58:05,810 : EventManager : Event: ======'game_started'====== Args={}
2025-10-10 06:58:05,859 : EventManager : Event: ======'slides_clear'====== Args={'context': 'show_2'}
2025-10-10 06:58:05,859 : EventManager : Event: ======'sounds_play'====== Args={'settings': {'music': {'action': 'stop', 'priority': None, 'block': False, 'delay': None, 'track': None, 'volume': None, 'ducking': {}, 'pan': None, 'loops': None, 'start_at': None, 'fade_in': None, 'fade_out': None, 'about_to_finish_time': -1.0, 'max_queue_time': -1.0, 'events_when_played': ['use_sound_setting'], 'events_when_stopped': ['use_sound_setting'], 'events_when_looping': ['use_sound_setting'], 'events_when_about_to_finish': ['use_sound_setting'], 'mode_end_action': 'use_sound_setting', 'key': 'use_sound_setting'}}, 'context': '_global', 'calling_context': 'mode_attract_stopped', 'priority': 0}
2025-10-10 06:58:05,859 : EventManager : Event: ======'player_added'====== Args={'player': <Player 1>, 'num': 1}
2025-10-10 06:58:05,859 : EventManager : Event: ======'player_index'====== Args={'value': 0, 'prev_value': 0, 'change': 0, 'player_num': 1}
2025-10-10 06:58:05,859 : EventManager : Event: ======'player_number'====== Args={'value': 1, 'prev_value': 1, 'change': 0, 'player_num': 1}
2025-10-10 06:58:05,859 : EventManager : Event: ======'player_score'====== Args={'value': 0, 'prev_value': 0, 'change': 0, 'player_num': 1}
2025-10-10 06:58:05,860 : EventManager : Event: ======'slide_awesome_slide_removed'====== Args={}
2025-10-10 06:58:05,860 : EventManager : Event: ======'slide_press_start_removed'====== Args={}
2025-10-10 06:58:05,860 : EventManager : Event: ======'slide_mission_pinball_removed'====== Args={}
2025-10-10 06:58:05,861 : EventManager : Event: ======'slide_window_blank_active'====== Args={}
2025-10-10 06:58:05,885 : EventManager : Event: ======'player_ball'====== Args={'value': 1, 'prev_value': 0, 'change': 1, 'player_num': 1}
2025-10-10 06:58:05,885 : EventManager : Event: ======'player_turn_start'====== Args={'number': 1, 'player': <Player 1>}
2025-10-10 06:58:05,897 : EventManager : Event: ======'player_shot_left_rollover_shot_enabled'====== Args={'value': True, 'prev_value': 0, 'change': 1, 'player_num': 1}
2025-10-10 06:58:05,897 : EventManager : Event: ======'player_shot_center_rollover_shot_enabled'====== Args={'value': True, 'prev_value': 0, 'change': 1, 'player_num': 1}
2025-10-10 06:58:05,897 : EventManager : Event: ======'player_shot_right_rollover_shot_enabled'====== Args={'value': True, 'prev_value': 0, 'change': 1, 'player_num': 1}
2025-10-10 06:58:05,898 : EventManager : Event: ======'player_shot_right_scoop_shot_enabled'====== Args={'value': True, 'prev_value': 0, 'change': 1, 'player_num': 1}
2025-10-10 06:58:05,898 : EventManager : Event: ======'player_shot_bumper1_shot_enabled'====== Args={'value': True, 'prev_value': 0, 'change': 1, 'player_num': 1}
2025-10-10 06:58:05,898 : EventManager : Event: ======'player_shot_bumper2_shot_enabled'====== Args={'value': True, 'prev_value': 0, 'change': 1, 'player_num': 1}
2025-10-10 06:58:05,898 : EventManager : Event: ======'player_shot_right_inlane_shot_enabled'====== Args={'value': True, 'prev_value': 0, 'change': 1, 'player_num': 1}
2025-10-10 06:58:05,909 : EventManager : Event: ======'slides_play'====== Args={'settings': {'widgets': {'widgets': [{'type': 'text', 'text': '(score)', 'number_grouping': True, 'min_digits': 2, 'font_size': 100, '_default_settings': ['type', 'text', 'number_grouping', 'min_digits', 'font_size'], 'x': None, 'y': None, 'anchor_x': 'center', 'anchor_y': 'center', 'round_anchor_x': None, 'round_anchor_y': None, 'opacity': 1.0, 'z': 0, 'reset_animations_events': {}, 'color': [1.0, 1.0, 1.0, 1.0], 'style': [], 'adjust_top': 0, 'adjust_bottom': 0, 'adjust_left': 0, 'adjust_right': 0, 'expire': None, 'key': None, 'widget': None, 'events_when_added': [], 'events_when_removed': [], 'bitmap_font': False, 'font_kerning': True, 'bold': False, 'italic': False, 'halign': 'center', 'valign': 'middle', 'rotation': 0, 'scale': 1.0, 'casing': None, 'outline_color': [1.0, 1.0, 1.0, 1.0], 'outline_width': 0, 'animations': None}, {'type': 'text', 'text': 'PLAYER (number)', 'y': '10', 'x': '10', 'font_size': 50, 'anchor_x': 'left', 'anchor_y': 'bottom', '_default_settings': ['type', 'text', 'y', 'x', 'font_size', 'anchor_x', 'anchor_y'], 'round_anchor_x': None, 'round_anchor_y': None, 'opacity': 1.0, 'z': 0, 'reset_animations_events': {}, 'color': [1.0, 1.0, 1.0, 1.0], 'style': [], 'adjust_top': 0, 'adjust_bottom': 0, 'adjust_left': 0, 'adjust_right': 0, 'expire': None, 'key': None, 'widget': None, 'events_when_added': [], 'events_when_removed': [], 'bitmap_font': False, 'font_kerning': True, 'bold': False, 'italic': False, 'number_grouping': False, 'min_digits': 0, 'halign': 'center', 'valign': 'middle', 'rotation': 0, 'scale': 1.0, 'casing': None, 'outline_color': [1.0, 1.0, 1.0, 1.0], 'outline_width': 0, 'animations': None}, {'type': 'text', 'text': 'BALL (ball)', 'y': '10', 'x': 'right-10', 'anchor_x': 'right', 'anchor_y': 'bottom', 'font_size': 50, '_default_settings': ['type', 'text', 'y', 'x', 'anchor_x', 'anchor_y', 'font_size'], 'round_anchor_x': None, 'round_anchor_y': None, 'opacity': 1.0, 'z': 0, 'reset_animations_events': {}, 'color': [1.0, 1.0, 1.0, 1.0], 'style': [], 'adjust_top': 0, 'adjust_bottom': 0, 'adjust_left': 0, 'adjust_right': 0, 'expire': None, 'key': None, 'widget': None, 'events_when_added': [], 'events_when_removed': [], 'bitmap_font': False, 'font_kerning': True, 'bold': False, 'italic': False, 'number_grouping': False, 'min_digits': 0, 'halign': 'center', 'valign': 'middle', 'rotation': 0, 'scale': 1.0, 'casing': None, 'outline_color': [1.0, 1.0, 1.0, 1.0], 'outline_width': 0, 'animations': None}, {'type': 'text', 'text': 'POTATO VALUE: (potato)', 'y': '40%', '_default_settings': ['type', 'text', 'y'], 'x': None, 'anchor_x': 'center', 'anchor_y': 'center', 'round_anchor_x': None, 'round_anchor_y': None, 'opacity': 1.0, 'z': 0, 'reset_animations_events': {}, 'color': [1.0, 1.0, 1.0, 1.0], 'style': [], 'adjust_top': 0, 'adjust_bottom': 0, 'adjust_left': 0, 'adjust_right': 0, 'expire': None, 'key': None, 'widget': None, 'events_when_added': [], 'events_when_removed': [], 'font_size': 15, 'bitmap_font': False, 'font_kerning': True, 'bold': False, 'italic': False, 'number_grouping': False, 'min_digits': 0, 'halign': 'center', 'valign': 'middle', 'rotation': 0, 'scale': 1.0, 'casing': None, 'outline_color': [1.0, 1.0, 1.0, 1.0], 'outline_width': 0, 'animations': None}], 'target': None, 'background_color': [0.0, 0.0, 0.0, 1.0], 'priority': None, 'show': True, 'force': False, 'expire': None, 'slide': None, 'tokens': {}, 'action': 'play'}}, 'context': 'base', 'calling_context': 'mode_base_started', 'priority': 100, 'player': 1, 'ball': 1, 'balls_remaining': 2, 'is_extra_ball': False}
2025-10-10 06:58:05,909 : EventManager : Event: ======'sounds_play'====== Args={'settings': {'mode': {'action': 'play', 'loops': -1, 'priority': None, 'block': False, 'delay': None, 'track': None, 'volume': None, 'ducking': {}, 'pan': None, 'start_at': None, 'fade_in': None, 'fade_out': None, 'about_to_finish_time': -1.0, 'max_queue_time': -1.0, 'events_when_played': ['use_sound_setting'], 'events_when_stopped': ['use_sound_setting'], 'events_when_looping': ['use_sound_setting'], 'events_when_about_to_finish': ['use_sound_setting'], 'mode_end_action': 'use_sound_setting', 'key': 'use_sound_setting'}}, 'context': '_global', 'calling_context': 'mode_base_started', 'priority': 0, 'player': 1, 'ball': 1, 'balls_remaining': 2, 'is_extra_ball': False}
2025-10-10 06:58:05,909 : mpfmc : SlidePlayer: Play called with settings={'widgets': {'widgets': [{'type': 'text', 'text': '(score)', 'number_grouping': True, 'min_digits': 2, 'font_size': 100, '_default_settings': ['type', 'text', 'number_grouping', 'min_digits', 'font_size'], 'x': None, 'y': None, 'anchor_x': 'center', 'anchor_y': 'center', 'round_anchor_x': None, 'round_anchor_y': None, 'opacity': 1.0, 'z': 0, 'reset_animations_events': {}, 'color': [1.0, 1.0, 1.0, 1.0], 'style': [], 'adjust_top': 0, 'adjust_bottom': 0, 'adjust_left': 0, 'adjust_right': 0, 'expire': None, 'key': None, 'widget': None, 'events_when_added': [], 'events_when_removed': [], 'bitmap_font': False, 'font_kerning': True, 'bold': False, 'italic': False, 'halign': 'center', 'valign': 'middle', 'rotation': 0, 'scale': 1.0, 'casing': None, 'outline_color': [1.0, 1.0, 1.0, 1.0], 'outline_width': 0, 'animations': None}, {'type': 'text', 'text': 'PLAYER (number)', 'y': '10', 'x': '10', 'font_size': 50, 'anchor_x': 'left', 'anchor_y': 'bottom', '_default_settings': ['type', 'text', 'y', 'x', 'font_size', 'anchor_x', 'anchor_y'], 'round_anchor_x': None, 'round_anchor_y': None, 'opacity': 1.0, 'z': 0, 'reset_animations_events': {}, 'color': [1.0, 1.0, 1.0, 1.0], 'style': [], 'adjust_top': 0, 'adjust_bottom': 0, 'adjust_left': 0, 'adjust_right': 0, 'expire': None, 'key': None, 'widget': None, 'events_when_added': [], 'events_when_removed': [], 'bitmap_font': False, 'font_kerning': True, 'bold': False, 'italic': False, 'number_grouping': False, 'min_digits': 0, 'halign': 'center', 'valign': 'middle', 'rotation': 0, 'scale': 1.0, 'casing': None, 'outline_color': [1.0, 1.0, 1.0, 1.0], 'outline_width': 0, 'animations': None}, {'type': 'text', 'text': 'BALL (ball)', 'y': '10', 'x': 'right-10', 'anchor_x': 'right', 'anchor_y': 'bottom', 'font_size': 50, '_default_settings': ['type', 'text', 'y', 'x', 'anchor_x', 'anchor_y', 'font_size'], 'round_anchor_x': None, 'round_anchor_y': None, 'opacity': 1.0, 'z': 0, 'reset_animations_events': {}, 'color': [1.0, 1.0, 1.0, 1.0], 'style': [], 'adjust_top': 0, 'adjust_bottom': 0, 'adjust_left': 0, 'adjust_right': 0, 'expire': None, 'key': None, 'widget': None, 'events_when_added': [], 'events_when_removed': [], 'bitmap_font': False, 'font_kerning': True, 'bold': False, 'italic': False, 'number_grouping': False, 'min_digits': 0, 'halign': 'center', 'valign': 'middle', 'rotation': 0, 'scale': 1.0, 'casing': None, 'outline_color': [1.0, 1.0, 1.0, 1.0], 'outline_width': 0, 'animations': None}, {'type': 'text', 'text': 'POTATO VALUE: (potato)', 'y': '40%', '_default_settings': ['type', 'text', 'y'], 'x': None, 'anchor_x': 'center', 'anchor_y': 'center', 'round_anchor_x': None, 'round_anchor_y': None, 'opacity': 1.0, 'z': 0, 'reset_animations_events': {}, 'color': [1.0, 1.0, 1.0, 1.0], 'style': [], 'adjust_top': 0, 'adjust_bottom': 0, 'adjust_left': 0, 'adjust_right': 0, 'expire': None, 'key': None, 'widget': None, 'events_when_added': [], 'events_when_removed': [], 'font_size': 15, 'bitmap_font': False, 'font_kerning': True, 'bold': False, 'italic': False, 'number_grouping': False, 'min_digits': 0, 'halign': 'center', 'valign': 'middle', 'rotation': 0, 'scale': 1.0, 'casing': None, 'outline_color': [1.0, 1.0, 1.0, 1.0], 'outline_width': 0, 'animations': None}], 'target': None, 'background_color': [0.0, 0.0, 0.0, 1.0], 'priority': None, 'show': True, 'force': False, 'expire': None, 'slide': None, 'tokens': {}, 'action': 'play'}}
2025-10-10 06:58:05,916 : EventManager : Event: ======'slide_base.slide_player-mode_base_started_created'====== Args={}
2025-10-10 06:58:05,919 : EventManager : Event: ======'slide_base.slide_player-mode_base_started_active'====== Args={}
2025-10-10 06:58:06,005 : EventManager : Event: ======'loading_assets'====== Args={'total': 1, 'loaded': 1, 'remaining': 0, 'percent': 100}
2025-10-10 06:58:06,005 : AssetManager : Asset loading took: 9.567372560501099
2025-10-10 06:58:06,005 : EventManager : Event: ======'asset_loading_complete'====== Args={}
2025-10-10 06:58:06,005 : AssetManager : Loading assets: 1/1 (100%)
2025-10-10 06:58:06,031 : EventManager : Event: ======'machine_var_audits_switches_s_plunger'====== Args={'value': 313, 'prev_value': 312, 'change': 1}
2025-10-10 06:58:15,464 : kivy : Base: Leaving application in progress...
2025-10-10 06:58:15,476 : mpfmc : Stopping...
2025-10-10 06:58:15,477 : EventManager : Event: ======'shutdown'====== Args={}
2025-10-10 06:58:15,477 : AudioInterface : Disabling audio playback
2025-10-10 06:58:15,608 : mpfmc : Loop rate 72.09 Hz
