2025-10-04 09:36:25,122 : kivy : deps: Successfully imported "kivy_deps.gstreamer" 0.3.3
2025-10-04 09:36:25,122 : kivy : deps: Successfully imported "kivy_deps.angle" 0.3.3
2025-10-04 09:36:25,122 : kivy : deps: Successfully imported "kivy_deps.glew" 0.3.1
2025-10-04 09:36:25,123 : kivy : deps: Successfully imported "kivy_deps.sdl2" 0.6.0
2025-10-04 09:36:25,123 : kivy : Kivy: v2.2.1
2025-10-04 09:36:25,123 : kivy : Kivy: Installed at "C:\Users\richa\mpfvirtual4\lib\site-packages\kivy\__init__.py"
2025-10-04 09:36:25,123 : kivy : Python: v3.9.13 (tags/v3.9.13:6de2ca5, May 17 2022, 16:36:42) [MSC v.1929 64 bit (AMD64)]
2025-10-04 09:36:25,123 : kivy : Python: Interpreter at "C:\Users\richa\mpfvirtual4\Scripts\python.exe"
2025-10-04 09:36:25,141 : kivy : Factory: 190 symbols loaded
2025-10-04 09:36:25,348 : kivy : ImageLoaderFFPy: Using ffpyplayer 4.5.0
2025-10-04 09:36:25,348 : kivy : Image: Providers: img_tex, img_dds, img_sdl2, img_pil, img_ffpyplayer 
2025-10-04 09:36:25,512 : kivy : VideoGstplayer: Using Gstreamer 1.18.5.0
2025-10-04 09:36:25,512 : kivy : Video: Provider: gstplayer
2025-10-04 09:36:25,554 : root : Loading MPF-MC controller
2025-10-04 09:36:25,556 : YamlMultifileConfigLoader : Machine config file #1: config
2025-10-04 09:36:25,557 : ConfigProcessor : Config file in cache changed: C:\Users\richa\ttp5\config\config
2025-10-04 09:36:25,557 : ConfigProcessor : Loading config from file C:\Users\richa\mpfvirtual4\lib\site-packages\mpfmc\mcconfig.yaml.
2025-10-04 09:36:25,566 : ConfigProcessor : Loading config: C:\Users\richa\mpfvirtual4\lib\site-packages\mpfmc\mcconfig.yaml
2025-10-04 09:36:25,566 : ConfigProcessor : Loading config from file C:\Users\richa\ttp5\config\config.
2025-10-04 09:36:25,569 : ConfigProcessor : Loading config: C:\Users\richa\ttp5\config\config
2025-10-04 09:36:25,570 : ConfigProcessor : Loading config: C:\Users\richa\ttp5\config\config_ball_devices.yaml
2025-10-04 09:36:25,572 : ConfigProcessor : Loading config: C:\Users\richa\ttp5\config\config_coils.yaml
2025-10-04 09:36:25,574 : ConfigProcessor : Loading config: C:\Users\richa\ttp5\config\config_flippers.yaml
2025-10-04 09:36:25,576 : ConfigProcessor : Loading config: C:\Users\richa\ttp5\config\config_switches.yaml
2025-10-04 09:36:25,578 : ConfigProcessor : Config file cache created: C:\Users\richa\AppData\Local\Temp\dfe03a1c6b87b9e2015d2c57a6076bec.mpf_cache
2025-10-04 09:36:25,579 : ConfigProcessor : Loading config from cache: C:\Users\richa\AppData\Local\Temp\77a998d318c788df5647a1900cedfc56.mpf_cache
2025-10-04 09:36:25,579 : ConfigProcessor : Loading config from cache: C:\Users\richa\AppData\Local\Temp\9c8dea79ca4d15ee886340e992e8cb9d.mpf_cache
2025-10-04 09:36:25,580 : ConfigProcessor : Loading config from cache: C:\Users\richa\AppData\Local\Temp\8ddee2e87a4f178751335e99da00e9c4.mpf_cache
2025-10-04 09:36:25,589 : mpfmc : Mission Pinball Framework Media Controller (MPF-MC) v0.57.0.dev10. Requires MPF v0.57.0.dev19 or newer.
2025-10-04 09:36:25,589 : mpfmc : Found MPF v0.57.0.dev39
2025-10-04 09:36:25,589 : mpfmc : Machine path: C:\Users\richa\ttp5
2025-10-04 09:36:25,589 : mpfmc : Starting clock at 60.0Hz
2025-10-04 09:36:25,602 : kivy : Text: Provider: sdl2
2025-10-04 09:36:25,646 : kivy : Window: Provider: sdl2
2025-10-04 09:36:26,015 : kivy : GL: Using the "OpenGL" graphics system
2025-10-04 09:36:26,025 : kivy : GL: GLEW initialization succeeded
2025-10-04 09:36:26,025 : kivy : GL: Backend used <glew>
2025-10-04 09:36:26,026 : kivy : GL: OpenGL version <b'4.6.0 NVIDIA 560.94'>
2025-10-04 09:36:26,026 : kivy : GL: OpenGL vendor <b'NVIDIA Corporation'>
2025-10-04 09:36:26,026 : kivy : GL: OpenGL renderer <b'NVIDIA GeForce RTX 3050/PCIe/SSE2'>
2025-10-04 09:36:26,026 : kivy : GL: OpenGL parsed version: 4, 6
2025-10-04 09:36:26,026 : kivy : GL: Shading version <b'4.60 NVIDIA'>
2025-10-04 09:36:26,026 : kivy : GL: Texture max size <32768>
2025-10-04 09:36:26,026 : kivy : GL: Texture max units <32>
2025-10-04 09:36:26,045 : kivy : Window: auto add sdl2 input provider
2025-10-04 09:36:26,046 : kivy : Window: virtual keyboard not allowed, single mode, not docked
2025-10-04 09:36:26,056 : SoundSystem : SoundSystem: Using default 'sound_system' settings
2025-10-04 09:36:26,429 : AudioInterface : Initialized
2025-10-04 09:36:26,429 : AudioInterface : Loaded SDL 2.26.4
2025-10-04 09:36:26,429 : AudioInterface : Loaded SDL_Mixer 2.6.3
2025-10-04 09:36:26,429 : AudioInterface : Loaded GStreamer 1.18.5.0
2025-10-04 09:36:26,429 : AudioInterface : Loaded GLib 2.62.6
2025-10-04 09:36:26,429 : AudioInterface : Settings requested - rate: 44100, channels: 1, buffer: 2048 samples
2025-10-04 09:36:26,429 : AudioInterface : Settings in use - rate: 44100, channels: 1, buffer: 2048 samples (4096 bytes @ 2 bytes per sample)
2025-10-04 09:36:26,429 : SoundSystem : No audio tracks are specified in your machine config file. a track named 'default' has been created.
2025-10-04 09:36:26,429 : SoundSystem : Setting master volume to 0.0
2025-10-04 09:36:26,429 : AudioInterface : Enabling audio playback
2025-10-04 09:36:26,431 : kivy : Base: Start application main loop
2025-10-04 09:36:26,432 : EventManager : Event: ======'display_window_initialized'====== Args={}
2025-10-04 09:36:26,444 : mpfmc : Display: Setting 'window' as default display
2025-10-04 09:36:26,449 : EventManager : Event: ======'displays_initialized'====== Args={}
2025-10-04 09:36:26,450 : EventManager : Event: ======'slide_window_blank_created'====== Args={}
2025-10-04 09:36:26,450 : EventManager : Event: ======'display_window_ready'====== Args={}
2025-10-04 09:36:26,459 : EventManager : Event: ======'init_phase_1'====== Args={}
2025-10-04 09:36:26,461 : EventManager : Event: ======'mc_ready'====== Args={}
2025-10-04 09:36:26,461 : EventManager : Event: ======'init_phase_2'====== Args={}
2025-10-04 09:36:26,463 : EventManager : Event: ======'init_phase_3'====== Args={}
2025-10-04 09:36:26,464 : EventManager : Event: ======'init_phase_4'====== Args={}
2025-10-04 09:36:26,464 : EventManager : Event: ======'init_phase_5'====== Args={}
2025-10-04 09:36:26,464 : EventManager : Event: ======'init_done'====== Args={}
2025-10-04 09:36:26,465 : MPF-MC BCP Server : Starting up on localhost port 5050
2025-10-04 09:36:26,468 : MPF-MC BCP Server : Waiting for a connection...
2025-10-04 09:36:26,472 : EventManager : Event: ======'client_disconnected'====== Args={'host': '127.0.0.1', 'port': 5050}
2025-10-04 09:36:30,661 : kivy : Base: Leaving application in progress...
