2025-10-12 09:32:02,124 : INFO : root : Loading config.
2025-10-12 09:32:02,128 : INFO : YamlMultifileConfigLoader : Machine config file #1: config.yaml
2025-10-12 09:32:02,129 : INFO : ConfigProcessor : Loading config from cache: C:\Users\richa\AppData\Local\Temp\f7776651e259183bd84a8c8d686bf868.mpf_cache
2025-10-12 09:32:02,215 : INFO : ConfigProcessor : Loading config from cache: C:\Users\richa\AppData\Local\Temp\70233839fc0b792ce11a62f3c18c1950.mpf_cache
2025-10-12 09:32:02,216 : INFO : ConfigProcessor : Loading config from cache: C:\Users\richa\AppData\Local\Temp\9c8dea79ca4d15ee886340e992e8cb9d.mpf_cache
2025-10-12 09:32:02,217 : WARNING : ConfigProcessor : Config file in cache changed: C:\Users\richa\ttp7\modes\base\config\base.yaml
2025-10-12 09:32:02,217 : INFO : ConfigProcessor : Loading config from file C:\Users\richa\ttp7\modes\base\config\base.yaml.
2025-10-12 09:32:02,231 : INFO : ConfigProcessor : Loading config: C:\Users\richa\ttp7\modes\base\config\base.yaml
2025-10-12 09:32:02,232 : INFO : ConfigProcessor : Config file cache created: C:\Users\richa\AppData\Local\Temp\67a19b095f918111543419ac0271bfb1.mpf_cache
2025-10-12 09:32:02,232 : INFO : ConfigProcessor : Loading config from cache: C:\Users\richa\AppData\Local\Temp\be387b0e8ed00556ec738d83cd6947d1.mpf_cache
2025-10-12 09:32:02,234 : INFO : ConfigProcessor : Loading config from cache: C:\Users\richa\AppData\Local\Temp\5a8efabd9666d8c71fa755fc28a9bf1e.mpf_cache
2025-10-12 09:32:02,234 : INFO : ConfigProcessor : Loading config from cache: C:\Users\richa\AppData\Local\Temp\fb58745e58584e219ff53db445e8e9f2.mpf_cache
2025-10-12 09:32:02,236 : INFO : ConfigProcessor : Loading config from cache: C:\Users\richa\AppData\Local\Temp\b710dc01437f1dfd05f3b5275f67493b.mpf_cache
2025-10-12 09:32:02,236 : INFO : ConfigProcessor : Loading config from cache: C:\Users\richa\AppData\Local\Temp\0a23590f4081187a3ecee75c7657616e.mpf_cache
2025-10-12 09:32:02,237 : INFO : ConfigProcessor : Loading config from cache: C:\Users\richa\AppData\Local\Temp\374a5edaf0766cb9005f368df852c09d.mpf_cache
2025-10-12 09:32:02,238 : INFO : ConfigProcessor : Loading config from cache: C:\Users\richa\AppData\Local\Temp\b50d1c72289d6f8f00cba34766fbb2e5.mpf_cache
2025-10-12 09:32:02,239 : INFO : ConfigProcessor : Loading config from cache: C:\Users\richa\AppData\Local\Temp\069a726c379c7a3dc006889318eb30f2.mpf_cache
2025-10-12 09:32:02,240 : INFO : ConfigProcessor : Loading config from cache: C:\Users\richa\AppData\Local\Temp\6159dd3e8b071f5aa615e717784124e9.mpf_cache
2025-10-12 09:32:02,240 : INFO : Machine : Mission Pinball Framework Core Engine v0.57.0.dev39
2025-10-12 09:32:02,240 : INFO : Machine : Command line arguments: {'no_load_cache': False, 'create_config_cache': True, 'bcp': True, 'configfile': ['config.yaml'], 'force_assets_load': False, 'jsonlogging': False, 'logfile': 'logs\\2025-10-12-09-32-02-mpf-DESKTOP-RK7BE5M.log', 'pause': False, 'production': False, 'text_ui': True, 'loglevel': 15, 'consoleloglevel': 20, 'force_platform': None, 'syslog_address': None, 'mc_file_name': None, 'no_sound': False}
2025-10-12 09:32:02,240 : INFO : Machine : MPF path: C:\Users\richa\mpfvirtual4\lib\site-packages\mpf
2025-10-12 09:32:02,240 : INFO : Machine : Machine path: C:\Users\richa\ttp7
2025-10-12 09:32:02,241 : INFO : Machine : Platform: win32
2025-10-12 09:32:02,241 : INFO : Machine : Python executable location: C:\Users\richa\mpfvirtual4\Scripts\python.exe
2025-10-12 09:32:02,241 : INFO : Machine : Python version: 3.9.13 (64-bit)
2025-10-12 09:32:02,243 : INFO : Machine : Initializing MPF...
2025-10-12 09:32:02,544 : INFO : EventManager : Event: ======'machine_var_credits_string'====== Args={'value': 'FREE PLAY', 'prev_value': None, 'change': True}
2025-10-12 09:32:02,603 : INFO : EventManager : Event: ======'machine_var_master_volume'====== Args={'value': 0.5, 'prev_value': None, 'change': True}
2025-10-12 09:32:02,603 : INFO : EventManager : Event: ======'machine_var_player1_score'====== Args={'value': 13201700, 'prev_value': None, 'change': True}
2025-10-12 09:32:02,603 : INFO : EventManager : Event: ======'machine_var_mpf_version'====== Args={'value': 'Mission Pinball Framework v0.57.0.dev39', 'prev_value': None, 'change': True}
2025-10-12 09:32:02,603 : INFO : EventManager : Event: ======'machine_var_mpf_extended_version'====== Args={'value': 'Mission Pinball Framework v0.57.0.dev39, Config version:6, Show version: 6, BCP version:1.1', 'prev_value': None, 'change': True}
2025-10-12 09:32:02,603 : INFO : EventManager : Event: ======'machine_var_python_version'====== Args={'value': '3.9.13', 'prev_value': None, 'change': True}
2025-10-12 09:32:02,614 : INFO : EventManager : Event: ======'machine_var_platform'====== Args={'value': 'Windows-10-10.0.19045-SP0', 'prev_value': None, 'change': True}
2025-10-12 09:32:02,614 : INFO : EventManager : Event: ======'machine_var_platform_system'====== Args={'value': 'Windows', 'prev_value': None, 'change': True}
2025-10-12 09:32:02,614 : INFO : EventManager : Event: ======'machine_var_platform_release'====== Args={'value': '10', 'prev_value': None, 'change': True}
2025-10-12 09:32:02,614 : INFO : EventManager : Event: ======'machine_var_platform_version'====== Args={'value': '10.0.19045', 'prev_value': None, 'change': True}
2025-10-12 09:32:02,614 : INFO : EventManager : Event: ======'machine_var_platform_machine'====== Args={'value': 'AMD64', 'prev_value': None, 'change': True}
2025-10-12 09:32:02,614 : INFO : EventManager : Event: ======'init_phase_1'====== Args={}
2025-10-12 09:32:02,658 : INFO : EventManager : Event: ======'drop_target_bank_TIME_up'====== Args={}
2025-10-12 09:32:02,659 : INFO : EventManager : Event: ======'init_phase_2'====== Args={}
2025-10-12 09:32:02,659 : INFO : SwitchController : Found active switch: ('2', <Platform.SmartVirtual>) <switch.s_trough1>
2025-10-12 09:32:02,659 : INFO : SwitchController : Found active switch: ('3', <Platform.SmartVirtual>) <switch.s_trough2>
2025-10-12 09:32:02,660 : INFO : SwitchController : Found active switch: ('4', <Platform.SmartVirtual>) <switch.s_trough3>
2025-10-12 09:32:02,660 : INFO : SwitchController : Found active switch: ('5', <Platform.SmartVirtual>) <switch.s_trough4>
2025-10-12 09:32:02,660 : INFO : SwitchController : Found active switch: ('6', <Platform.SmartVirtual>) <switch.s_trough5>
2025-10-12 09:32:02,660 : INFO : SwitchController : Found active switch: ('7', <Platform.SmartVirtual>) <switch.s_trough6>
2025-10-12 09:32:02,666 : INFO : EventManager : Event: ======'bcp_connection_attempt'====== Args={'name': 'local_display', 'host': 'localhost', 'port': 5050}
2025-10-12 09:32:02,667 : INFO : BCPClientSocket : Connecting BCP to 'local_display' at localhost:5050...
2025-10-12 09:32:04,695 : INFO : BCPClientSocket : Connected BCP to 'local_display' localhost:5050
2025-10-12 09:32:04,697 : INFO : EventManager : Event: ======'bcp_clients_connected'====== Args={}
2025-10-12 09:32:04,946 : INFO : EventManager : Event: ======'machine_var_mc_version'====== Args={'value': 'MPF-MC v0.57.0.dev10', 'prev_value': None, 'change': True}
2025-10-12 09:32:04,946 : INFO : EventManager : Event: ======'machine_var_mc_extended_version'====== Args={'value': 'MPF-MC v0.57.0.dev10 (config_version=6, BCP v1.1,                      Requires MPF API compatibility v0.57.0.dev19 or newer)', 'prev_value': None, 'change': True}
2025-10-12 09:32:04,948 : INFO : ball_device.bd_trough : BCH: Initial count: 6
2025-10-12 09:32:05,015 : INFO : ball_device.bd_trough : State: idle
2025-10-12 09:32:05,015 : INFO : ball_device.bd_plunger : BCH: Initial count: 0
2025-10-12 09:32:05,015 : INFO : ball_device.bd_plunger : State: idle
2025-10-12 09:32:05,016 : INFO : ball_device.bd_left_scoop : BCH: Initial count: 0
2025-10-12 09:32:05,016 : INFO : ball_device.bd_left_scoop : State: idle
2025-10-12 09:32:05,016 : INFO : ball_device.bd_right_scoop : BCH: Initial count: 0
2025-10-12 09:32:05,016 : INFO : ball_device.bd_right_scoop : State: idle
2025-10-12 09:32:05,035 : INFO : EventManager : Event: ======'init_phase_3'====== Args={}
2025-10-12 09:32:05,042 : INFO : EventManager : Event: ======'init_phase_4'====== Args={}
2025-10-12 09:32:05,043 : INFO : BallController : Initial balls found: 6
2025-10-12 09:32:05,044 : INFO : EventManager : Event: ======'machine_var_audits_events_game_ended'====== Args={'value': 49, 'prev_value': None, 'change': True}
2025-10-12 09:32:05,045 : INFO : EventManager : Event: ======'machine_var_audits_events_game_started'====== Args={'value': 204, 'prev_value': None, 'change': True}
2025-10-12 09:32:05,045 : INFO : EventManager : Event: ======'machine_var_audits_missing_switches_s_A'====== Args={'value': 67, 'prev_value': None, 'change': True}
2025-10-12 09:32:05,045 : INFO : EventManager : Event: ======'machine_var_audits_missing_switches_s_Eb'====== Args={'value': 67, 'prev_value': None, 'change': True}
2025-10-12 09:32:05,045 : INFO : EventManager : Event: ======'machine_var_audits_missing_switches_s_L'====== Args={'value': 67, 'prev_value': None, 'change': True}
2025-10-12 09:32:05,045 : INFO : EventManager : Event: ======'machine_var_audits_missing_switches_s_R'====== Args={'value': 67, 'prev_value': None, 'change': True}
2025-10-12 09:32:05,046 : INFO : EventManager : Event: ======'machine_var_audits_missing_switches_s_Tb'====== Args={'value': 67, 'prev_value': None, 'change': True}
2025-10-12 09:32:05,046 : INFO : EventManager : Event: ======'machine_var_audits_missing_switches_s_V'====== Args={'value': 67, 'prev_value': None, 'change': True}
2025-10-12 09:32:05,046 : INFO : EventManager : Event: ======'machine_var_audits_missing_switches_s_bumper1'====== Args={'value': 3, 'prev_value': None, 'change': True}
2025-10-12 09:32:05,046 : INFO : EventManager : Event: ======'machine_var_audits_missing_switches_s_bumper2'====== Args={'value': 1, 'prev_value': None, 'change': True}
2025-10-12 09:32:05,046 : INFO : EventManager : Event: ======'machine_var_audits_missing_switches_s_bumper_1'====== Args={'value': 28, 'prev_value': None, 'change': True}
2025-10-12 09:32:05,046 : INFO : EventManager : Event: ======'machine_var_audits_missing_switches_s_bumper_2'====== Args={'value': 28, 'prev_value': None, 'change': True}
2025-10-12 09:32:05,047 : INFO : EventManager : Event: ======'machine_var_audits_missing_switches_s_center_center_target'====== Args={'value': 3, 'prev_value': None, 'change': True}
2025-10-12 09:32:05,047 : INFO : EventManager : Event: ======'machine_var_audits_missing_switches_s_launcher_lane_spinner'====== Args={'value': 130, 'prev_value': None, 'change': True}
2025-10-12 09:32:05,047 : INFO : EventManager : Event: ======'machine_var_audits_missing_switches_s_left_center_target'====== Args={'value': 3, 'prev_value': None, 'change': True}
2025-10-12 09:32:05,047 : INFO : EventManager : Event: ======'machine_var_audits_missing_switches_s_left_corridor_spinner'====== Args={'value': 130, 'prev_value': None, 'change': True}
2025-10-12 09:32:05,047 : INFO : EventManager : Event: ======'machine_var_audits_missing_switches_s_left_corridor_spinner2'====== Args={'value': 130, 'prev_value': None, 'change': True}
2025-10-12 09:32:05,048 : INFO : EventManager : Event: ======'machine_var_audits_missing_switches_s_left_flipper'====== Args={'value': 53, 'prev_value': None, 'change': True}
2025-10-12 09:32:05,048 : INFO : EventManager : Event: ======'machine_var_audits_missing_switches_s_left_inlane'====== Args={'value': 157, 'prev_value': None, 'change': True}
2025-10-12 09:32:05,048 : INFO : EventManager : Event: ======'machine_var_audits_missing_switches_s_left_outlane'====== Args={'value': 167, 'prev_value': None, 'change': True}
2025-10-12 09:32:05,049 : INFO : EventManager : Event: ======'machine_var_audits_missing_switches_s_left_scoop'====== Args={'value': 26, 'prev_value': None, 'change': True}
2025-10-12 09:32:05,049 : INFO : EventManager : Event: ======'machine_var_audits_missing_switches_s_left_standup'====== Args={'value': 129, 'prev_value': None, 'change': True}
2025-10-12 09:32:05,049 : INFO : EventManager : Event: ======'machine_var_audits_missing_switches_s_right_center_target'====== Args={'value': 3, 'prev_value': None, 'change': True}
2025-10-12 09:32:05,049 : INFO : EventManager : Event: ======'machine_var_audits_missing_switches_s_right_corridor_spinner'====== Args={'value': 130, 'prev_value': None, 'change': True}
2025-10-12 09:32:05,049 : INFO : EventManager : Event: ======'machine_var_audits_missing_switches_s_right_flipper'====== Args={'value': 53, 'prev_value': None, 'change': True}
2025-10-12 09:32:05,049 : INFO : EventManager : Event: ======'machine_var_audits_missing_switches_s_right_inlane'====== Args={'value': 18, 'prev_value': None, 'change': True}
2025-10-12 09:32:05,050 : INFO : EventManager : Event: ======'machine_var_audits_missing_switches_s_right_outlane'====== Args={'value': 167, 'prev_value': None, 'change': True}
2025-10-12 09:32:05,050 : INFO : EventManager : Event: ======'machine_var_audits_missing_switches_s_right_scoop'====== Args={'value': 16, 'prev_value': None, 'change': True}
2025-10-12 09:32:05,050 : INFO : EventManager : Event: ======'machine_var_audits_missing_switches_s_right_standup'====== Args={'value': 17, 'prev_value': None, 'change': True}
2025-10-12 09:32:05,050 : INFO : EventManager : Event: ======'machine_var_audits_missing_switches_s_sling_left'====== Args={'value': 157, 'prev_value': None, 'change': True}
2025-10-12 09:32:05,050 : INFO : EventManager : Event: ======'machine_var_audits_missing_switches_s_sling_right'====== Args={'value': 53, 'prev_value': None, 'change': True}
2025-10-12 09:32:05,051 : INFO : EventManager : Event: ======'machine_var_audits_missing_switches_s_standup_1'====== Args={'value': 15, 'prev_value': None, 'change': True}
2025-10-12 09:32:05,051 : INFO : EventManager : Event: ======'machine_var_audits_missing_switches_s_standup_2'====== Args={'value': 14, 'prev_value': None, 'change': True}
2025-10-12 09:32:05,051 : INFO : EventManager : Event: ======'machine_var_audits_missing_switches_s_standup_3'====== Args={'value': 14, 'prev_value': None, 'change': True}
2025-10-12 09:32:05,052 : INFO : EventManager : Event: ======'machine_var_audits_missing_switches_s_standup_4'====== Args={'value': 15, 'prev_value': None, 'change': True}
2025-10-12 09:32:05,052 : INFO : EventManager : Event: ======'machine_var_audits_missing_switches_s_standup_5'====== Args={'value': 18, 'prev_value': None, 'change': True}
2025-10-12 09:32:05,052 : INFO : EventManager : Event: ======'machine_var_audits_missing_switches_s_standup_6'====== Args={'value': 22, 'prev_value': None, 'change': True}
2025-10-12 09:32:05,052 : INFO : EventManager : Event: ======'machine_var_audits_missing_switches_s_start'====== Args={'value': 11, 'prev_value': None, 'change': True}
2025-10-12 09:32:05,053 : INFO : EventManager : Event: ======'machine_var_audits_missing_switches_s_top_left_standup'====== Args={'value': 129, 'prev_value': None, 'change': True}
2025-10-12 09:32:05,053 : INFO : EventManager : Event: ======'machine_var_audits_missing_switches_s_top_left_standup2'====== Args={'value': 70, 'prev_value': None, 'change': True}
2025-10-12 09:32:05,053 : INFO : EventManager : Event: ======'machine_var_audits_missing_switches_s_trough1'====== Args={'value': 1, 'prev_value': None, 'change': True}
2025-10-12 09:32:05,054 : INFO : EventManager : Event: ======'machine_var_audits_missing_switches_s_trough2'====== Args={'value': 204, 'prev_value': None, 'change': True}
2025-10-12 09:32:05,054 : INFO : EventManager : Event: ======'machine_var_audits_missing_switches_s_trough3'====== Args={'value': 204, 'prev_value': None, 'change': True}
2025-10-12 09:32:05,054 : INFO : EventManager : Event: ======'machine_var_audits_missing_switches_s_trough4'====== Args={'value': 204, 'prev_value': None, 'change': True}
2025-10-12 09:32:05,054 : INFO : EventManager : Event: ======'machine_var_audits_missing_switches_s_trough5'====== Args={'value': 204, 'prev_value': None, 'change': True}
2025-10-12 09:32:05,055 : INFO : EventManager : Event: ======'machine_var_audits_missing_switches_s_trough6'====== Args={'value': 204, 'prev_value': None, 'change': True}
2025-10-12 09:32:05,055 : INFO : EventManager : Event: ======'machine_var_audits_missing_switches_s_trough_jam'====== Args={'value': 204, 'prev_value': None, 'change': True}
2025-10-12 09:32:05,055 : INFO : EventManager : Event: ======'machine_var_audits_player_score'====== Args={'value': {'average': 3688394, 'top': [75043600, 70538842, 13531600, 13201700, 9012700, 2008600, 1234200, 1027900, 1024400, 606200], 'total': 51}, 'prev_value': None, 'change': True}
2025-10-12 09:32:05,055 : INFO : EventManager : Event: ======'machine_var_audits_shots_E'====== Args={'value': 28, 'prev_value': None, 'change': True}
2025-10-12 09:32:05,056 : INFO : EventManager : Event: ======'machine_var_audits_shots_I'====== Args={'value': 28, 'prev_value': None, 'change': True}
2025-10-12 09:32:05,056 : INFO : EventManager : Event: ======'machine_var_audits_shots_M'====== Args={'value': 28, 'prev_value': None, 'change': True}
2025-10-12 09:32:05,056 : INFO : EventManager : Event: ======'machine_var_audits_shots_T'====== Args={'value': 28, 'prev_value': None, 'change': True}
2025-10-12 09:32:05,057 : INFO : EventManager : Event: ======'machine_var_audits_shots_bumper1_shot'====== Args={'value': 165, 'prev_value': None, 'change': True}
2025-10-12 09:32:05,057 : INFO : EventManager : Event: ======'machine_var_audits_shots_bumper2_shot'====== Args={'value': 495, 'prev_value': None, 'change': True}
2025-10-12 09:32:05,057 : INFO : EventManager : Event: ======'machine_var_audits_shots_center_rollover'====== Args={'value': 7, 'prev_value': None, 'change': True}
2025-10-12 09:32:05,057 : INFO : EventManager : Event: ======'machine_var_audits_shots_center_rollover_shot'====== Args={'value': 281, 'prev_value': None, 'change': True}
2025-10-12 09:32:05,058 : INFO : EventManager : Event: ======'machine_var_audits_shots_jets'====== Args={'value': 601, 'prev_value': None, 'change': True}
2025-10-12 09:32:05,058 : INFO : EventManager : Event: ======'machine_var_audits_shots_left_rollover'====== Args={'value': 36, 'prev_value': None, 'change': True}
2025-10-12 09:32:05,058 : INFO : EventManager : Event: ======'machine_var_audits_shots_left_rollover_shot'====== Args={'value': 225, 'prev_value': None, 'change': True}
2025-10-12 09:32:05,058 : INFO : EventManager : Event: ======'machine_var_audits_shots_left_scoop_shot'====== Args={'value': 28, 'prev_value': None, 'change': True}
2025-10-12 09:32:05,059 : INFO : EventManager : Event: ======'machine_var_audits_shots_middle_inlane_shot'====== Args={'value': 20, 'prev_value': None, 'change': True}
2025-10-12 09:32:05,059 : INFO : EventManager : Event: ======'machine_var_audits_shots_my_first_shot'====== Args={'value': 95, 'prev_value': None, 'change': True}
2025-10-12 09:32:05,059 : INFO : EventManager : Event: ======'machine_var_audits_shots_right_inlane_shot'====== Args={'value': 61, 'prev_value': None, 'change': True}
2025-10-12 09:32:05,059 : INFO : EventManager : Event: ======'machine_var_audits_shots_right_rollover'====== Args={'value': 41, 'prev_value': None, 'change': True}
2025-10-12 09:32:05,059 : INFO : EventManager : Event: ======'machine_var_audits_shots_right_rollover_shot'====== Args={'value': 295, 'prev_value': None, 'change': True}
2025-10-12 09:32:05,060 : INFO : EventManager : Event: ======'machine_var_audits_shots_right_scoop_shot'====== Args={'value': 43, 'prev_value': None, 'change': True}
2025-10-12 09:32:05,060 : INFO : EventManager : Event: ======'machine_var_audits_shots_standup_1_skill'====== Args={'value': 40, 'prev_value': None, 'change': True}
2025-10-12 09:32:05,060 : INFO : EventManager : Event: ======'machine_var_audits_shots_standup_2_skill'====== Args={'value': 17, 'prev_value': None, 'change': True}
2025-10-12 09:32:05,060 : INFO : EventManager : Event: ======'machine_var_audits_shots_standup_3_skill'====== Args={'value': 10, 'prev_value': None, 'change': True}
2025-10-12 09:32:05,061 : INFO : EventManager : Event: ======'machine_var_audits_shots_standup_4_skill'====== Args={'value': 8, 'prev_value': None, 'change': True}
2025-10-12 09:32:05,061 : INFO : EventManager : Event: ======'machine_var_audits_shots_standup_5_skill'====== Args={'value': 4, 'prev_value': None, 'change': True}
2025-10-12 09:32:05,061 : INFO : EventManager : Event: ======'machine_var_audits_shots_standup_6_skill'====== Args={'value': 2, 'prev_value': None, 'change': True}
2025-10-12 09:32:05,061 : INFO : EventManager : Event: ======'machine_var_audits_shots_top_middle_inlane_shot'====== Args={'value': 41, 'prev_value': None, 'change': True}
2025-10-12 09:32:05,062 : INFO : EventManager : Event: ======'machine_var_audits_switches_s_A'====== Args={'value': 0, 'prev_value': None, 'change': True}
2025-10-12 09:32:05,062 : INFO : EventManager : Event: ======'machine_var_audits_switches_s_E'====== Args={'value': 32, 'prev_value': None, 'change': True}
2025-10-12 09:32:05,062 : INFO : EventManager : Event: ======'machine_var_audits_switches_s_Eb'====== Args={'value': 0, 'prev_value': None, 'change': True}
2025-10-12 09:32:05,062 : INFO : EventManager : Event: ======'machine_var_audits_switches_s_I'====== Args={'value': 32, 'prev_value': None, 'change': True}
2025-10-12 09:32:05,063 : INFO : EventManager : Event: ======'machine_var_audits_switches_s_L'====== Args={'value': 0, 'prev_value': None, 'change': True}
2025-10-12 09:32:05,063 : INFO : EventManager : Event: ======'machine_var_audits_switches_s_M'====== Args={'value': 32, 'prev_value': None, 'change': True}
2025-10-12 09:32:05,063 : INFO : EventManager : Event: ======'machine_var_audits_switches_s_R'====== Args={'value': 0, 'prev_value': None, 'change': True}
2025-10-12 09:32:05,064 : INFO : EventManager : Event: ======'machine_var_audits_switches_s_T'====== Args={'value': 32, 'prev_value': None, 'change': True}
2025-10-12 09:32:05,064 : INFO : EventManager : Event: ======'machine_var_audits_switches_s_Tb'====== Args={'value': 0, 'prev_value': None, 'change': True}
2025-10-12 09:32:05,064 : INFO : EventManager : Event: ======'machine_var_audits_switches_s_V'====== Args={'value': 0, 'prev_value': None, 'change': True}
2025-10-12 09:32:05,064 : INFO : EventManager : Event: ======'machine_var_audits_switches_s_bumper1'====== Args={'value': 165, 'prev_value': None, 'change': True}
2025-10-12 09:32:05,065 : INFO : EventManager : Event: ======'machine_var_audits_switches_s_bumper2'====== Args={'value': 499, 'prev_value': None, 'change': True}
2025-10-12 09:32:05,065 : INFO : EventManager : Event: ======'machine_var_audits_switches_s_bumper_1'====== Args={'value': 0, 'prev_value': None, 'change': True}
2025-10-12 09:32:05,065 : INFO : EventManager : Event: ======'machine_var_audits_switches_s_bumper_2'====== Args={'value': 0, 'prev_value': None, 'change': True}
2025-10-12 09:32:05,065 : INFO : EventManager : Event: ======'machine_var_audits_switches_s_center_center_target'====== Args={'value': 3, 'prev_value': None, 'change': True}
2025-10-12 09:32:05,066 : INFO : EventManager : Event: ======'machine_var_audits_switches_s_center_rollover'====== Args={'value': 290, 'prev_value': None, 'change': True}
2025-10-12 09:32:05,066 : INFO : EventManager : Event: ======'machine_var_audits_switches_s_launcher_lane_spinner'====== Args={'value': 0, 'prev_value': None, 'change': True}
2025-10-12 09:32:05,066 : INFO : EventManager : Event: ======'machine_var_audits_switches_s_left_center_target'====== Args={'value': 4, 'prev_value': None, 'change': True}
2025-10-12 09:32:05,067 : INFO : EventManager : Event: ======'machine_var_audits_switches_s_left_corridor_spinner'====== Args={'value': 0, 'prev_value': None, 'change': True}
2025-10-12 09:32:05,067 : INFO : EventManager : Event: ======'machine_var_audits_switches_s_left_corridor_spinner2'====== Args={'value': 0, 'prev_value': None, 'change': True}
2025-10-12 09:32:05,067 : INFO : EventManager : Event: ======'machine_var_audits_switches_s_left_flipper'====== Args={'value': 330, 'prev_value': None, 'change': True}
2025-10-12 09:32:05,067 : INFO : EventManager : Event: ======'machine_var_audits_switches_s_left_inlane'====== Args={'value': 8, 'prev_value': None, 'change': True}
2025-10-12 09:32:05,068 : INFO : EventManager : Event: ======'machine_var_audits_switches_s_left_outlane'====== Args={'value': 3, 'prev_value': None, 'change': True}
2025-10-12 09:32:05,068 : INFO : EventManager : Event: ======'machine_var_audits_switches_s_left_rollover'====== Args={'value': 233, 'prev_value': None, 'change': True}
2025-10-12 09:32:05,068 : INFO : EventManager : Event: ======'machine_var_audits_switches_s_left_scoop'====== Args={'value': 222, 'prev_value': None, 'change': True}
2025-10-12 09:32:05,068 : INFO : EventManager : Event: ======'machine_var_audits_switches_s_left_standup'====== Args={'value': 0, 'prev_value': None, 'change': True}
2025-10-12 09:32:05,069 : INFO : EventManager : Event: ======'machine_var_audits_switches_s_middle_inlane'====== Args={'value': 20, 'prev_value': None, 'change': True}
2025-10-12 09:32:05,069 : INFO : EventManager : Event: ======'machine_var_audits_switches_s_plunger'====== Args={'value': 377, 'prev_value': None, 'change': True}
2025-10-12 09:32:05,070 : INFO : EventManager : Event: ======'machine_var_audits_switches_s_right_center_target'====== Args={'value': 7, 'prev_value': None, 'change': True}
2025-10-12 09:32:05,070 : INFO : EventManager : Event: ======'machine_var_audits_switches_s_right_corridor_spinner'====== Args={'value': 0, 'prev_value': None, 'change': True}
2025-10-12 09:32:05,070 : INFO : EventManager : Event: ======'machine_var_audits_switches_s_right_flipper'====== Args={'value': 146, 'prev_value': None, 'change': True}
2025-10-12 09:32:05,071 : INFO : EventManager : Event: ======'machine_var_audits_switches_s_right_inlane'====== Args={'value': 188, 'prev_value': None, 'change': True}
2025-10-12 09:32:05,071 : INFO : EventManager : Event: ======'machine_var_audits_switches_s_right_outlane'====== Args={'value': 3, 'prev_value': None, 'change': True}
2025-10-12 09:32:05,071 : INFO : EventManager : Event: ======'machine_var_audits_switches_s_right_rollover'====== Args={'value': 304, 'prev_value': None, 'change': True}
2025-10-12 09:32:05,071 : INFO : EventManager : Event: ======'machine_var_audits_switches_s_right_scoop'====== Args={'value': 60, 'prev_value': None, 'change': True}
2025-10-12 09:32:05,072 : INFO : EventManager : Event: ======'machine_var_audits_switches_s_right_standup'====== Args={'value': 6, 'prev_value': None, 'change': True}
2025-10-12 09:32:05,072 : INFO : EventManager : Event: ======'machine_var_audits_switches_s_sling_left'====== Args={'value': 3, 'prev_value': None, 'change': True}
2025-10-12 09:32:05,072 : INFO : EventManager : Event: ======'machine_var_audits_switches_s_sling_right'====== Args={'value': 8, 'prev_value': None, 'change': True}
2025-10-12 09:32:05,073 : INFO : EventManager : Event: ======'machine_var_audits_switches_s_standup_1'====== Args={'value': 78, 'prev_value': None, 'change': True}
2025-10-12 09:32:05,073 : INFO : EventManager : Event: ======'machine_var_audits_switches_s_standup_2'====== Args={'value': 37, 'prev_value': None, 'change': True}
2025-10-12 09:32:05,073 : INFO : EventManager : Event: ======'machine_var_audits_switches_s_standup_3'====== Args={'value': 40, 'prev_value': None, 'change': True}
2025-10-12 09:32:05,074 : INFO : EventManager : Event: ======'machine_var_audits_switches_s_standup_4'====== Args={'value': 23, 'prev_value': None, 'change': True}
2025-10-12 09:32:05,074 : INFO : EventManager : Event: ======'machine_var_audits_switches_s_standup_5'====== Args={'value': 21, 'prev_value': None, 'change': True}
2025-10-12 09:32:05,074 : INFO : EventManager : Event: ======'machine_var_audits_switches_s_standup_6'====== Args={'value': 10, 'prev_value': None, 'change': True}
2025-10-12 09:32:05,075 : INFO : EventManager : Event: ======'machine_var_audits_switches_s_start'====== Args={'value': 16, 'prev_value': None, 'change': True}
2025-10-12 09:32:05,076 : INFO : EventManager : Event: ======'machine_var_audits_switches_s_top_left_standup'====== Args={'value': 0, 'prev_value': None, 'change': True}
2025-10-12 09:32:05,076 : INFO : EventManager : Event: ======'machine_var_audits_switches_s_top_left_standup2'====== Args={'value': 15, 'prev_value': None, 'change': True}
2025-10-12 09:32:05,076 : INFO : EventManager : Event: ======'machine_var_audits_switches_s_top_middle_inlane'====== Args={'value': 41, 'prev_value': None, 'change': True}
2025-10-12 09:32:05,077 : INFO : EventManager : Event: ======'machine_var_audits_switches_s_trough1'====== Args={'value': 242, 'prev_value': None, 'change': True}
2025-10-12 09:32:05,077 : INFO : EventManager : Event: ======'machine_var_audits_switches_s_trough2'====== Args={'value': 0, 'prev_value': None, 'change': True}
2025-10-12 09:32:05,077 : INFO : EventManager : Event: ======'machine_var_audits_switches_s_trough3'====== Args={'value': 0, 'prev_value': None, 'change': True}
2025-10-12 09:32:05,077 : INFO : EventManager : Event: ======'machine_var_audits_switches_s_trough4'====== Args={'value': 0, 'prev_value': None, 'change': True}
2025-10-12 09:32:05,078 : INFO : EventManager : Event: ======'machine_var_audits_switches_s_trough5'====== Args={'value': 0, 'prev_value': None, 'change': True}
2025-10-12 09:32:05,078 : INFO : EventManager : Event: ======'machine_var_audits_switches_s_trough6'====== Args={'value': 0, 'prev_value': None, 'change': True}
2025-10-12 09:32:05,079 : INFO : EventManager : Event: ======'machine_var_audits_switches_s_trough_jam'====== Args={'value': 0, 'prev_value': None, 'change': True}
2025-10-12 09:32:05,079 : INFO : EventManager : Event: ======'init_phase_5'====== Args={}
2025-10-12 09:32:05,114 : INFO : EventManager : Event: ======'init_done'====== Args={}
2025-10-12 09:32:05,114 : INFO : EventManager : Event: ======'machine_reset_phase_1'====== Args={}
2025-10-12 09:32:05,121 : INFO : EventManager : Event: ======'machine_reset_phase_2'====== Args={}
2025-10-12 09:32:05,121 : INFO : EventManager : Event: ======'machine_reset_phase_3'====== Args={}
2025-10-12 09:32:05,121 : INFO : drop_target_bank.TIME : All targets are already up. Will not reset bank.
2025-10-12 09:32:05,121 : INFO : EventManager : Event: ======'reset_complete'====== Args={}
2025-10-12 09:32:05,121 : INFO : EventManager : Event: ======'mode_attract_will_start'====== Args={}
2025-10-12 09:32:05,121 : INFO : EventManager : Event: ======'mode_attract_starting'====== Args={}
2025-10-12 09:32:05,121 : INFO : Mode.attract : Started. Priority: 10
2025-10-12 09:32:05,121 : INFO : EventManager : Event: ======'modes_active_modes_changed'====== Args={}
2025-10-12 09:32:05,121 : INFO : EventManager : Event: ======'mode_attract_started'====== Args={}
2025-10-12 09:32:05,122 : INFO : EventManager : Event: ======'collecting_balls_complete'====== Args={}
2025-10-12 09:32:05,153 : INFO : EventManager : Event: ======'slide_awesome_slide_created'====== Args={'_from_bcp': True}
2025-10-12 09:32:05,153 : INFO : EventManager : Event: ======'slide_awesome_slide_active'====== Args={'_from_bcp': True}
2025-10-12 09:32:05,153 : INFO : Machine : Starting the main run loop.
2025-10-12 09:32:05,911 : INFO : BcpServer : New client connected.
2025-10-12 09:32:08,132 : INFO : EventManager : Event: ======'slide_press_start_created'====== Args={'_from_bcp': True}
2025-10-12 09:32:08,134 : INFO : EventManager : Event: ======'slide_press_start_active'====== Args={'_from_bcp': True}
2025-10-12 09:32:08,152 : INFO : SwitchController : <<<<<<< 's_start' active >>>>>>>
2025-10-12 09:32:08,216 : INFO : SwitchController : <<<<<<< 's_start' inactive >>>>>>>
2025-10-12 09:32:08,217 : INFO : EventManager : Event: ======'request_to_start_game'====== Args={}
2025-10-12 09:32:08,217 : INFO : EventManager : Event: ======'game_start'====== Args={'buttons': [], 'hold_time': 0.06300000000192085}
2025-10-12 09:32:08,217 : INFO : EventManager : Event: ======'mode_game_will_start'====== Args={'buttons': [], 'hold_time': 0.06300000000192085}
2025-10-12 09:32:08,218 : INFO : EventManager : Event: ======'mode_game_starting'====== Args={'buttons': [], 'hold_time': 0.06300000000192085}
2025-10-12 09:32:08,219 : INFO : EventManager : Event: ======'mode_attract_will_stop'====== Args={}
2025-10-12 09:32:08,219 : INFO : EventManager : Event: ======'mode_attract_stopping'====== Args={}
2025-10-12 09:32:08,219 : INFO : Mode.attract : Stopped.
2025-10-12 09:32:08,219 : INFO : EventManager : Event: ======'modes_active_modes_changed'====== Args={}
2025-10-12 09:32:08,219 : INFO : EventManager : Event: ======'mode_attract_stopped'====== Args={}
2025-10-12 09:32:08,220 : INFO : EventManager : Event: ======'clear'====== Args={'key': 'attract'}
2025-10-12 09:32:08,220 : INFO : Mode.game : Started. Priority: 20
2025-10-12 09:32:08,220 : INFO : EventManager : Event: ======'modes_active_modes_changed'====== Args={}
2025-10-12 09:32:08,220 : INFO : EventManager : Event: ======'mode_game_started'====== Args={'buttons': [], 'hold_time': 0.06300000000192085}
2025-10-12 09:32:08,229 : INFO : EventManager : Event: ======'game_will_start'====== Args={}
2025-10-12 09:32:08,230 : INFO : EventManager : Event: ======'game_starting'====== Args={'game': <Mode.game>}
2025-10-12 09:32:08,230 : INFO : EventManager : Unordered handler for class <Auditor> on event game_ended with priority 1. Handlers: [RegisteredHandler(callback=<bound method Auditor.disable of <Auditor>>, priority=1, kwargs={}, key=UUID('57963f05-2395-479b-84f7-8116c5ca76ee'), condition=None, blocking_facility=None), RegisteredHandler(callback=<bound method Auditor._save_audits of <Auditor>>, priority=1, kwargs={}, key=UUID('71f08385-6caf-48b6-bc2a-cd6a2525eabd'), condition=None, blocking_facility=None)]. The order of those handlers is not defined and they will be executed in random order. This might lead to race conditions and potential bugs.
2025-10-12 09:32:08,230 : INFO : EventManager : Event: ======'player_add_request'====== Args={}
2025-10-12 09:32:08,231 : INFO : EventManager : Event: ======'player_will_add'====== Args={'number': 1}
2025-10-12 09:32:08,231 : INFO : EventManager : Event: ======'player_adding'====== Args={'player': <Player 1>, 'number': 1}
2025-10-12 09:32:08,231 : INFO : EventManager : Event: ======'player_added'====== Args={'player': <Player 1>, 'num': 1}
2025-10-12 09:32:08,232 : INFO : Mode.game : Player added successfully. Total players: 1
2025-10-12 09:32:08,232 : INFO : EventManager : Event: ======'player_index'====== Args={'value': 0, 'prev_value': 0, 'change': 0, 'player_num': 1}
2025-10-12 09:32:08,232 : INFO : EventManager : Event: ======'player_number'====== Args={'value': 1, 'prev_value': 1, 'change': 0, 'player_num': 1}
2025-10-12 09:32:08,233 : INFO : EventManager : Event: ======'player_sj_active'====== Args={'value': 0, 'prev_value': 0, 'change': 0, 'player_num': 1}
2025-10-12 09:32:08,233 : INFO : EventManager : Event: ======'player_score'====== Args={'value': 0, 'prev_value': 0, 'change': 0, 'player_num': 1}
2025-10-12 09:32:08,234 : INFO : EventManager : Event: ======'game_started'====== Args={}
2025-10-12 09:32:08,246 : INFO : EventManager : Event: ======'player_turn_will_start'====== Args={'player': <Player 1>, 'number': 1}
2025-10-12 09:32:08,253 : INFO : EventManager : Event: ======'slide_awesome_slide_removed'====== Args={'_from_bcp': True}
2025-10-12 09:32:08,257 : INFO : EventManager : Event: ======'slide_press_start_removed'====== Args={'_from_bcp': True}
2025-10-12 09:32:08,257 : INFO : EventManager : Event: ======'slide_window_blank_active'====== Args={'_from_bcp': True}
2025-10-12 09:32:08,258 : INFO : EventManager : Event: ======'player_turn_starting'====== Args={'player': <Player 1>, 'number': 1}
2025-10-12 09:32:08,258 : INFO : EventManager : Event: ======'player_ball'====== Args={'value': 1, 'prev_value': 0, 'change': 1, 'player_num': 1}
2025-10-12 09:32:08,259 : INFO : EventManager : Event: ======'player_turn_started'====== Args={'player': <Player 1>, 'number': 1}
2025-10-12 09:32:08,260 : INFO : EventManager : Event: ======'ball_will_start'====== Args={'player': 1, 'ball': 1, 'balls_remaining': 2, 'is_extra_ball': False}
2025-10-12 09:32:08,264 : INFO : EventManager : Event: ======'ball_starting'====== Args={'player': 1, 'ball': 1, 'balls_remaining': 2, 'is_extra_ball': False}
2025-10-12 09:32:08,265 : INFO : EventManager : Event: ======'mode_super_jets_setup_will_start'====== Args={'queue': <QueuedEvent>, 'player': 1, 'ball': 1, 'balls_remaining': 2, 'is_extra_ball': False}
2025-10-12 09:32:08,266 : INFO : EventManager : Event: ======'player_shot_jets_enabled'====== Args={'value': True, 'prev_value': 0, 'change': 1, 'player_num': 1}
2025-10-12 09:32:08,268 : INFO : EventManager : Event: ======'mode_super_jets_setup_starting'====== Args={'queue': <QueuedEvent>, 'player': 1, 'ball': 1, 'balls_remaining': 2, 'is_extra_ball': False}
2025-10-12 09:32:08,268 : INFO : drop_target_bank.TIME : All targets are already up. Will not reset bank.
2025-10-12 09:32:08,269 : INFO : EventManager : Event: ======'balls_in_play'====== Args={'balls': 1}
2025-10-12 09:32:08,269 : INFO : EventManager : Event: ======'ball_started'====== Args={'player': 1, 'ball': 1, 'balls_remaining': 2, 'is_extra_ball': False}
2025-10-12 09:32:08,269 : INFO : EventManager : Event: ======'logicblock_lb_jets_count_updated'====== Args={'value': 0, 'enabled': True}
2025-10-12 09:32:08,269 : INFO : EventManager : Event: ======'logicblock_lb_rollover_complete_count_updated'====== Args={'value': 0, 'enabled': True}
2025-10-12 09:32:08,270 : INFO : EventManager : Event: ======'logicblock_lb_jets_count_updated'====== Args={'value': 0, 'enabled': True}
2025-10-12 09:32:08,270 : INFO : EventManager : Event: ======'logicblock_lb_jets_resume_updated'====== Args={'value': 0, 'enabled': False}
2025-10-12 09:32:08,270 : INFO : EventManager : Event: ======'logicblock_lb_rollover_complete_count_updated'====== Args={'value': 0, 'enabled': True}
2025-10-12 09:32:08,270 : INFO : Mode.super_jets_setup : Started. Priority: 200
2025-10-12 09:32:08,270 : INFO : EventManager : Event: ======'modes_active_modes_changed'====== Args={}
2025-10-12 09:32:08,270 : INFO : EventManager : Event: ======'mode_super_jets_setup_started'====== Args={'queue': <QueuedEvent>, 'player': 1, 'ball': 1, 'balls_remaining': 2, 'is_extra_ball': False}
2025-10-12 09:32:08,270 : INFO : EventManager : Event: ======'mode_base_will_start'====== Args={'player': 1, 'ball': 1, 'balls_remaining': 2, 'is_extra_ball': False}
2025-10-12 09:32:08,271 : INFO : EventManager : Event: ======'player_shot_left_rollover_shot_enabled'====== Args={'value': True, 'prev_value': 0, 'change': 1, 'player_num': 1}
2025-10-12 09:32:08,271 : INFO : EventManager : Event: ======'player_shot_center_rollover_shot_enabled'====== Args={'value': True, 'prev_value': 0, 'change': 1, 'player_num': 1}
2025-10-12 09:32:08,272 : INFO : EventManager : Event: ======'player_shot_right_rollover_shot_enabled'====== Args={'value': True, 'prev_value': 0, 'change': 1, 'player_num': 1}
2025-10-12 09:32:08,272 : INFO : EventManager : Event: ======'player_shot_right_scoop_shot_enabled'====== Args={'value': True, 'prev_value': 0, 'change': 1, 'player_num': 1}
2025-10-12 09:32:08,273 : INFO : EventManager : Event: ======'player_shot_T_enabled'====== Args={'value': True, 'prev_value': 0, 'change': 1, 'player_num': 1}
2025-10-12 09:32:08,273 : INFO : EventManager : Event: ======'player_shot_I_enabled'====== Args={'value': True, 'prev_value': 0, 'change': 1, 'player_num': 1}
2025-10-12 09:32:08,273 : INFO : EventManager : Event: ======'player_shot_M_enabled'====== Args={'value': True, 'prev_value': 0, 'change': 1, 'player_num': 1}
2025-10-12 09:32:08,274 : INFO : EventManager : Event: ======'player_shot_E_enabled'====== Args={'value': True, 'prev_value': 0, 'change': 1, 'player_num': 1}
2025-10-12 09:32:08,274 : INFO : EventManager : Event: ======'player_shot_bumper1_shot_enabled'====== Args={'value': True, 'prev_value': 0, 'change': 1, 'player_num': 1}
2025-10-12 09:32:08,274 : INFO : EventManager : Event: ======'player_shot_bumper2_shot_enabled'====== Args={'value': True, 'prev_value': 0, 'change': 1, 'player_num': 1}
2025-10-12 09:32:08,275 : INFO : EventManager : Event: ======'player_shot_right_inlane_shot_enabled'====== Args={'value': True, 'prev_value': 0, 'change': 1, 'player_num': 1}
2025-10-12 09:32:08,275 : INFO : EventManager : Event: ======'rollover_lanes_complete'====== Args={'state': 'unlit'}
2025-10-12 09:32:08,275 : INFO : EventManager : Event: ======'rollover_lanes_unlit_complete'====== Args={}
2025-10-12 09:32:08,276 : INFO : EventManager : Event: ======'TIME_droptargets_complete'====== Args={'state': 'unlit'}
2025-10-12 09:32:08,276 : INFO : EventManager : Event: ======'TIME_droptargets_unlit_complete'====== Args={}
2025-10-12 09:32:08,278 : INFO : EventManager : Event: ======'mode_base_starting'====== Args={'player': 1, 'ball': 1, 'balls_remaining': 2, 'is_extra_ball': False}
2025-10-12 09:32:08,280 : INFO : EventManager : Event: ======'logicblock_my_counter_updated'====== Args={'value': 0, 'enabled': True}
2025-10-12 09:32:08,280 : INFO : EventManager : Event: ======'logicblock_TIME_droptargets_counter_updated'====== Args={'value': 0, 'enabled': True}
2025-10-12 09:32:08,280 : INFO : EventManager : Event: ======'logicblock_my_counter_updated'====== Args={'value': 0, 'enabled': True}
2025-10-12 09:32:08,280 : INFO : EventManager : Event: ======'logicblock_TIME_droptargets_counter_updated'====== Args={'value': 0, 'enabled': True}
2025-10-12 09:32:08,280 : INFO : Mode.base : Started. Priority: 100
2025-10-12 09:32:08,280 : INFO : EventManager : Event: ======'modes_active_modes_changed'====== Args={}
2025-10-12 09:32:08,280 : INFO : EventManager : Event: ======'mode_base_started'====== Args={'player': 1, 'ball': 1, 'balls_remaining': 2, 'is_extra_ball': False}
2025-10-12 09:32:08,281 : INFO : EventManager : Event: ======'single_player_ball_started'====== Args={}
2025-10-12 09:32:08,306 : INFO : EventManager : Event: ======'ball_start_target'====== Args={'target': 'playfield'}
2025-10-12 09:32:08,332 : INFO : ball_device.bd_plunger : Setting up player-controlled eject. Balls: 1, Target: <playfield.playfield>, player_controlled_eject_event: None
2025-10-12 09:32:08,333 : INFO : EventManager : Event: ======'balldevice_balls_available'====== Args={}
2025-10-12 09:32:08,337 : INFO : EventManager : Event: ======'slide_base.slide_player-mode_base_started_created'====== Args={'_from_bcp': True}
2025-10-12 09:32:08,337 : INFO : EventManager : Event: ======'slide_base.slide_player-mode_base_started_active'====== Args={'_from_bcp': True}
2025-10-12 09:32:08,343 : INFO : ball_device.bd_trough : State: waiting_for_target_ready
2025-10-12 09:32:08,343 : INFO : EventManager : Event: ======'balldevice_bd_trough_ball_eject_attempt'====== Args={'balls': 1, 'target': <ball_device.bd_plunger>, 'source': <ball_device.bd_trough>, 'mechanical_eject': True, 'num_attempts': 0}
2025-10-12 09:32:08,343 : INFO : ball_device.bd_plunger : State: waiting_for_ball
2025-10-12 09:32:08,344 : INFO : ball_device.bd_trough : State: ejecting
2025-10-12 09:32:08,344 : INFO : ball_device.bd_trough : Ejecting ball to <ball_device.bd_plunger>
2025-10-12 09:32:08,344 : INFO : EventManager : Event: ======'balldevice_bd_trough_ejecting_ball'====== Args={'balls': 1, 'target': <ball_device.bd_plunger>, 'source': <ball_device.bd_trough>, 'mechanical_eject': True, 'num_attempts': 0}
2025-10-12 09:32:08,345 : INFO : ball_device.bd_trough : Wait for ball to leave device
2025-10-12 09:32:08,345 : INFO : coil.c_trough_eject : Pulsing Driver for 20ms (1.0 pulse_power)
2025-10-12 09:32:08,345 : INFO : SwitchController : <<<<<<< 's_trough1' inactive >>>>>>>
2025-10-12 09:32:08,352 : INFO : ball_device.bd_trough : State: ball_left
2025-10-12 09:32:08,353 : INFO : ball_device.bd_trough : Ball left
2025-10-12 09:32:08,353 : INFO : ball_device.bd_trough : Wait for confirm with timeout 3.0
2025-10-12 09:32:08,428 : INFO : SwitchController : <<<<<<< 's_plunger' active >>>>>>>
2025-10-12 09:32:08,428 : INFO : EventManager : Event: ======'machine_var_audits_switches_s_plunger'====== Args={'value': 378, 'prev_value': 377, 'change': 1}
2025-10-12 09:32:08,929 : INFO : ball_device.bd_plunger : Received ball from <ball_device.bd_trough>
2025-10-12 09:32:08,929 : INFO : EventManager : Event: ======'balldevice_bd_plunger_ball_enter'====== Args={'new_balls': 1, 'unclaimed_balls': 0, 'new_available_balls': 0, 'device': <ball_device.bd_plunger>}
2025-10-12 09:32:08,931 : INFO : EventManager : Event: ======'balldevice_bd_plunger_ball_entered'====== Args={'new_balls': 0, 'device': <ball_device.bd_plunger>}
2025-10-12 09:32:08,931 : INFO : EventManager : Event: ======'balldevice_bd_plunger_ball_count_changed'====== Args={'balls': 1}
2025-10-12 09:32:08,932 : INFO : ball_device.bd_trough : Got eject confirm
2025-10-12 09:32:08,932 : INFO : ball_device.bd_trough : Eject successful
2025-10-12 09:32:08,932 : INFO : EventManager : Event: ======'balldevice_bd_trough_ball_eject_success'====== Args={'balls': 1, 'target': <ball_device.bd_plunger>}
2025-10-12 09:32:08,933 : INFO : EventManager : Event: ======'balldevice_bd_trough_ball_count_changed'====== Args={'balls': 5}
2025-10-12 09:32:08,933 : INFO : ball_device.bd_trough : State: idle
2025-10-12 09:32:08,934 : INFO : ball_device.bd_plunger : State: waiting_for_target_ready
2025-10-12 09:32:08,935 : INFO : EventManager : Event: ======'balldevice_bd_plunger_ball_eject_attempt'====== Args={'balls': 1, 'target': <playfield.playfield>, 'source': <ball_device.bd_plunger>, 'mechanical_eject': True, 'num_attempts': 0}
2025-10-12 09:32:08,936 : INFO : ball_device.bd_plunger : State: ejecting
2025-10-12 09:32:08,936 : INFO : ball_device.bd_plunger : Ejecting ball to <playfield.playfield>
2025-10-12 09:32:08,936 : INFO : EventManager : Event: ======'balldevice_bd_plunger_ejecting_ball'====== Args={'balls': 1, 'target': <playfield.playfield>, 'source': <ball_device.bd_plunger>, 'mechanical_eject': True, 'num_attempts': 0}
2025-10-12 09:32:08,938 : INFO : ball_device.bd_plunger : Wait for ball to leave device
2025-10-12 09:32:09,815 : WARNING : SwitchController : Received duplicate switch state 1 for switch s_plunger from the platform interface. Log Code: Log-SwitchController-1 (https://missionpinball.org/logs)
2025-10-12 09:32:09,879 : INFO : SwitchController : <<<<<<< 's_plunger' inactive >>>>>>>
2025-10-12 09:32:09,893 : INFO : ball_device.bd_plunger : State: ball_left
2025-10-12 09:32:09,893 : INFO : ball_device.bd_plunger : Ball left
2025-10-12 09:32:09,894 : INFO : ball_device.bd_plunger : Wait for confirm with timeout 5.0
2025-10-12 09:32:11,418 : INFO : SwitchController : <<<<<<< 's_right_rollover' active >>>>>>>
2025-10-12 09:32:11,418 : INFO : EventManager : Event: ======'playfield_active'====== Args={}
2025-10-12 09:32:11,419 : INFO : EventManager : Event: ======'s_right_rollover_active'====== Args={}
2025-10-12 09:32:11,419 : INFO : EventManager : Event: ======'machine_var_audits_switches_s_right_rollover'====== Args={'value': 305, 'prev_value': 304, 'change': 1}
2025-10-12 09:32:11,423 : INFO : EventManager : Event: ======'player_shot_right_rollover_shot'====== Args={'value': 1, 'prev_value': 0, 'change': 1, 'player_num': 1}
2025-10-12 09:32:11,425 : INFO : EventManager : Event: ======'machine_var_audits_shots_right_rollover_shot'====== Args={'value': 296, 'prev_value': 295, 'change': 1}
2025-10-12 09:32:11,427 : INFO : EventManager : Event: ======'right_rollover_shot_hit'====== Args={'profile': 'default', 'state': 'unlit', 'advancing': True}
2025-10-12 09:32:11,427 : INFO : EventManager : Event: ======'right_rollover_shot_default_hit'====== Args={'profile': 'default', 'state': 'unlit', 'advancing': True}
2025-10-12 09:32:11,428 : INFO : EventManager : Event: ======'right_rollover_shot_default_unlit_hit'====== Args={'profile': 'default', 'state': 'unlit', 'advancing': True}
2025-10-12 09:32:11,428 : INFO : EventManager : Event: ======'right_rollover_shot_unlit_hit'====== Args={'profile': 'default', 'state': 'unlit', 'advancing': True}
2025-10-12 09:32:11,429 : INFO : EventManager : Event: ======'player_score'====== Args={'value': 300, 'prev_value': 0, 'change': 300, 'player_num': 1, 'source': 'base'}
2025-10-12 09:32:11,429 : INFO : EventManager : Event: ======'rollover_lanes_hit'====== Args={}
2025-10-12 09:32:11,430 : INFO : EventManager : Event: ======'rollover_lanes_unlit_hit'====== Args={}
2025-10-12 09:32:11,478 : INFO : ball_device.bd_plunger : Got eject confirm
2025-10-12 09:32:11,478 : INFO : ball_device.bd_plunger : Eject successful
2025-10-12 09:32:11,478 : INFO : EventManager : Event: ======'balldevice_bd_plunger_ball_eject_success'====== Args={'balls': 1, 'target': <playfield.playfield>}
2025-10-12 09:32:11,479 : INFO : EventManager : Event: ======'balldevice_playfield_ball_enter'====== Args={'new_balls': 1, 'unclaimed_balls': 1, 'device': <playfield.playfield>}
2025-10-12 09:32:11,479 : INFO : EventManager : Event: ======'playfield_ball_count_change'====== Args={'balls': 1, 'change': 1}
2025-10-12 09:32:11,479 : INFO : EventManager : Event: ======'balldevice_bd_plunger_ball_count_changed'====== Args={'balls': 0}
2025-10-12 09:32:11,480 : INFO : ball_device.bd_plunger : State: idle
2025-10-12 09:32:11,555 : INFO : SwitchController : <<<<<<< 's_right_rollover' inactive >>>>>>>
2025-10-12 09:32:13,386 : INFO : SwitchController : <<<<<<< 's_T' active >>>>>>>
2025-10-12 09:32:13,387 : INFO : EventManager : Event: ======'s_T_active'====== Args={}
2025-10-12 09:32:13,387 : INFO : EventManager : Event: ======'drop_target_T_down'====== Args={'device': <drop_target.T>}
2025-10-12 09:32:13,389 : INFO : EventManager : Event: ======'drop_target_bank_TIME_mixed'====== Args={'prev_value': <DropTargetBankState.UP: 'up'>, 'down': 1}
2025-10-12 09:32:13,389 : INFO : EventManager : Event: ======'machine_var_audits_switches_s_T'====== Args={'value': 33, 'prev_value': 32, 'change': 1}
2025-10-12 09:32:13,394 : INFO : EventManager : Event: ======'player_shot_T'====== Args={'value': 1, 'prev_value': 0, 'change': 1, 'player_num': 1}
2025-10-12 09:32:13,395 : INFO : EventManager : Event: ======'machine_var_audits_shots_T'====== Args={'value': 29, 'prev_value': 28, 'change': 1}
2025-10-12 09:32:13,398 : INFO : EventManager : Event: ======'T_hit'====== Args={'profile': 'default', 'state': 'unlit', 'advancing': True}
2025-10-12 09:32:13,399 : INFO : EventManager : Event: ======'T_default_hit'====== Args={'profile': 'default', 'state': 'unlit', 'advancing': True}
2025-10-12 09:32:13,400 : INFO : EventManager : Event: ======'T_default_unlit_hit'====== Args={'profile': 'default', 'state': 'unlit', 'advancing': True}
2025-10-12 09:32:13,400 : INFO : EventManager : Event: ======'T_unlit_hit'====== Args={'profile': 'default', 'state': 'unlit', 'advancing': True}
2025-10-12 09:32:13,401 : INFO : EventManager : Event: ======'TIME_droptargets_hit'====== Args={}
2025-10-12 09:32:13,402 : INFO : EventManager : Event: ======'TIME_droptargets_unlit_hit'====== Args={}
2025-10-12 09:32:14,030 : INFO : SwitchController : <<<<<<< 's_I' active >>>>>>>
2025-10-12 09:32:14,030 : INFO : EventManager : Event: ======'s_I_active'====== Args={}
2025-10-12 09:32:14,030 : INFO : EventManager : Event: ======'drop_target_I_down'====== Args={'device': <drop_target.I>}
2025-10-12 09:32:14,031 : INFO : EventManager : Event: ======'drop_target_bank_TIME_mixed'====== Args={'prev_value': <DropTargetBankState.MIXED: 'mixed'>, 'down': 2}
2025-10-12 09:32:14,031 : INFO : EventManager : Event: ======'machine_var_audits_switches_s_I'====== Args={'value': 33, 'prev_value': 32, 'change': 1}
2025-10-12 09:32:14,032 : INFO : EventManager : Event: ======'player_shot_I'====== Args={'value': 1, 'prev_value': 0, 'change': 1, 'player_num': 1}
2025-10-12 09:32:14,033 : INFO : EventManager : Event: ======'machine_var_audits_shots_I'====== Args={'value': 29, 'prev_value': 28, 'change': 1}
2025-10-12 09:32:14,033 : INFO : EventManager : Event: ======'I_hit'====== Args={'profile': 'default', 'state': 'unlit', 'advancing': True}
2025-10-12 09:32:14,033 : INFO : EventManager : Event: ======'I_default_hit'====== Args={'profile': 'default', 'state': 'unlit', 'advancing': True}
2025-10-12 09:32:14,034 : INFO : EventManager : Event: ======'I_default_unlit_hit'====== Args={'profile': 'default', 'state': 'unlit', 'advancing': True}
2025-10-12 09:32:14,034 : INFO : EventManager : Event: ======'I_unlit_hit'====== Args={'profile': 'default', 'state': 'unlit', 'advancing': True}
2025-10-12 09:32:14,034 : INFO : EventManager : Event: ======'TIME_droptargets_hit'====== Args={}
2025-10-12 09:32:14,034 : INFO : EventManager : Event: ======'TIME_droptargets_unlit_hit'====== Args={}
2025-10-12 09:32:14,721 : INFO : SwitchController : <<<<<<< 's_M' active >>>>>>>
2025-10-12 09:32:14,722 : INFO : EventManager : Event: ======'s_M_active'====== Args={}
2025-10-12 09:32:14,722 : INFO : EventManager : Event: ======'drop_target_M_down'====== Args={'device': <drop_target.M>}
2025-10-12 09:32:14,724 : INFO : EventManager : Event: ======'drop_target_bank_TIME_mixed'====== Args={'prev_value': <DropTargetBankState.MIXED: 'mixed'>, 'down': 3}
2025-10-12 09:32:14,725 : INFO : EventManager : Event: ======'machine_var_audits_switches_s_M'====== Args={'value': 33, 'prev_value': 32, 'change': 1}
2025-10-12 09:32:14,728 : INFO : EventManager : Event: ======'player_shot_M'====== Args={'value': 1, 'prev_value': 0, 'change': 1, 'player_num': 1}
2025-10-12 09:32:14,730 : INFO : EventManager : Event: ======'machine_var_audits_shots_M'====== Args={'value': 29, 'prev_value': 28, 'change': 1}
2025-10-12 09:32:14,733 : INFO : EventManager : Event: ======'M_hit'====== Args={'profile': 'default', 'state': 'unlit', 'advancing': True}
2025-10-12 09:32:14,734 : INFO : EventManager : Event: ======'M_default_hit'====== Args={'profile': 'default', 'state': 'unlit', 'advancing': True}
2025-10-12 09:32:14,735 : INFO : EventManager : Event: ======'M_default_unlit_hit'====== Args={'profile': 'default', 'state': 'unlit', 'advancing': True}
2025-10-12 09:32:14,735 : INFO : EventManager : Event: ======'M_unlit_hit'====== Args={'profile': 'default', 'state': 'unlit', 'advancing': True}
2025-10-12 09:32:14,736 : INFO : EventManager : Event: ======'TIME_droptargets_hit'====== Args={}
2025-10-12 09:32:14,736 : INFO : EventManager : Event: ======'TIME_droptargets_unlit_hit'====== Args={}
2025-10-12 09:32:15,367 : INFO : SwitchController : <<<<<<< 's_E' active >>>>>>>
2025-10-12 09:32:15,367 : INFO : EventManager : Event: ======'s_E_active'====== Args={}
2025-10-12 09:32:15,368 : INFO : EventManager : Event: ======'drop_target_E_down'====== Args={'device': <drop_target.E>}
2025-10-12 09:32:15,369 : INFO : EventManager : Event: ======'drop_target_bank_TIME_down'====== Args={}
2025-10-12 09:32:15,369 : INFO : EventManager : Event: ======'machine_var_audits_switches_s_E'====== Args={'value': 33, 'prev_value': 32, 'change': 1}
2025-10-12 09:32:15,372 : INFO : EventManager : Event: ======'player_shot_E'====== Args={'value': 1, 'prev_value': 0, 'change': 1, 'player_num': 1}
2025-10-12 09:32:15,372 : INFO : EventManager : Event: ======'machine_var_audits_shots_E'====== Args={'value': 29, 'prev_value': 28, 'change': 1}
2025-10-12 09:32:15,373 : INFO : EventManager : Event: ======'E_hit'====== Args={'profile': 'default', 'state': 'unlit', 'advancing': True}
2025-10-12 09:32:15,373 : INFO : EventManager : Event: ======'E_default_hit'====== Args={'profile': 'default', 'state': 'unlit', 'advancing': True}
2025-10-12 09:32:15,373 : INFO : EventManager : Event: ======'E_default_unlit_hit'====== Args={'profile': 'default', 'state': 'unlit', 'advancing': True}
2025-10-12 09:32:15,374 : INFO : EventManager : Event: ======'E_unlit_hit'====== Args={'profile': 'default', 'state': 'unlit', 'advancing': True}
2025-10-12 09:32:15,374 : INFO : EventManager : Event: ======'TIME_droptargets_complete'====== Args={'state': 'lit'}
2025-10-12 09:32:15,374 : INFO : EventManager : Event: ======'TIME_droptargets_lit_complete'====== Args={}
2025-10-12 09:32:15,374 : INFO : EventManager : Event: ======'player_shot_T'====== Args={'value': 0, 'prev_value': 1, 'change': -1, 'player_num': 1}
2025-10-12 09:32:15,375 : INFO : EventManager : Event: ======'player_shot_I'====== Args={'value': 0, 'prev_value': 1, 'change': -1, 'player_num': 1}
2025-10-12 09:32:15,375 : INFO : EventManager : Event: ======'player_shot_M'====== Args={'value': 0, 'prev_value': 1, 'change': -1, 'player_num': 1}
2025-10-12 09:32:15,376 : INFO : EventManager : Event: ======'player_shot_E'====== Args={'value': 0, 'prev_value': 1, 'change': -1, 'player_num': 1}
2025-10-12 09:32:15,376 : INFO : EventManager : Event: ======'player_score'====== Args={'value': 400300, 'prev_value': 300, 'change': 400000, 'player_num': 1, 'source': 'base'}
2025-10-12 09:32:15,377 : INFO : EventManager : Event: ======'logicblock_TIME_droptargets_counter_updated'====== Args={'value': 1, 'enabled': True}
2025-10-12 09:32:15,377 : INFO : EventManager : Event: ======'counter_TIME_droptargets_counter_hit'====== Args={'count': 1, 'hits': 1, 'remaining': 2}
2025-10-12 09:32:15,377 : INFO : EventManager : Event: ======'logicblock_TIME_droptargets_counter_hit'====== Args={'count': 1, 'hits': 1, 'remaining': 2}
2025-10-12 09:32:15,378 : INFO : EventManager : Event: ======'TIME_droptargets_complete'====== Args={'state': 'unlit'}
2025-10-12 09:32:15,378 : INFO : EventManager : Event: ======'TIME_droptargets_unlit_complete'====== Args={}
2025-10-12 09:32:15,379 : INFO : EventManager : Event: ======'TIME_droptargets_hit'====== Args={}
2025-10-12 09:32:15,379 : INFO : EventManager : Event: ======'TIME_droptargets_unlit_hit'====== Args={}
2025-10-12 09:32:16,378 : INFO : drop_target_bank.TIME : 4 targets are down. Will reset those.
2025-10-12 09:32:16,378 : INFO : coil.c_reset_droptarget_TIME : Pulsing Driver for 10ms (1.0 pulse_power)
2025-10-12 09:32:16,439 : INFO : SwitchController : <<<<<<< 's_T' inactive >>>>>>>
2025-10-12 09:32:16,439 : INFO : SwitchController : <<<<<<< 's_I' inactive >>>>>>>
2025-10-12 09:32:16,439 : INFO : SwitchController : <<<<<<< 's_M' inactive >>>>>>>
2025-10-12 09:32:16,439 : INFO : SwitchController : <<<<<<< 's_E' inactive >>>>>>>
2025-10-12 09:32:16,871 : INFO : EventManager : Event: ======'drop_target_T_up'====== Args={'device': <drop_target.T>}
2025-10-12 09:32:16,874 : INFO : EventManager : Event: ======'drop_target_bank_TIME_mixed'====== Args={'prev_value': <DropTargetBankState.DOWN: 'down'>, 'down': 3}
2025-10-12 09:32:16,875 : INFO : EventManager : Event: ======'drop_target_I_up'====== Args={'device': <drop_target.I>}
2025-10-12 09:32:16,876 : INFO : EventManager : Event: ======'drop_target_bank_TIME_mixed'====== Args={'prev_value': <DropTargetBankState.MIXED: 'mixed'>, 'down': 2}
2025-10-12 09:32:16,877 : INFO : EventManager : Event: ======'drop_target_E_up'====== Args={'device': <drop_target.E>}
2025-10-12 09:32:16,879 : INFO : EventManager : Event: ======'drop_target_bank_TIME_mixed'====== Args={'prev_value': <DropTargetBankState.MIXED: 'mixed'>, 'down': 1}
2025-10-12 09:32:16,880 : INFO : EventManager : Event: ======'drop_target_M_up'====== Args={'device': <drop_target.M>}
2025-10-12 09:32:16,882 : INFO : EventManager : Event: ======'drop_target_bank_TIME_up'====== Args={}
2025-10-12 09:32:20,615 : INFO : Machine : Shutting down...
2025-10-12 09:32:20,615 : INFO : EventManager : Event: ======'shutdown'====== Args={}
2025-10-12 09:32:20,636 : INFO : EventManager : Event: ======'mode_game_will_stop'====== Args={}
2025-10-12 09:32:20,636 : INFO : EventManager : Event: ======'mode_game_stopping'====== Args={}
2025-10-12 09:32:20,639 : INFO : EventManager : Event: ======'mode_super_jets_setup_will_stop'====== Args={}
2025-10-12 09:32:20,640 : INFO : EventManager : Event: ======'mode_super_jets_setup_stopping'====== Args={}
2025-10-12 09:32:20,640 : INFO : EventManager : Event: ======'mode_base_will_stop'====== Args={}
2025-10-12 09:32:20,641 : INFO : EventManager : Event: ======'mode_base_stopping'====== Args={}
2025-10-12 09:32:20,641 : INFO : Mode.base : Stopped.
2025-10-12 09:32:20,642 : INFO : EventManager : Event: ======'modes_active_modes_changed'====== Args={}
2025-10-12 09:32:20,642 : INFO : EventManager : Event: ======'mode_base_stopped'====== Args={}
2025-10-12 09:32:20,643 : INFO : EventManager : Event: ======'clear'====== Args={'key': 'base'}
2025-10-12 09:32:20,648 : INFO : Mode.super_jets_setup : Stopped.
2025-10-12 09:32:20,649 : INFO : EventManager : Event: ======'modes_active_modes_changed'====== Args={}
2025-10-12 09:32:20,650 : INFO : EventManager : Event: ======'mode_super_jets_setup_stopped'====== Args={}
2025-10-12 09:32:20,650 : INFO : EventManager : Event: ======'clear'====== Args={'key': 'super_jets_setup'}
2025-10-12 09:32:20,651 : INFO : Mode.game : Stopped.
2025-10-12 09:32:20,651 : INFO : EventManager : Event: ======'modes_active_modes_changed'====== Args={}
2025-10-12 09:32:20,651 : INFO : EventManager : Event: ======'mode_game_stopped'====== Args={}
2025-10-12 09:32:20,651 : INFO : EventManager : Event: ======'clear'====== Args={'key': 'game'}
2025-10-12 09:32:20,657 : INFO : root : MPF run loop ended.
