2025-10-05 13:15:47,162 : INFO : root : Loading config.
2025-10-05 13:15:47,166 : INFO : YamlMultifileConfigLoader : Machine config file #1: config.yaml
2025-10-05 13:15:47,167 : INFO : ConfigProcessor : Loading config from cache: C:\Users\richa\AppData\Local\Temp\bad76953a596b8c99f832e0e98026c3b.mpf_cache
2025-10-05 13:15:47,168 : WARNING : ConfigProcessor : Config file in cache changed: C:\Users\richa\ttp5\config\config_ball_devices.yaml
2025-10-05 13:15:47,168 : INFO : ConfigProcessor : Loading config from file C:\Users\richa\mpfvirtual4\lib\site-packages\mpf\mpfconfig.yaml.
2025-10-05 13:15:47,182 : INFO : ConfigProcessor : Loading config: C:\Users\richa\mpfvirtual4\lib\site-packages\mpf\mpfconfig.yaml
2025-10-05 13:15:47,183 : INFO : ConfigProcessor : Loading config from file C:\Users\richa\ttp5\config\config.yaml.
2025-10-05 13:15:47,185 : INFO : ConfigProcessor : Loading config: C:\Users\richa\ttp5\config\config.yaml
2025-10-05 13:15:47,194 : INFO : ConfigProcessor : Loading config: C:\Users\richa\ttp5\config\config_ball_devices.yaml
2025-10-05 13:15:47,196 : INFO : ConfigProcessor : Loading config: C:\Users\richa\ttp5\config\config_coils.yaml
2025-10-05 13:15:47,197 : INFO : ConfigProcessor : Loading config: C:\Users\richa\ttp5\config\config_flippers.yaml
2025-10-05 13:15:47,202 : INFO : ConfigProcessor : Loading config: C:\Users\richa\ttp5\config\config_switches.yaml
2025-10-05 13:15:47,209 : INFO : ConfigProcessor : Loading config: C:\Users\richa\ttp5\config\config_lights.yaml
2025-10-05 13:15:47,212 : INFO : ConfigProcessor : Config file cache created: C:\Users\richa\AppData\Local\Temp\bad76953a596b8c99f832e0e98026c3b.mpf_cache
2025-10-05 13:15:47,295 : INFO : ConfigProcessor : Loading config from cache: C:\Users\richa\AppData\Local\Temp\77a998d318c788df5647a1900cedfc56.mpf_cache
2025-10-05 13:15:47,296 : INFO : ConfigProcessor : Loading config from cache: C:\Users\richa\AppData\Local\Temp\9c8dea79ca4d15ee886340e992e8cb9d.mpf_cache
2025-10-05 13:15:47,296 : INFO : ConfigProcessor : Loading config from cache: C:\Users\richa\AppData\Local\Temp\8ddee2e87a4f178751335e99da00e9c4.mpf_cache
2025-10-05 13:15:47,297 : INFO : ConfigProcessor : Loading config from cache: C:\Users\richa\AppData\Local\Temp\16d594341c3fbe91b1b6d496c05a6fb0.mpf_cache
2025-10-05 13:15:47,298 : INFO : ConfigProcessor : Loading config from cache: C:\Users\richa\AppData\Local\Temp\9ea1b14cb2b1cce5e8bf981a1ff8cfc5.mpf_cache
2025-10-05 13:15:47,298 : INFO : ConfigProcessor : Loading config from cache: C:\Users\richa\AppData\Local\Temp\6cbce11faef0ddcfeddb2a5b8dbeb4ae.mpf_cache
2025-10-05 13:15:47,299 : INFO : Machine : Mission Pinball Framework Core Engine v0.57.0.dev39
2025-10-05 13:15:47,299 : INFO : Machine : Command line arguments: {'no_load_cache': False, 'create_config_cache': True, 'bcp': True, 'configfile': ['config.yaml'], 'force_assets_load': False, 'jsonlogging': False, 'logfile': 'logs\\2025-10-05-13-15-47-mpf-DESKTOP-RK7BE5M.log', 'pause': False, 'production': False, 'text_ui': True, 'loglevel': 15, 'consoleloglevel': 20, 'force_platform': None, 'syslog_address': None, 'mc_file_name': None, 'no_sound': False}
2025-10-05 13:15:47,299 : INFO : Machine : MPF path: C:\Users\richa\mpfvirtual4\lib\site-packages\mpf
2025-10-05 13:15:47,299 : INFO : Machine : Machine path: C:\Users\richa\ttp5
2025-10-05 13:15:47,299 : INFO : Machine : Platform: win32
2025-10-05 13:15:47,299 : INFO : Machine : Python executable location: C:\Users\richa\mpfvirtual4\Scripts\python.exe
2025-10-05 13:15:47,299 : INFO : Machine : Python version: 3.9.13 (64-bit)
2025-10-05 13:15:47,301 : INFO : Machine : Initializing MPF...
2025-10-05 13:15:47,887 : INFO : EventManager : Event: ======'machine_var_credits_string'====== Args={'value': 'FREE PLAY', 'prev_value': None, 'change': True}
2025-10-05 13:15:47,941 : INFO : EventManager : Event: ======'machine_var_master_volume'====== Args={'value': 0.5, 'prev_value': None, 'change': True}
2025-10-05 13:15:47,941 : INFO : EventManager : Event: ======'machine_var_player1_score'====== Args={'value': 17500, 'prev_value': None, 'change': True}
2025-10-05 13:15:47,941 : INFO : EventManager : Event: ======'machine_var_mpf_version'====== Args={'value': 'Mission Pinball Framework v0.57.0.dev39', 'prev_value': None, 'change': True}
2025-10-05 13:15:47,941 : INFO : EventManager : Event: ======'machine_var_mpf_extended_version'====== Args={'value': 'Mission Pinball Framework v0.57.0.dev39, Config version:6, Show version: 6, BCP version:1.1', 'prev_value': None, 'change': True}
2025-10-05 13:15:47,941 : INFO : EventManager : Event: ======'machine_var_python_version'====== Args={'value': '3.9.13', 'prev_value': None, 'change': True}
2025-10-05 13:15:47,951 : INFO : EventManager : Event: ======'machine_var_platform'====== Args={'value': 'Windows-10-10.0.19045-SP0', 'prev_value': None, 'change': True}
2025-10-05 13:15:47,951 : INFO : EventManager : Event: ======'machine_var_platform_system'====== Args={'value': 'Windows', 'prev_value': None, 'change': True}
2025-10-05 13:15:47,951 : INFO : EventManager : Event: ======'machine_var_platform_release'====== Args={'value': '10', 'prev_value': None, 'change': True}
2025-10-05 13:15:47,951 : INFO : EventManager : Event: ======'machine_var_platform_version'====== Args={'value': '10.0.19045', 'prev_value': None, 'change': True}
2025-10-05 13:15:47,951 : INFO : EventManager : Event: ======'machine_var_platform_machine'====== Args={'value': 'AMD64', 'prev_value': None, 'change': True}
2025-10-05 13:15:47,951 : INFO : EventManager : Event: ======'init_phase_1'====== Args={}
2025-10-05 13:15:47,984 : INFO : EventManager : Event: ======'init_phase_2'====== Args={}
2025-10-05 13:15:47,984 : INFO : SwitchController : Found active switch: ('2', <Platform.SmartVirtual>) <switch.s_trough1>
2025-10-05 13:15:47,984 : INFO : SwitchController : Found active switch: ('3', <Platform.SmartVirtual>) <switch.s_trough2>
2025-10-05 13:15:47,984 : INFO : SwitchController : Found active switch: ('4', <Platform.SmartVirtual>) <switch.s_trough3>
2025-10-05 13:15:47,984 : INFO : SwitchController : Found active switch: ('5', <Platform.SmartVirtual>) <switch.s_trough4>
2025-10-05 13:15:47,984 : INFO : SwitchController : Found active switch: ('6', <Platform.SmartVirtual>) <switch.s_trough5>
2025-10-05 13:15:47,984 : INFO : SwitchController : Found active switch: ('7', <Platform.SmartVirtual>) <switch.s_trough6>
2025-10-05 13:15:47,988 : INFO : EventManager : Event: ======'bcp_connection_attempt'====== Args={'name': 'local_display', 'host': 'localhost', 'port': 5050}
2025-10-05 13:15:47,990 : INFO : BCPClientSocket : Connecting BCP to 'local_display' at localhost:5050...
2025-10-05 13:15:50,036 : INFO : BCPClientSocket : Connected BCP to 'local_display' localhost:5050
2025-10-05 13:15:50,037 : INFO : EventManager : Event: ======'bcp_clients_connected'====== Args={}
2025-10-05 13:15:50,498 : INFO : EventManager : Event: ======'machine_var_mc_version'====== Args={'value': 'MPF-MC v0.57.0.dev10', 'prev_value': None, 'change': True}
2025-10-05 13:15:50,498 : INFO : EventManager : Event: ======'machine_var_mc_extended_version'====== Args={'value': 'MPF-MC v0.57.0.dev10 (config_version=6, BCP v1.1,                      Requires MPF API compatibility v0.57.0.dev19 or newer)', 'prev_value': None, 'change': True}
2025-10-05 13:15:50,503 : INFO : ball_device.bd_trough : BCH: Initial count: 6
2025-10-05 13:15:50,596 : INFO : ball_device.bd_trough : State: idle
2025-10-05 13:15:50,596 : INFO : ball_device.bd_plunger : BCH: Initial count: 0
2025-10-05 13:15:50,596 : INFO : ball_device.bd_plunger : State: idle
2025-10-05 13:15:50,597 : INFO : ball_device.bd_left_scoop : BCH: Initial count: 0
2025-10-05 13:15:50,597 : INFO : ball_device.bd_left_scoop : State: idle
2025-10-05 13:15:50,622 : INFO : EventManager : Event: ======'init_phase_3'====== Args={}
2025-10-05 13:15:50,633 : INFO : EventManager : Event: ======'init_phase_4'====== Args={}
2025-10-05 13:15:50,633 : INFO : BallController : Initial balls found: 6
2025-10-05 13:15:50,635 : INFO : EventManager : Event: ======'machine_var_audits_events_game_ended'====== Args={'value': 23, 'prev_value': None, 'change': True}
2025-10-05 13:15:50,635 : INFO : EventManager : Event: ======'machine_var_audits_events_game_started'====== Args={'value': 91, 'prev_value': None, 'change': True}
2025-10-05 13:15:50,636 : INFO : EventManager : Event: ======'machine_var_audits_missing_switches_s_A'====== Args={'value': 19, 'prev_value': None, 'change': True}
2025-10-05 13:15:50,636 : INFO : EventManager : Event: ======'machine_var_audits_missing_switches_s_E'====== Args={'value': 19, 'prev_value': None, 'change': True}
2025-10-05 13:15:50,636 : INFO : EventManager : Event: ======'machine_var_audits_missing_switches_s_Eb'====== Args={'value': 19, 'prev_value': None, 'change': True}
2025-10-05 13:15:50,637 : INFO : EventManager : Event: ======'machine_var_audits_missing_switches_s_I'====== Args={'value': 19, 'prev_value': None, 'change': True}
2025-10-05 13:15:50,637 : INFO : EventManager : Event: ======'machine_var_audits_missing_switches_s_L'====== Args={'value': 19, 'prev_value': None, 'change': True}
2025-10-05 13:15:50,637 : INFO : EventManager : Event: ======'machine_var_audits_missing_switches_s_M'====== Args={'value': 19, 'prev_value': None, 'change': True}
2025-10-05 13:15:50,637 : INFO : EventManager : Event: ======'machine_var_audits_missing_switches_s_R'====== Args={'value': 19, 'prev_value': None, 'change': True}
2025-10-05 13:15:50,638 : INFO : EventManager : Event: ======'machine_var_audits_missing_switches_s_T'====== Args={'value': 19, 'prev_value': None, 'change': True}
2025-10-05 13:15:50,638 : INFO : EventManager : Event: ======'machine_var_audits_missing_switches_s_Tb'====== Args={'value': 19, 'prev_value': None, 'change': True}
2025-10-05 13:15:50,638 : INFO : EventManager : Event: ======'machine_var_audits_missing_switches_s_V'====== Args={'value': 19, 'prev_value': None, 'change': True}
2025-10-05 13:15:50,638 : INFO : EventManager : Event: ======'machine_var_audits_missing_switches_s_bumper_1'====== Args={'value': 15, 'prev_value': None, 'change': True}
2025-10-05 13:15:50,638 : INFO : EventManager : Event: ======'machine_var_audits_missing_switches_s_bumper_2'====== Args={'value': 15, 'prev_value': None, 'change': True}
2025-10-05 13:15:50,638 : INFO : EventManager : Event: ======'machine_var_audits_missing_switches_s_center_center_target'====== Args={'value': 17, 'prev_value': None, 'change': True}
2025-10-05 13:15:50,639 : INFO : EventManager : Event: ======'machine_var_audits_missing_switches_s_launcher_lane_spinner'====== Args={'value': 17, 'prev_value': None, 'change': True}
2025-10-05 13:15:50,639 : INFO : EventManager : Event: ======'machine_var_audits_missing_switches_s_left_center_target'====== Args={'value': 17, 'prev_value': None, 'change': True}
2025-10-05 13:15:50,639 : INFO : EventManager : Event: ======'machine_var_audits_missing_switches_s_left_corridor_spinner'====== Args={'value': 17, 'prev_value': None, 'change': True}
2025-10-05 13:15:50,639 : INFO : EventManager : Event: ======'machine_var_audits_missing_switches_s_left_corridor_spinner2'====== Args={'value': 17, 'prev_value': None, 'change': True}
2025-10-05 13:15:50,639 : INFO : EventManager : Event: ======'machine_var_audits_missing_switches_s_left_flipper'====== Args={'value': 6, 'prev_value': None, 'change': True}
2025-10-05 13:15:50,639 : INFO : EventManager : Event: ======'machine_var_audits_missing_switches_s_left_inlane'====== Args={'value': 44, 'prev_value': None, 'change': True}
2025-10-05 13:15:50,640 : INFO : EventManager : Event: ======'machine_var_audits_missing_switches_s_left_outlane'====== Args={'value': 54, 'prev_value': None, 'change': True}
2025-10-05 13:15:50,640 : INFO : EventManager : Event: ======'machine_var_audits_missing_switches_s_left_standup'====== Args={'value': 16, 'prev_value': None, 'change': True}
2025-10-05 13:15:50,640 : INFO : EventManager : Event: ======'machine_var_audits_missing_switches_s_right_center_target'====== Args={'value': 17, 'prev_value': None, 'change': True}
2025-10-05 13:15:50,640 : INFO : EventManager : Event: ======'machine_var_audits_missing_switches_s_right_corridor_spinner'====== Args={'value': 17, 'prev_value': None, 'change': True}
2025-10-05 13:15:50,640 : INFO : EventManager : Event: ======'machine_var_audits_missing_switches_s_right_flipper'====== Args={'value': 6, 'prev_value': None, 'change': True}
2025-10-05 13:15:50,641 : INFO : EventManager : Event: ======'machine_var_audits_missing_switches_s_right_outlane'====== Args={'value': 54, 'prev_value': None, 'change': True}
2025-10-05 13:15:50,641 : INFO : EventManager : Event: ======'machine_var_audits_missing_switches_s_right_scoop'====== Args={'value': 9, 'prev_value': None, 'change': True}
2025-10-05 13:15:50,641 : INFO : EventManager : Event: ======'machine_var_audits_missing_switches_s_right_standup'====== Args={'value': 16, 'prev_value': None, 'change': True}
2025-10-05 13:15:50,641 : INFO : EventManager : Event: ======'machine_var_audits_missing_switches_s_sling_left'====== Args={'value': 44, 'prev_value': None, 'change': True}
2025-10-05 13:15:50,641 : INFO : EventManager : Event: ======'machine_var_audits_missing_switches_s_sling_right'====== Args={'value': 58, 'prev_value': None, 'change': True}
2025-10-05 13:15:50,642 : INFO : EventManager : Event: ======'machine_var_audits_missing_switches_s_start'====== Args={'value': 20, 'prev_value': None, 'change': True}
2025-10-05 13:15:50,642 : INFO : EventManager : Event: ======'machine_var_audits_missing_switches_s_top_left_standup'====== Args={'value': 16, 'prev_value': None, 'change': True}
2025-10-05 13:15:50,642 : INFO : EventManager : Event: ======'machine_var_audits_missing_switches_s_top_left_standup2'====== Args={'value': 16, 'prev_value': None, 'change': True}
2025-10-05 13:15:50,642 : INFO : EventManager : Event: ======'machine_var_audits_missing_switches_s_trough1'====== Args={'value': 3, 'prev_value': None, 'change': True}
2025-10-05 13:15:50,642 : INFO : EventManager : Event: ======'machine_var_audits_missing_switches_s_trough2'====== Args={'value': 91, 'prev_value': None, 'change': True}
2025-10-05 13:15:50,643 : INFO : EventManager : Event: ======'machine_var_audits_missing_switches_s_trough3'====== Args={'value': 91, 'prev_value': None, 'change': True}
2025-10-05 13:15:50,643 : INFO : EventManager : Event: ======'machine_var_audits_missing_switches_s_trough4'====== Args={'value': 91, 'prev_value': None, 'change': True}
2025-10-05 13:15:50,643 : INFO : EventManager : Event: ======'machine_var_audits_missing_switches_s_trough5'====== Args={'value': 91, 'prev_value': None, 'change': True}
2025-10-05 13:15:50,643 : INFO : EventManager : Event: ======'machine_var_audits_missing_switches_s_trough6'====== Args={'value': 91, 'prev_value': None, 'change': True}
2025-10-05 13:15:50,643 : INFO : EventManager : Event: ======'machine_var_audits_missing_switches_s_trough_jam'====== Args={'value': 91, 'prev_value': None, 'change': True}
2025-10-05 13:15:50,644 : INFO : EventManager : Event: ======'machine_var_audits_player_score'====== Args={'value': {'average': 12472, 'top': [28284, 28200, 25272, 22800, 22400, 17500, 16800, 16800, 14636, 13400], 'total': 25}, 'prev_value': None, 'change': True}
2025-10-05 13:15:50,644 : INFO : EventManager : Event: ======'machine_var_audits_shots_center_rollover'====== Args={'value': 7, 'prev_value': None, 'change': True}
2025-10-05 13:15:50,644 : INFO : EventManager : Event: ======'machine_var_audits_shots_center_rollover_shot'====== Args={'value': 125, 'prev_value': None, 'change': True}
2025-10-05 13:15:50,644 : INFO : EventManager : Event: ======'machine_var_audits_shots_left_rollover'====== Args={'value': 6, 'prev_value': None, 'change': True}
2025-10-05 13:15:50,645 : INFO : EventManager : Event: ======'machine_var_audits_shots_left_rollover_shot'====== Args={'value': 68, 'prev_value': None, 'change': True}
2025-10-05 13:15:50,645 : INFO : EventManager : Event: ======'machine_var_audits_shots_middle_inlane_shot'====== Args={'value': 20, 'prev_value': None, 'change': True}
2025-10-05 13:15:50,645 : INFO : EventManager : Event: ======'machine_var_audits_shots_my_first_shot'====== Args={'value': 95, 'prev_value': None, 'change': True}
2025-10-05 13:15:50,645 : INFO : EventManager : Event: ======'machine_var_audits_shots_right_inlane_shot'====== Args={'value': 12, 'prev_value': None, 'change': True}
2025-10-05 13:15:50,646 : INFO : EventManager : Event: ======'machine_var_audits_shots_right_rollover'====== Args={'value': 7, 'prev_value': None, 'change': True}
2025-10-05 13:15:50,646 : INFO : EventManager : Event: ======'machine_var_audits_shots_right_rollover_shot'====== Args={'value': 91, 'prev_value': None, 'change': True}
2025-10-05 13:15:50,646 : INFO : EventManager : Event: ======'machine_var_audits_shots_top_middle_inlane_shot'====== Args={'value': 41, 'prev_value': None, 'change': True}
2025-10-05 13:15:50,646 : INFO : EventManager : Event: ======'machine_var_audits_switches_s_A'====== Args={'value': 0, 'prev_value': None, 'change': True}
2025-10-05 13:15:50,647 : INFO : EventManager : Event: ======'machine_var_audits_switches_s_E'====== Args={'value': 0, 'prev_value': None, 'change': True}
2025-10-05 13:15:50,647 : INFO : EventManager : Event: ======'machine_var_audits_switches_s_Eb'====== Args={'value': 0, 'prev_value': None, 'change': True}
2025-10-05 13:15:50,647 : INFO : EventManager : Event: ======'machine_var_audits_switches_s_I'====== Args={'value': 0, 'prev_value': None, 'change': True}
2025-10-05 13:15:50,647 : INFO : EventManager : Event: ======'machine_var_audits_switches_s_L'====== Args={'value': 0, 'prev_value': None, 'change': True}
2025-10-05 13:15:50,648 : INFO : EventManager : Event: ======'machine_var_audits_switches_s_M'====== Args={'value': 0, 'prev_value': None, 'change': True}
2025-10-05 13:15:50,648 : INFO : EventManager : Event: ======'machine_var_audits_switches_s_R'====== Args={'value': 0, 'prev_value': None, 'change': True}
2025-10-05 13:15:50,649 : INFO : EventManager : Event: ======'machine_var_audits_switches_s_T'====== Args={'value': 0, 'prev_value': None, 'change': True}
2025-10-05 13:15:50,649 : INFO : EventManager : Event: ======'machine_var_audits_switches_s_Tb'====== Args={'value': 0, 'prev_value': None, 'change': True}
2025-10-05 13:15:50,649 : INFO : EventManager : Event: ======'machine_var_audits_switches_s_V'====== Args={'value': 0, 'prev_value': None, 'change': True}
2025-10-05 13:15:50,650 : INFO : EventManager : Event: ======'machine_var_audits_switches_s_bumper_1'====== Args={'value': 0, 'prev_value': None, 'change': True}
2025-10-05 13:15:50,650 : INFO : EventManager : Event: ======'machine_var_audits_switches_s_bumper_2'====== Args={'value': 0, 'prev_value': None, 'change': True}
2025-10-05 13:15:50,650 : INFO : EventManager : Event: ======'machine_var_audits_switches_s_center_center_target'====== Args={'value': 0, 'prev_value': None, 'change': True}
2025-10-05 13:15:50,650 : INFO : EventManager : Event: ======'machine_var_audits_switches_s_center_rollover'====== Args={'value': 132, 'prev_value': None, 'change': True}
2025-10-05 13:15:50,651 : INFO : EventManager : Event: ======'machine_var_audits_switches_s_launcher_lane_spinner'====== Args={'value': 0, 'prev_value': None, 'change': True}
2025-10-05 13:15:50,651 : INFO : EventManager : Event: ======'machine_var_audits_switches_s_left_center_target'====== Args={'value': 0, 'prev_value': None, 'change': True}
2025-10-05 13:15:50,651 : INFO : EventManager : Event: ======'machine_var_audits_switches_s_left_corridor_spinner'====== Args={'value': 0, 'prev_value': None, 'change': True}
2025-10-05 13:15:50,651 : INFO : EventManager : Event: ======'machine_var_audits_switches_s_left_corridor_spinner2'====== Args={'value': 0, 'prev_value': None, 'change': True}
2025-10-05 13:15:50,652 : INFO : EventManager : Event: ======'machine_var_audits_switches_s_left_flipper'====== Args={'value': 324, 'prev_value': None, 'change': True}
2025-10-05 13:15:50,652 : INFO : EventManager : Event: ======'machine_var_audits_switches_s_left_inlane'====== Args={'value': 8, 'prev_value': None, 'change': True}
2025-10-05 13:15:50,652 : INFO : EventManager : Event: ======'machine_var_audits_switches_s_left_outlane'====== Args={'value': 3, 'prev_value': None, 'change': True}
2025-10-05 13:15:50,653 : INFO : EventManager : Event: ======'machine_var_audits_switches_s_left_rollover'====== Args={'value': 74, 'prev_value': None, 'change': True}
2025-10-05 13:15:50,653 : INFO : EventManager : Event: ======'machine_var_audits_switches_s_left_scoop'====== Args={'value': 4, 'prev_value': None, 'change': True}
2025-10-05 13:15:50,653 : INFO : EventManager : Event: ======'machine_var_audits_switches_s_left_standup'====== Args={'value': 0, 'prev_value': None, 'change': True}
2025-10-05 13:15:50,654 : INFO : EventManager : Event: ======'machine_var_audits_switches_s_middle_inlane'====== Args={'value': 20, 'prev_value': None, 'change': True}
2025-10-05 13:15:50,654 : INFO : EventManager : Event: ======'machine_var_audits_switches_s_plunger'====== Args={'value': 175, 'prev_value': None, 'change': True}
2025-10-05 13:15:50,654 : INFO : EventManager : Event: ======'machine_var_audits_switches_s_right_center_target'====== Args={'value': 0, 'prev_value': None, 'change': True}
2025-10-05 13:15:50,654 : INFO : EventManager : Event: ======'machine_var_audits_switches_s_right_corridor_spinner'====== Args={'value': 0, 'prev_value': None, 'change': True}
2025-10-05 13:15:50,655 : INFO : EventManager : Event: ======'machine_var_audits_switches_s_right_flipper'====== Args={'value': 140, 'prev_value': None, 'change': True}
2025-10-05 13:15:50,655 : INFO : EventManager : Event: ======'machine_var_audits_switches_s_right_inlane'====== Args={'value': 139, 'prev_value': None, 'change': True}
2025-10-05 13:15:50,655 : INFO : EventManager : Event: ======'machine_var_audits_switches_s_right_outlane'====== Args={'value': 3, 'prev_value': None, 'change': True}
2025-10-05 13:15:50,656 : INFO : EventManager : Event: ======'machine_var_audits_switches_s_right_rollover'====== Args={'value': 98, 'prev_value': None, 'change': True}
2025-10-05 13:15:50,656 : INFO : EventManager : Event: ======'machine_var_audits_switches_s_right_scoop'====== Args={'value': 5, 'prev_value': None, 'change': True}
2025-10-05 13:15:50,656 : INFO : EventManager : Event: ======'machine_var_audits_switches_s_right_standup'====== Args={'value': 0, 'prev_value': None, 'change': True}
2025-10-05 13:15:50,657 : INFO : EventManager : Event: ======'machine_var_audits_switches_s_sling_left'====== Args={'value': 3, 'prev_value': None, 'change': True}
2025-10-05 13:15:50,657 : INFO : EventManager : Event: ======'machine_var_audits_switches_s_sling_right'====== Args={'value': 1, 'prev_value': None, 'change': True}
2025-10-05 13:15:50,657 : INFO : EventManager : Event: ======'machine_var_audits_switches_s_start'====== Args={'value': 12, 'prev_value': None, 'change': True}
2025-10-05 13:15:50,658 : INFO : EventManager : Event: ======'machine_var_audits_switches_s_top_left_standup'====== Args={'value': 0, 'prev_value': None, 'change': True}
2025-10-05 13:15:50,658 : INFO : EventManager : Event: ======'machine_var_audits_switches_s_top_left_standup2'====== Args={'value': 0, 'prev_value': None, 'change': True}
2025-10-05 13:15:50,658 : INFO : EventManager : Event: ======'machine_var_audits_switches_s_top_middle_inlane'====== Args={'value': 41, 'prev_value': None, 'change': True}
2025-10-05 13:15:50,659 : INFO : EventManager : Event: ======'machine_var_audits_switches_s_trough1'====== Args={'value': 118, 'prev_value': None, 'change': True}
2025-10-05 13:15:50,659 : INFO : EventManager : Event: ======'machine_var_audits_switches_s_trough2'====== Args={'value': 0, 'prev_value': None, 'change': True}
2025-10-05 13:15:50,659 : INFO : EventManager : Event: ======'machine_var_audits_switches_s_trough3'====== Args={'value': 0, 'prev_value': None, 'change': True}
2025-10-05 13:15:50,660 : INFO : EventManager : Event: ======'machine_var_audits_switches_s_trough4'====== Args={'value': 0, 'prev_value': None, 'change': True}
2025-10-05 13:15:50,660 : INFO : EventManager : Event: ======'machine_var_audits_switches_s_trough5'====== Args={'value': 0, 'prev_value': None, 'change': True}
2025-10-05 13:15:50,660 : INFO : EventManager : Event: ======'machine_var_audits_switches_s_trough6'====== Args={'value': 0, 'prev_value': None, 'change': True}
2025-10-05 13:15:50,661 : INFO : EventManager : Event: ======'machine_var_audits_switches_s_trough_jam'====== Args={'value': 0, 'prev_value': None, 'change': True}
2025-10-05 13:15:50,662 : INFO : EventManager : Event: ======'init_phase_5'====== Args={}
2025-10-05 13:15:50,746 : INFO : EventManager : Event: ======'init_done'====== Args={}
2025-10-05 13:15:50,746 : INFO : EventManager : Event: ======'machine_reset_phase_1'====== Args={}
2025-10-05 13:15:50,753 : INFO : EventManager : Event: ======'machine_reset_phase_2'====== Args={}
2025-10-05 13:15:50,753 : INFO : EventManager : Event: ======'machine_reset_phase_3'====== Args={}
2025-10-05 13:15:50,753 : INFO : EventManager : Event: ======'reset_complete'====== Args={}
2025-10-05 13:15:50,753 : INFO : EventManager : Event: ======'mode_attract_will_start'====== Args={}
2025-10-05 13:15:50,754 : INFO : EventManager : Event: ======'mode_attract_starting'====== Args={}
2025-10-05 13:15:50,754 : INFO : Mode.attract : Started. Priority: 10
2025-10-05 13:15:50,754 : INFO : EventManager : Event: ======'modes_active_modes_changed'====== Args={}
2025-10-05 13:15:50,754 : INFO : EventManager : Event: ======'mode_attract_started'====== Args={}
2025-10-05 13:15:50,755 : INFO : EventManager : Event: ======'collecting_balls_complete'====== Args={}
2025-10-05 13:15:50,817 : INFO : EventManager : Event: ======'slide_awesome_slide_created'====== Args={'_from_bcp': True}
2025-10-05 13:15:50,817 : INFO : EventManager : Event: ======'slide_awesome_slide_active'====== Args={'_from_bcp': True}
2025-10-05 13:15:50,817 : INFO : Machine : Starting the main run loop.
2025-10-05 13:15:51,056 : INFO : BcpServer : New client connected.
2025-10-05 13:15:53,773 : INFO : EventManager : Event: ======'slide_press_start_created'====== Args={'_from_bcp': True}
2025-10-05 13:15:53,775 : INFO : EventManager : Event: ======'slide_press_start_active'====== Args={'_from_bcp': True}
2025-10-05 13:15:56,749 : INFO : EventManager : Event: ======'slide_mission_pinball_created'====== Args={'_from_bcp': True}
2025-10-05 13:15:56,750 : INFO : EventManager : Event: ======'slide_mission_pinball_active'====== Args={'_from_bcp': True}
2025-10-05 13:15:59,757 : INFO : EventManager : Event: ======'slide_last_game_score_slide_created'====== Args={'_from_bcp': True}
2025-10-05 13:15:59,759 : INFO : EventManager : Event: ======'slide_last_game_score_slide_active'====== Args={'_from_bcp': True}
2025-10-05 13:16:02,778 : INFO : EventManager : Event: ======'slide_awesome_slide_removed'====== Args={'_from_bcp': True}
2025-10-05 13:16:02,780 : INFO : EventManager : Event: ======'slide_awesome_slide_created'====== Args={'_from_bcp': True}
2025-10-05 13:16:02,781 : INFO : EventManager : Event: ======'slide_awesome_slide_active'====== Args={'_from_bcp': True}
2025-10-05 13:16:05,767 : INFO : EventManager : Event: ======'slide_press_start_removed'====== Args={'_from_bcp': True}
2025-10-05 13:16:05,778 : INFO : EventManager : Event: ======'slide_press_start_created'====== Args={'_from_bcp': True}
2025-10-05 13:16:05,781 : INFO : EventManager : Event: ======'slide_press_start_active'====== Args={'_from_bcp': True}
2025-10-05 13:16:06,323 : INFO : SwitchController : <<<<<<< 's_start' active >>>>>>>
2025-10-05 13:16:06,421 : INFO : SwitchController : <<<<<<< 's_start' inactive >>>>>>>
2025-10-05 13:16:06,421 : INFO : EventManager : Event: ======'request_to_start_game'====== Args={}
2025-10-05 13:16:06,422 : INFO : EventManager : Event: ======'game_start'====== Args={'buttons': [], 'hold_time': 0.09399999998277053}
2025-10-05 13:16:06,422 : INFO : EventManager : Event: ======'mode_game_will_start'====== Args={'buttons': [], 'hold_time': 0.09399999998277053}
2025-10-05 13:16:06,423 : INFO : EventManager : Event: ======'mode_game_starting'====== Args={'buttons': [], 'hold_time': 0.09399999998277053}
2025-10-05 13:16:06,423 : INFO : EventManager : Event: ======'mode_attract_will_stop'====== Args={}
2025-10-05 13:16:06,423 : INFO : EventManager : Event: ======'mode_attract_stopping'====== Args={}
2025-10-05 13:16:06,423 : INFO : Mode.attract : Stopped.
2025-10-05 13:16:06,423 : INFO : EventManager : Event: ======'modes_active_modes_changed'====== Args={}
2025-10-05 13:16:06,423 : INFO : EventManager : Event: ======'mode_attract_stopped'====== Args={}
2025-10-05 13:16:06,424 : INFO : EventManager : Event: ======'clear'====== Args={'key': 'attract'}
2025-10-05 13:16:06,424 : INFO : Mode.game : Started. Priority: 20
2025-10-05 13:16:06,424 : INFO : EventManager : Event: ======'modes_active_modes_changed'====== Args={}
2025-10-05 13:16:06,424 : INFO : EventManager : Event: ======'mode_game_started'====== Args={'buttons': [], 'hold_time': 0.09399999998277053}
2025-10-05 13:16:06,440 : INFO : EventManager : Event: ======'game_will_start'====== Args={}
2025-10-05 13:16:06,441 : INFO : EventManager : Event: ======'game_starting'====== Args={'game': <Mode.game>}
2025-10-05 13:16:06,442 : INFO : EventManager : Unordered handler for class <Auditor> on event game_ended with priority 1. Handlers: [RegisteredHandler(callback=<bound method Auditor.disable of <Auditor>>, priority=1, kwargs={}, key=UUID('11f13a62-6d98-4f9b-be20-d5c890d50a7c'), condition=None, blocking_facility=None), RegisteredHandler(callback=<bound method Auditor._save_audits of <Auditor>>, priority=1, kwargs={}, key=UUID('d2180ae3-a24a-45cb-92a2-22fd3a692f3c'), condition=None, blocking_facility=None)]. The order of those handlers is not defined and they will be executed in random order. This might lead to race conditions and potential bugs.
2025-10-05 13:16:06,442 : INFO : EventManager : Event: ======'player_add_request'====== Args={}
2025-10-05 13:16:06,442 : INFO : EventManager : Event: ======'player_will_add'====== Args={'number': 1}
2025-10-05 13:16:06,442 : INFO : EventManager : Event: ======'player_adding'====== Args={'player': <Player 1>, 'number': 1}
2025-10-05 13:16:06,442 : INFO : EventManager : Event: ======'player_added'====== Args={'player': <Player 1>, 'num': 1}
2025-10-05 13:16:06,442 : INFO : Mode.game : Player added successfully. Total players: 1
2025-10-05 13:16:06,443 : INFO : EventManager : Event: ======'player_index'====== Args={'value': 0, 'prev_value': 0, 'change': 0, 'player_num': 1}
2025-10-05 13:16:06,443 : INFO : EventManager : Event: ======'player_number'====== Args={'value': 1, 'prev_value': 1, 'change': 0, 'player_num': 1}
2025-10-05 13:16:06,443 : INFO : EventManager : Event: ======'player_score'====== Args={'value': 0, 'prev_value': 0, 'change': 0, 'player_num': 1}
2025-10-05 13:16:06,444 : INFO : EventManager : Event: ======'game_started'====== Args={}
2025-10-05 13:16:06,456 : INFO : EventManager : Event: ======'player_turn_will_start'====== Args={'player': <Player 1>, 'number': 1}
2025-10-05 13:16:06,456 : INFO : EventManager : Event: ======'player_turn_starting'====== Args={'player': <Player 1>, 'number': 1}
2025-10-05 13:16:06,457 : INFO : EventManager : Event: ======'slide_mission_pinball_removed'====== Args={'_from_bcp': True}
2025-10-05 13:16:06,462 : INFO : EventManager : Event: ======'slide_last_game_score_slide_removed'====== Args={'_from_bcp': True}
2025-10-05 13:16:06,462 : INFO : EventManager : Event: ======'slide_awesome_slide_removed'====== Args={'_from_bcp': True}
2025-10-05 13:16:06,462 : INFO : EventManager : Event: ======'player_ball'====== Args={'value': 1, 'prev_value': 0, 'change': 1, 'player_num': 1}
2025-10-05 13:16:06,462 : INFO : EventManager : Event: ======'player_turn_started'====== Args={'player': <Player 1>, 'number': 1}
2025-10-05 13:16:06,463 : INFO : EventManager : Event: ======'slide_press_start_removed'====== Args={'_from_bcp': True}
2025-10-05 13:16:06,464 : INFO : EventManager : Event: ======'slide_window_blank_active'====== Args={'_from_bcp': True}
2025-10-05 13:16:06,464 : INFO : EventManager : Event: ======'ball_will_start'====== Args={'player': 1, 'ball': 1, 'balls_remaining': 2, 'is_extra_ball': False}
2025-10-05 13:16:06,469 : INFO : EventManager : Event: ======'ball_starting'====== Args={'player': 1, 'ball': 1, 'balls_remaining': 2, 'is_extra_ball': False}
2025-10-05 13:16:06,470 : INFO : EventManager : Event: ======'balls_in_play'====== Args={'balls': 1}
2025-10-05 13:16:06,470 : INFO : EventManager : Event: ======'ball_started'====== Args={'player': 1, 'ball': 1, 'balls_remaining': 2, 'is_extra_ball': False}
2025-10-05 13:16:06,471 : INFO : EventManager : Event: ======'mode_base_will_start'====== Args={'player': 1, 'ball': 1, 'balls_remaining': 2, 'is_extra_ball': False}
2025-10-05 13:16:06,471 : INFO : EventManager : Event: ======'player_shot_left_rollover_shot_enabled'====== Args={'value': True, 'prev_value': 0, 'change': 1, 'player_num': 1}
2025-10-05 13:16:06,472 : INFO : EventManager : Event: ======'player_shot_center_rollover_shot_enabled'====== Args={'value': True, 'prev_value': 0, 'change': 1, 'player_num': 1}
2025-10-05 13:16:06,472 : INFO : EventManager : Event: ======'player_shot_right_rollover_shot_enabled'====== Args={'value': True, 'prev_value': 0, 'change': 1, 'player_num': 1}
2025-10-05 13:16:06,473 : INFO : EventManager : Event: ======'player_shot_right_inlane_shot_enabled'====== Args={'value': True, 'prev_value': 0, 'change': 1, 'player_num': 1}
2025-10-05 13:16:06,473 : INFO : EventManager : Event: ======'rollover_lanes_complete'====== Args={'state': 'unlit'}
2025-10-05 13:16:06,473 : INFO : EventManager : Event: ======'rollover_lanes_unlit_complete'====== Args={}
2025-10-05 13:16:06,474 : INFO : EventManager : Event: ======'mode_base_starting'====== Args={'player': 1, 'ball': 1, 'balls_remaining': 2, 'is_extra_ball': False}
2025-10-05 13:16:06,475 : INFO : Mode.base : Started. Priority: 100
2025-10-05 13:16:06,475 : INFO : EventManager : Event: ======'modes_active_modes_changed'====== Args={}
2025-10-05 13:16:06,475 : INFO : EventManager : Event: ======'mode_base_started'====== Args={'player': 1, 'ball': 1, 'balls_remaining': 2, 'is_extra_ball': False}
2025-10-05 13:16:06,477 : INFO : EventManager : Event: ======'single_player_ball_started'====== Args={}
2025-10-05 13:16:06,523 : INFO : EventManager : Event: ======'ball_start_target'====== Args={'target': 'playfield'}
2025-10-05 13:16:06,524 : INFO : EventManager : Event: ======'slide_base.slide_player-mode_base_started_created'====== Args={'_from_bcp': True}
2025-10-05 13:16:06,525 : INFO : EventManager : Event: ======'slide_base.slide_player-mode_base_started_active'====== Args={'_from_bcp': True}
2025-10-05 13:16:06,525 : INFO : ball_device.bd_plunger : Setting up player-controlled eject. Balls: 1, Target: <playfield.playfield>, player_controlled_eject_event: None
2025-10-05 13:16:06,525 : INFO : EventManager : Event: ======'balldevice_balls_available'====== Args={}
2025-10-05 13:16:06,526 : INFO : ball_device.bd_trough : State: waiting_for_target_ready
2025-10-05 13:16:06,526 : INFO : EventManager : Event: ======'balldevice_bd_trough_ball_eject_attempt'====== Args={'balls': 1, 'target': <ball_device.bd_plunger>, 'source': <ball_device.bd_trough>, 'mechanical_eject': True, 'num_attempts': 0}
2025-10-05 13:16:06,526 : INFO : ball_device.bd_plunger : State: waiting_for_ball
2025-10-05 13:16:06,527 : INFO : ball_device.bd_trough : State: ejecting
2025-10-05 13:16:06,527 : INFO : ball_device.bd_trough : Ejecting ball to <ball_device.bd_plunger>
2025-10-05 13:16:06,527 : INFO : EventManager : Event: ======'balldevice_bd_trough_ejecting_ball'====== Args={'balls': 1, 'target': <ball_device.bd_plunger>, 'source': <ball_device.bd_trough>, 'mechanical_eject': True, 'num_attempts': 0}
2025-10-05 13:16:06,528 : INFO : ball_device.bd_trough : Wait for ball to leave device
2025-10-05 13:16:06,528 : INFO : coil.c_trough_eject : Pulsing Driver for 20ms (1.0 pulse_power)
2025-10-05 13:16:06,529 : INFO : SwitchController : <<<<<<< 's_trough1' inactive >>>>>>>
2025-10-05 13:16:06,534 : INFO : ball_device.bd_trough : State: ball_left
2025-10-05 13:16:06,535 : INFO : ball_device.bd_trough : Ball left
2025-10-05 13:16:06,535 : INFO : ball_device.bd_trough : Wait for confirm with timeout 3.0
2025-10-05 13:16:06,632 : INFO : SwitchController : <<<<<<< 's_plunger' active >>>>>>>
2025-10-05 13:16:06,632 : INFO : EventManager : Event: ======'machine_var_audits_switches_s_plunger'====== Args={'value': 176, 'prev_value': 175, 'change': 1}
2025-10-05 13:16:07,143 : INFO : ball_device.bd_plunger : Received ball from <ball_device.bd_trough>
2025-10-05 13:16:07,143 : INFO : EventManager : Event: ======'balldevice_bd_plunger_ball_enter'====== Args={'new_balls': 1, 'unclaimed_balls': 0, 'new_available_balls': 0, 'device': <ball_device.bd_plunger>}
2025-10-05 13:16:07,145 : INFO : EventManager : Event: ======'balldevice_bd_plunger_ball_entered'====== Args={'new_balls': 0, 'device': <ball_device.bd_plunger>}
2025-10-05 13:16:07,147 : INFO : EventManager : Event: ======'balldevice_bd_plunger_ball_count_changed'====== Args={'balls': 1}
2025-10-05 13:16:07,148 : INFO : ball_device.bd_trough : Got eject confirm
2025-10-05 13:16:07,148 : INFO : ball_device.bd_trough : Eject successful
2025-10-05 13:16:07,148 : INFO : EventManager : Event: ======'balldevice_bd_trough_ball_eject_success'====== Args={'balls': 1, 'target': <ball_device.bd_plunger>}
2025-10-05 13:16:07,150 : INFO : EventManager : Event: ======'balldevice_bd_trough_ball_count_changed'====== Args={'balls': 5}
2025-10-05 13:16:07,151 : INFO : ball_device.bd_trough : State: idle
2025-10-05 13:16:07,152 : INFO : ball_device.bd_plunger : State: waiting_for_target_ready
2025-10-05 13:16:07,153 : INFO : EventManager : Event: ======'balldevice_bd_plunger_ball_eject_attempt'====== Args={'balls': 1, 'target': <playfield.playfield>, 'source': <ball_device.bd_plunger>, 'mechanical_eject': True, 'num_attempts': 0}
2025-10-05 13:16:07,155 : INFO : ball_device.bd_plunger : State: ejecting
2025-10-05 13:16:07,155 : INFO : ball_device.bd_plunger : Ejecting ball to <playfield.playfield>
2025-10-05 13:16:07,156 : INFO : EventManager : Event: ======'balldevice_bd_plunger_ejecting_ball'====== Args={'balls': 1, 'target': <playfield.playfield>, 'source': <ball_device.bd_plunger>, 'mechanical_eject': True, 'num_attempts': 0}
2025-10-05 13:16:07,159 : INFO : ball_device.bd_plunger : Wait for ball to leave device
2025-10-05 13:16:07,845 : WARNING : SwitchController : Received duplicate switch state 1 for switch s_plunger from the platform interface. Log Code: Log-SwitchController-1 (https://missionpinball.org/logs)
2025-10-05 13:16:07,943 : INFO : SwitchController : <<<<<<< 's_plunger' inactive >>>>>>>
2025-10-05 13:16:07,973 : INFO : ball_device.bd_plunger : State: ball_left
2025-10-05 13:16:07,974 : INFO : ball_device.bd_plunger : Ball left
2025-10-05 13:16:07,974 : INFO : ball_device.bd_plunger : Wait for confirm with timeout 5.0
2025-10-05 13:16:10,038 : INFO : SwitchController : <<<<<<< 's_right_rollover' active >>>>>>>
2025-10-05 13:16:10,039 : INFO : EventManager : Event: ======'playfield_active'====== Args={}
2025-10-05 13:16:10,039 : INFO : EventManager : Event: ======'s_right_rollover_active'====== Args={}
2025-10-05 13:16:10,040 : INFO : EventManager : Event: ======'machine_var_audits_switches_s_right_rollover'====== Args={'value': 99, 'prev_value': 98, 'change': 1}
2025-10-05 13:16:10,045 : INFO : EventManager : Event: ======'player_shot_right_rollover_shot'====== Args={'value': 1, 'prev_value': 0, 'change': 1, 'player_num': 1}
2025-10-05 13:16:10,047 : INFO : EventManager : Event: ======'machine_var_audits_shots_right_rollover_shot'====== Args={'value': 92, 'prev_value': 91, 'change': 1}
2025-10-05 13:16:10,049 : INFO : EventManager : Event: ======'right_rollover_shot_hit'====== Args={'profile': 'default', 'state': 'unlit', 'advancing': True}
2025-10-05 13:16:10,049 : INFO : EventManager : Event: ======'right_rollover_shot_default_hit'====== Args={'profile': 'default', 'state': 'unlit', 'advancing': True}
2025-10-05 13:16:10,049 : INFO : EventManager : Event: ======'right_rollover_shot_default_unlit_hit'====== Args={'profile': 'default', 'state': 'unlit', 'advancing': True}
2025-10-05 13:16:10,049 : INFO : EventManager : Event: ======'right_rollover_shot_unlit_hit'====== Args={'profile': 'default', 'state': 'unlit', 'advancing': True}
2025-10-05 13:16:10,050 : INFO : EventManager : Event: ======'player_score'====== Args={'value': 300, 'prev_value': 0, 'change': 300, 'player_num': 1, 'source': 'base'}
2025-10-05 13:16:10,051 : INFO : EventManager : Event: ======'rollover_lanes_hit'====== Args={}
2025-10-05 13:16:10,051 : INFO : EventManager : Event: ======'rollover_lanes_unlit_hit'====== Args={}
2025-10-05 13:16:10,091 : INFO : ball_device.bd_plunger : Got eject confirm
2025-10-05 13:16:10,091 : INFO : ball_device.bd_plunger : Eject successful
2025-10-05 13:16:10,092 : INFO : EventManager : Event: ======'balldevice_bd_plunger_ball_eject_success'====== Args={'balls': 1, 'target': <playfield.playfield>}
2025-10-05 13:16:10,093 : INFO : EventManager : Event: ======'balldevice_playfield_ball_enter'====== Args={'new_balls': 1, 'unclaimed_balls': 1, 'device': <playfield.playfield>}
2025-10-05 13:16:10,093 : INFO : EventManager : Event: ======'playfield_ball_count_change'====== Args={'balls': 1, 'change': 1}
2025-10-05 13:16:10,094 : INFO : EventManager : Event: ======'balldevice_bd_plunger_ball_count_changed'====== Args={'balls': 0}
2025-10-05 13:16:10,094 : INFO : ball_device.bd_plunger : State: idle
2025-10-05 13:16:10,114 : INFO : SwitchController : <<<<<<< 's_right_rollover' inactive >>>>>>>
2025-10-05 13:16:13,768 : INFO : SwitchController : <<<<<<< 's_center_rollover' active >>>>>>>
2025-10-05 13:16:13,768 : INFO : EventManager : Event: ======'s_center_rollover_active'====== Args={}
2025-10-05 13:16:13,768 : INFO : EventManager : Event: ======'machine_var_audits_switches_s_center_rollover'====== Args={'value': 133, 'prev_value': 132, 'change': 1}
2025-10-05 13:16:13,770 : INFO : EventManager : Event: ======'player_shot_center_rollover_shot'====== Args={'value': 1, 'prev_value': 0, 'change': 1, 'player_num': 1}
2025-10-05 13:16:13,771 : INFO : EventManager : Event: ======'machine_var_audits_shots_center_rollover_shot'====== Args={'value': 126, 'prev_value': 125, 'change': 1}
2025-10-05 13:16:13,772 : INFO : EventManager : Event: ======'center_rollover_shot_hit'====== Args={'profile': 'default', 'state': 'unlit', 'advancing': True}
2025-10-05 13:16:13,773 : INFO : EventManager : Event: ======'center_rollover_shot_default_hit'====== Args={'profile': 'default', 'state': 'unlit', 'advancing': True}
2025-10-05 13:16:13,773 : INFO : EventManager : Event: ======'center_rollover_shot_default_unlit_hit'====== Args={'profile': 'default', 'state': 'unlit', 'advancing': True}
2025-10-05 13:16:13,773 : INFO : EventManager : Event: ======'center_rollover_shot_unlit_hit'====== Args={'profile': 'default', 'state': 'unlit', 'advancing': True}
2025-10-05 13:16:13,774 : INFO : EventManager : Event: ======'player_score'====== Args={'value': 500, 'prev_value': 300, 'change': 200, 'player_num': 1, 'source': 'base'}
2025-10-05 13:16:13,774 : INFO : EventManager : Event: ======'rollover_lanes_hit'====== Args={}
2025-10-05 13:16:13,774 : INFO : EventManager : Event: ======'rollover_lanes_unlit_hit'====== Args={}
2025-10-05 13:16:13,846 : INFO : SwitchController : <<<<<<< 's_center_rollover' inactive >>>>>>>
2025-10-05 13:16:14,511 : INFO : SwitchController : <<<<<<< 's_left_rollover' active >>>>>>>
2025-10-05 13:16:14,511 : INFO : EventManager : Event: ======'s_left_rollover_active'====== Args={}
2025-10-05 13:16:14,512 : INFO : EventManager : Event: ======'machine_var_audits_switches_s_left_rollover'====== Args={'value': 75, 'prev_value': 74, 'change': 1}
2025-10-05 13:16:14,513 : INFO : EventManager : Event: ======'player_shot_left_rollover_shot'====== Args={'value': 1, 'prev_value': 0, 'change': 1, 'player_num': 1}
2025-10-05 13:16:14,514 : INFO : EventManager : Event: ======'machine_var_audits_shots_left_rollover_shot'====== Args={'value': 69, 'prev_value': 68, 'change': 1}
2025-10-05 13:16:14,515 : INFO : EventManager : Event: ======'left_rollover_shot_hit'====== Args={'profile': 'default', 'state': 'unlit', 'advancing': True}
2025-10-05 13:16:14,515 : INFO : EventManager : Event: ======'left_rollover_shot_default_hit'====== Args={'profile': 'default', 'state': 'unlit', 'advancing': True}
2025-10-05 13:16:14,515 : INFO : EventManager : Event: ======'left_rollover_shot_default_unlit_hit'====== Args={'profile': 'default', 'state': 'unlit', 'advancing': True}
2025-10-05 13:16:14,516 : INFO : EventManager : Event: ======'left_rollover_shot_unlit_hit'====== Args={'profile': 'default', 'state': 'unlit', 'advancing': True}
2025-10-05 13:16:14,516 : INFO : EventManager : Event: ======'rollover_lanes_complete'====== Args={'state': 'lit'}
2025-10-05 13:16:14,516 : INFO : EventManager : Event: ======'rollover_lanes_lit_complete'====== Args={}
2025-10-05 13:16:14,517 : INFO : EventManager : Event: ======'player_shot_left_rollover_shot'====== Args={'value': 0, 'prev_value': 1, 'change': -1, 'player_num': 1}
2025-10-05 13:16:14,517 : INFO : EventManager : Event: ======'player_shot_center_rollover_shot'====== Args={'value': 0, 'prev_value': 1, 'change': -1, 'player_num': 1}
2025-10-05 13:16:14,518 : INFO : EventManager : Event: ======'player_shot_right_rollover_shot'====== Args={'value': 0, 'prev_value': 1, 'change': -1, 'player_num': 1}
2025-10-05 13:16:14,520 : INFO : EventManager : Event: ======'player_score'====== Args={'value': 5500, 'prev_value': 500, 'change': 5000, 'player_num': 1, 'source': 'base'}
2025-10-05 13:16:14,520 : INFO : EventManager : Event: ======'rollover_lanes_complete'====== Args={'state': 'unlit'}
2025-10-05 13:16:14,521 : INFO : EventManager : Event: ======'rollover_lanes_unlit_complete'====== Args={}
2025-10-05 13:16:14,523 : INFO : EventManager : Event: ======'player_score'====== Args={'value': 5600, 'prev_value': 5500, 'change': 100, 'player_num': 1, 'source': 'base'}
2025-10-05 13:16:14,523 : INFO : EventManager : Event: ======'rollover_lanes_hit'====== Args={}
2025-10-05 13:16:14,523 : INFO : EventManager : Event: ======'rollover_lanes_unlit_hit'====== Args={}
2025-10-05 13:16:14,613 : INFO : SwitchController : <<<<<<< 's_left_rollover' inactive >>>>>>>
2025-10-05 13:16:17,008 : INFO : SwitchController : <<<<<<< 's_left_scoop' active >>>>>>>
2025-10-05 13:16:17,009 : INFO : EventManager : Event: ======'machine_var_audits_switches_s_left_scoop'====== Args={'value': 5, 'prev_value': 4, 'change': 1}
2025-10-05 13:16:17,078 : INFO : SwitchController : <<<<<<< 's_left_scoop' inactive >>>>>>>
2025-10-05 13:16:22,085 : INFO : SwitchController : <<<<<<< 's_left_scoop' active >>>>>>>
2025-10-05 13:16:22,086 : INFO : EventManager : Event: ======'machine_var_audits_switches_s_left_scoop'====== Args={'value': 6, 'prev_value': 5, 'change': 1}
2025-10-05 13:16:22,592 : INFO : EventManager : Event: ======'balldevice_bd_left_scoop_ball_count_changed'====== Args={'balls': 1}
2025-10-05 13:16:22,592 : INFO : ball_device.bd_left_scoop : Received unexpected ball
2025-10-05 13:16:22,593 : INFO : EventManager : Event: ======'balldevice_captured_from_playfield'====== Args={'balls': 1}
2025-10-05 13:16:22,594 : INFO : EventManager : Event: ======'sw_playfield_active'====== Args={'balls': 1}
2025-10-05 13:16:22,594 : INFO : EventManager : Event: ======'playfield_ball_count_change'====== Args={'balls': 0, 'change': -1}
2025-10-05 13:16:22,596 : INFO : EventManager : Event: ======'balldevice_bd_left_scoop_ball_enter'====== Args={'new_balls': 1, 'unclaimed_balls': 1, 'new_available_balls': 1, 'device': <ball_device.bd_left_scoop>}
2025-10-05 13:16:22,598 : INFO : ball_device.bd_left_scoop : Ejecting 1 unexpected balls using path deque([<ball_device.bd_left_scoop>, <playfield.playfield>])
2025-10-05 13:16:22,598 : INFO : EventManager : Event: ======'balldevice_balls_available'====== Args={}
2025-10-05 13:16:22,599 : INFO : EventManager : Event: ======'balldevice_balls_available'====== Args={}
2025-10-05 13:16:22,599 : INFO : EventManager : Event: ======'balldevice_bd_left_scoop_ball_entered'====== Args={'new_balls': 1, 'device': <ball_device.bd_left_scoop>}
2025-10-05 13:16:22,601 : INFO : ball_device.bd_left_scoop : State: waiting_for_target_ready
2025-10-05 13:16:22,602 : INFO : EventManager : Event: ======'balldevice_bd_left_scoop_ball_eject_attempt'====== Args={'balls': 1, 'target': <playfield.playfield>, 'source': <ball_device.bd_left_scoop>, 'mechanical_eject': False, 'num_attempts': 0}
2025-10-05 13:16:22,604 : INFO : ball_device.bd_left_scoop : State: ejecting
2025-10-05 13:16:22,604 : INFO : ball_device.bd_left_scoop : Ejecting ball to <playfield.playfield>
2025-10-05 13:16:22,605 : INFO : EventManager : Event: ======'balldevice_bd_left_scoop_ejecting_ball'====== Args={'balls': 1, 'target': <playfield.playfield>, 'source': <ball_device.bd_left_scoop>, 'mechanical_eject': False, 'num_attempts': 0}
2025-10-05 13:16:22,607 : INFO : ball_device.bd_left_scoop : Wait for ball to leave device
2025-10-05 13:16:22,607 : INFO : coil.c_left_scoop : Pulsing Driver for 10ms (1.0 pulse_power)
2025-10-05 13:16:22,608 : INFO : SwitchController : <<<<<<< 's_left_scoop' inactive >>>>>>>
2025-10-05 13:16:22,629 : INFO : ball_device.bd_left_scoop : State: ball_left
2025-10-05 13:16:22,629 : INFO : ball_device.bd_left_scoop : Ball left
2025-10-05 13:16:22,629 : INFO : ball_device.bd_left_scoop : Wait for confirm with timeout 2.0
2025-10-05 13:16:24,631 : INFO : ball_device.bd_left_scoop : State: failed_confirm
2025-10-05 13:16:24,631 : INFO : ball_device.bd_left_scoop : Got timeout (2.0s) before confirm from <playfield.playfield>
2025-10-05 13:16:24,724 : INFO : ball_device.bd_left_scoop : Confirming eject because target is playfield and ball did not return.
2025-10-05 13:16:24,725 : INFO : ball_device.bd_left_scoop : Eject successful
2025-10-05 13:16:24,725 : INFO : EventManager : Event: ======'balldevice_bd_left_scoop_ball_eject_success'====== Args={'balls': 1, 'target': <playfield.playfield>}
2025-10-05 13:16:24,727 : INFO : EventManager : Event: ======'balldevice_playfield_ball_enter'====== Args={'new_balls': 1, 'unclaimed_balls': 1, 'device': <playfield.playfield>}
2025-10-05 13:16:24,727 : INFO : EventManager : Event: ======'playfield_ball_count_change'====== Args={'balls': 1, 'change': 1}
2025-10-05 13:16:24,730 : INFO : EventManager : Event: ======'balldevice_bd_left_scoop_ball_count_changed'====== Args={'balls': 0}
2025-10-05 13:16:24,730 : INFO : ball_device.bd_left_scoop : State: idle
2025-10-05 13:16:30,799 : INFO : SwitchController : <<<<<<< 's_left_scoop' active >>>>>>>
2025-10-05 13:16:30,800 : INFO : EventManager : Event: ======'machine_var_audits_switches_s_left_scoop'====== Args={'value': 7, 'prev_value': 6, 'change': 1}
2025-10-05 13:16:31,318 : INFO : EventManager : Event: ======'balldevice_bd_left_scoop_ball_count_changed'====== Args={'balls': 1}
2025-10-05 13:16:31,319 : INFO : ball_device.bd_left_scoop : Received unexpected ball
2025-10-05 13:16:31,319 : INFO : EventManager : Event: ======'balldevice_captured_from_playfield'====== Args={'balls': 1}
2025-10-05 13:16:31,320 : INFO : EventManager : Event: ======'sw_playfield_active'====== Args={'balls': 1}
2025-10-05 13:16:31,321 : INFO : EventManager : Event: ======'playfield_ball_count_change'====== Args={'balls': 0, 'change': -1}
2025-10-05 13:16:31,323 : INFO : EventManager : Event: ======'balldevice_bd_left_scoop_ball_enter'====== Args={'new_balls': 1, 'unclaimed_balls': 1, 'new_available_balls': 1, 'device': <ball_device.bd_left_scoop>}
2025-10-05 13:16:31,326 : INFO : ball_device.bd_left_scoop : Ejecting 1 unexpected balls using path deque([<ball_device.bd_left_scoop>, <playfield.playfield>])
2025-10-05 13:16:31,326 : INFO : EventManager : Event: ======'balldevice_balls_available'====== Args={}
2025-10-05 13:16:31,327 : INFO : EventManager : Event: ======'balldevice_balls_available'====== Args={}
2025-10-05 13:16:31,328 : INFO : EventManager : Event: ======'balldevice_bd_left_scoop_ball_entered'====== Args={'new_balls': 1, 'device': <ball_device.bd_left_scoop>}
2025-10-05 13:16:31,330 : INFO : ball_device.bd_left_scoop : State: waiting_for_target_ready
2025-10-05 13:16:31,331 : INFO : EventManager : Event: ======'balldevice_bd_left_scoop_ball_eject_attempt'====== Args={'balls': 1, 'target': <playfield.playfield>, 'source': <ball_device.bd_left_scoop>, 'mechanical_eject': False, 'num_attempts': 0}
2025-10-05 13:16:31,333 : INFO : ball_device.bd_left_scoop : State: ejecting
2025-10-05 13:16:31,334 : INFO : ball_device.bd_left_scoop : Ejecting ball to <playfield.playfield>
2025-10-05 13:16:31,334 : INFO : EventManager : Event: ======'balldevice_bd_left_scoop_ejecting_ball'====== Args={'balls': 1, 'target': <playfield.playfield>, 'source': <ball_device.bd_left_scoop>, 'mechanical_eject': False, 'num_attempts': 0}
2025-10-05 13:16:31,338 : INFO : ball_device.bd_left_scoop : Wait for ball to leave device
2025-10-05 13:16:31,338 : INFO : coil.c_left_scoop : Pulsing Driver for 10ms (1.0 pulse_power)
2025-10-05 13:16:31,340 : INFO : SwitchController : <<<<<<< 's_left_scoop' inactive >>>>>>>
2025-10-05 13:16:31,359 : INFO : ball_device.bd_left_scoop : State: ball_left
2025-10-05 13:16:31,359 : INFO : ball_device.bd_left_scoop : Ball left
2025-10-05 13:16:31,360 : INFO : ball_device.bd_left_scoop : Wait for confirm with timeout 2.0
2025-10-05 13:16:33,343 : INFO : ball_device.bd_left_scoop : State: failed_confirm
2025-10-05 13:16:33,344 : INFO : ball_device.bd_left_scoop : Got timeout (2.0s) before confirm from <playfield.playfield>
2025-10-05 13:16:33,453 : INFO : ball_device.bd_left_scoop : Confirming eject because target is playfield and ball did not return.
2025-10-05 13:16:33,453 : INFO : ball_device.bd_left_scoop : Eject successful
2025-10-05 13:16:33,453 : INFO : EventManager : Event: ======'balldevice_bd_left_scoop_ball_eject_success'====== Args={'balls': 1, 'target': <playfield.playfield>}
2025-10-05 13:16:33,455 : INFO : EventManager : Event: ======'balldevice_playfield_ball_enter'====== Args={'new_balls': 1, 'unclaimed_balls': 1, 'device': <playfield.playfield>}
2025-10-05 13:16:33,456 : INFO : EventManager : Event: ======'playfield_ball_count_change'====== Args={'balls': 1, 'change': 1}
2025-10-05 13:16:33,458 : INFO : EventManager : Event: ======'balldevice_bd_left_scoop_ball_count_changed'====== Args={'balls': 0}
2025-10-05 13:16:33,459 : INFO : ball_device.bd_left_scoop : State: idle
2025-10-05 13:16:38,398 : INFO : SwitchController : <<<<<<< 's_left_scoop' active >>>>>>>
2025-10-05 13:16:38,399 : INFO : EventManager : Event: ======'machine_var_audits_switches_s_left_scoop'====== Args={'value': 8, 'prev_value': 7, 'change': 1}
2025-10-05 13:16:38,909 : INFO : EventManager : Event: ======'balldevice_bd_left_scoop_ball_count_changed'====== Args={'balls': 1}
2025-10-05 13:16:38,909 : INFO : ball_device.bd_left_scoop : Received unexpected ball
2025-10-05 13:16:38,909 : INFO : EventManager : Event: ======'balldevice_captured_from_playfield'====== Args={'balls': 1}
2025-10-05 13:16:38,910 : INFO : EventManager : Event: ======'sw_playfield_active'====== Args={'balls': 1}
2025-10-05 13:16:38,911 : INFO : EventManager : Event: ======'playfield_ball_count_change'====== Args={'balls': 0, 'change': -1}
2025-10-05 13:16:38,912 : INFO : EventManager : Event: ======'balldevice_bd_left_scoop_ball_enter'====== Args={'new_balls': 1, 'unclaimed_balls': 1, 'new_available_balls': 1, 'device': <ball_device.bd_left_scoop>}
2025-10-05 13:16:38,914 : INFO : ball_device.bd_left_scoop : Ejecting 1 unexpected balls using path deque([<ball_device.bd_left_scoop>, <playfield.playfield>])
2025-10-05 13:16:38,914 : INFO : EventManager : Event: ======'balldevice_balls_available'====== Args={}
2025-10-05 13:16:38,915 : INFO : EventManager : Event: ======'balldevice_balls_available'====== Args={}
2025-10-05 13:16:38,915 : INFO : EventManager : Event: ======'balldevice_bd_left_scoop_ball_entered'====== Args={'new_balls': 1, 'device': <ball_device.bd_left_scoop>}
2025-10-05 13:16:38,916 : INFO : ball_device.bd_left_scoop : State: waiting_for_target_ready
2025-10-05 13:16:38,917 : INFO : EventManager : Event: ======'balldevice_bd_left_scoop_ball_eject_attempt'====== Args={'balls': 1, 'target': <playfield.playfield>, 'source': <ball_device.bd_left_scoop>, 'mechanical_eject': False, 'num_attempts': 0}
2025-10-05 13:16:38,918 : INFO : ball_device.bd_left_scoop : State: ejecting
2025-10-05 13:16:38,919 : INFO : ball_device.bd_left_scoop : Ejecting ball to <playfield.playfield>
2025-10-05 13:16:38,919 : INFO : EventManager : Event: ======'balldevice_bd_left_scoop_ejecting_ball'====== Args={'balls': 1, 'target': <playfield.playfield>, 'source': <ball_device.bd_left_scoop>, 'mechanical_eject': False, 'num_attempts': 0}
2025-10-05 13:16:38,920 : INFO : ball_device.bd_left_scoop : Wait for ball to leave device
2025-10-05 13:16:38,920 : INFO : coil.c_left_scoop : Pulsing Driver for 10ms (1.0 pulse_power)
2025-10-05 13:16:38,921 : INFO : SwitchController : <<<<<<< 's_left_scoop' inactive >>>>>>>
2025-10-05 13:16:38,937 : INFO : ball_device.bd_left_scoop : State: ball_left
2025-10-05 13:16:38,938 : INFO : ball_device.bd_left_scoop : Ball left
2025-10-05 13:16:38,938 : INFO : ball_device.bd_left_scoop : Wait for confirm with timeout 2.0
2025-10-05 13:16:40,930 : INFO : ball_device.bd_left_scoop : State: failed_confirm
2025-10-05 13:16:40,930 : INFO : ball_device.bd_left_scoop : Got timeout (2.0s) before confirm from <playfield.playfield>
2025-10-05 13:16:41,022 : INFO : ball_device.bd_left_scoop : Confirming eject because target is playfield and ball did not return.
2025-10-05 13:16:41,022 : INFO : ball_device.bd_left_scoop : Eject successful
2025-10-05 13:16:41,022 : INFO : EventManager : Event: ======'balldevice_bd_left_scoop_ball_eject_success'====== Args={'balls': 1, 'target': <playfield.playfield>}
2025-10-05 13:16:41,023 : INFO : EventManager : Event: ======'balldevice_playfield_ball_enter'====== Args={'new_balls': 1, 'unclaimed_balls': 1, 'device': <playfield.playfield>}
2025-10-05 13:16:41,023 : INFO : EventManager : Event: ======'playfield_ball_count_change'====== Args={'balls': 1, 'change': 1}
2025-10-05 13:16:41,024 : INFO : EventManager : Event: ======'balldevice_bd_left_scoop_ball_count_changed'====== Args={'balls': 0}
2025-10-05 13:16:41,025 : INFO : ball_device.bd_left_scoop : State: idle
2025-10-05 13:17:38,447 : INFO : SwitchController : <<<<<<< 's_left_scoop' active >>>>>>>
2025-10-05 13:17:38,447 : INFO : EventManager : Event: ======'machine_var_audits_switches_s_left_scoop'====== Args={'value': 9, 'prev_value': 8, 'change': 1}
2025-10-05 13:17:38,614 : INFO : SwitchController : <<<<<<< 's_left_scoop' inactive >>>>>>>
2025-10-05 13:17:40,391 : INFO : SwitchController : <<<<<<< 's_left_scoop' active >>>>>>>
2025-10-05 13:17:40,391 : INFO : EventManager : Event: ======'machine_var_audits_switches_s_left_scoop'====== Args={'value': 10, 'prev_value': 9, 'change': 1}
2025-10-05 13:17:40,882 : INFO : EventManager : Event: ======'balldevice_bd_left_scoop_ball_count_changed'====== Args={'balls': 1}
2025-10-05 13:17:40,882 : INFO : ball_device.bd_left_scoop : Received unexpected ball
2025-10-05 13:17:40,882 : INFO : EventManager : Event: ======'balldevice_captured_from_playfield'====== Args={'balls': 1}
2025-10-05 13:17:40,883 : INFO : EventManager : Event: ======'sw_playfield_active'====== Args={'balls': 1}
2025-10-05 13:17:40,883 : INFO : EventManager : Event: ======'playfield_ball_count_change'====== Args={'balls': 0, 'change': -1}
2025-10-05 13:17:40,884 : INFO : EventManager : Event: ======'balldevice_bd_left_scoop_ball_enter'====== Args={'new_balls': 1, 'unclaimed_balls': 1, 'new_available_balls': 1, 'device': <ball_device.bd_left_scoop>}
2025-10-05 13:17:40,884 : INFO : ball_device.bd_left_scoop : Ejecting 1 unexpected balls using path deque([<ball_device.bd_left_scoop>, <playfield.playfield>])
2025-10-05 13:17:40,884 : INFO : EventManager : Event: ======'balldevice_balls_available'====== Args={}
2025-10-05 13:17:40,884 : INFO : EventManager : Event: ======'balldevice_balls_available'====== Args={}
2025-10-05 13:17:40,885 : INFO : EventManager : Event: ======'balldevice_bd_left_scoop_ball_entered'====== Args={'new_balls': 1, 'device': <ball_device.bd_left_scoop>}
2025-10-05 13:17:40,885 : INFO : ball_device.bd_left_scoop : State: waiting_for_target_ready
2025-10-05 13:17:40,886 : INFO : EventManager : Event: ======'balldevice_bd_left_scoop_ball_eject_attempt'====== Args={'balls': 1, 'target': <playfield.playfield>, 'source': <ball_device.bd_left_scoop>, 'mechanical_eject': False, 'num_attempts': 0}
2025-10-05 13:17:40,886 : INFO : ball_device.bd_left_scoop : State: ejecting
2025-10-05 13:17:40,886 : INFO : ball_device.bd_left_scoop : Ejecting ball to <playfield.playfield>
2025-10-05 13:17:40,886 : INFO : EventManager : Event: ======'balldevice_bd_left_scoop_ejecting_ball'====== Args={'balls': 1, 'target': <playfield.playfield>, 'source': <ball_device.bd_left_scoop>, 'mechanical_eject': False, 'num_attempts': 0}
2025-10-05 13:17:40,887 : INFO : ball_device.bd_left_scoop : Wait for ball to leave device
2025-10-05 13:17:40,887 : INFO : coil.c_left_scoop : Pulsing Driver for 10ms (1.0 pulse_power)
2025-10-05 13:17:40,887 : INFO : SwitchController : <<<<<<< 's_left_scoop' inactive >>>>>>>
2025-10-05 13:17:40,895 : INFO : ball_device.bd_left_scoop : State: ball_left
2025-10-05 13:17:40,896 : INFO : ball_device.bd_left_scoop : Ball left
2025-10-05 13:17:40,896 : INFO : ball_device.bd_left_scoop : Wait for confirm with timeout 2.0
2025-10-05 13:17:42,901 : INFO : ball_device.bd_left_scoop : State: failed_confirm
2025-10-05 13:17:42,902 : INFO : ball_device.bd_left_scoop : Got timeout (2.0s) before confirm from <playfield.playfield>
2025-10-05 13:17:42,994 : INFO : ball_device.bd_left_scoop : Confirming eject because target is playfield and ball did not return.
2025-10-05 13:17:42,994 : INFO : ball_device.bd_left_scoop : Eject successful
2025-10-05 13:17:42,995 : INFO : EventManager : Event: ======'balldevice_bd_left_scoop_ball_eject_success'====== Args={'balls': 1, 'target': <playfield.playfield>}
2025-10-05 13:17:42,996 : INFO : EventManager : Event: ======'balldevice_playfield_ball_enter'====== Args={'new_balls': 1, 'unclaimed_balls': 1, 'device': <playfield.playfield>}
2025-10-05 13:17:42,996 : INFO : EventManager : Event: ======'playfield_ball_count_change'====== Args={'balls': 1, 'change': 1}
2025-10-05 13:17:42,998 : INFO : EventManager : Event: ======'balldevice_bd_left_scoop_ball_count_changed'====== Args={'balls': 0}
2025-10-05 13:17:42,999 : INFO : ball_device.bd_left_scoop : State: idle
2025-10-05 13:17:46,542 : INFO : SwitchController : <<<<<<< 's_left_scoop' active >>>>>>>
2025-10-05 13:17:46,542 : INFO : EventManager : Event: ======'machine_var_audits_switches_s_left_scoop'====== Args={'value': 11, 'prev_value': 10, 'change': 1}
2025-10-05 13:17:47,049 : INFO : EventManager : Event: ======'balldevice_bd_left_scoop_ball_count_changed'====== Args={'balls': 1}
2025-10-05 13:17:47,049 : INFO : ball_device.bd_left_scoop : Received unexpected ball
2025-10-05 13:17:47,049 : INFO : EventManager : Event: ======'balldevice_captured_from_playfield'====== Args={'balls': 1}
2025-10-05 13:17:47,050 : INFO : EventManager : Event: ======'sw_playfield_active'====== Args={'balls': 1}
2025-10-05 13:17:47,050 : INFO : EventManager : Event: ======'playfield_ball_count_change'====== Args={'balls': 0, 'change': -1}
2025-10-05 13:17:47,051 : INFO : EventManager : Event: ======'balldevice_bd_left_scoop_ball_enter'====== Args={'new_balls': 1, 'unclaimed_balls': 1, 'new_available_balls': 1, 'device': <ball_device.bd_left_scoop>}
2025-10-05 13:17:47,051 : INFO : ball_device.bd_left_scoop : Ejecting 1 unexpected balls using path deque([<ball_device.bd_left_scoop>, <playfield.playfield>])
2025-10-05 13:17:47,052 : INFO : EventManager : Event: ======'balldevice_balls_available'====== Args={}
2025-10-05 13:17:47,052 : INFO : EventManager : Event: ======'balldevice_balls_available'====== Args={}
2025-10-05 13:17:47,052 : INFO : EventManager : Event: ======'balldevice_bd_left_scoop_ball_entered'====== Args={'new_balls': 1, 'device': <ball_device.bd_left_scoop>}
2025-10-05 13:17:47,053 : INFO : ball_device.bd_left_scoop : State: waiting_for_target_ready
2025-10-05 13:17:47,053 : INFO : EventManager : Event: ======'balldevice_bd_left_scoop_ball_eject_attempt'====== Args={'balls': 1, 'target': <playfield.playfield>, 'source': <ball_device.bd_left_scoop>, 'mechanical_eject': False, 'num_attempts': 0}
2025-10-05 13:17:47,053 : INFO : ball_device.bd_left_scoop : State: ejecting
2025-10-05 13:17:47,054 : INFO : ball_device.bd_left_scoop : Ejecting ball to <playfield.playfield>
2025-10-05 13:17:47,054 : INFO : EventManager : Event: ======'balldevice_bd_left_scoop_ejecting_ball'====== Args={'balls': 1, 'target': <playfield.playfield>, 'source': <ball_device.bd_left_scoop>, 'mechanical_eject': False, 'num_attempts': 0}
2025-10-05 13:17:47,054 : INFO : ball_device.bd_left_scoop : Wait for ball to leave device
2025-10-05 13:17:47,054 : INFO : coil.c_left_scoop : Pulsing Driver for 10ms (1.0 pulse_power)
2025-10-05 13:17:47,055 : INFO : SwitchController : <<<<<<< 's_left_scoop' inactive >>>>>>>
2025-10-05 13:17:47,061 : INFO : ball_device.bd_left_scoop : State: ball_left
2025-10-05 13:17:47,062 : INFO : ball_device.bd_left_scoop : Ball left
2025-10-05 13:17:47,062 : INFO : ball_device.bd_left_scoop : Wait for confirm with timeout 2.0
2025-10-05 13:17:49,051 : INFO : ball_device.bd_left_scoop : State: failed_confirm
2025-10-05 13:17:49,053 : INFO : ball_device.bd_left_scoop : Got timeout (2.0s) before confirm from <playfield.playfield>
2025-10-05 13:17:49,145 : INFO : ball_device.bd_left_scoop : Confirming eject because target is playfield and ball did not return.
2025-10-05 13:17:49,145 : INFO : ball_device.bd_left_scoop : Eject successful
2025-10-05 13:17:49,145 : INFO : EventManager : Event: ======'balldevice_bd_left_scoop_ball_eject_success'====== Args={'balls': 1, 'target': <playfield.playfield>}
2025-10-05 13:17:49,146 : INFO : EventManager : Event: ======'balldevice_playfield_ball_enter'====== Args={'new_balls': 1, 'unclaimed_balls': 1, 'device': <playfield.playfield>}
2025-10-05 13:17:49,146 : INFO : EventManager : Event: ======'playfield_ball_count_change'====== Args={'balls': 1, 'change': 1}
2025-10-05 13:17:49,146 : INFO : EventManager : Event: ======'balldevice_bd_left_scoop_ball_count_changed'====== Args={'balls': 0}
2025-10-05 13:17:49,146 : INFO : ball_device.bd_left_scoop : State: idle
2025-10-05 13:17:53,143 : INFO : SwitchController : <<<<<<< 's_left_scoop' active >>>>>>>
2025-10-05 13:17:53,144 : INFO : EventManager : Event: ======'machine_var_audits_switches_s_left_scoop'====== Args={'value': 12, 'prev_value': 11, 'change': 1}
2025-10-05 13:17:53,654 : INFO : EventManager : Event: ======'balldevice_bd_left_scoop_ball_count_changed'====== Args={'balls': 1}
2025-10-05 13:17:53,655 : INFO : ball_device.bd_left_scoop : Received unexpected ball
2025-10-05 13:17:53,655 : INFO : EventManager : Event: ======'balldevice_captured_from_playfield'====== Args={'balls': 1}
2025-10-05 13:17:53,657 : INFO : EventManager : Event: ======'sw_playfield_active'====== Args={'balls': 1}
2025-10-05 13:17:53,658 : INFO : EventManager : Event: ======'playfield_ball_count_change'====== Args={'balls': 0, 'change': -1}
2025-10-05 13:17:53,660 : INFO : EventManager : Event: ======'balldevice_bd_left_scoop_ball_enter'====== Args={'new_balls': 1, 'unclaimed_balls': 1, 'new_available_balls': 1, 'device': <ball_device.bd_left_scoop>}
2025-10-05 13:17:53,663 : INFO : ball_device.bd_left_scoop : Ejecting 1 unexpected balls using path deque([<ball_device.bd_left_scoop>, <playfield.playfield>])
2025-10-05 13:17:53,664 : INFO : EventManager : Event: ======'balldevice_balls_available'====== Args={}
2025-10-05 13:17:53,664 : INFO : EventManager : Event: ======'balldevice_balls_available'====== Args={}
2025-10-05 13:17:53,665 : INFO : EventManager : Event: ======'balldevice_bd_left_scoop_ball_entered'====== Args={'new_balls': 1, 'device': <ball_device.bd_left_scoop>}
2025-10-05 13:17:53,667 : INFO : ball_device.bd_left_scoop : State: waiting_for_target_ready
2025-10-05 13:17:53,669 : INFO : EventManager : Event: ======'balldevice_bd_left_scoop_ball_eject_attempt'====== Args={'balls': 1, 'target': <playfield.playfield>, 'source': <ball_device.bd_left_scoop>, 'mechanical_eject': False, 'num_attempts': 0}
2025-10-05 13:17:53,671 : INFO : ball_device.bd_left_scoop : State: ejecting
2025-10-05 13:17:53,673 : INFO : ball_device.bd_left_scoop : Ejecting ball to <playfield.playfield>
2025-10-05 13:17:53,673 : INFO : EventManager : Event: ======'balldevice_bd_left_scoop_ejecting_ball'====== Args={'balls': 1, 'target': <playfield.playfield>, 'source': <ball_device.bd_left_scoop>, 'mechanical_eject': False, 'num_attempts': 0}
2025-10-05 13:17:53,677 : INFO : ball_device.bd_left_scoop : Wait for ball to leave device
2025-10-05 13:17:53,677 : INFO : coil.c_left_scoop : Pulsing Driver for 10ms (1.0 pulse_power)
2025-10-05 13:17:53,678 : INFO : SwitchController : <<<<<<< 's_left_scoop' inactive >>>>>>>
2025-10-05 13:17:53,709 : INFO : ball_device.bd_left_scoop : State: ball_left
2025-10-05 13:17:53,710 : INFO : ball_device.bd_left_scoop : Ball left
2025-10-05 13:17:53,710 : INFO : ball_device.bd_left_scoop : Wait for confirm with timeout 2.0
2025-10-05 13:17:55,723 : INFO : ball_device.bd_left_scoop : State: failed_confirm
2025-10-05 13:17:55,724 : INFO : ball_device.bd_left_scoop : Got timeout (2.0s) before confirm from <playfield.playfield>
2025-10-05 13:17:55,817 : INFO : ball_device.bd_left_scoop : Confirming eject because target is playfield and ball did not return.
2025-10-05 13:17:55,817 : INFO : ball_device.bd_left_scoop : Eject successful
2025-10-05 13:17:55,817 : INFO : EventManager : Event: ======'balldevice_bd_left_scoop_ball_eject_success'====== Args={'balls': 1, 'target': <playfield.playfield>}
2025-10-05 13:17:55,818 : INFO : EventManager : Event: ======'balldevice_playfield_ball_enter'====== Args={'new_balls': 1, 'unclaimed_balls': 1, 'device': <playfield.playfield>}
2025-10-05 13:17:55,819 : INFO : EventManager : Event: ======'playfield_ball_count_change'====== Args={'balls': 1, 'change': 1}
2025-10-05 13:17:55,820 : INFO : EventManager : Event: ======'balldevice_bd_left_scoop_ball_count_changed'====== Args={'balls': 0}
2025-10-05 13:17:55,820 : INFO : ball_device.bd_left_scoop : State: idle
2025-10-05 13:17:57,685 : INFO : SwitchController : <<<<<<< 's_left_scoop' active >>>>>>>
2025-10-05 13:17:57,685 : INFO : EventManager : Event: ======'machine_var_audits_switches_s_left_scoop'====== Args={'value': 13, 'prev_value': 12, 'change': 1}
2025-10-05 13:17:58,187 : INFO : EventManager : Event: ======'balldevice_bd_left_scoop_ball_count_changed'====== Args={'balls': 1}
2025-10-05 13:17:58,187 : INFO : ball_device.bd_left_scoop : Received unexpected ball
2025-10-05 13:17:58,187 : INFO : EventManager : Event: ======'balldevice_captured_from_playfield'====== Args={'balls': 1}
2025-10-05 13:17:58,188 : INFO : EventManager : Event: ======'sw_playfield_active'====== Args={'balls': 1}
2025-10-05 13:17:58,188 : INFO : EventManager : Event: ======'playfield_ball_count_change'====== Args={'balls': 0, 'change': -1}
2025-10-05 13:17:58,189 : INFO : EventManager : Event: ======'balldevice_bd_left_scoop_ball_enter'====== Args={'new_balls': 1, 'unclaimed_balls': 1, 'new_available_balls': 1, 'device': <ball_device.bd_left_scoop>}
2025-10-05 13:17:58,189 : INFO : ball_device.bd_left_scoop : Ejecting 1 unexpected balls using path deque([<ball_device.bd_left_scoop>, <playfield.playfield>])
2025-10-05 13:17:58,189 : INFO : EventManager : Event: ======'balldevice_balls_available'====== Args={}
2025-10-05 13:17:58,189 : INFO : EventManager : Event: ======'balldevice_balls_available'====== Args={}
2025-10-05 13:17:58,190 : INFO : EventManager : Event: ======'balldevice_bd_left_scoop_ball_entered'====== Args={'new_balls': 1, 'device': <ball_device.bd_left_scoop>}
2025-10-05 13:17:58,190 : INFO : ball_device.bd_left_scoop : State: waiting_for_target_ready
2025-10-05 13:17:58,190 : INFO : EventManager : Event: ======'balldevice_bd_left_scoop_ball_eject_attempt'====== Args={'balls': 1, 'target': <playfield.playfield>, 'source': <ball_device.bd_left_scoop>, 'mechanical_eject': False, 'num_attempts': 0}
2025-10-05 13:17:58,191 : INFO : ball_device.bd_left_scoop : State: ejecting
2025-10-05 13:17:58,191 : INFO : ball_device.bd_left_scoop : Ejecting ball to <playfield.playfield>
2025-10-05 13:17:58,191 : INFO : EventManager : Event: ======'balldevice_bd_left_scoop_ejecting_ball'====== Args={'balls': 1, 'target': <playfield.playfield>, 'source': <ball_device.bd_left_scoop>, 'mechanical_eject': False, 'num_attempts': 0}
2025-10-05 13:17:58,192 : INFO : ball_device.bd_left_scoop : Wait for ball to leave device
2025-10-05 13:17:58,192 : INFO : coil.c_left_scoop : Pulsing Driver for 10ms (1.0 pulse_power)
2025-10-05 13:17:58,192 : INFO : SwitchController : <<<<<<< 's_left_scoop' inactive >>>>>>>
2025-10-05 13:17:58,201 : INFO : ball_device.bd_left_scoop : State: ball_left
2025-10-05 13:17:58,202 : INFO : ball_device.bd_left_scoop : Ball left
2025-10-05 13:17:58,202 : INFO : ball_device.bd_left_scoop : Wait for confirm with timeout 2.0
2025-10-05 13:18:00,200 : INFO : ball_device.bd_left_scoop : State: failed_confirm
2025-10-05 13:18:00,201 : INFO : ball_device.bd_left_scoop : Got timeout (2.0s) before confirm from <playfield.playfield>
2025-10-05 13:18:00,292 : INFO : ball_device.bd_left_scoop : Confirming eject because target is playfield and ball did not return.
2025-10-05 13:18:00,292 : INFO : ball_device.bd_left_scoop : Eject successful
2025-10-05 13:18:00,292 : INFO : EventManager : Event: ======'balldevice_bd_left_scoop_ball_eject_success'====== Args={'balls': 1, 'target': <playfield.playfield>}
2025-10-05 13:18:00,294 : INFO : EventManager : Event: ======'balldevice_playfield_ball_enter'====== Args={'new_balls': 1, 'unclaimed_balls': 1, 'device': <playfield.playfield>}
2025-10-05 13:18:00,294 : INFO : EventManager : Event: ======'playfield_ball_count_change'====== Args={'balls': 1, 'change': 1}
2025-10-05 13:18:00,295 : INFO : EventManager : Event: ======'balldevice_bd_left_scoop_ball_count_changed'====== Args={'balls': 0}
2025-10-05 13:18:00,296 : INFO : ball_device.bd_left_scoop : State: idle
2025-10-05 13:18:29,271 : INFO : SwitchController : <<<<<<< 's_left_scoop' active >>>>>>>
2025-10-05 13:18:29,271 : INFO : EventManager : Event: ======'machine_var_audits_switches_s_left_scoop'====== Args={'value': 14, 'prev_value': 13, 'change': 1}
2025-10-05 13:18:29,787 : INFO : EventManager : Event: ======'balldevice_bd_left_scoop_ball_count_changed'====== Args={'balls': 1}
2025-10-05 13:18:29,787 : INFO : ball_device.bd_left_scoop : Received unexpected ball
2025-10-05 13:18:29,789 : INFO : EventManager : Event: ======'balldevice_captured_from_playfield'====== Args={'balls': 1}
2025-10-05 13:18:29,795 : INFO : EventManager : Event: ======'sw_playfield_active'====== Args={'balls': 1}
2025-10-05 13:18:29,796 : INFO : EventManager : Event: ======'playfield_ball_count_change'====== Args={'balls': 0, 'change': -1}
2025-10-05 13:18:29,798 : INFO : EventManager : Event: ======'balldevice_bd_left_scoop_ball_enter'====== Args={'new_balls': 1, 'unclaimed_balls': 1, 'new_available_balls': 1, 'device': <ball_device.bd_left_scoop>}
2025-10-05 13:18:29,799 : INFO : ball_device.bd_left_scoop : Ejecting 1 unexpected balls using path deque([<ball_device.bd_left_scoop>, <playfield.playfield>])
2025-10-05 13:18:29,800 : INFO : EventManager : Event: ======'balldevice_balls_available'====== Args={}
2025-10-05 13:18:29,801 : INFO : EventManager : Event: ======'balldevice_balls_available'====== Args={}
2025-10-05 13:18:29,801 : INFO : EventManager : Event: ======'balldevice_bd_left_scoop_ball_entered'====== Args={'new_balls': 1, 'device': <ball_device.bd_left_scoop>}
2025-10-05 13:18:29,804 : INFO : ball_device.bd_left_scoop : State: waiting_for_target_ready
2025-10-05 13:18:29,805 : INFO : EventManager : Event: ======'balldevice_bd_left_scoop_ball_eject_attempt'====== Args={'balls': 1, 'target': <playfield.playfield>, 'source': <ball_device.bd_left_scoop>, 'mechanical_eject': False, 'num_attempts': 0}
2025-10-05 13:18:29,806 : INFO : ball_device.bd_left_scoop : State: ejecting
2025-10-05 13:18:29,807 : INFO : ball_device.bd_left_scoop : Ejecting ball to <playfield.playfield>
2025-10-05 13:18:29,808 : INFO : EventManager : Event: ======'balldevice_bd_left_scoop_ejecting_ball'====== Args={'balls': 1, 'target': <playfield.playfield>, 'source': <ball_device.bd_left_scoop>, 'mechanical_eject': False, 'num_attempts': 0}
2025-10-05 13:18:29,810 : INFO : ball_device.bd_left_scoop : Wait for ball to leave device
2025-10-05 13:18:29,811 : INFO : coil.c_left_scoop : Pulsing Driver for 10ms (1.0 pulse_power)
2025-10-05 13:18:29,812 : INFO : SwitchController : <<<<<<< 's_left_scoop' inactive >>>>>>>
2025-10-05 13:18:29,831 : INFO : ball_device.bd_left_scoop : State: ball_left
2025-10-05 13:18:29,831 : INFO : ball_device.bd_left_scoop : Ball left
2025-10-05 13:18:29,831 : INFO : ball_device.bd_left_scoop : Wait for confirm with timeout 2.0
2025-10-05 13:18:31,844 : INFO : ball_device.bd_left_scoop : State: failed_confirm
2025-10-05 13:18:31,845 : INFO : ball_device.bd_left_scoop : Got timeout (2.0s) before confirm from <playfield.playfield>
2025-10-05 13:18:31,936 : INFO : ball_device.bd_left_scoop : Confirming eject because target is playfield and ball did not return.
2025-10-05 13:18:31,937 : INFO : ball_device.bd_left_scoop : Eject successful
2025-10-05 13:18:31,937 : INFO : EventManager : Event: ======'balldevice_bd_left_scoop_ball_eject_success'====== Args={'balls': 1, 'target': <playfield.playfield>}
2025-10-05 13:18:31,939 : INFO : EventManager : Event: ======'balldevice_playfield_ball_enter'====== Args={'new_balls': 1, 'unclaimed_balls': 1, 'device': <playfield.playfield>}
2025-10-05 13:18:31,939 : INFO : EventManager : Event: ======'playfield_ball_count_change'====== Args={'balls': 1, 'change': 1}
2025-10-05 13:18:31,942 : INFO : EventManager : Event: ======'balldevice_bd_left_scoop_ball_count_changed'====== Args={'balls': 0}
2025-10-05 13:18:31,943 : INFO : ball_device.bd_left_scoop : State: idle
2025-10-05 13:18:34,542 : INFO : SwitchController : <<<<<<< 's_left_scoop' active >>>>>>>
2025-10-05 13:18:34,543 : INFO : EventManager : Event: ======'machine_var_audits_switches_s_left_scoop'====== Args={'value': 15, 'prev_value': 14, 'change': 1}
2025-10-05 13:18:35,054 : INFO : EventManager : Event: ======'balldevice_bd_left_scoop_ball_count_changed'====== Args={'balls': 1}
2025-10-05 13:18:35,054 : INFO : ball_device.bd_left_scoop : Received unexpected ball
2025-10-05 13:18:35,055 : INFO : EventManager : Event: ======'balldevice_captured_from_playfield'====== Args={'balls': 1}
2025-10-05 13:18:35,056 : INFO : EventManager : Event: ======'sw_playfield_active'====== Args={'balls': 1}
2025-10-05 13:18:35,057 : INFO : EventManager : Event: ======'playfield_ball_count_change'====== Args={'balls': 0, 'change': -1}
2025-10-05 13:18:35,059 : INFO : EventManager : Event: ======'balldevice_bd_left_scoop_ball_enter'====== Args={'new_balls': 1, 'unclaimed_balls': 1, 'new_available_balls': 1, 'device': <ball_device.bd_left_scoop>}
2025-10-05 13:18:35,061 : INFO : ball_device.bd_left_scoop : Ejecting 1 unexpected balls using path deque([<ball_device.bd_left_scoop>, <playfield.playfield>])
2025-10-05 13:18:35,062 : INFO : EventManager : Event: ======'balldevice_balls_available'====== Args={}
2025-10-05 13:18:35,063 : INFO : EventManager : Event: ======'balldevice_balls_available'====== Args={}
2025-10-05 13:18:35,064 : INFO : EventManager : Event: ======'balldevice_bd_left_scoop_ball_entered'====== Args={'new_balls': 1, 'device': <ball_device.bd_left_scoop>}
2025-10-05 13:18:35,066 : INFO : ball_device.bd_left_scoop : State: waiting_for_target_ready
2025-10-05 13:18:35,068 : INFO : EventManager : Event: ======'balldevice_bd_left_scoop_ball_eject_attempt'====== Args={'balls': 1, 'target': <playfield.playfield>, 'source': <ball_device.bd_left_scoop>, 'mechanical_eject': False, 'num_attempts': 0}
2025-10-05 13:18:35,069 : INFO : ball_device.bd_left_scoop : State: ejecting
2025-10-05 13:18:35,071 : INFO : ball_device.bd_left_scoop : Ejecting ball to <playfield.playfield>
2025-10-05 13:18:35,071 : INFO : EventManager : Event: ======'balldevice_bd_left_scoop_ejecting_ball'====== Args={'balls': 1, 'target': <playfield.playfield>, 'source': <ball_device.bd_left_scoop>, 'mechanical_eject': False, 'num_attempts': 0}
2025-10-05 13:18:35,074 : INFO : ball_device.bd_left_scoop : Wait for ball to leave device
2025-10-05 13:18:35,074 : INFO : coil.c_left_scoop : Pulsing Driver for 10ms (1.0 pulse_power)
2025-10-05 13:18:35,075 : INFO : SwitchController : <<<<<<< 's_left_scoop' inactive >>>>>>>
2025-10-05 13:18:35,101 : INFO : ball_device.bd_left_scoop : State: ball_left
2025-10-05 13:18:35,102 : INFO : ball_device.bd_left_scoop : Ball left
2025-10-05 13:18:35,102 : INFO : ball_device.bd_left_scoop : Wait for confirm with timeout 2.0
2025-10-05 13:18:37,097 : INFO : ball_device.bd_left_scoop : State: failed_confirm
2025-10-05 13:18:37,098 : INFO : ball_device.bd_left_scoop : Got timeout (2.0s) before confirm from <playfield.playfield>
2025-10-05 13:18:37,220 : INFO : ball_device.bd_left_scoop : Confirming eject because target is playfield and ball did not return.
2025-10-05 13:18:37,221 : INFO : ball_device.bd_left_scoop : Eject successful
2025-10-05 13:18:37,221 : INFO : EventManager : Event: ======'balldevice_bd_left_scoop_ball_eject_success'====== Args={'balls': 1, 'target': <playfield.playfield>}
2025-10-05 13:18:37,223 : INFO : EventManager : Event: ======'balldevice_playfield_ball_enter'====== Args={'new_balls': 1, 'unclaimed_balls': 1, 'device': <playfield.playfield>}
2025-10-05 13:18:37,223 : INFO : EventManager : Event: ======'playfield_ball_count_change'====== Args={'balls': 1, 'change': 1}
2025-10-05 13:18:37,225 : INFO : EventManager : Event: ======'balldevice_bd_left_scoop_ball_count_changed'====== Args={'balls': 0}
2025-10-05 13:18:37,226 : INFO : ball_device.bd_left_scoop : State: idle
2025-10-05 13:21:57,880 : INFO : Machine : Shutting down...
2025-10-05 13:21:57,880 : INFO : EventManager : Event: ======'shutdown'====== Args={}
2025-10-05 13:21:57,916 : INFO : EventManager : Event: ======'mode_game_will_stop'====== Args={}
2025-10-05 13:21:57,917 : INFO : EventManager : Event: ======'mode_game_stopping'====== Args={}
2025-10-05 13:21:57,919 : INFO : EventManager : Event: ======'mode_base_will_stop'====== Args={}
2025-10-05 13:21:57,919 : INFO : EventManager : Event: ======'mode_base_stopping'====== Args={}
2025-10-05 13:21:57,920 : INFO : Mode.base : Stopped.
2025-10-05 13:21:57,920 : INFO : EventManager : Event: ======'modes_active_modes_changed'====== Args={}
2025-10-05 13:21:57,921 : INFO : EventManager : Event: ======'mode_base_stopped'====== Args={}
2025-10-05 13:21:57,921 : INFO : EventManager : Event: ======'clear'====== Args={'key': 'base'}
2025-10-05 13:21:57,924 : INFO : Mode.game : Stopped.
2025-10-05 13:21:57,924 : INFO : EventManager : Event: ======'modes_active_modes_changed'====== Args={}
2025-10-05 13:21:57,925 : INFO : EventManager : Event: ======'mode_game_stopped'====== Args={}
2025-10-05 13:21:57,925 : INFO : EventManager : Event: ======'clear'====== Args={'key': 'game'}
2025-10-05 13:21:57,929 : INFO : root : MPF run loop ended.
