2025-10-05 12:41:24,017 : INFO : root : Loading config.
2025-10-05 12:41:24,017 : INFO : YamlMultifileConfigLoader : Machine config file #1: config.yaml
2025-10-05 12:41:24,017 : WARNING : ConfigProcessor : Config file in cache changed: C:\Users\richa\ttp5\config\config.yaml
2025-10-05 12:41:24,017 : INFO : ConfigProcessor : Loading config from file C:\Users\richa\mpfvirtual4\lib\site-packages\mpf\mpfconfig.yaml.
2025-10-05 12:41:24,034 : INFO : ConfigProcessor : Loading config: C:\Users\richa\mpfvirtual4\lib\site-packages\mpf\mpfconfig.yaml
2025-10-05 12:41:24,034 : INFO : ConfigProcessor : Loading config from file C:\Users\richa\ttp5\config\config.yaml.
2025-10-05 12:41:24,034 : INFO : ConfigProcessor : Loading config: C:\Users\richa\ttp5\config\config.yaml
2025-10-05 12:41:24,034 : INFO : ConfigProcessor : Loading config: C:\Users\richa\ttp5\config\config_ball_devices.yaml
2025-10-05 12:41:24,034 : INFO : ConfigProcessor : Loading config: C:\Users\richa\ttp5\config\config_coils.yaml
2025-10-05 12:41:24,034 : INFO : ConfigProcessor : Loading config: C:\Users\richa\ttp5\config\config_flippers.yaml
2025-10-05 12:41:24,050 : INFO : ConfigProcessor : Loading config: C:\Users\richa\ttp5\config\config_switches.yaml
2025-10-05 12:41:24,050 : INFO : ConfigProcessor : Loading config: C:\Users\richa\ttp5\config\config_lights.yaml
2025-10-05 12:41:24,050 : INFO : ConfigProcessor : Config file cache created: C:\Users\richa\AppData\Local\Temp\bad76953a596b8c99f832e0e98026c3b.mpf_cache
2025-10-05 12:41:24,134 : INFO : ConfigProcessor : Loading config from cache: C:\Users\richa\AppData\Local\Temp\77a998d318c788df5647a1900cedfc56.mpf_cache
2025-10-05 12:41:24,134 : INFO : ConfigProcessor : Loading config from cache: C:\Users\richa\AppData\Local\Temp\9c8dea79ca4d15ee886340e992e8cb9d.mpf_cache
2025-10-05 12:41:24,134 : INFO : ConfigProcessor : Loading config from cache: C:\Users\richa\AppData\Local\Temp\8ddee2e87a4f178751335e99da00e9c4.mpf_cache
2025-10-05 12:41:24,134 : INFO : ConfigProcessor : Loading config from cache: C:\Users\richa\AppData\Local\Temp\16d594341c3fbe91b1b6d496c05a6fb0.mpf_cache
2025-10-05 12:41:24,134 : INFO : ConfigProcessor : Loading config from cache: C:\Users\richa\AppData\Local\Temp\9ea1b14cb2b1cce5e8bf981a1ff8cfc5.mpf_cache
2025-10-05 12:41:24,148 : INFO : ConfigProcessor : Loading config from cache: C:\Users\richa\AppData\Local\Temp\6cbce11faef0ddcfeddb2a5b8dbeb4ae.mpf_cache
2025-10-05 12:41:24,148 : INFO : Machine : Mission Pinball Framework Core Engine v0.57.0.dev39
2025-10-05 12:41:24,149 : INFO : Machine : Command line arguments: {'no_load_cache': False, 'create_config_cache': True, 'bcp': True, 'configfile': ['config.yaml'], 'force_assets_load': False, 'jsonlogging': False, 'logfile': 'logs\\2025-10-05-12-41-24-mpf-DESKTOP-RK7BE5M.log', 'pause': False, 'production': False, 'text_ui': True, 'loglevel': 15, 'consoleloglevel': 20, 'force_platform': 'virtual', 'syslog_address': None, 'mc_file_name': None, 'no_sound': False}
2025-10-05 12:41:24,149 : INFO : Machine : MPF path: C:\Users\richa\mpfvirtual4\lib\site-packages\mpf
2025-10-05 12:41:24,149 : INFO : Machine : Machine path: C:\Users\richa\ttp5
2025-10-05 12:41:24,149 : INFO : Machine : Platform: win32
2025-10-05 12:41:24,149 : INFO : Machine : Python executable location: C:\Users\richa\mpfvirtual4\Scripts\python.exe
2025-10-05 12:41:24,149 : INFO : Machine : Python version: 3.9.13 (64-bit)
2025-10-05 12:41:24,150 : INFO : Machine : Initializing MPF...
2025-10-05 12:41:24,505 : INFO : EventManager : Event: ======'machine_var_credits_string'====== Args={'value': 'FREE PLAY', 'prev_value': None, 'change': True}
2025-10-05 12:41:24,558 : INFO : EventManager : Event: ======'machine_var_master_volume'====== Args={'value': 0.5, 'prev_value': None, 'change': True}
2025-10-05 12:41:24,558 : INFO : EventManager : Event: ======'machine_var_player1_score'====== Args={'value': 17500, 'prev_value': None, 'change': True}
2025-10-05 12:41:24,558 : INFO : EventManager : Event: ======'machine_var_mpf_version'====== Args={'value': 'Mission Pinball Framework v0.57.0.dev39', 'prev_value': None, 'change': True}
2025-10-05 12:41:24,558 : INFO : EventManager : Event: ======'machine_var_mpf_extended_version'====== Args={'value': 'Mission Pinball Framework v0.57.0.dev39, Config version:6, Show version: 6, BCP version:1.1', 'prev_value': None, 'change': True}
2025-10-05 12:41:24,559 : INFO : EventManager : Event: ======'machine_var_python_version'====== Args={'value': '3.9.13', 'prev_value': None, 'change': True}
2025-10-05 12:41:24,569 : INFO : EventManager : Event: ======'machine_var_platform'====== Args={'value': 'Windows-10-10.0.19045-SP0', 'prev_value': None, 'change': True}
2025-10-05 12:41:24,569 : INFO : EventManager : Event: ======'machine_var_platform_system'====== Args={'value': 'Windows', 'prev_value': None, 'change': True}
2025-10-05 12:41:24,569 : INFO : EventManager : Event: ======'machine_var_platform_release'====== Args={'value': '10', 'prev_value': None, 'change': True}
2025-10-05 12:41:24,569 : INFO : EventManager : Event: ======'machine_var_platform_version'====== Args={'value': '10.0.19045', 'prev_value': None, 'change': True}
2025-10-05 12:41:24,569 : INFO : EventManager : Event: ======'machine_var_platform_machine'====== Args={'value': 'AMD64', 'prev_value': None, 'change': True}
2025-10-05 12:41:24,569 : INFO : EventManager : Event: ======'init_phase_1'====== Args={}
2025-10-05 12:41:24,600 : INFO : EventManager : Event: ======'init_phase_2'====== Args={}
2025-10-05 12:41:24,600 : INFO : SwitchController : Found active switch: ('2', <Platform.Virtual>) <switch.s_trough1>
2025-10-05 12:41:24,600 : INFO : SwitchController : Found active switch: ('3', <Platform.Virtual>) <switch.s_trough2>
2025-10-05 12:41:24,600 : INFO : SwitchController : Found active switch: ('4', <Platform.Virtual>) <switch.s_trough3>
2025-10-05 12:41:24,600 : INFO : SwitchController : Found active switch: ('5', <Platform.Virtual>) <switch.s_trough4>
2025-10-05 12:41:24,600 : INFO : SwitchController : Found active switch: ('6', <Platform.Virtual>) <switch.s_trough5>
2025-10-05 12:41:24,600 : INFO : SwitchController : Found active switch: ('7', <Platform.Virtual>) <switch.s_trough6>
2025-10-05 12:41:24,603 : INFO : EventManager : Event: ======'bcp_connection_attempt'====== Args={'name': 'local_display', 'host': 'localhost', 'port': 5050}
2025-10-05 12:41:24,605 : INFO : BCPClientSocket : Connecting BCP to 'local_display' at localhost:5050...
2025-10-05 12:41:26,643 : INFO : BCPClientSocket : Connected BCP to 'local_display' localhost:5050
2025-10-05 12:41:26,644 : INFO : EventManager : Event: ======'bcp_clients_connected'====== Args={}
2025-10-05 12:41:26,942 : INFO : EventManager : Event: ======'machine_var_mc_version'====== Args={'value': 'MPF-MC v0.57.0.dev10', 'prev_value': None, 'change': True}
2025-10-05 12:41:26,943 : INFO : EventManager : Event: ======'machine_var_mc_extended_version'====== Args={'value': 'MPF-MC v0.57.0.dev10 (config_version=6, BCP v1.1,                      Requires MPF API compatibility v0.57.0.dev19 or newer)', 'prev_value': None, 'change': True}
2025-10-05 12:41:26,944 : INFO : ball_device.bd_trough : BCH: Initial count: 6
2025-10-05 12:41:27,010 : INFO : ball_device.bd_trough : State: idle
2025-10-05 12:41:27,011 : INFO : ball_device.bd_plunger : BCH: Initial count: 0
2025-10-05 12:41:27,012 : INFO : ball_device.bd_plunger : State: idle
2025-10-05 12:41:27,023 : INFO : EventManager : Event: ======'init_phase_3'====== Args={}
2025-10-05 12:41:27,028 : INFO : EventManager : Event: ======'init_phase_4'====== Args={}
2025-10-05 12:41:27,028 : INFO : BallController : Initial balls found: 6
2025-10-05 12:41:27,029 : INFO : EventManager : Event: ======'machine_var_audits_events_game_ended'====== Args={'value': 23, 'prev_value': None, 'change': True}
2025-10-05 12:41:27,030 : INFO : EventManager : Event: ======'machine_var_audits_events_game_started'====== Args={'value': 88, 'prev_value': None, 'change': True}
2025-10-05 12:41:27,030 : INFO : EventManager : Event: ======'machine_var_audits_missing_switches_s_A'====== Args={'value': 16, 'prev_value': None, 'change': True}
2025-10-05 12:41:27,030 : INFO : EventManager : Event: ======'machine_var_audits_missing_switches_s_E'====== Args={'value': 16, 'prev_value': None, 'change': True}
2025-10-05 12:41:27,030 : INFO : EventManager : Event: ======'machine_var_audits_missing_switches_s_Eb'====== Args={'value': 16, 'prev_value': None, 'change': True}
2025-10-05 12:41:27,030 : INFO : EventManager : Event: ======'machine_var_audits_missing_switches_s_I'====== Args={'value': 16, 'prev_value': None, 'change': True}
2025-10-05 12:41:27,031 : INFO : EventManager : Event: ======'machine_var_audits_missing_switches_s_L'====== Args={'value': 16, 'prev_value': None, 'change': True}
2025-10-05 12:41:27,031 : INFO : EventManager : Event: ======'machine_var_audits_missing_switches_s_M'====== Args={'value': 16, 'prev_value': None, 'change': True}
2025-10-05 12:41:27,031 : INFO : EventManager : Event: ======'machine_var_audits_missing_switches_s_R'====== Args={'value': 16, 'prev_value': None, 'change': True}
2025-10-05 12:41:27,031 : INFO : EventManager : Event: ======'machine_var_audits_missing_switches_s_T'====== Args={'value': 16, 'prev_value': None, 'change': True}
2025-10-05 12:41:27,031 : INFO : EventManager : Event: ======'machine_var_audits_missing_switches_s_Tb'====== Args={'value': 16, 'prev_value': None, 'change': True}
2025-10-05 12:41:27,032 : INFO : EventManager : Event: ======'machine_var_audits_missing_switches_s_V'====== Args={'value': 16, 'prev_value': None, 'change': True}
2025-10-05 12:41:27,032 : INFO : EventManager : Event: ======'machine_var_audits_missing_switches_s_bumper_1'====== Args={'value': 12, 'prev_value': None, 'change': True}
2025-10-05 12:41:27,032 : INFO : EventManager : Event: ======'machine_var_audits_missing_switches_s_bumper_2'====== Args={'value': 12, 'prev_value': None, 'change': True}
2025-10-05 12:41:27,032 : INFO : EventManager : Event: ======'machine_var_audits_missing_switches_s_center_center_target'====== Args={'value': 14, 'prev_value': None, 'change': True}
2025-10-05 12:41:27,032 : INFO : EventManager : Event: ======'machine_var_audits_missing_switches_s_center_rollover'====== Args={'value': 1, 'prev_value': None, 'change': True}
2025-10-05 12:41:27,033 : INFO : EventManager : Event: ======'machine_var_audits_missing_switches_s_launcher_lane_spinner'====== Args={'value': 14, 'prev_value': None, 'change': True}
2025-10-05 12:41:27,033 : INFO : EventManager : Event: ======'machine_var_audits_missing_switches_s_left_center_target'====== Args={'value': 14, 'prev_value': None, 'change': True}
2025-10-05 12:41:27,033 : INFO : EventManager : Event: ======'machine_var_audits_missing_switches_s_left_corridor_spinner'====== Args={'value': 14, 'prev_value': None, 'change': True}
2025-10-05 12:41:27,033 : INFO : EventManager : Event: ======'machine_var_audits_missing_switches_s_left_corridor_spinner2'====== Args={'value': 14, 'prev_value': None, 'change': True}
2025-10-05 12:41:27,033 : INFO : EventManager : Event: ======'machine_var_audits_missing_switches_s_left_flipper'====== Args={'value': 3, 'prev_value': None, 'change': True}
2025-10-05 12:41:27,033 : INFO : EventManager : Event: ======'machine_var_audits_missing_switches_s_left_inlane'====== Args={'value': 41, 'prev_value': None, 'change': True}
2025-10-05 12:41:27,033 : INFO : EventManager : Event: ======'machine_var_audits_missing_switches_s_left_outlane'====== Args={'value': 51, 'prev_value': None, 'change': True}
2025-10-05 12:41:27,034 : INFO : EventManager : Event: ======'machine_var_audits_missing_switches_s_left_rollover'====== Args={'value': 1, 'prev_value': None, 'change': True}
2025-10-05 12:41:27,034 : INFO : EventManager : Event: ======'machine_var_audits_missing_switches_s_left_scoop'====== Args={'value': 6, 'prev_value': None, 'change': True}
2025-10-05 12:41:27,034 : INFO : EventManager : Event: ======'machine_var_audits_missing_switches_s_left_standup'====== Args={'value': 13, 'prev_value': None, 'change': True}
2025-10-05 12:41:27,034 : INFO : EventManager : Event: ======'machine_var_audits_missing_switches_s_right_center_target'====== Args={'value': 14, 'prev_value': None, 'change': True}
2025-10-05 12:41:27,034 : INFO : EventManager : Event: ======'machine_var_audits_missing_switches_s_right_corridor_spinner'====== Args={'value': 14, 'prev_value': None, 'change': True}
2025-10-05 12:41:27,034 : INFO : EventManager : Event: ======'machine_var_audits_missing_switches_s_right_flipper'====== Args={'value': 3, 'prev_value': None, 'change': True}
2025-10-05 12:41:27,034 : INFO : EventManager : Event: ======'machine_var_audits_missing_switches_s_right_outlane'====== Args={'value': 51, 'prev_value': None, 'change': True}
2025-10-05 12:41:27,035 : INFO : EventManager : Event: ======'machine_var_audits_missing_switches_s_right_rollover'====== Args={'value': 1, 'prev_value': None, 'change': True}
2025-10-05 12:41:27,035 : INFO : EventManager : Event: ======'machine_var_audits_missing_switches_s_right_scoop'====== Args={'value': 6, 'prev_value': None, 'change': True}
2025-10-05 12:41:27,035 : INFO : EventManager : Event: ======'machine_var_audits_missing_switches_s_right_standup'====== Args={'value': 13, 'prev_value': None, 'change': True}
2025-10-05 12:41:27,035 : INFO : EventManager : Event: ======'machine_var_audits_missing_switches_s_sling_left'====== Args={'value': 41, 'prev_value': None, 'change': True}
2025-10-05 12:41:27,035 : INFO : EventManager : Event: ======'machine_var_audits_missing_switches_s_sling_right'====== Args={'value': 55, 'prev_value': None, 'change': True}
2025-10-05 12:41:27,035 : INFO : EventManager : Event: ======'machine_var_audits_missing_switches_s_start'====== Args={'value': 17, 'prev_value': None, 'change': True}
2025-10-05 12:41:27,036 : INFO : EventManager : Event: ======'machine_var_audits_missing_switches_s_top_left_standup'====== Args={'value': 13, 'prev_value': None, 'change': True}
2025-10-05 12:41:27,036 : INFO : EventManager : Event: ======'machine_var_audits_missing_switches_s_top_left_standup2'====== Args={'value': 13, 'prev_value': None, 'change': True}
2025-10-05 12:41:27,036 : INFO : EventManager : Event: ======'machine_var_audits_missing_switches_s_trough2'====== Args={'value': 88, 'prev_value': None, 'change': True}
2025-10-05 12:41:27,036 : INFO : EventManager : Event: ======'machine_var_audits_missing_switches_s_trough3'====== Args={'value': 88, 'prev_value': None, 'change': True}
2025-10-05 12:41:27,036 : INFO : EventManager : Event: ======'machine_var_audits_missing_switches_s_trough4'====== Args={'value': 88, 'prev_value': None, 'change': True}
2025-10-05 12:41:27,036 : INFO : EventManager : Event: ======'machine_var_audits_missing_switches_s_trough5'====== Args={'value': 88, 'prev_value': None, 'change': True}
2025-10-05 12:41:27,037 : INFO : EventManager : Event: ======'machine_var_audits_missing_switches_s_trough6'====== Args={'value': 88, 'prev_value': None, 'change': True}
2025-10-05 12:41:27,037 : INFO : EventManager : Event: ======'machine_var_audits_missing_switches_s_trough_jam'====== Args={'value': 88, 'prev_value': None, 'change': True}
2025-10-05 12:41:27,037 : INFO : EventManager : Event: ======'machine_var_audits_player_score'====== Args={'value': {'average': 12472, 'top': [28284, 28200, 25272, 22800, 22400, 17500, 16800, 16800, 14636, 13400], 'total': 25}, 'prev_value': None, 'change': True}
2025-10-05 12:41:27,037 : INFO : EventManager : Event: ======'machine_var_audits_shots_center_rollover'====== Args={'value': 7, 'prev_value': None, 'change': True}
2025-10-05 12:41:27,037 : INFO : EventManager : Event: ======'machine_var_audits_shots_center_rollover_shot'====== Args={'value': 124, 'prev_value': None, 'change': True}
2025-10-05 12:41:27,038 : INFO : EventManager : Event: ======'machine_var_audits_shots_left_rollover'====== Args={'value': 6, 'prev_value': None, 'change': True}
2025-10-05 12:41:27,038 : INFO : EventManager : Event: ======'machine_var_audits_shots_left_rollover_shot'====== Args={'value': 67, 'prev_value': None, 'change': True}
2025-10-05 12:41:27,038 : INFO : EventManager : Event: ======'machine_var_audits_shots_middle_inlane_shot'====== Args={'value': 20, 'prev_value': None, 'change': True}
2025-10-05 12:41:27,038 : INFO : EventManager : Event: ======'machine_var_audits_shots_my_first_shot'====== Args={'value': 95, 'prev_value': None, 'change': True}
2025-10-05 12:41:27,038 : INFO : EventManager : Event: ======'machine_var_audits_shots_right_inlane_shot'====== Args={'value': 9, 'prev_value': None, 'change': True}
2025-10-05 12:41:27,039 : INFO : EventManager : Event: ======'machine_var_audits_shots_right_rollover'====== Args={'value': 7, 'prev_value': None, 'change': True}
2025-10-05 12:41:27,039 : INFO : EventManager : Event: ======'machine_var_audits_shots_right_rollover_shot'====== Args={'value': 89, 'prev_value': None, 'change': True}
2025-10-05 12:41:27,039 : INFO : EventManager : Event: ======'machine_var_audits_shots_top_middle_inlane_shot'====== Args={'value': 41, 'prev_value': None, 'change': True}
2025-10-05 12:41:27,039 : INFO : EventManager : Event: ======'machine_var_audits_switches_s_A'====== Args={'value': 0, 'prev_value': None, 'change': True}
2025-10-05 12:41:27,040 : INFO : EventManager : Event: ======'machine_var_audits_switches_s_E'====== Args={'value': 0, 'prev_value': None, 'change': True}
2025-10-05 12:41:27,040 : INFO : EventManager : Event: ======'machine_var_audits_switches_s_Eb'====== Args={'value': 0, 'prev_value': None, 'change': True}
2025-10-05 12:41:27,040 : INFO : EventManager : Event: ======'machine_var_audits_switches_s_I'====== Args={'value': 0, 'prev_value': None, 'change': True}
2025-10-05 12:41:27,041 : INFO : EventManager : Event: ======'machine_var_audits_switches_s_L'====== Args={'value': 0, 'prev_value': None, 'change': True}
2025-10-05 12:41:27,041 : INFO : EventManager : Event: ======'machine_var_audits_switches_s_M'====== Args={'value': 0, 'prev_value': None, 'change': True}
2025-10-05 12:41:27,041 : INFO : EventManager : Event: ======'machine_var_audits_switches_s_R'====== Args={'value': 0, 'prev_value': None, 'change': True}
2025-10-05 12:41:27,041 : INFO : EventManager : Event: ======'machine_var_audits_switches_s_T'====== Args={'value': 0, 'prev_value': None, 'change': True}
2025-10-05 12:41:27,041 : INFO : EventManager : Event: ======'machine_var_audits_switches_s_Tb'====== Args={'value': 0, 'prev_value': None, 'change': True}
2025-10-05 12:41:27,042 : INFO : EventManager : Event: ======'machine_var_audits_switches_s_V'====== Args={'value': 0, 'prev_value': None, 'change': True}
2025-10-05 12:41:27,042 : INFO : EventManager : Event: ======'machine_var_audits_switches_s_bumper_1'====== Args={'value': 0, 'prev_value': None, 'change': True}
2025-10-05 12:41:27,042 : INFO : EventManager : Event: ======'machine_var_audits_switches_s_bumper_2'====== Args={'value': 0, 'prev_value': None, 'change': True}
2025-10-05 12:41:27,042 : INFO : EventManager : Event: ======'machine_var_audits_switches_s_center_center_target'====== Args={'value': 0, 'prev_value': None, 'change': True}
2025-10-05 12:41:27,043 : INFO : EventManager : Event: ======'machine_var_audits_switches_s_center_rollover'====== Args={'value': 131, 'prev_value': None, 'change': True}
2025-10-05 12:41:27,043 : INFO : EventManager : Event: ======'machine_var_audits_switches_s_launcher_lane_spinner'====== Args={'value': 0, 'prev_value': None, 'change': True}
2025-10-05 12:41:27,043 : INFO : EventManager : Event: ======'machine_var_audits_switches_s_left_center_target'====== Args={'value': 0, 'prev_value': None, 'change': True}
2025-10-05 12:41:27,043 : INFO : EventManager : Event: ======'machine_var_audits_switches_s_left_corridor_spinner'====== Args={'value': 0, 'prev_value': None, 'change': True}
2025-10-05 12:41:27,044 : INFO : EventManager : Event: ======'machine_var_audits_switches_s_left_corridor_spinner2'====== Args={'value': 0, 'prev_value': None, 'change': True}
2025-10-05 12:41:27,044 : INFO : EventManager : Event: ======'machine_var_audits_switches_s_left_flipper'====== Args={'value': 324, 'prev_value': None, 'change': True}
2025-10-05 12:41:27,044 : INFO : EventManager : Event: ======'machine_var_audits_switches_s_left_inlane'====== Args={'value': 8, 'prev_value': None, 'change': True}
2025-10-05 12:41:27,044 : INFO : EventManager : Event: ======'machine_var_audits_switches_s_left_outlane'====== Args={'value': 3, 'prev_value': None, 'change': True}
2025-10-05 12:41:27,044 : INFO : EventManager : Event: ======'machine_var_audits_switches_s_left_rollover'====== Args={'value': 73, 'prev_value': None, 'change': True}
2025-10-05 12:41:27,045 : INFO : EventManager : Event: ======'machine_var_audits_switches_s_left_scoop'====== Args={'value': 1, 'prev_value': None, 'change': True}
2025-10-05 12:41:27,045 : INFO : EventManager : Event: ======'machine_var_audits_switches_s_left_standup'====== Args={'value': 0, 'prev_value': None, 'change': True}
2025-10-05 12:41:27,045 : INFO : EventManager : Event: ======'machine_var_audits_switches_s_middle_inlane'====== Args={'value': 20, 'prev_value': None, 'change': True}
2025-10-05 12:41:27,045 : INFO : EventManager : Event: ======'machine_var_audits_switches_s_plunger'====== Args={'value': 172, 'prev_value': None, 'change': True}
2025-10-05 12:41:27,046 : INFO : EventManager : Event: ======'machine_var_audits_switches_s_right_center_target'====== Args={'value': 0, 'prev_value': None, 'change': True}
2025-10-05 12:41:27,046 : INFO : EventManager : Event: ======'machine_var_audits_switches_s_right_corridor_spinner'====== Args={'value': 0, 'prev_value': None, 'change': True}
2025-10-05 12:41:27,046 : INFO : EventManager : Event: ======'machine_var_audits_switches_s_right_flipper'====== Args={'value': 140, 'prev_value': None, 'change': True}
2025-10-05 12:41:27,046 : INFO : EventManager : Event: ======'machine_var_audits_switches_s_right_inlane'====== Args={'value': 136, 'prev_value': None, 'change': True}
2025-10-05 12:41:27,046 : INFO : EventManager : Event: ======'machine_var_audits_switches_s_right_outlane'====== Args={'value': 3, 'prev_value': None, 'change': True}
2025-10-05 12:41:27,046 : INFO : EventManager : Event: ======'machine_var_audits_switches_s_right_rollover'====== Args={'value': 96, 'prev_value': None, 'change': True}
2025-10-05 12:41:27,046 : INFO : EventManager : Event: ======'machine_var_audits_switches_s_right_scoop'====== Args={'value': 5, 'prev_value': None, 'change': True}
2025-10-05 12:41:27,048 : INFO : EventManager : Event: ======'machine_var_audits_switches_s_right_standup'====== Args={'value': 0, 'prev_value': None, 'change': True}
2025-10-05 12:41:27,048 : INFO : EventManager : Event: ======'machine_var_audits_switches_s_sling_left'====== Args={'value': 3, 'prev_value': None, 'change': True}
2025-10-05 12:41:27,048 : INFO : EventManager : Event: ======'machine_var_audits_switches_s_sling_right'====== Args={'value': 1, 'prev_value': None, 'change': True}
2025-10-05 12:41:27,048 : INFO : EventManager : Event: ======'machine_var_audits_switches_s_start'====== Args={'value': 12, 'prev_value': None, 'change': True}
2025-10-05 12:41:27,048 : INFO : EventManager : Event: ======'machine_var_audits_switches_s_top_left_standup'====== Args={'value': 0, 'prev_value': None, 'change': True}
2025-10-05 12:41:27,050 : INFO : EventManager : Event: ======'machine_var_audits_switches_s_top_left_standup2'====== Args={'value': 0, 'prev_value': None, 'change': True}
2025-10-05 12:41:27,050 : INFO : EventManager : Event: ======'machine_var_audits_switches_s_top_middle_inlane'====== Args={'value': 41, 'prev_value': None, 'change': True}
2025-10-05 12:41:27,050 : INFO : EventManager : Event: ======'machine_var_audits_switches_s_trough1'====== Args={'value': 118, 'prev_value': None, 'change': True}
2025-10-05 12:41:27,051 : INFO : EventManager : Event: ======'machine_var_audits_switches_s_trough2'====== Args={'value': 0, 'prev_value': None, 'change': True}
2025-10-05 12:41:27,051 : INFO : EventManager : Event: ======'machine_var_audits_switches_s_trough3'====== Args={'value': 0, 'prev_value': None, 'change': True}
2025-10-05 12:41:27,051 : INFO : EventManager : Event: ======'machine_var_audits_switches_s_trough4'====== Args={'value': 0, 'prev_value': None, 'change': True}
2025-10-05 12:41:27,051 : INFO : EventManager : Event: ======'machine_var_audits_switches_s_trough5'====== Args={'value': 0, 'prev_value': None, 'change': True}
2025-10-05 12:41:27,051 : INFO : EventManager : Event: ======'machine_var_audits_switches_s_trough6'====== Args={'value': 0, 'prev_value': None, 'change': True}
2025-10-05 12:41:27,051 : INFO : EventManager : Event: ======'machine_var_audits_switches_s_trough_jam'====== Args={'value': 0, 'prev_value': None, 'change': True}
2025-10-05 12:41:27,052 : INFO : EventManager : Event: ======'init_phase_5'====== Args={}
2025-10-05 12:41:27,101 : INFO : EventManager : Event: ======'init_done'====== Args={}
2025-10-05 12:41:27,101 : INFO : EventManager : Event: ======'machine_reset_phase_1'====== Args={}
2025-10-05 12:41:27,108 : INFO : EventManager : Event: ======'machine_reset_phase_2'====== Args={}
2025-10-05 12:41:27,109 : INFO : EventManager : Event: ======'machine_reset_phase_3'====== Args={}
2025-10-05 12:41:27,109 : INFO : EventManager : Event: ======'reset_complete'====== Args={}
2025-10-05 12:41:27,109 : INFO : EventManager : Event: ======'mode_attract_will_start'====== Args={}
2025-10-05 12:41:27,109 : INFO : EventManager : Event: ======'mode_attract_starting'====== Args={}
2025-10-05 12:41:27,109 : INFO : Mode.attract : Started. Priority: 10
2025-10-05 12:41:27,109 : INFO : EventManager : Event: ======'modes_active_modes_changed'====== Args={}
2025-10-05 12:41:27,109 : INFO : EventManager : Event: ======'mode_attract_started'====== Args={}
2025-10-05 12:41:27,110 : INFO : EventManager : Event: ======'collecting_balls_complete'====== Args={}
2025-10-05 12:41:27,139 : INFO : EventManager : Event: ======'slide_awesome_slide_created'====== Args={'_from_bcp': True}
2025-10-05 12:41:27,139 : INFO : EventManager : Event: ======'slide_awesome_slide_active'====== Args={'_from_bcp': True}
2025-10-05 12:41:27,139 : INFO : Machine : Starting the main run loop.
2025-10-05 12:41:30,117 : INFO : EventManager : Event: ======'slide_press_start_created'====== Args={'_from_bcp': True}
2025-10-05 12:41:30,120 : INFO : EventManager : Event: ======'slide_press_start_active'====== Args={'_from_bcp': True}
2025-10-05 12:41:33,142 : INFO : EventManager : Event: ======'slide_mission_pinball_created'====== Args={'_from_bcp': True}
2025-10-05 12:41:33,160 : INFO : EventManager : Event: ======'slide_mission_pinball_active'====== Args={'_from_bcp': True}
2025-10-05 12:41:36,135 : INFO : EventManager : Event: ======'slide_last_game_score_slide_created'====== Args={'_from_bcp': True}
2025-10-05 12:41:36,138 : INFO : EventManager : Event: ======'slide_last_game_score_slide_active'====== Args={'_from_bcp': True}
2025-10-05 12:41:39,127 : INFO : EventManager : Event: ======'slide_awesome_slide_removed'====== Args={'_from_bcp': True}
2025-10-05 12:41:39,131 : INFO : EventManager : Event: ======'slide_awesome_slide_created'====== Args={'_from_bcp': True}
2025-10-05 12:41:39,137 : INFO : EventManager : Event: ======'slide_awesome_slide_active'====== Args={'_from_bcp': True}
2025-10-05 12:41:42,092 : INFO : EventManager : Event: ======'slide_press_start_removed'====== Args={'_from_bcp': True}
2025-10-05 12:41:42,095 : INFO : EventManager : Event: ======'slide_press_start_created'====== Args={'_from_bcp': True}
2025-10-05 12:41:42,099 : INFO : EventManager : Event: ======'slide_press_start_active'====== Args={'_from_bcp': True}
2025-10-05 12:41:45,120 : INFO : EventManager : Event: ======'slide_mission_pinball_removed'====== Args={'_from_bcp': True}
2025-10-05 12:41:45,126 : INFO : EventManager : Event: ======'slide_mission_pinball_created'====== Args={'_from_bcp': True}
2025-10-05 12:41:45,134 : INFO : EventManager : Event: ======'slide_mission_pinball_active'====== Args={'_from_bcp': True}
2025-10-05 12:41:48,113 : INFO : EventManager : Event: ======'slide_last_game_score_slide_removed'====== Args={'_from_bcp': True}
2025-10-05 12:41:48,115 : INFO : EventManager : Event: ======'slide_last_game_score_slide_created'====== Args={'_from_bcp': True}
2025-10-05 12:41:48,118 : INFO : EventManager : Event: ======'slide_last_game_score_slide_active'====== Args={'_from_bcp': True}
2025-10-05 12:41:50,786 : INFO : Machine : Shutting down...
2025-10-05 12:41:50,786 : INFO : EventManager : Event: ======'shutdown'====== Args={}
2025-10-05 12:41:50,797 : INFO : root : MPF run loop ended.
