2025-10-12 08:42:44,570 : INFO : root : Loading config.
2025-10-12 08:42:44,575 : INFO : YamlMultifileConfigLoader : Machine config file #1: config.yaml
2025-10-12 08:42:44,575 : INFO : ConfigProcessor : Loading config from cache: C:\Users\richa\AppData\Local\Temp\f7776651e259183bd84a8c8d686bf868.mpf_cache
2025-10-12 08:42:44,658 : INFO : ConfigProcessor : Loading config from cache: C:\Users\richa\AppData\Local\Temp\70233839fc0b792ce11a62f3c18c1950.mpf_cache
2025-10-12 08:42:44,659 : INFO : ConfigProcessor : Loading config from cache: C:\Users\richa\AppData\Local\Temp\9c8dea79ca4d15ee886340e992e8cb9d.mpf_cache
2025-10-12 08:42:44,660 : WARNING : ConfigProcessor : Config file in cache changed: C:\Users\richa\ttp7\modes\base\config\base.yaml
2025-10-12 08:42:44,660 : INFO : ConfigProcessor : Loading config from file C:\Users\richa\ttp7\modes\base\config\base.yaml.
2025-10-12 08:42:44,672 : INFO : ConfigProcessor : Loading config: C:\Users\richa\ttp7\modes\base\config\base.yaml
2025-10-12 08:42:44,673 : INFO : ConfigProcessor : Config file cache created: C:\Users\richa\AppData\Local\Temp\67a19b095f918111543419ac0271bfb1.mpf_cache
2025-10-12 08:42:44,674 : INFO : ConfigProcessor : Loading config from cache: C:\Users\richa\AppData\Local\Temp\be387b0e8ed00556ec738d83cd6947d1.mpf_cache
2025-10-12 08:42:44,674 : INFO : ConfigProcessor : Loading config from cache: C:\Users\richa\AppData\Local\Temp\5a8efabd9666d8c71fa755fc28a9bf1e.mpf_cache
2025-10-12 08:42:44,674 : INFO : ConfigProcessor : Loading config from cache: C:\Users\richa\AppData\Local\Temp\fb58745e58584e219ff53db445e8e9f2.mpf_cache
2025-10-12 08:42:44,675 : INFO : ConfigProcessor : Loading config from cache: C:\Users\richa\AppData\Local\Temp\b710dc01437f1dfd05f3b5275f67493b.mpf_cache
2025-10-12 08:42:44,677 : INFO : ConfigProcessor : Loading config from cache: C:\Users\richa\AppData\Local\Temp\0a23590f4081187a3ecee75c7657616e.mpf_cache
2025-10-12 08:42:44,677 : INFO : ConfigProcessor : Loading config from cache: C:\Users\richa\AppData\Local\Temp\374a5edaf0766cb9005f368df852c09d.mpf_cache
2025-10-12 08:42:44,678 : INFO : ConfigProcessor : Loading config from cache: C:\Users\richa\AppData\Local\Temp\069a726c379c7a3dc006889318eb30f2.mpf_cache
2025-10-12 08:42:44,678 : INFO : ConfigProcessor : Loading config from cache: C:\Users\richa\AppData\Local\Temp\6159dd3e8b071f5aa615e717784124e9.mpf_cache
2025-10-12 08:42:44,678 : INFO : Machine : Mission Pinball Framework Core Engine v0.57.0.dev39
2025-10-12 08:42:44,679 : INFO : Machine : Command line arguments: {'no_load_cache': False, 'create_config_cache': True, 'bcp': True, 'configfile': ['config.yaml'], 'force_assets_load': False, 'jsonlogging': False, 'logfile': 'logs\\2025-10-12-08-42-44-mpf-DESKTOP-RK7BE5M.log', 'pause': False, 'production': False, 'text_ui': True, 'loglevel': 15, 'consoleloglevel': 20, 'force_platform': None, 'syslog_address': None, 'mc_file_name': None, 'no_sound': False}
2025-10-12 08:42:44,679 : INFO : Machine : MPF path: C:\Users\richa\mpfvirtual4\lib\site-packages\mpf
2025-10-12 08:42:44,679 : INFO : Machine : Machine path: C:\Users\richa\ttp7
2025-10-12 08:42:44,679 : INFO : Machine : Platform: win32
2025-10-12 08:42:44,679 : INFO : Machine : Python executable location: C:\Users\richa\mpfvirtual4\Scripts\python.exe
2025-10-12 08:42:44,679 : INFO : Machine : Python version: 3.9.13 (64-bit)
2025-10-12 08:42:44,680 : INFO : Machine : Initializing MPF...
2025-10-12 08:42:44,969 : INFO : EventManager : Event: ======'machine_var_credits_string'====== Args={'value': 'FREE PLAY', 'prev_value': None, 'change': True}
2025-10-12 08:42:45,033 : INFO : EventManager : Event: ======'machine_var_master_volume'====== Args={'value': 0.5, 'prev_value': None, 'change': True}
2025-10-12 08:42:45,033 : INFO : EventManager : Event: ======'machine_var_player1_score'====== Args={'value': 9012700, 'prev_value': None, 'change': True}
2025-10-12 08:42:45,033 : INFO : EventManager : Event: ======'machine_var_mpf_version'====== Args={'value': 'Mission Pinball Framework v0.57.0.dev39', 'prev_value': None, 'change': True}
2025-10-12 08:42:45,033 : INFO : EventManager : Event: ======'machine_var_mpf_extended_version'====== Args={'value': 'Mission Pinball Framework v0.57.0.dev39, Config version:6, Show version: 6, BCP version:1.1', 'prev_value': None, 'change': True}
2025-10-12 08:42:45,034 : INFO : EventManager : Event: ======'machine_var_python_version'====== Args={'value': '3.9.13', 'prev_value': None, 'change': True}
2025-10-12 08:42:45,044 : INFO : EventManager : Event: ======'machine_var_platform'====== Args={'value': 'Windows-10-10.0.19045-SP0', 'prev_value': None, 'change': True}
2025-10-12 08:42:45,044 : INFO : EventManager : Event: ======'machine_var_platform_system'====== Args={'value': 'Windows', 'prev_value': None, 'change': True}
2025-10-12 08:42:45,044 : INFO : EventManager : Event: ======'machine_var_platform_release'====== Args={'value': '10', 'prev_value': None, 'change': True}
2025-10-12 08:42:45,044 : INFO : EventManager : Event: ======'machine_var_platform_version'====== Args={'value': '10.0.19045', 'prev_value': None, 'change': True}
2025-10-12 08:42:45,044 : INFO : EventManager : Event: ======'machine_var_platform_machine'====== Args={'value': 'AMD64', 'prev_value': None, 'change': True}
2025-10-12 08:42:45,044 : INFO : EventManager : Event: ======'init_phase_1'====== Args={}
2025-10-12 08:42:45,078 : INFO : EventManager : Event: ======'drop_target_bank_TIME_up'====== Args={}
2025-10-12 08:42:45,079 : INFO : EventManager : Event: ======'init_phase_2'====== Args={}
2025-10-12 08:42:45,079 : INFO : SwitchController : Found active switch: ('2', <Platform.SmartVirtual>) <switch.s_trough1>
2025-10-12 08:42:45,079 : INFO : SwitchController : Found active switch: ('3', <Platform.SmartVirtual>) <switch.s_trough2>
2025-10-12 08:42:45,079 : INFO : SwitchController : Found active switch: ('4', <Platform.SmartVirtual>) <switch.s_trough3>
2025-10-12 08:42:45,079 : INFO : SwitchController : Found active switch: ('5', <Platform.SmartVirtual>) <switch.s_trough4>
2025-10-12 08:42:45,079 : INFO : SwitchController : Found active switch: ('6', <Platform.SmartVirtual>) <switch.s_trough5>
2025-10-12 08:42:45,080 : INFO : SwitchController : Found active switch: ('7', <Platform.SmartVirtual>) <switch.s_trough6>
2025-10-12 08:42:45,084 : INFO : EventManager : Event: ======'bcp_connection_attempt'====== Args={'name': 'local_display', 'host': 'localhost', 'port': 5050}
2025-10-12 08:42:45,086 : INFO : BCPClientSocket : Connecting BCP to 'local_display' at localhost:5050...
2025-10-12 08:42:47,108 : INFO : BCPClientSocket : Connected BCP to 'local_display' localhost:5050
2025-10-12 08:42:47,110 : INFO : EventManager : Event: ======'bcp_clients_connected'====== Args={}
2025-10-12 08:42:47,540 : INFO : EventManager : Event: ======'machine_var_mc_version'====== Args={'value': 'MPF-MC v0.57.0.dev10', 'prev_value': None, 'change': True}
2025-10-12 08:42:47,540 : INFO : EventManager : Event: ======'machine_var_mc_extended_version'====== Args={'value': 'MPF-MC v0.57.0.dev10 (config_version=6, BCP v1.1,                      Requires MPF API compatibility v0.57.0.dev19 or newer)', 'prev_value': None, 'change': True}
2025-10-12 08:42:47,543 : INFO : ball_device.bd_trough : BCH: Initial count: 6
2025-10-12 08:42:47,659 : INFO : ball_device.bd_trough : State: idle
2025-10-12 08:42:47,660 : INFO : ball_device.bd_plunger : BCH: Initial count: 0
2025-10-12 08:42:47,660 : INFO : ball_device.bd_plunger : State: idle
2025-10-12 08:42:47,660 : INFO : ball_device.bd_left_scoop : BCH: Initial count: 0
2025-10-12 08:42:47,661 : INFO : ball_device.bd_left_scoop : State: idle
2025-10-12 08:42:47,661 : INFO : ball_device.bd_right_scoop : BCH: Initial count: 0
2025-10-12 08:42:47,661 : INFO : ball_device.bd_right_scoop : State: idle
2025-10-12 08:42:47,696 : INFO : EventManager : Event: ======'init_phase_3'====== Args={}
2025-10-12 08:42:47,703 : INFO : EventManager : Event: ======'init_phase_4'====== Args={}
2025-10-12 08:42:47,704 : INFO : BallController : Initial balls found: 6
2025-10-12 08:42:47,706 : INFO : EventManager : Event: ======'machine_var_audits_events_game_ended'====== Args={'value': 48, 'prev_value': None, 'change': True}
2025-10-12 08:42:47,706 : INFO : EventManager : Event: ======'machine_var_audits_events_game_started'====== Args={'value': 194, 'prev_value': None, 'change': True}
2025-10-12 08:42:47,707 : INFO : EventManager : Event: ======'machine_var_audits_missing_switches_s_A'====== Args={'value': 67, 'prev_value': None, 'change': True}
2025-10-12 08:42:47,707 : INFO : EventManager : Event: ======'machine_var_audits_missing_switches_s_E'====== Args={'value': 2, 'prev_value': None, 'change': True}
2025-10-12 08:42:47,707 : INFO : EventManager : Event: ======'machine_var_audits_missing_switches_s_Eb'====== Args={'value': 67, 'prev_value': None, 'change': True}
2025-10-12 08:42:47,707 : INFO : EventManager : Event: ======'machine_var_audits_missing_switches_s_I'====== Args={'value': 2, 'prev_value': None, 'change': True}
2025-10-12 08:42:47,708 : INFO : EventManager : Event: ======'machine_var_audits_missing_switches_s_L'====== Args={'value': 67, 'prev_value': None, 'change': True}
2025-10-12 08:42:47,708 : INFO : EventManager : Event: ======'machine_var_audits_missing_switches_s_M'====== Args={'value': 2, 'prev_value': None, 'change': True}
2025-10-12 08:42:47,708 : INFO : EventManager : Event: ======'machine_var_audits_missing_switches_s_R'====== Args={'value': 67, 'prev_value': None, 'change': True}
2025-10-12 08:42:47,708 : INFO : EventManager : Event: ======'machine_var_audits_missing_switches_s_T'====== Args={'value': 2, 'prev_value': None, 'change': True}
2025-10-12 08:42:47,708 : INFO : EventManager : Event: ======'machine_var_audits_missing_switches_s_Tb'====== Args={'value': 67, 'prev_value': None, 'change': True}
2025-10-12 08:42:47,708 : INFO : EventManager : Event: ======'machine_var_audits_missing_switches_s_V'====== Args={'value': 67, 'prev_value': None, 'change': True}
2025-10-12 08:42:47,708 : INFO : EventManager : Event: ======'machine_var_audits_missing_switches_s_bumper1'====== Args={'value': 1, 'prev_value': None, 'change': True}
2025-10-12 08:42:47,708 : INFO : EventManager : Event: ======'machine_var_audits_missing_switches_s_bumper2'====== Args={'value': 1, 'prev_value': None, 'change': True}
2025-10-12 08:42:47,709 : INFO : EventManager : Event: ======'machine_var_audits_missing_switches_s_bumper_1'====== Args={'value': 28, 'prev_value': None, 'change': True}
2025-10-12 08:42:47,709 : INFO : EventManager : Event: ======'machine_var_audits_missing_switches_s_bumper_2'====== Args={'value': 28, 'prev_value': None, 'change': True}
2025-10-12 08:42:47,709 : INFO : EventManager : Event: ======'machine_var_audits_missing_switches_s_center_center_target'====== Args={'value': 58, 'prev_value': None, 'change': True}
2025-10-12 08:42:47,710 : INFO : EventManager : Event: ======'machine_var_audits_missing_switches_s_launcher_lane_spinner'====== Args={'value': 120, 'prev_value': None, 'change': True}
2025-10-12 08:42:47,710 : INFO : EventManager : Event: ======'machine_var_audits_missing_switches_s_left_center_target'====== Args={'value': 58, 'prev_value': None, 'change': True}
2025-10-12 08:42:47,710 : INFO : EventManager : Event: ======'machine_var_audits_missing_switches_s_left_corridor_spinner'====== Args={'value': 120, 'prev_value': None, 'change': True}
2025-10-12 08:42:47,710 : INFO : EventManager : Event: ======'machine_var_audits_missing_switches_s_left_corridor_spinner2'====== Args={'value': 120, 'prev_value': None, 'change': True}
2025-10-12 08:42:47,710 : INFO : EventManager : Event: ======'machine_var_audits_missing_switches_s_left_flipper'====== Args={'value': 43, 'prev_value': None, 'change': True}
2025-10-12 08:42:47,710 : INFO : EventManager : Event: ======'machine_var_audits_missing_switches_s_left_inlane'====== Args={'value': 147, 'prev_value': None, 'change': True}
2025-10-12 08:42:47,711 : INFO : EventManager : Event: ======'machine_var_audits_missing_switches_s_left_outlane'====== Args={'value': 157, 'prev_value': None, 'change': True}
2025-10-12 08:42:47,711 : INFO : EventManager : Event: ======'machine_var_audits_missing_switches_s_left_scoop'====== Args={'value': 16, 'prev_value': None, 'change': True}
2025-10-12 08:42:47,711 : INFO : EventManager : Event: ======'machine_var_audits_missing_switches_s_left_standup'====== Args={'value': 119, 'prev_value': None, 'change': True}
2025-10-12 08:42:47,712 : INFO : EventManager : Event: ======'machine_var_audits_missing_switches_s_right_center_target'====== Args={'value': 13, 'prev_value': None, 'change': True}
2025-10-12 08:42:47,712 : INFO : EventManager : Event: ======'machine_var_audits_missing_switches_s_right_corridor_spinner'====== Args={'value': 120, 'prev_value': None, 'change': True}
2025-10-12 08:42:47,712 : INFO : EventManager : Event: ======'machine_var_audits_missing_switches_s_right_flipper'====== Args={'value': 43, 'prev_value': None, 'change': True}
2025-10-12 08:42:47,712 : INFO : EventManager : Event: ======'machine_var_audits_missing_switches_s_right_inlane'====== Args={'value': 8, 'prev_value': None, 'change': True}
2025-10-12 08:42:47,712 : INFO : EventManager : Event: ======'machine_var_audits_missing_switches_s_right_outlane'====== Args={'value': 157, 'prev_value': None, 'change': True}
2025-10-12 08:42:47,712 : INFO : EventManager : Event: ======'machine_var_audits_missing_switches_s_right_scoop'====== Args={'value': 6, 'prev_value': None, 'change': True}
2025-10-12 08:42:47,713 : INFO : EventManager : Event: ======'machine_var_audits_missing_switches_s_right_standup'====== Args={'value': 7, 'prev_value': None, 'change': True}
2025-10-12 08:42:47,713 : INFO : EventManager : Event: ======'machine_var_audits_missing_switches_s_sling_left'====== Args={'value': 147, 'prev_value': None, 'change': True}
2025-10-12 08:42:47,713 : INFO : EventManager : Event: ======'machine_var_audits_missing_switches_s_sling_right'====== Args={'value': 43, 'prev_value': None, 'change': True}
2025-10-12 08:42:47,713 : INFO : EventManager : Event: ======'machine_var_audits_missing_switches_s_standup_1'====== Args={'value': 5, 'prev_value': None, 'change': True}
2025-10-12 08:42:47,713 : INFO : EventManager : Event: ======'machine_var_audits_missing_switches_s_standup_2'====== Args={'value': 4, 'prev_value': None, 'change': True}
2025-10-12 08:42:47,713 : INFO : EventManager : Event: ======'machine_var_audits_missing_switches_s_standup_3'====== Args={'value': 4, 'prev_value': None, 'change': True}
2025-10-12 08:42:47,714 : INFO : EventManager : Event: ======'machine_var_audits_missing_switches_s_standup_4'====== Args={'value': 5, 'prev_value': None, 'change': True}
2025-10-12 08:42:47,714 : INFO : EventManager : Event: ======'machine_var_audits_missing_switches_s_standup_5'====== Args={'value': 8, 'prev_value': None, 'change': True}
2025-10-12 08:42:47,714 : INFO : EventManager : Event: ======'machine_var_audits_missing_switches_s_standup_6'====== Args={'value': 12, 'prev_value': None, 'change': True}
2025-10-12 08:42:47,714 : INFO : EventManager : Event: ======'machine_var_audits_missing_switches_s_start'====== Args={'value': 1, 'prev_value': None, 'change': True}
2025-10-12 08:42:47,714 : INFO : EventManager : Event: ======'machine_var_audits_missing_switches_s_top_left_standup'====== Args={'value': 119, 'prev_value': None, 'change': True}
2025-10-12 08:42:47,715 : INFO : EventManager : Event: ======'machine_var_audits_missing_switches_s_top_left_standup2'====== Args={'value': 60, 'prev_value': None, 'change': True}
2025-10-12 08:42:47,715 : INFO : EventManager : Event: ======'machine_var_audits_missing_switches_s_trough1'====== Args={'value': 1, 'prev_value': None, 'change': True}
2025-10-12 08:42:47,715 : INFO : EventManager : Event: ======'machine_var_audits_missing_switches_s_trough2'====== Args={'value': 194, 'prev_value': None, 'change': True}
2025-10-12 08:42:47,715 : INFO : EventManager : Event: ======'machine_var_audits_missing_switches_s_trough3'====== Args={'value': 194, 'prev_value': None, 'change': True}
2025-10-12 08:42:47,715 : INFO : EventManager : Event: ======'machine_var_audits_missing_switches_s_trough4'====== Args={'value': 194, 'prev_value': None, 'change': True}
2025-10-12 08:42:47,715 : INFO : EventManager : Event: ======'machine_var_audits_missing_switches_s_trough5'====== Args={'value': 194, 'prev_value': None, 'change': True}
2025-10-12 08:42:47,716 : INFO : EventManager : Event: ======'machine_var_audits_missing_switches_s_trough6'====== Args={'value': 194, 'prev_value': None, 'change': True}
2025-10-12 08:42:47,716 : INFO : EventManager : Event: ======'machine_var_audits_missing_switches_s_trough_jam'====== Args={'value': 194, 'prev_value': None, 'change': True}
2025-10-12 08:42:47,716 : INFO : EventManager : Event: ======'machine_var_audits_player_score'====== Args={'value': {'average': 3498128, 'top': [75043600, 70538842, 13531600, 9012700, 2008600, 1234200, 1027900, 1024400, 606200, 211200], 'total': 50}, 'prev_value': None, 'change': True}
2025-10-12 08:42:47,716 : INFO : EventManager : Event: ======'machine_var_audits_shots_bumper1_shot'====== Args={'value': 150, 'prev_value': None, 'change': True}
2025-10-12 08:42:47,716 : INFO : EventManager : Event: ======'machine_var_audits_shots_bumper2_shot'====== Args={'value': 468, 'prev_value': None, 'change': True}
2025-10-12 08:42:47,717 : INFO : EventManager : Event: ======'machine_var_audits_shots_center_rollover'====== Args={'value': 7, 'prev_value': None, 'change': True}
2025-10-12 08:42:47,717 : INFO : EventManager : Event: ======'machine_var_audits_shots_center_rollover_shot'====== Args={'value': 275, 'prev_value': None, 'change': True}
2025-10-12 08:42:47,718 : INFO : EventManager : Event: ======'machine_var_audits_shots_jets'====== Args={'value': 559, 'prev_value': None, 'change': True}
2025-10-12 08:42:47,718 : INFO : EventManager : Event: ======'machine_var_audits_shots_left_rollover'====== Args={'value': 36, 'prev_value': None, 'change': True}
2025-10-12 08:42:47,718 : INFO : EventManager : Event: ======'machine_var_audits_shots_left_rollover_shot'====== Args={'value': 219, 'prev_value': None, 'change': True}
2025-10-12 08:42:47,718 : INFO : EventManager : Event: ======'machine_var_audits_shots_left_scoop_shot'====== Args={'value': 28, 'prev_value': None, 'change': True}
2025-10-12 08:42:47,718 : INFO : EventManager : Event: ======'machine_var_audits_shots_middle_inlane_shot'====== Args={'value': 20, 'prev_value': None, 'change': True}
2025-10-12 08:42:47,719 : INFO : EventManager : Event: ======'machine_var_audits_shots_my_first_shot'====== Args={'value': 95, 'prev_value': None, 'change': True}
2025-10-12 08:42:47,719 : INFO : EventManager : Event: ======'machine_var_audits_shots_right_inlane_shot'====== Args={'value': 61, 'prev_value': None, 'change': True}
2025-10-12 08:42:47,719 : INFO : EventManager : Event: ======'machine_var_audits_shots_right_rollover'====== Args={'value': 41, 'prev_value': None, 'change': True}
2025-10-12 08:42:47,719 : INFO : EventManager : Event: ======'machine_var_audits_shots_right_rollover_shot'====== Args={'value': 285, 'prev_value': None, 'change': True}
2025-10-12 08:42:47,720 : INFO : EventManager : Event: ======'machine_var_audits_shots_right_scoop_shot'====== Args={'value': 43, 'prev_value': None, 'change': True}
2025-10-12 08:42:47,720 : INFO : EventManager : Event: ======'machine_var_audits_shots_standup_1_skill'====== Args={'value': 40, 'prev_value': None, 'change': True}
2025-10-12 08:42:47,720 : INFO : EventManager : Event: ======'machine_var_audits_shots_standup_2_skill'====== Args={'value': 17, 'prev_value': None, 'change': True}
2025-10-12 08:42:47,720 : INFO : EventManager : Event: ======'machine_var_audits_shots_standup_3_skill'====== Args={'value': 10, 'prev_value': None, 'change': True}
2025-10-12 08:42:47,721 : INFO : EventManager : Event: ======'machine_var_audits_shots_standup_4_skill'====== Args={'value': 8, 'prev_value': None, 'change': True}
2025-10-12 08:42:47,721 : INFO : EventManager : Event: ======'machine_var_audits_shots_standup_5_skill'====== Args={'value': 4, 'prev_value': None, 'change': True}
2025-10-12 08:42:47,721 : INFO : EventManager : Event: ======'machine_var_audits_shots_standup_6_skill'====== Args={'value': 2, 'prev_value': None, 'change': True}
2025-10-12 08:42:47,722 : INFO : EventManager : Event: ======'machine_var_audits_shots_top_middle_inlane_shot'====== Args={'value': 41, 'prev_value': None, 'change': True}
2025-10-12 08:42:47,722 : INFO : EventManager : Event: ======'machine_var_audits_switches_s_A'====== Args={'value': 0, 'prev_value': None, 'change': True}
2025-10-12 08:42:47,722 : INFO : EventManager : Event: ======'machine_var_audits_switches_s_E'====== Args={'value': 4, 'prev_value': None, 'change': True}
2025-10-12 08:42:47,723 : INFO : EventManager : Event: ======'machine_var_audits_switches_s_Eb'====== Args={'value': 0, 'prev_value': None, 'change': True}
2025-10-12 08:42:47,723 : INFO : EventManager : Event: ======'machine_var_audits_switches_s_I'====== Args={'value': 4, 'prev_value': None, 'change': True}
2025-10-12 08:42:47,723 : INFO : EventManager : Event: ======'machine_var_audits_switches_s_L'====== Args={'value': 0, 'prev_value': None, 'change': True}
2025-10-12 08:42:47,724 : INFO : EventManager : Event: ======'machine_var_audits_switches_s_M'====== Args={'value': 4, 'prev_value': None, 'change': True}
2025-10-12 08:42:47,724 : INFO : EventManager : Event: ======'machine_var_audits_switches_s_R'====== Args={'value': 0, 'prev_value': None, 'change': True}
2025-10-12 08:42:47,724 : INFO : EventManager : Event: ======'machine_var_audits_switches_s_T'====== Args={'value': 4, 'prev_value': None, 'change': True}
2025-10-12 08:42:47,724 : INFO : EventManager : Event: ======'machine_var_audits_switches_s_Tb'====== Args={'value': 0, 'prev_value': None, 'change': True}
2025-10-12 08:42:47,725 : INFO : EventManager : Event: ======'machine_var_audits_switches_s_V'====== Args={'value': 0, 'prev_value': None, 'change': True}
2025-10-12 08:42:47,725 : INFO : EventManager : Event: ======'machine_var_audits_switches_s_bumper1'====== Args={'value': 150, 'prev_value': None, 'change': True}
2025-10-12 08:42:47,725 : INFO : EventManager : Event: ======'machine_var_audits_switches_s_bumper2'====== Args={'value': 472, 'prev_value': None, 'change': True}
2025-10-12 08:42:47,725 : INFO : EventManager : Event: ======'machine_var_audits_switches_s_bumper_1'====== Args={'value': 0, 'prev_value': None, 'change': True}
2025-10-12 08:42:47,726 : INFO : EventManager : Event: ======'machine_var_audits_switches_s_bumper_2'====== Args={'value': 0, 'prev_value': None, 'change': True}
2025-10-12 08:42:47,726 : INFO : EventManager : Event: ======'machine_var_audits_switches_s_center_center_target'====== Args={'value': 1, 'prev_value': None, 'change': True}
2025-10-12 08:42:47,726 : INFO : EventManager : Event: ======'machine_var_audits_switches_s_center_rollover'====== Args={'value': 284, 'prev_value': None, 'change': True}
2025-10-12 08:42:47,726 : INFO : EventManager : Event: ======'machine_var_audits_switches_s_launcher_lane_spinner'====== Args={'value': 0, 'prev_value': None, 'change': True}
2025-10-12 08:42:47,727 : INFO : EventManager : Event: ======'machine_var_audits_switches_s_left_center_target'====== Args={'value': 2, 'prev_value': None, 'change': True}
2025-10-12 08:42:47,727 : INFO : EventManager : Event: ======'machine_var_audits_switches_s_left_corridor_spinner'====== Args={'value': 0, 'prev_value': None, 'change': True}
2025-10-12 08:42:47,727 : INFO : EventManager : Event: ======'machine_var_audits_switches_s_left_corridor_spinner2'====== Args={'value': 0, 'prev_value': None, 'change': True}
2025-10-12 08:42:47,727 : INFO : EventManager : Event: ======'machine_var_audits_switches_s_left_flipper'====== Args={'value': 330, 'prev_value': None, 'change': True}
2025-10-12 08:42:47,728 : INFO : EventManager : Event: ======'machine_var_audits_switches_s_left_inlane'====== Args={'value': 8, 'prev_value': None, 'change': True}
2025-10-12 08:42:47,728 : INFO : EventManager : Event: ======'machine_var_audits_switches_s_left_outlane'====== Args={'value': 3, 'prev_value': None, 'change': True}
2025-10-12 08:42:47,728 : INFO : EventManager : Event: ======'machine_var_audits_switches_s_left_rollover'====== Args={'value': 227, 'prev_value': None, 'change': True}
2025-10-12 08:42:47,728 : INFO : EventManager : Event: ======'machine_var_audits_switches_s_left_scoop'====== Args={'value': 222, 'prev_value': None, 'change': True}
2025-10-12 08:42:47,729 : INFO : EventManager : Event: ======'machine_var_audits_switches_s_left_standup'====== Args={'value': 0, 'prev_value': None, 'change': True}
2025-10-12 08:42:47,730 : INFO : EventManager : Event: ======'machine_var_audits_switches_s_middle_inlane'====== Args={'value': 20, 'prev_value': None, 'change': True}
2025-10-12 08:42:47,730 : INFO : EventManager : Event: ======'machine_var_audits_switches_s_plunger'====== Args={'value': 362, 'prev_value': None, 'change': True}
2025-10-12 08:42:47,730 : INFO : EventManager : Event: ======'machine_var_audits_switches_s_right_center_target'====== Args={'value': 4, 'prev_value': None, 'change': True}
2025-10-12 08:42:47,730 : INFO : EventManager : Event: ======'machine_var_audits_switches_s_right_corridor_spinner'====== Args={'value': 0, 'prev_value': None, 'change': True}
2025-10-12 08:42:47,731 : INFO : EventManager : Event: ======'machine_var_audits_switches_s_right_flipper'====== Args={'value': 146, 'prev_value': None, 'change': True}
2025-10-12 08:42:47,731 : INFO : EventManager : Event: ======'machine_var_audits_switches_s_right_inlane'====== Args={'value': 188, 'prev_value': None, 'change': True}
2025-10-12 08:42:47,731 : INFO : EventManager : Event: ======'machine_var_audits_switches_s_right_outlane'====== Args={'value': 3, 'prev_value': None, 'change': True}
2025-10-12 08:42:47,732 : INFO : EventManager : Event: ======'machine_var_audits_switches_s_right_rollover'====== Args={'value': 294, 'prev_value': None, 'change': True}
2025-10-12 08:42:47,732 : INFO : EventManager : Event: ======'machine_var_audits_switches_s_right_scoop'====== Args={'value': 60, 'prev_value': None, 'change': True}
2025-10-12 08:42:47,732 : INFO : EventManager : Event: ======'machine_var_audits_switches_s_right_standup'====== Args={'value': 6, 'prev_value': None, 'change': True}
2025-10-12 08:42:47,732 : INFO : EventManager : Event: ======'machine_var_audits_switches_s_sling_left'====== Args={'value': 3, 'prev_value': None, 'change': True}
2025-10-12 08:42:47,733 : INFO : EventManager : Event: ======'machine_var_audits_switches_s_sling_right'====== Args={'value': 8, 'prev_value': None, 'change': True}
2025-10-12 08:42:47,733 : INFO : EventManager : Event: ======'machine_var_audits_switches_s_standup_1'====== Args={'value': 78, 'prev_value': None, 'change': True}
2025-10-12 08:42:47,733 : INFO : EventManager : Event: ======'machine_var_audits_switches_s_standup_2'====== Args={'value': 37, 'prev_value': None, 'change': True}
2025-10-12 08:42:47,734 : INFO : EventManager : Event: ======'machine_var_audits_switches_s_standup_3'====== Args={'value': 40, 'prev_value': None, 'change': True}
2025-10-12 08:42:47,734 : INFO : EventManager : Event: ======'machine_var_audits_switches_s_standup_4'====== Args={'value': 23, 'prev_value': None, 'change': True}
2025-10-12 08:42:47,734 : INFO : EventManager : Event: ======'machine_var_audits_switches_s_standup_5'====== Args={'value': 21, 'prev_value': None, 'change': True}
2025-10-12 08:42:47,734 : INFO : EventManager : Event: ======'machine_var_audits_switches_s_standup_6'====== Args={'value': 10, 'prev_value': None, 'change': True}
2025-10-12 08:42:47,735 : INFO : EventManager : Event: ======'machine_var_audits_switches_s_start'====== Args={'value': 16, 'prev_value': None, 'change': True}
2025-10-12 08:42:47,736 : INFO : EventManager : Event: ======'machine_var_audits_switches_s_top_left_standup'====== Args={'value': 0, 'prev_value': None, 'change': True}
2025-10-12 08:42:47,737 : INFO : EventManager : Event: ======'machine_var_audits_switches_s_top_left_standup2'====== Args={'value': 15, 'prev_value': None, 'change': True}
2025-10-12 08:42:47,737 : INFO : EventManager : Event: ======'machine_var_audits_switches_s_top_middle_inlane'====== Args={'value': 41, 'prev_value': None, 'change': True}
2025-10-12 08:42:47,738 : INFO : EventManager : Event: ======'machine_var_audits_switches_s_trough1'====== Args={'value': 236, 'prev_value': None, 'change': True}
2025-10-12 08:42:47,738 : INFO : EventManager : Event: ======'machine_var_audits_switches_s_trough2'====== Args={'value': 0, 'prev_value': None, 'change': True}
2025-10-12 08:42:47,739 : INFO : EventManager : Event: ======'machine_var_audits_switches_s_trough3'====== Args={'value': 0, 'prev_value': None, 'change': True}
2025-10-12 08:42:47,739 : INFO : EventManager : Event: ======'machine_var_audits_switches_s_trough4'====== Args={'value': 0, 'prev_value': None, 'change': True}
2025-10-12 08:42:47,740 : INFO : EventManager : Event: ======'machine_var_audits_switches_s_trough5'====== Args={'value': 0, 'prev_value': None, 'change': True}
2025-10-12 08:42:47,740 : INFO : EventManager : Event: ======'machine_var_audits_switches_s_trough6'====== Args={'value': 0, 'prev_value': None, 'change': True}
2025-10-12 08:42:47,741 : INFO : EventManager : Event: ======'machine_var_audits_switches_s_trough_jam'====== Args={'value': 0, 'prev_value': None, 'change': True}
2025-10-12 08:42:47,742 : INFO : EventManager : Event: ======'init_phase_5'====== Args={}
2025-10-12 08:42:47,784 : INFO : EventManager : Event: ======'init_done'====== Args={}
2025-10-12 08:42:47,797 : INFO : EventManager : Event: ======'machine_reset_phase_1'====== Args={}
2025-10-12 08:42:47,811 : INFO : EventManager : Event: ======'machine_reset_phase_2'====== Args={}
2025-10-12 08:42:47,812 : INFO : EventManager : Event: ======'machine_reset_phase_3'====== Args={}
2025-10-12 08:42:47,812 : INFO : drop_target_bank.TIME : All targets are already up. Will not reset bank.
2025-10-12 08:42:47,812 : INFO : EventManager : Event: ======'reset_complete'====== Args={}
2025-10-12 08:42:47,812 : INFO : EventManager : Event: ======'mode_attract_will_start'====== Args={}
2025-10-12 08:42:47,812 : INFO : EventManager : Event: ======'mode_attract_starting'====== Args={}
2025-10-12 08:42:47,812 : INFO : Mode.attract : Started. Priority: 10
2025-10-12 08:42:47,812 : INFO : EventManager : Event: ======'modes_active_modes_changed'====== Args={}
2025-10-12 08:42:47,812 : INFO : EventManager : Event: ======'mode_attract_started'====== Args={}
2025-10-12 08:42:47,813 : INFO : EventManager : Event: ======'collecting_balls_complete'====== Args={}
2025-10-12 08:42:47,845 : INFO : EventManager : Event: ======'slide_awesome_slide_created'====== Args={'_from_bcp': True}
2025-10-12 08:42:47,845 : INFO : EventManager : Event: ======'slide_awesome_slide_active'====== Args={'_from_bcp': True}
2025-10-12 08:42:47,845 : INFO : Machine : Starting the main run loop.
2025-10-12 08:42:48,094 : INFO : BcpServer : New client connected.
2025-10-12 08:42:51,272 : INFO : EventManager : Event: ======'slide_press_start_created'====== Args={'_from_bcp': True}
2025-10-12 08:42:51,274 : INFO : EventManager : Event: ======'slide_press_start_active'====== Args={'_from_bcp': True}
2025-10-12 08:42:52,637 : INFO : SwitchController : <<<<<<< 's_start' active >>>>>>>
2025-10-12 08:42:52,699 : INFO : SwitchController : <<<<<<< 's_start' inactive >>>>>>>
2025-10-12 08:42:52,699 : INFO : EventManager : Event: ======'request_to_start_game'====== Args={}
2025-10-12 08:42:52,700 : INFO : EventManager : Event: ======'game_start'====== Args={'buttons': [], 'hold_time': 0.0629999999946449}
2025-10-12 08:42:52,700 : INFO : EventManager : Event: ======'mode_game_will_start'====== Args={'buttons': [], 'hold_time': 0.0629999999946449}
2025-10-12 08:42:52,700 : INFO : EventManager : Event: ======'mode_game_starting'====== Args={'buttons': [], 'hold_time': 0.0629999999946449}
2025-10-12 08:42:52,701 : INFO : EventManager : Event: ======'mode_attract_will_stop'====== Args={}
2025-10-12 08:42:52,701 : INFO : EventManager : Event: ======'mode_attract_stopping'====== Args={}
2025-10-12 08:42:52,701 : INFO : Mode.attract : Stopped.
2025-10-12 08:42:52,701 : INFO : EventManager : Event: ======'modes_active_modes_changed'====== Args={}
2025-10-12 08:42:52,701 : INFO : EventManager : Event: ======'mode_attract_stopped'====== Args={}
2025-10-12 08:42:52,701 : INFO : EventManager : Event: ======'clear'====== Args={'key': 'attract'}
2025-10-12 08:42:52,702 : INFO : Mode.game : Started. Priority: 20
2025-10-12 08:42:52,702 : INFO : EventManager : Event: ======'modes_active_modes_changed'====== Args={}
2025-10-12 08:42:52,702 : INFO : EventManager : Event: ======'mode_game_started'====== Args={'buttons': [], 'hold_time': 0.0629999999946449}
2025-10-12 08:42:52,710 : INFO : EventManager : Event: ======'game_will_start'====== Args={}
2025-10-12 08:42:52,711 : INFO : EventManager : Event: ======'game_starting'====== Args={'game': <Mode.game>}
2025-10-12 08:42:52,712 : INFO : EventManager : Unordered handler for class <Auditor> on event game_ended with priority 1. Handlers: [RegisteredHandler(callback=<bound method Auditor.disable of <Auditor>>, priority=1, kwargs={}, key=UUID('52ad412e-9147-4068-be63-5983758e8d68'), condition=None, blocking_facility=None), RegisteredHandler(callback=<bound method Auditor._save_audits of <Auditor>>, priority=1, kwargs={}, key=UUID('4858677d-1e76-4afa-8102-ea8acc9e8cdb'), condition=None, blocking_facility=None)]. The order of those handlers is not defined and they will be executed in random order. This might lead to race conditions and potential bugs.
2025-10-12 08:42:52,712 : INFO : EventManager : Event: ======'player_add_request'====== Args={}
2025-10-12 08:42:52,712 : INFO : EventManager : Event: ======'player_will_add'====== Args={'number': 1}
2025-10-12 08:42:52,712 : INFO : EventManager : Event: ======'player_adding'====== Args={'player': <Player 1>, 'number': 1}
2025-10-12 08:42:52,712 : INFO : EventManager : Event: ======'player_added'====== Args={'player': <Player 1>, 'num': 1}
2025-10-12 08:42:52,713 : INFO : Mode.game : Player added successfully. Total players: 1
2025-10-12 08:42:52,713 : INFO : EventManager : Event: ======'player_index'====== Args={'value': 0, 'prev_value': 0, 'change': 0, 'player_num': 1}
2025-10-12 08:42:52,713 : INFO : EventManager : Event: ======'player_number'====== Args={'value': 1, 'prev_value': 1, 'change': 0, 'player_num': 1}
2025-10-12 08:42:52,714 : INFO : EventManager : Event: ======'player_sj_active'====== Args={'value': 0, 'prev_value': 0, 'change': 0, 'player_num': 1}
2025-10-12 08:42:52,714 : INFO : EventManager : Event: ======'player_score'====== Args={'value': 0, 'prev_value': 0, 'change': 0, 'player_num': 1}
2025-10-12 08:42:52,715 : INFO : EventManager : Event: ======'game_started'====== Args={}
2025-10-12 08:42:52,732 : INFO : EventManager : Event: ======'player_turn_will_start'====== Args={'player': <Player 1>, 'number': 1}
2025-10-12 08:42:52,733 : INFO : EventManager : Event: ======'slide_awesome_slide_removed'====== Args={'_from_bcp': True}
2025-10-12 08:42:52,733 : INFO : EventManager : Event: ======'slide_press_start_removed'====== Args={'_from_bcp': True}
2025-10-12 08:42:52,733 : INFO : EventManager : Event: ======'slide_window_blank_active'====== Args={'_from_bcp': True}
2025-10-12 08:42:52,734 : INFO : EventManager : Event: ======'player_turn_starting'====== Args={'player': <Player 1>, 'number': 1}
2025-10-12 08:42:52,735 : INFO : EventManager : Event: ======'player_ball'====== Args={'value': 1, 'prev_value': 0, 'change': 1, 'player_num': 1}
2025-10-12 08:42:52,735 : INFO : EventManager : Event: ======'player_turn_started'====== Args={'player': <Player 1>, 'number': 1}
2025-10-12 08:42:52,736 : INFO : EventManager : Event: ======'ball_will_start'====== Args={'player': 1, 'ball': 1, 'balls_remaining': 2, 'is_extra_ball': False}
2025-10-12 08:42:52,740 : INFO : EventManager : Event: ======'ball_starting'====== Args={'player': 1, 'ball': 1, 'balls_remaining': 2, 'is_extra_ball': False}
2025-10-12 08:42:52,748 : INFO : EventManager : Event: ======'mode_super_jets_setup_will_start'====== Args={'queue': <QueuedEvent>, 'player': 1, 'ball': 1, 'balls_remaining': 2, 'is_extra_ball': False}
2025-10-12 08:42:52,748 : INFO : EventManager : Event: ======'player_shot_jets_enabled'====== Args={'value': True, 'prev_value': 0, 'change': 1, 'player_num': 1}
2025-10-12 08:42:52,750 : INFO : EventManager : Event: ======'mode_super_jets_setup_starting'====== Args={'queue': <QueuedEvent>, 'player': 1, 'ball': 1, 'balls_remaining': 2, 'is_extra_ball': False}
2025-10-12 08:42:52,751 : INFO : drop_target_bank.TIME : All targets are already up. Will not reset bank.
2025-10-12 08:42:52,751 : INFO : EventManager : Event: ======'balls_in_play'====== Args={'balls': 1}
2025-10-12 08:42:52,752 : INFO : EventManager : Event: ======'ball_started'====== Args={'player': 1, 'ball': 1, 'balls_remaining': 2, 'is_extra_ball': False}
2025-10-12 08:42:52,752 : INFO : EventManager : Event: ======'logicblock_lb_jets_count_updated'====== Args={'value': 0, 'enabled': True}
2025-10-12 08:42:52,752 : INFO : EventManager : Event: ======'logicblock_lb_rollover_complete_count_updated'====== Args={'value': 0, 'enabled': True}
2025-10-12 08:42:52,752 : INFO : EventManager : Event: ======'logicblock_lb_jets_count_updated'====== Args={'value': 0, 'enabled': True}
2025-10-12 08:42:52,752 : INFO : EventManager : Event: ======'logicblock_lb_jets_resume_updated'====== Args={'value': 0, 'enabled': False}
2025-10-12 08:42:52,753 : INFO : EventManager : Event: ======'logicblock_lb_rollover_complete_count_updated'====== Args={'value': 0, 'enabled': True}
2025-10-12 08:42:52,753 : INFO : Mode.super_jets_setup : Started. Priority: 200
2025-10-12 08:42:52,753 : INFO : EventManager : Event: ======'modes_active_modes_changed'====== Args={}
2025-10-12 08:42:52,753 : INFO : EventManager : Event: ======'mode_super_jets_setup_started'====== Args={'queue': <QueuedEvent>, 'player': 1, 'ball': 1, 'balls_remaining': 2, 'is_extra_ball': False}
2025-10-12 08:42:52,753 : INFO : EventManager : Event: ======'mode_base_will_start'====== Args={'player': 1, 'ball': 1, 'balls_remaining': 2, 'is_extra_ball': False}
2025-10-12 08:42:52,753 : INFO : EventManager : Event: ======'player_shot_left_rollover_shot_enabled'====== Args={'value': True, 'prev_value': 0, 'change': 1, 'player_num': 1}
2025-10-12 08:42:52,754 : INFO : EventManager : Event: ======'player_shot_center_rollover_shot_enabled'====== Args={'value': True, 'prev_value': 0, 'change': 1, 'player_num': 1}
2025-10-12 08:42:52,755 : INFO : EventManager : Event: ======'player_shot_right_rollover_shot_enabled'====== Args={'value': True, 'prev_value': 0, 'change': 1, 'player_num': 1}
2025-10-12 08:42:52,755 : INFO : EventManager : Event: ======'player_shot_right_scoop_shot_enabled'====== Args={'value': True, 'prev_value': 0, 'change': 1, 'player_num': 1}
2025-10-12 08:42:52,756 : INFO : EventManager : Event: ======'player_shot_T_enabled'====== Args={'value': True, 'prev_value': 0, 'change': 1, 'player_num': 1}
2025-10-12 08:42:52,756 : INFO : EventManager : Event: ======'player_shot_I_enabled'====== Args={'value': True, 'prev_value': 0, 'change': 1, 'player_num': 1}
2025-10-12 08:42:52,756 : INFO : EventManager : Event: ======'player_shot_M_enabled'====== Args={'value': True, 'prev_value': 0, 'change': 1, 'player_num': 1}
2025-10-12 08:42:52,757 : INFO : EventManager : Event: ======'player_shot_E_enabled'====== Args={'value': True, 'prev_value': 0, 'change': 1, 'player_num': 1}
2025-10-12 08:42:52,757 : INFO : EventManager : Event: ======'player_shot_bumper1_shot_enabled'====== Args={'value': True, 'prev_value': 0, 'change': 1, 'player_num': 1}
2025-10-12 08:42:52,757 : INFO : EventManager : Event: ======'player_shot_bumper2_shot_enabled'====== Args={'value': True, 'prev_value': 0, 'change': 1, 'player_num': 1}
2025-10-12 08:42:52,757 : INFO : EventManager : Event: ======'player_shot_right_inlane_shot_enabled'====== Args={'value': True, 'prev_value': 0, 'change': 1, 'player_num': 1}
2025-10-12 08:42:52,758 : INFO : EventManager : Event: ======'rollover_lanes_complete'====== Args={'state': 'unlit'}
2025-10-12 08:42:52,758 : INFO : EventManager : Event: ======'rollover_lanes_unlit_complete'====== Args={}
2025-10-12 08:42:52,760 : INFO : EventManager : Event: ======'mode_base_starting'====== Args={'player': 1, 'ball': 1, 'balls_remaining': 2, 'is_extra_ball': False}
2025-10-12 08:42:52,761 : INFO : EventManager : Event: ======'logicblock_my_counter_updated'====== Args={'value': 0, 'enabled': True}
2025-10-12 08:42:52,762 : INFO : EventManager : Event: ======'logicblock_my_counter_updated'====== Args={'value': 0, 'enabled': True}
2025-10-12 08:42:52,762 : INFO : Mode.base : Started. Priority: 100
2025-10-12 08:42:52,762 : INFO : EventManager : Event: ======'modes_active_modes_changed'====== Args={}
2025-10-12 08:42:52,762 : INFO : EventManager : Event: ======'mode_base_started'====== Args={'player': 1, 'ball': 1, 'balls_remaining': 2, 'is_extra_ball': False}
2025-10-12 08:42:52,762 : INFO : EventManager : Event: ======'single_player_ball_started'====== Args={}
2025-10-12 08:42:52,789 : INFO : EventManager : Event: ======'ball_start_target'====== Args={'target': 'playfield'}
2025-10-12 08:42:52,815 : INFO : ball_device.bd_plunger : Setting up player-controlled eject. Balls: 1, Target: <playfield.playfield>, player_controlled_eject_event: None
2025-10-12 08:42:52,815 : INFO : EventManager : Event: ======'balldevice_balls_available'====== Args={}
2025-10-12 08:42:52,816 : INFO : EventManager : Event: ======'slide_base.slide_player-mode_base_started_created'====== Args={'_from_bcp': True}
2025-10-12 08:42:52,816 : INFO : EventManager : Event: ======'slide_base.slide_player-mode_base_started_active'====== Args={'_from_bcp': True}
2025-10-12 08:42:52,817 : INFO : ball_device.bd_trough : State: waiting_for_target_ready
2025-10-12 08:42:52,817 : INFO : EventManager : Event: ======'balldevice_bd_trough_ball_eject_attempt'====== Args={'balls': 1, 'target': <ball_device.bd_plunger>, 'source': <ball_device.bd_trough>, 'mechanical_eject': True, 'num_attempts': 0}
2025-10-12 08:42:52,818 : INFO : ball_device.bd_plunger : State: waiting_for_ball
2025-10-12 08:42:52,818 : INFO : ball_device.bd_trough : State: ejecting
2025-10-12 08:42:52,818 : INFO : ball_device.bd_trough : Ejecting ball to <ball_device.bd_plunger>
2025-10-12 08:42:52,818 : INFO : EventManager : Event: ======'balldevice_bd_trough_ejecting_ball'====== Args={'balls': 1, 'target': <ball_device.bd_plunger>, 'source': <ball_device.bd_trough>, 'mechanical_eject': True, 'num_attempts': 0}
2025-10-12 08:42:52,819 : INFO : ball_device.bd_trough : Wait for ball to leave device
2025-10-12 08:42:52,819 : INFO : coil.c_trough_eject : Pulsing Driver for 20ms (1.0 pulse_power)
2025-10-12 08:42:52,819 : INFO : SwitchController : <<<<<<< 's_trough1' inactive >>>>>>>
2025-10-12 08:42:52,824 : INFO : ball_device.bd_trough : State: ball_left
2025-10-12 08:42:52,825 : INFO : ball_device.bd_trough : Ball left
2025-10-12 08:42:52,825 : INFO : ball_device.bd_trough : Wait for confirm with timeout 3.0
2025-10-12 08:42:52,909 : INFO : SwitchController : <<<<<<< 's_plunger' active >>>>>>>
2025-10-12 08:42:52,909 : INFO : EventManager : Event: ======'machine_var_audits_switches_s_plunger'====== Args={'value': 363, 'prev_value': 362, 'change': 1}
2025-10-12 08:42:53,414 : INFO : ball_device.bd_plunger : Received ball from <ball_device.bd_trough>
2025-10-12 08:42:53,415 : INFO : EventManager : Event: ======'balldevice_bd_plunger_ball_enter'====== Args={'new_balls': 1, 'unclaimed_balls': 0, 'new_available_balls': 0, 'device': <ball_device.bd_plunger>}
2025-10-12 08:42:53,415 : INFO : EventManager : Event: ======'balldevice_bd_plunger_ball_entered'====== Args={'new_balls': 0, 'device': <ball_device.bd_plunger>}
2025-10-12 08:42:53,416 : INFO : EventManager : Event: ======'balldevice_bd_plunger_ball_count_changed'====== Args={'balls': 1}
2025-10-12 08:42:53,417 : INFO : ball_device.bd_trough : Got eject confirm
2025-10-12 08:42:53,417 : INFO : ball_device.bd_trough : Eject successful
2025-10-12 08:42:53,417 : INFO : EventManager : Event: ======'balldevice_bd_trough_ball_eject_success'====== Args={'balls': 1, 'target': <ball_device.bd_plunger>}
2025-10-12 08:42:53,419 : INFO : EventManager : Event: ======'balldevice_bd_trough_ball_count_changed'====== Args={'balls': 5}
2025-10-12 08:42:53,419 : INFO : ball_device.bd_trough : State: idle
2025-10-12 08:42:53,419 : INFO : ball_device.bd_plunger : State: waiting_for_target_ready
2025-10-12 08:42:53,421 : INFO : EventManager : Event: ======'balldevice_bd_plunger_ball_eject_attempt'====== Args={'balls': 1, 'target': <playfield.playfield>, 'source': <ball_device.bd_plunger>, 'mechanical_eject': True, 'num_attempts': 0}
2025-10-12 08:42:53,421 : INFO : ball_device.bd_plunger : State: ejecting
2025-10-12 08:42:53,422 : INFO : ball_device.bd_plunger : Ejecting ball to <playfield.playfield>
2025-10-12 08:42:53,422 : INFO : EventManager : Event: ======'balldevice_bd_plunger_ejecting_ball'====== Args={'balls': 1, 'target': <playfield.playfield>, 'source': <ball_device.bd_plunger>, 'mechanical_eject': True, 'num_attempts': 0}
2025-10-12 08:42:53,425 : INFO : ball_device.bd_plunger : Wait for ball to leave device
2025-10-12 08:42:54,271 : WARNING : SwitchController : Received duplicate switch state 1 for switch s_plunger from the platform interface. Log Code: Log-SwitchController-1 (https://missionpinball.org/logs)
2025-10-12 08:42:54,373 : INFO : SwitchController : <<<<<<< 's_plunger' inactive >>>>>>>
2025-10-12 08:42:54,398 : INFO : ball_device.bd_plunger : State: ball_left
2025-10-12 08:42:54,399 : INFO : ball_device.bd_plunger : Ball left
2025-10-12 08:42:54,399 : INFO : ball_device.bd_plunger : Wait for confirm with timeout 5.0
2025-10-12 08:42:56,318 : INFO : SwitchController : <<<<<<< 's_right_rollover' active >>>>>>>
2025-10-12 08:42:56,318 : INFO : EventManager : Event: ======'playfield_active'====== Args={}
2025-10-12 08:42:56,318 : INFO : EventManager : Event: ======'s_right_rollover_active'====== Args={}
2025-10-12 08:42:56,319 : INFO : EventManager : Event: ======'machine_var_audits_switches_s_right_rollover'====== Args={'value': 295, 'prev_value': 294, 'change': 1}
2025-10-12 08:42:56,323 : INFO : EventManager : Event: ======'player_shot_right_rollover_shot'====== Args={'value': 1, 'prev_value': 0, 'change': 1, 'player_num': 1}
2025-10-12 08:42:56,324 : INFO : EventManager : Event: ======'machine_var_audits_shots_right_rollover_shot'====== Args={'value': 286, 'prev_value': 285, 'change': 1}
2025-10-12 08:42:56,326 : INFO : EventManager : Event: ======'right_rollover_shot_hit'====== Args={'profile': 'default', 'state': 'unlit', 'advancing': True}
2025-10-12 08:42:56,327 : INFO : EventManager : Event: ======'right_rollover_shot_default_hit'====== Args={'profile': 'default', 'state': 'unlit', 'advancing': True}
2025-10-12 08:42:56,327 : INFO : EventManager : Event: ======'right_rollover_shot_default_unlit_hit'====== Args={'profile': 'default', 'state': 'unlit', 'advancing': True}
2025-10-12 08:42:56,329 : INFO : EventManager : Event: ======'right_rollover_shot_unlit_hit'====== Args={'profile': 'default', 'state': 'unlit', 'advancing': True}
2025-10-12 08:42:56,330 : INFO : EventManager : Event: ======'player_score'====== Args={'value': 300, 'prev_value': 0, 'change': 300, 'player_num': 1, 'source': 'base'}
2025-10-12 08:42:56,330 : INFO : EventManager : Event: ======'rollover_lanes_hit'====== Args={}
2025-10-12 08:42:56,331 : INFO : EventManager : Event: ======'rollover_lanes_unlit_hit'====== Args={}
2025-10-12 08:42:56,404 : INFO : ball_device.bd_plunger : Got eject confirm
2025-10-12 08:42:56,405 : INFO : ball_device.bd_plunger : Eject successful
2025-10-12 08:42:56,405 : INFO : EventManager : Event: ======'balldevice_bd_plunger_ball_eject_success'====== Args={'balls': 1, 'target': <playfield.playfield>}
2025-10-12 08:42:56,405 : INFO : EventManager : Event: ======'balldevice_playfield_ball_enter'====== Args={'new_balls': 1, 'unclaimed_balls': 1, 'device': <playfield.playfield>}
2025-10-12 08:42:56,405 : INFO : EventManager : Event: ======'playfield_ball_count_change'====== Args={'balls': 1, 'change': 1}
2025-10-12 08:42:56,406 : INFO : EventManager : Event: ======'balldevice_bd_plunger_ball_count_changed'====== Args={'balls': 0}
2025-10-12 08:42:56,406 : INFO : ball_device.bd_plunger : State: idle
2025-10-12 08:42:56,460 : INFO : SwitchController : <<<<<<< 's_right_rollover' inactive >>>>>>>
2025-10-12 08:42:58,036 : INFO : SwitchController : <<<<<<< 's_bumper2' active >>>>>>>
2025-10-12 08:42:58,036 : INFO : EventManager : Event: ======'s_bumper2_active'====== Args={}
2025-10-12 08:42:58,036 : INFO : EventManager : Event: ======'machine_var_audits_switches_s_bumper2'====== Args={'value': 473, 'prev_value': 472, 'change': 1}
2025-10-12 08:42:58,037 : INFO : EventManager : Event: ======'player_shot_jets'====== Args={'value': 1, 'prev_value': 0, 'change': 1, 'player_num': 1}
2025-10-12 08:42:58,038 : INFO : EventManager : Event: ======'machine_var_audits_shots_jets'====== Args={'value': 560, 'prev_value': 559, 'change': 1}
2025-10-12 08:42:58,038 : INFO : EventManager : Event: ======'jets_hit'====== Args={'profile': 'default', 'state': 'unlit', 'advancing': True}
2025-10-12 08:42:58,039 : INFO : EventManager : Event: ======'jets_default_hit'====== Args={'profile': 'default', 'state': 'unlit', 'advancing': True}
2025-10-12 08:42:58,039 : INFO : EventManager : Event: ======'jets_default_unlit_hit'====== Args={'profile': 'default', 'state': 'unlit', 'advancing': True}
2025-10-12 08:42:58,039 : INFO : EventManager : Event: ======'jets_unlit_hit'====== Args={'profile': 'default', 'state': 'unlit', 'advancing': True}
2025-10-12 08:42:58,039 : INFO : EventManager : Event: ======'player_shot_bumper2_shot'====== Args={'value': 1, 'prev_value': 0, 'change': 1, 'player_num': 1}
2025-10-12 08:42:58,039 : INFO : EventManager : Event: ======'machine_var_audits_shots_bumper2_shot'====== Args={'value': 469, 'prev_value': 468, 'change': 1}
2025-10-12 08:42:58,040 : INFO : EventManager : Event: ======'bumper2_shot_hit'====== Args={'profile': 'default', 'state': 'unlit', 'advancing': True}
2025-10-12 08:42:58,040 : INFO : EventManager : Event: ======'bumper2_shot_default_hit'====== Args={'profile': 'default', 'state': 'unlit', 'advancing': True}
2025-10-12 08:42:58,040 : INFO : EventManager : Event: ======'bumper2_shot_default_unlit_hit'====== Args={'profile': 'default', 'state': 'unlit', 'advancing': True}
2025-10-12 08:42:58,040 : INFO : EventManager : Event: ======'bumper2_shot_unlit_hit'====== Args={'profile': 'default', 'state': 'unlit', 'advancing': True}
2025-10-12 08:42:58,041 : INFO : EventManager : Event: ======'logicblock_lb_jets_count_updated'====== Args={'value': 1, 'enabled': True}
2025-10-12 08:42:58,041 : INFO : EventManager : Event: ======'counter_lb_jets_count_hit'====== Args={'count': 1, 'hits': 1, 'remaining': 9}
2025-10-12 08:42:58,041 : INFO : EventManager : Event: ======'logicblock_lb_jets_count_hit'====== Args={'count': 1, 'hits': 1, 'remaining': 9}
2025-10-12 08:42:58,041 : INFO : EventManager : Event: ======'player_score'====== Args={'value': 400, 'prev_value': 300, 'change': 100, 'player_num': 1, 'source': 'base'}
2025-10-12 08:42:58,177 : INFO : SwitchController : <<<<<<< 's_bumper2' inactive >>>>>>>
2025-10-12 08:43:01,166 : INFO : SwitchController : <<<<<<< 's_T' active >>>>>>>
2025-10-12 08:43:01,167 : INFO : EventManager : Event: ======'s_T_active'====== Args={}
2025-10-12 08:43:01,167 : INFO : EventManager : Event: ======'drop_target_T_down'====== Args={'device': <drop_target.T>}
2025-10-12 08:43:01,168 : INFO : EventManager : Event: ======'drop_target_bank_TIME_mixed'====== Args={'prev_value': <DropTargetBankState.UP: 'up'>, 'down': 1}
2025-10-12 08:43:01,168 : INFO : EventManager : Event: ======'machine_var_audits_switches_s_T'====== Args={'value': 5, 'prev_value': 4, 'change': 1}
2025-10-12 08:43:01,172 : INFO : EventManager : Event: ======'player_shot_T'====== Args={'value': 1, 'prev_value': 0, 'change': 1, 'player_num': 1}
2025-10-12 08:43:01,173 : INFO : EventManager : Event: ======'machine_var_audits_shots_T'====== Args={'value': 1, 'prev_value': None, 'change': True}
2025-10-12 08:43:01,175 : INFO : EventManager : Event: ======'T_hit'====== Args={'profile': 'default', 'state': 'unlit', 'advancing': True}
2025-10-12 08:43:01,175 : INFO : EventManager : Event: ======'T_default_hit'====== Args={'profile': 'default', 'state': 'unlit', 'advancing': True}
2025-10-12 08:43:01,175 : INFO : EventManager : Event: ======'T_default_unlit_hit'====== Args={'profile': 'default', 'state': 'unlit', 'advancing': True}
2025-10-12 08:43:01,175 : INFO : EventManager : Event: ======'T_unlit_hit'====== Args={'profile': 'default', 'state': 'unlit', 'advancing': True}
2025-10-12 08:43:01,316 : INFO : SwitchController : <<<<<<< 's_T' inactive >>>>>>>
2025-10-12 08:43:01,316 : INFO : EventManager : Event: ======'drop_target_T_up'====== Args={'device': <drop_target.T>}
2025-10-12 08:43:01,316 : INFO : EventManager : Event: ======'drop_target_bank_TIME_up'====== Args={}
2025-10-12 08:43:06,685 : INFO : SwitchController : <<<<<<< 's_I' active >>>>>>>
2025-10-12 08:43:06,686 : INFO : EventManager : Event: ======'s_I_active'====== Args={}
2025-10-12 08:43:06,687 : INFO : EventManager : Event: ======'drop_target_I_down'====== Args={'device': <drop_target.I>}
2025-10-12 08:43:06,690 : INFO : EventManager : Event: ======'drop_target_bank_TIME_mixed'====== Args={'prev_value': <DropTargetBankState.UP: 'up'>, 'down': 1}
2025-10-12 08:43:06,691 : INFO : EventManager : Event: ======'machine_var_audits_switches_s_I'====== Args={'value': 5, 'prev_value': 4, 'change': 1}
2025-10-12 08:43:06,697 : INFO : EventManager : Event: ======'player_shot_I'====== Args={'value': 1, 'prev_value': 0, 'change': 1, 'player_num': 1}
2025-10-12 08:43:06,698 : INFO : EventManager : Event: ======'machine_var_audits_shots_I'====== Args={'value': 1, 'prev_value': None, 'change': True}
2025-10-12 08:43:06,701 : INFO : EventManager : Event: ======'I_hit'====== Args={'profile': 'default', 'state': 'unlit', 'advancing': True}
2025-10-12 08:43:06,701 : INFO : EventManager : Event: ======'I_default_hit'====== Args={'profile': 'default', 'state': 'unlit', 'advancing': True}
2025-10-12 08:43:06,701 : INFO : EventManager : Event: ======'I_default_unlit_hit'====== Args={'profile': 'default', 'state': 'unlit', 'advancing': True}
2025-10-12 08:43:06,703 : INFO : EventManager : Event: ======'I_unlit_hit'====== Args={'profile': 'default', 'state': 'unlit', 'advancing': True}
2025-10-12 08:43:06,822 : INFO : SwitchController : <<<<<<< 's_I' inactive >>>>>>>
2025-10-12 08:43:06,823 : INFO : EventManager : Event: ======'drop_target_I_up'====== Args={'device': <drop_target.I>}
2025-10-12 08:43:06,823 : INFO : EventManager : Event: ======'drop_target_bank_TIME_up'====== Args={}
2025-10-12 08:43:07,974 : INFO : SwitchController : <<<<<<< 's_M' active >>>>>>>
2025-10-12 08:43:07,974 : INFO : EventManager : Event: ======'s_M_active'====== Args={}
2025-10-12 08:43:07,975 : INFO : EventManager : Event: ======'drop_target_M_down'====== Args={'device': <drop_target.M>}
2025-10-12 08:43:07,976 : INFO : EventManager : Event: ======'drop_target_bank_TIME_mixed'====== Args={'prev_value': <DropTargetBankState.UP: 'up'>, 'down': 1}
2025-10-12 08:43:07,976 : INFO : EventManager : Event: ======'machine_var_audits_switches_s_M'====== Args={'value': 5, 'prev_value': 4, 'change': 1}
2025-10-12 08:43:07,979 : INFO : EventManager : Event: ======'player_shot_M'====== Args={'value': 1, 'prev_value': 0, 'change': 1, 'player_num': 1}
2025-10-12 08:43:07,980 : INFO : EventManager : Event: ======'machine_var_audits_shots_M'====== Args={'value': 1, 'prev_value': None, 'change': True}
2025-10-12 08:43:07,982 : INFO : EventManager : Event: ======'M_hit'====== Args={'profile': 'default', 'state': 'unlit', 'advancing': True}
2025-10-12 08:43:07,982 : INFO : EventManager : Event: ======'M_default_hit'====== Args={'profile': 'default', 'state': 'unlit', 'advancing': True}
2025-10-12 08:43:07,982 : INFO : EventManager : Event: ======'M_default_unlit_hit'====== Args={'profile': 'default', 'state': 'unlit', 'advancing': True}
2025-10-12 08:43:07,982 : INFO : EventManager : Event: ======'M_unlit_hit'====== Args={'profile': 'default', 'state': 'unlit', 'advancing': True}
2025-10-12 08:43:08,115 : INFO : SwitchController : <<<<<<< 's_M' inactive >>>>>>>
2025-10-12 08:43:08,116 : INFO : EventManager : Event: ======'drop_target_M_up'====== Args={'device': <drop_target.M>}
2025-10-12 08:43:08,116 : INFO : EventManager : Event: ======'drop_target_bank_TIME_up'====== Args={}
2025-10-12 08:43:09,180 : INFO : SwitchController : <<<<<<< 's_E' active >>>>>>>
2025-10-12 08:43:09,180 : INFO : EventManager : Event: ======'s_E_active'====== Args={}
2025-10-12 08:43:09,181 : INFO : EventManager : Event: ======'drop_target_E_down'====== Args={'device': <drop_target.E>}
2025-10-12 08:43:09,181 : INFO : EventManager : Event: ======'drop_target_bank_TIME_mixed'====== Args={'prev_value': <DropTargetBankState.UP: 'up'>, 'down': 1}
2025-10-12 08:43:09,181 : INFO : EventManager : Event: ======'machine_var_audits_switches_s_E'====== Args={'value': 5, 'prev_value': 4, 'change': 1}
2025-10-12 08:43:09,182 : INFO : EventManager : Event: ======'player_shot_E'====== Args={'value': 1, 'prev_value': 0, 'change': 1, 'player_num': 1}
2025-10-12 08:43:09,183 : INFO : EventManager : Event: ======'machine_var_audits_shots_E'====== Args={'value': 1, 'prev_value': None, 'change': True}
2025-10-12 08:43:09,184 : INFO : EventManager : Event: ======'E_hit'====== Args={'profile': 'default', 'state': 'unlit', 'advancing': True}
2025-10-12 08:43:09,184 : INFO : EventManager : Event: ======'E_default_hit'====== Args={'profile': 'default', 'state': 'unlit', 'advancing': True}
2025-10-12 08:43:09,184 : INFO : EventManager : Event: ======'E_default_unlit_hit'====== Args={'profile': 'default', 'state': 'unlit', 'advancing': True}
2025-10-12 08:43:09,184 : INFO : EventManager : Event: ======'E_unlit_hit'====== Args={'profile': 'default', 'state': 'unlit', 'advancing': True}
2025-10-12 08:43:09,309 : INFO : SwitchController : <<<<<<< 's_E' inactive >>>>>>>
2025-10-12 08:43:09,309 : INFO : EventManager : Event: ======'drop_target_E_up'====== Args={'device': <drop_target.E>}
2025-10-12 08:43:09,309 : INFO : EventManager : Event: ======'drop_target_bank_TIME_up'====== Args={}
2025-10-12 08:43:24,533 : INFO : SwitchController : <<<<<<< 's_trough1' active >>>>>>>
2025-10-12 08:43:24,533 : INFO : EventManager : Event: ======'machine_var_audits_switches_s_trough1'====== Args={'value': 237, 'prev_value': 236, 'change': 1}
2025-10-12 08:43:25,024 : INFO : EventManager : Event: ======'balldevice_bd_trough_ball_count_changed'====== Args={'balls': 6}
2025-10-12 08:43:25,024 : INFO : ball_device.bd_trough : Received unexpected ball
2025-10-12 08:43:25,024 : INFO : EventManager : Event: ======'balldevice_captured_from_playfield'====== Args={'balls': 1}
2025-10-12 08:43:25,025 : INFO : EventManager : Event: ======'sw_playfield_active'====== Args={'balls': 1}
2025-10-12 08:43:25,026 : INFO : EventManager : Event: ======'playfield_ball_count_change'====== Args={'balls': 0, 'change': -1}
2025-10-12 08:43:25,027 : INFO : EventManager : Event: ======'balldevice_bd_trough_ball_enter'====== Args={'new_balls': 1, 'unclaimed_balls': 1, 'new_available_balls': 1, 'device': <ball_device.bd_trough>}
2025-10-12 08:43:25,028 : INFO : EventManager : Event: ======'ball_drain'====== Args={'device': <ball_device.bd_trough>, 'balls': 1}
2025-10-12 08:43:25,029 : INFO : EventManager : Event: ======'ball_will_end'====== Args={}
2025-10-12 08:43:25,030 : INFO : EventManager : Event: ======'balldevice_balls_available'====== Args={}
2025-10-12 08:43:25,030 : INFO : EventManager : Event: ======'balldevice_bd_trough_ball_entered'====== Args={'new_balls': 1, 'device': <ball_device.bd_trough>}
2025-10-12 08:43:25,031 : INFO : EventManager : Event: ======'ball_ending'====== Args={}
2025-10-12 08:43:25,032 : INFO : EventManager : Event: ======'mode_super_jets_setup_will_stop'====== Args={}
2025-10-12 08:43:25,032 : INFO : EventManager : Event: ======'mode_super_jets_setup_stopping'====== Args={}
2025-10-12 08:43:25,032 : INFO : EventManager : Event: ======'mode_base_will_stop'====== Args={}
2025-10-12 08:43:25,032 : INFO : EventManager : Event: ======'mode_base_stopping'====== Args={}
2025-10-12 08:43:25,032 : INFO : Mode.base : Stopped.
2025-10-12 08:43:25,032 : INFO : EventManager : Event: ======'modes_active_modes_changed'====== Args={}
2025-10-12 08:43:25,033 : INFO : EventManager : Event: ======'mode_base_stopped'====== Args={}
2025-10-12 08:43:25,033 : INFO : EventManager : Event: ======'clear'====== Args={'key': 'base'}
2025-10-12 08:43:25,034 : INFO : Mode.super_jets_setup : Stopped.
2025-10-12 08:43:25,034 : INFO : EventManager : Event: ======'modes_active_modes_changed'====== Args={}
2025-10-12 08:43:25,035 : INFO : EventManager : Event: ======'mode_super_jets_setup_stopped'====== Args={}
2025-10-12 08:43:25,035 : INFO : EventManager : Event: ======'clear'====== Args={'key': 'super_jets_setup'}
2025-10-12 08:43:25,068 : INFO : EventManager : Event: ======'ball_ended'====== Args={}
2025-10-12 08:43:25,071 : INFO : EventManager : Event: ======'slide_base.slide_player-mode_base_started_removed'====== Args={'_from_bcp': True}
2025-10-12 08:43:25,071 : INFO : EventManager : Event: ======'slide_window_blank_active'====== Args={'_from_bcp': True}
2025-10-12 08:43:25,071 : INFO : EventManager : Event: ======'player_turn_will_end'====== Args={'player': <Player 1>, 'number': 1}
2025-10-12 08:43:25,079 : INFO : EventManager : Event: ======'player_turn_ending'====== Args={'player': <Player 1>, 'number': 1}
2025-10-12 08:43:25,079 : INFO : EventManager : Event: ======'player_turn_ended'====== Args={'player': <Player 1>, 'number': 1}
2025-10-12 08:43:25,079 : INFO : EventManager : Event: ======'player_turn_will_start'====== Args={'player': <Player 1>, 'number': 1}
2025-10-12 08:43:25,080 : INFO : EventManager : Event: ======'player_turn_starting'====== Args={'player': <Player 1>, 'number': 1}
2025-10-12 08:43:25,080 : INFO : EventManager : Event: ======'player_ball'====== Args={'value': 2, 'prev_value': 1, 'change': 1, 'player_num': 1}
2025-10-12 08:43:25,081 : INFO : EventManager : Event: ======'player_turn_started'====== Args={'player': <Player 1>, 'number': 1}
2025-10-12 08:43:25,082 : INFO : EventManager : Event: ======'ball_will_start'====== Args={'player': 1, 'ball': 2, 'balls_remaining': 1, 'is_extra_ball': False}
2025-10-12 08:43:25,085 : INFO : EventManager : Event: ======'ball_starting'====== Args={'player': 1, 'ball': 2, 'balls_remaining': 1, 'is_extra_ball': False}
2025-10-12 08:43:25,086 : INFO : EventManager : Event: ======'mode_super_jets_setup_will_start'====== Args={'queue': <QueuedEvent>, 'player': 1, 'ball': 2, 'balls_remaining': 1, 'is_extra_ball': False}
2025-10-12 08:43:25,087 : INFO : EventManager : Event: ======'mode_super_jets_setup_starting'====== Args={'queue': <QueuedEvent>, 'player': 1, 'ball': 2, 'balls_remaining': 1, 'is_extra_ball': False}
2025-10-12 08:43:25,088 : INFO : drop_target_bank.TIME : All targets are already up. Will not reset bank.
2025-10-12 08:43:25,088 : INFO : EventManager : Event: ======'balls_in_play'====== Args={'balls': 1}
2025-10-12 08:43:25,088 : INFO : EventManager : Event: ======'ball_started'====== Args={'player': 1, 'ball': 2, 'balls_remaining': 1, 'is_extra_ball': False}
2025-10-12 08:43:25,089 : INFO : EventManager : Event: ======'logicblock_lb_rollover_complete_count_updated'====== Args={'value': 0, 'enabled': True}
2025-10-12 08:43:25,089 : INFO : EventManager : Event: ======'logicblock_lb_jets_count_updated'====== Args={'value': 1, 'enabled': True}
2025-10-12 08:43:25,089 : INFO : EventManager : Event: ======'logicblock_lb_jets_resume_updated'====== Args={'value': 0, 'enabled': False}
2025-10-12 08:43:25,089 : INFO : EventManager : Event: ======'logicblock_lb_rollover_complete_count_updated'====== Args={'value': 0, 'enabled': True}
2025-10-12 08:43:25,089 : INFO : Mode.super_jets_setup : Started. Priority: 200
2025-10-12 08:43:25,089 : INFO : EventManager : Event: ======'modes_active_modes_changed'====== Args={}
2025-10-12 08:43:25,089 : INFO : EventManager : Event: ======'mode_super_jets_setup_started'====== Args={'queue': <QueuedEvent>, 'player': 1, 'ball': 2, 'balls_remaining': 1, 'is_extra_ball': False}
2025-10-12 08:43:25,090 : INFO : EventManager : Event: ======'mode_base_will_start'====== Args={'player': 1, 'ball': 2, 'balls_remaining': 1, 'is_extra_ball': False}
2025-10-12 08:43:25,094 : INFO : EventManager : Event: ======'mode_base_starting'====== Args={'player': 1, 'ball': 2, 'balls_remaining': 1, 'is_extra_ball': False}
2025-10-12 08:43:25,095 : INFO : EventManager : Event: ======'logicblock_my_counter_updated'====== Args={'value': 0, 'enabled': True}
2025-10-12 08:43:25,095 : INFO : EventManager : Event: ======'logicblock_my_counter_updated'====== Args={'value': 0, 'enabled': True}
2025-10-12 08:43:25,095 : INFO : Mode.base : Started. Priority: 100
2025-10-12 08:43:25,095 : INFO : EventManager : Event: ======'modes_active_modes_changed'====== Args={}
2025-10-12 08:43:25,095 : INFO : EventManager : Event: ======'mode_base_started'====== Args={'player': 1, 'ball': 2, 'balls_remaining': 1, 'is_extra_ball': False}
2025-10-12 08:43:25,096 : INFO : EventManager : Event: ======'single_player_ball_started'====== Args={}
2025-10-12 08:43:25,120 : INFO : EventManager : Event: ======'ball_start_target'====== Args={'target': 'playfield'}
2025-10-12 08:43:25,147 : INFO : ball_device.bd_plunger : Setting up player-controlled eject. Balls: 1, Target: <playfield.playfield>, player_controlled_eject_event: None
2025-10-12 08:43:25,147 : INFO : EventManager : Event: ======'balldevice_balls_available'====== Args={}
2025-10-12 08:43:25,148 : INFO : EventManager : Event: ======'slide_base.slide_player-mode_base_started_created'====== Args={'_from_bcp': True}
2025-10-12 08:43:25,148 : INFO : EventManager : Event: ======'slide_base.slide_player-mode_base_started_active'====== Args={'_from_bcp': True}
2025-10-12 08:43:25,149 : INFO : ball_device.bd_trough : State: waiting_for_target_ready
2025-10-12 08:43:25,149 : INFO : EventManager : Event: ======'balldevice_bd_trough_ball_eject_attempt'====== Args={'balls': 1, 'target': <ball_device.bd_plunger>, 'source': <ball_device.bd_trough>, 'mechanical_eject': True, 'num_attempts': 0}
2025-10-12 08:43:25,149 : INFO : ball_device.bd_plunger : State: waiting_for_ball
2025-10-12 08:43:25,150 : INFO : ball_device.bd_trough : State: ejecting
2025-10-12 08:43:25,150 : INFO : ball_device.bd_trough : Ejecting ball to <ball_device.bd_plunger>
2025-10-12 08:43:25,150 : INFO : EventManager : Event: ======'balldevice_bd_trough_ejecting_ball'====== Args={'balls': 1, 'target': <ball_device.bd_plunger>, 'source': <ball_device.bd_trough>, 'mechanical_eject': True, 'num_attempts': 0}
2025-10-12 08:43:25,151 : INFO : ball_device.bd_trough : Wait for ball to leave device
2025-10-12 08:43:25,151 : INFO : coil.c_trough_eject : Pulsing Driver for 20ms (1.0 pulse_power)
2025-10-12 08:43:25,151 : INFO : SwitchController : <<<<<<< 's_trough1' inactive >>>>>>>
2025-10-12 08:43:25,157 : INFO : ball_device.bd_trough : State: ball_left
2025-10-12 08:43:25,157 : INFO : ball_device.bd_trough : Ball left
2025-10-12 08:43:25,157 : INFO : ball_device.bd_trough : Wait for confirm with timeout 3.0
2025-10-12 08:43:25,240 : INFO : SwitchController : <<<<<<< 's_plunger' active >>>>>>>
2025-10-12 08:43:25,240 : INFO : EventManager : Event: ======'machine_var_audits_switches_s_plunger'====== Args={'value': 364, 'prev_value': 363, 'change': 1}
2025-10-12 08:43:25,765 : INFO : ball_device.bd_plunger : Received ball from <ball_device.bd_trough>
2025-10-12 08:43:25,765 : INFO : EventManager : Event: ======'balldevice_bd_plunger_ball_enter'====== Args={'new_balls': 1, 'unclaimed_balls': 0, 'new_available_balls': 0, 'device': <ball_device.bd_plunger>}
2025-10-12 08:43:25,767 : INFO : EventManager : Event: ======'balldevice_bd_plunger_ball_entered'====== Args={'new_balls': 0, 'device': <ball_device.bd_plunger>}
2025-10-12 08:43:25,767 : INFO : EventManager : Event: ======'balldevice_bd_plunger_ball_count_changed'====== Args={'balls': 1}
2025-10-12 08:43:25,768 : INFO : ball_device.bd_trough : Got eject confirm
2025-10-12 08:43:25,768 : INFO : ball_device.bd_trough : Eject successful
2025-10-12 08:43:25,768 : INFO : EventManager : Event: ======'balldevice_bd_trough_ball_eject_success'====== Args={'balls': 1, 'target': <ball_device.bd_plunger>}
2025-10-12 08:43:25,769 : INFO : EventManager : Event: ======'balldevice_bd_trough_ball_count_changed'====== Args={'balls': 5}
2025-10-12 08:43:25,769 : INFO : ball_device.bd_trough : State: idle
2025-10-12 08:43:25,770 : INFO : ball_device.bd_plunger : State: waiting_for_target_ready
2025-10-12 08:43:25,771 : INFO : EventManager : Event: ======'balldevice_bd_plunger_ball_eject_attempt'====== Args={'balls': 1, 'target': <playfield.playfield>, 'source': <ball_device.bd_plunger>, 'mechanical_eject': True, 'num_attempts': 0}
2025-10-12 08:43:25,772 : INFO : ball_device.bd_plunger : State: ejecting
2025-10-12 08:43:25,772 : INFO : ball_device.bd_plunger : Ejecting ball to <playfield.playfield>
2025-10-12 08:43:25,773 : INFO : EventManager : Event: ======'balldevice_bd_plunger_ejecting_ball'====== Args={'balls': 1, 'target': <playfield.playfield>, 'source': <ball_device.bd_plunger>, 'mechanical_eject': True, 'num_attempts': 0}
2025-10-12 08:43:25,775 : INFO : ball_device.bd_plunger : Wait for ball to leave device
2025-10-12 08:43:34,863 : WARNING : SwitchController : Received duplicate switch state 1 for switch s_plunger from the platform interface. Log Code: Log-SwitchController-1 (https://missionpinball.org/logs)
2025-10-12 08:43:34,960 : INFO : SwitchController : <<<<<<< 's_plunger' inactive >>>>>>>
2025-10-12 08:43:34,987 : INFO : ball_device.bd_plunger : State: ball_left
2025-10-12 08:43:34,989 : INFO : ball_device.bd_plunger : Ball left
2025-10-12 08:43:34,989 : INFO : ball_device.bd_plunger : Wait for confirm with timeout 5.0
2025-10-12 08:43:39,987 : INFO : ball_device.bd_plunger : State: failed_confirm
2025-10-12 08:43:39,987 : INFO : ball_device.bd_plunger : Got timeout (5.0s) before confirm from <playfield.playfield>
2025-10-12 08:43:40,090 : INFO : ball_device.bd_plunger : Confirming eject because target is playfield and ball did not return.
2025-10-12 08:43:40,090 : INFO : ball_device.bd_plunger : Eject successful
2025-10-12 08:43:40,090 : INFO : EventManager : Event: ======'balldevice_bd_plunger_ball_eject_success'====== Args={'balls': 1, 'target': <playfield.playfield>}
2025-10-12 08:43:40,091 : INFO : EventManager : Event: ======'balldevice_playfield_ball_enter'====== Args={'new_balls': 1, 'unclaimed_balls': 1, 'device': <playfield.playfield>}
2025-10-12 08:43:40,091 : INFO : EventManager : Event: ======'playfield_ball_count_change'====== Args={'balls': 1, 'change': 1}
2025-10-12 08:43:40,091 : INFO : EventManager : Event: ======'balldevice_bd_plunger_ball_count_changed'====== Args={'balls': 0}
2025-10-12 08:43:40,091 : INFO : ball_device.bd_plunger : State: idle
2025-10-12 08:43:40,966 : INFO : SwitchController : <<<<<<< 's_center_rollover' active >>>>>>>
2025-10-12 08:43:40,966 : INFO : EventManager : Event: ======'s_center_rollover_active'====== Args={}
2025-10-12 08:43:40,967 : INFO : EventManager : Event: ======'machine_var_audits_switches_s_center_rollover'====== Args={'value': 285, 'prev_value': 284, 'change': 1}
2025-10-12 08:43:40,971 : INFO : EventManager : Event: ======'player_shot_center_rollover_shot'====== Args={'value': 1, 'prev_value': 0, 'change': 1, 'player_num': 1}
2025-10-12 08:43:40,974 : INFO : EventManager : Event: ======'machine_var_audits_shots_center_rollover_shot'====== Args={'value': 276, 'prev_value': 275, 'change': 1}
2025-10-12 08:43:40,975 : INFO : EventManager : Event: ======'center_rollover_shot_hit'====== Args={'profile': 'default', 'state': 'unlit', 'advancing': True}
2025-10-12 08:43:40,977 : INFO : EventManager : Event: ======'center_rollover_shot_default_hit'====== Args={'profile': 'default', 'state': 'unlit', 'advancing': True}
2025-10-12 08:43:40,977 : INFO : EventManager : Event: ======'center_rollover_shot_default_unlit_hit'====== Args={'profile': 'default', 'state': 'unlit', 'advancing': True}
2025-10-12 08:43:40,978 : INFO : EventManager : Event: ======'center_rollover_shot_unlit_hit'====== Args={'profile': 'default', 'state': 'unlit', 'advancing': True}
2025-10-12 08:43:40,978 : INFO : EventManager : Event: ======'player_score'====== Args={'value': 600, 'prev_value': 400, 'change': 200, 'player_num': 1, 'source': 'base'}
2025-10-12 08:43:40,979 : INFO : EventManager : Event: ======'rollover_lanes_hit'====== Args={}
2025-10-12 08:43:40,979 : INFO : EventManager : Event: ======'rollover_lanes_unlit_hit'====== Args={}
2025-10-12 08:43:41,113 : INFO : SwitchController : <<<<<<< 's_center_rollover' inactive >>>>>>>
2025-10-12 08:43:42,059 : INFO : SwitchController : <<<<<<< 's_left_rollover' active >>>>>>>
2025-10-12 08:43:42,059 : INFO : EventManager : Event: ======'s_left_rollover_active'====== Args={}
2025-10-12 08:43:42,060 : INFO : EventManager : Event: ======'machine_var_audits_switches_s_left_rollover'====== Args={'value': 228, 'prev_value': 227, 'change': 1}
2025-10-12 08:43:42,060 : INFO : EventManager : Event: ======'player_shot_left_rollover_shot'====== Args={'value': 1, 'prev_value': 0, 'change': 1, 'player_num': 1}
2025-10-12 08:43:42,061 : INFO : EventManager : Event: ======'machine_var_audits_shots_left_rollover_shot'====== Args={'value': 220, 'prev_value': 219, 'change': 1}
2025-10-12 08:43:42,061 : INFO : EventManager : Event: ======'left_rollover_shot_hit'====== Args={'profile': 'default', 'state': 'unlit', 'advancing': True}
2025-10-12 08:43:42,062 : INFO : EventManager : Event: ======'left_rollover_shot_default_hit'====== Args={'profile': 'default', 'state': 'unlit', 'advancing': True}
2025-10-12 08:43:42,062 : INFO : EventManager : Event: ======'left_rollover_shot_default_unlit_hit'====== Args={'profile': 'default', 'state': 'unlit', 'advancing': True}
2025-10-12 08:43:42,062 : INFO : EventManager : Event: ======'left_rollover_shot_unlit_hit'====== Args={'profile': 'default', 'state': 'unlit', 'advancing': True}
2025-10-12 08:43:42,062 : INFO : EventManager : Event: ======'rollover_lanes_complete'====== Args={'state': 'lit'}
2025-10-12 08:43:42,062 : INFO : EventManager : Event: ======'rollover_lanes_lit_complete'====== Args={}
2025-10-12 08:43:42,062 : INFO : EventManager : Event: ======'mode_skillshot_will_start'====== Args={}
2025-10-12 08:43:42,063 : INFO : EventManager : Event: ======'player_skillshot_skillshot_timer_tick'====== Args={'value': 5, 'prev_value': 0, 'change': 5, 'player_num': 1}
2025-10-12 08:43:42,063 : INFO : Timer.skillshot_timer : Starting Timer.
2025-10-12 08:43:42,063 : INFO : EventManager : Event: ======'timer_skillshot_timer_started'====== Args={'ticks': 5, 'ticks_remaining': 5}
2025-10-12 08:43:42,063 : INFO : EventManager : Event: ======'timer_skillshot_timer_tick'====== Args={'ticks': 5, 'ticks_remaining': 5}
2025-10-12 08:43:42,063 : INFO : EventManager : Event: ======'player_skillshot_target_rotator_tick'====== Args={'value': 0, 'prev_value': 0, 'change': 0, 'player_num': 1}
2025-10-12 08:43:42,064 : INFO : Timer.target_rotator : Starting Timer.
2025-10-12 08:43:42,064 : INFO : EventManager : Event: ======'timer_target_rotator_started'====== Args={'ticks': 0, 'ticks_remaining': 0}
2025-10-12 08:43:42,064 : INFO : EventManager : Event: ======'timer_target_rotator_tick'====== Args={'ticks': 0, 'ticks_remaining': 0}
2025-10-12 08:43:42,064 : INFO : EventManager : Event: ======'standups_skill_complete'====== Args={'state': 'None'}
2025-10-12 08:43:42,064 : INFO : EventManager : Event: ======'standups_skill_None_complete'====== Args={}
2025-10-12 08:43:42,065 : INFO : EventManager : Event: ======'player_shot_standup_1_skill_enabled'====== Args={'value': True, 'prev_value': 0, 'change': 1, 'player_num': 1}
2025-10-12 08:43:42,065 : INFO : EventManager : Event: ======'player_shot_standup_2_skill_enabled'====== Args={'value': True, 'prev_value': 0, 'change': 1, 'player_num': 1}
2025-10-12 08:43:42,066 : INFO : EventManager : Event: ======'player_shot_standup_3_skill_enabled'====== Args={'value': True, 'prev_value': 0, 'change': 1, 'player_num': 1}
2025-10-12 08:43:42,066 : INFO : EventManager : Event: ======'player_shot_standup_4_skill_enabled'====== Args={'value': True, 'prev_value': 0, 'change': 1, 'player_num': 1}
2025-10-12 08:43:42,067 : INFO : EventManager : Event: ======'player_shot_standup_5_skill_enabled'====== Args={'value': True, 'prev_value': 0, 'change': 1, 'player_num': 1}
2025-10-12 08:43:42,067 : INFO : EventManager : Event: ======'player_shot_standup_6_skill_enabled'====== Args={'value': True, 'prev_value': 0, 'change': 1, 'player_num': 1}
2025-10-12 08:43:42,068 : INFO : EventManager : Event: ======'mode_skillshot_starting'====== Args={}
2025-10-12 08:43:42,068 : INFO : EventManager : Event: ======'player_shot_left_rollover_shot'====== Args={'value': 0, 'prev_value': 1, 'change': -1, 'player_num': 1}
2025-10-12 08:43:42,068 : INFO : EventManager : Event: ======'player_shot_center_rollover_shot'====== Args={'value': 0, 'prev_value': 1, 'change': -1, 'player_num': 1}
2025-10-12 08:43:42,069 : INFO : EventManager : Event: ======'player_shot_right_rollover_shot'====== Args={'value': 0, 'prev_value': 1, 'change': -1, 'player_num': 1}
2025-10-12 08:43:42,069 : INFO : EventManager : Event: ======'player_score'====== Args={'value': 5600, 'prev_value': 600, 'change': 5000, 'player_num': 1, 'source': 'base'}
2025-10-12 08:43:42,070 : INFO : EventManager : Event: ======'rollover_lanes_complete'====== Args={'state': 'unlit'}
2025-10-12 08:43:42,070 : INFO : EventManager : Event: ======'rollover_lanes_unlit_complete'====== Args={}
2025-10-12 08:43:42,074 : INFO : EventManager : Event: ======'player_score'====== Args={'value': 5700, 'prev_value': 5600, 'change': 100, 'player_num': 1, 'source': 'base'}
2025-10-12 08:43:42,074 : INFO : EventManager : Event: ======'rollover_lanes_hit'====== Args={}
2025-10-12 08:43:42,075 : INFO : EventManager : Event: ======'rollover_lanes_unlit_hit'====== Args={}
2025-10-12 08:43:42,076 : INFO : Mode.skillshot : Started. Priority: 150
2025-10-12 08:43:42,076 : INFO : EventManager : Event: ======'modes_active_modes_changed'====== Args={}
2025-10-12 08:43:42,076 : INFO : EventManager : Event: ======'mode_skillshot_started'====== Args={}
2025-10-12 08:43:42,077 : INFO : EventManager : Event: ======'player_shot_standup_1_skill'====== Args={'value': 1, 'prev_value': 0, 'change': 1, 'player_num': 1}
2025-10-12 08:43:42,110 : INFO : EventManager : Event: ======'slide_skillshot.slide_player-mode_skillshot_started_created'====== Args={'_from_bcp': True}
2025-10-12 08:43:42,110 : INFO : EventManager : Event: ======'slide_skillshot.slide_player-mode_skillshot_started_active'====== Args={'_from_bcp': True}
2025-10-12 08:43:42,194 : INFO : SwitchController : <<<<<<< 's_left_rollover' inactive >>>>>>>
2025-10-12 08:43:43,034 : INFO : EventManager : Event: ======'player_skillshot_target_rotator_tick'====== Args={'value': 1, 'prev_value': 0, 'change': 1, 'player_num': 1}
2025-10-12 08:43:43,036 : INFO : EventManager : Event: ======'timer_target_rotator_tick'====== Args={'ticks': 1, 'ticks_remaining': 0}
2025-10-12 08:43:43,037 : INFO : EventManager : Event: ======'player_skillshot_skillshot_timer_tick'====== Args={'value': 4, 'prev_value': 5, 'change': -1, 'player_num': 1}
2025-10-12 08:43:43,038 : INFO : EventManager : Event: ======'timer_skillshot_timer_tick'====== Args={'ticks': 4, 'ticks_remaining': 4}
2025-10-12 08:43:43,046 : INFO : EventManager : Event: ======'player_shot_standup_1_skill'====== Args={'value': 0, 'prev_value': 1, 'change': -1, 'player_num': 1}
2025-10-12 08:43:43,048 : INFO : EventManager : Event: ======'player_shot_standup_2_skill'====== Args={'value': 1, 'prev_value': 0, 'change': 1, 'player_num': 1}
2025-10-12 08:43:44,038 : INFO : EventManager : Event: ======'player_skillshot_skillshot_timer_tick'====== Args={'value': 3, 'prev_value': 4, 'change': -1, 'player_num': 1}
2025-10-12 08:43:44,040 : INFO : EventManager : Event: ======'timer_skillshot_timer_tick'====== Args={'ticks': 3, 'ticks_remaining': 3}
2025-10-12 08:43:44,040 : INFO : EventManager : Event: ======'player_skillshot_target_rotator_tick'====== Args={'value': 2, 'prev_value': 1, 'change': 1, 'player_num': 1}
2025-10-12 08:43:44,041 : INFO : EventManager : Event: ======'timer_target_rotator_tick'====== Args={'ticks': 2, 'ticks_remaining': 0}
2025-10-12 08:43:44,052 : INFO : EventManager : Event: ======'player_shot_standup_2_skill'====== Args={'value': 0, 'prev_value': 1, 'change': -1, 'player_num': 1}
2025-10-12 08:43:44,054 : INFO : EventManager : Event: ======'player_shot_standup_3_skill'====== Args={'value': 1, 'prev_value': 0, 'change': 1, 'player_num': 1}
2025-10-12 08:43:45,043 : INFO : EventManager : Event: ======'player_skillshot_skillshot_timer_tick'====== Args={'value': 2, 'prev_value': 3, 'change': -1, 'player_num': 1}
2025-10-12 08:43:45,045 : INFO : EventManager : Event: ======'timer_skillshot_timer_tick'====== Args={'ticks': 2, 'ticks_remaining': 2}
2025-10-12 08:43:45,046 : INFO : EventManager : Event: ======'player_skillshot_target_rotator_tick'====== Args={'value': 3, 'prev_value': 2, 'change': 1, 'player_num': 1}
2025-10-12 08:43:45,047 : INFO : EventManager : Event: ======'timer_target_rotator_tick'====== Args={'ticks': 3, 'ticks_remaining': 0}
2025-10-12 08:43:45,061 : INFO : EventManager : Event: ======'player_shot_standup_3_skill'====== Args={'value': 0, 'prev_value': 1, 'change': -1, 'player_num': 1}
2025-10-12 08:43:45,062 : INFO : EventManager : Event: ======'player_shot_standup_4_skill'====== Args={'value': 1, 'prev_value': 0, 'change': 1, 'player_num': 1}
2025-10-12 08:43:46,048 : INFO : EventManager : Event: ======'player_skillshot_skillshot_timer_tick'====== Args={'value': 1, 'prev_value': 2, 'change': -1, 'player_num': 1}
2025-10-12 08:43:46,049 : INFO : EventManager : Event: ======'timer_skillshot_timer_tick'====== Args={'ticks': 1, 'ticks_remaining': 1}
2025-10-12 08:43:46,049 : INFO : EventManager : Event: ======'player_skillshot_target_rotator_tick'====== Args={'value': 4, 'prev_value': 3, 'change': 1, 'player_num': 1}
2025-10-12 08:43:46,049 : INFO : EventManager : Event: ======'timer_target_rotator_tick'====== Args={'ticks': 4, 'ticks_remaining': 0}
2025-10-12 08:43:46,053 : INFO : EventManager : Event: ======'player_shot_standup_3_skill'====== Args={'value': 1, 'prev_value': 0, 'change': 1, 'player_num': 1}
2025-10-12 08:43:46,054 : INFO : EventManager : Event: ======'player_shot_standup_4_skill'====== Args={'value': 0, 'prev_value': 1, 'change': -1, 'player_num': 1}
2025-10-12 08:43:47,053 : INFO : EventManager : Event: ======'player_skillshot_skillshot_timer_tick'====== Args={'value': 0, 'prev_value': 1, 'change': -1, 'player_num': 1}
2025-10-12 08:43:47,053 : INFO : Timer.skillshot_timer : Timer Complete
2025-10-12 08:43:47,054 : INFO : Timer.skillshot_timer : Stopping Timer
2025-10-12 08:43:47,054 : INFO : EventManager : Event: ======'timer_skillshot_timer_stopped'====== Args={'ticks': 0, 'ticks_remaining': 1}
2025-10-12 08:43:47,054 : INFO : EventManager : Event: ======'timer_skillshot_timer_complete'====== Args={'ticks': 0, 'ticks_remaining': 1}
2025-10-12 08:43:47,054 : INFO : EventManager : Event: ======'player_skillshot_target_rotator_tick'====== Args={'value': 5, 'prev_value': 4, 'change': 1, 'player_num': 1}
2025-10-12 08:43:47,054 : INFO : EventManager : Event: ======'timer_target_rotator_tick'====== Args={'ticks': 5, 'ticks_remaining': 0}
2025-10-12 08:43:47,056 : INFO : EventManager : Event: ======'mode_skillshot_will_stop'====== Args={}
2025-10-12 08:43:47,056 : INFO : EventManager : Event: ======'mode_skillshot_stopping'====== Args={}
2025-10-12 08:43:47,057 : INFO : EventManager : Event: ======'player_shot_standup_2_skill'====== Args={'value': 1, 'prev_value': 0, 'change': 1, 'player_num': 1}
2025-10-12 08:43:47,058 : INFO : EventManager : Event: ======'player_shot_standup_3_skill'====== Args={'value': 0, 'prev_value': 1, 'change': -1, 'player_num': 1}
2025-10-12 08:43:47,061 : INFO : Mode.skillshot : Stopped.
2025-10-12 08:43:47,061 : INFO : EventManager : Event: ======'modes_active_modes_changed'====== Args={}
2025-10-12 08:43:47,061 : INFO : EventManager : Event: ======'mode_skillshot_stopped'====== Args={}
2025-10-12 08:43:47,061 : INFO : EventManager : Event: ======'clear'====== Args={'key': 'skillshot'}
2025-10-12 08:43:47,061 : INFO : Timer.skillshot_timer : Stopping Timer
2025-10-12 08:43:47,061 : INFO : EventManager : Event: ======'timer_skillshot_timer_stopped'====== Args={'ticks': 0, 'ticks_remaining': 1}
2025-10-12 08:43:47,062 : INFO : Timer.target_rotator : Stopping Timer
2025-10-12 08:43:47,062 : INFO : EventManager : Event: ======'timer_target_rotator_stopped'====== Args={'ticks': 5, 'ticks_remaining': 0}
2025-10-12 08:43:47,090 : INFO : EventManager : Event: ======'slide_skillshot.slide_player-mode_skillshot_started_removed'====== Args={'_from_bcp': True}
2025-10-12 08:43:47,091 : INFO : EventManager : Event: ======'slide_base.slide_player-mode_base_started_active'====== Args={'_from_bcp': True}
2025-10-12 08:43:48,875 : INFO : SwitchController : <<<<<<< 's_T' active >>>>>>>
2025-10-12 08:43:48,875 : INFO : EventManager : Event: ======'s_T_active'====== Args={}
2025-10-12 08:43:48,876 : INFO : EventManager : Event: ======'drop_target_T_down'====== Args={'device': <drop_target.T>}
2025-10-12 08:43:48,878 : INFO : EventManager : Event: ======'drop_target_bank_TIME_mixed'====== Args={'prev_value': <DropTargetBankState.UP: 'up'>, 'down': 1}
2025-10-12 08:43:48,878 : INFO : EventManager : Event: ======'machine_var_audits_switches_s_T'====== Args={'value': 6, 'prev_value': 5, 'change': 1}
2025-10-12 08:43:48,884 : INFO : EventManager : Event: ======'machine_var_audits_shots_T'====== Args={'value': 2, 'prev_value': 1, 'change': 1}
2025-10-12 08:43:48,887 : INFO : EventManager : Event: ======'T_hit'====== Args={'profile': 'default', 'state': 'lit', 'advancing': False}
2025-10-12 08:43:48,888 : INFO : EventManager : Event: ======'T_default_hit'====== Args={'profile': 'default', 'state': 'lit', 'advancing': False}
2025-10-12 08:43:48,889 : INFO : EventManager : Event: ======'T_default_lit_hit'====== Args={'profile': 'default', 'state': 'lit', 'advancing': False}
2025-10-12 08:43:48,889 : INFO : EventManager : Event: ======'T_lit_hit'====== Args={'profile': 'default', 'state': 'lit', 'advancing': False}
2025-10-12 08:43:50,036 : INFO : SwitchController : <<<<<<< 's_I' active >>>>>>>
2025-10-12 08:43:50,037 : INFO : EventManager : Event: ======'s_I_active'====== Args={}
2025-10-12 08:43:50,037 : INFO : EventManager : Event: ======'drop_target_I_down'====== Args={'device': <drop_target.I>}
2025-10-12 08:43:50,038 : INFO : EventManager : Event: ======'drop_target_bank_TIME_mixed'====== Args={'prev_value': <DropTargetBankState.MIXED: 'mixed'>, 'down': 2}
2025-10-12 08:43:50,038 : INFO : EventManager : Event: ======'machine_var_audits_switches_s_I'====== Args={'value': 6, 'prev_value': 5, 'change': 1}
2025-10-12 08:43:50,040 : INFO : EventManager : Event: ======'machine_var_audits_shots_I'====== Args={'value': 2, 'prev_value': 1, 'change': 1}
2025-10-12 08:43:50,041 : INFO : EventManager : Event: ======'I_hit'====== Args={'profile': 'default', 'state': 'lit', 'advancing': False}
2025-10-12 08:43:50,042 : INFO : EventManager : Event: ======'I_default_hit'====== Args={'profile': 'default', 'state': 'lit', 'advancing': False}
2025-10-12 08:43:50,042 : INFO : EventManager : Event: ======'I_default_lit_hit'====== Args={'profile': 'default', 'state': 'lit', 'advancing': False}
2025-10-12 08:43:50,042 : INFO : EventManager : Event: ======'I_lit_hit'====== Args={'profile': 'default', 'state': 'lit', 'advancing': False}
2025-10-12 08:43:51,678 : INFO : SwitchController : <<<<<<< 's_M' active >>>>>>>
2025-10-12 08:43:51,679 : INFO : EventManager : Event: ======'s_M_active'====== Args={}
2025-10-12 08:43:51,680 : INFO : EventManager : Event: ======'drop_target_M_down'====== Args={'device': <drop_target.M>}
2025-10-12 08:43:51,683 : INFO : EventManager : Event: ======'drop_target_bank_TIME_mixed'====== Args={'prev_value': <DropTargetBankState.MIXED: 'mixed'>, 'down': 3}
2025-10-12 08:43:51,684 : INFO : EventManager : Event: ======'machine_var_audits_switches_s_M'====== Args={'value': 6, 'prev_value': 5, 'change': 1}
2025-10-12 08:43:51,687 : INFO : EventManager : Event: ======'machine_var_audits_shots_M'====== Args={'value': 2, 'prev_value': 1, 'change': 1}
2025-10-12 08:43:51,691 : INFO : EventManager : Event: ======'M_hit'====== Args={'profile': 'default', 'state': 'lit', 'advancing': False}
2025-10-12 08:43:51,692 : INFO : EventManager : Event: ======'M_default_hit'====== Args={'profile': 'default', 'state': 'lit', 'advancing': False}
2025-10-12 08:43:51,692 : INFO : EventManager : Event: ======'M_default_lit_hit'====== Args={'profile': 'default', 'state': 'lit', 'advancing': False}
2025-10-12 08:43:51,694 : INFO : EventManager : Event: ======'M_lit_hit'====== Args={'profile': 'default', 'state': 'lit', 'advancing': False}
2025-10-12 08:43:52,427 : INFO : SwitchController : <<<<<<< 's_E' active >>>>>>>
2025-10-12 08:43:52,427 : INFO : EventManager : Event: ======'s_E_active'====== Args={}
2025-10-12 08:43:52,427 : INFO : EventManager : Event: ======'drop_target_E_down'====== Args={'device': <drop_target.E>}
2025-10-12 08:43:52,428 : INFO : EventManager : Event: ======'drop_target_bank_TIME_down'====== Args={}
2025-10-12 08:43:52,428 : INFO : EventManager : Event: ======'machine_var_audits_switches_s_E'====== Args={'value': 6, 'prev_value': 5, 'change': 1}
2025-10-12 08:43:52,429 : INFO : EventManager : Event: ======'machine_var_audits_shots_E'====== Args={'value': 2, 'prev_value': 1, 'change': 1}
2025-10-12 08:43:52,430 : INFO : EventManager : Event: ======'E_hit'====== Args={'profile': 'default', 'state': 'lit', 'advancing': False}
2025-10-12 08:43:52,430 : INFO : EventManager : Event: ======'E_default_hit'====== Args={'profile': 'default', 'state': 'lit', 'advancing': False}
2025-10-12 08:43:52,430 : INFO : EventManager : Event: ======'E_default_lit_hit'====== Args={'profile': 'default', 'state': 'lit', 'advancing': False}
2025-10-12 08:43:52,430 : INFO : EventManager : Event: ======'E_lit_hit'====== Args={'profile': 'default', 'state': 'lit', 'advancing': False}
2025-10-12 08:43:53,426 : INFO : drop_target_bank.TIME : 4 targets are down. Will reset those.
2025-10-12 08:43:53,426 : INFO : coil.c_reset_droptarget_TIME : Pulsing Driver for 10ms (1.0 pulse_power)
2025-10-12 08:43:53,489 : INFO : SwitchController : <<<<<<< 's_T' inactive >>>>>>>
2025-10-12 08:43:53,490 : INFO : SwitchController : <<<<<<< 's_I' inactive >>>>>>>
2025-10-12 08:43:53,491 : INFO : SwitchController : <<<<<<< 's_M' inactive >>>>>>>
2025-10-12 08:43:53,492 : INFO : SwitchController : <<<<<<< 's_E' inactive >>>>>>>
2025-10-12 08:43:53,923 : INFO : EventManager : Event: ======'drop_target_I_up'====== Args={'device': <drop_target.I>}
2025-10-12 08:43:53,924 : INFO : EventManager : Event: ======'drop_target_bank_TIME_mixed'====== Args={'prev_value': <DropTargetBankState.DOWN: 'down'>, 'down': 3}
2025-10-12 08:43:53,925 : INFO : EventManager : Event: ======'drop_target_T_up'====== Args={'device': <drop_target.T>}
2025-10-12 08:43:53,926 : INFO : EventManager : Event: ======'drop_target_bank_TIME_mixed'====== Args={'prev_value': <DropTargetBankState.MIXED: 'mixed'>, 'down': 2}
2025-10-12 08:43:53,926 : INFO : EventManager : Event: ======'drop_target_M_up'====== Args={'device': <drop_target.M>}
2025-10-12 08:43:53,927 : INFO : EventManager : Event: ======'drop_target_bank_TIME_mixed'====== Args={'prev_value': <DropTargetBankState.MIXED: 'mixed'>, 'down': 1}
2025-10-12 08:43:53,927 : INFO : EventManager : Event: ======'drop_target_E_up'====== Args={'device': <drop_target.E>}
2025-10-12 08:43:53,928 : INFO : EventManager : Event: ======'drop_target_bank_TIME_up'====== Args={}
2025-10-12 08:44:05,316 : INFO : Machine : Shutting down...
2025-10-12 08:44:05,316 : INFO : EventManager : Event: ======'shutdown'====== Args={}
2025-10-12 08:44:05,338 : INFO : EventManager : Event: ======'mode_game_will_stop'====== Args={}
2025-10-12 08:44:05,338 : INFO : EventManager : Event: ======'mode_game_stopping'====== Args={}
2025-10-12 08:44:05,341 : INFO : EventManager : Event: ======'mode_base_will_stop'====== Args={}
2025-10-12 08:44:05,342 : INFO : EventManager : Event: ======'mode_base_stopping'====== Args={}
2025-10-12 08:44:05,342 : INFO : EventManager : Event: ======'mode_super_jets_setup_will_stop'====== Args={}
2025-10-12 08:44:05,342 : INFO : EventManager : Event: ======'mode_super_jets_setup_stopping'====== Args={}
2025-10-12 08:44:05,343 : INFO : Mode.super_jets_setup : Stopped.
2025-10-12 08:44:05,344 : INFO : EventManager : Event: ======'modes_active_modes_changed'====== Args={}
2025-10-12 08:44:05,344 : INFO : EventManager : Event: ======'mode_super_jets_setup_stopped'====== Args={}
2025-10-12 08:44:05,345 : INFO : EventManager : Event: ======'clear'====== Args={'key': 'super_jets_setup'}
2025-10-12 08:44:05,346 : INFO : Mode.base : Stopped.
2025-10-12 08:44:05,347 : INFO : EventManager : Event: ======'modes_active_modes_changed'====== Args={}
2025-10-12 08:44:05,347 : INFO : EventManager : Event: ======'mode_base_stopped'====== Args={}
2025-10-12 08:44:05,348 : INFO : EventManager : Event: ======'clear'====== Args={'key': 'base'}
2025-10-12 08:44:05,352 : INFO : Mode.game : Stopped.
2025-10-12 08:44:05,352 : INFO : EventManager : Event: ======'modes_active_modes_changed'====== Args={}
2025-10-12 08:44:05,352 : INFO : EventManager : Event: ======'mode_game_stopped'====== Args={}
2025-10-12 08:44:05,353 : INFO : EventManager : Event: ======'clear'====== Args={'key': 'game'}
2025-10-12 08:44:05,357 : INFO : root : MPF run loop ended.
