2025-10-03 17:03:32,447 : kivy : deps: Successfully imported "kivy_deps.gstreamer" 0.3.3
2025-10-03 17:03:32,447 : kivy : deps: Successfully imported "kivy_deps.angle" 0.3.3
2025-10-03 17:03:32,447 : kivy : deps: Successfully imported "kivy_deps.glew" 0.3.1
2025-10-03 17:03:32,447 : kivy : deps: Successfully imported "kivy_deps.sdl2" 0.6.0
2025-10-03 17:03:32,447 : kivy : Kivy: v2.2.1
2025-10-03 17:03:32,447 : kivy : Kivy: Installed at "C:\Users\richa\mpfvirtual4\lib\site-packages\kivy\__init__.py"
2025-10-03 17:03:32,447 : kivy : Python: v3.9.13 (tags/v3.9.13:6de2ca5, May 17 2022, 16:36:42) [MSC v.1929 64 bit (AMD64)]
2025-10-03 17:03:32,447 : kivy : Python: Interpreter at "C:\Users\richa\mpfvirtual4\Scripts\python.exe"
2025-10-03 17:03:32,463 : kivy : Factory: 190 symbols loaded
2025-10-03 17:03:32,668 : kivy : ImageLoaderFFPy: Using ffpyplayer 4.5.0
2025-10-03 17:03:32,668 : kivy : Image: Providers: img_tex, img_dds, img_sdl2, img_pil, img_ffpyplayer 
2025-10-03 17:03:32,823 : kivy : VideoGstplayer: Using Gstreamer 1.18.5.0
2025-10-03 17:03:32,824 : kivy : Video: Provider: gstplayer
2025-10-03 17:03:32,862 : root : Loading MPF-MC controller
2025-10-03 17:03:32,864 : YamlMultifileConfigLoader : Machine config file #1: config
2025-10-03 17:03:32,865 : ConfigProcessor : Loading config from file C:\Users\richa\mpfvirtual4\lib\site-packages\mpfmc\mcconfig.yaml.
2025-10-03 17:03:32,873 : ConfigProcessor : Loading config: C:\Users\richa\mpfvirtual4\lib\site-packages\mpfmc\mcconfig.yaml
2025-10-03 17:03:32,873 : ConfigProcessor : Loading config from file C:\Users\richa\TTP5\config\config.
2025-10-03 17:03:32,874 : ConfigProcessor : Loading config: C:\Users\richa\TTP5\config\config
2025-10-03 17:03:32,875 : ConfigProcessor : Loading config: C:\Users\richa\TTP5\config\config_ball_devices.yaml
2025-10-03 17:03:32,876 : ConfigProcessor : Loading config: C:\Users\richa\TTP5\config\config_coils.yaml
2025-10-03 17:03:32,877 : ConfigProcessor : Loading config: C:\Users\richa\TTP5\config\config_flippers.yaml
2025-10-03 17:03:32,878 : ConfigProcessor : Loading config: C:\Users\richa\TTP5\config\config_switches.yaml
2025-10-03 17:03:32,879 : ConfigProcessor : Config file cache created: C:\Users\richa\AppData\Local\Temp\0fd4c42b73f537cdc200a139808f8864.mpf_cache
2025-10-03 17:03:32,880 : ConfigProcessor : Loading config from cache: C:\Users\richa\AppData\Local\Temp\49f268736e60b2440a5849dbc16289e4.mpf_cache
2025-10-03 17:03:32,881 : ConfigProcessor : Loading config from cache: C:\Users\richa\AppData\Local\Temp\9c8dea79ca4d15ee886340e992e8cb9d.mpf_cache
2025-10-03 17:03:32,882 : ConfigProcessor : Loading config from cache: C:\Users\richa\AppData\Local\Temp\4a0653c3aa710dc09eddec8bf90356bb.mpf_cache
2025-10-03 17:03:32,883 : mpfmc : Mission Pinball Framework Media Controller (MPF-MC) v0.57.0.dev10. Requires MPF v0.57.0.dev19 or newer.
2025-10-03 17:03:32,883 : mpfmc : Found MPF v0.57.0.dev39
2025-10-03 17:03:32,883 : mpfmc : Machine path: C:\Users\richa\TTP5
2025-10-03 17:03:32,883 : mpfmc : Starting clock at 60.0Hz
2025-10-03 17:03:32,896 : kivy : Text: Provider: sdl2
2025-10-03 17:03:32,940 : kivy : Window: Provider: sdl2
2025-10-03 17:03:33,317 : kivy : GL: Using the "OpenGL" graphics system
2025-10-03 17:03:33,325 : kivy : GL: GLEW initialization succeeded
2025-10-03 17:03:33,326 : kivy : GL: Backend used <glew>
2025-10-03 17:03:33,326 : kivy : GL: OpenGL version <b'4.6.0 NVIDIA 560.94'>
2025-10-03 17:03:33,326 : kivy : GL: OpenGL vendor <b'NVIDIA Corporation'>
2025-10-03 17:03:33,326 : kivy : GL: OpenGL renderer <b'NVIDIA GeForce RTX 3050/PCIe/SSE2'>
2025-10-03 17:03:33,326 : kivy : GL: OpenGL parsed version: 4, 6
2025-10-03 17:03:33,326 : kivy : GL: Shading version <b'4.60 NVIDIA'>
2025-10-03 17:03:33,326 : kivy : GL: Texture max size <32768>
2025-10-03 17:03:33,326 : kivy : GL: Texture max units <32>
2025-10-03 17:03:33,345 : kivy : Window: auto add sdl2 input provider
2025-10-03 17:03:33,346 : kivy : Window: virtual keyboard not allowed, single mode, not docked
2025-10-03 17:03:33,357 : SoundSystem : SoundSystem: Using default 'sound_system' settings
2025-10-03 17:03:33,741 : AudioInterface : Initialized
2025-10-03 17:03:33,741 : AudioInterface : Loaded SDL 2.26.4
2025-10-03 17:03:33,742 : AudioInterface : Loaded SDL_Mixer 2.6.3
2025-10-03 17:03:33,742 : AudioInterface : Loaded GStreamer 1.18.5.0
2025-10-03 17:03:33,742 : AudioInterface : Loaded GLib 2.62.6
2025-10-03 17:03:33,742 : AudioInterface : Settings requested - rate: 44100, channels: 1, buffer: 2048 samples
2025-10-03 17:03:33,742 : AudioInterface : Settings in use - rate: 44100, channels: 1, buffer: 2048 samples (4096 bytes @ 2 bytes per sample)
2025-10-03 17:03:33,742 : SoundSystem : No audio tracks are specified in your machine config file. a track named 'default' has been created.
2025-10-03 17:03:33,742 : SoundSystem : Setting master volume to 0.0
2025-10-03 17:03:33,742 : AudioInterface : Enabling audio playback
2025-10-03 17:03:33,744 : kivy : Base: Start application main loop
2025-10-03 17:03:33,744 : EventManager : Event: ======'display_window_initialized'====== Args={}
2025-10-03 17:03:33,756 : mpfmc : Display: Setting 'window' as default display
2025-10-03 17:03:33,761 : EventManager : Event: ======'displays_initialized'====== Args={}
2025-10-03 17:03:33,762 : EventManager : Event: ======'slide_window_blank_created'====== Args={}
2025-10-03 17:03:33,762 : EventManager : Event: ======'display_window_ready'====== Args={}
2025-10-03 17:03:33,773 : EventManager : Event: ======'init_phase_1'====== Args={}
2025-10-03 17:03:33,774 : EventManager : Event: ======'mc_ready'====== Args={}
2025-10-03 17:03:33,774 : EventManager : Event: ======'init_phase_2'====== Args={}
2025-10-03 17:03:33,776 : EventManager : Event: ======'init_phase_3'====== Args={}
2025-10-03 17:03:33,777 : EventManager : Event: ======'init_phase_4'====== Args={}
2025-10-03 17:03:33,777 : EventManager : Event: ======'init_phase_5'====== Args={}
2025-10-03 17:03:33,777 : EventManager : Event: ======'init_done'====== Args={}
2025-10-03 17:03:33,777 : MPF-MC BCP Server : Starting up on localhost port 5050
2025-10-03 17:03:33,780 : MPF-MC BCP Server : Waiting for a connection...
2025-10-03 17:03:33,786 : EventManager : Event: ======'client_disconnected'====== Args={'host': '127.0.0.1', 'port': 5050}
2025-10-03 17:03:34,816 : MPF-MC BCP Server : Received connection from: 127.0.0.1:55710
2025-10-03 17:03:34,817 : EventManager : Event: ======'client_connected'====== Args={'host': '127.0.0.1', 'port': 55710}
2025-10-03 17:03:35,139 : EventManager : Event: ======'machine_var_credits_string'====== Args={'value': 'FREE PLAY', 'prev_value': None, 'change': True}
2025-10-03 17:03:35,139 : EventManager : Event: ======'machine_var_master_volume'====== Args={'value': 0.5, 'prev_value': None, 'change': True}
2025-10-03 17:03:35,139 : EventManager : Event: ======'machine_var_player1_score'====== Args={'value': 11420, 'prev_value': None, 'change': True}
2025-10-03 17:03:35,139 : EventManager : Event: ======'machine_var_mpf_version'====== Args={'value': 'Mission Pinball Framework v0.57.0.dev39', 'prev_value': None, 'change': True}
2025-10-03 17:03:35,139 : EventManager : Event: ======'machine_var_mpf_extended_version'====== Args={'value': 'Mission Pinball Framework v0.57.0.dev39, Config version:6, Show version: 6, BCP version:1.1', 'prev_value': None, 'change': True}
2025-10-03 17:03:35,139 : EventManager : Event: ======'machine_var_python_version'====== Args={'value': '3.9.13', 'prev_value': None, 'change': True}
2025-10-03 17:03:35,139 : EventManager : Event: ======'machine_var_platform'====== Args={'value': 'Windows-10-10.0.19045-SP0', 'prev_value': None, 'change': True}
2025-10-03 17:03:35,139 : EventManager : Event: ======'machine_var_platform_system'====== Args={'value': 'Windows', 'prev_value': None, 'change': True}
2025-10-03 17:03:35,139 : EventManager : Event: ======'machine_var_platform_release'====== Args={'value': '10', 'prev_value': None, 'change': True}
2025-10-03 17:03:35,139 : EventManager : Event: ======'machine_var_platform_version'====== Args={'value': '10.0.19045', 'prev_value': None, 'change': True}
2025-10-03 17:03:35,140 : EventManager : Event: ======'machine_var_platform_machine'====== Args={'value': 'AMD64', 'prev_value': None, 'change': True}
2025-10-03 17:03:35,140 : EventManager : Event: ======'machine_var_mc_version'====== Args={'value': 'MPF-MC v0.57.0.dev10', 'prev_value': None, 'change': True}
2025-10-03 17:03:35,140 : EventManager : Event: ======'machine_var_mc_extended_version'====== Args={'value': 'MPF-MC v0.57.0.dev10 (config_version=6, BCP v1.1,                      Requires MPF API compatibility v0.57.0.dev19 or newer)', 'prev_value': None, 'change': True}
2025-10-03 17:03:35,140 : EventManager : Event: ======'machine_var_credits_string'====== Args={'value': 'FREE PLAY', 'prev_value': None, 'change': True}
2025-10-03 17:03:35,140 : EventManager : Event: ======'machine_var_master_volume'====== Args={'value': 0.5, 'prev_value': None, 'change': True}
2025-10-03 17:03:35,140 : EventManager : Event: ======'machine_var_player1_score'====== Args={'value': 11420, 'prev_value': None, 'change': True}
2025-10-03 17:03:35,140 : EventManager : Event: ======'machine_var_mpf_version'====== Args={'value': 'Mission Pinball Framework v0.57.0.dev39', 'prev_value': None, 'change': True}
2025-10-03 17:03:35,140 : EventManager : Event: ======'machine_var_mpf_extended_version'====== Args={'value': 'Mission Pinball Framework v0.57.0.dev39, Config version:6, Show version: 6, BCP version:1.1', 'prev_value': None, 'change': True}
2025-10-03 17:03:35,140 : EventManager : Event: ======'machine_var_python_version'====== Args={'value': '3.9.13', 'prev_value': None, 'change': True}
2025-10-03 17:03:35,140 : EventManager : Event: ======'machine_var_platform'====== Args={'value': 'Windows-10-10.0.19045-SP0', 'prev_value': None, 'change': True}
2025-10-03 17:03:35,140 : EventManager : Event: ======'machine_var_platform_system'====== Args={'value': 'Windows', 'prev_value': None, 'change': True}
2025-10-03 17:03:35,140 : EventManager : Event: ======'machine_var_platform_release'====== Args={'value': '10', 'prev_value': None, 'change': True}
2025-10-03 17:03:35,140 : EventManager : Event: ======'machine_var_platform_version'====== Args={'value': '10.0.19045', 'prev_value': None, 'change': True}
2025-10-03 17:03:35,141 : EventManager : Event: ======'machine_var_platform_machine'====== Args={'value': 'AMD64', 'prev_value': None, 'change': True}
2025-10-03 17:03:35,141 : EventManager : Event: ======'machine_var_mc_version'====== Args={'value': 'MPF-MC v0.57.0.dev10', 'prev_value': None, 'change': True}
2025-10-03 17:03:35,141 : EventManager : Event: ======'machine_var_mc_extended_version'====== Args={'value': 'MPF-MC v0.57.0.dev10 (config_version=6, BCP v1.1,                      Requires MPF API compatibility v0.57.0.dev19 or newer)', 'prev_value': None, 'change': True}
2025-10-03 17:03:35,141 : EventManager : Event: ======'machine_var_credits_string'====== Args={'value': 'FREE PLAY', 'prev_value': None, 'change': True}
2025-10-03 17:03:35,141 : EventManager : Event: ======'machine_var_master_volume'====== Args={'value': 0.5, 'prev_value': None, 'change': True}
2025-10-03 17:03:35,141 : EventManager : Event: ======'machine_var_player1_score'====== Args={'value': 11420, 'prev_value': None, 'change': True}
2025-10-03 17:03:35,141 : EventManager : Event: ======'machine_var_mpf_version'====== Args={'value': 'Mission Pinball Framework v0.57.0.dev39', 'prev_value': None, 'change': True}
2025-10-03 17:03:35,141 : EventManager : Event: ======'machine_var_mpf_extended_version'====== Args={'value': 'Mission Pinball Framework v0.57.0.dev39, Config version:6, Show version: 6, BCP version:1.1', 'prev_value': None, 'change': True}
2025-10-03 17:03:35,141 : EventManager : Event: ======'machine_var_python_version'====== Args={'value': '3.9.13', 'prev_value': None, 'change': True}
2025-10-03 17:03:35,141 : EventManager : Event: ======'machine_var_platform'====== Args={'value': 'Windows-10-10.0.19045-SP0', 'prev_value': None, 'change': True}
2025-10-03 17:03:35,141 : EventManager : Event: ======'machine_var_platform_system'====== Args={'value': 'Windows', 'prev_value': None, 'change': True}
2025-10-03 17:03:35,141 : EventManager : Event: ======'machine_var_platform_release'====== Args={'value': '10', 'prev_value': None, 'change': True}
2025-10-03 17:03:35,141 : EventManager : Event: ======'machine_var_platform_version'====== Args={'value': '10.0.19045', 'prev_value': None, 'change': True}
2025-10-03 17:03:35,141 : EventManager : Event: ======'machine_var_platform_machine'====== Args={'value': 'AMD64', 'prev_value': None, 'change': True}
2025-10-03 17:03:35,141 : EventManager : Event: ======'machine_var_mc_version'====== Args={'value': 'MPF-MC v0.57.0.dev10', 'prev_value': None, 'change': True}
2025-10-03 17:03:35,142 : EventManager : Event: ======'machine_var_mc_extended_version'====== Args={'value': 'MPF-MC v0.57.0.dev10 (config_version=6, BCP v1.1,                      Requires MPF API compatibility v0.57.0.dev19 or newer)', 'prev_value': None, 'change': True}
2025-10-03 17:03:35,142 : EventManager : Event: ======'machine_var_credits_string'====== Args={'value': 'FREE PLAY', 'prev_value': None, 'change': True}
2025-10-03 17:03:35,142 : EventManager : Event: ======'machine_var_master_volume'====== Args={'value': 0.5, 'prev_value': None, 'change': True}
2025-10-03 17:03:35,142 : EventManager : Event: ======'machine_var_player1_score'====== Args={'value': 11420, 'prev_value': None, 'change': True}
2025-10-03 17:03:35,142 : EventManager : Event: ======'machine_var_mpf_version'====== Args={'value': 'Mission Pinball Framework v0.57.0.dev39', 'prev_value': None, 'change': True}
2025-10-03 17:03:35,142 : EventManager : Event: ======'machine_var_mpf_extended_version'====== Args={'value': 'Mission Pinball Framework v0.57.0.dev39, Config version:6, Show version: 6, BCP version:1.1', 'prev_value': None, 'change': True}
2025-10-03 17:03:35,142 : EventManager : Event: ======'machine_var_python_version'====== Args={'value': '3.9.13', 'prev_value': None, 'change': True}
2025-10-03 17:03:35,142 : EventManager : Event: ======'machine_var_platform'====== Args={'value': 'Windows-10-10.0.19045-SP0', 'prev_value': None, 'change': True}
2025-10-03 17:03:35,142 : EventManager : Event: ======'machine_var_platform_system'====== Args={'value': 'Windows', 'prev_value': None, 'change': True}
2025-10-03 17:03:35,142 : EventManager : Event: ======'machine_var_platform_release'====== Args={'value': '10', 'prev_value': None, 'change': True}
2025-10-03 17:03:35,142 : EventManager : Event: ======'machine_var_platform_version'====== Args={'value': '10.0.19045', 'prev_value': None, 'change': True}
2025-10-03 17:03:35,143 : EventManager : Event: ======'machine_var_platform_machine'====== Args={'value': 'AMD64', 'prev_value': None, 'change': True}
2025-10-03 17:03:35,143 : EventManager : Event: ======'machine_var_mc_version'====== Args={'value': 'MPF-MC v0.57.0.dev10', 'prev_value': None, 'change': True}
2025-10-03 17:03:35,143 : EventManager : Event: ======'machine_var_mc_extended_version'====== Args={'value': 'MPF-MC v0.57.0.dev10 (config_version=6, BCP v1.1,                      Requires MPF API compatibility v0.57.0.dev19 or newer)', 'prev_value': None, 'change': True}
2025-10-03 17:03:35,143 : SoundSystem : Setting master volume to 0.5
2025-10-03 17:03:35,143 : SoundSystem : Setting master volume to 0.5
2025-10-03 17:03:35,143 : SoundSystem : Setting master volume to 0.5
2025-10-03 17:03:35,143 : SoundSystem : Setting master volume to 0.5
2025-10-03 17:03:35,203 : EventManager : Event: ======'machine_var_audits_events_game_ended'====== Args={'value': 7, 'prev_value': None, 'change': True}
2025-10-03 17:03:35,203 : EventManager : Event: ======'machine_var_audits_events_game_started'====== Args={'value': 26, 'prev_value': None, 'change': True}
2025-10-03 17:03:35,203 : EventManager : Event: ======'machine_var_audits_missing_switches_s_left_flipper'====== Args={'value': 1, 'prev_value': None, 'change': True}
2025-10-03 17:03:35,203 : EventManager : Event: ======'machine_var_audits_missing_switches_s_right_flipper'====== Args={'value': 3, 'prev_value': None, 'change': True}
2025-10-03 17:03:35,203 : EventManager : Event: ======'machine_var_audits_missing_switches_s_right_inlane'====== Args={'value': 3, 'prev_value': None, 'change': True}
2025-10-03 17:03:35,203 : EventManager : Event: ======'machine_var_audits_missing_switches_s_sling_left'====== Args={'value': 20, 'prev_value': None, 'change': True}
2025-10-03 17:03:35,203 : EventManager : Event: ======'machine_var_audits_missing_switches_s_sling_right'====== Args={'value': 20, 'prev_value': None, 'change': True}
2025-10-03 17:03:35,203 : EventManager : Event: ======'machine_var_audits_missing_switches_s_start'====== Args={'value': 9, 'prev_value': None, 'change': True}
2025-10-03 17:03:35,204 : EventManager : Event: ======'machine_var_audits_missing_switches_s_trough1'====== Args={'value': 1, 'prev_value': None, 'change': True}
2025-10-03 17:03:35,204 : EventManager : Event: ======'machine_var_audits_missing_switches_s_trough2'====== Args={'value': 26, 'prev_value': None, 'change': True}
2025-10-03 17:03:35,204 : EventManager : Event: ======'machine_var_audits_missing_switches_s_trough3'====== Args={'value': 26, 'prev_value': None, 'change': True}
2025-10-03 17:03:35,204 : EventManager : Event: ======'machine_var_audits_missing_switches_s_trough4'====== Args={'value': 26, 'prev_value': None, 'change': True}
2025-10-03 17:03:35,204 : EventManager : Event: ======'machine_var_audits_missing_switches_s_trough5'====== Args={'value': 26, 'prev_value': None, 'change': True}
2025-10-03 17:03:35,204 : EventManager : Event: ======'machine_var_audits_missing_switches_s_trough6'====== Args={'value': 26, 'prev_value': None, 'change': True}
2025-10-03 17:03:35,204 : EventManager : Event: ======'machine_var_audits_missing_switches_s_trough_jam'====== Args={'value': 26, 'prev_value': None, 'change': True}
2025-10-03 17:03:35,204 : EventManager : Event: ======'machine_var_audits_player_score'====== Args={'value': {'average': 10476, 'top': [25272, 22800, 13400, 11420, 10700, 8000, 0, 0, 0], 'total': 9}, 'prev_value': None, 'change': True}
2025-10-03 17:03:35,204 : EventManager : Event: ======'machine_var_audits_shots_middle_inlane_shot'====== Args={'value': 20, 'prev_value': None, 'change': True}
2025-10-03 17:03:35,204 : EventManager : Event: ======'machine_var_audits_shots_my_first_shot'====== Args={'value': 38, 'prev_value': None, 'change': True}
2025-10-03 17:03:35,205 : EventManager : Event: ======'machine_var_audits_shots_top_middle_inlane_shot'====== Args={'value': 27, 'prev_value': None, 'change': True}
2025-10-03 17:03:35,205 : EventManager : Event: ======'machine_var_audits_switches_s_left_flipper'====== Args={'value': 219, 'prev_value': None, 'change': True}
2025-10-03 17:03:35,205 : EventManager : Event: ======'machine_var_audits_switches_s_middle_inlane'====== Args={'value': 20, 'prev_value': None, 'change': True}
2025-10-03 17:03:35,205 : EventManager : Event: ======'machine_var_audits_switches_s_plunger'====== Args={'value': 56, 'prev_value': None, 'change': True}
2025-10-03 17:03:35,205 : EventManager : Event: ======'machine_var_audits_switches_s_right_flipper'====== Args={'value': 73, 'prev_value': None, 'change': True}
2025-10-03 17:03:35,205 : EventManager : Event: ======'machine_var_audits_switches_s_right_inlane'====== Args={'value': 70, 'prev_value': None, 'change': True}
2025-10-03 17:03:35,205 : EventManager : Event: ======'machine_var_audits_switches_s_sling_left'====== Args={'value': 0, 'prev_value': None, 'change': True}
2025-10-03 17:03:35,205 : EventManager : Event: ======'machine_var_audits_switches_s_sling_right'====== Args={'value': 0, 'prev_value': None, 'change': True}
2025-10-03 17:03:35,205 : EventManager : Event: ======'machine_var_audits_switches_s_start'====== Args={'value': 11, 'prev_value': None, 'change': True}
2025-10-03 17:03:35,205 : EventManager : Event: ======'machine_var_audits_switches_s_top_middle_inlane'====== Args={'value': 27, 'prev_value': None, 'change': True}
2025-10-03 17:03:35,205 : EventManager : Event: ======'machine_var_audits_switches_s_trough1'====== Args={'value': 45, 'prev_value': None, 'change': True}
2025-10-03 17:03:35,206 : EventManager : Event: ======'machine_var_audits_switches_s_trough2'====== Args={'value': 0, 'prev_value': None, 'change': True}
2025-10-03 17:03:35,206 : EventManager : Event: ======'machine_var_audits_switches_s_trough3'====== Args={'value': 0, 'prev_value': None, 'change': True}
2025-10-03 17:03:35,206 : EventManager : Event: ======'machine_var_audits_switches_s_trough4'====== Args={'value': 0, 'prev_value': None, 'change': True}
2025-10-03 17:03:35,206 : EventManager : Event: ======'machine_var_audits_switches_s_trough5'====== Args={'value': 0, 'prev_value': None, 'change': True}
2025-10-03 17:03:35,206 : EventManager : Event: ======'machine_var_audits_switches_s_trough6'====== Args={'value': 0, 'prev_value': None, 'change': True}
2025-10-03 17:03:35,206 : EventManager : Event: ======'machine_var_audits_switches_s_trough_jam'====== Args={'value': 0, 'prev_value': None, 'change': True}
2025-10-03 17:03:35,254 : EventManager : Event: ======'mc_reset_phase_1'====== Args={}
2025-10-03 17:03:35,254 : EventManager : Event: ======'mc_reset_phase_2'====== Args={}
2025-10-03 17:03:35,254 : EventManager : Event: ======'mc_reset_phase_3'====== Args={}
2025-10-03 17:03:35,254 : EventManager : Event: ======'mc_reset_complete'====== Args={}
2025-10-03 17:03:35,266 : EventManager : Event: ======'slides_play'====== Args={'settings': {'awesome_slide': {'widgets': [{'type': 'text', 'text': 'TIME TRAVEL 1985', 'font_size': 50, '_default_settings': ['type', 'text', 'font_size'], 'x': None, 'y': None, 'anchor_x': 'center', 'anchor_y': 'center', 'round_anchor_x': None, 'round_anchor_y': None, 'opacity': 1.0, 'z': 0, 'reset_animations_events': {}, 'color': [1.0, 1.0, 1.0, 1.0], 'style': [], 'adjust_top': 0, 'adjust_bottom': 0, 'adjust_left': 0, 'adjust_right': 0, 'expire': None, 'key': None, 'widget': None, 'events_when_added': [], 'events_when_removed': [], 'bitmap_font': False, 'font_kerning': True, 'bold': False, 'italic': False, 'number_grouping': False, 'min_digits': 0, 'halign': 'center', 'valign': 'middle', 'rotation': 0, 'scale': 1.0, 'casing': None, 'outline_color': [1.0, 1.0, 1.0, 1.0], 'outline_width': 0, 'animations': None}], 'transition': {'type': 'push', 'duration': 1.0, 'direction': 'left', 'easing': 'out_quad'}, 'target': None, 'background_color': [0.0, 0.0, 0.0, 1.0], 'priority': None, 'show': True, 'force': False, 'expire': None, 'slide': None, 'tokens': {}, 'action': 'play'}}, 'context': 'show_2', 'calling_context': 0, 'priority': 10, 'show_tokens': {}, 'start_time': 117652.921}
2025-10-03 17:03:35,266 : mpfmc : SlidePlayer: Play called with settings={'awesome_slide': {'widgets': [{'type': 'text', 'text': 'TIME TRAVEL 1985', 'font_size': 50, '_default_settings': ['type', 'text', 'font_size'], 'x': None, 'y': None, 'anchor_x': 'center', 'anchor_y': 'center', 'round_anchor_x': None, 'round_anchor_y': None, 'opacity': 1.0, 'z': 0, 'reset_animations_events': {}, 'color': [1.0, 1.0, 1.0, 1.0], 'style': [], 'adjust_top': 0, 'adjust_bottom': 0, 'adjust_left': 0, 'adjust_right': 0, 'expire': None, 'key': None, 'widget': None, 'events_when_added': [], 'events_when_removed': [], 'bitmap_font': False, 'font_kerning': True, 'bold': False, 'italic': False, 'number_grouping': False, 'min_digits': 0, 'halign': 'center', 'valign': 'middle', 'rotation': 0, 'scale': 1.0, 'casing': None, 'outline_color': [1.0, 1.0, 1.0, 1.0], 'outline_width': 0, 'animations': None}], 'transition': {'type': 'push', 'duration': 1.0, 'direction': 'left', 'easing': 'out_quad'}, 'target': None, 'background_color': [0.0, 0.0, 0.0, 1.0], 'priority': None, 'show': True, 'force': False, 'expire': None, 'slide': None, 'tokens': {}, 'action': 'play'}}
2025-10-03 17:03:35,272 : kivy : GL: NPOT texture support is available
2025-10-03 17:03:35,272 : EventManager : Event: ======'slide_awesome_slide_created'====== Args={}
2025-10-03 17:03:35,273 : EventManager : Event: ======'slide_awesome_slide_active'====== Args={}
2025-10-03 17:03:38,270 : EventManager : Event: ======'slides_play'====== Args={'settings': {'press_start': {'widgets': [{'type': 'Text', 'text': 'PRESS START', 'animations': {'pre_show_slide': [{'property': ['opacity'], 'value': ['0'], 'duration': 0.5, 'relative': False, 'timing': 'after_previous', 'repeat': False, 'easing': 'linear', 'step': 0.0}, {'property': ['opacity'], 'value': ['1'], 'duration': 0.5, 'repeat': False, 'relative': False, 'timing': 'after_previous', 'easing': 'linear', 'step': 0.0}]}, '_default_settings': ['type', 'text', 'animations'], 'x': None, 'y': None, 'anchor_x': 'center', 'anchor_y': 'center', 'round_anchor_x': None, 'round_anchor_y': None, 'opacity': 1.0, 'z': 0, 'reset_animations_events': {}, 'color': [1.0, 1.0, 1.0, 1.0], 'style': [], 'adjust_top': 0, 'adjust_bottom': 0, 'adjust_left': 0, 'adjust_right': 0, 'expire': None, 'key': None, 'widget': None, 'events_when_added': [], 'events_when_removed': [], 'font_size': 15, 'bitmap_font': False, 'font_kerning': True, 'bold': False, 'italic': False, 'number_grouping': False, 'min_digits': 0, 'halign': 'center', 'valign': 'middle', 'rotation': 0, 'scale': 1.0, 'casing': None, 'outline_color': [1.0, 1.0, 1.0, 1.0], 'outline_width': 0}, {'type': 'Text', 'text': 'FREE PLAY', 'color': [0.0, 0.5019607843137255, 0.0, 1], 'y': '10', 'anchor_y': 'bottom', '_default_settings': ['type', 'text', 'color', 'y', 'anchor_y'], 'x': None, 'anchor_x': 'center', 'round_anchor_x': None, 'round_anchor_y': None, 'opacity': 1.0, 'z': 0, 'reset_animations_events': {}, 'style': [], 'adjust_top': 0, 'adjust_bottom': 0, 'adjust_left': 0, 'adjust_right': 0, 'expire': None, 'key': None, 'widget': None, 'events_when_added': [], 'events_when_removed': [], 'font_size': 15, 'bitmap_font': False, 'font_kerning': True, 'bold': False, 'italic': False, 'number_grouping': False, 'min_digits': 0, 'halign': 'center', 'valign': 'middle', 'rotation': 0, 'scale': 1.0, 'casing': None, 'outline_color': [1.0, 1.0, 1.0, 1.0], 'outline_width': 0, 'animations': None}], 'transition': {'type': 'move_in', 'duration': 1.0, 'direction': 'right', 'easing': 'out_quad'}, 'target': None, 'background_color': [0.0, 0.0, 0.0, 1.0], 'priority': None, 'show': True, 'force': False, 'expire': None, 'slide': None, 'tokens': {}, 'action': 'play'}}, 'context': 'show_2', 'calling_context': 1, 'priority': 10, 'show_tokens': {}, 'start_time': 117655.921}
2025-10-03 17:03:38,271 : mpfmc : SlidePlayer: Play called with settings={'press_start': {'widgets': [{'type': 'Text', 'text': 'PRESS START', 'animations': {'pre_show_slide': [{'property': ['opacity'], 'value': ['0'], 'duration': 0.5, 'relative': False, 'timing': 'after_previous', 'repeat': False, 'easing': 'linear', 'step': 0.0}, {'property': ['opacity'], 'value': ['1'], 'duration': 0.5, 'repeat': False, 'relative': False, 'timing': 'after_previous', 'easing': 'linear', 'step': 0.0}]}, '_default_settings': ['type', 'text', 'animations'], 'x': None, 'y': None, 'anchor_x': 'center', 'anchor_y': 'center', 'round_anchor_x': None, 'round_anchor_y': None, 'opacity': 1.0, 'z': 0, 'reset_animations_events': {}, 'color': [1.0, 1.0, 1.0, 1.0], 'style': [], 'adjust_top': 0, 'adjust_bottom': 0, 'adjust_left': 0, 'adjust_right': 0, 'expire': None, 'key': None, 'widget': None, 'events_when_added': [], 'events_when_removed': [], 'font_size': 15, 'bitmap_font': False, 'font_kerning': True, 'bold': False, 'italic': False, 'number_grouping': False, 'min_digits': 0, 'halign': 'center', 'valign': 'middle', 'rotation': 0, 'scale': 1.0, 'casing': None, 'outline_color': [1.0, 1.0, 1.0, 1.0], 'outline_width': 0}, {'type': 'Text', 'text': 'FREE PLAY', 'color': [0.0, 0.5019607843137255, 0.0, 1], 'y': '10', 'anchor_y': 'bottom', '_default_settings': ['type', 'text', 'color', 'y', 'anchor_y'], 'x': None, 'anchor_x': 'center', 'round_anchor_x': None, 'round_anchor_y': None, 'opacity': 1.0, 'z': 0, 'reset_animations_events': {}, 'style': [], 'adjust_top': 0, 'adjust_bottom': 0, 'adjust_left': 0, 'adjust_right': 0, 'expire': None, 'key': None, 'widget': None, 'events_when_added': [], 'events_when_removed': [], 'font_size': 15, 'bitmap_font': False, 'font_kerning': True, 'bold': False, 'italic': False, 'number_grouping': False, 'min_digits': 0, 'halign': 'center', 'valign': 'middle', 'rotation': 0, 'scale': 1.0, 'casing': None, 'outline_color': [1.0, 1.0, 1.0, 1.0], 'outline_width': 0, 'animations': None}], 'transition': {'type': 'move_in', 'duration': 1.0, 'direction': 'right', 'easing': 'out_quad'}, 'target': None, 'background_color': [0.0, 0.0, 0.0, 1.0], 'priority': None, 'show': True, 'force': False, 'expire': None, 'slide': None, 'tokens': {}, 'action': 'play'}}
2025-10-03 17:03:38,287 : EventManager : Event: ======'slide_press_start_created'====== Args={}
2025-10-03 17:03:38,291 : EventManager : Event: ======'slide_press_start_active'====== Args={}
2025-10-03 17:03:40,135 : EventManager : Event: ======'game_started'====== Args={}
2025-10-03 17:03:40,159 : EventManager : Event: ======'slides_clear'====== Args={'context': 'show_2'}
2025-10-03 17:03:40,159 : EventManager : Event: ======'player_added'====== Args={'player': <Player 1>, 'num': 1}
2025-10-03 17:03:40,159 : EventManager : Event: ======'player_index'====== Args={'value': 0, 'prev_value': 0, 'change': 0, 'player_num': 1}
2025-10-03 17:03:40,160 : EventManager : Event: ======'player_number'====== Args={'value': 1, 'prev_value': 1, 'change': 0, 'player_num': 1}
2025-10-03 17:03:40,160 : EventManager : Event: ======'player_score'====== Args={'value': 0, 'prev_value': 0, 'change': 0, 'player_num': 1}
2025-10-03 17:03:40,160 : EventManager : Event: ======'slide_awesome_slide_removed'====== Args={}
2025-10-03 17:03:40,161 : EventManager : Event: ======'slide_press_start_removed'====== Args={}
2025-10-03 17:03:40,162 : EventManager : Event: ======'slide_window_blank_active'====== Args={}
2025-10-03 17:03:40,196 : EventManager : Event: ======'player_ball'====== Args={'value': 1, 'prev_value': 0, 'change': 1, 'player_num': 1}
2025-10-03 17:03:40,196 : EventManager : Event: ======'player_turn_start'====== Args={'number': 1, 'player': <Player 1>}
2025-10-03 17:03:40,196 : EventManager : Event: ======'player_shot_my_first_shot_enabled'====== Args={'value': True, 'prev_value': 0, 'change': 1, 'player_num': 1}
2025-10-03 17:03:40,208 : EventManager : Event: ======'player_shot_top_middle_inlane_shot_enabled'====== Args={'value': True, 'prev_value': 0, 'change': 1, 'player_num': 1}
2025-10-03 17:03:40,208 : EventManager : Event: ======'slides_play'====== Args={'settings': {'widgets': {'widgets': [{'type': 'text', 'text': '(score)', 'number_grouping': True, 'min_digits': 2, 'font_size': 100, '_default_settings': ['type', 'text', 'number_grouping', 'min_digits', 'font_size'], 'x': None, 'y': None, 'anchor_x': 'center', 'anchor_y': 'center', 'round_anchor_x': None, 'round_anchor_y': None, 'opacity': 1.0, 'z': 0, 'reset_animations_events': {}, 'color': [1.0, 1.0, 1.0, 1.0], 'style': [], 'adjust_top': 0, 'adjust_bottom': 0, 'adjust_left': 0, 'adjust_right': 0, 'expire': None, 'key': None, 'widget': None, 'events_when_added': [], 'events_when_removed': [], 'bitmap_font': False, 'font_kerning': True, 'bold': False, 'italic': False, 'halign': 'center', 'valign': 'middle', 'rotation': 0, 'scale': 1.0, 'casing': None, 'outline_color': [1.0, 1.0, 1.0, 1.0], 'outline_width': 0, 'animations': None}, {'type': 'text', 'text': 'PLAYER (number)', 'y': '10', 'x': '10', 'font_size': 50, 'anchor_x': 'left', 'anchor_y': 'bottom', '_default_settings': ['type', 'text', 'y', 'x', 'font_size', 'anchor_x', 'anchor_y'], 'round_anchor_x': None, 'round_anchor_y': None, 'opacity': 1.0, 'z': 0, 'reset_animations_events': {}, 'color': [1.0, 1.0, 1.0, 1.0], 'style': [], 'adjust_top': 0, 'adjust_bottom': 0, 'adjust_left': 0, 'adjust_right': 0, 'expire': None, 'key': None, 'widget': None, 'events_when_added': [], 'events_when_removed': [], 'bitmap_font': False, 'font_kerning': True, 'bold': False, 'italic': False, 'number_grouping': False, 'min_digits': 0, 'halign': 'center', 'valign': 'middle', 'rotation': 0, 'scale': 1.0, 'casing': None, 'outline_color': [1.0, 1.0, 1.0, 1.0], 'outline_width': 0, 'animations': None}, {'type': 'text', 'text': 'BALL (ball)', 'y': '10', 'x': 'right-10', 'anchor_x': 'right', 'anchor_y': 'bottom', 'font_size': 50, '_default_settings': ['type', 'text', 'y', 'x', 'anchor_x', 'anchor_y', 'font_size'], 'round_anchor_x': None, 'round_anchor_y': None, 'opacity': 1.0, 'z': 0, 'reset_animations_events': {}, 'color': [1.0, 1.0, 1.0, 1.0], 'style': [], 'adjust_top': 0, 'adjust_bottom': 0, 'adjust_left': 0, 'adjust_right': 0, 'expire': None, 'key': None, 'widget': None, 'events_when_added': [], 'events_when_removed': [], 'bitmap_font': False, 'font_kerning': True, 'bold': False, 'italic': False, 'number_grouping': False, 'min_digits': 0, 'halign': 'center', 'valign': 'middle', 'rotation': 0, 'scale': 1.0, 'casing': None, 'outline_color': [1.0, 1.0, 1.0, 1.0], 'outline_width': 0, 'animations': None}, {'type': 'text', 'text': 'POTATO VALUE: (potato)', 'y': '40%', '_default_settings': ['type', 'text', 'y'], 'x': None, 'anchor_x': 'center', 'anchor_y': 'center', 'round_anchor_x': None, 'round_anchor_y': None, 'opacity': 1.0, 'z': 0, 'reset_animations_events': {}, 'color': [1.0, 1.0, 1.0, 1.0], 'style': [], 'adjust_top': 0, 'adjust_bottom': 0, 'adjust_left': 0, 'adjust_right': 0, 'expire': None, 'key': None, 'widget': None, 'events_when_added': [], 'events_when_removed': [], 'font_size': 15, 'bitmap_font': False, 'font_kerning': True, 'bold': False, 'italic': False, 'number_grouping': False, 'min_digits': 0, 'halign': 'center', 'valign': 'middle', 'rotation': 0, 'scale': 1.0, 'casing': None, 'outline_color': [1.0, 1.0, 1.0, 1.0], 'outline_width': 0, 'animations': None}], 'target': None, 'background_color': [0.0, 0.0, 0.0, 1.0], 'priority': None, 'show': True, 'force': False, 'expire': None, 'slide': None, 'tokens': {}, 'action': 'play'}}, 'context': 'base', 'calling_context': 'mode_base_started', 'priority': 100, 'player': 1, 'ball': 1, 'balls_remaining': 2, 'is_extra_ball': False}
2025-10-03 17:03:40,208 : mpfmc : SlidePlayer: Play called with settings={'widgets': {'widgets': [{'type': 'text', 'text': '(score)', 'number_grouping': True, 'min_digits': 2, 'font_size': 100, '_default_settings': ['type', 'text', 'number_grouping', 'min_digits', 'font_size'], 'x': None, 'y': None, 'anchor_x': 'center', 'anchor_y': 'center', 'round_anchor_x': None, 'round_anchor_y': None, 'opacity': 1.0, 'z': 0, 'reset_animations_events': {}, 'color': [1.0, 1.0, 1.0, 1.0], 'style': [], 'adjust_top': 0, 'adjust_bottom': 0, 'adjust_left': 0, 'adjust_right': 0, 'expire': None, 'key': None, 'widget': None, 'events_when_added': [], 'events_when_removed': [], 'bitmap_font': False, 'font_kerning': True, 'bold': False, 'italic': False, 'halign': 'center', 'valign': 'middle', 'rotation': 0, 'scale': 1.0, 'casing': None, 'outline_color': [1.0, 1.0, 1.0, 1.0], 'outline_width': 0, 'animations': None}, {'type': 'text', 'text': 'PLAYER (number)', 'y': '10', 'x': '10', 'font_size': 50, 'anchor_x': 'left', 'anchor_y': 'bottom', '_default_settings': ['type', 'text', 'y', 'x', 'font_size', 'anchor_x', 'anchor_y'], 'round_anchor_x': None, 'round_anchor_y': None, 'opacity': 1.0, 'z': 0, 'reset_animations_events': {}, 'color': [1.0, 1.0, 1.0, 1.0], 'style': [], 'adjust_top': 0, 'adjust_bottom': 0, 'adjust_left': 0, 'adjust_right': 0, 'expire': None, 'key': None, 'widget': None, 'events_when_added': [], 'events_when_removed': [], 'bitmap_font': False, 'font_kerning': True, 'bold': False, 'italic': False, 'number_grouping': False, 'min_digits': 0, 'halign': 'center', 'valign': 'middle', 'rotation': 0, 'scale': 1.0, 'casing': None, 'outline_color': [1.0, 1.0, 1.0, 1.0], 'outline_width': 0, 'animations': None}, {'type': 'text', 'text': 'BALL (ball)', 'y': '10', 'x': 'right-10', 'anchor_x': 'right', 'anchor_y': 'bottom', 'font_size': 50, '_default_settings': ['type', 'text', 'y', 'x', 'anchor_x', 'anchor_y', 'font_size'], 'round_anchor_x': None, 'round_anchor_y': None, 'opacity': 1.0, 'z': 0, 'reset_animations_events': {}, 'color': [1.0, 1.0, 1.0, 1.0], 'style': [], 'adjust_top': 0, 'adjust_bottom': 0, 'adjust_left': 0, 'adjust_right': 0, 'expire': None, 'key': None, 'widget': None, 'events_when_added': [], 'events_when_removed': [], 'bitmap_font': False, 'font_kerning': True, 'bold': False, 'italic': False, 'number_grouping': False, 'min_digits': 0, 'halign': 'center', 'valign': 'middle', 'rotation': 0, 'scale': 1.0, 'casing': None, 'outline_color': [1.0, 1.0, 1.0, 1.0], 'outline_width': 0, 'animations': None}, {'type': 'text', 'text': 'POTATO VALUE: (potato)', 'y': '40%', '_default_settings': ['type', 'text', 'y'], 'x': None, 'anchor_x': 'center', 'anchor_y': 'center', 'round_anchor_x': None, 'round_anchor_y': None, 'opacity': 1.0, 'z': 0, 'reset_animations_events': {}, 'color': [1.0, 1.0, 1.0, 1.0], 'style': [], 'adjust_top': 0, 'adjust_bottom': 0, 'adjust_left': 0, 'adjust_right': 0, 'expire': None, 'key': None, 'widget': None, 'events_when_added': [], 'events_when_removed': [], 'font_size': 15, 'bitmap_font': False, 'font_kerning': True, 'bold': False, 'italic': False, 'number_grouping': False, 'min_digits': 0, 'halign': 'center', 'valign': 'middle', 'rotation': 0, 'scale': 1.0, 'casing': None, 'outline_color': [1.0, 1.0, 1.0, 1.0], 'outline_width': 0, 'animations': None}], 'target': None, 'background_color': [0.0, 0.0, 0.0, 1.0], 'priority': None, 'show': True, 'force': False, 'expire': None, 'slide': None, 'tokens': {}, 'action': 'play'}}
2025-10-03 17:03:40,222 : EventManager : Event: ======'slide_base.slide_player-mode_base_started_created'====== Args={}
2025-10-03 17:03:40,224 : EventManager : Event: ======'slide_base.slide_player-mode_base_started_active'====== Args={}
2025-10-03 17:03:40,356 : EventManager : Event: ======'machine_var_audits_switches_s_plunger'====== Args={'value': 57, 'prev_value': 56, 'change': 1}
2025-10-03 17:03:53,853 : EventManager : Event: ======'machine_var_audits_switches_s_left_flipper'====== Args={'value': 220, 'prev_value': 219, 'change': 1}
2025-10-03 17:03:53,853 : EventManager : Event: ======'player_score'====== Args={'value': 1000, 'prev_value': 0, 'change': 1000, 'player_num': 1}
2025-10-03 17:03:53,853 : EventManager : Event: ======'player_potato'====== Args={'value': 1, 'prev_value': 0, 'change': 1, 'player_num': 1}
2025-10-03 17:03:54,050 : EventManager : Event: ======'machine_var_audits_switches_s_left_flipper'====== Args={'value': 221, 'prev_value': 220, 'change': 1}
2025-10-03 17:03:54,050 : EventManager : Event: ======'player_score'====== Args={'value': 2000, 'prev_value': 1000, 'change': 1000, 'player_num': 1}
2025-10-03 17:03:54,051 : EventManager : Event: ======'player_potato'====== Args={'value': 2, 'prev_value': 1, 'change': 1, 'player_num': 1}
2025-10-03 17:03:54,234 : EventManager : Event: ======'machine_var_audits_switches_s_left_flipper'====== Args={'value': 222, 'prev_value': 221, 'change': 1}
2025-10-03 17:03:54,234 : EventManager : Event: ======'player_score'====== Args={'value': 3000, 'prev_value': 2000, 'change': 1000, 'player_num': 1}
2025-10-03 17:03:54,234 : EventManager : Event: ======'player_potato'====== Args={'value': 3, 'prev_value': 2, 'change': 1, 'player_num': 1}
2025-10-03 17:03:54,356 : EventManager : Event: ======'machine_var_audits_switches_s_left_flipper'====== Args={'value': 223, 'prev_value': 222, 'change': 1}
2025-10-03 17:03:54,356 : EventManager : Event: ======'player_score'====== Args={'value': 4000, 'prev_value': 3000, 'change': 1000, 'player_num': 1}
2025-10-03 17:03:54,356 : EventManager : Event: ======'player_potato'====== Args={'value': 4, 'prev_value': 3, 'change': 1, 'player_num': 1}
2025-10-03 17:03:54,543 : EventManager : Event: ======'machine_var_audits_switches_s_left_flipper'====== Args={'value': 224, 'prev_value': 223, 'change': 1}
2025-10-03 17:03:54,543 : EventManager : Event: ======'player_score'====== Args={'value': 5000, 'prev_value': 4000, 'change': 1000, 'player_num': 1}
2025-10-03 17:03:54,543 : EventManager : Event: ======'player_potato'====== Args={'value': 5, 'prev_value': 4, 'change': 1, 'player_num': 1}
2025-10-03 17:03:54,732 : EventManager : Event: ======'machine_var_audits_switches_s_left_flipper'====== Args={'value': 225, 'prev_value': 224, 'change': 1}
2025-10-03 17:03:54,732 : EventManager : Event: ======'player_score'====== Args={'value': 6000, 'prev_value': 5000, 'change': 1000, 'player_num': 1}
2025-10-03 17:03:54,733 : EventManager : Event: ======'player_potato'====== Args={'value': 6, 'prev_value': 5, 'change': 1, 'player_num': 1}
2025-10-03 17:03:54,910 : EventManager : Event: ======'machine_var_audits_switches_s_left_flipper'====== Args={'value': 226, 'prev_value': 225, 'change': 1}
2025-10-03 17:03:54,910 : EventManager : Event: ======'player_score'====== Args={'value': 7000, 'prev_value': 6000, 'change': 1000, 'player_num': 1}
2025-10-03 17:03:54,910 : EventManager : Event: ======'player_potato'====== Args={'value': 7, 'prev_value': 6, 'change': 1, 'player_num': 1}
2025-10-03 17:03:55,077 : EventManager : Event: ======'machine_var_audits_switches_s_left_flipper'====== Args={'value': 227, 'prev_value': 226, 'change': 1}
2025-10-03 17:03:55,077 : EventManager : Event: ======'player_score'====== Args={'value': 8000, 'prev_value': 7000, 'change': 1000, 'player_num': 1}
2025-10-03 17:03:55,078 : EventManager : Event: ======'player_potato'====== Args={'value': 8, 'prev_value': 7, 'change': 1, 'player_num': 1}
2025-10-03 17:03:55,271 : EventManager : Event: ======'machine_var_audits_switches_s_left_flipper'====== Args={'value': 228, 'prev_value': 227, 'change': 1}
2025-10-03 17:03:55,271 : EventManager : Event: ======'player_score'====== Args={'value': 9000, 'prev_value': 8000, 'change': 1000, 'player_num': 1}
2025-10-03 17:03:55,272 : EventManager : Event: ======'player_potato'====== Args={'value': 9, 'prev_value': 8, 'change': 1, 'player_num': 1}
2025-10-03 17:03:55,472 : EventManager : Event: ======'machine_var_audits_switches_s_left_flipper'====== Args={'value': 229, 'prev_value': 228, 'change': 1}
2025-10-03 17:03:55,472 : EventManager : Event: ======'player_score'====== Args={'value': 10000, 'prev_value': 9000, 'change': 1000, 'player_num': 1}
2025-10-03 17:03:55,472 : EventManager : Event: ======'player_potato'====== Args={'value': 10, 'prev_value': 9, 'change': 1, 'player_num': 1}
2025-10-03 17:03:56,117 : EventManager : Event: ======'machine_var_audits_switches_s_trough1'====== Args={'value': 46, 'prev_value': 45, 'change': 1}
2025-10-03 17:03:56,628 : EventManager : Event: ======'slides_clear'====== Args={'context': 'base'}
2025-10-03 17:03:56,629 : EventManager : Event: ======'slide_base.slide_player-mode_base_started_removed'====== Args={}
2025-10-03 17:03:56,630 : EventManager : Event: ======'slide_window_blank_active'====== Args={}
2025-10-03 17:03:56,703 : EventManager : Event: ======'player_ball'====== Args={'value': 2, 'prev_value': 1, 'change': 1, 'player_num': 1}
2025-10-03 17:03:56,703 : EventManager : Event: ======'slides_play'====== Args={'settings': {'widgets': {'widgets': [{'type': 'text', 'text': '(score)', 'number_grouping': True, 'min_digits': 2, 'font_size': 100, '_default_settings': ['type', 'text', 'number_grouping', 'min_digits', 'font_size'], 'x': None, 'y': None, 'anchor_x': 'center', 'anchor_y': 'center', 'round_anchor_x': None, 'round_anchor_y': None, 'opacity': 1.0, 'z': 0, 'reset_animations_events': {}, 'color': [1.0, 1.0, 1.0, 1.0], 'style': [], 'adjust_top': 0, 'adjust_bottom': 0, 'adjust_left': 0, 'adjust_right': 0, 'expire': None, 'key': None, 'widget': None, 'events_when_added': [], 'events_when_removed': [], 'bitmap_font': False, 'font_kerning': True, 'bold': False, 'italic': False, 'halign': 'center', 'valign': 'middle', 'rotation': 0, 'scale': 1.0, 'casing': None, 'outline_color': [1.0, 1.0, 1.0, 1.0], 'outline_width': 0, 'animations': None}, {'type': 'text', 'text': 'PLAYER (number)', 'y': '10', 'x': '10', 'font_size': 50, 'anchor_x': 'left', 'anchor_y': 'bottom', '_default_settings': ['type', 'text', 'y', 'x', 'font_size', 'anchor_x', 'anchor_y'], 'round_anchor_x': None, 'round_anchor_y': None, 'opacity': 1.0, 'z': 0, 'reset_animations_events': {}, 'color': [1.0, 1.0, 1.0, 1.0], 'style': [], 'adjust_top': 0, 'adjust_bottom': 0, 'adjust_left': 0, 'adjust_right': 0, 'expire': None, 'key': None, 'widget': None, 'events_when_added': [], 'events_when_removed': [], 'bitmap_font': False, 'font_kerning': True, 'bold': False, 'italic': False, 'number_grouping': False, 'min_digits': 0, 'halign': 'center', 'valign': 'middle', 'rotation': 0, 'scale': 1.0, 'casing': None, 'outline_color': [1.0, 1.0, 1.0, 1.0], 'outline_width': 0, 'animations': None}, {'type': 'text', 'text': 'BALL (ball)', 'y': '10', 'x': 'right-10', 'anchor_x': 'right', 'anchor_y': 'bottom', 'font_size': 50, '_default_settings': ['type', 'text', 'y', 'x', 'anchor_x', 'anchor_y', 'font_size'], 'round_anchor_x': None, 'round_anchor_y': None, 'opacity': 1.0, 'z': 0, 'reset_animations_events': {}, 'color': [1.0, 1.0, 1.0, 1.0], 'style': [], 'adjust_top': 0, 'adjust_bottom': 0, 'adjust_left': 0, 'adjust_right': 0, 'expire': None, 'key': None, 'widget': None, 'events_when_added': [], 'events_when_removed': [], 'bitmap_font': False, 'font_kerning': True, 'bold': False, 'italic': False, 'number_grouping': False, 'min_digits': 0, 'halign': 'center', 'valign': 'middle', 'rotation': 0, 'scale': 1.0, 'casing': None, 'outline_color': [1.0, 1.0, 1.0, 1.0], 'outline_width': 0, 'animations': None}, {'type': 'text', 'text': 'POTATO VALUE: (potato)', 'y': '40%', '_default_settings': ['type', 'text', 'y'], 'x': None, 'anchor_x': 'center', 'anchor_y': 'center', 'round_anchor_x': None, 'round_anchor_y': None, 'opacity': 1.0, 'z': 0, 'reset_animations_events': {}, 'color': [1.0, 1.0, 1.0, 1.0], 'style': [], 'adjust_top': 0, 'adjust_bottom': 0, 'adjust_left': 0, 'adjust_right': 0, 'expire': None, 'key': None, 'widget': None, 'events_when_added': [], 'events_when_removed': [], 'font_size': 15, 'bitmap_font': False, 'font_kerning': True, 'bold': False, 'italic': False, 'number_grouping': False, 'min_digits': 0, 'halign': 'center', 'valign': 'middle', 'rotation': 0, 'scale': 1.0, 'casing': None, 'outline_color': [1.0, 1.0, 1.0, 1.0], 'outline_width': 0, 'animations': None}], 'target': None, 'background_color': [0.0, 0.0, 0.0, 1.0], 'priority': None, 'show': True, 'force': False, 'expire': None, 'slide': None, 'tokens': {}, 'action': 'play'}}, 'context': 'base', 'calling_context': 'mode_base_started', 'priority': 100, 'player': 1, 'ball': 2, 'balls_remaining': 1, 'is_extra_ball': False}
2025-10-03 17:03:56,703 : mpfmc : SlidePlayer: Play called with settings={'widgets': {'widgets': [{'type': 'text', 'text': '(score)', 'number_grouping': True, 'min_digits': 2, 'font_size': 100, '_default_settings': ['type', 'text', 'number_grouping', 'min_digits', 'font_size'], 'x': None, 'y': None, 'anchor_x': 'center', 'anchor_y': 'center', 'round_anchor_x': None, 'round_anchor_y': None, 'opacity': 1.0, 'z': 0, 'reset_animations_events': {}, 'color': [1.0, 1.0, 1.0, 1.0], 'style': [], 'adjust_top': 0, 'adjust_bottom': 0, 'adjust_left': 0, 'adjust_right': 0, 'expire': None, 'key': None, 'widget': None, 'events_when_added': [], 'events_when_removed': [], 'bitmap_font': False, 'font_kerning': True, 'bold': False, 'italic': False, 'halign': 'center', 'valign': 'middle', 'rotation': 0, 'scale': 1.0, 'casing': None, 'outline_color': [1.0, 1.0, 1.0, 1.0], 'outline_width': 0, 'animations': None}, {'type': 'text', 'text': 'PLAYER (number)', 'y': '10', 'x': '10', 'font_size': 50, 'anchor_x': 'left', 'anchor_y': 'bottom', '_default_settings': ['type', 'text', 'y', 'x', 'font_size', 'anchor_x', 'anchor_y'], 'round_anchor_x': None, 'round_anchor_y': None, 'opacity': 1.0, 'z': 0, 'reset_animations_events': {}, 'color': [1.0, 1.0, 1.0, 1.0], 'style': [], 'adjust_top': 0, 'adjust_bottom': 0, 'adjust_left': 0, 'adjust_right': 0, 'expire': None, 'key': None, 'widget': None, 'events_when_added': [], 'events_when_removed': [], 'bitmap_font': False, 'font_kerning': True, 'bold': False, 'italic': False, 'number_grouping': False, 'min_digits': 0, 'halign': 'center', 'valign': 'middle', 'rotation': 0, 'scale': 1.0, 'casing': None, 'outline_color': [1.0, 1.0, 1.0, 1.0], 'outline_width': 0, 'animations': None}, {'type': 'text', 'text': 'BALL (ball)', 'y': '10', 'x': 'right-10', 'anchor_x': 'right', 'anchor_y': 'bottom', 'font_size': 50, '_default_settings': ['type', 'text', 'y', 'x', 'anchor_x', 'anchor_y', 'font_size'], 'round_anchor_x': None, 'round_anchor_y': None, 'opacity': 1.0, 'z': 0, 'reset_animations_events': {}, 'color': [1.0, 1.0, 1.0, 1.0], 'style': [], 'adjust_top': 0, 'adjust_bottom': 0, 'adjust_left': 0, 'adjust_right': 0, 'expire': None, 'key': None, 'widget': None, 'events_when_added': [], 'events_when_removed': [], 'bitmap_font': False, 'font_kerning': True, 'bold': False, 'italic': False, 'number_grouping': False, 'min_digits': 0, 'halign': 'center', 'valign': 'middle', 'rotation': 0, 'scale': 1.0, 'casing': None, 'outline_color': [1.0, 1.0, 1.0, 1.0], 'outline_width': 0, 'animations': None}, {'type': 'text', 'text': 'POTATO VALUE: (potato)', 'y': '40%', '_default_settings': ['type', 'text', 'y'], 'x': None, 'anchor_x': 'center', 'anchor_y': 'center', 'round_anchor_x': None, 'round_anchor_y': None, 'opacity': 1.0, 'z': 0, 'reset_animations_events': {}, 'color': [1.0, 1.0, 1.0, 1.0], 'style': [], 'adjust_top': 0, 'adjust_bottom': 0, 'adjust_left': 0, 'adjust_right': 0, 'expire': None, 'key': None, 'widget': None, 'events_when_added': [], 'events_when_removed': [], 'font_size': 15, 'bitmap_font': False, 'font_kerning': True, 'bold': False, 'italic': False, 'number_grouping': False, 'min_digits': 0, 'halign': 'center', 'valign': 'middle', 'rotation': 0, 'scale': 1.0, 'casing': None, 'outline_color': [1.0, 1.0, 1.0, 1.0], 'outline_width': 0, 'animations': None}], 'target': None, 'background_color': [0.0, 0.0, 0.0, 1.0], 'priority': None, 'show': True, 'force': False, 'expire': None, 'slide': None, 'tokens': {}, 'action': 'play'}}
2025-10-03 17:03:56,709 : EventManager : Event: ======'slide_base.slide_player-mode_base_started_created'====== Args={}
2025-10-03 17:03:56,711 : EventManager : Event: ======'slide_base.slide_player-mode_base_started_active'====== Args={}
2025-10-03 17:03:56,828 : EventManager : Event: ======'machine_var_audits_switches_s_plunger'====== Args={'value': 58, 'prev_value': 57, 'change': 1}
2025-10-03 17:04:01,501 : EventManager : Event: ======'machine_var_audits_switches_s_right_inlane'====== Args={'value': 71, 'prev_value': 70, 'change': 1}
2025-10-03 17:04:01,501 : EventManager : Event: ======'player_shot_my_first_shot'====== Args={'value': 1, 'prev_value': 0, 'change': 1, 'player_num': 1}
2025-10-03 17:04:01,501 : EventManager : Event: ======'machine_var_audits_shots_my_first_shot'====== Args={'value': 39, 'prev_value': 38, 'change': 1}
2025-10-03 17:04:01,501 : EventManager : Event: ======'player_score'====== Args={'value': 10100, 'prev_value': 10000, 'change': 100, 'player_num': 1}
2025-10-03 17:04:01,501 : EventManager : Event: ======'player_score'====== Args={'value': 10142, 'prev_value': 10100, 'change': 42, 'player_num': 1}
2025-10-03 17:04:04,686 : EventManager : Event: ======'machine_var_audits_switches_s_left_flipper'====== Args={'value': 230, 'prev_value': 229, 'change': 1}
2025-10-03 17:04:04,686 : EventManager : Event: ======'player_score'====== Args={'value': 11142, 'prev_value': 10142, 'change': 1000, 'player_num': 1}
2025-10-03 17:04:04,687 : EventManager : Event: ======'player_potato'====== Args={'value': 11, 'prev_value': 10, 'change': 1, 'player_num': 1}
2025-10-03 17:04:05,055 : EventManager : Event: ======'machine_var_audits_switches_s_left_flipper'====== Args={'value': 231, 'prev_value': 230, 'change': 1}
2025-10-03 17:04:05,055 : EventManager : Event: ======'player_score'====== Args={'value': 12142, 'prev_value': 11142, 'change': 1000, 'player_num': 1}
2025-10-03 17:04:05,056 : EventManager : Event: ======'player_potato'====== Args={'value': 12, 'prev_value': 11, 'change': 1, 'player_num': 1}
2025-10-03 17:04:05,330 : EventManager : Event: ======'machine_var_audits_switches_s_left_flipper'====== Args={'value': 232, 'prev_value': 231, 'change': 1}
2025-10-03 17:04:05,330 : EventManager : Event: ======'player_score'====== Args={'value': 13142, 'prev_value': 12142, 'change': 1000, 'player_num': 1}
2025-10-03 17:04:05,330 : EventManager : Event: ======'player_potato'====== Args={'value': 13, 'prev_value': 12, 'change': 1, 'player_num': 1}
2025-10-03 17:04:05,602 : EventManager : Event: ======'machine_var_audits_switches_s_left_flipper'====== Args={'value': 233, 'prev_value': 232, 'change': 1}
2025-10-03 17:04:05,602 : EventManager : Event: ======'player_score'====== Args={'value': 14142, 'prev_value': 13142, 'change': 1000, 'player_num': 1}
2025-10-03 17:04:05,603 : EventManager : Event: ======'player_potato'====== Args={'value': 14, 'prev_value': 13, 'change': 1, 'player_num': 1}
2025-10-03 17:04:05,783 : EventManager : Event: ======'machine_var_audits_switches_s_left_flipper'====== Args={'value': 234, 'prev_value': 233, 'change': 1}
2025-10-03 17:04:05,784 : EventManager : Event: ======'player_score'====== Args={'value': 15142, 'prev_value': 14142, 'change': 1000, 'player_num': 1}
2025-10-03 17:04:05,784 : EventManager : Event: ======'player_potato'====== Args={'value': 15, 'prev_value': 14, 'change': 1, 'player_num': 1}
2025-10-03 17:04:05,949 : EventManager : Event: ======'machine_var_audits_switches_s_left_flipper'====== Args={'value': 235, 'prev_value': 234, 'change': 1}
2025-10-03 17:04:05,949 : EventManager : Event: ======'player_score'====== Args={'value': 16142, 'prev_value': 15142, 'change': 1000, 'player_num': 1}
2025-10-03 17:04:05,950 : EventManager : Event: ======'player_potato'====== Args={'value': 16, 'prev_value': 15, 'change': 1, 'player_num': 1}
2025-10-03 17:04:06,121 : EventManager : Event: ======'machine_var_audits_switches_s_left_flipper'====== Args={'value': 236, 'prev_value': 235, 'change': 1}
2025-10-03 17:04:06,121 : EventManager : Event: ======'player_score'====== Args={'value': 17142, 'prev_value': 16142, 'change': 1000, 'player_num': 1}
2025-10-03 17:04:06,121 : EventManager : Event: ======'player_potato'====== Args={'value': 17, 'prev_value': 16, 'change': 1, 'player_num': 1}
2025-10-03 17:04:06,285 : EventManager : Event: ======'machine_var_audits_switches_s_left_flipper'====== Args={'value': 237, 'prev_value': 236, 'change': 1}
2025-10-03 17:04:06,285 : EventManager : Event: ======'player_score'====== Args={'value': 18142, 'prev_value': 17142, 'change': 1000, 'player_num': 1}
2025-10-03 17:04:06,286 : EventManager : Event: ======'player_potato'====== Args={'value': 18, 'prev_value': 17, 'change': 1, 'player_num': 1}
2025-10-03 17:04:06,431 : EventManager : Event: ======'machine_var_audits_switches_s_left_flipper'====== Args={'value': 238, 'prev_value': 237, 'change': 1}
2025-10-03 17:04:06,431 : EventManager : Event: ======'player_score'====== Args={'value': 19142, 'prev_value': 18142, 'change': 1000, 'player_num': 1}
2025-10-03 17:04:06,431 : EventManager : Event: ======'player_potato'====== Args={'value': 19, 'prev_value': 18, 'change': 1, 'player_num': 1}
2025-10-03 17:04:06,609 : EventManager : Event: ======'machine_var_audits_switches_s_left_flipper'====== Args={'value': 239, 'prev_value': 238, 'change': 1}
2025-10-03 17:04:06,609 : EventManager : Event: ======'player_score'====== Args={'value': 20142, 'prev_value': 19142, 'change': 1000, 'player_num': 1}
2025-10-03 17:04:06,610 : EventManager : Event: ======'player_potato'====== Args={'value': 20, 'prev_value': 19, 'change': 1, 'player_num': 1}
2025-10-03 17:04:07,178 : EventManager : Event: ======'machine_var_audits_switches_s_trough1'====== Args={'value': 47, 'prev_value': 46, 'change': 1}
2025-10-03 17:04:07,688 : EventManager : Event: ======'slides_clear'====== Args={'context': 'base'}
2025-10-03 17:04:07,689 : EventManager : Event: ======'slide_base.slide_player-mode_base_started_removed'====== Args={}
2025-10-03 17:04:07,690 : EventManager : Event: ======'slide_window_blank_active'====== Args={}
2025-10-03 17:04:07,858 : EventManager : Event: ======'player_ball'====== Args={'value': 3, 'prev_value': 2, 'change': 1, 'player_num': 1}
2025-10-03 17:04:07,870 : EventManager : Event: ======'slides_play'====== Args={'settings': {'widgets': {'widgets': [{'type': 'text', 'text': '(score)', 'number_grouping': True, 'min_digits': 2, 'font_size': 100, '_default_settings': ['type', 'text', 'number_grouping', 'min_digits', 'font_size'], 'x': None, 'y': None, 'anchor_x': 'center', 'anchor_y': 'center', 'round_anchor_x': None, 'round_anchor_y': None, 'opacity': 1.0, 'z': 0, 'reset_animations_events': {}, 'color': [1.0, 1.0, 1.0, 1.0], 'style': [], 'adjust_top': 0, 'adjust_bottom': 0, 'adjust_left': 0, 'adjust_right': 0, 'expire': None, 'key': None, 'widget': None, 'events_when_added': [], 'events_when_removed': [], 'bitmap_font': False, 'font_kerning': True, 'bold': False, 'italic': False, 'halign': 'center', 'valign': 'middle', 'rotation': 0, 'scale': 1.0, 'casing': None, 'outline_color': [1.0, 1.0, 1.0, 1.0], 'outline_width': 0, 'animations': None}, {'type': 'text', 'text': 'PLAYER (number)', 'y': '10', 'x': '10', 'font_size': 50, 'anchor_x': 'left', 'anchor_y': 'bottom', '_default_settings': ['type', 'text', 'y', 'x', 'font_size', 'anchor_x', 'anchor_y'], 'round_anchor_x': None, 'round_anchor_y': None, 'opacity': 1.0, 'z': 0, 'reset_animations_events': {}, 'color': [1.0, 1.0, 1.0, 1.0], 'style': [], 'adjust_top': 0, 'adjust_bottom': 0, 'adjust_left': 0, 'adjust_right': 0, 'expire': None, 'key': None, 'widget': None, 'events_when_added': [], 'events_when_removed': [], 'bitmap_font': False, 'font_kerning': True, 'bold': False, 'italic': False, 'number_grouping': False, 'min_digits': 0, 'halign': 'center', 'valign': 'middle', 'rotation': 0, 'scale': 1.0, 'casing': None, 'outline_color': [1.0, 1.0, 1.0, 1.0], 'outline_width': 0, 'animations': None}, {'type': 'text', 'text': 'BALL (ball)', 'y': '10', 'x': 'right-10', 'anchor_x': 'right', 'anchor_y': 'bottom', 'font_size': 50, '_default_settings': ['type', 'text', 'y', 'x', 'anchor_x', 'anchor_y', 'font_size'], 'round_anchor_x': None, 'round_anchor_y': None, 'opacity': 1.0, 'z': 0, 'reset_animations_events': {}, 'color': [1.0, 1.0, 1.0, 1.0], 'style': [], 'adjust_top': 0, 'adjust_bottom': 0, 'adjust_left': 0, 'adjust_right': 0, 'expire': None, 'key': None, 'widget': None, 'events_when_added': [], 'events_when_removed': [], 'bitmap_font': False, 'font_kerning': True, 'bold': False, 'italic': False, 'number_grouping': False, 'min_digits': 0, 'halign': 'center', 'valign': 'middle', 'rotation': 0, 'scale': 1.0, 'casing': None, 'outline_color': [1.0, 1.0, 1.0, 1.0], 'outline_width': 0, 'animations': None}, {'type': 'text', 'text': 'POTATO VALUE: (potato)', 'y': '40%', '_default_settings': ['type', 'text', 'y'], 'x': None, 'anchor_x': 'center', 'anchor_y': 'center', 'round_anchor_x': None, 'round_anchor_y': None, 'opacity': 1.0, 'z': 0, 'reset_animations_events': {}, 'color': [1.0, 1.0, 1.0, 1.0], 'style': [], 'adjust_top': 0, 'adjust_bottom': 0, 'adjust_left': 0, 'adjust_right': 0, 'expire': None, 'key': None, 'widget': None, 'events_when_added': [], 'events_when_removed': [], 'font_size': 15, 'bitmap_font': False, 'font_kerning': True, 'bold': False, 'italic': False, 'number_grouping': False, 'min_digits': 0, 'halign': 'center', 'valign': 'middle', 'rotation': 0, 'scale': 1.0, 'casing': None, 'outline_color': [1.0, 1.0, 1.0, 1.0], 'outline_width': 0, 'animations': None}], 'target': None, 'background_color': [0.0, 0.0, 0.0, 1.0], 'priority': None, 'show': True, 'force': False, 'expire': None, 'slide': None, 'tokens': {}, 'action': 'play'}}, 'context': 'base', 'calling_context': 'mode_base_started', 'priority': 100, 'player': 1, 'ball': 3, 'balls_remaining': 0, 'is_extra_ball': False}
2025-10-03 17:04:07,870 : mpfmc : SlidePlayer: Play called with settings={'widgets': {'widgets': [{'type': 'text', 'text': '(score)', 'number_grouping': True, 'min_digits': 2, 'font_size': 100, '_default_settings': ['type', 'text', 'number_grouping', 'min_digits', 'font_size'], 'x': None, 'y': None, 'anchor_x': 'center', 'anchor_y': 'center', 'round_anchor_x': None, 'round_anchor_y': None, 'opacity': 1.0, 'z': 0, 'reset_animations_events': {}, 'color': [1.0, 1.0, 1.0, 1.0], 'style': [], 'adjust_top': 0, 'adjust_bottom': 0, 'adjust_left': 0, 'adjust_right': 0, 'expire': None, 'key': None, 'widget': None, 'events_when_added': [], 'events_when_removed': [], 'bitmap_font': False, 'font_kerning': True, 'bold': False, 'italic': False, 'halign': 'center', 'valign': 'middle', 'rotation': 0, 'scale': 1.0, 'casing': None, 'outline_color': [1.0, 1.0, 1.0, 1.0], 'outline_width': 0, 'animations': None}, {'type': 'text', 'text': 'PLAYER (number)', 'y': '10', 'x': '10', 'font_size': 50, 'anchor_x': 'left', 'anchor_y': 'bottom', '_default_settings': ['type', 'text', 'y', 'x', 'font_size', 'anchor_x', 'anchor_y'], 'round_anchor_x': None, 'round_anchor_y': None, 'opacity': 1.0, 'z': 0, 'reset_animations_events': {}, 'color': [1.0, 1.0, 1.0, 1.0], 'style': [], 'adjust_top': 0, 'adjust_bottom': 0, 'adjust_left': 0, 'adjust_right': 0, 'expire': None, 'key': None, 'widget': None, 'events_when_added': [], 'events_when_removed': [], 'bitmap_font': False, 'font_kerning': True, 'bold': False, 'italic': False, 'number_grouping': False, 'min_digits': 0, 'halign': 'center', 'valign': 'middle', 'rotation': 0, 'scale': 1.0, 'casing': None, 'outline_color': [1.0, 1.0, 1.0, 1.0], 'outline_width': 0, 'animations': None}, {'type': 'text', 'text': 'BALL (ball)', 'y': '10', 'x': 'right-10', 'anchor_x': 'right', 'anchor_y': 'bottom', 'font_size': 50, '_default_settings': ['type', 'text', 'y', 'x', 'anchor_x', 'anchor_y', 'font_size'], 'round_anchor_x': None, 'round_anchor_y': None, 'opacity': 1.0, 'z': 0, 'reset_animations_events': {}, 'color': [1.0, 1.0, 1.0, 1.0], 'style': [], 'adjust_top': 0, 'adjust_bottom': 0, 'adjust_left': 0, 'adjust_right': 0, 'expire': None, 'key': None, 'widget': None, 'events_when_added': [], 'events_when_removed': [], 'bitmap_font': False, 'font_kerning': True, 'bold': False, 'italic': False, 'number_grouping': False, 'min_digits': 0, 'halign': 'center', 'valign': 'middle', 'rotation': 0, 'scale': 1.0, 'casing': None, 'outline_color': [1.0, 1.0, 1.0, 1.0], 'outline_width': 0, 'animations': None}, {'type': 'text', 'text': 'POTATO VALUE: (potato)', 'y': '40%', '_default_settings': ['type', 'text', 'y'], 'x': None, 'anchor_x': 'center', 'anchor_y': 'center', 'round_anchor_x': None, 'round_anchor_y': None, 'opacity': 1.0, 'z': 0, 'reset_animations_events': {}, 'color': [1.0, 1.0, 1.0, 1.0], 'style': [], 'adjust_top': 0, 'adjust_bottom': 0, 'adjust_left': 0, 'adjust_right': 0, 'expire': None, 'key': None, 'widget': None, 'events_when_added': [], 'events_when_removed': [], 'font_size': 15, 'bitmap_font': False, 'font_kerning': True, 'bold': False, 'italic': False, 'number_grouping': False, 'min_digits': 0, 'halign': 'center', 'valign': 'middle', 'rotation': 0, 'scale': 1.0, 'casing': None, 'outline_color': [1.0, 1.0, 1.0, 1.0], 'outline_width': 0, 'animations': None}], 'target': None, 'background_color': [0.0, 0.0, 0.0, 1.0], 'priority': None, 'show': True, 'force': False, 'expire': None, 'slide': None, 'tokens': {}, 'action': 'play'}}
2025-10-03 17:04:07,884 : EventManager : Event: ======'slide_base.slide_player-mode_base_started_created'====== Args={}
2025-10-03 17:04:07,888 : EventManager : Event: ======'slide_base.slide_player-mode_base_started_active'====== Args={}
2025-10-03 17:04:08,021 : EventManager : Event: ======'machine_var_audits_switches_s_plunger'====== Args={'value': 59, 'prev_value': 58, 'change': 1}
2025-10-03 17:04:12,317 : EventManager : Event: ======'machine_var_audits_switches_s_right_inlane'====== Args={'value': 72, 'prev_value': 71, 'change': 1}
2025-10-03 17:04:12,318 : EventManager : Event: ======'machine_var_audits_shots_my_first_shot'====== Args={'value': 40, 'prev_value': 39, 'change': 1}
2025-10-03 17:04:12,318 : EventManager : Event: ======'player_score'====== Args={'value': 20242, 'prev_value': 20142, 'change': 100, 'player_num': 1}
2025-10-03 17:04:12,318 : EventManager : Event: ======'player_score'====== Args={'value': 20284, 'prev_value': 20242, 'change': 42, 'player_num': 1}
2025-10-03 17:04:14,029 : EventManager : Event: ======'machine_var_audits_switches_s_left_flipper'====== Args={'value': 240, 'prev_value': 239, 'change': 1}
2025-10-03 17:04:14,029 : EventManager : Event: ======'player_score'====== Args={'value': 21284, 'prev_value': 20284, 'change': 1000, 'player_num': 1}
2025-10-03 17:04:14,029 : EventManager : Event: ======'player_potato'====== Args={'value': 21, 'prev_value': 20, 'change': 1, 'player_num': 1}
2025-10-03 17:04:14,194 : EventManager : Event: ======'machine_var_audits_switches_s_left_flipper'====== Args={'value': 241, 'prev_value': 240, 'change': 1}
2025-10-03 17:04:14,194 : EventManager : Event: ======'player_score'====== Args={'value': 22284, 'prev_value': 21284, 'change': 1000, 'player_num': 1}
2025-10-03 17:04:14,195 : EventManager : Event: ======'player_potato'====== Args={'value': 22, 'prev_value': 21, 'change': 1, 'player_num': 1}
2025-10-03 17:04:14,332 : EventManager : Event: ======'machine_var_audits_switches_s_left_flipper'====== Args={'value': 242, 'prev_value': 241, 'change': 1}
2025-10-03 17:04:14,344 : EventManager : Event: ======'player_score'====== Args={'value': 23284, 'prev_value': 22284, 'change': 1000, 'player_num': 1}
2025-10-03 17:04:14,344 : EventManager : Event: ======'player_potato'====== Args={'value': 23, 'prev_value': 22, 'change': 1, 'player_num': 1}
2025-10-03 17:04:14,470 : EventManager : Event: ======'machine_var_audits_switches_s_left_flipper'====== Args={'value': 243, 'prev_value': 242, 'change': 1}
2025-10-03 17:04:14,470 : EventManager : Event: ======'player_score'====== Args={'value': 24284, 'prev_value': 23284, 'change': 1000, 'player_num': 1}
2025-10-03 17:04:14,470 : EventManager : Event: ======'player_potato'====== Args={'value': 24, 'prev_value': 23, 'change': 1, 'player_num': 1}
2025-10-03 17:04:14,610 : EventManager : Event: ======'machine_var_audits_switches_s_left_flipper'====== Args={'value': 244, 'prev_value': 243, 'change': 1}
2025-10-03 17:04:14,610 : EventManager : Event: ======'player_score'====== Args={'value': 25284, 'prev_value': 24284, 'change': 1000, 'player_num': 1}
2025-10-03 17:04:14,610 : EventManager : Event: ======'player_potato'====== Args={'value': 25, 'prev_value': 24, 'change': 1, 'player_num': 1}
2025-10-03 17:04:14,763 : EventManager : Event: ======'machine_var_audits_switches_s_left_flipper'====== Args={'value': 245, 'prev_value': 244, 'change': 1}
2025-10-03 17:04:14,763 : EventManager : Event: ======'player_score'====== Args={'value': 26284, 'prev_value': 25284, 'change': 1000, 'player_num': 1}
2025-10-03 17:04:14,763 : EventManager : Event: ======'player_potato'====== Args={'value': 26, 'prev_value': 25, 'change': 1, 'player_num': 1}
2025-10-03 17:04:14,903 : EventManager : Event: ======'machine_var_audits_switches_s_left_flipper'====== Args={'value': 246, 'prev_value': 245, 'change': 1}
2025-10-03 17:04:14,903 : EventManager : Event: ======'player_score'====== Args={'value': 27284, 'prev_value': 26284, 'change': 1000, 'player_num': 1}
2025-10-03 17:04:14,903 : EventManager : Event: ======'player_potato'====== Args={'value': 27, 'prev_value': 26, 'change': 1, 'player_num': 1}
2025-10-03 17:04:15,055 : EventManager : Event: ======'machine_var_audits_switches_s_left_flipper'====== Args={'value': 247, 'prev_value': 246, 'change': 1}
2025-10-03 17:04:15,055 : EventManager : Event: ======'player_score'====== Args={'value': 28284, 'prev_value': 27284, 'change': 1000, 'player_num': 1}
2025-10-03 17:04:15,055 : EventManager : Event: ======'player_potato'====== Args={'value': 28, 'prev_value': 27, 'change': 1, 'player_num': 1}
2025-10-03 17:04:15,603 : EventManager : Event: ======'machine_var_audits_switches_s_trough1'====== Args={'value': 48, 'prev_value': 47, 'change': 1}
2025-10-03 17:04:16,095 : EventManager : Event: ======'slides_clear'====== Args={'context': 'base'}
2025-10-03 17:04:16,095 : EventManager : Event: ======'slide_base.slide_player-mode_base_started_removed'====== Args={}
2025-10-03 17:04:16,095 : EventManager : Event: ======'slide_window_blank_active'====== Args={}
2025-10-03 17:04:16,132 : EventManager : Event: ======'machine_var_player1_score'====== Args={'value': 28284, 'prev_value': 11420, 'change': 16864}
2025-10-03 17:04:16,170 : EventManager : Event: ======'slides_play'====== Args={'settings': {'awesome_slide': {'widgets': [{'type': 'text', 'text': 'TIME TRAVEL 1985', 'font_size': 50, '_default_settings': ['type', 'text', 'font_size'], 'x': None, 'y': None, 'anchor_x': 'center', 'anchor_y': 'center', 'round_anchor_x': None, 'round_anchor_y': None, 'opacity': 1.0, 'z': 0, 'reset_animations_events': {}, 'color': [1.0, 1.0, 1.0, 1.0], 'style': [], 'adjust_top': 0, 'adjust_bottom': 0, 'adjust_left': 0, 'adjust_right': 0, 'expire': None, 'key': None, 'widget': None, 'events_when_added': [], 'events_when_removed': [], 'bitmap_font': False, 'font_kerning': True, 'bold': False, 'italic': False, 'number_grouping': False, 'min_digits': 0, 'halign': 'center', 'valign': 'middle', 'rotation': 0, 'scale': 1.0, 'casing': None, 'outline_color': [1.0, 1.0, 1.0, 1.0], 'outline_width': 0, 'animations': None}], 'transition': {'type': 'push', 'duration': 1.0, 'direction': 'left', 'easing': 'out_quad'}, 'target': None, 'background_color': [0.0, 0.0, 0.0, 1.0], 'priority': None, 'show': True, 'force': False, 'expire': None, 'slide': None, 'tokens': {}, 'action': 'play'}}, 'context': 'show_17', 'calling_context': 0, 'priority': 10, 'show_tokens': {}, 'start_time': 117693.796}
2025-10-03 17:04:16,170 : EventManager : Event: ======'game_ended'====== Args={}
2025-10-03 17:04:16,170 : mpfmc : SlidePlayer: Play called with settings={'awesome_slide': {'widgets': [{'type': 'text', 'text': 'TIME TRAVEL 1985', 'font_size': 50, '_default_settings': ['type', 'text', 'font_size'], 'x': None, 'y': None, 'anchor_x': 'center', 'anchor_y': 'center', 'round_anchor_x': None, 'round_anchor_y': None, 'opacity': 1.0, 'z': 0, 'reset_animations_events': {}, 'color': [1.0, 1.0, 1.0, 1.0], 'style': [], 'adjust_top': 0, 'adjust_bottom': 0, 'adjust_left': 0, 'adjust_right': 0, 'expire': None, 'key': None, 'widget': None, 'events_when_added': [], 'events_when_removed': [], 'bitmap_font': False, 'font_kerning': True, 'bold': False, 'italic': False, 'number_grouping': False, 'min_digits': 0, 'halign': 'center', 'valign': 'middle', 'rotation': 0, 'scale': 1.0, 'casing': None, 'outline_color': [1.0, 1.0, 1.0, 1.0], 'outline_width': 0, 'animations': None}], 'transition': {'type': 'push', 'duration': 1.0, 'direction': 'left', 'easing': 'out_quad'}, 'target': None, 'background_color': [0.0, 0.0, 0.0, 1.0], 'priority': None, 'show': True, 'force': False, 'expire': None, 'slide': None, 'tokens': {}, 'action': 'play'}}
2025-10-03 17:04:16,172 : EventManager : Event: ======'slide_awesome_slide_created'====== Args={}
2025-10-03 17:04:16,173 : EventManager : Event: ======'slide_awesome_slide_active'====== Args={}
2025-10-03 17:04:19,149 : EventManager : Event: ======'slides_play'====== Args={'settings': {'press_start': {'widgets': [{'type': 'Text', 'text': 'PRESS START', 'animations': {'pre_show_slide': [{'property': ['opacity'], 'value': ['0'], 'duration': 0.5, 'relative': False, 'timing': 'after_previous', 'repeat': False, 'easing': 'linear', 'step': 0.0}, {'property': ['opacity'], 'value': ['1'], 'duration': 0.5, 'repeat': False, 'relative': False, 'timing': 'after_previous', 'easing': 'linear', 'step': 0.0}]}, '_default_settings': ['type', 'text', 'animations'], 'x': None, 'y': None, 'anchor_x': 'center', 'anchor_y': 'center', 'round_anchor_x': None, 'round_anchor_y': None, 'opacity': 1.0, 'z': 0, 'reset_animations_events': {}, 'color': [1.0, 1.0, 1.0, 1.0], 'style': [], 'adjust_top': 0, 'adjust_bottom': 0, 'adjust_left': 0, 'adjust_right': 0, 'expire': None, 'key': None, 'widget': None, 'events_when_added': [], 'events_when_removed': [], 'font_size': 15, 'bitmap_font': False, 'font_kerning': True, 'bold': False, 'italic': False, 'number_grouping': False, 'min_digits': 0, 'halign': 'center', 'valign': 'middle', 'rotation': 0, 'scale': 1.0, 'casing': None, 'outline_color': [1.0, 1.0, 1.0, 1.0], 'outline_width': 0}, {'type': 'Text', 'text': 'FREE PLAY', 'color': [0.0, 0.5019607843137255, 0.0, 1], 'y': '10', 'anchor_y': 'bottom', '_default_settings': ['type', 'text', 'color', 'y', 'anchor_y'], 'x': None, 'anchor_x': 'center', 'round_anchor_x': None, 'round_anchor_y': None, 'opacity': 1.0, 'z': 0, 'reset_animations_events': {}, 'style': [], 'adjust_top': 0, 'adjust_bottom': 0, 'adjust_left': 0, 'adjust_right': 0, 'expire': None, 'key': None, 'widget': None, 'events_when_added': [], 'events_when_removed': [], 'font_size': 15, 'bitmap_font': False, 'font_kerning': True, 'bold': False, 'italic': False, 'number_grouping': False, 'min_digits': 0, 'halign': 'center', 'valign': 'middle', 'rotation': 0, 'scale': 1.0, 'casing': None, 'outline_color': [1.0, 1.0, 1.0, 1.0], 'outline_width': 0, 'animations': None}], 'transition': {'type': 'move_in', 'duration': 1.0, 'direction': 'right', 'easing': 'out_quad'}, 'target': None, 'background_color': [0.0, 0.0, 0.0, 1.0], 'priority': None, 'show': True, 'force': False, 'expire': None, 'slide': None, 'tokens': {}, 'action': 'play'}}, 'context': 'show_17', 'calling_context': 1, 'priority': 10, 'show_tokens': {}, 'start_time': 117696.796}
2025-10-03 17:04:19,150 : mpfmc : SlidePlayer: Play called with settings={'press_start': {'widgets': [{'type': 'Text', 'text': 'PRESS START', 'animations': {'pre_show_slide': [{'property': ['opacity'], 'value': ['0'], 'duration': 0.5, 'relative': False, 'timing': 'after_previous', 'repeat': False, 'easing': 'linear', 'step': 0.0}, {'property': ['opacity'], 'value': ['1'], 'duration': 0.5, 'repeat': False, 'relative': False, 'timing': 'after_previous', 'easing': 'linear', 'step': 0.0}]}, '_default_settings': ['type', 'text', 'animations'], 'x': None, 'y': None, 'anchor_x': 'center', 'anchor_y': 'center', 'round_anchor_x': None, 'round_anchor_y': None, 'opacity': 1.0, 'z': 0, 'reset_animations_events': {}, 'color': [1.0, 1.0, 1.0, 1.0], 'style': [], 'adjust_top': 0, 'adjust_bottom': 0, 'adjust_left': 0, 'adjust_right': 0, 'expire': None, 'key': None, 'widget': None, 'events_when_added': [], 'events_when_removed': [], 'font_size': 15, 'bitmap_font': False, 'font_kerning': True, 'bold': False, 'italic': False, 'number_grouping': False, 'min_digits': 0, 'halign': 'center', 'valign': 'middle', 'rotation': 0, 'scale': 1.0, 'casing': None, 'outline_color': [1.0, 1.0, 1.0, 1.0], 'outline_width': 0}, {'type': 'Text', 'text': 'FREE PLAY', 'color': [0.0, 0.5019607843137255, 0.0, 1], 'y': '10', 'anchor_y': 'bottom', '_default_settings': ['type', 'text', 'color', 'y', 'anchor_y'], 'x': None, 'anchor_x': 'center', 'round_anchor_x': None, 'round_anchor_y': None, 'opacity': 1.0, 'z': 0, 'reset_animations_events': {}, 'style': [], 'adjust_top': 0, 'adjust_bottom': 0, 'adjust_left': 0, 'adjust_right': 0, 'expire': None, 'key': None, 'widget': None, 'events_when_added': [], 'events_when_removed': [], 'font_size': 15, 'bitmap_font': False, 'font_kerning': True, 'bold': False, 'italic': False, 'number_grouping': False, 'min_digits': 0, 'halign': 'center', 'valign': 'middle', 'rotation': 0, 'scale': 1.0, 'casing': None, 'outline_color': [1.0, 1.0, 1.0, 1.0], 'outline_width': 0, 'animations': None}], 'transition': {'type': 'move_in', 'duration': 1.0, 'direction': 'right', 'easing': 'out_quad'}, 'target': None, 'background_color': [0.0, 0.0, 0.0, 1.0], 'priority': None, 'show': True, 'force': False, 'expire': None, 'slide': None, 'tokens': {}, 'action': 'play'}}
2025-10-03 17:04:19,163 : EventManager : Event: ======'slide_press_start_created'====== Args={}
2025-10-03 17:04:19,167 : EventManager : Event: ======'slide_press_start_active'====== Args={}
2025-10-03 17:04:20,018 : kivy : Base: Leaving application in progress...
2025-10-03 17:04:20,019 : mpfmc : Stopping...
2025-10-03 17:04:20,019 : EventManager : Event: ======'shutdown'====== Args={}
2025-10-03 17:04:20,019 : AudioInterface : Disabling audio playback
2025-10-03 17:04:20,173 : mpfmc : Loop rate 76.39 Hz
