2025-10-20 22:42:20,648 : INFO : root : Loading config.
2025-10-20 22:42:20,653 : INFO : YamlMultifileConfigLoader : Machine config file #1: config.yaml
2025-10-20 22:42:20,654 : INFO : ConfigProcessor : Loading config from cache: C:\Users\richa\AppData\Local\Temp\f7776651e259183bd84a8c8d686bf868.mpf_cache
2025-10-20 22:42:20,762 : INFO : ConfigProcessor : Loading config from cache: C:\Users\richa\AppData\Local\Temp\70233839fc0b792ce11a62f3c18c1950.mpf_cache
2025-10-20 22:42:20,763 : INFO : ConfigProcessor : Loading config from cache: C:\Users\richa\AppData\Local\Temp\9c8dea79ca4d15ee886340e992e8cb9d.mpf_cache
2025-10-20 22:42:20,764 : INFO : ConfigProcessor : Loading config from cache: C:\Users\richa\AppData\Local\Temp\67a19b095f918111543419ac0271bfb1.mpf_cache
2025-10-20 22:42:20,765 : INFO : ConfigProcessor : Loading config from cache: C:\Users\richa\AppData\Local\Temp\be387b0e8ed00556ec738d83cd6947d1.mpf_cache
2025-10-20 22:42:20,766 : INFO : ConfigProcessor : Loading config from cache: C:\Users\richa\AppData\Local\Temp\5a8efabd9666d8c71fa755fc28a9bf1e.mpf_cache
2025-10-20 22:42:20,767 : INFO : ConfigProcessor : Loading config from cache: C:\Users\richa\AppData\Local\Temp\fb58745e58584e219ff53db445e8e9f2.mpf_cache
2025-10-20 22:42:20,768 : INFO : ConfigProcessor : Loading config from cache: C:\Users\richa\AppData\Local\Temp\3a5badf48d988f9fc0f9b093a934917d.mpf_cache
2025-10-20 22:42:20,769 : INFO : ConfigProcessor : Loading config from cache: C:\Users\richa\AppData\Local\Temp\9e788d9ac28f3464b985b20edf80a10e.mpf_cache
2025-10-20 22:42:20,770 : INFO : ConfigProcessor : Loading config from cache: C:\Users\richa\AppData\Local\Temp\7e426d8ffa907371bf962f3181d8bdf2.mpf_cache
2025-10-20 22:42:20,771 : INFO : ConfigProcessor : Loading config from cache: C:\Users\richa\AppData\Local\Temp\77e0376825dda61b91775259cce643ad.mpf_cache
2025-10-20 22:42:20,772 : INFO : ConfigProcessor : Loading config from cache: C:\Users\richa\AppData\Local\Temp\e68c20669f80ec7d0801afbfa80f9eff.mpf_cache
2025-10-20 22:42:20,773 : INFO : ConfigProcessor : Loading config from cache: C:\Users\richa\AppData\Local\Temp\b710dc01437f1dfd05f3b5275f67493b.mpf_cache
2025-10-20 22:42:20,774 : INFO : ConfigProcessor : Loading config from cache: C:\Users\richa\AppData\Local\Temp\0a23590f4081187a3ecee75c7657616e.mpf_cache
2025-10-20 22:42:20,776 : INFO : ConfigProcessor : Loading config from cache: C:\Users\richa\AppData\Local\Temp\374a5edaf0766cb9005f368df852c09d.mpf_cache
2025-10-20 22:42:20,776 : INFO : ConfigProcessor : Loading config from cache: C:\Users\richa\AppData\Local\Temp\b50d1c72289d6f8f00cba34766fbb2e5.mpf_cache
2025-10-20 22:42:20,777 : INFO : ConfigProcessor : Loading config from cache: C:\Users\richa\AppData\Local\Temp\bfc680b70531e398658191c2a179bce0.mpf_cache
2025-10-20 22:42:20,779 : INFO : ConfigProcessor : Loading config from cache: C:\Users\richa\AppData\Local\Temp\069a726c379c7a3dc006889318eb30f2.mpf_cache
2025-10-20 22:42:20,780 : INFO : ConfigProcessor : Loading config from cache: C:\Users\richa\AppData\Local\Temp\6159dd3e8b071f5aa615e717784124e9.mpf_cache
2025-10-20 22:42:20,781 : INFO : ConfigProcessor : Loading config from cache: C:\Users\richa\AppData\Local\Temp\e382c4765158d2be92c1673fc03a4ad6.mpf_cache
2025-10-20 22:42:20,783 : INFO : ConfigProcessor : Loading config from cache: C:\Users\richa\AppData\Local\Temp\868b3b6361e3aaa0a56bd50d9388247e.mpf_cache
2025-10-20 22:42:20,784 : INFO : Machine : Mission Pinball Framework Core Engine v0.57.0.dev39
2025-10-20 22:42:20,784 : INFO : Machine : Command line arguments: {'no_load_cache': False, 'create_config_cache': True, 'bcp': True, 'configfile': ['config.yaml'], 'force_assets_load': False, 'jsonlogging': False, 'logfile': 'logs\\2025-10-20-22-42-20-mpf-DESKTOP-RK7BE5M.log', 'pause': False, 'production': False, 'text_ui': True, 'loglevel': 15, 'consoleloglevel': 20, 'force_platform': None, 'syslog_address': None, 'mc_file_name': None, 'no_sound': False}
2025-10-20 22:42:20,784 : INFO : Machine : MPF path: C:\Users\richa\mpfvirtual4\lib\site-packages\mpf
2025-10-20 22:42:20,784 : INFO : Machine : Machine path: C:\Users\richa\ttp7
2025-10-20 22:42:20,784 : INFO : Machine : Platform: win32
2025-10-20 22:42:20,784 : INFO : Machine : Python executable location: C:\Users\richa\mpfvirtual4\Scripts\python.exe
2025-10-20 22:42:20,784 : INFO : Machine : Python version: 3.9.13 (64-bit)
2025-10-20 22:42:20,787 : INFO : Machine : Initializing MPF...
2025-10-20 22:42:21,153 : INFO : EventManager : Event: ======'machine_var_credits_string'====== Args={'value': 'FREE PLAY', 'prev_value': None, 'change': True}
2025-10-20 22:42:21,216 : INFO : EventManager : Event: ======'machine_var_credit_units'====== Args={'value': 1, 'prev_value': None, 'change': True}
2025-10-20 22:42:21,217 : INFO : EventManager : Event: ======'machine_var_free_play'====== Args={'value': False, 'prev_value': None, 'change': True}
2025-10-20 22:42:21,217 : INFO : EventManager : Event: ======'machine_var_master_volume'====== Args={'value': 0.7, 'prev_value': None, 'change': True}
2025-10-20 22:42:21,217 : INFO : EventManager : Event: ======'machine_var_player1_score'====== Args={'value': 300, 'prev_value': None, 'change': True}
2025-10-20 22:42:21,217 : INFO : EventManager : Event: ======'machine_var_mpf_version'====== Args={'value': 'Mission Pinball Framework v0.57.0.dev39', 'prev_value': None, 'change': True}
2025-10-20 22:42:21,217 : INFO : EventManager : Event: ======'machine_var_mpf_extended_version'====== Args={'value': 'Mission Pinball Framework v0.57.0.dev39, Config version:6, Show version: 6, BCP version:1.1', 'prev_value': None, 'change': True}
2025-10-20 22:42:21,217 : INFO : EventManager : Event: ======'machine_var_python_version'====== Args={'value': '3.9.13', 'prev_value': None, 'change': True}
2025-10-20 22:42:21,227 : INFO : EventManager : Event: ======'machine_var_platform'====== Args={'value': 'Windows-10-10.0.19045-SP0', 'prev_value': None, 'change': True}
2025-10-20 22:42:21,227 : INFO : EventManager : Event: ======'machine_var_platform_system'====== Args={'value': 'Windows', 'prev_value': None, 'change': True}
2025-10-20 22:42:21,227 : INFO : EventManager : Event: ======'machine_var_platform_release'====== Args={'value': '10', 'prev_value': None, 'change': True}
2025-10-20 22:42:21,227 : INFO : EventManager : Event: ======'machine_var_platform_version'====== Args={'value': '10.0.19045', 'prev_value': None, 'change': True}
2025-10-20 22:42:21,228 : INFO : EventManager : Event: ======'machine_var_platform_machine'====== Args={'value': 'AMD64', 'prev_value': None, 'change': True}
2025-10-20 22:42:21,228 : INFO : EventManager : Event: ======'init_phase_1'====== Args={}
2025-10-20 22:42:21,289 : INFO : EventManager : Event: ======'drop_target_bank_TIME_up'====== Args={}
2025-10-20 22:42:21,289 : INFO : EventManager : Event: ======'drop_target_bank_CENTER_up'====== Args={}
2025-10-20 22:42:21,289 : INFO : EventManager : Event: ======'drop_target_bank_TRAVEL_up'====== Args={}
2025-10-20 22:42:21,290 : INFO : EventManager : Event: ======'init_phase_2'====== Args={}
2025-10-20 22:42:21,290 : INFO : SwitchController : Found active switch: ('2', <Platform.SmartVirtual>) <switch.s_trough1>
2025-10-20 22:42:21,290 : INFO : SwitchController : Found active switch: ('3', <Platform.SmartVirtual>) <switch.s_trough2>
2025-10-20 22:42:21,290 : INFO : SwitchController : Found active switch: ('4', <Platform.SmartVirtual>) <switch.s_trough3>
2025-10-20 22:42:21,290 : INFO : SwitchController : Found active switch: ('5', <Platform.SmartVirtual>) <switch.s_trough4>
2025-10-20 22:42:21,290 : INFO : SwitchController : Found active switch: ('6', <Platform.SmartVirtual>) <switch.s_trough5>
2025-10-20 22:42:21,290 : INFO : SwitchController : Found active switch: ('7', <Platform.SmartVirtual>) <switch.s_trough6>
2025-10-20 22:42:21,310 : INFO : EventManager : Event: ======'bcp_connection_attempt'====== Args={'name': 'local_display', 'host': 'localhost', 'port': 5050}
2025-10-20 22:42:21,311 : INFO : BCPClientSocket : Connecting BCP to 'local_display' at localhost:5050...
2025-10-20 22:42:23,333 : INFO : BCPClientSocket : Connected BCP to 'local_display' localhost:5050
2025-10-20 22:42:23,334 : INFO : EventManager : Event: ======'bcp_clients_connected'====== Args={}
2025-10-20 22:42:23,618 : INFO : ball_device.bd_trough : BCH: Initial count: 6
2025-10-20 22:42:23,618 : INFO : EventManager : Event: ======'machine_var_mc_version'====== Args={'value': 'MPF-MC v0.57.0.dev10', 'prev_value': None, 'change': True}
2025-10-20 22:42:23,619 : INFO : EventManager : Event: ======'machine_var_mc_extended_version'====== Args={'value': 'MPF-MC v0.57.0.dev10 (config_version=6, BCP v1.1,                      Requires MPF API compatibility v0.57.0.dev19 or newer)', 'prev_value': None, 'change': True}
2025-10-20 22:42:23,621 : INFO : ball_device.bd_trough : State: idle
2025-10-20 22:42:23,700 : INFO : ball_device.bd_plunger : BCH: Initial count: 0
2025-10-20 22:42:23,700 : INFO : ball_device.bd_plunger : State: idle
2025-10-20 22:42:23,701 : INFO : ball_device.bd_left_scoop : BCH: Initial count: 0
2025-10-20 22:42:23,701 : INFO : ball_device.bd_left_scoop : State: idle
2025-10-20 22:42:23,701 : INFO : ball_device.bd_center_scoop : BCH: Initial count: 0
2025-10-20 22:42:23,701 : INFO : ball_device.bd_center_scoop : State: idle
2025-10-20 22:42:23,701 : INFO : ball_device.bd_right_scoop : BCH: Initial count: 0
2025-10-20 22:42:23,702 : INFO : ball_device.bd_right_scoop : State: idle
2025-10-20 22:42:23,723 : INFO : EventManager : Event: ======'init_phase_3'====== Args={}
2025-10-20 22:42:23,783 : INFO : EventManager : Event: ======'init_phase_4'====== Args={}
2025-10-20 22:42:23,783 : INFO : BallController : Initial balls found: 6
2025-10-20 22:42:23,784 : INFO : EventManager : Event: ======'machine_var_audits_events_game_ended'====== Args={'value': 73, 'prev_value': None, 'change': True}
2025-10-20 22:42:23,785 : INFO : EventManager : Event: ======'machine_var_audits_events_game_started'====== Args={'value': 381, 'prev_value': None, 'change': True}
2025-10-20 22:42:23,785 : INFO : EventManager : Event: ======'machine_var_audits_missing_switches_s_A'====== Args={'value': 67, 'prev_value': None, 'change': True}
2025-10-20 22:42:23,785 : INFO : EventManager : Event: ======'machine_var_audits_missing_switches_s_E'====== Args={'value': 12, 'prev_value': None, 'change': True}
2025-10-20 22:42:23,785 : INFO : EventManager : Event: ======'machine_var_audits_missing_switches_s_Eb'====== Args={'value': 67, 'prev_value': None, 'change': True}
2025-10-20 22:42:23,786 : INFO : EventManager : Event: ======'machine_var_audits_missing_switches_s_I'====== Args={'value': 12, 'prev_value': None, 'change': True}
2025-10-20 22:42:23,786 : INFO : EventManager : Event: ======'machine_var_audits_missing_switches_s_L'====== Args={'value': 67, 'prev_value': None, 'change': True}
2025-10-20 22:42:23,786 : INFO : EventManager : Event: ======'machine_var_audits_missing_switches_s_M'====== Args={'value': 12, 'prev_value': None, 'change': True}
2025-10-20 22:42:23,786 : INFO : EventManager : Event: ======'machine_var_audits_missing_switches_s_R'====== Args={'value': 67, 'prev_value': None, 'change': True}
2025-10-20 22:42:23,786 : INFO : EventManager : Event: ======'machine_var_audits_missing_switches_s_T'====== Args={'value': 12, 'prev_value': None, 'change': True}
2025-10-20 22:42:23,786 : INFO : EventManager : Event: ======'machine_var_audits_missing_switches_s_Tb'====== Args={'value': 67, 'prev_value': None, 'change': True}
2025-10-20 22:42:23,786 : INFO : EventManager : Event: ======'machine_var_audits_missing_switches_s_V'====== Args={'value': 67, 'prev_value': None, 'change': True}
2025-10-20 22:42:23,786 : INFO : EventManager : Event: ======'machine_var_audits_missing_switches_s_bumper1'====== Args={'value': 1, 'prev_value': None, 'change': True}
2025-10-20 22:42:23,787 : INFO : EventManager : Event: ======'machine_var_audits_missing_switches_s_bumper2'====== Args={'value': 5, 'prev_value': None, 'change': True}
2025-10-20 22:42:23,787 : INFO : EventManager : Event: ======'machine_var_audits_missing_switches_s_bumper_1'====== Args={'value': 28, 'prev_value': None, 'change': True}
2025-10-20 22:42:23,787 : INFO : EventManager : Event: ======'machine_var_audits_missing_switches_s_bumper_2'====== Args={'value': 28, 'prev_value': None, 'change': True}
2025-10-20 22:42:23,787 : INFO : EventManager : Event: ======'machine_var_audits_missing_switches_s_center_center_target'====== Args={'value': 36, 'prev_value': None, 'change': True}
2025-10-20 22:42:23,787 : INFO : EventManager : Event: ======'machine_var_audits_missing_switches_s_center_rollover'====== Args={'value': 6, 'prev_value': None, 'change': True}
2025-10-20 22:42:23,787 : INFO : EventManager : Event: ======'machine_var_audits_missing_switches_s_coin_left'====== Args={'value': 7, 'prev_value': None, 'change': True}
2025-10-20 22:42:23,788 : INFO : EventManager : Event: ======'machine_var_audits_missing_switches_s_launcher_lane_spinner'====== Args={'value': 47, 'prev_value': None, 'change': True}
2025-10-20 22:42:23,788 : INFO : EventManager : Event: ======'machine_var_audits_missing_switches_s_left_center_target'====== Args={'value': 36, 'prev_value': None, 'change': True}
2025-10-20 22:42:23,788 : INFO : EventManager : Event: ======'machine_var_audits_missing_switches_s_left_corridor_spinner'====== Args={'value': 1, 'prev_value': None, 'change': True}
2025-10-20 22:42:23,788 : INFO : EventManager : Event: ======'machine_var_audits_missing_switches_s_left_corridor_spinner2'====== Args={'value': 42, 'prev_value': None, 'change': True}
2025-10-20 22:42:23,788 : INFO : EventManager : Event: ======'machine_var_audits_missing_switches_s_left_flipper'====== Args={'value': 4, 'prev_value': None, 'change': True}
2025-10-20 22:42:23,788 : INFO : EventManager : Event: ======'machine_var_audits_missing_switches_s_left_inlane'====== Args={'value': 15, 'prev_value': None, 'change': True}
2025-10-20 22:42:23,788 : INFO : EventManager : Event: ======'machine_var_audits_missing_switches_s_left_outlane'====== Args={'value': 15, 'prev_value': None, 'change': True}
2025-10-20 22:42:23,789 : INFO : EventManager : Event: ======'machine_var_audits_missing_switches_s_left_rollover'====== Args={'value': 6, 'prev_value': None, 'change': True}
2025-10-20 22:42:23,789 : INFO : EventManager : Event: ======'machine_var_audits_missing_switches_s_left_scoop'====== Args={'value': 5, 'prev_value': None, 'change': True}
2025-10-20 22:42:23,789 : INFO : EventManager : Event: ======'machine_var_audits_missing_switches_s_left_standup'====== Args={'value': 47, 'prev_value': None, 'change': True}
2025-10-20 22:42:23,789 : INFO : EventManager : Event: ======'machine_var_audits_missing_switches_s_right_center_target'====== Args={'value': 36, 'prev_value': None, 'change': True}
2025-10-20 22:42:23,789 : INFO : EventManager : Event: ======'machine_var_audits_missing_switches_s_right_corridor_spinner'====== Args={'value': 42, 'prev_value': None, 'change': True}
2025-10-20 22:42:23,789 : INFO : EventManager : Event: ======'machine_var_audits_missing_switches_s_right_flipper'====== Args={'value': 8, 'prev_value': None, 'change': True}
2025-10-20 22:42:23,790 : INFO : EventManager : Event: ======'machine_var_audits_missing_switches_s_right_inlane'====== Args={'value': 15, 'prev_value': None, 'change': True}
2025-10-20 22:42:23,790 : INFO : EventManager : Event: ======'machine_var_audits_missing_switches_s_right_outlane'====== Args={'value': 15, 'prev_value': None, 'change': True}
2025-10-20 22:42:23,790 : INFO : EventManager : Event: ======'machine_var_audits_missing_switches_s_right_rollover'====== Args={'value': 6, 'prev_value': None, 'change': True}
2025-10-20 22:42:23,790 : INFO : EventManager : Event: ======'machine_var_audits_missing_switches_s_right_scoop'====== Args={'value': 5, 'prev_value': None, 'change': True}
2025-10-20 22:42:23,790 : INFO : EventManager : Event: ======'machine_var_audits_missing_switches_s_right_standup'====== Args={'value': 1, 'prev_value': None, 'change': True}
2025-10-20 22:42:23,790 : INFO : EventManager : Event: ======'machine_var_audits_missing_switches_s_service_coin'====== Args={'value': 62, 'prev_value': None, 'change': True}
2025-10-20 22:42:23,791 : INFO : EventManager : Event: ======'machine_var_audits_missing_switches_s_service_down'====== Args={'value': 16, 'prev_value': None, 'change': True}
2025-10-20 22:42:23,791 : INFO : EventManager : Event: ======'machine_var_audits_missing_switches_s_service_up'====== Args={'value': 16, 'prev_value': None, 'change': True}
2025-10-20 22:42:23,791 : INFO : EventManager : Event: ======'machine_var_audits_missing_switches_s_sling_left'====== Args={'value': 334, 'prev_value': None, 'change': True}
2025-10-20 22:42:23,792 : INFO : EventManager : Event: ======'machine_var_audits_missing_switches_s_sling_right'====== Args={'value': 230, 'prev_value': None, 'change': True}
2025-10-20 22:42:23,792 : INFO : EventManager : Event: ======'machine_var_audits_missing_switches_s_standup_1'====== Args={'value': 5, 'prev_value': None, 'change': True}
2025-10-20 22:42:23,792 : INFO : EventManager : Event: ======'machine_var_audits_missing_switches_s_standup_2'====== Args={'value': 20, 'prev_value': None, 'change': True}
2025-10-20 22:42:23,792 : INFO : EventManager : Event: ======'machine_var_audits_missing_switches_s_standup_3'====== Args={'value': 20, 'prev_value': None, 'change': True}
2025-10-20 22:42:23,793 : INFO : EventManager : Event: ======'machine_var_audits_missing_switches_s_standup_4'====== Args={'value': 20, 'prev_value': None, 'change': True}
2025-10-20 22:42:23,794 : INFO : EventManager : Event: ======'machine_var_audits_missing_switches_s_standup_5'====== Args={'value': 20, 'prev_value': None, 'change': True}
2025-10-20 22:42:23,794 : INFO : EventManager : Event: ======'machine_var_audits_missing_switches_s_standup_6'====== Args={'value': 20, 'prev_value': None, 'change': True}
2025-10-20 22:42:23,794 : INFO : EventManager : Event: ======'machine_var_audits_missing_switches_s_start'====== Args={'value': 7, 'prev_value': None, 'change': True}
2025-10-20 22:42:23,795 : INFO : EventManager : Event: ======'machine_var_audits_missing_switches_s_tilt'====== Args={'value': 2, 'prev_value': None, 'change': True}
2025-10-20 22:42:23,795 : INFO : EventManager : Event: ======'machine_var_audits_missing_switches_s_top_left_standup'====== Args={'value': 47, 'prev_value': None, 'change': True}
2025-10-20 22:42:23,795 : INFO : EventManager : Event: ======'machine_var_audits_missing_switches_s_top_left_standup2'====== Args={'value': 47, 'prev_value': None, 'change': True}
2025-10-20 22:42:23,795 : INFO : EventManager : Event: ======'machine_var_audits_missing_switches_s_trough1'====== Args={'value': 1, 'prev_value': None, 'change': True}
2025-10-20 22:42:23,796 : INFO : EventManager : Event: ======'machine_var_audits_missing_switches_s_trough2'====== Args={'value': 66, 'prev_value': None, 'change': True}
2025-10-20 22:42:23,796 : INFO : EventManager : Event: ======'machine_var_audits_missing_switches_s_trough3'====== Args={'value': 381, 'prev_value': None, 'change': True}
2025-10-20 22:42:23,796 : INFO : EventManager : Event: ======'machine_var_audits_missing_switches_s_trough4'====== Args={'value': 381, 'prev_value': None, 'change': True}
2025-10-20 22:42:23,796 : INFO : EventManager : Event: ======'machine_var_audits_missing_switches_s_trough5'====== Args={'value': 381, 'prev_value': None, 'change': True}
2025-10-20 22:42:23,796 : INFO : EventManager : Event: ======'machine_var_audits_missing_switches_s_trough6'====== Args={'value': 381, 'prev_value': None, 'change': True}
2025-10-20 22:42:23,797 : INFO : EventManager : Event: ======'machine_var_audits_missing_switches_s_trough_jam'====== Args={'value': 65, 'prev_value': None, 'change': True}
2025-10-20 22:42:23,797 : INFO : EventManager : Event: ======'machine_var_audits_player_score'====== Args={'value': {'average': 6450684, 'top': [75043600, 70538842, 47521800, 45002500, 43517500, 42224750, 41236342, 31835000, 17715450, 15508500], 'total': 77}, 'prev_value': None, 'change': True}
2025-10-20 22:42:23,797 : INFO : EventManager : Event: ======'machine_var_audits_shots_A'====== Args={'value': 50, 'prev_value': None, 'change': True}
2025-10-20 22:42:23,798 : INFO : EventManager : Event: ======'machine_var_audits_shots_E'====== Args={'value': 213, 'prev_value': None, 'change': True}
2025-10-20 22:42:23,798 : INFO : EventManager : Event: ======'machine_var_audits_shots_Eb'====== Args={'value': 42, 'prev_value': None, 'change': True}
2025-10-20 22:42:23,798 : INFO : EventManager : Event: ======'machine_var_audits_shots_I'====== Args={'value': 206, 'prev_value': None, 'change': True}
2025-10-20 22:42:23,798 : INFO : EventManager : Event: ======'machine_var_audits_shots_L'====== Args={'value': 43, 'prev_value': None, 'change': True}
2025-10-20 22:42:23,799 : INFO : EventManager : Event: ======'machine_var_audits_shots_M'====== Args={'value': 208, 'prev_value': None, 'change': True}
2025-10-20 22:42:23,799 : INFO : EventManager : Event: ======'machine_var_audits_shots_R'====== Args={'value': 62, 'prev_value': None, 'change': True}
2025-10-20 22:42:23,799 : INFO : EventManager : Event: ======'machine_var_audits_shots_T'====== Args={'value': 208, 'prev_value': None, 'change': True}
2025-10-20 22:42:23,799 : INFO : EventManager : Event: ======'machine_var_audits_shots_Tb'====== Args={'value': 84, 'prev_value': None, 'change': True}
2025-10-20 22:42:23,800 : INFO : EventManager : Event: ======'machine_var_audits_shots_V'====== Args={'value': 43, 'prev_value': None, 'change': True}
2025-10-20 22:42:23,800 : INFO : EventManager : Event: ======'machine_var_audits_shots_bumper1_shot'====== Args={'value': 358, 'prev_value': None, 'change': True}
2025-10-20 22:42:23,800 : INFO : EventManager : Event: ======'machine_var_audits_shots_bumper2_shot'====== Args={'value': 883, 'prev_value': None, 'change': True}
2025-10-20 22:42:23,800 : INFO : EventManager : Event: ======'machine_var_audits_shots_center_center_droptarget'====== Args={'value': 21, 'prev_value': None, 'change': True}
2025-10-20 22:42:23,801 : INFO : EventManager : Event: ======'machine_var_audits_shots_center_rollover'====== Args={'value': 7, 'prev_value': None, 'change': True}
2025-10-20 22:42:23,801 : INFO : EventManager : Event: ======'machine_var_audits_shots_center_rollover_shot'====== Args={'value': 350, 'prev_value': None, 'change': True}
2025-10-20 22:42:23,801 : INFO : EventManager : Event: ======'machine_var_audits_shots_center_scoop_shot'====== Args={'value': 11, 'prev_value': None, 'change': True}
2025-10-20 22:42:23,801 : INFO : EventManager : Event: ======'machine_var_audits_shots_jets'====== Args={'value': 1182, 'prev_value': None, 'change': True}
2025-10-20 22:42:23,802 : INFO : EventManager : Event: ======'machine_var_audits_shots_left_center_droptarget'====== Args={'value': 21, 'prev_value': None, 'change': True}
2025-10-20 22:42:23,802 : INFO : EventManager : Event: ======'machine_var_audits_shots_left_corridor_spinner'====== Args={'value': 9, 'prev_value': None, 'change': True}
2025-10-20 22:42:23,802 : INFO : EventManager : Event: ======'machine_var_audits_shots_left_corridor_spinner2'====== Args={'value': 10, 'prev_value': None, 'change': True}
2025-10-20 22:42:23,802 : INFO : EventManager : Event: ======'machine_var_audits_shots_left_corridor_spinner_shot'====== Args={'value': 196, 'prev_value': None, 'change': True}
2025-10-20 22:42:23,803 : INFO : EventManager : Event: ======'machine_var_audits_shots_left_inlane_shot'====== Args={'value': 8, 'prev_value': None, 'change': True}
2025-10-20 22:42:23,803 : INFO : EventManager : Event: ======'machine_var_audits_shots_left_outlane_shot'====== Args={'value': 8, 'prev_value': None, 'change': True}
2025-10-20 22:42:23,803 : INFO : EventManager : Event: ======'machine_var_audits_shots_left_rollover'====== Args={'value': 36, 'prev_value': None, 'change': True}
2025-10-20 22:42:23,804 : INFO : EventManager : Event: ======'machine_var_audits_shots_left_rollover_shot'====== Args={'value': 287, 'prev_value': None, 'change': True}
2025-10-20 22:42:23,804 : INFO : EventManager : Event: ======'machine_var_audits_shots_left_scoop_shot'====== Args={'value': 41, 'prev_value': None, 'change': True}
2025-10-20 22:42:23,804 : INFO : EventManager : Event: ======'machine_var_audits_shots_left_standup_shot'====== Args={'value': 15, 'prev_value': None, 'change': True}
2025-10-20 22:42:23,805 : INFO : EventManager : Event: ======'machine_var_audits_shots_letf_inlane_shot'====== Args={'value': 6, 'prev_value': None, 'change': True}
2025-10-20 22:42:23,805 : INFO : EventManager : Event: ======'machine_var_audits_shots_letf_outlane_shot'====== Args={'value': 5, 'prev_value': None, 'change': True}
2025-10-20 22:42:23,805 : INFO : EventManager : Event: ======'machine_var_audits_shots_middle_inlane_shot'====== Args={'value': 20, 'prev_value': None, 'change': True}
2025-10-20 22:42:23,805 : INFO : EventManager : Event: ======'machine_var_audits_shots_my_first_shot'====== Args={'value': 95, 'prev_value': None, 'change': True}
2025-10-20 22:42:23,806 : INFO : EventManager : Event: ======'machine_var_audits_shots_right_center_droptarget'====== Args={'value': 22, 'prev_value': None, 'change': True}
2025-10-20 22:42:23,806 : INFO : EventManager : Event: ======'machine_var_audits_shots_right_corridor_spinner'====== Args={'value': 3, 'prev_value': None, 'change': True}
2025-10-20 22:42:23,806 : INFO : EventManager : Event: ======'machine_var_audits_shots_right_inlane_shot'====== Args={'value': 115, 'prev_value': None, 'change': True}
2025-10-20 22:42:23,806 : INFO : EventManager : Event: ======'machine_var_audits_shots_right_outlane_shot'====== Args={'value': 37, 'prev_value': None, 'change': True}
2025-10-20 22:42:23,807 : INFO : EventManager : Event: ======'machine_var_audits_shots_right_rollover'====== Args={'value': 41, 'prev_value': None, 'change': True}
2025-10-20 22:42:23,807 : INFO : EventManager : Event: ======'machine_var_audits_shots_right_rollover_shot'====== Args={'value': 419, 'prev_value': None, 'change': True}
2025-10-20 22:42:23,807 : INFO : EventManager : Event: ======'machine_var_audits_shots_right_scoop_shot'====== Args={'value': 62, 'prev_value': None, 'change': True}
2025-10-20 22:42:23,808 : INFO : EventManager : Event: ======'machine_var_audits_shots_right_standup'====== Args={'value': 41, 'prev_value': None, 'change': True}
2025-10-20 22:42:23,808 : INFO : EventManager : Event: ======'machine_var_audits_shots_right_standup_shot'====== Args={'value': 25, 'prev_value': None, 'change': True}
2025-10-20 22:42:23,808 : INFO : EventManager : Event: ======'machine_var_audits_shots_standup_1_skill'====== Args={'value': 65, 'prev_value': None, 'change': True}
2025-10-20 22:42:23,809 : INFO : EventManager : Event: ======'machine_var_audits_shots_standup_2_skill'====== Args={'value': 31, 'prev_value': None, 'change': True}
2025-10-20 22:42:23,810 : INFO : EventManager : Event: ======'machine_var_audits_shots_standup_3_skill'====== Args={'value': 13, 'prev_value': None, 'change': True}
2025-10-20 22:42:23,810 : INFO : EventManager : Event: ======'machine_var_audits_shots_standup_4_skill'====== Args={'value': 9, 'prev_value': None, 'change': True}
2025-10-20 22:42:23,811 : INFO : EventManager : Event: ======'machine_var_audits_shots_standup_5_skill'====== Args={'value': 4, 'prev_value': None, 'change': True}
2025-10-20 22:42:23,811 : INFO : EventManager : Event: ======'machine_var_audits_shots_standup_6_skill'====== Args={'value': 2, 'prev_value': None, 'change': True}
2025-10-20 22:42:23,812 : INFO : EventManager : Event: ======'machine_var_audits_shots_top_left_standup2_shot'====== Args={'value': 17, 'prev_value': None, 'change': True}
2025-10-20 22:42:23,812 : INFO : EventManager : Event: ======'machine_var_audits_shots_top_left_standup_shot'====== Args={'value': 8, 'prev_value': None, 'change': True}
2025-10-20 22:42:23,812 : INFO : EventManager : Event: ======'machine_var_audits_shots_top_middle_inlane_shot'====== Args={'value': 41, 'prev_value': None, 'change': True}
2025-10-20 22:42:23,813 : INFO : EventManager : Event: ======'machine_var_audits_switches_s_A'====== Args={'value': 0, 'prev_value': None, 'change': True}
2025-10-20 22:42:23,813 : INFO : EventManager : Event: ======'machine_var_audits_switches_s_E'====== Args={'value': 218, 'prev_value': None, 'change': True}
2025-10-20 22:42:23,814 : INFO : EventManager : Event: ======'machine_var_audits_switches_s_Eb'====== Args={'value': 0, 'prev_value': None, 'change': True}
2025-10-20 22:42:23,814 : INFO : EventManager : Event: ======'machine_var_audits_switches_s_I'====== Args={'value': 211, 'prev_value': None, 'change': True}
2025-10-20 22:42:23,815 : INFO : EventManager : Event: ======'machine_var_audits_switches_s_L'====== Args={'value': 0, 'prev_value': None, 'change': True}
2025-10-20 22:42:23,815 : INFO : EventManager : Event: ======'machine_var_audits_switches_s_M'====== Args={'value': 213, 'prev_value': None, 'change': True}
2025-10-20 22:42:23,815 : INFO : EventManager : Event: ======'machine_var_audits_switches_s_R'====== Args={'value': 0, 'prev_value': None, 'change': True}
2025-10-20 22:42:23,816 : INFO : EventManager : Event: ======'machine_var_audits_switches_s_T'====== Args={'value': 212, 'prev_value': None, 'change': True}
2025-10-20 22:42:23,816 : INFO : EventManager : Event: ======'machine_var_audits_switches_s_Tb'====== Args={'value': 0, 'prev_value': None, 'change': True}
2025-10-20 22:42:23,816 : INFO : EventManager : Event: ======'machine_var_audits_switches_s_V'====== Args={'value': 0, 'prev_value': None, 'change': True}
2025-10-20 22:42:23,817 : INFO : EventManager : Event: ======'machine_var_audits_switches_s_bumper1'====== Args={'value': 358, 'prev_value': None, 'change': True}
2025-10-20 22:42:23,817 : INFO : EventManager : Event: ======'machine_var_audits_switches_s_bumper2'====== Args={'value': 887, 'prev_value': None, 'change': True}
2025-10-20 22:42:23,817 : INFO : EventManager : Event: ======'machine_var_audits_switches_s_bumper_1'====== Args={'value': 0, 'prev_value': None, 'change': True}
2025-10-20 22:42:23,818 : INFO : EventManager : Event: ======'machine_var_audits_switches_s_bumper_2'====== Args={'value': 0, 'prev_value': None, 'change': True}
2025-10-20 22:42:23,818 : INFO : EventManager : Event: ======'machine_var_audits_switches_s_center_center_target'====== Args={'value': 27, 'prev_value': None, 'change': True}
2025-10-20 22:42:23,819 : INFO : EventManager : Event: ======'machine_var_audits_switches_s_center_rollover'====== Args={'value': 361, 'prev_value': None, 'change': True}
2025-10-20 22:42:23,819 : INFO : EventManager : Event: ======'machine_var_audits_switches_s_center_scoop'====== Args={'value': 25, 'prev_value': None, 'change': True}
2025-10-20 22:42:23,819 : INFO : EventManager : Event: ======'machine_var_audits_switches_s_coin_left'====== Args={'value': 19, 'prev_value': None, 'change': True}
2025-10-20 22:42:23,820 : INFO : EventManager : Event: ======'machine_var_audits_switches_s_door_open'====== Args={'value': 4, 'prev_value': None, 'change': True}
2025-10-20 22:42:23,820 : INFO : EventManager : Event: ======'machine_var_audits_switches_s_launcher_lane_spinner'====== Args={'value': 9, 'prev_value': None, 'change': True}
2025-10-20 22:42:23,821 : INFO : EventManager : Event: ======'machine_var_audits_switches_s_left_center_target'====== Args={'value': 28, 'prev_value': None, 'change': True}
2025-10-20 22:42:23,822 : INFO : EventManager : Event: ======'machine_var_audits_switches_s_left_corridor_spinner'====== Args={'value': 237, 'prev_value': None, 'change': True}
2025-10-20 22:42:23,822 : INFO : EventManager : Event: ======'machine_var_audits_switches_s_left_corridor_spinner2'====== Args={'value': 14, 'prev_value': None, 'change': True}
2025-10-20 22:42:23,823 : INFO : EventManager : Event: ======'machine_var_audits_switches_s_left_flipper'====== Args={'value': 371, 'prev_value': None, 'change': True}
2025-10-20 22:42:23,823 : INFO : EventManager : Event: ======'machine_var_audits_switches_s_left_inlane'====== Args={'value': 24, 'prev_value': None, 'change': True}
2025-10-20 22:42:23,824 : INFO : EventManager : Event: ======'machine_var_audits_switches_s_left_outlane'====== Args={'value': 16, 'prev_value': None, 'change': True}
2025-10-20 22:42:23,824 : INFO : EventManager : Event: ======'machine_var_audits_switches_s_left_rollover'====== Args={'value': 298, 'prev_value': None, 'change': True}
2025-10-20 22:42:23,825 : INFO : EventManager : Event: ======'machine_var_audits_switches_s_left_scoop'====== Args={'value': 258, 'prev_value': None, 'change': True}
2025-10-20 22:42:23,826 : INFO : EventManager : Event: ======'machine_var_audits_switches_s_left_standup'====== Args={'value': 20, 'prev_value': None, 'change': True}
2025-10-20 22:42:23,827 : INFO : EventManager : Event: ======'machine_var_audits_switches_s_middle_inlane'====== Args={'value': 20, 'prev_value': None, 'change': True}
2025-10-20 22:42:23,828 : INFO : EventManager : Event: ======'machine_var_audits_switches_s_plunger'====== Args={'value': 662, 'prev_value': None, 'change': True}
2025-10-20 22:42:23,828 : INFO : EventManager : Event: ======'machine_var_audits_switches_s_right_center_target'====== Args={'value': 31, 'prev_value': None, 'change': True}
2025-10-20 22:42:23,829 : INFO : EventManager : Event: ======'machine_var_audits_switches_s_right_corridor_spinner'====== Args={'value': 24, 'prev_value': None, 'change': True}
2025-10-20 22:42:23,829 : INFO : EventManager : Event: ======'machine_var_audits_switches_s_right_flipper'====== Args={'value': 156, 'prev_value': None, 'change': True}
2025-10-20 22:42:23,830 : INFO : EventManager : Event: ======'machine_var_audits_switches_s_right_inlane'====== Args={'value': 242, 'prev_value': None, 'change': True}
2025-10-20 22:42:23,830 : INFO : EventManager : Event: ======'machine_var_audits_switches_s_right_outlane'====== Args={'value': 43, 'prev_value': None, 'change': True}
2025-10-20 22:42:23,831 : INFO : EventManager : Event: ======'machine_var_audits_switches_s_right_rollover'====== Args={'value': 428, 'prev_value': None, 'change': True}
2025-10-20 22:42:23,832 : INFO : EventManager : Event: ======'machine_var_audits_switches_s_right_scoop'====== Args={'value': 79, 'prev_value': None, 'change': True}
2025-10-20 22:42:23,832 : INFO : EventManager : Event: ======'machine_var_audits_switches_s_right_standup'====== Args={'value': 174, 'prev_value': None, 'change': True}
2025-10-20 22:42:23,833 : INFO : EventManager : Event: ======'machine_var_audits_switches_s_service_coin'====== Args={'value': 1, 'prev_value': None, 'change': True}
2025-10-20 22:42:23,834 : INFO : EventManager : Event: ======'machine_var_audits_switches_s_service_down'====== Args={'value': 28, 'prev_value': None, 'change': True}
2025-10-20 22:42:23,834 : INFO : EventManager : Event: ======'machine_var_audits_switches_s_service_enter'====== Args={'value': 16, 'prev_value': None, 'change': True}
2025-10-20 22:42:23,835 : INFO : EventManager : Event: ======'machine_var_audits_switches_s_service_esc'====== Args={'value': 11, 'prev_value': None, 'change': True}
2025-10-20 22:42:23,835 : INFO : EventManager : Event: ======'machine_var_audits_switches_s_service_up'====== Args={'value': 31, 'prev_value': None, 'change': True}
2025-10-20 22:42:23,836 : INFO : EventManager : Event: ======'machine_var_audits_switches_s_sling_left'====== Args={'value': 3, 'prev_value': None, 'change': True}
2025-10-20 22:42:23,836 : INFO : EventManager : Event: ======'machine_var_audits_switches_s_sling_right'====== Args={'value': 8, 'prev_value': None, 'change': True}
2025-10-20 22:42:23,837 : INFO : EventManager : Event: ======'machine_var_audits_switches_s_standup_1'====== Args={'value': 168, 'prev_value': None, 'change': True}
2025-10-20 22:42:23,838 : INFO : EventManager : Event: ======'machine_var_audits_switches_s_standup_2'====== Args={'value': 105, 'prev_value': None, 'change': True}
2025-10-20 22:42:23,838 : INFO : EventManager : Event: ======'machine_var_audits_switches_s_standup_3'====== Args={'value': 93, 'prev_value': None, 'change': True}
2025-10-20 22:42:23,839 : INFO : EventManager : Event: ======'machine_var_audits_switches_s_standup_4'====== Args={'value': 68, 'prev_value': None, 'change': True}
2025-10-20 22:42:23,839 : INFO : EventManager : Event: ======'machine_var_audits_switches_s_standup_5'====== Args={'value': 66, 'prev_value': None, 'change': True}
2025-10-20 22:42:23,840 : INFO : EventManager : Event: ======'machine_var_audits_switches_s_standup_6'====== Args={'value': 57, 'prev_value': None, 'change': True}
2025-10-20 22:42:23,840 : INFO : EventManager : Event: ======'machine_var_audits_switches_s_start'====== Args={'value': 61, 'prev_value': None, 'change': True}
2025-10-20 22:42:23,840 : INFO : EventManager : Event: ======'machine_var_audits_switches_s_tilt'====== Args={'value': 24, 'prev_value': None, 'change': True}
2025-10-20 22:42:23,841 : INFO : EventManager : Event: ======'machine_var_audits_switches_s_top_left_standup'====== Args={'value': 19, 'prev_value': None, 'change': True}
2025-10-20 22:42:23,841 : INFO : EventManager : Event: ======'machine_var_audits_switches_s_top_left_standup2'====== Args={'value': 37, 'prev_value': None, 'change': True}
2025-10-20 22:42:23,842 : INFO : EventManager : Event: ======'machine_var_audits_switches_s_top_middle_inlane'====== Args={'value': 41, 'prev_value': None, 'change': True}
2025-10-20 22:42:23,842 : INFO : EventManager : Event: ======'machine_var_audits_switches_s_trough1'====== Args={'value': 382, 'prev_value': None, 'change': True}
2025-10-20 22:42:23,843 : INFO : EventManager : Event: ======'machine_var_audits_switches_s_trough2'====== Args={'value': 1, 'prev_value': None, 'change': True}
2025-10-20 22:42:23,844 : INFO : EventManager : Event: ======'machine_var_audits_switches_s_trough3'====== Args={'value': 0, 'prev_value': None, 'change': True}
2025-10-20 22:42:23,845 : INFO : EventManager : Event: ======'machine_var_audits_switches_s_trough4'====== Args={'value': 0, 'prev_value': None, 'change': True}
2025-10-20 22:42:23,845 : INFO : EventManager : Event: ======'machine_var_audits_switches_s_trough5'====== Args={'value': 0, 'prev_value': None, 'change': True}
2025-10-20 22:42:23,845 : INFO : EventManager : Event: ======'machine_var_audits_switches_s_trough6'====== Args={'value': 0, 'prev_value': None, 'change': True}
2025-10-20 22:42:23,846 : INFO : EventManager : Event: ======'machine_var_audits_switches_s_trough_jam'====== Args={'value': 2, 'prev_value': None, 'change': True}
2025-10-20 22:42:23,847 : INFO : EventManager : Event: ======'init_phase_5'====== Args={}
2025-10-20 22:42:23,900 : INFO : EventManager : Event: ======'init_done'====== Args={}
2025-10-20 22:42:23,920 : INFO : EventManager : Event: ======'machine_reset_phase_1'====== Args={}
2025-10-20 22:42:23,920 : INFO : BcpServer : New client connected.
2025-10-20 22:42:23,940 : INFO : EventManager : Event: ======'slide_window_slide_1_removed'====== Args={'_from_bcp': True}
2025-10-20 22:42:23,942 : INFO : EventManager : Event: ======'slide_window_slide_1_created'====== Args={'_from_bcp': True}
2025-10-20 22:42:23,943 : INFO : EventManager : Event: ======'slide_window_slide_1_active'====== Args={'_from_bcp': True}
2025-10-20 22:42:23,958 : INFO : EventManager : Event: ======'machine_reset_phase_2'====== Args={}
2025-10-20 22:42:23,958 : INFO : EventManager : Event: ======'machine_reset_phase_3'====== Args={}
2025-10-20 22:42:23,959 : INFO : EventManager : Event: ======'mode_tilt_will_start'====== Args={'queue': <QueuedEvent>}
2025-10-20 22:42:23,960 : INFO : EventManager : Event: ======'mode_tilt_starting'====== Args={'queue': <QueuedEvent>}
2025-10-20 22:42:23,960 : INFO : drop_target_bank.TIME : All targets are already up. Will not reset bank.
2025-10-20 22:42:23,961 : INFO : drop_target_bank.CENTER : All targets are already up. Will not reset bank.
2025-10-20 22:42:23,961 : INFO : drop_target_bank.TRAVEL : All targets are already up. Will not reset bank.
2025-10-20 22:42:23,961 : INFO : Mode.tilt : Started. Priority: 1000000
2025-10-20 22:42:23,961 : INFO : EventManager : Event: ======'modes_active_modes_changed'====== Args={}
2025-10-20 22:42:23,961 : INFO : EventManager : Event: ======'mode_tilt_started'====== Args={'queue': <QueuedEvent>}
2025-10-20 22:42:23,962 : INFO : EventManager : Event: ======'reset_complete'====== Args={}
2025-10-20 22:42:23,962 : INFO : EventManager : Event: ======'mode_credits_will_start'====== Args={}
2025-10-20 22:42:23,963 : INFO : EventManager : Event: ======'mode_credits_starting'====== Args={}
2025-10-20 22:42:23,963 : INFO : EventManager : Event: ======'mode_attract_will_start'====== Args={}
2025-10-20 22:42:23,963 : INFO : EventManager : Event: ======'mode_attract_starting'====== Args={}
2025-10-20 22:42:23,963 : INFO : Mode.attract : Started. Priority: 10
2025-10-20 22:42:23,963 : INFO : EventManager : Event: ======'modes_active_modes_changed'====== Args={}
2025-10-20 22:42:23,964 : INFO : EventManager : Event: ======'mode_attract_started'====== Args={}
2025-10-20 22:42:23,964 : INFO : EventManager : Event: ======'collecting_balls_complete'====== Args={}
2025-10-20 22:42:23,964 : INFO : Mode.credits : Started. Priority: 1000010
2025-10-20 22:42:23,964 : INFO : EventManager : Event: ======'modes_active_modes_changed'====== Args={}
2025-10-20 22:42:23,964 : INFO : EventManager : Event: ======'mode_credits_started'====== Args={}
2025-10-20 22:42:23,965 : INFO : Mode.credits : Credit units per game: 1
2025-10-20 22:42:23,965 : INFO : EventManager : Event: ======'machine_var_price_per_game_raw_0'====== Args={'value': 1.0, 'prev_value': None, 'change': True}
2025-10-20 22:42:23,965 : INFO : EventManager : Event: ======'machine_var_price_per_game_string_0'====== Args={'value': '1 CREDITS $1.0', 'prev_value': None, 'change': True}
2025-10-20 22:42:23,966 : INFO : EventManager : Event: ======'machine_var_credits_string'====== Args={'value': ' ', 'prev_value': 'FREE PLAY', 'change': True}
2025-10-20 22:42:23,966 : INFO : EventManager : Event: ======'machine_var_credits_value'====== Args={'value': '0', 'prev_value': None, 'change': True}
2025-10-20 22:42:23,967 : INFO : EventManager : Event: ======'machine_var_credits_whole_num'====== Args={'value': 0, 'prev_value': None, 'change': True}
2025-10-20 22:42:23,967 : INFO : EventManager : Event: ======'machine_var_credits_numerator'====== Args={'value': 0, 'prev_value': None, 'change': True}
2025-10-20 22:42:23,968 : INFO : EventManager : Event: ======'machine_var_credits_denominator'====== Args={'value': 0, 'prev_value': None, 'change': True}
2025-10-20 22:42:23,969 : INFO : EventManager : Event: ======'machine_var_credits_string'====== Args={'value': 'CREDITS 1', 'prev_value': ' ', 'change': True}
2025-10-20 22:42:23,970 : INFO : EventManager : Event: ======'machine_var_credits_value'====== Args={'value': '1', 'prev_value': '0', 'change': True}
2025-10-20 22:42:23,971 : INFO : EventManager : Event: ======'machine_var_credits_whole_num'====== Args={'value': 1, 'prev_value': 0, 'change': 1}
2025-10-20 22:42:23,972 : INFO : EventManager : Event: ======'machine_var_credits_denominator'====== Args={'value': 1, 'prev_value': 0, 'change': 1}
2025-10-20 22:42:24,014 : INFO : EventManager : Event: ======'slide_awesome_slide_created'====== Args={'_from_bcp': True}
2025-10-20 22:42:24,014 : INFO : EventManager : Event: ======'slide_awesome_slide_active'====== Args={'_from_bcp': True}
2025-10-20 22:42:24,015 : INFO : Machine : Starting the main run loop.
2025-10-20 22:42:26,993 : INFO : EventManager : Event: ======'slide_press_start_created'====== Args={'_from_bcp': True}
2025-10-20 22:42:26,995 : INFO : EventManager : Event: ======'slide_press_start_active'====== Args={'_from_bcp': True}
2025-10-20 22:42:29,984 : INFO : EventManager : Event: ======'slide_mission_pinball_created'====== Args={'_from_bcp': True}
2025-10-20 22:42:29,995 : INFO : EventManager : Event: ======'slide_mission_pinball_active'====== Args={'_from_bcp': True}
2025-10-20 22:42:32,982 : INFO : EventManager : Event: ======'slide_last_game_score_slide_created'====== Args={'_from_bcp': True}
2025-10-20 22:42:32,994 : INFO : EventManager : Event: ======'slide_last_game_score_slide_active'====== Args={'_from_bcp': True}
2025-10-20 22:42:35,966 : INFO : EventManager : Event: ======'slide_awesome_slide_removed'====== Args={'_from_bcp': True}
2025-10-20 22:42:35,976 : INFO : EventManager : Event: ======'slide_awesome_slide_created'====== Args={'_from_bcp': True}
2025-10-20 22:42:35,981 : INFO : EventManager : Event: ======'slide_awesome_slide_active'====== Args={'_from_bcp': True}
2025-10-20 22:42:37,976 : INFO : SwitchController : <<<<<<< 's_start' active >>>>>>>
2025-10-20 22:42:38,076 : INFO : SwitchController : <<<<<<< 's_start' inactive >>>>>>>
2025-10-20 22:42:38,076 : INFO : EventManager : Event: ======'request_to_start_game'====== Args={}
2025-10-20 22:42:38,078 : INFO : Mode.credits : Received request to start game. Request Approved. Sufficient credits available.
2025-10-20 22:42:38,078 : INFO : EventManager : Event: ======'game_start'====== Args={'buttons': [], 'hold_time': 0.09399999999732245}
2025-10-20 22:42:38,078 : INFO : EventManager : Event: ======'mode_game_will_start'====== Args={'buttons': [], 'hold_time': 0.09399999999732245}
2025-10-20 22:42:38,078 : INFO : EventManager : Event: ======'mode_game_starting'====== Args={'buttons': [], 'hold_time': 0.09399999999732245}
2025-10-20 22:42:38,078 : INFO : EventManager : Event: ======'mode_attract_will_stop'====== Args={}
2025-10-20 22:42:38,078 : INFO : EventManager : Event: ======'mode_attract_stopping'====== Args={}
2025-10-20 22:42:38,078 : INFO : Mode.attract : Stopped.
2025-10-20 22:42:38,078 : INFO : EventManager : Event: ======'modes_active_modes_changed'====== Args={}
2025-10-20 22:42:38,079 : INFO : EventManager : Event: ======'mode_attract_stopped'====== Args={}
2025-10-20 22:42:38,079 : INFO : EventManager : Event: ======'clear'====== Args={'key': 'attract'}
2025-10-20 22:42:38,081 : INFO : Mode.game : Started. Priority: 20
2025-10-20 22:42:38,081 : INFO : EventManager : Event: ======'modes_active_modes_changed'====== Args={}
2025-10-20 22:42:38,081 : INFO : EventManager : Event: ======'mode_game_started'====== Args={'buttons': [], 'hold_time': 0.09399999999732245}
2025-10-20 22:42:38,087 : INFO : EventManager : Event: ======'game_will_start'====== Args={}
2025-10-20 22:42:38,089 : INFO : EventManager : Event: ======'game_starting'====== Args={'game': <Mode.game>}
2025-10-20 22:42:38,090 : INFO : EventManager : Unordered handler for class <Auditor> on event game_ended with priority 1. Handlers: [RegisteredHandler(callback=<bound method Auditor.disable of <Auditor>>, priority=1, kwargs={}, key=UUID('8e993bc0-1c8c-4653-ace4-492f097ab963'), condition=None, blocking_facility=None), RegisteredHandler(callback=<bound method Auditor._save_audits of <Auditor>>, priority=1, kwargs={}, key=UUID('b718d883-af57-43cb-afde-a3598011c785'), condition=None, blocking_facility=None)]. The order of those handlers is not defined and they will be executed in random order. This might lead to race conditions and potential bugs.
2025-10-20 22:42:38,090 : INFO : EventManager : Event: ======'player_add_request'====== Args={}
2025-10-20 22:42:38,090 : INFO : Mode.credits : Received request to add player. Request Approved. Sufficient credits available.
2025-10-20 22:42:38,090 : INFO : EventManager : Event: ======'player_will_add'====== Args={'number': 1}
2025-10-20 22:42:38,091 : INFO : EventManager : Event: ======'player_adding'====== Args={'player': <Player 1>, 'number': 1}
2025-10-20 22:42:38,091 : INFO : EventManager : Event: ======'player_added'====== Args={'player': <Player 1>, 'num': 1}
2025-10-20 22:42:38,091 : INFO : Mode.game : Player added successfully. Total players: 1
2025-10-20 22:42:38,092 : INFO : EventManager : Event: ======'machine_var_credit_units'====== Args={'value': 0, 'prev_value': 1, 'change': -1}
2025-10-20 22:42:38,093 : INFO : EventManager : Event: ======'machine_var_credits_string'====== Args={'value': 'CREDITS 0', 'prev_value': 'CREDITS 1', 'change': True}
2025-10-20 22:42:38,094 : INFO : EventManager : Event: ======'machine_var_credits_value'====== Args={'value': '0', 'prev_value': '1', 'change': True}
2025-10-20 22:42:38,095 : INFO : EventManager : Event: ======'machine_var_credits_whole_num'====== Args={'value': 0, 'prev_value': 1, 'change': -1}
2025-10-20 22:42:38,096 : INFO : EventManager : Event: ======'player_index'====== Args={'value': 0, 'prev_value': 0, 'change': 0, 'player_num': 1}
2025-10-20 22:42:38,096 : INFO : EventManager : Event: ======'player_number'====== Args={'value': 1, 'prev_value': 1, 'change': 0, 'player_num': 1}
2025-10-20 22:42:38,096 : INFO : EventManager : Event: ======'player_sj_active'====== Args={'value': 0, 'prev_value': 0, 'change': 0, 'player_num': 1}
2025-10-20 22:42:38,097 : INFO : EventManager : Event: ======'player_score'====== Args={'value': 0, 'prev_value': 0, 'change': 0, 'player_num': 1}
2025-10-20 22:42:38,099 : INFO : EventManager : Event: ======'game_started'====== Args={}
2025-10-20 22:42:38,113 : INFO : EventManager : Event: ======'player_turn_will_start'====== Args={'player': <Player 1>, 'number': 1}
2025-10-20 22:42:38,114 : INFO : EventManager : Event: ======'slide_press_start_removed'====== Args={'_from_bcp': True}
2025-10-20 22:42:38,114 : INFO : EventManager : Event: ======'slide_mission_pinball_removed'====== Args={'_from_bcp': True}
2025-10-20 22:42:38,114 : INFO : EventManager : Event: ======'slide_last_game_score_slide_removed'====== Args={'_from_bcp': True}
2025-10-20 22:42:38,114 : INFO : EventManager : Event: ======'slide_awesome_slide_removed'====== Args={'_from_bcp': True}
2025-10-20 22:42:38,115 : INFO : EventManager : Event: ======'slide_player_added_slide_created'====== Args={'_from_bcp': True}
2025-10-20 22:42:38,116 : INFO : EventManager : Event: ======'player_turn_starting'====== Args={'player': <Player 1>, 'number': 1}
2025-10-20 22:42:38,116 : INFO : EventManager : Event: ======'slide_player_added_slide_active'====== Args={'_from_bcp': True}
2025-10-20 22:42:38,117 : INFO : EventManager : Event: ======'player_ball'====== Args={'value': 1, 'prev_value': 0, 'change': 1, 'player_num': 1}
2025-10-20 22:42:38,117 : INFO : EventManager : Event: ======'player_turn_started'====== Args={'player': <Player 1>, 'number': 1}
2025-10-20 22:42:38,118 : INFO : EventManager : Event: ======'ball_will_start'====== Args={'player': 1, 'ball': 1, 'balls_remaining': 2, 'is_extra_ball': False}
2025-10-20 22:42:38,124 : INFO : EventManager : Event: ======'ball_starting'====== Args={'player': 1, 'ball': 1, 'balls_remaining': 2, 'is_extra_ball': False}
2025-10-20 22:42:38,125 : INFO : EventManager : Event: ======'slide_player_added_slide_removed'====== Args={'_from_bcp': True}
2025-10-20 22:42:38,125 : INFO : EventManager : Event: ======'slide_player_added_slide_created'====== Args={'_from_bcp': True}
2025-10-20 22:42:38,126 : INFO : EventManager : Event: ======'slide_player_added_slide_removed'====== Args={'_from_bcp': True}
2025-10-20 22:42:38,126 : INFO : EventManager : Event: ======'mode_special_setup_will_start'====== Args={'queue': <QueuedEvent>, 'player': 1, 'ball': 1, 'balls_remaining': 2, 'is_extra_ball': False}
2025-10-20 22:42:38,127 : INFO : EventManager : Event: ======'mode_special_setup_starting'====== Args={'queue': <QueuedEvent>, 'player': 1, 'ball': 1, 'balls_remaining': 2, 'is_extra_ball': False}
2025-10-20 22:42:38,127 : INFO : EventManager : Event: ======'mode_super_jets_setup_will_start'====== Args={'queue': <QueuedEvent>, 'player': 1, 'ball': 1, 'balls_remaining': 2, 'is_extra_ball': False}
2025-10-20 22:42:38,127 : INFO : EventManager : Event: ======'player_shot_jets_enabled'====== Args={'value': True, 'prev_value': 0, 'change': 1, 'player_num': 1}
2025-10-20 22:42:38,129 : INFO : EventManager : Event: ======'mode_super_jets_setup_starting'====== Args={'queue': <QueuedEvent>, 'player': 1, 'ball': 1, 'balls_remaining': 2, 'is_extra_ball': False}
2025-10-20 22:42:38,129 : INFO : drop_target_bank.TIME : All targets are already up. Will not reset bank.
2025-10-20 22:42:38,129 : INFO : drop_target_bank.CENTER : All targets are already up. Will not reset bank.
2025-10-20 22:42:38,129 : INFO : drop_target_bank.TRAVEL : All targets are already up. Will not reset bank.
2025-10-20 22:42:38,130 : INFO : EventManager : Event: ======'balls_in_play'====== Args={'balls': 1}
2025-10-20 22:42:38,131 : INFO : EventManager : Event: ======'ball_started'====== Args={'player': 1, 'ball': 1, 'balls_remaining': 2, 'is_extra_ball': False}
2025-10-20 22:42:38,131 : INFO : EventManager : Event: ======'slide_player_added_slide_created'====== Args={'_from_bcp': True}
2025-10-20 22:42:38,131 : INFO : EventManager : Event: ======'slide_player_added_slide_active'====== Args={'_from_bcp': True}
2025-10-20 22:42:38,131 : INFO : EventManager : Event: ======'logicblock_special_count_updated'====== Args={'value': 0, 'enabled': True}
2025-10-20 22:42:38,132 : INFO : EventManager : Event: ======'logicblock_special_count_updated'====== Args={'value': 0, 'enabled': True}
2025-10-20 22:42:38,132 : INFO : Mode.special_setup : Started. Priority: 400
2025-10-20 22:42:38,132 : INFO : EventManager : Event: ======'modes_active_modes_changed'====== Args={}
2025-10-20 22:42:38,132 : INFO : EventManager : Event: ======'mode_special_setup_started'====== Args={'queue': <QueuedEvent>, 'player': 1, 'ball': 1, 'balls_remaining': 2, 'is_extra_ball': False}
2025-10-20 22:42:38,132 : INFO : EventManager : Event: ======'logicblock_lb_jets_count_updated'====== Args={'value': 0, 'enabled': True}
2025-10-20 22:42:38,133 : INFO : EventManager : Event: ======'logicblock_lb_rollover_complete_count_updated'====== Args={'value': 0, 'enabled': True}
2025-10-20 22:42:38,133 : INFO : EventManager : Event: ======'logicblock_lb_jets_count_updated'====== Args={'value': 0, 'enabled': True}
2025-10-20 22:42:38,133 : INFO : EventManager : Event: ======'logicblock_lb_jets_resume_updated'====== Args={'value': 0, 'enabled': False}
2025-10-20 22:42:38,133 : INFO : EventManager : Event: ======'logicblock_lb_rollover_complete_count_updated'====== Args={'value': 0, 'enabled': True}
2025-10-20 22:42:38,133 : INFO : Mode.super_jets_setup : Started. Priority: 200
2025-10-20 22:42:38,133 : INFO : EventManager : Event: ======'modes_active_modes_changed'====== Args={}
2025-10-20 22:42:38,134 : INFO : EventManager : Event: ======'mode_super_jets_setup_started'====== Args={'queue': <QueuedEvent>, 'player': 1, 'ball': 1, 'balls_remaining': 2, 'is_extra_ball': False}
2025-10-20 22:42:38,134 : INFO : EventManager : Event: ======'mode_base_will_start'====== Args={'player': 1, 'ball': 1, 'balls_remaining': 2, 'is_extra_ball': False}
2025-10-20 22:42:38,135 : INFO : EventManager : Event: ======'player_extra_ball_score_one_num_awarded'====== Args={'value': 0, 'prev_value': 0, 'change': 0, 'player_num': 1}
2025-10-20 22:42:38,135 : INFO : EventManager : Event: ======'player_extra_ball_score_two_num_awarded'====== Args={'value': 0, 'prev_value': 0, 'change': 0, 'player_num': 1}
2025-10-20 22:42:38,135 : INFO : EventManager : Event: ======'player_extra_ball_score_three_num_awarded'====== Args={'value': 0, 'prev_value': 0, 'change': 0, 'player_num': 1}
2025-10-20 22:42:38,136 : INFO : EventManager : Event: ======'player_shot_left_corridor_spinner_shot_enabled'====== Args={'value': True, 'prev_value': 0, 'change': 1, 'player_num': 1}
2025-10-20 22:42:38,137 : INFO : EventManager : Event: ======'player_shot_left_corridor_spinner2_shot_enabled'====== Args={'value': True, 'prev_value': 0, 'change': 1, 'player_num': 1}
2025-10-20 22:42:38,137 : INFO : EventManager : Event: ======'player_shot_right_corridor_spinner_shot_enabled'====== Args={'value': True, 'prev_value': 0, 'change': 1, 'player_num': 1}
2025-10-20 22:42:38,138 : INFO : EventManager : Event: ======'player_shot_top_left_standup2_shot_enabled'====== Args={'value': True, 'prev_value': 0, 'change': 1, 'player_num': 1}
2025-10-20 22:42:38,138 : INFO : EventManager : Event: ======'player_shot_top_left_standup_shot_enabled'====== Args={'value': True, 'prev_value': 0, 'change': 1, 'player_num': 1}
2025-10-20 22:42:38,139 : INFO : EventManager : Event: ======'player_shot_left_standup_shot_enabled'====== Args={'value': True, 'prev_value': 0, 'change': 1, 'player_num': 1}
2025-10-20 22:42:38,139 : INFO : EventManager : Event: ======'player_shot_right_standup_shot_enabled'====== Args={'value': True, 'prev_value': 0, 'change': 1, 'player_num': 1}
2025-10-20 22:42:38,139 : INFO : EventManager : Event: ======'player_shot_left_rollover_shot_enabled'====== Args={'value': True, 'prev_value': 0, 'change': 1, 'player_num': 1}
2025-10-20 22:42:38,140 : INFO : EventManager : Event: ======'player_shot_center_rollover_shot_enabled'====== Args={'value': True, 'prev_value': 0, 'change': 1, 'player_num': 1}
2025-10-20 22:42:38,140 : INFO : EventManager : Event: ======'player_shot_right_rollover_shot_enabled'====== Args={'value': True, 'prev_value': 0, 'change': 1, 'player_num': 1}
2025-10-20 22:42:38,141 : INFO : EventManager : Event: ======'player_shot_right_scoop_shot_enabled'====== Args={'value': True, 'prev_value': 0, 'change': 1, 'player_num': 1}
2025-10-20 22:42:38,141 : INFO : EventManager : Event: ======'player_shot_center_scoop_shot_enabled'====== Args={'value': True, 'prev_value': 0, 'change': 1, 'player_num': 1}
2025-10-20 22:42:38,142 : INFO : EventManager : Event: ======'player_shot_left_scoop_shot_enabled'====== Args={'value': True, 'prev_value': 0, 'change': 1, 'player_num': 1}
2025-10-20 22:42:38,142 : INFO : EventManager : Event: ======'player_shot_T_enabled'====== Args={'value': True, 'prev_value': 0, 'change': 1, 'player_num': 1}
2025-10-20 22:42:38,143 : INFO : EventManager : Event: ======'player_shot_I_enabled'====== Args={'value': True, 'prev_value': 0, 'change': 1, 'player_num': 1}
2025-10-20 22:42:38,143 : INFO : EventManager : Event: ======'player_shot_M_enabled'====== Args={'value': True, 'prev_value': 0, 'change': 1, 'player_num': 1}
2025-10-20 22:42:38,144 : INFO : EventManager : Event: ======'player_shot_E_enabled'====== Args={'value': True, 'prev_value': 0, 'change': 1, 'player_num': 1}
2025-10-20 22:42:38,144 : INFO : EventManager : Event: ======'player_shot_left_center_droptarget_enabled'====== Args={'value': True, 'prev_value': 0, 'change': 1, 'player_num': 1}
2025-10-20 22:42:38,144 : INFO : EventManager : Event: ======'player_shot_center_center_droptarget_enabled'====== Args={'value': True, 'prev_value': 0, 'change': 1, 'player_num': 1}
2025-10-20 22:42:38,145 : INFO : EventManager : Event: ======'player_shot_right_center_droptarget_enabled'====== Args={'value': True, 'prev_value': 0, 'change': 1, 'player_num': 1}
2025-10-20 22:42:38,145 : INFO : EventManager : Event: ======'player_shot_Tb_enabled'====== Args={'value': True, 'prev_value': 0, 'change': 1, 'player_num': 1}
2025-10-20 22:42:38,146 : INFO : EventManager : Event: ======'player_shot_R_enabled'====== Args={'value': True, 'prev_value': 0, 'change': 1, 'player_num': 1}
2025-10-20 22:42:38,146 : INFO : EventManager : Event: ======'player_shot_A_enabled'====== Args={'value': True, 'prev_value': 0, 'change': 1, 'player_num': 1}
2025-10-20 22:42:38,147 : INFO : EventManager : Event: ======'player_shot_V_enabled'====== Args={'value': True, 'prev_value': 0, 'change': 1, 'player_num': 1}
2025-10-20 22:42:38,147 : INFO : EventManager : Event: ======'player_shot_Eb_enabled'====== Args={'value': True, 'prev_value': 0, 'change': 1, 'player_num': 1}
2025-10-20 22:42:38,148 : INFO : EventManager : Event: ======'player_shot_L_enabled'====== Args={'value': True, 'prev_value': 0, 'change': 1, 'player_num': 1}
2025-10-20 22:42:38,148 : INFO : EventManager : Event: ======'player_shot_bumper1_shot_enabled'====== Args={'value': True, 'prev_value': 0, 'change': 1, 'player_num': 1}
2025-10-20 22:42:38,148 : INFO : EventManager : Event: ======'player_shot_bumper2_shot_enabled'====== Args={'value': True, 'prev_value': 0, 'change': 1, 'player_num': 1}
2025-10-20 22:42:38,149 : INFO : EventManager : Event: ======'player_shot_right_inlane_shot_enabled'====== Args={'value': True, 'prev_value': 0, 'change': 1, 'player_num': 1}
2025-10-20 22:42:38,149 : INFO : EventManager : Event: ======'player_shot_left_inlane_shot_enabled'====== Args={'value': True, 'prev_value': 0, 'change': 1, 'player_num': 1}
2025-10-20 22:42:38,149 : INFO : EventManager : Event: ======'player_shot_right_outlane_shot_enabled'====== Args={'value': True, 'prev_value': 0, 'change': 1, 'player_num': 1}
2025-10-20 22:42:38,150 : INFO : EventManager : Event: ======'player_shot_left_outlane_shot_enabled'====== Args={'value': True, 'prev_value': 0, 'change': 1, 'player_num': 1}
2025-10-20 22:42:38,150 : INFO : EventManager : Event: ======'rollover_lanes_complete'====== Args={'state': 'unlit'}
2025-10-20 22:42:38,150 : INFO : EventManager : Event: ======'rollover_lanes_unlit_complete'====== Args={}
2025-10-20 22:42:38,151 : INFO : EventManager : Event: ======'TIME_droptargets_complete'====== Args={'state': 'unlit'}
2025-10-20 22:42:38,151 : INFO : EventManager : Event: ======'TIME_droptargets_unlit_complete'====== Args={}
2025-10-20 22:42:38,151 : INFO : EventManager : Event: ======'CENTER_droptargets_complete'====== Args={'state': 'unlit'}
2025-10-20 22:42:38,152 : INFO : EventManager : Event: ======'CENTER_droptargets_unlit_complete'====== Args={}
2025-10-20 22:42:38,152 : INFO : EventManager : Event: ======'TRAVEL_droptargets_complete'====== Args={'state': 'unlit'}
2025-10-20 22:42:38,152 : INFO : EventManager : Event: ======'TRAVEL_droptargets_unlit_complete'====== Args={}
2025-10-20 22:42:38,156 : INFO : EventManager : Event: ======'mode_base_starting'====== Args={'player': 1, 'ball': 1, 'balls_remaining': 2, 'is_extra_ball': False}
2025-10-20 22:42:38,158 : INFO : EventManager : Event: ======'logicblock_spinner_rotations_updated'====== Args={'value': 0, 'enabled': True}
2025-10-20 22:42:38,158 : INFO : EventManager : Event: ======'logicblock_spinner_rotations_updated'====== Args={'value': 0, 'enabled': True}
2025-10-20 22:42:38,158 : INFO : Mode.base : Started. Priority: 100
2025-10-20 22:42:38,158 : INFO : EventManager : Event: ======'modes_active_modes_changed'====== Args={}
2025-10-20 22:42:38,158 : INFO : EventManager : Event: ======'mode_base_started'====== Args={'player': 1, 'ball': 1, 'balls_remaining': 2, 'is_extra_ball': False}
2025-10-20 22:42:38,159 : INFO : EventManager : Event: ======'single_player_ball_started'====== Args={}
2025-10-20 22:42:38,196 : INFO : EventManager : Event: ======'ball_start_target'====== Args={'target': 'playfield'}
2025-10-20 22:42:38,223 : INFO : ball_device.bd_plunger : Setting up player-controlled eject. Balls: 1, Target: <playfield.playfield>, player_controlled_eject_event: None
2025-10-20 22:42:38,223 : INFO : EventManager : Event: ======'balldevice_balls_available'====== Args={}
2025-10-20 22:42:38,224 : INFO : EventManager : Event: ======'slide_base.slide_player-mode_base_started_created'====== Args={'_from_bcp': True}
2025-10-20 22:42:38,224 : INFO : ball_device.bd_trough : State: waiting_for_target_ready
2025-10-20 22:42:38,225 : INFO : EventManager : Event: ======'balldevice_bd_trough_ball_eject_attempt'====== Args={'balls': 1, 'target': <ball_device.bd_plunger>, 'source': <ball_device.bd_trough>, 'mechanical_eject': True, 'num_attempts': 0}
2025-10-20 22:42:38,225 : INFO : ball_device.bd_plunger : State: waiting_for_ball
2025-10-20 22:42:38,225 : INFO : ball_device.bd_trough : State: ejecting
2025-10-20 22:42:38,225 : INFO : ball_device.bd_trough : Ejecting ball to <ball_device.bd_plunger>
2025-10-20 22:42:38,226 : INFO : EventManager : Event: ======'balldevice_bd_trough_ejecting_ball'====== Args={'balls': 1, 'target': <ball_device.bd_plunger>, 'source': <ball_device.bd_trough>, 'mechanical_eject': True, 'num_attempts': 0}
2025-10-20 22:42:38,226 : INFO : ball_device.bd_trough : Wait for ball to leave device
2025-10-20 22:42:38,227 : INFO : coil.c_trough_eject : Pulsing Driver for 20ms (1.0 pulse_power)
2025-10-20 22:42:38,227 : INFO : SwitchController : <<<<<<< 's_trough1' inactive >>>>>>>
2025-10-20 22:42:38,233 : INFO : ball_device.bd_trough : State: ball_left
2025-10-20 22:42:38,233 : INFO : ball_device.bd_trough : Ball left
2025-10-20 22:42:38,233 : INFO : ball_device.bd_trough : Wait for confirm with timeout 3.0
2025-10-20 22:42:38,310 : INFO : EventManager : Event: ======'slide_base.slide_player-mode_base_started_active'====== Args={'_from_bcp': True}
2025-10-20 22:42:38,333 : INFO : SwitchController : <<<<<<< 's_plunger' active >>>>>>>
2025-10-20 22:42:38,333 : INFO : EventManager : Event: ======'machine_var_audits_switches_s_plunger'====== Args={'value': 663, 'prev_value': 662, 'change': 1}
2025-10-20 22:42:38,835 : INFO : ball_device.bd_plunger : Received ball from <ball_device.bd_trough>
2025-10-20 22:42:38,835 : INFO : EventManager : Event: ======'balldevice_bd_plunger_ball_enter'====== Args={'new_balls': 1, 'unclaimed_balls': 0, 'new_available_balls': 0, 'device': <ball_device.bd_plunger>}
2025-10-20 22:42:38,836 : INFO : EventManager : Event: ======'balldevice_bd_plunger_ball_entered'====== Args={'new_balls': 0, 'device': <ball_device.bd_plunger>}
2025-10-20 22:42:38,836 : INFO : EventManager : Event: ======'balldevice_bd_plunger_ball_count_changed'====== Args={'balls': 1}
2025-10-20 22:42:38,836 : INFO : ball_device.bd_trough : Got eject confirm
2025-10-20 22:42:38,836 : INFO : ball_device.bd_trough : Eject successful
2025-10-20 22:42:38,837 : INFO : EventManager : Event: ======'balldevice_bd_trough_ball_eject_success'====== Args={'balls': 1, 'target': <ball_device.bd_plunger>}
2025-10-20 22:42:38,837 : INFO : EventManager : Event: ======'balldevice_bd_trough_ball_count_changed'====== Args={'balls': 5}
2025-10-20 22:42:38,837 : INFO : ball_device.bd_trough : State: idle
2025-10-20 22:42:38,838 : INFO : ball_device.bd_plunger : State: waiting_for_target_ready
2025-10-20 22:42:38,838 : INFO : EventManager : Event: ======'balldevice_bd_plunger_ball_eject_attempt'====== Args={'balls': 1, 'target': <playfield.playfield>, 'source': <ball_device.bd_plunger>, 'mechanical_eject': True, 'num_attempts': 0}
2025-10-20 22:42:38,838 : INFO : ball_device.bd_plunger : State: ejecting
2025-10-20 22:42:38,839 : INFO : ball_device.bd_plunger : Ejecting ball to <playfield.playfield>
2025-10-20 22:42:38,839 : INFO : EventManager : Event: ======'balldevice_bd_plunger_ejecting_ball'====== Args={'balls': 1, 'target': <playfield.playfield>, 'source': <ball_device.bd_plunger>, 'mechanical_eject': True, 'num_attempts': 0}
2025-10-20 22:42:38,840 : INFO : ball_device.bd_plunger : Wait for ball to leave device
2025-10-20 22:42:39,127 : INFO : EventManager : Event: ======'slide_player_added_slide_removed'====== Args={'_from_bcp': True}
2025-10-20 22:42:40,580 : INFO : SwitchController : <<<<<<< 's_trough_jam' active >>>>>>>
2025-10-20 22:42:40,581 : INFO : EventManager : Event: ======'machine_var_audits_switches_s_trough_jam'====== Args={'value': 3, 'prev_value': 2, 'change': 1}
2025-10-20 22:42:41,071 : INFO : EventManager : Event: ======'balldevice_bd_trough_ball_count_changed'====== Args={'balls': 6}
2025-10-20 22:42:41,071 : INFO : ball_device.bd_trough : Received unexpected ball
2025-10-20 22:42:41,071 : INFO : EventManager : Event: ======'balldevice_captured_from_playfield'====== Args={'balls': 1}
2025-10-20 22:42:41,072 : INFO : EventManager : Event: ======'sw_playfield_active'====== Args={'balls': 1}
2025-10-20 22:42:41,072 : INFO : EventManager : Event: ======'playfield_active'====== Args={}
2025-10-20 22:42:41,072 : INFO : EventManager : Event: ======'playfield_ball_count_change'====== Args={'balls': -1, 'change': -1}
2025-10-20 22:42:41,073 : INFO : EventManager : Event: ======'balldevice_playfield_ball_enter'====== Args={'new_balls': 1, 'unclaimed_balls': 1, 'device': <playfield.playfield>}
2025-10-20 22:42:41,073 : INFO : EventManager : Event: ======'playfield_ball_count_change'====== Args={'balls': 0, 'change': 1}
2025-10-20 22:42:41,073 : INFO : BallController : Found a new ball which was captured from playfield. Known balls: 7
2025-10-20 22:42:41,073 : INFO : EventManager : Event: ======'found_new_ball'====== Args={}
2025-10-20 22:42:41,073 : INFO : EventManager : Event: ======'balldevice_bd_trough_ball_enter'====== Args={'new_balls': 1, 'unclaimed_balls': 1, 'new_available_balls': 1, 'device': <ball_device.bd_trough>}
2025-10-20 22:42:41,074 : INFO : EventManager : Event: ======'ball_drain'====== Args={'device': <ball_device.bd_trough>, 'balls': 1}
2025-10-20 22:42:41,074 : INFO : EventManager : Event: ======'ball_will_end'====== Args={}
2025-10-20 22:42:41,075 : INFO : EventManager : Event: ======'balldevice_balls_available'====== Args={}
2025-10-20 22:42:41,075 : INFO : EventManager : Event: ======'balldevice_bd_trough_ball_entered'====== Args={'new_balls': 1, 'device': <ball_device.bd_trough>}
2025-10-20 22:42:41,075 : INFO : EventManager : Event: ======'player_tilt_warnings'====== Args={'value': 0, 'prev_value': 0, 'change': 0, 'player_num': 1}
2025-10-20 22:42:41,076 : INFO : EventManager : Event: ======'ball_ending'====== Args={}
2025-10-20 22:42:41,077 : INFO : EventManager : Event: ======'mode_special_setup_will_stop'====== Args={}
2025-10-20 22:42:41,077 : INFO : EventManager : Event: ======'mode_special_setup_stopping'====== Args={}
2025-10-20 22:42:41,077 : INFO : EventManager : Event: ======'mode_super_jets_setup_will_stop'====== Args={}
2025-10-20 22:42:41,077 : INFO : EventManager : Event: ======'mode_super_jets_setup_stopping'====== Args={}
2025-10-20 22:42:41,078 : INFO : EventManager : Event: ======'mode_base_will_stop'====== Args={}
2025-10-20 22:42:41,078 : INFO : EventManager : Event: ======'mode_base_stopping'====== Args={}
2025-10-20 22:42:41,078 : INFO : Mode.base : Stopped.
2025-10-20 22:42:41,078 : INFO : EventManager : Event: ======'modes_active_modes_changed'====== Args={}
2025-10-20 22:42:41,079 : INFO : EventManager : Event: ======'mode_base_stopped'====== Args={}
2025-10-20 22:42:41,079 : INFO : EventManager : Event: ======'clear'====== Args={'key': 'base'}
2025-10-20 22:42:41,082 : INFO : Mode.super_jets_setup : Stopped.
2025-10-20 22:42:41,082 : INFO : EventManager : Event: ======'modes_active_modes_changed'====== Args={}
2025-10-20 22:42:41,083 : INFO : EventManager : Event: ======'mode_super_jets_setup_stopped'====== Args={}
2025-10-20 22:42:41,083 : INFO : EventManager : Event: ======'clear'====== Args={'key': 'super_jets_setup'}
2025-10-20 22:42:41,083 : INFO : Mode.special_setup : Stopped.
2025-10-20 22:42:41,083 : INFO : EventManager : Event: ======'modes_active_modes_changed'====== Args={}
2025-10-20 22:42:41,083 : INFO : EventManager : Event: ======'mode_special_setup_stopped'====== Args={}
2025-10-20 22:42:41,083 : INFO : EventManager : Event: ======'clear'====== Args={'key': 'special_setup'}
2025-10-20 22:42:41,124 : INFO : EventManager : Event: ======'ball_ended'====== Args={}
2025-10-20 22:42:41,126 : INFO : EventManager : Event: ======'slide_base.slide_player-mode_base_started_removed'====== Args={'_from_bcp': True}
2025-10-20 22:42:41,127 : INFO : EventManager : Event: ======'slide_dmd_blank_active'====== Args={'_from_bcp': True}
2025-10-20 22:42:41,127 : INFO : EventManager : Event: ======'player_turn_will_end'====== Args={'player': <Player 1>, 'number': 1}
2025-10-20 22:42:41,174 : INFO : EventManager : Event: ======'player_turn_ending'====== Args={'player': <Player 1>, 'number': 1}
2025-10-20 22:42:41,174 : INFO : EventManager : Event: ======'player_turn_ended'====== Args={'player': <Player 1>, 'number': 1}
2025-10-20 22:42:41,175 : INFO : EventManager : Event: ======'player_turn_will_start'====== Args={'player': <Player 1>, 'number': 1}
2025-10-20 22:42:41,175 : INFO : EventManager : Event: ======'player_turn_starting'====== Args={'player': <Player 1>, 'number': 1}
2025-10-20 22:42:41,176 : INFO : EventManager : Event: ======'player_ball'====== Args={'value': 2, 'prev_value': 1, 'change': 1, 'player_num': 1}
2025-10-20 22:42:41,176 : INFO : EventManager : Event: ======'player_turn_started'====== Args={'player': <Player 1>, 'number': 1}
2025-10-20 22:42:41,179 : INFO : EventManager : Event: ======'ball_will_start'====== Args={'player': 1, 'ball': 2, 'balls_remaining': 1, 'is_extra_ball': False}
2025-10-20 22:42:41,183 : INFO : BallController : Found 1 ball(s) on playfield.
2025-10-20 22:42:41,183 : WARNING : BallController : Playfields still contain balls. Waiting for those to drain.
2025-10-20 22:42:42,173 : INFO : BallController : Found 1 ball(s) on playfield.
2025-10-20 22:42:42,173 : WARNING : BallController : Playfields still contain balls. Waiting for those to drain.
2025-10-20 22:42:43,168 : INFO : BallController : Found 1 ball(s) on playfield.
2025-10-20 22:42:43,168 : WARNING : BallController : Playfields still contain balls. Waiting for those to drain.
2025-10-20 22:42:44,175 : INFO : BallController : Found 1 ball(s) on playfield.
2025-10-20 22:42:44,175 : WARNING : BallController : Playfields still contain balls. Waiting for those to drain.
2025-10-20 22:42:45,170 : INFO : BallController : Found 1 ball(s) on playfield.
2025-10-20 22:42:45,170 : WARNING : BallController : Playfields still contain balls. Waiting for those to drain.
2025-10-20 22:42:46,174 : INFO : BallController : Found 1 ball(s) on playfield.
2025-10-20 22:42:46,174 : WARNING : BallController : Playfields still contain balls. Waiting for those to drain.
2025-10-20 22:42:47,174 : INFO : BallController : Found 1 ball(s) on playfield.
2025-10-20 22:42:47,174 : WARNING : BallController : Playfields still contain balls. Waiting for those to drain.
2025-10-20 22:42:48,174 : INFO : BallController : Found 1 ball(s) on playfield.
2025-10-20 22:42:48,174 : WARNING : BallController : Playfields still contain balls. Waiting for those to drain.
2025-10-20 22:42:49,174 : INFO : BallController : Found 1 ball(s) on playfield.
2025-10-20 22:42:49,174 : WARNING : BallController : Playfields still contain balls. Waiting for those to drain.
2025-10-20 22:42:50,174 : INFO : BallController : Found 1 ball(s) on playfield.
2025-10-20 22:42:50,174 : WARNING : BallController : Playfields still contain balls. Waiting for those to drain.
2025-10-20 22:42:51,173 : INFO : BallController : Found 1 ball(s) on playfield.
2025-10-20 22:42:51,173 : WARNING : BallController : Playfields still contain balls. Waiting for those to drain.
2025-10-20 22:42:52,174 : INFO : BallController : Found 1 ball(s) on playfield.
2025-10-20 22:42:52,174 : WARNING : BallController : Playfields still contain balls. Waiting for those to drain.
2025-10-20 22:42:53,174 : INFO : BallController : Found 1 ball(s) on playfield.
2025-10-20 22:42:53,174 : WARNING : BallController : Playfields still contain balls. Waiting for those to drain.
2025-10-20 22:42:54,174 : INFO : BallController : Found 1 ball(s) on playfield.
2025-10-20 22:42:54,174 : WARNING : BallController : Playfields still contain balls. Waiting for those to drain.
2025-10-20 22:42:55,173 : INFO : BallController : Found 1 ball(s) on playfield.
2025-10-20 22:42:55,173 : WARNING : BallController : Playfields still contain balls. Waiting for those to drain.
2025-10-20 22:42:56,174 : INFO : BallController : Found 1 ball(s) on playfield.
2025-10-20 22:42:56,174 : WARNING : BallController : Playfields still contain balls. Waiting for those to drain.
2025-10-20 22:42:57,174 : INFO : BallController : Found 1 ball(s) on playfield.
2025-10-20 22:42:57,174 : WARNING : BallController : Playfields still contain balls. Waiting for those to drain.
2025-10-20 22:42:58,174 : INFO : BallController : Found 1 ball(s) on playfield.
2025-10-20 22:42:58,174 : WARNING : BallController : Playfields still contain balls. Waiting for those to drain.
2025-10-20 22:42:59,174 : INFO : BallController : Found 1 ball(s) on playfield.
2025-10-20 22:42:59,174 : WARNING : BallController : Playfields still contain balls. Waiting for those to drain.
2025-10-20 22:42:59,396 : WARNING : SwitchController : Received duplicate switch state 1 for switch s_plunger from the platform interface. Log Code: Log-SwitchController-1 (https://missionpinball.org/logs)
2025-10-20 22:42:59,528 : INFO : SwitchController : <<<<<<< 's_plunger' inactive >>>>>>>
2025-10-20 22:42:59,536 : INFO : ball_device.bd_plunger : State: ball_left
2025-10-20 22:42:59,536 : INFO : ball_device.bd_plunger : Ball left
2025-10-20 22:42:59,536 : INFO : ball_device.bd_plunger : Wait for confirm with timeout 5.0
2025-10-20 22:43:00,162 : INFO : BallController : Found 1 ball(s) on playfield.
2025-10-20 22:43:00,162 : WARNING : BallController : Playfields still contain balls. Waiting for those to drain.
2025-10-20 22:43:01,174 : INFO : BallController : Found 1 ball(s) on playfield.
2025-10-20 22:43:01,174 : WARNING : BallController : Playfields still contain balls. Waiting for those to drain.
2025-10-20 22:43:02,175 : INFO : BallController : Found 1 ball(s) on playfield.
2025-10-20 22:43:02,175 : WARNING : BallController : Playfields still contain balls. Waiting for those to drain.
2025-10-20 22:43:02,828 : INFO : SwitchController : <<<<<<< 's_right_rollover' active >>>>>>>
2025-10-20 22:43:02,828 : INFO : EventManager : Event: ======'playfield_active'====== Args={}
2025-10-20 22:43:02,828 : INFO : EventManager : Event: ======'machine_var_audits_switches_s_right_rollover'====== Args={'value': 429, 'prev_value': 428, 'change': 1}
2025-10-20 22:43:02,875 : INFO : ball_device.bd_plunger : Got eject confirm
2025-10-20 22:43:02,875 : INFO : ball_device.bd_plunger : Eject successful
2025-10-20 22:43:02,875 : INFO : EventManager : Event: ======'balldevice_bd_plunger_ball_eject_success'====== Args={'balls': 1, 'target': <playfield.playfield>}
2025-10-20 22:43:02,885 : INFO : EventManager : Event: ======'balldevice_playfield_ball_enter'====== Args={'new_balls': 1, 'unclaimed_balls': 1, 'device': <playfield.playfield>}
2025-10-20 22:43:02,886 : INFO : EventManager : Event: ======'playfield_ball_count_change'====== Args={'balls': 1, 'change': 1}
2025-10-20 22:43:02,887 : INFO : EventManager : Event: ======'balldevice_bd_plunger_ball_count_changed'====== Args={'balls': 0}
2025-10-20 22:43:02,887 : INFO : ball_device.bd_plunger : State: idle
2025-10-20 22:43:02,924 : INFO : SwitchController : <<<<<<< 's_right_rollover' inactive >>>>>>>
2025-10-20 22:43:03,173 : INFO : BallController : Found 1 ball(s) on playfield.
2025-10-20 22:43:03,173 : WARNING : BallController : Playfields still contain balls. Waiting for those to drain.
2025-10-20 22:43:03,645 : INFO : SwitchController : <<<<<<< 's_right_rollover' active >>>>>>>
2025-10-20 22:43:03,646 : INFO : EventManager : Event: ======'machine_var_audits_switches_s_right_rollover'====== Args={'value': 430, 'prev_value': 429, 'change': 1}
2025-10-20 22:43:03,740 : INFO : SwitchController : <<<<<<< 's_right_rollover' inactive >>>>>>>
2025-10-20 22:43:04,162 : INFO : BallController : Found 1 ball(s) on playfield.
2025-10-20 22:43:04,162 : WARNING : BallController : Playfields still contain balls. Waiting for those to drain.
2025-10-20 22:43:04,221 : INFO : SwitchController : <<<<<<< 's_center_rollover' active >>>>>>>
2025-10-20 22:43:04,221 : INFO : EventManager : Event: ======'machine_var_audits_switches_s_center_rollover'====== Args={'value': 362, 'prev_value': 361, 'change': 1}
2025-10-20 22:43:04,341 : INFO : SwitchController : <<<<<<< 's_center_rollover' inactive >>>>>>>
2025-10-20 22:43:05,175 : INFO : BallController : Found 1 ball(s) on playfield.
2025-10-20 22:43:05,175 : WARNING : BallController : Playfields still contain balls. Waiting for those to drain.
2025-10-20 22:43:06,180 : INFO : BallController : Found 1 ball(s) on playfield.
2025-10-20 22:43:06,180 : WARNING : BallController : Playfields still contain balls. Waiting for those to drain.
2025-10-20 22:43:06,558 : INFO : SwitchController : <<<<<<< 's_trough_jam' inactive >>>>>>>
2025-10-20 22:43:07,174 : INFO : BallController : Found 1 ball(s) on playfield.
2025-10-20 22:43:07,174 : WARNING : BallController : Playfields still contain balls. Waiting for those to drain.
2025-10-20 22:43:07,885 : INFO : SwitchController : <<<<<<< 's_right_rollover' active >>>>>>>
2025-10-20 22:43:07,885 : INFO : EventManager : Event: ======'machine_var_audits_switches_s_right_rollover'====== Args={'value': 431, 'prev_value': 430, 'change': 1}
2025-10-20 22:43:07,996 : INFO : SwitchController : <<<<<<< 's_right_rollover' inactive >>>>>>>
2025-10-20 22:43:08,173 : INFO : BallController : Found 1 ball(s) on playfield.
2025-10-20 22:43:08,173 : WARNING : BallController : Playfields still contain balls. Waiting for those to drain.
2025-10-20 22:43:08,646 : INFO : SwitchController : <<<<<<< 's_center_rollover' active >>>>>>>
2025-10-20 22:43:08,646 : INFO : EventManager : Event: ======'machine_var_audits_switches_s_center_rollover'====== Args={'value': 363, 'prev_value': 362, 'change': 1}
2025-10-20 22:43:08,733 : INFO : SwitchController : <<<<<<< 's_center_rollover' inactive >>>>>>>
2025-10-20 22:43:09,175 : INFO : BallController : Found 1 ball(s) on playfield.
2025-10-20 22:43:09,175 : WARNING : BallController : Playfields still contain balls. Waiting for those to drain.
2025-10-20 22:43:10,180 : INFO : BallController : Found 1 ball(s) on playfield.
2025-10-20 22:43:10,180 : WARNING : BallController : Playfields still contain balls. Waiting for those to drain.
2025-10-20 22:43:11,180 : INFO : BallController : Found 1 ball(s) on playfield.
2025-10-20 22:43:11,180 : WARNING : BallController : Playfields still contain balls. Waiting for those to drain.
2025-10-20 22:43:12,043 : INFO : EventManager : Event: ======'balldevice_bd_trough_ball_count_changed'====== Args={'balls': 5}
2025-10-20 22:43:12,044 : WARNING : ball_device.bd_trough : Ball disappeared while idle. This should not normally happen.
2025-10-20 22:43:12,044 : INFO : EventManager : Event: ======'balldevice_playfield_ball_enter'====== Args={'new_balls': 1, 'unclaimed_balls': 1, 'device': <playfield.playfield>}
2025-10-20 22:43:12,044 : INFO : EventManager : Event: ======'playfield_ball_count_change'====== Args={'balls': 2, 'change': 1}
2025-10-20 22:43:12,044 : INFO : ball_device.bd_trough : 1 ball(s) missing from device. Mechanical eject? False
2025-10-20 22:43:12,044 : INFO : EventManager : Event: ======'balldevice_bd_trough_ball_missing'====== Args={'balls': 1}
2025-10-20 22:43:12,045 : INFO : EventManager : Event: ======'balldevice_ball_missing'====== Args={'balls': 1, 'name': 'bd_trough'}
2025-10-20 22:43:12,178 : INFO : BallController : Found 2 ball(s) on playfield.
2025-10-20 22:43:12,178 : WARNING : BallController : Playfields still contain balls. Waiting for those to drain.
2025-10-20 22:43:13,180 : INFO : BallController : Found 2 ball(s) on playfield.
2025-10-20 22:43:13,180 : WARNING : BallController : Playfields still contain balls. Waiting for those to drain.
2025-10-20 22:43:14,175 : INFO : BallController : Found 2 ball(s) on playfield.
2025-10-20 22:43:14,175 : WARNING : BallController : Playfields still contain balls. Waiting for those to drain.
2025-10-20 22:43:15,180 : INFO : BallController : Found 2 ball(s) on playfield.
2025-10-20 22:43:15,180 : WARNING : BallController : Playfields still contain balls. Waiting for those to drain.
2025-10-20 22:43:16,174 : INFO : BallController : Found 2 ball(s) on playfield.
2025-10-20 22:43:16,174 : WARNING : BallController : Playfields still contain balls. Waiting for those to drain.
2025-10-20 22:43:16,645 : INFO : SwitchController : <<<<<<< 's_trough1' active >>>>>>>
2025-10-20 22:43:16,645 : INFO : EventManager : Event: ======'machine_var_audits_switches_s_trough1'====== Args={'value': 383, 'prev_value': 382, 'change': 1}
2025-10-20 22:43:17,155 : INFO : EventManager : Event: ======'balldevice_bd_trough_ball_count_changed'====== Args={'balls': 6}
2025-10-20 22:43:17,155 : INFO : ball_device.bd_trough : Received unexpected ball
2025-10-20 22:43:17,155 : INFO : EventManager : Event: ======'balldevice_captured_from_playfield'====== Args={'balls': 1}
2025-10-20 22:43:17,156 : INFO : EventManager : Event: ======'sw_playfield_active'====== Args={'balls': 1}
2025-10-20 22:43:17,156 : INFO : EventManager : Event: ======'playfield_ball_count_change'====== Args={'balls': 1, 'change': -1}
2025-10-20 22:43:17,157 : INFO : EventManager : Event: ======'balldevice_bd_trough_ball_enter'====== Args={'new_balls': 1, 'unclaimed_balls': 1, 'new_available_balls': 1, 'device': <ball_device.bd_trough>}
2025-10-20 22:43:17,157 : INFO : EventManager : Event: ======'ball_drain'====== Args={'device': <ball_device.bd_trough>, 'balls': 1}
2025-10-20 22:43:17,158 : INFO : EventManager : Event: ======'balldevice_balls_available'====== Args={}
2025-10-20 22:43:17,158 : INFO : EventManager : Event: ======'balldevice_bd_trough_ball_entered'====== Args={'new_balls': 1, 'device': <ball_device.bd_trough>}
2025-10-20 22:43:17,175 : INFO : BallController : Found 1 ball(s) on playfield.
2025-10-20 22:43:17,175 : WARNING : BallController : Playfields still contain balls. Waiting for those to drain.
2025-10-20 22:43:18,180 : INFO : BallController : Found 1 ball(s) on playfield.
2025-10-20 22:43:18,180 : WARNING : BallController : Playfields still contain balls. Waiting for those to drain.
2025-10-20 22:43:19,179 : INFO : BallController : Found 1 ball(s) on playfield.
2025-10-20 22:43:19,179 : WARNING : BallController : Playfields still contain balls. Waiting for those to drain.
2025-10-20 22:43:20,168 : INFO : BallController : Found 1 ball(s) on playfield.
2025-10-20 22:43:20,168 : WARNING : BallController : Playfields still contain balls. Waiting for those to drain.
2025-10-20 22:43:21,176 : INFO : BallController : Found 1 ball(s) on playfield.
2025-10-20 22:43:21,176 : WARNING : BallController : Playfields still contain balls. Waiting for those to drain.
2025-10-20 22:43:22,179 : INFO : BallController : Found 1 ball(s) on playfield.
2025-10-20 22:43:22,179 : WARNING : BallController : Playfields still contain balls. Waiting for those to drain.
2025-10-20 22:43:23,092 : INFO : Machine : Shutting down...
2025-10-20 22:43:23,092 : INFO : EventManager : Event: ======'shutdown'====== Args={}
2025-10-20 22:43:23,099 : INFO : EventManager : Event: ======'mode_game_will_stop'====== Args={}
2025-10-20 22:43:23,100 : INFO : EventManager : Event: ======'mode_game_stopping'====== Args={}
2025-10-20 22:43:23,100 : INFO : Mode.game : Stopped.
2025-10-20 22:43:23,101 : INFO : EventManager : Event: ======'modes_active_modes_changed'====== Args={}
2025-10-20 22:43:23,101 : INFO : EventManager : Event: ======'mode_game_stopped'====== Args={}
2025-10-20 22:43:23,101 : INFO : EventManager : Event: ======'clear'====== Args={'key': 'game'}
2025-10-20 22:43:23,102 : INFO : root : MPF run loop ended.
