2025-10-08 18:53:59,389 : kivy : deps: Successfully imported "kivy_deps.gstreamer" 0.3.3
2025-10-08 18:53:59,389 : kivy : deps: Successfully imported "kivy_deps.angle" 0.3.3
2025-10-08 18:53:59,389 : kivy : deps: Successfully imported "kivy_deps.glew" 0.3.1
2025-10-08 18:53:59,389 : kivy : deps: Successfully imported "kivy_deps.sdl2" 0.6.0
2025-10-08 18:53:59,389 : kivy : Kivy: v2.2.1
2025-10-08 18:53:59,389 : kivy : Kivy: Installed at "C:\Users\richa\mpfvirtual4\lib\site-packages\kivy\__init__.py"
2025-10-08 18:53:59,389 : kivy : Python: v3.9.13 (tags/v3.9.13:6de2ca5, May 17 2022, 16:36:42) [MSC v.1929 64 bit (AMD64)]
2025-10-08 18:53:59,389 : kivy : Python: Interpreter at "C:\Users\richa\mpfvirtual4\Scripts\python.exe"
2025-10-08 18:53:59,404 : kivy : Factory: 190 symbols loaded
2025-10-08 18:53:59,581 : kivy : ImageLoaderFFPy: Using ffpyplayer 4.5.0
2025-10-08 18:53:59,581 : kivy : Image: Providers: img_tex, img_dds, img_sdl2, img_pil, img_ffpyplayer 
2025-10-08 18:53:59,737 : kivy : VideoGstplayer: Using Gstreamer 1.18.5.0
2025-10-08 18:53:59,738 : kivy : Video: Provider: gstplayer
2025-10-08 18:53:59,775 : root : Loading MPF-MC controller
2025-10-08 18:53:59,777 : YamlMultifileConfigLoader : Machine config file #1: config
2025-10-08 18:53:59,778 : ConfigProcessor : Config file in cache changed: C:\Users\richa\ttp7\config\config
2025-10-08 18:53:59,778 : ConfigProcessor : Loading config from file C:\Users\richa\mpfvirtual4\lib\site-packages\mpfmc\mcconfig.yaml.
2025-10-08 18:53:59,787 : ConfigProcessor : Loading config: C:\Users\richa\mpfvirtual4\lib\site-packages\mpfmc\mcconfig.yaml
2025-10-08 18:53:59,788 : ConfigProcessor : Loading config from file C:\Users\richa\ttp7\config\config.
2025-10-08 18:53:59,789 : ConfigProcessor : Loading config: C:\Users\richa\ttp7\config\config
2025-10-08 18:53:59,790 : ConfigProcessor : Loading config: C:\Users\richa\ttp7\config\config_sounds.yaml
2025-10-08 18:53:59,791 : ConfigProcessor : Loading config: C:\Users\richa\ttp7\config\config_ball_devices.yaml
2025-10-08 18:53:59,793 : ConfigProcessor : Loading config: C:\Users\richa\ttp7\config\config_coils.yaml
2025-10-08 18:53:59,793 : ConfigProcessor : Loading config: C:\Users\richa\ttp7\config\config_flippers.yaml
2025-10-08 18:53:59,797 : ConfigProcessor : Loading config: C:\Users\richa\ttp7\config\config_switches.yaml
2025-10-08 18:53:59,802 : ConfigProcessor : Loading config: C:\Users\richa\ttp7\config\config_lights.yaml
2025-10-08 18:53:59,804 : ConfigProcessor : Config file cache created: C:\Users\richa\AppData\Local\Temp\b8d8c5e8bc023a38ee4d8abbd35c8fd3.mpf_cache
2025-10-08 18:53:59,804 : ConfigProcessor : Loading config from cache: C:\Users\richa\AppData\Local\Temp\70233839fc0b792ce11a62f3c18c1950.mpf_cache
2025-10-08 18:53:59,805 : ConfigProcessor : Loading config from cache: C:\Users\richa\AppData\Local\Temp\9c8dea79ca4d15ee886340e992e8cb9d.mpf_cache
2025-10-08 18:53:59,806 : ConfigProcessor : Loading config from cache: C:\Users\richa\AppData\Local\Temp\67a19b095f918111543419ac0271bfb1.mpf_cache
2025-10-08 18:53:59,813 : ConfigProcessor : Loading config from cache: C:\Users\richa\AppData\Local\Temp\be387b0e8ed00556ec738d83cd6947d1.mpf_cache
2025-10-08 18:53:59,814 : mpfmc : Mission Pinball Framework Media Controller (MPF-MC) v0.57.0.dev10. Requires MPF v0.57.0.dev19 or newer.
2025-10-08 18:53:59,814 : mpfmc : Found MPF v0.57.0.dev39
2025-10-08 18:53:59,814 : mpfmc : Machine path: C:\Users\richa\ttp7
2025-10-08 18:53:59,814 : mpfmc : Starting clock at 60.0Hz
2025-10-08 18:53:59,833 : kivy : Text: Provider: sdl2
2025-10-08 18:53:59,895 : kivy : Window: Provider: sdl2
2025-10-08 18:54:00,267 : kivy : GL: Using the "OpenGL" graphics system
2025-10-08 18:54:00,276 : kivy : GL: GLEW initialization succeeded
2025-10-08 18:54:00,277 : kivy : GL: Backend used <glew>
2025-10-08 18:54:00,277 : kivy : GL: OpenGL version <b'4.6.0 NVIDIA 560.94'>
2025-10-08 18:54:00,277 : kivy : GL: OpenGL vendor <b'NVIDIA Corporation'>
2025-10-08 18:54:00,277 : kivy : GL: OpenGL renderer <b'NVIDIA GeForce RTX 3050/PCIe/SSE2'>
2025-10-08 18:54:00,277 : kivy : GL: OpenGL parsed version: 4, 6
2025-10-08 18:54:00,277 : kivy : GL: Shading version <b'4.60 NVIDIA'>
2025-10-08 18:54:00,277 : kivy : GL: Texture max size <32768>
2025-10-08 18:54:00,277 : kivy : GL: Texture max units <32>
2025-10-08 18:54:00,296 : kivy : Window: auto add sdl2 input provider
2025-10-08 18:54:00,297 : kivy : Window: virtual keyboard not allowed, single mode, not docked
2025-10-08 18:54:00,687 : AudioInterface : Initialized
2025-10-08 18:54:00,687 : AudioInterface : Loaded SDL 2.26.4
2025-10-08 18:54:00,687 : AudioInterface : Loaded SDL_Mixer 2.6.3
2025-10-08 18:54:00,687 : AudioInterface : Loaded GStreamer 1.18.5.0
2025-10-08 18:54:00,687 : AudioInterface : Loaded GLib 2.62.6
2025-10-08 18:54:00,687 : AudioInterface : Settings requested - rate: 44100, channels: 1, buffer: 2048 samples
2025-10-08 18:54:00,687 : AudioInterface : Settings in use - rate: 44100, channels: 1, buffer: 2048 samples (4096 bytes @ 2 bytes per sample)
2025-10-08 18:54:00,687 : SoundSystem : Setting master volume to 0.0
2025-10-08 18:54:00,687 : AudioInterface : Enabling audio playback
2025-10-08 18:54:00,689 : kivy : Base: Start application main loop
2025-10-08 18:54:00,689 : EventManager : Event: ======'display_window_initialized'====== Args={}
2025-10-08 18:54:00,702 : mpfmc : Display: Setting 'window' as default display
2025-10-08 18:54:00,708 : EventManager : Event: ======'displays_initialized'====== Args={}
2025-10-08 18:54:00,708 : EventManager : Event: ======'slide_window_blank_created'====== Args={}
2025-10-08 18:54:00,708 : EventManager : Event: ======'display_window_ready'====== Args={}
2025-10-08 18:54:00,718 : EventManager : Event: ======'init_phase_1'====== Args={}
2025-10-08 18:54:00,720 : EventManager : Event: ======'mc_ready'====== Args={}
2025-10-08 18:54:00,720 : EventManager : Event: ======'init_phase_2'====== Args={}
2025-10-08 18:54:00,722 : EventManager : Event: ======'init_phase_3'====== Args={}
2025-10-08 18:54:00,724 : EventManager : Event: ======'init_phase_4'====== Args={}
2025-10-08 18:54:00,724 : EventManager : Event: ======'init_phase_5'====== Args={}
2025-10-08 18:54:00,724 : EventManager : Event: ======'init_done'====== Args={}
2025-10-08 18:54:00,724 : MPF-MC BCP Server : Starting up on localhost port 5050
2025-10-08 18:54:00,727 : MPF-MC BCP Server : Waiting for a connection...
2025-10-08 18:54:00,732 : EventManager : Event: ======'client_disconnected'====== Args={'host': '127.0.0.1', 'port': 5050}
2025-10-08 18:54:01,733 : MPF-MC BCP Server : Received connection from: 127.0.0.1:49294
2025-10-08 18:54:01,743 : EventManager : Event: ======'client_connected'====== Args={'host': '127.0.0.1', 'port': 49294}
2025-10-08 18:54:02,117 : EventManager : Event: ======'machine_var_credits_string'====== Args={'value': 'FREE PLAY', 'prev_value': None, 'change': True}
2025-10-08 18:54:02,117 : EventManager : Event: ======'machine_var_master_volume'====== Args={'value': 0.5, 'prev_value': None, 'change': True}
2025-10-08 18:54:02,117 : EventManager : Event: ======'machine_var_player1_score'====== Args={'value': 2008600, 'prev_value': None, 'change': True}
2025-10-08 18:54:02,117 : EventManager : Event: ======'machine_var_mpf_version'====== Args={'value': 'Mission Pinball Framework v0.57.0.dev39', 'prev_value': None, 'change': True}
2025-10-08 18:54:02,117 : EventManager : Event: ======'machine_var_mpf_extended_version'====== Args={'value': 'Mission Pinball Framework v0.57.0.dev39, Config version:6, Show version: 6, BCP version:1.1', 'prev_value': None, 'change': True}
2025-10-08 18:54:02,117 : EventManager : Event: ======'machine_var_python_version'====== Args={'value': '3.9.13', 'prev_value': None, 'change': True}
2025-10-08 18:54:02,117 : EventManager : Event: ======'machine_var_platform'====== Args={'value': 'Windows-10-10.0.19045-SP0', 'prev_value': None, 'change': True}
2025-10-08 18:54:02,117 : EventManager : Event: ======'machine_var_platform_system'====== Args={'value': 'Windows', 'prev_value': None, 'change': True}
2025-10-08 18:54:02,117 : EventManager : Event: ======'machine_var_platform_release'====== Args={'value': '10', 'prev_value': None, 'change': True}
2025-10-08 18:54:02,117 : EventManager : Event: ======'machine_var_platform_version'====== Args={'value': '10.0.19045', 'prev_value': None, 'change': True}
2025-10-08 18:54:02,117 : EventManager : Event: ======'machine_var_platform_machine'====== Args={'value': 'AMD64', 'prev_value': None, 'change': True}
2025-10-08 18:54:02,117 : EventManager : Event: ======'machine_var_mc_version'====== Args={'value': 'MPF-MC v0.57.0.dev10', 'prev_value': None, 'change': True}
2025-10-08 18:54:02,117 : EventManager : Event: ======'machine_var_mc_extended_version'====== Args={'value': 'MPF-MC v0.57.0.dev10 (config_version=6, BCP v1.1,                      Requires MPF API compatibility v0.57.0.dev19 or newer)', 'prev_value': None, 'change': True}
2025-10-08 18:54:02,118 : EventManager : Event: ======'machine_var_credits_string'====== Args={'value': 'FREE PLAY', 'prev_value': None, 'change': True}
2025-10-08 18:54:02,118 : EventManager : Event: ======'machine_var_master_volume'====== Args={'value': 0.5, 'prev_value': None, 'change': True}
2025-10-08 18:54:02,118 : EventManager : Event: ======'machine_var_player1_score'====== Args={'value': 2008600, 'prev_value': None, 'change': True}
2025-10-08 18:54:02,118 : EventManager : Event: ======'machine_var_mpf_version'====== Args={'value': 'Mission Pinball Framework v0.57.0.dev39', 'prev_value': None, 'change': True}
2025-10-08 18:54:02,118 : EventManager : Event: ======'machine_var_mpf_extended_version'====== Args={'value': 'Mission Pinball Framework v0.57.0.dev39, Config version:6, Show version: 6, BCP version:1.1', 'prev_value': None, 'change': True}
2025-10-08 18:54:02,118 : EventManager : Event: ======'machine_var_python_version'====== Args={'value': '3.9.13', 'prev_value': None, 'change': True}
2025-10-08 18:54:02,118 : EventManager : Event: ======'machine_var_platform'====== Args={'value': 'Windows-10-10.0.19045-SP0', 'prev_value': None, 'change': True}
2025-10-08 18:54:02,118 : EventManager : Event: ======'machine_var_platform_system'====== Args={'value': 'Windows', 'prev_value': None, 'change': True}
2025-10-08 18:54:02,118 : EventManager : Event: ======'machine_var_platform_release'====== Args={'value': '10', 'prev_value': None, 'change': True}
2025-10-08 18:54:02,118 : EventManager : Event: ======'machine_var_platform_version'====== Args={'value': '10.0.19045', 'prev_value': None, 'change': True}
2025-10-08 18:54:02,118 : EventManager : Event: ======'machine_var_platform_machine'====== Args={'value': 'AMD64', 'prev_value': None, 'change': True}
2025-10-08 18:54:02,118 : EventManager : Event: ======'machine_var_mc_version'====== Args={'value': 'MPF-MC v0.57.0.dev10', 'prev_value': None, 'change': True}
2025-10-08 18:54:02,118 : EventManager : Event: ======'machine_var_mc_extended_version'====== Args={'value': 'MPF-MC v0.57.0.dev10 (config_version=6, BCP v1.1,                      Requires MPF API compatibility v0.57.0.dev19 or newer)', 'prev_value': None, 'change': True}
2025-10-08 18:54:02,118 : EventManager : Event: ======'machine_var_credits_string'====== Args={'value': 'FREE PLAY', 'prev_value': None, 'change': True}
2025-10-08 18:54:02,118 : EventManager : Event: ======'machine_var_master_volume'====== Args={'value': 0.5, 'prev_value': None, 'change': True}
2025-10-08 18:54:02,118 : EventManager : Event: ======'machine_var_player1_score'====== Args={'value': 2008600, 'prev_value': None, 'change': True}
2025-10-08 18:54:02,118 : EventManager : Event: ======'machine_var_mpf_version'====== Args={'value': 'Mission Pinball Framework v0.57.0.dev39', 'prev_value': None, 'change': True}
2025-10-08 18:54:02,118 : EventManager : Event: ======'machine_var_mpf_extended_version'====== Args={'value': 'Mission Pinball Framework v0.57.0.dev39, Config version:6, Show version: 6, BCP version:1.1', 'prev_value': None, 'change': True}
2025-10-08 18:54:02,118 : EventManager : Event: ======'machine_var_python_version'====== Args={'value': '3.9.13', 'prev_value': None, 'change': True}
2025-10-08 18:54:02,119 : EventManager : Event: ======'machine_var_platform'====== Args={'value': 'Windows-10-10.0.19045-SP0', 'prev_value': None, 'change': True}
2025-10-08 18:54:02,119 : EventManager : Event: ======'machine_var_platform_system'====== Args={'value': 'Windows', 'prev_value': None, 'change': True}
2025-10-08 18:54:02,119 : EventManager : Event: ======'machine_var_platform_release'====== Args={'value': '10', 'prev_value': None, 'change': True}
2025-10-08 18:54:02,119 : EventManager : Event: ======'machine_var_platform_version'====== Args={'value': '10.0.19045', 'prev_value': None, 'change': True}
2025-10-08 18:54:02,119 : EventManager : Event: ======'machine_var_platform_machine'====== Args={'value': 'AMD64', 'prev_value': None, 'change': True}
2025-10-08 18:54:02,119 : EventManager : Event: ======'machine_var_mc_version'====== Args={'value': 'MPF-MC v0.57.0.dev10', 'prev_value': None, 'change': True}
2025-10-08 18:54:02,119 : EventManager : Event: ======'machine_var_mc_extended_version'====== Args={'value': 'MPF-MC v0.57.0.dev10 (config_version=6, BCP v1.1,                      Requires MPF API compatibility v0.57.0.dev19 or newer)', 'prev_value': None, 'change': True}
2025-10-08 18:54:02,119 : EventManager : Event: ======'machine_var_credits_string'====== Args={'value': 'FREE PLAY', 'prev_value': None, 'change': True}
2025-10-08 18:54:02,119 : EventManager : Event: ======'machine_var_master_volume'====== Args={'value': 0.5, 'prev_value': None, 'change': True}
2025-10-08 18:54:02,119 : EventManager : Event: ======'machine_var_player1_score'====== Args={'value': 2008600, 'prev_value': None, 'change': True}
2025-10-08 18:54:02,119 : EventManager : Event: ======'machine_var_mpf_version'====== Args={'value': 'Mission Pinball Framework v0.57.0.dev39', 'prev_value': None, 'change': True}
2025-10-08 18:54:02,119 : EventManager : Event: ======'machine_var_mpf_extended_version'====== Args={'value': 'Mission Pinball Framework v0.57.0.dev39, Config version:6, Show version: 6, BCP version:1.1', 'prev_value': None, 'change': True}
2025-10-08 18:54:02,119 : EventManager : Event: ======'machine_var_python_version'====== Args={'value': '3.9.13', 'prev_value': None, 'change': True}
2025-10-08 18:54:02,119 : EventManager : Event: ======'machine_var_platform'====== Args={'value': 'Windows-10-10.0.19045-SP0', 'prev_value': None, 'change': True}
2025-10-08 18:54:02,119 : EventManager : Event: ======'machine_var_platform_system'====== Args={'value': 'Windows', 'prev_value': None, 'change': True}
2025-10-08 18:54:02,119 : EventManager : Event: ======'machine_var_platform_release'====== Args={'value': '10', 'prev_value': None, 'change': True}
2025-10-08 18:54:02,119 : EventManager : Event: ======'machine_var_platform_version'====== Args={'value': '10.0.19045', 'prev_value': None, 'change': True}
2025-10-08 18:54:02,119 : EventManager : Event: ======'machine_var_platform_machine'====== Args={'value': 'AMD64', 'prev_value': None, 'change': True}
2025-10-08 18:54:02,120 : EventManager : Event: ======'machine_var_mc_version'====== Args={'value': 'MPF-MC v0.57.0.dev10', 'prev_value': None, 'change': True}
2025-10-08 18:54:02,120 : EventManager : Event: ======'machine_var_mc_extended_version'====== Args={'value': 'MPF-MC v0.57.0.dev10 (config_version=6, BCP v1.1,                      Requires MPF API compatibility v0.57.0.dev19 or newer)', 'prev_value': None, 'change': True}
2025-10-08 18:54:02,120 : SoundSystem : Setting master volume to 0.5
2025-10-08 18:54:02,120 : SoundSystem : Setting master volume to 0.5
2025-10-08 18:54:02,120 : SoundSystem : Setting master volume to 0.5
2025-10-08 18:54:02,120 : SoundSystem : Setting master volume to 0.5
2025-10-08 18:54:02,219 : EventManager : Event: ======'machine_var_audits_events_game_ended'====== Args={'value': 43, 'prev_value': None, 'change': True}
2025-10-08 18:54:02,245 : EventManager : Event: ======'machine_var_audits_events_game_started'====== Args={'value': 162, 'prev_value': None, 'change': True}
2025-10-08 18:54:02,246 : EventManager : Event: ======'machine_var_audits_missing_switches_s_A'====== Args={'value': 67, 'prev_value': None, 'change': True}
2025-10-08 18:54:02,246 : EventManager : Event: ======'machine_var_audits_missing_switches_s_E'====== Args={'value': 90, 'prev_value': None, 'change': True}
2025-10-08 18:54:02,246 : EventManager : Event: ======'machine_var_audits_missing_switches_s_Eb'====== Args={'value': 67, 'prev_value': None, 'change': True}
2025-10-08 18:54:02,246 : EventManager : Event: ======'machine_var_audits_missing_switches_s_I'====== Args={'value': 90, 'prev_value': None, 'change': True}
2025-10-08 18:54:02,246 : EventManager : Event: ======'machine_var_audits_missing_switches_s_L'====== Args={'value': 67, 'prev_value': None, 'change': True}
2025-10-08 18:54:02,246 : EventManager : Event: ======'machine_var_audits_missing_switches_s_M'====== Args={'value': 90, 'prev_value': None, 'change': True}
2025-10-08 18:54:02,246 : EventManager : Event: ======'machine_var_audits_missing_switches_s_R'====== Args={'value': 67, 'prev_value': None, 'change': True}
2025-10-08 18:54:02,246 : EventManager : Event: ======'machine_var_audits_missing_switches_s_T'====== Args={'value': 90, 'prev_value': None, 'change': True}
2025-10-08 18:54:02,246 : EventManager : Event: ======'machine_var_audits_missing_switches_s_Tb'====== Args={'value': 67, 'prev_value': None, 'change': True}
2025-10-08 18:54:02,246 : EventManager : Event: ======'machine_var_audits_missing_switches_s_V'====== Args={'value': 67, 'prev_value': None, 'change': True}
2025-10-08 18:54:02,246 : EventManager : Event: ======'machine_var_audits_missing_switches_s_bumper1'====== Args={'value': 5, 'prev_value': None, 'change': True}
2025-10-08 18:54:02,246 : EventManager : Event: ======'machine_var_audits_missing_switches_s_bumper2'====== Args={'value': 5, 'prev_value': None, 'change': True}
2025-10-08 18:54:02,246 : EventManager : Event: ======'machine_var_audits_missing_switches_s_bumper_1'====== Args={'value': 28, 'prev_value': None, 'change': True}
2025-10-08 18:54:02,246 : EventManager : Event: ======'machine_var_audits_missing_switches_s_bumper_2'====== Args={'value': 28, 'prev_value': None, 'change': True}
2025-10-08 18:54:02,247 : EventManager : Event: ======'machine_var_audits_missing_switches_s_center_center_target'====== Args={'value': 26, 'prev_value': None, 'change': True}
2025-10-08 18:54:02,247 : EventManager : Event: ======'machine_var_audits_missing_switches_s_launcher_lane_spinner'====== Args={'value': 88, 'prev_value': None, 'change': True}
2025-10-08 18:54:02,247 : EventManager : Event: ======'machine_var_audits_missing_switches_s_left_center_target'====== Args={'value': 26, 'prev_value': None, 'change': True}
2025-10-08 18:54:02,247 : EventManager : Event: ======'machine_var_audits_missing_switches_s_left_corridor_spinner'====== Args={'value': 88, 'prev_value': None, 'change': True}
2025-10-08 18:54:02,247 : EventManager : Event: ======'machine_var_audits_missing_switches_s_left_corridor_spinner2'====== Args={'value': 88, 'prev_value': None, 'change': True}
2025-10-08 18:54:02,247 : EventManager : Event: ======'machine_var_audits_missing_switches_s_left_flipper'====== Args={'value': 11, 'prev_value': None, 'change': True}
2025-10-08 18:54:02,247 : EventManager : Event: ======'machine_var_audits_missing_switches_s_left_inlane'====== Args={'value': 115, 'prev_value': None, 'change': True}
2025-10-08 18:54:02,247 : EventManager : Event: ======'machine_var_audits_missing_switches_s_left_outlane'====== Args={'value': 125, 'prev_value': None, 'change': True}
2025-10-08 18:54:02,247 : EventManager : Event: ======'machine_var_audits_missing_switches_s_left_scoop'====== Args={'value': 4, 'prev_value': None, 'change': True}
2025-10-08 18:54:02,247 : EventManager : Event: ======'machine_var_audits_missing_switches_s_left_standup'====== Args={'value': 87, 'prev_value': None, 'change': True}
2025-10-08 18:54:02,247 : EventManager : Event: ======'machine_var_audits_missing_switches_s_right_center_target'====== Args={'value': 26, 'prev_value': None, 'change': True}
2025-10-08 18:54:02,248 : EventManager : Event: ======'machine_var_audits_missing_switches_s_right_corridor_spinner'====== Args={'value': 88, 'prev_value': None, 'change': True}
2025-10-08 18:54:02,248 : EventManager : Event: ======'machine_var_audits_missing_switches_s_right_flipper'====== Args={'value': 11, 'prev_value': None, 'change': True}
2025-10-08 18:54:02,248 : EventManager : Event: ======'machine_var_audits_missing_switches_s_right_inlane'====== Args={'value': 27, 'prev_value': None, 'change': True}
2025-10-08 18:54:02,248 : EventManager : Event: ======'machine_var_audits_missing_switches_s_right_outlane'====== Args={'value': 125, 'prev_value': None, 'change': True}
2025-10-08 18:54:02,248 : EventManager : Event: ======'machine_var_audits_missing_switches_s_right_standup'====== Args={'value': 87, 'prev_value': None, 'change': True}
2025-10-08 18:54:02,248 : EventManager : Event: ======'machine_var_audits_missing_switches_s_sling_left'====== Args={'value': 115, 'prev_value': None, 'change': True}
2025-10-08 18:54:02,248 : EventManager : Event: ======'machine_var_audits_missing_switches_s_sling_right'====== Args={'value': 11, 'prev_value': None, 'change': True}
2025-10-08 18:54:02,248 : EventManager : Event: ======'machine_var_audits_missing_switches_s_standup_3'====== Args={'value': 5, 'prev_value': None, 'change': True}
2025-10-08 18:54:02,248 : EventManager : Event: ======'machine_var_audits_missing_switches_s_standup_5'====== Args={'value': 6, 'prev_value': None, 'change': True}
2025-10-08 18:54:02,248 : EventManager : Event: ======'machine_var_audits_missing_switches_s_standup_6'====== Args={'value': 3, 'prev_value': None, 'change': True}
2025-10-08 18:54:02,248 : EventManager : Event: ======'machine_var_audits_missing_switches_s_start'====== Args={'value': 10, 'prev_value': None, 'change': True}
2025-10-08 18:54:02,249 : EventManager : Event: ======'machine_var_audits_missing_switches_s_top_left_standup'====== Args={'value': 87, 'prev_value': None, 'change': True}
2025-10-08 18:54:02,249 : EventManager : Event: ======'machine_var_audits_missing_switches_s_top_left_standup2'====== Args={'value': 28, 'prev_value': None, 'change': True}
2025-10-08 18:54:02,249 : EventManager : Event: ======'machine_var_audits_missing_switches_s_trough2'====== Args={'value': 162, 'prev_value': None, 'change': True}
2025-10-08 18:54:02,249 : EventManager : Event: ======'machine_var_audits_missing_switches_s_trough3'====== Args={'value': 162, 'prev_value': None, 'change': True}
2025-10-08 18:54:02,249 : EventManager : Event: ======'machine_var_audits_missing_switches_s_trough4'====== Args={'value': 162, 'prev_value': None, 'change': True}
2025-10-08 18:54:02,249 : EventManager : Event: ======'machine_var_audits_missing_switches_s_trough5'====== Args={'value': 162, 'prev_value': None, 'change': True}
2025-10-08 18:54:02,249 : EventManager : Event: ======'machine_var_audits_missing_switches_s_trough6'====== Args={'value': 162, 'prev_value': None, 'change': True}
2025-10-08 18:54:02,249 : EventManager : Event: ======'machine_var_audits_missing_switches_s_trough_jam'====== Args={'value': 162, 'prev_value': None, 'change': True}
2025-10-08 18:54:02,249 : EventManager : Event: ======'machine_var_audits_player_score'====== Args={'value': {'average': 127897, 'top': [2008600, 1234200, 1027900, 606200, 211200, 205900, 34750, 28284, 28200, 25272], 'total': 45}, 'prev_value': None, 'change': True}
2025-10-08 18:54:02,249 : EventManager : Event: ======'machine_var_audits_shots_bumper1_shot'====== Args={'value': 35, 'prev_value': None, 'change': True}
2025-10-08 18:54:02,249 : EventManager : Event: ======'machine_var_audits_shots_bumper2_shot'====== Args={'value': 24, 'prev_value': None, 'change': True}
2025-10-08 18:54:02,249 : EventManager : Event: ======'machine_var_audits_shots_center_rollover'====== Args={'value': 7, 'prev_value': None, 'change': True}
2025-10-08 18:54:02,249 : EventManager : Event: ======'machine_var_audits_shots_center_rollover_shot'====== Args={'value': 220, 'prev_value': None, 'change': True}
2025-10-08 18:54:02,250 : EventManager : Event: ======'machine_var_audits_shots_left_rollover'====== Args={'value': 6, 'prev_value': None, 'change': True}
2025-10-08 18:54:02,250 : EventManager : Event: ======'machine_var_audits_shots_left_rollover_shot'====== Args={'value': 164, 'prev_value': None, 'change': True}
2025-10-08 18:54:02,250 : EventManager : Event: ======'machine_var_audits_shots_left_scoop_shot'====== Args={'value': 28, 'prev_value': None, 'change': True}
2025-10-08 18:54:02,250 : EventManager : Event: ======'machine_var_audits_shots_middle_inlane_shot'====== Args={'value': 20, 'prev_value': None, 'change': True}
2025-10-08 18:54:02,250 : EventManager : Event: ======'machine_var_audits_shots_my_first_shot'====== Args={'value': 95, 'prev_value': None, 'change': True}
2025-10-08 18:54:02,250 : EventManager : Event: ======'machine_var_audits_shots_right_inlane_shot'====== Args={'value': 53, 'prev_value': None, 'change': True}
2025-10-08 18:54:02,250 : EventManager : Event: ======'machine_var_audits_shots_right_rollover'====== Args={'value': 7, 'prev_value': None, 'change': True}
2025-10-08 18:54:02,250 : EventManager : Event: ======'machine_var_audits_shots_right_rollover_shot'====== Args={'value': 223, 'prev_value': None, 'change': True}
2025-10-08 18:54:02,250 : EventManager : Event: ======'machine_var_audits_shots_right_scoop_shot'====== Args={'value': 30, 'prev_value': None, 'change': True}
2025-10-08 18:54:02,250 : EventManager : Event: ======'machine_var_audits_shots_standup_1_skill'====== Args={'value': 26, 'prev_value': None, 'change': True}
2025-10-08 18:54:02,250 : EventManager : Event: ======'machine_var_audits_shots_standup_2_skill'====== Args={'value': 7, 'prev_value': None, 'change': True}
2025-10-08 18:54:02,250 : EventManager : Event: ======'machine_var_audits_shots_standup_3_skill'====== Args={'value': 6, 'prev_value': None, 'change': True}
2025-10-08 18:54:02,250 : EventManager : Event: ======'machine_var_audits_shots_standup_4_skill'====== Args={'value': 7, 'prev_value': None, 'change': True}
2025-10-08 18:54:02,250 : EventManager : Event: ======'machine_var_audits_shots_standup_5_skill'====== Args={'value': 4, 'prev_value': None, 'change': True}
2025-10-08 18:54:02,250 : EventManager : Event: ======'machine_var_audits_shots_standup_6_skill'====== Args={'value': 2, 'prev_value': None, 'change': True}
2025-10-08 18:54:02,251 : EventManager : Event: ======'machine_var_audits_shots_top_middle_inlane_shot'====== Args={'value': 41, 'prev_value': None, 'change': True}
2025-10-08 18:54:02,251 : EventManager : Event: ======'machine_var_audits_switches_s_A'====== Args={'value': 0, 'prev_value': None, 'change': True}
2025-10-08 18:54:02,251 : EventManager : Event: ======'machine_var_audits_switches_s_E'====== Args={'value': 0, 'prev_value': None, 'change': True}
2025-10-08 18:54:02,251 : EventManager : Event: ======'machine_var_audits_switches_s_Eb'====== Args={'value': 0, 'prev_value': None, 'change': True}
2025-10-08 18:54:02,251 : EventManager : Event: ======'machine_var_audits_switches_s_I'====== Args={'value': 0, 'prev_value': None, 'change': True}
2025-10-08 18:54:02,251 : EventManager : Event: ======'machine_var_audits_switches_s_L'====== Args={'value': 0, 'prev_value': None, 'change': True}
2025-10-08 18:54:02,251 : EventManager : Event: ======'machine_var_audits_switches_s_M'====== Args={'value': 0, 'prev_value': None, 'change': True}
2025-10-08 18:54:02,251 : EventManager : Event: ======'machine_var_audits_switches_s_R'====== Args={'value': 0, 'prev_value': None, 'change': True}
2025-10-08 18:54:02,251 : EventManager : Event: ======'machine_var_audits_switches_s_T'====== Args={'value': 0, 'prev_value': None, 'change': True}
2025-10-08 18:54:02,251 : EventManager : Event: ======'machine_var_audits_switches_s_Tb'====== Args={'value': 0, 'prev_value': None, 'change': True}
2025-10-08 18:54:02,251 : EventManager : Event: ======'machine_var_audits_switches_s_V'====== Args={'value': 0, 'prev_value': None, 'change': True}
2025-10-08 18:54:02,251 : EventManager : Event: ======'machine_var_audits_switches_s_bumper1'====== Args={'value': 35, 'prev_value': None, 'change': True}
2025-10-08 18:54:02,251 : EventManager : Event: ======'machine_var_audits_switches_s_bumper2'====== Args={'value': 24, 'prev_value': None, 'change': True}
2025-10-08 18:54:02,251 : EventManager : Event: ======'machine_var_audits_switches_s_bumper_1'====== Args={'value': 0, 'prev_value': None, 'change': True}
2025-10-08 18:54:02,251 : EventManager : Event: ======'machine_var_audits_switches_s_bumper_2'====== Args={'value': 0, 'prev_value': None, 'change': True}
2025-10-08 18:54:02,251 : EventManager : Event: ======'machine_var_audits_switches_s_center_center_target'====== Args={'value': 1, 'prev_value': None, 'change': True}
2025-10-08 18:54:02,252 : EventManager : Event: ======'machine_var_audits_switches_s_center_rollover'====== Args={'value': 229, 'prev_value': None, 'change': True}
2025-10-08 18:54:02,252 : EventManager : Event: ======'machine_var_audits_switches_s_launcher_lane_spinner'====== Args={'value': 0, 'prev_value': None, 'change': True}
2025-10-08 18:54:02,252 : EventManager : Event: ======'machine_var_audits_switches_s_left_center_target'====== Args={'value': 2, 'prev_value': None, 'change': True}
2025-10-08 18:54:02,252 : EventManager : Event: ======'machine_var_audits_switches_s_left_corridor_spinner'====== Args={'value': 0, 'prev_value': None, 'change': True}
2025-10-08 18:54:02,252 : EventManager : Event: ======'machine_var_audits_switches_s_left_corridor_spinner2'====== Args={'value': 0, 'prev_value': None, 'change': True}
2025-10-08 18:54:02,252 : EventManager : Event: ======'machine_var_audits_switches_s_left_flipper'====== Args={'value': 330, 'prev_value': None, 'change': True}
2025-10-08 18:54:02,252 : EventManager : Event: ======'machine_var_audits_switches_s_left_inlane'====== Args={'value': 8, 'prev_value': None, 'change': True}
2025-10-08 18:54:02,252 : EventManager : Event: ======'machine_var_audits_switches_s_left_outlane'====== Args={'value': 3, 'prev_value': None, 'change': True}
2025-10-08 18:54:02,252 : EventManager : Event: ======'machine_var_audits_switches_s_left_rollover'====== Args={'value': 172, 'prev_value': None, 'change': True}
2025-10-08 18:54:02,252 : EventManager : Event: ======'machine_var_audits_switches_s_left_scoop'====== Args={'value': 210, 'prev_value': None, 'change': True}
2025-10-08 18:54:02,252 : EventManager : Event: ======'machine_var_audits_switches_s_left_standup'====== Args={'value': 0, 'prev_value': None, 'change': True}
2025-10-08 18:54:02,252 : EventManager : Event: ======'machine_var_audits_switches_s_middle_inlane'====== Args={'value': 20, 'prev_value': None, 'change': True}
2025-10-08 18:54:02,253 : EventManager : Event: ======'machine_var_audits_switches_s_plunger'====== Args={'value': 309, 'prev_value': None, 'change': True}
2025-10-08 18:54:02,253 : EventManager : Event: ======'machine_var_audits_switches_s_right_center_target'====== Args={'value': 1, 'prev_value': None, 'change': True}
2025-10-08 18:54:02,253 : EventManager : Event: ======'machine_var_audits_switches_s_right_corridor_spinner'====== Args={'value': 0, 'prev_value': None, 'change': True}
2025-10-08 18:54:02,253 : EventManager : Event: ======'machine_var_audits_switches_s_right_flipper'====== Args={'value': 146, 'prev_value': None, 'change': True}
2025-10-08 18:54:02,253 : EventManager : Event: ======'machine_var_audits_switches_s_right_inlane'====== Args={'value': 180, 'prev_value': None, 'change': True}
2025-10-08 18:54:02,253 : EventManager : Event: ======'machine_var_audits_switches_s_right_outlane'====== Args={'value': 3, 'prev_value': None, 'change': True}
2025-10-08 18:54:02,253 : EventManager : Event: ======'machine_var_audits_switches_s_right_rollover'====== Args={'value': 232, 'prev_value': None, 'change': True}
2025-10-08 18:54:02,253 : EventManager : Event: ======'machine_var_audits_switches_s_right_scoop'====== Args={'value': 47, 'prev_value': None, 'change': True}
2025-10-08 18:54:02,253 : EventManager : Event: ======'machine_var_audits_switches_s_right_standup'====== Args={'value': 0, 'prev_value': None, 'change': True}
2025-10-08 18:54:02,253 : EventManager : Event: ======'machine_var_audits_switches_s_sling_left'====== Args={'value': 3, 'prev_value': None, 'change': True}
2025-10-08 18:54:02,253 : EventManager : Event: ======'machine_var_audits_switches_s_sling_right'====== Args={'value': 8, 'prev_value': None, 'change': True}
2025-10-08 18:54:02,253 : EventManager : Event: ======'machine_var_audits_switches_s_standup_1'====== Args={'value': 55, 'prev_value': None, 'change': True}
2025-10-08 18:54:02,253 : EventManager : Event: ======'machine_var_audits_switches_s_standup_2'====== Args={'value': 19, 'prev_value': None, 'change': True}
2025-10-08 18:54:02,253 : EventManager : Event: ======'machine_var_audits_switches_s_standup_3'====== Args={'value': 23, 'prev_value': None, 'change': True}
2025-10-08 18:54:02,253 : EventManager : Event: ======'machine_var_audits_switches_s_standup_4'====== Args={'value': 17, 'prev_value': None, 'change': True}
2025-10-08 18:54:02,254 : EventManager : Event: ======'machine_var_audits_switches_s_standup_5'====== Args={'value': 18, 'prev_value': None, 'change': True}
2025-10-08 18:54:02,254 : EventManager : Event: ======'machine_var_audits_switches_s_standup_6'====== Args={'value': 8, 'prev_value': None, 'change': True}
2025-10-08 18:54:02,254 : EventManager : Event: ======'machine_var_audits_switches_s_start'====== Args={'value': 15, 'prev_value': None, 'change': True}
2025-10-08 18:54:02,254 : EventManager : Event: ======'machine_var_audits_switches_s_top_left_standup'====== Args={'value': 0, 'prev_value': None, 'change': True}
2025-10-08 18:54:02,254 : EventManager : Event: ======'machine_var_audits_switches_s_top_left_standup2'====== Args={'value': 15, 'prev_value': None, 'change': True}
2025-10-08 18:54:02,254 : EventManager : Event: ======'machine_var_audits_switches_s_top_middle_inlane'====== Args={'value': 41, 'prev_value': None, 'change': True}
2025-10-08 18:54:02,254 : EventManager : Event: ======'machine_var_audits_switches_s_trough1'====== Args={'value': 207, 'prev_value': None, 'change': True}
2025-10-08 18:54:02,254 : EventManager : Event: ======'machine_var_audits_switches_s_trough2'====== Args={'value': 0, 'prev_value': None, 'change': True}
2025-10-08 18:54:02,254 : EventManager : Event: ======'machine_var_audits_switches_s_trough3'====== Args={'value': 0, 'prev_value': None, 'change': True}
2025-10-08 18:54:02,254 : EventManager : Event: ======'machine_var_audits_switches_s_trough4'====== Args={'value': 0, 'prev_value': None, 'change': True}
2025-10-08 18:54:02,254 : EventManager : Event: ======'machine_var_audits_switches_s_trough5'====== Args={'value': 0, 'prev_value': None, 'change': True}
2025-10-08 18:54:02,254 : EventManager : Event: ======'machine_var_audits_switches_s_trough6'====== Args={'value': 0, 'prev_value': None, 'change': True}
2025-10-08 18:54:02,254 : EventManager : Event: ======'machine_var_audits_switches_s_trough_jam'====== Args={'value': 0, 'prev_value': None, 'change': True}
2025-10-08 18:54:02,294 : EventManager : Event: ======'mc_reset_phase_1'====== Args={}
2025-10-08 18:54:02,294 : EventManager : Event: ======'mc_reset_phase_2'====== Args={}
2025-10-08 18:54:02,294 : EventManager : Event: ======'mc_reset_phase_3'====== Args={}
2025-10-08 18:54:02,294 : EventManager : Event: ======'mc_reset_complete'====== Args={}
2025-10-08 18:54:02,306 : EventManager : Event: ======'slides_play'====== Args={'settings': {'awesome_slide': {'widgets': [{'type': 'text', 'text': 'TIME TRAVEL 1985', 'font_size': 50, '_default_settings': ['type', 'text', 'font_size'], 'x': None, 'y': None, 'anchor_x': 'center', 'anchor_y': 'center', 'round_anchor_x': None, 'round_anchor_y': None, 'opacity': 1.0, 'z': 0, 'reset_animations_events': {}, 'color': [1.0, 1.0, 1.0, 1.0], 'style': [], 'adjust_top': 0, 'adjust_bottom': 0, 'adjust_left': 0, 'adjust_right': 0, 'expire': None, 'key': None, 'widget': None, 'events_when_added': [], 'events_when_removed': [], 'bitmap_font': False, 'font_kerning': True, 'bold': False, 'italic': False, 'number_grouping': False, 'min_digits': 0, 'halign': 'center', 'valign': 'middle', 'rotation': 0, 'scale': 1.0, 'casing': None, 'outline_color': [1.0, 1.0, 1.0, 1.0], 'outline_width': 0, 'animations': None}], 'transition': {'type': 'push', 'duration': 1.0, 'direction': 'left', 'easing': 'out_quad'}, 'target': None, 'background_color': [0.0, 0.0, 0.0, 1.0], 'priority': None, 'show': True, 'force': False, 'expire': None, 'slide': None, 'tokens': {}, 'action': 'play'}}, 'context': 'show_2', 'calling_context': 0, 'priority': 10, 'show_tokens': {}, 'start_time': 198780.953}
2025-10-08 18:54:02,306 : EventManager : Event: ======'sounds_play'====== Args={'settings': {'music': {'action': 'play', 'loops': -1, 'priority': None, 'block': False, 'delay': None, 'track': None, 'volume': None, 'ducking': {}, 'pan': None, 'start_at': None, 'fade_in': None, 'fade_out': None, 'about_to_finish_time': -1.0, 'max_queue_time': -1.0, 'events_when_played': ['use_sound_setting'], 'events_when_stopped': ['use_sound_setting'], 'events_when_looping': ['use_sound_setting'], 'events_when_about_to_finish': ['use_sound_setting'], 'mode_end_action': 'use_sound_setting', 'key': 'use_sound_setting'}}, 'context': '_global', 'calling_context': 'mode_attract_started', 'priority': 0}
2025-10-08 18:54:02,306 : mpfmc : SlidePlayer: Play called with settings={'awesome_slide': {'widgets': [{'type': 'text', 'text': 'TIME TRAVEL 1985', 'font_size': 50, '_default_settings': ['type', 'text', 'font_size'], 'x': None, 'y': None, 'anchor_x': 'center', 'anchor_y': 'center', 'round_anchor_x': None, 'round_anchor_y': None, 'opacity': 1.0, 'z': 0, 'reset_animations_events': {}, 'color': [1.0, 1.0, 1.0, 1.0], 'style': [], 'adjust_top': 0, 'adjust_bottom': 0, 'adjust_left': 0, 'adjust_right': 0, 'expire': None, 'key': None, 'widget': None, 'events_when_added': [], 'events_when_removed': [], 'bitmap_font': False, 'font_kerning': True, 'bold': False, 'italic': False, 'number_grouping': False, 'min_digits': 0, 'halign': 'center', 'valign': 'middle', 'rotation': 0, 'scale': 1.0, 'casing': None, 'outline_color': [1.0, 1.0, 1.0, 1.0], 'outline_width': 0, 'animations': None}], 'transition': {'type': 'push', 'duration': 1.0, 'direction': 'left', 'easing': 'out_quad'}, 'target': None, 'background_color': [0.0, 0.0, 0.0, 1.0], 'priority': None, 'show': True, 'force': False, 'expire': None, 'slide': None, 'tokens': {}, 'action': 'play'}}
2025-10-08 18:54:02,311 : kivy : GL: NPOT texture support is available
2025-10-08 18:54:02,312 : EventManager : Event: ======'slide_awesome_slide_created'====== Args={}
2025-10-08 18:54:02,313 : EventManager : Event: ======'slide_awesome_slide_active'====== Args={}
2025-10-08 18:54:02,320 : EventManager : Event: ======'loading_assets'====== Args={'total': 1, 'loaded': 1, 'remaining': 0, 'percent': 100}
2025-10-08 18:54:02,320 : AssetManager : Asset loading took: 1.6319959163665771
2025-10-08 18:54:02,320 : EventManager : Event: ======'asset_loading_complete'====== Args={}
2025-10-08 18:54:02,320 : AssetManager : Loading assets: 1/1 (100%)
2025-10-08 18:54:04,769 : EventManager : Event: ======'game_started'====== Args={}
2025-10-08 18:54:04,794 : EventManager : Event: ======'slides_clear'====== Args={'context': 'show_2'}
2025-10-08 18:54:04,794 : EventManager : Event: ======'sounds_play'====== Args={'settings': {'music': {'action': 'stop', 'priority': None, 'block': False, 'delay': None, 'track': None, 'volume': None, 'ducking': {}, 'pan': None, 'loops': None, 'start_at': None, 'fade_in': None, 'fade_out': None, 'about_to_finish_time': -1.0, 'max_queue_time': -1.0, 'events_when_played': ['use_sound_setting'], 'events_when_stopped': ['use_sound_setting'], 'events_when_looping': ['use_sound_setting'], 'events_when_about_to_finish': ['use_sound_setting'], 'mode_end_action': 'use_sound_setting', 'key': 'use_sound_setting'}}, 'context': '_global', 'calling_context': 'mode_attract_stopped', 'priority': 0}
2025-10-08 18:54:04,794 : EventManager : Event: ======'player_added'====== Args={'player': <Player 1>, 'num': 1}
2025-10-08 18:54:04,794 : EventManager : Event: ======'player_index'====== Args={'value': 0, 'prev_value': 0, 'change': 0, 'player_num': 1}
2025-10-08 18:54:04,794 : EventManager : Event: ======'player_number'====== Args={'value': 1, 'prev_value': 1, 'change': 0, 'player_num': 1}
2025-10-08 18:54:04,794 : EventManager : Event: ======'player_score'====== Args={'value': 0, 'prev_value': 0, 'change': 0, 'player_num': 1}
2025-10-08 18:54:04,794 : EventManager : Event: ======'slide_awesome_slide_removed'====== Args={}
2025-10-08 18:54:04,795 : EventManager : Event: ======'slide_window_blank_active'====== Args={}
2025-10-08 18:54:04,818 : EventManager : Event: ======'player_ball'====== Args={'value': 1, 'prev_value': 0, 'change': 1, 'player_num': 1}
2025-10-08 18:54:04,818 : EventManager : Event: ======'player_turn_start'====== Args={'number': 1, 'player': <Player 1>}
2025-10-08 18:54:04,830 : EventManager : Event: ======'player_shot_left_rollover_shot_enabled'====== Args={'value': True, 'prev_value': 0, 'change': 1, 'player_num': 1}
2025-10-08 18:54:04,830 : EventManager : Event: ======'player_shot_center_rollover_shot_enabled'====== Args={'value': True, 'prev_value': 0, 'change': 1, 'player_num': 1}
2025-10-08 18:54:04,830 : EventManager : Event: ======'player_shot_right_rollover_shot_enabled'====== Args={'value': True, 'prev_value': 0, 'change': 1, 'player_num': 1}
2025-10-08 18:54:04,830 : EventManager : Event: ======'player_shot_right_scoop_shot_enabled'====== Args={'value': True, 'prev_value': 0, 'change': 1, 'player_num': 1}
2025-10-08 18:54:04,830 : EventManager : Event: ======'player_shot_bumper1_shot_enabled'====== Args={'value': True, 'prev_value': 0, 'change': 1, 'player_num': 1}
2025-10-08 18:54:04,830 : EventManager : Event: ======'player_shot_bumper2_shot_enabled'====== Args={'value': True, 'prev_value': 0, 'change': 1, 'player_num': 1}
2025-10-08 18:54:04,830 : EventManager : Event: ======'player_shot_right_inlane_shot_enabled'====== Args={'value': True, 'prev_value': 0, 'change': 1, 'player_num': 1}
2025-10-08 18:54:04,831 : EventManager : Event: ======'slides_play'====== Args={'settings': {'widgets': {'widgets': [{'type': 'text', 'text': '(score)', 'number_grouping': True, 'min_digits': 2, 'font_size': 100, '_default_settings': ['type', 'text', 'number_grouping', 'min_digits', 'font_size'], 'x': None, 'y': None, 'anchor_x': 'center', 'anchor_y': 'center', 'round_anchor_x': None, 'round_anchor_y': None, 'opacity': 1.0, 'z': 0, 'reset_animations_events': {}, 'color': [1.0, 1.0, 1.0, 1.0], 'style': [], 'adjust_top': 0, 'adjust_bottom': 0, 'adjust_left': 0, 'adjust_right': 0, 'expire': None, 'key': None, 'widget': None, 'events_when_added': [], 'events_when_removed': [], 'bitmap_font': False, 'font_kerning': True, 'bold': False, 'italic': False, 'halign': 'center', 'valign': 'middle', 'rotation': 0, 'scale': 1.0, 'casing': None, 'outline_color': [1.0, 1.0, 1.0, 1.0], 'outline_width': 0, 'animations': None}, {'type': 'text', 'text': 'PLAYER (number)', 'y': '10', 'x': '10', 'font_size': 50, 'anchor_x': 'left', 'anchor_y': 'bottom', '_default_settings': ['type', 'text', 'y', 'x', 'font_size', 'anchor_x', 'anchor_y'], 'round_anchor_x': None, 'round_anchor_y': None, 'opacity': 1.0, 'z': 0, 'reset_animations_events': {}, 'color': [1.0, 1.0, 1.0, 1.0], 'style': [], 'adjust_top': 0, 'adjust_bottom': 0, 'adjust_left': 0, 'adjust_right': 0, 'expire': None, 'key': None, 'widget': None, 'events_when_added': [], 'events_when_removed': [], 'bitmap_font': False, 'font_kerning': True, 'bold': False, 'italic': False, 'number_grouping': False, 'min_digits': 0, 'halign': 'center', 'valign': 'middle', 'rotation': 0, 'scale': 1.0, 'casing': None, 'outline_color': [1.0, 1.0, 1.0, 1.0], 'outline_width': 0, 'animations': None}, {'type': 'text', 'text': 'BALL (ball)', 'y': '10', 'x': 'right-10', 'anchor_x': 'right', 'anchor_y': 'bottom', 'font_size': 50, '_default_settings': ['type', 'text', 'y', 'x', 'anchor_x', 'anchor_y', 'font_size'], 'round_anchor_x': None, 'round_anchor_y': None, 'opacity': 1.0, 'z': 0, 'reset_animations_events': {}, 'color': [1.0, 1.0, 1.0, 1.0], 'style': [], 'adjust_top': 0, 'adjust_bottom': 0, 'adjust_left': 0, 'adjust_right': 0, 'expire': None, 'key': None, 'widget': None, 'events_when_added': [], 'events_when_removed': [], 'bitmap_font': False, 'font_kerning': True, 'bold': False, 'italic': False, 'number_grouping': False, 'min_digits': 0, 'halign': 'center', 'valign': 'middle', 'rotation': 0, 'scale': 1.0, 'casing': None, 'outline_color': [1.0, 1.0, 1.0, 1.0], 'outline_width': 0, 'animations': None}, {'type': 'text', 'text': 'POTATO VALUE: (potato)', 'y': '40%', '_default_settings': ['type', 'text', 'y'], 'x': None, 'anchor_x': 'center', 'anchor_y': 'center', 'round_anchor_x': None, 'round_anchor_y': None, 'opacity': 1.0, 'z': 0, 'reset_animations_events': {}, 'color': [1.0, 1.0, 1.0, 1.0], 'style': [], 'adjust_top': 0, 'adjust_bottom': 0, 'adjust_left': 0, 'adjust_right': 0, 'expire': None, 'key': None, 'widget': None, 'events_when_added': [], 'events_when_removed': [], 'font_size': 15, 'bitmap_font': False, 'font_kerning': True, 'bold': False, 'italic': False, 'number_grouping': False, 'min_digits': 0, 'halign': 'center', 'valign': 'middle', 'rotation': 0, 'scale': 1.0, 'casing': None, 'outline_color': [1.0, 1.0, 1.0, 1.0], 'outline_width': 0, 'animations': None}], 'target': None, 'background_color': [0.0, 0.0, 0.0, 1.0], 'priority': None, 'show': True, 'force': False, 'expire': None, 'slide': None, 'tokens': {}, 'action': 'play'}}, 'context': 'base', 'calling_context': 'mode_base_started', 'priority': 100, 'player': 1, 'ball': 1, 'balls_remaining': 2, 'is_extra_ball': False}
2025-10-08 18:54:04,831 : EventManager : Event: ======'sounds_play'====== Args={'settings': {'mode': {'action': 'play', 'loops': -1, 'priority': None, 'block': False, 'delay': None, 'track': None, 'volume': None, 'ducking': {}, 'pan': None, 'start_at': None, 'fade_in': None, 'fade_out': None, 'about_to_finish_time': -1.0, 'max_queue_time': -1.0, 'events_when_played': ['use_sound_setting'], 'events_when_stopped': ['use_sound_setting'], 'events_when_looping': ['use_sound_setting'], 'events_when_about_to_finish': ['use_sound_setting'], 'mode_end_action': 'use_sound_setting', 'key': 'use_sound_setting'}}, 'context': '_global', 'calling_context': 'mode_base_started', 'priority': 0, 'player': 1, 'ball': 1, 'balls_remaining': 2, 'is_extra_ball': False}
2025-10-08 18:54:04,831 : mpfmc : SlidePlayer: Play called with settings={'widgets': {'widgets': [{'type': 'text', 'text': '(score)', 'number_grouping': True, 'min_digits': 2, 'font_size': 100, '_default_settings': ['type', 'text', 'number_grouping', 'min_digits', 'font_size'], 'x': None, 'y': None, 'anchor_x': 'center', 'anchor_y': 'center', 'round_anchor_x': None, 'round_anchor_y': None, 'opacity': 1.0, 'z': 0, 'reset_animations_events': {}, 'color': [1.0, 1.0, 1.0, 1.0], 'style': [], 'adjust_top': 0, 'adjust_bottom': 0, 'adjust_left': 0, 'adjust_right': 0, 'expire': None, 'key': None, 'widget': None, 'events_when_added': [], 'events_when_removed': [], 'bitmap_font': False, 'font_kerning': True, 'bold': False, 'italic': False, 'halign': 'center', 'valign': 'middle', 'rotation': 0, 'scale': 1.0, 'casing': None, 'outline_color': [1.0, 1.0, 1.0, 1.0], 'outline_width': 0, 'animations': None}, {'type': 'text', 'text': 'PLAYER (number)', 'y': '10', 'x': '10', 'font_size': 50, 'anchor_x': 'left', 'anchor_y': 'bottom', '_default_settings': ['type', 'text', 'y', 'x', 'font_size', 'anchor_x', 'anchor_y'], 'round_anchor_x': None, 'round_anchor_y': None, 'opacity': 1.0, 'z': 0, 'reset_animations_events': {}, 'color': [1.0, 1.0, 1.0, 1.0], 'style': [], 'adjust_top': 0, 'adjust_bottom': 0, 'adjust_left': 0, 'adjust_right': 0, 'expire': None, 'key': None, 'widget': None, 'events_when_added': [], 'events_when_removed': [], 'bitmap_font': False, 'font_kerning': True, 'bold': False, 'italic': False, 'number_grouping': False, 'min_digits': 0, 'halign': 'center', 'valign': 'middle', 'rotation': 0, 'scale': 1.0, 'casing': None, 'outline_color': [1.0, 1.0, 1.0, 1.0], 'outline_width': 0, 'animations': None}, {'type': 'text', 'text': 'BALL (ball)', 'y': '10', 'x': 'right-10', 'anchor_x': 'right', 'anchor_y': 'bottom', 'font_size': 50, '_default_settings': ['type', 'text', 'y', 'x', 'anchor_x', 'anchor_y', 'font_size'], 'round_anchor_x': None, 'round_anchor_y': None, 'opacity': 1.0, 'z': 0, 'reset_animations_events': {}, 'color': [1.0, 1.0, 1.0, 1.0], 'style': [], 'adjust_top': 0, 'adjust_bottom': 0, 'adjust_left': 0, 'adjust_right': 0, 'expire': None, 'key': None, 'widget': None, 'events_when_added': [], 'events_when_removed': [], 'bitmap_font': False, 'font_kerning': True, 'bold': False, 'italic': False, 'number_grouping': False, 'min_digits': 0, 'halign': 'center', 'valign': 'middle', 'rotation': 0, 'scale': 1.0, 'casing': None, 'outline_color': [1.0, 1.0, 1.0, 1.0], 'outline_width': 0, 'animations': None}, {'type': 'text', 'text': 'POTATO VALUE: (potato)', 'y': '40%', '_default_settings': ['type', 'text', 'y'], 'x': None, 'anchor_x': 'center', 'anchor_y': 'center', 'round_anchor_x': None, 'round_anchor_y': None, 'opacity': 1.0, 'z': 0, 'reset_animations_events': {}, 'color': [1.0, 1.0, 1.0, 1.0], 'style': [], 'adjust_top': 0, 'adjust_bottom': 0, 'adjust_left': 0, 'adjust_right': 0, 'expire': None, 'key': None, 'widget': None, 'events_when_added': [], 'events_when_removed': [], 'font_size': 15, 'bitmap_font': False, 'font_kerning': True, 'bold': False, 'italic': False, 'number_grouping': False, 'min_digits': 0, 'halign': 'center', 'valign': 'middle', 'rotation': 0, 'scale': 1.0, 'casing': None, 'outline_color': [1.0, 1.0, 1.0, 1.0], 'outline_width': 0, 'animations': None}], 'target': None, 'background_color': [0.0, 0.0, 0.0, 1.0], 'priority': None, 'show': True, 'force': False, 'expire': None, 'slide': None, 'tokens': {}, 'action': 'play'}}
2025-10-08 18:54:04,841 : EventManager : Event: ======'slide_base.slide_player-mode_base_started_created'====== Args={}
2025-10-08 18:54:04,843 : EventManager : Event: ======'slide_base.slide_player-mode_base_started_active'====== Args={}
2025-10-08 18:54:04,921 : EventManager : Event: ======'loading_assets'====== Args={'total': 1, 'loaded': 1, 'remaining': 0, 'percent': 100}
2025-10-08 18:54:04,921 : AssetManager : Asset loading took: 4.233118534088135
2025-10-08 18:54:04,921 : EventManager : Event: ======'asset_loading_complete'====== Args={}
2025-10-08 18:54:04,921 : AssetManager : Loading assets: 1/1 (100%)
2025-10-08 18:54:04,986 : EventManager : Event: ======'machine_var_audits_switches_s_plunger'====== Args={'value': 310, 'prev_value': 309, 'change': 1}
2025-10-08 18:54:11,171 : EventManager : Event: ======'machine_var_audits_switches_s_right_rollover'====== Args={'value': 233, 'prev_value': 232, 'change': 1}
2025-10-08 18:54:11,198 : EventManager : Event: ======'player_shot_right_rollover_shot'====== Args={'value': 1, 'prev_value': 0, 'change': 1, 'player_num': 1}
2025-10-08 18:54:11,198 : EventManager : Event: ======'machine_var_audits_shots_right_rollover_shot'====== Args={'value': 224, 'prev_value': 223, 'change': 1}
2025-10-08 18:54:11,198 : EventManager : Event: ======'player_score'====== Args={'value': 300, 'prev_value': 0, 'change': 300, 'player_num': 1}
2025-10-08 18:54:16,008 : EventManager : Event: ======'machine_var_audits_switches_s_right_scoop'====== Args={'value': 48, 'prev_value': 47, 'change': 1}
2025-10-08 18:54:16,057 : EventManager : Event: ======'player_shot_right_scoop_shot'====== Args={'value': 1, 'prev_value': 0, 'change': 1, 'player_num': 1}
2025-10-08 18:54:16,057 : EventManager : Event: ======'machine_var_audits_shots_right_scoop_shot'====== Args={'value': 31, 'prev_value': 30, 'change': 1}
2025-10-08 18:54:16,057 : EventManager : Event: ======'player_skillshot_mode_timer_tick'====== Args={'value': 5, 'prev_value': 0, 'change': 5, 'player_num': 1}
2025-10-08 18:54:16,057 : EventManager : Event: ======'player_skillshot_target_rotator_tick'====== Args={'value': 0, 'prev_value': 0, 'change': 0, 'player_num': 1}
2025-10-08 18:54:16,057 : EventManager : Event: ======'player_shot_standup_1_skill_enabled'====== Args={'value': True, 'prev_value': 0, 'change': 1, 'player_num': 1}
2025-10-08 18:54:16,057 : EventManager : Event: ======'player_shot_standup_2_skill_enabled'====== Args={'value': True, 'prev_value': 0, 'change': 1, 'player_num': 1}
2025-10-08 18:54:16,058 : EventManager : Event: ======'player_shot_standup_3_skill_enabled'====== Args={'value': True, 'prev_value': 0, 'change': 1, 'player_num': 1}
2025-10-08 18:54:16,058 : EventManager : Event: ======'player_shot_standup_4_skill_enabled'====== Args={'value': True, 'prev_value': 0, 'change': 1, 'player_num': 1}
2025-10-08 18:54:16,058 : EventManager : Event: ======'player_shot_standup_5_skill_enabled'====== Args={'value': True, 'prev_value': 0, 'change': 1, 'player_num': 1}
2025-10-08 18:54:16,058 : EventManager : Event: ======'player_shot_standup_6_skill_enabled'====== Args={'value': True, 'prev_value': 0, 'change': 1, 'player_num': 1}
2025-10-08 18:54:16,058 : EventManager : Event: ======'player_score'====== Args={'value': 1300, 'prev_value': 300, 'change': 1000, 'player_num': 1}
2025-10-08 18:54:16,059 : EventManager : Event: ======'player_shot_standup_1_skill'====== Args={'value': 1, 'prev_value': 0, 'change': 1, 'player_num': 1}
2025-10-08 18:54:16,059 : EventManager : Event: ======'slides_play'====== Args={'settings': {'widgets': {'widgets': [{'type': 'text', 'text': '(SKILL SHOT!!!!!)', 'number_grouping': True, 'min_digits': 2, 'font_size': 50, '_default_settings': ['type', 'text', 'number_grouping', 'min_digits', 'font_size'], 'x': None, 'y': None, 'anchor_x': 'center', 'anchor_y': 'center', 'round_anchor_x': None, 'round_anchor_y': None, 'opacity': 1.0, 'z': 0, 'reset_animations_events': {}, 'color': [1.0, 1.0, 1.0, 1.0], 'style': [], 'adjust_top': 0, 'adjust_bottom': 0, 'adjust_left': 0, 'adjust_right': 0, 'expire': None, 'key': None, 'widget': None, 'events_when_added': [], 'events_when_removed': [], 'bitmap_font': False, 'font_kerning': True, 'bold': False, 'italic': False, 'halign': 'center', 'valign': 'middle', 'rotation': 0, 'scale': 1.0, 'casing': None, 'outline_color': [1.0, 1.0, 1.0, 1.0], 'outline_width': 0, 'animations': None}], 'target': None, 'background_color': [0.0, 0.0, 0.0, 1.0], 'priority': None, 'show': True, 'force': False, 'expire': None, 'slide': None, 'tokens': {}, 'action': 'play'}}, 'context': 'skillshot', 'calling_context': 'mode_skillshot_started', 'priority': 300, 'profile': 'default', 'state': 'unlit', 'advancing': True}
2025-10-08 18:54:16,059 : mpfmc : SlidePlayer: Play called with settings={'widgets': {'widgets': [{'type': 'text', 'text': '(SKILL SHOT!!!!!)', 'number_grouping': True, 'min_digits': 2, 'font_size': 50, '_default_settings': ['type', 'text', 'number_grouping', 'min_digits', 'font_size'], 'x': None, 'y': None, 'anchor_x': 'center', 'anchor_y': 'center', 'round_anchor_x': None, 'round_anchor_y': None, 'opacity': 1.0, 'z': 0, 'reset_animations_events': {}, 'color': [1.0, 1.0, 1.0, 1.0], 'style': [], 'adjust_top': 0, 'adjust_bottom': 0, 'adjust_left': 0, 'adjust_right': 0, 'expire': None, 'key': None, 'widget': None, 'events_when_added': [], 'events_when_removed': [], 'bitmap_font': False, 'font_kerning': True, 'bold': False, 'italic': False, 'halign': 'center', 'valign': 'middle', 'rotation': 0, 'scale': 1.0, 'casing': None, 'outline_color': [1.0, 1.0, 1.0, 1.0], 'outline_width': 0, 'animations': None}], 'target': None, 'background_color': [0.0, 0.0, 0.0, 1.0], 'priority': None, 'show': True, 'force': False, 'expire': None, 'slide': None, 'tokens': {}, 'action': 'play'}}
2025-10-08 18:54:16,063 : EventManager : Event: ======'slide_skillshot.slide_player-mode_skillshot_started_created'====== Args={}
2025-10-08 18:54:16,064 : EventManager : Event: ======'slide_skillshot.slide_player-mode_skillshot_started_active'====== Args={}
2025-10-08 18:54:17,003 : EventManager : Event: ======'player_skillshot_mode_timer_tick'====== Args={'value': 4, 'prev_value': 5, 'change': -1, 'player_num': 1}
2025-10-08 18:54:17,041 : EventManager : Event: ======'player_skillshot_target_rotator_tick'====== Args={'value': 1, 'prev_value': 0, 'change': 1, 'player_num': 1}
2025-10-08 18:54:17,041 : EventManager : Event: ======'player_shot_standup_1_skill'====== Args={'value': 0, 'prev_value': 1, 'change': -1, 'player_num': 1}
2025-10-08 18:54:17,041 : EventManager : Event: ======'player_shot_standup_2_skill'====== Args={'value': 1, 'prev_value': 0, 'change': 1, 'player_num': 1}
2025-10-08 18:54:18,003 : EventManager : Event: ======'player_skillshot_mode_timer_tick'====== Args={'value': 3, 'prev_value': 4, 'change': -1, 'player_num': 1}
2025-10-08 18:54:18,027 : EventManager : Event: ======'player_skillshot_target_rotator_tick'====== Args={'value': 2, 'prev_value': 1, 'change': 1, 'player_num': 1}
2025-10-08 18:54:18,039 : EventManager : Event: ======'player_shot_standup_2_skill'====== Args={'value': 0, 'prev_value': 1, 'change': -1, 'player_num': 1}
2025-10-08 18:54:18,039 : EventManager : Event: ======'player_shot_standup_3_skill'====== Args={'value': 1, 'prev_value': 0, 'change': 1, 'player_num': 1}
2025-10-08 18:54:19,004 : EventManager : Event: ======'player_skillshot_mode_timer_tick'====== Args={'value': 2, 'prev_value': 3, 'change': -1, 'player_num': 1}
2025-10-08 18:54:19,027 : EventManager : Event: ======'player_skillshot_target_rotator_tick'====== Args={'value': 3, 'prev_value': 2, 'change': 1, 'player_num': 1}
2025-10-08 18:54:19,052 : EventManager : Event: ======'player_shot_standup_3_skill'====== Args={'value': 0, 'prev_value': 1, 'change': -1, 'player_num': 1}
2025-10-08 18:54:19,052 : EventManager : Event: ======'player_shot_standup_4_skill'====== Args={'value': 1, 'prev_value': 0, 'change': 1, 'player_num': 1}
2025-10-08 18:54:20,001 : EventManager : Event: ======'player_skillshot_mode_timer_tick'====== Args={'value': 1, 'prev_value': 2, 'change': -1, 'player_num': 1}
2025-10-08 18:54:20,039 : EventManager : Event: ======'player_skillshot_target_rotator_tick'====== Args={'value': 4, 'prev_value': 3, 'change': 1, 'player_num': 1}
2025-10-08 18:54:20,039 : EventManager : Event: ======'player_shot_standup_3_skill'====== Args={'value': 1, 'prev_value': 0, 'change': 1, 'player_num': 1}
2025-10-08 18:54:20,039 : EventManager : Event: ======'player_shot_standup_4_skill'====== Args={'value': 0, 'prev_value': 1, 'change': -1, 'player_num': 1}
2025-10-08 18:54:21,011 : EventManager : Event: ======'player_skillshot_mode_timer_tick'====== Args={'value': 0, 'prev_value': 1, 'change': -1, 'player_num': 1}
2025-10-08 18:54:21,023 : EventManager : Event: ======'slides_clear'====== Args={'context': 'skillshot'}
2025-10-08 18:54:21,024 : EventManager : Event: ======'slide_skillshot.slide_player-mode_skillshot_started_removed'====== Args={}
2025-10-08 18:54:21,025 : EventManager : Event: ======'slide_base.slide_player-mode_base_started_active'====== Args={}
2025-10-08 18:54:24,779 : EventManager : Event: ======'machine_var_audits_switches_s_left_scoop'====== Args={'value': 211, 'prev_value': 210, 'change': 1}
2025-10-08 18:54:27,098 : EventManager : Event: ======'machine_var_audits_switches_s_left_scoop'====== Args={'value': 212, 'prev_value': 211, 'change': 1}
2025-10-08 18:54:30,668 : EventManager : Event: ======'machine_var_audits_switches_s_right_rollover'====== Args={'value': 234, 'prev_value': 233, 'change': 1}
2025-10-08 18:54:30,680 : EventManager : Event: ======'machine_var_audits_shots_right_rollover_shot'====== Args={'value': 225, 'prev_value': 224, 'change': 1}
2025-10-08 18:54:30,680 : EventManager : Event: ======'player_score'====== Args={'value': 1600, 'prev_value': 1300, 'change': 300, 'player_num': 1}
2025-10-08 18:54:31,548 : EventManager : Event: ======'machine_var_audits_switches_s_center_rollover'====== Args={'value': 230, 'prev_value': 229, 'change': 1}
2025-10-08 18:54:31,560 : EventManager : Event: ======'player_shot_center_rollover_shot'====== Args={'value': 1, 'prev_value': 0, 'change': 1, 'player_num': 1}
2025-10-08 18:54:31,560 : EventManager : Event: ======'machine_var_audits_shots_center_rollover_shot'====== Args={'value': 221, 'prev_value': 220, 'change': 1}
2025-10-08 18:54:31,560 : EventManager : Event: ======'player_score'====== Args={'value': 1800, 'prev_value': 1600, 'change': 200, 'player_num': 1}
2025-10-08 18:54:32,371 : EventManager : Event: ======'machine_var_audits_switches_s_left_rollover'====== Args={'value': 173, 'prev_value': 172, 'change': 1}
2025-10-08 18:54:32,445 : EventManager : Event: ======'player_shot_left_rollover_shot'====== Args={'value': 1, 'prev_value': 0, 'change': 1, 'player_num': 1}
2025-10-08 18:54:32,445 : EventManager : Event: ======'machine_var_audits_shots_left_rollover_shot'====== Args={'value': 165, 'prev_value': 164, 'change': 1}
2025-10-08 18:54:32,445 : EventManager : Event: ======'sounds_play'====== Args={'settings': {'go': {'action': 'play', 'loops': 1, 'priority': None, 'block': False, 'delay': None, 'track': None, 'volume': None, 'ducking': {}, 'pan': None, 'start_at': None, 'fade_in': None, 'fade_out': None, 'about_to_finish_time': -1.0, 'max_queue_time': -1.0, 'events_when_played': ['use_sound_setting'], 'events_when_stopped': ['use_sound_setting'], 'events_when_looping': ['use_sound_setting'], 'events_when_about_to_finish': ['use_sound_setting'], 'mode_end_action': 'use_sound_setting', 'key': 'use_sound_setting'}}, 'context': 'base', 'calling_context': 'rollover_lanes_complete', 'priority': 100, 'state': 'lit'}
2025-10-08 18:54:32,445 : EventManager : Event: ======'player_skillshot_mode_timer_tick'====== Args={'value': 5, 'prev_value': 0, 'change': 5, 'player_num': 1}
2025-10-08 18:54:32,445 : EventManager : Event: ======'player_skillshot_target_rotator_tick'====== Args={'value': 0, 'prev_value': 4, 'change': -4, 'player_num': 1}
2025-10-08 18:54:32,446 : EventManager : Event: ======'player_shot_left_rollover_shot'====== Args={'value': 0, 'prev_value': 1, 'change': -1, 'player_num': 1}
2025-10-08 18:54:32,446 : EventManager : Event: ======'player_shot_center_rollover_shot'====== Args={'value': 0, 'prev_value': 1, 'change': -1, 'player_num': 1}
2025-10-08 18:54:32,446 : EventManager : Event: ======'player_shot_right_rollover_shot'====== Args={'value': 0, 'prev_value': 1, 'change': -1, 'player_num': 1}
2025-10-08 18:54:32,446 : EventManager : Event: ======'player_score'====== Args={'value': 6800, 'prev_value': 1800, 'change': 5000, 'player_num': 1}
2025-10-08 18:54:32,446 : EventManager : Event: ======'player_shot_standup_3_skill'====== Args={'value': 0, 'prev_value': 1, 'change': -1, 'player_num': 1}
2025-10-08 18:54:32,446 : EventManager : Event: ======'player_shot_standup_4_skill'====== Args={'value': 1, 'prev_value': 0, 'change': 1, 'player_num': 1}
2025-10-08 18:54:32,447 : EventManager : Event: ======'player_shot_standup_4_skill'====== Args={'value': 0, 'prev_value': 1, 'change': -1, 'player_num': 1}
2025-10-08 18:54:32,447 : EventManager : Event: ======'sounds_play'====== Args={'settings': {'go': {'action': 'play', 'loops': 1, 'priority': None, 'block': False, 'delay': None, 'track': None, 'volume': None, 'ducking': {}, 'pan': None, 'start_at': None, 'fade_in': None, 'fade_out': None, 'about_to_finish_time': -1.0, 'max_queue_time': -1.0, 'events_when_played': ['use_sound_setting'], 'events_when_stopped': ['use_sound_setting'], 'events_when_looping': ['use_sound_setting'], 'events_when_about_to_finish': ['use_sound_setting'], 'mode_end_action': 'use_sound_setting', 'key': 'use_sound_setting'}}, 'context': 'base', 'calling_context': 'rollover_lanes_complete', 'priority': 100, 'state': 'unlit'}
2025-10-08 18:54:32,447 : EventManager : Event: ======'player_score'====== Args={'value': 6900, 'prev_value': 6800, 'change': 100, 'player_num': 1}
2025-10-08 18:54:32,447 : EventManager : Event: ======'player_shot_standup_1_skill'====== Args={'value': 1, 'prev_value': 0, 'change': 1, 'player_num': 1}
2025-10-08 18:54:32,447 : EventManager : Event: ======'slides_play'====== Args={'settings': {'widgets': {'widgets': [{'type': 'text', 'text': '(SKILL SHOT!!!!!)', 'number_grouping': True, 'min_digits': 2, 'font_size': 50, '_default_settings': ['type', 'text', 'number_grouping', 'min_digits', 'font_size'], 'x': None, 'y': None, 'anchor_x': 'center', 'anchor_y': 'center', 'round_anchor_x': None, 'round_anchor_y': None, 'opacity': 1.0, 'z': 0, 'reset_animations_events': {}, 'color': [1.0, 1.0, 1.0, 1.0], 'style': [], 'adjust_top': 0, 'adjust_bottom': 0, 'adjust_left': 0, 'adjust_right': 0, 'expire': None, 'key': None, 'widget': None, 'events_when_added': [], 'events_when_removed': [], 'bitmap_font': False, 'font_kerning': True, 'bold': False, 'italic': False, 'halign': 'center', 'valign': 'middle', 'rotation': 0, 'scale': 1.0, 'casing': None, 'outline_color': [1.0, 1.0, 1.0, 1.0], 'outline_width': 0, 'animations': None}], 'target': None, 'background_color': [0.0, 0.0, 0.0, 1.0], 'priority': None, 'show': True, 'force': False, 'expire': None, 'slide': None, 'tokens': {}, 'action': 'play'}}, 'context': 'skillshot', 'calling_context': 'mode_skillshot_started', 'priority': 300}
2025-10-08 18:54:32,448 : mpfmc : SlidePlayer: Play called with settings={'widgets': {'widgets': [{'type': 'text', 'text': '(SKILL SHOT!!!!!)', 'number_grouping': True, 'min_digits': 2, 'font_size': 50, '_default_settings': ['type', 'text', 'number_grouping', 'min_digits', 'font_size'], 'x': None, 'y': None, 'anchor_x': 'center', 'anchor_y': 'center', 'round_anchor_x': None, 'round_anchor_y': None, 'opacity': 1.0, 'z': 0, 'reset_animations_events': {}, 'color': [1.0, 1.0, 1.0, 1.0], 'style': [], 'adjust_top': 0, 'adjust_bottom': 0, 'adjust_left': 0, 'adjust_right': 0, 'expire': None, 'key': None, 'widget': None, 'events_when_added': [], 'events_when_removed': [], 'bitmap_font': False, 'font_kerning': True, 'bold': False, 'italic': False, 'halign': 'center', 'valign': 'middle', 'rotation': 0, 'scale': 1.0, 'casing': None, 'outline_color': [1.0, 1.0, 1.0, 1.0], 'outline_width': 0, 'animations': None}], 'target': None, 'background_color': [0.0, 0.0, 0.0, 1.0], 'priority': None, 'show': True, 'force': False, 'expire': None, 'slide': None, 'tokens': {}, 'action': 'play'}}
2025-10-08 18:54:32,450 : EventManager : Event: ======'slide_skillshot.slide_player-mode_skillshot_started_created'====== Args={}
2025-10-08 18:54:32,452 : EventManager : Event: ======'slide_skillshot.slide_player-mode_skillshot_started_active'====== Args={}
2025-10-08 18:54:32,453 : EventManager : Event: ======'loading_assets'====== Args={'total': 1, 'loaded': 1, 'remaining': 0, 'percent': 100}
2025-10-08 18:54:32,453 : AssetManager : Asset loading took: 31.765763759613037
2025-10-08 18:54:32,454 : EventManager : Event: ======'asset_loading_complete'====== Args={}
2025-10-08 18:54:32,454 : AssetManager : Loading assets: 1/1 (100%)
2025-10-08 18:54:33,375 : EventManager : Event: ======'player_skillshot_mode_timer_tick'====== Args={'value': 4, 'prev_value': 5, 'change': -1, 'player_num': 1}
2025-10-08 18:54:33,387 : EventManager : Event: ======'player_skillshot_target_rotator_tick'====== Args={'value': 1, 'prev_value': 0, 'change': 1, 'player_num': 1}
2025-10-08 18:54:33,387 : EventManager : Event: ======'player_shot_standup_1_skill'====== Args={'value': 0, 'prev_value': 1, 'change': -1, 'player_num': 1}
2025-10-08 18:54:33,387 : EventManager : Event: ======'player_shot_standup_2_skill'====== Args={'value': 1, 'prev_value': 0, 'change': 1, 'player_num': 1}
2025-10-08 18:54:34,343 : EventManager : Event: ======'machine_var_audits_switches_s_standup_1'====== Args={'value': 56, 'prev_value': 55, 'change': 1}
2025-10-08 18:54:34,368 : EventManager : Event: ======'player_shot_standup_1_skill'====== Args={'value': 1, 'prev_value': 0, 'change': 1, 'player_num': 1}
2025-10-08 18:54:34,368 : EventManager : Event: ======'machine_var_audits_shots_standup_1_skill'====== Args={'value': 27, 'prev_value': 26, 'change': 1}
2025-10-08 18:54:34,368 : EventManager : Event: ======'player_score'====== Args={'value': 506900, 'prev_value': 6900, 'change': 500000, 'player_num': 1}
2025-10-08 18:54:34,368 : EventManager : Event: ======'slides_clear'====== Args={'context': 'skillshot'}
2025-10-08 18:54:34,369 : EventManager : Event: ======'slide_skillshot.slide_player-mode_skillshot_started_removed'====== Args={}
2025-10-08 18:54:34,370 : EventManager : Event: ======'slide_base.slide_player-mode_base_started_active'====== Args={}
2025-10-08 18:54:38,033 : kivy : Base: Leaving application in progress...
2025-10-08 18:54:38,047 : mpfmc : Stopping...
2025-10-08 18:54:38,048 : EventManager : Event: ======'shutdown'====== Args={}
2025-10-08 18:54:38,048 : AudioInterface : Disabling audio playback
2025-10-08 18:54:38,156 : mpfmc : Loop rate 75.13 Hz
