2025-10-03 19:17:18,813 : INFO : root : Loading config.
2025-10-03 19:17:18,817 : INFO : YamlMultifileConfigLoader : Machine config file #1: config.yaml
2025-10-03 19:17:18,817 : INFO : ConfigProcessor : Loading config from cache: C:\Users\richa\AppData\Local\Temp\bad76953a596b8c99f832e0e98026c3b.mpf_cache
2025-10-03 19:17:18,896 : INFO : ConfigProcessor : Loading config from cache: C:\Users\richa\AppData\Local\Temp\77a998d318c788df5647a1900cedfc56.mpf_cache
2025-10-03 19:17:18,897 : INFO : ConfigProcessor : Loading config from cache: C:\Users\richa\AppData\Local\Temp\9c8dea79ca4d15ee886340e992e8cb9d.mpf_cache
2025-10-03 19:17:18,897 : INFO : ConfigProcessor : Loading config from cache: C:\Users\richa\AppData\Local\Temp\8ddee2e87a4f178751335e99da00e9c4.mpf_cache
2025-10-03 19:17:18,898 : INFO : ConfigProcessor : Loading config from cache: C:\Users\richa\AppData\Local\Temp\16d594341c3fbe91b1b6d496c05a6fb0.mpf_cache
2025-10-03 19:17:18,899 : WARNING : ConfigProcessor : Config file in cache changed: C:\Users\richa\ttp5\modes\attract\shows\.\attract_light_show.yaml
2025-10-03 19:17:18,899 : INFO : ConfigProcessor : Loading config from file C:\Users\richa\ttp5\modes\attract\shows\.\attract_light_show.yaml.
2025-10-03 19:17:18,902 : INFO : ConfigProcessor : Loading config: C:\Users\richa\ttp5\modes\attract\shows\.\attract_light_show.yaml
2025-10-03 19:17:18,903 : INFO : ConfigProcessor : Config file cache created: C:\Users\richa\AppData\Local\Temp\9ea1b14cb2b1cce5e8bf981a1ff8cfc5.mpf_cache
2025-10-03 19:17:18,903 : INFO : Machine : Mission Pinball Framework Core Engine v0.57.0.dev39
2025-10-03 19:17:18,904 : INFO : Machine : Command line arguments: {'no_load_cache': False, 'create_config_cache': True, 'bcp': True, 'configfile': ['config.yaml'], 'force_assets_load': False, 'jsonlogging': False, 'logfile': 'logs\\2025-10-03-19-17-18-mpf-DESKTOP-RK7BE5M.log', 'pause': False, 'production': False, 'text_ui': True, 'loglevel': 15, 'consoleloglevel': 20, 'force_platform': None, 'syslog_address': None, 'mc_file_name': None, 'no_sound': False}
2025-10-03 19:17:18,904 : INFO : Machine : MPF path: C:\Users\richa\mpfvirtual4\lib\site-packages\mpf
2025-10-03 19:17:18,904 : INFO : Machine : Machine path: C:\Users\richa\ttp5
2025-10-03 19:17:18,904 : INFO : Machine : Platform: win32
2025-10-03 19:17:18,904 : INFO : Machine : Python executable location: C:\Users\richa\mpfvirtual4\Scripts\python.exe
2025-10-03 19:17:18,904 : INFO : Machine : Python version: 3.9.13 (64-bit)
2025-10-03 19:17:18,905 : INFO : Machine : Initializing MPF...
2025-10-03 19:17:19,275 : INFO : EventManager : Event: ======'machine_var_credits_string'====== Args={'value': 'FREE PLAY', 'prev_value': None, 'change': True}
2025-10-03 19:17:19,325 : INFO : EventManager : Event: ======'machine_var_master_volume'====== Args={'value': 0.5, 'prev_value': None, 'change': True}
2025-10-03 19:17:19,325 : INFO : EventManager : Event: ======'machine_var_player1_score'====== Args={'value': 926, 'prev_value': None, 'change': True}
2025-10-03 19:17:19,325 : INFO : EventManager : Event: ======'machine_var_mpf_version'====== Args={'value': 'Mission Pinball Framework v0.57.0.dev39', 'prev_value': None, 'change': True}
2025-10-03 19:17:19,325 : INFO : EventManager : Event: ======'machine_var_mpf_extended_version'====== Args={'value': 'Mission Pinball Framework v0.57.0.dev39, Config version:6, Show version: 6, BCP version:1.1', 'prev_value': None, 'change': True}
2025-10-03 19:17:19,325 : INFO : EventManager : Event: ======'machine_var_python_version'====== Args={'value': '3.9.13', 'prev_value': None, 'change': True}
2025-10-03 19:17:19,334 : INFO : EventManager : Event: ======'machine_var_platform'====== Args={'value': 'Windows-10-10.0.19045-SP0', 'prev_value': None, 'change': True}
2025-10-03 19:17:19,334 : INFO : EventManager : Event: ======'machine_var_platform_system'====== Args={'value': 'Windows', 'prev_value': None, 'change': True}
2025-10-03 19:17:19,335 : INFO : EventManager : Event: ======'machine_var_platform_release'====== Args={'value': '10', 'prev_value': None, 'change': True}
2025-10-03 19:17:19,335 : INFO : EventManager : Event: ======'machine_var_platform_version'====== Args={'value': '10.0.19045', 'prev_value': None, 'change': True}
2025-10-03 19:17:19,335 : INFO : EventManager : Event: ======'machine_var_platform_machine'====== Args={'value': 'AMD64', 'prev_value': None, 'change': True}
2025-10-03 19:17:19,335 : INFO : EventManager : Event: ======'init_phase_1'====== Args={}
2025-10-03 19:17:19,352 : INFO : EventManager : Event: ======'init_phase_2'====== Args={}
2025-10-03 19:17:19,352 : INFO : SwitchController : Found active switch: ('2', <Platform.SmartVirtual>) <switch.s_trough1>
2025-10-03 19:17:19,352 : INFO : SwitchController : Found active switch: ('3', <Platform.SmartVirtual>) <switch.s_trough2>
2025-10-03 19:17:19,352 : INFO : SwitchController : Found active switch: ('4', <Platform.SmartVirtual>) <switch.s_trough3>
2025-10-03 19:17:19,352 : INFO : SwitchController : Found active switch: ('5', <Platform.SmartVirtual>) <switch.s_trough4>
2025-10-03 19:17:19,353 : INFO : SwitchController : Found active switch: ('6', <Platform.SmartVirtual>) <switch.s_trough5>
2025-10-03 19:17:19,353 : INFO : SwitchController : Found active switch: ('7', <Platform.SmartVirtual>) <switch.s_trough6>
2025-10-03 19:17:19,356 : INFO : EventManager : Event: ======'bcp_connection_attempt'====== Args={'name': 'local_display', 'host': 'localhost', 'port': 5050}
2025-10-03 19:17:19,357 : INFO : BCPClientSocket : Connecting BCP to 'local_display' at localhost:5050...
2025-10-03 19:17:21,375 : INFO : BCPClientSocket : Connected BCP to 'local_display' localhost:5050
2025-10-03 19:17:21,376 : INFO : EventManager : Event: ======'bcp_clients_connected'====== Args={}
2025-10-03 19:17:21,875 : INFO : EventManager : Event: ======'machine_var_mc_version'====== Args={'value': 'MPF-MC v0.57.0.dev10', 'prev_value': None, 'change': True}
2025-10-03 19:17:21,875 : INFO : EventManager : Event: ======'machine_var_mc_extended_version'====== Args={'value': 'MPF-MC v0.57.0.dev10 (config_version=6, BCP v1.1,                      Requires MPF API compatibility v0.57.0.dev19 or newer)', 'prev_value': None, 'change': True}
2025-10-03 19:17:21,878 : INFO : ball_device.bd_trough : BCH: Initial count: 6
2025-10-03 19:17:21,931 : INFO : ball_device.bd_trough : State: idle
2025-10-03 19:17:21,931 : INFO : ball_device.bd_plunger : BCH: Initial count: 0
2025-10-03 19:17:21,931 : INFO : ball_device.bd_plunger : State: idle
2025-10-03 19:17:21,939 : INFO : EventManager : Event: ======'init_phase_3'====== Args={}
2025-10-03 19:17:21,942 : INFO : EventManager : Event: ======'init_phase_4'====== Args={}
2025-10-03 19:17:21,942 : INFO : BallController : Initial balls found: 6
2025-10-03 19:17:21,943 : INFO : EventManager : Event: ======'machine_var_audits_events_game_ended'====== Args={'value': 11, 'prev_value': None, 'change': True}
2025-10-03 19:17:21,943 : INFO : EventManager : Event: ======'machine_var_audits_events_game_started'====== Args={'value': 46, 'prev_value': None, 'change': True}
2025-10-03 19:17:21,944 : INFO : EventManager : Event: ======'machine_var_audits_missing_switches_s_center_rollover'====== Args={'value': 1, 'prev_value': None, 'change': True}
2025-10-03 19:17:21,944 : INFO : EventManager : Event: ======'machine_var_audits_missing_switches_s_left_inlane'====== Args={'value': 9, 'prev_value': None, 'change': True}
2025-10-03 19:17:21,944 : INFO : EventManager : Event: ======'machine_var_audits_missing_switches_s_left_outlane'====== Args={'value': 9, 'prev_value': None, 'change': True}
2025-10-03 19:17:21,944 : INFO : EventManager : Event: ======'machine_var_audits_missing_switches_s_right_flipper'====== Args={'value': 9, 'prev_value': None, 'change': True}
2025-10-03 19:17:21,944 : INFO : EventManager : Event: ======'machine_var_audits_missing_switches_s_right_outlane'====== Args={'value': 9, 'prev_value': None, 'change': True}
2025-10-03 19:17:21,944 : INFO : EventManager : Event: ======'machine_var_audits_missing_switches_s_sling_left'====== Args={'value': 13, 'prev_value': None, 'change': True}
2025-10-03 19:17:21,944 : INFO : EventManager : Event: ======'machine_var_audits_missing_switches_s_sling_right'====== Args={'value': 13, 'prev_value': None, 'change': True}
2025-10-03 19:17:21,945 : INFO : EventManager : Event: ======'machine_var_audits_missing_switches_s_start'====== Args={'value': 10, 'prev_value': None, 'change': True}
2025-10-03 19:17:21,945 : INFO : EventManager : Event: ======'machine_var_audits_missing_switches_s_trough2'====== Args={'value': 46, 'prev_value': None, 'change': True}
2025-10-03 19:17:21,945 : INFO : EventManager : Event: ======'machine_var_audits_missing_switches_s_trough3'====== Args={'value': 46, 'prev_value': None, 'change': True}
2025-10-03 19:17:21,945 : INFO : EventManager : Event: ======'machine_var_audits_missing_switches_s_trough4'====== Args={'value': 46, 'prev_value': None, 'change': True}
2025-10-03 19:17:21,945 : INFO : EventManager : Event: ======'machine_var_audits_missing_switches_s_trough5'====== Args={'value': 46, 'prev_value': None, 'change': True}
2025-10-03 19:17:21,945 : INFO : EventManager : Event: ======'machine_var_audits_missing_switches_s_trough6'====== Args={'value': 46, 'prev_value': None, 'change': True}
2025-10-03 19:17:21,945 : INFO : EventManager : Event: ======'machine_var_audits_missing_switches_s_trough_jam'====== Args={'value': 46, 'prev_value': None, 'change': True}
2025-10-03 19:17:21,945 : INFO : EventManager : Event: ======'machine_var_audits_player_score'====== Args={'value': {'average': 10820, 'top': [28284, 25272, 22800, 14636, 13400, 11420, 10700, 8000, 2562, 926], 'total': 13}, 'prev_value': None, 'change': True}
2025-10-03 19:17:21,946 : INFO : EventManager : Event: ======'machine_var_audits_shots_center_rollover_shot'====== Args={'value': 35, 'prev_value': None, 'change': True}
2025-10-03 19:17:21,946 : INFO : EventManager : Event: ======'machine_var_audits_shots_middle_inlane_shot'====== Args={'value': 20, 'prev_value': None, 'change': True}
2025-10-03 19:17:21,946 : INFO : EventManager : Event: ======'machine_var_audits_shots_my_first_shot'====== Args={'value': 75, 'prev_value': None, 'change': True}
2025-10-03 19:17:21,946 : INFO : EventManager : Event: ======'machine_var_audits_shots_top_middle_inlane_shot'====== Args={'value': 41, 'prev_value': None, 'change': True}
2025-10-03 19:17:21,947 : INFO : EventManager : Event: ======'machine_var_audits_switches_s_center_rollover'====== Args={'value': 35, 'prev_value': None, 'change': True}
2025-10-03 19:17:21,947 : INFO : EventManager : Event: ======'machine_var_audits_switches_s_left_flipper'====== Args={'value': 265, 'prev_value': None, 'change': True}
2025-10-03 19:17:21,947 : INFO : EventManager : Event: ======'machine_var_audits_switches_s_left_inlane'====== Args={'value': 7, 'prev_value': None, 'change': True}
2025-10-03 19:17:21,947 : INFO : EventManager : Event: ======'machine_var_audits_switches_s_left_outlane'====== Args={'value': 3, 'prev_value': None, 'change': True}
2025-10-03 19:17:21,947 : INFO : EventManager : Event: ======'machine_var_audits_switches_s_middle_inlane'====== Args={'value': 20, 'prev_value': None, 'change': True}
2025-10-03 19:17:21,948 : INFO : EventManager : Event: ======'machine_var_audits_switches_s_plunger'====== Args={'value': 90, 'prev_value': None, 'change': True}
2025-10-03 19:17:21,948 : INFO : EventManager : Event: ======'machine_var_audits_switches_s_right_flipper'====== Args={'value': 78, 'prev_value': None, 'change': True}
2025-10-03 19:17:21,948 : INFO : EventManager : Event: ======'machine_var_audits_switches_s_right_inlane'====== Args={'value': 107, 'prev_value': None, 'change': True}
2025-10-03 19:17:21,949 : INFO : EventManager : Event: ======'machine_var_audits_switches_s_right_outlane'====== Args={'value': 3, 'prev_value': None, 'change': True}
2025-10-03 19:17:21,949 : INFO : EventManager : Event: ======'machine_var_audits_switches_s_sling_left'====== Args={'value': 2, 'prev_value': None, 'change': True}
2025-10-03 19:17:21,949 : INFO : EventManager : Event: ======'machine_var_audits_switches_s_sling_right'====== Args={'value': 1, 'prev_value': None, 'change': True}
2025-10-03 19:17:21,950 : INFO : EventManager : Event: ======'machine_var_audits_switches_s_start'====== Args={'value': 12, 'prev_value': None, 'change': True}
2025-10-03 19:17:21,950 : INFO : EventManager : Event: ======'machine_var_audits_switches_s_top_middle_inlane'====== Args={'value': 41, 'prev_value': None, 'change': True}
2025-10-03 19:17:21,950 : INFO : EventManager : Event: ======'machine_var_audits_switches_s_trough1'====== Args={'value': 63, 'prev_value': None, 'change': True}
2025-10-03 19:17:21,950 : INFO : EventManager : Event: ======'machine_var_audits_switches_s_trough2'====== Args={'value': 0, 'prev_value': None, 'change': True}
2025-10-03 19:17:21,950 : INFO : EventManager : Event: ======'machine_var_audits_switches_s_trough3'====== Args={'value': 0, 'prev_value': None, 'change': True}
2025-10-03 19:17:21,950 : INFO : EventManager : Event: ======'machine_var_audits_switches_s_trough4'====== Args={'value': 0, 'prev_value': None, 'change': True}
2025-10-03 19:17:21,951 : INFO : EventManager : Event: ======'machine_var_audits_switches_s_trough5'====== Args={'value': 0, 'prev_value': None, 'change': True}
2025-10-03 19:17:21,951 : INFO : EventManager : Event: ======'machine_var_audits_switches_s_trough6'====== Args={'value': 0, 'prev_value': None, 'change': True}
2025-10-03 19:17:21,951 : INFO : EventManager : Event: ======'machine_var_audits_switches_s_trough_jam'====== Args={'value': 0, 'prev_value': None, 'change': True}
2025-10-03 19:17:21,952 : INFO : EventManager : Event: ======'init_phase_5'====== Args={}
2025-10-03 19:17:22,003 : INFO : EventManager : Event: ======'init_done'====== Args={}
2025-10-03 19:17:22,026 : INFO : EventManager : Event: ======'machine_reset_phase_1'====== Args={}
2025-10-03 19:17:22,038 : INFO : EventManager : Event: ======'machine_reset_phase_2'====== Args={}
2025-10-03 19:17:22,039 : INFO : EventManager : Event: ======'machine_reset_phase_3'====== Args={}
2025-10-03 19:17:22,039 : INFO : EventManager : Event: ======'reset_complete'====== Args={}
2025-10-03 19:17:22,039 : INFO : EventManager : Event: ======'mode_attract_will_start'====== Args={}
2025-10-03 19:17:22,039 : INFO : EventManager : Event: ======'mode_attract_starting'====== Args={}
2025-10-03 19:17:22,039 : INFO : Mode.attract : Started. Priority: 10
2025-10-03 19:17:22,039 : INFO : EventManager : Event: ======'modes_active_modes_changed'====== Args={}
2025-10-03 19:17:22,039 : INFO : EventManager : Event: ======'mode_attract_started'====== Args={}
2025-10-03 19:17:22,040 : INFO : EventManager : Event: ======'collecting_balls_complete'====== Args={}
2025-10-03 19:17:22,089 : INFO : EventManager : Event: ======'slide_awesome_slide_created'====== Args={'_from_bcp': True}
2025-10-03 19:17:22,089 : INFO : EventManager : Event: ======'slide_awesome_slide_active'====== Args={'_from_bcp': True}
2025-10-03 19:17:22,089 : INFO : Machine : Starting the main run loop.
2025-10-03 19:17:22,842 : INFO : BcpServer : New client connected.
2025-10-03 19:17:25,058 : INFO : EventManager : Event: ======'slide_press_start_created'====== Args={'_from_bcp': True}
2025-10-03 19:17:25,061 : INFO : EventManager : Event: ======'slide_press_start_active'====== Args={'_from_bcp': True}
2025-10-03 19:17:28,051 : INFO : EventManager : Event: ======'slide_mission_pinball_created'====== Args={'_from_bcp': True}
2025-10-03 19:17:28,052 : INFO : EventManager : Event: ======'slide_mission_pinball_active'====== Args={'_from_bcp': True}
2025-10-03 19:17:31,053 : INFO : EventManager : Event: ======'slide_last_game_score_slide_created'====== Args={'_from_bcp': True}
2025-10-03 19:17:31,054 : INFO : EventManager : Event: ======'slide_last_game_score_slide_active'====== Args={'_from_bcp': True}
2025-10-03 19:17:34,049 : INFO : EventManager : Event: ======'slide_awesome_slide_removed'====== Args={'_from_bcp': True}
2025-10-03 19:17:34,051 : INFO : EventManager : Event: ======'slide_awesome_slide_created'====== Args={'_from_bcp': True}
2025-10-03 19:17:34,052 : INFO : EventManager : Event: ======'slide_awesome_slide_active'====== Args={'_from_bcp': True}
2025-10-03 19:17:37,061 : INFO : EventManager : Event: ======'slide_press_start_removed'====== Args={'_from_bcp': True}
2025-10-03 19:17:37,066 : INFO : EventManager : Event: ======'slide_press_start_created'====== Args={'_from_bcp': True}
2025-10-03 19:17:37,070 : INFO : EventManager : Event: ======'slide_press_start_active'====== Args={'_from_bcp': True}
2025-10-03 19:17:40,052 : INFO : EventManager : Event: ======'slide_mission_pinball_removed'====== Args={'_from_bcp': True}
2025-10-03 19:17:40,053 : INFO : EventManager : Event: ======'slide_mission_pinball_created'====== Args={'_from_bcp': True}
2025-10-03 19:17:40,054 : INFO : EventManager : Event: ======'slide_mission_pinball_active'====== Args={'_from_bcp': True}
2025-10-03 19:17:43,074 : INFO : EventManager : Event: ======'slide_last_game_score_slide_removed'====== Args={'_from_bcp': True}
2025-10-03 19:17:43,078 : INFO : EventManager : Event: ======'slide_last_game_score_slide_created'====== Args={'_from_bcp': True}
2025-10-03 19:17:43,084 : INFO : EventManager : Event: ======'slide_last_game_score_slide_active'====== Args={'_from_bcp': True}
2025-10-03 19:17:46,050 : INFO : EventManager : Event: ======'slide_awesome_slide_removed'====== Args={'_from_bcp': True}
2025-10-03 19:17:46,051 : INFO : EventManager : Event: ======'slide_awesome_slide_created'====== Args={'_from_bcp': True}
2025-10-03 19:17:46,052 : INFO : EventManager : Event: ======'slide_awesome_slide_active'====== Args={'_from_bcp': True}
2025-10-03 19:17:49,052 : INFO : EventManager : Event: ======'slide_press_start_removed'====== Args={'_from_bcp': True}
2025-10-03 19:17:49,055 : INFO : EventManager : Event: ======'slide_press_start_created'====== Args={'_from_bcp': True}
2025-10-03 19:17:49,056 : INFO : EventManager : Event: ======'slide_press_start_active'====== Args={'_from_bcp': True}
2025-10-03 19:17:52,065 : INFO : EventManager : Event: ======'slide_mission_pinball_removed'====== Args={'_from_bcp': True}
2025-10-03 19:17:52,067 : INFO : EventManager : Event: ======'slide_mission_pinball_created'====== Args={'_from_bcp': True}
2025-10-03 19:17:52,068 : INFO : EventManager : Event: ======'slide_mission_pinball_active'====== Args={'_from_bcp': True}
2025-10-03 19:17:55,047 : INFO : EventManager : Event: ======'slide_last_game_score_slide_removed'====== Args={'_from_bcp': True}
2025-10-03 19:17:55,058 : INFO : EventManager : Event: ======'slide_last_game_score_slide_created'====== Args={'_from_bcp': True}
2025-10-03 19:17:55,063 : INFO : EventManager : Event: ======'slide_last_game_score_slide_active'====== Args={'_from_bcp': True}
2025-10-03 19:17:58,049 : INFO : EventManager : Event: ======'slide_awesome_slide_removed'====== Args={'_from_bcp': True}
2025-10-03 19:17:58,049 : INFO : EventManager : Event: ======'slide_awesome_slide_created'====== Args={'_from_bcp': True}
2025-10-03 19:17:58,052 : INFO : EventManager : Event: ======'slide_awesome_slide_active'====== Args={'_from_bcp': True}
2025-10-03 19:18:01,056 : INFO : EventManager : Event: ======'slide_press_start_removed'====== Args={'_from_bcp': True}
2025-10-03 19:18:01,060 : INFO : EventManager : Event: ======'slide_press_start_created'====== Args={'_from_bcp': True}
2025-10-03 19:18:01,060 : INFO : EventManager : Event: ======'slide_press_start_active'====== Args={'_from_bcp': True}
2025-10-03 19:18:04,050 : INFO : EventManager : Event: ======'slide_mission_pinball_removed'====== Args={'_from_bcp': True}
2025-10-03 19:18:04,052 : INFO : EventManager : Event: ======'slide_mission_pinball_created'====== Args={'_from_bcp': True}
2025-10-03 19:18:04,053 : INFO : EventManager : Event: ======'slide_mission_pinball_active'====== Args={'_from_bcp': True}
2025-10-03 19:18:07,043 : INFO : EventManager : Event: ======'slide_last_game_score_slide_removed'====== Args={'_from_bcp': True}
2025-10-03 19:18:07,050 : INFO : EventManager : Event: ======'slide_last_game_score_slide_created'====== Args={'_from_bcp': True}
2025-10-03 19:18:07,054 : INFO : EventManager : Event: ======'slide_last_game_score_slide_active'====== Args={'_from_bcp': True}
2025-10-03 19:18:10,050 : INFO : EventManager : Event: ======'slide_awesome_slide_removed'====== Args={'_from_bcp': True}
2025-10-03 19:18:10,054 : INFO : EventManager : Event: ======'slide_awesome_slide_created'====== Args={'_from_bcp': True}
2025-10-03 19:18:10,057 : INFO : EventManager : Event: ======'slide_awesome_slide_active'====== Args={'_from_bcp': True}
2025-10-03 19:18:13,057 : INFO : EventManager : Event: ======'slide_press_start_removed'====== Args={'_from_bcp': True}
2025-10-03 19:18:13,068 : INFO : EventManager : Event: ======'slide_press_start_created'====== Args={'_from_bcp': True}
2025-10-03 19:18:13,070 : INFO : EventManager : Event: ======'slide_press_start_active'====== Args={'_from_bcp': True}
2025-10-03 19:18:14,134 : INFO : SwitchController : <<<<<<< 's_start' active >>>>>>>
2025-10-03 19:18:14,212 : INFO : SwitchController : <<<<<<< 's_start' inactive >>>>>>>
2025-10-03 19:18:14,212 : INFO : EventManager : Event: ======'request_to_start_game'====== Args={}
2025-10-03 19:18:14,212 : INFO : EventManager : Event: ======'game_start'====== Args={'buttons': [], 'hold_time': 0.07899999999790452}
2025-10-03 19:18:14,213 : INFO : EventManager : Event: ======'mode_game_will_start'====== Args={'buttons': [], 'hold_time': 0.07899999999790452}
2025-10-03 19:18:14,213 : INFO : EventManager : Event: ======'mode_game_starting'====== Args={'buttons': [], 'hold_time': 0.07899999999790452}
2025-10-03 19:18:14,213 : INFO : EventManager : Event: ======'mode_attract_will_stop'====== Args={}
2025-10-03 19:18:14,214 : INFO : EventManager : Event: ======'mode_attract_stopping'====== Args={}
2025-10-03 19:18:14,214 : INFO : Mode.attract : Stopped.
2025-10-03 19:18:14,214 : INFO : EventManager : Event: ======'modes_active_modes_changed'====== Args={}
2025-10-03 19:18:14,214 : INFO : EventManager : Event: ======'mode_attract_stopped'====== Args={}
2025-10-03 19:18:14,214 : INFO : EventManager : Event: ======'clear'====== Args={'key': 'attract'}
2025-10-03 19:18:14,215 : INFO : Mode.game : Started. Priority: 20
2025-10-03 19:18:14,215 : INFO : EventManager : Event: ======'modes_active_modes_changed'====== Args={}
2025-10-03 19:18:14,215 : INFO : EventManager : Event: ======'mode_game_started'====== Args={'buttons': [], 'hold_time': 0.07899999999790452}
2025-10-03 19:18:14,223 : INFO : EventManager : Event: ======'game_will_start'====== Args={}
2025-10-03 19:18:14,224 : INFO : EventManager : Event: ======'game_starting'====== Args={'game': <Mode.game>}
2025-10-03 19:18:14,225 : INFO : EventManager : Unordered handler for class <Auditor> on event game_ended with priority 1. Handlers: [RegisteredHandler(callback=<bound method Auditor.disable of <Auditor>>, priority=1, kwargs={}, key=UUID('4bc83b6a-a9d5-4ec2-a657-e0e054998980'), condition=None, blocking_facility=None), RegisteredHandler(callback=<bound method Auditor._save_audits of <Auditor>>, priority=1, kwargs={}, key=UUID('934d8e28-57dd-473a-9d3f-8d269de8a5c5'), condition=None, blocking_facility=None)]. The order of those handlers is not defined and they will be executed in random order. This might lead to race conditions and potential bugs.
2025-10-03 19:18:14,225 : INFO : EventManager : Event: ======'player_add_request'====== Args={}
2025-10-03 19:18:14,225 : INFO : EventManager : Event: ======'player_will_add'====== Args={'number': 1}
2025-10-03 19:18:14,225 : INFO : EventManager : Event: ======'player_adding'====== Args={'player': <Player 1>, 'number': 1}
2025-10-03 19:18:14,225 : INFO : EventManager : Event: ======'player_added'====== Args={'player': <Player 1>, 'num': 1}
2025-10-03 19:18:14,225 : INFO : Mode.game : Player added successfully. Total players: 1
2025-10-03 19:18:14,226 : INFO : EventManager : Event: ======'player_index'====== Args={'value': 0, 'prev_value': 0, 'change': 0, 'player_num': 1}
2025-10-03 19:18:14,226 : INFO : EventManager : Event: ======'player_number'====== Args={'value': 1, 'prev_value': 1, 'change': 0, 'player_num': 1}
2025-10-03 19:18:14,226 : INFO : EventManager : Event: ======'player_score'====== Args={'value': 0, 'prev_value': 0, 'change': 0, 'player_num': 1}
2025-10-03 19:18:14,227 : INFO : EventManager : Event: ======'game_started'====== Args={}
2025-10-03 19:18:14,237 : INFO : EventManager : Event: ======'player_turn_will_start'====== Args={'player': <Player 1>, 'number': 1}
2025-10-03 19:18:14,241 : INFO : EventManager : Event: ======'slide_mission_pinball_removed'====== Args={'_from_bcp': True}
2025-10-03 19:18:14,241 : INFO : EventManager : Event: ======'slide_last_game_score_slide_removed'====== Args={'_from_bcp': True}
2025-10-03 19:18:14,242 : INFO : EventManager : Event: ======'slide_awesome_slide_removed'====== Args={'_from_bcp': True}
2025-10-03 19:18:14,242 : INFO : EventManager : Event: ======'slide_press_start_removed'====== Args={'_from_bcp': True}
2025-10-03 19:18:14,242 : INFO : EventManager : Event: ======'slide_window_blank_active'====== Args={'_from_bcp': True}
2025-10-03 19:18:14,242 : INFO : EventManager : Event: ======'player_turn_starting'====== Args={'player': <Player 1>, 'number': 1}
2025-10-03 19:18:14,242 : INFO : EventManager : Event: ======'player_ball'====== Args={'value': 1, 'prev_value': 0, 'change': 1, 'player_num': 1}
2025-10-03 19:18:14,243 : INFO : EventManager : Event: ======'player_turn_started'====== Args={'player': <Player 1>, 'number': 1}
2025-10-03 19:18:14,243 : INFO : EventManager : Event: ======'ball_will_start'====== Args={'player': 1, 'ball': 1, 'balls_remaining': 2, 'is_extra_ball': False}
2025-10-03 19:18:14,246 : INFO : EventManager : Event: ======'ball_starting'====== Args={'player': 1, 'ball': 1, 'balls_remaining': 2, 'is_extra_ball': False}
2025-10-03 19:18:14,247 : INFO : EventManager : Event: ======'balls_in_play'====== Args={'balls': 1}
2025-10-03 19:18:14,247 : INFO : EventManager : Event: ======'ball_started'====== Args={'player': 1, 'ball': 1, 'balls_remaining': 2, 'is_extra_ball': False}
2025-10-03 19:18:14,247 : INFO : EventManager : Event: ======'mode_base_will_start'====== Args={'player': 1, 'ball': 1, 'balls_remaining': 2, 'is_extra_ball': False}
2025-10-03 19:18:14,248 : INFO : EventManager : Event: ======'player_shot_my_first_shot_enabled'====== Args={'value': True, 'prev_value': 0, 'change': 1, 'player_num': 1}
2025-10-03 19:18:14,248 : INFO : EventManager : Event: ======'player_shot_center_rollover_shot_enabled'====== Args={'value': True, 'prev_value': 0, 'change': 1, 'player_num': 1}
2025-10-03 19:18:14,249 : INFO : EventManager : Event: ======'mode_base_starting'====== Args={'player': 1, 'ball': 1, 'balls_remaining': 2, 'is_extra_ball': False}
2025-10-03 19:18:14,250 : INFO : Mode.base : Started. Priority: 100
2025-10-03 19:18:14,250 : INFO : EventManager : Event: ======'modes_active_modes_changed'====== Args={}
2025-10-03 19:18:14,250 : INFO : EventManager : Event: ======'mode_base_started'====== Args={'player': 1, 'ball': 1, 'balls_remaining': 2, 'is_extra_ball': False}
2025-10-03 19:18:14,252 : INFO : EventManager : Event: ======'single_player_ball_started'====== Args={}
2025-10-03 19:18:14,288 : INFO : EventManager : Event: ======'ball_start_target'====== Args={'target': 'playfield'}
2025-10-03 19:18:14,288 : INFO : EventManager : Event: ======'slide_base.slide_player-mode_base_started_created'====== Args={'_from_bcp': True}
2025-10-03 19:18:14,288 : INFO : EventManager : Event: ======'slide_base.slide_player-mode_base_started_active'====== Args={'_from_bcp': True}
2025-10-03 19:18:14,289 : INFO : ball_device.bd_plunger : Setting up player-controlled eject. Balls: 1, Target: <playfield.playfield>, player_controlled_eject_event: None
2025-10-03 19:18:14,289 : INFO : EventManager : Event: ======'balldevice_balls_available'====== Args={}
2025-10-03 19:18:14,290 : INFO : ball_device.bd_trough : State: waiting_for_target_ready
2025-10-03 19:18:14,290 : INFO : EventManager : Event: ======'balldevice_bd_trough_ball_eject_attempt'====== Args={'balls': 1, 'target': <ball_device.bd_plunger>, 'source': <ball_device.bd_trough>, 'mechanical_eject': True, 'num_attempts': 0}
2025-10-03 19:18:14,290 : INFO : ball_device.bd_plunger : State: waiting_for_ball
2025-10-03 19:18:14,290 : INFO : ball_device.bd_trough : State: ejecting
2025-10-03 19:18:14,291 : INFO : ball_device.bd_trough : Ejecting ball to <ball_device.bd_plunger>
2025-10-03 19:18:14,291 : INFO : EventManager : Event: ======'balldevice_bd_trough_ejecting_ball'====== Args={'balls': 1, 'target': <ball_device.bd_plunger>, 'source': <ball_device.bd_trough>, 'mechanical_eject': True, 'num_attempts': 0}
2025-10-03 19:18:14,291 : INFO : ball_device.bd_trough : Wait for ball to leave device
2025-10-03 19:18:14,291 : INFO : coil.c_trough_eject : Pulsing Driver for 20ms (1.0 pulse_power)
2025-10-03 19:18:14,292 : INFO : SwitchController : <<<<<<< 's_trough1' inactive >>>>>>>
2025-10-03 19:18:14,296 : INFO : ball_device.bd_trough : State: ball_left
2025-10-03 19:18:14,296 : INFO : ball_device.bd_trough : Ball left
2025-10-03 19:18:14,296 : INFO : ball_device.bd_trough : Wait for confirm with timeout 3.0
2025-10-03 19:18:14,383 : INFO : SwitchController : <<<<<<< 's_plunger' active >>>>>>>
2025-10-03 19:18:14,383 : INFO : EventManager : Event: ======'machine_var_audits_switches_s_plunger'====== Args={'value': 91, 'prev_value': 90, 'change': 1}
2025-10-03 19:18:14,890 : INFO : ball_device.bd_plunger : Received ball from <ball_device.bd_trough>
2025-10-03 19:18:14,890 : INFO : EventManager : Event: ======'balldevice_bd_plunger_ball_enter'====== Args={'new_balls': 1, 'unclaimed_balls': 0, 'new_available_balls': 0, 'device': <ball_device.bd_plunger>}
2025-10-03 19:18:14,892 : INFO : EventManager : Event: ======'balldevice_bd_plunger_ball_entered'====== Args={'new_balls': 0, 'device': <ball_device.bd_plunger>}
2025-10-03 19:18:14,894 : INFO : EventManager : Event: ======'balldevice_bd_plunger_ball_count_changed'====== Args={'balls': 1}
2025-10-03 19:18:14,895 : INFO : ball_device.bd_trough : Got eject confirm
2025-10-03 19:18:14,895 : INFO : ball_device.bd_trough : Eject successful
2025-10-03 19:18:14,895 : INFO : EventManager : Event: ======'balldevice_bd_trough_ball_eject_success'====== Args={'balls': 1, 'target': <ball_device.bd_plunger>}
2025-10-03 19:18:14,897 : INFO : EventManager : Event: ======'balldevice_bd_trough_ball_count_changed'====== Args={'balls': 5}
2025-10-03 19:18:14,897 : INFO : ball_device.bd_trough : State: idle
2025-10-03 19:18:14,899 : INFO : ball_device.bd_plunger : State: waiting_for_target_ready
2025-10-03 19:18:14,900 : INFO : EventManager : Event: ======'balldevice_bd_plunger_ball_eject_attempt'====== Args={'balls': 1, 'target': <playfield.playfield>, 'source': <ball_device.bd_plunger>, 'mechanical_eject': True, 'num_attempts': 0}
2025-10-03 19:18:14,902 : INFO : ball_device.bd_plunger : State: ejecting
2025-10-03 19:18:14,903 : INFO : ball_device.bd_plunger : Ejecting ball to <playfield.playfield>
2025-10-03 19:18:14,903 : INFO : EventManager : Event: ======'balldevice_bd_plunger_ejecting_ball'====== Args={'balls': 1, 'target': <playfield.playfield>, 'source': <ball_device.bd_plunger>, 'mechanical_eject': True, 'num_attempts': 0}
2025-10-03 19:18:14,907 : INFO : ball_device.bd_plunger : Wait for ball to leave device
2025-10-03 19:18:16,463 : WARNING : SwitchController : Received duplicate switch state 1 for switch s_plunger from the platform interface. Log Code: Log-SwitchController-1 (https://missionpinball.org/logs)
2025-10-03 19:18:16,549 : INFO : SwitchController : <<<<<<< 's_plunger' inactive >>>>>>>
2025-10-03 19:18:16,577 : INFO : ball_device.bd_plunger : State: ball_left
2025-10-03 19:18:16,578 : INFO : ball_device.bd_plunger : Ball left
2025-10-03 19:18:16,579 : INFO : ball_device.bd_plunger : Wait for confirm with timeout 5.0
2025-10-03 19:18:19,460 : INFO : SwitchController : <<<<<<< 's_right_inlane' active >>>>>>>
2025-10-03 19:18:19,461 : INFO : EventManager : Event: ======'playfield_active'====== Args={}
2025-10-03 19:18:19,461 : INFO : EventManager : Event: ======'s_right_inlane_active'====== Args={}
2025-10-03 19:18:19,461 : INFO : EventManager : Event: ======'sw_playfield_active'====== Args={}
2025-10-03 19:18:19,461 : INFO : EventManager : Event: ======'machine_var_audits_switches_s_right_inlane'====== Args={'value': 108, 'prev_value': 107, 'change': 1}
2025-10-03 19:18:19,462 : INFO : EventManager : Event: ======'player_shot_my_first_shot'====== Args={'value': 1, 'prev_value': 0, 'change': 1, 'player_num': 1}
2025-10-03 19:18:19,462 : INFO : EventManager : Event: ======'machine_var_audits_shots_my_first_shot'====== Args={'value': 76, 'prev_value': 75, 'change': 1}
2025-10-03 19:18:19,463 : INFO : EventManager : Event: ======'my_first_shot_hit'====== Args={'profile': 'default', 'state': 'unlit', 'advancing': True}
2025-10-03 19:18:19,463 : INFO : EventManager : Event: ======'my_first_shot_default_hit'====== Args={'profile': 'default', 'state': 'unlit', 'advancing': True}
2025-10-03 19:18:19,463 : INFO : EventManager : Event: ======'my_first_shot_default_unlit_hit'====== Args={'profile': 'default', 'state': 'unlit', 'advancing': True}
2025-10-03 19:18:19,463 : INFO : EventManager : Event: ======'my_first_shot_unlit_hit'====== Args={'profile': 'default', 'state': 'unlit', 'advancing': True}
2025-10-03 19:18:19,463 : INFO : EventManager : Event: ======'player_score'====== Args={'value': 100, 'prev_value': 0, 'change': 100, 'player_num': 1, 'source': 'base'}
2025-10-03 19:18:19,463 : INFO : EventManager : Event: ======'player_score'====== Args={'value': 142, 'prev_value': 100, 'change': 42, 'player_num': 1, 'source': 'base'}
2025-10-03 19:18:19,464 : INFO : EventManager : Event: ======'playfield_active'====== Args={}
2025-10-03 19:18:19,480 : INFO : ball_device.bd_plunger : Got eject confirm
2025-10-03 19:18:19,480 : INFO : ball_device.bd_plunger : Eject successful
2025-10-03 19:18:19,480 : INFO : EventManager : Event: ======'balldevice_bd_plunger_ball_eject_success'====== Args={'balls': 1, 'target': <playfield.playfield>}
2025-10-03 19:18:19,480 : INFO : EventManager : Event: ======'balldevice_playfield_ball_enter'====== Args={'new_balls': 1, 'unclaimed_balls': 1, 'device': <playfield.playfield>}
2025-10-03 19:18:19,481 : INFO : EventManager : Event: ======'playfield_ball_count_change'====== Args={'balls': 1, 'change': 1}
2025-10-03 19:18:19,481 : INFO : EventManager : Event: ======'balldevice_bd_plunger_ball_count_changed'====== Args={'balls': 0}
2025-10-03 19:18:19,481 : INFO : ball_device.bd_plunger : State: idle
2025-10-03 19:18:22,661 : INFO : SwitchController : <<<<<<< 's_center_rollover' active >>>>>>>
2025-10-03 19:18:22,661 : INFO : EventManager : Event: ======'s_center_rollover_active'====== Args={}
2025-10-03 19:18:22,661 : INFO : EventManager : Event: ======'machine_var_audits_switches_s_center_rollover'====== Args={'value': 36, 'prev_value': 35, 'change': 1}
2025-10-03 19:18:22,662 : INFO : EventManager : Event: ======'player_shot_center_rollover_shot'====== Args={'value': 1, 'prev_value': 0, 'change': 1, 'player_num': 1}
2025-10-03 19:18:22,662 : INFO : EventManager : Event: ======'machine_var_audits_shots_center_rollover_shot'====== Args={'value': 36, 'prev_value': 35, 'change': 1}
2025-10-03 19:18:22,663 : INFO : EventManager : Event: ======'center_rollover_shot_hit'====== Args={'profile': 'center_rollover_profile', 'state': 'unlit', 'advancing': True}
2025-10-03 19:18:22,663 : INFO : EventManager : Event: ======'center_rollover_shot_center_rollover_profile_hit'====== Args={'profile': 'center_rollover_profile', 'state': 'unlit', 'advancing': True}
2025-10-03 19:18:22,663 : INFO : EventManager : Event: ======'center_rollover_shot_center_rollover_profile_unlit_hit'====== Args={'profile': 'center_rollover_profile', 'state': 'unlit', 'advancing': True}
2025-10-03 19:18:22,663 : INFO : EventManager : Event: ======'center_rollover_shot_unlit_hit'====== Args={'profile': 'center_rollover_profile', 'state': 'unlit', 'advancing': True}
2025-10-03 19:18:22,663 : INFO : EventManager : Event: ======'player_score'====== Args={'value': 267, 'prev_value': 142, 'change': 125, 'player_num': 1, 'source': 'base'}
2025-10-03 19:18:23,373 : INFO : SwitchController : <<<<<<< 's_center_rollover' inactive >>>>>>>
2025-10-03 19:18:24,748 : INFO : SwitchController : <<<<<<< 's_center_rollover' active >>>>>>>
2025-10-03 19:18:24,749 : INFO : EventManager : Event: ======'s_center_rollover_active'====== Args={}
2025-10-03 19:18:24,749 : INFO : EventManager : Event: ======'machine_var_audits_switches_s_center_rollover'====== Args={'value': 37, 'prev_value': 36, 'change': 1}
2025-10-03 19:18:24,750 : INFO : EventManager : Event: ======'player_shot_center_rollover_shot'====== Args={'value': 2, 'prev_value': 1, 'change': 1, 'player_num': 1}
2025-10-03 19:18:24,750 : INFO : EventManager : Event: ======'machine_var_audits_shots_center_rollover_shot'====== Args={'value': 37, 'prev_value': 36, 'change': 1}
2025-10-03 19:18:24,751 : INFO : EventManager : Event: ======'center_rollover_shot_hit'====== Args={'profile': 'center_rollover_profile', 'state': 'flashing', 'advancing': True}
2025-10-03 19:18:24,751 : INFO : EventManager : Event: ======'center_rollover_shot_center_rollover_profile_hit'====== Args={'profile': 'center_rollover_profile', 'state': 'flashing', 'advancing': True}
2025-10-03 19:18:24,751 : INFO : EventManager : Event: ======'center_rollover_shot_center_rollover_profile_flashing_hit'====== Args={'profile': 'center_rollover_profile', 'state': 'flashing', 'advancing': True}
2025-10-03 19:18:24,751 : INFO : EventManager : Event: ======'center_rollover_shot_flashing_hit'====== Args={'profile': 'center_rollover_profile', 'state': 'flashing', 'advancing': True}
2025-10-03 19:18:24,752 : INFO : EventManager : Event: ======'player_score'====== Args={'value': 392, 'prev_value': 267, 'change': 125, 'player_num': 1, 'source': 'base'}
2025-10-03 19:18:25,540 : INFO : SwitchController : <<<<<<< 's_center_rollover' inactive >>>>>>>
2025-10-03 19:18:26,180 : INFO : SwitchController : <<<<<<< 's_center_rollover' active >>>>>>>
2025-10-03 19:18:26,180 : INFO : EventManager : Event: ======'s_center_rollover_active'====== Args={}
2025-10-03 19:18:26,181 : INFO : EventManager : Event: ======'machine_var_audits_switches_s_center_rollover'====== Args={'value': 38, 'prev_value': 37, 'change': 1}
2025-10-03 19:18:26,181 : INFO : EventManager : Event: ======'player_shot_center_rollover_shot'====== Args={'value': 0, 'prev_value': 2, 'change': -2, 'player_num': 1}
2025-10-03 19:18:26,182 : INFO : EventManager : Event: ======'machine_var_audits_shots_center_rollover_shot'====== Args={'value': 38, 'prev_value': 37, 'change': 1}
2025-10-03 19:18:26,182 : INFO : EventManager : Event: ======'center_rollover_shot_hit'====== Args={'profile': 'center_rollover_profile', 'state': 'lit', 'advancing': True}
2025-10-03 19:18:26,182 : INFO : EventManager : Event: ======'center_rollover_shot_center_rollover_profile_hit'====== Args={'profile': 'center_rollover_profile', 'state': 'lit', 'advancing': True}
2025-10-03 19:18:26,182 : INFO : EventManager : Event: ======'center_rollover_shot_center_rollover_profile_lit_hit'====== Args={'profile': 'center_rollover_profile', 'state': 'lit', 'advancing': True}
2025-10-03 19:18:26,182 : INFO : EventManager : Event: ======'center_rollover_shot_lit_hit'====== Args={'profile': 'center_rollover_profile', 'state': 'lit', 'advancing': True}
2025-10-03 19:18:26,183 : INFO : EventManager : Event: ======'player_score'====== Args={'value': 517, 'prev_value': 392, 'change': 125, 'player_num': 1, 'source': 'base'}
2025-10-03 19:18:26,733 : INFO : SwitchController : <<<<<<< 's_center_rollover' inactive >>>>>>>
2025-10-03 19:18:27,461 : INFO : SwitchController : <<<<<<< 's_center_rollover' active >>>>>>>
2025-10-03 19:18:27,461 : INFO : EventManager : Event: ======'s_center_rollover_active'====== Args={}
2025-10-03 19:18:27,461 : INFO : EventManager : Event: ======'machine_var_audits_switches_s_center_rollover'====== Args={'value': 39, 'prev_value': 38, 'change': 1}
2025-10-03 19:18:27,462 : INFO : EventManager : Event: ======'player_shot_center_rollover_shot'====== Args={'value': 1, 'prev_value': 0, 'change': 1, 'player_num': 1}
2025-10-03 19:18:27,462 : INFO : EventManager : Event: ======'machine_var_audits_shots_center_rollover_shot'====== Args={'value': 39, 'prev_value': 38, 'change': 1}
2025-10-03 19:18:27,463 : INFO : EventManager : Event: ======'center_rollover_shot_hit'====== Args={'profile': 'center_rollover_profile', 'state': 'unlit', 'advancing': True}
2025-10-03 19:18:27,463 : INFO : EventManager : Event: ======'center_rollover_shot_center_rollover_profile_hit'====== Args={'profile': 'center_rollover_profile', 'state': 'unlit', 'advancing': True}
2025-10-03 19:18:27,463 : INFO : EventManager : Event: ======'center_rollover_shot_center_rollover_profile_unlit_hit'====== Args={'profile': 'center_rollover_profile', 'state': 'unlit', 'advancing': True}
2025-10-03 19:18:27,463 : INFO : EventManager : Event: ======'center_rollover_shot_unlit_hit'====== Args={'profile': 'center_rollover_profile', 'state': 'unlit', 'advancing': True}
2025-10-03 19:18:27,464 : INFO : EventManager : Event: ======'player_score'====== Args={'value': 642, 'prev_value': 517, 'change': 125, 'player_num': 1, 'source': 'base'}
2025-10-03 19:18:28,581 : INFO : SwitchController : <<<<<<< 's_center_rollover' inactive >>>>>>>
2025-10-03 19:18:32,004 : INFO : SwitchController : <<<<<<< 's_center_rollover' active >>>>>>>
2025-10-03 19:18:32,004 : INFO : EventManager : Event: ======'s_center_rollover_active'====== Args={}
2025-10-03 19:18:32,004 : INFO : EventManager : Event: ======'machine_var_audits_switches_s_center_rollover'====== Args={'value': 40, 'prev_value': 39, 'change': 1}
2025-10-03 19:18:32,005 : INFO : EventManager : Event: ======'player_shot_center_rollover_shot'====== Args={'value': 2, 'prev_value': 1, 'change': 1, 'player_num': 1}
2025-10-03 19:18:32,006 : INFO : EventManager : Event: ======'machine_var_audits_shots_center_rollover_shot'====== Args={'value': 40, 'prev_value': 39, 'change': 1}
2025-10-03 19:18:32,006 : INFO : EventManager : Event: ======'center_rollover_shot_hit'====== Args={'profile': 'center_rollover_profile', 'state': 'flashing', 'advancing': True}
2025-10-03 19:18:32,006 : INFO : EventManager : Event: ======'center_rollover_shot_center_rollover_profile_hit'====== Args={'profile': 'center_rollover_profile', 'state': 'flashing', 'advancing': True}
2025-10-03 19:18:32,006 : INFO : EventManager : Event: ======'center_rollover_shot_center_rollover_profile_flashing_hit'====== Args={'profile': 'center_rollover_profile', 'state': 'flashing', 'advancing': True}
2025-10-03 19:18:32,006 : INFO : EventManager : Event: ======'center_rollover_shot_flashing_hit'====== Args={'profile': 'center_rollover_profile', 'state': 'flashing', 'advancing': True}
2025-10-03 19:18:32,007 : INFO : EventManager : Event: ======'player_score'====== Args={'value': 767, 'prev_value': 642, 'change': 125, 'player_num': 1, 'source': 'base'}
2025-10-03 19:18:35,951 : INFO : SwitchController : <<<<<<< 's_trough1' active >>>>>>>
2025-10-03 19:18:35,952 : INFO : EventManager : Event: ======'machine_var_audits_switches_s_trough1'====== Args={'value': 64, 'prev_value': 63, 'change': 1}
2025-10-03 19:18:36,451 : INFO : EventManager : Event: ======'balldevice_bd_trough_ball_count_changed'====== Args={'balls': 6}
2025-10-03 19:18:36,452 : INFO : ball_device.bd_trough : Received unexpected ball
2025-10-03 19:18:36,452 : INFO : EventManager : Event: ======'balldevice_captured_from_playfield'====== Args={'balls': 1}
2025-10-03 19:18:36,453 : INFO : EventManager : Event: ======'sw_playfield_active'====== Args={'balls': 1}
2025-10-03 19:18:36,454 : INFO : EventManager : Event: ======'playfield_ball_count_change'====== Args={'balls': 0, 'change': -1}
2025-10-03 19:18:36,455 : INFO : EventManager : Event: ======'balldevice_bd_trough_ball_enter'====== Args={'new_balls': 1, 'unclaimed_balls': 1, 'new_available_balls': 1, 'device': <ball_device.bd_trough>}
2025-10-03 19:18:36,455 : INFO : EventManager : Event: ======'ball_drain'====== Args={'device': <ball_device.bd_trough>, 'balls': 1}
2025-10-03 19:18:36,456 : INFO : EventManager : Event: ======'ball_will_end'====== Args={}
2025-10-03 19:18:36,456 : INFO : EventManager : Event: ======'balldevice_balls_available'====== Args={}
2025-10-03 19:18:36,456 : INFO : EventManager : Event: ======'balldevice_bd_trough_ball_entered'====== Args={'new_balls': 1, 'device': <ball_device.bd_trough>}
2025-10-03 19:18:36,458 : INFO : EventManager : Event: ======'ball_ending'====== Args={}
2025-10-03 19:18:36,458 : INFO : EventManager : Event: ======'mode_base_will_stop'====== Args={}
2025-10-03 19:18:36,459 : INFO : EventManager : Event: ======'mode_base_stopping'====== Args={}
2025-10-03 19:18:36,459 : INFO : Mode.base : Stopped.
2025-10-03 19:18:36,459 : INFO : EventManager : Event: ======'modes_active_modes_changed'====== Args={}
2025-10-03 19:18:36,460 : INFO : EventManager : Event: ======'mode_base_stopped'====== Args={}
2025-10-03 19:18:36,460 : INFO : EventManager : Event: ======'clear'====== Args={'key': 'base'}
2025-10-03 19:18:36,503 : INFO : EventManager : Event: ======'ball_ended'====== Args={}
2025-10-03 19:18:36,504 : INFO : EventManager : Event: ======'slide_base.slide_player-mode_base_started_removed'====== Args={'_from_bcp': True}
2025-10-03 19:18:36,504 : INFO : EventManager : Event: ======'slide_window_blank_active'====== Args={'_from_bcp': True}
2025-10-03 19:18:36,505 : INFO : EventManager : Event: ======'player_turn_will_end'====== Args={'player': <Player 1>, 'number': 1}
2025-10-03 19:18:36,507 : INFO : EventManager : Event: ======'player_turn_ending'====== Args={'player': <Player 1>, 'number': 1}
2025-10-03 19:18:36,508 : INFO : EventManager : Event: ======'player_turn_ended'====== Args={'player': <Player 1>, 'number': 1}
2025-10-03 19:18:36,508 : INFO : EventManager : Event: ======'player_turn_will_start'====== Args={'player': <Player 1>, 'number': 1}
2025-10-03 19:18:36,509 : INFO : EventManager : Event: ======'player_turn_starting'====== Args={'player': <Player 1>, 'number': 1}
2025-10-03 19:18:36,509 : INFO : EventManager : Event: ======'player_ball'====== Args={'value': 2, 'prev_value': 1, 'change': 1, 'player_num': 1}
2025-10-03 19:18:36,510 : INFO : EventManager : Event: ======'player_turn_started'====== Args={'player': <Player 1>, 'number': 1}
2025-10-03 19:18:36,511 : INFO : EventManager : Event: ======'ball_will_start'====== Args={'player': 1, 'ball': 2, 'balls_remaining': 1, 'is_extra_ball': False}
2025-10-03 19:18:36,516 : INFO : EventManager : Event: ======'ball_starting'====== Args={'player': 1, 'ball': 2, 'balls_remaining': 1, 'is_extra_ball': False}
2025-10-03 19:18:36,517 : INFO : EventManager : Event: ======'balls_in_play'====== Args={'balls': 1}
2025-10-03 19:18:36,517 : INFO : EventManager : Event: ======'ball_started'====== Args={'player': 1, 'ball': 2, 'balls_remaining': 1, 'is_extra_ball': False}
2025-10-03 19:18:36,517 : INFO : EventManager : Event: ======'mode_base_will_start'====== Args={'player': 1, 'ball': 2, 'balls_remaining': 1, 'is_extra_ball': False}
2025-10-03 19:18:36,519 : INFO : EventManager : Event: ======'mode_base_starting'====== Args={'player': 1, 'ball': 2, 'balls_remaining': 1, 'is_extra_ball': False}
2025-10-03 19:18:36,520 : INFO : Mode.base : Started. Priority: 100
2025-10-03 19:18:36,520 : INFO : EventManager : Event: ======'modes_active_modes_changed'====== Args={}
2025-10-03 19:18:36,520 : INFO : EventManager : Event: ======'mode_base_started'====== Args={'player': 1, 'ball': 2, 'balls_remaining': 1, 'is_extra_ball': False}
2025-10-03 19:18:36,522 : INFO : EventManager : Event: ======'single_player_ball_started'====== Args={}
2025-10-03 19:18:36,559 : INFO : EventManager : Event: ======'ball_start_target'====== Args={'target': 'playfield'}
2025-10-03 19:18:36,559 : INFO : EventManager : Event: ======'slide_base.slide_player-mode_base_started_created'====== Args={'_from_bcp': True}
2025-10-03 19:18:36,559 : INFO : EventManager : Event: ======'slide_base.slide_player-mode_base_started_active'====== Args={'_from_bcp': True}
2025-10-03 19:18:36,560 : INFO : ball_device.bd_plunger : Setting up player-controlled eject. Balls: 1, Target: <playfield.playfield>, player_controlled_eject_event: None
2025-10-03 19:18:36,560 : INFO : EventManager : Event: ======'balldevice_balls_available'====== Args={}
2025-10-03 19:18:36,560 : INFO : ball_device.bd_trough : State: waiting_for_target_ready
2025-10-03 19:18:36,561 : INFO : EventManager : Event: ======'balldevice_bd_trough_ball_eject_attempt'====== Args={'balls': 1, 'target': <ball_device.bd_plunger>, 'source': <ball_device.bd_trough>, 'mechanical_eject': True, 'num_attempts': 0}
2025-10-03 19:18:36,561 : INFO : ball_device.bd_plunger : State: waiting_for_ball
2025-10-03 19:18:36,561 : INFO : ball_device.bd_trough : State: ejecting
2025-10-03 19:18:36,562 : INFO : ball_device.bd_trough : Ejecting ball to <ball_device.bd_plunger>
2025-10-03 19:18:36,562 : INFO : EventManager : Event: ======'balldevice_bd_trough_ejecting_ball'====== Args={'balls': 1, 'target': <ball_device.bd_plunger>, 'source': <ball_device.bd_trough>, 'mechanical_eject': True, 'num_attempts': 0}
2025-10-03 19:18:36,562 : INFO : ball_device.bd_trough : Wait for ball to leave device
2025-10-03 19:18:36,562 : INFO : coil.c_trough_eject : Pulsing Driver for 20ms (1.0 pulse_power)
2025-10-03 19:18:36,563 : INFO : SwitchController : <<<<<<< 's_trough1' inactive >>>>>>>
2025-10-03 19:18:36,568 : INFO : ball_device.bd_trough : State: ball_left
2025-10-03 19:18:36,568 : INFO : ball_device.bd_trough : Ball left
2025-10-03 19:18:36,569 : INFO : ball_device.bd_trough : Wait for confirm with timeout 3.0
2025-10-03 19:18:36,656 : INFO : SwitchController : <<<<<<< 's_plunger' active >>>>>>>
2025-10-03 19:18:36,656 : INFO : EventManager : Event: ======'machine_var_audits_switches_s_plunger'====== Args={'value': 92, 'prev_value': 91, 'change': 1}
2025-10-03 19:18:37,146 : INFO : ball_device.bd_plunger : Received ball from <ball_device.bd_trough>
2025-10-03 19:18:37,147 : INFO : EventManager : Event: ======'balldevice_bd_plunger_ball_enter'====== Args={'new_balls': 1, 'unclaimed_balls': 0, 'new_available_balls': 0, 'device': <ball_device.bd_plunger>}
2025-10-03 19:18:37,148 : INFO : EventManager : Event: ======'balldevice_bd_plunger_ball_entered'====== Args={'new_balls': 0, 'device': <ball_device.bd_plunger>}
2025-10-03 19:18:37,149 : INFO : EventManager : Event: ======'balldevice_bd_plunger_ball_count_changed'====== Args={'balls': 1}
2025-10-03 19:18:37,150 : INFO : ball_device.bd_trough : Got eject confirm
2025-10-03 19:18:37,150 : INFO : ball_device.bd_trough : Eject successful
2025-10-03 19:18:37,151 : INFO : EventManager : Event: ======'balldevice_bd_trough_ball_eject_success'====== Args={'balls': 1, 'target': <ball_device.bd_plunger>}
2025-10-03 19:18:37,152 : INFO : EventManager : Event: ======'balldevice_bd_trough_ball_count_changed'====== Args={'balls': 5}
2025-10-03 19:18:37,153 : INFO : ball_device.bd_trough : State: idle
2025-10-03 19:18:37,154 : INFO : ball_device.bd_plunger : State: waiting_for_target_ready
2025-10-03 19:18:37,154 : INFO : EventManager : Event: ======'balldevice_bd_plunger_ball_eject_attempt'====== Args={'balls': 1, 'target': <playfield.playfield>, 'source': <ball_device.bd_plunger>, 'mechanical_eject': True, 'num_attempts': 0}
2025-10-03 19:18:37,155 : INFO : ball_device.bd_plunger : State: ejecting
2025-10-03 19:18:37,156 : INFO : ball_device.bd_plunger : Ejecting ball to <playfield.playfield>
2025-10-03 19:18:37,156 : INFO : EventManager : Event: ======'balldevice_bd_plunger_ejecting_ball'====== Args={'balls': 1, 'target': <playfield.playfield>, 'source': <ball_device.bd_plunger>, 'mechanical_eject': True, 'num_attempts': 0}
2025-10-03 19:18:37,158 : INFO : ball_device.bd_plunger : Wait for ball to leave device
2025-10-03 19:18:38,705 : WARNING : SwitchController : Received duplicate switch state 1 for switch s_plunger from the platform interface. Log Code: Log-SwitchController-1 (https://missionpinball.org/logs)
2025-10-03 19:18:38,794 : INFO : SwitchController : <<<<<<< 's_plunger' inactive >>>>>>>
2025-10-03 19:18:38,804 : INFO : ball_device.bd_plunger : State: ball_left
2025-10-03 19:18:38,804 : INFO : ball_device.bd_plunger : Ball left
2025-10-03 19:18:38,804 : INFO : ball_device.bd_plunger : Wait for confirm with timeout 5.0
2025-10-03 19:18:40,132 : INFO : SwitchController : <<<<<<< 's_right_inlane' inactive >>>>>>>
2025-10-03 19:18:40,637 : INFO : SwitchController : <<<<<<< 's_right_inlane' active >>>>>>>
2025-10-03 19:18:40,637 : INFO : EventManager : Event: ======'playfield_active'====== Args={}
2025-10-03 19:18:40,637 : INFO : EventManager : Event: ======'s_right_inlane_active'====== Args={}
2025-10-03 19:18:40,637 : INFO : EventManager : Event: ======'sw_playfield_active'====== Args={}
2025-10-03 19:18:40,637 : INFO : EventManager : Event: ======'machine_var_audits_switches_s_right_inlane'====== Args={'value': 109, 'prev_value': 108, 'change': 1}
2025-10-03 19:18:40,638 : INFO : EventManager : Event: ======'machine_var_audits_shots_my_first_shot'====== Args={'value': 77, 'prev_value': 76, 'change': 1}
2025-10-03 19:18:40,639 : INFO : EventManager : Event: ======'my_first_shot_hit'====== Args={'profile': 'default', 'state': 'lit', 'advancing': False}
2025-10-03 19:18:40,639 : INFO : EventManager : Event: ======'my_first_shot_default_hit'====== Args={'profile': 'default', 'state': 'lit', 'advancing': False}
2025-10-03 19:18:40,639 : INFO : EventManager : Event: ======'my_first_shot_default_lit_hit'====== Args={'profile': 'default', 'state': 'lit', 'advancing': False}
2025-10-03 19:18:40,639 : INFO : EventManager : Event: ======'my_first_shot_lit_hit'====== Args={'profile': 'default', 'state': 'lit', 'advancing': False}
2025-10-03 19:18:40,639 : INFO : EventManager : Event: ======'player_score'====== Args={'value': 867, 'prev_value': 767, 'change': 100, 'player_num': 1, 'source': 'base'}
2025-10-03 19:18:40,639 : INFO : EventManager : Event: ======'player_score'====== Args={'value': 909, 'prev_value': 867, 'change': 42, 'player_num': 1, 'source': 'base'}
2025-10-03 19:18:40,640 : INFO : EventManager : Event: ======'playfield_active'====== Args={}
2025-10-03 19:18:40,647 : INFO : ball_device.bd_plunger : Got eject confirm
2025-10-03 19:18:40,647 : INFO : ball_device.bd_plunger : Eject successful
2025-10-03 19:18:40,648 : INFO : EventManager : Event: ======'balldevice_bd_plunger_ball_eject_success'====== Args={'balls': 1, 'target': <playfield.playfield>}
2025-10-03 19:18:40,648 : INFO : EventManager : Event: ======'balldevice_playfield_ball_enter'====== Args={'new_balls': 1, 'unclaimed_balls': 1, 'device': <playfield.playfield>}
2025-10-03 19:18:40,648 : INFO : EventManager : Event: ======'playfield_ball_count_change'====== Args={'balls': 1, 'change': 1}
2025-10-03 19:18:40,649 : INFO : EventManager : Event: ======'balldevice_bd_plunger_ball_count_changed'====== Args={'balls': 0}
2025-10-03 19:18:40,649 : INFO : ball_device.bd_plunger : State: idle
2025-10-03 19:18:42,476 : INFO : SwitchController : <<<<<<< 's_center_rollover' inactive >>>>>>>
2025-10-03 19:18:45,669 : INFO : SwitchController : <<<<<<< 's_sling_left' active >>>>>>>
2025-10-03 19:18:45,669 : INFO : EventManager : Event: ======'machine_var_audits_switches_s_sling_left'====== Args={'value': 3, 'prev_value': 2, 'change': 1}
2025-10-03 19:18:47,221 : INFO : SwitchController : <<<<<<< 's_left_inlane' active >>>>>>>
2025-10-03 19:18:47,221 : INFO : EventManager : Event: ======'sw_playfield_active'====== Args={}
2025-10-03 19:18:47,221 : INFO : EventManager : Event: ======'machine_var_audits_switches_s_left_inlane'====== Args={'value': 8, 'prev_value': 7, 'change': 1}
2025-10-03 19:18:58,564 : INFO : SwitchController : <<<<<<< 's_center_rollover' active >>>>>>>
2025-10-03 19:18:58,564 : INFO : EventManager : Event: ======'s_center_rollover_active'====== Args={}
2025-10-03 19:18:58,564 : INFO : EventManager : Event: ======'machine_var_audits_switches_s_center_rollover'====== Args={'value': 41, 'prev_value': 40, 'change': 1}
2025-10-03 19:18:58,565 : INFO : EventManager : Event: ======'player_shot_center_rollover_shot'====== Args={'value': 0, 'prev_value': 2, 'change': -2, 'player_num': 1}
2025-10-03 19:18:58,565 : INFO : EventManager : Event: ======'machine_var_audits_shots_center_rollover_shot'====== Args={'value': 41, 'prev_value': 40, 'change': 1}
2025-10-03 19:18:58,566 : INFO : EventManager : Event: ======'center_rollover_shot_hit'====== Args={'profile': 'center_rollover_profile', 'state': 'lit', 'advancing': True}
2025-10-03 19:18:58,566 : INFO : EventManager : Event: ======'center_rollover_shot_center_rollover_profile_hit'====== Args={'profile': 'center_rollover_profile', 'state': 'lit', 'advancing': True}
2025-10-03 19:18:58,566 : INFO : EventManager : Event: ======'center_rollover_shot_center_rollover_profile_lit_hit'====== Args={'profile': 'center_rollover_profile', 'state': 'lit', 'advancing': True}
2025-10-03 19:18:58,566 : INFO : EventManager : Event: ======'center_rollover_shot_lit_hit'====== Args={'profile': 'center_rollover_profile', 'state': 'lit', 'advancing': True}
2025-10-03 19:18:58,567 : INFO : EventManager : Event: ======'player_score'====== Args={'value': 1034, 'prev_value': 909, 'change': 125, 'player_num': 1, 'source': 'base'}
2025-10-03 19:19:13,181 : INFO : SwitchController : <<<<<<< 's_right_inlane' inactive >>>>>>>
2025-10-03 19:19:14,460 : INFO : SwitchController : <<<<<<< 's_left_inlane' inactive >>>>>>>
2025-10-03 19:19:23,133 : INFO : SwitchController : <<<<<<< 's_sling_left' inactive >>>>>>>
2025-10-03 19:19:25,036 : INFO : SwitchController : <<<<<<< 's_center_rollover' inactive >>>>>>>
2025-10-03 19:19:28,595 : INFO : SwitchController : <<<<<<< 's_left_flipper' active >>>>>>>
2025-10-03 19:19:28,596 : INFO : EventManager : Event: ======'s_left_flipper_active'====== Args={}
2025-10-03 19:19:28,597 : INFO : EventManager : Event: ======'machine_var_audits_switches_s_left_flipper'====== Args={'value': 266, 'prev_value': 265, 'change': 1}
2025-10-03 19:19:28,600 : INFO : EventManager : Event: ======'player_score'====== Args={'value': 2034, 'prev_value': 1034, 'change': 1000, 'player_num': 1, 'source': 'base'}
2025-10-03 19:19:28,601 : INFO : EventManager : Event: ======'player_potato'====== Args={'value': 1, 'prev_value': 0, 'change': 1, 'player_num': 1, 'source': 'base'}
2025-10-03 19:19:28,729 : INFO : SwitchController : <<<<<<< 's_left_flipper' inactive >>>>>>>
2025-10-03 19:19:29,201 : INFO : SwitchController : <<<<<<< 's_left_flipper' active >>>>>>>
2025-10-03 19:19:29,202 : INFO : EventManager : Event: ======'s_left_flipper_active'====== Args={}
2025-10-03 19:19:29,202 : INFO : EventManager : Event: ======'machine_var_audits_switches_s_left_flipper'====== Args={'value': 267, 'prev_value': 266, 'change': 1}
2025-10-03 19:19:29,205 : INFO : EventManager : Event: ======'player_score'====== Args={'value': 3034, 'prev_value': 2034, 'change': 1000, 'player_num': 1, 'source': 'base'}
2025-10-03 19:19:29,206 : INFO : EventManager : Event: ======'player_potato'====== Args={'value': 2, 'prev_value': 1, 'change': 1, 'player_num': 1, 'source': 'base'}
2025-10-03 19:19:29,294 : INFO : SwitchController : <<<<<<< 's_left_flipper' inactive >>>>>>>
2025-10-03 19:19:29,655 : INFO : SwitchController : <<<<<<< 's_left_flipper' active >>>>>>>
2025-10-03 19:19:29,655 : INFO : EventManager : Event: ======'s_left_flipper_active'====== Args={}
2025-10-03 19:19:29,657 : INFO : EventManager : Event: ======'machine_var_audits_switches_s_left_flipper'====== Args={'value': 268, 'prev_value': 267, 'change': 1}
2025-10-03 19:19:29,660 : INFO : EventManager : Event: ======'player_score'====== Args={'value': 4034, 'prev_value': 3034, 'change': 1000, 'player_num': 1, 'source': 'base'}
2025-10-03 19:19:29,662 : INFO : EventManager : Event: ======'player_potato'====== Args={'value': 3, 'prev_value': 2, 'change': 1, 'player_num': 1, 'source': 'base'}
2025-10-03 19:19:29,735 : INFO : SwitchController : <<<<<<< 's_left_flipper' inactive >>>>>>>
2025-10-03 19:19:30,173 : INFO : SwitchController : <<<<<<< 's_left_flipper' active >>>>>>>
2025-10-03 19:19:30,174 : INFO : EventManager : Event: ======'s_left_flipper_active'====== Args={}
2025-10-03 19:19:30,174 : INFO : EventManager : Event: ======'machine_var_audits_switches_s_left_flipper'====== Args={'value': 269, 'prev_value': 268, 'change': 1}
2025-10-03 19:19:30,175 : INFO : EventManager : Event: ======'player_score'====== Args={'value': 5034, 'prev_value': 4034, 'change': 1000, 'player_num': 1, 'source': 'base'}
2025-10-03 19:19:30,175 : INFO : EventManager : Event: ======'player_potato'====== Args={'value': 4, 'prev_value': 3, 'change': 1, 'player_num': 1, 'source': 'base'}
2025-10-03 19:19:30,288 : INFO : SwitchController : <<<<<<< 's_left_flipper' inactive >>>>>>>
2025-10-03 19:19:30,573 : INFO : SwitchController : <<<<<<< 's_left_flipper' active >>>>>>>
2025-10-03 19:19:30,573 : INFO : EventManager : Event: ======'s_left_flipper_active'====== Args={}
2025-10-03 19:19:30,574 : INFO : EventManager : Event: ======'machine_var_audits_switches_s_left_flipper'====== Args={'value': 270, 'prev_value': 269, 'change': 1}
2025-10-03 19:19:30,576 : INFO : EventManager : Event: ======'player_score'====== Args={'value': 6034, 'prev_value': 5034, 'change': 1000, 'player_num': 1, 'source': 'base'}
2025-10-03 19:19:30,577 : INFO : EventManager : Event: ======'player_potato'====== Args={'value': 5, 'prev_value': 4, 'change': 1, 'player_num': 1, 'source': 'base'}
2025-10-03 19:19:30,659 : INFO : SwitchController : <<<<<<< 's_left_flipper' inactive >>>>>>>
2025-10-03 19:19:31,100 : INFO : SwitchController : <<<<<<< 's_left_flipper' active >>>>>>>
2025-10-03 19:19:31,100 : INFO : EventManager : Event: ======'s_left_flipper_active'====== Args={}
2025-10-03 19:19:31,101 : INFO : EventManager : Event: ======'machine_var_audits_switches_s_left_flipper'====== Args={'value': 271, 'prev_value': 270, 'change': 1}
2025-10-03 19:19:31,105 : INFO : EventManager : Event: ======'player_score'====== Args={'value': 7034, 'prev_value': 6034, 'change': 1000, 'player_num': 1, 'source': 'base'}
2025-10-03 19:19:31,105 : INFO : EventManager : Event: ======'player_potato'====== Args={'value': 6, 'prev_value': 5, 'change': 1, 'player_num': 1, 'source': 'base'}
2025-10-03 19:19:31,248 : INFO : SwitchController : <<<<<<< 's_left_flipper' inactive >>>>>>>
2025-10-03 19:19:31,750 : INFO : SwitchController : <<<<<<< 's_left_flipper' active >>>>>>>
2025-10-03 19:19:31,750 : INFO : EventManager : Event: ======'s_left_flipper_active'====== Args={}
2025-10-03 19:19:31,751 : INFO : EventManager : Event: ======'machine_var_audits_switches_s_left_flipper'====== Args={'value': 272, 'prev_value': 271, 'change': 1}
2025-10-03 19:19:31,755 : INFO : EventManager : Event: ======'player_score'====== Args={'value': 8034, 'prev_value': 7034, 'change': 1000, 'player_num': 1, 'source': 'base'}
2025-10-03 19:19:31,756 : INFO : EventManager : Event: ======'player_potato'====== Args={'value': 7, 'prev_value': 6, 'change': 1, 'player_num': 1, 'source': 'base'}
2025-10-03 19:19:31,861 : INFO : SwitchController : <<<<<<< 's_left_flipper' inactive >>>>>>>
2025-10-03 19:19:32,855 : INFO : SwitchController : <<<<<<< 's_trough1' active >>>>>>>
2025-10-03 19:19:32,856 : INFO : EventManager : Event: ======'machine_var_audits_switches_s_trough1'====== Args={'value': 65, 'prev_value': 64, 'change': 1}
2025-10-03 19:19:33,350 : INFO : EventManager : Event: ======'balldevice_bd_trough_ball_count_changed'====== Args={'balls': 6}
2025-10-03 19:19:33,350 : INFO : ball_device.bd_trough : Received unexpected ball
2025-10-03 19:19:33,350 : INFO : EventManager : Event: ======'balldevice_captured_from_playfield'====== Args={'balls': 1}
2025-10-03 19:19:33,351 : INFO : EventManager : Event: ======'sw_playfield_active'====== Args={'balls': 1}
2025-10-03 19:19:33,352 : INFO : EventManager : Event: ======'playfield_ball_count_change'====== Args={'balls': 0, 'change': -1}
2025-10-03 19:19:33,354 : INFO : EventManager : Event: ======'balldevice_bd_trough_ball_enter'====== Args={'new_balls': 1, 'unclaimed_balls': 1, 'new_available_balls': 1, 'device': <ball_device.bd_trough>}
2025-10-03 19:19:33,355 : INFO : EventManager : Event: ======'ball_drain'====== Args={'device': <ball_device.bd_trough>, 'balls': 1}
2025-10-03 19:19:33,357 : INFO : EventManager : Event: ======'ball_will_end'====== Args={}
2025-10-03 19:19:33,358 : INFO : EventManager : Event: ======'balldevice_balls_available'====== Args={}
2025-10-03 19:19:33,358 : INFO : EventManager : Event: ======'balldevice_bd_trough_ball_entered'====== Args={'new_balls': 1, 'device': <ball_device.bd_trough>}
2025-10-03 19:19:33,361 : INFO : EventManager : Event: ======'ball_ending'====== Args={}
2025-10-03 19:19:33,362 : INFO : EventManager : Event: ======'mode_base_will_stop'====== Args={}
2025-10-03 19:19:33,363 : INFO : EventManager : Event: ======'mode_base_stopping'====== Args={}
2025-10-03 19:19:33,363 : INFO : Mode.base : Stopped.
2025-10-03 19:19:33,364 : INFO : EventManager : Event: ======'modes_active_modes_changed'====== Args={}
2025-10-03 19:19:33,365 : INFO : EventManager : Event: ======'mode_base_stopped'====== Args={}
2025-10-03 19:19:33,365 : INFO : EventManager : Event: ======'clear'====== Args={'key': 'base'}
2025-10-03 19:19:33,440 : INFO : EventManager : Event: ======'ball_ended'====== Args={}
2025-10-03 19:19:33,440 : INFO : EventManager : Event: ======'slide_base.slide_player-mode_base_started_removed'====== Args={'_from_bcp': True}
2025-10-03 19:19:33,441 : INFO : EventManager : Event: ======'slide_window_blank_active'====== Args={'_from_bcp': True}
2025-10-03 19:19:33,442 : INFO : EventManager : Event: ======'player_turn_will_end'====== Args={'player': <Player 1>, 'number': 1}
2025-10-03 19:19:33,446 : INFO : EventManager : Event: ======'player_turn_ending'====== Args={'player': <Player 1>, 'number': 1}
2025-10-03 19:19:33,446 : INFO : EventManager : Event: ======'player_turn_ended'====== Args={'player': <Player 1>, 'number': 1}
2025-10-03 19:19:33,447 : INFO : EventManager : Event: ======'player_turn_will_start'====== Args={'player': <Player 1>, 'number': 1}
2025-10-03 19:19:33,447 : INFO : EventManager : Event: ======'player_turn_starting'====== Args={'player': <Player 1>, 'number': 1}
2025-10-03 19:19:33,447 : INFO : EventManager : Event: ======'player_ball'====== Args={'value': 3, 'prev_value': 2, 'change': 1, 'player_num': 1}
2025-10-03 19:19:33,448 : INFO : EventManager : Event: ======'player_turn_started'====== Args={'player': <Player 1>, 'number': 1}
2025-10-03 19:19:33,449 : INFO : EventManager : Event: ======'ball_will_start'====== Args={'player': 1, 'ball': 3, 'balls_remaining': 0, 'is_extra_ball': False}
2025-10-03 19:19:33,454 : INFO : EventManager : Event: ======'ball_starting'====== Args={'player': 1, 'ball': 3, 'balls_remaining': 0, 'is_extra_ball': False}
2025-10-03 19:19:33,454 : INFO : EventManager : Event: ======'balls_in_play'====== Args={'balls': 1}
2025-10-03 19:19:33,455 : INFO : EventManager : Event: ======'ball_started'====== Args={'player': 1, 'ball': 3, 'balls_remaining': 0, 'is_extra_ball': False}
2025-10-03 19:19:33,455 : INFO : EventManager : Event: ======'mode_base_will_start'====== Args={'player': 1, 'ball': 3, 'balls_remaining': 0, 'is_extra_ball': False}
2025-10-03 19:19:33,456 : INFO : EventManager : Event: ======'mode_base_starting'====== Args={'player': 1, 'ball': 3, 'balls_remaining': 0, 'is_extra_ball': False}
2025-10-03 19:19:33,457 : INFO : Mode.base : Started. Priority: 100
2025-10-03 19:19:33,457 : INFO : EventManager : Event: ======'modes_active_modes_changed'====== Args={}
2025-10-03 19:19:33,457 : INFO : EventManager : Event: ======'mode_base_started'====== Args={'player': 1, 'ball': 3, 'balls_remaining': 0, 'is_extra_ball': False}
2025-10-03 19:19:33,459 : INFO : EventManager : Event: ======'single_player_ball_started'====== Args={}
2025-10-03 19:19:33,494 : INFO : EventManager : Event: ======'ball_start_target'====== Args={'target': 'playfield'}
2025-10-03 19:19:33,495 : INFO : EventManager : Event: ======'slide_base.slide_player-mode_base_started_created'====== Args={'_from_bcp': True}
2025-10-03 19:19:33,495 : INFO : EventManager : Event: ======'slide_base.slide_player-mode_base_started_active'====== Args={'_from_bcp': True}
2025-10-03 19:19:33,495 : INFO : ball_device.bd_plunger : Setting up player-controlled eject. Balls: 1, Target: <playfield.playfield>, player_controlled_eject_event: None
2025-10-03 19:19:33,496 : INFO : EventManager : Event: ======'balldevice_balls_available'====== Args={}
2025-10-03 19:19:33,496 : INFO : ball_device.bd_trough : State: waiting_for_target_ready
2025-10-03 19:19:33,497 : INFO : EventManager : Event: ======'balldevice_bd_trough_ball_eject_attempt'====== Args={'balls': 1, 'target': <ball_device.bd_plunger>, 'source': <ball_device.bd_trough>, 'mechanical_eject': True, 'num_attempts': 0}
2025-10-03 19:19:33,497 : INFO : ball_device.bd_plunger : State: waiting_for_ball
2025-10-03 19:19:33,497 : INFO : ball_device.bd_trough : State: ejecting
2025-10-03 19:19:33,497 : INFO : ball_device.bd_trough : Ejecting ball to <ball_device.bd_plunger>
2025-10-03 19:19:33,497 : INFO : EventManager : Event: ======'balldevice_bd_trough_ejecting_ball'====== Args={'balls': 1, 'target': <ball_device.bd_plunger>, 'source': <ball_device.bd_trough>, 'mechanical_eject': True, 'num_attempts': 0}
2025-10-03 19:19:33,498 : INFO : ball_device.bd_trough : Wait for ball to leave device
2025-10-03 19:19:33,498 : INFO : coil.c_trough_eject : Pulsing Driver for 20ms (1.0 pulse_power)
2025-10-03 19:19:33,499 : INFO : SwitchController : <<<<<<< 's_trough1' inactive >>>>>>>
2025-10-03 19:19:33,503 : INFO : ball_device.bd_trough : State: ball_left
2025-10-03 19:19:33,503 : INFO : ball_device.bd_trough : Ball left
2025-10-03 19:19:33,503 : INFO : ball_device.bd_trough : Wait for confirm with timeout 3.0
2025-10-03 19:19:33,590 : INFO : SwitchController : <<<<<<< 's_plunger' active >>>>>>>
2025-10-03 19:19:33,590 : INFO : EventManager : Event: ======'machine_var_audits_switches_s_plunger'====== Args={'value': 93, 'prev_value': 92, 'change': 1}
2025-10-03 19:19:34,083 : INFO : ball_device.bd_plunger : Received ball from <ball_device.bd_trough>
2025-10-03 19:19:34,083 : INFO : EventManager : Event: ======'balldevice_bd_plunger_ball_enter'====== Args={'new_balls': 1, 'unclaimed_balls': 0, 'new_available_balls': 0, 'device': <ball_device.bd_plunger>}
2025-10-03 19:19:34,084 : INFO : EventManager : Event: ======'balldevice_bd_plunger_ball_entered'====== Args={'new_balls': 0, 'device': <ball_device.bd_plunger>}
2025-10-03 19:19:34,084 : INFO : EventManager : Event: ======'balldevice_bd_plunger_ball_count_changed'====== Args={'balls': 1}
2025-10-03 19:19:34,084 : INFO : ball_device.bd_trough : Got eject confirm
2025-10-03 19:19:34,084 : INFO : ball_device.bd_trough : Eject successful
2025-10-03 19:19:34,084 : INFO : EventManager : Event: ======'balldevice_bd_trough_ball_eject_success'====== Args={'balls': 1, 'target': <ball_device.bd_plunger>}
2025-10-03 19:19:34,085 : INFO : EventManager : Event: ======'balldevice_bd_trough_ball_count_changed'====== Args={'balls': 5}
2025-10-03 19:19:34,085 : INFO : ball_device.bd_trough : State: idle
2025-10-03 19:19:34,085 : INFO : ball_device.bd_plunger : State: waiting_for_target_ready
2025-10-03 19:19:34,085 : INFO : EventManager : Event: ======'balldevice_bd_plunger_ball_eject_attempt'====== Args={'balls': 1, 'target': <playfield.playfield>, 'source': <ball_device.bd_plunger>, 'mechanical_eject': True, 'num_attempts': 0}
2025-10-03 19:19:34,086 : INFO : ball_device.bd_plunger : State: ejecting
2025-10-03 19:19:34,086 : INFO : ball_device.bd_plunger : Ejecting ball to <playfield.playfield>
2025-10-03 19:19:34,086 : INFO : EventManager : Event: ======'balldevice_bd_plunger_ejecting_ball'====== Args={'balls': 1, 'target': <playfield.playfield>, 'source': <ball_device.bd_plunger>, 'mechanical_eject': True, 'num_attempts': 0}
2025-10-03 19:19:34,087 : INFO : ball_device.bd_plunger : Wait for ball to leave device
2025-10-03 19:19:35,478 : WARNING : SwitchController : Received duplicate switch state 1 for switch s_plunger from the platform interface. Log Code: Log-SwitchController-1 (https://missionpinball.org/logs)
2025-10-03 19:19:35,613 : INFO : SwitchController : <<<<<<< 's_plunger' inactive >>>>>>>
2025-10-03 19:19:35,622 : INFO : ball_device.bd_plunger : State: ball_left
2025-10-03 19:19:35,623 : INFO : ball_device.bd_plunger : Ball left
2025-10-03 19:19:35,623 : INFO : ball_device.bd_plunger : Wait for confirm with timeout 5.0
2025-10-03 19:19:37,005 : INFO : SwitchController : <<<<<<< 's_right_inlane' active >>>>>>>
2025-10-03 19:19:37,005 : INFO : EventManager : Event: ======'playfield_active'====== Args={}
2025-10-03 19:19:37,006 : INFO : EventManager : Event: ======'s_right_inlane_active'====== Args={}
2025-10-03 19:19:37,006 : INFO : EventManager : Event: ======'sw_playfield_active'====== Args={}
2025-10-03 19:19:37,006 : INFO : EventManager : Event: ======'machine_var_audits_switches_s_right_inlane'====== Args={'value': 110, 'prev_value': 109, 'change': 1}
2025-10-03 19:19:37,007 : INFO : EventManager : Event: ======'machine_var_audits_shots_my_first_shot'====== Args={'value': 78, 'prev_value': 77, 'change': 1}
2025-10-03 19:19:37,007 : INFO : EventManager : Event: ======'my_first_shot_hit'====== Args={'profile': 'default', 'state': 'lit', 'advancing': False}
2025-10-03 19:19:37,007 : INFO : EventManager : Event: ======'my_first_shot_default_hit'====== Args={'profile': 'default', 'state': 'lit', 'advancing': False}
2025-10-03 19:19:37,008 : INFO : EventManager : Event: ======'my_first_shot_default_lit_hit'====== Args={'profile': 'default', 'state': 'lit', 'advancing': False}
2025-10-03 19:19:37,008 : INFO : EventManager : Event: ======'my_first_shot_lit_hit'====== Args={'profile': 'default', 'state': 'lit', 'advancing': False}
2025-10-03 19:19:37,008 : INFO : EventManager : Event: ======'player_score'====== Args={'value': 8134, 'prev_value': 8034, 'change': 100, 'player_num': 1, 'source': 'base'}
2025-10-03 19:19:37,008 : INFO : EventManager : Event: ======'player_score'====== Args={'value': 8176, 'prev_value': 8134, 'change': 42, 'player_num': 1, 'source': 'base'}
2025-10-03 19:19:37,009 : INFO : EventManager : Event: ======'playfield_active'====== Args={}
2025-10-03 19:19:37,019 : INFO : ball_device.bd_plunger : Got eject confirm
2025-10-03 19:19:37,020 : INFO : ball_device.bd_plunger : Eject successful
2025-10-03 19:19:37,020 : INFO : EventManager : Event: ======'balldevice_bd_plunger_ball_eject_success'====== Args={'balls': 1, 'target': <playfield.playfield>}
2025-10-03 19:19:37,020 : INFO : EventManager : Event: ======'balldevice_playfield_ball_enter'====== Args={'new_balls': 1, 'unclaimed_balls': 1, 'device': <playfield.playfield>}
2025-10-03 19:19:37,020 : INFO : EventManager : Event: ======'playfield_ball_count_change'====== Args={'balls': 1, 'change': 1}
2025-10-03 19:19:37,021 : INFO : EventManager : Event: ======'balldevice_bd_plunger_ball_count_changed'====== Args={'balls': 0}
2025-10-03 19:19:37,021 : INFO : ball_device.bd_plunger : State: idle
2025-10-03 19:19:39,333 : INFO : SwitchController : <<<<<<< 's_left_flipper' active >>>>>>>
2025-10-03 19:19:39,333 : INFO : EventManager : Event: ======'s_left_flipper_active'====== Args={}
2025-10-03 19:19:39,334 : INFO : EventManager : Event: ======'machine_var_audits_switches_s_left_flipper'====== Args={'value': 273, 'prev_value': 272, 'change': 1}
2025-10-03 19:19:39,337 : INFO : EventManager : Event: ======'player_score'====== Args={'value': 9176, 'prev_value': 8176, 'change': 1000, 'player_num': 1, 'source': 'base'}
2025-10-03 19:19:39,338 : INFO : EventManager : Event: ======'player_potato'====== Args={'value': 8, 'prev_value': 7, 'change': 1, 'player_num': 1, 'source': 'base'}
2025-10-03 19:19:39,441 : INFO : SwitchController : <<<<<<< 's_left_flipper' inactive >>>>>>>
2025-10-03 19:19:39,582 : INFO : SwitchController : <<<<<<< 's_left_flipper' active >>>>>>>
2025-10-03 19:19:39,583 : INFO : EventManager : Event: ======'s_left_flipper_active'====== Args={}
2025-10-03 19:19:39,583 : INFO : EventManager : Event: ======'machine_var_audits_switches_s_left_flipper'====== Args={'value': 274, 'prev_value': 273, 'change': 1}
2025-10-03 19:19:39,583 : INFO : EventManager : Event: ======'player_score'====== Args={'value': 10176, 'prev_value': 9176, 'change': 1000, 'player_num': 1, 'source': 'base'}
2025-10-03 19:19:39,584 : INFO : EventManager : Event: ======'player_potato'====== Args={'value': 9, 'prev_value': 8, 'change': 1, 'player_num': 1, 'source': 'base'}
2025-10-03 19:19:39,632 : INFO : SwitchController : <<<<<<< 's_left_flipper' inactive >>>>>>>
2025-10-03 19:19:39,740 : INFO : SwitchController : <<<<<<< 's_left_flipper' active >>>>>>>
2025-10-03 19:19:39,740 : INFO : EventManager : Event: ======'s_left_flipper_active'====== Args={}
2025-10-03 19:19:39,740 : INFO : EventManager : Event: ======'machine_var_audits_switches_s_left_flipper'====== Args={'value': 275, 'prev_value': 274, 'change': 1}
2025-10-03 19:19:39,741 : INFO : EventManager : Event: ======'player_score'====== Args={'value': 11176, 'prev_value': 10176, 'change': 1000, 'player_num': 1, 'source': 'base'}
2025-10-03 19:19:39,741 : INFO : EventManager : Event: ======'player_potato'====== Args={'value': 10, 'prev_value': 9, 'change': 1, 'player_num': 1, 'source': 'base'}
2025-10-03 19:19:39,796 : INFO : SwitchController : <<<<<<< 's_left_flipper' inactive >>>>>>>
2025-10-03 19:19:39,874 : INFO : SwitchController : <<<<<<< 's_left_flipper' active >>>>>>>
2025-10-03 19:19:39,874 : INFO : EventManager : Event: ======'s_left_flipper_active'====== Args={}
2025-10-03 19:19:39,874 : INFO : EventManager : Event: ======'machine_var_audits_switches_s_left_flipper'====== Args={'value': 276, 'prev_value': 275, 'change': 1}
2025-10-03 19:19:39,875 : INFO : EventManager : Event: ======'player_score'====== Args={'value': 12176, 'prev_value': 11176, 'change': 1000, 'player_num': 1, 'source': 'base'}
2025-10-03 19:19:39,875 : INFO : EventManager : Event: ======'player_potato'====== Args={'value': 11, 'prev_value': 10, 'change': 1, 'player_num': 1, 'source': 'base'}
2025-10-03 19:19:39,977 : INFO : SwitchController : <<<<<<< 's_left_flipper' inactive >>>>>>>
2025-10-03 19:19:40,763 : INFO : SwitchController : <<<<<<< 's_trough1' active >>>>>>>
2025-10-03 19:19:40,764 : INFO : EventManager : Event: ======'machine_var_audits_switches_s_trough1'====== Args={'value': 66, 'prev_value': 65, 'change': 1}
2025-10-03 19:19:41,256 : INFO : EventManager : Event: ======'balldevice_bd_trough_ball_count_changed'====== Args={'balls': 6}
2025-10-03 19:19:41,256 : INFO : ball_device.bd_trough : Received unexpected ball
2025-10-03 19:19:41,256 : INFO : EventManager : Event: ======'balldevice_captured_from_playfield'====== Args={'balls': 1}
2025-10-03 19:19:41,258 : INFO : EventManager : Event: ======'sw_playfield_active'====== Args={'balls': 1}
2025-10-03 19:19:41,258 : INFO : EventManager : Event: ======'playfield_ball_count_change'====== Args={'balls': 0, 'change': -1}
2025-10-03 19:19:41,260 : INFO : EventManager : Event: ======'balldevice_bd_trough_ball_enter'====== Args={'new_balls': 1, 'unclaimed_balls': 1, 'new_available_balls': 1, 'device': <ball_device.bd_trough>}
2025-10-03 19:19:41,261 : INFO : EventManager : Event: ======'ball_drain'====== Args={'device': <ball_device.bd_trough>, 'balls': 1}
2025-10-03 19:19:41,263 : INFO : EventManager : Event: ======'ball_will_end'====== Args={}
2025-10-03 19:19:41,263 : INFO : EventManager : Event: ======'balldevice_balls_available'====== Args={}
2025-10-03 19:19:41,264 : INFO : EventManager : Event: ======'balldevice_bd_trough_ball_entered'====== Args={'new_balls': 1, 'device': <ball_device.bd_trough>}
2025-10-03 19:19:41,266 : INFO : EventManager : Event: ======'ball_ending'====== Args={}
2025-10-03 19:19:41,268 : INFO : EventManager : Event: ======'mode_base_will_stop'====== Args={}
2025-10-03 19:19:41,269 : INFO : EventManager : Event: ======'mode_base_stopping'====== Args={}
2025-10-03 19:19:41,269 : INFO : Mode.base : Stopped.
2025-10-03 19:19:41,270 : INFO : EventManager : Event: ======'modes_active_modes_changed'====== Args={}
2025-10-03 19:19:41,272 : INFO : EventManager : Event: ======'mode_base_stopped'====== Args={}
2025-10-03 19:19:41,272 : INFO : EventManager : Event: ======'clear'====== Args={'key': 'base'}
2025-10-03 19:19:41,335 : INFO : EventManager : Event: ======'ball_ended'====== Args={}
2025-10-03 19:19:41,336 : INFO : EventManager : Event: ======'slide_base.slide_player-mode_base_started_removed'====== Args={'_from_bcp': True}
2025-10-03 19:19:41,337 : INFO : EventManager : Event: ======'slide_window_blank_active'====== Args={'_from_bcp': True}
2025-10-03 19:19:41,337 : INFO : EventManager : Event: ======'player_turn_will_end'====== Args={'player': <Player 1>, 'number': 1}
2025-10-03 19:19:41,342 : INFO : EventManager : Event: ======'player_turn_ending'====== Args={'player': <Player 1>, 'number': 1}
2025-10-03 19:19:41,342 : INFO : EventManager : Event: ======'player_turn_ended'====== Args={'player': <Player 1>, 'number': 1}
2025-10-03 19:19:41,343 : INFO : EventManager : Event: ======'game_will_end'====== Args={}
2025-10-03 19:19:41,343 : INFO : EventManager : Event: ======'game_ending'====== Args={}
2025-10-03 19:19:41,344 : INFO : EventManager : Event: ======'machine_var_player1_score'====== Args={'value': 12176, 'prev_value': 926, 'change': 11250}
2025-10-03 19:19:41,345 : INFO : EventManager : Event: ======'game_ended'====== Args={}
2025-10-03 19:19:41,345 : INFO : EventManager : Event: ======'mode_game_will_stop'====== Args={}
2025-10-03 19:19:41,346 : INFO : EventManager : Event: ======'mode_game_stopping'====== Args={}
2025-10-03 19:19:41,346 : INFO : EventManager : Event: ======'mode_attract_will_start'====== Args={}
2025-10-03 19:19:41,346 : INFO : EventManager : Event: ======'mode_attract_starting'====== Args={}
2025-10-03 19:19:41,347 : INFO : Mode.attract : Started. Priority: 10
2025-10-03 19:19:41,347 : INFO : EventManager : Event: ======'modes_active_modes_changed'====== Args={}
2025-10-03 19:19:41,347 : INFO : EventManager : Event: ======'mode_attract_started'====== Args={}
2025-10-03 19:19:41,347 : INFO : EventManager : Event: ======'collecting_balls_complete'====== Args={}
2025-10-03 19:19:41,385 : INFO : Mode.game : Stopped.
2025-10-03 19:19:41,385 : INFO : EventManager : Event: ======'modes_active_modes_changed'====== Args={}
2025-10-03 19:19:41,385 : INFO : EventManager : Event: ======'mode_game_stopped'====== Args={}
2025-10-03 19:19:41,386 : INFO : EventManager : Event: ======'clear'====== Args={'key': 'game'}
2025-10-03 19:19:41,386 : INFO : EventManager : Event: ======'slide_awesome_slide_created'====== Args={'_from_bcp': True}
2025-10-03 19:19:41,387 : INFO : EventManager : Event: ======'slide_awesome_slide_active'====== Args={'_from_bcp': True}
2025-10-03 19:19:44,352 : INFO : EventManager : Event: ======'slide_press_start_created'====== Args={'_from_bcp': True}
2025-10-03 19:19:44,352 : INFO : EventManager : Event: ======'slide_press_start_active'====== Args={'_from_bcp': True}
2025-10-03 19:19:47,351 : INFO : EventManager : Event: ======'slide_mission_pinball_created'====== Args={'_from_bcp': True}
2025-10-03 19:19:47,353 : INFO : EventManager : Event: ======'slide_mission_pinball_active'====== Args={'_from_bcp': True}
2025-10-03 19:19:50,946 : INFO : EventManager : Event: ======'slide_last_game_score_slide_created'====== Args={'_from_bcp': True}
2025-10-03 19:19:50,948 : INFO : EventManager : Event: ======'slide_last_game_score_slide_active'====== Args={'_from_bcp': True}
2025-10-03 19:19:53,355 : INFO : EventManager : Event: ======'slide_awesome_slide_removed'====== Args={'_from_bcp': True}
2025-10-03 19:19:53,356 : INFO : EventManager : Event: ======'slide_awesome_slide_created'====== Args={'_from_bcp': True}
2025-10-03 19:19:53,358 : INFO : EventManager : Event: ======'slide_awesome_slide_active'====== Args={'_from_bcp': True}
2025-10-03 19:19:53,395 : INFO : Machine : Shutting down...
2025-10-03 19:19:53,395 : INFO : EventManager : Event: ======'shutdown'====== Args={}
2025-10-03 19:19:53,403 : INFO : root : MPF run loop ended.
