2025-10-18 08:50:59,876 : INFO : root : Loading config.
2025-10-18 08:50:59,881 : INFO : YamlMultifileConfigLoader : Machine config file #1: config.yaml
2025-10-18 08:50:59,882 : INFO : ConfigProcessor : Loading config from cache: C:\Users\richa\AppData\Local\Temp\f7776651e259183bd84a8c8d686bf868.mpf_cache
2025-10-18 08:50:59,979 : INFO : ConfigProcessor : Loading config from cache: C:\Users\richa\AppData\Local\Temp\70233839fc0b792ce11a62f3c18c1950.mpf_cache
2025-10-18 08:50:59,980 : INFO : ConfigProcessor : Loading config from cache: C:\Users\richa\AppData\Local\Temp\9c8dea79ca4d15ee886340e992e8cb9d.mpf_cache
2025-10-18 08:50:59,981 : INFO : ConfigProcessor : Loading config from cache: C:\Users\richa\AppData\Local\Temp\67a19b095f918111543419ac0271bfb1.mpf_cache
2025-10-18 08:50:59,982 : INFO : ConfigProcessor : Loading config from cache: C:\Users\richa\AppData\Local\Temp\be387b0e8ed00556ec738d83cd6947d1.mpf_cache
2025-10-18 08:50:59,982 : INFO : ConfigProcessor : Loading config from cache: C:\Users\richa\AppData\Local\Temp\5a8efabd9666d8c71fa755fc28a9bf1e.mpf_cache
2025-10-18 08:50:59,983 : INFO : ConfigProcessor : Loading config from cache: C:\Users\richa\AppData\Local\Temp\fb58745e58584e219ff53db445e8e9f2.mpf_cache
2025-10-18 08:50:59,984 : INFO : ConfigProcessor : Loading config from cache: C:\Users\richa\AppData\Local\Temp\3a5badf48d988f9fc0f9b093a934917d.mpf_cache
2025-10-18 08:50:59,985 : INFO : ConfigProcessor : Loading config from cache: C:\Users\richa\AppData\Local\Temp\9e788d9ac28f3464b985b20edf80a10e.mpf_cache
2025-10-18 08:50:59,986 : INFO : ConfigProcessor : Loading config from cache: C:\Users\richa\AppData\Local\Temp\7e426d8ffa907371bf962f3181d8bdf2.mpf_cache
2025-10-18 08:50:59,987 : INFO : ConfigProcessor : Loading config from cache: C:\Users\richa\AppData\Local\Temp\b710dc01437f1dfd05f3b5275f67493b.mpf_cache
2025-10-18 08:50:59,987 : INFO : ConfigProcessor : Loading config from cache: C:\Users\richa\AppData\Local\Temp\0a23590f4081187a3ecee75c7657616e.mpf_cache
2025-10-18 08:50:59,988 : INFO : ConfigProcessor : Loading config from cache: C:\Users\richa\AppData\Local\Temp\374a5edaf0766cb9005f368df852c09d.mpf_cache
2025-10-18 08:50:59,989 : INFO : ConfigProcessor : Loading config from cache: C:\Users\richa\AppData\Local\Temp\b50d1c72289d6f8f00cba34766fbb2e5.mpf_cache
2025-10-18 08:50:59,990 : INFO : ConfigProcessor : Loading config from cache: C:\Users\richa\AppData\Local\Temp\bfc680b70531e398658191c2a179bce0.mpf_cache
2025-10-18 08:50:59,991 : INFO : ConfigProcessor : Loading config from cache: C:\Users\richa\AppData\Local\Temp\069a726c379c7a3dc006889318eb30f2.mpf_cache
2025-10-18 08:50:59,992 : INFO : ConfigProcessor : Loading config from cache: C:\Users\richa\AppData\Local\Temp\6159dd3e8b071f5aa615e717784124e9.mpf_cache
2025-10-18 08:50:59,993 : INFO : ConfigProcessor : Loading config from cache: C:\Users\richa\AppData\Local\Temp\e382c4765158d2be92c1673fc03a4ad6.mpf_cache
2025-10-18 08:50:59,993 : INFO : ConfigProcessor : Loading config from cache: C:\Users\richa\AppData\Local\Temp\868b3b6361e3aaa0a56bd50d9388247e.mpf_cache
2025-10-18 08:50:59,994 : INFO : Machine : Mission Pinball Framework Core Engine v0.57.0.dev39
2025-10-18 08:50:59,994 : INFO : Machine : Command line arguments: {'no_load_cache': False, 'create_config_cache': True, 'bcp': True, 'configfile': ['config.yaml'], 'force_assets_load': False, 'jsonlogging': False, 'logfile': 'logs\\2025-10-18-08-50-59-mpf-DESKTOP-RK7BE5M.log', 'pause': False, 'production': False, 'text_ui': True, 'loglevel': 15, 'consoleloglevel': 20, 'force_platform': None, 'syslog_address': None, 'mc_file_name': None, 'no_sound': False}
2025-10-18 08:50:59,994 : INFO : Machine : MPF path: C:\Users\richa\mpfvirtual4\lib\site-packages\mpf
2025-10-18 08:50:59,994 : INFO : Machine : Machine path: C:\Users\richa\ttp7
2025-10-18 08:50:59,994 : INFO : Machine : Platform: win32
2025-10-18 08:50:59,994 : INFO : Machine : Python executable location: C:\Users\richa\mpfvirtual4\Scripts\python.exe
2025-10-18 08:50:59,994 : INFO : Machine : Python version: 3.9.13 (64-bit)
2025-10-18 08:50:59,996 : INFO : Machine : Initializing MPF...
2025-10-18 08:51:00,378 : INFO : EventManager : Event: ======'machine_var_credits_string'====== Args={'value': 'FREE PLAY', 'prev_value': None, 'change': True}
2025-10-18 08:51:00,461 : INFO : EventManager : Event: ======'machine_var_credit_units'====== Args={'value': 0, 'prev_value': None, 'change': True}
2025-10-18 08:51:00,461 : INFO : EventManager : Event: ======'machine_var_free_play'====== Args={'value': False, 'prev_value': None, 'change': True}
2025-10-18 08:51:00,461 : INFO : EventManager : Event: ======'machine_var_master_volume'====== Args={'value': 0.5, 'prev_value': None, 'change': True}
2025-10-18 08:51:00,462 : INFO : EventManager : Event: ======'machine_var_player1_score'====== Args={'value': 17715450, 'prev_value': None, 'change': True}
2025-10-18 08:51:00,462 : INFO : EventManager : Event: ======'machine_var_mpf_version'====== Args={'value': 'Mission Pinball Framework v0.57.0.dev39', 'prev_value': None, 'change': True}
2025-10-18 08:51:00,462 : INFO : EventManager : Event: ======'machine_var_mpf_extended_version'====== Args={'value': 'Mission Pinball Framework v0.57.0.dev39, Config version:6, Show version: 6, BCP version:1.1', 'prev_value': None, 'change': True}
2025-10-18 08:51:00,462 : INFO : EventManager : Event: ======'machine_var_python_version'====== Args={'value': '3.9.13', 'prev_value': None, 'change': True}
2025-10-18 08:51:00,472 : INFO : EventManager : Event: ======'machine_var_platform'====== Args={'value': 'Windows-10-10.0.19045-SP0', 'prev_value': None, 'change': True}
2025-10-18 08:51:00,472 : INFO : EventManager : Event: ======'machine_var_platform_system'====== Args={'value': 'Windows', 'prev_value': None, 'change': True}
2025-10-18 08:51:00,472 : INFO : EventManager : Event: ======'machine_var_platform_release'====== Args={'value': '10', 'prev_value': None, 'change': True}
2025-10-18 08:51:00,472 : INFO : EventManager : Event: ======'machine_var_platform_version'====== Args={'value': '10.0.19045', 'prev_value': None, 'change': True}
2025-10-18 08:51:00,472 : INFO : EventManager : Event: ======'machine_var_platform_machine'====== Args={'value': 'AMD64', 'prev_value': None, 'change': True}
2025-10-18 08:51:00,472 : INFO : EventManager : Event: ======'init_phase_1'====== Args={}
2025-10-18 08:51:00,531 : INFO : EventManager : Event: ======'drop_target_bank_TIME_up'====== Args={}
2025-10-18 08:51:00,531 : INFO : EventManager : Event: ======'drop_target_bank_CENTER_up'====== Args={}
2025-10-18 08:51:00,531 : INFO : EventManager : Event: ======'drop_target_bank_TRAVEL_up'====== Args={}
2025-10-18 08:51:00,532 : INFO : EventManager : Event: ======'init_phase_2'====== Args={}
2025-10-18 08:51:00,532 : INFO : SwitchController : Found active switch: ('2', <Platform.SmartVirtual>) <switch.s_trough1>
2025-10-18 08:51:00,532 : INFO : SwitchController : Found active switch: ('3', <Platform.SmartVirtual>) <switch.s_trough2>
2025-10-18 08:51:00,532 : INFO : SwitchController : Found active switch: ('4', <Platform.SmartVirtual>) <switch.s_trough3>
2025-10-18 08:51:00,532 : INFO : SwitchController : Found active switch: ('5', <Platform.SmartVirtual>) <switch.s_trough4>
2025-10-18 08:51:00,533 : INFO : SwitchController : Found active switch: ('6', <Platform.SmartVirtual>) <switch.s_trough5>
2025-10-18 08:51:00,533 : INFO : SwitchController : Found active switch: ('7', <Platform.SmartVirtual>) <switch.s_trough6>
2025-10-18 08:51:00,545 : INFO : EventManager : Event: ======'bcp_connection_attempt'====== Args={'name': 'local_display', 'host': 'localhost', 'port': 5050}
2025-10-18 08:51:00,546 : INFO : BCPClientSocket : Connecting BCP to 'local_display' at localhost:5050...
2025-10-18 08:51:02,568 : INFO : BCPClientSocket : Connected BCP to 'local_display' localhost:5050
2025-10-18 08:51:02,568 : INFO : EventManager : Event: ======'bcp_clients_connected'====== Args={}
2025-10-18 08:51:02,851 : INFO : ball_device.bd_trough : BCH: Initial count: 6
2025-10-18 08:51:02,852 : INFO : EventManager : Event: ======'machine_var_mc_version'====== Args={'value': 'MPF-MC v0.57.0.dev10', 'prev_value': None, 'change': True}
2025-10-18 08:51:02,852 : INFO : EventManager : Event: ======'machine_var_mc_extended_version'====== Args={'value': 'MPF-MC v0.57.0.dev10 (config_version=6, BCP v1.1,                      Requires MPF API compatibility v0.57.0.dev19 or newer)', 'prev_value': None, 'change': True}
2025-10-18 08:51:02,854 : INFO : ball_device.bd_trough : State: idle
2025-10-18 08:51:02,932 : INFO : ball_device.bd_plunger : BCH: Initial count: 0
2025-10-18 08:51:02,932 : INFO : ball_device.bd_plunger : State: idle
2025-10-18 08:51:02,932 : INFO : ball_device.bd_left_scoop : BCH: Initial count: 0
2025-10-18 08:51:02,933 : INFO : ball_device.bd_left_scoop : State: idle
2025-10-18 08:51:02,933 : INFO : ball_device.bd_center_scoop : BCH: Initial count: 0
2025-10-18 08:51:02,933 : INFO : ball_device.bd_center_scoop : State: idle
2025-10-18 08:51:02,934 : INFO : ball_device.bd_right_scoop : BCH: Initial count: 0
2025-10-18 08:51:02,934 : INFO : ball_device.bd_right_scoop : State: idle
2025-10-18 08:51:02,945 : INFO : EventManager : Event: ======'init_phase_3'====== Args={}
2025-10-18 08:51:02,966 : INFO : EventManager : Event: ======'init_phase_4'====== Args={}
2025-10-18 08:51:02,966 : INFO : BallController : Initial balls found: 6
2025-10-18 08:51:02,968 : INFO : EventManager : Event: ======'machine_var_audits_events_game_ended'====== Args={'value': 67, 'prev_value': None, 'change': True}
2025-10-18 08:51:02,969 : INFO : EventManager : Event: ======'machine_var_audits_events_game_started'====== Args={'value': 334, 'prev_value': None, 'change': True}
2025-10-18 08:51:02,969 : INFO : EventManager : Event: ======'machine_var_audits_missing_switches_s_A'====== Args={'value': 67, 'prev_value': None, 'change': True}
2025-10-18 08:51:02,969 : INFO : EventManager : Event: ======'machine_var_audits_missing_switches_s_E'====== Args={'value': 4, 'prev_value': None, 'change': True}
2025-10-18 08:51:02,969 : INFO : EventManager : Event: ======'machine_var_audits_missing_switches_s_Eb'====== Args={'value': 67, 'prev_value': None, 'change': True}
2025-10-18 08:51:02,969 : INFO : EventManager : Event: ======'machine_var_audits_missing_switches_s_I'====== Args={'value': 4, 'prev_value': None, 'change': True}
2025-10-18 08:51:02,969 : INFO : EventManager : Event: ======'machine_var_audits_missing_switches_s_L'====== Args={'value': 67, 'prev_value': None, 'change': True}
2025-10-18 08:51:02,970 : INFO : EventManager : Event: ======'machine_var_audits_missing_switches_s_M'====== Args={'value': 4, 'prev_value': None, 'change': True}
2025-10-18 08:51:02,970 : INFO : EventManager : Event: ======'machine_var_audits_missing_switches_s_R'====== Args={'value': 67, 'prev_value': None, 'change': True}
2025-10-18 08:51:02,970 : INFO : EventManager : Event: ======'machine_var_audits_missing_switches_s_T'====== Args={'value': 4, 'prev_value': None, 'change': True}
2025-10-18 08:51:02,970 : INFO : EventManager : Event: ======'machine_var_audits_missing_switches_s_Tb'====== Args={'value': 67, 'prev_value': None, 'change': True}
2025-10-18 08:51:02,970 : INFO : EventManager : Event: ======'machine_var_audits_missing_switches_s_V'====== Args={'value': 67, 'prev_value': None, 'change': True}
2025-10-18 08:51:02,970 : INFO : EventManager : Event: ======'machine_var_audits_missing_switches_s_bumper2'====== Args={'value': 6, 'prev_value': None, 'change': True}
2025-10-18 08:51:02,970 : INFO : EventManager : Event: ======'machine_var_audits_missing_switches_s_bumper_1'====== Args={'value': 28, 'prev_value': None, 'change': True}
2025-10-18 08:51:02,971 : INFO : EventManager : Event: ======'machine_var_audits_missing_switches_s_bumper_2'====== Args={'value': 28, 'prev_value': None, 'change': True}
2025-10-18 08:51:02,971 : INFO : EventManager : Event: ======'machine_var_audits_missing_switches_s_coin_left'====== Args={'value': 15, 'prev_value': None, 'change': True}
2025-10-18 08:51:02,971 : INFO : EventManager : Event: ======'machine_var_audits_missing_switches_s_left_corridor_spinner2'====== Args={'value': 13, 'prev_value': None, 'change': True}
2025-10-18 08:51:02,971 : INFO : EventManager : Event: ======'machine_var_audits_missing_switches_s_left_flipper'====== Args={'value': 7, 'prev_value': None, 'change': True}
2025-10-18 08:51:02,971 : INFO : EventManager : Event: ======'machine_var_audits_missing_switches_s_left_rollover'====== Args={'value': 6, 'prev_value': None, 'change': True}
2025-10-18 08:51:02,971 : INFO : EventManager : Event: ======'machine_var_audits_missing_switches_s_right_flipper'====== Args={'value': 18, 'prev_value': None, 'change': True}
2025-10-18 08:51:02,971 : INFO : EventManager : Event: ======'machine_var_audits_missing_switches_s_service_coin'====== Args={'value': 15, 'prev_value': None, 'change': True}
2025-10-18 08:51:02,972 : INFO : EventManager : Event: ======'machine_var_audits_missing_switches_s_sling_left'====== Args={'value': 287, 'prev_value': None, 'change': True}
2025-10-18 08:51:02,972 : INFO : EventManager : Event: ======'machine_var_audits_missing_switches_s_sling_right'====== Args={'value': 183, 'prev_value': None, 'change': True}
2025-10-18 08:51:02,972 : INFO : EventManager : Event: ======'machine_var_audits_missing_switches_s_standup_1'====== Args={'value': 4, 'prev_value': None, 'change': True}
2025-10-18 08:51:02,972 : INFO : EventManager : Event: ======'machine_var_audits_missing_switches_s_standup_2'====== Args={'value': 4, 'prev_value': None, 'change': True}
2025-10-18 08:51:02,972 : INFO : EventManager : Event: ======'machine_var_audits_missing_switches_s_standup_3'====== Args={'value': 4, 'prev_value': None, 'change': True}
2025-10-18 08:51:02,972 : INFO : EventManager : Event: ======'machine_var_audits_missing_switches_s_standup_4'====== Args={'value': 4, 'prev_value': None, 'change': True}
2025-10-18 08:51:02,972 : INFO : EventManager : Event: ======'machine_var_audits_missing_switches_s_standup_5'====== Args={'value': 4, 'prev_value': None, 'change': True}
2025-10-18 08:51:02,973 : INFO : EventManager : Event: ======'machine_var_audits_missing_switches_s_standup_6'====== Args={'value': 4, 'prev_value': None, 'change': True}
2025-10-18 08:51:02,973 : INFO : EventManager : Event: ======'machine_var_audits_missing_switches_s_start'====== Args={'value': 7, 'prev_value': None, 'change': True}
2025-10-18 08:51:02,973 : INFO : EventManager : Event: ======'machine_var_audits_missing_switches_s_trough1'====== Args={'value': 1, 'prev_value': None, 'change': True}
2025-10-18 08:51:02,973 : INFO : EventManager : Event: ======'machine_var_audits_missing_switches_s_trough2'====== Args={'value': 19, 'prev_value': None, 'change': True}
2025-10-18 08:51:02,973 : INFO : EventManager : Event: ======'machine_var_audits_missing_switches_s_trough3'====== Args={'value': 334, 'prev_value': None, 'change': True}
2025-10-18 08:51:02,973 : INFO : EventManager : Event: ======'machine_var_audits_missing_switches_s_trough4'====== Args={'value': 334, 'prev_value': None, 'change': True}
2025-10-18 08:51:02,974 : INFO : EventManager : Event: ======'machine_var_audits_missing_switches_s_trough5'====== Args={'value': 334, 'prev_value': None, 'change': True}
2025-10-18 08:51:02,974 : INFO : EventManager : Event: ======'machine_var_audits_missing_switches_s_trough6'====== Args={'value': 334, 'prev_value': None, 'change': True}
2025-10-18 08:51:02,974 : INFO : EventManager : Event: ======'machine_var_audits_missing_switches_s_trough_jam'====== Args={'value': 18, 'prev_value': None, 'change': True}
2025-10-18 08:51:02,974 : INFO : EventManager : Event: ======'machine_var_audits_player_score'====== Args={'value': {'average': 6866944, 'top': [75043600, 70538842, 47521800, 45002500, 43517500, 42224750, 41236342, 31835000, 17715450, 13531600], 'total': 70}, 'prev_value': None, 'change': True}
2025-10-18 08:51:02,975 : INFO : EventManager : Event: ======'machine_var_audits_shots_A'====== Args={'value': 44, 'prev_value': None, 'change': True}
2025-10-18 08:51:02,975 : INFO : EventManager : Event: ======'machine_var_audits_shots_E'====== Args={'value': 202, 'prev_value': None, 'change': True}
2025-10-18 08:51:02,975 : INFO : EventManager : Event: ======'machine_var_audits_shots_Eb'====== Args={'value': 40, 'prev_value': None, 'change': True}
2025-10-18 08:51:02,975 : INFO : EventManager : Event: ======'machine_var_audits_shots_I'====== Args={'value': 195, 'prev_value': None, 'change': True}
2025-10-18 08:51:02,975 : INFO : EventManager : Event: ======'machine_var_audits_shots_L'====== Args={'value': 41, 'prev_value': None, 'change': True}
2025-10-18 08:51:02,976 : INFO : EventManager : Event: ======'machine_var_audits_shots_M'====== Args={'value': 197, 'prev_value': None, 'change': True}
2025-10-18 08:51:02,976 : INFO : EventManager : Event: ======'machine_var_audits_shots_R'====== Args={'value': 57, 'prev_value': None, 'change': True}
2025-10-18 08:51:02,976 : INFO : EventManager : Event: ======'machine_var_audits_shots_T'====== Args={'value': 197, 'prev_value': None, 'change': True}
2025-10-18 08:51:02,977 : INFO : EventManager : Event: ======'machine_var_audits_shots_Tb'====== Args={'value': 69, 'prev_value': None, 'change': True}
2025-10-18 08:51:02,977 : INFO : EventManager : Event: ======'machine_var_audits_shots_V'====== Args={'value': 41, 'prev_value': None, 'change': True}
2025-10-18 08:51:02,977 : INFO : EventManager : Event: ======'machine_var_audits_shots_bumper1_shot'====== Args={'value': 291, 'prev_value': None, 'change': True}
2025-10-18 08:51:02,977 : INFO : EventManager : Event: ======'machine_var_audits_shots_bumper2_shot'====== Args={'value': 836, 'prev_value': None, 'change': True}
2025-10-18 08:51:02,978 : INFO : EventManager : Event: ======'machine_var_audits_shots_center_center_droptarget'====== Args={'value': 20, 'prev_value': None, 'change': True}
2025-10-18 08:51:02,978 : INFO : EventManager : Event: ======'machine_var_audits_shots_center_rollover'====== Args={'value': 7, 'prev_value': None, 'change': True}
2025-10-18 08:51:02,978 : INFO : EventManager : Event: ======'machine_var_audits_shots_center_rollover_shot'====== Args={'value': 335, 'prev_value': None, 'change': True}
2025-10-18 08:51:02,979 : INFO : EventManager : Event: ======'machine_var_audits_shots_center_scoop_shot'====== Args={'value': 7, 'prev_value': None, 'change': True}
2025-10-18 08:51:02,979 : INFO : EventManager : Event: ======'machine_var_audits_shots_jets'====== Args={'value': 1068, 'prev_value': None, 'change': True}
2025-10-18 08:51:02,979 : INFO : EventManager : Event: ======'machine_var_audits_shots_left_center_droptarget'====== Args={'value': 20, 'prev_value': None, 'change': True}
2025-10-18 08:51:02,979 : INFO : EventManager : Event: ======'machine_var_audits_shots_left_inlane_shot'====== Args={'value': 7, 'prev_value': None, 'change': True}
2025-10-18 08:51:02,980 : INFO : EventManager : Event: ======'machine_var_audits_shots_left_outlane_shot'====== Args={'value': 7, 'prev_value': None, 'change': True}
2025-10-18 08:51:02,980 : INFO : EventManager : Event: ======'machine_var_audits_shots_left_rollover'====== Args={'value': 36, 'prev_value': None, 'change': True}
2025-10-18 08:51:02,981 : INFO : EventManager : Event: ======'machine_var_audits_shots_left_rollover_shot'====== Args={'value': 273, 'prev_value': None, 'change': True}
2025-10-18 08:51:02,981 : INFO : EventManager : Event: ======'machine_var_audits_shots_left_scoop_shot'====== Args={'value': 39, 'prev_value': None, 'change': True}
2025-10-18 08:51:02,981 : INFO : EventManager : Event: ======'machine_var_audits_shots_left_standup_shot'====== Args={'value': 15, 'prev_value': None, 'change': True}
2025-10-18 08:51:02,981 : INFO : EventManager : Event: ======'machine_var_audits_shots_letf_inlane_shot'====== Args={'value': 6, 'prev_value': None, 'change': True}
2025-10-18 08:51:02,982 : INFO : EventManager : Event: ======'machine_var_audits_shots_letf_outlane_shot'====== Args={'value': 5, 'prev_value': None, 'change': True}
2025-10-18 08:51:02,982 : INFO : EventManager : Event: ======'machine_var_audits_shots_middle_inlane_shot'====== Args={'value': 20, 'prev_value': None, 'change': True}
2025-10-18 08:51:02,982 : INFO : EventManager : Event: ======'machine_var_audits_shots_my_first_shot'====== Args={'value': 95, 'prev_value': None, 'change': True}
2025-10-18 08:51:02,982 : INFO : EventManager : Event: ======'machine_var_audits_shots_right_center_droptarget'====== Args={'value': 20, 'prev_value': None, 'change': True}
2025-10-18 08:51:02,983 : INFO : EventManager : Event: ======'machine_var_audits_shots_right_inlane_shot'====== Args={'value': 106, 'prev_value': None, 'change': True}
2025-10-18 08:51:02,983 : INFO : EventManager : Event: ======'machine_var_audits_shots_right_outlane_shot'====== Args={'value': 36, 'prev_value': None, 'change': True}
2025-10-18 08:51:02,983 : INFO : EventManager : Event: ======'machine_var_audits_shots_right_rollover'====== Args={'value': 41, 'prev_value': None, 'change': True}
2025-10-18 08:51:02,984 : INFO : EventManager : Event: ======'machine_var_audits_shots_right_rollover_shot'====== Args={'value': 379, 'prev_value': None, 'change': True}
2025-10-18 08:51:02,984 : INFO : EventManager : Event: ======'machine_var_audits_shots_right_scoop_shot'====== Args={'value': 58, 'prev_value': None, 'change': True}
2025-10-18 08:51:02,984 : INFO : EventManager : Event: ======'machine_var_audits_shots_right_standup'====== Args={'value': 38, 'prev_value': None, 'change': True}
2025-10-18 08:51:02,985 : INFO : EventManager : Event: ======'machine_var_audits_shots_right_standup_shot'====== Args={'value': 15, 'prev_value': None, 'change': True}
2025-10-18 08:51:02,985 : INFO : EventManager : Event: ======'machine_var_audits_shots_standup_1_skill'====== Args={'value': 55, 'prev_value': None, 'change': True}
2025-10-18 08:51:02,985 : INFO : EventManager : Event: ======'machine_var_audits_shots_standup_2_skill'====== Args={'value': 31, 'prev_value': None, 'change': True}
2025-10-18 08:51:02,987 : INFO : EventManager : Event: ======'machine_var_audits_shots_standup_3_skill'====== Args={'value': 12, 'prev_value': None, 'change': True}
2025-10-18 08:51:02,987 : INFO : EventManager : Event: ======'machine_var_audits_shots_standup_4_skill'====== Args={'value': 9, 'prev_value': None, 'change': True}
2025-10-18 08:51:02,988 : INFO : EventManager : Event: ======'machine_var_audits_shots_standup_5_skill'====== Args={'value': 4, 'prev_value': None, 'change': True}
2025-10-18 08:51:02,988 : INFO : EventManager : Event: ======'machine_var_audits_shots_standup_6_skill'====== Args={'value': 2, 'prev_value': None, 'change': True}
2025-10-18 08:51:02,988 : INFO : EventManager : Event: ======'machine_var_audits_shots_top_left_standup2_shot'====== Args={'value': 17, 'prev_value': None, 'change': True}
2025-10-18 08:51:02,989 : INFO : EventManager : Event: ======'machine_var_audits_shots_top_left_standup_shot'====== Args={'value': 8, 'prev_value': None, 'change': True}
2025-10-18 08:51:02,989 : INFO : EventManager : Event: ======'machine_var_audits_shots_top_middle_inlane_shot'====== Args={'value': 41, 'prev_value': None, 'change': True}
2025-10-18 08:51:02,989 : INFO : EventManager : Event: ======'machine_var_audits_switches_s_A'====== Args={'value': 0, 'prev_value': None, 'change': True}
2025-10-18 08:51:02,990 : INFO : EventManager : Event: ======'machine_var_audits_switches_s_E'====== Args={'value': 207, 'prev_value': None, 'change': True}
2025-10-18 08:51:02,990 : INFO : EventManager : Event: ======'machine_var_audits_switches_s_Eb'====== Args={'value': 0, 'prev_value': None, 'change': True}
2025-10-18 08:51:02,991 : INFO : EventManager : Event: ======'machine_var_audits_switches_s_I'====== Args={'value': 200, 'prev_value': None, 'change': True}
2025-10-18 08:51:02,991 : INFO : EventManager : Event: ======'machine_var_audits_switches_s_L'====== Args={'value': 0, 'prev_value': None, 'change': True}
2025-10-18 08:51:02,991 : INFO : EventManager : Event: ======'machine_var_audits_switches_s_M'====== Args={'value': 202, 'prev_value': None, 'change': True}
2025-10-18 08:51:02,992 : INFO : EventManager : Event: ======'machine_var_audits_switches_s_R'====== Args={'value': 0, 'prev_value': None, 'change': True}
2025-10-18 08:51:02,992 : INFO : EventManager : Event: ======'machine_var_audits_switches_s_T'====== Args={'value': 201, 'prev_value': None, 'change': True}
2025-10-18 08:51:02,993 : INFO : EventManager : Event: ======'machine_var_audits_switches_s_Tb'====== Args={'value': 0, 'prev_value': None, 'change': True}
2025-10-18 08:51:02,993 : INFO : EventManager : Event: ======'machine_var_audits_switches_s_V'====== Args={'value': 0, 'prev_value': None, 'change': True}
2025-10-18 08:51:02,993 : INFO : EventManager : Event: ======'machine_var_audits_switches_s_bumper1'====== Args={'value': 291, 'prev_value': None, 'change': True}
2025-10-18 08:51:02,994 : INFO : EventManager : Event: ======'machine_var_audits_switches_s_bumper2'====== Args={'value': 840, 'prev_value': None, 'change': True}
2025-10-18 08:51:02,994 : INFO : EventManager : Event: ======'machine_var_audits_switches_s_bumper_1'====== Args={'value': 0, 'prev_value': None, 'change': True}
2025-10-18 08:51:02,994 : INFO : EventManager : Event: ======'machine_var_audits_switches_s_bumper_2'====== Args={'value': 0, 'prev_value': None, 'change': True}
2025-10-18 08:51:02,994 : INFO : EventManager : Event: ======'machine_var_audits_switches_s_center_center_target'====== Args={'value': 26, 'prev_value': None, 'change': True}
2025-10-18 08:51:02,995 : INFO : EventManager : Event: ======'machine_var_audits_switches_s_center_rollover'====== Args={'value': 346, 'prev_value': None, 'change': True}
2025-10-18 08:51:02,995 : INFO : EventManager : Event: ======'machine_var_audits_switches_s_center_scoop'====== Args={'value': 21, 'prev_value': None, 'change': True}
2025-10-18 08:51:02,995 : INFO : EventManager : Event: ======'machine_var_audits_switches_s_coin_left'====== Args={'value': 16, 'prev_value': None, 'change': True}
2025-10-18 08:51:02,996 : INFO : EventManager : Event: ======'machine_var_audits_switches_s_launcher_lane_spinner'====== Args={'value': 9, 'prev_value': None, 'change': True}
2025-10-18 08:51:02,996 : INFO : EventManager : Event: ======'machine_var_audits_switches_s_left_center_target'====== Args={'value': 27, 'prev_value': None, 'change': True}
2025-10-18 08:51:02,996 : INFO : EventManager : Event: ======'machine_var_audits_switches_s_left_corridor_spinner'====== Args={'value': 32, 'prev_value': None, 'change': True}
2025-10-18 08:51:02,996 : INFO : EventManager : Event: ======'machine_var_audits_switches_s_left_corridor_spinner2'====== Args={'value': 4, 'prev_value': None, 'change': True}
2025-10-18 08:51:02,997 : INFO : EventManager : Event: ======'machine_var_audits_switches_s_left_flipper'====== Args={'value': 342, 'prev_value': None, 'change': True}
2025-10-18 08:51:02,998 : INFO : EventManager : Event: ======'machine_var_audits_switches_s_left_inlane'====== Args={'value': 23, 'prev_value': None, 'change': True}
2025-10-18 08:51:02,998 : INFO : EventManager : Event: ======'machine_var_audits_switches_s_left_outlane'====== Args={'value': 15, 'prev_value': None, 'change': True}
2025-10-18 08:51:02,998 : INFO : EventManager : Event: ======'machine_var_audits_switches_s_left_rollover'====== Args={'value': 284, 'prev_value': None, 'change': True}
2025-10-18 08:51:02,999 : INFO : EventManager : Event: ======'machine_var_audits_switches_s_left_scoop'====== Args={'value': 256, 'prev_value': None, 'change': True}
2025-10-18 08:51:02,999 : INFO : EventManager : Event: ======'machine_var_audits_switches_s_left_standup'====== Args={'value': 20, 'prev_value': None, 'change': True}
2025-10-18 08:51:03,000 : INFO : EventManager : Event: ======'machine_var_audits_switches_s_middle_inlane'====== Args={'value': 20, 'prev_value': None, 'change': True}
2025-10-18 08:51:03,000 : INFO : EventManager : Event: ======'machine_var_audits_switches_s_plunger'====== Args={'value': 578, 'prev_value': None, 'change': True}
2025-10-18 08:51:03,001 : INFO : EventManager : Event: ======'machine_var_audits_switches_s_right_center_target'====== Args={'value': 29, 'prev_value': None, 'change': True}
2025-10-18 08:51:03,002 : INFO : EventManager : Event: ======'machine_var_audits_switches_s_right_corridor_spinner'====== Args={'value': 21, 'prev_value': None, 'change': True}
2025-10-18 08:51:03,002 : INFO : EventManager : Event: ======'machine_var_audits_switches_s_right_flipper'====== Args={'value': 155, 'prev_value': None, 'change': True}
2025-10-18 08:51:03,003 : INFO : EventManager : Event: ======'machine_var_audits_switches_s_right_inlane'====== Args={'value': 233, 'prev_value': None, 'change': True}
2025-10-18 08:51:03,003 : INFO : EventManager : Event: ======'machine_var_audits_switches_s_right_outlane'====== Args={'value': 42, 'prev_value': None, 'change': True}
2025-10-18 08:51:03,004 : INFO : EventManager : Event: ======'machine_var_audits_switches_s_right_rollover'====== Args={'value': 388, 'prev_value': None, 'change': True}
2025-10-18 08:51:03,004 : INFO : EventManager : Event: ======'machine_var_audits_switches_s_right_scoop'====== Args={'value': 75, 'prev_value': None, 'change': True}
2025-10-18 08:51:03,004 : INFO : EventManager : Event: ======'machine_var_audits_switches_s_right_standup'====== Args={'value': 164, 'prev_value': None, 'change': True}
2025-10-18 08:51:03,005 : INFO : EventManager : Event: ======'machine_var_audits_switches_s_service_coin'====== Args={'value': 1, 'prev_value': None, 'change': True}
2025-10-18 08:51:03,005 : INFO : EventManager : Event: ======'machine_var_audits_switches_s_sling_left'====== Args={'value': 3, 'prev_value': None, 'change': True}
2025-10-18 08:51:03,005 : INFO : EventManager : Event: ======'machine_var_audits_switches_s_sling_right'====== Args={'value': 8, 'prev_value': None, 'change': True}
2025-10-18 08:51:03,006 : INFO : EventManager : Event: ======'machine_var_audits_switches_s_standup_1'====== Args={'value': 153, 'prev_value': None, 'change': True}
2025-10-18 08:51:03,006 : INFO : EventManager : Event: ======'machine_var_audits_switches_s_standup_2'====== Args={'value': 100, 'prev_value': None, 'change': True}
2025-10-18 08:51:03,007 : INFO : EventManager : Event: ======'machine_var_audits_switches_s_standup_3'====== Args={'value': 87, 'prev_value': None, 'change': True}
2025-10-18 08:51:03,007 : INFO : EventManager : Event: ======'machine_var_audits_switches_s_standup_4'====== Args={'value': 66, 'prev_value': None, 'change': True}
2025-10-18 08:51:03,008 : INFO : EventManager : Event: ======'machine_var_audits_switches_s_standup_5'====== Args={'value': 64, 'prev_value': None, 'change': True}
2025-10-18 08:51:03,008 : INFO : EventManager : Event: ======'machine_var_audits_switches_s_standup_6'====== Args={'value': 55, 'prev_value': None, 'change': True}
2025-10-18 08:51:03,009 : INFO : EventManager : Event: ======'machine_var_audits_switches_s_start'====== Args={'value': 54, 'prev_value': None, 'change': True}
2025-10-18 08:51:03,010 : INFO : EventManager : Event: ======'machine_var_audits_switches_s_top_left_standup'====== Args={'value': 19, 'prev_value': None, 'change': True}
2025-10-18 08:51:03,010 : INFO : EventManager : Event: ======'machine_var_audits_switches_s_top_left_standup2'====== Args={'value': 37, 'prev_value': None, 'change': True}
2025-10-18 08:51:03,011 : INFO : EventManager : Event: ======'machine_var_audits_switches_s_top_middle_inlane'====== Args={'value': 41, 'prev_value': None, 'change': True}
2025-10-18 08:51:03,011 : INFO : EventManager : Event: ======'machine_var_audits_switches_s_trough1'====== Args={'value': 335, 'prev_value': None, 'change': True}
2025-10-18 08:51:03,012 : INFO : EventManager : Event: ======'machine_var_audits_switches_s_trough2'====== Args={'value': 1, 'prev_value': None, 'change': True}
2025-10-18 08:51:03,012 : INFO : EventManager : Event: ======'machine_var_audits_switches_s_trough3'====== Args={'value': 0, 'prev_value': None, 'change': True}
2025-10-18 08:51:03,013 : INFO : EventManager : Event: ======'machine_var_audits_switches_s_trough4'====== Args={'value': 0, 'prev_value': None, 'change': True}
2025-10-18 08:51:03,013 : INFO : EventManager : Event: ======'machine_var_audits_switches_s_trough5'====== Args={'value': 0, 'prev_value': None, 'change': True}
2025-10-18 08:51:03,014 : INFO : EventManager : Event: ======'machine_var_audits_switches_s_trough6'====== Args={'value': 0, 'prev_value': None, 'change': True}
2025-10-18 08:51:03,015 : INFO : EventManager : Event: ======'machine_var_audits_switches_s_trough_jam'====== Args={'value': 2, 'prev_value': None, 'change': True}
2025-10-18 08:51:03,017 : INFO : EventManager : Event: ======'init_phase_5'====== Args={}
2025-10-18 08:51:03,070 : INFO : EventManager : Event: ======'init_done'====== Args={}
2025-10-18 08:51:03,089 : INFO : EventManager : Event: ======'machine_reset_phase_1'====== Args={}
2025-10-18 08:51:03,089 : INFO : BcpServer : New client connected.
2025-10-18 08:51:03,164 : INFO : EventManager : Event: ======'slide_window_slide_1_removed'====== Args={'_from_bcp': True}
2025-10-18 08:51:03,177 : INFO : EventManager : Event: ======'slide_window_slide_1_created'====== Args={'_from_bcp': True}
2025-10-18 08:51:03,179 : INFO : EventManager : Event: ======'machine_reset_phase_2'====== Args={}
2025-10-18 08:51:03,179 : INFO : EventManager : Event: ======'machine_reset_phase_3'====== Args={}
2025-10-18 08:51:03,180 : INFO : EventManager : Event: ======'slide_window_slide_1_active'====== Args={'_from_bcp': True}
2025-10-18 08:51:03,180 : INFO : drop_target_bank.TIME : All targets are already up. Will not reset bank.
2025-10-18 08:51:03,181 : INFO : drop_target_bank.CENTER : All targets are already up. Will not reset bank.
2025-10-18 08:51:03,181 : INFO : drop_target_bank.TRAVEL : All targets are already up. Will not reset bank.
2025-10-18 08:51:03,181 : INFO : EventManager : Event: ======'reset_complete'====== Args={}
2025-10-18 08:51:03,181 : INFO : EventManager : Event: ======'mode_credits_will_start'====== Args={}
2025-10-18 08:51:03,182 : INFO : EventManager : Event: ======'mode_credits_starting'====== Args={}
2025-10-18 08:51:03,182 : INFO : EventManager : Event: ======'mode_attract_will_start'====== Args={}
2025-10-18 08:51:03,183 : INFO : EventManager : Event: ======'mode_attract_starting'====== Args={}
2025-10-18 08:51:03,183 : INFO : Mode.attract : Started. Priority: 10
2025-10-18 08:51:03,183 : INFO : EventManager : Event: ======'modes_active_modes_changed'====== Args={}
2025-10-18 08:51:03,183 : INFO : EventManager : Event: ======'mode_attract_started'====== Args={}
2025-10-18 08:51:03,184 : INFO : EventManager : Event: ======'collecting_balls_complete'====== Args={}
2025-10-18 08:51:03,184 : INFO : Mode.credits : Started. Priority: 1000010
2025-10-18 08:51:03,184 : INFO : EventManager : Event: ======'modes_active_modes_changed'====== Args={}
2025-10-18 08:51:03,184 : INFO : EventManager : Event: ======'mode_credits_started'====== Args={}
2025-10-18 08:51:03,185 : INFO : Mode.credits : Credit units per game: 2
2025-10-18 08:51:03,185 : INFO : EventManager : Event: ======'machine_var_price_per_game_raw_0'====== Args={'value': 0.5, 'prev_value': None, 'change': True}
2025-10-18 08:51:03,186 : INFO : EventManager : Event: ======'machine_var_price_per_game_string_0'====== Args={'value': '1 CREDITS $0.5', 'prev_value': None, 'change': True}
2025-10-18 08:51:03,187 : INFO : EventManager : Event: ======'machine_var_price_per_game_raw_1'====== Args={'value': 2.0, 'prev_value': None, 'change': True}
2025-10-18 08:51:03,187 : INFO : EventManager : Event: ======'machine_var_price_per_game_string_1'====== Args={'value': '5 CREDITS $2.0', 'prev_value': None, 'change': True}
2025-10-18 08:51:03,189 : INFO : EventManager : Event: ======'machine_var_credits_string'====== Args={'value': ' ', 'prev_value': 'FREE PLAY', 'change': True}
2025-10-18 08:51:03,189 : INFO : EventManager : Event: ======'machine_var_credits_value'====== Args={'value': '0', 'prev_value': None, 'change': True}
2025-10-18 08:51:03,190 : INFO : EventManager : Event: ======'machine_var_credits_whole_num'====== Args={'value': 0, 'prev_value': None, 'change': True}
2025-10-18 08:51:03,191 : INFO : EventManager : Event: ======'machine_var_credits_numerator'====== Args={'value': 0, 'prev_value': None, 'change': True}
2025-10-18 08:51:03,191 : INFO : EventManager : Event: ======'machine_var_credits_denominator'====== Args={'value': 0, 'prev_value': None, 'change': True}
2025-10-18 08:51:03,192 : INFO : EventManager : Event: ======'machine_var_credits_string'====== Args={'value': 'CREDITS 0', 'prev_value': ' ', 'change': True}
2025-10-18 08:51:03,193 : INFO : EventManager : Event: ======'machine_var_credits_denominator'====== Args={'value': 2, 'prev_value': 0, 'change': 2}
2025-10-18 08:51:03,235 : INFO : EventManager : Event: ======'slide_awesome_slide_created'====== Args={'_from_bcp': True}
2025-10-18 08:51:03,235 : INFO : EventManager : Event: ======'slide_awesome_slide_active'====== Args={'_from_bcp': True}
2025-10-18 08:51:03,237 : INFO : Machine : Starting the main run loop.
2025-10-18 08:51:04,518 : INFO : SwitchController : <<<<<<< 's_start' active >>>>>>>
2025-10-18 08:51:04,617 : INFO : SwitchController : <<<<<<< 's_start' inactive >>>>>>>
2025-10-18 08:51:04,617 : INFO : EventManager : Event: ======'request_to_start_game'====== Args={}
2025-10-18 08:51:04,618 : INFO : Mode.credits : Received request to start game. Request Denied. Not enough credits available.
2025-10-18 08:51:04,618 : INFO : EventManager : Event: ======'not_enough_credits'====== Args={}
2025-10-18 08:51:04,639 : INFO : EventManager : Event: ======'slide_not_enough_credits_slide_created'====== Args={'_from_bcp': True}
2025-10-18 08:51:04,652 : INFO : EventManager : Event: ======'slide_not_enough_credits_slide_active'====== Args={'_from_bcp': True}
2025-10-18 08:51:06,152 : INFO : SwitchController : <<<<<<< 's_coin_left' active >>>>>>>
2025-10-18 08:51:06,153 : INFO : Mode.credits : Credit switch hit. Credit Added. Value: 0.25. Type: money keyName: None
2025-10-18 08:51:06,153 : INFO : Mode.credits : Credit units added
2025-10-18 08:51:06,153 : INFO : EventManager : Event: ======'machine_var_credit_units'====== Args={'value': 1, 'prev_value': 0, 'change': 1}
2025-10-18 08:51:06,154 : INFO : EventManager : Event: ======'machine_var_credits_string'====== Args={'value': 'CREDITS 1/2', 'prev_value': 'CREDITS 0', 'change': True}
2025-10-18 08:51:06,155 : INFO : EventManager : Event: ======'machine_var_credits_value'====== Args={'value': '1/2', 'prev_value': '0', 'change': True}
2025-10-18 08:51:06,155 : INFO : EventManager : Event: ======'machine_var_credits_numerator'====== Args={'value': 1, 'prev_value': 0, 'change': 1}
2025-10-18 08:51:06,156 : INFO : EventManager : Event: ======'credits_added'====== Args={}
2025-10-18 08:51:06,156 : INFO : Mode.credits : Credit audits. Value: 0.25. Type: money keyName: None
2025-10-18 08:51:06,174 : INFO : EventManager : Event: ======'slide_credit_added_slide_created'====== Args={'_from_bcp': True}
2025-10-18 08:51:06,181 : INFO : EventManager : Event: ======'slide_press_start_created'====== Args={'_from_bcp': True}
2025-10-18 08:51:06,185 : INFO : EventManager : Event: ======'slide_credit_added_slide_active'====== Args={'_from_bcp': True}
2025-10-18 08:51:06,300 : INFO : SwitchController : <<<<<<< 's_coin_left' inactive >>>>>>>
2025-10-18 08:51:06,654 : INFO : EventManager : Event: ======'slide_not_enough_credits_slide_removed'====== Args={'_from_bcp': True}
2025-10-18 08:51:06,718 : INFO : SwitchController : <<<<<<< 's_coin_left' active >>>>>>>
2025-10-18 08:51:06,718 : INFO : Mode.credits : Credit switch hit. Credit Added. Value: 0.25. Type: money keyName: None
2025-10-18 08:51:06,718 : INFO : Mode.credits : Credit units added
2025-10-18 08:51:06,718 : INFO : EventManager : Event: ======'machine_var_credit_units'====== Args={'value': 2, 'prev_value': 1, 'change': 1}
2025-10-18 08:51:06,720 : INFO : EventManager : Event: ======'machine_var_credits_string'====== Args={'value': 'CREDITS 1', 'prev_value': 'CREDITS 1/2', 'change': True}
2025-10-18 08:51:06,721 : INFO : EventManager : Event: ======'machine_var_credits_value'====== Args={'value': '1', 'prev_value': '1/2', 'change': True}
2025-10-18 08:51:06,721 : INFO : EventManager : Event: ======'machine_var_credits_whole_num'====== Args={'value': 1, 'prev_value': 0, 'change': 1}
2025-10-18 08:51:06,722 : INFO : EventManager : Event: ======'machine_var_credits_numerator'====== Args={'value': 0, 'prev_value': 1, 'change': -1}
2025-10-18 08:51:06,723 : INFO : EventManager : Event: ======'credits_added'====== Args={}
2025-10-18 08:51:06,723 : INFO : Mode.credits : Credit audits. Value: 0.25. Type: money keyName: None
2025-10-18 08:51:06,754 : INFO : EventManager : Event: ======'slide_credit_added_slide_removed'====== Args={'_from_bcp': True}
2025-10-18 08:51:06,755 : INFO : EventManager : Event: ======'slide_credit_added_slide_created'====== Args={'_from_bcp': True}
2025-10-18 08:51:06,757 : INFO : EventManager : Event: ======'slide_credit_added_slide_removed'====== Args={'_from_bcp': True}
2025-10-18 08:51:06,759 : INFO : EventManager : Event: ======'slide_credit_added_slide_active'====== Args={'_from_bcp': True}
2025-10-18 08:51:06,784 : INFO : SwitchController : <<<<<<< 's_coin_left' inactive >>>>>>>
2025-10-18 08:51:07,952 : INFO : SwitchController : <<<<<<< 's_start' active >>>>>>>
2025-10-18 08:51:08,078 : INFO : SwitchController : <<<<<<< 's_start' inactive >>>>>>>
2025-10-18 08:51:08,078 : INFO : EventManager : Event: ======'request_to_start_game'====== Args={}
2025-10-18 08:51:08,078 : INFO : Mode.credits : Received request to start game. Request Approved. Sufficient credits available.
2025-10-18 08:51:08,078 : INFO : EventManager : Event: ======'game_start'====== Args={'buttons': [], 'hold_time': 0.125}
2025-10-18 08:51:08,078 : INFO : EventManager : Event: ======'mode_game_will_start'====== Args={'buttons': [], 'hold_time': 0.125}
2025-10-18 08:51:08,079 : INFO : EventManager : Event: ======'mode_game_starting'====== Args={'buttons': [], 'hold_time': 0.125}
2025-10-18 08:51:08,079 : INFO : EventManager : Event: ======'mode_attract_will_stop'====== Args={}
2025-10-18 08:51:08,079 : INFO : EventManager : Event: ======'mode_attract_stopping'====== Args={}
2025-10-18 08:51:08,079 : INFO : Mode.attract : Stopped.
2025-10-18 08:51:08,079 : INFO : EventManager : Event: ======'modes_active_modes_changed'====== Args={}
2025-10-18 08:51:08,080 : INFO : EventManager : Event: ======'mode_attract_stopped'====== Args={}
2025-10-18 08:51:08,080 : INFO : EventManager : Event: ======'clear'====== Args={'key': 'attract'}
2025-10-18 08:51:08,080 : INFO : Mode.game : Started. Priority: 20
2025-10-18 08:51:08,080 : INFO : EventManager : Event: ======'modes_active_modes_changed'====== Args={}
2025-10-18 08:51:08,081 : INFO : EventManager : Event: ======'mode_game_started'====== Args={'buttons': [], 'hold_time': 0.125}
2025-10-18 08:51:08,088 : INFO : EventManager : Event: ======'game_will_start'====== Args={}
2025-10-18 08:51:08,089 : INFO : EventManager : Event: ======'game_starting'====== Args={'game': <Mode.game>}
2025-10-18 08:51:08,090 : INFO : EventManager : Unordered handler for class <Auditor> on event game_ended with priority 1. Handlers: [RegisteredHandler(callback=<bound method Auditor.disable of <Auditor>>, priority=1, kwargs={}, key=UUID('839e1052-56a6-446a-8358-8ca43229f6fb'), condition=None, blocking_facility=None), RegisteredHandler(callback=<bound method Auditor._save_audits of <Auditor>>, priority=1, kwargs={}, key=UUID('0f805eac-462d-46f5-8658-b2ce9c707394'), condition=None, blocking_facility=None)]. The order of those handlers is not defined and they will be executed in random order. This might lead to race conditions and potential bugs.
2025-10-18 08:51:08,090 : INFO : EventManager : Event: ======'player_add_request'====== Args={}
2025-10-18 08:51:08,090 : INFO : Mode.credits : Received request to add player. Request Approved. Sufficient credits available.
2025-10-18 08:51:08,091 : INFO : EventManager : Event: ======'player_will_add'====== Args={'number': 1}
2025-10-18 08:51:08,091 : INFO : EventManager : Event: ======'player_adding'====== Args={'player': <Player 1>, 'number': 1}
2025-10-18 08:51:08,091 : INFO : EventManager : Event: ======'player_added'====== Args={'player': <Player 1>, 'num': 1}
2025-10-18 08:51:08,091 : INFO : Mode.game : Player added successfully. Total players: 1
2025-10-18 08:51:08,092 : INFO : EventManager : Event: ======'machine_var_credit_units'====== Args={'value': 0, 'prev_value': 2, 'change': -2}
2025-10-18 08:51:08,092 : INFO : EventManager : Event: ======'machine_var_credits_string'====== Args={'value': 'CREDITS 0', 'prev_value': 'CREDITS 1', 'change': True}
2025-10-18 08:51:08,093 : INFO : EventManager : Event: ======'machine_var_credits_value'====== Args={'value': '0', 'prev_value': '1', 'change': True}
2025-10-18 08:51:08,093 : INFO : EventManager : Event: ======'machine_var_credits_whole_num'====== Args={'value': 0, 'prev_value': 1, 'change': -1}
2025-10-18 08:51:08,094 : INFO : EventManager : Event: ======'player_index'====== Args={'value': 0, 'prev_value': 0, 'change': 0, 'player_num': 1}
2025-10-18 08:51:08,094 : INFO : EventManager : Event: ======'player_number'====== Args={'value': 1, 'prev_value': 1, 'change': 0, 'player_num': 1}
2025-10-18 08:51:08,094 : INFO : EventManager : Event: ======'player_sj_active'====== Args={'value': 0, 'prev_value': 0, 'change': 0, 'player_num': 1}
2025-10-18 08:51:08,094 : INFO : EventManager : Event: ======'player_score'====== Args={'value': 0, 'prev_value': 0, 'change': 0, 'player_num': 1}
2025-10-18 08:51:08,095 : INFO : EventManager : Event: ======'game_started'====== Args={}
2025-10-18 08:51:08,115 : INFO : EventManager : Event: ======'player_turn_will_start'====== Args={'player': <Player 1>, 'number': 1}
2025-10-18 08:51:08,118 : INFO : EventManager : Event: ======'slide_awesome_slide_removed'====== Args={'_from_bcp': True}
2025-10-18 08:51:08,119 : INFO : EventManager : Event: ======'slide_press_start_removed'====== Args={'_from_bcp': True}
2025-10-18 08:51:08,119 : INFO : EventManager : Event: ======'slide_player_added_slide_created'====== Args={'_from_bcp': True}
2025-10-18 08:51:08,119 : INFO : EventManager : Event: ======'slide_player_added_slide_removed'====== Args={'_from_bcp': True}
2025-10-18 08:51:08,120 : INFO : EventManager : Event: ======'slide_player_added_slide_created'====== Args={'_from_bcp': True}
2025-10-18 08:51:08,120 : INFO : EventManager : Event: ======'slide_player_added_slide_removed'====== Args={'_from_bcp': True}
2025-10-18 08:51:08,120 : INFO : EventManager : Event: ======'slide_player_added_slide_created'====== Args={'_from_bcp': True}
2025-10-18 08:51:08,120 : INFO : EventManager : Event: ======'slide_credit_added_slide_active'====== Args={'_from_bcp': True}
2025-10-18 08:51:08,120 : INFO : EventManager : Event: ======'player_turn_starting'====== Args={'player': <Player 1>, 'number': 1}
2025-10-18 08:51:08,121 : INFO : EventManager : Event: ======'player_ball'====== Args={'value': 1, 'prev_value': 0, 'change': 1, 'player_num': 1}
2025-10-18 08:51:08,121 : INFO : EventManager : Event: ======'player_turn_started'====== Args={'player': <Player 1>, 'number': 1}
2025-10-18 08:51:08,123 : INFO : EventManager : Event: ======'ball_will_start'====== Args={'player': 1, 'ball': 1, 'balls_remaining': 2, 'is_extra_ball': False}
2025-10-18 08:51:08,129 : INFO : EventManager : Event: ======'ball_starting'====== Args={'player': 1, 'ball': 1, 'balls_remaining': 2, 'is_extra_ball': False}
2025-10-18 08:51:08,131 : INFO : EventManager : Event: ======'mode_special_setup_will_start'====== Args={'queue': <QueuedEvent>, 'player': 1, 'ball': 1, 'balls_remaining': 2, 'is_extra_ball': False}
2025-10-18 08:51:08,132 : INFO : EventManager : Event: ======'mode_special_setup_starting'====== Args={'queue': <QueuedEvent>, 'player': 1, 'ball': 1, 'balls_remaining': 2, 'is_extra_ball': False}
2025-10-18 08:51:08,132 : INFO : EventManager : Event: ======'mode_super_jets_setup_will_start'====== Args={'queue': <QueuedEvent>, 'player': 1, 'ball': 1, 'balls_remaining': 2, 'is_extra_ball': False}
2025-10-18 08:51:08,132 : INFO : EventManager : Event: ======'player_shot_jets_enabled'====== Args={'value': True, 'prev_value': 0, 'change': 1, 'player_num': 1}
2025-10-18 08:51:08,134 : INFO : EventManager : Event: ======'mode_super_jets_setup_starting'====== Args={'queue': <QueuedEvent>, 'player': 1, 'ball': 1, 'balls_remaining': 2, 'is_extra_ball': False}
2025-10-18 08:51:08,134 : INFO : drop_target_bank.TIME : All targets are already up. Will not reset bank.
2025-10-18 08:51:08,134 : INFO : drop_target_bank.CENTER : All targets are already up. Will not reset bank.
2025-10-18 08:51:08,135 : INFO : drop_target_bank.TRAVEL : All targets are already up. Will not reset bank.
2025-10-18 08:51:08,136 : INFO : EventManager : Event: ======'balls_in_play'====== Args={'balls': 1}
2025-10-18 08:51:08,136 : INFO : EventManager : Event: ======'ball_started'====== Args={'player': 1, 'ball': 1, 'balls_remaining': 2, 'is_extra_ball': False}
2025-10-18 08:51:08,137 : INFO : EventManager : Event: ======'logicblock_special_count_updated'====== Args={'value': 0, 'enabled': True}
2025-10-18 08:51:08,137 : INFO : EventManager : Event: ======'logicblock_special_count_updated'====== Args={'value': 0, 'enabled': True}
2025-10-18 08:51:08,137 : INFO : Mode.special_setup : Started. Priority: 400
2025-10-18 08:51:08,137 : INFO : EventManager : Event: ======'modes_active_modes_changed'====== Args={}
2025-10-18 08:51:08,137 : INFO : EventManager : Event: ======'mode_special_setup_started'====== Args={'queue': <QueuedEvent>, 'player': 1, 'ball': 1, 'balls_remaining': 2, 'is_extra_ball': False}
2025-10-18 08:51:08,137 : INFO : EventManager : Event: ======'logicblock_lb_jets_count_updated'====== Args={'value': 0, 'enabled': True}
2025-10-18 08:51:08,138 : INFO : EventManager : Event: ======'logicblock_lb_rollover_complete_count_updated'====== Args={'value': 0, 'enabled': True}
2025-10-18 08:51:08,138 : INFO : EventManager : Event: ======'logicblock_lb_jets_count_updated'====== Args={'value': 0, 'enabled': True}
2025-10-18 08:51:08,138 : INFO : EventManager : Event: ======'logicblock_lb_jets_resume_updated'====== Args={'value': 0, 'enabled': False}
2025-10-18 08:51:08,138 : INFO : EventManager : Event: ======'logicblock_lb_rollover_complete_count_updated'====== Args={'value': 0, 'enabled': True}
2025-10-18 08:51:08,138 : INFO : Mode.super_jets_setup : Started. Priority: 200
2025-10-18 08:51:08,138 : INFO : EventManager : Event: ======'modes_active_modes_changed'====== Args={}
2025-10-18 08:51:08,138 : INFO : EventManager : Event: ======'mode_super_jets_setup_started'====== Args={'queue': <QueuedEvent>, 'player': 1, 'ball': 1, 'balls_remaining': 2, 'is_extra_ball': False}
2025-10-18 08:51:08,139 : INFO : EventManager : Event: ======'mode_base_will_start'====== Args={'player': 1, 'ball': 1, 'balls_remaining': 2, 'is_extra_ball': False}
2025-10-18 08:51:08,139 : INFO : EventManager : Event: ======'player_shot_top_left_standup2_shot_enabled'====== Args={'value': True, 'prev_value': 0, 'change': 1, 'player_num': 1}
2025-10-18 08:51:08,140 : INFO : EventManager : Event: ======'player_shot_top_left_standup_shot_enabled'====== Args={'value': True, 'prev_value': 0, 'change': 1, 'player_num': 1}
2025-10-18 08:51:08,140 : INFO : EventManager : Event: ======'player_shot_left_standup_shot_enabled'====== Args={'value': True, 'prev_value': 0, 'change': 1, 'player_num': 1}
2025-10-18 08:51:08,141 : INFO : EventManager : Event: ======'player_shot_right_standup_shot_enabled'====== Args={'value': True, 'prev_value': 0, 'change': 1, 'player_num': 1}
2025-10-18 08:51:08,141 : INFO : EventManager : Event: ======'player_shot_left_rollover_shot_enabled'====== Args={'value': True, 'prev_value': 0, 'change': 1, 'player_num': 1}
2025-10-18 08:51:08,141 : INFO : EventManager : Event: ======'player_shot_center_rollover_shot_enabled'====== Args={'value': True, 'prev_value': 0, 'change': 1, 'player_num': 1}
2025-10-18 08:51:08,142 : INFO : EventManager : Event: ======'player_shot_right_rollover_shot_enabled'====== Args={'value': True, 'prev_value': 0, 'change': 1, 'player_num': 1}
2025-10-18 08:51:08,142 : INFO : EventManager : Event: ======'player_shot_right_scoop_shot_enabled'====== Args={'value': True, 'prev_value': 0, 'change': 1, 'player_num': 1}
2025-10-18 08:51:08,143 : INFO : EventManager : Event: ======'player_shot_center_scoop_shot_enabled'====== Args={'value': True, 'prev_value': 0, 'change': 1, 'player_num': 1}
2025-10-18 08:51:08,143 : INFO : EventManager : Event: ======'player_shot_left_scoop_shot_enabled'====== Args={'value': True, 'prev_value': 0, 'change': 1, 'player_num': 1}
2025-10-18 08:51:08,144 : INFO : EventManager : Event: ======'player_shot_T_enabled'====== Args={'value': True, 'prev_value': 0, 'change': 1, 'player_num': 1}
2025-10-18 08:51:08,144 : INFO : EventManager : Event: ======'player_shot_I_enabled'====== Args={'value': True, 'prev_value': 0, 'change': 1, 'player_num': 1}
2025-10-18 08:51:08,144 : INFO : EventManager : Event: ======'player_shot_M_enabled'====== Args={'value': True, 'prev_value': 0, 'change': 1, 'player_num': 1}
2025-10-18 08:51:08,145 : INFO : EventManager : Event: ======'player_shot_E_enabled'====== Args={'value': True, 'prev_value': 0, 'change': 1, 'player_num': 1}
2025-10-18 08:51:08,146 : INFO : EventManager : Event: ======'player_shot_left_center_droptarget_enabled'====== Args={'value': True, 'prev_value': 0, 'change': 1, 'player_num': 1}
2025-10-18 08:51:08,146 : INFO : EventManager : Event: ======'player_shot_center_center_droptarget_enabled'====== Args={'value': True, 'prev_value': 0, 'change': 1, 'player_num': 1}
2025-10-18 08:51:08,146 : INFO : EventManager : Event: ======'player_shot_right_center_droptarget_enabled'====== Args={'value': True, 'prev_value': 0, 'change': 1, 'player_num': 1}
2025-10-18 08:51:08,147 : INFO : EventManager : Event: ======'player_shot_Tb_enabled'====== Args={'value': True, 'prev_value': 0, 'change': 1, 'player_num': 1}
2025-10-18 08:51:08,147 : INFO : EventManager : Event: ======'player_shot_R_enabled'====== Args={'value': True, 'prev_value': 0, 'change': 1, 'player_num': 1}
2025-10-18 08:51:08,148 : INFO : EventManager : Event: ======'player_shot_A_enabled'====== Args={'value': True, 'prev_value': 0, 'change': 1, 'player_num': 1}
2025-10-18 08:51:08,148 : INFO : EventManager : Event: ======'player_shot_V_enabled'====== Args={'value': True, 'prev_value': 0, 'change': 1, 'player_num': 1}
2025-10-18 08:51:08,149 : INFO : EventManager : Event: ======'player_shot_Eb_enabled'====== Args={'value': True, 'prev_value': 0, 'change': 1, 'player_num': 1}
2025-10-18 08:51:08,149 : INFO : EventManager : Event: ======'player_shot_L_enabled'====== Args={'value': True, 'prev_value': 0, 'change': 1, 'player_num': 1}
2025-10-18 08:51:08,150 : INFO : EventManager : Event: ======'player_shot_bumper1_shot_enabled'====== Args={'value': True, 'prev_value': 0, 'change': 1, 'player_num': 1}
2025-10-18 08:51:08,150 : INFO : EventManager : Event: ======'player_shot_bumper2_shot_enabled'====== Args={'value': True, 'prev_value': 0, 'change': 1, 'player_num': 1}
2025-10-18 08:51:08,150 : INFO : EventManager : Event: ======'player_shot_right_inlane_shot_enabled'====== Args={'value': True, 'prev_value': 0, 'change': 1, 'player_num': 1}
2025-10-18 08:51:08,151 : INFO : EventManager : Event: ======'player_shot_left_inlane_shot_enabled'====== Args={'value': True, 'prev_value': 0, 'change': 1, 'player_num': 1}
2025-10-18 08:51:08,152 : INFO : EventManager : Event: ======'player_shot_right_outlane_shot_enabled'====== Args={'value': True, 'prev_value': 0, 'change': 1, 'player_num': 1}
2025-10-18 08:51:08,152 : INFO : EventManager : Event: ======'player_shot_left_outlane_shot_enabled'====== Args={'value': True, 'prev_value': 0, 'change': 1, 'player_num': 1}
2025-10-18 08:51:08,153 : INFO : EventManager : Event: ======'rollover_lanes_complete'====== Args={'state': 'unlit'}
2025-10-18 08:51:08,153 : INFO : EventManager : Event: ======'rollover_lanes_unlit_complete'====== Args={}
2025-10-18 08:51:08,154 : INFO : EventManager : Event: ======'TIME_droptargets_complete'====== Args={'state': 'unlit'}
2025-10-18 08:51:08,154 : INFO : EventManager : Event: ======'TIME_droptargets_unlit_complete'====== Args={}
2025-10-18 08:51:08,155 : INFO : EventManager : Event: ======'CENTER_droptargets_complete'====== Args={'state': 'unlit'}
2025-10-18 08:51:08,155 : INFO : EventManager : Event: ======'CENTER_droptargets_unlit_complete'====== Args={}
2025-10-18 08:51:08,156 : INFO : EventManager : Event: ======'TRAVEL_droptargets_complete'====== Args={'state': 'unlit'}
2025-10-18 08:51:08,156 : INFO : EventManager : Event: ======'TRAVEL_droptargets_unlit_complete'====== Args={}
2025-10-18 08:51:08,161 : INFO : EventManager : Event: ======'mode_base_starting'====== Args={'player': 1, 'ball': 1, 'balls_remaining': 2, 'is_extra_ball': False}
2025-10-18 08:51:08,163 : INFO : Mode.base : Started. Priority: 100
2025-10-18 08:51:08,163 : INFO : EventManager : Event: ======'modes_active_modes_changed'====== Args={}
2025-10-18 08:51:08,163 : INFO : EventManager : Event: ======'mode_base_started'====== Args={'player': 1, 'ball': 1, 'balls_remaining': 2, 'is_extra_ball': False}
2025-10-18 08:51:08,164 : INFO : EventManager : Event: ======'single_player_ball_started'====== Args={}
2025-10-18 08:51:08,205 : INFO : EventManager : Event: ======'ball_start_target'====== Args={'target': 'playfield'}
2025-10-18 08:51:08,206 : INFO : EventManager : Event: ======'slide_base.slide_player-mode_base_started_created'====== Args={'_from_bcp': True}
2025-10-18 08:51:08,206 : INFO : ball_device.bd_plunger : Setting up player-controlled eject. Balls: 1, Target: <playfield.playfield>, player_controlled_eject_event: None
2025-10-18 08:51:08,207 : INFO : EventManager : Event: ======'balldevice_balls_available'====== Args={}
2025-10-18 08:51:08,208 : INFO : ball_device.bd_trough : State: waiting_for_target_ready
2025-10-18 08:51:08,208 : INFO : EventManager : Event: ======'balldevice_bd_trough_ball_eject_attempt'====== Args={'balls': 1, 'target': <ball_device.bd_plunger>, 'source': <ball_device.bd_trough>, 'mechanical_eject': True, 'num_attempts': 0}
2025-10-18 08:51:08,209 : INFO : ball_device.bd_plunger : State: waiting_for_ball
2025-10-18 08:51:08,209 : INFO : ball_device.bd_trough : State: ejecting
2025-10-18 08:51:08,209 : INFO : ball_device.bd_trough : Ejecting ball to <ball_device.bd_plunger>
2025-10-18 08:51:08,210 : INFO : EventManager : Event: ======'balldevice_bd_trough_ejecting_ball'====== Args={'balls': 1, 'target': <ball_device.bd_plunger>, 'source': <ball_device.bd_trough>, 'mechanical_eject': True, 'num_attempts': 0}
2025-10-18 08:51:08,210 : INFO : ball_device.bd_trough : Wait for ball to leave device
2025-10-18 08:51:08,211 : INFO : coil.c_trough_eject : Pulsing Driver for 20ms (1.0 pulse_power)
2025-10-18 08:51:08,211 : INFO : SwitchController : <<<<<<< 's_trough1' inactive >>>>>>>
2025-10-18 08:51:08,217 : INFO : ball_device.bd_trough : State: ball_left
2025-10-18 08:51:08,218 : INFO : ball_device.bd_trough : Ball left
2025-10-18 08:51:08,218 : INFO : ball_device.bd_trough : Wait for confirm with timeout 3.0
2025-10-18 08:51:08,302 : INFO : SwitchController : <<<<<<< 's_plunger' active >>>>>>>
2025-10-18 08:51:08,302 : INFO : EventManager : Event: ======'machine_var_audits_switches_s_plunger'====== Args={'value': 579, 'prev_value': 578, 'change': 1}
2025-10-18 08:51:08,751 : INFO : EventManager : Event: ======'slide_credit_added_slide_removed'====== Args={'_from_bcp': True}
2025-10-18 08:51:08,752 : INFO : EventManager : Event: ======'slide_base.slide_player-mode_base_started_active'====== Args={'_from_bcp': True}
2025-10-18 08:51:08,810 : INFO : ball_device.bd_plunger : Received ball from <ball_device.bd_trough>
2025-10-18 08:51:08,810 : INFO : EventManager : Event: ======'balldevice_bd_plunger_ball_enter'====== Args={'new_balls': 1, 'unclaimed_balls': 0, 'new_available_balls': 0, 'device': <ball_device.bd_plunger>}
2025-10-18 08:51:08,811 : INFO : EventManager : Event: ======'balldevice_bd_plunger_ball_entered'====== Args={'new_balls': 0, 'device': <ball_device.bd_plunger>}
2025-10-18 08:51:08,811 : INFO : EventManager : Event: ======'balldevice_bd_plunger_ball_count_changed'====== Args={'balls': 1}
2025-10-18 08:51:08,811 : INFO : ball_device.bd_trough : Got eject confirm
2025-10-18 08:51:08,811 : INFO : ball_device.bd_trough : Eject successful
2025-10-18 08:51:08,811 : INFO : EventManager : Event: ======'balldevice_bd_trough_ball_eject_success'====== Args={'balls': 1, 'target': <ball_device.bd_plunger>}
2025-10-18 08:51:08,812 : INFO : EventManager : Event: ======'balldevice_bd_trough_ball_count_changed'====== Args={'balls': 5}
2025-10-18 08:51:08,812 : INFO : ball_device.bd_trough : State: idle
2025-10-18 08:51:08,812 : INFO : ball_device.bd_plunger : State: waiting_for_target_ready
2025-10-18 08:51:08,813 : INFO : EventManager : Event: ======'balldevice_bd_plunger_ball_eject_attempt'====== Args={'balls': 1, 'target': <playfield.playfield>, 'source': <ball_device.bd_plunger>, 'mechanical_eject': True, 'num_attempts': 0}
2025-10-18 08:51:08,813 : INFO : ball_device.bd_plunger : State: ejecting
2025-10-18 08:51:08,813 : INFO : ball_device.bd_plunger : Ejecting ball to <playfield.playfield>
2025-10-18 08:51:08,813 : INFO : EventManager : Event: ======'balldevice_bd_plunger_ejecting_ball'====== Args={'balls': 1, 'target': <playfield.playfield>, 'source': <ball_device.bd_plunger>, 'mechanical_eject': True, 'num_attempts': 0}
2025-10-18 08:51:08,814 : INFO : ball_device.bd_plunger : Wait for ball to leave device
2025-10-18 08:51:09,708 : INFO : EventManager : Event: ======'slide_player_added_slide_removed'====== Args={'_from_bcp': True}
2025-10-18 09:00:21,160 : INFO : Machine : Shutting down...
2025-10-18 09:00:21,160 : INFO : EventManager : Event: ======'shutdown'====== Args={}
2025-10-18 09:00:21,173 : INFO : EventManager : Event: ======'mode_game_will_stop'====== Args={}
2025-10-18 09:00:21,173 : INFO : EventManager : Event: ======'mode_game_stopping'====== Args={}
2025-10-18 09:00:21,174 : INFO : EventManager : Event: ======'mode_base_will_stop'====== Args={}
2025-10-18 09:00:21,175 : INFO : EventManager : Event: ======'mode_base_stopping'====== Args={}
2025-10-18 09:00:21,175 : INFO : EventManager : Event: ======'mode_special_setup_will_stop'====== Args={}
2025-10-18 09:00:21,175 : INFO : EventManager : Event: ======'mode_special_setup_stopping'====== Args={}
2025-10-18 09:00:21,175 : INFO : EventManager : Event: ======'mode_super_jets_setup_will_stop'====== Args={}
2025-10-18 09:00:21,175 : INFO : EventManager : Event: ======'mode_super_jets_setup_stopping'====== Args={}
2025-10-18 09:00:21,176 : INFO : Mode.super_jets_setup : Stopped.
2025-10-18 09:00:21,176 : INFO : EventManager : Event: ======'modes_active_modes_changed'====== Args={}
2025-10-18 09:00:21,177 : INFO : EventManager : Event: ======'mode_super_jets_setup_stopped'====== Args={}
2025-10-18 09:00:21,177 : INFO : EventManager : Event: ======'clear'====== Args={'key': 'super_jets_setup'}
2025-10-18 09:00:21,177 : INFO : Mode.special_setup : Stopped.
2025-10-18 09:00:21,178 : INFO : EventManager : Event: ======'modes_active_modes_changed'====== Args={}
2025-10-18 09:00:21,178 : INFO : EventManager : Event: ======'mode_special_setup_stopped'====== Args={}
2025-10-18 09:00:21,178 : INFO : EventManager : Event: ======'clear'====== Args={'key': 'special_setup'}
2025-10-18 09:00:21,178 : INFO : Mode.base : Stopped.
2025-10-18 09:00:21,178 : INFO : EventManager : Event: ======'modes_active_modes_changed'====== Args={}
2025-10-18 09:00:21,179 : INFO : EventManager : Event: ======'mode_base_stopped'====== Args={}
2025-10-18 09:00:21,179 : INFO : EventManager : Event: ======'clear'====== Args={'key': 'base'}
2025-10-18 09:00:21,186 : INFO : Mode.game : Stopped.
2025-10-18 09:00:21,186 : INFO : EventManager : Event: ======'modes_active_modes_changed'====== Args={}
2025-10-18 09:00:21,186 : INFO : EventManager : Event: ======'mode_game_stopped'====== Args={}
2025-10-18 09:00:21,186 : INFO : EventManager : Event: ======'clear'====== Args={'key': 'game'}
2025-10-18 09:00:21,190 : INFO : root : MPF run loop ended.
