2025-10-16 16:34:55,903 : INFO : root : Loading config.
2025-10-16 16:34:55,907 : INFO : YamlMultifileConfigLoader : Machine config file #1: config.yaml
2025-10-16 16:34:55,908 : INFO : ConfigProcessor : Loading config from cache: C:\Users\richa\AppData\Local\Temp\f7776651e259183bd84a8c8d686bf868.mpf_cache
2025-10-16 16:34:55,985 : INFO : ConfigProcessor : Loading config from cache: C:\Users\richa\AppData\Local\Temp\70233839fc0b792ce11a62f3c18c1950.mpf_cache
2025-10-16 16:34:55,986 : INFO : ConfigProcessor : Loading config from cache: C:\Users\richa\AppData\Local\Temp\9c8dea79ca4d15ee886340e992e8cb9d.mpf_cache
2025-10-16 16:34:55,987 : INFO : ConfigProcessor : Loading config from cache: C:\Users\richa\AppData\Local\Temp\67a19b095f918111543419ac0271bfb1.mpf_cache
2025-10-16 16:34:55,988 : INFO : ConfigProcessor : Loading config from cache: C:\Users\richa\AppData\Local\Temp\be387b0e8ed00556ec738d83cd6947d1.mpf_cache
2025-10-16 16:34:55,989 : INFO : ConfigProcessor : Loading config from cache: C:\Users\richa\AppData\Local\Temp\5a8efabd9666d8c71fa755fc28a9bf1e.mpf_cache
2025-10-16 16:34:55,989 : INFO : ConfigProcessor : Loading config from cache: C:\Users\richa\AppData\Local\Temp\fb58745e58584e219ff53db445e8e9f2.mpf_cache
2025-10-16 16:34:55,990 : INFO : ConfigProcessor : Loading config from cache: C:\Users\richa\AppData\Local\Temp\3a5badf48d988f9fc0f9b093a934917d.mpf_cache
2025-10-16 16:34:55,991 : INFO : ConfigProcessor : Loading config from cache: C:\Users\richa\AppData\Local\Temp\9e788d9ac28f3464b985b20edf80a10e.mpf_cache
2025-10-16 16:34:55,992 : WARNING : ConfigProcessor : Config file in cache changed: C:\Users\richa\ttp7\modes\credits\config\credits.yaml
2025-10-16 16:34:55,992 : INFO : ConfigProcessor : Loading config from file C:\Users\richa\mpfvirtual4\lib\site-packages\mpf\modes\credits\config\credits.yaml.
2025-10-16 16:34:55,993 : INFO : ConfigProcessor : Loading config: C:\Users\richa\mpfvirtual4\lib\site-packages\mpf\modes\credits\config\credits.yaml
2025-10-16 16:34:55,994 : INFO : ConfigProcessor : Loading config from file C:\Users\richa\ttp7\modes\credits\config\credits.yaml.
2025-10-16 16:34:55,998 : INFO : ConfigProcessor : Loading config: C:\Users\richa\ttp7\modes\credits\config\credits.yaml
2025-10-16 16:34:55,999 : INFO : ConfigProcessor : Config file cache created: C:\Users\richa\AppData\Local\Temp\7e426d8ffa907371bf962f3181d8bdf2.mpf_cache
2025-10-16 16:34:56,000 : INFO : ConfigProcessor : Loading config from cache: C:\Users\richa\AppData\Local\Temp\b710dc01437f1dfd05f3b5275f67493b.mpf_cache
2025-10-16 16:34:56,000 : INFO : ConfigProcessor : Loading config from cache: C:\Users\richa\AppData\Local\Temp\0a23590f4081187a3ecee75c7657616e.mpf_cache
2025-10-16 16:34:56,001 : INFO : ConfigProcessor : Loading config from cache: C:\Users\richa\AppData\Local\Temp\374a5edaf0766cb9005f368df852c09d.mpf_cache
2025-10-16 16:34:56,002 : INFO : ConfigProcessor : Loading config from cache: C:\Users\richa\AppData\Local\Temp\b50d1c72289d6f8f00cba34766fbb2e5.mpf_cache
2025-10-16 16:34:56,002 : INFO : ConfigProcessor : Loading config from cache: C:\Users\richa\AppData\Local\Temp\bfc680b70531e398658191c2a179bce0.mpf_cache
2025-10-16 16:34:56,003 : INFO : ConfigProcessor : Loading config from cache: C:\Users\richa\AppData\Local\Temp\069a726c379c7a3dc006889318eb30f2.mpf_cache
2025-10-16 16:34:56,004 : INFO : ConfigProcessor : Loading config from cache: C:\Users\richa\AppData\Local\Temp\6159dd3e8b071f5aa615e717784124e9.mpf_cache
2025-10-16 16:34:56,005 : INFO : ConfigProcessor : Loading config from cache: C:\Users\richa\AppData\Local\Temp\e382c4765158d2be92c1673fc03a4ad6.mpf_cache
2025-10-16 16:34:56,005 : INFO : ConfigProcessor : Loading config from cache: C:\Users\richa\AppData\Local\Temp\868b3b6361e3aaa0a56bd50d9388247e.mpf_cache
2025-10-16 16:34:56,006 : INFO : Machine : Mission Pinball Framework Core Engine v0.57.0.dev39
2025-10-16 16:34:56,006 : INFO : Machine : Command line arguments: {'no_load_cache': False, 'create_config_cache': True, 'bcp': True, 'configfile': ['config.yaml'], 'force_assets_load': False, 'jsonlogging': False, 'logfile': 'logs\\2025-10-16-16-34-55-mpf-DESKTOP-RK7BE5M.log', 'pause': False, 'production': False, 'text_ui': True, 'loglevel': 15, 'consoleloglevel': 20, 'force_platform': None, 'syslog_address': None, 'mc_file_name': None, 'no_sound': False}
2025-10-16 16:34:56,006 : INFO : Machine : MPF path: C:\Users\richa\mpfvirtual4\lib\site-packages\mpf
2025-10-16 16:34:56,006 : INFO : Machine : Machine path: C:\Users\richa\ttp7
2025-10-16 16:34:56,006 : INFO : Machine : Platform: win32
2025-10-16 16:34:56,006 : INFO : Machine : Python executable location: C:\Users\richa\mpfvirtual4\Scripts\python.exe
2025-10-16 16:34:56,006 : INFO : Machine : Python version: 3.9.13 (64-bit)
2025-10-16 16:34:56,008 : INFO : Machine : Initializing MPF...
2025-10-16 16:34:56,398 : INFO : EventManager : Event: ======'machine_var_credits_string'====== Args={'value': 'FREE PLAY', 'prev_value': None, 'change': True}
2025-10-16 16:34:56,459 : INFO : EventManager : Event: ======'machine_var_credit_units'====== Args={'value': 0, 'prev_value': None, 'change': True}
2025-10-16 16:34:56,459 : INFO : EventManager : Event: ======'machine_var_free_play'====== Args={'value': False, 'prev_value': None, 'change': True}
2025-10-16 16:34:56,459 : INFO : EventManager : Event: ======'machine_var_master_volume'====== Args={'value': 0.5, 'prev_value': None, 'change': True}
2025-10-16 16:34:56,459 : INFO : EventManager : Event: ======'machine_var_player1_score'====== Args={'value': 0, 'prev_value': None, 'change': True}
2025-10-16 16:34:56,459 : INFO : EventManager : Event: ======'machine_var_mpf_version'====== Args={'value': 'Mission Pinball Framework v0.57.0.dev39', 'prev_value': None, 'change': True}
2025-10-16 16:34:56,459 : INFO : EventManager : Event: ======'machine_var_mpf_extended_version'====== Args={'value': 'Mission Pinball Framework v0.57.0.dev39, Config version:6, Show version: 6, BCP version:1.1', 'prev_value': None, 'change': True}
2025-10-16 16:34:56,459 : INFO : EventManager : Event: ======'machine_var_python_version'====== Args={'value': '3.9.13', 'prev_value': None, 'change': True}
2025-10-16 16:34:56,469 : INFO : EventManager : Event: ======'machine_var_platform'====== Args={'value': 'Windows-10-10.0.19045-SP0', 'prev_value': None, 'change': True}
2025-10-16 16:34:56,470 : INFO : EventManager : Event: ======'machine_var_platform_system'====== Args={'value': 'Windows', 'prev_value': None, 'change': True}
2025-10-16 16:34:56,470 : INFO : EventManager : Event: ======'machine_var_platform_release'====== Args={'value': '10', 'prev_value': None, 'change': True}
2025-10-16 16:34:56,470 : INFO : EventManager : Event: ======'machine_var_platform_version'====== Args={'value': '10.0.19045', 'prev_value': None, 'change': True}
2025-10-16 16:34:56,470 : INFO : EventManager : Event: ======'machine_var_platform_machine'====== Args={'value': 'AMD64', 'prev_value': None, 'change': True}
2025-10-16 16:34:56,470 : INFO : EventManager : Event: ======'init_phase_1'====== Args={}
2025-10-16 16:34:56,520 : INFO : EventManager : Event: ======'drop_target_bank_TIME_up'====== Args={}
2025-10-16 16:34:56,520 : INFO : EventManager : Event: ======'drop_target_bank_TRAVEL_up'====== Args={}
2025-10-16 16:34:56,521 : INFO : EventManager : Event: ======'init_phase_2'====== Args={}
2025-10-16 16:34:56,521 : INFO : SwitchController : Found active switch: ('2', <Platform.SmartVirtual>) <switch.s_trough1>
2025-10-16 16:34:56,521 : INFO : SwitchController : Found active switch: ('3', <Platform.SmartVirtual>) <switch.s_trough2>
2025-10-16 16:34:56,521 : INFO : SwitchController : Found active switch: ('4', <Platform.SmartVirtual>) <switch.s_trough3>
2025-10-16 16:34:56,521 : INFO : SwitchController : Found active switch: ('5', <Platform.SmartVirtual>) <switch.s_trough4>
2025-10-16 16:34:56,521 : INFO : SwitchController : Found active switch: ('6', <Platform.SmartVirtual>) <switch.s_trough5>
2025-10-16 16:34:56,521 : INFO : SwitchController : Found active switch: ('7', <Platform.SmartVirtual>) <switch.s_trough6>
2025-10-16 16:34:56,540 : INFO : EventManager : Event: ======'bcp_connection_attempt'====== Args={'name': 'local_display', 'host': 'localhost', 'port': 5050}
2025-10-16 16:34:56,541 : INFO : BCPClientSocket : Connecting BCP to 'local_display' at localhost:5050...
2025-10-16 16:34:58,568 : INFO : BCPClientSocket : Connected BCP to 'local_display' localhost:5050
2025-10-16 16:34:58,569 : INFO : EventManager : Event: ======'bcp_clients_connected'====== Args={}
2025-10-16 16:34:58,896 : INFO : ball_device.bd_trough : BCH: Initial count: 6
2025-10-16 16:34:58,897 : INFO : EventManager : Event: ======'machine_var_mc_version'====== Args={'value': 'MPF-MC v0.57.0.dev10', 'prev_value': None, 'change': True}
2025-10-16 16:34:58,897 : INFO : EventManager : Event: ======'machine_var_mc_extended_version'====== Args={'value': 'MPF-MC v0.57.0.dev10 (config_version=6, BCP v1.1,                      Requires MPF API compatibility v0.57.0.dev19 or newer)', 'prev_value': None, 'change': True}
2025-10-16 16:34:58,899 : INFO : ball_device.bd_trough : State: idle
2025-10-16 16:34:58,981 : INFO : ball_device.bd_plunger : BCH: Initial count: 0
2025-10-16 16:34:58,982 : INFO : ball_device.bd_plunger : State: idle
2025-10-16 16:34:58,982 : INFO : ball_device.bd_left_scoop : BCH: Initial count: 0
2025-10-16 16:34:58,982 : INFO : ball_device.bd_left_scoop : State: idle
2025-10-16 16:34:58,982 : INFO : ball_device.bd_right_scoop : BCH: Initial count: 0
2025-10-16 16:34:58,982 : INFO : ball_device.bd_right_scoop : State: idle
2025-10-16 16:34:59,003 : INFO : EventManager : Event: ======'init_phase_3'====== Args={}
2025-10-16 16:34:59,012 : INFO : EventManager : Event: ======'init_phase_4'====== Args={}
2025-10-16 16:34:59,013 : INFO : BallController : Initial balls found: 6
2025-10-16 16:34:59,014 : INFO : EventManager : Event: ======'machine_var_audits_events_game_ended'====== Args={'value': 60, 'prev_value': None, 'change': True}
2025-10-16 16:34:59,014 : INFO : EventManager : Event: ======'machine_var_audits_events_game_started'====== Args={'value': 261, 'prev_value': None, 'change': True}
2025-10-16 16:34:59,015 : INFO : EventManager : Event: ======'machine_var_audits_missing_switches_s_A'====== Args={'value': 67, 'prev_value': None, 'change': True}
2025-10-16 16:34:59,015 : INFO : EventManager : Event: ======'machine_var_audits_missing_switches_s_E'====== Args={'value': 14, 'prev_value': None, 'change': True}
2025-10-16 16:34:59,015 : INFO : EventManager : Event: ======'machine_var_audits_missing_switches_s_Eb'====== Args={'value': 67, 'prev_value': None, 'change': True}
2025-10-16 16:34:59,015 : INFO : EventManager : Event: ======'machine_var_audits_missing_switches_s_I'====== Args={'value': 14, 'prev_value': None, 'change': True}
2025-10-16 16:34:59,015 : INFO : EventManager : Event: ======'machine_var_audits_missing_switches_s_L'====== Args={'value': 67, 'prev_value': None, 'change': True}
2025-10-16 16:34:59,015 : INFO : EventManager : Event: ======'machine_var_audits_missing_switches_s_M'====== Args={'value': 14, 'prev_value': None, 'change': True}
2025-10-16 16:34:59,015 : INFO : EventManager : Event: ======'machine_var_audits_missing_switches_s_R'====== Args={'value': 67, 'prev_value': None, 'change': True}
2025-10-16 16:34:59,016 : INFO : EventManager : Event: ======'machine_var_audits_missing_switches_s_T'====== Args={'value': 14, 'prev_value': None, 'change': True}
2025-10-16 16:34:59,016 : INFO : EventManager : Event: ======'machine_var_audits_missing_switches_s_Tb'====== Args={'value': 67, 'prev_value': None, 'change': True}
2025-10-16 16:34:59,016 : INFO : EventManager : Event: ======'machine_var_audits_missing_switches_s_V'====== Args={'value': 67, 'prev_value': None, 'change': True}
2025-10-16 16:34:59,016 : INFO : EventManager : Event: ======'machine_var_audits_missing_switches_s_bumper1'====== Args={'value': 24, 'prev_value': None, 'change': True}
2025-10-16 16:34:59,016 : INFO : EventManager : Event: ======'machine_var_audits_missing_switches_s_bumper2'====== Args={'value': 24, 'prev_value': None, 'change': True}
2025-10-16 16:34:59,016 : INFO : EventManager : Event: ======'machine_var_audits_missing_switches_s_bumper_1'====== Args={'value': 28, 'prev_value': None, 'change': True}
2025-10-16 16:34:59,016 : INFO : EventManager : Event: ======'machine_var_audits_missing_switches_s_bumper_2'====== Args={'value': 28, 'prev_value': None, 'change': True}
2025-10-16 16:34:59,017 : INFO : EventManager : Event: ======'machine_var_audits_missing_switches_s_center_center_target'====== Args={'value': 24, 'prev_value': None, 'change': True}
2025-10-16 16:34:59,017 : INFO : EventManager : Event: ======'machine_var_audits_missing_switches_s_center_rollover'====== Args={'value': 3, 'prev_value': None, 'change': True}
2025-10-16 16:34:59,017 : INFO : EventManager : Event: ======'machine_var_audits_missing_switches_s_center_scoop'====== Args={'value': 34, 'prev_value': None, 'change': True}
2025-10-16 16:34:59,017 : INFO : EventManager : Event: ======'machine_var_audits_missing_switches_s_coin_left'====== Args={'value': 11, 'prev_value': None, 'change': True}
2025-10-16 16:34:59,017 : INFO : EventManager : Event: ======'machine_var_audits_missing_switches_s_launcher_lane_spinner'====== Args={'value': 187, 'prev_value': None, 'change': True}
2025-10-16 16:34:59,018 : INFO : EventManager : Event: ======'machine_var_audits_missing_switches_s_left_center_target'====== Args={'value': 24, 'prev_value': None, 'change': True}
2025-10-16 16:34:59,018 : INFO : EventManager : Event: ======'machine_var_audits_missing_switches_s_left_corridor_spinner'====== Args={'value': 187, 'prev_value': None, 'change': True}
2025-10-16 16:34:59,019 : INFO : EventManager : Event: ======'machine_var_audits_missing_switches_s_left_corridor_spinner2'====== Args={'value': 187, 'prev_value': None, 'change': True}
2025-10-16 16:34:59,019 : INFO : EventManager : Event: ======'machine_var_audits_missing_switches_s_left_flipper'====== Args={'value': 110, 'prev_value': None, 'change': True}
2025-10-16 16:34:59,019 : INFO : EventManager : Event: ======'machine_var_audits_missing_switches_s_left_inlane'====== Args={'value': 214, 'prev_value': None, 'change': True}
2025-10-16 16:34:59,020 : INFO : EventManager : Event: ======'machine_var_audits_missing_switches_s_left_outlane'====== Args={'value': 224, 'prev_value': None, 'change': True}
2025-10-16 16:34:59,020 : INFO : EventManager : Event: ======'machine_var_audits_missing_switches_s_left_rollover'====== Args={'value': 3, 'prev_value': None, 'change': True}
2025-10-16 16:34:59,020 : INFO : EventManager : Event: ======'machine_var_audits_missing_switches_s_left_scoop'====== Args={'value': 32, 'prev_value': None, 'change': True}
2025-10-16 16:34:59,021 : INFO : EventManager : Event: ======'machine_var_audits_missing_switches_s_left_standup'====== Args={'value': 186, 'prev_value': None, 'change': True}
2025-10-16 16:34:59,021 : INFO : EventManager : Event: ======'machine_var_audits_missing_switches_s_right_center_target'====== Args={'value': 24, 'prev_value': None, 'change': True}
2025-10-16 16:34:59,021 : INFO : EventManager : Event: ======'machine_var_audits_missing_switches_s_right_corridor_spinner'====== Args={'value': 28, 'prev_value': None, 'change': True}
2025-10-16 16:34:59,021 : INFO : EventManager : Event: ======'machine_var_audits_missing_switches_s_right_flipper'====== Args={'value': 110, 'prev_value': None, 'change': True}
2025-10-16 16:34:59,022 : INFO : EventManager : Event: ======'machine_var_audits_missing_switches_s_right_inlane'====== Args={'value': 4, 'prev_value': None, 'change': True}
2025-10-16 16:34:59,022 : INFO : EventManager : Event: ======'machine_var_audits_missing_switches_s_right_outlane'====== Args={'value': 34, 'prev_value': None, 'change': True}
2025-10-16 16:34:59,022 : INFO : EventManager : Event: ======'machine_var_audits_missing_switches_s_right_rollover'====== Args={'value': 3, 'prev_value': None, 'change': True}
2025-10-16 16:34:59,022 : INFO : EventManager : Event: ======'machine_var_audits_missing_switches_s_right_scoop'====== Args={'value': 32, 'prev_value': None, 'change': True}
2025-10-16 16:34:59,023 : INFO : EventManager : Event: ======'machine_var_audits_missing_switches_s_right_standup'====== Args={'value': 14, 'prev_value': None, 'change': True}
2025-10-16 16:34:59,023 : INFO : EventManager : Event: ======'machine_var_audits_missing_switches_s_service_coin'====== Args={'value': 24, 'prev_value': None, 'change': True}
2025-10-16 16:34:59,023 : INFO : EventManager : Event: ======'machine_var_audits_missing_switches_s_sling_left'====== Args={'value': 214, 'prev_value': None, 'change': True}
2025-10-16 16:34:59,023 : INFO : EventManager : Event: ======'machine_var_audits_missing_switches_s_sling_right'====== Args={'value': 110, 'prev_value': None, 'change': True}
2025-10-16 16:34:59,024 : INFO : EventManager : Event: ======'machine_var_audits_missing_switches_s_standup_1'====== Args={'value': 14, 'prev_value': None, 'change': True}
2025-10-16 16:34:59,024 : INFO : EventManager : Event: ======'machine_var_audits_missing_switches_s_standup_2'====== Args={'value': 14, 'prev_value': None, 'change': True}
2025-10-16 16:34:59,024 : INFO : EventManager : Event: ======'machine_var_audits_missing_switches_s_standup_3'====== Args={'value': 14, 'prev_value': None, 'change': True}
2025-10-16 16:34:59,024 : INFO : EventManager : Event: ======'machine_var_audits_missing_switches_s_standup_4'====== Args={'value': 14, 'prev_value': None, 'change': True}
2025-10-16 16:34:59,025 : INFO : EventManager : Event: ======'machine_var_audits_missing_switches_s_standup_5'====== Args={'value': 14, 'prev_value': None, 'change': True}
2025-10-16 16:34:59,025 : INFO : EventManager : Event: ======'machine_var_audits_missing_switches_s_standup_6'====== Args={'value': 14, 'prev_value': None, 'change': True}
2025-10-16 16:34:59,025 : INFO : EventManager : Event: ======'machine_var_audits_missing_switches_s_start'====== Args={'value': 11, 'prev_value': None, 'change': True}
2025-10-16 16:34:59,026 : INFO : EventManager : Event: ======'machine_var_audits_missing_switches_s_top_left_standup'====== Args={'value': 32, 'prev_value': None, 'change': True}
2025-10-16 16:34:59,026 : INFO : EventManager : Event: ======'machine_var_audits_missing_switches_s_top_left_standup2'====== Args={'value': 127, 'prev_value': None, 'change': True}
2025-10-16 16:34:59,026 : INFO : EventManager : Event: ======'machine_var_audits_missing_switches_s_trough1'====== Args={'value': 11, 'prev_value': None, 'change': True}
2025-10-16 16:34:59,026 : INFO : EventManager : Event: ======'machine_var_audits_missing_switches_s_trough2'====== Args={'value': 261, 'prev_value': None, 'change': True}
2025-10-16 16:34:59,026 : INFO : EventManager : Event: ======'machine_var_audits_missing_switches_s_trough3'====== Args={'value': 261, 'prev_value': None, 'change': True}
2025-10-16 16:34:59,027 : INFO : EventManager : Event: ======'machine_var_audits_missing_switches_s_trough4'====== Args={'value': 261, 'prev_value': None, 'change': True}
2025-10-16 16:34:59,027 : INFO : EventManager : Event: ======'machine_var_audits_missing_switches_s_trough5'====== Args={'value': 261, 'prev_value': None, 'change': True}
2025-10-16 16:34:59,027 : INFO : EventManager : Event: ======'machine_var_audits_missing_switches_s_trough6'====== Args={'value': 261, 'prev_value': None, 'change': True}
2025-10-16 16:34:59,027 : INFO : EventManager : Event: ======'machine_var_audits_missing_switches_s_trough_jam'====== Args={'value': 261, 'prev_value': None, 'change': True}
2025-10-16 16:34:59,028 : INFO : EventManager : Event: ======'machine_var_audits_player_score'====== Args={'value': {'average': 5748990, 'top': [75043600, 70538842, 47521800, 43517500, 41236342, 31835000, 13531600, 13201700, 9012700, 3012500], 'total': 63}, 'prev_value': None, 'change': True}
2025-10-16 16:34:59,028 : INFO : EventManager : Event: ======'machine_var_audits_shots_A'====== Args={'value': 31, 'prev_value': None, 'change': True}
2025-10-16 16:34:59,028 : INFO : EventManager : Event: ======'machine_var_audits_shots_E'====== Args={'value': 148, 'prev_value': None, 'change': True}
2025-10-16 16:34:59,028 : INFO : EventManager : Event: ======'machine_var_audits_shots_Eb'====== Args={'value': 30, 'prev_value': None, 'change': True}
2025-10-16 16:34:59,029 : INFO : EventManager : Event: ======'machine_var_audits_shots_I'====== Args={'value': 143, 'prev_value': None, 'change': True}
2025-10-16 16:34:59,029 : INFO : EventManager : Event: ======'machine_var_audits_shots_L'====== Args={'value': 31, 'prev_value': None, 'change': True}
2025-10-16 16:34:59,030 : INFO : EventManager : Event: ======'machine_var_audits_shots_M'====== Args={'value': 143, 'prev_value': None, 'change': True}
2025-10-16 16:34:59,030 : INFO : EventManager : Event: ======'machine_var_audits_shots_R'====== Args={'value': 32, 'prev_value': None, 'change': True}
2025-10-16 16:34:59,030 : INFO : EventManager : Event: ======'machine_var_audits_shots_T'====== Args={'value': 147, 'prev_value': None, 'change': True}
2025-10-16 16:34:59,030 : INFO : EventManager : Event: ======'machine_var_audits_shots_Tb'====== Args={'value': 33, 'prev_value': None, 'change': True}
2025-10-16 16:34:59,031 : INFO : EventManager : Event: ======'machine_var_audits_shots_V'====== Args={'value': 30, 'prev_value': None, 'change': True}
2025-10-16 16:34:59,031 : INFO : EventManager : Event: ======'machine_var_audits_shots_bumper1_shot'====== Args={'value': 214, 'prev_value': None, 'change': True}
2025-10-16 16:34:59,031 : INFO : EventManager : Event: ======'machine_var_audits_shots_bumper2_shot'====== Args={'value': 660, 'prev_value': None, 'change': True}
2025-10-16 16:34:59,031 : INFO : EventManager : Event: ======'machine_var_audits_shots_center_rollover'====== Args={'value': 7, 'prev_value': None, 'change': True}
2025-10-16 16:34:59,031 : INFO : EventManager : Event: ======'machine_var_audits_shots_center_rollover_shot'====== Args={'value': 308, 'prev_value': None, 'change': True}
2025-10-16 16:34:59,032 : INFO : EventManager : Event: ======'machine_var_audits_shots_jets'====== Args={'value': 815, 'prev_value': None, 'change': True}
2025-10-16 16:34:59,032 : INFO : EventManager : Event: ======'machine_var_audits_shots_left_rollover'====== Args={'value': 36, 'prev_value': None, 'change': True}
2025-10-16 16:34:59,033 : INFO : EventManager : Event: ======'machine_var_audits_shots_left_rollover_shot'====== Args={'value': 250, 'prev_value': None, 'change': True}
2025-10-16 16:34:59,033 : INFO : EventManager : Event: ======'machine_var_audits_shots_left_scoop_shot'====== Args={'value': 28, 'prev_value': None, 'change': True}
2025-10-16 16:34:59,033 : INFO : EventManager : Event: ======'machine_var_audits_shots_middle_inlane_shot'====== Args={'value': 20, 'prev_value': None, 'change': True}
2025-10-16 16:34:59,033 : INFO : EventManager : Event: ======'machine_var_audits_shots_my_first_shot'====== Args={'value': 95, 'prev_value': None, 'change': True}
2025-10-16 16:34:59,034 : INFO : EventManager : Event: ======'machine_var_audits_shots_right_inlane_shot'====== Args={'value': 96, 'prev_value': None, 'change': True}
2025-10-16 16:34:59,034 : INFO : EventManager : Event: ======'machine_var_audits_shots_right_rollover'====== Args={'value': 41, 'prev_value': None, 'change': True}
2025-10-16 16:34:59,034 : INFO : EventManager : Event: ======'machine_var_audits_shots_right_rollover_shot'====== Args={'value': 338, 'prev_value': None, 'change': True}
2025-10-16 16:34:59,035 : INFO : EventManager : Event: ======'machine_var_audits_shots_right_scoop_shot'====== Args={'value': 47, 'prev_value': None, 'change': True}
2025-10-16 16:34:59,035 : INFO : EventManager : Event: ======'machine_var_audits_shots_right_standup'====== Args={'value': 26, 'prev_value': None, 'change': True}
2025-10-16 16:34:59,035 : INFO : EventManager : Event: ======'machine_var_audits_shots_standup_1_skill'====== Args={'value': 48, 'prev_value': None, 'change': True}
2025-10-16 16:34:59,036 : INFO : EventManager : Event: ======'machine_var_audits_shots_standup_2_skill'====== Args={'value': 26, 'prev_value': None, 'change': True}
2025-10-16 16:34:59,036 : INFO : EventManager : Event: ======'machine_var_audits_shots_standup_3_skill'====== Args={'value': 10, 'prev_value': None, 'change': True}
2025-10-16 16:34:59,037 : INFO : EventManager : Event: ======'machine_var_audits_shots_standup_4_skill'====== Args={'value': 8, 'prev_value': None, 'change': True}
2025-10-16 16:34:59,037 : INFO : EventManager : Event: ======'machine_var_audits_shots_standup_5_skill'====== Args={'value': 4, 'prev_value': None, 'change': True}
2025-10-16 16:34:59,038 : INFO : EventManager : Event: ======'machine_var_audits_shots_standup_6_skill'====== Args={'value': 2, 'prev_value': None, 'change': True}
2025-10-16 16:34:59,038 : INFO : EventManager : Event: ======'machine_var_audits_shots_top_middle_inlane_shot'====== Args={'value': 41, 'prev_value': None, 'change': True}
2025-10-16 16:34:59,039 : INFO : EventManager : Event: ======'machine_var_audits_switches_s_A'====== Args={'value': 0, 'prev_value': None, 'change': True}
2025-10-16 16:34:59,039 : INFO : EventManager : Event: ======'machine_var_audits_switches_s_E'====== Args={'value': 152, 'prev_value': None, 'change': True}
2025-10-16 16:34:59,040 : INFO : EventManager : Event: ======'machine_var_audits_switches_s_Eb'====== Args={'value': 0, 'prev_value': None, 'change': True}
2025-10-16 16:34:59,040 : INFO : EventManager : Event: ======'machine_var_audits_switches_s_I'====== Args={'value': 147, 'prev_value': None, 'change': True}
2025-10-16 16:34:59,040 : INFO : EventManager : Event: ======'machine_var_audits_switches_s_L'====== Args={'value': 0, 'prev_value': None, 'change': True}
2025-10-16 16:34:59,041 : INFO : EventManager : Event: ======'machine_var_audits_switches_s_M'====== Args={'value': 147, 'prev_value': None, 'change': True}
2025-10-16 16:34:59,041 : INFO : EventManager : Event: ======'machine_var_audits_switches_s_R'====== Args={'value': 0, 'prev_value': None, 'change': True}
2025-10-16 16:34:59,042 : INFO : EventManager : Event: ======'machine_var_audits_switches_s_T'====== Args={'value': 151, 'prev_value': None, 'change': True}
2025-10-16 16:34:59,042 : INFO : EventManager : Event: ======'machine_var_audits_switches_s_Tb'====== Args={'value': 0, 'prev_value': None, 'change': True}
2025-10-16 16:34:59,043 : INFO : EventManager : Event: ======'machine_var_audits_switches_s_V'====== Args={'value': 0, 'prev_value': None, 'change': True}
2025-10-16 16:34:59,043 : INFO : EventManager : Event: ======'machine_var_audits_switches_s_bumper1'====== Args={'value': 214, 'prev_value': None, 'change': True}
2025-10-16 16:34:59,043 : INFO : EventManager : Event: ======'machine_var_audits_switches_s_bumper2'====== Args={'value': 664, 'prev_value': None, 'change': True}
2025-10-16 16:34:59,044 : INFO : EventManager : Event: ======'machine_var_audits_switches_s_bumper_1'====== Args={'value': 0, 'prev_value': None, 'change': True}
2025-10-16 16:34:59,045 : INFO : EventManager : Event: ======'machine_var_audits_switches_s_bumper_2'====== Args={'value': 0, 'prev_value': None, 'change': True}
2025-10-16 16:34:59,045 : INFO : EventManager : Event: ======'machine_var_audits_switches_s_center_center_target'====== Args={'value': 5, 'prev_value': None, 'change': True}
2025-10-16 16:34:59,046 : INFO : EventManager : Event: ======'machine_var_audits_switches_s_center_rollover'====== Args={'value': 317, 'prev_value': None, 'change': True}
2025-10-16 16:34:59,046 : INFO : EventManager : Event: ======'machine_var_audits_switches_s_center_scoop'====== Args={'value': 2, 'prev_value': None, 'change': True}
2025-10-16 16:34:59,047 : INFO : EventManager : Event: ======'machine_var_audits_switches_s_coin_left'====== Args={'value': 2, 'prev_value': None, 'change': True}
2025-10-16 16:34:59,047 : INFO : EventManager : Event: ======'machine_var_audits_switches_s_launcher_lane_spinner'====== Args={'value': 0, 'prev_value': None, 'change': True}
2025-10-16 16:34:59,047 : INFO : EventManager : Event: ======'machine_var_audits_switches_s_left_center_target'====== Args={'value': 6, 'prev_value': None, 'change': True}
2025-10-16 16:34:59,048 : INFO : EventManager : Event: ======'machine_var_audits_switches_s_left_corridor_spinner'====== Args={'value': 0, 'prev_value': None, 'change': True}
2025-10-16 16:34:59,048 : INFO : EventManager : Event: ======'machine_var_audits_switches_s_left_corridor_spinner2'====== Args={'value': 0, 'prev_value': None, 'change': True}
2025-10-16 16:34:59,049 : INFO : EventManager : Event: ======'machine_var_audits_switches_s_left_flipper'====== Args={'value': 330, 'prev_value': None, 'change': True}
2025-10-16 16:34:59,049 : INFO : EventManager : Event: ======'machine_var_audits_switches_s_left_inlane'====== Args={'value': 8, 'prev_value': None, 'change': True}
2025-10-16 16:34:59,050 : INFO : EventManager : Event: ======'machine_var_audits_switches_s_left_outlane'====== Args={'value': 3, 'prev_value': None, 'change': True}
2025-10-16 16:34:59,050 : INFO : EventManager : Event: ======'machine_var_audits_switches_s_left_rollover'====== Args={'value': 258, 'prev_value': None, 'change': True}
2025-10-16 16:34:59,051 : INFO : EventManager : Event: ======'machine_var_audits_switches_s_left_scoop'====== Args={'value': 228, 'prev_value': None, 'change': True}
2025-10-16 16:34:59,051 : INFO : EventManager : Event: ======'machine_var_audits_switches_s_left_standup'====== Args={'value': 0, 'prev_value': None, 'change': True}
2025-10-16 16:34:59,052 : INFO : EventManager : Event: ======'machine_var_audits_switches_s_middle_inlane'====== Args={'value': 20, 'prev_value': None, 'change': True}
2025-10-16 16:34:59,052 : INFO : EventManager : Event: ======'machine_var_audits_switches_s_plunger'====== Args={'value': 474, 'prev_value': None, 'change': True}
2025-10-16 16:34:59,053 : INFO : EventManager : Event: ======'machine_var_audits_switches_s_right_center_target'====== Args={'value': 9, 'prev_value': None, 'change': True}
2025-10-16 16:34:59,053 : INFO : EventManager : Event: ======'machine_var_audits_switches_s_right_corridor_spinner'====== Args={'value': 9, 'prev_value': None, 'change': True}
2025-10-16 16:34:59,054 : INFO : EventManager : Event: ======'machine_var_audits_switches_s_right_flipper'====== Args={'value': 146, 'prev_value': None, 'change': True}
2025-10-16 16:34:59,054 : INFO : EventManager : Event: ======'machine_var_audits_switches_s_right_inlane'====== Args={'value': 223, 'prev_value': None, 'change': True}
2025-10-16 16:34:59,055 : INFO : EventManager : Event: ======'machine_var_audits_switches_s_right_outlane'====== Args={'value': 4, 'prev_value': None, 'change': True}
2025-10-16 16:34:59,055 : INFO : EventManager : Event: ======'machine_var_audits_switches_s_right_rollover'====== Args={'value': 347, 'prev_value': None, 'change': True}
2025-10-16 16:34:59,056 : INFO : EventManager : Event: ======'machine_var_audits_switches_s_right_scoop'====== Args={'value': 64, 'prev_value': None, 'change': True}
2025-10-16 16:34:59,056 : INFO : EventManager : Event: ======'machine_var_audits_switches_s_right_standup'====== Args={'value': 131, 'prev_value': None, 'change': True}
2025-10-16 16:34:59,057 : INFO : EventManager : Event: ======'machine_var_audits_switches_s_service_coin'====== Args={'value': 0, 'prev_value': None, 'change': True}
2025-10-16 16:34:59,057 : INFO : EventManager : Event: ======'machine_var_audits_switches_s_sling_left'====== Args={'value': 3, 'prev_value': None, 'change': True}
2025-10-16 16:34:59,057 : INFO : EventManager : Event: ======'machine_var_audits_switches_s_sling_right'====== Args={'value': 8, 'prev_value': None, 'change': True}
2025-10-16 16:34:59,058 : INFO : EventManager : Event: ======'machine_var_audits_switches_s_standup_1'====== Args={'value': 117, 'prev_value': None, 'change': True}
2025-10-16 16:34:59,058 : INFO : EventManager : Event: ======'machine_var_audits_switches_s_standup_2'====== Args={'value': 75, 'prev_value': None, 'change': True}
2025-10-16 16:34:59,059 : INFO : EventManager : Event: ======'machine_var_audits_switches_s_standup_3'====== Args={'value': 73, 'prev_value': None, 'change': True}
2025-10-16 16:34:59,059 : INFO : EventManager : Event: ======'machine_var_audits_switches_s_standup_4'====== Args={'value': 55, 'prev_value': None, 'change': True}
2025-10-16 16:34:59,059 : INFO : EventManager : Event: ======'machine_var_audits_switches_s_standup_5'====== Args={'value': 53, 'prev_value': None, 'change': True}
2025-10-16 16:34:59,060 : INFO : EventManager : Event: ======'machine_var_audits_switches_s_standup_6'====== Args={'value': 43, 'prev_value': None, 'change': True}
2025-10-16 16:34:59,060 : INFO : EventManager : Event: ======'machine_var_audits_switches_s_start'====== Args={'value': 25, 'prev_value': None, 'change': True}
2025-10-16 16:34:59,061 : INFO : EventManager : Event: ======'machine_var_audits_switches_s_top_left_standup'====== Args={'value': 8, 'prev_value': None, 'change': True}
2025-10-16 16:34:59,061 : INFO : EventManager : Event: ======'machine_var_audits_switches_s_top_left_standup2'====== Args={'value': 15, 'prev_value': None, 'change': True}
2025-10-16 16:34:59,062 : INFO : EventManager : Event: ======'machine_var_audits_switches_s_top_middle_inlane'====== Args={'value': 41, 'prev_value': None, 'change': True}
2025-10-16 16:34:59,063 : INFO : EventManager : Event: ======'machine_var_audits_switches_s_trough1'====== Args={'value': 293, 'prev_value': None, 'change': True}
2025-10-16 16:34:59,063 : INFO : EventManager : Event: ======'machine_var_audits_switches_s_trough2'====== Args={'value': 0, 'prev_value': None, 'change': True}
2025-10-16 16:34:59,064 : INFO : EventManager : Event: ======'machine_var_audits_switches_s_trough3'====== Args={'value': 0, 'prev_value': None, 'change': True}
2025-10-16 16:34:59,064 : INFO : EventManager : Event: ======'machine_var_audits_switches_s_trough4'====== Args={'value': 0, 'prev_value': None, 'change': True}
2025-10-16 16:34:59,064 : INFO : EventManager : Event: ======'machine_var_audits_switches_s_trough5'====== Args={'value': 0, 'prev_value': None, 'change': True}
2025-10-16 16:34:59,065 : INFO : EventManager : Event: ======'machine_var_audits_switches_s_trough6'====== Args={'value': 0, 'prev_value': None, 'change': True}
2025-10-16 16:34:59,065 : INFO : EventManager : Event: ======'machine_var_audits_switches_s_trough_jam'====== Args={'value': 0, 'prev_value': None, 'change': True}
2025-10-16 16:34:59,066 : INFO : EventManager : Event: ======'init_phase_5'====== Args={}
2025-10-16 16:34:59,125 : INFO : EventManager : Event: ======'init_done'====== Args={}
2025-10-16 16:34:59,143 : INFO : EventManager : Event: ======'machine_reset_phase_1'====== Args={}
2025-10-16 16:34:59,144 : INFO : BcpServer : New client connected.
2025-10-16 16:34:59,161 : INFO : EventManager : Event: ======'slide_window_slide_1_removed'====== Args={'_from_bcp': True}
2025-10-16 16:34:59,182 : INFO : EventManager : Event: ======'slide_window_slide_1_created'====== Args={'_from_bcp': True}
2025-10-16 16:34:59,183 : INFO : EventManager : Event: ======'slide_window_slide_1_active'====== Args={'_from_bcp': True}
2025-10-16 16:34:59,201 : INFO : EventManager : Event: ======'machine_reset_phase_2'====== Args={}
2025-10-16 16:34:59,202 : INFO : EventManager : Event: ======'machine_reset_phase_3'====== Args={}
2025-10-16 16:34:59,202 : INFO : drop_target_bank.TIME : All targets are already up. Will not reset bank.
2025-10-16 16:34:59,202 : INFO : drop_target_bank.TRAVEL : All targets are already up. Will not reset bank.
2025-10-16 16:34:59,202 : INFO : EventManager : Event: ======'reset_complete'====== Args={}
2025-10-16 16:34:59,203 : INFO : EventManager : Event: ======'mode_credits_will_start'====== Args={}
2025-10-16 16:34:59,204 : INFO : EventManager : Event: ======'mode_credits_starting'====== Args={}
2025-10-16 16:34:59,204 : INFO : EventManager : Event: ======'mode_attract_will_start'====== Args={}
2025-10-16 16:34:59,204 : INFO : EventManager : Event: ======'mode_attract_starting'====== Args={}
2025-10-16 16:34:59,204 : INFO : Mode.attract : Started. Priority: 10
2025-10-16 16:34:59,204 : INFO : EventManager : Event: ======'modes_active_modes_changed'====== Args={}
2025-10-16 16:34:59,204 : INFO : EventManager : Event: ======'mode_attract_started'====== Args={}
2025-10-16 16:34:59,205 : INFO : EventManager : Event: ======'collecting_balls_complete'====== Args={}
2025-10-16 16:34:59,205 : INFO : Mode.credits : Started. Priority: 1000010
2025-10-16 16:34:59,205 : INFO : EventManager : Event: ======'modes_active_modes_changed'====== Args={}
2025-10-16 16:34:59,205 : INFO : EventManager : Event: ======'mode_credits_started'====== Args={}
2025-10-16 16:34:59,206 : INFO : Mode.credits : Credit units per game: 2
2025-10-16 16:34:59,206 : INFO : EventManager : Event: ======'machine_var_price_per_game_raw_0'====== Args={'value': 0.5, 'prev_value': None, 'change': True}
2025-10-16 16:34:59,206 : INFO : EventManager : Event: ======'machine_var_price_per_game_string_0'====== Args={'value': '1 CREDITS $0.5', 'prev_value': None, 'change': True}
2025-10-16 16:34:59,207 : INFO : EventManager : Event: ======'machine_var_price_per_game_raw_1'====== Args={'value': 2.0, 'prev_value': None, 'change': True}
2025-10-16 16:34:59,208 : INFO : EventManager : Event: ======'machine_var_price_per_game_string_1'====== Args={'value': '5 CREDITS $2.0', 'prev_value': None, 'change': True}
2025-10-16 16:34:59,208 : INFO : EventManager : Event: ======'machine_var_credits_string'====== Args={'value': ' ', 'prev_value': 'FREE PLAY', 'change': True}
2025-10-16 16:34:59,209 : INFO : EventManager : Event: ======'machine_var_credits_value'====== Args={'value': '0', 'prev_value': None, 'change': True}
2025-10-16 16:34:59,211 : INFO : EventManager : Event: ======'machine_var_credits_whole_num'====== Args={'value': 0, 'prev_value': None, 'change': True}
2025-10-16 16:34:59,211 : INFO : EventManager : Event: ======'machine_var_credits_numerator'====== Args={'value': 0, 'prev_value': None, 'change': True}
2025-10-16 16:34:59,212 : INFO : EventManager : Event: ======'machine_var_credits_denominator'====== Args={'value': 0, 'prev_value': None, 'change': True}
2025-10-16 16:34:59,212 : INFO : EventManager : Event: ======'machine_var_credits_string'====== Args={'value': 'CREDITS 0', 'prev_value': ' ', 'change': True}
2025-10-16 16:34:59,213 : INFO : EventManager : Event: ======'machine_var_credits_denominator'====== Args={'value': 2, 'prev_value': 0, 'change': 2}
2025-10-16 16:34:59,262 : INFO : EventManager : Event: ======'slide_awesome_slide_created'====== Args={'_from_bcp': True}
2025-10-16 16:34:59,262 : INFO : EventManager : Event: ======'slide_awesome_slide_active'====== Args={'_from_bcp': True}
2025-10-16 16:34:59,263 : INFO : Machine : Starting the main run loop.
2025-10-16 16:35:02,217 : INFO : EventManager : Event: ======'slide_press_start_created'====== Args={'_from_bcp': True}
2025-10-16 16:35:02,222 : INFO : EventManager : Event: ======'slide_press_start_active'====== Args={'_from_bcp': True}
2025-10-16 16:35:05,218 : INFO : EventManager : Event: ======'slide_mission_pinball_created'====== Args={'_from_bcp': True}
2025-10-16 16:35:05,218 : INFO : EventManager : Event: ======'slide_mission_pinball_active'====== Args={'_from_bcp': True}
2025-10-16 16:35:08,207 : INFO : EventManager : Event: ======'slide_last_game_score_slide_created'====== Args={'_from_bcp': True}
2025-10-16 16:35:08,218 : INFO : EventManager : Event: ======'slide_last_game_score_slide_active'====== Args={'_from_bcp': True}
2025-10-16 16:35:11,205 : INFO : EventManager : Event: ======'slide_awesome_slide_removed'====== Args={'_from_bcp': True}
2025-10-16 16:35:11,206 : INFO : EventManager : Event: ======'slide_awesome_slide_created'====== Args={'_from_bcp': True}
2025-10-16 16:35:11,222 : INFO : EventManager : Event: ======'slide_awesome_slide_active'====== Args={'_from_bcp': True}
2025-10-16 16:35:12,385 : INFO : SwitchController : <<<<<<< 's_start' active >>>>>>>
2025-10-16 16:35:12,469 : INFO : SwitchController : <<<<<<< 's_start' inactive >>>>>>>
2025-10-16 16:35:12,469 : INFO : EventManager : Event: ======'request_to_start_game'====== Args={}
2025-10-16 16:35:12,469 : INFO : Mode.credits : Received request to start game. Request Denied. Not enough credits available.
2025-10-16 16:35:12,469 : INFO : EventManager : Event: ======'not_enough_credits'====== Args={}
2025-10-16 16:35:12,477 : INFO : EventManager : Event: ======'slide_not_enough_credits_slide_created'====== Args={'_from_bcp': True}
2025-10-16 16:35:12,487 : INFO : EventManager : Event: ======'slide_not_enough_credits_slide_active'====== Args={'_from_bcp': True}
2025-10-16 16:35:14,224 : INFO : EventManager : Event: ======'slide_press_start_removed'====== Args={'_from_bcp': True}
2025-10-16 16:35:14,224 : INFO : EventManager : Event: ======'slide_press_start_created'====== Args={'_from_bcp': True}
2025-10-16 16:35:14,485 : INFO : EventManager : Event: ======'slide_not_enough_credits_slide_removed'====== Args={'_from_bcp': True}
2025-10-16 16:35:14,488 : INFO : EventManager : Event: ======'slide_press_start_active'====== Args={'_from_bcp': True}
2025-10-16 16:35:17,205 : INFO : EventManager : Event: ======'slide_mission_pinball_removed'====== Args={'_from_bcp': True}
2025-10-16 16:35:17,218 : INFO : EventManager : Event: ======'slide_mission_pinball_created'====== Args={'_from_bcp': True}
2025-10-16 16:35:17,219 : INFO : EventManager : Event: ======'slide_mission_pinball_active'====== Args={'_from_bcp': True}
2025-10-16 16:35:18,951 : INFO : SwitchController : <<<<<<< 's_start' active >>>>>>>
2025-10-16 16:35:19,078 : INFO : SwitchController : <<<<<<< 's_start' inactive >>>>>>>
2025-10-16 16:35:19,078 : INFO : EventManager : Event: ======'request_to_start_game'====== Args={}
2025-10-16 16:35:19,079 : INFO : Mode.credits : Received request to start game. Request Denied. Not enough credits available.
2025-10-16 16:35:19,079 : INFO : EventManager : Event: ======'not_enough_credits'====== Args={}
2025-10-16 16:35:19,088 : INFO : EventManager : Event: ======'slide_not_enough_credits_slide_removed'====== Args={'_from_bcp': True}
2025-10-16 16:35:19,091 : INFO : EventManager : Event: ======'slide_not_enough_credits_slide_created'====== Args={'_from_bcp': True}
2025-10-16 16:35:19,092 : INFO : EventManager : Event: ======'slide_not_enough_credits_slide_removed'====== Args={'_from_bcp': True}
2025-10-16 16:35:19,104 : INFO : EventManager : Event: ======'slide_not_enough_credits_slide_active'====== Args={'_from_bcp': True}
2025-10-16 16:35:20,205 : INFO : EventManager : Event: ======'slide_last_game_score_slide_removed'====== Args={'_from_bcp': True}
2025-10-16 16:35:20,208 : INFO : EventManager : Event: ======'slide_last_game_score_slide_created'====== Args={'_from_bcp': True}
2025-10-16 16:35:21,102 : INFO : EventManager : Event: ======'slide_not_enough_credits_slide_removed'====== Args={'_from_bcp': True}
2025-10-16 16:35:21,103 : INFO : EventManager : Event: ======'slide_last_game_score_slide_active'====== Args={'_from_bcp': True}
2025-10-16 16:35:23,219 : INFO : EventManager : Event: ======'slide_awesome_slide_removed'====== Args={'_from_bcp': True}
2025-10-16 16:35:23,220 : INFO : EventManager : Event: ======'slide_awesome_slide_created'====== Args={'_from_bcp': True}
2025-10-16 16:35:23,220 : INFO : EventManager : Event: ======'slide_awesome_slide_active'====== Args={'_from_bcp': True}
2025-10-16 16:35:25,619 : INFO : SwitchController : <<<<<<< 's_start' active >>>>>>>
2025-10-16 16:35:25,769 : INFO : SwitchController : <<<<<<< 's_start' inactive >>>>>>>
2025-10-16 16:35:25,769 : INFO : EventManager : Event: ======'request_to_start_game'====== Args={}
2025-10-16 16:35:25,770 : INFO : Mode.credits : Received request to start game. Request Denied. Not enough credits available.
2025-10-16 16:35:25,770 : INFO : EventManager : Event: ======'not_enough_credits'====== Args={}
2025-10-16 16:35:25,789 : INFO : EventManager : Event: ======'slide_not_enough_credits_slide_removed'====== Args={'_from_bcp': True}
2025-10-16 16:35:25,791 : INFO : EventManager : Event: ======'slide_not_enough_credits_slide_created'====== Args={'_from_bcp': True}
2025-10-16 16:35:25,791 : INFO : EventManager : Event: ======'slide_not_enough_credits_slide_removed'====== Args={'_from_bcp': True}
2025-10-16 16:35:25,802 : INFO : EventManager : Event: ======'slide_not_enough_credits_slide_active'====== Args={'_from_bcp': True}
2025-10-16 16:35:26,207 : INFO : EventManager : Event: ======'slide_press_start_removed'====== Args={'_from_bcp': True}
2025-10-16 16:35:26,208 : INFO : EventManager : Event: ======'slide_press_start_created'====== Args={'_from_bcp': True}
2025-10-16 16:35:27,803 : INFO : EventManager : Event: ======'slide_not_enough_credits_slide_removed'====== Args={'_from_bcp': True}
2025-10-16 16:35:27,804 : INFO : EventManager : Event: ======'slide_press_start_active'====== Args={'_from_bcp': True}
2025-10-16 16:35:29,205 : INFO : EventManager : Event: ======'slide_mission_pinball_removed'====== Args={'_from_bcp': True}
2025-10-16 16:35:29,206 : INFO : EventManager : Event: ======'slide_mission_pinball_created'====== Args={'_from_bcp': True}
2025-10-16 16:35:29,220 : INFO : EventManager : Event: ======'slide_mission_pinball_active'====== Args={'_from_bcp': True}
2025-10-16 16:35:32,206 : INFO : EventManager : Event: ======'slide_last_game_score_slide_removed'====== Args={'_from_bcp': True}
2025-10-16 16:35:32,219 : INFO : EventManager : Event: ======'slide_last_game_score_slide_created'====== Args={'_from_bcp': True}
2025-10-16 16:35:32,220 : INFO : EventManager : Event: ======'slide_last_game_score_slide_active'====== Args={'_from_bcp': True}
2025-10-16 16:35:32,270 : INFO : SwitchController : <<<<<<< 's_start' active >>>>>>>
2025-10-16 16:35:32,402 : INFO : SwitchController : <<<<<<< 's_start' inactive >>>>>>>
2025-10-16 16:35:32,402 : INFO : EventManager : Event: ======'request_to_start_game'====== Args={}
2025-10-16 16:35:32,403 : INFO : Mode.credits : Received request to start game. Request Denied. Not enough credits available.
2025-10-16 16:35:32,403 : INFO : EventManager : Event: ======'not_enough_credits'====== Args={}
2025-10-16 16:35:32,435 : INFO : EventManager : Event: ======'slide_not_enough_credits_slide_removed'====== Args={'_from_bcp': True}
2025-10-16 16:35:32,438 : INFO : EventManager : Event: ======'slide_not_enough_credits_slide_created'====== Args={'_from_bcp': True}
2025-10-16 16:35:32,452 : INFO : EventManager : Event: ======'slide_not_enough_credits_slide_removed'====== Args={'_from_bcp': True}
2025-10-16 16:35:32,454 : INFO : EventManager : Event: ======'slide_not_enough_credits_slide_active'====== Args={'_from_bcp': True}
2025-10-16 16:35:34,437 : INFO : EventManager : Event: ======'slide_not_enough_credits_slide_removed'====== Args={'_from_bcp': True}
2025-10-16 16:35:34,439 : INFO : EventManager : Event: ======'slide_last_game_score_slide_active'====== Args={'_from_bcp': True}
2025-10-16 16:35:35,219 : INFO : EventManager : Event: ======'slide_awesome_slide_removed'====== Args={'_from_bcp': True}
2025-10-16 16:35:35,221 : INFO : EventManager : Event: ======'slide_awesome_slide_created'====== Args={'_from_bcp': True}
2025-10-16 16:35:35,221 : INFO : EventManager : Event: ======'slide_awesome_slide_active'====== Args={'_from_bcp': True}
2025-10-16 16:35:38,206 : INFO : EventManager : Event: ======'slide_press_start_removed'====== Args={'_from_bcp': True}
2025-10-16 16:35:38,219 : INFO : EventManager : Event: ======'slide_press_start_created'====== Args={'_from_bcp': True}
2025-10-16 16:35:38,222 : INFO : EventManager : Event: ======'slide_press_start_active'====== Args={'_from_bcp': True}
2025-10-16 16:35:41,219 : INFO : EventManager : Event: ======'slide_mission_pinball_removed'====== Args={'_from_bcp': True}
2025-10-16 16:35:41,220 : INFO : EventManager : Event: ======'slide_mission_pinball_created'====== Args={'_from_bcp': True}
2025-10-16 16:35:41,220 : INFO : EventManager : Event: ======'slide_mission_pinball_active'====== Args={'_from_bcp': True}
2025-10-16 16:35:44,207 : INFO : EventManager : Event: ======'slide_last_game_score_slide_removed'====== Args={'_from_bcp': True}
2025-10-16 16:35:44,220 : INFO : EventManager : Event: ======'slide_last_game_score_slide_created'====== Args={'_from_bcp': True}
2025-10-16 16:35:44,223 : INFO : EventManager : Event: ======'slide_last_game_score_slide_active'====== Args={'_from_bcp': True}
2025-10-16 16:35:47,223 : INFO : EventManager : Event: ======'slide_awesome_slide_removed'====== Args={'_from_bcp': True}
2025-10-16 16:35:47,225 : INFO : EventManager : Event: ======'slide_awesome_slide_created'====== Args={'_from_bcp': True}
2025-10-16 16:35:47,238 : INFO : EventManager : Event: ======'slide_awesome_slide_active'====== Args={'_from_bcp': True}
2025-10-16 16:35:50,208 : INFO : EventManager : Event: ======'slide_press_start_removed'====== Args={'_from_bcp': True}
2025-10-16 16:35:50,209 : INFO : EventManager : Event: ======'slide_press_start_created'====== Args={'_from_bcp': True}
2025-10-16 16:35:50,224 : INFO : EventManager : Event: ======'slide_press_start_active'====== Args={'_from_bcp': True}
2025-10-16 16:35:53,220 : INFO : EventManager : Event: ======'slide_mission_pinball_removed'====== Args={'_from_bcp': True}
2025-10-16 16:35:53,221 : INFO : EventManager : Event: ======'slide_mission_pinball_created'====== Args={'_from_bcp': True}
2025-10-16 16:35:53,222 : INFO : EventManager : Event: ======'slide_mission_pinball_active'====== Args={'_from_bcp': True}
2025-10-16 16:35:56,208 : INFO : EventManager : Event: ======'slide_last_game_score_slide_removed'====== Args={'_from_bcp': True}
2025-10-16 16:35:56,220 : INFO : EventManager : Event: ======'slide_last_game_score_slide_created'====== Args={'_from_bcp': True}
2025-10-16 16:35:56,221 : INFO : EventManager : Event: ======'slide_last_game_score_slide_active'====== Args={'_from_bcp': True}
2025-10-16 16:35:59,206 : INFO : EventManager : Event: ======'slide_awesome_slide_removed'====== Args={'_from_bcp': True}
2025-10-16 16:35:59,210 : INFO : EventManager : Event: ======'slide_awesome_slide_created'====== Args={'_from_bcp': True}
2025-10-16 16:35:59,222 : INFO : EventManager : Event: ======'slide_awesome_slide_active'====== Args={'_from_bcp': True}
2025-10-16 16:36:02,221 : INFO : EventManager : Event: ======'slide_press_start_removed'====== Args={'_from_bcp': True}
2025-10-16 16:36:02,222 : INFO : EventManager : Event: ======'slide_press_start_created'====== Args={'_from_bcp': True}
2025-10-16 16:36:02,223 : INFO : EventManager : Event: ======'slide_press_start_active'====== Args={'_from_bcp': True}
2025-10-16 16:36:05,208 : INFO : EventManager : Event: ======'slide_mission_pinball_removed'====== Args={'_from_bcp': True}
2025-10-16 16:36:05,220 : INFO : EventManager : Event: ======'slide_mission_pinball_created'====== Args={'_from_bcp': True}
2025-10-16 16:36:05,222 : INFO : EventManager : Event: ======'slide_mission_pinball_active'====== Args={'_from_bcp': True}
2025-10-16 16:36:08,208 : INFO : EventManager : Event: ======'slide_last_game_score_slide_removed'====== Args={'_from_bcp': True}
2025-10-16 16:36:08,221 : INFO : EventManager : Event: ======'slide_last_game_score_slide_created'====== Args={'_from_bcp': True}
2025-10-16 16:36:08,222 : INFO : EventManager : Event: ======'slide_last_game_score_slide_active'====== Args={'_from_bcp': True}
2025-10-16 16:36:11,208 : INFO : EventManager : Event: ======'slide_awesome_slide_removed'====== Args={'_from_bcp': True}
2025-10-16 16:36:11,209 : INFO : EventManager : Event: ======'slide_awesome_slide_created'====== Args={'_from_bcp': True}
2025-10-16 16:36:11,222 : INFO : EventManager : Event: ======'slide_awesome_slide_active'====== Args={'_from_bcp': True}
2025-10-16 16:36:14,211 : INFO : EventManager : Event: ======'slide_press_start_removed'====== Args={'_from_bcp': True}
2025-10-16 16:36:14,211 : INFO : EventManager : Event: ======'slide_press_start_created'====== Args={'_from_bcp': True}
2025-10-16 16:36:14,222 : INFO : EventManager : Event: ======'slide_press_start_active'====== Args={'_from_bcp': True}
2025-10-16 16:36:17,208 : INFO : EventManager : Event: ======'slide_mission_pinball_removed'====== Args={'_from_bcp': True}
2025-10-16 16:36:17,209 : INFO : EventManager : Event: ======'slide_mission_pinball_created'====== Args={'_from_bcp': True}
2025-10-16 16:36:17,222 : INFO : EventManager : Event: ======'slide_mission_pinball_active'====== Args={'_from_bcp': True}
2025-10-16 16:36:20,209 : INFO : EventManager : Event: ======'slide_last_game_score_slide_removed'====== Args={'_from_bcp': True}
2025-10-16 16:36:20,210 : INFO : EventManager : Event: ======'slide_last_game_score_slide_created'====== Args={'_from_bcp': True}
2025-10-16 16:36:20,222 : INFO : EventManager : Event: ======'slide_last_game_score_slide_active'====== Args={'_from_bcp': True}
2025-10-16 16:36:22,038 : INFO : SwitchController : <<<<<<< 's_start' active >>>>>>>
2025-10-16 16:36:22,138 : INFO : SwitchController : <<<<<<< 's_start' inactive >>>>>>>
2025-10-16 16:36:22,139 : INFO : EventManager : Event: ======'request_to_start_game'====== Args={}
2025-10-16 16:36:22,139 : INFO : Mode.credits : Received request to start game. Request Denied. Not enough credits available.
2025-10-16 16:36:22,139 : INFO : EventManager : Event: ======'not_enough_credits'====== Args={}
2025-10-16 16:36:22,159 : INFO : EventManager : Event: ======'slide_not_enough_credits_slide_removed'====== Args={'_from_bcp': True}
2025-10-16 16:36:22,161 : INFO : EventManager : Event: ======'slide_not_enough_credits_slide_created'====== Args={'_from_bcp': True}
2025-10-16 16:36:22,162 : INFO : EventManager : Event: ======'slide_not_enough_credits_slide_removed'====== Args={'_from_bcp': True}
2025-10-16 16:36:22,172 : INFO : EventManager : Event: ======'slide_not_enough_credits_slide_active'====== Args={'_from_bcp': True}
2025-10-16 16:36:23,209 : INFO : EventManager : Event: ======'slide_awesome_slide_removed'====== Args={'_from_bcp': True}
2025-10-16 16:36:23,209 : INFO : EventManager : Event: ======'slide_awesome_slide_created'====== Args={'_from_bcp': True}
2025-10-16 16:36:24,172 : INFO : EventManager : Event: ======'slide_not_enough_credits_slide_removed'====== Args={'_from_bcp': True}
2025-10-16 16:36:24,174 : INFO : EventManager : Event: ======'slide_awesome_slide_active'====== Args={'_from_bcp': True}
2025-10-16 16:36:26,210 : INFO : EventManager : Event: ======'slide_press_start_removed'====== Args={'_from_bcp': True}
2025-10-16 16:36:26,211 : INFO : EventManager : Event: ======'slide_press_start_created'====== Args={'_from_bcp': True}
2025-10-16 16:36:26,223 : INFO : EventManager : Event: ======'slide_press_start_active'====== Args={'_from_bcp': True}
2025-10-16 16:36:27,771 : INFO : Machine : Shutting down...
2025-10-16 16:36:27,771 : INFO : EventManager : Event: ======'shutdown'====== Args={}
2025-10-16 16:36:27,781 : INFO : root : MPF run loop ended.
