2025-10-16 16:09:40,560 : kivy : deps: Successfully imported "kivy_deps.gstreamer" 0.3.3
2025-10-16 16:09:40,561 : kivy : deps: Successfully imported "kivy_deps.angle" 0.3.3
2025-10-16 16:09:40,561 : kivy : deps: Successfully imported "kivy_deps.glew" 0.3.1
2025-10-16 16:09:40,561 : kivy : deps: Successfully imported "kivy_deps.sdl2" 0.6.0
2025-10-16 16:09:40,561 : kivy : Kivy: v2.2.1
2025-10-16 16:09:40,561 : kivy : Kivy: Installed at "C:\Users\richa\mpfvirtual4\lib\site-packages\kivy\__init__.py"
2025-10-16 16:09:40,561 : kivy : Python: v3.9.13 (tags/v3.9.13:6de2ca5, May 17 2022, 16:36:42) [MSC v.1929 64 bit (AMD64)]
2025-10-16 16:09:40,561 : kivy : Python: Interpreter at "C:\Users\richa\mpfvirtual4\Scripts\python.exe"
2025-10-16 16:09:40,577 : kivy : Factory: 190 symbols loaded
2025-10-16 16:09:40,788 : kivy : ImageLoaderFFPy: Using ffpyplayer 4.5.0
2025-10-16 16:09:40,788 : kivy : Image: Providers: img_tex, img_dds, img_sdl2, img_pil, img_ffpyplayer 
2025-10-16 16:09:40,956 : kivy : VideoGstplayer: Using Gstreamer 1.18.5.0
2025-10-16 16:09:40,956 : kivy : Video: Provider: gstplayer
2025-10-16 16:09:41,000 : root : Loading MPF-MC controller
2025-10-16 16:09:41,002 : YamlMultifileConfigLoader : Machine config file #1: config
2025-10-16 16:09:41,003 : ConfigProcessor : Config file in cache changed: C:\Users\richa\ttp7\config\config
2025-10-16 16:09:41,003 : ConfigProcessor : Loading config from file C:\Users\richa\mpfvirtual4\lib\site-packages\mpfmc\mcconfig.yaml.
2025-10-16 16:09:41,010 : ConfigProcessor : Loading config: C:\Users\richa\mpfvirtual4\lib\site-packages\mpfmc\mcconfig.yaml
2025-10-16 16:09:41,010 : ConfigProcessor : Loading config from file C:\Users\richa\ttp7\config\config.
2025-10-16 16:09:41,012 : ConfigProcessor : Loading config: C:\Users\richa\ttp7\config\config
2025-10-16 16:09:41,014 : ConfigProcessor : Loading config: C:\Users\richa\ttp7\config\config_sounds.yaml
2025-10-16 16:09:41,015 : ConfigProcessor : Loading config: C:\Users\richa\ttp7\config\config_ball_devices.yaml
2025-10-16 16:09:41,016 : ConfigProcessor : Loading config: C:\Users\richa\ttp7\config\config_coils.yaml
2025-10-16 16:09:41,017 : ConfigProcessor : Loading config: C:\Users\richa\ttp7\config\config_flippers.yaml
2025-10-16 16:09:41,021 : ConfigProcessor : Loading config: C:\Users\richa\ttp7\config\config_switches.yaml
2025-10-16 16:09:41,025 : ConfigProcessor : Loading config: C:\Users\richa\ttp7\config\config_lights.yaml
2025-10-16 16:09:41,028 : ConfigProcessor : Loading config: C:\Users\richa\ttp7\config\config_credits.yaml
2025-10-16 16:09:41,030 : ConfigProcessor : Config file cache created: C:\Users\richa\AppData\Local\Temp\b8d8c5e8bc023a38ee4d8abbd35c8fd3.mpf_cache
2025-10-16 16:09:41,030 : ConfigProcessor : Loading config from cache: C:\Users\richa\AppData\Local\Temp\70233839fc0b792ce11a62f3c18c1950.mpf_cache
2025-10-16 16:09:41,031 : ConfigProcessor : Loading config from cache: C:\Users\richa\AppData\Local\Temp\9c8dea79ca4d15ee886340e992e8cb9d.mpf_cache
2025-10-16 16:09:41,032 : ConfigProcessor : Loading config from cache: C:\Users\richa\AppData\Local\Temp\67a19b095f918111543419ac0271bfb1.mpf_cache
2025-10-16 16:09:41,032 : ConfigProcessor : Loading config from cache: C:\Users\richa\AppData\Local\Temp\be387b0e8ed00556ec738d83cd6947d1.mpf_cache
2025-10-16 16:09:41,033 : ConfigProcessor : Loading config from cache: C:\Users\richa\AppData\Local\Temp\5a8efabd9666d8c71fa755fc28a9bf1e.mpf_cache
2025-10-16 16:09:41,033 : ConfigProcessor : Loading config from cache: C:\Users\richa\AppData\Local\Temp\fb58745e58584e219ff53db445e8e9f2.mpf_cache
2025-10-16 16:09:41,034 : ConfigProcessor : Loading config from cache: C:\Users\richa\AppData\Local\Temp\3a5badf48d988f9fc0f9b093a934917d.mpf_cache
2025-10-16 16:09:41,034 : ConfigProcessor : Loading config from cache: C:\Users\richa\AppData\Local\Temp\9e788d9ac28f3464b985b20edf80a10e.mpf_cache
2025-10-16 16:09:41,035 : ConfigProcessor : Loading config from cache: C:\Users\richa\AppData\Local\Temp\7e426d8ffa907371bf962f3181d8bdf2.mpf_cache
2025-10-16 16:09:41,035 : mpfmc : Mission Pinball Framework Media Controller (MPF-MC) v0.57.0.dev10. Requires MPF v0.57.0.dev19 or newer.
2025-10-16 16:09:41,035 : mpfmc : Found MPF v0.57.0.dev39
2025-10-16 16:09:41,035 : mpfmc : Machine path: C:\Users\richa\ttp7
2025-10-16 16:09:41,036 : mpfmc : Starting clock at 60.0Hz
2025-10-16 16:09:41,049 : kivy : Text: Provider: sdl2
2025-10-16 16:09:41,093 : kivy : Window: Provider: sdl2
2025-10-16 16:09:41,471 : kivy : GL: Using the "OpenGL" graphics system
2025-10-16 16:09:41,481 : kivy : GL: GLEW initialization succeeded
2025-10-16 16:09:41,482 : kivy : GL: Backend used <glew>
2025-10-16 16:09:41,482 : kivy : GL: OpenGL version <b'4.6.0 NVIDIA 560.94'>
2025-10-16 16:09:41,482 : kivy : GL: OpenGL vendor <b'NVIDIA Corporation'>
2025-10-16 16:09:41,482 : kivy : GL: OpenGL renderer <b'NVIDIA GeForce RTX 3050/PCIe/SSE2'>
2025-10-16 16:09:41,482 : kivy : GL: OpenGL parsed version: 4, 6
2025-10-16 16:09:41,482 : kivy : GL: Shading version <b'4.60 NVIDIA'>
2025-10-16 16:09:41,482 : kivy : GL: Texture max size <32768>
2025-10-16 16:09:41,482 : kivy : GL: Texture max units <32>
2025-10-16 16:09:41,501 : kivy : Window: auto add sdl2 input provider
2025-10-16 16:09:41,501 : kivy : Window: virtual keyboard not allowed, single mode, not docked
2025-10-16 16:09:41,900 : AudioInterface : Initialized
2025-10-16 16:09:41,901 : AudioInterface : Loaded SDL 2.26.4
2025-10-16 16:09:41,901 : AudioInterface : Loaded SDL_Mixer 2.6.3
2025-10-16 16:09:41,901 : AudioInterface : Loaded GStreamer 1.18.5.0
2025-10-16 16:09:41,901 : AudioInterface : Loaded GLib 2.62.6
2025-10-16 16:09:41,901 : AudioInterface : Settings requested - rate: 44100, channels: 1, buffer: 2048 samples
2025-10-16 16:09:41,901 : AudioInterface : Settings in use - rate: 44100, channels: 1, buffer: 2048 samples (4096 bytes @ 2 bytes per sample)
2025-10-16 16:09:41,901 : SoundSystem : Setting master volume to 0.0
2025-10-16 16:09:41,901 : AudioInterface : Enabling audio playback
2025-10-16 16:09:41,903 : kivy : Base: Start application main loop
2025-10-16 16:09:41,904 : EventManager : Event: ======'display_window_initialized'====== Args={}
2025-10-16 16:09:41,904 : EventManager : Event: ======'display_dmd_initialized'====== Args={}
2025-10-16 16:09:41,915 : mpfmc : Display: Setting 'dmd' as default display
2025-10-16 16:09:41,918 : mpfmc : ASPECT RATIO MISMATCH: The on-screen window is not the same aspect ratio as the display called 'window'. The logical display will be scaled from 600x400 to the window size 1200x900, and a black bar will make up the difference
2025-10-16 16:09:41,920 : EventManager : Event: ======'displays_initialized'====== Args={}
2025-10-16 16:09:41,920 : EventManager : Event: ======'slide_window_blank_created'====== Args={}
2025-10-16 16:09:41,920 : EventManager : Event: ======'display_window_ready'====== Args={}
2025-10-16 16:09:41,921 : EventManager : Event: ======'slide_dmd_blank_created'====== Args={}
2025-10-16 16:09:41,921 : EventManager : Event: ======'display_dmd_ready'====== Args={}
2025-10-16 16:09:41,930 : EventManager : Event: ======'init_phase_1'====== Args={}
2025-10-16 16:09:41,937 : EventManager : Event: ======'mc_ready'====== Args={}
2025-10-16 16:09:41,937 : EventManager : Event: ======'init_phase_2'====== Args={}
2025-10-16 16:09:41,942 : EventManager : Event: ======'init_phase_3'====== Args={}
2025-10-16 16:09:41,945 : EventManager : Event: ======'init_phase_4'====== Args={}
2025-10-16 16:09:41,945 : EventManager : Event: ======'init_phase_5'====== Args={}
2025-10-16 16:09:41,945 : EventManager : Event: ======'init_done'====== Args={}
2025-10-16 16:09:41,945 : MPF-MC BCP Server : Starting up on localhost port 5050
2025-10-16 16:09:41,949 : MPF-MC BCP Server : Waiting for a connection...
2025-10-16 16:09:41,949 : mpfmc : SlidePlayer: Play called with settings={'slides': {window_slide_1-None-None: {'target': 'window', 'priority': None, 'background_color': [0.0, 0.0, 0.0, 1.0], 'show': True, 'force': False, 'expire': None, 'slide': None, 'tokens': {}, 'action': 'play', 'transition': None, 'transition_out': None}}}
2025-10-16 16:09:41,951 : kivy : GL: NPOT texture support is available
2025-10-16 16:09:41,970 : EventManager : Event: ======'slide_window_slide_1_created'====== Args={}
2025-10-16 16:09:41,987 : EventManager : Event: ======'slide_window_slide_1_active'====== Args={}
2025-10-16 16:09:41,989 : EventManager : Event: ======'client_disconnected'====== Args={'host': '127.0.0.1', 'port': 5050}
2025-10-16 16:09:43,011 : MPF-MC BCP Server : Received connection from: 127.0.0.1:52896
2025-10-16 16:09:43,011 : EventManager : Event: ======'client_connected'====== Args={'host': '127.0.0.1', 'port': 52896}
2025-10-16 16:09:43,362 : EventManager : Event: ======'machine_var_credits_string'====== Args={'value': 'FREE PLAY', 'prev_value': None, 'change': True}
2025-10-16 16:09:43,362 : EventManager : Event: ======'machine_var_credit_units'====== Args={'value': 0, 'prev_value': None, 'change': True}
2025-10-16 16:09:43,362 : EventManager : Event: ======'machine_var_free_play'====== Args={'value': False, 'prev_value': None, 'change': True}
2025-10-16 16:09:43,362 : EventManager : Event: ======'machine_var_master_volume'====== Args={'value': 0.5, 'prev_value': None, 'change': True}
2025-10-16 16:09:43,362 : EventManager : Event: ======'machine_var_player1_score'====== Args={'value': 0, 'prev_value': None, 'change': True}
2025-10-16 16:09:43,362 : EventManager : Event: ======'machine_var_mpf_version'====== Args={'value': 'Mission Pinball Framework v0.57.0.dev39', 'prev_value': None, 'change': True}
2025-10-16 16:09:43,362 : EventManager : Event: ======'machine_var_mpf_extended_version'====== Args={'value': 'Mission Pinball Framework v0.57.0.dev39, Config version:6, Show version: 6, BCP version:1.1', 'prev_value': None, 'change': True}
2025-10-16 16:09:43,362 : EventManager : Event: ======'machine_var_python_version'====== Args={'value': '3.9.13', 'prev_value': None, 'change': True}
2025-10-16 16:09:43,362 : EventManager : Event: ======'machine_var_platform'====== Args={'value': 'Windows-10-10.0.19045-SP0', 'prev_value': None, 'change': True}
2025-10-16 16:09:43,363 : EventManager : Event: ======'machine_var_platform_system'====== Args={'value': 'Windows', 'prev_value': None, 'change': True}
2025-10-16 16:09:43,363 : EventManager : Event: ======'machine_var_platform_release'====== Args={'value': '10', 'prev_value': None, 'change': True}
2025-10-16 16:09:43,363 : EventManager : Event: ======'machine_var_platform_version'====== Args={'value': '10.0.19045', 'prev_value': None, 'change': True}
2025-10-16 16:09:43,363 : EventManager : Event: ======'machine_var_platform_machine'====== Args={'value': 'AMD64', 'prev_value': None, 'change': True}
2025-10-16 16:09:43,363 : EventManager : Event: ======'machine_var_mc_version'====== Args={'value': 'MPF-MC v0.57.0.dev10', 'prev_value': None, 'change': True}
2025-10-16 16:09:43,363 : EventManager : Event: ======'machine_var_mc_extended_version'====== Args={'value': 'MPF-MC v0.57.0.dev10 (config_version=6, BCP v1.1,                      Requires MPF API compatibility v0.57.0.dev19 or newer)', 'prev_value': None, 'change': True}
2025-10-16 16:09:43,363 : EventManager : Event: ======'machine_var_credits_string'====== Args={'value': 'FREE PLAY', 'prev_value': None, 'change': True}
2025-10-16 16:09:43,363 : EventManager : Event: ======'machine_var_credit_units'====== Args={'value': 0, 'prev_value': None, 'change': True}
2025-10-16 16:09:43,363 : EventManager : Event: ======'machine_var_free_play'====== Args={'value': False, 'prev_value': None, 'change': True}
2025-10-16 16:09:43,363 : EventManager : Event: ======'machine_var_master_volume'====== Args={'value': 0.5, 'prev_value': None, 'change': True}
2025-10-16 16:09:43,363 : EventManager : Event: ======'machine_var_player1_score'====== Args={'value': 0, 'prev_value': None, 'change': True}
2025-10-16 16:09:43,363 : EventManager : Event: ======'machine_var_mpf_version'====== Args={'value': 'Mission Pinball Framework v0.57.0.dev39', 'prev_value': None, 'change': True}
2025-10-16 16:09:43,363 : EventManager : Event: ======'machine_var_mpf_extended_version'====== Args={'value': 'Mission Pinball Framework v0.57.0.dev39, Config version:6, Show version: 6, BCP version:1.1', 'prev_value': None, 'change': True}
2025-10-16 16:09:43,363 : EventManager : Event: ======'machine_var_python_version'====== Args={'value': '3.9.13', 'prev_value': None, 'change': True}
2025-10-16 16:09:43,363 : EventManager : Event: ======'machine_var_platform'====== Args={'value': 'Windows-10-10.0.19045-SP0', 'prev_value': None, 'change': True}
2025-10-16 16:09:43,363 : EventManager : Event: ======'machine_var_platform_system'====== Args={'value': 'Windows', 'prev_value': None, 'change': True}
2025-10-16 16:09:43,364 : EventManager : Event: ======'machine_var_platform_release'====== Args={'value': '10', 'prev_value': None, 'change': True}
2025-10-16 16:09:43,364 : EventManager : Event: ======'machine_var_platform_version'====== Args={'value': '10.0.19045', 'prev_value': None, 'change': True}
2025-10-16 16:09:43,364 : EventManager : Event: ======'machine_var_platform_machine'====== Args={'value': 'AMD64', 'prev_value': None, 'change': True}
2025-10-16 16:09:43,364 : EventManager : Event: ======'machine_var_mc_version'====== Args={'value': 'MPF-MC v0.57.0.dev10', 'prev_value': None, 'change': True}
2025-10-16 16:09:43,364 : EventManager : Event: ======'machine_var_mc_extended_version'====== Args={'value': 'MPF-MC v0.57.0.dev10 (config_version=6, BCP v1.1,                      Requires MPF API compatibility v0.57.0.dev19 or newer)', 'prev_value': None, 'change': True}
2025-10-16 16:09:43,364 : EventManager : Event: ======'machine_var_credits_string'====== Args={'value': 'FREE PLAY', 'prev_value': None, 'change': True}
2025-10-16 16:09:43,364 : EventManager : Event: ======'machine_var_credit_units'====== Args={'value': 0, 'prev_value': None, 'change': True}
2025-10-16 16:09:43,364 : EventManager : Event: ======'machine_var_free_play'====== Args={'value': False, 'prev_value': None, 'change': True}
2025-10-16 16:09:43,364 : EventManager : Event: ======'machine_var_master_volume'====== Args={'value': 0.5, 'prev_value': None, 'change': True}
2025-10-16 16:09:43,364 : EventManager : Event: ======'machine_var_player1_score'====== Args={'value': 0, 'prev_value': None, 'change': True}
2025-10-16 16:09:43,364 : EventManager : Event: ======'machine_var_mpf_version'====== Args={'value': 'Mission Pinball Framework v0.57.0.dev39', 'prev_value': None, 'change': True}
2025-10-16 16:09:43,364 : EventManager : Event: ======'machine_var_mpf_extended_version'====== Args={'value': 'Mission Pinball Framework v0.57.0.dev39, Config version:6, Show version: 6, BCP version:1.1', 'prev_value': None, 'change': True}
2025-10-16 16:09:43,364 : EventManager : Event: ======'machine_var_python_version'====== Args={'value': '3.9.13', 'prev_value': None, 'change': True}
2025-10-16 16:09:43,364 : EventManager : Event: ======'machine_var_platform'====== Args={'value': 'Windows-10-10.0.19045-SP0', 'prev_value': None, 'change': True}
2025-10-16 16:09:43,364 : EventManager : Event: ======'machine_var_platform_system'====== Args={'value': 'Windows', 'prev_value': None, 'change': True}
2025-10-16 16:09:43,364 : EventManager : Event: ======'machine_var_platform_release'====== Args={'value': '10', 'prev_value': None, 'change': True}
2025-10-16 16:09:43,364 : EventManager : Event: ======'machine_var_platform_version'====== Args={'value': '10.0.19045', 'prev_value': None, 'change': True}
2025-10-16 16:09:43,365 : EventManager : Event: ======'machine_var_platform_machine'====== Args={'value': 'AMD64', 'prev_value': None, 'change': True}
2025-10-16 16:09:43,365 : EventManager : Event: ======'machine_var_mc_version'====== Args={'value': 'MPF-MC v0.57.0.dev10', 'prev_value': None, 'change': True}
2025-10-16 16:09:43,365 : EventManager : Event: ======'machine_var_mc_extended_version'====== Args={'value': 'MPF-MC v0.57.0.dev10 (config_version=6, BCP v1.1,                      Requires MPF API compatibility v0.57.0.dev19 or newer)', 'prev_value': None, 'change': True}
2025-10-16 16:09:43,365 : EventManager : Event: ======'machine_var_credits_string'====== Args={'value': 'FREE PLAY', 'prev_value': None, 'change': True}
2025-10-16 16:09:43,365 : EventManager : Event: ======'machine_var_credit_units'====== Args={'value': 0, 'prev_value': None, 'change': True}
2025-10-16 16:09:43,365 : EventManager : Event: ======'machine_var_free_play'====== Args={'value': False, 'prev_value': None, 'change': True}
2025-10-16 16:09:43,365 : EventManager : Event: ======'machine_var_master_volume'====== Args={'value': 0.5, 'prev_value': None, 'change': True}
2025-10-16 16:09:43,365 : EventManager : Event: ======'machine_var_player1_score'====== Args={'value': 0, 'prev_value': None, 'change': True}
2025-10-16 16:09:43,365 : EventManager : Event: ======'machine_var_mpf_version'====== Args={'value': 'Mission Pinball Framework v0.57.0.dev39', 'prev_value': None, 'change': True}
2025-10-16 16:09:43,365 : EventManager : Event: ======'machine_var_mpf_extended_version'====== Args={'value': 'Mission Pinball Framework v0.57.0.dev39, Config version:6, Show version: 6, BCP version:1.1', 'prev_value': None, 'change': True}
2025-10-16 16:09:43,365 : EventManager : Event: ======'machine_var_python_version'====== Args={'value': '3.9.13', 'prev_value': None, 'change': True}
2025-10-16 16:09:43,365 : EventManager : Event: ======'machine_var_platform'====== Args={'value': 'Windows-10-10.0.19045-SP0', 'prev_value': None, 'change': True}
2025-10-16 16:09:43,365 : EventManager : Event: ======'machine_var_platform_system'====== Args={'value': 'Windows', 'prev_value': None, 'change': True}
2025-10-16 16:09:43,365 : EventManager : Event: ======'machine_var_platform_release'====== Args={'value': '10', 'prev_value': None, 'change': True}
2025-10-16 16:09:43,365 : EventManager : Event: ======'machine_var_platform_version'====== Args={'value': '10.0.19045', 'prev_value': None, 'change': True}
2025-10-16 16:09:43,366 : EventManager : Event: ======'machine_var_platform_machine'====== Args={'value': 'AMD64', 'prev_value': None, 'change': True}
2025-10-16 16:09:43,366 : EventManager : Event: ======'machine_var_mc_version'====== Args={'value': 'MPF-MC v0.57.0.dev10', 'prev_value': None, 'change': True}
2025-10-16 16:09:43,366 : EventManager : Event: ======'machine_var_mc_extended_version'====== Args={'value': 'MPF-MC v0.57.0.dev10 (config_version=6, BCP v1.1,                      Requires MPF API compatibility v0.57.0.dev19 or newer)', 'prev_value': None, 'change': True}
2025-10-16 16:09:43,366 : SoundSystem : Setting master volume to 0.5
2025-10-16 16:09:43,366 : SoundSystem : Setting master volume to 0.5
2025-10-16 16:09:43,366 : SoundSystem : Setting master volume to 0.5
2025-10-16 16:09:43,366 : SoundSystem : Setting master volume to 0.5
2025-10-16 16:09:43,460 : EventManager : Event: ======'machine_var_audits_events_game_ended'====== Args={'value': 60, 'prev_value': None, 'change': True}
2025-10-16 16:09:43,514 : EventManager : Event: ======'machine_var_audits_events_game_started'====== Args={'value': 258, 'prev_value': None, 'change': True}
2025-10-16 16:09:43,514 : EventManager : Event: ======'machine_var_audits_missing_switches_s_A'====== Args={'value': 67, 'prev_value': None, 'change': True}
2025-10-16 16:09:43,514 : EventManager : Event: ======'machine_var_audits_missing_switches_s_E'====== Args={'value': 11, 'prev_value': None, 'change': True}
2025-10-16 16:09:43,514 : EventManager : Event: ======'machine_var_audits_missing_switches_s_Eb'====== Args={'value': 67, 'prev_value': None, 'change': True}
2025-10-16 16:09:43,515 : EventManager : Event: ======'machine_var_audits_missing_switches_s_I'====== Args={'value': 11, 'prev_value': None, 'change': True}
2025-10-16 16:09:43,515 : EventManager : Event: ======'machine_var_audits_missing_switches_s_L'====== Args={'value': 67, 'prev_value': None, 'change': True}
2025-10-16 16:09:43,515 : EventManager : Event: ======'machine_var_audits_missing_switches_s_M'====== Args={'value': 11, 'prev_value': None, 'change': True}
2025-10-16 16:09:43,515 : EventManager : Event: ======'machine_var_audits_missing_switches_s_R'====== Args={'value': 67, 'prev_value': None, 'change': True}
2025-10-16 16:09:43,515 : EventManager : Event: ======'machine_var_audits_missing_switches_s_T'====== Args={'value': 11, 'prev_value': None, 'change': True}
2025-10-16 16:09:43,515 : EventManager : Event: ======'machine_var_audits_missing_switches_s_Tb'====== Args={'value': 67, 'prev_value': None, 'change': True}
2025-10-16 16:09:43,515 : EventManager : Event: ======'machine_var_audits_missing_switches_s_V'====== Args={'value': 67, 'prev_value': None, 'change': True}
2025-10-16 16:09:43,515 : EventManager : Event: ======'machine_var_audits_missing_switches_s_bumper1'====== Args={'value': 21, 'prev_value': None, 'change': True}
2025-10-16 16:09:43,515 : EventManager : Event: ======'machine_var_audits_missing_switches_s_bumper2'====== Args={'value': 21, 'prev_value': None, 'change': True}
2025-10-16 16:09:43,515 : EventManager : Event: ======'machine_var_audits_missing_switches_s_bumper_1'====== Args={'value': 28, 'prev_value': None, 'change': True}
2025-10-16 16:09:43,516 : EventManager : Event: ======'machine_var_audits_missing_switches_s_bumper_2'====== Args={'value': 28, 'prev_value': None, 'change': True}
2025-10-16 16:09:43,516 : EventManager : Event: ======'machine_var_audits_missing_switches_s_center_center_target'====== Args={'value': 21, 'prev_value': None, 'change': True}
2025-10-16 16:09:43,516 : EventManager : Event: ======'machine_var_audits_missing_switches_s_center_scoop'====== Args={'value': 31, 'prev_value': None, 'change': True}
2025-10-16 16:09:43,516 : EventManager : Event: ======'machine_var_audits_missing_switches_s_coin_left'====== Args={'value': 8, 'prev_value': None, 'change': True}
2025-10-16 16:09:43,516 : EventManager : Event: ======'machine_var_audits_missing_switches_s_launcher_lane_spinner'====== Args={'value': 184, 'prev_value': None, 'change': True}
2025-10-16 16:09:43,516 : EventManager : Event: ======'machine_var_audits_missing_switches_s_left_center_target'====== Args={'value': 21, 'prev_value': None, 'change': True}
2025-10-16 16:09:43,516 : EventManager : Event: ======'machine_var_audits_missing_switches_s_left_corridor_spinner'====== Args={'value': 184, 'prev_value': None, 'change': True}
2025-10-16 16:09:43,516 : EventManager : Event: ======'machine_var_audits_missing_switches_s_left_corridor_spinner2'====== Args={'value': 184, 'prev_value': None, 'change': True}
2025-10-16 16:09:43,516 : EventManager : Event: ======'machine_var_audits_missing_switches_s_left_flipper'====== Args={'value': 107, 'prev_value': None, 'change': True}
2025-10-16 16:09:43,516 : EventManager : Event: ======'machine_var_audits_missing_switches_s_left_inlane'====== Args={'value': 211, 'prev_value': None, 'change': True}
2025-10-16 16:09:43,516 : EventManager : Event: ======'machine_var_audits_missing_switches_s_left_outlane'====== Args={'value': 221, 'prev_value': None, 'change': True}
2025-10-16 16:09:43,516 : EventManager : Event: ======'machine_var_audits_missing_switches_s_left_scoop'====== Args={'value': 29, 'prev_value': None, 'change': True}
2025-10-16 16:09:43,516 : EventManager : Event: ======'machine_var_audits_missing_switches_s_left_standup'====== Args={'value': 183, 'prev_value': None, 'change': True}
2025-10-16 16:09:43,516 : EventManager : Event: ======'machine_var_audits_missing_switches_s_right_center_target'====== Args={'value': 21, 'prev_value': None, 'change': True}
2025-10-16 16:09:43,517 : EventManager : Event: ======'machine_var_audits_missing_switches_s_right_corridor_spinner'====== Args={'value': 25, 'prev_value': None, 'change': True}
2025-10-16 16:09:43,517 : EventManager : Event: ======'machine_var_audits_missing_switches_s_right_flipper'====== Args={'value': 107, 'prev_value': None, 'change': True}
2025-10-16 16:09:43,517 : EventManager : Event: ======'machine_var_audits_missing_switches_s_right_inlane'====== Args={'value': 1, 'prev_value': None, 'change': True}
2025-10-16 16:09:43,517 : EventManager : Event: ======'machine_var_audits_missing_switches_s_right_outlane'====== Args={'value': 31, 'prev_value': None, 'change': True}
2025-10-16 16:09:43,517 : EventManager : Event: ======'machine_var_audits_missing_switches_s_right_scoop'====== Args={'value': 29, 'prev_value': None, 'change': True}
2025-10-16 16:09:43,517 : EventManager : Event: ======'machine_var_audits_missing_switches_s_right_standup'====== Args={'value': 11, 'prev_value': None, 'change': True}
2025-10-16 16:09:43,517 : EventManager : Event: ======'machine_var_audits_missing_switches_s_service_coin'====== Args={'value': 21, 'prev_value': None, 'change': True}
2025-10-16 16:09:43,517 : EventManager : Event: ======'machine_var_audits_missing_switches_s_sling_left'====== Args={'value': 211, 'prev_value': None, 'change': True}
2025-10-16 16:09:43,517 : EventManager : Event: ======'machine_var_audits_missing_switches_s_sling_right'====== Args={'value': 107, 'prev_value': None, 'change': True}
2025-10-16 16:09:43,517 : EventManager : Event: ======'machine_var_audits_missing_switches_s_standup_1'====== Args={'value': 11, 'prev_value': None, 'change': True}
2025-10-16 16:09:43,517 : EventManager : Event: ======'machine_var_audits_missing_switches_s_standup_2'====== Args={'value': 11, 'prev_value': None, 'change': True}
2025-10-16 16:09:43,517 : EventManager : Event: ======'machine_var_audits_missing_switches_s_standup_3'====== Args={'value': 11, 'prev_value': None, 'change': True}
2025-10-16 16:09:43,517 : EventManager : Event: ======'machine_var_audits_missing_switches_s_standup_4'====== Args={'value': 11, 'prev_value': None, 'change': True}
2025-10-16 16:09:43,517 : EventManager : Event: ======'machine_var_audits_missing_switches_s_standup_5'====== Args={'value': 11, 'prev_value': None, 'change': True}
2025-10-16 16:09:43,518 : EventManager : Event: ======'machine_var_audits_missing_switches_s_standup_6'====== Args={'value': 11, 'prev_value': None, 'change': True}
2025-10-16 16:09:43,518 : EventManager : Event: ======'machine_var_audits_missing_switches_s_start'====== Args={'value': 8, 'prev_value': None, 'change': True}
2025-10-16 16:09:43,518 : EventManager : Event: ======'machine_var_audits_missing_switches_s_top_left_standup'====== Args={'value': 29, 'prev_value': None, 'change': True}
2025-10-16 16:09:43,518 : EventManager : Event: ======'machine_var_audits_missing_switches_s_top_left_standup2'====== Args={'value': 124, 'prev_value': None, 'change': True}
2025-10-16 16:09:43,518 : EventManager : Event: ======'machine_var_audits_missing_switches_s_trough1'====== Args={'value': 8, 'prev_value': None, 'change': True}
2025-10-16 16:09:43,518 : EventManager : Event: ======'machine_var_audits_missing_switches_s_trough2'====== Args={'value': 258, 'prev_value': None, 'change': True}
2025-10-16 16:09:43,518 : EventManager : Event: ======'machine_var_audits_missing_switches_s_trough3'====== Args={'value': 258, 'prev_value': None, 'change': True}
2025-10-16 16:09:43,518 : EventManager : Event: ======'machine_var_audits_missing_switches_s_trough4'====== Args={'value': 258, 'prev_value': None, 'change': True}
2025-10-16 16:09:43,518 : EventManager : Event: ======'machine_var_audits_missing_switches_s_trough5'====== Args={'value': 258, 'prev_value': None, 'change': True}
2025-10-16 16:09:43,518 : EventManager : Event: ======'machine_var_audits_missing_switches_s_trough6'====== Args={'value': 258, 'prev_value': None, 'change': True}
2025-10-16 16:09:43,518 : EventManager : Event: ======'machine_var_audits_missing_switches_s_trough_jam'====== Args={'value': 258, 'prev_value': None, 'change': True}
2025-10-16 16:09:43,518 : EventManager : Event: ======'machine_var_audits_player_score'====== Args={'value': {'average': 5748990, 'top': [75043600, 70538842, 47521800, 43517500, 41236342, 31835000, 13531600, 13201700, 9012700, 3012500], 'total': 63}, 'prev_value': None, 'change': True}
2025-10-16 16:09:43,518 : EventManager : Event: ======'machine_var_audits_shots_A'====== Args={'value': 31, 'prev_value': None, 'change': True}
2025-10-16 16:09:43,518 : EventManager : Event: ======'machine_var_audits_shots_E'====== Args={'value': 148, 'prev_value': None, 'change': True}
2025-10-16 16:09:43,519 : EventManager : Event: ======'machine_var_audits_shots_Eb'====== Args={'value': 30, 'prev_value': None, 'change': True}
2025-10-16 16:09:43,519 : EventManager : Event: ======'machine_var_audits_shots_I'====== Args={'value': 143, 'prev_value': None, 'change': True}
2025-10-16 16:09:43,519 : EventManager : Event: ======'machine_var_audits_shots_L'====== Args={'value': 31, 'prev_value': None, 'change': True}
2025-10-16 16:09:43,519 : EventManager : Event: ======'machine_var_audits_shots_M'====== Args={'value': 143, 'prev_value': None, 'change': True}
2025-10-16 16:09:43,519 : EventManager : Event: ======'machine_var_audits_shots_R'====== Args={'value': 32, 'prev_value': None, 'change': True}
2025-10-16 16:09:43,519 : EventManager : Event: ======'machine_var_audits_shots_T'====== Args={'value': 147, 'prev_value': None, 'change': True}
2025-10-16 16:09:43,519 : EventManager : Event: ======'machine_var_audits_shots_Tb'====== Args={'value': 33, 'prev_value': None, 'change': True}
2025-10-16 16:09:43,519 : EventManager : Event: ======'machine_var_audits_shots_V'====== Args={'value': 30, 'prev_value': None, 'change': True}
2025-10-16 16:09:43,519 : EventManager : Event: ======'machine_var_audits_shots_bumper1_shot'====== Args={'value': 214, 'prev_value': None, 'change': True}
2025-10-16 16:09:43,519 : EventManager : Event: ======'machine_var_audits_shots_bumper2_shot'====== Args={'value': 660, 'prev_value': None, 'change': True}
2025-10-16 16:09:43,519 : EventManager : Event: ======'machine_var_audits_shots_center_rollover'====== Args={'value': 7, 'prev_value': None, 'change': True}
2025-10-16 16:09:43,519 : EventManager : Event: ======'machine_var_audits_shots_center_rollover_shot'====== Args={'value': 308, 'prev_value': None, 'change': True}
2025-10-16 16:09:43,519 : EventManager : Event: ======'machine_var_audits_shots_jets'====== Args={'value': 815, 'prev_value': None, 'change': True}
2025-10-16 16:09:43,520 : EventManager : Event: ======'machine_var_audits_shots_left_rollover'====== Args={'value': 36, 'prev_value': None, 'change': True}
2025-10-16 16:09:43,520 : EventManager : Event: ======'machine_var_audits_shots_left_rollover_shot'====== Args={'value': 250, 'prev_value': None, 'change': True}
2025-10-16 16:09:43,520 : EventManager : Event: ======'machine_var_audits_shots_left_scoop_shot'====== Args={'value': 28, 'prev_value': None, 'change': True}
2025-10-16 16:09:43,520 : EventManager : Event: ======'machine_var_audits_shots_middle_inlane_shot'====== Args={'value': 20, 'prev_value': None, 'change': True}
2025-10-16 16:09:43,520 : EventManager : Event: ======'machine_var_audits_shots_my_first_shot'====== Args={'value': 95, 'prev_value': None, 'change': True}
2025-10-16 16:09:43,520 : EventManager : Event: ======'machine_var_audits_shots_right_inlane_shot'====== Args={'value': 96, 'prev_value': None, 'change': True}
2025-10-16 16:09:43,520 : EventManager : Event: ======'machine_var_audits_shots_right_rollover'====== Args={'value': 41, 'prev_value': None, 'change': True}
2025-10-16 16:09:43,520 : EventManager : Event: ======'machine_var_audits_shots_right_rollover_shot'====== Args={'value': 338, 'prev_value': None, 'change': True}
2025-10-16 16:09:43,520 : EventManager : Event: ======'machine_var_audits_shots_right_scoop_shot'====== Args={'value': 47, 'prev_value': None, 'change': True}
2025-10-16 16:09:43,520 : EventManager : Event: ======'machine_var_audits_shots_right_standup'====== Args={'value': 26, 'prev_value': None, 'change': True}
2025-10-16 16:09:43,520 : EventManager : Event: ======'machine_var_audits_shots_standup_1_skill'====== Args={'value': 48, 'prev_value': None, 'change': True}
2025-10-16 16:09:43,520 : EventManager : Event: ======'machine_var_audits_shots_standup_2_skill'====== Args={'value': 26, 'prev_value': None, 'change': True}
2025-10-16 16:09:43,520 : EventManager : Event: ======'machine_var_audits_shots_standup_3_skill'====== Args={'value': 10, 'prev_value': None, 'change': True}
2025-10-16 16:09:43,520 : EventManager : Event: ======'machine_var_audits_shots_standup_4_skill'====== Args={'value': 8, 'prev_value': None, 'change': True}
2025-10-16 16:09:43,521 : EventManager : Event: ======'machine_var_audits_shots_standup_5_skill'====== Args={'value': 4, 'prev_value': None, 'change': True}
2025-10-16 16:09:43,521 : EventManager : Event: ======'machine_var_audits_shots_standup_6_skill'====== Args={'value': 2, 'prev_value': None, 'change': True}
2025-10-16 16:09:43,521 : EventManager : Event: ======'machine_var_audits_shots_top_middle_inlane_shot'====== Args={'value': 41, 'prev_value': None, 'change': True}
2025-10-16 16:09:43,521 : EventManager : Event: ======'machine_var_audits_switches_s_A'====== Args={'value': 0, 'prev_value': None, 'change': True}
2025-10-16 16:09:43,521 : EventManager : Event: ======'machine_var_audits_switches_s_E'====== Args={'value': 152, 'prev_value': None, 'change': True}
2025-10-16 16:09:43,521 : EventManager : Event: ======'machine_var_audits_switches_s_Eb'====== Args={'value': 0, 'prev_value': None, 'change': True}
2025-10-16 16:09:43,521 : EventManager : Event: ======'machine_var_audits_switches_s_I'====== Args={'value': 147, 'prev_value': None, 'change': True}
2025-10-16 16:09:43,521 : EventManager : Event: ======'machine_var_audits_switches_s_L'====== Args={'value': 0, 'prev_value': None, 'change': True}
2025-10-16 16:09:43,521 : EventManager : Event: ======'machine_var_audits_switches_s_M'====== Args={'value': 147, 'prev_value': None, 'change': True}
2025-10-16 16:09:43,521 : EventManager : Event: ======'machine_var_audits_switches_s_R'====== Args={'value': 0, 'prev_value': None, 'change': True}
2025-10-16 16:09:43,521 : EventManager : Event: ======'machine_var_audits_switches_s_T'====== Args={'value': 151, 'prev_value': None, 'change': True}
2025-10-16 16:09:43,521 : EventManager : Event: ======'machine_var_audits_switches_s_Tb'====== Args={'value': 0, 'prev_value': None, 'change': True}
2025-10-16 16:09:43,521 : EventManager : Event: ======'machine_var_audits_switches_s_V'====== Args={'value': 0, 'prev_value': None, 'change': True}
2025-10-16 16:09:43,521 : EventManager : Event: ======'machine_var_audits_switches_s_bumper1'====== Args={'value': 214, 'prev_value': None, 'change': True}
2025-10-16 16:09:43,521 : EventManager : Event: ======'machine_var_audits_switches_s_bumper2'====== Args={'value': 664, 'prev_value': None, 'change': True}
2025-10-16 16:09:43,522 : EventManager : Event: ======'machine_var_audits_switches_s_bumper_1'====== Args={'value': 0, 'prev_value': None, 'change': True}
2025-10-16 16:09:43,522 : EventManager : Event: ======'machine_var_audits_switches_s_bumper_2'====== Args={'value': 0, 'prev_value': None, 'change': True}
2025-10-16 16:09:43,522 : EventManager : Event: ======'machine_var_audits_switches_s_center_center_target'====== Args={'value': 5, 'prev_value': None, 'change': True}
2025-10-16 16:09:43,522 : EventManager : Event: ======'machine_var_audits_switches_s_center_rollover'====== Args={'value': 317, 'prev_value': None, 'change': True}
2025-10-16 16:09:43,522 : EventManager : Event: ======'machine_var_audits_switches_s_center_scoop'====== Args={'value': 2, 'prev_value': None, 'change': True}
2025-10-16 16:09:43,522 : EventManager : Event: ======'machine_var_audits_switches_s_coin_left'====== Args={'value': 2, 'prev_value': None, 'change': True}
2025-10-16 16:09:43,522 : EventManager : Event: ======'machine_var_audits_switches_s_launcher_lane_spinner'====== Args={'value': 0, 'prev_value': None, 'change': True}
2025-10-16 16:09:43,522 : EventManager : Event: ======'machine_var_audits_switches_s_left_center_target'====== Args={'value': 6, 'prev_value': None, 'change': True}
2025-10-16 16:09:43,522 : EventManager : Event: ======'machine_var_audits_switches_s_left_corridor_spinner'====== Args={'value': 0, 'prev_value': None, 'change': True}
2025-10-16 16:09:43,522 : EventManager : Event: ======'machine_var_audits_switches_s_left_corridor_spinner2'====== Args={'value': 0, 'prev_value': None, 'change': True}
2025-10-16 16:09:43,522 : EventManager : Event: ======'machine_var_audits_switches_s_left_flipper'====== Args={'value': 330, 'prev_value': None, 'change': True}
2025-10-16 16:09:43,522 : EventManager : Event: ======'machine_var_audits_switches_s_left_inlane'====== Args={'value': 8, 'prev_value': None, 'change': True}
2025-10-16 16:09:43,522 : EventManager : Event: ======'machine_var_audits_switches_s_left_outlane'====== Args={'value': 3, 'prev_value': None, 'change': True}
2025-10-16 16:09:43,522 : EventManager : Event: ======'machine_var_audits_switches_s_left_rollover'====== Args={'value': 258, 'prev_value': None, 'change': True}
2025-10-16 16:09:43,522 : EventManager : Event: ======'machine_var_audits_switches_s_left_scoop'====== Args={'value': 228, 'prev_value': None, 'change': True}
2025-10-16 16:09:43,522 : EventManager : Event: ======'machine_var_audits_switches_s_left_standup'====== Args={'value': 0, 'prev_value': None, 'change': True}
2025-10-16 16:09:43,522 : EventManager : Event: ======'machine_var_audits_switches_s_middle_inlane'====== Args={'value': 20, 'prev_value': None, 'change': True}
2025-10-16 16:09:43,522 : EventManager : Event: ======'machine_var_audits_switches_s_plunger'====== Args={'value': 471, 'prev_value': None, 'change': True}
2025-10-16 16:09:43,523 : EventManager : Event: ======'machine_var_audits_switches_s_right_center_target'====== Args={'value': 9, 'prev_value': None, 'change': True}
2025-10-16 16:09:43,523 : EventManager : Event: ======'machine_var_audits_switches_s_right_corridor_spinner'====== Args={'value': 9, 'prev_value': None, 'change': True}
2025-10-16 16:09:43,523 : EventManager : Event: ======'machine_var_audits_switches_s_right_flipper'====== Args={'value': 146, 'prev_value': None, 'change': True}
2025-10-16 16:09:43,523 : EventManager : Event: ======'machine_var_audits_switches_s_right_inlane'====== Args={'value': 223, 'prev_value': None, 'change': True}
2025-10-16 16:09:43,523 : EventManager : Event: ======'machine_var_audits_switches_s_right_outlane'====== Args={'value': 4, 'prev_value': None, 'change': True}
2025-10-16 16:09:43,523 : EventManager : Event: ======'machine_var_audits_switches_s_right_rollover'====== Args={'value': 347, 'prev_value': None, 'change': True}
2025-10-16 16:09:43,523 : EventManager : Event: ======'machine_var_audits_switches_s_right_scoop'====== Args={'value': 64, 'prev_value': None, 'change': True}
2025-10-16 16:09:43,523 : EventManager : Event: ======'machine_var_audits_switches_s_right_standup'====== Args={'value': 131, 'prev_value': None, 'change': True}
2025-10-16 16:09:43,523 : EventManager : Event: ======'machine_var_audits_switches_s_service_coin'====== Args={'value': 0, 'prev_value': None, 'change': True}
2025-10-16 16:09:43,523 : EventManager : Event: ======'machine_var_audits_switches_s_sling_left'====== Args={'value': 3, 'prev_value': None, 'change': True}
2025-10-16 16:09:43,523 : EventManager : Event: ======'machine_var_audits_switches_s_sling_right'====== Args={'value': 8, 'prev_value': None, 'change': True}
2025-10-16 16:09:43,523 : EventManager : Event: ======'machine_var_audits_switches_s_standup_1'====== Args={'value': 117, 'prev_value': None, 'change': True}
2025-10-16 16:09:43,523 : EventManager : Event: ======'machine_var_audits_switches_s_standup_2'====== Args={'value': 75, 'prev_value': None, 'change': True}
2025-10-16 16:09:43,524 : EventManager : Event: ======'machine_var_audits_switches_s_standup_3'====== Args={'value': 73, 'prev_value': None, 'change': True}
2025-10-16 16:09:43,524 : EventManager : Event: ======'machine_var_audits_switches_s_standup_4'====== Args={'value': 55, 'prev_value': None, 'change': True}
2025-10-16 16:09:43,524 : EventManager : Event: ======'machine_var_audits_switches_s_standup_5'====== Args={'value': 53, 'prev_value': None, 'change': True}
2025-10-16 16:09:43,524 : EventManager : Event: ======'machine_var_audits_switches_s_standup_6'====== Args={'value': 43, 'prev_value': None, 'change': True}
2025-10-16 16:09:43,524 : EventManager : Event: ======'machine_var_audits_switches_s_start'====== Args={'value': 25, 'prev_value': None, 'change': True}
2025-10-16 16:09:43,524 : EventManager : Event: ======'machine_var_audits_switches_s_top_left_standup'====== Args={'value': 8, 'prev_value': None, 'change': True}
2025-10-16 16:09:43,524 : EventManager : Event: ======'machine_var_audits_switches_s_top_left_standup2'====== Args={'value': 15, 'prev_value': None, 'change': True}
2025-10-16 16:09:43,524 : EventManager : Event: ======'machine_var_audits_switches_s_top_middle_inlane'====== Args={'value': 41, 'prev_value': None, 'change': True}
2025-10-16 16:09:43,524 : EventManager : Event: ======'machine_var_audits_switches_s_trough1'====== Args={'value': 293, 'prev_value': None, 'change': True}
2025-10-16 16:09:43,524 : EventManager : Event: ======'machine_var_audits_switches_s_trough2'====== Args={'value': 0, 'prev_value': None, 'change': True}
2025-10-16 16:09:43,524 : EventManager : Event: ======'machine_var_audits_switches_s_trough3'====== Args={'value': 0, 'prev_value': None, 'change': True}
2025-10-16 16:09:43,524 : EventManager : Event: ======'machine_var_audits_switches_s_trough4'====== Args={'value': 0, 'prev_value': None, 'change': True}
2025-10-16 16:09:43,524 : EventManager : Event: ======'machine_var_audits_switches_s_trough5'====== Args={'value': 0, 'prev_value': None, 'change': True}
2025-10-16 16:09:43,524 : EventManager : Event: ======'machine_var_audits_switches_s_trough6'====== Args={'value': 0, 'prev_value': None, 'change': True}
2025-10-16 16:09:43,524 : EventManager : Event: ======'machine_var_audits_switches_s_trough_jam'====== Args={'value': 0, 'prev_value': None, 'change': True}
2025-10-16 16:09:43,594 : EventManager : Event: ======'slides_play'====== Args={'settings': {'window_slide_1': {'target': 'window', 'background_color': [0.0, 0.0, 0.0, 1.0], 'priority': None, 'show': True, 'force': False, 'expire': None, 'slide': None, 'tokens': {}, 'action': 'play'}}, 'context': '_global', 'calling_context': 'init_done', 'priority': 0}
2025-10-16 16:09:43,594 : mpfmc : SlidePlayer: Play called with settings={'window_slide_1': {'target': 'window', 'background_color': [0.0, 0.0, 0.0, 1.0], 'priority': None, 'show': True, 'force': False, 'expire': None, 'slide': None, 'tokens': {}, 'action': 'play'}}
2025-10-16 16:09:43,594 : EventManager : Event: ======'slide_window_slide_1_removed'====== Args={}
2025-10-16 16:09:43,623 : EventManager : Event: ======'slide_window_slide_1_created'====== Args={}
2025-10-16 16:09:43,623 : EventManager : Event: ======'slide_window_slide_1_active'====== Args={}
2025-10-16 16:09:43,636 : EventManager : Event: ======'mc_reset_phase_1'====== Args={}
2025-10-16 16:09:43,636 : EventManager : Event: ======'mc_reset_phase_2'====== Args={}
2025-10-16 16:09:43,637 : EventManager : Event: ======'mc_reset_phase_3'====== Args={}
2025-10-16 16:09:43,637 : EventManager : Event: ======'mc_reset_complete'====== Args={}
2025-10-16 16:09:43,661 : EventManager : Event: ======'slides_play'====== Args={'settings': {'awesome_slide': {'widgets': [{'type': 'text', 'text': 'TIME TRAVEL 1985', 'font_size': 13, '_default_settings': ['type', 'text', 'font_size'], 'x': None, 'y': None, 'anchor_x': 'center', 'anchor_y': 'center', 'round_anchor_x': None, 'round_anchor_y': None, 'opacity': 1.0, 'z': 0, 'reset_animations_events': {}, 'color': [1.0, 1.0, 1.0, 1.0], 'style': [], 'adjust_top': 0, 'adjust_bottom': 0, 'adjust_left': 0, 'adjust_right': 0, 'expire': None, 'key': None, 'widget': None, 'events_when_added': [], 'events_when_removed': [], 'bitmap_font': False, 'font_kerning': True, 'bold': False, 'italic': False, 'number_grouping': False, 'min_digits': 0, 'halign': 'center', 'valign': 'middle', 'rotation': 0, 'scale': 1.0, 'casing': None, 'outline_color': [1.0, 1.0, 1.0, 1.0], 'outline_width': 0, 'animations': None}], 'transition': {'type': 'push', 'duration': 1.0, 'direction': 'left', 'easing': 'out_quad'}, 'target': None, 'background_color': [0.0, 0.0, 0.0, 1.0], 'priority': None, 'show': True, 'force': False, 'expire': None, 'slide': None, 'tokens': {}, 'action': 'play'}}, 'context': 'show_2', 'calling_context': 0, 'priority': 10, 'show_tokens': {}, 'start_time': 54272.312}
2025-10-16 16:09:43,661 : EventManager : Event: ======'sounds_play'====== Args={'settings': {'music': {'action': 'play', 'loops': -1, 'priority': None, 'block': False, 'delay': None, 'track': None, 'volume': None, 'ducking': {}, 'pan': None, 'start_at': None, 'fade_in': None, 'fade_out': None, 'about_to_finish_time': -1.0, 'max_queue_time': -1.0, 'events_when_played': ['use_sound_setting'], 'events_when_stopped': ['use_sound_setting'], 'events_when_looping': ['use_sound_setting'], 'events_when_about_to_finish': ['use_sound_setting'], 'mode_end_action': 'use_sound_setting', 'key': 'use_sound_setting'}}, 'context': '_global', 'calling_context': 'mode_attract_started', 'priority': 0}
2025-10-16 16:09:43,661 : EventManager : Event: ======'machine_var_price_per_game_raw_0'====== Args={'value': 0.5, 'prev_value': None, 'change': True}
2025-10-16 16:09:43,661 : EventManager : Event: ======'machine_var_price_per_game_string_0'====== Args={'value': '1 CREDITS $0.5', 'prev_value': None, 'change': True}
2025-10-16 16:09:43,661 : EventManager : Event: ======'machine_var_price_per_game_raw_1'====== Args={'value': 2.0, 'prev_value': None, 'change': True}
2025-10-16 16:09:43,661 : EventManager : Event: ======'machine_var_price_per_game_string_1'====== Args={'value': '5 CREDITS $2.0', 'prev_value': None, 'change': True}
2025-10-16 16:09:43,661 : EventManager : Event: ======'machine_var_credits_string'====== Args={'value': ' ', 'prev_value': 'FREE PLAY', 'change': True}
2025-10-16 16:09:43,661 : EventManager : Event: ======'machine_var_credits_value'====== Args={'value': '0', 'prev_value': None, 'change': True}
2025-10-16 16:09:43,661 : EventManager : Event: ======'machine_var_credits_whole_num'====== Args={'value': 0, 'prev_value': None, 'change': True}
2025-10-16 16:09:43,662 : EventManager : Event: ======'machine_var_credits_numerator'====== Args={'value': 0, 'prev_value': None, 'change': True}
2025-10-16 16:09:43,662 : EventManager : Event: ======'machine_var_credits_denominator'====== Args={'value': 0, 'prev_value': None, 'change': True}
2025-10-16 16:09:43,662 : EventManager : Event: ======'machine_var_credits_string'====== Args={'value': 'CREDITS 0', 'prev_value': ' ', 'change': True}
2025-10-16 16:09:43,662 : EventManager : Event: ======'machine_var_credits_denominator'====== Args={'value': 2, 'prev_value': 0, 'change': 2}
2025-10-16 16:09:43,662 : mpfmc : SlidePlayer: Play called with settings={'awesome_slide': {'widgets': [{'type': 'text', 'text': 'TIME TRAVEL 1985', 'font_size': 13, '_default_settings': ['type', 'text', 'font_size'], 'x': None, 'y': None, 'anchor_x': 'center', 'anchor_y': 'center', 'round_anchor_x': None, 'round_anchor_y': None, 'opacity': 1.0, 'z': 0, 'reset_animations_events': {}, 'color': [1.0, 1.0, 1.0, 1.0], 'style': [], 'adjust_top': 0, 'adjust_bottom': 0, 'adjust_left': 0, 'adjust_right': 0, 'expire': None, 'key': None, 'widget': None, 'events_when_added': [], 'events_when_removed': [], 'bitmap_font': False, 'font_kerning': True, 'bold': False, 'italic': False, 'number_grouping': False, 'min_digits': 0, 'halign': 'center', 'valign': 'middle', 'rotation': 0, 'scale': 1.0, 'casing': None, 'outline_color': [1.0, 1.0, 1.0, 1.0], 'outline_width': 0, 'animations': None}], 'transition': {'type': 'push', 'duration': 1.0, 'direction': 'left', 'easing': 'out_quad'}, 'target': None, 'background_color': [0.0, 0.0, 0.0, 1.0], 'priority': None, 'show': True, 'force': False, 'expire': None, 'slide': None, 'tokens': {}, 'action': 'play'}}
2025-10-16 16:09:43,665 : EventManager : Event: ======'slide_awesome_slide_created'====== Args={}
2025-10-16 16:09:43,666 : EventManager : Event: ======'slide_awesome_slide_active'====== Args={}
2025-10-16 16:09:43,676 : EventManager : Event: ======'loading_assets'====== Args={'total': 1, 'loaded': 1, 'remaining': 0, 'percent': 100}
2025-10-16 16:09:43,676 : AssetManager : Asset loading took: 1.7750086784362793
2025-10-16 16:09:43,676 : EventManager : Event: ======'asset_loading_complete'====== Args={}
2025-10-16 16:09:43,676 : AssetManager : Loading assets: 1/1 (100%)
2025-10-16 16:09:46,997 : EventManager : Event: ======'slides_play'====== Args={'settings': {'press_start': {'widgets': [{'type': 'Text', 'text': 'PRESS START', 'font_size': 10, 'animations': {'pre_show_slide': [{'property': ['opacity'], 'value': ['0'], 'duration': 0.5, 'relative': False, 'timing': 'after_previous', 'repeat': False, 'easing': 'linear', 'step': 0.0}, {'property': ['opacity'], 'value': ['1'], 'duration': 0.5, 'repeat': False, 'relative': False, 'timing': 'after_previous', 'easing': 'linear', 'step': 0.0}]}, '_default_settings': ['type', 'text', 'font_size', 'animations'], 'x': None, 'y': None, 'anchor_x': 'center', 'anchor_y': 'center', 'round_anchor_x': None, 'round_anchor_y': None, 'opacity': 1.0, 'z': 0, 'reset_animations_events': {}, 'color': [1.0, 1.0, 1.0, 1.0], 'style': [], 'adjust_top': 0, 'adjust_bottom': 0, 'adjust_left': 0, 'adjust_right': 0, 'expire': None, 'key': None, 'widget': None, 'events_when_added': [], 'events_when_removed': [], 'bitmap_font': False, 'font_kerning': True, 'bold': False, 'italic': False, 'number_grouping': False, 'min_digits': 0, 'halign': 'center', 'valign': 'middle', 'rotation': 0, 'scale': 1.0, 'casing': None, 'outline_color': [1.0, 1.0, 1.0, 1.0], 'outline_width': 0}, {'type': 'Text', 'text': '(machine|credits_string)', 'font_size': 10, 'color': [0.0, 0.5019607843137255, 0.0, 1], 'y': '10', 'anchor_y': 'bottom', '_default_settings': ['type', 'text', 'font_size', 'color', 'y', 'anchor_y'], 'x': None, 'anchor_x': 'center', 'round_anchor_x': None, 'round_anchor_y': None, 'opacity': 1.0, 'z': 0, 'reset_animations_events': {}, 'style': [], 'adjust_top': 0, 'adjust_bottom': 0, 'adjust_left': 0, 'adjust_right': 0, 'expire': None, 'key': None, 'widget': None, 'events_when_added': [], 'events_when_removed': [], 'bitmap_font': False, 'font_kerning': True, 'bold': False, 'italic': False, 'number_grouping': False, 'min_digits': 0, 'halign': 'center', 'valign': 'middle', 'rotation': 0, 'scale': 1.0, 'casing': None, 'outline_color': [1.0, 1.0, 1.0, 1.0], 'outline_width': 0, 'animations': None}], 'transition': {'type': 'move_in', 'duration': 1.0, 'direction': 'right', 'easing': 'out_quad'}, 'target': None, 'background_color': [0.0, 0.0, 0.0, 1.0], 'priority': None, 'show': True, 'force': False, 'expire': None, 'slide': None, 'tokens': {}, 'action': 'play'}}, 'context': 'show_2', 'calling_context': 1, 'priority': 10, 'show_tokens': {}, 'start_time': 54275.312}
2025-10-16 16:09:46,997 : mpfmc : SlidePlayer: Play called with settings={'press_start': {'widgets': [{'type': 'Text', 'text': 'PRESS START', 'font_size': 10, 'animations': {'pre_show_slide': [{'property': ['opacity'], 'value': ['0'], 'duration': 0.5, 'relative': False, 'timing': 'after_previous', 'repeat': False, 'easing': 'linear', 'step': 0.0}, {'property': ['opacity'], 'value': ['1'], 'duration': 0.5, 'repeat': False, 'relative': False, 'timing': 'after_previous', 'easing': 'linear', 'step': 0.0}]}, '_default_settings': ['type', 'text', 'font_size', 'animations'], 'x': None, 'y': None, 'anchor_x': 'center', 'anchor_y': 'center', 'round_anchor_x': None, 'round_anchor_y': None, 'opacity': 1.0, 'z': 0, 'reset_animations_events': {}, 'color': [1.0, 1.0, 1.0, 1.0], 'style': [], 'adjust_top': 0, 'adjust_bottom': 0, 'adjust_left': 0, 'adjust_right': 0, 'expire': None, 'key': None, 'widget': None, 'events_when_added': [], 'events_when_removed': [], 'bitmap_font': False, 'font_kerning': True, 'bold': False, 'italic': False, 'number_grouping': False, 'min_digits': 0, 'halign': 'center', 'valign': 'middle', 'rotation': 0, 'scale': 1.0, 'casing': None, 'outline_color': [1.0, 1.0, 1.0, 1.0], 'outline_width': 0}, {'type': 'Text', 'text': '(machine|credits_string)', 'font_size': 10, 'color': [0.0, 0.5019607843137255, 0.0, 1], 'y': '10', 'anchor_y': 'bottom', '_default_settings': ['type', 'text', 'font_size', 'color', 'y', 'anchor_y'], 'x': None, 'anchor_x': 'center', 'round_anchor_x': None, 'round_anchor_y': None, 'opacity': 1.0, 'z': 0, 'reset_animations_events': {}, 'style': [], 'adjust_top': 0, 'adjust_bottom': 0, 'adjust_left': 0, 'adjust_right': 0, 'expire': None, 'key': None, 'widget': None, 'events_when_added': [], 'events_when_removed': [], 'bitmap_font': False, 'font_kerning': True, 'bold': False, 'italic': False, 'number_grouping': False, 'min_digits': 0, 'halign': 'center', 'valign': 'middle', 'rotation': 0, 'scale': 1.0, 'casing': None, 'outline_color': [1.0, 1.0, 1.0, 1.0], 'outline_width': 0, 'animations': None}], 'transition': {'type': 'move_in', 'duration': 1.0, 'direction': 'right', 'easing': 'out_quad'}, 'target': None, 'background_color': [0.0, 0.0, 0.0, 1.0], 'priority': None, 'show': True, 'force': False, 'expire': None, 'slide': None, 'tokens': {}, 'action': 'play'}}
2025-10-16 16:09:47,001 : EventManager : Event: ======'slide_press_start_created'====== Args={}
2025-10-16 16:09:47,002 : EventManager : Unordered handler for class <Text Widget text=CREDITS 0> on event machine_var_credits_string with priority 1. Handlers: [RegisteredHandler(callback=<bound method Text._machine_var_change of <Text Widget text=CREDITS 0>>, priority=1, kwargs={}, key=UUID('c1ff9e7c-9a24-496d-b7ca-558835da0e22'), condition=None, blocking_facility=None), RegisteredHandler(callback=<bound method Text._machine_var_change of <Text Widget text=CREDITS 0>>, priority=1, kwargs={}, key=UUID('d0ab773f-f306-4f3a-884d-267514e3ddb2'), condition=None, blocking_facility=None)]. The order of those handlers is not defined and they will be executed in random order. This might lead to race conditions and potential bugs.
2025-10-16 16:09:47,003 : EventManager : Event: ======'slide_press_start_active'====== Args={}
2025-10-16 16:09:49,661 : EventManager : Event: ======'slides_play'====== Args={'settings': {'mission_pinball': {'widgets': [{'type': 'Text', 'text': 'MISSION PINBALL | RICHARD ZUPPA', 'font_size': 10, 'color': [1.0, 0.0, 0.0, 1], '_default_settings': ['type', 'text', 'font_size', 'color'], 'x': None, 'y': None, 'anchor_x': 'center', 'anchor_y': 'center', 'round_anchor_x': None, 'round_anchor_y': None, 'opacity': 1.0, 'z': 0, 'reset_animations_events': {}, 'style': [], 'adjust_top': 0, 'adjust_bottom': 0, 'adjust_left': 0, 'adjust_right': 0, 'expire': None, 'key': None, 'widget': None, 'events_when_added': [], 'events_when_removed': [], 'bitmap_font': False, 'font_kerning': True, 'bold': False, 'italic': False, 'number_grouping': False, 'min_digits': 0, 'halign': 'center', 'valign': 'middle', 'rotation': 0, 'scale': 1.0, 'casing': None, 'outline_color': [1.0, 1.0, 1.0, 1.0], 'outline_width': 0, 'animations': None}], 'transition': {'type': 'move_in', 'duration': 1.0, 'direction': 'top', 'easing': 'out_quad'}, 'target': None, 'background_color': [0.0, 0.0, 0.0, 1.0], 'priority': None, 'show': True, 'force': False, 'expire': None, 'slide': None, 'tokens': {}, 'action': 'play'}}, 'context': 'show_2', 'calling_context': 2, 'priority': 10, 'show_tokens': {}, 'start_time': 54278.312}
2025-10-16 16:09:49,661 : mpfmc : SlidePlayer: Play called with settings={'mission_pinball': {'widgets': [{'type': 'Text', 'text': 'MISSION PINBALL | RICHARD ZUPPA', 'font_size': 10, 'color': [1.0, 0.0, 0.0, 1], '_default_settings': ['type', 'text', 'font_size', 'color'], 'x': None, 'y': None, 'anchor_x': 'center', 'anchor_y': 'center', 'round_anchor_x': None, 'round_anchor_y': None, 'opacity': 1.0, 'z': 0, 'reset_animations_events': {}, 'style': [], 'adjust_top': 0, 'adjust_bottom': 0, 'adjust_left': 0, 'adjust_right': 0, 'expire': None, 'key': None, 'widget': None, 'events_when_added': [], 'events_when_removed': [], 'bitmap_font': False, 'font_kerning': True, 'bold': False, 'italic': False, 'number_grouping': False, 'min_digits': 0, 'halign': 'center', 'valign': 'middle', 'rotation': 0, 'scale': 1.0, 'casing': None, 'outline_color': [1.0, 1.0, 1.0, 1.0], 'outline_width': 0, 'animations': None}], 'transition': {'type': 'move_in', 'duration': 1.0, 'direction': 'top', 'easing': 'out_quad'}, 'target': None, 'background_color': [0.0, 0.0, 0.0, 1.0], 'priority': None, 'show': True, 'force': False, 'expire': None, 'slide': None, 'tokens': {}, 'action': 'play'}}
2025-10-16 16:09:49,665 : EventManager : Event: ======'slide_mission_pinball_created'====== Args={}
2025-10-16 16:09:49,676 : EventManager : Event: ======'slide_mission_pinball_active'====== Args={}
2025-10-16 16:09:52,661 : EventManager : Event: ======'slides_play'====== Args={'settings': {'last_game_score_slide': {'widgets': [{'type': 'text', 'text': 'LAST GAME', 'font_size': 10, 'y': '60%', '_default_settings': ['type', 'text', 'font_size', 'y'], 'x': None, 'anchor_x': 'center', 'anchor_y': 'center', 'round_anchor_x': None, 'round_anchor_y': None, 'opacity': 1.0, 'z': 0, 'reset_animations_events': {}, 'color': [1.0, 1.0, 1.0, 1.0], 'style': [], 'adjust_top': 0, 'adjust_bottom': 0, 'adjust_left': 0, 'adjust_right': 0, 'expire': None, 'key': None, 'widget': None, 'events_when_added': [], 'events_when_removed': [], 'bitmap_font': False, 'font_kerning': True, 'bold': False, 'italic': False, 'number_grouping': False, 'min_digits': 0, 'halign': 'center', 'valign': 'middle', 'rotation': 0, 'scale': 1.0, 'casing': None, 'outline_color': [1.0, 1.0, 1.0, 1.0], 'outline_width': 0, 'animations': None}, {'type': 'text', 'text': '(machine|player1_score)', 'font_size': 10, 'number_grouping': True, 'min_digits': 2, 'y': '40%', '_default_settings': ['type', 'text', 'font_size', 'number_grouping', 'min_digits', 'y'], 'x': None, 'anchor_x': 'center', 'anchor_y': 'center', 'round_anchor_x': None, 'round_anchor_y': None, 'opacity': 1.0, 'z': 0, 'reset_animations_events': {}, 'color': [1.0, 1.0, 1.0, 1.0], 'style': [], 'adjust_top': 0, 'adjust_bottom': 0, 'adjust_left': 0, 'adjust_right': 0, 'expire': None, 'key': None, 'widget': None, 'events_when_added': [], 'events_when_removed': [], 'bitmap_font': False, 'font_kerning': True, 'bold': False, 'italic': False, 'halign': 'center', 'valign': 'middle', 'rotation': 0, 'scale': 1.0, 'casing': None, 'outline_color': [1.0, 1.0, 1.0, 1.0], 'outline_width': 0, 'animations': None}], 'target': None, 'background_color': [0.0, 0.0, 0.0, 1.0], 'priority': None, 'show': True, 'force': False, 'expire': None, 'slide': None, 'tokens': {}, 'action': 'play'}}, 'context': 'show_2', 'calling_context': 3, 'priority': 10, 'show_tokens': {}, 'start_time': 54281.312}
2025-10-16 16:09:52,661 : mpfmc : SlidePlayer: Play called with settings={'last_game_score_slide': {'widgets': [{'type': 'text', 'text': 'LAST GAME', 'font_size': 10, 'y': '60%', '_default_settings': ['type', 'text', 'font_size', 'y'], 'x': None, 'anchor_x': 'center', 'anchor_y': 'center', 'round_anchor_x': None, 'round_anchor_y': None, 'opacity': 1.0, 'z': 0, 'reset_animations_events': {}, 'color': [1.0, 1.0, 1.0, 1.0], 'style': [], 'adjust_top': 0, 'adjust_bottom': 0, 'adjust_left': 0, 'adjust_right': 0, 'expire': None, 'key': None, 'widget': None, 'events_when_added': [], 'events_when_removed': [], 'bitmap_font': False, 'font_kerning': True, 'bold': False, 'italic': False, 'number_grouping': False, 'min_digits': 0, 'halign': 'center', 'valign': 'middle', 'rotation': 0, 'scale': 1.0, 'casing': None, 'outline_color': [1.0, 1.0, 1.0, 1.0], 'outline_width': 0, 'animations': None}, {'type': 'text', 'text': '(machine|player1_score)', 'font_size': 10, 'number_grouping': True, 'min_digits': 2, 'y': '40%', '_default_settings': ['type', 'text', 'font_size', 'number_grouping', 'min_digits', 'y'], 'x': None, 'anchor_x': 'center', 'anchor_y': 'center', 'round_anchor_x': None, 'round_anchor_y': None, 'opacity': 1.0, 'z': 0, 'reset_animations_events': {}, 'color': [1.0, 1.0, 1.0, 1.0], 'style': [], 'adjust_top': 0, 'adjust_bottom': 0, 'adjust_left': 0, 'adjust_right': 0, 'expire': None, 'key': None, 'widget': None, 'events_when_added': [], 'events_when_removed': [], 'bitmap_font': False, 'font_kerning': True, 'bold': False, 'italic': False, 'halign': 'center', 'valign': 'middle', 'rotation': 0, 'scale': 1.0, 'casing': None, 'outline_color': [1.0, 1.0, 1.0, 1.0], 'outline_width': 0, 'animations': None}], 'target': None, 'background_color': [0.0, 0.0, 0.0, 1.0], 'priority': None, 'show': True, 'force': False, 'expire': None, 'slide': None, 'tokens': {}, 'action': 'play'}}
2025-10-16 16:09:52,664 : EventManager : Event: ======'slide_last_game_score_slide_created'====== Args={}
2025-10-16 16:09:52,664 : EventManager : Unordered handler for class <Text Widget text=00> on event machine_var_player1_score with priority 1. Handlers: [RegisteredHandler(callback=<bound method Text._machine_var_change of <Text Widget text=00>>, priority=1, kwargs={}, key=UUID('42194ab0-324a-4f1e-a72c-4d53cc4ce22e'), condition=None, blocking_facility=None), RegisteredHandler(callback=<bound method Text._machine_var_change of <Text Widget text=00>>, priority=1, kwargs={}, key=UUID('1d37195b-cc43-48b0-87c5-3148bc652e69'), condition=None, blocking_facility=None)]. The order of those handlers is not defined and they will be executed in random order. This might lead to race conditions and potential bugs.
2025-10-16 16:09:52,677 : EventManager : Event: ======'slide_last_game_score_slide_active'====== Args={}
2025-10-16 16:09:55,661 : EventManager : Event: ======'slides_play'====== Args={'settings': {'awesome_slide': {'widgets': [{'type': 'text', 'text': 'TIME TRAVEL 1985', 'font_size': 13, '_default_settings': ['type', 'text', 'font_size'], 'x': None, 'y': None, 'anchor_x': 'center', 'anchor_y': 'center', 'round_anchor_x': None, 'round_anchor_y': None, 'opacity': 1.0, 'z': 0, 'reset_animations_events': {}, 'color': [1.0, 1.0, 1.0, 1.0], 'style': [], 'adjust_top': 0, 'adjust_bottom': 0, 'adjust_left': 0, 'adjust_right': 0, 'expire': None, 'key': None, 'widget': None, 'events_when_added': [], 'events_when_removed': [], 'bitmap_font': False, 'font_kerning': True, 'bold': False, 'italic': False, 'number_grouping': False, 'min_digits': 0, 'halign': 'center', 'valign': 'middle', 'rotation': 0, 'scale': 1.0, 'casing': None, 'outline_color': [1.0, 1.0, 1.0, 1.0], 'outline_width': 0, 'animations': None}], 'transition': {'type': 'push', 'duration': 1.0, 'direction': 'left', 'easing': 'out_quad'}, 'target': None, 'background_color': [0.0, 0.0, 0.0, 1.0], 'priority': None, 'show': True, 'force': False, 'expire': None, 'slide': None, 'tokens': {}, 'action': 'play'}}, 'context': 'show_2', 'calling_context': 0, 'priority': 10, 'show_tokens': {}, 'start_time': 54284.312}
2025-10-16 16:09:55,661 : mpfmc : SlidePlayer: Play called with settings={'awesome_slide': {'widgets': [{'type': 'text', 'text': 'TIME TRAVEL 1985', 'font_size': 13, '_default_settings': ['type', 'text', 'font_size'], 'x': None, 'y': None, 'anchor_x': 'center', 'anchor_y': 'center', 'round_anchor_x': None, 'round_anchor_y': None, 'opacity': 1.0, 'z': 0, 'reset_animations_events': {}, 'color': [1.0, 1.0, 1.0, 1.0], 'style': [], 'adjust_top': 0, 'adjust_bottom': 0, 'adjust_left': 0, 'adjust_right': 0, 'expire': None, 'key': None, 'widget': None, 'events_when_added': [], 'events_when_removed': [], 'bitmap_font': False, 'font_kerning': True, 'bold': False, 'italic': False, 'number_grouping': False, 'min_digits': 0, 'halign': 'center', 'valign': 'middle', 'rotation': 0, 'scale': 1.0, 'casing': None, 'outline_color': [1.0, 1.0, 1.0, 1.0], 'outline_width': 0, 'animations': None}], 'transition': {'type': 'push', 'duration': 1.0, 'direction': 'left', 'easing': 'out_quad'}, 'target': None, 'background_color': [0.0, 0.0, 0.0, 1.0], 'priority': None, 'show': True, 'force': False, 'expire': None, 'slide': None, 'tokens': {}, 'action': 'play'}}
2025-10-16 16:09:55,661 : EventManager : Event: ======'slide_awesome_slide_removed'====== Args={}
2025-10-16 16:09:55,663 : EventManager : Event: ======'slide_awesome_slide_created'====== Args={}
2025-10-16 16:09:55,676 : EventManager : Event: ======'slide_awesome_slide_active'====== Args={}
2025-10-16 16:09:58,678 : EventManager : Event: ======'slides_play'====== Args={'settings': {'press_start': {'widgets': [{'type': 'Text', 'text': 'PRESS START', 'font_size': 10, 'animations': {'pre_show_slide': [{'property': ['opacity'], 'value': ['0'], 'duration': 0.5, 'relative': False, 'timing': 'after_previous', 'repeat': False, 'easing': 'linear', 'step': 0.0}, {'property': ['opacity'], 'value': ['1'], 'duration': 0.5, 'repeat': False, 'relative': False, 'timing': 'after_previous', 'easing': 'linear', 'step': 0.0}]}, '_default_settings': ['type', 'text', 'font_size', 'animations'], 'x': None, 'y': None, 'anchor_x': 'center', 'anchor_y': 'center', 'round_anchor_x': None, 'round_anchor_y': None, 'opacity': 1.0, 'z': 0, 'reset_animations_events': {}, 'color': [1.0, 1.0, 1.0, 1.0], 'style': [], 'adjust_top': 0, 'adjust_bottom': 0, 'adjust_left': 0, 'adjust_right': 0, 'expire': None, 'key': None, 'widget': None, 'events_when_added': [], 'events_when_removed': [], 'bitmap_font': False, 'font_kerning': True, 'bold': False, 'italic': False, 'number_grouping': False, 'min_digits': 0, 'halign': 'center', 'valign': 'middle', 'rotation': 0, 'scale': 1.0, 'casing': None, 'outline_color': [1.0, 1.0, 1.0, 1.0], 'outline_width': 0}, {'type': 'Text', 'text': '(machine|credits_string)', 'font_size': 10, 'color': [0.0, 0.5019607843137255, 0.0, 1], 'y': '10', 'anchor_y': 'bottom', '_default_settings': ['type', 'text', 'font_size', 'color', 'y', 'anchor_y'], 'x': None, 'anchor_x': 'center', 'round_anchor_x': None, 'round_anchor_y': None, 'opacity': 1.0, 'z': 0, 'reset_animations_events': {}, 'style': [], 'adjust_top': 0, 'adjust_bottom': 0, 'adjust_left': 0, 'adjust_right': 0, 'expire': None, 'key': None, 'widget': None, 'events_when_added': [], 'events_when_removed': [], 'bitmap_font': False, 'font_kerning': True, 'bold': False, 'italic': False, 'number_grouping': False, 'min_digits': 0, 'halign': 'center', 'valign': 'middle', 'rotation': 0, 'scale': 1.0, 'casing': None, 'outline_color': [1.0, 1.0, 1.0, 1.0], 'outline_width': 0, 'animations': None}], 'transition': {'type': 'move_in', 'duration': 1.0, 'direction': 'right', 'easing': 'out_quad'}, 'target': None, 'background_color': [0.0, 0.0, 0.0, 1.0], 'priority': None, 'show': True, 'force': False, 'expire': None, 'slide': None, 'tokens': {}, 'action': 'play'}}, 'context': 'show_2', 'calling_context': 1, 'priority': 10, 'show_tokens': {}, 'start_time': 54287.312}
2025-10-16 16:09:58,678 : mpfmc : SlidePlayer: Play called with settings={'press_start': {'widgets': [{'type': 'Text', 'text': 'PRESS START', 'font_size': 10, 'animations': {'pre_show_slide': [{'property': ['opacity'], 'value': ['0'], 'duration': 0.5, 'relative': False, 'timing': 'after_previous', 'repeat': False, 'easing': 'linear', 'step': 0.0}, {'property': ['opacity'], 'value': ['1'], 'duration': 0.5, 'repeat': False, 'relative': False, 'timing': 'after_previous', 'easing': 'linear', 'step': 0.0}]}, '_default_settings': ['type', 'text', 'font_size', 'animations'], 'x': None, 'y': None, 'anchor_x': 'center', 'anchor_y': 'center', 'round_anchor_x': None, 'round_anchor_y': None, 'opacity': 1.0, 'z': 0, 'reset_animations_events': {}, 'color': [1.0, 1.0, 1.0, 1.0], 'style': [], 'adjust_top': 0, 'adjust_bottom': 0, 'adjust_left': 0, 'adjust_right': 0, 'expire': None, 'key': None, 'widget': None, 'events_when_added': [], 'events_when_removed': [], 'bitmap_font': False, 'font_kerning': True, 'bold': False, 'italic': False, 'number_grouping': False, 'min_digits': 0, 'halign': 'center', 'valign': 'middle', 'rotation': 0, 'scale': 1.0, 'casing': None, 'outline_color': [1.0, 1.0, 1.0, 1.0], 'outline_width': 0}, {'type': 'Text', 'text': '(machine|credits_string)', 'font_size': 10, 'color': [0.0, 0.5019607843137255, 0.0, 1], 'y': '10', 'anchor_y': 'bottom', '_default_settings': ['type', 'text', 'font_size', 'color', 'y', 'anchor_y'], 'x': None, 'anchor_x': 'center', 'round_anchor_x': None, 'round_anchor_y': None, 'opacity': 1.0, 'z': 0, 'reset_animations_events': {}, 'style': [], 'adjust_top': 0, 'adjust_bottom': 0, 'adjust_left': 0, 'adjust_right': 0, 'expire': None, 'key': None, 'widget': None, 'events_when_added': [], 'events_when_removed': [], 'bitmap_font': False, 'font_kerning': True, 'bold': False, 'italic': False, 'number_grouping': False, 'min_digits': 0, 'halign': 'center', 'valign': 'middle', 'rotation': 0, 'scale': 1.0, 'casing': None, 'outline_color': [1.0, 1.0, 1.0, 1.0], 'outline_width': 0, 'animations': None}], 'transition': {'type': 'move_in', 'duration': 1.0, 'direction': 'right', 'easing': 'out_quad'}, 'target': None, 'background_color': [0.0, 0.0, 0.0, 1.0], 'priority': None, 'show': True, 'force': False, 'expire': None, 'slide': None, 'tokens': {}, 'action': 'play'}}
2025-10-16 16:09:58,678 : EventManager : Event: ======'slide_press_start_removed'====== Args={}
2025-10-16 16:09:58,681 : EventManager : Event: ======'slide_press_start_created'====== Args={}
2025-10-16 16:09:58,682 : EventManager : Unordered handler for class <Text Widget text=CREDITS 0> on event machine_var_credits_string with priority 1. Handlers: [RegisteredHandler(callback=<bound method Text._machine_var_change of <Text Widget text=CREDITS 0>>, priority=1, kwargs={}, key=UUID('e2ac6e55-2fc5-4146-adf4-aba367d32f27'), condition=None, blocking_facility=None), RegisteredHandler(callback=<bound method Text._machine_var_change of <Text Widget text=CREDITS 0>>, priority=1, kwargs={}, key=UUID('7706d5ed-3e54-47fc-82cd-1240141819ba'), condition=None, blocking_facility=None)]. The order of those handlers is not defined and they will be executed in random order. This might lead to race conditions and potential bugs.
2025-10-16 16:09:58,694 : EventManager : Event: ======'slide_press_start_active'====== Args={}
2025-10-16 16:10:01,661 : EventManager : Event: ======'slides_play'====== Args={'settings': {'mission_pinball': {'widgets': [{'type': 'Text', 'text': 'MISSION PINBALL | RICHARD ZUPPA', 'font_size': 10, 'color': [1.0, 0.0, 0.0, 1], '_default_settings': ['type', 'text', 'font_size', 'color'], 'x': None, 'y': None, 'anchor_x': 'center', 'anchor_y': 'center', 'round_anchor_x': None, 'round_anchor_y': None, 'opacity': 1.0, 'z': 0, 'reset_animations_events': {}, 'style': [], 'adjust_top': 0, 'adjust_bottom': 0, 'adjust_left': 0, 'adjust_right': 0, 'expire': None, 'key': None, 'widget': None, 'events_when_added': [], 'events_when_removed': [], 'bitmap_font': False, 'font_kerning': True, 'bold': False, 'italic': False, 'number_grouping': False, 'min_digits': 0, 'halign': 'center', 'valign': 'middle', 'rotation': 0, 'scale': 1.0, 'casing': None, 'outline_color': [1.0, 1.0, 1.0, 1.0], 'outline_width': 0, 'animations': None}], 'transition': {'type': 'move_in', 'duration': 1.0, 'direction': 'top', 'easing': 'out_quad'}, 'target': None, 'background_color': [0.0, 0.0, 0.0, 1.0], 'priority': None, 'show': True, 'force': False, 'expire': None, 'slide': None, 'tokens': {}, 'action': 'play'}}, 'context': 'show_2', 'calling_context': 2, 'priority': 10, 'show_tokens': {}, 'start_time': 54290.312}
2025-10-16 16:10:01,661 : mpfmc : SlidePlayer: Play called with settings={'mission_pinball': {'widgets': [{'type': 'Text', 'text': 'MISSION PINBALL | RICHARD ZUPPA', 'font_size': 10, 'color': [1.0, 0.0, 0.0, 1], '_default_settings': ['type', 'text', 'font_size', 'color'], 'x': None, 'y': None, 'anchor_x': 'center', 'anchor_y': 'center', 'round_anchor_x': None, 'round_anchor_y': None, 'opacity': 1.0, 'z': 0, 'reset_animations_events': {}, 'style': [], 'adjust_top': 0, 'adjust_bottom': 0, 'adjust_left': 0, 'adjust_right': 0, 'expire': None, 'key': None, 'widget': None, 'events_when_added': [], 'events_when_removed': [], 'bitmap_font': False, 'font_kerning': True, 'bold': False, 'italic': False, 'number_grouping': False, 'min_digits': 0, 'halign': 'center', 'valign': 'middle', 'rotation': 0, 'scale': 1.0, 'casing': None, 'outline_color': [1.0, 1.0, 1.0, 1.0], 'outline_width': 0, 'animations': None}], 'transition': {'type': 'move_in', 'duration': 1.0, 'direction': 'top', 'easing': 'out_quad'}, 'target': None, 'background_color': [0.0, 0.0, 0.0, 1.0], 'priority': None, 'show': True, 'force': False, 'expire': None, 'slide': None, 'tokens': {}, 'action': 'play'}}
2025-10-16 16:10:01,661 : EventManager : Event: ======'slide_mission_pinball_removed'====== Args={}
2025-10-16 16:10:01,663 : EventManager : Event: ======'slide_mission_pinball_created'====== Args={}
2025-10-16 16:10:01,677 : EventManager : Event: ======'slide_mission_pinball_active'====== Args={}
2025-10-16 16:10:04,661 : EventManager : Event: ======'slides_play'====== Args={'settings': {'last_game_score_slide': {'widgets': [{'type': 'text', 'text': 'LAST GAME', 'font_size': 10, 'y': '60%', '_default_settings': ['type', 'text', 'font_size', 'y'], 'x': None, 'anchor_x': 'center', 'anchor_y': 'center', 'round_anchor_x': None, 'round_anchor_y': None, 'opacity': 1.0, 'z': 0, 'reset_animations_events': {}, 'color': [1.0, 1.0, 1.0, 1.0], 'style': [], 'adjust_top': 0, 'adjust_bottom': 0, 'adjust_left': 0, 'adjust_right': 0, 'expire': None, 'key': None, 'widget': None, 'events_when_added': [], 'events_when_removed': [], 'bitmap_font': False, 'font_kerning': True, 'bold': False, 'italic': False, 'number_grouping': False, 'min_digits': 0, 'halign': 'center', 'valign': 'middle', 'rotation': 0, 'scale': 1.0, 'casing': None, 'outline_color': [1.0, 1.0, 1.0, 1.0], 'outline_width': 0, 'animations': None}, {'type': 'text', 'text': '(machine|player1_score)', 'font_size': 10, 'number_grouping': True, 'min_digits': 2, 'y': '40%', '_default_settings': ['type', 'text', 'font_size', 'number_grouping', 'min_digits', 'y'], 'x': None, 'anchor_x': 'center', 'anchor_y': 'center', 'round_anchor_x': None, 'round_anchor_y': None, 'opacity': 1.0, 'z': 0, 'reset_animations_events': {}, 'color': [1.0, 1.0, 1.0, 1.0], 'style': [], 'adjust_top': 0, 'adjust_bottom': 0, 'adjust_left': 0, 'adjust_right': 0, 'expire': None, 'key': None, 'widget': None, 'events_when_added': [], 'events_when_removed': [], 'bitmap_font': False, 'font_kerning': True, 'bold': False, 'italic': False, 'halign': 'center', 'valign': 'middle', 'rotation': 0, 'scale': 1.0, 'casing': None, 'outline_color': [1.0, 1.0, 1.0, 1.0], 'outline_width': 0, 'animations': None}], 'target': None, 'background_color': [0.0, 0.0, 0.0, 1.0], 'priority': None, 'show': True, 'force': False, 'expire': None, 'slide': None, 'tokens': {}, 'action': 'play'}}, 'context': 'show_2', 'calling_context': 3, 'priority': 10, 'show_tokens': {}, 'start_time': 54293.312}
2025-10-16 16:10:04,662 : mpfmc : SlidePlayer: Play called with settings={'last_game_score_slide': {'widgets': [{'type': 'text', 'text': 'LAST GAME', 'font_size': 10, 'y': '60%', '_default_settings': ['type', 'text', 'font_size', 'y'], 'x': None, 'anchor_x': 'center', 'anchor_y': 'center', 'round_anchor_x': None, 'round_anchor_y': None, 'opacity': 1.0, 'z': 0, 'reset_animations_events': {}, 'color': [1.0, 1.0, 1.0, 1.0], 'style': [], 'adjust_top': 0, 'adjust_bottom': 0, 'adjust_left': 0, 'adjust_right': 0, 'expire': None, 'key': None, 'widget': None, 'events_when_added': [], 'events_when_removed': [], 'bitmap_font': False, 'font_kerning': True, 'bold': False, 'italic': False, 'number_grouping': False, 'min_digits': 0, 'halign': 'center', 'valign': 'middle', 'rotation': 0, 'scale': 1.0, 'casing': None, 'outline_color': [1.0, 1.0, 1.0, 1.0], 'outline_width': 0, 'animations': None}, {'type': 'text', 'text': '(machine|player1_score)', 'font_size': 10, 'number_grouping': True, 'min_digits': 2, 'y': '40%', '_default_settings': ['type', 'text', 'font_size', 'number_grouping', 'min_digits', 'y'], 'x': None, 'anchor_x': 'center', 'anchor_y': 'center', 'round_anchor_x': None, 'round_anchor_y': None, 'opacity': 1.0, 'z': 0, 'reset_animations_events': {}, 'color': [1.0, 1.0, 1.0, 1.0], 'style': [], 'adjust_top': 0, 'adjust_bottom': 0, 'adjust_left': 0, 'adjust_right': 0, 'expire': None, 'key': None, 'widget': None, 'events_when_added': [], 'events_when_removed': [], 'bitmap_font': False, 'font_kerning': True, 'bold': False, 'italic': False, 'halign': 'center', 'valign': 'middle', 'rotation': 0, 'scale': 1.0, 'casing': None, 'outline_color': [1.0, 1.0, 1.0, 1.0], 'outline_width': 0, 'animations': None}], 'target': None, 'background_color': [0.0, 0.0, 0.0, 1.0], 'priority': None, 'show': True, 'force': False, 'expire': None, 'slide': None, 'tokens': {}, 'action': 'play'}}
2025-10-16 16:10:04,662 : EventManager : Event: ======'slide_last_game_score_slide_removed'====== Args={}
2025-10-16 16:10:04,665 : EventManager : Event: ======'slide_last_game_score_slide_created'====== Args={}
2025-10-16 16:10:04,666 : EventManager : Unordered handler for class <Text Widget text=00> on event machine_var_player1_score with priority 1. Handlers: [RegisteredHandler(callback=<bound method Text._machine_var_change of <Text Widget text=00>>, priority=1, kwargs={}, key=UUID('39e50617-831a-428e-8350-c8c05ad9616d'), condition=None, blocking_facility=None), RegisteredHandler(callback=<bound method Text._machine_var_change of <Text Widget text=00>>, priority=1, kwargs={}, key=UUID('0bb9f8d1-25c1-4deb-8856-c53670d70466'), condition=None, blocking_facility=None)]. The order of those handlers is not defined and they will be executed in random order. This might lead to race conditions and potential bugs.
2025-10-16 16:10:04,677 : EventManager : Event: ======'slide_last_game_score_slide_active'====== Args={}
2025-10-16 16:10:07,662 : EventManager : Event: ======'slides_play'====== Args={'settings': {'awesome_slide': {'widgets': [{'type': 'text', 'text': 'TIME TRAVEL 1985', 'font_size': 13, '_default_settings': ['type', 'text', 'font_size'], 'x': None, 'y': None, 'anchor_x': 'center', 'anchor_y': 'center', 'round_anchor_x': None, 'round_anchor_y': None, 'opacity': 1.0, 'z': 0, 'reset_animations_events': {}, 'color': [1.0, 1.0, 1.0, 1.0], 'style': [], 'adjust_top': 0, 'adjust_bottom': 0, 'adjust_left': 0, 'adjust_right': 0, 'expire': None, 'key': None, 'widget': None, 'events_when_added': [], 'events_when_removed': [], 'bitmap_font': False, 'font_kerning': True, 'bold': False, 'italic': False, 'number_grouping': False, 'min_digits': 0, 'halign': 'center', 'valign': 'middle', 'rotation': 0, 'scale': 1.0, 'casing': None, 'outline_color': [1.0, 1.0, 1.0, 1.0], 'outline_width': 0, 'animations': None}], 'transition': {'type': 'push', 'duration': 1.0, 'direction': 'left', 'easing': 'out_quad'}, 'target': None, 'background_color': [0.0, 0.0, 0.0, 1.0], 'priority': None, 'show': True, 'force': False, 'expire': None, 'slide': None, 'tokens': {}, 'action': 'play'}}, 'context': 'show_2', 'calling_context': 0, 'priority': 10, 'show_tokens': {}, 'start_time': 54296.312}
2025-10-16 16:10:07,662 : mpfmc : SlidePlayer: Play called with settings={'awesome_slide': {'widgets': [{'type': 'text', 'text': 'TIME TRAVEL 1985', 'font_size': 13, '_default_settings': ['type', 'text', 'font_size'], 'x': None, 'y': None, 'anchor_x': 'center', 'anchor_y': 'center', 'round_anchor_x': None, 'round_anchor_y': None, 'opacity': 1.0, 'z': 0, 'reset_animations_events': {}, 'color': [1.0, 1.0, 1.0, 1.0], 'style': [], 'adjust_top': 0, 'adjust_bottom': 0, 'adjust_left': 0, 'adjust_right': 0, 'expire': None, 'key': None, 'widget': None, 'events_when_added': [], 'events_when_removed': [], 'bitmap_font': False, 'font_kerning': True, 'bold': False, 'italic': False, 'number_grouping': False, 'min_digits': 0, 'halign': 'center', 'valign': 'middle', 'rotation': 0, 'scale': 1.0, 'casing': None, 'outline_color': [1.0, 1.0, 1.0, 1.0], 'outline_width': 0, 'animations': None}], 'transition': {'type': 'push', 'duration': 1.0, 'direction': 'left', 'easing': 'out_quad'}, 'target': None, 'background_color': [0.0, 0.0, 0.0, 1.0], 'priority': None, 'show': True, 'force': False, 'expire': None, 'slide': None, 'tokens': {}, 'action': 'play'}}
2025-10-16 16:10:07,662 : EventManager : Event: ======'slide_awesome_slide_removed'====== Args={}
2025-10-16 16:10:07,665 : EventManager : Event: ======'slide_awesome_slide_created'====== Args={}
2025-10-16 16:10:07,677 : EventManager : Event: ======'slide_awesome_slide_active'====== Args={}
2025-10-16 16:10:10,662 : EventManager : Event: ======'slides_play'====== Args={'settings': {'press_start': {'widgets': [{'type': 'Text', 'text': 'PRESS START', 'font_size': 10, 'animations': {'pre_show_slide': [{'property': ['opacity'], 'value': ['0'], 'duration': 0.5, 'relative': False, 'timing': 'after_previous', 'repeat': False, 'easing': 'linear', 'step': 0.0}, {'property': ['opacity'], 'value': ['1'], 'duration': 0.5, 'repeat': False, 'relative': False, 'timing': 'after_previous', 'easing': 'linear', 'step': 0.0}]}, '_default_settings': ['type', 'text', 'font_size', 'animations'], 'x': None, 'y': None, 'anchor_x': 'center', 'anchor_y': 'center', 'round_anchor_x': None, 'round_anchor_y': None, 'opacity': 1.0, 'z': 0, 'reset_animations_events': {}, 'color': [1.0, 1.0, 1.0, 1.0], 'style': [], 'adjust_top': 0, 'adjust_bottom': 0, 'adjust_left': 0, 'adjust_right': 0, 'expire': None, 'key': None, 'widget': None, 'events_when_added': [], 'events_when_removed': [], 'bitmap_font': False, 'font_kerning': True, 'bold': False, 'italic': False, 'number_grouping': False, 'min_digits': 0, 'halign': 'center', 'valign': 'middle', 'rotation': 0, 'scale': 1.0, 'casing': None, 'outline_color': [1.0, 1.0, 1.0, 1.0], 'outline_width': 0}, {'type': 'Text', 'text': '(machine|credits_string)', 'font_size': 10, 'color': [0.0, 0.5019607843137255, 0.0, 1], 'y': '10', 'anchor_y': 'bottom', '_default_settings': ['type', 'text', 'font_size', 'color', 'y', 'anchor_y'], 'x': None, 'anchor_x': 'center', 'round_anchor_x': None, 'round_anchor_y': None, 'opacity': 1.0, 'z': 0, 'reset_animations_events': {}, 'style': [], 'adjust_top': 0, 'adjust_bottom': 0, 'adjust_left': 0, 'adjust_right': 0, 'expire': None, 'key': None, 'widget': None, 'events_when_added': [], 'events_when_removed': [], 'bitmap_font': False, 'font_kerning': True, 'bold': False, 'italic': False, 'number_grouping': False, 'min_digits': 0, 'halign': 'center', 'valign': 'middle', 'rotation': 0, 'scale': 1.0, 'casing': None, 'outline_color': [1.0, 1.0, 1.0, 1.0], 'outline_width': 0, 'animations': None}], 'transition': {'type': 'move_in', 'duration': 1.0, 'direction': 'right', 'easing': 'out_quad'}, 'target': None, 'background_color': [0.0, 0.0, 0.0, 1.0], 'priority': None, 'show': True, 'force': False, 'expire': None, 'slide': None, 'tokens': {}, 'action': 'play'}}, 'context': 'show_2', 'calling_context': 1, 'priority': 10, 'show_tokens': {}, 'start_time': 54299.312}
2025-10-16 16:10:10,662 : mpfmc : SlidePlayer: Play called with settings={'press_start': {'widgets': [{'type': 'Text', 'text': 'PRESS START', 'font_size': 10, 'animations': {'pre_show_slide': [{'property': ['opacity'], 'value': ['0'], 'duration': 0.5, 'relative': False, 'timing': 'after_previous', 'repeat': False, 'easing': 'linear', 'step': 0.0}, {'property': ['opacity'], 'value': ['1'], 'duration': 0.5, 'repeat': False, 'relative': False, 'timing': 'after_previous', 'easing': 'linear', 'step': 0.0}]}, '_default_settings': ['type', 'text', 'font_size', 'animations'], 'x': None, 'y': None, 'anchor_x': 'center', 'anchor_y': 'center', 'round_anchor_x': None, 'round_anchor_y': None, 'opacity': 1.0, 'z': 0, 'reset_animations_events': {}, 'color': [1.0, 1.0, 1.0, 1.0], 'style': [], 'adjust_top': 0, 'adjust_bottom': 0, 'adjust_left': 0, 'adjust_right': 0, 'expire': None, 'key': None, 'widget': None, 'events_when_added': [], 'events_when_removed': [], 'bitmap_font': False, 'font_kerning': True, 'bold': False, 'italic': False, 'number_grouping': False, 'min_digits': 0, 'halign': 'center', 'valign': 'middle', 'rotation': 0, 'scale': 1.0, 'casing': None, 'outline_color': [1.0, 1.0, 1.0, 1.0], 'outline_width': 0}, {'type': 'Text', 'text': '(machine|credits_string)', 'font_size': 10, 'color': [0.0, 0.5019607843137255, 0.0, 1], 'y': '10', 'anchor_y': 'bottom', '_default_settings': ['type', 'text', 'font_size', 'color', 'y', 'anchor_y'], 'x': None, 'anchor_x': 'center', 'round_anchor_x': None, 'round_anchor_y': None, 'opacity': 1.0, 'z': 0, 'reset_animations_events': {}, 'style': [], 'adjust_top': 0, 'adjust_bottom': 0, 'adjust_left': 0, 'adjust_right': 0, 'expire': None, 'key': None, 'widget': None, 'events_when_added': [], 'events_when_removed': [], 'bitmap_font': False, 'font_kerning': True, 'bold': False, 'italic': False, 'number_grouping': False, 'min_digits': 0, 'halign': 'center', 'valign': 'middle', 'rotation': 0, 'scale': 1.0, 'casing': None, 'outline_color': [1.0, 1.0, 1.0, 1.0], 'outline_width': 0, 'animations': None}], 'transition': {'type': 'move_in', 'duration': 1.0, 'direction': 'right', 'easing': 'out_quad'}, 'target': None, 'background_color': [0.0, 0.0, 0.0, 1.0], 'priority': None, 'show': True, 'force': False, 'expire': None, 'slide': None, 'tokens': {}, 'action': 'play'}}
2025-10-16 16:10:10,663 : EventManager : Event: ======'slide_press_start_removed'====== Args={}
2025-10-16 16:10:10,666 : EventManager : Event: ======'slide_press_start_created'====== Args={}
2025-10-16 16:10:10,666 : EventManager : Unordered handler for class <Text Widget text=CREDITS 0> on event machine_var_credits_string with priority 1. Handlers: [RegisteredHandler(callback=<bound method Text._machine_var_change of <Text Widget text=CREDITS 0>>, priority=1, kwargs={}, key=UUID('6fed2845-8f26-4ae9-9cda-ace94fbe5387'), condition=None, blocking_facility=None), RegisteredHandler(callback=<bound method Text._machine_var_change of <Text Widget text=CREDITS 0>>, priority=1, kwargs={}, key=UUID('322c3cc6-34e2-4ca7-a8b1-d10696fe1855'), condition=None, blocking_facility=None)]. The order of those handlers is not defined and they will be executed in random order. This might lead to race conditions and potential bugs.
2025-10-16 16:10:10,677 : EventManager : Event: ======'slide_press_start_active'====== Args={}
2025-10-16 16:10:13,662 : EventManager : Event: ======'slides_play'====== Args={'settings': {'mission_pinball': {'widgets': [{'type': 'Text', 'text': 'MISSION PINBALL | RICHARD ZUPPA', 'font_size': 10, 'color': [1.0, 0.0, 0.0, 1], '_default_settings': ['type', 'text', 'font_size', 'color'], 'x': None, 'y': None, 'anchor_x': 'center', 'anchor_y': 'center', 'round_anchor_x': None, 'round_anchor_y': None, 'opacity': 1.0, 'z': 0, 'reset_animations_events': {}, 'style': [], 'adjust_top': 0, 'adjust_bottom': 0, 'adjust_left': 0, 'adjust_right': 0, 'expire': None, 'key': None, 'widget': None, 'events_when_added': [], 'events_when_removed': [], 'bitmap_font': False, 'font_kerning': True, 'bold': False, 'italic': False, 'number_grouping': False, 'min_digits': 0, 'halign': 'center', 'valign': 'middle', 'rotation': 0, 'scale': 1.0, 'casing': None, 'outline_color': [1.0, 1.0, 1.0, 1.0], 'outline_width': 0, 'animations': None}], 'transition': {'type': 'move_in', 'duration': 1.0, 'direction': 'top', 'easing': 'out_quad'}, 'target': None, 'background_color': [0.0, 0.0, 0.0, 1.0], 'priority': None, 'show': True, 'force': False, 'expire': None, 'slide': None, 'tokens': {}, 'action': 'play'}}, 'context': 'show_2', 'calling_context': 2, 'priority': 10, 'show_tokens': {}, 'start_time': 54302.312}
2025-10-16 16:10:13,662 : mpfmc : SlidePlayer: Play called with settings={'mission_pinball': {'widgets': [{'type': 'Text', 'text': 'MISSION PINBALL | RICHARD ZUPPA', 'font_size': 10, 'color': [1.0, 0.0, 0.0, 1], '_default_settings': ['type', 'text', 'font_size', 'color'], 'x': None, 'y': None, 'anchor_x': 'center', 'anchor_y': 'center', 'round_anchor_x': None, 'round_anchor_y': None, 'opacity': 1.0, 'z': 0, 'reset_animations_events': {}, 'style': [], 'adjust_top': 0, 'adjust_bottom': 0, 'adjust_left': 0, 'adjust_right': 0, 'expire': None, 'key': None, 'widget': None, 'events_when_added': [], 'events_when_removed': [], 'bitmap_font': False, 'font_kerning': True, 'bold': False, 'italic': False, 'number_grouping': False, 'min_digits': 0, 'halign': 'center', 'valign': 'middle', 'rotation': 0, 'scale': 1.0, 'casing': None, 'outline_color': [1.0, 1.0, 1.0, 1.0], 'outline_width': 0, 'animations': None}], 'transition': {'type': 'move_in', 'duration': 1.0, 'direction': 'top', 'easing': 'out_quad'}, 'target': None, 'background_color': [0.0, 0.0, 0.0, 1.0], 'priority': None, 'show': True, 'force': False, 'expire': None, 'slide': None, 'tokens': {}, 'action': 'play'}}
2025-10-16 16:10:13,662 : EventManager : Event: ======'slide_mission_pinball_removed'====== Args={}
2025-10-16 16:10:13,664 : EventManager : Event: ======'slide_mission_pinball_created'====== Args={}
2025-10-16 16:10:13,677 : EventManager : Event: ======'slide_mission_pinball_active'====== Args={}
2025-10-16 16:10:15,805 : kivy : WindowSDL: Window is now on display 1
2025-10-16 16:10:15,805 : kivy : WindowSDL: Window is now on display 0
2025-10-16 16:10:16,662 : EventManager : Event: ======'slides_play'====== Args={'settings': {'last_game_score_slide': {'widgets': [{'type': 'text', 'text': 'LAST GAME', 'font_size': 10, 'y': '60%', '_default_settings': ['type', 'text', 'font_size', 'y'], 'x': None, 'anchor_x': 'center', 'anchor_y': 'center', 'round_anchor_x': None, 'round_anchor_y': None, 'opacity': 1.0, 'z': 0, 'reset_animations_events': {}, 'color': [1.0, 1.0, 1.0, 1.0], 'style': [], 'adjust_top': 0, 'adjust_bottom': 0, 'adjust_left': 0, 'adjust_right': 0, 'expire': None, 'key': None, 'widget': None, 'events_when_added': [], 'events_when_removed': [], 'bitmap_font': False, 'font_kerning': True, 'bold': False, 'italic': False, 'number_grouping': False, 'min_digits': 0, 'halign': 'center', 'valign': 'middle', 'rotation': 0, 'scale': 1.0, 'casing': None, 'outline_color': [1.0, 1.0, 1.0, 1.0], 'outline_width': 0, 'animations': None}, {'type': 'text', 'text': '(machine|player1_score)', 'font_size': 10, 'number_grouping': True, 'min_digits': 2, 'y': '40%', '_default_settings': ['type', 'text', 'font_size', 'number_grouping', 'min_digits', 'y'], 'x': None, 'anchor_x': 'center', 'anchor_y': 'center', 'round_anchor_x': None, 'round_anchor_y': None, 'opacity': 1.0, 'z': 0, 'reset_animations_events': {}, 'color': [1.0, 1.0, 1.0, 1.0], 'style': [], 'adjust_top': 0, 'adjust_bottom': 0, 'adjust_left': 0, 'adjust_right': 0, 'expire': None, 'key': None, 'widget': None, 'events_when_added': [], 'events_when_removed': [], 'bitmap_font': False, 'font_kerning': True, 'bold': False, 'italic': False, 'halign': 'center', 'valign': 'middle', 'rotation': 0, 'scale': 1.0, 'casing': None, 'outline_color': [1.0, 1.0, 1.0, 1.0], 'outline_width': 0, 'animations': None}], 'target': None, 'background_color': [0.0, 0.0, 0.0, 1.0], 'priority': None, 'show': True, 'force': False, 'expire': None, 'slide': None, 'tokens': {}, 'action': 'play'}}, 'context': 'show_2', 'calling_context': 3, 'priority': 10, 'show_tokens': {}, 'start_time': 54305.312}
2025-10-16 16:10:16,662 : mpfmc : SlidePlayer: Play called with settings={'last_game_score_slide': {'widgets': [{'type': 'text', 'text': 'LAST GAME', 'font_size': 10, 'y': '60%', '_default_settings': ['type', 'text', 'font_size', 'y'], 'x': None, 'anchor_x': 'center', 'anchor_y': 'center', 'round_anchor_x': None, 'round_anchor_y': None, 'opacity': 1.0, 'z': 0, 'reset_animations_events': {}, 'color': [1.0, 1.0, 1.0, 1.0], 'style': [], 'adjust_top': 0, 'adjust_bottom': 0, 'adjust_left': 0, 'adjust_right': 0, 'expire': None, 'key': None, 'widget': None, 'events_when_added': [], 'events_when_removed': [], 'bitmap_font': False, 'font_kerning': True, 'bold': False, 'italic': False, 'number_grouping': False, 'min_digits': 0, 'halign': 'center', 'valign': 'middle', 'rotation': 0, 'scale': 1.0, 'casing': None, 'outline_color': [1.0, 1.0, 1.0, 1.0], 'outline_width': 0, 'animations': None}, {'type': 'text', 'text': '(machine|player1_score)', 'font_size': 10, 'number_grouping': True, 'min_digits': 2, 'y': '40%', '_default_settings': ['type', 'text', 'font_size', 'number_grouping', 'min_digits', 'y'], 'x': None, 'anchor_x': 'center', 'anchor_y': 'center', 'round_anchor_x': None, 'round_anchor_y': None, 'opacity': 1.0, 'z': 0, 'reset_animations_events': {}, 'color': [1.0, 1.0, 1.0, 1.0], 'style': [], 'adjust_top': 0, 'adjust_bottom': 0, 'adjust_left': 0, 'adjust_right': 0, 'expire': None, 'key': None, 'widget': None, 'events_when_added': [], 'events_when_removed': [], 'bitmap_font': False, 'font_kerning': True, 'bold': False, 'italic': False, 'halign': 'center', 'valign': 'middle', 'rotation': 0, 'scale': 1.0, 'casing': None, 'outline_color': [1.0, 1.0, 1.0, 1.0], 'outline_width': 0, 'animations': None}], 'target': None, 'background_color': [0.0, 0.0, 0.0, 1.0], 'priority': None, 'show': True, 'force': False, 'expire': None, 'slide': None, 'tokens': {}, 'action': 'play'}}
2025-10-16 16:10:16,662 : EventManager : Event: ======'slide_last_game_score_slide_removed'====== Args={}
2025-10-16 16:10:16,666 : EventManager : Event: ======'slide_last_game_score_slide_created'====== Args={}
2025-10-16 16:10:16,666 : EventManager : Unordered handler for class <Text Widget text=00> on event machine_var_player1_score with priority 1. Handlers: [RegisteredHandler(callback=<bound method Text._machine_var_change of <Text Widget text=00>>, priority=1, kwargs={}, key=UUID('ef23aac0-8278-46b6-a468-642360966074'), condition=None, blocking_facility=None), RegisteredHandler(callback=<bound method Text._machine_var_change of <Text Widget text=00>>, priority=1, kwargs={}, key=UUID('490c8527-0035-430d-a7db-d80cea036067'), condition=None, blocking_facility=None)]. The order of those handlers is not defined and they will be executed in random order. This might lead to race conditions and potential bugs.
2025-10-16 16:10:16,677 : EventManager : Event: ======'slide_last_game_score_slide_active'====== Args={}
2025-10-16 16:10:19,662 : EventManager : Event: ======'slides_play'====== Args={'settings': {'awesome_slide': {'widgets': [{'type': 'text', 'text': 'TIME TRAVEL 1985', 'font_size': 13, '_default_settings': ['type', 'text', 'font_size'], 'x': None, 'y': None, 'anchor_x': 'center', 'anchor_y': 'center', 'round_anchor_x': None, 'round_anchor_y': None, 'opacity': 1.0, 'z': 0, 'reset_animations_events': {}, 'color': [1.0, 1.0, 1.0, 1.0], 'style': [], 'adjust_top': 0, 'adjust_bottom': 0, 'adjust_left': 0, 'adjust_right': 0, 'expire': None, 'key': None, 'widget': None, 'events_when_added': [], 'events_when_removed': [], 'bitmap_font': False, 'font_kerning': True, 'bold': False, 'italic': False, 'number_grouping': False, 'min_digits': 0, 'halign': 'center', 'valign': 'middle', 'rotation': 0, 'scale': 1.0, 'casing': None, 'outline_color': [1.0, 1.0, 1.0, 1.0], 'outline_width': 0, 'animations': None}], 'transition': {'type': 'push', 'duration': 1.0, 'direction': 'left', 'easing': 'out_quad'}, 'target': None, 'background_color': [0.0, 0.0, 0.0, 1.0], 'priority': None, 'show': True, 'force': False, 'expire': None, 'slide': None, 'tokens': {}, 'action': 'play'}}, 'context': 'show_2', 'calling_context': 0, 'priority': 10, 'show_tokens': {}, 'start_time': 54308.312}
2025-10-16 16:10:19,662 : mpfmc : SlidePlayer: Play called with settings={'awesome_slide': {'widgets': [{'type': 'text', 'text': 'TIME TRAVEL 1985', 'font_size': 13, '_default_settings': ['type', 'text', 'font_size'], 'x': None, 'y': None, 'anchor_x': 'center', 'anchor_y': 'center', 'round_anchor_x': None, 'round_anchor_y': None, 'opacity': 1.0, 'z': 0, 'reset_animations_events': {}, 'color': [1.0, 1.0, 1.0, 1.0], 'style': [], 'adjust_top': 0, 'adjust_bottom': 0, 'adjust_left': 0, 'adjust_right': 0, 'expire': None, 'key': None, 'widget': None, 'events_when_added': [], 'events_when_removed': [], 'bitmap_font': False, 'font_kerning': True, 'bold': False, 'italic': False, 'number_grouping': False, 'min_digits': 0, 'halign': 'center', 'valign': 'middle', 'rotation': 0, 'scale': 1.0, 'casing': None, 'outline_color': [1.0, 1.0, 1.0, 1.0], 'outline_width': 0, 'animations': None}], 'transition': {'type': 'push', 'duration': 1.0, 'direction': 'left', 'easing': 'out_quad'}, 'target': None, 'background_color': [0.0, 0.0, 0.0, 1.0], 'priority': None, 'show': True, 'force': False, 'expire': None, 'slide': None, 'tokens': {}, 'action': 'play'}}
2025-10-16 16:10:19,663 : EventManager : Event: ======'slide_awesome_slide_removed'====== Args={}
2025-10-16 16:10:19,665 : EventManager : Event: ======'slide_awesome_slide_created'====== Args={}
2025-10-16 16:10:19,678 : EventManager : Event: ======'slide_awesome_slide_active'====== Args={}
2025-10-16 16:10:21,693 : kivy : Base: Leaving application in progress...
2025-10-16 16:10:21,694 : mpfmc : Stopping...
2025-10-16 16:10:21,694 : EventManager : Event: ======'shutdown'====== Args={}
2025-10-16 16:10:21,694 : AudioInterface : Disabling audio playback
2025-10-16 16:10:21,817 : mpfmc : Loop rate 57.1 Hz
