2025-10-17 07:58:19,465 : INFO : root : Loading config.
2025-10-17 07:58:19,469 : INFO : YamlMultifileConfigLoader : Machine config file #1: config.yaml
2025-10-17 07:58:19,470 : INFO : ConfigProcessor : Loading config from cache: C:\Users\richa\AppData\Local\Temp\f7776651e259183bd84a8c8d686bf868.mpf_cache
2025-10-17 07:58:19,548 : INFO : ConfigProcessor : Loading config from cache: C:\Users\richa\AppData\Local\Temp\70233839fc0b792ce11a62f3c18c1950.mpf_cache
2025-10-17 07:58:19,549 : INFO : ConfigProcessor : Loading config from cache: C:\Users\richa\AppData\Local\Temp\9c8dea79ca4d15ee886340e992e8cb9d.mpf_cache
2025-10-17 07:58:19,549 : INFO : ConfigProcessor : Loading config from cache: C:\Users\richa\AppData\Local\Temp\67a19b095f918111543419ac0271bfb1.mpf_cache
2025-10-17 07:58:19,550 : INFO : ConfigProcessor : Loading config from cache: C:\Users\richa\AppData\Local\Temp\be387b0e8ed00556ec738d83cd6947d1.mpf_cache
2025-10-17 07:58:19,551 : INFO : ConfigProcessor : Loading config from cache: C:\Users\richa\AppData\Local\Temp\5a8efabd9666d8c71fa755fc28a9bf1e.mpf_cache
2025-10-17 07:58:19,552 : INFO : ConfigProcessor : Loading config from cache: C:\Users\richa\AppData\Local\Temp\fb58745e58584e219ff53db445e8e9f2.mpf_cache
2025-10-17 07:58:19,552 : INFO : ConfigProcessor : Loading config from cache: C:\Users\richa\AppData\Local\Temp\3a5badf48d988f9fc0f9b093a934917d.mpf_cache
2025-10-17 07:58:19,553 : INFO : ConfigProcessor : Loading config from cache: C:\Users\richa\AppData\Local\Temp\9e788d9ac28f3464b985b20edf80a10e.mpf_cache
2025-10-17 07:58:19,554 : INFO : ConfigProcessor : Loading config from cache: C:\Users\richa\AppData\Local\Temp\7e426d8ffa907371bf962f3181d8bdf2.mpf_cache
2025-10-17 07:58:19,554 : WARNING : ConfigProcessor : Config file in cache changed: C:\Users\richa\ttp7\modes\attract\shows\.\attract_display_loop.yaml
2025-10-17 07:58:19,555 : INFO : ConfigProcessor : Loading config from file C:\Users\richa\ttp7\modes\attract\shows\.\attract_display_loop.yaml.
2025-10-17 07:58:19,567 : INFO : ConfigProcessor : Loading config: C:\Users\richa\ttp7\modes\attract\shows\.\attract_display_loop.yaml
2025-10-17 07:58:19,567 : INFO : ConfigProcessor : Config file cache created: C:\Users\richa\AppData\Local\Temp\b710dc01437f1dfd05f3b5275f67493b.mpf_cache
2025-10-17 07:58:19,568 : INFO : ConfigProcessor : Loading config from cache: C:\Users\richa\AppData\Local\Temp\0a23590f4081187a3ecee75c7657616e.mpf_cache
2025-10-17 07:58:19,569 : INFO : ConfigProcessor : Loading config from cache: C:\Users\richa\AppData\Local\Temp\374a5edaf0766cb9005f368df852c09d.mpf_cache
2025-10-17 07:58:19,569 : INFO : ConfigProcessor : Loading config from cache: C:\Users\richa\AppData\Local\Temp\b50d1c72289d6f8f00cba34766fbb2e5.mpf_cache
2025-10-17 07:58:19,570 : INFO : ConfigProcessor : Loading config from cache: C:\Users\richa\AppData\Local\Temp\bfc680b70531e398658191c2a179bce0.mpf_cache
2025-10-17 07:58:19,571 : INFO : ConfigProcessor : Loading config from cache: C:\Users\richa\AppData\Local\Temp\069a726c379c7a3dc006889318eb30f2.mpf_cache
2025-10-17 07:58:19,572 : INFO : ConfigProcessor : Loading config from cache: C:\Users\richa\AppData\Local\Temp\6159dd3e8b071f5aa615e717784124e9.mpf_cache
2025-10-17 07:58:19,573 : INFO : ConfigProcessor : Loading config from cache: C:\Users\richa\AppData\Local\Temp\e382c4765158d2be92c1673fc03a4ad6.mpf_cache
2025-10-17 07:58:19,573 : INFO : ConfigProcessor : Loading config from cache: C:\Users\richa\AppData\Local\Temp\868b3b6361e3aaa0a56bd50d9388247e.mpf_cache
2025-10-17 07:58:19,574 : INFO : Machine : Mission Pinball Framework Core Engine v0.57.0.dev39
2025-10-17 07:58:19,574 : INFO : Machine : Command line arguments: {'no_load_cache': False, 'create_config_cache': True, 'bcp': True, 'configfile': ['config.yaml'], 'force_assets_load': False, 'jsonlogging': False, 'logfile': 'logs\\2025-10-17-07-58-19-mpf-DESKTOP-RK7BE5M.log', 'pause': False, 'production': False, 'text_ui': True, 'loglevel': 15, 'consoleloglevel': 20, 'force_platform': None, 'syslog_address': None, 'mc_file_name': None, 'no_sound': False}
2025-10-17 07:58:19,574 : INFO : Machine : MPF path: C:\Users\richa\mpfvirtual4\lib\site-packages\mpf
2025-10-17 07:58:19,574 : INFO : Machine : Machine path: C:\Users\richa\ttp7
2025-10-17 07:58:19,574 : INFO : Machine : Platform: win32
2025-10-17 07:58:19,574 : INFO : Machine : Python executable location: C:\Users\richa\mpfvirtual4\Scripts\python.exe
2025-10-17 07:58:19,574 : INFO : Machine : Python version: 3.9.13 (64-bit)
2025-10-17 07:58:19,576 : INFO : Machine : Initializing MPF...
2025-10-17 07:58:19,968 : INFO : EventManager : Event: ======'machine_var_credits_string'====== Args={'value': 'FREE PLAY', 'prev_value': None, 'change': True}
2025-10-17 07:58:20,028 : INFO : EventManager : Event: ======'machine_var_credit_units'====== Args={'value': 0, 'prev_value': None, 'change': True}
2025-10-17 07:58:20,028 : INFO : EventManager : Event: ======'machine_var_free_play'====== Args={'value': False, 'prev_value': None, 'change': True}
2025-10-17 07:58:20,028 : INFO : EventManager : Event: ======'machine_var_master_volume'====== Args={'value': 0.5, 'prev_value': None, 'change': True}
2025-10-17 07:58:20,028 : INFO : EventManager : Event: ======'machine_var_player1_score'====== Args={'value': 0, 'prev_value': None, 'change': True}
2025-10-17 07:58:20,028 : INFO : EventManager : Event: ======'machine_var_mpf_version'====== Args={'value': 'Mission Pinball Framework v0.57.0.dev39', 'prev_value': None, 'change': True}
2025-10-17 07:58:20,028 : INFO : EventManager : Event: ======'machine_var_mpf_extended_version'====== Args={'value': 'Mission Pinball Framework v0.57.0.dev39, Config version:6, Show version: 6, BCP version:1.1', 'prev_value': None, 'change': True}
2025-10-17 07:58:20,028 : INFO : EventManager : Event: ======'machine_var_python_version'====== Args={'value': '3.9.13', 'prev_value': None, 'change': True}
2025-10-17 07:58:20,038 : INFO : EventManager : Event: ======'machine_var_platform'====== Args={'value': 'Windows-10-10.0.19045-SP0', 'prev_value': None, 'change': True}
2025-10-17 07:58:20,038 : INFO : EventManager : Event: ======'machine_var_platform_system'====== Args={'value': 'Windows', 'prev_value': None, 'change': True}
2025-10-17 07:58:20,038 : INFO : EventManager : Event: ======'machine_var_platform_release'====== Args={'value': '10', 'prev_value': None, 'change': True}
2025-10-17 07:58:20,038 : INFO : EventManager : Event: ======'machine_var_platform_version'====== Args={'value': '10.0.19045', 'prev_value': None, 'change': True}
2025-10-17 07:58:20,038 : INFO : EventManager : Event: ======'machine_var_platform_machine'====== Args={'value': 'AMD64', 'prev_value': None, 'change': True}
2025-10-17 07:58:20,038 : INFO : EventManager : Event: ======'init_phase_1'====== Args={}
2025-10-17 07:58:20,076 : INFO : EventManager : Event: ======'drop_target_bank_TIME_up'====== Args={}
2025-10-17 07:58:20,076 : INFO : EventManager : Event: ======'drop_target_bank_TRAVEL_up'====== Args={}
2025-10-17 07:58:20,077 : INFO : EventManager : Event: ======'init_phase_2'====== Args={}
2025-10-17 07:58:20,077 : INFO : SwitchController : Found active switch: ('2', <Platform.SmartVirtual>) <switch.s_trough1>
2025-10-17 07:58:20,077 : INFO : SwitchController : Found active switch: ('3', <Platform.SmartVirtual>) <switch.s_trough2>
2025-10-17 07:58:20,077 : INFO : SwitchController : Found active switch: ('4', <Platform.SmartVirtual>) <switch.s_trough3>
2025-10-17 07:58:20,077 : INFO : SwitchController : Found active switch: ('5', <Platform.SmartVirtual>) <switch.s_trough4>
2025-10-17 07:58:20,077 : INFO : SwitchController : Found active switch: ('6', <Platform.SmartVirtual>) <switch.s_trough5>
2025-10-17 07:58:20,077 : INFO : SwitchController : Found active switch: ('7', <Platform.SmartVirtual>) <switch.s_trough6>
2025-10-17 07:58:20,086 : INFO : EventManager : Event: ======'bcp_connection_attempt'====== Args={'name': 'local_display', 'host': 'localhost', 'port': 5050}
2025-10-17 07:58:20,087 : INFO : BCPClientSocket : Connecting BCP to 'local_display' at localhost:5050...
2025-10-17 07:58:22,114 : INFO : BCPClientSocket : Connected BCP to 'local_display' localhost:5050
2025-10-17 07:58:22,115 : INFO : EventManager : Event: ======'bcp_clients_connected'====== Args={}
2025-10-17 07:58:22,448 : INFO : ball_device.bd_trough : BCH: Initial count: 6
2025-10-17 07:58:22,449 : INFO : EventManager : Event: ======'machine_var_mc_version'====== Args={'value': 'MPF-MC v0.57.0.dev10', 'prev_value': None, 'change': True}
2025-10-17 07:58:22,449 : INFO : EventManager : Event: ======'machine_var_mc_extended_version'====== Args={'value': 'MPF-MC v0.57.0.dev10 (config_version=6, BCP v1.1,                      Requires MPF API compatibility v0.57.0.dev19 or newer)', 'prev_value': None, 'change': True}
2025-10-17 07:58:22,452 : INFO : ball_device.bd_trough : State: idle
2025-10-17 07:58:22,538 : INFO : ball_device.bd_plunger : BCH: Initial count: 0
2025-10-17 07:58:22,538 : INFO : ball_device.bd_plunger : State: idle
2025-10-17 07:58:22,538 : INFO : ball_device.bd_left_scoop : BCH: Initial count: 0
2025-10-17 07:58:22,539 : INFO : ball_device.bd_left_scoop : State: idle
2025-10-17 07:58:22,539 : INFO : ball_device.bd_right_scoop : BCH: Initial count: 0
2025-10-17 07:58:22,539 : INFO : ball_device.bd_right_scoop : State: idle
2025-10-17 07:58:22,552 : INFO : EventManager : Event: ======'init_phase_3'====== Args={}
2025-10-17 07:58:22,562 : INFO : EventManager : Event: ======'init_phase_4'====== Args={}
2025-10-17 07:58:22,563 : INFO : BallController : Initial balls found: 6
2025-10-17 07:58:22,564 : INFO : EventManager : Event: ======'machine_var_audits_events_game_ended'====== Args={'value': 60, 'prev_value': None, 'change': True}
2025-10-17 07:58:22,564 : INFO : EventManager : Event: ======'machine_var_audits_events_game_started'====== Args={'value': 297, 'prev_value': None, 'change': True}
2025-10-17 07:58:22,564 : INFO : EventManager : Event: ======'machine_var_audits_missing_switches_s_A'====== Args={'value': 67, 'prev_value': None, 'change': True}
2025-10-17 07:58:22,564 : INFO : EventManager : Event: ======'machine_var_audits_missing_switches_s_E'====== Args={'value': 2, 'prev_value': None, 'change': True}
2025-10-17 07:58:22,565 : INFO : EventManager : Event: ======'machine_var_audits_missing_switches_s_Eb'====== Args={'value': 67, 'prev_value': None, 'change': True}
2025-10-17 07:58:22,565 : INFO : EventManager : Event: ======'machine_var_audits_missing_switches_s_I'====== Args={'value': 8, 'prev_value': None, 'change': True}
2025-10-17 07:58:22,565 : INFO : EventManager : Event: ======'machine_var_audits_missing_switches_s_L'====== Args={'value': 67, 'prev_value': None, 'change': True}
2025-10-17 07:58:22,565 : INFO : EventManager : Event: ======'machine_var_audits_missing_switches_s_M'====== Args={'value': 2, 'prev_value': None, 'change': True}
2025-10-17 07:58:22,565 : INFO : EventManager : Event: ======'machine_var_audits_missing_switches_s_R'====== Args={'value': 67, 'prev_value': None, 'change': True}
2025-10-17 07:58:22,565 : INFO : EventManager : Event: ======'machine_var_audits_missing_switches_s_T'====== Args={'value': 8, 'prev_value': None, 'change': True}
2025-10-17 07:58:22,565 : INFO : EventManager : Event: ======'machine_var_audits_missing_switches_s_Tb'====== Args={'value': 67, 'prev_value': None, 'change': True}
2025-10-17 07:58:22,565 : INFO : EventManager : Event: ======'machine_var_audits_missing_switches_s_V'====== Args={'value': 67, 'prev_value': None, 'change': True}
2025-10-17 07:58:22,566 : INFO : EventManager : Event: ======'machine_var_audits_missing_switches_s_bumper1'====== Args={'value': 3, 'prev_value': None, 'change': True}
2025-10-17 07:58:22,566 : INFO : EventManager : Event: ======'machine_var_audits_missing_switches_s_bumper2'====== Args={'value': 3, 'prev_value': None, 'change': True}
2025-10-17 07:58:22,566 : INFO : EventManager : Event: ======'machine_var_audits_missing_switches_s_bumper_1'====== Args={'value': 28, 'prev_value': None, 'change': True}
2025-10-17 07:58:22,566 : INFO : EventManager : Event: ======'machine_var_audits_missing_switches_s_bumper_2'====== Args={'value': 28, 'prev_value': None, 'change': True}
2025-10-17 07:58:22,566 : INFO : EventManager : Event: ======'machine_var_audits_missing_switches_s_center_center_target'====== Args={'value': 60, 'prev_value': None, 'change': True}
2025-10-17 07:58:22,566 : INFO : EventManager : Event: ======'machine_var_audits_missing_switches_s_center_rollover'====== Args={'value': 16, 'prev_value': None, 'change': True}
2025-10-17 07:58:22,566 : INFO : EventManager : Event: ======'machine_var_audits_missing_switches_s_center_scoop'====== Args={'value': 70, 'prev_value': None, 'change': True}
2025-10-17 07:58:22,567 : INFO : EventManager : Event: ======'machine_var_audits_missing_switches_s_coin_left'====== Args={'value': 2, 'prev_value': None, 'change': True}
2025-10-17 07:58:22,567 : INFO : EventManager : Event: ======'machine_var_audits_missing_switches_s_launcher_lane_spinner'====== Args={'value': 223, 'prev_value': None, 'change': True}
2025-10-17 07:58:22,567 : INFO : EventManager : Event: ======'machine_var_audits_missing_switches_s_left_center_target'====== Args={'value': 60, 'prev_value': None, 'change': True}
2025-10-17 07:58:22,567 : INFO : EventManager : Event: ======'machine_var_audits_missing_switches_s_left_corridor_spinner'====== Args={'value': 223, 'prev_value': None, 'change': True}
2025-10-17 07:58:22,567 : INFO : EventManager : Event: ======'machine_var_audits_missing_switches_s_left_corridor_spinner2'====== Args={'value': 223, 'prev_value': None, 'change': True}
2025-10-17 07:58:22,567 : INFO : EventManager : Event: ======'machine_var_audits_missing_switches_s_left_flipper'====== Args={'value': 146, 'prev_value': None, 'change': True}
2025-10-17 07:58:22,568 : INFO : EventManager : Event: ======'machine_var_audits_missing_switches_s_left_inlane'====== Args={'value': 250, 'prev_value': None, 'change': True}
2025-10-17 07:58:22,568 : INFO : EventManager : Event: ======'machine_var_audits_missing_switches_s_left_outlane'====== Args={'value': 260, 'prev_value': None, 'change': True}
2025-10-17 07:58:22,568 : INFO : EventManager : Event: ======'machine_var_audits_missing_switches_s_left_rollover'====== Args={'value': 16, 'prev_value': None, 'change': True}
2025-10-17 07:58:22,568 : INFO : EventManager : Event: ======'machine_var_audits_missing_switches_s_left_scoop'====== Args={'value': 16, 'prev_value': None, 'change': True}
2025-10-17 07:58:22,568 : INFO : EventManager : Event: ======'machine_var_audits_missing_switches_s_left_standup'====== Args={'value': 222, 'prev_value': None, 'change': True}
2025-10-17 07:58:22,568 : INFO : EventManager : Event: ======'machine_var_audits_missing_switches_s_right_center_target'====== Args={'value': 60, 'prev_value': None, 'change': True}
2025-10-17 07:58:22,569 : INFO : EventManager : Event: ======'machine_var_audits_missing_switches_s_right_corridor_spinner'====== Args={'value': 64, 'prev_value': None, 'change': True}
2025-10-17 07:58:22,569 : INFO : EventManager : Event: ======'machine_var_audits_missing_switches_s_right_flipper'====== Args={'value': 16, 'prev_value': None, 'change': True}
2025-10-17 07:58:22,569 : INFO : EventManager : Event: ======'machine_var_audits_missing_switches_s_right_inlane'====== Args={'value': 40, 'prev_value': None, 'change': True}
2025-10-17 07:58:22,569 : INFO : EventManager : Event: ======'machine_var_audits_missing_switches_s_right_outlane'====== Args={'value': 70, 'prev_value': None, 'change': True}
2025-10-17 07:58:22,569 : INFO : EventManager : Event: ======'machine_var_audits_missing_switches_s_right_rollover'====== Args={'value': 3, 'prev_value': None, 'change': True}
2025-10-17 07:58:22,569 : INFO : EventManager : Event: ======'machine_var_audits_missing_switches_s_right_scoop'====== Args={'value': 68, 'prev_value': None, 'change': True}
2025-10-17 07:58:22,570 : INFO : EventManager : Event: ======'machine_var_audits_missing_switches_s_right_standup'====== Args={'value': 8, 'prev_value': None, 'change': True}
2025-10-17 07:58:22,570 : INFO : EventManager : Event: ======'machine_var_audits_missing_switches_s_service_coin'====== Args={'value': 60, 'prev_value': None, 'change': True}
2025-10-17 07:58:22,570 : INFO : EventManager : Event: ======'machine_var_audits_missing_switches_s_sling_left'====== Args={'value': 250, 'prev_value': None, 'change': True}
2025-10-17 07:58:22,570 : INFO : EventManager : Event: ======'machine_var_audits_missing_switches_s_sling_right'====== Args={'value': 146, 'prev_value': None, 'change': True}
2025-10-17 07:58:22,570 : INFO : EventManager : Event: ======'machine_var_audits_missing_switches_s_standup_1'====== Args={'value': 17, 'prev_value': None, 'change': True}
2025-10-17 07:58:22,571 : INFO : EventManager : Event: ======'machine_var_audits_missing_switches_s_standup_2'====== Args={'value': 17, 'prev_value': None, 'change': True}
2025-10-17 07:58:22,571 : INFO : EventManager : Event: ======'machine_var_audits_missing_switches_s_standup_3'====== Args={'value': 17, 'prev_value': None, 'change': True}
2025-10-17 07:58:22,571 : INFO : EventManager : Event: ======'machine_var_audits_missing_switches_s_standup_4'====== Args={'value': 18, 'prev_value': None, 'change': True}
2025-10-17 07:58:22,571 : INFO : EventManager : Event: ======'machine_var_audits_missing_switches_s_standup_5'====== Args={'value': 18, 'prev_value': None, 'change': True}
2025-10-17 07:58:22,571 : INFO : EventManager : Event: ======'machine_var_audits_missing_switches_s_standup_6'====== Args={'value': 18, 'prev_value': None, 'change': True}
2025-10-17 07:58:22,572 : INFO : EventManager : Event: ======'machine_var_audits_missing_switches_s_start'====== Args={'value': 2, 'prev_value': None, 'change': True}
2025-10-17 07:58:22,572 : INFO : EventManager : Event: ======'machine_var_audits_missing_switches_s_top_left_standup'====== Args={'value': 68, 'prev_value': None, 'change': True}
2025-10-17 07:58:22,572 : INFO : EventManager : Event: ======'machine_var_audits_missing_switches_s_top_left_standup2'====== Args={'value': 163, 'prev_value': None, 'change': True}
2025-10-17 07:58:22,572 : INFO : EventManager : Event: ======'machine_var_audits_missing_switches_s_trough1'====== Args={'value': 3, 'prev_value': None, 'change': True}
2025-10-17 07:58:22,573 : INFO : EventManager : Event: ======'machine_var_audits_missing_switches_s_trough2'====== Args={'value': 297, 'prev_value': None, 'change': True}
2025-10-17 07:58:22,573 : INFO : EventManager : Event: ======'machine_var_audits_missing_switches_s_trough3'====== Args={'value': 297, 'prev_value': None, 'change': True}
2025-10-17 07:58:22,573 : INFO : EventManager : Event: ======'machine_var_audits_missing_switches_s_trough4'====== Args={'value': 297, 'prev_value': None, 'change': True}
2025-10-17 07:58:22,573 : INFO : EventManager : Event: ======'machine_var_audits_missing_switches_s_trough5'====== Args={'value': 297, 'prev_value': None, 'change': True}
2025-10-17 07:58:22,573 : INFO : EventManager : Event: ======'machine_var_audits_missing_switches_s_trough6'====== Args={'value': 297, 'prev_value': None, 'change': True}
2025-10-17 07:58:22,574 : INFO : EventManager : Event: ======'machine_var_audits_missing_switches_s_trough_jam'====== Args={'value': 297, 'prev_value': None, 'change': True}
2025-10-17 07:58:22,574 : INFO : EventManager : Event: ======'machine_var_audits_player_score'====== Args={'value': {'average': 5748990, 'top': [75043600, 70538842, 47521800, 43517500, 41236342, 31835000, 13531600, 13201700, 9012700, 3012500], 'total': 63}, 'prev_value': None, 'change': True}
2025-10-17 07:58:22,574 : INFO : EventManager : Event: ======'machine_var_audits_shots_A'====== Args={'value': 34, 'prev_value': None, 'change': True}
2025-10-17 07:58:22,574 : INFO : EventManager : Event: ======'machine_var_audits_shots_E'====== Args={'value': 179, 'prev_value': None, 'change': True}
2025-10-17 07:58:22,575 : INFO : EventManager : Event: ======'machine_var_audits_shots_Eb'====== Args={'value': 31, 'prev_value': None, 'change': True}
2025-10-17 07:58:22,575 : INFO : EventManager : Event: ======'machine_var_audits_shots_I'====== Args={'value': 173, 'prev_value': None, 'change': True}
2025-10-17 07:58:22,575 : INFO : EventManager : Event: ======'machine_var_audits_shots_L'====== Args={'value': 32, 'prev_value': None, 'change': True}
2025-10-17 07:58:22,576 : INFO : EventManager : Event: ======'machine_var_audits_shots_M'====== Args={'value': 175, 'prev_value': None, 'change': True}
2025-10-17 07:58:22,577 : INFO : EventManager : Event: ======'machine_var_audits_shots_R'====== Args={'value': 43, 'prev_value': None, 'change': True}
2025-10-17 07:58:22,577 : INFO : EventManager : Event: ======'machine_var_audits_shots_T'====== Args={'value': 177, 'prev_value': None, 'change': True}
2025-10-17 07:58:22,577 : INFO : EventManager : Event: ======'machine_var_audits_shots_Tb'====== Args={'value': 47, 'prev_value': None, 'change': True}
2025-10-17 07:58:22,578 : INFO : EventManager : Event: ======'machine_var_audits_shots_V'====== Args={'value': 31, 'prev_value': None, 'change': True}
2025-10-17 07:58:22,578 : INFO : EventManager : Event: ======'machine_var_audits_shots_bumper1_shot'====== Args={'value': 266, 'prev_value': None, 'change': True}
2025-10-17 07:58:22,579 : INFO : EventManager : Event: ======'machine_var_audits_shots_bumper2_shot'====== Args={'value': 753, 'prev_value': None, 'change': True}
2025-10-17 07:58:22,579 : INFO : EventManager : Event: ======'machine_var_audits_shots_center_rollover'====== Args={'value': 7, 'prev_value': None, 'change': True}
2025-10-17 07:58:22,579 : INFO : EventManager : Event: ======'machine_var_audits_shots_center_rollover_shot'====== Args={'value': 313, 'prev_value': None, 'change': True}
2025-10-17 07:58:22,580 : INFO : EventManager : Event: ======'machine_var_audits_shots_jets'====== Args={'value': 960, 'prev_value': None, 'change': True}
2025-10-17 07:58:22,580 : INFO : EventManager : Event: ======'machine_var_audits_shots_left_rollover'====== Args={'value': 36, 'prev_value': None, 'change': True}
2025-10-17 07:58:22,580 : INFO : EventManager : Event: ======'machine_var_audits_shots_left_rollover_shot'====== Args={'value': 255, 'prev_value': None, 'change': True}
2025-10-17 07:58:22,581 : INFO : EventManager : Event: ======'machine_var_audits_shots_left_scoop_shot'====== Args={'value': 28, 'prev_value': None, 'change': True}
2025-10-17 07:58:22,581 : INFO : EventManager : Event: ======'machine_var_audits_shots_middle_inlane_shot'====== Args={'value': 20, 'prev_value': None, 'change': True}
2025-10-17 07:58:22,581 : INFO : EventManager : Event: ======'machine_var_audits_shots_my_first_shot'====== Args={'value': 95, 'prev_value': None, 'change': True}
2025-10-17 07:58:22,582 : INFO : EventManager : Event: ======'machine_var_audits_shots_right_inlane_shot'====== Args={'value': 96, 'prev_value': None, 'change': True}
2025-10-17 07:58:22,582 : INFO : EventManager : Event: ======'machine_var_audits_shots_right_rollover'====== Args={'value': 41, 'prev_value': None, 'change': True}
2025-10-17 07:58:22,583 : INFO : EventManager : Event: ======'machine_var_audits_shots_right_rollover_shot'====== Args={'value': 353, 'prev_value': None, 'change': True}
2025-10-17 07:58:22,583 : INFO : EventManager : Event: ======'machine_var_audits_shots_right_scoop_shot'====== Args={'value': 47, 'prev_value': None, 'change': True}
2025-10-17 07:58:22,583 : INFO : EventManager : Event: ======'machine_var_audits_shots_right_standup'====== Args={'value': 33, 'prev_value': None, 'change': True}
2025-10-17 07:58:22,583 : INFO : EventManager : Event: ======'machine_var_audits_shots_standup_1_skill'====== Args={'value': 50, 'prev_value': None, 'change': True}
2025-10-17 07:58:22,584 : INFO : EventManager : Event: ======'machine_var_audits_shots_standup_2_skill'====== Args={'value': 27, 'prev_value': None, 'change': True}
2025-10-17 07:58:22,584 : INFO : EventManager : Event: ======'machine_var_audits_shots_standup_3_skill'====== Args={'value': 10, 'prev_value': None, 'change': True}
2025-10-17 07:58:22,584 : INFO : EventManager : Event: ======'machine_var_audits_shots_standup_4_skill'====== Args={'value': 8, 'prev_value': None, 'change': True}
2025-10-17 07:58:22,585 : INFO : EventManager : Event: ======'machine_var_audits_shots_standup_5_skill'====== Args={'value': 4, 'prev_value': None, 'change': True}
2025-10-17 07:58:22,585 : INFO : EventManager : Event: ======'machine_var_audits_shots_standup_6_skill'====== Args={'value': 2, 'prev_value': None, 'change': True}
2025-10-17 07:58:22,585 : INFO : EventManager : Event: ======'machine_var_audits_shots_top_middle_inlane_shot'====== Args={'value': 41, 'prev_value': None, 'change': True}
2025-10-17 07:58:22,586 : INFO : EventManager : Event: ======'machine_var_audits_switches_s_A'====== Args={'value': 0, 'prev_value': None, 'change': True}
2025-10-17 07:58:22,586 : INFO : EventManager : Event: ======'machine_var_audits_switches_s_E'====== Args={'value': 183, 'prev_value': None, 'change': True}
2025-10-17 07:58:22,587 : INFO : EventManager : Event: ======'machine_var_audits_switches_s_Eb'====== Args={'value': 0, 'prev_value': None, 'change': True}
2025-10-17 07:58:22,587 : INFO : EventManager : Event: ======'machine_var_audits_switches_s_I'====== Args={'value': 177, 'prev_value': None, 'change': True}
2025-10-17 07:58:22,587 : INFO : EventManager : Event: ======'machine_var_audits_switches_s_L'====== Args={'value': 0, 'prev_value': None, 'change': True}
2025-10-17 07:58:22,588 : INFO : EventManager : Event: ======'machine_var_audits_switches_s_M'====== Args={'value': 179, 'prev_value': None, 'change': True}
2025-10-17 07:58:22,588 : INFO : EventManager : Event: ======'machine_var_audits_switches_s_R'====== Args={'value': 0, 'prev_value': None, 'change': True}
2025-10-17 07:58:22,589 : INFO : EventManager : Event: ======'machine_var_audits_switches_s_T'====== Args={'value': 181, 'prev_value': None, 'change': True}
2025-10-17 07:58:22,589 : INFO : EventManager : Event: ======'machine_var_audits_switches_s_Tb'====== Args={'value': 0, 'prev_value': None, 'change': True}
2025-10-17 07:58:22,589 : INFO : EventManager : Event: ======'machine_var_audits_switches_s_V'====== Args={'value': 0, 'prev_value': None, 'change': True}
2025-10-17 07:58:22,589 : INFO : EventManager : Event: ======'machine_var_audits_switches_s_bumper1'====== Args={'value': 266, 'prev_value': None, 'change': True}
2025-10-17 07:58:22,590 : INFO : EventManager : Event: ======'machine_var_audits_switches_s_bumper2'====== Args={'value': 757, 'prev_value': None, 'change': True}
2025-10-17 07:58:22,590 : INFO : EventManager : Event: ======'machine_var_audits_switches_s_bumper_1'====== Args={'value': 0, 'prev_value': None, 'change': True}
2025-10-17 07:58:22,590 : INFO : EventManager : Event: ======'machine_var_audits_switches_s_bumper_2'====== Args={'value': 0, 'prev_value': None, 'change': True}
2025-10-17 07:58:22,591 : INFO : EventManager : Event: ======'machine_var_audits_switches_s_center_center_target'====== Args={'value': 5, 'prev_value': None, 'change': True}
2025-10-17 07:58:22,591 : INFO : EventManager : Event: ======'machine_var_audits_switches_s_center_rollover'====== Args={'value': 322, 'prev_value': None, 'change': True}
2025-10-17 07:58:22,591 : INFO : EventManager : Event: ======'machine_var_audits_switches_s_center_scoop'====== Args={'value': 2, 'prev_value': None, 'change': True}
2025-10-17 07:58:22,592 : INFO : EventManager : Event: ======'machine_var_audits_switches_s_coin_left'====== Args={'value': 16, 'prev_value': None, 'change': True}
2025-10-17 07:58:22,592 : INFO : EventManager : Event: ======'machine_var_audits_switches_s_launcher_lane_spinner'====== Args={'value': 0, 'prev_value': None, 'change': True}
2025-10-17 07:58:22,593 : INFO : EventManager : Event: ======'machine_var_audits_switches_s_left_center_target'====== Args={'value': 6, 'prev_value': None, 'change': True}
2025-10-17 07:58:22,594 : INFO : EventManager : Event: ======'machine_var_audits_switches_s_left_corridor_spinner'====== Args={'value': 0, 'prev_value': None, 'change': True}
2025-10-17 07:58:22,594 : INFO : EventManager : Event: ======'machine_var_audits_switches_s_left_corridor_spinner2'====== Args={'value': 0, 'prev_value': None, 'change': True}
2025-10-17 07:58:22,595 : INFO : EventManager : Event: ======'machine_var_audits_switches_s_left_flipper'====== Args={'value': 330, 'prev_value': None, 'change': True}
2025-10-17 07:58:22,595 : INFO : EventManager : Event: ======'machine_var_audits_switches_s_left_inlane'====== Args={'value': 8, 'prev_value': None, 'change': True}
2025-10-17 07:58:22,596 : INFO : EventManager : Event: ======'machine_var_audits_switches_s_left_outlane'====== Args={'value': 3, 'prev_value': None, 'change': True}
2025-10-17 07:58:22,596 : INFO : EventManager : Event: ======'machine_var_audits_switches_s_left_rollover'====== Args={'value': 263, 'prev_value': None, 'change': True}
2025-10-17 07:58:22,597 : INFO : EventManager : Event: ======'machine_var_audits_switches_s_left_scoop'====== Args={'value': 234, 'prev_value': None, 'change': True}
2025-10-17 07:58:22,597 : INFO : EventManager : Event: ======'machine_var_audits_switches_s_left_standup'====== Args={'value': 0, 'prev_value': None, 'change': True}
2025-10-17 07:58:22,598 : INFO : EventManager : Event: ======'machine_var_audits_switches_s_middle_inlane'====== Args={'value': 20, 'prev_value': None, 'change': True}
2025-10-17 07:58:22,598 : INFO : EventManager : Event: ======'machine_var_audits_switches_s_plunger'====== Args={'value': 516, 'prev_value': None, 'change': True}
2025-10-17 07:58:22,599 : INFO : EventManager : Event: ======'machine_var_audits_switches_s_right_center_target'====== Args={'value': 9, 'prev_value': None, 'change': True}
2025-10-17 07:58:22,599 : INFO : EventManager : Event: ======'machine_var_audits_switches_s_right_corridor_spinner'====== Args={'value': 9, 'prev_value': None, 'change': True}
2025-10-17 07:58:22,600 : INFO : EventManager : Event: ======'machine_var_audits_switches_s_right_flipper'====== Args={'value': 147, 'prev_value': None, 'change': True}
2025-10-17 07:58:22,600 : INFO : EventManager : Event: ======'machine_var_audits_switches_s_right_inlane'====== Args={'value': 223, 'prev_value': None, 'change': True}
2025-10-17 07:58:22,601 : INFO : EventManager : Event: ======'machine_var_audits_switches_s_right_outlane'====== Args={'value': 4, 'prev_value': None, 'change': True}
2025-10-17 07:58:22,601 : INFO : EventManager : Event: ======'machine_var_audits_switches_s_right_rollover'====== Args={'value': 362, 'prev_value': None, 'change': True}
2025-10-17 07:58:22,602 : INFO : EventManager : Event: ======'machine_var_audits_switches_s_right_scoop'====== Args={'value': 64, 'prev_value': None, 'change': True}
2025-10-17 07:58:22,602 : INFO : EventManager : Event: ======'machine_var_audits_switches_s_right_standup'====== Args={'value': 138, 'prev_value': None, 'change': True}
2025-10-17 07:58:22,603 : INFO : EventManager : Event: ======'machine_var_audits_switches_s_service_coin'====== Args={'value': 0, 'prev_value': None, 'change': True}
2025-10-17 07:58:22,603 : INFO : EventManager : Event: ======'machine_var_audits_switches_s_sling_left'====== Args={'value': 3, 'prev_value': None, 'change': True}
2025-10-17 07:58:22,604 : INFO : EventManager : Event: ======'machine_var_audits_switches_s_sling_right'====== Args={'value': 8, 'prev_value': None, 'change': True}
2025-10-17 07:58:22,604 : INFO : EventManager : Event: ======'machine_var_audits_switches_s_standup_1'====== Args={'value': 131, 'prev_value': None, 'change': True}
2025-10-17 07:58:22,605 : INFO : EventManager : Event: ======'machine_var_audits_switches_s_standup_2'====== Args={'value': 86, 'prev_value': None, 'change': True}
2025-10-17 07:58:22,605 : INFO : EventManager : Event: ======'machine_var_audits_switches_s_standup_3'====== Args={'value': 76, 'prev_value': None, 'change': True}
2025-10-17 07:58:22,606 : INFO : EventManager : Event: ======'machine_var_audits_switches_s_standup_4'====== Args={'value': 56, 'prev_value': None, 'change': True}
2025-10-17 07:58:22,606 : INFO : EventManager : Event: ======'machine_var_audits_switches_s_standup_5'====== Args={'value': 54, 'prev_value': None, 'change': True}
2025-10-17 07:58:22,607 : INFO : EventManager : Event: ======'machine_var_audits_switches_s_standup_6'====== Args={'value': 44, 'prev_value': None, 'change': True}
2025-10-17 07:58:22,607 : INFO : EventManager : Event: ======'machine_var_audits_switches_s_start'====== Args={'value': 50, 'prev_value': None, 'change': True}
2025-10-17 07:58:22,608 : INFO : EventManager : Event: ======'machine_var_audits_switches_s_top_left_standup'====== Args={'value': 8, 'prev_value': None, 'change': True}
2025-10-17 07:58:22,608 : INFO : EventManager : Event: ======'machine_var_audits_switches_s_top_left_standup2'====== Args={'value': 15, 'prev_value': None, 'change': True}
2025-10-17 07:58:22,609 : INFO : EventManager : Event: ======'machine_var_audits_switches_s_top_middle_inlane'====== Args={'value': 41, 'prev_value': None, 'change': True}
2025-10-17 07:58:22,610 : INFO : EventManager : Event: ======'machine_var_audits_switches_s_trough1'====== Args={'value': 300, 'prev_value': None, 'change': True}
2025-10-17 07:58:22,610 : INFO : EventManager : Event: ======'machine_var_audits_switches_s_trough2'====== Args={'value': 0, 'prev_value': None, 'change': True}
2025-10-17 07:58:22,611 : INFO : EventManager : Event: ======'machine_var_audits_switches_s_trough3'====== Args={'value': 0, 'prev_value': None, 'change': True}
2025-10-17 07:58:22,611 : INFO : EventManager : Event: ======'machine_var_audits_switches_s_trough4'====== Args={'value': 0, 'prev_value': None, 'change': True}
2025-10-17 07:58:22,612 : INFO : EventManager : Event: ======'machine_var_audits_switches_s_trough5'====== Args={'value': 0, 'prev_value': None, 'change': True}
2025-10-17 07:58:22,613 : INFO : EventManager : Event: ======'machine_var_audits_switches_s_trough6'====== Args={'value': 0, 'prev_value': None, 'change': True}
2025-10-17 07:58:22,613 : INFO : EventManager : Event: ======'machine_var_audits_switches_s_trough_jam'====== Args={'value': 0, 'prev_value': None, 'change': True}
2025-10-17 07:58:22,615 : INFO : EventManager : Event: ======'init_phase_5'====== Args={}
2025-10-17 07:58:22,668 : INFO : EventManager : Event: ======'init_done'====== Args={}
2025-10-17 07:58:22,689 : INFO : EventManager : Event: ======'machine_reset_phase_1'====== Args={}
2025-10-17 07:58:22,689 : INFO : EventManager : Event: ======'slide_window_slide_1_removed'====== Args={'_from_bcp': True}
2025-10-17 07:58:22,706 : INFO : EventManager : Event: ======'slide_window_slide_1_created'====== Args={'_from_bcp': True}
2025-10-17 07:58:22,706 : INFO : EventManager : Event: ======'slide_window_slide_1_active'====== Args={'_from_bcp': True}
2025-10-17 07:58:22,723 : INFO : EventManager : Event: ======'machine_reset_phase_2'====== Args={}
2025-10-17 07:58:22,723 : INFO : EventManager : Event: ======'machine_reset_phase_3'====== Args={}
2025-10-17 07:58:22,723 : INFO : drop_target_bank.TIME : All targets are already up. Will not reset bank.
2025-10-17 07:58:22,723 : INFO : drop_target_bank.TRAVEL : All targets are already up. Will not reset bank.
2025-10-17 07:58:22,723 : INFO : EventManager : Event: ======'reset_complete'====== Args={}
2025-10-17 07:58:22,723 : INFO : EventManager : Event: ======'mode_credits_will_start'====== Args={}
2025-10-17 07:58:22,724 : INFO : EventManager : Event: ======'mode_credits_starting'====== Args={}
2025-10-17 07:58:22,724 : INFO : EventManager : Event: ======'mode_attract_will_start'====== Args={}
2025-10-17 07:58:22,724 : INFO : EventManager : Event: ======'mode_attract_starting'====== Args={}
2025-10-17 07:58:22,724 : INFO : Mode.attract : Started. Priority: 10
2025-10-17 07:58:22,724 : INFO : EventManager : Event: ======'modes_active_modes_changed'====== Args={}
2025-10-17 07:58:22,724 : INFO : EventManager : Event: ======'mode_attract_started'====== Args={}
2025-10-17 07:58:22,725 : INFO : EventManager : Event: ======'collecting_balls_complete'====== Args={}
2025-10-17 07:58:22,725 : INFO : Mode.credits : Started. Priority: 1000010
2025-10-17 07:58:22,725 : INFO : EventManager : Event: ======'modes_active_modes_changed'====== Args={}
2025-10-17 07:58:22,725 : INFO : EventManager : Event: ======'mode_credits_started'====== Args={}
2025-10-17 07:58:22,725 : INFO : Mode.credits : Credit units per game: 2
2025-10-17 07:58:22,726 : INFO : EventManager : Event: ======'machine_var_price_per_game_raw_0'====== Args={'value': 0.5, 'prev_value': None, 'change': True}
2025-10-17 07:58:22,726 : INFO : EventManager : Event: ======'machine_var_price_per_game_string_0'====== Args={'value': '1 CREDITS $0.5', 'prev_value': None, 'change': True}
2025-10-17 07:58:22,726 : INFO : EventManager : Event: ======'machine_var_price_per_game_raw_1'====== Args={'value': 2.0, 'prev_value': None, 'change': True}
2025-10-17 07:58:22,727 : INFO : EventManager : Event: ======'machine_var_price_per_game_string_1'====== Args={'value': '5 CREDITS $2.0', 'prev_value': None, 'change': True}
2025-10-17 07:58:22,727 : INFO : EventManager : Event: ======'machine_var_credits_string'====== Args={'value': ' ', 'prev_value': 'FREE PLAY', 'change': True}
2025-10-17 07:58:22,728 : INFO : EventManager : Event: ======'machine_var_credits_value'====== Args={'value': '0', 'prev_value': None, 'change': True}
2025-10-17 07:58:22,728 : INFO : EventManager : Event: ======'machine_var_credits_whole_num'====== Args={'value': 0, 'prev_value': None, 'change': True}
2025-10-17 07:58:22,728 : INFO : EventManager : Event: ======'machine_var_credits_numerator'====== Args={'value': 0, 'prev_value': None, 'change': True}
2025-10-17 07:58:22,729 : INFO : EventManager : Event: ======'machine_var_credits_denominator'====== Args={'value': 0, 'prev_value': None, 'change': True}
2025-10-17 07:58:22,729 : INFO : EventManager : Event: ======'machine_var_credits_string'====== Args={'value': 'CREDITS 0', 'prev_value': ' ', 'change': True}
2025-10-17 07:58:22,730 : INFO : EventManager : Event: ======'machine_var_credits_denominator'====== Args={'value': 2, 'prev_value': 0, 'change': 2}
2025-10-17 07:58:22,778 : INFO : EventManager : Event: ======'slide_awesome_slide_created'====== Args={'_from_bcp': True}
2025-10-17 07:58:22,778 : INFO : EventManager : Event: ======'slide_awesome_slide_active'====== Args={'_from_bcp': True}
2025-10-17 07:58:22,778 : INFO : Machine : Starting the main run loop.
2025-10-17 07:58:23,281 : INFO : BcpServer : New client connected.
2025-10-17 07:58:25,732 : INFO : EventManager : Event: ======'slide_press_start_created'====== Args={'_from_bcp': True}
2025-10-17 07:58:25,743 : INFO : EventManager : Event: ======'slide_press_start_active'====== Args={'_from_bcp': True}
2025-10-17 07:58:28,731 : INFO : EventManager : Event: ======'slide_mission_pinball_created'====== Args={'_from_bcp': True}
2025-10-17 07:58:28,744 : INFO : EventManager : Event: ======'slide_mission_pinball_active'====== Args={'_from_bcp': True}
2025-10-17 07:58:31,730 : INFO : EventManager : Event: ======'slide_last_game_score_slide_created'====== Args={'_from_bcp': True}
2025-10-17 07:58:31,743 : INFO : EventManager : Event: ======'slide_last_game_score_slide_active'====== Args={'_from_bcp': True}
2025-10-17 07:58:34,728 : INFO : EventManager : Event: ======'slide_awesome_slide_removed'====== Args={'_from_bcp': True}
2025-10-17 07:58:34,742 : INFO : EventManager : Event: ======'slide_awesome_slide_created'====== Args={'_from_bcp': True}
2025-10-17 07:58:34,743 : INFO : EventManager : Event: ======'slide_awesome_slide_active'====== Args={'_from_bcp': True}
2025-10-17 07:58:37,730 : INFO : EventManager : Event: ======'slide_press_start_removed'====== Args={'_from_bcp': True}
2025-10-17 07:58:37,732 : INFO : EventManager : Event: ======'slide_press_start_created'====== Args={'_from_bcp': True}
2025-10-17 07:58:37,743 : INFO : EventManager : Event: ======'slide_press_start_active'====== Args={'_from_bcp': True}
2025-10-17 07:58:40,729 : INFO : EventManager : Event: ======'slide_mission_pinball_removed'====== Args={'_from_bcp': True}
2025-10-17 07:58:40,731 : INFO : EventManager : Event: ======'slide_mission_pinball_created'====== Args={'_from_bcp': True}
2025-10-17 07:58:40,743 : INFO : EventManager : Event: ======'slide_mission_pinball_active'====== Args={'_from_bcp': True}
2025-10-17 07:58:43,730 : INFO : EventManager : Event: ======'slide_last_game_score_slide_removed'====== Args={'_from_bcp': True}
2025-10-17 07:58:43,732 : INFO : EventManager : Event: ======'slide_last_game_score_slide_created'====== Args={'_from_bcp': True}
2025-10-17 07:58:43,745 : INFO : EventManager : Event: ======'slide_last_game_score_slide_active'====== Args={'_from_bcp': True}
2025-10-17 07:58:46,729 : INFO : EventManager : Event: ======'slide_awesome_slide_removed'====== Args={'_from_bcp': True}
2025-10-17 07:58:46,743 : INFO : EventManager : Event: ======'slide_awesome_slide_created'====== Args={'_from_bcp': True}
2025-10-17 07:58:46,746 : INFO : EventManager : Event: ======'slide_awesome_slide_active'====== Args={'_from_bcp': True}
2025-10-17 07:58:48,246 : INFO : Machine : Shutting down...
2025-10-17 07:58:48,246 : INFO : EventManager : Event: ======'shutdown'====== Args={}
2025-10-17 07:58:48,255 : INFO : root : MPF run loop ended.
