2025-10-20 22:59:56,807 : INFO : root : Loading config.
2025-10-20 22:59:56,811 : INFO : YamlMultifileConfigLoader : Machine config file #1: config.yaml
2025-10-20 22:59:56,812 : INFO : ConfigProcessor : Loading config from cache: C:\Users\richa\AppData\Local\Temp\f7776651e259183bd84a8c8d686bf868.mpf_cache
2025-10-20 22:59:56,892 : INFO : ConfigProcessor : Loading config from cache: C:\Users\richa\AppData\Local\Temp\70233839fc0b792ce11a62f3c18c1950.mpf_cache
2025-10-20 22:59:56,893 : INFO : ConfigProcessor : Loading config from cache: C:\Users\richa\AppData\Local\Temp\9c8dea79ca4d15ee886340e992e8cb9d.mpf_cache
2025-10-20 22:59:56,894 : INFO : ConfigProcessor : Loading config from cache: C:\Users\richa\AppData\Local\Temp\67a19b095f918111543419ac0271bfb1.mpf_cache
2025-10-20 22:59:56,895 : INFO : ConfigProcessor : Loading config from cache: C:\Users\richa\AppData\Local\Temp\be387b0e8ed00556ec738d83cd6947d1.mpf_cache
2025-10-20 22:59:56,896 : INFO : ConfigProcessor : Loading config from cache: C:\Users\richa\AppData\Local\Temp\5a8efabd9666d8c71fa755fc28a9bf1e.mpf_cache
2025-10-20 22:59:56,897 : INFO : ConfigProcessor : Loading config from cache: C:\Users\richa\AppData\Local\Temp\fb58745e58584e219ff53db445e8e9f2.mpf_cache
2025-10-20 22:59:56,897 : INFO : ConfigProcessor : Loading config from cache: C:\Users\richa\AppData\Local\Temp\3a5badf48d988f9fc0f9b093a934917d.mpf_cache
2025-10-20 22:59:56,898 : INFO : ConfigProcessor : Loading config from cache: C:\Users\richa\AppData\Local\Temp\9e788d9ac28f3464b985b20edf80a10e.mpf_cache
2025-10-20 22:59:56,899 : INFO : ConfigProcessor : Loading config from cache: C:\Users\richa\AppData\Local\Temp\7e426d8ffa907371bf962f3181d8bdf2.mpf_cache
2025-10-20 22:59:56,900 : INFO : ConfigProcessor : Loading config from cache: C:\Users\richa\AppData\Local\Temp\77e0376825dda61b91775259cce643ad.mpf_cache
2025-10-20 22:59:56,900 : INFO : ConfigProcessor : Loading config from cache: C:\Users\richa\AppData\Local\Temp\e68c20669f80ec7d0801afbfa80f9eff.mpf_cache
2025-10-20 22:59:56,901 : INFO : ConfigProcessor : Loading config from cache: C:\Users\richa\AppData\Local\Temp\b710dc01437f1dfd05f3b5275f67493b.mpf_cache
2025-10-20 22:59:56,902 : INFO : ConfigProcessor : Loading config from cache: C:\Users\richa\AppData\Local\Temp\0a23590f4081187a3ecee75c7657616e.mpf_cache
2025-10-20 22:59:56,903 : INFO : ConfigProcessor : Loading config from cache: C:\Users\richa\AppData\Local\Temp\374a5edaf0766cb9005f368df852c09d.mpf_cache
2025-10-20 22:59:56,903 : INFO : ConfigProcessor : Loading config from cache: C:\Users\richa\AppData\Local\Temp\b50d1c72289d6f8f00cba34766fbb2e5.mpf_cache
2025-10-20 22:59:56,904 : INFO : ConfigProcessor : Loading config from cache: C:\Users\richa\AppData\Local\Temp\bfc680b70531e398658191c2a179bce0.mpf_cache
2025-10-20 22:59:56,905 : INFO : ConfigProcessor : Loading config from cache: C:\Users\richa\AppData\Local\Temp\069a726c379c7a3dc006889318eb30f2.mpf_cache
2025-10-20 22:59:56,906 : INFO : ConfigProcessor : Loading config from cache: C:\Users\richa\AppData\Local\Temp\6159dd3e8b071f5aa615e717784124e9.mpf_cache
2025-10-20 22:59:56,906 : INFO : ConfigProcessor : Loading config from cache: C:\Users\richa\AppData\Local\Temp\e382c4765158d2be92c1673fc03a4ad6.mpf_cache
2025-10-20 22:59:56,907 : INFO : ConfigProcessor : Loading config from cache: C:\Users\richa\AppData\Local\Temp\868b3b6361e3aaa0a56bd50d9388247e.mpf_cache
2025-10-20 22:59:56,908 : INFO : Machine : Mission Pinball Framework Core Engine v0.57.0.dev39
2025-10-20 22:59:56,908 : INFO : Machine : Command line arguments: {'no_load_cache': False, 'create_config_cache': True, 'bcp': True, 'configfile': ['config.yaml'], 'force_assets_load': False, 'jsonlogging': False, 'logfile': 'logs\\2025-10-20-22-59-56-mpf-DESKTOP-RK7BE5M.log', 'pause': False, 'production': False, 'text_ui': True, 'loglevel': 15, 'consoleloglevel': 20, 'force_platform': None, 'syslog_address': None, 'mc_file_name': None, 'no_sound': False}
2025-10-20 22:59:56,908 : INFO : Machine : MPF path: C:\Users\richa\mpfvirtual4\lib\site-packages\mpf
2025-10-20 22:59:56,908 : INFO : Machine : Machine path: C:\Users\richa\ttp7
2025-10-20 22:59:56,908 : INFO : Machine : Platform: win32
2025-10-20 22:59:56,908 : INFO : Machine : Python executable location: C:\Users\richa\mpfvirtual4\Scripts\python.exe
2025-10-20 22:59:56,908 : INFO : Machine : Python version: 3.9.13 (64-bit)
2025-10-20 22:59:56,910 : INFO : Machine : Initializing MPF...
2025-10-20 22:59:57,272 : INFO : EventManager : Event: ======'machine_var_credits_string'====== Args={'value': 'FREE PLAY', 'prev_value': None, 'change': True}
2025-10-20 22:59:57,331 : INFO : EventManager : Event: ======'machine_var_credit_units'====== Args={'value': 2, 'prev_value': None, 'change': True}
2025-10-20 22:59:57,331 : INFO : EventManager : Event: ======'machine_var_free_play'====== Args={'value': False, 'prev_value': None, 'change': True}
2025-10-20 22:59:57,331 : INFO : EventManager : Event: ======'machine_var_master_volume'====== Args={'value': 0.7, 'prev_value': None, 'change': True}
2025-10-20 22:59:57,331 : INFO : EventManager : Event: ======'machine_var_player1_score'====== Args={'value': 300, 'prev_value': None, 'change': True}
2025-10-20 22:59:57,331 : INFO : EventManager : Event: ======'machine_var_mpf_version'====== Args={'value': 'Mission Pinball Framework v0.57.0.dev39', 'prev_value': None, 'change': True}
2025-10-20 22:59:57,331 : INFO : EventManager : Event: ======'machine_var_mpf_extended_version'====== Args={'value': 'Mission Pinball Framework v0.57.0.dev39, Config version:6, Show version: 6, BCP version:1.1', 'prev_value': None, 'change': True}
2025-10-20 22:59:57,331 : INFO : EventManager : Event: ======'machine_var_python_version'====== Args={'value': '3.9.13', 'prev_value': None, 'change': True}
2025-10-20 22:59:57,341 : INFO : EventManager : Event: ======'machine_var_platform'====== Args={'value': 'Windows-10-10.0.19045-SP0', 'prev_value': None, 'change': True}
2025-10-20 22:59:57,341 : INFO : EventManager : Event: ======'machine_var_platform_system'====== Args={'value': 'Windows', 'prev_value': None, 'change': True}
2025-10-20 22:59:57,341 : INFO : EventManager : Event: ======'machine_var_platform_release'====== Args={'value': '10', 'prev_value': None, 'change': True}
2025-10-20 22:59:57,341 : INFO : EventManager : Event: ======'machine_var_platform_version'====== Args={'value': '10.0.19045', 'prev_value': None, 'change': True}
2025-10-20 22:59:57,341 : INFO : EventManager : Event: ======'machine_var_platform_machine'====== Args={'value': 'AMD64', 'prev_value': None, 'change': True}
2025-10-20 22:59:57,342 : INFO : EventManager : Event: ======'init_phase_1'====== Args={}
2025-10-20 22:59:57,398 : INFO : EventManager : Event: ======'drop_target_bank_TIME_up'====== Args={}
2025-10-20 22:59:57,398 : INFO : EventManager : Event: ======'drop_target_bank_CENTER_up'====== Args={}
2025-10-20 22:59:57,398 : INFO : EventManager : Event: ======'drop_target_bank_TRAVEL_up'====== Args={}
2025-10-20 22:59:57,399 : INFO : EventManager : Event: ======'init_phase_2'====== Args={}
2025-10-20 22:59:57,399 : INFO : SwitchController : Found active switch: ('2', <Platform.SmartVirtual>) <switch.s_trough1>
2025-10-20 22:59:57,399 : INFO : SwitchController : Found active switch: ('3', <Platform.SmartVirtual>) <switch.s_trough2>
2025-10-20 22:59:57,399 : INFO : SwitchController : Found active switch: ('4', <Platform.SmartVirtual>) <switch.s_trough3>
2025-10-20 22:59:57,399 : INFO : SwitchController : Found active switch: ('5', <Platform.SmartVirtual>) <switch.s_trough4>
2025-10-20 22:59:57,399 : INFO : SwitchController : Found active switch: ('6', <Platform.SmartVirtual>) <switch.s_trough5>
2025-10-20 22:59:57,399 : INFO : SwitchController : Found active switch: ('7', <Platform.SmartVirtual>) <switch.s_trough6>
2025-10-20 22:59:57,417 : INFO : EventManager : Event: ======'bcp_connection_attempt'====== Args={'name': 'local_display', 'host': 'localhost', 'port': 5050}
2025-10-20 22:59:57,419 : INFO : BCPClientSocket : Connecting BCP to 'local_display' at localhost:5050...
2025-10-20 22:59:59,434 : INFO : BCPClientSocket : Connected BCP to 'local_display' localhost:5050
2025-10-20 22:59:59,435 : INFO : EventManager : Event: ======'bcp_clients_connected'====== Args={}
2025-10-20 22:59:59,717 : INFO : ball_device.bd_trough : BCH: Initial count: 6
2025-10-20 22:59:59,717 : INFO : EventManager : Event: ======'machine_var_mc_version'====== Args={'value': 'MPF-MC v0.57.0.dev10', 'prev_value': None, 'change': True}
2025-10-20 22:59:59,717 : INFO : EventManager : Event: ======'machine_var_mc_extended_version'====== Args={'value': 'MPF-MC v0.57.0.dev10 (config_version=6, BCP v1.1,                      Requires MPF API compatibility v0.57.0.dev19 or newer)', 'prev_value': None, 'change': True}
2025-10-20 22:59:59,720 : INFO : ball_device.bd_trough : State: idle
2025-10-20 22:59:59,804 : INFO : ball_device.bd_plunger : BCH: Initial count: 0
2025-10-20 22:59:59,804 : INFO : ball_device.bd_plunger : State: idle
2025-10-20 22:59:59,804 : INFO : ball_device.bd_left_scoop : BCH: Initial count: 0
2025-10-20 22:59:59,805 : INFO : ball_device.bd_left_scoop : State: idle
2025-10-20 22:59:59,805 : INFO : ball_device.bd_center_scoop : BCH: Initial count: 0
2025-10-20 22:59:59,805 : INFO : ball_device.bd_center_scoop : State: idle
2025-10-20 22:59:59,805 : INFO : ball_device.bd_right_scoop : BCH: Initial count: 0
2025-10-20 22:59:59,806 : INFO : ball_device.bd_right_scoop : State: idle
2025-10-20 22:59:59,829 : INFO : EventManager : Event: ======'init_phase_3'====== Args={}
2025-10-20 22:59:59,878 : INFO : EventManager : Event: ======'init_phase_4'====== Args={}
2025-10-20 22:59:59,878 : INFO : BallController : Initial balls found: 6
2025-10-20 22:59:59,879 : INFO : EventManager : Event: ======'machine_var_audits_events_game_ended'====== Args={'value': 73, 'prev_value': None, 'change': True}
2025-10-20 22:59:59,880 : INFO : EventManager : Event: ======'machine_var_audits_events_game_started'====== Args={'value': 384, 'prev_value': None, 'change': True}
2025-10-20 22:59:59,880 : INFO : EventManager : Event: ======'machine_var_audits_missing_switches_s_A'====== Args={'value': 67, 'prev_value': None, 'change': True}
2025-10-20 22:59:59,880 : INFO : EventManager : Event: ======'machine_var_audits_missing_switches_s_Eb'====== Args={'value': 67, 'prev_value': None, 'change': True}
2025-10-20 22:59:59,880 : INFO : EventManager : Event: ======'machine_var_audits_missing_switches_s_L'====== Args={'value': 67, 'prev_value': None, 'change': True}
2025-10-20 22:59:59,880 : INFO : EventManager : Event: ======'machine_var_audits_missing_switches_s_R'====== Args={'value': 67, 'prev_value': None, 'change': True}
2025-10-20 22:59:59,881 : INFO : EventManager : Event: ======'machine_var_audits_missing_switches_s_Tb'====== Args={'value': 67, 'prev_value': None, 'change': True}
2025-10-20 22:59:59,881 : INFO : EventManager : Event: ======'machine_var_audits_missing_switches_s_V'====== Args={'value': 67, 'prev_value': None, 'change': True}
2025-10-20 22:59:59,881 : INFO : EventManager : Event: ======'machine_var_audits_missing_switches_s_bumper1'====== Args={'value': 4, 'prev_value': None, 'change': True}
2025-10-20 22:59:59,881 : INFO : EventManager : Event: ======'machine_var_audits_missing_switches_s_bumper2'====== Args={'value': 8, 'prev_value': None, 'change': True}
2025-10-20 22:59:59,881 : INFO : EventManager : Event: ======'machine_var_audits_missing_switches_s_bumper_1'====== Args={'value': 28, 'prev_value': None, 'change': True}
2025-10-20 22:59:59,881 : INFO : EventManager : Event: ======'machine_var_audits_missing_switches_s_bumper_2'====== Args={'value': 28, 'prev_value': None, 'change': True}
2025-10-20 22:59:59,882 : INFO : EventManager : Event: ======'machine_var_audits_missing_switches_s_center_rollover'====== Args={'value': 2, 'prev_value': None, 'change': True}
2025-10-20 22:59:59,882 : INFO : EventManager : Event: ======'machine_var_audits_missing_switches_s_center_scoop'====== Args={'value': 3, 'prev_value': None, 'change': True}
2025-10-20 22:59:59,882 : INFO : EventManager : Event: ======'machine_var_audits_missing_switches_s_launcher_lane_spinner'====== Args={'value': 50, 'prev_value': None, 'change': True}
2025-10-20 22:59:59,882 : INFO : EventManager : Event: ======'machine_var_audits_missing_switches_s_left_corridor_spinner'====== Args={'value': 4, 'prev_value': None, 'change': True}
2025-10-20 22:59:59,882 : INFO : EventManager : Event: ======'machine_var_audits_missing_switches_s_left_flipper'====== Args={'value': 7, 'prev_value': None, 'change': True}
2025-10-20 22:59:59,882 : INFO : EventManager : Event: ======'machine_var_audits_missing_switches_s_left_rollover'====== Args={'value': 9, 'prev_value': None, 'change': True}
2025-10-20 22:59:59,882 : INFO : EventManager : Event: ======'machine_var_audits_missing_switches_s_left_scoop'====== Args={'value': 8, 'prev_value': None, 'change': True}
2025-10-20 22:59:59,883 : INFO : EventManager : Event: ======'machine_var_audits_missing_switches_s_left_standup'====== Args={'value': 50, 'prev_value': None, 'change': True}
2025-10-20 22:59:59,883 : INFO : EventManager : Event: ======'machine_var_audits_missing_switches_s_right_corridor_spinner'====== Args={'value': 45, 'prev_value': None, 'change': True}
2025-10-20 22:59:59,883 : INFO : EventManager : Event: ======'machine_var_audits_missing_switches_s_right_flipper'====== Args={'value': 11, 'prev_value': None, 'change': True}
2025-10-20 22:59:59,883 : INFO : EventManager : Event: ======'machine_var_audits_missing_switches_s_right_rollover'====== Args={'value': 2, 'prev_value': None, 'change': True}
2025-10-20 22:59:59,883 : INFO : EventManager : Event: ======'machine_var_audits_missing_switches_s_service_down'====== Args={'value': 19, 'prev_value': None, 'change': True}
2025-10-20 22:59:59,883 : INFO : EventManager : Event: ======'machine_var_audits_missing_switches_s_service_esc'====== Args={'value': 3, 'prev_value': None, 'change': True}
2025-10-20 22:59:59,884 : INFO : EventManager : Event: ======'machine_var_audits_missing_switches_s_service_up'====== Args={'value': 19, 'prev_value': None, 'change': True}
2025-10-20 22:59:59,884 : INFO : EventManager : Event: ======'machine_var_audits_missing_switches_s_sling_right'====== Args={'value': 233, 'prev_value': None, 'change': True}
2025-10-20 22:59:59,884 : INFO : EventManager : Event: ======'machine_var_audits_missing_switches_s_trough1'====== Args={'value': 2, 'prev_value': None, 'change': True}
2025-10-20 22:59:59,884 : INFO : EventManager : Event: ======'machine_var_audits_missing_switches_s_trough2'====== Args={'value': 69, 'prev_value': None, 'change': True}
2025-10-20 22:59:59,884 : INFO : EventManager : Event: ======'machine_var_audits_missing_switches_s_trough3'====== Args={'value': 384, 'prev_value': None, 'change': True}
2025-10-20 22:59:59,884 : INFO : EventManager : Event: ======'machine_var_audits_missing_switches_s_trough4'====== Args={'value': 384, 'prev_value': None, 'change': True}
2025-10-20 22:59:59,885 : INFO : EventManager : Event: ======'machine_var_audits_missing_switches_s_trough5'====== Args={'value': 384, 'prev_value': None, 'change': True}
2025-10-20 22:59:59,885 : INFO : EventManager : Event: ======'machine_var_audits_missing_switches_s_trough6'====== Args={'value': 384, 'prev_value': None, 'change': True}
2025-10-20 22:59:59,885 : INFO : EventManager : Event: ======'machine_var_audits_player_score'====== Args={'value': {'average': 6450684, 'top': [75043600, 70538842, 47521800, 45002500, 43517500, 42224750, 41236342, 31835000, 17715450, 15508500], 'total': 77}, 'prev_value': None, 'change': True}
2025-10-20 22:59:59,885 : INFO : EventManager : Event: ======'machine_var_audits_shots_A'====== Args={'value': 51, 'prev_value': None, 'change': True}
2025-10-20 22:59:59,885 : INFO : EventManager : Event: ======'machine_var_audits_shots_E'====== Args={'value': 214, 'prev_value': None, 'change': True}
2025-10-20 22:59:59,885 : INFO : EventManager : Event: ======'machine_var_audits_shots_Eb'====== Args={'value': 43, 'prev_value': None, 'change': True}
2025-10-20 22:59:59,886 : INFO : EventManager : Event: ======'machine_var_audits_shots_I'====== Args={'value': 207, 'prev_value': None, 'change': True}
2025-10-20 22:59:59,886 : INFO : EventManager : Event: ======'machine_var_audits_shots_L'====== Args={'value': 44, 'prev_value': None, 'change': True}
2025-10-20 22:59:59,886 : INFO : EventManager : Event: ======'machine_var_audits_shots_M'====== Args={'value': 209, 'prev_value': None, 'change': True}
2025-10-20 22:59:59,886 : INFO : EventManager : Event: ======'machine_var_audits_shots_R'====== Args={'value': 63, 'prev_value': None, 'change': True}
2025-10-20 22:59:59,887 : INFO : EventManager : Event: ======'machine_var_audits_shots_T'====== Args={'value': 209, 'prev_value': None, 'change': True}
2025-10-20 22:59:59,887 : INFO : EventManager : Event: ======'machine_var_audits_shots_Tb'====== Args={'value': 85, 'prev_value': None, 'change': True}
2025-10-20 22:59:59,887 : INFO : EventManager : Event: ======'machine_var_audits_shots_V'====== Args={'value': 44, 'prev_value': None, 'change': True}
2025-10-20 22:59:59,887 : INFO : EventManager : Event: ======'machine_var_audits_shots_bumper1_shot'====== Args={'value': 358, 'prev_value': None, 'change': True}
2025-10-20 22:59:59,887 : INFO : EventManager : Event: ======'machine_var_audits_shots_bumper2_shot'====== Args={'value': 883, 'prev_value': None, 'change': True}
2025-10-20 22:59:59,888 : INFO : EventManager : Event: ======'machine_var_audits_shots_center_center_droptarget'====== Args={'value': 22, 'prev_value': None, 'change': True}
2025-10-20 22:59:59,888 : INFO : EventManager : Event: ======'machine_var_audits_shots_center_rollover'====== Args={'value': 7, 'prev_value': None, 'change': True}
2025-10-20 22:59:59,888 : INFO : EventManager : Event: ======'machine_var_audits_shots_center_rollover_shot'====== Args={'value': 350, 'prev_value': None, 'change': True}
2025-10-20 22:59:59,888 : INFO : EventManager : Event: ======'machine_var_audits_shots_center_scoop_shot'====== Args={'value': 11, 'prev_value': None, 'change': True}
2025-10-20 22:59:59,888 : INFO : EventManager : Event: ======'machine_var_audits_shots_jets'====== Args={'value': 1182, 'prev_value': None, 'change': True}
2025-10-20 22:59:59,889 : INFO : EventManager : Event: ======'machine_var_audits_shots_left_center_droptarget'====== Args={'value': 22, 'prev_value': None, 'change': True}
2025-10-20 22:59:59,889 : INFO : EventManager : Event: ======'machine_var_audits_shots_left_corridor_spinner'====== Args={'value': 9, 'prev_value': None, 'change': True}
2025-10-20 22:59:59,889 : INFO : EventManager : Event: ======'machine_var_audits_shots_left_corridor_spinner2'====== Args={'value': 10, 'prev_value': None, 'change': True}
2025-10-20 22:59:59,889 : INFO : EventManager : Event: ======'machine_var_audits_shots_left_corridor_spinner2_shot'====== Args={'value': 1, 'prev_value': None, 'change': True}
2025-10-20 22:59:59,890 : INFO : EventManager : Event: ======'machine_var_audits_shots_left_corridor_spinner_shot'====== Args={'value': 196, 'prev_value': None, 'change': True}
2025-10-20 22:59:59,890 : INFO : EventManager : Event: ======'machine_var_audits_shots_left_inlane_shot'====== Args={'value': 9, 'prev_value': None, 'change': True}
2025-10-20 22:59:59,890 : INFO : EventManager : Event: ======'machine_var_audits_shots_left_outlane_shot'====== Args={'value': 9, 'prev_value': None, 'change': True}
2025-10-20 22:59:59,890 : INFO : EventManager : Event: ======'machine_var_audits_shots_left_rollover'====== Args={'value': 36, 'prev_value': None, 'change': True}
2025-10-20 22:59:59,890 : INFO : EventManager : Event: ======'machine_var_audits_shots_left_rollover_shot'====== Args={'value': 287, 'prev_value': None, 'change': True}
2025-10-20 22:59:59,891 : INFO : EventManager : Event: ======'machine_var_audits_shots_left_scoop_shot'====== Args={'value': 41, 'prev_value': None, 'change': True}
2025-10-20 22:59:59,891 : INFO : EventManager : Event: ======'machine_var_audits_shots_left_standup_shot'====== Args={'value': 15, 'prev_value': None, 'change': True}
2025-10-20 22:59:59,891 : INFO : EventManager : Event: ======'machine_var_audits_shots_letf_inlane_shot'====== Args={'value': 6, 'prev_value': None, 'change': True}
2025-10-20 22:59:59,891 : INFO : EventManager : Event: ======'machine_var_audits_shots_letf_outlane_shot'====== Args={'value': 5, 'prev_value': None, 'change': True}
2025-10-20 22:59:59,892 : INFO : EventManager : Event: ======'machine_var_audits_shots_middle_inlane_shot'====== Args={'value': 20, 'prev_value': None, 'change': True}
2025-10-20 22:59:59,892 : INFO : EventManager : Event: ======'machine_var_audits_shots_my_first_shot'====== Args={'value': 95, 'prev_value': None, 'change': True}
2025-10-20 22:59:59,892 : INFO : EventManager : Event: ======'machine_var_audits_shots_right_center_droptarget'====== Args={'value': 23, 'prev_value': None, 'change': True}
2025-10-20 22:59:59,893 : INFO : EventManager : Event: ======'machine_var_audits_shots_right_corridor_spinner'====== Args={'value': 3, 'prev_value': None, 'change': True}
2025-10-20 22:59:59,893 : INFO : EventManager : Event: ======'machine_var_audits_shots_right_inlane_shot'====== Args={'value': 116, 'prev_value': None, 'change': True}
2025-10-20 22:59:59,894 : INFO : EventManager : Event: ======'machine_var_audits_shots_right_outlane_shot'====== Args={'value': 38, 'prev_value': None, 'change': True}
2025-10-20 22:59:59,895 : INFO : EventManager : Event: ======'machine_var_audits_shots_right_rollover'====== Args={'value': 41, 'prev_value': None, 'change': True}
2025-10-20 22:59:59,895 : INFO : EventManager : Event: ======'machine_var_audits_shots_right_rollover_shot'====== Args={'value': 419, 'prev_value': None, 'change': True}
2025-10-20 22:59:59,895 : INFO : EventManager : Event: ======'machine_var_audits_shots_right_scoop_shot'====== Args={'value': 63, 'prev_value': None, 'change': True}
2025-10-20 22:59:59,895 : INFO : EventManager : Event: ======'machine_var_audits_shots_right_standup'====== Args={'value': 41, 'prev_value': None, 'change': True}
2025-10-20 22:59:59,896 : INFO : EventManager : Event: ======'machine_var_audits_shots_right_standup_shot'====== Args={'value': 26, 'prev_value': None, 'change': True}
2025-10-20 22:59:59,896 : INFO : EventManager : Event: ======'machine_var_audits_shots_standup_1_skill'====== Args={'value': 65, 'prev_value': None, 'change': True}
2025-10-20 22:59:59,896 : INFO : EventManager : Event: ======'machine_var_audits_shots_standup_2_skill'====== Args={'value': 31, 'prev_value': None, 'change': True}
2025-10-20 22:59:59,897 : INFO : EventManager : Event: ======'machine_var_audits_shots_standup_3_skill'====== Args={'value': 13, 'prev_value': None, 'change': True}
2025-10-20 22:59:59,897 : INFO : EventManager : Event: ======'machine_var_audits_shots_standup_4_skill'====== Args={'value': 9, 'prev_value': None, 'change': True}
2025-10-20 22:59:59,897 : INFO : EventManager : Event: ======'machine_var_audits_shots_standup_5_skill'====== Args={'value': 4, 'prev_value': None, 'change': True}
2025-10-20 22:59:59,897 : INFO : EventManager : Event: ======'machine_var_audits_shots_standup_6_skill'====== Args={'value': 2, 'prev_value': None, 'change': True}
2025-10-20 22:59:59,898 : INFO : EventManager : Event: ======'machine_var_audits_shots_top_left_standup2_shot'====== Args={'value': 18, 'prev_value': None, 'change': True}
2025-10-20 22:59:59,898 : INFO : EventManager : Event: ======'machine_var_audits_shots_top_left_standup_shot'====== Args={'value': 9, 'prev_value': None, 'change': True}
2025-10-20 22:59:59,899 : INFO : EventManager : Event: ======'machine_var_audits_shots_top_middle_inlane_shot'====== Args={'value': 41, 'prev_value': None, 'change': True}
2025-10-20 22:59:59,899 : INFO : EventManager : Event: ======'machine_var_audits_switches_s_A'====== Args={'value': 0, 'prev_value': None, 'change': True}
2025-10-20 22:59:59,899 : INFO : EventManager : Event: ======'machine_var_audits_switches_s_E'====== Args={'value': 219, 'prev_value': None, 'change': True}
2025-10-20 22:59:59,899 : INFO : EventManager : Event: ======'machine_var_audits_switches_s_Eb'====== Args={'value': 0, 'prev_value': None, 'change': True}
2025-10-20 22:59:59,900 : INFO : EventManager : Event: ======'machine_var_audits_switches_s_I'====== Args={'value': 212, 'prev_value': None, 'change': True}
2025-10-20 22:59:59,900 : INFO : EventManager : Event: ======'machine_var_audits_switches_s_L'====== Args={'value': 0, 'prev_value': None, 'change': True}
2025-10-20 22:59:59,900 : INFO : EventManager : Event: ======'machine_var_audits_switches_s_M'====== Args={'value': 214, 'prev_value': None, 'change': True}
2025-10-20 22:59:59,900 : INFO : EventManager : Event: ======'machine_var_audits_switches_s_R'====== Args={'value': 0, 'prev_value': None, 'change': True}
2025-10-20 22:59:59,901 : INFO : EventManager : Event: ======'machine_var_audits_switches_s_T'====== Args={'value': 213, 'prev_value': None, 'change': True}
2025-10-20 22:59:59,901 : INFO : EventManager : Event: ======'machine_var_audits_switches_s_Tb'====== Args={'value': 0, 'prev_value': None, 'change': True}
2025-10-20 22:59:59,901 : INFO : EventManager : Event: ======'machine_var_audits_switches_s_V'====== Args={'value': 0, 'prev_value': None, 'change': True}
2025-10-20 22:59:59,902 : INFO : EventManager : Event: ======'machine_var_audits_switches_s_bumper1'====== Args={'value': 358, 'prev_value': None, 'change': True}
2025-10-20 22:59:59,902 : INFO : EventManager : Event: ======'machine_var_audits_switches_s_bumper2'====== Args={'value': 887, 'prev_value': None, 'change': True}
2025-10-20 22:59:59,902 : INFO : EventManager : Event: ======'machine_var_audits_switches_s_bumper_1'====== Args={'value': 0, 'prev_value': None, 'change': True}
2025-10-20 22:59:59,903 : INFO : EventManager : Event: ======'machine_var_audits_switches_s_bumper_2'====== Args={'value': 0, 'prev_value': None, 'change': True}
2025-10-20 22:59:59,903 : INFO : EventManager : Event: ======'machine_var_audits_switches_s_center_center_target'====== Args={'value': 28, 'prev_value': None, 'change': True}
2025-10-20 22:59:59,903 : INFO : EventManager : Event: ======'machine_var_audits_switches_s_center_rollover'====== Args={'value': 363, 'prev_value': None, 'change': True}
2025-10-20 22:59:59,903 : INFO : EventManager : Event: ======'machine_var_audits_switches_s_center_scoop'====== Args={'value': 25, 'prev_value': None, 'change': True}
2025-10-20 22:59:59,904 : INFO : EventManager : Event: ======'machine_var_audits_switches_s_coin_left'====== Args={'value': 20, 'prev_value': None, 'change': True}
2025-10-20 22:59:59,904 : INFO : EventManager : Event: ======'machine_var_audits_switches_s_door_open'====== Args={'value': 5, 'prev_value': None, 'change': True}
2025-10-20 22:59:59,905 : INFO : EventManager : Event: ======'machine_var_audits_switches_s_launcher_lane_spinner'====== Args={'value': 9, 'prev_value': None, 'change': True}
2025-10-20 22:59:59,905 : INFO : EventManager : Event: ======'machine_var_audits_switches_s_left_center_target'====== Args={'value': 29, 'prev_value': None, 'change': True}
2025-10-20 22:59:59,905 : INFO : EventManager : Event: ======'machine_var_audits_switches_s_left_corridor_spinner'====== Args={'value': 237, 'prev_value': None, 'change': True}
2025-10-20 22:59:59,906 : INFO : EventManager : Event: ======'machine_var_audits_switches_s_left_corridor_spinner2'====== Args={'value': 15, 'prev_value': None, 'change': True}
2025-10-20 22:59:59,906 : INFO : EventManager : Event: ======'machine_var_audits_switches_s_left_flipper'====== Args={'value': 371, 'prev_value': None, 'change': True}
2025-10-20 22:59:59,906 : INFO : EventManager : Event: ======'machine_var_audits_switches_s_left_inlane'====== Args={'value': 25, 'prev_value': None, 'change': True}
2025-10-20 22:59:59,907 : INFO : EventManager : Event: ======'machine_var_audits_switches_s_left_outlane'====== Args={'value': 17, 'prev_value': None, 'change': True}
2025-10-20 22:59:59,907 : INFO : EventManager : Event: ======'machine_var_audits_switches_s_left_rollover'====== Args={'value': 298, 'prev_value': None, 'change': True}
2025-10-20 22:59:59,907 : INFO : EventManager : Event: ======'machine_var_audits_switches_s_left_scoop'====== Args={'value': 258, 'prev_value': None, 'change': True}
2025-10-20 22:59:59,907 : INFO : EventManager : Event: ======'machine_var_audits_switches_s_left_standup'====== Args={'value': 20, 'prev_value': None, 'change': True}
2025-10-20 22:59:59,908 : INFO : EventManager : Event: ======'machine_var_audits_switches_s_middle_inlane'====== Args={'value': 20, 'prev_value': None, 'change': True}
2025-10-20 22:59:59,908 : INFO : EventManager : Event: ======'machine_var_audits_switches_s_plunger'====== Args={'value': 666, 'prev_value': None, 'change': True}
2025-10-20 22:59:59,909 : INFO : EventManager : Event: ======'machine_var_audits_switches_s_right_center_target'====== Args={'value': 32, 'prev_value': None, 'change': True}
2025-10-20 22:59:59,909 : INFO : EventManager : Event: ======'machine_var_audits_switches_s_right_corridor_spinner'====== Args={'value': 24, 'prev_value': None, 'change': True}
2025-10-20 22:59:59,909 : INFO : EventManager : Event: ======'machine_var_audits_switches_s_right_flipper'====== Args={'value': 156, 'prev_value': None, 'change': True}
2025-10-20 22:59:59,910 : INFO : EventManager : Event: ======'machine_var_audits_switches_s_right_inlane'====== Args={'value': 243, 'prev_value': None, 'change': True}
2025-10-20 22:59:59,911 : INFO : EventManager : Event: ======'machine_var_audits_switches_s_right_outlane'====== Args={'value': 44, 'prev_value': None, 'change': True}
2025-10-20 22:59:59,911 : INFO : EventManager : Event: ======'machine_var_audits_switches_s_right_rollover'====== Args={'value': 431, 'prev_value': None, 'change': True}
2025-10-20 22:59:59,912 : INFO : EventManager : Event: ======'machine_var_audits_switches_s_right_scoop'====== Args={'value': 80, 'prev_value': None, 'change': True}
2025-10-20 22:59:59,912 : INFO : EventManager : Event: ======'machine_var_audits_switches_s_right_standup'====== Args={'value': 175, 'prev_value': None, 'change': True}
2025-10-20 22:59:59,913 : INFO : EventManager : Event: ======'machine_var_audits_switches_s_service_coin'====== Args={'value': 2, 'prev_value': None, 'change': True}
2025-10-20 22:59:59,913 : INFO : EventManager : Event: ======'machine_var_audits_switches_s_service_down'====== Args={'value': 28, 'prev_value': None, 'change': True}
2025-10-20 22:59:59,914 : INFO : EventManager : Event: ======'machine_var_audits_switches_s_service_enter'====== Args={'value': 17, 'prev_value': None, 'change': True}
2025-10-20 22:59:59,914 : INFO : EventManager : Event: ======'machine_var_audits_switches_s_service_esc'====== Args={'value': 11, 'prev_value': None, 'change': True}
2025-10-20 22:59:59,915 : INFO : EventManager : Event: ======'machine_var_audits_switches_s_service_up'====== Args={'value': 31, 'prev_value': None, 'change': True}
2025-10-20 22:59:59,915 : INFO : EventManager : Event: ======'machine_var_audits_switches_s_sling_left'====== Args={'value': 4, 'prev_value': None, 'change': True}
2025-10-20 22:59:59,916 : INFO : EventManager : Event: ======'machine_var_audits_switches_s_sling_right'====== Args={'value': 8, 'prev_value': None, 'change': True}
2025-10-20 22:59:59,917 : INFO : EventManager : Event: ======'machine_var_audits_switches_s_standup_1'====== Args={'value': 169, 'prev_value': None, 'change': True}
2025-10-20 22:59:59,917 : INFO : EventManager : Event: ======'machine_var_audits_switches_s_standup_2'====== Args={'value': 106, 'prev_value': None, 'change': True}
2025-10-20 22:59:59,918 : INFO : EventManager : Event: ======'machine_var_audits_switches_s_standup_3'====== Args={'value': 94, 'prev_value': None, 'change': True}
2025-10-20 22:59:59,918 : INFO : EventManager : Event: ======'machine_var_audits_switches_s_standup_4'====== Args={'value': 69, 'prev_value': None, 'change': True}
2025-10-20 22:59:59,919 : INFO : EventManager : Event: ======'machine_var_audits_switches_s_standup_5'====== Args={'value': 67, 'prev_value': None, 'change': True}
2025-10-20 22:59:59,920 : INFO : EventManager : Event: ======'machine_var_audits_switches_s_standup_6'====== Args={'value': 58, 'prev_value': None, 'change': True}
2025-10-20 22:59:59,920 : INFO : EventManager : Event: ======'machine_var_audits_switches_s_start'====== Args={'value': 62, 'prev_value': None, 'change': True}
2025-10-20 22:59:59,921 : INFO : EventManager : Event: ======'machine_var_audits_switches_s_tilt'====== Args={'value': 25, 'prev_value': None, 'change': True}
2025-10-20 22:59:59,921 : INFO : EventManager : Event: ======'machine_var_audits_switches_s_top_left_standup'====== Args={'value': 20, 'prev_value': None, 'change': True}
2025-10-20 22:59:59,922 : INFO : EventManager : Event: ======'machine_var_audits_switches_s_top_left_standup2'====== Args={'value': 38, 'prev_value': None, 'change': True}
2025-10-20 22:59:59,922 : INFO : EventManager : Event: ======'machine_var_audits_switches_s_top_middle_inlane'====== Args={'value': 41, 'prev_value': None, 'change': True}
2025-10-20 22:59:59,923 : INFO : EventManager : Event: ======'machine_var_audits_switches_s_trough1'====== Args={'value': 383, 'prev_value': None, 'change': True}
2025-10-20 22:59:59,924 : INFO : EventManager : Event: ======'machine_var_audits_switches_s_trough2'====== Args={'value': 1, 'prev_value': None, 'change': True}
2025-10-20 22:59:59,924 : INFO : EventManager : Event: ======'machine_var_audits_switches_s_trough3'====== Args={'value': 0, 'prev_value': None, 'change': True}
2025-10-20 22:59:59,925 : INFO : EventManager : Event: ======'machine_var_audits_switches_s_trough4'====== Args={'value': 0, 'prev_value': None, 'change': True}
2025-10-20 22:59:59,925 : INFO : EventManager : Event: ======'machine_var_audits_switches_s_trough5'====== Args={'value': 0, 'prev_value': None, 'change': True}
2025-10-20 22:59:59,926 : INFO : EventManager : Event: ======'machine_var_audits_switches_s_trough6'====== Args={'value': 0, 'prev_value': None, 'change': True}
2025-10-20 22:59:59,927 : INFO : EventManager : Event: ======'machine_var_audits_switches_s_trough_jam'====== Args={'value': 4, 'prev_value': None, 'change': True}
2025-10-20 22:59:59,928 : INFO : EventManager : Event: ======'init_phase_5'====== Args={}
2025-10-20 22:59:59,980 : INFO : EventManager : Event: ======'init_done'====== Args={}
2025-10-20 23:00:00,002 : INFO : EventManager : Event: ======'machine_reset_phase_1'====== Args={}
2025-10-20 23:00:00,003 : INFO : EventManager : Event: ======'slide_window_slide_1_removed'====== Args={'_from_bcp': True}
2025-10-20 23:00:00,024 : INFO : EventManager : Event: ======'slide_window_slide_1_created'====== Args={'_from_bcp': True}
2025-10-20 23:00:00,025 : INFO : EventManager : Event: ======'slide_window_slide_1_active'====== Args={'_from_bcp': True}
2025-10-20 23:00:00,038 : INFO : BcpServer : New client connected.
2025-10-20 23:00:00,056 : INFO : EventManager : Event: ======'machine_reset_phase_2'====== Args={}
2025-10-20 23:00:00,056 : INFO : EventManager : Event: ======'machine_reset_phase_3'====== Args={}
2025-10-20 23:00:00,057 : INFO : EventManager : Event: ======'mode_tilt_will_start'====== Args={'queue': <QueuedEvent>}
2025-10-20 23:00:00,057 : INFO : EventManager : Event: ======'mode_tilt_starting'====== Args={'queue': <QueuedEvent>}
2025-10-20 23:00:00,058 : INFO : drop_target_bank.TIME : All targets are already up. Will not reset bank.
2025-10-20 23:00:00,058 : INFO : drop_target_bank.CENTER : All targets are already up. Will not reset bank.
2025-10-20 23:00:00,058 : INFO : drop_target_bank.TRAVEL : All targets are already up. Will not reset bank.
2025-10-20 23:00:00,058 : INFO : Mode.tilt : Started. Priority: 1000000
2025-10-20 23:00:00,058 : INFO : EventManager : Event: ======'modes_active_modes_changed'====== Args={}
2025-10-20 23:00:00,058 : INFO : EventManager : Event: ======'mode_tilt_started'====== Args={'queue': <QueuedEvent>}
2025-10-20 23:00:00,058 : INFO : EventManager : Event: ======'reset_complete'====== Args={}
2025-10-20 23:00:00,059 : INFO : EventManager : Event: ======'mode_credits_will_start'====== Args={}
2025-10-20 23:00:00,059 : INFO : EventManager : Event: ======'mode_credits_starting'====== Args={}
2025-10-20 23:00:00,059 : INFO : EventManager : Event: ======'mode_attract_will_start'====== Args={}
2025-10-20 23:00:00,060 : INFO : EventManager : Event: ======'mode_attract_starting'====== Args={}
2025-10-20 23:00:00,060 : INFO : Mode.attract : Started. Priority: 10
2025-10-20 23:00:00,060 : INFO : EventManager : Event: ======'modes_active_modes_changed'====== Args={}
2025-10-20 23:00:00,060 : INFO : EventManager : Event: ======'mode_attract_started'====== Args={}
2025-10-20 23:00:00,062 : INFO : EventManager : Event: ======'collecting_balls_complete'====== Args={}
2025-10-20 23:00:00,062 : INFO : Mode.credits : Started. Priority: 1000010
2025-10-20 23:00:00,062 : INFO : EventManager : Event: ======'modes_active_modes_changed'====== Args={}
2025-10-20 23:00:00,062 : INFO : EventManager : Event: ======'mode_credits_started'====== Args={}
2025-10-20 23:00:00,063 : INFO : Mode.credits : Credit units per game: 1
2025-10-20 23:00:00,063 : INFO : EventManager : Event: ======'machine_var_price_per_game_raw_0'====== Args={'value': 1.0, 'prev_value': None, 'change': True}
2025-10-20 23:00:00,064 : INFO : EventManager : Event: ======'machine_var_price_per_game_string_0'====== Args={'value': '1 CREDITS $1.0', 'prev_value': None, 'change': True}
2025-10-20 23:00:00,064 : INFO : EventManager : Event: ======'machine_var_credits_string'====== Args={'value': ' ', 'prev_value': 'FREE PLAY', 'change': True}
2025-10-20 23:00:00,065 : INFO : EventManager : Event: ======'machine_var_credits_value'====== Args={'value': '0', 'prev_value': None, 'change': True}
2025-10-20 23:00:00,066 : INFO : EventManager : Event: ======'machine_var_credits_whole_num'====== Args={'value': 0, 'prev_value': None, 'change': True}
2025-10-20 23:00:00,067 : INFO : EventManager : Event: ======'machine_var_credits_numerator'====== Args={'value': 0, 'prev_value': None, 'change': True}
2025-10-20 23:00:00,067 : INFO : EventManager : Event: ======'machine_var_credits_denominator'====== Args={'value': 0, 'prev_value': None, 'change': True}
2025-10-20 23:00:00,068 : INFO : EventManager : Event: ======'machine_var_credits_string'====== Args={'value': 'CREDITS 2', 'prev_value': ' ', 'change': True}
2025-10-20 23:00:00,069 : INFO : EventManager : Event: ======'machine_var_credits_value'====== Args={'value': '2', 'prev_value': '0', 'change': True}
2025-10-20 23:00:00,069 : INFO : EventManager : Event: ======'machine_var_credits_whole_num'====== Args={'value': 2, 'prev_value': 0, 'change': 2}
2025-10-20 23:00:00,070 : INFO : EventManager : Event: ======'machine_var_credits_denominator'====== Args={'value': 1, 'prev_value': 0, 'change': 1}
2025-10-20 23:00:00,114 : INFO : EventManager : Event: ======'slide_awesome_slide_created'====== Args={'_from_bcp': True}
2025-10-20 23:00:00,114 : INFO : EventManager : Event: ======'slide_awesome_slide_active'====== Args={'_from_bcp': True}
2025-10-20 23:00:00,115 : INFO : Machine : Starting the main run loop.
2025-10-20 23:00:03,067 : INFO : EventManager : Event: ======'slide_press_start_created'====== Args={'_from_bcp': True}
2025-10-20 23:00:03,078 : INFO : EventManager : Event: ======'slide_press_start_active'====== Args={'_from_bcp': True}
2025-10-20 23:00:06,061 : INFO : EventManager : Event: ======'slide_mission_pinball_created'====== Args={'_from_bcp': True}
2025-10-20 23:00:06,065 : INFO : EventManager : Event: ======'slide_mission_pinball_active'====== Args={'_from_bcp': True}
2025-10-20 23:00:08,716 : INFO : SwitchController : <<<<<<< 's_tilt' active >>>>>>>
2025-10-20 23:00:08,818 : INFO : SwitchController : <<<<<<< 's_tilt' inactive >>>>>>>
2025-10-20 23:00:09,066 : INFO : EventManager : Event: ======'slide_last_game_score_slide_created'====== Args={'_from_bcp': True}
2025-10-20 23:00:09,078 : INFO : EventManager : Event: ======'slide_last_game_score_slide_active'====== Args={'_from_bcp': True}
2025-10-20 23:00:12,061 : INFO : EventManager : Event: ======'slide_awesome_slide_removed'====== Args={'_from_bcp': True}
2025-10-20 23:00:12,064 : INFO : EventManager : Event: ======'slide_awesome_slide_created'====== Args={'_from_bcp': True}
2025-10-20 23:00:12,064 : INFO : EventManager : Event: ======'slide_awesome_slide_active'====== Args={'_from_bcp': True}
2025-10-20 23:00:15,065 : INFO : EventManager : Event: ======'slide_press_start_removed'====== Args={'_from_bcp': True}
2025-10-20 23:00:15,077 : INFO : EventManager : Event: ======'slide_press_start_created'====== Args={'_from_bcp': True}
2025-10-20 23:00:15,081 : INFO : EventManager : Event: ======'slide_press_start_active'====== Args={'_from_bcp': True}
2025-10-20 23:00:16,099 : INFO : SwitchController : <<<<<<< 's_tilt' active >>>>>>>
2025-10-20 23:00:18,061 : INFO : EventManager : Event: ======'slide_mission_pinball_removed'====== Args={'_from_bcp': True}
2025-10-20 23:00:18,062 : INFO : EventManager : Event: ======'slide_mission_pinball_created'====== Args={'_from_bcp': True}
2025-10-20 23:00:18,063 : INFO : EventManager : Event: ======'slide_mission_pinball_active'====== Args={'_from_bcp': True}
2025-10-20 23:00:21,047 : INFO : EventManager : Event: ======'slide_last_game_score_slide_removed'====== Args={'_from_bcp': True}
2025-10-20 23:00:21,051 : INFO : EventManager : Event: ======'slide_last_game_score_slide_created'====== Args={'_from_bcp': True}
2025-10-20 23:00:21,062 : INFO : EventManager : Event: ======'slide_last_game_score_slide_active'====== Args={'_from_bcp': True}
2025-10-20 23:00:21,514 : INFO : SwitchController : <<<<<<< 's_coin_left' active >>>>>>>
2025-10-20 23:00:21,515 : INFO : Mode.credits : Credit switch hit. Credit Added. Value: 1.0. Type: money keyName: None
2025-10-20 23:00:21,515 : INFO : Mode.credits : Credit units added
2025-10-20 23:00:21,515 : INFO : EventManager : Event: ======'machine_var_credit_units'====== Args={'value': 3, 'prev_value': 2, 'change': 1}
2025-10-20 23:00:21,516 : INFO : EventManager : Event: ======'machine_var_credits_string'====== Args={'value': 'CREDITS 3', 'prev_value': 'CREDITS 2', 'change': True}
2025-10-20 23:00:21,516 : INFO : EventManager : Event: ======'machine_var_credits_value'====== Args={'value': '3', 'prev_value': '2', 'change': True}
2025-10-20 23:00:21,517 : INFO : EventManager : Event: ======'machine_var_credits_whole_num'====== Args={'value': 3, 'prev_value': 2, 'change': 1}
2025-10-20 23:00:21,518 : INFO : EventManager : Event: ======'credits_added'====== Args={}
2025-10-20 23:00:21,518 : INFO : Mode.credits : Credit audits. Value: 1.0. Type: money keyName: None
2025-10-20 23:00:21,534 : INFO : EventManager : Event: ======'slide_credit_added_slide_created'====== Args={'_from_bcp': True}
2025-10-20 23:00:21,545 : INFO : EventManager : Event: ======'slide_credit_added_slide_active'====== Args={'_from_bcp': True}
2025-10-20 23:00:23,545 : INFO : EventManager : Event: ======'slide_credit_added_slide_removed'====== Args={'_from_bcp': True}
2025-10-20 23:00:23,545 : INFO : EventManager : Event: ======'slide_last_game_score_slide_active'====== Args={'_from_bcp': True}
2025-10-20 23:00:24,049 : INFO : EventManager : Event: ======'slide_awesome_slide_removed'====== Args={'_from_bcp': True}
2025-10-20 23:00:24,061 : INFO : EventManager : Event: ======'slide_awesome_slide_created'====== Args={'_from_bcp': True}
2025-10-20 23:00:24,062 : INFO : EventManager : Event: ======'slide_awesome_slide_active'====== Args={'_from_bcp': True}
2025-10-20 23:00:25,283 : INFO : SwitchController : <<<<<<< 's_service_coin' active >>>>>>>
2025-10-20 23:00:25,283 : INFO : Mode.credits : Service Credit Added. Value: 1.
2025-10-20 23:00:25,284 : INFO : Mode.credits : Credit units added
2025-10-20 23:00:25,284 : INFO : EventManager : Event: ======'machine_var_credit_units'====== Args={'value': 4, 'prev_value': 3, 'change': 1}
2025-10-20 23:00:25,285 : INFO : EventManager : Event: ======'machine_var_credits_string'====== Args={'value': 'CREDITS 4', 'prev_value': 'CREDITS 3', 'change': True}
2025-10-20 23:00:25,286 : INFO : EventManager : Event: ======'machine_var_credits_value'====== Args={'value': '4', 'prev_value': '3', 'change': True}
2025-10-20 23:00:25,286 : INFO : EventManager : Event: ======'machine_var_credits_whole_num'====== Args={'value': 4, 'prev_value': 3, 'change': 1}
2025-10-20 23:00:25,287 : INFO : EventManager : Event: ======'credits_added'====== Args={}
2025-10-20 23:00:25,299 : INFO : EventManager : Event: ======'slide_credit_added_slide_removed'====== Args={'_from_bcp': True}
2025-10-20 23:00:25,302 : INFO : EventManager : Event: ======'slide_credit_added_slide_created'====== Args={'_from_bcp': True}
2025-10-20 23:00:25,303 : INFO : EventManager : Event: ======'slide_credit_added_slide_removed'====== Args={'_from_bcp': True}
2025-10-20 23:00:25,312 : INFO : EventManager : Event: ======'slide_credit_added_slide_active'====== Args={'_from_bcp': True}
2025-10-20 23:00:27,049 : INFO : EventManager : Event: ======'slide_press_start_removed'====== Args={'_from_bcp': True}
2025-10-20 23:00:27,061 : INFO : EventManager : Event: ======'slide_press_start_created'====== Args={'_from_bcp': True}
2025-10-20 23:00:27,311 : INFO : EventManager : Event: ======'slide_credit_added_slide_removed'====== Args={'_from_bcp': True}
2025-10-20 23:00:27,313 : INFO : EventManager : Event: ======'slide_press_start_active'====== Args={'_from_bcp': True}
2025-10-20 23:00:28,100 : INFO : SwitchController : <<<<<<< 's_door_open' active >>>>>>>
2025-10-20 23:00:30,049 : INFO : EventManager : Event: ======'slide_mission_pinball_removed'====== Args={'_from_bcp': True}
2025-10-20 23:00:30,053 : INFO : EventManager : Event: ======'slide_mission_pinball_created'====== Args={'_from_bcp': True}
2025-10-20 23:00:30,064 : INFO : EventManager : Event: ======'slide_mission_pinball_active'====== Args={'_from_bcp': True}
2025-10-20 23:00:30,890 : INFO : SwitchController : <<<<<<< 's_service_enter' active >>>>>>>
2025-10-20 23:00:30,890 : INFO : EventManager : Event: ======'s_service_enter_active'====== Args={}
2025-10-20 23:00:30,890 : INFO : EventManager : Event: ======'mode_service_will_start'====== Args={}
2025-10-20 23:00:30,891 : INFO : EventManager : Event: ======'mode_service_starting'====== Args={}
2025-10-20 23:00:30,891 : INFO : Mode.service : Started. Priority: 1600
2025-10-20 23:00:30,891 : INFO : EventManager : Event: ======'modes_active_modes_changed'====== Args={}
2025-10-20 23:00:30,892 : INFO : EventManager : Event: ======'mode_service_started'====== Args={}
2025-10-20 23:00:30,945 : INFO : EventManager : Event: ======'slide_service_mode_slide_created'====== Args={'_from_bcp': True}
2025-10-20 23:00:30,945 : INFO : EventManager : Event: ======'slide_service_mode_slide_active'====== Args={'_from_bcp': True}
2025-10-20 23:00:33,062 : INFO : EventManager : Event: ======'slide_last_game_score_slide_removed'====== Args={'_from_bcp': True}
2025-10-20 23:00:33,064 : INFO : EventManager : Event: ======'slide_last_game_score_slide_created'====== Args={'_from_bcp': True}
2025-10-20 23:00:36,062 : INFO : EventManager : Event: ======'slide_awesome_slide_removed'====== Args={'_from_bcp': True}
2025-10-20 23:00:36,065 : INFO : EventManager : Event: ======'slide_awesome_slide_created'====== Args={'_from_bcp': True}
2025-10-20 23:00:39,062 : INFO : EventManager : Event: ======'slide_press_start_removed'====== Args={'_from_bcp': True}
2025-10-20 23:00:39,065 : INFO : EventManager : Event: ======'slide_press_start_created'====== Args={'_from_bcp': True}
2025-10-20 23:00:41,802 : INFO : Machine : Shutting down...
2025-10-20 23:00:41,802 : INFO : EventManager : Event: ======'shutdown'====== Args={}
2025-10-20 23:00:41,808 : INFO : EventManager : Event: ======'mode_service_will_stop'====== Args={}
2025-10-20 23:00:41,809 : INFO : EventManager : Event: ======'mode_service_stopping'====== Args={}
2025-10-20 23:00:41,809 : INFO : Mode.service : Stopped.
2025-10-20 23:00:41,809 : INFO : EventManager : Event: ======'modes_active_modes_changed'====== Args={}
2025-10-20 23:00:41,809 : INFO : EventManager : Event: ======'mode_service_stopped'====== Args={}
2025-10-20 23:00:41,809 : INFO : EventManager : Event: ======'clear'====== Args={'key': 'service'}
2025-10-20 23:00:41,811 : INFO : root : MPF run loop ended.
