2025-10-16 18:10:18,935 : INFO : root : Loading config.
2025-10-16 18:10:18,939 : INFO : YamlMultifileConfigLoader : Machine config file #1: config.yaml
2025-10-16 18:10:18,940 : INFO : ConfigProcessor : Loading config from cache: C:\Users\richa\AppData\Local\Temp\f7776651e259183bd84a8c8d686bf868.mpf_cache
2025-10-16 18:10:19,017 : INFO : ConfigProcessor : Loading config from cache: C:\Users\richa\AppData\Local\Temp\70233839fc0b792ce11a62f3c18c1950.mpf_cache
2025-10-16 18:10:19,018 : INFO : ConfigProcessor : Loading config from cache: C:\Users\richa\AppData\Local\Temp\9c8dea79ca4d15ee886340e992e8cb9d.mpf_cache
2025-10-16 18:10:19,018 : INFO : ConfigProcessor : Loading config from cache: C:\Users\richa\AppData\Local\Temp\67a19b095f918111543419ac0271bfb1.mpf_cache
2025-10-16 18:10:19,019 : INFO : ConfigProcessor : Loading config from cache: C:\Users\richa\AppData\Local\Temp\be387b0e8ed00556ec738d83cd6947d1.mpf_cache
2025-10-16 18:10:19,020 : INFO : ConfigProcessor : Loading config from cache: C:\Users\richa\AppData\Local\Temp\5a8efabd9666d8c71fa755fc28a9bf1e.mpf_cache
2025-10-16 18:10:19,021 : INFO : ConfigProcessor : Loading config from cache: C:\Users\richa\AppData\Local\Temp\fb58745e58584e219ff53db445e8e9f2.mpf_cache
2025-10-16 18:10:19,021 : INFO : ConfigProcessor : Loading config from cache: C:\Users\richa\AppData\Local\Temp\3a5badf48d988f9fc0f9b093a934917d.mpf_cache
2025-10-16 18:10:19,022 : INFO : ConfigProcessor : Loading config from cache: C:\Users\richa\AppData\Local\Temp\9e788d9ac28f3464b985b20edf80a10e.mpf_cache
2025-10-16 18:10:19,023 : INFO : ConfigProcessor : Loading config from cache: C:\Users\richa\AppData\Local\Temp\7e426d8ffa907371bf962f3181d8bdf2.mpf_cache
2025-10-16 18:10:19,024 : INFO : ConfigProcessor : Loading config from cache: C:\Users\richa\AppData\Local\Temp\b710dc01437f1dfd05f3b5275f67493b.mpf_cache
2025-10-16 18:10:19,025 : INFO : ConfigProcessor : Loading config from cache: C:\Users\richa\AppData\Local\Temp\0a23590f4081187a3ecee75c7657616e.mpf_cache
2025-10-16 18:10:19,025 : INFO : ConfigProcessor : Loading config from cache: C:\Users\richa\AppData\Local\Temp\374a5edaf0766cb9005f368df852c09d.mpf_cache
2025-10-16 18:10:19,026 : INFO : ConfigProcessor : Loading config from cache: C:\Users\richa\AppData\Local\Temp\b50d1c72289d6f8f00cba34766fbb2e5.mpf_cache
2025-10-16 18:10:19,027 : INFO : ConfigProcessor : Loading config from cache: C:\Users\richa\AppData\Local\Temp\bfc680b70531e398658191c2a179bce0.mpf_cache
2025-10-16 18:10:19,027 : INFO : ConfigProcessor : Loading config from cache: C:\Users\richa\AppData\Local\Temp\069a726c379c7a3dc006889318eb30f2.mpf_cache
2025-10-16 18:10:19,028 : INFO : ConfigProcessor : Loading config from cache: C:\Users\richa\AppData\Local\Temp\6159dd3e8b071f5aa615e717784124e9.mpf_cache
2025-10-16 18:10:19,029 : INFO : ConfigProcessor : Loading config from cache: C:\Users\richa\AppData\Local\Temp\e382c4765158d2be92c1673fc03a4ad6.mpf_cache
2025-10-16 18:10:19,030 : INFO : ConfigProcessor : Loading config from cache: C:\Users\richa\AppData\Local\Temp\868b3b6361e3aaa0a56bd50d9388247e.mpf_cache
2025-10-16 18:10:19,030 : INFO : Machine : Mission Pinball Framework Core Engine v0.57.0.dev39
2025-10-16 18:10:19,030 : INFO : Machine : Command line arguments: {'no_load_cache': False, 'create_config_cache': True, 'bcp': True, 'configfile': ['config.yaml'], 'force_assets_load': False, 'jsonlogging': False, 'logfile': 'logs\\2025-10-16-18-10-18-mpf-DESKTOP-RK7BE5M.log', 'pause': False, 'production': False, 'text_ui': True, 'loglevel': 15, 'consoleloglevel': 20, 'force_platform': None, 'syslog_address': None, 'mc_file_name': None, 'no_sound': False}
2025-10-16 18:10:19,030 : INFO : Machine : MPF path: C:\Users\richa\mpfvirtual4\lib\site-packages\mpf
2025-10-16 18:10:19,030 : INFO : Machine : Machine path: C:\Users\richa\ttp7
2025-10-16 18:10:19,030 : INFO : Machine : Platform: win32
2025-10-16 18:10:19,030 : INFO : Machine : Python executable location: C:\Users\richa\mpfvirtual4\Scripts\python.exe
2025-10-16 18:10:19,030 : INFO : Machine : Python version: 3.9.13 (64-bit)
2025-10-16 18:10:19,032 : INFO : Machine : Initializing MPF...
2025-10-16 18:10:19,429 : INFO : EventManager : Event: ======'machine_var_credits_string'====== Args={'value': 'FREE PLAY', 'prev_value': None, 'change': True}
2025-10-16 18:10:19,484 : INFO : EventManager : Event: ======'machine_var_credit_units'====== Args={'value': 0, 'prev_value': None, 'change': True}
2025-10-16 18:10:19,484 : INFO : EventManager : Event: ======'machine_var_free_play'====== Args={'value': False, 'prev_value': None, 'change': True}
2025-10-16 18:10:19,485 : INFO : EventManager : Event: ======'machine_var_master_volume'====== Args={'value': 0.5, 'prev_value': None, 'change': True}
2025-10-16 18:10:19,485 : INFO : EventManager : Event: ======'machine_var_player1_score'====== Args={'value': 0, 'prev_value': None, 'change': True}
2025-10-16 18:10:19,485 : INFO : EventManager : Event: ======'machine_var_mpf_version'====== Args={'value': 'Mission Pinball Framework v0.57.0.dev39', 'prev_value': None, 'change': True}
2025-10-16 18:10:19,485 : INFO : EventManager : Event: ======'machine_var_mpf_extended_version'====== Args={'value': 'Mission Pinball Framework v0.57.0.dev39, Config version:6, Show version: 6, BCP version:1.1', 'prev_value': None, 'change': True}
2025-10-16 18:10:19,485 : INFO : EventManager : Event: ======'machine_var_python_version'====== Args={'value': '3.9.13', 'prev_value': None, 'change': True}
2025-10-16 18:10:19,494 : INFO : EventManager : Event: ======'machine_var_platform'====== Args={'value': 'Windows-10-10.0.19045-SP0', 'prev_value': None, 'change': True}
2025-10-16 18:10:19,494 : INFO : EventManager : Event: ======'machine_var_platform_system'====== Args={'value': 'Windows', 'prev_value': None, 'change': True}
2025-10-16 18:10:19,494 : INFO : EventManager : Event: ======'machine_var_platform_release'====== Args={'value': '10', 'prev_value': None, 'change': True}
2025-10-16 18:10:19,494 : INFO : EventManager : Event: ======'machine_var_platform_version'====== Args={'value': '10.0.19045', 'prev_value': None, 'change': True}
2025-10-16 18:10:19,494 : INFO : EventManager : Event: ======'machine_var_platform_machine'====== Args={'value': 'AMD64', 'prev_value': None, 'change': True}
2025-10-16 18:10:19,494 : INFO : EventManager : Event: ======'init_phase_1'====== Args={}
2025-10-16 18:10:19,545 : INFO : EventManager : Event: ======'drop_target_bank_TIME_up'====== Args={}
2025-10-16 18:10:19,545 : INFO : EventManager : Event: ======'drop_target_bank_TRAVEL_up'====== Args={}
2025-10-16 18:10:19,546 : INFO : EventManager : Event: ======'init_phase_2'====== Args={}
2025-10-16 18:10:19,546 : INFO : SwitchController : Found active switch: ('2', <Platform.SmartVirtual>) <switch.s_trough1>
2025-10-16 18:10:19,546 : INFO : SwitchController : Found active switch: ('3', <Platform.SmartVirtual>) <switch.s_trough2>
2025-10-16 18:10:19,546 : INFO : SwitchController : Found active switch: ('4', <Platform.SmartVirtual>) <switch.s_trough3>
2025-10-16 18:10:19,546 : INFO : SwitchController : Found active switch: ('5', <Platform.SmartVirtual>) <switch.s_trough4>
2025-10-16 18:10:19,546 : INFO : SwitchController : Found active switch: ('6', <Platform.SmartVirtual>) <switch.s_trough5>
2025-10-16 18:10:19,546 : INFO : SwitchController : Found active switch: ('7', <Platform.SmartVirtual>) <switch.s_trough6>
2025-10-16 18:10:19,564 : INFO : EventManager : Event: ======'bcp_connection_attempt'====== Args={'name': 'local_display', 'host': 'localhost', 'port': 5050}
2025-10-16 18:10:19,566 : INFO : BCPClientSocket : Connecting BCP to 'local_display' at localhost:5050...
2025-10-16 18:10:21,594 : INFO : BCPClientSocket : Connected BCP to 'local_display' localhost:5050
2025-10-16 18:10:21,595 : INFO : EventManager : Event: ======'bcp_clients_connected'====== Args={}
2025-10-16 18:10:22,045 : INFO : ball_device.bd_trough : BCH: Initial count: 6
2025-10-16 18:10:22,045 : INFO : EventManager : Event: ======'machine_var_mc_version'====== Args={'value': 'MPF-MC v0.57.0.dev10', 'prev_value': None, 'change': True}
2025-10-16 18:10:22,046 : INFO : EventManager : Event: ======'machine_var_mc_extended_version'====== Args={'value': 'MPF-MC v0.57.0.dev10 (config_version=6, BCP v1.1,                      Requires MPF API compatibility v0.57.0.dev19 or newer)', 'prev_value': None, 'change': True}
2025-10-16 18:10:22,048 : INFO : ball_device.bd_trough : State: idle
2025-10-16 18:10:22,146 : INFO : ball_device.bd_plunger : BCH: Initial count: 0
2025-10-16 18:10:22,146 : INFO : ball_device.bd_plunger : State: idle
2025-10-16 18:10:22,147 : INFO : ball_device.bd_left_scoop : BCH: Initial count: 0
2025-10-16 18:10:22,147 : INFO : ball_device.bd_left_scoop : State: idle
2025-10-16 18:10:22,147 : INFO : ball_device.bd_right_scoop : BCH: Initial count: 0
2025-10-16 18:10:22,147 : INFO : ball_device.bd_right_scoop : State: idle
2025-10-16 18:10:22,170 : INFO : EventManager : Event: ======'init_phase_3'====== Args={}
2025-10-16 18:10:22,178 : INFO : EventManager : Event: ======'init_phase_4'====== Args={}
2025-10-16 18:10:22,178 : INFO : BallController : Initial balls found: 6
2025-10-16 18:10:22,179 : INFO : EventManager : Event: ======'machine_var_audits_events_game_ended'====== Args={'value': 60, 'prev_value': None, 'change': True}
2025-10-16 18:10:22,180 : INFO : EventManager : Event: ======'machine_var_audits_events_game_started'====== Args={'value': 291, 'prev_value': None, 'change': True}
2025-10-16 18:10:22,180 : INFO : EventManager : Event: ======'machine_var_audits_missing_switches_s_A'====== Args={'value': 67, 'prev_value': None, 'change': True}
2025-10-16 18:10:22,180 : INFO : EventManager : Event: ======'machine_var_audits_missing_switches_s_E'====== Args={'value': 2, 'prev_value': None, 'change': True}
2025-10-16 18:10:22,180 : INFO : EventManager : Event: ======'machine_var_audits_missing_switches_s_Eb'====== Args={'value': 67, 'prev_value': None, 'change': True}
2025-10-16 18:10:22,180 : INFO : EventManager : Event: ======'machine_var_audits_missing_switches_s_I'====== Args={'value': 2, 'prev_value': None, 'change': True}
2025-10-16 18:10:22,180 : INFO : EventManager : Event: ======'machine_var_audits_missing_switches_s_L'====== Args={'value': 67, 'prev_value': None, 'change': True}
2025-10-16 18:10:22,181 : INFO : EventManager : Event: ======'machine_var_audits_missing_switches_s_M'====== Args={'value': 2, 'prev_value': None, 'change': True}
2025-10-16 18:10:22,181 : INFO : EventManager : Event: ======'machine_var_audits_missing_switches_s_R'====== Args={'value': 67, 'prev_value': None, 'change': True}
2025-10-16 18:10:22,181 : INFO : EventManager : Event: ======'machine_var_audits_missing_switches_s_T'====== Args={'value': 2, 'prev_value': None, 'change': True}
2025-10-16 18:10:22,181 : INFO : EventManager : Event: ======'machine_var_audits_missing_switches_s_Tb'====== Args={'value': 67, 'prev_value': None, 'change': True}
2025-10-16 18:10:22,181 : INFO : EventManager : Event: ======'machine_var_audits_missing_switches_s_V'====== Args={'value': 67, 'prev_value': None, 'change': True}
2025-10-16 18:10:22,181 : INFO : EventManager : Event: ======'machine_var_audits_missing_switches_s_bumper1'====== Args={'value': 21, 'prev_value': None, 'change': True}
2025-10-16 18:10:22,181 : INFO : EventManager : Event: ======'machine_var_audits_missing_switches_s_bumper2'====== Args={'value': 12, 'prev_value': None, 'change': True}
2025-10-16 18:10:22,182 : INFO : EventManager : Event: ======'machine_var_audits_missing_switches_s_bumper_1'====== Args={'value': 28, 'prev_value': None, 'change': True}
2025-10-16 18:10:22,182 : INFO : EventManager : Event: ======'machine_var_audits_missing_switches_s_bumper_2'====== Args={'value': 28, 'prev_value': None, 'change': True}
2025-10-16 18:10:22,182 : INFO : EventManager : Event: ======'machine_var_audits_missing_switches_s_center_center_target'====== Args={'value': 54, 'prev_value': None, 'change': True}
2025-10-16 18:10:22,182 : INFO : EventManager : Event: ======'machine_var_audits_missing_switches_s_center_rollover'====== Args={'value': 10, 'prev_value': None, 'change': True}
2025-10-16 18:10:22,182 : INFO : EventManager : Event: ======'machine_var_audits_missing_switches_s_center_scoop'====== Args={'value': 64, 'prev_value': None, 'change': True}
2025-10-16 18:10:22,182 : INFO : EventManager : Event: ======'machine_var_audits_missing_switches_s_launcher_lane_spinner'====== Args={'value': 217, 'prev_value': None, 'change': True}
2025-10-16 18:10:22,182 : INFO : EventManager : Event: ======'machine_var_audits_missing_switches_s_left_center_target'====== Args={'value': 54, 'prev_value': None, 'change': True}
2025-10-16 18:10:22,182 : INFO : EventManager : Event: ======'machine_var_audits_missing_switches_s_left_corridor_spinner'====== Args={'value': 217, 'prev_value': None, 'change': True}
2025-10-16 18:10:22,183 : INFO : EventManager : Event: ======'machine_var_audits_missing_switches_s_left_corridor_spinner2'====== Args={'value': 217, 'prev_value': None, 'change': True}
2025-10-16 18:10:22,183 : INFO : EventManager : Event: ======'machine_var_audits_missing_switches_s_left_flipper'====== Args={'value': 140, 'prev_value': None, 'change': True}
2025-10-16 18:10:22,183 : INFO : EventManager : Event: ======'machine_var_audits_missing_switches_s_left_inlane'====== Args={'value': 244, 'prev_value': None, 'change': True}
2025-10-16 18:10:22,183 : INFO : EventManager : Event: ======'machine_var_audits_missing_switches_s_left_outlane'====== Args={'value': 254, 'prev_value': None, 'change': True}
2025-10-16 18:10:22,183 : INFO : EventManager : Event: ======'machine_var_audits_missing_switches_s_left_rollover'====== Args={'value': 10, 'prev_value': None, 'change': True}
2025-10-16 18:10:22,184 : INFO : EventManager : Event: ======'machine_var_audits_missing_switches_s_left_scoop'====== Args={'value': 10, 'prev_value': None, 'change': True}
2025-10-16 18:10:22,184 : INFO : EventManager : Event: ======'machine_var_audits_missing_switches_s_left_standup'====== Args={'value': 216, 'prev_value': None, 'change': True}
2025-10-16 18:10:22,185 : INFO : EventManager : Event: ======'machine_var_audits_missing_switches_s_right_center_target'====== Args={'value': 54, 'prev_value': None, 'change': True}
2025-10-16 18:10:22,185 : INFO : EventManager : Event: ======'machine_var_audits_missing_switches_s_right_corridor_spinner'====== Args={'value': 58, 'prev_value': None, 'change': True}
2025-10-16 18:10:22,185 : INFO : EventManager : Event: ======'machine_var_audits_missing_switches_s_right_flipper'====== Args={'value': 10, 'prev_value': None, 'change': True}
2025-10-16 18:10:22,186 : INFO : EventManager : Event: ======'machine_var_audits_missing_switches_s_right_inlane'====== Args={'value': 34, 'prev_value': None, 'change': True}
2025-10-16 18:10:22,186 : INFO : EventManager : Event: ======'machine_var_audits_missing_switches_s_right_outlane'====== Args={'value': 64, 'prev_value': None, 'change': True}
2025-10-16 18:10:22,187 : INFO : EventManager : Event: ======'machine_var_audits_missing_switches_s_right_rollover'====== Args={'value': 1, 'prev_value': None, 'change': True}
2025-10-16 18:10:22,187 : INFO : EventManager : Event: ======'machine_var_audits_missing_switches_s_right_scoop'====== Args={'value': 62, 'prev_value': None, 'change': True}
2025-10-16 18:10:22,187 : INFO : EventManager : Event: ======'machine_var_audits_missing_switches_s_right_standup'====== Args={'value': 2, 'prev_value': None, 'change': True}
2025-10-16 18:10:22,187 : INFO : EventManager : Event: ======'machine_var_audits_missing_switches_s_service_coin'====== Args={'value': 54, 'prev_value': None, 'change': True}
2025-10-16 18:10:22,188 : INFO : EventManager : Event: ======'machine_var_audits_missing_switches_s_sling_left'====== Args={'value': 244, 'prev_value': None, 'change': True}
2025-10-16 18:10:22,188 : INFO : EventManager : Event: ======'machine_var_audits_missing_switches_s_sling_right'====== Args={'value': 140, 'prev_value': None, 'change': True}
2025-10-16 18:10:22,188 : INFO : EventManager : Event: ======'machine_var_audits_missing_switches_s_standup_1'====== Args={'value': 11, 'prev_value': None, 'change': True}
2025-10-16 18:10:22,189 : INFO : EventManager : Event: ======'machine_var_audits_missing_switches_s_standup_2'====== Args={'value': 11, 'prev_value': None, 'change': True}
2025-10-16 18:10:22,189 : INFO : EventManager : Event: ======'machine_var_audits_missing_switches_s_standup_3'====== Args={'value': 11, 'prev_value': None, 'change': True}
2025-10-16 18:10:22,189 : INFO : EventManager : Event: ======'machine_var_audits_missing_switches_s_standup_4'====== Args={'value': 12, 'prev_value': None, 'change': True}
2025-10-16 18:10:22,189 : INFO : EventManager : Event: ======'machine_var_audits_missing_switches_s_standup_5'====== Args={'value': 12, 'prev_value': None, 'change': True}
2025-10-16 18:10:22,190 : INFO : EventManager : Event: ======'machine_var_audits_missing_switches_s_standup_6'====== Args={'value': 12, 'prev_value': None, 'change': True}
2025-10-16 18:10:22,190 : INFO : EventManager : Event: ======'machine_var_audits_missing_switches_s_top_left_standup'====== Args={'value': 62, 'prev_value': None, 'change': True}
2025-10-16 18:10:22,190 : INFO : EventManager : Event: ======'machine_var_audits_missing_switches_s_top_left_standup2'====== Args={'value': 157, 'prev_value': None, 'change': True}
2025-10-16 18:10:22,190 : INFO : EventManager : Event: ======'machine_var_audits_missing_switches_s_trough1'====== Args={'value': 1, 'prev_value': None, 'change': True}
2025-10-16 18:10:22,191 : INFO : EventManager : Event: ======'machine_var_audits_missing_switches_s_trough2'====== Args={'value': 291, 'prev_value': None, 'change': True}
2025-10-16 18:10:22,191 : INFO : EventManager : Event: ======'machine_var_audits_missing_switches_s_trough3'====== Args={'value': 291, 'prev_value': None, 'change': True}
2025-10-16 18:10:22,191 : INFO : EventManager : Event: ======'machine_var_audits_missing_switches_s_trough4'====== Args={'value': 291, 'prev_value': None, 'change': True}
2025-10-16 18:10:22,192 : INFO : EventManager : Event: ======'machine_var_audits_missing_switches_s_trough5'====== Args={'value': 291, 'prev_value': None, 'change': True}
2025-10-16 18:10:22,192 : INFO : EventManager : Event: ======'machine_var_audits_missing_switches_s_trough6'====== Args={'value': 291, 'prev_value': None, 'change': True}
2025-10-16 18:10:22,192 : INFO : EventManager : Event: ======'machine_var_audits_missing_switches_s_trough_jam'====== Args={'value': 291, 'prev_value': None, 'change': True}
2025-10-16 18:10:22,192 : INFO : EventManager : Event: ======'machine_var_audits_player_score'====== Args={'value': {'average': 5748990, 'top': [75043600, 70538842, 47521800, 43517500, 41236342, 31835000, 13531600, 13201700, 9012700, 3012500], 'total': 63}, 'prev_value': None, 'change': True}
2025-10-16 18:10:22,193 : INFO : EventManager : Event: ======'machine_var_audits_shots_A'====== Args={'value': 34, 'prev_value': None, 'change': True}
2025-10-16 18:10:22,193 : INFO : EventManager : Event: ======'machine_var_audits_shots_E'====== Args={'value': 178, 'prev_value': None, 'change': True}
2025-10-16 18:10:22,193 : INFO : EventManager : Event: ======'machine_var_audits_shots_Eb'====== Args={'value': 31, 'prev_value': None, 'change': True}
2025-10-16 18:10:22,193 : INFO : EventManager : Event: ======'machine_var_audits_shots_I'====== Args={'value': 173, 'prev_value': None, 'change': True}
2025-10-16 18:10:22,194 : INFO : EventManager : Event: ======'machine_var_audits_shots_L'====== Args={'value': 32, 'prev_value': None, 'change': True}
2025-10-16 18:10:22,194 : INFO : EventManager : Event: ======'machine_var_audits_shots_M'====== Args={'value': 174, 'prev_value': None, 'change': True}
2025-10-16 18:10:22,194 : INFO : EventManager : Event: ======'machine_var_audits_shots_R'====== Args={'value': 43, 'prev_value': None, 'change': True}
2025-10-16 18:10:22,194 : INFO : EventManager : Event: ======'machine_var_audits_shots_T'====== Args={'value': 177, 'prev_value': None, 'change': True}
2025-10-16 18:10:22,195 : INFO : EventManager : Event: ======'machine_var_audits_shots_Tb'====== Args={'value': 47, 'prev_value': None, 'change': True}
2025-10-16 18:10:22,195 : INFO : EventManager : Event: ======'machine_var_audits_shots_V'====== Args={'value': 31, 'prev_value': None, 'change': True}
2025-10-16 18:10:22,195 : INFO : EventManager : Event: ======'machine_var_audits_shots_bumper1_shot'====== Args={'value': 253, 'prev_value': None, 'change': True}
2025-10-16 18:10:22,195 : INFO : EventManager : Event: ======'machine_var_audits_shots_bumper2_shot'====== Args={'value': 750, 'prev_value': None, 'change': True}
2025-10-16 18:10:22,196 : INFO : EventManager : Event: ======'machine_var_audits_shots_center_rollover'====== Args={'value': 7, 'prev_value': None, 'change': True}
2025-10-16 18:10:22,196 : INFO : EventManager : Event: ======'machine_var_audits_shots_center_rollover_shot'====== Args={'value': 313, 'prev_value': None, 'change': True}
2025-10-16 18:10:22,196 : INFO : EventManager : Event: ======'machine_var_audits_shots_jets'====== Args={'value': 944, 'prev_value': None, 'change': True}
2025-10-16 18:10:22,196 : INFO : EventManager : Event: ======'machine_var_audits_shots_left_rollover'====== Args={'value': 36, 'prev_value': None, 'change': True}
2025-10-16 18:10:22,197 : INFO : EventManager : Event: ======'machine_var_audits_shots_left_rollover_shot'====== Args={'value': 255, 'prev_value': None, 'change': True}
2025-10-16 18:10:22,198 : INFO : EventManager : Event: ======'machine_var_audits_shots_left_scoop_shot'====== Args={'value': 28, 'prev_value': None, 'change': True}
2025-10-16 18:10:22,198 : INFO : EventManager : Event: ======'machine_var_audits_shots_middle_inlane_shot'====== Args={'value': 20, 'prev_value': None, 'change': True}
2025-10-16 18:10:22,198 : INFO : EventManager : Event: ======'machine_var_audits_shots_my_first_shot'====== Args={'value': 95, 'prev_value': None, 'change': True}
2025-10-16 18:10:22,199 : INFO : EventManager : Event: ======'machine_var_audits_shots_right_inlane_shot'====== Args={'value': 96, 'prev_value': None, 'change': True}
2025-10-16 18:10:22,199 : INFO : EventManager : Event: ======'machine_var_audits_shots_right_rollover'====== Args={'value': 41, 'prev_value': None, 'change': True}
2025-10-16 18:10:22,199 : INFO : EventManager : Event: ======'machine_var_audits_shots_right_rollover_shot'====== Args={'value': 352, 'prev_value': None, 'change': True}
2025-10-16 18:10:22,200 : INFO : EventManager : Event: ======'machine_var_audits_shots_right_scoop_shot'====== Args={'value': 47, 'prev_value': None, 'change': True}
2025-10-16 18:10:22,200 : INFO : EventManager : Event: ======'machine_var_audits_shots_right_standup'====== Args={'value': 33, 'prev_value': None, 'change': True}
2025-10-16 18:10:22,200 : INFO : EventManager : Event: ======'machine_var_audits_shots_standup_1_skill'====== Args={'value': 50, 'prev_value': None, 'change': True}
2025-10-16 18:10:22,201 : INFO : EventManager : Event: ======'machine_var_audits_shots_standup_2_skill'====== Args={'value': 27, 'prev_value': None, 'change': True}
2025-10-16 18:10:22,201 : INFO : EventManager : Event: ======'machine_var_audits_shots_standup_3_skill'====== Args={'value': 10, 'prev_value': None, 'change': True}
2025-10-16 18:10:22,202 : INFO : EventManager : Event: ======'machine_var_audits_shots_standup_4_skill'====== Args={'value': 8, 'prev_value': None, 'change': True}
2025-10-16 18:10:22,202 : INFO : EventManager : Event: ======'machine_var_audits_shots_standup_5_skill'====== Args={'value': 4, 'prev_value': None, 'change': True}
2025-10-16 18:10:22,203 : INFO : EventManager : Event: ======'machine_var_audits_shots_standup_6_skill'====== Args={'value': 2, 'prev_value': None, 'change': True}
2025-10-16 18:10:22,203 : INFO : EventManager : Event: ======'machine_var_audits_shots_top_middle_inlane_shot'====== Args={'value': 41, 'prev_value': None, 'change': True}
2025-10-16 18:10:22,204 : INFO : EventManager : Event: ======'machine_var_audits_switches_s_A'====== Args={'value': 0, 'prev_value': None, 'change': True}
2025-10-16 18:10:22,204 : INFO : EventManager : Event: ======'machine_var_audits_switches_s_E'====== Args={'value': 182, 'prev_value': None, 'change': True}
2025-10-16 18:10:22,205 : INFO : EventManager : Event: ======'machine_var_audits_switches_s_Eb'====== Args={'value': 0, 'prev_value': None, 'change': True}
2025-10-16 18:10:22,205 : INFO : EventManager : Event: ======'machine_var_audits_switches_s_I'====== Args={'value': 177, 'prev_value': None, 'change': True}
2025-10-16 18:10:22,205 : INFO : EventManager : Event: ======'machine_var_audits_switches_s_L'====== Args={'value': 0, 'prev_value': None, 'change': True}
2025-10-16 18:10:22,206 : INFO : EventManager : Event: ======'machine_var_audits_switches_s_M'====== Args={'value': 178, 'prev_value': None, 'change': True}
2025-10-16 18:10:22,206 : INFO : EventManager : Event: ======'machine_var_audits_switches_s_R'====== Args={'value': 0, 'prev_value': None, 'change': True}
2025-10-16 18:10:22,207 : INFO : EventManager : Event: ======'machine_var_audits_switches_s_T'====== Args={'value': 181, 'prev_value': None, 'change': True}
2025-10-16 18:10:22,207 : INFO : EventManager : Event: ======'machine_var_audits_switches_s_Tb'====== Args={'value': 0, 'prev_value': None, 'change': True}
2025-10-16 18:10:22,208 : INFO : EventManager : Event: ======'machine_var_audits_switches_s_V'====== Args={'value': 0, 'prev_value': None, 'change': True}
2025-10-16 18:10:22,208 : INFO : EventManager : Event: ======'machine_var_audits_switches_s_bumper1'====== Args={'value': 253, 'prev_value': None, 'change': True}
2025-10-16 18:10:22,208 : INFO : EventManager : Event: ======'machine_var_audits_switches_s_bumper2'====== Args={'value': 754, 'prev_value': None, 'change': True}
2025-10-16 18:10:22,209 : INFO : EventManager : Event: ======'machine_var_audits_switches_s_bumper_1'====== Args={'value': 0, 'prev_value': None, 'change': True}
2025-10-16 18:10:22,209 : INFO : EventManager : Event: ======'machine_var_audits_switches_s_bumper_2'====== Args={'value': 0, 'prev_value': None, 'change': True}
2025-10-16 18:10:22,210 : INFO : EventManager : Event: ======'machine_var_audits_switches_s_center_center_target'====== Args={'value': 5, 'prev_value': None, 'change': True}
2025-10-16 18:10:22,210 : INFO : EventManager : Event: ======'machine_var_audits_switches_s_center_rollover'====== Args={'value': 322, 'prev_value': None, 'change': True}
2025-10-16 18:10:22,211 : INFO : EventManager : Event: ======'machine_var_audits_switches_s_center_scoop'====== Args={'value': 2, 'prev_value': None, 'change': True}
2025-10-16 18:10:22,211 : INFO : EventManager : Event: ======'machine_var_audits_switches_s_coin_left'====== Args={'value': 10, 'prev_value': None, 'change': True}
2025-10-16 18:10:22,212 : INFO : EventManager : Event: ======'machine_var_audits_switches_s_launcher_lane_spinner'====== Args={'value': 0, 'prev_value': None, 'change': True}
2025-10-16 18:10:22,212 : INFO : EventManager : Event: ======'machine_var_audits_switches_s_left_center_target'====== Args={'value': 6, 'prev_value': None, 'change': True}
2025-10-16 18:10:22,212 : INFO : EventManager : Event: ======'machine_var_audits_switches_s_left_corridor_spinner'====== Args={'value': 0, 'prev_value': None, 'change': True}
2025-10-16 18:10:22,213 : INFO : EventManager : Event: ======'machine_var_audits_switches_s_left_corridor_spinner2'====== Args={'value': 0, 'prev_value': None, 'change': True}
2025-10-16 18:10:22,213 : INFO : EventManager : Event: ======'machine_var_audits_switches_s_left_flipper'====== Args={'value': 330, 'prev_value': None, 'change': True}
2025-10-16 18:10:22,214 : INFO : EventManager : Event: ======'machine_var_audits_switches_s_left_inlane'====== Args={'value': 8, 'prev_value': None, 'change': True}
2025-10-16 18:10:22,214 : INFO : EventManager : Event: ======'machine_var_audits_switches_s_left_outlane'====== Args={'value': 3, 'prev_value': None, 'change': True}
2025-10-16 18:10:22,215 : INFO : EventManager : Event: ======'machine_var_audits_switches_s_left_rollover'====== Args={'value': 263, 'prev_value': None, 'change': True}
2025-10-16 18:10:22,215 : INFO : EventManager : Event: ======'machine_var_audits_switches_s_left_scoop'====== Args={'value': 234, 'prev_value': None, 'change': True}
2025-10-16 18:10:22,216 : INFO : EventManager : Event: ======'machine_var_audits_switches_s_left_standup'====== Args={'value': 0, 'prev_value': None, 'change': True}
2025-10-16 18:10:22,216 : INFO : EventManager : Event: ======'machine_var_audits_switches_s_middle_inlane'====== Args={'value': 20, 'prev_value': None, 'change': True}
2025-10-16 18:10:22,216 : INFO : EventManager : Event: ======'machine_var_audits_switches_s_plunger'====== Args={'value': 509, 'prev_value': None, 'change': True}
2025-10-16 18:10:22,217 : INFO : EventManager : Event: ======'machine_var_audits_switches_s_right_center_target'====== Args={'value': 9, 'prev_value': None, 'change': True}
2025-10-16 18:10:22,217 : INFO : EventManager : Event: ======'machine_var_audits_switches_s_right_corridor_spinner'====== Args={'value': 9, 'prev_value': None, 'change': True}
2025-10-16 18:10:22,218 : INFO : EventManager : Event: ======'machine_var_audits_switches_s_right_flipper'====== Args={'value': 147, 'prev_value': None, 'change': True}
2025-10-16 18:10:22,218 : INFO : EventManager : Event: ======'machine_var_audits_switches_s_right_inlane'====== Args={'value': 223, 'prev_value': None, 'change': True}
2025-10-16 18:10:22,219 : INFO : EventManager : Event: ======'machine_var_audits_switches_s_right_outlane'====== Args={'value': 4, 'prev_value': None, 'change': True}
2025-10-16 18:10:22,220 : INFO : EventManager : Event: ======'machine_var_audits_switches_s_right_rollover'====== Args={'value': 361, 'prev_value': None, 'change': True}
2025-10-16 18:10:22,220 : INFO : EventManager : Event: ======'machine_var_audits_switches_s_right_scoop'====== Args={'value': 64, 'prev_value': None, 'change': True}
2025-10-16 18:10:22,221 : INFO : EventManager : Event: ======'machine_var_audits_switches_s_right_standup'====== Args={'value': 138, 'prev_value': None, 'change': True}
2025-10-16 18:10:22,221 : INFO : EventManager : Event: ======'machine_var_audits_switches_s_service_coin'====== Args={'value': 0, 'prev_value': None, 'change': True}
2025-10-16 18:10:22,222 : INFO : EventManager : Event: ======'machine_var_audits_switches_s_sling_left'====== Args={'value': 3, 'prev_value': None, 'change': True}
2025-10-16 18:10:22,222 : INFO : EventManager : Event: ======'machine_var_audits_switches_s_sling_right'====== Args={'value': 8, 'prev_value': None, 'change': True}
2025-10-16 18:10:22,222 : INFO : EventManager : Event: ======'machine_var_audits_switches_s_standup_1'====== Args={'value': 131, 'prev_value': None, 'change': True}
2025-10-16 18:10:22,223 : INFO : EventManager : Event: ======'machine_var_audits_switches_s_standup_2'====== Args={'value': 86, 'prev_value': None, 'change': True}
2025-10-16 18:10:22,223 : INFO : EventManager : Event: ======'machine_var_audits_switches_s_standup_3'====== Args={'value': 76, 'prev_value': None, 'change': True}
2025-10-16 18:10:22,224 : INFO : EventManager : Event: ======'machine_var_audits_switches_s_standup_4'====== Args={'value': 56, 'prev_value': None, 'change': True}
2025-10-16 18:10:22,224 : INFO : EventManager : Event: ======'machine_var_audits_switches_s_standup_5'====== Args={'value': 54, 'prev_value': None, 'change': True}
2025-10-16 18:10:22,224 : INFO : EventManager : Event: ======'machine_var_audits_switches_s_standup_6'====== Args={'value': 44, 'prev_value': None, 'change': True}
2025-10-16 18:10:22,225 : INFO : EventManager : Event: ======'machine_var_audits_switches_s_start'====== Args={'value': 45, 'prev_value': None, 'change': True}
2025-10-16 18:10:22,225 : INFO : EventManager : Event: ======'machine_var_audits_switches_s_top_left_standup'====== Args={'value': 8, 'prev_value': None, 'change': True}
2025-10-16 18:10:22,225 : INFO : EventManager : Event: ======'machine_var_audits_switches_s_top_left_standup2'====== Args={'value': 15, 'prev_value': None, 'change': True}
2025-10-16 18:10:22,226 : INFO : EventManager : Event: ======'machine_var_audits_switches_s_top_middle_inlane'====== Args={'value': 41, 'prev_value': None, 'change': True}
2025-10-16 18:10:22,226 : INFO : EventManager : Event: ======'machine_var_audits_switches_s_trough1'====== Args={'value': 299, 'prev_value': None, 'change': True}
2025-10-16 18:10:22,227 : INFO : EventManager : Event: ======'machine_var_audits_switches_s_trough2'====== Args={'value': 0, 'prev_value': None, 'change': True}
2025-10-16 18:10:22,227 : INFO : EventManager : Event: ======'machine_var_audits_switches_s_trough3'====== Args={'value': 0, 'prev_value': None, 'change': True}
2025-10-16 18:10:22,228 : INFO : EventManager : Event: ======'machine_var_audits_switches_s_trough4'====== Args={'value': 0, 'prev_value': None, 'change': True}
2025-10-16 18:10:22,228 : INFO : EventManager : Event: ======'machine_var_audits_switches_s_trough5'====== Args={'value': 0, 'prev_value': None, 'change': True}
2025-10-16 18:10:22,229 : INFO : EventManager : Event: ======'machine_var_audits_switches_s_trough6'====== Args={'value': 0, 'prev_value': None, 'change': True}
2025-10-16 18:10:22,230 : INFO : EventManager : Event: ======'machine_var_audits_switches_s_trough_jam'====== Args={'value': 0, 'prev_value': None, 'change': True}
2025-10-16 18:10:22,231 : INFO : EventManager : Event: ======'init_phase_5'====== Args={}
2025-10-16 18:10:22,283 : INFO : EventManager : Event: ======'init_done'====== Args={}
2025-10-16 18:10:22,283 : INFO : EventManager : Event: ======'machine_reset_phase_1'====== Args={}
2025-10-16 18:10:22,287 : INFO : EventManager : Event: ======'slide_window_slide_1_removed'====== Args={'_from_bcp': True}
2025-10-16 18:10:22,315 : INFO : EventManager : Event: ======'slide_window_slide_1_created'====== Args={'_from_bcp': True}
2025-10-16 18:10:22,316 : INFO : EventManager : Event: ======'slide_window_slide_1_active'====== Args={'_from_bcp': True}
2025-10-16 18:10:22,316 : INFO : EventManager : Event: ======'machine_reset_phase_2'====== Args={}
2025-10-16 18:10:22,316 : INFO : EventManager : Event: ======'machine_reset_phase_3'====== Args={}
2025-10-16 18:10:22,316 : INFO : drop_target_bank.TIME : All targets are already up. Will not reset bank.
2025-10-16 18:10:22,317 : INFO : drop_target_bank.TRAVEL : All targets are already up. Will not reset bank.
2025-10-16 18:10:22,317 : INFO : EventManager : Event: ======'reset_complete'====== Args={}
2025-10-16 18:10:22,317 : INFO : EventManager : Event: ======'mode_credits_will_start'====== Args={}
2025-10-16 18:10:22,318 : INFO : EventManager : Event: ======'mode_credits_starting'====== Args={}
2025-10-16 18:10:22,318 : INFO : EventManager : Event: ======'mode_attract_will_start'====== Args={}
2025-10-16 18:10:22,319 : INFO : EventManager : Event: ======'mode_attract_starting'====== Args={}
2025-10-16 18:10:22,319 : INFO : Mode.attract : Started. Priority: 10
2025-10-16 18:10:22,319 : INFO : EventManager : Event: ======'modes_active_modes_changed'====== Args={}
2025-10-16 18:10:22,319 : INFO : EventManager : Event: ======'mode_attract_started'====== Args={}
2025-10-16 18:10:22,320 : INFO : EventManager : Event: ======'collecting_balls_complete'====== Args={}
2025-10-16 18:10:22,320 : INFO : Mode.credits : Started. Priority: 1000010
2025-10-16 18:10:22,320 : INFO : EventManager : Event: ======'modes_active_modes_changed'====== Args={}
2025-10-16 18:10:22,320 : INFO : EventManager : Event: ======'mode_credits_started'====== Args={}
2025-10-16 18:10:22,321 : INFO : Mode.credits : Credit units per game: 2
2025-10-16 18:10:22,321 : INFO : EventManager : Event: ======'machine_var_price_per_game_raw_0'====== Args={'value': 0.5, 'prev_value': None, 'change': True}
2025-10-16 18:10:22,322 : INFO : EventManager : Event: ======'machine_var_price_per_game_string_0'====== Args={'value': '1 CREDITS $0.5', 'prev_value': None, 'change': True}
2025-10-16 18:10:22,323 : INFO : EventManager : Event: ======'machine_var_price_per_game_raw_1'====== Args={'value': 2.0, 'prev_value': None, 'change': True}
2025-10-16 18:10:22,323 : INFO : EventManager : Event: ======'machine_var_price_per_game_string_1'====== Args={'value': '5 CREDITS $2.0', 'prev_value': None, 'change': True}
2025-10-16 18:10:22,324 : INFO : EventManager : Event: ======'machine_var_credits_string'====== Args={'value': ' ', 'prev_value': 'FREE PLAY', 'change': True}
2025-10-16 18:10:22,325 : INFO : EventManager : Event: ======'machine_var_credits_value'====== Args={'value': '0', 'prev_value': None, 'change': True}
2025-10-16 18:10:22,325 : INFO : EventManager : Event: ======'machine_var_credits_whole_num'====== Args={'value': 0, 'prev_value': None, 'change': True}
2025-10-16 18:10:22,326 : INFO : EventManager : Event: ======'machine_var_credits_numerator'====== Args={'value': 0, 'prev_value': None, 'change': True}
2025-10-16 18:10:22,326 : INFO : EventManager : Event: ======'machine_var_credits_denominator'====== Args={'value': 0, 'prev_value': None, 'change': True}
2025-10-16 18:10:22,326 : INFO : EventManager : Event: ======'machine_var_credits_string'====== Args={'value': 'CREDITS 0', 'prev_value': ' ', 'change': True}
2025-10-16 18:10:22,327 : INFO : EventManager : Event: ======'machine_var_credits_denominator'====== Args={'value': 2, 'prev_value': 0, 'change': 2}
2025-10-16 18:10:22,373 : INFO : EventManager : Event: ======'slide_awesome_slide_created'====== Args={'_from_bcp': True}
2025-10-16 18:10:22,373 : INFO : EventManager : Event: ======'slide_awesome_slide_active'====== Args={'_from_bcp': True}
2025-10-16 18:10:22,373 : INFO : Machine : Starting the main run loop.
2025-10-16 18:10:22,944 : INFO : BcpServer : New client connected.
2025-10-16 18:10:23,485 : INFO : SwitchController : <<<<<<< 's_start' active >>>>>>>
2025-10-16 18:10:23,601 : INFO : SwitchController : <<<<<<< 's_start' inactive >>>>>>>
2025-10-16 18:10:23,601 : INFO : EventManager : Event: ======'request_to_start_game'====== Args={}
2025-10-16 18:10:23,601 : INFO : Mode.credits : Received request to start game. Request Denied. Not enough credits available.
2025-10-16 18:10:23,601 : INFO : EventManager : Event: ======'not_enough_credits'====== Args={}
2025-10-16 18:10:23,622 : INFO : EventManager : Event: ======'slide_not_enough_credits_slide_created'====== Args={'_from_bcp': True}
2025-10-16 18:10:23,636 : INFO : EventManager : Event: ======'slide_not_enough_credits_slide_active'====== Args={'_from_bcp': True}
2025-10-16 18:10:24,919 : INFO : SwitchController : <<<<<<< 's_coin_left' active >>>>>>>
2025-10-16 18:10:24,919 : INFO : Mode.credits : Credit switch hit. Credit Added. Value: 0.25. Type: money keyName: None
2025-10-16 18:10:24,920 : INFO : Mode.credits : Credit units added
2025-10-16 18:10:24,920 : INFO : EventManager : Event: ======'machine_var_credit_units'====== Args={'value': 1, 'prev_value': 0, 'change': 1}
2025-10-16 18:10:24,921 : INFO : EventManager : Event: ======'machine_var_credits_string'====== Args={'value': 'CREDITS 1/2', 'prev_value': 'CREDITS 0', 'change': True}
2025-10-16 18:10:24,922 : INFO : EventManager : Event: ======'machine_var_credits_value'====== Args={'value': '1/2', 'prev_value': '0', 'change': True}
2025-10-16 18:10:24,922 : INFO : EventManager : Event: ======'machine_var_credits_numerator'====== Args={'value': 1, 'prev_value': 0, 'change': 1}
2025-10-16 18:10:24,923 : INFO : EventManager : Event: ======'credits_added'====== Args={}
2025-10-16 18:10:24,923 : INFO : Mode.credits : Credit audits. Value: 0.25. Type: money keyName: None
2025-10-16 18:10:24,941 : INFO : EventManager : Event: ======'slide_credit_added_slide_created'====== Args={'_from_bcp': True}
2025-10-16 18:10:24,952 : INFO : EventManager : Event: ======'slide_credit_added_slide_active'====== Args={'_from_bcp': True}
2025-10-16 18:10:25,051 : INFO : SwitchController : <<<<<<< 's_coin_left' inactive >>>>>>>
2025-10-16 18:10:25,351 : INFO : EventManager : Event: ======'slide_press_start_created'====== Args={'_from_bcp': True}
2025-10-16 18:10:25,636 : INFO : EventManager : Event: ======'slide_not_enough_credits_slide_removed'====== Args={'_from_bcp': True}
2025-10-16 18:10:25,734 : INFO : SwitchController : <<<<<<< 's_coin_left' active >>>>>>>
2025-10-16 18:10:25,734 : INFO : Mode.credits : Credit switch hit. Credit Added. Value: 0.25. Type: money keyName: None
2025-10-16 18:10:25,734 : INFO : Mode.credits : Credit units added
2025-10-16 18:10:25,735 : INFO : EventManager : Event: ======'machine_var_credit_units'====== Args={'value': 2, 'prev_value': 1, 'change': 1}
2025-10-16 18:10:25,736 : INFO : EventManager : Event: ======'machine_var_credits_string'====== Args={'value': 'CREDITS 1', 'prev_value': 'CREDITS 1/2', 'change': True}
2025-10-16 18:10:25,736 : INFO : EventManager : Event: ======'machine_var_credits_value'====== Args={'value': '1', 'prev_value': '1/2', 'change': True}
2025-10-16 18:10:25,737 : INFO : EventManager : Event: ======'machine_var_credits_whole_num'====== Args={'value': 1, 'prev_value': 0, 'change': 1}
2025-10-16 18:10:25,737 : INFO : EventManager : Event: ======'machine_var_credits_numerator'====== Args={'value': 0, 'prev_value': 1, 'change': -1}
2025-10-16 18:10:25,738 : INFO : EventManager : Event: ======'credits_added'====== Args={}
2025-10-16 18:10:25,738 : INFO : Mode.credits : Credit audits. Value: 0.25. Type: money keyName: None
2025-10-16 18:10:25,767 : INFO : EventManager : Event: ======'slide_credit_added_slide_removed'====== Args={'_from_bcp': True}
2025-10-16 18:10:25,768 : INFO : EventManager : Event: ======'slide_credit_added_slide_created'====== Args={'_from_bcp': True}
2025-10-16 18:10:25,769 : INFO : EventManager : Event: ======'slide_credit_added_slide_removed'====== Args={'_from_bcp': True}
2025-10-16 18:10:25,771 : INFO : EventManager : Event: ======'slide_credit_added_slide_active'====== Args={'_from_bcp': True}
2025-10-16 18:10:25,867 : INFO : SwitchController : <<<<<<< 's_coin_left' inactive >>>>>>>
2025-10-16 18:10:27,768 : INFO : EventManager : Event: ======'slide_credit_added_slide_removed'====== Args={'_from_bcp': True}
2025-10-16 18:10:27,769 : INFO : EventManager : Event: ======'slide_press_start_active'====== Args={'_from_bcp': True}
2025-10-16 18:10:28,335 : INFO : EventManager : Event: ======'slide_mission_pinball_created'====== Args={'_from_bcp': True}
2025-10-16 18:10:28,337 : INFO : EventManager : Event: ======'slide_mission_pinball_active'====== Args={'_from_bcp': True}
2025-10-16 18:10:30,601 : INFO : SwitchController : <<<<<<< 's_start' active >>>>>>>
2025-10-16 18:10:30,735 : INFO : SwitchController : <<<<<<< 's_start' inactive >>>>>>>
2025-10-16 18:10:30,736 : INFO : EventManager : Event: ======'request_to_start_game'====== Args={}
2025-10-16 18:10:30,736 : INFO : Mode.credits : Received request to start game. Request Approved. Sufficient credits available.
2025-10-16 18:10:30,736 : INFO : EventManager : Event: ======'game_start'====== Args={'buttons': [], 'hold_time': 0.125}
2025-10-16 18:10:30,737 : INFO : EventManager : Event: ======'mode_game_will_start'====== Args={'buttons': [], 'hold_time': 0.125}
2025-10-16 18:10:30,737 : INFO : EventManager : Event: ======'mode_game_starting'====== Args={'buttons': [], 'hold_time': 0.125}
2025-10-16 18:10:30,737 : INFO : EventManager : Event: ======'mode_attract_will_stop'====== Args={}
2025-10-16 18:10:30,737 : INFO : EventManager : Event: ======'mode_attract_stopping'====== Args={}
2025-10-16 18:10:30,737 : INFO : Mode.attract : Stopped.
2025-10-16 18:10:30,738 : INFO : EventManager : Event: ======'modes_active_modes_changed'====== Args={}
2025-10-16 18:10:30,738 : INFO : EventManager : Event: ======'mode_attract_stopped'====== Args={}
2025-10-16 18:10:30,738 : INFO : EventManager : Event: ======'clear'====== Args={'key': 'attract'}
2025-10-16 18:10:30,738 : INFO : Mode.game : Started. Priority: 20
2025-10-16 18:10:30,738 : INFO : EventManager : Event: ======'modes_active_modes_changed'====== Args={}
2025-10-16 18:10:30,739 : INFO : EventManager : Event: ======'mode_game_started'====== Args={'buttons': [], 'hold_time': 0.125}
2025-10-16 18:10:30,746 : INFO : EventManager : Event: ======'game_will_start'====== Args={}
2025-10-16 18:10:30,747 : INFO : EventManager : Event: ======'game_starting'====== Args={'game': <Mode.game>}
2025-10-16 18:10:30,748 : INFO : EventManager : Unordered handler for class <Auditor> on event game_ended with priority 1. Handlers: [RegisteredHandler(callback=<bound method Auditor.disable of <Auditor>>, priority=1, kwargs={}, key=UUID('312c239f-0e7e-4b08-a27a-cb617494b343'), condition=None, blocking_facility=None), RegisteredHandler(callback=<bound method Auditor._save_audits of <Auditor>>, priority=1, kwargs={}, key=UUID('ffd7d086-8a25-4b2d-bf42-ee8b8d694c72'), condition=None, blocking_facility=None)]. The order of those handlers is not defined and they will be executed in random order. This might lead to race conditions and potential bugs.
2025-10-16 18:10:30,748 : INFO : EventManager : Event: ======'player_add_request'====== Args={}
2025-10-16 18:10:30,748 : INFO : Mode.credits : Received request to add player. Request Approved. Sufficient credits available.
2025-10-16 18:10:30,748 : INFO : EventManager : Event: ======'player_will_add'====== Args={'number': 1}
2025-10-16 18:10:30,749 : INFO : EventManager : Event: ======'player_adding'====== Args={'player': <Player 1>, 'number': 1}
2025-10-16 18:10:30,749 : INFO : EventManager : Event: ======'player_added'====== Args={'player': <Player 1>, 'num': 1}
2025-10-16 18:10:30,749 : INFO : Mode.game : Player added successfully. Total players: 1
2025-10-16 18:10:30,749 : INFO : EventManager : Event: ======'machine_var_credit_units'====== Args={'value': 0, 'prev_value': 2, 'change': -2}
2025-10-16 18:10:30,750 : INFO : EventManager : Event: ======'machine_var_credits_string'====== Args={'value': 'CREDITS 0', 'prev_value': 'CREDITS 1', 'change': True}
2025-10-16 18:10:30,751 : INFO : EventManager : Event: ======'machine_var_credits_value'====== Args={'value': '0', 'prev_value': '1', 'change': True}
2025-10-16 18:10:30,752 : INFO : EventManager : Event: ======'machine_var_credits_whole_num'====== Args={'value': 0, 'prev_value': 1, 'change': -1}
2025-10-16 18:10:30,753 : INFO : EventManager : Event: ======'player_index'====== Args={'value': 0, 'prev_value': 0, 'change': 0, 'player_num': 1}
2025-10-16 18:10:30,753 : INFO : EventManager : Event: ======'player_number'====== Args={'value': 1, 'prev_value': 1, 'change': 0, 'player_num': 1}
2025-10-16 18:10:30,753 : INFO : EventManager : Event: ======'player_sj_active'====== Args={'value': 0, 'prev_value': 0, 'change': 0, 'player_num': 1}
2025-10-16 18:10:30,753 : INFO : EventManager : Event: ======'player_score'====== Args={'value': 0, 'prev_value': 0, 'change': 0, 'player_num': 1}
2025-10-16 18:10:30,755 : INFO : EventManager : Event: ======'game_started'====== Args={}
2025-10-16 18:10:30,768 : INFO : EventManager : Event: ======'player_turn_will_start'====== Args={'player': <Player 1>, 'number': 1}
2025-10-16 18:10:30,769 : INFO : EventManager : Event: ======'slide_awesome_slide_removed'====== Args={'_from_bcp': True}
2025-10-16 18:10:30,769 : INFO : EventManager : Event: ======'slide_press_start_removed'====== Args={'_from_bcp': True}
2025-10-16 18:10:30,769 : INFO : EventManager : Event: ======'slide_mission_pinball_removed'====== Args={'_from_bcp': True}
2025-10-16 18:10:30,770 : INFO : EventManager : Event: ======'player_turn_starting'====== Args={'player': <Player 1>, 'number': 1}
2025-10-16 18:10:30,771 : INFO : EventManager : Event: ======'slide_player_added_slide_created'====== Args={'_from_bcp': True}
2025-10-16 18:10:30,771 : INFO : EventManager : Event: ======'slide_player_added_slide_active'====== Args={'_from_bcp': True}
2025-10-16 18:10:30,771 : INFO : EventManager : Event: ======'player_ball'====== Args={'value': 1, 'prev_value': 0, 'change': 1, 'player_num': 1}
2025-10-16 18:10:30,772 : INFO : EventManager : Event: ======'player_turn_started'====== Args={'player': <Player 1>, 'number': 1}
2025-10-16 18:10:30,773 : INFO : EventManager : Event: ======'ball_will_start'====== Args={'player': 1, 'ball': 1, 'balls_remaining': 2, 'is_extra_ball': False}
2025-10-16 18:10:30,777 : INFO : EventManager : Event: ======'ball_starting'====== Args={'player': 1, 'ball': 1, 'balls_remaining': 2, 'is_extra_ball': False}
2025-10-16 18:10:30,778 : INFO : EventManager : Event: ======'mode_special_setup_will_start'====== Args={'queue': <QueuedEvent>, 'player': 1, 'ball': 1, 'balls_remaining': 2, 'is_extra_ball': False}
2025-10-16 18:10:30,779 : INFO : EventManager : Event: ======'mode_special_setup_starting'====== Args={'queue': <QueuedEvent>, 'player': 1, 'ball': 1, 'balls_remaining': 2, 'is_extra_ball': False}
2025-10-16 18:10:30,779 : INFO : EventManager : Event: ======'mode_super_jets_setup_will_start'====== Args={'queue': <QueuedEvent>, 'player': 1, 'ball': 1, 'balls_remaining': 2, 'is_extra_ball': False}
2025-10-16 18:10:30,779 : INFO : EventManager : Event: ======'player_shot_jets_enabled'====== Args={'value': True, 'prev_value': 0, 'change': 1, 'player_num': 1}
2025-10-16 18:10:30,781 : INFO : EventManager : Event: ======'mode_super_jets_setup_starting'====== Args={'queue': <QueuedEvent>, 'player': 1, 'ball': 1, 'balls_remaining': 2, 'is_extra_ball': False}
2025-10-16 18:10:30,781 : INFO : drop_target_bank.TIME : All targets are already up. Will not reset bank.
2025-10-16 18:10:30,781 : INFO : drop_target_bank.TRAVEL : All targets are already up. Will not reset bank.
2025-10-16 18:10:30,782 : INFO : EventManager : Event: ======'balls_in_play'====== Args={'balls': 1}
2025-10-16 18:10:30,782 : INFO : EventManager : Event: ======'ball_started'====== Args={'player': 1, 'ball': 1, 'balls_remaining': 2, 'is_extra_ball': False}
2025-10-16 18:10:30,783 : INFO : EventManager : Event: ======'logicblock_special_count_updated'====== Args={'value': 0, 'enabled': True}
2025-10-16 18:10:30,783 : INFO : EventManager : Event: ======'logicblock_special_count_updated'====== Args={'value': 0, 'enabled': True}
2025-10-16 18:10:30,783 : INFO : Mode.special_setup : Started. Priority: 400
2025-10-16 18:10:30,783 : INFO : EventManager : Event: ======'modes_active_modes_changed'====== Args={}
2025-10-16 18:10:30,784 : INFO : EventManager : Event: ======'mode_special_setup_started'====== Args={'queue': <QueuedEvent>, 'player': 1, 'ball': 1, 'balls_remaining': 2, 'is_extra_ball': False}
2025-10-16 18:10:30,784 : INFO : EventManager : Event: ======'logicblock_lb_jets_count_updated'====== Args={'value': 0, 'enabled': True}
2025-10-16 18:10:30,784 : INFO : EventManager : Event: ======'logicblock_lb_rollover_complete_count_updated'====== Args={'value': 0, 'enabled': True}
2025-10-16 18:10:30,784 : INFO : EventManager : Event: ======'logicblock_lb_jets_count_updated'====== Args={'value': 0, 'enabled': True}
2025-10-16 18:10:30,785 : INFO : EventManager : Event: ======'logicblock_lb_jets_resume_updated'====== Args={'value': 0, 'enabled': False}
2025-10-16 18:10:30,785 : INFO : EventManager : Event: ======'logicblock_lb_rollover_complete_count_updated'====== Args={'value': 0, 'enabled': True}
2025-10-16 18:10:30,785 : INFO : Mode.super_jets_setup : Started. Priority: 200
2025-10-16 18:10:30,785 : INFO : EventManager : Event: ======'modes_active_modes_changed'====== Args={}
2025-10-16 18:10:30,785 : INFO : EventManager : Event: ======'mode_super_jets_setup_started'====== Args={'queue': <QueuedEvent>, 'player': 1, 'ball': 1, 'balls_remaining': 2, 'is_extra_ball': False}
2025-10-16 18:10:30,785 : INFO : EventManager : Event: ======'mode_base_will_start'====== Args={'player': 1, 'ball': 1, 'balls_remaining': 2, 'is_extra_ball': False}
2025-10-16 18:10:30,786 : INFO : EventManager : Event: ======'player_shot_left_rollover_shot_enabled'====== Args={'value': True, 'prev_value': 0, 'change': 1, 'player_num': 1}
2025-10-16 18:10:30,787 : INFO : EventManager : Event: ======'player_shot_center_rollover_shot_enabled'====== Args={'value': True, 'prev_value': 0, 'change': 1, 'player_num': 1}
2025-10-16 18:10:30,787 : INFO : EventManager : Event: ======'player_shot_right_rollover_shot_enabled'====== Args={'value': True, 'prev_value': 0, 'change': 1, 'player_num': 1}
2025-10-16 18:10:30,788 : INFO : EventManager : Event: ======'player_shot_right_scoop_shot_enabled'====== Args={'value': True, 'prev_value': 0, 'change': 1, 'player_num': 1}
2025-10-16 18:10:30,788 : INFO : EventManager : Event: ======'player_shot_T_enabled'====== Args={'value': True, 'prev_value': 0, 'change': 1, 'player_num': 1}
2025-10-16 18:10:30,788 : INFO : EventManager : Event: ======'player_shot_I_enabled'====== Args={'value': True, 'prev_value': 0, 'change': 1, 'player_num': 1}
2025-10-16 18:10:30,788 : INFO : EventManager : Event: ======'player_shot_M_enabled'====== Args={'value': True, 'prev_value': 0, 'change': 1, 'player_num': 1}
2025-10-16 18:10:30,789 : INFO : EventManager : Event: ======'player_shot_E_enabled'====== Args={'value': True, 'prev_value': 0, 'change': 1, 'player_num': 1}
2025-10-16 18:10:30,789 : INFO : EventManager : Event: ======'player_shot_Tb_enabled'====== Args={'value': True, 'prev_value': 0, 'change': 1, 'player_num': 1}
2025-10-16 18:10:30,789 : INFO : EventManager : Event: ======'player_shot_R_enabled'====== Args={'value': True, 'prev_value': 0, 'change': 1, 'player_num': 1}
2025-10-16 18:10:30,790 : INFO : EventManager : Event: ======'player_shot_A_enabled'====== Args={'value': True, 'prev_value': 0, 'change': 1, 'player_num': 1}
2025-10-16 18:10:30,790 : INFO : EventManager : Event: ======'player_shot_V_enabled'====== Args={'value': True, 'prev_value': 0, 'change': 1, 'player_num': 1}
2025-10-16 18:10:30,791 : INFO : EventManager : Event: ======'player_shot_Eb_enabled'====== Args={'value': True, 'prev_value': 0, 'change': 1, 'player_num': 1}
2025-10-16 18:10:30,792 : INFO : EventManager : Event: ======'player_shot_L_enabled'====== Args={'value': True, 'prev_value': 0, 'change': 1, 'player_num': 1}
2025-10-16 18:10:30,792 : INFO : EventManager : Event: ======'player_shot_bumper1_shot_enabled'====== Args={'value': True, 'prev_value': 0, 'change': 1, 'player_num': 1}
2025-10-16 18:10:30,792 : INFO : EventManager : Event: ======'player_shot_bumper2_shot_enabled'====== Args={'value': True, 'prev_value': 0, 'change': 1, 'player_num': 1}
2025-10-16 18:10:30,793 : INFO : EventManager : Event: ======'player_shot_right_inlane_shot_enabled'====== Args={'value': True, 'prev_value': 0, 'change': 1, 'player_num': 1}
2025-10-16 18:10:30,793 : INFO : EventManager : Event: ======'rollover_lanes_complete'====== Args={'state': 'unlit'}
2025-10-16 18:10:30,793 : INFO : EventManager : Event: ======'rollover_lanes_unlit_complete'====== Args={}
2025-10-16 18:10:30,793 : INFO : EventManager : Event: ======'TIME_droptargets_complete'====== Args={'state': 'unlit'}
2025-10-16 18:10:30,794 : INFO : EventManager : Event: ======'TIME_droptargets_unlit_complete'====== Args={}
2025-10-16 18:10:30,794 : INFO : EventManager : Event: ======'TRAVEL_droptargets_complete'====== Args={'state': 'unlit'}
2025-10-16 18:10:30,794 : INFO : EventManager : Event: ======'TRAVEL_droptargets_unlit_complete'====== Args={}
2025-10-16 18:10:30,796 : INFO : EventManager : Event: ======'mode_base_starting'====== Args={'player': 1, 'ball': 1, 'balls_remaining': 2, 'is_extra_ball': False}
2025-10-16 18:10:30,797 : INFO : EventManager : Event: ======'slide_player_added_slide_removed'====== Args={'_from_bcp': True}
2025-10-16 18:10:30,798 : INFO : EventManager : Event: ======'slide_player_added_slide_created'====== Args={'_from_bcp': True}
2025-10-16 18:10:30,798 : INFO : EventManager : Event: ======'slide_player_added_slide_removed'====== Args={'_from_bcp': True}
2025-10-16 18:10:30,799 : INFO : EventManager : Event: ======'logicblock_my_counter_updated'====== Args={'value': 0, 'enabled': True}
2025-10-16 18:10:30,799 : INFO : EventManager : Event: ======'logicblock_my_counter_updated'====== Args={'value': 0, 'enabled': True}
2025-10-16 18:10:30,799 : INFO : Mode.base : Started. Priority: 100
2025-10-16 18:10:30,799 : INFO : EventManager : Event: ======'modes_active_modes_changed'====== Args={}
2025-10-16 18:10:30,799 : INFO : EventManager : Event: ======'mode_base_started'====== Args={'player': 1, 'ball': 1, 'balls_remaining': 2, 'is_extra_ball': False}
2025-10-16 18:10:30,799 : INFO : EventManager : Event: ======'single_player_ball_started'====== Args={}
2025-10-16 18:10:30,843 : INFO : EventManager : Event: ======'slide_player_added_slide_created'====== Args={'_from_bcp': True}
2025-10-16 18:10:30,843 : INFO : EventManager : Event: ======'slide_player_added_slide_active'====== Args={'_from_bcp': True}
2025-10-16 18:10:30,843 : INFO : EventManager : Event: ======'ball_start_target'====== Args={'target': 'playfield'}
2025-10-16 18:10:30,843 : INFO : ball_device.bd_plunger : Setting up player-controlled eject. Balls: 1, Target: <playfield.playfield>, player_controlled_eject_event: None
2025-10-16 18:10:30,844 : INFO : EventManager : Event: ======'balldevice_balls_available'====== Args={}
2025-10-16 18:10:30,844 : INFO : ball_device.bd_trough : State: waiting_for_target_ready
2025-10-16 18:10:30,845 : INFO : EventManager : Event: ======'balldevice_bd_trough_ball_eject_attempt'====== Args={'balls': 1, 'target': <ball_device.bd_plunger>, 'source': <ball_device.bd_trough>, 'mechanical_eject': True, 'num_attempts': 0}
2025-10-16 18:10:30,845 : INFO : ball_device.bd_plunger : State: waiting_for_ball
2025-10-16 18:10:30,845 : INFO : ball_device.bd_trough : State: ejecting
2025-10-16 18:10:30,846 : INFO : ball_device.bd_trough : Ejecting ball to <ball_device.bd_plunger>
2025-10-16 18:10:30,846 : INFO : EventManager : Event: ======'balldevice_bd_trough_ejecting_ball'====== Args={'balls': 1, 'target': <ball_device.bd_plunger>, 'source': <ball_device.bd_trough>, 'mechanical_eject': True, 'num_attempts': 0}
2025-10-16 18:10:30,846 : INFO : ball_device.bd_trough : Wait for ball to leave device
2025-10-16 18:10:30,847 : INFO : coil.c_trough_eject : Pulsing Driver for 20ms (1.0 pulse_power)
2025-10-16 18:10:30,847 : INFO : SwitchController : <<<<<<< 's_trough1' inactive >>>>>>>
2025-10-16 18:10:30,853 : INFO : ball_device.bd_trough : State: ball_left
2025-10-16 18:10:30,854 : INFO : ball_device.bd_trough : Ball left
2025-10-16 18:10:30,854 : INFO : ball_device.bd_trough : Wait for confirm with timeout 3.0
2025-10-16 18:10:30,862 : INFO : EventManager : Event: ======'slide_base.slide_player-mode_base_started_created'====== Args={'_from_bcp': True}
2025-10-16 18:10:30,869 : INFO : EventManager : Event: ======'slide_base.slide_player-mode_base_started_active'====== Args={'_from_bcp': True}
2025-10-16 18:10:30,953 : INFO : SwitchController : <<<<<<< 's_plunger' active >>>>>>>
2025-10-16 18:10:30,953 : INFO : EventManager : Event: ======'machine_var_audits_switches_s_plunger'====== Args={'value': 510, 'prev_value': 509, 'change': 1}
2025-10-16 18:10:31,449 : INFO : ball_device.bd_plunger : Received ball from <ball_device.bd_trough>
2025-10-16 18:10:31,449 : INFO : EventManager : Event: ======'balldevice_bd_plunger_ball_enter'====== Args={'new_balls': 1, 'unclaimed_balls': 0, 'new_available_balls': 0, 'device': <ball_device.bd_plunger>}
2025-10-16 18:10:31,450 : INFO : EventManager : Event: ======'balldevice_bd_plunger_ball_entered'====== Args={'new_balls': 0, 'device': <ball_device.bd_plunger>}
2025-10-16 18:10:31,450 : INFO : EventManager : Event: ======'balldevice_bd_plunger_ball_count_changed'====== Args={'balls': 1}
2025-10-16 18:10:31,451 : INFO : ball_device.bd_trough : Got eject confirm
2025-10-16 18:10:31,451 : INFO : ball_device.bd_trough : Eject successful
2025-10-16 18:10:31,451 : INFO : EventManager : Event: ======'balldevice_bd_trough_ball_eject_success'====== Args={'balls': 1, 'target': <ball_device.bd_plunger>}
2025-10-16 18:10:31,451 : INFO : EventManager : Event: ======'balldevice_bd_trough_ball_count_changed'====== Args={'balls': 5}
2025-10-16 18:10:31,451 : INFO : ball_device.bd_trough : State: idle
2025-10-16 18:10:31,452 : INFO : ball_device.bd_plunger : State: waiting_for_target_ready
2025-10-16 18:10:31,452 : INFO : EventManager : Event: ======'balldevice_bd_plunger_ball_eject_attempt'====== Args={'balls': 1, 'target': <playfield.playfield>, 'source': <ball_device.bd_plunger>, 'mechanical_eject': True, 'num_attempts': 0}
2025-10-16 18:10:31,452 : INFO : ball_device.bd_plunger : State: ejecting
2025-10-16 18:10:31,453 : INFO : ball_device.bd_plunger : Ejecting ball to <playfield.playfield>
2025-10-16 18:10:31,453 : INFO : EventManager : Event: ======'balldevice_bd_plunger_ejecting_ball'====== Args={'balls': 1, 'target': <playfield.playfield>, 'source': <ball_device.bd_plunger>, 'mechanical_eject': True, 'num_attempts': 0}
2025-10-16 18:10:31,454 : INFO : ball_device.bd_plunger : Wait for ball to leave device
2025-10-16 18:10:31,786 : INFO : EventManager : Event: ======'slide_player_added_slide_removed'====== Args={'_from_bcp': True}
2025-10-16 18:10:37,401 : INFO : SwitchController : <<<<<<< 's_coin_left' active >>>>>>>
2025-10-16 18:10:37,401 : INFO : Mode.credits : Credit switch hit. Credit Added. Value: 0.25. Type: money keyName: None
2025-10-16 18:10:37,402 : INFO : Mode.credits : Credit units added
2025-10-16 18:10:37,402 : INFO : EventManager : Event: ======'machine_var_credit_units'====== Args={'value': 1, 'prev_value': 0, 'change': 1}
2025-10-16 18:10:37,403 : INFO : EventManager : Event: ======'machine_var_credits_string'====== Args={'value': 'CREDITS 1/2', 'prev_value': 'CREDITS 0', 'change': True}
2025-10-16 18:10:37,404 : INFO : EventManager : Event: ======'machine_var_credits_value'====== Args={'value': '1/2', 'prev_value': '0', 'change': True}
2025-10-16 18:10:37,404 : INFO : EventManager : Event: ======'machine_var_credits_numerator'====== Args={'value': 1, 'prev_value': 0, 'change': 1}
2025-10-16 18:10:37,405 : INFO : EventManager : Event: ======'credits_added'====== Args={}
2025-10-16 18:10:37,405 : INFO : Mode.credits : Credit audits. Value: 0.25. Type: money keyName: None
2025-10-16 18:10:37,406 : INFO : EventManager : Event: ======'machine_var_audits_switches_s_coin_left'====== Args={'value': 11, 'prev_value': 10, 'change': 1}
2025-10-16 18:10:37,422 : INFO : EventManager : Event: ======'slide_credit_added_slide_removed'====== Args={'_from_bcp': True}
2025-10-16 18:10:37,424 : INFO : EventManager : Event: ======'slide_credit_added_slide_created'====== Args={'_from_bcp': True}
2025-10-16 18:10:37,425 : INFO : EventManager : Event: ======'slide_credit_added_slide_removed'====== Args={'_from_bcp': True}
2025-10-16 18:10:37,435 : INFO : EventManager : Event: ======'slide_credit_added_slide_active'====== Args={'_from_bcp': True}
2025-10-16 18:10:37,569 : INFO : SwitchController : <<<<<<< 's_coin_left' inactive >>>>>>>
2025-10-16 18:10:38,502 : INFO : SwitchController : <<<<<<< 's_coin_left' active >>>>>>>
2025-10-16 18:10:38,502 : INFO : Mode.credits : Credit switch hit. Credit Added. Value: 0.25. Type: money keyName: None
2025-10-16 18:10:38,502 : INFO : Mode.credits : Credit units added
2025-10-16 18:10:38,502 : INFO : EventManager : Event: ======'machine_var_credit_units'====== Args={'value': 2, 'prev_value': 1, 'change': 1}
2025-10-16 18:10:38,504 : INFO : EventManager : Event: ======'machine_var_credits_string'====== Args={'value': 'CREDITS 1', 'prev_value': 'CREDITS 1/2', 'change': True}
2025-10-16 18:10:38,504 : INFO : EventManager : Event: ======'machine_var_credits_value'====== Args={'value': '1', 'prev_value': '1/2', 'change': True}
2025-10-16 18:10:38,505 : INFO : EventManager : Event: ======'machine_var_credits_whole_num'====== Args={'value': 1, 'prev_value': 0, 'change': 1}
2025-10-16 18:10:38,506 : INFO : EventManager : Event: ======'machine_var_credits_numerator'====== Args={'value': 0, 'prev_value': 1, 'change': -1}
2025-10-16 18:10:38,507 : INFO : EventManager : Event: ======'credits_added'====== Args={}
2025-10-16 18:10:38,507 : INFO : Mode.credits : Credit audits. Value: 0.25. Type: money keyName: None
2025-10-16 18:10:38,507 : INFO : EventManager : Event: ======'machine_var_audits_switches_s_coin_left'====== Args={'value': 12, 'prev_value': 11, 'change': 1}
2025-10-16 18:10:38,522 : INFO : EventManager : Event: ======'slide_credit_added_slide_removed'====== Args={'_from_bcp': True}
2025-10-16 18:10:38,524 : INFO : EventManager : Event: ======'slide_credit_added_slide_created'====== Args={'_from_bcp': True}
2025-10-16 18:10:38,525 : INFO : EventManager : Event: ======'slide_credit_added_slide_removed'====== Args={'_from_bcp': True}
2025-10-16 18:10:38,536 : INFO : EventManager : Event: ======'slide_credit_added_slide_active'====== Args={'_from_bcp': True}
2025-10-16 18:10:38,651 : INFO : SwitchController : <<<<<<< 's_coin_left' inactive >>>>>>>
2025-10-16 18:10:40,535 : INFO : EventManager : Event: ======'slide_credit_added_slide_removed'====== Args={'_from_bcp': True}
2025-10-16 18:10:40,536 : INFO : EventManager : Event: ======'slide_base.slide_player-mode_base_started_active'====== Args={'_from_bcp': True}
2025-10-16 18:10:40,752 : INFO : SwitchController : <<<<<<< 's_start' active >>>>>>>
2025-10-16 18:10:40,752 : INFO : EventManager : Event: ======'sw_start'====== Args={}
2025-10-16 18:10:40,752 : INFO : EventManager : Event: ======'machine_var_audits_switches_s_start'====== Args={'value': 46, 'prev_value': 45, 'change': 1}
2025-10-16 18:10:40,754 : INFO : EventManager : Event: ======'player_add_request'====== Args={}
2025-10-16 18:10:40,754 : INFO : Mode.credits : Received request to add player. Request Approved. Sufficient credits available.
2025-10-16 18:10:40,754 : INFO : EventManager : Event: ======'player_will_add'====== Args={'number': 2}
2025-10-16 18:10:40,754 : INFO : EventManager : Event: ======'player_adding'====== Args={'player': <Player 2>, 'number': 2}
2025-10-16 18:10:40,754 : INFO : EventManager : Event: ======'player_added'====== Args={'player': <Player 2>, 'num': 2}
2025-10-16 18:10:40,755 : INFO : Mode.game : Player added successfully. Total players: 2
2025-10-16 18:10:40,755 : INFO : EventManager : Event: ======'multiplayer_game'====== Args={}
2025-10-16 18:10:40,755 : INFO : EventManager : Event: ======'machine_var_credit_units'====== Args={'value': 0, 'prev_value': 2, 'change': -2}
2025-10-16 18:10:40,756 : INFO : EventManager : Event: ======'machine_var_credits_string'====== Args={'value': 'CREDITS 0', 'prev_value': 'CREDITS 1', 'change': True}
2025-10-16 18:10:40,757 : INFO : EventManager : Event: ======'machine_var_credits_value'====== Args={'value': '0', 'prev_value': '1', 'change': True}
2025-10-16 18:10:40,758 : INFO : EventManager : Event: ======'machine_var_credits_whole_num'====== Args={'value': 0, 'prev_value': 1, 'change': -1}
2025-10-16 18:10:40,759 : INFO : EventManager : Event: ======'player_index'====== Args={'value': 1, 'prev_value': 1, 'change': 0, 'player_num': 2}
2025-10-16 18:10:40,759 : INFO : EventManager : Event: ======'player_number'====== Args={'value': 2, 'prev_value': 2, 'change': 0, 'player_num': 2}
2025-10-16 18:10:40,759 : INFO : EventManager : Event: ======'player_sj_active'====== Args={'value': 0, 'prev_value': 0, 'change': 0, 'player_num': 2}
2025-10-16 18:10:40,759 : INFO : EventManager : Event: ======'player_score'====== Args={'value': 0, 'prev_value': 0, 'change': 0, 'player_num': 2}
2025-10-16 18:10:40,799 : INFO : EventManager : Event: ======'slide_player_added_slide_removed'====== Args={'_from_bcp': True}
2025-10-16 18:10:40,800 : INFO : EventManager : Event: ======'slide_player_added_slide_created'====== Args={'_from_bcp': True}
2025-10-16 18:10:40,800 : INFO : EventManager : Event: ======'slide_player_added_slide_removed'====== Args={'_from_bcp': True}
2025-10-16 18:10:40,800 : INFO : EventManager : Event: ======'slide_player_added_slide_created'====== Args={'_from_bcp': True}
2025-10-16 18:10:40,800 : INFO : EventManager : Event: ======'slide_player_added_slide_removed'====== Args={'_from_bcp': True}
2025-10-16 18:10:40,800 : INFO : EventManager : Event: ======'slide_player_added_slide_removed'====== Args={'_from_bcp': True}
2025-10-16 18:10:40,800 : INFO : EventManager : Event: ======'slide_player_added_slide_created'====== Args={'_from_bcp': True}
2025-10-16 18:10:40,801 : INFO : EventManager : Event: ======'slide_base.slide_player-mode_base_started_active'====== Args={'_from_bcp': True}
2025-10-16 18:10:40,837 : INFO : SwitchController : <<<<<<< 's_start' inactive >>>>>>>
2025-10-16 18:10:41,787 : INFO : EventManager : Event: ======'slide_player_added_slide_removed'====== Args={'_from_bcp': True}
2025-10-16 18:10:45,233 : INFO : Machine : Shutting down...
2025-10-16 18:10:45,233 : INFO : EventManager : Event: ======'shutdown'====== Args={}
2025-10-16 18:10:45,236 : INFO : EventManager : Event: ======'mode_game_will_stop'====== Args={}
2025-10-16 18:10:45,236 : INFO : EventManager : Event: ======'mode_game_stopping'====== Args={}
2025-10-16 18:10:45,237 : INFO : EventManager : Event: ======'mode_special_setup_will_stop'====== Args={}
2025-10-16 18:10:45,237 : INFO : EventManager : Event: ======'mode_special_setup_stopping'====== Args={}
2025-10-16 18:10:45,237 : INFO : EventManager : Event: ======'mode_base_will_stop'====== Args={}
2025-10-16 18:10:45,237 : INFO : EventManager : Event: ======'mode_base_stopping'====== Args={}
2025-10-16 18:10:45,237 : INFO : EventManager : Event: ======'mode_super_jets_setup_will_stop'====== Args={}
2025-10-16 18:10:45,237 : INFO : EventManager : Event: ======'mode_super_jets_setup_stopping'====== Args={}
2025-10-16 18:10:45,237 : INFO : Mode.super_jets_setup : Stopped.
2025-10-16 18:10:45,238 : INFO : EventManager : Event: ======'modes_active_modes_changed'====== Args={}
2025-10-16 18:10:45,238 : INFO : EventManager : Event: ======'mode_super_jets_setup_stopped'====== Args={}
2025-10-16 18:10:45,238 : INFO : EventManager : Event: ======'clear'====== Args={'key': 'super_jets_setup'}
2025-10-16 18:10:45,238 : INFO : Mode.base : Stopped.
2025-10-16 18:10:45,238 : INFO : EventManager : Event: ======'modes_active_modes_changed'====== Args={}
2025-10-16 18:10:45,238 : INFO : EventManager : Event: ======'mode_base_stopped'====== Args={}
2025-10-16 18:10:45,238 : INFO : EventManager : Event: ======'clear'====== Args={'key': 'base'}
2025-10-16 18:10:45,240 : INFO : Mode.special_setup : Stopped.
2025-10-16 18:10:45,240 : INFO : EventManager : Event: ======'modes_active_modes_changed'====== Args={}
2025-10-16 18:10:45,240 : INFO : EventManager : Event: ======'mode_special_setup_stopped'====== Args={}
2025-10-16 18:10:45,240 : INFO : EventManager : Event: ======'clear'====== Args={'key': 'special_setup'}
2025-10-16 18:10:45,241 : INFO : Mode.game : Stopped.
2025-10-16 18:10:45,241 : INFO : EventManager : Event: ======'modes_active_modes_changed'====== Args={}
2025-10-16 18:10:45,241 : INFO : EventManager : Event: ======'mode_game_stopped'====== Args={}
2025-10-16 18:10:45,241 : INFO : EventManager : Event: ======'clear'====== Args={'key': 'game'}
2025-10-16 18:10:45,243 : INFO : root : MPF run loop ended.
