2025-10-17 14:36:27,679 : kivy : deps: Successfully imported "kivy_deps.gstreamer" 0.3.3
2025-10-17 14:36:27,679 : kivy : deps: Successfully imported "kivy_deps.angle" 0.3.3
2025-10-17 14:36:27,680 : kivy : deps: Successfully imported "kivy_deps.glew" 0.3.1
2025-10-17 14:36:27,680 : kivy : deps: Successfully imported "kivy_deps.sdl2" 0.6.0
2025-10-17 14:36:27,680 : kivy : Kivy: v2.2.1
2025-10-17 14:36:27,680 : kivy : Kivy: Installed at "C:\Users\richa\mpfvirtual4\lib\site-packages\kivy\__init__.py"
2025-10-17 14:36:27,680 : kivy : Python: v3.9.13 (tags/v3.9.13:6de2ca5, May 17 2022, 16:36:42) [MSC v.1929 64 bit (AMD64)]
2025-10-17 14:36:27,680 : kivy : Python: Interpreter at "C:\Users\richa\mpfvirtual4\Scripts\python.exe"
2025-10-17 14:36:27,698 : kivy : Factory: 190 symbols loaded
2025-10-17 14:36:27,884 : kivy : ImageLoaderFFPy: Using ffpyplayer 4.5.0
2025-10-17 14:36:27,884 : kivy : Image: Providers: img_tex, img_dds, img_sdl2, img_pil, img_ffpyplayer 
2025-10-17 14:36:28,046 : kivy : VideoGstplayer: Using Gstreamer 1.18.5.0
2025-10-17 14:36:28,046 : kivy : Video: Provider: gstplayer
2025-10-17 14:36:28,086 : root : Loading MPF-MC controller
2025-10-17 14:36:28,089 : YamlMultifileConfigLoader : Machine config file #1: config
2025-10-17 14:36:28,089 : ConfigProcessor : Config file in cache changed: C:\Users\richa\ttp7\config\config
2025-10-17 14:36:28,089 : ConfigProcessor : Loading config from file C:\Users\richa\mpfvirtual4\lib\site-packages\mpfmc\mcconfig.yaml.
2025-10-17 14:36:28,096 : ConfigProcessor : Loading config: C:\Users\richa\mpfvirtual4\lib\site-packages\mpfmc\mcconfig.yaml
2025-10-17 14:36:28,096 : ConfigProcessor : Loading config from file C:\Users\richa\ttp7\config\config.
2025-10-17 14:36:28,098 : ConfigProcessor : Loading config: C:\Users\richa\ttp7\config\config
2025-10-17 14:36:28,099 : ConfigProcessor : Loading config: C:\Users\richa\ttp7\config\config_sounds.yaml
2025-10-17 14:36:28,100 : ConfigProcessor : Loading config: C:\Users\richa\ttp7\config\config_ball_devices.yaml
2025-10-17 14:36:28,102 : ConfigProcessor : Loading config: C:\Users\richa\ttp7\config\config_coils.yaml
2025-10-17 14:36:28,103 : ConfigProcessor : Loading config: C:\Users\richa\ttp7\config\config_flippers.yaml
2025-10-17 14:36:28,107 : ConfigProcessor : Loading config: C:\Users\richa\ttp7\config\config_switches.yaml
2025-10-17 14:36:28,110 : ConfigProcessor : Loading config: C:\Users\richa\ttp7\config\config_lights.yaml
2025-10-17 14:36:28,113 : ConfigProcessor : Loading config: C:\Users\richa\ttp7\config\config_credits.yaml
2025-10-17 14:36:28,115 : ConfigProcessor : Config file cache created: C:\Users\richa\AppData\Local\Temp\b8d8c5e8bc023a38ee4d8abbd35c8fd3.mpf_cache
2025-10-17 14:36:28,115 : ConfigProcessor : Loading config from cache: C:\Users\richa\AppData\Local\Temp\70233839fc0b792ce11a62f3c18c1950.mpf_cache
2025-10-17 14:36:28,116 : ConfigProcessor : Loading config from cache: C:\Users\richa\AppData\Local\Temp\9c8dea79ca4d15ee886340e992e8cb9d.mpf_cache
2025-10-17 14:36:28,116 : ConfigProcessor : Loading config from cache: C:\Users\richa\AppData\Local\Temp\67a19b095f918111543419ac0271bfb1.mpf_cache
2025-10-17 14:36:28,125 : ConfigProcessor : Loading config from cache: C:\Users\richa\AppData\Local\Temp\be387b0e8ed00556ec738d83cd6947d1.mpf_cache
2025-10-17 14:36:28,125 : ConfigProcessor : Loading config from cache: C:\Users\richa\AppData\Local\Temp\5a8efabd9666d8c71fa755fc28a9bf1e.mpf_cache
2025-10-17 14:36:28,125 : ConfigProcessor : Loading config from cache: C:\Users\richa\AppData\Local\Temp\fb58745e58584e219ff53db445e8e9f2.mpf_cache
2025-10-17 14:36:28,127 : ConfigProcessor : Loading config from cache: C:\Users\richa\AppData\Local\Temp\3a5badf48d988f9fc0f9b093a934917d.mpf_cache
2025-10-17 14:36:28,128 : ConfigProcessor : Loading config from cache: C:\Users\richa\AppData\Local\Temp\9e788d9ac28f3464b985b20edf80a10e.mpf_cache
2025-10-17 14:36:28,128 : ConfigProcessor : Loading config from cache: C:\Users\richa\AppData\Local\Temp\7e426d8ffa907371bf962f3181d8bdf2.mpf_cache
2025-10-17 14:36:28,128 : mpfmc : Mission Pinball Framework Media Controller (MPF-MC) v0.57.0.dev10. Requires MPF v0.57.0.dev19 or newer.
2025-10-17 14:36:28,128 : mpfmc : Found MPF v0.57.0.dev39
2025-10-17 14:36:28,128 : mpfmc : Machine path: C:\Users\richa\ttp7
2025-10-17 14:36:28,128 : mpfmc : Starting clock at 60.0Hz
2025-10-17 14:36:28,142 : kivy : Text: Provider: sdl2
2025-10-17 14:36:28,181 : kivy : Window: Provider: sdl2
2025-10-17 14:36:28,545 : kivy : GL: Using the "OpenGL" graphics system
2025-10-17 14:36:28,554 : kivy : GL: GLEW initialization succeeded
2025-10-17 14:36:28,554 : kivy : GL: Backend used <glew>
2025-10-17 14:36:28,554 : kivy : GL: OpenGL version <b'4.6.0 NVIDIA 560.94'>
2025-10-17 14:36:28,554 : kivy : GL: OpenGL vendor <b'NVIDIA Corporation'>
2025-10-17 14:36:28,554 : kivy : GL: OpenGL renderer <b'NVIDIA GeForce RTX 3050/PCIe/SSE2'>
2025-10-17 14:36:28,554 : kivy : GL: OpenGL parsed version: 4, 6
2025-10-17 14:36:28,554 : kivy : GL: Shading version <b'4.60 NVIDIA'>
2025-10-17 14:36:28,554 : kivy : GL: Texture max size <32768>
2025-10-17 14:36:28,554 : kivy : GL: Texture max units <32>
2025-10-17 14:36:28,574 : kivy : Window: auto add sdl2 input provider
2025-10-17 14:36:28,575 : kivy : Window: virtual keyboard not allowed, single mode, not docked
2025-10-17 14:36:28,965 : AudioInterface : Initialized
2025-10-17 14:36:28,966 : AudioInterface : Loaded SDL 2.26.4
2025-10-17 14:36:28,966 : AudioInterface : Loaded SDL_Mixer 2.6.3
2025-10-17 14:36:28,966 : AudioInterface : Loaded GStreamer 1.18.5.0
2025-10-17 14:36:28,966 : AudioInterface : Loaded GLib 2.62.6
2025-10-17 14:36:28,966 : AudioInterface : Settings requested - rate: 44100, channels: 1, buffer: 2048 samples
2025-10-17 14:36:28,966 : AudioInterface : Settings in use - rate: 44100, channels: 1, buffer: 2048 samples (4096 bytes @ 2 bytes per sample)
2025-10-17 14:36:28,966 : SoundSystem : Setting master volume to 0.0
2025-10-17 14:36:28,966 : AudioInterface : Enabling audio playback
2025-10-17 14:36:28,968 : kivy : Base: Start application main loop
2025-10-17 14:36:28,968 : EventManager : Event: ======'display_window_initialized'====== Args={}
2025-10-17 14:36:28,969 : EventManager : Event: ======'display_dmd_initialized'====== Args={}
2025-10-17 14:36:28,981 : mpfmc : Display: Setting 'dmd' as default display
2025-10-17 14:36:28,986 : EventManager : Event: ======'displays_initialized'====== Args={}
2025-10-17 14:36:28,987 : EventManager : Event: ======'slide_window_blank_created'====== Args={}
2025-10-17 14:36:28,987 : EventManager : Event: ======'display_window_ready'====== Args={}
2025-10-17 14:36:28,987 : EventManager : Event: ======'slide_dmd_blank_created'====== Args={}
2025-10-17 14:36:28,987 : EventManager : Event: ======'display_dmd_ready'====== Args={}
2025-10-17 14:36:28,997 : EventManager : Event: ======'init_phase_1'====== Args={}
2025-10-17 14:36:29,002 : EventManager : Event: ======'mc_ready'====== Args={}
2025-10-17 14:36:29,002 : EventManager : Event: ======'init_phase_2'====== Args={}
2025-10-17 14:36:29,006 : EventManager : Event: ======'init_phase_3'====== Args={}
2025-10-17 14:36:29,008 : EventManager : Event: ======'init_phase_4'====== Args={}
2025-10-17 14:36:29,008 : EventManager : Event: ======'init_phase_5'====== Args={}
2025-10-17 14:36:29,008 : EventManager : Event: ======'init_done'====== Args={}
2025-10-17 14:36:29,009 : MPF-MC BCP Server : Starting up on localhost port 5050
2025-10-17 14:36:29,012 : MPF-MC BCP Server : Waiting for a connection...
2025-10-17 14:36:29,013 : mpfmc : SlidePlayer: Play called with settings={'slides': {window_slide_1-None-None: {'target': 'window', 'priority': None, 'background_color': [0.0, 0.0, 0.0, 1.0], 'show': True, 'force': False, 'expire': None, 'slide': None, 'tokens': {}, 'action': 'play', 'transition': None, 'transition_out': None}}}
2025-10-17 14:36:29,015 : kivy : GL: NPOT texture support is available
2025-10-17 14:36:29,034 : EventManager : Event: ======'slide_window_slide_1_created'====== Args={}
2025-10-17 14:36:29,050 : EventManager : Event: ======'slide_window_slide_1_active'====== Args={}
2025-10-17 14:36:29,054 : EventManager : Event: ======'client_disconnected'====== Args={'host': '127.0.0.1', 'port': 5050}
2025-10-17 14:36:30,101 : MPF-MC BCP Server : Received connection from: 127.0.0.1:50172
2025-10-17 14:36:30,103 : EventManager : Event: ======'client_connected'====== Args={'host': '127.0.0.1', 'port': 50172}
2025-10-17 14:36:30,389 : EventManager : Event: ======'machine_var_credits_string'====== Args={'value': 'FREE PLAY', 'prev_value': None, 'change': True}
2025-10-17 14:36:30,389 : EventManager : Event: ======'machine_var_credit_units'====== Args={'value': 22, 'prev_value': None, 'change': True}
2025-10-17 14:36:30,389 : EventManager : Event: ======'machine_var_free_play'====== Args={'value': False, 'prev_value': None, 'change': True}
2025-10-17 14:36:30,389 : EventManager : Event: ======'machine_var_master_volume'====== Args={'value': 0.5, 'prev_value': None, 'change': True}
2025-10-17 14:36:30,389 : EventManager : Event: ======'machine_var_player1_score'====== Args={'value': 13133700, 'prev_value': None, 'change': True}
2025-10-17 14:36:30,389 : EventManager : Event: ======'machine_var_mpf_version'====== Args={'value': 'Mission Pinball Framework v0.57.0.dev39', 'prev_value': None, 'change': True}
2025-10-17 14:36:30,390 : EventManager : Event: ======'machine_var_mpf_extended_version'====== Args={'value': 'Mission Pinball Framework v0.57.0.dev39, Config version:6, Show version: 6, BCP version:1.1', 'prev_value': None, 'change': True}
2025-10-17 14:36:30,390 : EventManager : Event: ======'machine_var_python_version'====== Args={'value': '3.9.13', 'prev_value': None, 'change': True}
2025-10-17 14:36:30,390 : EventManager : Event: ======'machine_var_platform'====== Args={'value': 'Windows-10-10.0.19045-SP0', 'prev_value': None, 'change': True}
2025-10-17 14:36:30,390 : EventManager : Event: ======'machine_var_platform_system'====== Args={'value': 'Windows', 'prev_value': None, 'change': True}
2025-10-17 14:36:30,390 : EventManager : Event: ======'machine_var_platform_release'====== Args={'value': '10', 'prev_value': None, 'change': True}
2025-10-17 14:36:30,390 : EventManager : Event: ======'machine_var_platform_version'====== Args={'value': '10.0.19045', 'prev_value': None, 'change': True}
2025-10-17 14:36:30,390 : EventManager : Event: ======'machine_var_platform_machine'====== Args={'value': 'AMD64', 'prev_value': None, 'change': True}
2025-10-17 14:36:30,390 : EventManager : Event: ======'machine_var_mc_version'====== Args={'value': 'MPF-MC v0.57.0.dev10', 'prev_value': None, 'change': True}
2025-10-17 14:36:30,390 : EventManager : Event: ======'machine_var_mc_extended_version'====== Args={'value': 'MPF-MC v0.57.0.dev10 (config_version=6, BCP v1.1,                      Requires MPF API compatibility v0.57.0.dev19 or newer)', 'prev_value': None, 'change': True}
2025-10-17 14:36:30,390 : EventManager : Event: ======'machine_var_credits_string'====== Args={'value': 'FREE PLAY', 'prev_value': None, 'change': True}
2025-10-17 14:36:30,390 : EventManager : Event: ======'machine_var_credit_units'====== Args={'value': 22, 'prev_value': None, 'change': True}
2025-10-17 14:36:30,391 : EventManager : Event: ======'machine_var_free_play'====== Args={'value': False, 'prev_value': None, 'change': True}
2025-10-17 14:36:30,391 : EventManager : Event: ======'machine_var_master_volume'====== Args={'value': 0.5, 'prev_value': None, 'change': True}
2025-10-17 14:36:30,391 : EventManager : Event: ======'machine_var_player1_score'====== Args={'value': 13133700, 'prev_value': None, 'change': True}
2025-10-17 14:36:30,391 : EventManager : Event: ======'machine_var_mpf_version'====== Args={'value': 'Mission Pinball Framework v0.57.0.dev39', 'prev_value': None, 'change': True}
2025-10-17 14:36:30,391 : EventManager : Event: ======'machine_var_mpf_extended_version'====== Args={'value': 'Mission Pinball Framework v0.57.0.dev39, Config version:6, Show version: 6, BCP version:1.1', 'prev_value': None, 'change': True}
2025-10-17 14:36:30,391 : EventManager : Event: ======'machine_var_python_version'====== Args={'value': '3.9.13', 'prev_value': None, 'change': True}
2025-10-17 14:36:30,391 : EventManager : Event: ======'machine_var_platform'====== Args={'value': 'Windows-10-10.0.19045-SP0', 'prev_value': None, 'change': True}
2025-10-17 14:36:30,391 : EventManager : Event: ======'machine_var_platform_system'====== Args={'value': 'Windows', 'prev_value': None, 'change': True}
2025-10-17 14:36:30,391 : EventManager : Event: ======'machine_var_platform_release'====== Args={'value': '10', 'prev_value': None, 'change': True}
2025-10-17 14:36:30,391 : EventManager : Event: ======'machine_var_platform_version'====== Args={'value': '10.0.19045', 'prev_value': None, 'change': True}
2025-10-17 14:36:30,391 : EventManager : Event: ======'machine_var_platform_machine'====== Args={'value': 'AMD64', 'prev_value': None, 'change': True}
2025-10-17 14:36:30,391 : EventManager : Event: ======'machine_var_mc_version'====== Args={'value': 'MPF-MC v0.57.0.dev10', 'prev_value': None, 'change': True}
2025-10-17 14:36:30,391 : EventManager : Event: ======'machine_var_mc_extended_version'====== Args={'value': 'MPF-MC v0.57.0.dev10 (config_version=6, BCP v1.1,                      Requires MPF API compatibility v0.57.0.dev19 or newer)', 'prev_value': None, 'change': True}
2025-10-17 14:36:30,391 : EventManager : Event: ======'machine_var_credits_string'====== Args={'value': 'FREE PLAY', 'prev_value': None, 'change': True}
2025-10-17 14:36:30,392 : EventManager : Event: ======'machine_var_credit_units'====== Args={'value': 22, 'prev_value': None, 'change': True}
2025-10-17 14:36:30,392 : EventManager : Event: ======'machine_var_free_play'====== Args={'value': False, 'prev_value': None, 'change': True}
2025-10-17 14:36:30,392 : EventManager : Event: ======'machine_var_master_volume'====== Args={'value': 0.5, 'prev_value': None, 'change': True}
2025-10-17 14:36:30,392 : EventManager : Event: ======'machine_var_player1_score'====== Args={'value': 13133700, 'prev_value': None, 'change': True}
2025-10-17 14:36:30,392 : EventManager : Event: ======'machine_var_mpf_version'====== Args={'value': 'Mission Pinball Framework v0.57.0.dev39', 'prev_value': None, 'change': True}
2025-10-17 14:36:30,392 : EventManager : Event: ======'machine_var_mpf_extended_version'====== Args={'value': 'Mission Pinball Framework v0.57.0.dev39, Config version:6, Show version: 6, BCP version:1.1', 'prev_value': None, 'change': True}
2025-10-17 14:36:30,392 : EventManager : Event: ======'machine_var_python_version'====== Args={'value': '3.9.13', 'prev_value': None, 'change': True}
2025-10-17 14:36:30,392 : EventManager : Event: ======'machine_var_platform'====== Args={'value': 'Windows-10-10.0.19045-SP0', 'prev_value': None, 'change': True}
2025-10-17 14:36:30,392 : EventManager : Event: ======'machine_var_platform_system'====== Args={'value': 'Windows', 'prev_value': None, 'change': True}
2025-10-17 14:36:30,392 : EventManager : Event: ======'machine_var_platform_release'====== Args={'value': '10', 'prev_value': None, 'change': True}
2025-10-17 14:36:30,392 : EventManager : Event: ======'machine_var_platform_version'====== Args={'value': '10.0.19045', 'prev_value': None, 'change': True}
2025-10-17 14:36:30,393 : EventManager : Event: ======'machine_var_platform_machine'====== Args={'value': 'AMD64', 'prev_value': None, 'change': True}
2025-10-17 14:36:30,393 : EventManager : Event: ======'machine_var_mc_version'====== Args={'value': 'MPF-MC v0.57.0.dev10', 'prev_value': None, 'change': True}
2025-10-17 14:36:30,393 : EventManager : Event: ======'machine_var_mc_extended_version'====== Args={'value': 'MPF-MC v0.57.0.dev10 (config_version=6, BCP v1.1,                      Requires MPF API compatibility v0.57.0.dev19 or newer)', 'prev_value': None, 'change': True}
2025-10-17 14:36:30,393 : EventManager : Event: ======'machine_var_credits_string'====== Args={'value': 'FREE PLAY', 'prev_value': None, 'change': True}
2025-10-17 14:36:30,393 : EventManager : Event: ======'machine_var_credit_units'====== Args={'value': 22, 'prev_value': None, 'change': True}
2025-10-17 14:36:30,393 : EventManager : Event: ======'machine_var_free_play'====== Args={'value': False, 'prev_value': None, 'change': True}
2025-10-17 14:36:30,393 : EventManager : Event: ======'machine_var_master_volume'====== Args={'value': 0.5, 'prev_value': None, 'change': True}
2025-10-17 14:36:30,393 : EventManager : Event: ======'machine_var_player1_score'====== Args={'value': 13133700, 'prev_value': None, 'change': True}
2025-10-17 14:36:30,393 : EventManager : Event: ======'machine_var_mpf_version'====== Args={'value': 'Mission Pinball Framework v0.57.0.dev39', 'prev_value': None, 'change': True}
2025-10-17 14:36:30,393 : EventManager : Event: ======'machine_var_mpf_extended_version'====== Args={'value': 'Mission Pinball Framework v0.57.0.dev39, Config version:6, Show version: 6, BCP version:1.1', 'prev_value': None, 'change': True}
2025-10-17 14:36:30,393 : EventManager : Event: ======'machine_var_python_version'====== Args={'value': '3.9.13', 'prev_value': None, 'change': True}
2025-10-17 14:36:30,393 : EventManager : Event: ======'machine_var_platform'====== Args={'value': 'Windows-10-10.0.19045-SP0', 'prev_value': None, 'change': True}
2025-10-17 14:36:30,393 : EventManager : Event: ======'machine_var_platform_system'====== Args={'value': 'Windows', 'prev_value': None, 'change': True}
2025-10-17 14:36:30,394 : EventManager : Event: ======'machine_var_platform_release'====== Args={'value': '10', 'prev_value': None, 'change': True}
2025-10-17 14:36:30,394 : EventManager : Event: ======'machine_var_platform_version'====== Args={'value': '10.0.19045', 'prev_value': None, 'change': True}
2025-10-17 14:36:30,394 : EventManager : Event: ======'machine_var_platform_machine'====== Args={'value': 'AMD64', 'prev_value': None, 'change': True}
2025-10-17 14:36:30,394 : EventManager : Event: ======'machine_var_mc_version'====== Args={'value': 'MPF-MC v0.57.0.dev10', 'prev_value': None, 'change': True}
2025-10-17 14:36:30,394 : EventManager : Event: ======'machine_var_mc_extended_version'====== Args={'value': 'MPF-MC v0.57.0.dev10 (config_version=6, BCP v1.1,                      Requires MPF API compatibility v0.57.0.dev19 or newer)', 'prev_value': None, 'change': True}
2025-10-17 14:36:30,394 : SoundSystem : Setting master volume to 0.5
2025-10-17 14:36:30,394 : SoundSystem : Setting master volume to 0.5
2025-10-17 14:36:30,394 : SoundSystem : Setting master volume to 0.5
2025-10-17 14:36:30,394 : SoundSystem : Setting master volume to 0.5
2025-10-17 14:36:30,487 : EventManager : Event: ======'machine_var_audits_events_game_ended'====== Args={'value': 61, 'prev_value': None, 'change': True}
2025-10-17 14:36:30,541 : EventManager : Event: ======'machine_var_audits_events_game_started'====== Args={'value': 301, 'prev_value': None, 'change': True}
2025-10-17 14:36:30,541 : EventManager : Event: ======'machine_var_audits_missing_switches_s_A'====== Args={'value': 67, 'prev_value': None, 'change': True}
2025-10-17 14:36:30,541 : EventManager : Event: ======'machine_var_audits_missing_switches_s_E'====== Args={'value': 1, 'prev_value': None, 'change': True}
2025-10-17 14:36:30,541 : EventManager : Event: ======'machine_var_audits_missing_switches_s_Eb'====== Args={'value': 67, 'prev_value': None, 'change': True}
2025-10-17 14:36:30,543 : EventManager : Event: ======'machine_var_audits_missing_switches_s_I'====== Args={'value': 1, 'prev_value': None, 'change': True}
2025-10-17 14:36:30,543 : EventManager : Event: ======'machine_var_audits_missing_switches_s_L'====== Args={'value': 67, 'prev_value': None, 'change': True}
2025-10-17 14:36:30,543 : EventManager : Event: ======'machine_var_audits_missing_switches_s_M'====== Args={'value': 1, 'prev_value': None, 'change': True}
2025-10-17 14:36:30,544 : EventManager : Event: ======'machine_var_audits_missing_switches_s_R'====== Args={'value': 67, 'prev_value': None, 'change': True}
2025-10-17 14:36:30,544 : EventManager : Event: ======'machine_var_audits_missing_switches_s_T'====== Args={'value': 1, 'prev_value': None, 'change': True}
2025-10-17 14:36:30,544 : EventManager : Event: ======'machine_var_audits_missing_switches_s_Tb'====== Args={'value': 67, 'prev_value': None, 'change': True}
2025-10-17 14:36:30,544 : EventManager : Event: ======'machine_var_audits_missing_switches_s_V'====== Args={'value': 67, 'prev_value': None, 'change': True}
2025-10-17 14:36:30,544 : EventManager : Event: ======'machine_var_audits_missing_switches_s_bumper1'====== Args={'value': 7, 'prev_value': None, 'change': True}
2025-10-17 14:36:30,544 : EventManager : Event: ======'machine_var_audits_missing_switches_s_bumper2'====== Args={'value': 3, 'prev_value': None, 'change': True}
2025-10-17 14:36:30,544 : EventManager : Event: ======'machine_var_audits_missing_switches_s_bumper_1'====== Args={'value': 28, 'prev_value': None, 'change': True}
2025-10-17 14:36:30,544 : EventManager : Event: ======'machine_var_audits_missing_switches_s_bumper_2'====== Args={'value': 28, 'prev_value': None, 'change': True}
2025-10-17 14:36:30,544 : EventManager : Event: ======'machine_var_audits_missing_switches_s_center_rollover'====== Args={'value': 2, 'prev_value': None, 'change': True}
2025-10-17 14:36:30,544 : EventManager : Event: ======'machine_var_audits_missing_switches_s_center_scoop'====== Args={'value': 74, 'prev_value': None, 'change': True}
2025-10-17 14:36:30,544 : EventManager : Event: ======'machine_var_audits_missing_switches_s_coin_left'====== Args={'value': 6, 'prev_value': None, 'change': True}
2025-10-17 14:36:30,544 : EventManager : Event: ======'machine_var_audits_missing_switches_s_launcher_lane_spinner'====== Args={'value': 227, 'prev_value': None, 'change': True}
2025-10-17 14:36:30,544 : EventManager : Event: ======'machine_var_audits_missing_switches_s_left_corridor_spinner'====== Args={'value': 227, 'prev_value': None, 'change': True}
2025-10-17 14:36:30,544 : EventManager : Event: ======'machine_var_audits_missing_switches_s_left_corridor_spinner2'====== Args={'value': 227, 'prev_value': None, 'change': True}
2025-10-17 14:36:30,545 : EventManager : Event: ======'machine_var_audits_missing_switches_s_left_flipper'====== Args={'value': 150, 'prev_value': None, 'change': True}
2025-10-17 14:36:30,545 : EventManager : Event: ======'machine_var_audits_missing_switches_s_left_inlane'====== Args={'value': 254, 'prev_value': None, 'change': True}
2025-10-17 14:36:30,545 : EventManager : Event: ======'machine_var_audits_missing_switches_s_left_outlane'====== Args={'value': 264, 'prev_value': None, 'change': True}
2025-10-17 14:36:30,545 : EventManager : Event: ======'machine_var_audits_missing_switches_s_left_rollover'====== Args={'value': 2, 'prev_value': None, 'change': True}
2025-10-17 14:36:30,545 : EventManager : Event: ======'machine_var_audits_missing_switches_s_left_scoop'====== Args={'value': 2, 'prev_value': None, 'change': True}
2025-10-17 14:36:30,545 : EventManager : Event: ======'machine_var_audits_missing_switches_s_left_standup'====== Args={'value': 226, 'prev_value': None, 'change': True}
2025-10-17 14:36:30,545 : EventManager : Event: ======'machine_var_audits_missing_switches_s_right_corridor_spinner'====== Args={'value': 68, 'prev_value': None, 'change': True}
2025-10-17 14:36:30,545 : EventManager : Event: ======'machine_var_audits_missing_switches_s_right_flipper'====== Args={'value': 20, 'prev_value': None, 'change': True}
2025-10-17 14:36:30,545 : EventManager : Event: ======'machine_var_audits_missing_switches_s_right_inlane'====== Args={'value': 44, 'prev_value': None, 'change': True}
2025-10-17 14:36:30,545 : EventManager : Event: ======'machine_var_audits_missing_switches_s_right_outlane'====== Args={'value': 3, 'prev_value': None, 'change': True}
2025-10-17 14:36:30,545 : EventManager : Event: ======'machine_var_audits_missing_switches_s_right_rollover'====== Args={'value': 2, 'prev_value': None, 'change': True}
2025-10-17 14:36:30,545 : EventManager : Event: ======'machine_var_audits_missing_switches_s_right_scoop'====== Args={'value': 72, 'prev_value': None, 'change': True}
2025-10-17 14:36:30,546 : EventManager : Event: ======'machine_var_audits_missing_switches_s_right_standup'====== Args={'value': 3, 'prev_value': None, 'change': True}
2025-10-17 14:36:30,546 : EventManager : Event: ======'machine_var_audits_missing_switches_s_service_coin'====== Args={'value': 64, 'prev_value': None, 'change': True}
2025-10-17 14:36:30,546 : EventManager : Event: ======'machine_var_audits_missing_switches_s_sling_left'====== Args={'value': 254, 'prev_value': None, 'change': True}
2025-10-17 14:36:30,546 : EventManager : Event: ======'machine_var_audits_missing_switches_s_sling_right'====== Args={'value': 150, 'prev_value': None, 'change': True}
2025-10-17 14:36:30,546 : EventManager : Event: ======'machine_var_audits_missing_switches_s_standup_1'====== Args={'value': 3, 'prev_value': None, 'change': True}
2025-10-17 14:36:30,546 : EventManager : Event: ======'machine_var_audits_missing_switches_s_standup_2'====== Args={'value': 3, 'prev_value': None, 'change': True}
2025-10-17 14:36:30,546 : EventManager : Event: ======'machine_var_audits_missing_switches_s_standup_3'====== Args={'value': 3, 'prev_value': None, 'change': True}
2025-10-17 14:36:30,546 : EventManager : Event: ======'machine_var_audits_missing_switches_s_standup_4'====== Args={'value': 3, 'prev_value': None, 'change': True}
2025-10-17 14:36:30,546 : EventManager : Event: ======'machine_var_audits_missing_switches_s_standup_5'====== Args={'value': 3, 'prev_value': None, 'change': True}
2025-10-17 14:36:30,546 : EventManager : Event: ======'machine_var_audits_missing_switches_s_standup_6'====== Args={'value': 3, 'prev_value': None, 'change': True}
2025-10-17 14:36:30,546 : EventManager : Event: ======'machine_var_audits_missing_switches_s_start'====== Args={'value': 6, 'prev_value': None, 'change': True}
2025-10-17 14:36:30,546 : EventManager : Event: ======'machine_var_audits_missing_switches_s_top_left_standup'====== Args={'value': 72, 'prev_value': None, 'change': True}
2025-10-17 14:36:30,546 : EventManager : Event: ======'machine_var_audits_missing_switches_s_top_left_standup2'====== Args={'value': 167, 'prev_value': None, 'change': True}
2025-10-17 14:36:30,546 : EventManager : Event: ======'machine_var_audits_missing_switches_s_trough1'====== Args={'value': 3, 'prev_value': None, 'change': True}
2025-10-17 14:36:30,546 : EventManager : Event: ======'machine_var_audits_missing_switches_s_trough2'====== Args={'value': 301, 'prev_value': None, 'change': True}
2025-10-17 14:36:30,546 : EventManager : Event: ======'machine_var_audits_missing_switches_s_trough3'====== Args={'value': 301, 'prev_value': None, 'change': True}
2025-10-17 14:36:30,546 : EventManager : Event: ======'machine_var_audits_missing_switches_s_trough4'====== Args={'value': 301, 'prev_value': None, 'change': True}
2025-10-17 14:36:30,546 : EventManager : Event: ======'machine_var_audits_missing_switches_s_trough5'====== Args={'value': 301, 'prev_value': None, 'change': True}
2025-10-17 14:36:30,547 : EventManager : Event: ======'machine_var_audits_missing_switches_s_trough6'====== Args={'value': 301, 'prev_value': None, 'change': True}
2025-10-17 14:36:30,547 : EventManager : Event: ======'machine_var_audits_missing_switches_s_trough_jam'====== Args={'value': 301, 'prev_value': None, 'change': True}
2025-10-17 14:36:30,547 : EventManager : Event: ======'machine_var_audits_player_score'====== Args={'value': {'average': 5864376, 'top': [75043600, 70538842, 47521800, 43517500, 41236342, 31835000, 13531600, 13201700, 13133700, 9012700], 'total': 64}, 'prev_value': None, 'change': True}
2025-10-17 14:36:30,547 : EventManager : Event: ======'machine_var_audits_shots_A'====== Args={'value': 35, 'prev_value': None, 'change': True}
2025-10-17 14:36:30,547 : EventManager : Event: ======'machine_var_audits_shots_E'====== Args={'value': 183, 'prev_value': None, 'change': True}
2025-10-17 14:36:30,547 : EventManager : Event: ======'machine_var_audits_shots_Eb'====== Args={'value': 32, 'prev_value': None, 'change': True}
2025-10-17 14:36:30,547 : EventManager : Event: ======'machine_var_audits_shots_I'====== Args={'value': 177, 'prev_value': None, 'change': True}
2025-10-17 14:36:30,547 : EventManager : Event: ======'machine_var_audits_shots_L'====== Args={'value': 33, 'prev_value': None, 'change': True}
2025-10-17 14:36:30,547 : EventManager : Event: ======'machine_var_audits_shots_M'====== Args={'value': 179, 'prev_value': None, 'change': True}
2025-10-17 14:36:30,547 : EventManager : Event: ======'machine_var_audits_shots_R'====== Args={'value': 45, 'prev_value': None, 'change': True}
2025-10-17 14:36:30,547 : EventManager : Event: ======'machine_var_audits_shots_T'====== Args={'value': 181, 'prev_value': None, 'change': True}
2025-10-17 14:36:30,547 : EventManager : Event: ======'machine_var_audits_shots_Tb'====== Args={'value': 48, 'prev_value': None, 'change': True}
2025-10-17 14:36:30,547 : EventManager : Event: ======'machine_var_audits_shots_V'====== Args={'value': 33, 'prev_value': None, 'change': True}
2025-10-17 14:36:30,547 : EventManager : Event: ======'machine_var_audits_shots_bumper1_shot'====== Args={'value': 266, 'prev_value': None, 'change': True}
2025-10-17 14:36:30,547 : EventManager : Event: ======'machine_var_audits_shots_bumper2_shot'====== Args={'value': 766, 'prev_value': None, 'change': True}
2025-10-17 14:36:30,547 : EventManager : Event: ======'machine_var_audits_shots_center_center_droptarget'====== Args={'value': 2, 'prev_value': None, 'change': True}
2025-10-17 14:36:30,547 : EventManager : Event: ======'machine_var_audits_shots_center_rollover'====== Args={'value': 7, 'prev_value': None, 'change': True}
2025-10-17 14:36:30,547 : EventManager : Event: ======'machine_var_audits_shots_center_rollover_shot'====== Args={'value': 318, 'prev_value': None, 'change': True}
2025-10-17 14:36:30,548 : EventManager : Event: ======'machine_var_audits_shots_jets'====== Args={'value': 973, 'prev_value': None, 'change': True}
2025-10-17 14:36:30,548 : EventManager : Event: ======'machine_var_audits_shots_left_center_droptarget'====== Args={'value': 2, 'prev_value': None, 'change': True}
2025-10-17 14:36:30,548 : EventManager : Event: ======'machine_var_audits_shots_left_rollover'====== Args={'value': 36, 'prev_value': None, 'change': True}
2025-10-17 14:36:30,548 : EventManager : Event: ======'machine_var_audits_shots_left_rollover_shot'====== Args={'value': 260, 'prev_value': None, 'change': True}
2025-10-17 14:36:30,548 : EventManager : Event: ======'machine_var_audits_shots_left_scoop_shot'====== Args={'value': 28, 'prev_value': None, 'change': True}
2025-10-17 14:36:30,548 : EventManager : Event: ======'machine_var_audits_shots_middle_inlane_shot'====== Args={'value': 20, 'prev_value': None, 'change': True}
2025-10-17 14:36:30,548 : EventManager : Event: ======'machine_var_audits_shots_my_first_shot'====== Args={'value': 95, 'prev_value': None, 'change': True}
2025-10-17 14:36:30,548 : EventManager : Event: ======'machine_var_audits_shots_right_center_droptarget'====== Args={'value': 2, 'prev_value': None, 'change': True}
2025-10-17 14:36:30,548 : EventManager : Event: ======'machine_var_audits_shots_right_inlane_shot'====== Args={'value': 96, 'prev_value': None, 'change': True}
2025-10-17 14:36:30,548 : EventManager : Event: ======'machine_var_audits_shots_right_rollover'====== Args={'value': 41, 'prev_value': None, 'change': True}
2025-10-17 14:36:30,548 : EventManager : Event: ======'machine_var_audits_shots_right_rollover_shot'====== Args={'value': 358, 'prev_value': None, 'change': True}
2025-10-17 14:36:30,548 : EventManager : Event: ======'machine_var_audits_shots_right_scoop_shot'====== Args={'value': 47, 'prev_value': None, 'change': True}
2025-10-17 14:36:30,548 : EventManager : Event: ======'machine_var_audits_shots_right_standup'====== Args={'value': 34, 'prev_value': None, 'change': True}
2025-10-17 14:36:30,548 : EventManager : Event: ======'machine_var_audits_shots_standup_1_skill'====== Args={'value': 51, 'prev_value': None, 'change': True}
2025-10-17 14:36:30,548 : EventManager : Event: ======'machine_var_audits_shots_standup_2_skill'====== Args={'value': 28, 'prev_value': None, 'change': True}
2025-10-17 14:36:30,548 : EventManager : Event: ======'machine_var_audits_shots_standup_3_skill'====== Args={'value': 10, 'prev_value': None, 'change': True}
2025-10-17 14:36:30,548 : EventManager : Event: ======'machine_var_audits_shots_standup_4_skill'====== Args={'value': 9, 'prev_value': None, 'change': True}
2025-10-17 14:36:30,549 : EventManager : Event: ======'machine_var_audits_shots_standup_5_skill'====== Args={'value': 4, 'prev_value': None, 'change': True}
2025-10-17 14:36:30,549 : EventManager : Event: ======'machine_var_audits_shots_standup_6_skill'====== Args={'value': 2, 'prev_value': None, 'change': True}
2025-10-17 14:36:30,549 : EventManager : Event: ======'machine_var_audits_shots_top_middle_inlane_shot'====== Args={'value': 41, 'prev_value': None, 'change': True}
2025-10-17 14:36:30,549 : EventManager : Event: ======'machine_var_audits_switches_s_A'====== Args={'value': 0, 'prev_value': None, 'change': True}
2025-10-17 14:36:30,549 : EventManager : Event: ======'machine_var_audits_switches_s_E'====== Args={'value': 187, 'prev_value': None, 'change': True}
2025-10-17 14:36:30,549 : EventManager : Event: ======'machine_var_audits_switches_s_Eb'====== Args={'value': 0, 'prev_value': None, 'change': True}
2025-10-17 14:36:30,549 : EventManager : Event: ======'machine_var_audits_switches_s_I'====== Args={'value': 181, 'prev_value': None, 'change': True}
2025-10-17 14:36:30,549 : EventManager : Event: ======'machine_var_audits_switches_s_L'====== Args={'value': 0, 'prev_value': None, 'change': True}
2025-10-17 14:36:30,549 : EventManager : Event: ======'machine_var_audits_switches_s_M'====== Args={'value': 183, 'prev_value': None, 'change': True}
2025-10-17 14:36:30,549 : EventManager : Event: ======'machine_var_audits_switches_s_R'====== Args={'value': 0, 'prev_value': None, 'change': True}
2025-10-17 14:36:30,549 : EventManager : Event: ======'machine_var_audits_switches_s_T'====== Args={'value': 185, 'prev_value': None, 'change': True}
2025-10-17 14:36:30,549 : EventManager : Event: ======'machine_var_audits_switches_s_Tb'====== Args={'value': 0, 'prev_value': None, 'change': True}
2025-10-17 14:36:30,549 : EventManager : Event: ======'machine_var_audits_switches_s_V'====== Args={'value': 0, 'prev_value': None, 'change': True}
2025-10-17 14:36:30,549 : EventManager : Event: ======'machine_var_audits_switches_s_bumper1'====== Args={'value': 266, 'prev_value': None, 'change': True}
2025-10-17 14:36:30,549 : EventManager : Event: ======'machine_var_audits_switches_s_bumper2'====== Args={'value': 770, 'prev_value': None, 'change': True}
2025-10-17 14:36:30,549 : EventManager : Event: ======'machine_var_audits_switches_s_bumper_1'====== Args={'value': 0, 'prev_value': None, 'change': True}
2025-10-17 14:36:30,549 : EventManager : Event: ======'machine_var_audits_switches_s_bumper_2'====== Args={'value': 0, 'prev_value': None, 'change': True}
2025-10-17 14:36:30,550 : EventManager : Event: ======'machine_var_audits_switches_s_center_center_target'====== Args={'value': 8, 'prev_value': None, 'change': True}
2025-10-17 14:36:30,550 : EventManager : Event: ======'machine_var_audits_switches_s_center_rollover'====== Args={'value': 327, 'prev_value': None, 'change': True}
2025-10-17 14:36:30,550 : EventManager : Event: ======'machine_var_audits_switches_s_center_scoop'====== Args={'value': 2, 'prev_value': None, 'change': True}
2025-10-17 14:36:30,550 : EventManager : Event: ======'machine_var_audits_switches_s_coin_left'====== Args={'value': 16, 'prev_value': None, 'change': True}
2025-10-17 14:36:30,550 : EventManager : Event: ======'machine_var_audits_switches_s_launcher_lane_spinner'====== Args={'value': 0, 'prev_value': None, 'change': True}
2025-10-17 14:36:30,550 : EventManager : Event: ======'machine_var_audits_switches_s_left_center_target'====== Args={'value': 9, 'prev_value': None, 'change': True}
2025-10-17 14:36:30,550 : EventManager : Event: ======'machine_var_audits_switches_s_left_corridor_spinner'====== Args={'value': 0, 'prev_value': None, 'change': True}
2025-10-17 14:36:30,550 : EventManager : Event: ======'machine_var_audits_switches_s_left_corridor_spinner2'====== Args={'value': 0, 'prev_value': None, 'change': True}
2025-10-17 14:36:30,550 : EventManager : Event: ======'machine_var_audits_switches_s_left_flipper'====== Args={'value': 330, 'prev_value': None, 'change': True}
2025-10-17 14:36:30,550 : EventManager : Event: ======'machine_var_audits_switches_s_left_inlane'====== Args={'value': 8, 'prev_value': None, 'change': True}
2025-10-17 14:36:30,550 : EventManager : Event: ======'machine_var_audits_switches_s_left_outlane'====== Args={'value': 3, 'prev_value': None, 'change': True}
2025-10-17 14:36:30,550 : EventManager : Event: ======'machine_var_audits_switches_s_left_rollover'====== Args={'value': 268, 'prev_value': None, 'change': True}
2025-10-17 14:36:30,550 : EventManager : Event: ======'machine_var_audits_switches_s_left_scoop'====== Args={'value': 238, 'prev_value': None, 'change': True}
2025-10-17 14:36:30,550 : EventManager : Event: ======'machine_var_audits_switches_s_left_standup'====== Args={'value': 0, 'prev_value': None, 'change': True}
2025-10-17 14:36:30,550 : EventManager : Event: ======'machine_var_audits_switches_s_middle_inlane'====== Args={'value': 20, 'prev_value': None, 'change': True}
2025-10-17 14:36:30,550 : EventManager : Event: ======'machine_var_audits_switches_s_plunger'====== Args={'value': 522, 'prev_value': None, 'change': True}
2025-10-17 14:36:30,550 : EventManager : Event: ======'machine_var_audits_switches_s_right_center_target'====== Args={'value': 11, 'prev_value': None, 'change': True}
2025-10-17 14:36:30,551 : EventManager : Event: ======'machine_var_audits_switches_s_right_corridor_spinner'====== Args={'value': 9, 'prev_value': None, 'change': True}
2025-10-17 14:36:30,551 : EventManager : Event: ======'machine_var_audits_switches_s_right_flipper'====== Args={'value': 147, 'prev_value': None, 'change': True}
2025-10-17 14:36:30,551 : EventManager : Event: ======'machine_var_audits_switches_s_right_inlane'====== Args={'value': 223, 'prev_value': None, 'change': True}
2025-10-17 14:36:30,551 : EventManager : Event: ======'machine_var_audits_switches_s_right_outlane'====== Args={'value': 5, 'prev_value': None, 'change': True}
2025-10-17 14:36:30,551 : EventManager : Event: ======'machine_var_audits_switches_s_right_rollover'====== Args={'value': 367, 'prev_value': None, 'change': True}
2025-10-17 14:36:30,551 : EventManager : Event: ======'machine_var_audits_switches_s_right_scoop'====== Args={'value': 64, 'prev_value': None, 'change': True}
2025-10-17 14:36:30,551 : EventManager : Event: ======'machine_var_audits_switches_s_right_standup'====== Args={'value': 139, 'prev_value': None, 'change': True}
2025-10-17 14:36:30,551 : EventManager : Event: ======'machine_var_audits_switches_s_service_coin'====== Args={'value': 0, 'prev_value': None, 'change': True}
2025-10-17 14:36:30,551 : EventManager : Event: ======'machine_var_audits_switches_s_sling_left'====== Args={'value': 3, 'prev_value': None, 'change': True}
2025-10-17 14:36:30,551 : EventManager : Event: ======'machine_var_audits_switches_s_sling_right'====== Args={'value': 8, 'prev_value': None, 'change': True}
2025-10-17 14:36:30,551 : EventManager : Event: ======'machine_var_audits_switches_s_standup_1'====== Args={'value': 132, 'prev_value': None, 'change': True}
2025-10-17 14:36:30,551 : EventManager : Event: ======'machine_var_audits_switches_s_standup_2'====== Args={'value': 88, 'prev_value': None, 'change': True}
2025-10-17 14:36:30,551 : EventManager : Event: ======'machine_var_audits_switches_s_standup_3'====== Args={'value': 77, 'prev_value': None, 'change': True}
2025-10-17 14:36:30,551 : EventManager : Event: ======'machine_var_audits_switches_s_standup_4'====== Args={'value': 58, 'prev_value': None, 'change': True}
2025-10-17 14:36:30,551 : EventManager : Event: ======'machine_var_audits_switches_s_standup_5'====== Args={'value': 55, 'prev_value': None, 'change': True}
2025-10-17 14:36:30,551 : EventManager : Event: ======'machine_var_audits_switches_s_standup_6'====== Args={'value': 45, 'prev_value': None, 'change': True}
2025-10-17 14:36:30,551 : EventManager : Event: ======'machine_var_audits_switches_s_start'====== Args={'value': 50, 'prev_value': None, 'change': True}
2025-10-17 14:36:30,552 : EventManager : Event: ======'machine_var_audits_switches_s_top_left_standup'====== Args={'value': 8, 'prev_value': None, 'change': True}
2025-10-17 14:36:30,552 : EventManager : Event: ======'machine_var_audits_switches_s_top_left_standup2'====== Args={'value': 15, 'prev_value': None, 'change': True}
2025-10-17 14:36:30,552 : EventManager : Event: ======'machine_var_audits_switches_s_top_middle_inlane'====== Args={'value': 41, 'prev_value': None, 'change': True}
2025-10-17 14:36:30,552 : EventManager : Event: ======'machine_var_audits_switches_s_trough1'====== Args={'value': 303, 'prev_value': None, 'change': True}
2025-10-17 14:36:30,552 : EventManager : Event: ======'machine_var_audits_switches_s_trough2'====== Args={'value': 0, 'prev_value': None, 'change': True}
2025-10-17 14:36:30,552 : EventManager : Event: ======'machine_var_audits_switches_s_trough3'====== Args={'value': 0, 'prev_value': None, 'change': True}
2025-10-17 14:36:30,552 : EventManager : Event: ======'machine_var_audits_switches_s_trough4'====== Args={'value': 0, 'prev_value': None, 'change': True}
2025-10-17 14:36:30,552 : EventManager : Event: ======'machine_var_audits_switches_s_trough5'====== Args={'value': 0, 'prev_value': None, 'change': True}
2025-10-17 14:36:30,553 : EventManager : Event: ======'machine_var_audits_switches_s_trough6'====== Args={'value': 0, 'prev_value': None, 'change': True}
2025-10-17 14:36:30,553 : EventManager : Event: ======'machine_var_audits_switches_s_trough_jam'====== Args={'value': 0, 'prev_value': None, 'change': True}
2025-10-17 14:36:30,604 : EventManager : Event: ======'slides_play'====== Args={'settings': {'window_slide_1': {'target': 'window', 'background_color': [0.0, 0.0, 0.0, 1.0], 'priority': None, 'show': True, 'force': False, 'expire': None, 'slide': None, 'tokens': {}, 'action': 'play'}}, 'context': '_global', 'calling_context': 'init_done', 'priority': 0}
2025-10-17 14:36:30,604 : EventManager : Event: ======'mc_reset_phase_1'====== Args={}
2025-10-17 14:36:30,604 : mpfmc : SlidePlayer: Play called with settings={'window_slide_1': {'target': 'window', 'background_color': [0.0, 0.0, 0.0, 1.0], 'priority': None, 'show': True, 'force': False, 'expire': None, 'slide': None, 'tokens': {}, 'action': 'play'}}
2025-10-17 14:36:30,604 : EventManager : Event: ======'slide_window_slide_1_removed'====== Args={}
2025-10-17 14:36:30,634 : EventManager : Event: ======'slide_window_slide_1_created'====== Args={}
2025-10-17 14:36:30,634 : EventManager : Event: ======'mc_reset_phase_2'====== Args={}
2025-10-17 14:36:30,634 : EventManager : Event: ======'mc_reset_phase_3'====== Args={}
2025-10-17 14:36:30,634 : EventManager : Event: ======'mc_reset_complete'====== Args={}
2025-10-17 14:36:30,635 : EventManager : Event: ======'slide_window_slide_1_active'====== Args={}
2025-10-17 14:36:30,660 : EventManager : Event: ======'slides_play'====== Args={'settings': {'awesome_slide': {'widgets': [{'type': 'text', 'text': 'TIME TRAVEL', 'font_size': 20, '_default_settings': ['type', 'text', 'font_size'], 'x': None, 'y': None, 'anchor_x': 'center', 'anchor_y': 'center', 'round_anchor_x': None, 'round_anchor_y': None, 'opacity': 1.0, 'z': 0, 'reset_animations_events': {}, 'color': [1.0, 1.0, 1.0, 1.0], 'style': [], 'adjust_top': 0, 'adjust_bottom': 0, 'adjust_left': 0, 'adjust_right': 0, 'expire': None, 'key': None, 'widget': None, 'events_when_added': [], 'events_when_removed': [], 'bitmap_font': False, 'font_kerning': True, 'bold': False, 'italic': False, 'number_grouping': False, 'min_digits': 0, 'halign': 'center', 'valign': 'middle', 'rotation': 0, 'scale': 1.0, 'casing': None, 'outline_color': [1.0, 1.0, 1.0, 1.0], 'outline_width': 0, 'animations': None}], 'transition': {'type': 'push', 'duration': 1.0, 'direction': 'left', 'easing': 'out_quad'}, 'target': None, 'background_color': [0.0, 0.0, 0.0, 1.0], 'priority': None, 'show': True, 'force': False, 'expire': None, 'slide': None, 'tokens': {}, 'action': 'play'}}, 'context': 'show_2', 'calling_context': 0, 'priority': 10, 'show_tokens': {}, 'start_time': 135079.312}
2025-10-17 14:36:30,660 : EventManager : Event: ======'sounds_play'====== Args={'settings': {'music': {'action': 'play', 'loops': -1, 'priority': None, 'block': False, 'delay': None, 'track': None, 'volume': None, 'ducking': {}, 'pan': None, 'start_at': None, 'fade_in': None, 'fade_out': None, 'about_to_finish_time': -1.0, 'max_queue_time': -1.0, 'events_when_played': ['use_sound_setting'], 'events_when_stopped': ['use_sound_setting'], 'events_when_looping': ['use_sound_setting'], 'events_when_about_to_finish': ['use_sound_setting'], 'mode_end_action': 'use_sound_setting', 'key': 'use_sound_setting'}}, 'context': '_global', 'calling_context': 'mode_attract_started', 'priority': 0}
2025-10-17 14:36:30,660 : EventManager : Event: ======'machine_var_price_per_game_raw_0'====== Args={'value': 0.5, 'prev_value': None, 'change': True}
2025-10-17 14:36:30,660 : EventManager : Event: ======'machine_var_price_per_game_string_0'====== Args={'value': '1 CREDITS $0.5', 'prev_value': None, 'change': True}
2025-10-17 14:36:30,660 : EventManager : Event: ======'machine_var_price_per_game_raw_1'====== Args={'value': 2.0, 'prev_value': None, 'change': True}
2025-10-17 14:36:30,660 : EventManager : Event: ======'machine_var_price_per_game_string_1'====== Args={'value': '5 CREDITS $2.0', 'prev_value': None, 'change': True}
2025-10-17 14:36:30,660 : EventManager : Event: ======'machine_var_credits_string'====== Args={'value': ' ', 'prev_value': 'FREE PLAY', 'change': True}
2025-10-17 14:36:30,660 : EventManager : Event: ======'machine_var_credits_value'====== Args={'value': '0', 'prev_value': None, 'change': True}
2025-10-17 14:36:30,660 : EventManager : Event: ======'machine_var_credits_whole_num'====== Args={'value': 0, 'prev_value': None, 'change': True}
2025-10-17 14:36:30,660 : EventManager : Event: ======'machine_var_credits_numerator'====== Args={'value': 0, 'prev_value': None, 'change': True}
2025-10-17 14:36:30,660 : EventManager : Event: ======'machine_var_credits_denominator'====== Args={'value': 0, 'prev_value': None, 'change': True}
2025-10-17 14:36:30,661 : EventManager : Event: ======'machine_var_credits_string'====== Args={'value': 'CREDITS 11', 'prev_value': ' ', 'change': True}
2025-10-17 14:36:30,661 : EventManager : Event: ======'machine_var_credits_value'====== Args={'value': '11', 'prev_value': '0', 'change': True}
2025-10-17 14:36:30,661 : EventManager : Event: ======'machine_var_credits_whole_num'====== Args={'value': 11, 'prev_value': 0, 'change': 11}
2025-10-17 14:36:30,661 : EventManager : Event: ======'machine_var_credits_denominator'====== Args={'value': 2, 'prev_value': 0, 'change': 2}
2025-10-17 14:36:30,661 : mpfmc : SlidePlayer: Play called with settings={'awesome_slide': {'widgets': [{'type': 'text', 'text': 'TIME TRAVEL', 'font_size': 20, '_default_settings': ['type', 'text', 'font_size'], 'x': None, 'y': None, 'anchor_x': 'center', 'anchor_y': 'center', 'round_anchor_x': None, 'round_anchor_y': None, 'opacity': 1.0, 'z': 0, 'reset_animations_events': {}, 'color': [1.0, 1.0, 1.0, 1.0], 'style': [], 'adjust_top': 0, 'adjust_bottom': 0, 'adjust_left': 0, 'adjust_right': 0, 'expire': None, 'key': None, 'widget': None, 'events_when_added': [], 'events_when_removed': [], 'bitmap_font': False, 'font_kerning': True, 'bold': False, 'italic': False, 'number_grouping': False, 'min_digits': 0, 'halign': 'center', 'valign': 'middle', 'rotation': 0, 'scale': 1.0, 'casing': None, 'outline_color': [1.0, 1.0, 1.0, 1.0], 'outline_width': 0, 'animations': None}], 'transition': {'type': 'push', 'duration': 1.0, 'direction': 'left', 'easing': 'out_quad'}, 'target': None, 'background_color': [0.0, 0.0, 0.0, 1.0], 'priority': None, 'show': True, 'force': False, 'expire': None, 'slide': None, 'tokens': {}, 'action': 'play'}}
2025-10-17 14:36:30,663 : EventManager : Event: ======'slide_awesome_slide_created'====== Args={}
2025-10-17 14:36:30,665 : EventManager : Event: ======'slide_awesome_slide_active'====== Args={}
2025-10-17 14:36:30,674 : EventManager : Event: ======'loading_assets'====== Args={'total': 1, 'loaded': 1, 'remaining': 0, 'percent': 100}
2025-10-17 14:36:30,675 : AssetManager : Asset loading took: 1.7097058296203613
2025-10-17 14:36:30,675 : EventManager : Event: ======'asset_loading_complete'====== Args={}
2025-10-17 14:36:30,675 : AssetManager : Loading assets: 1/1 (100%)
2025-10-17 14:36:33,504 : EventManager : Event: ======'game_started'====== Args={}
2025-10-17 14:36:33,504 : EventManager : Event: ======'slides_clear'====== Args={'context': 'show_2'}
2025-10-17 14:36:33,504 : EventManager : Event: ======'sounds_play'====== Args={'settings': {'music': {'action': 'stop', 'priority': None, 'block': False, 'delay': None, 'track': None, 'volume': None, 'ducking': {}, 'pan': None, 'loops': None, 'start_at': None, 'fade_in': None, 'fade_out': None, 'about_to_finish_time': -1.0, 'max_queue_time': -1.0, 'events_when_played': ['use_sound_setting'], 'events_when_stopped': ['use_sound_setting'], 'events_when_looping': ['use_sound_setting'], 'events_when_about_to_finish': ['use_sound_setting'], 'mode_end_action': 'use_sound_setting', 'key': 'use_sound_setting'}}, 'context': '_global', 'calling_context': 'mode_attract_stopped', 'priority': 0}
2025-10-17 14:36:33,504 : EventManager : Event: ======'slides_play'====== Args={'settings': {'player_added_slide': {'expire': 1.0, 'target': None, 'background_color': [0.0, 0.0, 0.0, 1.0], 'priority': None, 'show': True, 'force': False, 'slide': None, 'tokens': {}, 'action': 'play'}}, 'context': 'credits', 'calling_context': 'player_added', 'priority': 1000010, 'player': '<Player 1>', 'num': 1}
2025-10-17 14:36:33,505 : EventManager : Event: ======'slide_awesome_slide_removed'====== Args={}
2025-10-17 14:36:33,505 : mpfmc : SlidePlayer: Play called with settings={'player_added_slide': {'expire': 1.0, 'target': None, 'background_color': [0.0, 0.0, 0.0, 1.0], 'priority': None, 'show': True, 'force': False, 'slide': None, 'tokens': {}, 'action': 'play'}}
2025-10-17 14:36:33,507 : EventManager : Event: ======'slide_player_added_slide_created'====== Args={}
2025-10-17 14:36:33,518 : EventManager : Event: ======'slide_player_added_slide_active'====== Args={}
2025-10-17 14:36:33,522 : EventManager : Event: ======'sounds_play'====== Args={'settings': {'player_added_sound': {'action': 'play', 'loops': 0, 'priority': None, 'block': False, 'delay': None, 'track': None, 'volume': None, 'ducking': {}, 'pan': None, 'start_at': None, 'fade_in': None, 'fade_out': None, 'about_to_finish_time': -1.0, 'max_queue_time': -1.0, 'events_when_played': ['use_sound_setting'], 'events_when_stopped': ['use_sound_setting'], 'events_when_looping': ['use_sound_setting'], 'events_when_about_to_finish': ['use_sound_setting'], 'mode_end_action': 'use_sound_setting', 'key': 'use_sound_setting'}}, 'context': 'credits', 'calling_context': 'player_added', 'priority': 1000010, 'player': '<Player 1>', 'num': 1}
2025-10-17 14:36:33,522 : EventManager : Event: ======'machine_var_credit_units'====== Args={'value': 20, 'prev_value': 22, 'change': -2}
2025-10-17 14:36:33,522 : EventManager : Event: ======'machine_var_credits_string'====== Args={'value': 'CREDITS 10', 'prev_value': 'CREDITS 11', 'change': True}
2025-10-17 14:36:33,522 : EventManager : Event: ======'machine_var_credits_value'====== Args={'value': '10', 'prev_value': '11', 'change': True}
2025-10-17 14:36:33,523 : EventManager : Event: ======'machine_var_credits_whole_num'====== Args={'value': 10, 'prev_value': 11, 'change': -1}
2025-10-17 14:36:33,523 : EventManager : Event: ======'player_added'====== Args={'player': <Player 1>, 'num': 1}
2025-10-17 14:36:33,523 : EventManager : Event: ======'player_index'====== Args={'value': 0, 'prev_value': 0, 'change': 0, 'player_num': 1}
2025-10-17 14:36:33,523 : EventManager : Event: ======'player_number'====== Args={'value': 1, 'prev_value': 1, 'change': 0, 'player_num': 1}
2025-10-17 14:36:33,523 : EventManager : Event: ======'player_score'====== Args={'value': 0, 'prev_value': 0, 'change': 0, 'player_num': 1}
2025-10-17 14:36:33,523 : EventManager : Event: ======'slides_play'====== Args={'settings': {'player_added_slide': {'expire': 1.0, 'target': None, 'background_color': [0.0, 0.0, 0.0, 1.0], 'priority': None, 'show': True, 'force': False, 'slide': None, 'tokens': {}, 'action': 'play'}}, 'context': '_global', 'calling_context': 'player_added', 'priority': 0, 'player': '<Player 1>', 'num': 1}
2025-10-17 14:36:33,523 : EventManager : Event: ======'sounds_play'====== Args={'settings': {'player_added_sound': {'action': 'play', 'loops': 0, 'priority': None, 'block': False, 'delay': None, 'track': None, 'volume': None, 'ducking': {}, 'pan': None, 'start_at': None, 'fade_in': None, 'fade_out': None, 'about_to_finish_time': -1.0, 'max_queue_time': -1.0, 'events_when_played': ['use_sound_setting'], 'events_when_stopped': ['use_sound_setting'], 'events_when_looping': ['use_sound_setting'], 'events_when_about_to_finish': ['use_sound_setting'], 'mode_end_action': 'use_sound_setting', 'key': 'use_sound_setting'}}, 'context': '_global', 'calling_context': 'player_added', 'priority': 0, 'player': '<Player 1>', 'num': 1}
2025-10-17 14:36:33,523 : EventManager : Event: ======'player_sj_active'====== Args={'value': 0, 'prev_value': 0, 'change': 0, 'player_num': 1}
2025-10-17 14:36:33,524 : mpfmc : SlidePlayer: Play called with settings={'slides': {player_added_slide-None-None: {'expire': 1.0, 'priority': None, 'target': None, 'background_color': [0.0, 0.0, 0.0, 1.0], 'show': True, 'force': False, 'slide': None, 'tokens': {}, 'action': 'play', 'transition': None, 'transition_out': None}}}
2025-10-17 14:36:33,524 : EventManager : Event: ======'slide_player_added_slide_removed'====== Args={}
2025-10-17 14:36:33,530 : EventManager : Event: ======'slide_player_added_slide_created'====== Args={}
2025-10-17 14:36:33,530 : mpfmc : SlidePlayer: Play called with settings={'slides': {player_added_slide-None-None: {'expire': 1.0, 'priority': None, 'target': None, 'background_color': [0.0, 0.0, 0.0, 1.0], 'show': True, 'force': False, 'slide': None, 'tokens': {}, 'action': 'play', 'transition': None, 'transition_out': None}}}
2025-10-17 14:36:33,531 : mpfmc : SlidePlayer: Play called with settings={'player_added_slide': {'expire': 1.0, 'target': None, 'background_color': [0.0, 0.0, 0.0, 1.0], 'priority': None, 'show': True, 'force': False, 'slide': None, 'tokens': {}, 'action': 'play'}}
2025-10-17 14:36:33,531 : EventManager : Event: ======'slide_player_added_slide_removed'====== Args={}
2025-10-17 14:36:33,534 : EventManager : Event: ======'slide_player_added_slide_created'====== Args={}
2025-10-17 14:36:33,536 : EventManager : Event: ======'slide_player_added_slide_active'====== Args={}
2025-10-17 14:36:33,539 : EventManager : Event: ======'player_ball'====== Args={'value': 1, 'prev_value': 0, 'change': 1, 'player_num': 1}
2025-10-17 14:36:33,539 : EventManager : Event: ======'player_turn_start'====== Args={'number': 1, 'player': <Player 1>}
2025-10-17 14:36:33,539 : EventManager : Event: ======'player_shot_jets_enabled'====== Args={'value': True, 'prev_value': 0, 'change': 1, 'player_num': 1}
2025-10-17 14:36:33,551 : EventManager : Event: ======'loading_assets'====== Args={'total': 1, 'loaded': 1, 'remaining': 0, 'percent': 100}
2025-10-17 14:36:33,552 : AssetManager : Asset loading took: 4.585752487182617
2025-10-17 14:36:33,552 : EventManager : Event: ======'asset_loading_complete'====== Args={}
2025-10-17 14:36:33,552 : AssetManager : Loading assets: 1/1 (100%)
2025-10-17 14:36:33,553 : EventManager : Event: ======'player_shot_left_rollover_shot_enabled'====== Args={'value': True, 'prev_value': 0, 'change': 1, 'player_num': 1}
2025-10-17 14:36:33,570 : EventManager : Event: ======'player_shot_center_rollover_shot_enabled'====== Args={'value': True, 'prev_value': 0, 'change': 1, 'player_num': 1}
2025-10-17 14:36:33,570 : EventManager : Event: ======'player_shot_right_rollover_shot_enabled'====== Args={'value': True, 'prev_value': 0, 'change': 1, 'player_num': 1}
2025-10-17 14:36:33,570 : EventManager : Event: ======'player_shot_right_scoop_shot_enabled'====== Args={'value': True, 'prev_value': 0, 'change': 1, 'player_num': 1}
2025-10-17 14:36:33,570 : EventManager : Event: ======'player_shot_T_enabled'====== Args={'value': True, 'prev_value': 0, 'change': 1, 'player_num': 1}
2025-10-17 14:36:33,570 : EventManager : Event: ======'player_shot_I_enabled'====== Args={'value': True, 'prev_value': 0, 'change': 1, 'player_num': 1}
2025-10-17 14:36:33,571 : EventManager : Event: ======'player_shot_M_enabled'====== Args={'value': True, 'prev_value': 0, 'change': 1, 'player_num': 1}
2025-10-17 14:36:33,571 : EventManager : Event: ======'player_shot_E_enabled'====== Args={'value': True, 'prev_value': 0, 'change': 1, 'player_num': 1}
2025-10-17 14:36:33,571 : EventManager : Event: ======'player_shot_left_center_droptarget_enabled'====== Args={'value': True, 'prev_value': 0, 'change': 1, 'player_num': 1}
2025-10-17 14:36:33,571 : EventManager : Event: ======'player_shot_center_center_droptarget_enabled'====== Args={'value': True, 'prev_value': 0, 'change': 1, 'player_num': 1}
2025-10-17 14:36:33,571 : EventManager : Event: ======'player_shot_right_center_droptarget_enabled'====== Args={'value': True, 'prev_value': 0, 'change': 1, 'player_num': 1}
2025-10-17 14:36:33,571 : EventManager : Event: ======'player_shot_Tb_enabled'====== Args={'value': True, 'prev_value': 0, 'change': 1, 'player_num': 1}
2025-10-17 14:36:33,571 : EventManager : Event: ======'player_shot_R_enabled'====== Args={'value': True, 'prev_value': 0, 'change': 1, 'player_num': 1}
2025-10-17 14:36:33,571 : EventManager : Event: ======'player_shot_A_enabled'====== Args={'value': True, 'prev_value': 0, 'change': 1, 'player_num': 1}
2025-10-17 14:36:33,571 : EventManager : Event: ======'player_shot_V_enabled'====== Args={'value': True, 'prev_value': 0, 'change': 1, 'player_num': 1}
2025-10-17 14:36:33,571 : EventManager : Event: ======'player_shot_Eb_enabled'====== Args={'value': True, 'prev_value': 0, 'change': 1, 'player_num': 1}
2025-10-17 14:36:33,571 : EventManager : Event: ======'player_shot_L_enabled'====== Args={'value': True, 'prev_value': 0, 'change': 1, 'player_num': 1}
2025-10-17 14:36:33,572 : EventManager : Event: ======'player_shot_bumper1_shot_enabled'====== Args={'value': True, 'prev_value': 0, 'change': 1, 'player_num': 1}
2025-10-17 14:36:33,572 : EventManager : Event: ======'player_shot_bumper2_shot_enabled'====== Args={'value': True, 'prev_value': 0, 'change': 1, 'player_num': 1}
2025-10-17 14:36:33,572 : EventManager : Event: ======'player_shot_right_inlane_shot_enabled'====== Args={'value': True, 'prev_value': 0, 'change': 1, 'player_num': 1}
2025-10-17 14:36:33,604 : EventManager : Event: ======'slides_play'====== Args={'settings': {'widgets': {'widgets': [{'type': 'text', 'text': '(score)', 'number_grouping': True, 'min_digits': 2, 'font_size': 21, 'y': '40%', '_default_settings': ['type', 'text', 'number_grouping', 'min_digits', 'font_size', 'y'], 'x': None, 'anchor_x': 'center', 'anchor_y': 'center', 'round_anchor_x': None, 'round_anchor_y': None, 'opacity': 1.0, 'z': 0, 'reset_animations_events': {}, 'color': [1.0, 1.0, 1.0, 1.0], 'style': [], 'adjust_top': 0, 'adjust_bottom': 0, 'adjust_left': 0, 'adjust_right': 0, 'expire': None, 'key': None, 'widget': None, 'events_when_added': [], 'events_when_removed': [], 'bitmap_font': False, 'font_kerning': True, 'bold': False, 'italic': False, 'halign': 'center', 'valign': 'middle', 'rotation': 0, 'scale': 1.0, 'casing': None, 'outline_color': [1.0, 1.0, 1.0, 1.0], 'outline_width': 0, 'animations': None}, {'type': 'text', 'text': 'PLAYER (number)', 'x': '5%', 'y': '65%', 'anchor_x': 'left', 'anchor_y': 'bottom', 'font_size': 8, '_default_settings': ['type', 'text', 'x', 'y', 'anchor_x', 'anchor_y', 'font_size'], 'round_anchor_x': None, 'round_anchor_y': None, 'opacity': 1.0, 'z': 0, 'reset_animations_events': {}, 'color': [1.0, 1.0, 1.0, 1.0], 'style': [], 'adjust_top': 0, 'adjust_bottom': 0, 'adjust_left': 0, 'adjust_right': 0, 'expire': None, 'key': None, 'widget': None, 'events_when_added': [], 'events_when_removed': [], 'bitmap_font': False, 'font_kerning': True, 'bold': False, 'italic': False, 'number_grouping': False, 'min_digits': 0, 'halign': 'center', 'valign': 'middle', 'rotation': 0, 'scale': 1.0, 'casing': None, 'outline_color': [1.0, 1.0, 1.0, 1.0], 'outline_width': 0, 'animations': None}, {'type': 'text', 'text': 'BALL (ball)', 'y': '65%', 'x': 'right-55', 'anchor_x': 'right', 'anchor_y': 'bottom', 'font_size': 8, '_default_settings': ['type', 'text', 'y', 'x', 'anchor_x', 'anchor_y', 'font_size'], 'round_anchor_x': None, 'round_anchor_y': None, 'opacity': 1.0, 'z': 0, 'reset_animations_events': {}, 'color': [1.0, 1.0, 1.0, 1.0], 'style': [], 'adjust_top': 0, 'adjust_bottom': 0, 'adjust_left': 0, 'adjust_right': 0, 'expire': None, 'key': None, 'widget': None, 'events_when_added': [], 'events_when_removed': [], 'bitmap_font': False, 'font_kerning': True, 'bold': False, 'italic': False, 'number_grouping': False, 'min_digits': 0, 'halign': 'center', 'valign': 'middle', 'rotation': 0, 'scale': 1.0, 'casing': None, 'outline_color': [1.0, 1.0, 1.0, 1.0], 'outline_width': 0, 'animations': None}, {'type': 'text', 'text': '(machine|credits_string)', 'y': '65%', 'x': 'right-5', 'anchor_x': 'right', 'anchor_y': 'bottom', 'font_size': 8, '_default_settings': ['type', 'text', 'y', 'x', 'anchor_x', 'anchor_y', 'font_size'], 'round_anchor_x': None, 'round_anchor_y': None, 'opacity': 1.0, 'z': 0, 'reset_animations_events': {}, 'color': [1.0, 1.0, 1.0, 1.0], 'style': [], 'adjust_top': 0, 'adjust_bottom': 0, 'adjust_left': 0, 'adjust_right': 0, 'expire': None, 'key': None, 'widget': None, 'events_when_added': [], 'events_when_removed': [], 'bitmap_font': False, 'font_kerning': True, 'bold': False, 'italic': False, 'number_grouping': False, 'min_digits': 0, 'halign': 'center', 'valign': 'middle', 'rotation': 0, 'scale': 1.0, 'casing': None, 'outline_color': [1.0, 1.0, 1.0, 1.0], 'outline_width': 0, 'animations': None}], 'target': None, 'background_color': [0.0, 0.0, 0.0, 1.0], 'priority': None, 'show': True, 'force': False, 'expire': None, 'slide': None, 'tokens': {}, 'action': 'play'}}, 'context': 'base', 'calling_context': 'mode_base_started', 'priority': 100, 'player': 1, 'ball': 1, 'balls_remaining': 2, 'is_extra_ball': False}
2025-10-17 14:36:33,604 : EventManager : Event: ======'sounds_play'====== Args={'settings': {'lets_go': {'action': 'play', 'loops': 0, 'priority': None, 'block': False, 'delay': None, 'track': None, 'volume': None, 'ducking': {}, 'pan': None, 'start_at': None, 'fade_in': None, 'fade_out': None, 'about_to_finish_time': -1.0, 'max_queue_time': -1.0, 'events_when_played': ['use_sound_setting'], 'events_when_stopped': ['use_sound_setting'], 'events_when_looping': ['use_sound_setting'], 'events_when_about_to_finish': ['use_sound_setting'], 'mode_end_action': 'use_sound_setting', 'key': 'use_sound_setting'}}, 'context': 'base', 'calling_context': 'mode_base_started', 'priority': 100, 'player': 1, 'ball': 1, 'balls_remaining': 2, 'is_extra_ball': False}
2025-10-17 14:36:33,604 : EventManager : Event: ======'sounds_play'====== Args={'settings': {'mode': {'action': 'play', 'loops': -1, 'priority': None, 'block': False, 'delay': None, 'track': None, 'volume': None, 'ducking': {}, 'pan': None, 'start_at': None, 'fade_in': None, 'fade_out': None, 'about_to_finish_time': -1.0, 'max_queue_time': -1.0, 'events_when_played': ['use_sound_setting'], 'events_when_stopped': ['use_sound_setting'], 'events_when_looping': ['use_sound_setting'], 'events_when_about_to_finish': ['use_sound_setting'], 'mode_end_action': 'use_sound_setting', 'key': 'use_sound_setting'}}, 'context': '_global', 'calling_context': 'mode_base_started', 'priority': 0, 'player': 1, 'ball': 1, 'balls_remaining': 2, 'is_extra_ball': False}
2025-10-17 14:36:33,604 : mpfmc : SlidePlayer: Play called with settings={'widgets': {'widgets': [{'type': 'text', 'text': '(score)', 'number_grouping': True, 'min_digits': 2, 'font_size': 21, 'y': '40%', '_default_settings': ['type', 'text', 'number_grouping', 'min_digits', 'font_size', 'y'], 'x': None, 'anchor_x': 'center', 'anchor_y': 'center', 'round_anchor_x': None, 'round_anchor_y': None, 'opacity': 1.0, 'z': 0, 'reset_animations_events': {}, 'color': [1.0, 1.0, 1.0, 1.0], 'style': [], 'adjust_top': 0, 'adjust_bottom': 0, 'adjust_left': 0, 'adjust_right': 0, 'expire': None, 'key': None, 'widget': None, 'events_when_added': [], 'events_when_removed': [], 'bitmap_font': False, 'font_kerning': True, 'bold': False, 'italic': False, 'halign': 'center', 'valign': 'middle', 'rotation': 0, 'scale': 1.0, 'casing': None, 'outline_color': [1.0, 1.0, 1.0, 1.0], 'outline_width': 0, 'animations': None}, {'type': 'text', 'text': 'PLAYER (number)', 'x': '5%', 'y': '65%', 'anchor_x': 'left', 'anchor_y': 'bottom', 'font_size': 8, '_default_settings': ['type', 'text', 'x', 'y', 'anchor_x', 'anchor_y', 'font_size'], 'round_anchor_x': None, 'round_anchor_y': None, 'opacity': 1.0, 'z': 0, 'reset_animations_events': {}, 'color': [1.0, 1.0, 1.0, 1.0], 'style': [], 'adjust_top': 0, 'adjust_bottom': 0, 'adjust_left': 0, 'adjust_right': 0, 'expire': None, 'key': None, 'widget': None, 'events_when_added': [], 'events_when_removed': [], 'bitmap_font': False, 'font_kerning': True, 'bold': False, 'italic': False, 'number_grouping': False, 'min_digits': 0, 'halign': 'center', 'valign': 'middle', 'rotation': 0, 'scale': 1.0, 'casing': None, 'outline_color': [1.0, 1.0, 1.0, 1.0], 'outline_width': 0, 'animations': None}, {'type': 'text', 'text': 'BALL (ball)', 'y': '65%', 'x': 'right-55', 'anchor_x': 'right', 'anchor_y': 'bottom', 'font_size': 8, '_default_settings': ['type', 'text', 'y', 'x', 'anchor_x', 'anchor_y', 'font_size'], 'round_anchor_x': None, 'round_anchor_y': None, 'opacity': 1.0, 'z': 0, 'reset_animations_events': {}, 'color': [1.0, 1.0, 1.0, 1.0], 'style': [], 'adjust_top': 0, 'adjust_bottom': 0, 'adjust_left': 0, 'adjust_right': 0, 'expire': None, 'key': None, 'widget': None, 'events_when_added': [], 'events_when_removed': [], 'bitmap_font': False, 'font_kerning': True, 'bold': False, 'italic': False, 'number_grouping': False, 'min_digits': 0, 'halign': 'center', 'valign': 'middle', 'rotation': 0, 'scale': 1.0, 'casing': None, 'outline_color': [1.0, 1.0, 1.0, 1.0], 'outline_width': 0, 'animations': None}, {'type': 'text', 'text': '(machine|credits_string)', 'y': '65%', 'x': 'right-5', 'anchor_x': 'right', 'anchor_y': 'bottom', 'font_size': 8, '_default_settings': ['type', 'text', 'y', 'x', 'anchor_x', 'anchor_y', 'font_size'], 'round_anchor_x': None, 'round_anchor_y': None, 'opacity': 1.0, 'z': 0, 'reset_animations_events': {}, 'color': [1.0, 1.0, 1.0, 1.0], 'style': [], 'adjust_top': 0, 'adjust_bottom': 0, 'adjust_left': 0, 'adjust_right': 0, 'expire': None, 'key': None, 'widget': None, 'events_when_added': [], 'events_when_removed': [], 'bitmap_font': False, 'font_kerning': True, 'bold': False, 'italic': False, 'number_grouping': False, 'min_digits': 0, 'halign': 'center', 'valign': 'middle', 'rotation': 0, 'scale': 1.0, 'casing': None, 'outline_color': [1.0, 1.0, 1.0, 1.0], 'outline_width': 0, 'animations': None}], 'target': None, 'background_color': [0.0, 0.0, 0.0, 1.0], 'priority': None, 'show': True, 'force': False, 'expire': None, 'slide': None, 'tokens': {}, 'action': 'play'}}
2025-10-17 14:36:33,612 : EventManager : Event: ======'slide_base.slide_player-mode_base_started_created'====== Args={}
2025-10-17 14:36:33,612 : EventManager : Unordered handler for class <Text Widget text=CREDITS 10> on event machine_var_credits_string with priority 1. Handlers: [RegisteredHandler(callback=<bound method Text._machine_var_change of <Text Widget text=CREDITS 10>>, priority=1, kwargs={}, key=UUID('775532cb-103d-4805-b1ef-3117ed87609b'), condition=None, blocking_facility=None), RegisteredHandler(callback=<bound method Text._machine_var_change of <Text Widget text=CREDITS 10>>, priority=1, kwargs={}, key=UUID('9dd68ad8-314a-4804-8da9-10d013855f05'), condition=None, blocking_facility=None)]. The order of those handlers is not defined and they will be executed in random order. This might lead to race conditions and potential bugs.
2025-10-17 14:36:33,619 : EventManager : Event: ======'slide_base.slide_player-mode_base_started_active'====== Args={}
2025-10-17 14:36:33,699 : EventManager : Event: ======'machine_var_audits_switches_s_plunger'====== Args={'value': 523, 'prev_value': 522, 'change': 1}
2025-10-17 14:36:33,699 : EventManager : Event: ======'loading_assets'====== Args={'total': 2, 'loaded': 1, 'remaining': 1, 'percent': 50}
2025-10-17 14:36:33,700 : AssetManager : Loading assets: 1/2 (50%)
2025-10-17 14:36:33,700 : EventManager : Event: ======'loading_assets'====== Args={'total': 2, 'loaded': 2, 'remaining': 0, 'percent': 100}
2025-10-17 14:36:33,700 : AssetManager : Asset loading took: 4.734354734420776
2025-10-17 14:36:33,700 : EventManager : Event: ======'asset_loading_complete'====== Args={}
2025-10-17 14:36:33,700 : AssetManager : Loading assets: 2/2 (100%)
2025-10-17 14:36:34,535 : EventManager : Event: ======'slide_player_added_slide_removed'====== Args={}
2025-10-17 14:36:37,669 : EventManager : Event: ======'machine_var_audits_switches_s_left_center_target'====== Args={'value': 10, 'prev_value': 9, 'change': 1}
2025-10-17 14:36:37,670 : EventManager : Event: ======'player_shot_left_center_droptarget'====== Args={'value': 1, 'prev_value': 0, 'change': 1, 'player_num': 1}
2025-10-17 14:36:37,670 : EventManager : Event: ======'machine_var_audits_shots_left_center_droptarget'====== Args={'value': 3, 'prev_value': 2, 'change': 1}
2025-10-17 14:36:37,670 : EventManager : Event: ======'player_score'====== Args={'value': 350, 'prev_value': 0, 'change': 350, 'player_num': 1}
2025-10-17 14:36:40,287 : EventManager : Event: ======'machine_var_audits_switches_s_center_center_target'====== Args={'value': 9, 'prev_value': 8, 'change': 1}
2025-10-17 14:36:40,287 : EventManager : Event: ======'player_shot_center_center_droptarget'====== Args={'value': 1, 'prev_value': 0, 'change': 1, 'player_num': 1}
2025-10-17 14:36:40,288 : EventManager : Event: ======'machine_var_audits_shots_center_center_droptarget'====== Args={'value': 3, 'prev_value': 2, 'change': 1}
2025-10-17 14:36:40,288 : EventManager : Event: ======'player_score'====== Args={'value': 700, 'prev_value': 350, 'change': 350, 'player_num': 1}
2025-10-17 14:36:41,704 : EventManager : Event: ======'machine_var_audits_switches_s_right_center_target'====== Args={'value': 12, 'prev_value': 11, 'change': 1}
2025-10-17 14:36:41,704 : EventManager : Event: ======'player_shot_right_center_droptarget'====== Args={'value': 1, 'prev_value': 0, 'change': 1, 'player_num': 1}
2025-10-17 14:36:41,704 : EventManager : Event: ======'machine_var_audits_shots_right_center_droptarget'====== Args={'value': 3, 'prev_value': 2, 'change': 1}
2025-10-17 14:36:41,704 : EventManager : Event: ======'player_shot_left_center_droptarget'====== Args={'value': 0, 'prev_value': 1, 'change': -1, 'player_num': 1}
2025-10-17 14:36:41,705 : EventManager : Event: ======'player_shot_center_center_droptarget'====== Args={'value': 0, 'prev_value': 1, 'change': -1, 'player_num': 1}
2025-10-17 14:36:41,705 : EventManager : Event: ======'player_shot_right_center_droptarget'====== Args={'value': 0, 'prev_value': 1, 'change': -1, 'player_num': 1}
2025-10-17 14:36:41,705 : EventManager : Event: ======'player_score'====== Args={'value': 1050, 'prev_value': 700, 'change': 350, 'player_num': 1}
2025-10-17 14:36:44,288 : EventManager : Event: ======'machine_var_audits_switches_s_left_center_target'====== Args={'value': 11, 'prev_value': 10, 'change': 1}
2025-10-17 14:36:44,288 : EventManager : Event: ======'player_shot_left_center_droptarget'====== Args={'value': 1, 'prev_value': 0, 'change': 1, 'player_num': 1}
2025-10-17 14:36:44,288 : EventManager : Event: ======'machine_var_audits_shots_left_center_droptarget'====== Args={'value': 4, 'prev_value': 3, 'change': 1}
2025-10-17 14:36:44,288 : EventManager : Event: ======'player_score'====== Args={'value': 1400, 'prev_value': 1050, 'change': 350, 'player_num': 1}
2025-10-17 14:36:45,421 : EventManager : Event: ======'machine_var_audits_switches_s_center_center_target'====== Args={'value': 10, 'prev_value': 9, 'change': 1}
2025-10-17 14:36:45,421 : EventManager : Event: ======'player_shot_center_center_droptarget'====== Args={'value': 1, 'prev_value': 0, 'change': 1, 'player_num': 1}
2025-10-17 14:36:45,421 : EventManager : Event: ======'machine_var_audits_shots_center_center_droptarget'====== Args={'value': 4, 'prev_value': 3, 'change': 1}
2025-10-17 14:36:45,421 : EventManager : Event: ======'player_score'====== Args={'value': 1750, 'prev_value': 1400, 'change': 350, 'player_num': 1}
2025-10-17 14:36:47,821 : EventManager : Event: ======'machine_var_audits_switches_s_right_center_target'====== Args={'value': 13, 'prev_value': 12, 'change': 1}
2025-10-17 14:36:47,837 : EventManager : Event: ======'player_shot_right_center_droptarget'====== Args={'value': 1, 'prev_value': 0, 'change': 1, 'player_num': 1}
2025-10-17 14:36:47,837 : EventManager : Event: ======'machine_var_audits_shots_right_center_droptarget'====== Args={'value': 4, 'prev_value': 3, 'change': 1}
2025-10-17 14:36:47,837 : EventManager : Event: ======'player_shot_left_center_droptarget'====== Args={'value': 0, 'prev_value': 1, 'change': -1, 'player_num': 1}
2025-10-17 14:36:47,837 : EventManager : Event: ======'player_shot_center_center_droptarget'====== Args={'value': 0, 'prev_value': 1, 'change': -1, 'player_num': 1}
2025-10-17 14:36:47,838 : EventManager : Event: ======'player_shot_right_center_droptarget'====== Args={'value': 0, 'prev_value': 1, 'change': -1, 'player_num': 1}
2025-10-17 14:36:47,838 : EventManager : Event: ======'player_score'====== Args={'value': 2100, 'prev_value': 1750, 'change': 350, 'player_num': 1}
2025-10-17 14:36:53,221 : EventManager : Event: ======'machine_var_audits_switches_s_E'====== Args={'value': 188, 'prev_value': 187, 'change': 1}
2025-10-17 14:36:53,221 : EventManager : Event: ======'player_shot_E'====== Args={'value': 1, 'prev_value': 0, 'change': 1, 'player_num': 1}
2025-10-17 14:36:53,221 : EventManager : Event: ======'machine_var_audits_shots_E'====== Args={'value': 184, 'prev_value': 183, 'change': 1}
2025-10-17 14:36:53,221 : EventManager : Event: ======'player_score'====== Args={'value': 2600, 'prev_value': 2100, 'change': 500, 'player_num': 1}
2025-10-17 14:36:53,938 : EventManager : Event: ======'machine_var_audits_switches_s_M'====== Args={'value': 184, 'prev_value': 183, 'change': 1}
2025-10-17 14:36:53,954 : EventManager : Event: ======'player_shot_M'====== Args={'value': 1, 'prev_value': 0, 'change': 1, 'player_num': 1}
2025-10-17 14:36:53,955 : EventManager : Event: ======'machine_var_audits_shots_M'====== Args={'value': 180, 'prev_value': 179, 'change': 1}
2025-10-17 14:36:53,955 : EventManager : Event: ======'player_score'====== Args={'value': 3100, 'prev_value': 2600, 'change': 500, 'player_num': 1}
2025-10-17 14:36:54,688 : EventManager : Event: ======'machine_var_audits_switches_s_I'====== Args={'value': 182, 'prev_value': 181, 'change': 1}
2025-10-17 14:36:54,688 : EventManager : Event: ======'player_shot_I'====== Args={'value': 1, 'prev_value': 0, 'change': 1, 'player_num': 1}
2025-10-17 14:36:54,688 : EventManager : Event: ======'machine_var_audits_shots_I'====== Args={'value': 178, 'prev_value': 177, 'change': 1}
2025-10-17 14:36:54,688 : EventManager : Event: ======'player_score'====== Args={'value': 3600, 'prev_value': 3100, 'change': 500, 'player_num': 1}
2025-10-17 14:36:55,404 : EventManager : Event: ======'machine_var_audits_switches_s_T'====== Args={'value': 186, 'prev_value': 185, 'change': 1}
2025-10-17 14:36:55,421 : EventManager : Event: ======'player_shot_T'====== Args={'value': 1, 'prev_value': 0, 'change': 1, 'player_num': 1}
2025-10-17 14:36:55,421 : EventManager : Event: ======'machine_var_audits_shots_T'====== Args={'value': 182, 'prev_value': 181, 'change': 1}
2025-10-17 14:36:55,421 : EventManager : Event: ======'player_shot_T'====== Args={'value': 0, 'prev_value': 1, 'change': -1, 'player_num': 1}
2025-10-17 14:36:55,421 : EventManager : Event: ======'player_shot_I'====== Args={'value': 0, 'prev_value': 1, 'change': -1, 'player_num': 1}
2025-10-17 14:36:55,421 : EventManager : Event: ======'player_shot_M'====== Args={'value': 0, 'prev_value': 1, 'change': -1, 'player_num': 1}
2025-10-17 14:36:55,421 : EventManager : Event: ======'player_shot_E'====== Args={'value': 0, 'prev_value': 1, 'change': -1, 'player_num': 1}
2025-10-17 14:36:55,421 : EventManager : Event: ======'player_score'====== Args={'value': 403600, 'prev_value': 3600, 'change': 400000, 'player_num': 1}
2025-10-17 14:36:55,422 : EventManager : Event: ======'sounds_play'====== Args={'settings': {'time': {'action': 'play', 'loops': 0, 'priority': None, 'block': False, 'delay': None, 'track': None, 'volume': None, 'ducking': {}, 'pan': None, 'start_at': None, 'fade_in': None, 'fade_out': None, 'about_to_finish_time': -1.0, 'max_queue_time': -1.0, 'events_when_played': ['use_sound_setting'], 'events_when_stopped': ['use_sound_setting'], 'events_when_looping': ['use_sound_setting'], 'events_when_about_to_finish': ['use_sound_setting'], 'mode_end_action': 'use_sound_setting', 'key': 'use_sound_setting'}}, 'context': 'base', 'calling_context': 'TIME_droptargets_lit_complete', 'priority': 100}
2025-10-17 14:36:55,422 : EventManager : Event: ======'player_score'====== Args={'value': 404100, 'prev_value': 403600, 'change': 500, 'player_num': 1}
2025-10-17 14:36:55,453 : EventManager : Event: ======'loading_assets'====== Args={'total': 1, 'loaded': 1, 'remaining': 0, 'percent': 100}
2025-10-17 14:36:55,453 : AssetManager : Asset loading took: 26.487070560455322
2025-10-17 14:36:55,454 : EventManager : Event: ======'asset_loading_complete'====== Args={}
2025-10-17 14:36:55,454 : AssetManager : Loading assets: 1/1 (100%)
2025-10-17 14:36:57,921 : EventManager : Event: ======'machine_var_audits_switches_s_standup_1'====== Args={'value': 133, 'prev_value': 132, 'change': 1}
2025-10-17 14:36:57,921 : EventManager : Event: ======'player_shot_Tb'====== Args={'value': 1, 'prev_value': 0, 'change': 1, 'player_num': 1}
2025-10-17 14:36:57,922 : EventManager : Event: ======'machine_var_audits_shots_Tb'====== Args={'value': 49, 'prev_value': 48, 'change': 1}
2025-10-17 14:36:57,922 : EventManager : Event: ======'player_score'====== Args={'value': 404600, 'prev_value': 404100, 'change': 500, 'player_num': 1}
2025-10-17 14:36:58,638 : EventManager : Event: ======'machine_var_audits_switches_s_standup_2'====== Args={'value': 89, 'prev_value': 88, 'change': 1}
2025-10-17 14:36:58,639 : EventManager : Event: ======'player_shot_R'====== Args={'value': 1, 'prev_value': 0, 'change': 1, 'player_num': 1}
2025-10-17 14:36:58,639 : EventManager : Event: ======'machine_var_audits_shots_R'====== Args={'value': 46, 'prev_value': 45, 'change': 1}
2025-10-17 14:36:58,639 : EventManager : Event: ======'player_score'====== Args={'value': 405100, 'prev_value': 404600, 'change': 500, 'player_num': 1}
2025-10-17 14:36:59,305 : EventManager : Event: ======'machine_var_audits_switches_s_standup_3'====== Args={'value': 78, 'prev_value': 77, 'change': 1}
2025-10-17 14:36:59,305 : EventManager : Event: ======'player_shot_A'====== Args={'value': 1, 'prev_value': 0, 'change': 1, 'player_num': 1}
2025-10-17 14:36:59,306 : EventManager : Event: ======'machine_var_audits_shots_A'====== Args={'value': 36, 'prev_value': 35, 'change': 1}
2025-10-17 14:36:59,306 : EventManager : Event: ======'player_score'====== Args={'value': 405600, 'prev_value': 405100, 'change': 500, 'player_num': 1}
2025-10-17 14:37:00,005 : EventManager : Event: ======'machine_var_audits_switches_s_standup_4'====== Args={'value': 59, 'prev_value': 58, 'change': 1}
2025-10-17 14:37:00,005 : EventManager : Event: ======'player_shot_V'====== Args={'value': 1, 'prev_value': 0, 'change': 1, 'player_num': 1}
2025-10-17 14:37:00,005 : EventManager : Event: ======'machine_var_audits_shots_V'====== Args={'value': 34, 'prev_value': 33, 'change': 1}
2025-10-17 14:37:00,006 : EventManager : Event: ======'player_score'====== Args={'value': 406100, 'prev_value': 405600, 'change': 500, 'player_num': 1}
2025-10-17 14:37:01,538 : EventManager : Event: ======'machine_var_audits_switches_s_standup_5'====== Args={'value': 56, 'prev_value': 55, 'change': 1}
2025-10-17 14:37:01,538 : EventManager : Event: ======'player_shot_Eb'====== Args={'value': 1, 'prev_value': 0, 'change': 1, 'player_num': 1}
2025-10-17 14:37:01,538 : EventManager : Event: ======'machine_var_audits_shots_Eb'====== Args={'value': 33, 'prev_value': 32, 'change': 1}
2025-10-17 14:37:01,539 : EventManager : Event: ======'player_score'====== Args={'value': 406600, 'prev_value': 406100, 'change': 500, 'player_num': 1}
2025-10-17 14:37:02,354 : EventManager : Event: ======'machine_var_audits_switches_s_standup_6'====== Args={'value': 46, 'prev_value': 45, 'change': 1}
2025-10-17 14:37:02,371 : EventManager : Event: ======'player_shot_L'====== Args={'value': 1, 'prev_value': 0, 'change': 1, 'player_num': 1}
2025-10-17 14:37:02,371 : EventManager : Event: ======'machine_var_audits_shots_L'====== Args={'value': 34, 'prev_value': 33, 'change': 1}
2025-10-17 14:37:02,372 : EventManager : Event: ======'player_shot_Tb'====== Args={'value': 0, 'prev_value': 1, 'change': -1, 'player_num': 1}
2025-10-17 14:37:02,372 : EventManager : Event: ======'player_shot_R'====== Args={'value': 0, 'prev_value': 1, 'change': -1, 'player_num': 1}
2025-10-17 14:37:02,372 : EventManager : Event: ======'player_shot_A'====== Args={'value': 0, 'prev_value': 1, 'change': -1, 'player_num': 1}
2025-10-17 14:37:02,372 : EventManager : Event: ======'player_shot_V'====== Args={'value': 0, 'prev_value': 1, 'change': -1, 'player_num': 1}
2025-10-17 14:37:02,372 : EventManager : Event: ======'player_shot_Eb'====== Args={'value': 0, 'prev_value': 1, 'change': -1, 'player_num': 1}
2025-10-17 14:37:02,372 : EventManager : Event: ======'player_shot_L'====== Args={'value': 0, 'prev_value': 1, 'change': -1, 'player_num': 1}
2025-10-17 14:37:02,372 : EventManager : Event: ======'player_score'====== Args={'value': 806600, 'prev_value': 406600, 'change': 400000, 'player_num': 1}
2025-10-17 14:37:02,372 : EventManager : Event: ======'sounds_play'====== Args={'settings': {'time': {'action': 'play', 'loops': 0, 'priority': None, 'block': False, 'delay': None, 'track': None, 'volume': None, 'ducking': {}, 'pan': None, 'start_at': None, 'fade_in': None, 'fade_out': None, 'about_to_finish_time': -1.0, 'max_queue_time': -1.0, 'events_when_played': ['use_sound_setting'], 'events_when_stopped': ['use_sound_setting'], 'events_when_looping': ['use_sound_setting'], 'events_when_about_to_finish': ['use_sound_setting'], 'mode_end_action': 'use_sound_setting', 'key': 'use_sound_setting'}}, 'context': 'base', 'calling_context': 'TRAVEL_droptargets_lit_complete', 'priority': 100}
2025-10-17 14:37:02,372 : EventManager : Event: ======'player_score'====== Args={'value': 807100, 'prev_value': 806600, 'change': 500, 'player_num': 1}
2025-10-17 14:37:07,238 : EventManager : Event: ======'machine_var_audits_switches_s_trough1'====== Args={'value': 304, 'prev_value': 303, 'change': 1}
2025-10-17 14:37:07,722 : EventManager : Event: ======'slides_clear'====== Args={'context': 'base'}
2025-10-17 14:37:07,722 : EventManager : Event: ======'slide_base.slide_player-mode_base_started_removed'====== Args={}
2025-10-17 14:37:07,738 : EventManager : Event: ======'slide_dmd_blank_active'====== Args={}
2025-10-17 14:37:07,740 : EventManager : Event: ======'sounds_clear'====== Args={'context': 'base'}
2025-10-17 14:37:07,740 : EventManager : Event: ======'sounds_play'====== Args={'settings': {'mode': {'action': 'stop', 'priority': None, 'block': False, 'delay': None, 'track': None, 'volume': None, 'ducking': {}, 'pan': None, 'loops': None, 'start_at': None, 'fade_in': None, 'fade_out': None, 'about_to_finish_time': -1.0, 'max_queue_time': -1.0, 'events_when_played': ['use_sound_setting'], 'events_when_stopped': ['use_sound_setting'], 'events_when_looping': ['use_sound_setting'], 'events_when_about_to_finish': ['use_sound_setting'], 'mode_end_action': 'use_sound_setting', 'key': 'use_sound_setting'}}, 'context': '_global', 'calling_context': 'mode_base_stopped', 'priority': 0}
2025-10-17 14:37:07,788 : EventManager : Event: ======'player_ball'====== Args={'value': 2, 'prev_value': 1, 'change': 1, 'player_num': 1}
2025-10-17 14:37:07,839 : EventManager : Event: ======'slides_play'====== Args={'settings': {'widgets': {'widgets': [{'type': 'text', 'text': '(score)', 'number_grouping': True, 'min_digits': 2, 'font_size': 21, 'y': '40%', '_default_settings': ['type', 'text', 'number_grouping', 'min_digits', 'font_size', 'y'], 'x': None, 'anchor_x': 'center', 'anchor_y': 'center', 'round_anchor_x': None, 'round_anchor_y': None, 'opacity': 1.0, 'z': 0, 'reset_animations_events': {}, 'color': [1.0, 1.0, 1.0, 1.0], 'style': [], 'adjust_top': 0, 'adjust_bottom': 0, 'adjust_left': 0, 'adjust_right': 0, 'expire': None, 'key': None, 'widget': None, 'events_when_added': [], 'events_when_removed': [], 'bitmap_font': False, 'font_kerning': True, 'bold': False, 'italic': False, 'halign': 'center', 'valign': 'middle', 'rotation': 0, 'scale': 1.0, 'casing': None, 'outline_color': [1.0, 1.0, 1.0, 1.0], 'outline_width': 0, 'animations': None}, {'type': 'text', 'text': 'PLAYER (number)', 'x': '5%', 'y': '65%', 'anchor_x': 'left', 'anchor_y': 'bottom', 'font_size': 8, '_default_settings': ['type', 'text', 'x', 'y', 'anchor_x', 'anchor_y', 'font_size'], 'round_anchor_x': None, 'round_anchor_y': None, 'opacity': 1.0, 'z': 0, 'reset_animations_events': {}, 'color': [1.0, 1.0, 1.0, 1.0], 'style': [], 'adjust_top': 0, 'adjust_bottom': 0, 'adjust_left': 0, 'adjust_right': 0, 'expire': None, 'key': None, 'widget': None, 'events_when_added': [], 'events_when_removed': [], 'bitmap_font': False, 'font_kerning': True, 'bold': False, 'italic': False, 'number_grouping': False, 'min_digits': 0, 'halign': 'center', 'valign': 'middle', 'rotation': 0, 'scale': 1.0, 'casing': None, 'outline_color': [1.0, 1.0, 1.0, 1.0], 'outline_width': 0, 'animations': None}, {'type': 'text', 'text': 'BALL (ball)', 'y': '65%', 'x': 'right-55', 'anchor_x': 'right', 'anchor_y': 'bottom', 'font_size': 8, '_default_settings': ['type', 'text', 'y', 'x', 'anchor_x', 'anchor_y', 'font_size'], 'round_anchor_x': None, 'round_anchor_y': None, 'opacity': 1.0, 'z': 0, 'reset_animations_events': {}, 'color': [1.0, 1.0, 1.0, 1.0], 'style': [], 'adjust_top': 0, 'adjust_bottom': 0, 'adjust_left': 0, 'adjust_right': 0, 'expire': None, 'key': None, 'widget': None, 'events_when_added': [], 'events_when_removed': [], 'bitmap_font': False, 'font_kerning': True, 'bold': False, 'italic': False, 'number_grouping': False, 'min_digits': 0, 'halign': 'center', 'valign': 'middle', 'rotation': 0, 'scale': 1.0, 'casing': None, 'outline_color': [1.0, 1.0, 1.0, 1.0], 'outline_width': 0, 'animations': None}, {'type': 'text', 'text': '(machine|credits_string)', 'y': '65%', 'x': 'right-5', 'anchor_x': 'right', 'anchor_y': 'bottom', 'font_size': 8, '_default_settings': ['type', 'text', 'y', 'x', 'anchor_x', 'anchor_y', 'font_size'], 'round_anchor_x': None, 'round_anchor_y': None, 'opacity': 1.0, 'z': 0, 'reset_animations_events': {}, 'color': [1.0, 1.0, 1.0, 1.0], 'style': [], 'adjust_top': 0, 'adjust_bottom': 0, 'adjust_left': 0, 'adjust_right': 0, 'expire': None, 'key': None, 'widget': None, 'events_when_added': [], 'events_when_removed': [], 'bitmap_font': False, 'font_kerning': True, 'bold': False, 'italic': False, 'number_grouping': False, 'min_digits': 0, 'halign': 'center', 'valign': 'middle', 'rotation': 0, 'scale': 1.0, 'casing': None, 'outline_color': [1.0, 1.0, 1.0, 1.0], 'outline_width': 0, 'animations': None}], 'target': None, 'background_color': [0.0, 0.0, 0.0, 1.0], 'priority': None, 'show': True, 'force': False, 'expire': None, 'slide': None, 'tokens': {}, 'action': 'play'}}, 'context': 'base', 'calling_context': 'mode_base_started', 'priority': 100, 'player': 1, 'ball': 2, 'balls_remaining': 1, 'is_extra_ball': False}
2025-10-17 14:37:07,839 : EventManager : Event: ======'sounds_play'====== Args={'settings': {'lets_go': {'action': 'play', 'loops': 0, 'priority': None, 'block': False, 'delay': None, 'track': None, 'volume': None, 'ducking': {}, 'pan': None, 'start_at': None, 'fade_in': None, 'fade_out': None, 'about_to_finish_time': -1.0, 'max_queue_time': -1.0, 'events_when_played': ['use_sound_setting'], 'events_when_stopped': ['use_sound_setting'], 'events_when_looping': ['use_sound_setting'], 'events_when_about_to_finish': ['use_sound_setting'], 'mode_end_action': 'use_sound_setting', 'key': 'use_sound_setting'}}, 'context': 'base', 'calling_context': 'mode_base_started', 'priority': 100, 'player': 1, 'ball': 2, 'balls_remaining': 1, 'is_extra_ball': False}
2025-10-17 14:37:07,839 : EventManager : Event: ======'sounds_play'====== Args={'settings': {'mode': {'action': 'play', 'loops': -1, 'priority': None, 'block': False, 'delay': None, 'track': None, 'volume': None, 'ducking': {}, 'pan': None, 'start_at': None, 'fade_in': None, 'fade_out': None, 'about_to_finish_time': -1.0, 'max_queue_time': -1.0, 'events_when_played': ['use_sound_setting'], 'events_when_stopped': ['use_sound_setting'], 'events_when_looping': ['use_sound_setting'], 'events_when_about_to_finish': ['use_sound_setting'], 'mode_end_action': 'use_sound_setting', 'key': 'use_sound_setting'}}, 'context': '_global', 'calling_context': 'mode_base_started', 'priority': 0, 'player': 1, 'ball': 2, 'balls_remaining': 1, 'is_extra_ball': False}
2025-10-17 14:37:07,839 : mpfmc : SlidePlayer: Play called with settings={'widgets': {'widgets': [{'type': 'text', 'text': '(score)', 'number_grouping': True, 'min_digits': 2, 'font_size': 21, 'y': '40%', '_default_settings': ['type', 'text', 'number_grouping', 'min_digits', 'font_size', 'y'], 'x': None, 'anchor_x': 'center', 'anchor_y': 'center', 'round_anchor_x': None, 'round_anchor_y': None, 'opacity': 1.0, 'z': 0, 'reset_animations_events': {}, 'color': [1.0, 1.0, 1.0, 1.0], 'style': [], 'adjust_top': 0, 'adjust_bottom': 0, 'adjust_left': 0, 'adjust_right': 0, 'expire': None, 'key': None, 'widget': None, 'events_when_added': [], 'events_when_removed': [], 'bitmap_font': False, 'font_kerning': True, 'bold': False, 'italic': False, 'halign': 'center', 'valign': 'middle', 'rotation': 0, 'scale': 1.0, 'casing': None, 'outline_color': [1.0, 1.0, 1.0, 1.0], 'outline_width': 0, 'animations': None}, {'type': 'text', 'text': 'PLAYER (number)', 'x': '5%', 'y': '65%', 'anchor_x': 'left', 'anchor_y': 'bottom', 'font_size': 8, '_default_settings': ['type', 'text', 'x', 'y', 'anchor_x', 'anchor_y', 'font_size'], 'round_anchor_x': None, 'round_anchor_y': None, 'opacity': 1.0, 'z': 0, 'reset_animations_events': {}, 'color': [1.0, 1.0, 1.0, 1.0], 'style': [], 'adjust_top': 0, 'adjust_bottom': 0, 'adjust_left': 0, 'adjust_right': 0, 'expire': None, 'key': None, 'widget': None, 'events_when_added': [], 'events_when_removed': [], 'bitmap_font': False, 'font_kerning': True, 'bold': False, 'italic': False, 'number_grouping': False, 'min_digits': 0, 'halign': 'center', 'valign': 'middle', 'rotation': 0, 'scale': 1.0, 'casing': None, 'outline_color': [1.0, 1.0, 1.0, 1.0], 'outline_width': 0, 'animations': None}, {'type': 'text', 'text': 'BALL (ball)', 'y': '65%', 'x': 'right-55', 'anchor_x': 'right', 'anchor_y': 'bottom', 'font_size': 8, '_default_settings': ['type', 'text', 'y', 'x', 'anchor_x', 'anchor_y', 'font_size'], 'round_anchor_x': None, 'round_anchor_y': None, 'opacity': 1.0, 'z': 0, 'reset_animations_events': {}, 'color': [1.0, 1.0, 1.0, 1.0], 'style': [], 'adjust_top': 0, 'adjust_bottom': 0, 'adjust_left': 0, 'adjust_right': 0, 'expire': None, 'key': None, 'widget': None, 'events_when_added': [], 'events_when_removed': [], 'bitmap_font': False, 'font_kerning': True, 'bold': False, 'italic': False, 'number_grouping': False, 'min_digits': 0, 'halign': 'center', 'valign': 'middle', 'rotation': 0, 'scale': 1.0, 'casing': None, 'outline_color': [1.0, 1.0, 1.0, 1.0], 'outline_width': 0, 'animations': None}, {'type': 'text', 'text': '(machine|credits_string)', 'y': '65%', 'x': 'right-5', 'anchor_x': 'right', 'anchor_y': 'bottom', 'font_size': 8, '_default_settings': ['type', 'text', 'y', 'x', 'anchor_x', 'anchor_y', 'font_size'], 'round_anchor_x': None, 'round_anchor_y': None, 'opacity': 1.0, 'z': 0, 'reset_animations_events': {}, 'color': [1.0, 1.0, 1.0, 1.0], 'style': [], 'adjust_top': 0, 'adjust_bottom': 0, 'adjust_left': 0, 'adjust_right': 0, 'expire': None, 'key': None, 'widget': None, 'events_when_added': [], 'events_when_removed': [], 'bitmap_font': False, 'font_kerning': True, 'bold': False, 'italic': False, 'number_grouping': False, 'min_digits': 0, 'halign': 'center', 'valign': 'middle', 'rotation': 0, 'scale': 1.0, 'casing': None, 'outline_color': [1.0, 1.0, 1.0, 1.0], 'outline_width': 0, 'animations': None}], 'target': None, 'background_color': [0.0, 0.0, 0.0, 1.0], 'priority': None, 'show': True, 'force': False, 'expire': None, 'slide': None, 'tokens': {}, 'action': 'play'}}
2025-10-17 14:37:07,845 : EventManager : Event: ======'slide_base.slide_player-mode_base_started_created'====== Args={}
2025-10-17 14:37:07,845 : EventManager : Unordered handler for class <Text Widget text=CREDITS 10> on event machine_var_credits_string with priority 1. Handlers: [RegisteredHandler(callback=<bound method Text._machine_var_change of <Text Widget text=CREDITS 10>>, priority=1, kwargs={}, key=UUID('fe725fcb-8dc4-4b31-8928-d313e0ac2e37'), condition=None, blocking_facility=None), RegisteredHandler(callback=<bound method Text._machine_var_change of <Text Widget text=CREDITS 10>>, priority=1, kwargs={}, key=UUID('b75ec7c4-6d88-4b04-b8ba-8a7dc605d0b2'), condition=None, blocking_facility=None)]. The order of those handlers is not defined and they will be executed in random order. This might lead to race conditions and potential bugs.
2025-10-17 14:37:07,854 : EventManager : Event: ======'slide_base.slide_player-mode_base_started_active'====== Args={}
2025-10-17 14:37:07,972 : EventManager : Event: ======'machine_var_audits_switches_s_plunger'====== Args={'value': 524, 'prev_value': 523, 'change': 1}
2025-10-17 14:37:14,087 : kivy : Base: Leaving application in progress...
2025-10-17 14:37:14,087 : mpfmc : Stopping...
2025-10-17 14:37:14,087 : EventManager : Event: ======'shutdown'====== Args={}
2025-10-17 14:37:14,088 : AudioInterface : Disabling audio playback
2025-10-17 14:37:14,234 : mpfmc : Loop rate 58.39 Hz
