2025-10-13 18:01:27,083 : INFO : root : Loading config.
2025-10-13 18:01:27,087 : INFO : YamlMultifileConfigLoader : Machine config file #1: config.yaml
2025-10-13 18:01:27,087 : INFO : ConfigProcessor : Loading config from cache: C:\Users\richa\AppData\Local\Temp\f7776651e259183bd84a8c8d686bf868.mpf_cache
2025-10-13 18:01:27,167 : INFO : ConfigProcessor : Loading config from cache: C:\Users\richa\AppData\Local\Temp\70233839fc0b792ce11a62f3c18c1950.mpf_cache
2025-10-13 18:01:27,167 : INFO : ConfigProcessor : Loading config from cache: C:\Users\richa\AppData\Local\Temp\9c8dea79ca4d15ee886340e992e8cb9d.mpf_cache
2025-10-13 18:01:27,168 : WARNING : ConfigProcessor : Config file in cache changed: C:\Users\richa\ttp7\modes\base\config\base.yaml
2025-10-13 18:01:27,168 : INFO : ConfigProcessor : Loading config from file C:\Users\richa\ttp7\modes\base\config\base.yaml.
2025-10-13 18:01:27,183 : INFO : ConfigProcessor : Loading config: C:\Users\richa\ttp7\modes\base\config\base.yaml
2025-10-13 18:01:27,184 : INFO : ConfigProcessor : Config file cache created: C:\Users\richa\AppData\Local\Temp\67a19b095f918111543419ac0271bfb1.mpf_cache
2025-10-13 18:01:27,185 : INFO : ConfigProcessor : Loading config from cache: C:\Users\richa\AppData\Local\Temp\be387b0e8ed00556ec738d83cd6947d1.mpf_cache
2025-10-13 18:01:27,186 : INFO : ConfigProcessor : Loading config from cache: C:\Users\richa\AppData\Local\Temp\5a8efabd9666d8c71fa755fc28a9bf1e.mpf_cache
2025-10-13 18:01:27,186 : INFO : ConfigProcessor : Loading config from cache: C:\Users\richa\AppData\Local\Temp\fb58745e58584e219ff53db445e8e9f2.mpf_cache
2025-10-13 18:01:27,187 : INFO : ConfigProcessor : Loading config from cache: C:\Users\richa\AppData\Local\Temp\3a5badf48d988f9fc0f9b093a934917d.mpf_cache
2025-10-13 18:01:27,188 : INFO : ConfigProcessor : Loading config from cache: C:\Users\richa\AppData\Local\Temp\9e788d9ac28f3464b985b20edf80a10e.mpf_cache
2025-10-13 18:01:27,189 : INFO : ConfigProcessor : Loading config from cache: C:\Users\richa\AppData\Local\Temp\b710dc01437f1dfd05f3b5275f67493b.mpf_cache
2025-10-13 18:01:27,189 : INFO : ConfigProcessor : Loading config from cache: C:\Users\richa\AppData\Local\Temp\0a23590f4081187a3ecee75c7657616e.mpf_cache
2025-10-13 18:01:27,190 : INFO : ConfigProcessor : Loading config from cache: C:\Users\richa\AppData\Local\Temp\374a5edaf0766cb9005f368df852c09d.mpf_cache
2025-10-13 18:01:27,191 : INFO : ConfigProcessor : Loading config from cache: C:\Users\richa\AppData\Local\Temp\b50d1c72289d6f8f00cba34766fbb2e5.mpf_cache
2025-10-13 18:01:27,191 : INFO : ConfigProcessor : Loading config from cache: C:\Users\richa\AppData\Local\Temp\bfc680b70531e398658191c2a179bce0.mpf_cache
2025-10-13 18:01:27,200 : INFO : ConfigProcessor : Loading config from cache: C:\Users\richa\AppData\Local\Temp\069a726c379c7a3dc006889318eb30f2.mpf_cache
2025-10-13 18:01:27,201 : INFO : ConfigProcessor : Loading config from cache: C:\Users\richa\AppData\Local\Temp\6159dd3e8b071f5aa615e717784124e9.mpf_cache
2025-10-13 18:01:27,202 : INFO : ConfigProcessor : Loading config from cache: C:\Users\richa\AppData\Local\Temp\e382c4765158d2be92c1673fc03a4ad6.mpf_cache
2025-10-13 18:01:27,202 : INFO : ConfigProcessor : Loading config from cache: C:\Users\richa\AppData\Local\Temp\868b3b6361e3aaa0a56bd50d9388247e.mpf_cache
2025-10-13 18:01:27,203 : INFO : Machine : Mission Pinball Framework Core Engine v0.57.0.dev39
2025-10-13 18:01:27,203 : INFO : Machine : Command line arguments: {'no_load_cache': False, 'create_config_cache': True, 'bcp': True, 'configfile': ['config.yaml'], 'force_assets_load': False, 'jsonlogging': False, 'logfile': 'logs\\2025-10-13-18-01-27-mpf-DESKTOP-RK7BE5M.log', 'pause': False, 'production': False, 'text_ui': True, 'loglevel': 15, 'consoleloglevel': 20, 'force_platform': None, 'syslog_address': None, 'mc_file_name': None, 'no_sound': False}
2025-10-13 18:01:27,203 : INFO : Machine : MPF path: C:\Users\richa\mpfvirtual4\lib\site-packages\mpf
2025-10-13 18:01:27,203 : INFO : Machine : Machine path: C:\Users\richa\ttp7
2025-10-13 18:01:27,203 : INFO : Machine : Platform: win32
2025-10-13 18:01:27,203 : INFO : Machine : Python executable location: C:\Users\richa\mpfvirtual4\Scripts\python.exe
2025-10-13 18:01:27,203 : INFO : Machine : Python version: 3.9.13 (64-bit)
2025-10-13 18:01:27,205 : INFO : Machine : Initializing MPF...
2025-10-13 18:01:27,856 : INFO : EventManager : Event: ======'machine_var_credits_string'====== Args={'value': 'FREE PLAY', 'prev_value': None, 'change': True}
2025-10-13 18:01:27,910 : INFO : EventManager : Event: ======'machine_var_master_volume'====== Args={'value': 0.5, 'prev_value': None, 'change': True}
2025-10-13 18:01:27,910 : INFO : EventManager : Event: ======'machine_var_player1_score'====== Args={'value': 41236342, 'prev_value': None, 'change': True}
2025-10-13 18:01:27,910 : INFO : EventManager : Event: ======'machine_var_mpf_version'====== Args={'value': 'Mission Pinball Framework v0.57.0.dev39', 'prev_value': None, 'change': True}
2025-10-13 18:01:27,910 : INFO : EventManager : Event: ======'machine_var_mpf_extended_version'====== Args={'value': 'Mission Pinball Framework v0.57.0.dev39, Config version:6, Show version: 6, BCP version:1.1', 'prev_value': None, 'change': True}
2025-10-13 18:01:27,911 : INFO : EventManager : Event: ======'machine_var_python_version'====== Args={'value': '3.9.13', 'prev_value': None, 'change': True}
2025-10-13 18:01:27,921 : INFO : EventManager : Event: ======'machine_var_platform'====== Args={'value': 'Windows-10-10.0.19045-SP0', 'prev_value': None, 'change': True}
2025-10-13 18:01:27,921 : INFO : EventManager : Event: ======'machine_var_platform_system'====== Args={'value': 'Windows', 'prev_value': None, 'change': True}
2025-10-13 18:01:27,921 : INFO : EventManager : Event: ======'machine_var_platform_release'====== Args={'value': '10', 'prev_value': None, 'change': True}
2025-10-13 18:01:27,922 : INFO : EventManager : Event: ======'machine_var_platform_version'====== Args={'value': '10.0.19045', 'prev_value': None, 'change': True}
2025-10-13 18:01:27,922 : INFO : EventManager : Event: ======'machine_var_platform_machine'====== Args={'value': 'AMD64', 'prev_value': None, 'change': True}
2025-10-13 18:01:27,922 : INFO : EventManager : Event: ======'init_phase_1'====== Args={}
2025-10-13 18:01:27,967 : INFO : EventManager : Event: ======'drop_target_bank_TIME_up'====== Args={}
2025-10-13 18:01:27,967 : INFO : EventManager : Event: ======'drop_target_bank_TRAVEL_up'====== Args={}
2025-10-13 18:01:27,968 : INFO : EventManager : Event: ======'init_phase_2'====== Args={}
2025-10-13 18:01:27,968 : INFO : SwitchController : Found active switch: ('2', <Platform.SmartVirtual>) <switch.s_trough1>
2025-10-13 18:01:27,968 : INFO : SwitchController : Found active switch: ('3', <Platform.SmartVirtual>) <switch.s_trough2>
2025-10-13 18:01:27,969 : INFO : SwitchController : Found active switch: ('4', <Platform.SmartVirtual>) <switch.s_trough3>
2025-10-13 18:01:27,969 : INFO : SwitchController : Found active switch: ('5', <Platform.SmartVirtual>) <switch.s_trough4>
2025-10-13 18:01:27,969 : INFO : SwitchController : Found active switch: ('6', <Platform.SmartVirtual>) <switch.s_trough5>
2025-10-13 18:01:27,969 : INFO : SwitchController : Found active switch: ('7', <Platform.SmartVirtual>) <switch.s_trough6>
2025-10-13 18:01:27,976 : INFO : EventManager : Event: ======'bcp_connection_attempt'====== Args={'name': 'local_display', 'host': 'localhost', 'port': 5050}
2025-10-13 18:01:27,978 : INFO : BCPClientSocket : Connecting BCP to 'local_display' at localhost:5050...
2025-10-13 18:01:29,997 : INFO : BCPClientSocket : Connected BCP to 'local_display' localhost:5050
2025-10-13 18:01:29,998 : INFO : EventManager : Event: ======'bcp_clients_connected'====== Args={}
2025-10-13 18:01:30,622 : INFO : ball_device.bd_trough : BCH: Initial count: 6
2025-10-13 18:01:30,623 : INFO : EventManager : Event: ======'machine_var_mc_version'====== Args={'value': 'MPF-MC v0.57.0.dev10', 'prev_value': None, 'change': True}
2025-10-13 18:01:30,623 : INFO : EventManager : Event: ======'machine_var_mc_extended_version'====== Args={'value': 'MPF-MC v0.57.0.dev10 (config_version=6, BCP v1.1,                      Requires MPF API compatibility v0.57.0.dev19 or newer)', 'prev_value': None, 'change': True}
2025-10-13 18:01:30,722 : INFO : ball_device.bd_trough : State: idle
2025-10-13 18:01:30,723 : INFO : ball_device.bd_plunger : BCH: Initial count: 0
2025-10-13 18:01:30,724 : INFO : ball_device.bd_plunger : State: idle
2025-10-13 18:01:30,724 : INFO : ball_device.bd_left_scoop : BCH: Initial count: 0
2025-10-13 18:01:30,724 : INFO : ball_device.bd_left_scoop : State: idle
2025-10-13 18:01:30,724 : INFO : ball_device.bd_right_scoop : BCH: Initial count: 0
2025-10-13 18:01:30,725 : INFO : ball_device.bd_right_scoop : State: idle
2025-10-13 18:01:30,746 : INFO : EventManager : Event: ======'init_phase_3'====== Args={}
2025-10-13 18:01:30,753 : INFO : EventManager : Event: ======'init_phase_4'====== Args={}
2025-10-13 18:01:30,754 : INFO : BallController : Initial balls found: 6
2025-10-13 18:01:30,755 : INFO : EventManager : Event: ======'machine_var_audits_events_game_ended'====== Args={'value': 52, 'prev_value': None, 'change': True}
2025-10-13 18:01:30,755 : INFO : EventManager : Event: ======'machine_var_audits_events_game_started'====== Args={'value': 233, 'prev_value': None, 'change': True}
2025-10-13 18:01:30,756 : INFO : EventManager : Event: ======'machine_var_audits_missing_switches_s_A'====== Args={'value': 67, 'prev_value': None, 'change': True}
2025-10-13 18:01:30,756 : INFO : EventManager : Event: ======'machine_var_audits_missing_switches_s_Eb'====== Args={'value': 67, 'prev_value': None, 'change': True}
2025-10-13 18:01:30,756 : INFO : EventManager : Event: ======'machine_var_audits_missing_switches_s_L'====== Args={'value': 67, 'prev_value': None, 'change': True}
2025-10-13 18:01:30,756 : INFO : EventManager : Event: ======'machine_var_audits_missing_switches_s_R'====== Args={'value': 67, 'prev_value': None, 'change': True}
2025-10-13 18:01:30,756 : INFO : EventManager : Event: ======'machine_var_audits_missing_switches_s_Tb'====== Args={'value': 67, 'prev_value': None, 'change': True}
2025-10-13 18:01:30,756 : INFO : EventManager : Event: ======'machine_var_audits_missing_switches_s_V'====== Args={'value': 67, 'prev_value': None, 'change': True}
2025-10-13 18:01:30,756 : INFO : EventManager : Event: ======'machine_var_audits_missing_switches_s_bumper_1'====== Args={'value': 28, 'prev_value': None, 'change': True}
2025-10-13 18:01:30,756 : INFO : EventManager : Event: ======'machine_var_audits_missing_switches_s_bumper_2'====== Args={'value': 28, 'prev_value': None, 'change': True}
2025-10-13 18:01:30,757 : INFO : EventManager : Event: ======'machine_var_audits_missing_switches_s_center_center_target'====== Args={'value': 4, 'prev_value': None, 'change': True}
2025-10-13 18:01:30,757 : INFO : EventManager : Event: ======'machine_var_audits_missing_switches_s_center_scoop'====== Args={'value': 6, 'prev_value': None, 'change': True}
2025-10-13 18:01:30,757 : INFO : EventManager : Event: ======'machine_var_audits_missing_switches_s_launcher_lane_spinner'====== Args={'value': 159, 'prev_value': None, 'change': True}
2025-10-13 18:01:30,757 : INFO : EventManager : Event: ======'machine_var_audits_missing_switches_s_left_center_target'====== Args={'value': 4, 'prev_value': None, 'change': True}
2025-10-13 18:01:30,757 : INFO : EventManager : Event: ======'machine_var_audits_missing_switches_s_left_corridor_spinner'====== Args={'value': 159, 'prev_value': None, 'change': True}
2025-10-13 18:01:30,758 : INFO : EventManager : Event: ======'machine_var_audits_missing_switches_s_left_corridor_spinner2'====== Args={'value': 159, 'prev_value': None, 'change': True}
2025-10-13 18:01:30,758 : INFO : EventManager : Event: ======'machine_var_audits_missing_switches_s_left_flipper'====== Args={'value': 82, 'prev_value': None, 'change': True}
2025-10-13 18:01:30,758 : INFO : EventManager : Event: ======'machine_var_audits_missing_switches_s_left_inlane'====== Args={'value': 186, 'prev_value': None, 'change': True}
2025-10-13 18:01:30,758 : INFO : EventManager : Event: ======'machine_var_audits_missing_switches_s_left_outlane'====== Args={'value': 196, 'prev_value': None, 'change': True}
2025-10-13 18:01:30,758 : INFO : EventManager : Event: ======'machine_var_audits_missing_switches_s_left_scoop'====== Args={'value': 4, 'prev_value': None, 'change': True}
2025-10-13 18:01:30,758 : INFO : EventManager : Event: ======'machine_var_audits_missing_switches_s_left_standup'====== Args={'value': 158, 'prev_value': None, 'change': True}
2025-10-13 18:01:30,759 : INFO : EventManager : Event: ======'machine_var_audits_missing_switches_s_right_center_target'====== Args={'value': 4, 'prev_value': None, 'change': True}
2025-10-13 18:01:30,759 : INFO : EventManager : Event: ======'machine_var_audits_missing_switches_s_right_flipper'====== Args={'value': 82, 'prev_value': None, 'change': True}
2025-10-13 18:01:30,759 : INFO : EventManager : Event: ======'machine_var_audits_missing_switches_s_right_outlane'====== Args={'value': 6, 'prev_value': None, 'change': True}
2025-10-13 18:01:30,759 : INFO : EventManager : Event: ======'machine_var_audits_missing_switches_s_right_scoop'====== Args={'value': 4, 'prev_value': None, 'change': True}
2025-10-13 18:01:30,760 : INFO : EventManager : Event: ======'machine_var_audits_missing_switches_s_sling_left'====== Args={'value': 186, 'prev_value': None, 'change': True}
2025-10-13 18:01:30,760 : INFO : EventManager : Event: ======'machine_var_audits_missing_switches_s_sling_right'====== Args={'value': 82, 'prev_value': None, 'change': True}
2025-10-13 18:01:30,760 : INFO : EventManager : Event: ======'machine_var_audits_missing_switches_s_start'====== Args={'value': 40, 'prev_value': None, 'change': True}
2025-10-13 18:01:30,760 : INFO : EventManager : Event: ======'machine_var_audits_missing_switches_s_top_left_standup'====== Args={'value': 4, 'prev_value': None, 'change': True}
2025-10-13 18:01:30,761 : INFO : EventManager : Event: ======'machine_var_audits_missing_switches_s_top_left_standup2'====== Args={'value': 99, 'prev_value': None, 'change': True}
2025-10-13 18:01:30,761 : INFO : EventManager : Event: ======'machine_var_audits_missing_switches_s_trough2'====== Args={'value': 233, 'prev_value': None, 'change': True}
2025-10-13 18:01:30,761 : INFO : EventManager : Event: ======'machine_var_audits_missing_switches_s_trough3'====== Args={'value': 233, 'prev_value': None, 'change': True}
2025-10-13 18:01:30,761 : INFO : EventManager : Event: ======'machine_var_audits_missing_switches_s_trough4'====== Args={'value': 233, 'prev_value': None, 'change': True}
2025-10-13 18:01:30,761 : INFO : EventManager : Event: ======'machine_var_audits_missing_switches_s_trough5'====== Args={'value': 233, 'prev_value': None, 'change': True}
2025-10-13 18:01:30,762 : INFO : EventManager : Event: ======'machine_var_audits_missing_switches_s_trough6'====== Args={'value': 233, 'prev_value': None, 'change': True}
2025-10-13 18:01:30,762 : INFO : EventManager : Event: ======'machine_var_audits_missing_switches_s_trough_jam'====== Args={'value': 233, 'prev_value': None, 'change': True}
2025-10-13 18:01:30,762 : INFO : EventManager : Event: ======'machine_var_audits_player_score'====== Args={'value': {'average': 5642535, 'top': [75043600, 70538842, 43517500, 41236342, 31835000, 13531600, 13201700, 9012700, 2008600, 1234200], 'total': 54}, 'prev_value': None, 'change': True}
2025-10-13 18:01:30,762 : INFO : EventManager : Event: ======'machine_var_audits_shots_A'====== Args={'value': 10, 'prev_value': None, 'change': True}
2025-10-13 18:01:30,762 : INFO : EventManager : Event: ======'machine_var_audits_shots_E'====== Args={'value': 139, 'prev_value': None, 'change': True}
2025-10-13 18:01:30,763 : INFO : EventManager : Event: ======'machine_var_audits_shots_Eb'====== Args={'value': 10, 'prev_value': None, 'change': True}
2025-10-13 18:01:30,763 : INFO : EventManager : Event: ======'machine_var_audits_shots_I'====== Args={'value': 134, 'prev_value': None, 'change': True}
2025-10-13 18:01:30,763 : INFO : EventManager : Event: ======'machine_var_audits_shots_L'====== Args={'value': 10, 'prev_value': None, 'change': True}
2025-10-13 18:01:30,763 : INFO : EventManager : Event: ======'machine_var_audits_shots_M'====== Args={'value': 134, 'prev_value': None, 'change': True}
2025-10-13 18:01:30,764 : INFO : EventManager : Event: ======'machine_var_audits_shots_R'====== Args={'value': 12, 'prev_value': None, 'change': True}
2025-10-13 18:01:30,764 : INFO : EventManager : Event: ======'machine_var_audits_shots_T'====== Args={'value': 138, 'prev_value': None, 'change': True}
2025-10-13 18:01:30,764 : INFO : EventManager : Event: ======'machine_var_audits_shots_Tb'====== Args={'value': 11, 'prev_value': None, 'change': True}
2025-10-13 18:01:30,764 : INFO : EventManager : Event: ======'machine_var_audits_shots_V'====== Args={'value': 10, 'prev_value': None, 'change': True}
2025-10-13 18:01:30,765 : INFO : EventManager : Event: ======'machine_var_audits_shots_bumper1_shot'====== Args={'value': 199, 'prev_value': None, 'change': True}
2025-10-13 18:01:30,765 : INFO : EventManager : Event: ======'machine_var_audits_shots_bumper2_shot'====== Args={'value': 621, 'prev_value': None, 'change': True}
2025-10-13 18:01:30,765 : INFO : EventManager : Event: ======'machine_var_audits_shots_center_rollover'====== Args={'value': 7, 'prev_value': None, 'change': True}
2025-10-13 18:01:30,765 : INFO : EventManager : Event: ======'machine_var_audits_shots_center_rollover_shot'====== Args={'value': 299, 'prev_value': None, 'change': True}
2025-10-13 18:01:30,765 : INFO : EventManager : Event: ======'machine_var_audits_shots_jets'====== Args={'value': 761, 'prev_value': None, 'change': True}
2025-10-13 18:01:30,766 : INFO : EventManager : Event: ======'machine_var_audits_shots_left_rollover'====== Args={'value': 36, 'prev_value': None, 'change': True}
2025-10-13 18:01:30,766 : INFO : EventManager : Event: ======'machine_var_audits_shots_left_rollover_shot'====== Args={'value': 243, 'prev_value': None, 'change': True}
2025-10-13 18:01:30,766 : INFO : EventManager : Event: ======'machine_var_audits_shots_left_scoop_shot'====== Args={'value': 28, 'prev_value': None, 'change': True}
2025-10-13 18:01:30,766 : INFO : EventManager : Event: ======'machine_var_audits_shots_middle_inlane_shot'====== Args={'value': 20, 'prev_value': None, 'change': True}
2025-10-13 18:01:30,767 : INFO : EventManager : Event: ======'machine_var_audits_shots_my_first_shot'====== Args={'value': 95, 'prev_value': None, 'change': True}
2025-10-13 18:01:30,767 : INFO : EventManager : Event: ======'machine_var_audits_shots_right_inlane_shot'====== Args={'value': 62, 'prev_value': None, 'change': True}
2025-10-13 18:01:30,767 : INFO : EventManager : Event: ======'machine_var_audits_shots_right_rollover'====== Args={'value': 41, 'prev_value': None, 'change': True}
2025-10-13 18:01:30,767 : INFO : EventManager : Event: ======'machine_var_audits_shots_right_rollover_shot'====== Args={'value': 326, 'prev_value': None, 'change': True}
2025-10-13 18:01:30,768 : INFO : EventManager : Event: ======'machine_var_audits_shots_right_scoop_shot'====== Args={'value': 47, 'prev_value': None, 'change': True}
2025-10-13 18:01:30,768 : INFO : EventManager : Event: ======'machine_var_audits_shots_right_standup'====== Args={'value': 24, 'prev_value': None, 'change': True}
2025-10-13 18:01:30,768 : INFO : EventManager : Event: ======'machine_var_audits_shots_standup_1_skill'====== Args={'value': 45, 'prev_value': None, 'change': True}
2025-10-13 18:01:30,768 : INFO : EventManager : Event: ======'machine_var_audits_shots_standup_2_skill'====== Args={'value': 24, 'prev_value': None, 'change': True}
2025-10-13 18:01:30,768 : INFO : EventManager : Event: ======'machine_var_audits_shots_standup_3_skill'====== Args={'value': 10, 'prev_value': None, 'change': True}
2025-10-13 18:01:30,769 : INFO : EventManager : Event: ======'machine_var_audits_shots_standup_4_skill'====== Args={'value': 8, 'prev_value': None, 'change': True}
2025-10-13 18:01:30,769 : INFO : EventManager : Event: ======'machine_var_audits_shots_standup_5_skill'====== Args={'value': 4, 'prev_value': None, 'change': True}
2025-10-13 18:01:30,769 : INFO : EventManager : Event: ======'machine_var_audits_shots_standup_6_skill'====== Args={'value': 2, 'prev_value': None, 'change': True}
2025-10-13 18:01:30,769 : INFO : EventManager : Event: ======'machine_var_audits_shots_top_middle_inlane_shot'====== Args={'value': 41, 'prev_value': None, 'change': True}
2025-10-13 18:01:30,770 : INFO : EventManager : Event: ======'machine_var_audits_switches_s_A'====== Args={'value': 0, 'prev_value': None, 'change': True}
2025-10-13 18:01:30,770 : INFO : EventManager : Event: ======'machine_var_audits_switches_s_E'====== Args={'value': 143, 'prev_value': None, 'change': True}
2025-10-13 18:01:30,770 : INFO : EventManager : Event: ======'machine_var_audits_switches_s_Eb'====== Args={'value': 0, 'prev_value': None, 'change': True}
2025-10-13 18:01:30,770 : INFO : EventManager : Event: ======'machine_var_audits_switches_s_I'====== Args={'value': 138, 'prev_value': None, 'change': True}
2025-10-13 18:01:30,770 : INFO : EventManager : Event: ======'machine_var_audits_switches_s_L'====== Args={'value': 0, 'prev_value': None, 'change': True}
2025-10-13 18:01:30,771 : INFO : EventManager : Event: ======'machine_var_audits_switches_s_M'====== Args={'value': 138, 'prev_value': None, 'change': True}
2025-10-13 18:01:30,771 : INFO : EventManager : Event: ======'machine_var_audits_switches_s_R'====== Args={'value': 0, 'prev_value': None, 'change': True}
2025-10-13 18:01:30,771 : INFO : EventManager : Event: ======'machine_var_audits_switches_s_T'====== Args={'value': 142, 'prev_value': None, 'change': True}
2025-10-13 18:01:30,772 : INFO : EventManager : Event: ======'machine_var_audits_switches_s_Tb'====== Args={'value': 0, 'prev_value': None, 'change': True}
2025-10-13 18:01:30,772 : INFO : EventManager : Event: ======'machine_var_audits_switches_s_V'====== Args={'value': 0, 'prev_value': None, 'change': True}
2025-10-13 18:01:30,772 : INFO : EventManager : Event: ======'machine_var_audits_switches_s_bumper1'====== Args={'value': 199, 'prev_value': None, 'change': True}
2025-10-13 18:01:30,773 : INFO : EventManager : Event: ======'machine_var_audits_switches_s_bumper2'====== Args={'value': 625, 'prev_value': None, 'change': True}
2025-10-13 18:01:30,773 : INFO : EventManager : Event: ======'machine_var_audits_switches_s_bumper_1'====== Args={'value': 0, 'prev_value': None, 'change': True}
2025-10-13 18:01:30,773 : INFO : EventManager : Event: ======'machine_var_audits_switches_s_bumper_2'====== Args={'value': 0, 'prev_value': None, 'change': True}
2025-10-13 18:01:30,774 : INFO : EventManager : Event: ======'machine_var_audits_switches_s_center_center_target'====== Args={'value': 4, 'prev_value': None, 'change': True}
2025-10-13 18:01:30,774 : INFO : EventManager : Event: ======'machine_var_audits_switches_s_center_rollover'====== Args={'value': 308, 'prev_value': None, 'change': True}
2025-10-13 18:01:30,774 : INFO : EventManager : Event: ======'machine_var_audits_switches_s_center_scoop'====== Args={'value': 2, 'prev_value': None, 'change': True}
2025-10-13 18:01:30,775 : INFO : EventManager : Event: ======'machine_var_audits_switches_s_launcher_lane_spinner'====== Args={'value': 0, 'prev_value': None, 'change': True}
2025-10-13 18:01:30,775 : INFO : EventManager : Event: ======'machine_var_audits_switches_s_left_center_target'====== Args={'value': 5, 'prev_value': None, 'change': True}
2025-10-13 18:01:30,776 : INFO : EventManager : Event: ======'machine_var_audits_switches_s_left_corridor_spinner'====== Args={'value': 0, 'prev_value': None, 'change': True}
2025-10-13 18:01:30,776 : INFO : EventManager : Event: ======'machine_var_audits_switches_s_left_corridor_spinner2'====== Args={'value': 0, 'prev_value': None, 'change': True}
2025-10-13 18:01:30,776 : INFO : EventManager : Event: ======'machine_var_audits_switches_s_left_flipper'====== Args={'value': 330, 'prev_value': None, 'change': True}
2025-10-13 18:01:30,777 : INFO : EventManager : Event: ======'machine_var_audits_switches_s_left_inlane'====== Args={'value': 8, 'prev_value': None, 'change': True}
2025-10-13 18:01:30,778 : INFO : EventManager : Event: ======'machine_var_audits_switches_s_left_outlane'====== Args={'value': 3, 'prev_value': None, 'change': True}
2025-10-13 18:01:30,778 : INFO : EventManager : Event: ======'machine_var_audits_switches_s_left_rollover'====== Args={'value': 251, 'prev_value': None, 'change': True}
2025-10-13 18:01:30,778 : INFO : EventManager : Event: ======'machine_var_audits_switches_s_left_scoop'====== Args={'value': 228, 'prev_value': None, 'change': True}
2025-10-13 18:01:30,778 : INFO : EventManager : Event: ======'machine_var_audits_switches_s_left_standup'====== Args={'value': 0, 'prev_value': None, 'change': True}
2025-10-13 18:01:30,779 : INFO : EventManager : Event: ======'machine_var_audits_switches_s_middle_inlane'====== Args={'value': 20, 'prev_value': None, 'change': True}
2025-10-13 18:01:30,779 : INFO : EventManager : Event: ======'machine_var_audits_switches_s_plunger'====== Args={'value': 424, 'prev_value': None, 'change': True}
2025-10-13 18:01:30,779 : INFO : EventManager : Event: ======'machine_var_audits_switches_s_right_center_target'====== Args={'value': 8, 'prev_value': None, 'change': True}
2025-10-13 18:01:30,780 : INFO : EventManager : Event: ======'machine_var_audits_switches_s_right_corridor_spinner'====== Args={'value': 9, 'prev_value': None, 'change': True}
2025-10-13 18:01:30,780 : INFO : EventManager : Event: ======'machine_var_audits_switches_s_right_flipper'====== Args={'value': 146, 'prev_value': None, 'change': True}
2025-10-13 18:01:30,781 : INFO : EventManager : Event: ======'machine_var_audits_switches_s_right_inlane'====== Args={'value': 189, 'prev_value': None, 'change': True}
2025-10-13 18:01:30,781 : INFO : EventManager : Event: ======'machine_var_audits_switches_s_right_outlane'====== Args={'value': 4, 'prev_value': None, 'change': True}
2025-10-13 18:01:30,782 : INFO : EventManager : Event: ======'machine_var_audits_switches_s_right_rollover'====== Args={'value': 335, 'prev_value': None, 'change': True}
2025-10-13 18:01:30,782 : INFO : EventManager : Event: ======'machine_var_audits_switches_s_right_scoop'====== Args={'value': 64, 'prev_value': None, 'change': True}
2025-10-13 18:01:30,782 : INFO : EventManager : Event: ======'machine_var_audits_switches_s_right_standup'====== Args={'value': 129, 'prev_value': None, 'change': True}
2025-10-13 18:01:30,783 : INFO : EventManager : Event: ======'machine_var_audits_switches_s_sling_left'====== Args={'value': 3, 'prev_value': None, 'change': True}
2025-10-13 18:01:30,784 : INFO : EventManager : Event: ======'machine_var_audits_switches_s_sling_right'====== Args={'value': 8, 'prev_value': None, 'change': True}
2025-10-13 18:01:30,784 : INFO : EventManager : Event: ======'machine_var_audits_switches_s_standup_1'====== Args={'value': 95, 'prev_value': None, 'change': True}
2025-10-13 18:01:30,784 : INFO : EventManager : Event: ======'machine_var_audits_switches_s_standup_2'====== Args={'value': 55, 'prev_value': None, 'change': True}
2025-10-13 18:01:30,784 : INFO : EventManager : Event: ======'machine_var_audits_switches_s_standup_3'====== Args={'value': 52, 'prev_value': None, 'change': True}
2025-10-13 18:01:30,785 : INFO : EventManager : Event: ======'machine_var_audits_switches_s_standup_4'====== Args={'value': 35, 'prev_value': None, 'change': True}
2025-10-13 18:01:30,785 : INFO : EventManager : Event: ======'machine_var_audits_switches_s_standup_5'====== Args={'value': 33, 'prev_value': None, 'change': True}
2025-10-13 18:01:30,785 : INFO : EventManager : Event: ======'machine_var_audits_switches_s_standup_6'====== Args={'value': 22, 'prev_value': None, 'change': True}
2025-10-13 18:01:30,786 : INFO : EventManager : Event: ======'machine_var_audits_switches_s_start'====== Args={'value': 16, 'prev_value': None, 'change': True}
2025-10-13 18:01:30,786 : INFO : EventManager : Event: ======'machine_var_audits_switches_s_top_left_standup'====== Args={'value': 8, 'prev_value': None, 'change': True}
2025-10-13 18:01:30,786 : INFO : EventManager : Event: ======'machine_var_audits_switches_s_top_left_standup2'====== Args={'value': 15, 'prev_value': None, 'change': True}
2025-10-13 18:01:30,787 : INFO : EventManager : Event: ======'machine_var_audits_switches_s_top_middle_inlane'====== Args={'value': 41, 'prev_value': None, 'change': True}
2025-10-13 18:01:30,787 : INFO : EventManager : Event: ======'machine_var_audits_switches_s_trough1'====== Args={'value': 264, 'prev_value': None, 'change': True}
2025-10-13 18:01:30,787 : INFO : EventManager : Event: ======'machine_var_audits_switches_s_trough2'====== Args={'value': 0, 'prev_value': None, 'change': True}
2025-10-13 18:01:30,788 : INFO : EventManager : Event: ======'machine_var_audits_switches_s_trough3'====== Args={'value': 0, 'prev_value': None, 'change': True}
2025-10-13 18:01:30,788 : INFO : EventManager : Event: ======'machine_var_audits_switches_s_trough4'====== Args={'value': 0, 'prev_value': None, 'change': True}
2025-10-13 18:01:30,789 : INFO : EventManager : Event: ======'machine_var_audits_switches_s_trough5'====== Args={'value': 0, 'prev_value': None, 'change': True}
2025-10-13 18:01:30,789 : INFO : EventManager : Event: ======'machine_var_audits_switches_s_trough6'====== Args={'value': 0, 'prev_value': None, 'change': True}
2025-10-13 18:01:30,790 : INFO : EventManager : Event: ======'machine_var_audits_switches_s_trough_jam'====== Args={'value': 0, 'prev_value': None, 'change': True}
2025-10-13 18:01:30,791 : INFO : EventManager : Event: ======'init_phase_5'====== Args={}
2025-10-13 18:01:30,876 : INFO : EventManager : Event: ======'init_done'====== Args={}
2025-10-13 18:01:30,876 : INFO : EventManager : Event: ======'machine_reset_phase_1'====== Args={}
2025-10-13 18:01:30,885 : INFO : EventManager : Event: ======'machine_reset_phase_2'====== Args={}
2025-10-13 18:01:30,886 : INFO : EventManager : Event: ======'machine_reset_phase_3'====== Args={}
2025-10-13 18:01:30,886 : INFO : drop_target_bank.TIME : All targets are already up. Will not reset bank.
2025-10-13 18:01:30,886 : INFO : drop_target_bank.TRAVEL : All targets are already up. Will not reset bank.
2025-10-13 18:01:30,886 : INFO : EventManager : Event: ======'reset_complete'====== Args={}
2025-10-13 18:01:30,886 : INFO : EventManager : Event: ======'mode_attract_will_start'====== Args={}
2025-10-13 18:01:30,886 : INFO : EventManager : Event: ======'mode_attract_starting'====== Args={}
2025-10-13 18:01:30,886 : INFO : Mode.attract : Started. Priority: 10
2025-10-13 18:01:30,886 : INFO : EventManager : Event: ======'modes_active_modes_changed'====== Args={}
2025-10-13 18:01:30,886 : INFO : EventManager : Event: ======'mode_attract_started'====== Args={}
2025-10-13 18:01:30,887 : INFO : EventManager : Event: ======'collecting_balls_complete'====== Args={}
2025-10-13 18:01:30,958 : INFO : EventManager : Event: ======'slide_awesome_slide_created'====== Args={'_from_bcp': True}
2025-10-13 18:01:30,958 : INFO : EventManager : Event: ======'slide_awesome_slide_active'====== Args={'_from_bcp': True}
2025-10-13 18:01:30,958 : INFO : Machine : Starting the main run loop.
2025-10-13 18:01:31,093 : INFO : BcpServer : New client connected.
2025-10-13 18:01:33,890 : INFO : EventManager : Event: ======'slide_press_start_created'====== Args={'_from_bcp': True}
2025-10-13 18:01:33,891 : INFO : EventManager : Event: ======'slide_press_start_active'====== Args={'_from_bcp': True}
2025-10-13 18:01:36,881 : INFO : EventManager : Event: ======'slide_mission_pinball_created'====== Args={'_from_bcp': True}
2025-10-13 18:01:36,882 : INFO : EventManager : Event: ======'slide_mission_pinball_active'====== Args={'_from_bcp': True}
2025-10-13 18:01:39,884 : INFO : EventManager : Event: ======'slide_last_game_score_slide_created'====== Args={'_from_bcp': True}
2025-10-13 18:01:39,888 : INFO : EventManager : Event: ======'slide_last_game_score_slide_active'====== Args={'_from_bcp': True}
2025-10-13 18:01:41,524 : INFO : SwitchController : <<<<<<< 's_start' active >>>>>>>
2025-10-13 18:01:41,610 : INFO : SwitchController : <<<<<<< 's_start' inactive >>>>>>>
2025-10-13 18:01:41,610 : INFO : EventManager : Event: ======'request_to_start_game'====== Args={}
2025-10-13 18:01:41,610 : INFO : EventManager : Event: ======'game_start'====== Args={'buttons': [], 'hold_time': 0.07800000000133878}
2025-10-13 18:01:41,611 : INFO : EventManager : Event: ======'mode_game_will_start'====== Args={'buttons': [], 'hold_time': 0.07800000000133878}
2025-10-13 18:01:41,611 : INFO : EventManager : Event: ======'mode_game_starting'====== Args={'buttons': [], 'hold_time': 0.07800000000133878}
2025-10-13 18:01:41,611 : INFO : EventManager : Event: ======'mode_attract_will_stop'====== Args={}
2025-10-13 18:01:41,611 : INFO : EventManager : Event: ======'mode_attract_stopping'====== Args={}
2025-10-13 18:01:41,612 : INFO : Mode.attract : Stopped.
2025-10-13 18:01:41,612 : INFO : EventManager : Event: ======'modes_active_modes_changed'====== Args={}
2025-10-13 18:01:41,612 : INFO : EventManager : Event: ======'mode_attract_stopped'====== Args={}
2025-10-13 18:01:41,612 : INFO : EventManager : Event: ======'clear'====== Args={'key': 'attract'}
2025-10-13 18:01:41,613 : INFO : Mode.game : Started. Priority: 20
2025-10-13 18:01:41,613 : INFO : EventManager : Event: ======'modes_active_modes_changed'====== Args={}
2025-10-13 18:01:41,613 : INFO : EventManager : Event: ======'mode_game_started'====== Args={'buttons': [], 'hold_time': 0.07800000000133878}
2025-10-13 18:01:41,627 : INFO : EventManager : Event: ======'game_will_start'====== Args={}
2025-10-13 18:01:41,628 : INFO : EventManager : Event: ======'game_starting'====== Args={'game': <Mode.game>}
2025-10-13 18:01:41,629 : INFO : EventManager : Unordered handler for class <Auditor> on event game_ended with priority 1. Handlers: [RegisteredHandler(callback=<bound method Auditor.disable of <Auditor>>, priority=1, kwargs={}, key=UUID('ed752718-3410-4a8e-8835-cff5251f2361'), condition=None, blocking_facility=None), RegisteredHandler(callback=<bound method Auditor._save_audits of <Auditor>>, priority=1, kwargs={}, key=UUID('edf32148-8979-4de0-ae71-e44dc874f84e'), condition=None, blocking_facility=None)]. The order of those handlers is not defined and they will be executed in random order. This might lead to race conditions and potential bugs.
2025-10-13 18:01:41,629 : INFO : EventManager : Event: ======'player_add_request'====== Args={}
2025-10-13 18:01:41,630 : INFO : EventManager : Event: ======'player_will_add'====== Args={'number': 1}
2025-10-13 18:01:41,630 : INFO : EventManager : Event: ======'player_adding'====== Args={'player': <Player 1>, 'number': 1}
2025-10-13 18:01:41,630 : INFO : EventManager : Event: ======'player_added'====== Args={'player': <Player 1>, 'num': 1}
2025-10-13 18:01:41,630 : INFO : Mode.game : Player added successfully. Total players: 1
2025-10-13 18:01:41,631 : INFO : EventManager : Event: ======'player_index'====== Args={'value': 0, 'prev_value': 0, 'change': 0, 'player_num': 1}
2025-10-13 18:01:41,631 : INFO : EventManager : Event: ======'player_number'====== Args={'value': 1, 'prev_value': 1, 'change': 0, 'player_num': 1}
2025-10-13 18:01:41,631 : INFO : EventManager : Event: ======'player_sj_active'====== Args={'value': 0, 'prev_value': 0, 'change': 0, 'player_num': 1}
2025-10-13 18:01:41,631 : INFO : EventManager : Event: ======'player_score'====== Args={'value': 0, 'prev_value': 0, 'change': 0, 'player_num': 1}
2025-10-13 18:01:41,633 : INFO : EventManager : Event: ======'game_started'====== Args={}
2025-10-13 18:01:41,656 : INFO : EventManager : Event: ======'player_turn_will_start'====== Args={'player': <Player 1>, 'number': 1}
2025-10-13 18:01:41,657 : INFO : EventManager : Event: ======'slide_awesome_slide_removed'====== Args={'_from_bcp': True}
2025-10-13 18:01:41,657 : INFO : EventManager : Event: ======'slide_press_start_removed'====== Args={'_from_bcp': True}
2025-10-13 18:01:41,658 : INFO : EventManager : Event: ======'slide_mission_pinball_removed'====== Args={'_from_bcp': True}
2025-10-13 18:01:41,658 : INFO : EventManager : Event: ======'slide_last_game_score_slide_removed'====== Args={'_from_bcp': True}
2025-10-13 18:01:41,658 : INFO : EventManager : Event: ======'slide_window_blank_active'====== Args={'_from_bcp': True}
2025-10-13 18:01:41,658 : INFO : EventManager : Event: ======'player_turn_starting'====== Args={'player': <Player 1>, 'number': 1}
2025-10-13 18:01:41,659 : INFO : EventManager : Event: ======'player_ball'====== Args={'value': 1, 'prev_value': 0, 'change': 1, 'player_num': 1}
2025-10-13 18:01:41,659 : INFO : EventManager : Event: ======'player_turn_started'====== Args={'player': <Player 1>, 'number': 1}
2025-10-13 18:01:41,660 : INFO : EventManager : Event: ======'ball_will_start'====== Args={'player': 1, 'ball': 1, 'balls_remaining': 2, 'is_extra_ball': False}
2025-10-13 18:01:41,665 : INFO : EventManager : Event: ======'ball_starting'====== Args={'player': 1, 'ball': 1, 'balls_remaining': 2, 'is_extra_ball': False}
2025-10-13 18:01:41,666 : INFO : EventManager : Event: ======'mode_special_setup_will_start'====== Args={'queue': <QueuedEvent>, 'player': 1, 'ball': 1, 'balls_remaining': 2, 'is_extra_ball': False}
2025-10-13 18:01:41,667 : INFO : EventManager : Event: ======'mode_special_setup_starting'====== Args={'queue': <QueuedEvent>, 'player': 1, 'ball': 1, 'balls_remaining': 2, 'is_extra_ball': False}
2025-10-13 18:01:41,667 : INFO : EventManager : Event: ======'mode_super_jets_setup_will_start'====== Args={'queue': <QueuedEvent>, 'player': 1, 'ball': 1, 'balls_remaining': 2, 'is_extra_ball': False}
2025-10-13 18:01:41,667 : INFO : EventManager : Event: ======'player_shot_jets_enabled'====== Args={'value': True, 'prev_value': 0, 'change': 1, 'player_num': 1}
2025-10-13 18:01:41,668 : INFO : EventManager : Event: ======'mode_super_jets_setup_starting'====== Args={'queue': <QueuedEvent>, 'player': 1, 'ball': 1, 'balls_remaining': 2, 'is_extra_ball': False}
2025-10-13 18:01:41,668 : INFO : drop_target_bank.TIME : All targets are already up. Will not reset bank.
2025-10-13 18:01:41,668 : INFO : drop_target_bank.TRAVEL : All targets are already up. Will not reset bank.
2025-10-13 18:01:41,669 : INFO : EventManager : Event: ======'balls_in_play'====== Args={'balls': 1}
2025-10-13 18:01:41,669 : INFO : EventManager : Event: ======'ball_started'====== Args={'player': 1, 'ball': 1, 'balls_remaining': 2, 'is_extra_ball': False}
2025-10-13 18:01:41,669 : INFO : EventManager : Event: ======'logicblock_special_count_updated'====== Args={'value': 0, 'enabled': True}
2025-10-13 18:01:41,669 : INFO : EventManager : Event: ======'logicblock_special_count_updated'====== Args={'value': 0, 'enabled': True}
2025-10-13 18:01:41,670 : INFO : Mode.special_setup : Started. Priority: 400
2025-10-13 18:01:41,670 : INFO : EventManager : Event: ======'modes_active_modes_changed'====== Args={}
2025-10-13 18:01:41,670 : INFO : EventManager : Event: ======'mode_special_setup_started'====== Args={'queue': <QueuedEvent>, 'player': 1, 'ball': 1, 'balls_remaining': 2, 'is_extra_ball': False}
2025-10-13 18:01:41,670 : INFO : EventManager : Event: ======'logicblock_lb_jets_count_updated'====== Args={'value': 0, 'enabled': True}
2025-10-13 18:01:41,670 : INFO : EventManager : Event: ======'logicblock_lb_rollover_complete_count_updated'====== Args={'value': 0, 'enabled': True}
2025-10-13 18:01:41,670 : INFO : EventManager : Event: ======'logicblock_lb_jets_count_updated'====== Args={'value': 0, 'enabled': True}
2025-10-13 18:01:41,670 : INFO : EventManager : Event: ======'logicblock_lb_jets_resume_updated'====== Args={'value': 0, 'enabled': False}
2025-10-13 18:01:41,670 : INFO : EventManager : Event: ======'logicblock_lb_rollover_complete_count_updated'====== Args={'value': 0, 'enabled': True}
2025-10-13 18:01:41,671 : INFO : Mode.super_jets_setup : Started. Priority: 200
2025-10-13 18:01:41,671 : INFO : EventManager : Event: ======'modes_active_modes_changed'====== Args={}
2025-10-13 18:01:41,671 : INFO : EventManager : Event: ======'mode_super_jets_setup_started'====== Args={'queue': <QueuedEvent>, 'player': 1, 'ball': 1, 'balls_remaining': 2, 'is_extra_ball': False}
2025-10-13 18:01:41,671 : INFO : EventManager : Event: ======'mode_base_will_start'====== Args={'player': 1, 'ball': 1, 'balls_remaining': 2, 'is_extra_ball': False}
2025-10-13 18:01:41,671 : INFO : EventManager : Event: ======'player_shot_left_rollover_shot_enabled'====== Args={'value': True, 'prev_value': 0, 'change': 1, 'player_num': 1}
2025-10-13 18:01:41,672 : INFO : EventManager : Event: ======'player_shot_center_rollover_shot_enabled'====== Args={'value': True, 'prev_value': 0, 'change': 1, 'player_num': 1}
2025-10-13 18:01:41,672 : INFO : EventManager : Event: ======'player_shot_right_rollover_shot_enabled'====== Args={'value': True, 'prev_value': 0, 'change': 1, 'player_num': 1}
2025-10-13 18:01:41,673 : INFO : EventManager : Event: ======'player_shot_right_scoop_shot_enabled'====== Args={'value': True, 'prev_value': 0, 'change': 1, 'player_num': 1}
2025-10-13 18:01:41,673 : INFO : EventManager : Event: ======'player_shot_T_enabled'====== Args={'value': True, 'prev_value': 0, 'change': 1, 'player_num': 1}
2025-10-13 18:01:41,674 : INFO : EventManager : Event: ======'player_shot_I_enabled'====== Args={'value': True, 'prev_value': 0, 'change': 1, 'player_num': 1}
2025-10-13 18:01:41,674 : INFO : EventManager : Event: ======'player_shot_M_enabled'====== Args={'value': True, 'prev_value': 0, 'change': 1, 'player_num': 1}
2025-10-13 18:01:41,674 : INFO : EventManager : Event: ======'player_shot_E_enabled'====== Args={'value': True, 'prev_value': 0, 'change': 1, 'player_num': 1}
2025-10-13 18:01:41,675 : INFO : EventManager : Event: ======'player_shot_Tb_enabled'====== Args={'value': True, 'prev_value': 0, 'change': 1, 'player_num': 1}
2025-10-13 18:01:41,675 : INFO : EventManager : Event: ======'player_shot_R_enabled'====== Args={'value': True, 'prev_value': 0, 'change': 1, 'player_num': 1}
2025-10-13 18:01:41,676 : INFO : EventManager : Event: ======'player_shot_A_enabled'====== Args={'value': True, 'prev_value': 0, 'change': 1, 'player_num': 1}
2025-10-13 18:01:41,676 : INFO : EventManager : Event: ======'player_shot_V_enabled'====== Args={'value': True, 'prev_value': 0, 'change': 1, 'player_num': 1}
2025-10-13 18:01:41,677 : INFO : EventManager : Event: ======'player_shot_Eb_enabled'====== Args={'value': True, 'prev_value': 0, 'change': 1, 'player_num': 1}
2025-10-13 18:01:41,677 : INFO : EventManager : Event: ======'player_shot_L_enabled'====== Args={'value': True, 'prev_value': 0, 'change': 1, 'player_num': 1}
2025-10-13 18:01:41,677 : INFO : EventManager : Event: ======'player_shot_bumper1_shot_enabled'====== Args={'value': True, 'prev_value': 0, 'change': 1, 'player_num': 1}
2025-10-13 18:01:41,678 : INFO : EventManager : Event: ======'player_shot_bumper2_shot_enabled'====== Args={'value': True, 'prev_value': 0, 'change': 1, 'player_num': 1}
2025-10-13 18:01:41,678 : INFO : EventManager : Event: ======'player_shot_right_inlane_shot_enabled'====== Args={'value': True, 'prev_value': 0, 'change': 1, 'player_num': 1}
2025-10-13 18:01:41,679 : INFO : EventManager : Event: ======'rollover_lanes_complete'====== Args={'state': 'unlit'}
2025-10-13 18:01:41,679 : INFO : EventManager : Event: ======'rollover_lanes_unlit_complete'====== Args={}
2025-10-13 18:01:41,679 : INFO : EventManager : Event: ======'TIME_droptargets_complete'====== Args={'state': 'unlit'}
2025-10-13 18:01:41,679 : INFO : EventManager : Event: ======'TIME_droptargets_unlit_complete'====== Args={}
2025-10-13 18:01:41,680 : INFO : EventManager : Event: ======'TRAVEL_droptargets_complete'====== Args={'state': 'unlit'}
2025-10-13 18:01:41,680 : INFO : EventManager : Event: ======'TRAVEL_droptargets_unlit_complete'====== Args={}
2025-10-13 18:01:41,683 : INFO : EventManager : Event: ======'mode_base_starting'====== Args={'player': 1, 'ball': 1, 'balls_remaining': 2, 'is_extra_ball': False}
2025-10-13 18:01:41,685 : INFO : EventManager : Event: ======'logicblock_my_counter_updated'====== Args={'value': 0, 'enabled': True}
2025-10-13 18:01:41,685 : INFO : EventManager : Event: ======'logicblock_my_counter_updated'====== Args={'value': 0, 'enabled': True}
2025-10-13 18:01:41,685 : INFO : Mode.base : Started. Priority: 100
2025-10-13 18:01:41,685 : INFO : EventManager : Event: ======'modes_active_modes_changed'====== Args={}
2025-10-13 18:01:41,685 : INFO : EventManager : Event: ======'mode_base_started'====== Args={'player': 1, 'ball': 1, 'balls_remaining': 2, 'is_extra_ball': False}
2025-10-13 18:01:41,686 : INFO : EventManager : Event: ======'single_player_ball_started'====== Args={}
2025-10-13 18:01:41,757 : INFO : EventManager : Event: ======'ball_start_target'====== Args={'target': 'playfield'}
2025-10-13 18:01:41,822 : INFO : ball_device.bd_plunger : Setting up player-controlled eject. Balls: 1, Target: <playfield.playfield>, player_controlled_eject_event: None
2025-10-13 18:01:41,823 : INFO : EventManager : Event: ======'balldevice_balls_available'====== Args={}
2025-10-13 18:01:41,823 : INFO : EventManager : Event: ======'slide_base.slide_player-mode_base_started_created'====== Args={'_from_bcp': True}
2025-10-13 18:01:41,824 : INFO : ball_device.bd_trough : State: waiting_for_target_ready
2025-10-13 18:01:41,824 : INFO : EventManager : Event: ======'balldevice_bd_trough_ball_eject_attempt'====== Args={'balls': 1, 'target': <ball_device.bd_plunger>, 'source': <ball_device.bd_trough>, 'mechanical_eject': True, 'num_attempts': 0}
2025-10-13 18:01:41,824 : INFO : ball_device.bd_plunger : State: waiting_for_ball
2025-10-13 18:01:41,825 : INFO : ball_device.bd_trough : State: ejecting
2025-10-13 18:01:41,825 : INFO : ball_device.bd_trough : Ejecting ball to <ball_device.bd_plunger>
2025-10-13 18:01:41,825 : INFO : EventManager : Event: ======'balldevice_bd_trough_ejecting_ball'====== Args={'balls': 1, 'target': <ball_device.bd_plunger>, 'source': <ball_device.bd_trough>, 'mechanical_eject': True, 'num_attempts': 0}
2025-10-13 18:01:41,826 : INFO : ball_device.bd_trough : Wait for ball to leave device
2025-10-13 18:01:41,826 : INFO : coil.c_trough_eject : Pulsing Driver for 20ms (1.0 pulse_power)
2025-10-13 18:01:41,826 : INFO : SwitchController : <<<<<<< 's_trough1' inactive >>>>>>>
2025-10-13 18:01:41,841 : INFO : ball_device.bd_trough : State: ball_left
2025-10-13 18:01:41,842 : INFO : ball_device.bd_trough : Ball left
2025-10-13 18:01:41,842 : INFO : ball_device.bd_trough : Wait for confirm with timeout 3.0
2025-10-13 18:01:41,857 : INFO : EventManager : Event: ======'slide_base.slide_player-mode_base_started_active'====== Args={'_from_bcp': True}
2025-10-13 18:01:41,921 : INFO : SwitchController : <<<<<<< 's_plunger' active >>>>>>>
2025-10-13 18:01:41,921 : INFO : EventManager : Event: ======'machine_var_audits_switches_s_plunger'====== Args={'value': 425, 'prev_value': 424, 'change': 1}
2025-10-13 18:01:42,412 : INFO : ball_device.bd_plunger : Received ball from <ball_device.bd_trough>
2025-10-13 18:01:42,412 : INFO : EventManager : Event: ======'balldevice_bd_plunger_ball_enter'====== Args={'new_balls': 1, 'unclaimed_balls': 0, 'new_available_balls': 0, 'device': <ball_device.bd_plunger>}
2025-10-13 18:01:42,413 : INFO : EventManager : Event: ======'balldevice_bd_plunger_ball_entered'====== Args={'new_balls': 0, 'device': <ball_device.bd_plunger>}
2025-10-13 18:01:42,414 : INFO : EventManager : Event: ======'balldevice_bd_plunger_ball_count_changed'====== Args={'balls': 1}
2025-10-13 18:01:42,415 : INFO : ball_device.bd_trough : Got eject confirm
2025-10-13 18:01:42,415 : INFO : ball_device.bd_trough : Eject successful
2025-10-13 18:01:42,415 : INFO : EventManager : Event: ======'balldevice_bd_trough_ball_eject_success'====== Args={'balls': 1, 'target': <ball_device.bd_plunger>}
2025-10-13 18:01:42,416 : INFO : EventManager : Event: ======'balldevice_bd_trough_ball_count_changed'====== Args={'balls': 5}
2025-10-13 18:01:42,416 : INFO : ball_device.bd_trough : State: idle
2025-10-13 18:01:42,417 : INFO : ball_device.bd_plunger : State: waiting_for_target_ready
2025-10-13 18:01:42,417 : INFO : EventManager : Event: ======'balldevice_bd_plunger_ball_eject_attempt'====== Args={'balls': 1, 'target': <playfield.playfield>, 'source': <ball_device.bd_plunger>, 'mechanical_eject': True, 'num_attempts': 0}
2025-10-13 18:01:42,418 : INFO : ball_device.bd_plunger : State: ejecting
2025-10-13 18:01:42,419 : INFO : ball_device.bd_plunger : Ejecting ball to <playfield.playfield>
2025-10-13 18:01:42,419 : INFO : EventManager : Event: ======'balldevice_bd_plunger_ejecting_ball'====== Args={'balls': 1, 'target': <playfield.playfield>, 'source': <ball_device.bd_plunger>, 'mechanical_eject': True, 'num_attempts': 0}
2025-10-13 18:01:42,421 : INFO : ball_device.bd_plunger : Wait for ball to leave device
2025-10-13 18:01:44,087 : WARNING : SwitchController : Received duplicate switch state 1 for switch s_plunger from the platform interface. Log Code: Log-SwitchController-1 (https://missionpinball.org/logs)
2025-10-13 18:01:44,175 : INFO : SwitchController : <<<<<<< 's_plunger' inactive >>>>>>>
2025-10-13 18:01:44,223 : INFO : ball_device.bd_plunger : State: ball_left
2025-10-13 18:01:44,223 : INFO : ball_device.bd_plunger : Ball left
2025-10-13 18:01:44,224 : INFO : ball_device.bd_plunger : Wait for confirm with timeout 5.0
2025-10-13 18:01:49,219 : INFO : ball_device.bd_plunger : State: failed_confirm
2025-10-13 18:01:49,221 : INFO : ball_device.bd_plunger : Got timeout (5.0s) before confirm from <playfield.playfield>
2025-10-13 18:01:49,324 : INFO : ball_device.bd_plunger : Confirming eject because target is playfield and ball did not return.
2025-10-13 18:01:49,324 : INFO : ball_device.bd_plunger : Eject successful
2025-10-13 18:01:49,324 : INFO : EventManager : Event: ======'balldevice_bd_plunger_ball_eject_success'====== Args={'balls': 1, 'target': <playfield.playfield>}
2025-10-13 18:01:49,325 : INFO : EventManager : Event: ======'balldevice_playfield_ball_enter'====== Args={'new_balls': 1, 'unclaimed_balls': 1, 'device': <playfield.playfield>}
2025-10-13 18:01:49,325 : INFO : EventManager : Event: ======'playfield_ball_count_change'====== Args={'balls': 1, 'change': 1}
2025-10-13 18:01:49,326 : INFO : EventManager : Event: ======'balldevice_bd_plunger_ball_count_changed'====== Args={'balls': 0}
2025-10-13 18:01:49,327 : INFO : ball_device.bd_plunger : State: idle
2025-10-13 18:01:53,448 : INFO : SwitchController : <<<<<<< 's_standup_1' active >>>>>>>
2025-10-13 18:01:53,448 : INFO : EventManager : Event: ======'s_standup_1_active'====== Args={}
2025-10-13 18:01:53,449 : INFO : EventManager : Event: ======'drop_target_s_standup_1_down'====== Args={'device': <drop_target.s_standup_1>}
2025-10-13 18:01:53,450 : INFO : EventManager : Event: ======'drop_target_bank_TRAVEL_mixed'====== Args={'prev_value': <DropTargetBankState.UP: 'up'>, 'down': 1}
2025-10-13 18:01:53,451 : INFO : EventManager : Event: ======'machine_var_audits_switches_s_standup_1'====== Args={'value': 96, 'prev_value': 95, 'change': 1}
2025-10-13 18:01:53,455 : INFO : EventManager : Event: ======'player_shot_Tb'====== Args={'value': 1, 'prev_value': 0, 'change': 1, 'player_num': 1}
2025-10-13 18:01:53,457 : INFO : EventManager : Event: ======'machine_var_audits_shots_Tb'====== Args={'value': 12, 'prev_value': 11, 'change': 1}
2025-10-13 18:01:53,458 : INFO : EventManager : Event: ======'Tb_hit'====== Args={'profile': 'default', 'state': 'unlit', 'advancing': True}
2025-10-13 18:01:53,459 : INFO : EventManager : Event: ======'Tb_default_hit'====== Args={'profile': 'default', 'state': 'unlit', 'advancing': True}
2025-10-13 18:01:53,459 : INFO : EventManager : Event: ======'Tb_default_unlit_hit'====== Args={'profile': 'default', 'state': 'unlit', 'advancing': True}
2025-10-13 18:01:53,459 : INFO : EventManager : Event: ======'Tb_unlit_hit'====== Args={'profile': 'default', 'state': 'unlit', 'advancing': True}
2025-10-13 18:01:53,460 : INFO : EventManager : Event: ======'TRAVEL_droptargets_hit'====== Args={}
2025-10-13 18:01:53,460 : INFO : EventManager : Event: ======'TRAVEL_droptargets_unlit_hit'====== Args={}
2025-10-13 18:01:53,460 : INFO : EventManager : Event: ======'player_score'====== Args={'value': 500, 'prev_value': 0, 'change': 500, 'player_num': 1, 'source': 'base'}
2025-10-13 18:01:53,597 : INFO : SwitchController : <<<<<<< 's_standup_1' inactive >>>>>>>
2025-10-13 18:01:53,598 : INFO : EventManager : Event: ======'drop_target_s_standup_1_up'====== Args={'device': <drop_target.s_standup_1>}
2025-10-13 18:01:53,598 : INFO : EventManager : Event: ======'drop_target_bank_TRAVEL_up'====== Args={}
2025-10-13 18:01:54,160 : INFO : SwitchController : <<<<<<< 's_standup_2' active >>>>>>>
2025-10-13 18:01:54,160 : INFO : EventManager : Event: ======'s_standup_2_active'====== Args={}
2025-10-13 18:01:54,160 : INFO : EventManager : Event: ======'drop_target_s_standup_2_down'====== Args={'device': <drop_target.s_standup_2>}
2025-10-13 18:01:54,162 : INFO : EventManager : Event: ======'drop_target_bank_TRAVEL_mixed'====== Args={'prev_value': <DropTargetBankState.UP: 'up'>, 'down': 1}
2025-10-13 18:01:54,162 : INFO : EventManager : Event: ======'machine_var_audits_switches_s_standup_2'====== Args={'value': 56, 'prev_value': 55, 'change': 1}
2025-10-13 18:01:54,164 : INFO : EventManager : Event: ======'player_shot_R'====== Args={'value': 1, 'prev_value': 0, 'change': 1, 'player_num': 1}
2025-10-13 18:01:54,166 : INFO : EventManager : Event: ======'machine_var_audits_shots_R'====== Args={'value': 13, 'prev_value': 12, 'change': 1}
2025-10-13 18:01:54,167 : INFO : EventManager : Event: ======'R_hit'====== Args={'profile': 'default', 'state': 'unlit', 'advancing': True}
2025-10-13 18:01:54,168 : INFO : EventManager : Event: ======'R_default_hit'====== Args={'profile': 'default', 'state': 'unlit', 'advancing': True}
2025-10-13 18:01:54,168 : INFO : EventManager : Event: ======'R_default_unlit_hit'====== Args={'profile': 'default', 'state': 'unlit', 'advancing': True}
2025-10-13 18:01:54,168 : INFO : EventManager : Event: ======'R_unlit_hit'====== Args={'profile': 'default', 'state': 'unlit', 'advancing': True}
2025-10-13 18:01:54,168 : INFO : EventManager : Event: ======'TRAVEL_droptargets_hit'====== Args={}
2025-10-13 18:01:54,169 : INFO : EventManager : Event: ======'TRAVEL_droptargets_unlit_hit'====== Args={}
2025-10-13 18:01:54,170 : INFO : EventManager : Event: ======'player_score'====== Args={'value': 1000, 'prev_value': 500, 'change': 500, 'player_num': 1, 'source': 'base'}
2025-10-13 18:01:54,293 : INFO : SwitchController : <<<<<<< 's_standup_2' inactive >>>>>>>
2025-10-13 18:01:54,293 : INFO : EventManager : Event: ======'drop_target_s_standup_2_up'====== Args={'device': <drop_target.s_standup_2>}
2025-10-13 18:01:54,294 : INFO : EventManager : Event: ======'drop_target_bank_TRAVEL_up'====== Args={}
2025-10-13 18:01:55,098 : INFO : SwitchController : <<<<<<< 's_standup_3' active >>>>>>>
2025-10-13 18:01:55,098 : INFO : EventManager : Event: ======'s_standup_3_active'====== Args={}
2025-10-13 18:01:55,099 : INFO : EventManager : Event: ======'drop_target_s_standup_3_down'====== Args={'device': <drop_target.s_standup_3>}
2025-10-13 18:01:55,101 : INFO : EventManager : Event: ======'drop_target_bank_TRAVEL_mixed'====== Args={'prev_value': <DropTargetBankState.UP: 'up'>, 'down': 1}
2025-10-13 18:01:55,102 : INFO : EventManager : Event: ======'machine_var_audits_switches_s_standup_3'====== Args={'value': 53, 'prev_value': 52, 'change': 1}
2025-10-13 18:01:55,107 : INFO : EventManager : Event: ======'player_shot_A'====== Args={'value': 1, 'prev_value': 0, 'change': 1, 'player_num': 1}
2025-10-13 18:01:55,109 : INFO : EventManager : Event: ======'machine_var_audits_shots_A'====== Args={'value': 11, 'prev_value': 10, 'change': 1}
2025-10-13 18:01:55,111 : INFO : EventManager : Event: ======'A_hit'====== Args={'profile': 'default', 'state': 'unlit', 'advancing': True}
2025-10-13 18:01:55,111 : INFO : EventManager : Event: ======'A_default_hit'====== Args={'profile': 'default', 'state': 'unlit', 'advancing': True}
2025-10-13 18:01:55,112 : INFO : EventManager : Event: ======'A_default_unlit_hit'====== Args={'profile': 'default', 'state': 'unlit', 'advancing': True}
2025-10-13 18:01:55,112 : INFO : EventManager : Event: ======'A_unlit_hit'====== Args={'profile': 'default', 'state': 'unlit', 'advancing': True}
2025-10-13 18:01:55,113 : INFO : EventManager : Event: ======'TRAVEL_droptargets_hit'====== Args={}
2025-10-13 18:01:55,114 : INFO : EventManager : Event: ======'TRAVEL_droptargets_unlit_hit'====== Args={}
2025-10-13 18:01:55,114 : INFO : EventManager : Event: ======'player_score'====== Args={'value': 1500, 'prev_value': 1000, 'change': 500, 'player_num': 1, 'source': 'base'}
2025-10-13 18:01:55,257 : INFO : SwitchController : <<<<<<< 's_standup_3' inactive >>>>>>>
2025-10-13 18:01:55,258 : INFO : EventManager : Event: ======'drop_target_s_standup_3_up'====== Args={'device': <drop_target.s_standup_3>}
2025-10-13 18:01:55,258 : INFO : EventManager : Event: ======'drop_target_bank_TRAVEL_up'====== Args={}
2025-10-13 18:01:55,962 : INFO : SwitchController : <<<<<<< 's_standup_4' active >>>>>>>
2025-10-13 18:01:55,962 : INFO : EventManager : Event: ======'s_standup_4_active'====== Args={}
2025-10-13 18:01:55,963 : INFO : EventManager : Event: ======'drop_target_s_standup_4_down'====== Args={'device': <drop_target.s_standup_4>}
2025-10-13 18:01:55,964 : INFO : EventManager : Event: ======'drop_target_bank_TRAVEL_mixed'====== Args={'prev_value': <DropTargetBankState.UP: 'up'>, 'down': 1}
2025-10-13 18:01:55,965 : INFO : EventManager : Event: ======'machine_var_audits_switches_s_standup_4'====== Args={'value': 36, 'prev_value': 35, 'change': 1}
2025-10-13 18:01:55,969 : INFO : EventManager : Event: ======'player_shot_V'====== Args={'value': 1, 'prev_value': 0, 'change': 1, 'player_num': 1}
2025-10-13 18:01:55,971 : INFO : EventManager : Event: ======'machine_var_audits_shots_V'====== Args={'value': 11, 'prev_value': 10, 'change': 1}
2025-10-13 18:01:55,975 : INFO : EventManager : Event: ======'V_hit'====== Args={'profile': 'default', 'state': 'unlit', 'advancing': True}
2025-10-13 18:01:55,976 : INFO : EventManager : Event: ======'V_default_hit'====== Args={'profile': 'default', 'state': 'unlit', 'advancing': True}
2025-10-13 18:01:55,977 : INFO : EventManager : Event: ======'V_default_unlit_hit'====== Args={'profile': 'default', 'state': 'unlit', 'advancing': True}
2025-10-13 18:01:55,977 : INFO : EventManager : Event: ======'V_unlit_hit'====== Args={'profile': 'default', 'state': 'unlit', 'advancing': True}
2025-10-13 18:01:55,978 : INFO : EventManager : Event: ======'TRAVEL_droptargets_hit'====== Args={}
2025-10-13 18:01:55,979 : INFO : EventManager : Event: ======'TRAVEL_droptargets_unlit_hit'====== Args={}
2025-10-13 18:01:55,979 : INFO : EventManager : Event: ======'player_score'====== Args={'value': 2000, 'prev_value': 1500, 'change': 500, 'player_num': 1, 'source': 'base'}
2025-10-13 18:01:56,104 : INFO : SwitchController : <<<<<<< 's_standup_4' inactive >>>>>>>
2025-10-13 18:01:56,104 : INFO : EventManager : Event: ======'drop_target_s_standup_4_up'====== Args={'device': <drop_target.s_standup_4>}
2025-10-13 18:01:56,105 : INFO : EventManager : Event: ======'drop_target_bank_TRAVEL_up'====== Args={}
2025-10-13 18:01:56,786 : INFO : SwitchController : <<<<<<< 's_standup_5' active >>>>>>>
2025-10-13 18:01:56,786 : INFO : EventManager : Event: ======'s_standup_5_active'====== Args={}
2025-10-13 18:01:56,787 : INFO : EventManager : Event: ======'drop_target_s_standup_5_down'====== Args={'device': <drop_target.s_standup_5>}
2025-10-13 18:01:56,789 : INFO : EventManager : Event: ======'drop_target_bank_TRAVEL_mixed'====== Args={'prev_value': <DropTargetBankState.UP: 'up'>, 'down': 1}
2025-10-13 18:01:56,789 : INFO : EventManager : Event: ======'machine_var_audits_switches_s_standup_5'====== Args={'value': 34, 'prev_value': 33, 'change': 1}
2025-10-13 18:01:56,792 : INFO : EventManager : Event: ======'player_shot_Eb'====== Args={'value': 1, 'prev_value': 0, 'change': 1, 'player_num': 1}
2025-10-13 18:01:56,794 : INFO : EventManager : Event: ======'machine_var_audits_shots_Eb'====== Args={'value': 11, 'prev_value': 10, 'change': 1}
2025-10-13 18:01:56,797 : INFO : EventManager : Event: ======'Eb_hit'====== Args={'profile': 'default', 'state': 'unlit', 'advancing': True}
2025-10-13 18:01:56,798 : INFO : EventManager : Event: ======'Eb_default_hit'====== Args={'profile': 'default', 'state': 'unlit', 'advancing': True}
2025-10-13 18:01:56,799 : INFO : EventManager : Event: ======'Eb_default_unlit_hit'====== Args={'profile': 'default', 'state': 'unlit', 'advancing': True}
2025-10-13 18:01:56,799 : INFO : EventManager : Event: ======'Eb_unlit_hit'====== Args={'profile': 'default', 'state': 'unlit', 'advancing': True}
2025-10-13 18:01:56,799 : INFO : EventManager : Event: ======'TRAVEL_droptargets_hit'====== Args={}
2025-10-13 18:01:56,800 : INFO : EventManager : Event: ======'TRAVEL_droptargets_unlit_hit'====== Args={}
2025-10-13 18:01:56,800 : INFO : EventManager : Event: ======'player_score'====== Args={'value': 2500, 'prev_value': 2000, 'change': 500, 'player_num': 1, 'source': 'base'}
2025-10-13 18:01:56,954 : INFO : SwitchController : <<<<<<< 's_standup_5' inactive >>>>>>>
2025-10-13 18:01:56,955 : INFO : EventManager : Event: ======'drop_target_s_standup_5_up'====== Args={'device': <drop_target.s_standup_5>}
2025-10-13 18:01:56,955 : INFO : EventManager : Event: ======'drop_target_bank_TRAVEL_up'====== Args={}
2025-10-13 18:01:57,594 : INFO : SwitchController : <<<<<<< 's_standup_6' active >>>>>>>
2025-10-13 18:01:57,594 : INFO : EventManager : Event: ======'s_standup_6_active'====== Args={}
2025-10-13 18:01:57,595 : INFO : EventManager : Event: ======'drop_target_s_standup_6_down'====== Args={'device': <drop_target.s_standup_6>}
2025-10-13 18:01:57,597 : INFO : EventManager : Event: ======'drop_target_bank_TRAVEL_mixed'====== Args={'prev_value': <DropTargetBankState.UP: 'up'>, 'down': 1}
2025-10-13 18:01:57,597 : INFO : EventManager : Event: ======'machine_var_audits_switches_s_standup_6'====== Args={'value': 23, 'prev_value': 22, 'change': 1}
2025-10-13 18:01:57,602 : INFO : EventManager : Event: ======'player_shot_L'====== Args={'value': 1, 'prev_value': 0, 'change': 1, 'player_num': 1}
2025-10-13 18:01:57,604 : INFO : EventManager : Event: ======'machine_var_audits_shots_L'====== Args={'value': 11, 'prev_value': 10, 'change': 1}
2025-10-13 18:01:57,607 : INFO : EventManager : Event: ======'L_hit'====== Args={'profile': 'default', 'state': 'unlit', 'advancing': True}
2025-10-13 18:01:57,608 : INFO : EventManager : Event: ======'L_default_hit'====== Args={'profile': 'default', 'state': 'unlit', 'advancing': True}
2025-10-13 18:01:57,609 : INFO : EventManager : Event: ======'L_default_unlit_hit'====== Args={'profile': 'default', 'state': 'unlit', 'advancing': True}
2025-10-13 18:01:57,609 : INFO : EventManager : Event: ======'L_unlit_hit'====== Args={'profile': 'default', 'state': 'unlit', 'advancing': True}
2025-10-13 18:01:57,610 : INFO : EventManager : Event: ======'TRAVEL_droptargets_complete'====== Args={'state': 'lit'}
2025-10-13 18:01:57,610 : INFO : EventManager : Event: ======'TRAVEL_droptargets_lit_complete'====== Args={}
2025-10-13 18:01:57,611 : INFO : EventManager : Event: ======'player_shot_Tb'====== Args={'value': 0, 'prev_value': 1, 'change': -1, 'player_num': 1}
2025-10-13 18:01:57,614 : INFO : EventManager : Event: ======'player_shot_R'====== Args={'value': 0, 'prev_value': 1, 'change': -1, 'player_num': 1}
2025-10-13 18:01:57,615 : INFO : EventManager : Event: ======'player_shot_A'====== Args={'value': 0, 'prev_value': 1, 'change': -1, 'player_num': 1}
2025-10-13 18:01:57,617 : INFO : EventManager : Event: ======'player_shot_V'====== Args={'value': 0, 'prev_value': 1, 'change': -1, 'player_num': 1}
2025-10-13 18:01:57,619 : INFO : EventManager : Event: ======'player_shot_Eb'====== Args={'value': 0, 'prev_value': 1, 'change': -1, 'player_num': 1}
2025-10-13 18:01:57,622 : INFO : EventManager : Event: ======'player_shot_L'====== Args={'value': 0, 'prev_value': 1, 'change': -1, 'player_num': 1}
2025-10-13 18:01:57,625 : INFO : EventManager : Event: ======'player_score'====== Args={'value': 402500, 'prev_value': 2500, 'change': 400000, 'player_num': 1, 'source': 'base'}
2025-10-13 18:01:57,626 : INFO : EventManager : Event: ======'TRAVEL_droptargets_complete'====== Args={'state': 'unlit'}
2025-10-13 18:01:57,627 : INFO : EventManager : Event: ======'TRAVEL_droptargets_unlit_complete'====== Args={}
2025-10-13 18:01:57,644 : INFO : EventManager : Event: ======'TRAVEL_droptargets_hit'====== Args={}
2025-10-13 18:01:57,644 : INFO : EventManager : Event: ======'TRAVEL_droptargets_unlit_hit'====== Args={}
2025-10-13 18:01:57,644 : INFO : EventManager : Event: ======'player_score'====== Args={'value': 403000, 'prev_value': 402500, 'change': 500, 'player_num': 1, 'source': 'base'}
2025-10-13 18:01:57,742 : INFO : SwitchController : <<<<<<< 's_standup_6' inactive >>>>>>>
2025-10-13 18:01:57,742 : INFO : EventManager : Event: ======'drop_target_s_standup_6_up'====== Args={'device': <drop_target.s_standup_6>}
2025-10-13 18:01:57,743 : INFO : EventManager : Event: ======'drop_target_bank_TRAVEL_up'====== Args={}
2025-10-13 18:02:00,537 : INFO : SwitchController : <<<<<<< 's_standup_1' active >>>>>>>
2025-10-13 18:02:00,538 : INFO : EventManager : Event: ======'s_standup_1_active'====== Args={}
2025-10-13 18:02:00,538 : INFO : EventManager : Event: ======'drop_target_s_standup_1_down'====== Args={'device': <drop_target.s_standup_1>}
2025-10-13 18:02:00,539 : INFO : EventManager : Event: ======'drop_target_bank_TRAVEL_mixed'====== Args={'prev_value': <DropTargetBankState.UP: 'up'>, 'down': 1}
2025-10-13 18:02:00,540 : INFO : EventManager : Event: ======'machine_var_audits_switches_s_standup_1'====== Args={'value': 97, 'prev_value': 96, 'change': 1}
2025-10-13 18:02:00,543 : INFO : EventManager : Event: ======'player_shot_Tb'====== Args={'value': 1, 'prev_value': 0, 'change': 1, 'player_num': 1}
2025-10-13 18:02:00,544 : INFO : EventManager : Event: ======'machine_var_audits_shots_Tb'====== Args={'value': 13, 'prev_value': 12, 'change': 1}
2025-10-13 18:02:00,545 : INFO : EventManager : Event: ======'Tb_hit'====== Args={'profile': 'default', 'state': 'unlit', 'advancing': True}
2025-10-13 18:02:00,546 : INFO : EventManager : Event: ======'Tb_default_hit'====== Args={'profile': 'default', 'state': 'unlit', 'advancing': True}
2025-10-13 18:02:00,546 : INFO : EventManager : Event: ======'Tb_default_unlit_hit'====== Args={'profile': 'default', 'state': 'unlit', 'advancing': True}
2025-10-13 18:02:00,546 : INFO : EventManager : Event: ======'Tb_unlit_hit'====== Args={'profile': 'default', 'state': 'unlit', 'advancing': True}
2025-10-13 18:02:00,550 : INFO : EventManager : Event: ======'TRAVEL_droptargets_hit'====== Args={}
2025-10-13 18:02:00,550 : INFO : EventManager : Event: ======'TRAVEL_droptargets_unlit_hit'====== Args={}
2025-10-13 18:02:00,551 : INFO : EventManager : Event: ======'player_score'====== Args={'value': 403500, 'prev_value': 403000, 'change': 500, 'player_num': 1, 'source': 'base'}
2025-10-13 18:02:00,673 : INFO : SwitchController : <<<<<<< 's_standup_1' inactive >>>>>>>
2025-10-13 18:02:00,673 : INFO : EventManager : Event: ======'drop_target_s_standup_1_up'====== Args={'device': <drop_target.s_standup_1>}
2025-10-13 18:02:00,673 : INFO : EventManager : Event: ======'drop_target_bank_TRAVEL_up'====== Args={}
2025-10-13 18:02:01,130 : INFO : SwitchController : <<<<<<< 's_standup_2' active >>>>>>>
2025-10-13 18:02:01,130 : INFO : EventManager : Event: ======'s_standup_2_active'====== Args={}
2025-10-13 18:02:01,132 : INFO : EventManager : Event: ======'drop_target_s_standup_2_down'====== Args={'device': <drop_target.s_standup_2>}
2025-10-13 18:02:01,133 : INFO : EventManager : Event: ======'drop_target_bank_TRAVEL_mixed'====== Args={'prev_value': <DropTargetBankState.UP: 'up'>, 'down': 1}
2025-10-13 18:02:01,134 : INFO : EventManager : Event: ======'machine_var_audits_switches_s_standup_2'====== Args={'value': 57, 'prev_value': 56, 'change': 1}
2025-10-13 18:02:01,138 : INFO : EventManager : Event: ======'player_shot_R'====== Args={'value': 1, 'prev_value': 0, 'change': 1, 'player_num': 1}
2025-10-13 18:02:01,139 : INFO : EventManager : Event: ======'machine_var_audits_shots_R'====== Args={'value': 14, 'prev_value': 13, 'change': 1}
2025-10-13 18:02:01,141 : INFO : EventManager : Event: ======'R_hit'====== Args={'profile': 'default', 'state': 'unlit', 'advancing': True}
2025-10-13 18:02:01,142 : INFO : EventManager : Event: ======'R_default_hit'====== Args={'profile': 'default', 'state': 'unlit', 'advancing': True}
2025-10-13 18:02:01,143 : INFO : EventManager : Event: ======'R_default_unlit_hit'====== Args={'profile': 'default', 'state': 'unlit', 'advancing': True}
2025-10-13 18:02:01,144 : INFO : EventManager : Event: ======'R_unlit_hit'====== Args={'profile': 'default', 'state': 'unlit', 'advancing': True}
2025-10-13 18:02:01,149 : INFO : EventManager : Event: ======'TRAVEL_droptargets_hit'====== Args={}
2025-10-13 18:02:01,150 : INFO : EventManager : Event: ======'TRAVEL_droptargets_unlit_hit'====== Args={}
2025-10-13 18:02:01,151 : INFO : EventManager : Event: ======'player_score'====== Args={'value': 404000, 'prev_value': 403500, 'change': 500, 'player_num': 1, 'source': 'base'}
2025-10-13 18:02:01,287 : INFO : SwitchController : <<<<<<< 's_standup_2' inactive >>>>>>>
2025-10-13 18:02:01,287 : INFO : EventManager : Event: ======'drop_target_s_standup_2_up'====== Args={'device': <drop_target.s_standup_2>}
2025-10-13 18:02:01,287 : INFO : EventManager : Event: ======'drop_target_bank_TRAVEL_up'====== Args={}
2025-10-13 18:02:01,761 : INFO : SwitchController : <<<<<<< 's_standup_3' active >>>>>>>
2025-10-13 18:02:01,762 : INFO : EventManager : Event: ======'s_standup_3_active'====== Args={}
2025-10-13 18:02:01,763 : INFO : EventManager : Event: ======'drop_target_s_standup_3_down'====== Args={'device': <drop_target.s_standup_3>}
2025-10-13 18:02:01,764 : INFO : EventManager : Event: ======'drop_target_bank_TRAVEL_mixed'====== Args={'prev_value': <DropTargetBankState.UP: 'up'>, 'down': 1}
2025-10-13 18:02:01,765 : INFO : EventManager : Event: ======'machine_var_audits_switches_s_standup_3'====== Args={'value': 54, 'prev_value': 53, 'change': 1}
2025-10-13 18:02:01,769 : INFO : EventManager : Event: ======'player_shot_A'====== Args={'value': 1, 'prev_value': 0, 'change': 1, 'player_num': 1}
2025-10-13 18:02:01,771 : INFO : EventManager : Event: ======'machine_var_audits_shots_A'====== Args={'value': 12, 'prev_value': 11, 'change': 1}
2025-10-13 18:02:01,773 : INFO : EventManager : Event: ======'A_hit'====== Args={'profile': 'default', 'state': 'unlit', 'advancing': True}
2025-10-13 18:02:01,774 : INFO : EventManager : Event: ======'A_default_hit'====== Args={'profile': 'default', 'state': 'unlit', 'advancing': True}
2025-10-13 18:02:01,775 : INFO : EventManager : Event: ======'A_default_unlit_hit'====== Args={'profile': 'default', 'state': 'unlit', 'advancing': True}
2025-10-13 18:02:01,775 : INFO : EventManager : Event: ======'A_unlit_hit'====== Args={'profile': 'default', 'state': 'unlit', 'advancing': True}
2025-10-13 18:02:01,781 : INFO : EventManager : Event: ======'TRAVEL_droptargets_hit'====== Args={}
2025-10-13 18:02:01,782 : INFO : EventManager : Event: ======'TRAVEL_droptargets_unlit_hit'====== Args={}
2025-10-13 18:02:01,782 : INFO : EventManager : Event: ======'player_score'====== Args={'value': 404500, 'prev_value': 404000, 'change': 500, 'player_num': 1, 'source': 'base'}
2025-10-13 18:02:01,904 : INFO : SwitchController : <<<<<<< 's_standup_3' inactive >>>>>>>
2025-10-13 18:02:01,904 : INFO : EventManager : Event: ======'drop_target_s_standup_3_up'====== Args={'device': <drop_target.s_standup_3>}
2025-10-13 18:02:01,905 : INFO : EventManager : Event: ======'drop_target_bank_TRAVEL_up'====== Args={}
2025-10-13 18:02:02,543 : INFO : SwitchController : <<<<<<< 's_standup_4' active >>>>>>>
2025-10-13 18:02:02,544 : INFO : EventManager : Event: ======'s_standup_4_active'====== Args={}
2025-10-13 18:02:02,544 : INFO : EventManager : Event: ======'drop_target_s_standup_4_down'====== Args={'device': <drop_target.s_standup_4>}
2025-10-13 18:02:02,545 : INFO : EventManager : Event: ======'drop_target_bank_TRAVEL_mixed'====== Args={'prev_value': <DropTargetBankState.UP: 'up'>, 'down': 1}
2025-10-13 18:02:02,546 : INFO : EventManager : Event: ======'machine_var_audits_switches_s_standup_4'====== Args={'value': 37, 'prev_value': 36, 'change': 1}
2025-10-13 18:02:02,548 : INFO : EventManager : Event: ======'player_shot_V'====== Args={'value': 1, 'prev_value': 0, 'change': 1, 'player_num': 1}
2025-10-13 18:02:02,549 : INFO : EventManager : Event: ======'machine_var_audits_shots_V'====== Args={'value': 12, 'prev_value': 11, 'change': 1}
2025-10-13 18:02:02,551 : INFO : EventManager : Event: ======'V_hit'====== Args={'profile': 'default', 'state': 'unlit', 'advancing': True}
2025-10-13 18:02:02,552 : INFO : EventManager : Event: ======'V_default_hit'====== Args={'profile': 'default', 'state': 'unlit', 'advancing': True}
2025-10-13 18:02:02,552 : INFO : EventManager : Event: ======'V_default_unlit_hit'====== Args={'profile': 'default', 'state': 'unlit', 'advancing': True}
2025-10-13 18:02:02,552 : INFO : EventManager : Event: ======'V_unlit_hit'====== Args={'profile': 'default', 'state': 'unlit', 'advancing': True}
2025-10-13 18:02:02,557 : INFO : EventManager : Event: ======'TRAVEL_droptargets_hit'====== Args={}
2025-10-13 18:02:02,557 : INFO : EventManager : Event: ======'TRAVEL_droptargets_unlit_hit'====== Args={}
2025-10-13 18:02:02,557 : INFO : EventManager : Event: ======'player_score'====== Args={'value': 405000, 'prev_value': 404500, 'change': 500, 'player_num': 1, 'source': 'base'}
2025-10-13 18:02:02,683 : INFO : SwitchController : <<<<<<< 's_standup_4' inactive >>>>>>>
2025-10-13 18:02:02,684 : INFO : EventManager : Event: ======'drop_target_s_standup_4_up'====== Args={'device': <drop_target.s_standup_4>}
2025-10-13 18:02:02,684 : INFO : EventManager : Event: ======'drop_target_bank_TRAVEL_up'====== Args={}
2025-10-13 18:02:03,257 : INFO : SwitchController : <<<<<<< 's_standup_5' active >>>>>>>
2025-10-13 18:02:03,258 : INFO : EventManager : Event: ======'s_standup_5_active'====== Args={}
2025-10-13 18:02:03,259 : INFO : EventManager : Event: ======'drop_target_s_standup_5_down'====== Args={'device': <drop_target.s_standup_5>}
2025-10-13 18:02:03,260 : INFO : EventManager : Event: ======'drop_target_bank_TRAVEL_mixed'====== Args={'prev_value': <DropTargetBankState.UP: 'up'>, 'down': 1}
2025-10-13 18:02:03,261 : INFO : EventManager : Event: ======'machine_var_audits_switches_s_standup_5'====== Args={'value': 35, 'prev_value': 34, 'change': 1}
2025-10-13 18:02:03,265 : INFO : EventManager : Event: ======'player_shot_Eb'====== Args={'value': 1, 'prev_value': 0, 'change': 1, 'player_num': 1}
2025-10-13 18:02:03,267 : INFO : EventManager : Event: ======'machine_var_audits_shots_Eb'====== Args={'value': 12, 'prev_value': 11, 'change': 1}
2025-10-13 18:02:03,270 : INFO : EventManager : Event: ======'Eb_hit'====== Args={'profile': 'default', 'state': 'unlit', 'advancing': True}
2025-10-13 18:02:03,271 : INFO : EventManager : Event: ======'Eb_default_hit'====== Args={'profile': 'default', 'state': 'unlit', 'advancing': True}
2025-10-13 18:02:03,272 : INFO : EventManager : Event: ======'Eb_default_unlit_hit'====== Args={'profile': 'default', 'state': 'unlit', 'advancing': True}
2025-10-13 18:02:03,273 : INFO : EventManager : Event: ======'Eb_unlit_hit'====== Args={'profile': 'default', 'state': 'unlit', 'advancing': True}
2025-10-13 18:02:03,279 : INFO : EventManager : Event: ======'TRAVEL_droptargets_hit'====== Args={}
2025-10-13 18:02:03,280 : INFO : EventManager : Event: ======'TRAVEL_droptargets_unlit_hit'====== Args={}
2025-10-13 18:02:03,281 : INFO : EventManager : Event: ======'player_score'====== Args={'value': 405500, 'prev_value': 405000, 'change': 500, 'player_num': 1, 'source': 'base'}
2025-10-13 18:02:03,411 : INFO : SwitchController : <<<<<<< 's_standup_5' inactive >>>>>>>
2025-10-13 18:02:03,412 : INFO : EventManager : Event: ======'drop_target_s_standup_5_up'====== Args={'device': <drop_target.s_standup_5>}
2025-10-13 18:02:03,412 : INFO : EventManager : Event: ======'drop_target_bank_TRAVEL_up'====== Args={}
2025-10-13 18:02:03,873 : INFO : SwitchController : <<<<<<< 's_standup_6' active >>>>>>>
2025-10-13 18:02:03,874 : INFO : EventManager : Event: ======'s_standup_6_active'====== Args={}
2025-10-13 18:02:03,874 : INFO : EventManager : Event: ======'drop_target_s_standup_6_down'====== Args={'device': <drop_target.s_standup_6>}
2025-10-13 18:02:03,876 : INFO : EventManager : Event: ======'drop_target_bank_TRAVEL_mixed'====== Args={'prev_value': <DropTargetBankState.UP: 'up'>, 'down': 1}
2025-10-13 18:02:03,877 : INFO : EventManager : Event: ======'machine_var_audits_switches_s_standup_6'====== Args={'value': 24, 'prev_value': 23, 'change': 1}
2025-10-13 18:02:03,881 : INFO : EventManager : Event: ======'player_shot_L'====== Args={'value': 1, 'prev_value': 0, 'change': 1, 'player_num': 1}
2025-10-13 18:02:03,882 : INFO : EventManager : Event: ======'machine_var_audits_shots_L'====== Args={'value': 12, 'prev_value': 11, 'change': 1}
2025-10-13 18:02:03,886 : INFO : EventManager : Event: ======'L_hit'====== Args={'profile': 'default', 'state': 'unlit', 'advancing': True}
2025-10-13 18:02:03,886 : INFO : EventManager : Event: ======'L_default_hit'====== Args={'profile': 'default', 'state': 'unlit', 'advancing': True}
2025-10-13 18:02:03,887 : INFO : EventManager : Event: ======'L_default_unlit_hit'====== Args={'profile': 'default', 'state': 'unlit', 'advancing': True}
2025-10-13 18:02:03,887 : INFO : EventManager : Event: ======'L_unlit_hit'====== Args={'profile': 'default', 'state': 'unlit', 'advancing': True}
2025-10-13 18:02:03,888 : INFO : EventManager : Event: ======'TRAVEL_droptargets_complete'====== Args={'state': 'lit'}
2025-10-13 18:02:03,889 : INFO : EventManager : Event: ======'TRAVEL_droptargets_lit_complete'====== Args={}
2025-10-13 18:02:03,895 : INFO : EventManager : Event: ======'player_shot_Tb'====== Args={'value': 0, 'prev_value': 1, 'change': -1, 'player_num': 1}
2025-10-13 18:02:03,897 : INFO : EventManager : Event: ======'player_shot_R'====== Args={'value': 0, 'prev_value': 1, 'change': -1, 'player_num': 1}
2025-10-13 18:02:03,899 : INFO : EventManager : Event: ======'player_shot_A'====== Args={'value': 0, 'prev_value': 1, 'change': -1, 'player_num': 1}
2025-10-13 18:02:03,900 : INFO : EventManager : Event: ======'player_shot_V'====== Args={'value': 0, 'prev_value': 1, 'change': -1, 'player_num': 1}
2025-10-13 18:02:03,901 : INFO : EventManager : Event: ======'player_shot_Eb'====== Args={'value': 0, 'prev_value': 1, 'change': -1, 'player_num': 1}
2025-10-13 18:02:03,902 : INFO : EventManager : Event: ======'player_shot_L'====== Args={'value': 0, 'prev_value': 1, 'change': -1, 'player_num': 1}
2025-10-13 18:02:03,904 : INFO : EventManager : Event: ======'player_score'====== Args={'value': 805500, 'prev_value': 405500, 'change': 400000, 'player_num': 1, 'source': 'base'}
2025-10-13 18:02:03,904 : INFO : EventManager : Event: ======'TRAVEL_droptargets_complete'====== Args={'state': 'unlit'}
2025-10-13 18:02:03,905 : INFO : EventManager : Event: ======'TRAVEL_droptargets_unlit_complete'====== Args={}
2025-10-13 18:02:03,919 : INFO : EventManager : Event: ======'TRAVEL_droptargets_hit'====== Args={}
2025-10-13 18:02:03,920 : INFO : EventManager : Event: ======'TRAVEL_droptargets_unlit_hit'====== Args={}
2025-10-13 18:02:03,920 : INFO : EventManager : Event: ======'player_score'====== Args={'value': 806000, 'prev_value': 805500, 'change': 500, 'player_num': 1, 'source': 'base'}
2025-10-13 18:02:04,014 : INFO : SwitchController : <<<<<<< 's_standup_6' inactive >>>>>>>
2025-10-13 18:02:04,014 : INFO : EventManager : Event: ======'drop_target_s_standup_6_up'====== Args={'device': <drop_target.s_standup_6>}
2025-10-13 18:02:04,014 : INFO : EventManager : Event: ======'drop_target_bank_TRAVEL_up'====== Args={}
2025-10-13 18:02:06,570 : INFO : SwitchController : <<<<<<< 's_standup_1' active >>>>>>>
2025-10-13 18:02:06,571 : INFO : EventManager : Event: ======'s_standup_1_active'====== Args={}
2025-10-13 18:02:06,571 : INFO : EventManager : Event: ======'drop_target_s_standup_1_down'====== Args={'device': <drop_target.s_standup_1>}
2025-10-13 18:02:06,574 : INFO : EventManager : Event: ======'drop_target_bank_TRAVEL_mixed'====== Args={'prev_value': <DropTargetBankState.UP: 'up'>, 'down': 1}
2025-10-13 18:02:06,575 : INFO : EventManager : Event: ======'machine_var_audits_switches_s_standup_1'====== Args={'value': 98, 'prev_value': 97, 'change': 1}
2025-10-13 18:02:06,580 : INFO : EventManager : Event: ======'player_shot_Tb'====== Args={'value': 1, 'prev_value': 0, 'change': 1, 'player_num': 1}
2025-10-13 18:02:06,582 : INFO : EventManager : Event: ======'machine_var_audits_shots_Tb'====== Args={'value': 14, 'prev_value': 13, 'change': 1}
2025-10-13 18:02:06,585 : INFO : EventManager : Event: ======'Tb_hit'====== Args={'profile': 'default', 'state': 'unlit', 'advancing': True}
2025-10-13 18:02:06,586 : INFO : EventManager : Event: ======'Tb_default_hit'====== Args={'profile': 'default', 'state': 'unlit', 'advancing': True}
2025-10-13 18:02:06,587 : INFO : EventManager : Event: ======'Tb_default_unlit_hit'====== Args={'profile': 'default', 'state': 'unlit', 'advancing': True}
2025-10-13 18:02:06,588 : INFO : EventManager : Event: ======'Tb_unlit_hit'====== Args={'profile': 'default', 'state': 'unlit', 'advancing': True}
2025-10-13 18:02:06,594 : INFO : EventManager : Event: ======'TRAVEL_droptargets_hit'====== Args={}
2025-10-13 18:02:06,595 : INFO : EventManager : Event: ======'TRAVEL_droptargets_unlit_hit'====== Args={}
2025-10-13 18:02:06,595 : INFO : EventManager : Event: ======'player_score'====== Args={'value': 806500, 'prev_value': 806000, 'change': 500, 'player_num': 1, 'source': 'base'}
2025-10-13 18:02:06,719 : INFO : SwitchController : <<<<<<< 's_standup_1' inactive >>>>>>>
2025-10-13 18:02:06,720 : INFO : EventManager : Event: ======'drop_target_s_standup_1_up'====== Args={'device': <drop_target.s_standup_1>}
2025-10-13 18:02:06,720 : INFO : EventManager : Event: ======'drop_target_bank_TRAVEL_up'====== Args={}
2025-10-13 18:02:07,920 : INFO : SwitchController : <<<<<<< 's_standup_2' active >>>>>>>
2025-10-13 18:02:07,920 : INFO : EventManager : Event: ======'s_standup_2_active'====== Args={}
2025-10-13 18:02:07,921 : INFO : EventManager : Event: ======'drop_target_s_standup_2_down'====== Args={'device': <drop_target.s_standup_2>}
2025-10-13 18:02:07,922 : INFO : EventManager : Event: ======'drop_target_bank_TRAVEL_mixed'====== Args={'prev_value': <DropTargetBankState.UP: 'up'>, 'down': 1}
2025-10-13 18:02:07,922 : INFO : EventManager : Event: ======'machine_var_audits_switches_s_standup_2'====== Args={'value': 58, 'prev_value': 57, 'change': 1}
2025-10-13 18:02:07,923 : INFO : EventManager : Event: ======'player_shot_R'====== Args={'value': 1, 'prev_value': 0, 'change': 1, 'player_num': 1}
2025-10-13 18:02:07,924 : INFO : EventManager : Event: ======'machine_var_audits_shots_R'====== Args={'value': 15, 'prev_value': 14, 'change': 1}
2025-10-13 18:02:07,924 : INFO : EventManager : Event: ======'R_hit'====== Args={'profile': 'default', 'state': 'unlit', 'advancing': True}
2025-10-13 18:02:07,925 : INFO : EventManager : Event: ======'R_default_hit'====== Args={'profile': 'default', 'state': 'unlit', 'advancing': True}
2025-10-13 18:02:07,925 : INFO : EventManager : Event: ======'R_default_unlit_hit'====== Args={'profile': 'default', 'state': 'unlit', 'advancing': True}
2025-10-13 18:02:07,925 : INFO : EventManager : Event: ======'R_unlit_hit'====== Args={'profile': 'default', 'state': 'unlit', 'advancing': True}
2025-10-13 18:02:07,926 : INFO : EventManager : Event: ======'TRAVEL_droptargets_hit'====== Args={}
2025-10-13 18:02:07,926 : INFO : EventManager : Event: ======'TRAVEL_droptargets_unlit_hit'====== Args={}
2025-10-13 18:02:07,926 : INFO : EventManager : Event: ======'player_score'====== Args={'value': 807000, 'prev_value': 806500, 'change': 500, 'player_num': 1, 'source': 'base'}
2025-10-13 18:02:08,038 : INFO : SwitchController : <<<<<<< 's_standup_2' inactive >>>>>>>
2025-10-13 18:02:08,038 : INFO : EventManager : Event: ======'drop_target_s_standup_2_up'====== Args={'device': <drop_target.s_standup_2>}
2025-10-13 18:02:08,038 : INFO : EventManager : Event: ======'drop_target_bank_TRAVEL_up'====== Args={}
2025-10-13 18:02:08,472 : INFO : SwitchController : <<<<<<< 's_standup_3' active >>>>>>>
2025-10-13 18:02:08,472 : INFO : EventManager : Event: ======'s_standup_3_active'====== Args={}
2025-10-13 18:02:08,473 : INFO : EventManager : Event: ======'drop_target_s_standup_3_down'====== Args={'device': <drop_target.s_standup_3>}
2025-10-13 18:02:08,474 : INFO : EventManager : Event: ======'drop_target_bank_TRAVEL_mixed'====== Args={'prev_value': <DropTargetBankState.UP: 'up'>, 'down': 1}
2025-10-13 18:02:08,475 : INFO : EventManager : Event: ======'machine_var_audits_switches_s_standup_3'====== Args={'value': 55, 'prev_value': 54, 'change': 1}
2025-10-13 18:02:08,477 : INFO : EventManager : Event: ======'player_shot_A'====== Args={'value': 1, 'prev_value': 0, 'change': 1, 'player_num': 1}
2025-10-13 18:02:08,479 : INFO : EventManager : Event: ======'machine_var_audits_shots_A'====== Args={'value': 13, 'prev_value': 12, 'change': 1}
2025-10-13 18:02:08,480 : INFO : EventManager : Event: ======'A_hit'====== Args={'profile': 'default', 'state': 'unlit', 'advancing': True}
2025-10-13 18:02:08,480 : INFO : EventManager : Event: ======'A_default_hit'====== Args={'profile': 'default', 'state': 'unlit', 'advancing': True}
2025-10-13 18:02:08,481 : INFO : EventManager : Event: ======'A_default_unlit_hit'====== Args={'profile': 'default', 'state': 'unlit', 'advancing': True}
2025-10-13 18:02:08,481 : INFO : EventManager : Event: ======'A_unlit_hit'====== Args={'profile': 'default', 'state': 'unlit', 'advancing': True}
2025-10-13 18:02:08,485 : INFO : EventManager : Event: ======'TRAVEL_droptargets_hit'====== Args={}
2025-10-13 18:02:08,486 : INFO : EventManager : Event: ======'TRAVEL_droptargets_unlit_hit'====== Args={}
2025-10-13 18:02:08,486 : INFO : EventManager : Event: ======'player_score'====== Args={'value': 807500, 'prev_value': 807000, 'change': 500, 'player_num': 1, 'source': 'base'}
2025-10-13 18:02:08,604 : INFO : SwitchController : <<<<<<< 's_standup_3' inactive >>>>>>>
2025-10-13 18:02:08,604 : INFO : EventManager : Event: ======'drop_target_s_standup_3_up'====== Args={'device': <drop_target.s_standup_3>}
2025-10-13 18:02:08,604 : INFO : EventManager : Event: ======'drop_target_bank_TRAVEL_up'====== Args={}
2025-10-13 18:02:08,983 : INFO : SwitchController : <<<<<<< 's_standup_4' active >>>>>>>
2025-10-13 18:02:08,983 : INFO : EventManager : Event: ======'s_standup_4_active'====== Args={}
2025-10-13 18:02:08,984 : INFO : EventManager : Event: ======'drop_target_s_standup_4_down'====== Args={'device': <drop_target.s_standup_4>}
2025-10-13 18:02:08,984 : INFO : EventManager : Event: ======'drop_target_bank_TRAVEL_mixed'====== Args={'prev_value': <DropTargetBankState.UP: 'up'>, 'down': 1}
2025-10-13 18:02:08,985 : INFO : EventManager : Event: ======'machine_var_audits_switches_s_standup_4'====== Args={'value': 38, 'prev_value': 37, 'change': 1}
2025-10-13 18:02:08,986 : INFO : EventManager : Event: ======'player_shot_V'====== Args={'value': 1, 'prev_value': 0, 'change': 1, 'player_num': 1}
2025-10-13 18:02:08,987 : INFO : EventManager : Event: ======'machine_var_audits_shots_V'====== Args={'value': 13, 'prev_value': 12, 'change': 1}
2025-10-13 18:02:08,988 : INFO : EventManager : Event: ======'V_hit'====== Args={'profile': 'default', 'state': 'unlit', 'advancing': True}
2025-10-13 18:02:08,989 : INFO : EventManager : Event: ======'V_default_hit'====== Args={'profile': 'default', 'state': 'unlit', 'advancing': True}
2025-10-13 18:02:08,989 : INFO : EventManager : Event: ======'V_default_unlit_hit'====== Args={'profile': 'default', 'state': 'unlit', 'advancing': True}
2025-10-13 18:02:08,989 : INFO : EventManager : Event: ======'V_unlit_hit'====== Args={'profile': 'default', 'state': 'unlit', 'advancing': True}
2025-10-13 18:02:08,991 : INFO : EventManager : Event: ======'TRAVEL_droptargets_hit'====== Args={}
2025-10-13 18:02:08,992 : INFO : EventManager : Event: ======'TRAVEL_droptargets_unlit_hit'====== Args={}
2025-10-13 18:02:08,992 : INFO : EventManager : Event: ======'player_score'====== Args={'value': 808000, 'prev_value': 807500, 'change': 500, 'player_num': 1, 'source': 'base'}
2025-10-13 18:02:09,093 : INFO : SwitchController : <<<<<<< 's_standup_4' inactive >>>>>>>
2025-10-13 18:02:09,093 : INFO : EventManager : Event: ======'drop_target_s_standup_4_up'====== Args={'device': <drop_target.s_standup_4>}
2025-10-13 18:02:09,093 : INFO : EventManager : Event: ======'drop_target_bank_TRAVEL_up'====== Args={}
2025-10-13 18:02:09,958 : INFO : SwitchController : <<<<<<< 's_standup_5' active >>>>>>>
2025-10-13 18:02:09,958 : INFO : EventManager : Event: ======'s_standup_5_active'====== Args={}
2025-10-13 18:02:09,959 : INFO : EventManager : Event: ======'drop_target_s_standup_5_down'====== Args={'device': <drop_target.s_standup_5>}
2025-10-13 18:02:09,960 : INFO : EventManager : Event: ======'drop_target_bank_TRAVEL_mixed'====== Args={'prev_value': <DropTargetBankState.UP: 'up'>, 'down': 1}
2025-10-13 18:02:09,960 : INFO : EventManager : Event: ======'machine_var_audits_switches_s_standup_5'====== Args={'value': 36, 'prev_value': 35, 'change': 1}
2025-10-13 18:02:09,961 : INFO : EventManager : Event: ======'player_shot_Eb'====== Args={'value': 1, 'prev_value': 0, 'change': 1, 'player_num': 1}
2025-10-13 18:02:09,962 : INFO : EventManager : Event: ======'machine_var_audits_shots_Eb'====== Args={'value': 13, 'prev_value': 12, 'change': 1}
2025-10-13 18:02:09,962 : INFO : EventManager : Event: ======'Eb_hit'====== Args={'profile': 'default', 'state': 'unlit', 'advancing': True}
2025-10-13 18:02:09,962 : INFO : EventManager : Event: ======'Eb_default_hit'====== Args={'profile': 'default', 'state': 'unlit', 'advancing': True}
2025-10-13 18:02:09,962 : INFO : EventManager : Event: ======'Eb_default_unlit_hit'====== Args={'profile': 'default', 'state': 'unlit', 'advancing': True}
2025-10-13 18:02:09,962 : INFO : EventManager : Event: ======'Eb_unlit_hit'====== Args={'profile': 'default', 'state': 'unlit', 'advancing': True}
2025-10-13 18:02:09,964 : INFO : EventManager : Event: ======'TRAVEL_droptargets_hit'====== Args={}
2025-10-13 18:02:09,964 : INFO : EventManager : Event: ======'TRAVEL_droptargets_unlit_hit'====== Args={}
2025-10-13 18:02:09,964 : INFO : EventManager : Event: ======'player_score'====== Args={'value': 808500, 'prev_value': 808000, 'change': 500, 'player_num': 1, 'source': 'base'}
2025-10-13 18:02:10,073 : INFO : SwitchController : <<<<<<< 's_standup_5' inactive >>>>>>>
2025-10-13 18:02:10,073 : INFO : EventManager : Event: ======'drop_target_s_standup_5_up'====== Args={'device': <drop_target.s_standup_5>}
2025-10-13 18:02:10,074 : INFO : EventManager : Event: ======'drop_target_bank_TRAVEL_up'====== Args={}
2025-10-13 18:02:10,431 : INFO : SwitchController : <<<<<<< 's_standup_6' active >>>>>>>
2025-10-13 18:02:10,432 : INFO : EventManager : Event: ======'s_standup_6_active'====== Args={}
2025-10-13 18:02:10,432 : INFO : EventManager : Event: ======'drop_target_s_standup_6_down'====== Args={'device': <drop_target.s_standup_6>}
2025-10-13 18:02:10,433 : INFO : EventManager : Event: ======'drop_target_bank_TRAVEL_mixed'====== Args={'prev_value': <DropTargetBankState.UP: 'up'>, 'down': 1}
2025-10-13 18:02:10,433 : INFO : EventManager : Event: ======'machine_var_audits_switches_s_standup_6'====== Args={'value': 25, 'prev_value': 24, 'change': 1}
2025-10-13 18:02:10,436 : INFO : EventManager : Event: ======'player_shot_L'====== Args={'value': 1, 'prev_value': 0, 'change': 1, 'player_num': 1}
2025-10-13 18:02:10,437 : INFO : EventManager : Event: ======'machine_var_audits_shots_L'====== Args={'value': 13, 'prev_value': 12, 'change': 1}
2025-10-13 18:02:10,438 : INFO : EventManager : Event: ======'L_hit'====== Args={'profile': 'default', 'state': 'unlit', 'advancing': True}
2025-10-13 18:02:10,439 : INFO : EventManager : Event: ======'L_default_hit'====== Args={'profile': 'default', 'state': 'unlit', 'advancing': True}
2025-10-13 18:02:10,439 : INFO : EventManager : Event: ======'L_default_unlit_hit'====== Args={'profile': 'default', 'state': 'unlit', 'advancing': True}
2025-10-13 18:02:10,439 : INFO : EventManager : Event: ======'L_unlit_hit'====== Args={'profile': 'default', 'state': 'unlit', 'advancing': True}
2025-10-13 18:02:10,440 : INFO : EventManager : Event: ======'TRAVEL_droptargets_complete'====== Args={'state': 'lit'}
2025-10-13 18:02:10,440 : INFO : EventManager : Event: ======'TRAVEL_droptargets_lit_complete'====== Args={}
2025-10-13 18:02:10,445 : INFO : EventManager : Event: ======'player_shot_Tb'====== Args={'value': 0, 'prev_value': 1, 'change': -1, 'player_num': 1}
2025-10-13 18:02:10,446 : INFO : EventManager : Event: ======'player_shot_R'====== Args={'value': 0, 'prev_value': 1, 'change': -1, 'player_num': 1}
2025-10-13 18:02:10,446 : INFO : EventManager : Event: ======'player_shot_A'====== Args={'value': 0, 'prev_value': 1, 'change': -1, 'player_num': 1}
2025-10-13 18:02:10,447 : INFO : EventManager : Event: ======'player_shot_V'====== Args={'value': 0, 'prev_value': 1, 'change': -1, 'player_num': 1}
2025-10-13 18:02:10,449 : INFO : EventManager : Event: ======'player_shot_Eb'====== Args={'value': 0, 'prev_value': 1, 'change': -1, 'player_num': 1}
2025-10-13 18:02:10,450 : INFO : EventManager : Event: ======'player_shot_L'====== Args={'value': 0, 'prev_value': 1, 'change': -1, 'player_num': 1}
2025-10-13 18:02:10,451 : INFO : EventManager : Event: ======'player_score'====== Args={'value': 1208500, 'prev_value': 808500, 'change': 400000, 'player_num': 1, 'source': 'base'}
2025-10-13 18:02:10,452 : INFO : EventManager : Event: ======'TRAVEL_droptargets_complete'====== Args={'state': 'unlit'}
2025-10-13 18:02:10,452 : INFO : EventManager : Event: ======'TRAVEL_droptargets_unlit_complete'====== Args={}
2025-10-13 18:02:10,469 : INFO : EventManager : Event: ======'TRAVEL_droptargets_hit'====== Args={}
2025-10-13 18:02:10,469 : INFO : EventManager : Event: ======'TRAVEL_droptargets_unlit_hit'====== Args={}
2025-10-13 18:02:10,469 : INFO : EventManager : Event: ======'player_score'====== Args={'value': 1209000, 'prev_value': 1208500, 'change': 500, 'player_num': 1, 'source': 'base'}
2025-10-13 18:02:10,569 : INFO : SwitchController : <<<<<<< 's_standup_6' inactive >>>>>>>
2025-10-13 18:02:10,569 : INFO : EventManager : Event: ======'drop_target_s_standup_6_up'====== Args={'device': <drop_target.s_standup_6>}
2025-10-13 18:02:10,569 : INFO : EventManager : Event: ======'drop_target_bank_TRAVEL_up'====== Args={}
2025-10-13 18:02:14,070 : INFO : Machine : Shutting down...
2025-10-13 18:02:14,070 : INFO : EventManager : Event: ======'shutdown'====== Args={}
2025-10-13 18:02:14,100 : INFO : EventManager : Event: ======'mode_game_will_stop'====== Args={}
2025-10-13 18:02:14,101 : INFO : EventManager : Event: ======'mode_game_stopping'====== Args={}
2025-10-13 18:02:14,102 : INFO : EventManager : Event: ======'mode_super_jets_setup_will_stop'====== Args={}
2025-10-13 18:02:14,102 : INFO : EventManager : Event: ======'mode_super_jets_setup_stopping'====== Args={}
2025-10-13 18:02:14,102 : INFO : EventManager : Event: ======'mode_special_setup_will_stop'====== Args={}
2025-10-13 18:02:14,102 : INFO : EventManager : Event: ======'mode_special_setup_stopping'====== Args={}
2025-10-13 18:02:14,102 : INFO : EventManager : Event: ======'mode_base_will_stop'====== Args={}
2025-10-13 18:02:14,102 : INFO : EventManager : Event: ======'mode_base_stopping'====== Args={}
2025-10-13 18:02:14,102 : INFO : Mode.base : Stopped.
2025-10-13 18:02:14,102 : INFO : EventManager : Event: ======'modes_active_modes_changed'====== Args={}
2025-10-13 18:02:14,103 : INFO : EventManager : Event: ======'mode_base_stopped'====== Args={}
2025-10-13 18:02:14,103 : INFO : EventManager : Event: ======'clear'====== Args={'key': 'base'}
2025-10-13 18:02:14,106 : INFO : Mode.special_setup : Stopped.
2025-10-13 18:02:14,106 : INFO : EventManager : Event: ======'modes_active_modes_changed'====== Args={}
2025-10-13 18:02:14,106 : INFO : EventManager : Event: ======'mode_special_setup_stopped'====== Args={}
2025-10-13 18:02:14,106 : INFO : EventManager : Event: ======'clear'====== Args={'key': 'special_setup'}
2025-10-13 18:02:14,106 : INFO : Mode.super_jets_setup : Stopped.
2025-10-13 18:02:14,106 : INFO : EventManager : Event: ======'modes_active_modes_changed'====== Args={}
2025-10-13 18:02:14,107 : INFO : EventManager : Event: ======'mode_super_jets_setup_stopped'====== Args={}
2025-10-13 18:02:14,107 : INFO : EventManager : Event: ======'clear'====== Args={'key': 'super_jets_setup'}
2025-10-13 18:02:14,107 : INFO : Mode.game : Stopped.
2025-10-13 18:02:14,107 : INFO : EventManager : Event: ======'modes_active_modes_changed'====== Args={}
2025-10-13 18:02:14,107 : INFO : EventManager : Event: ======'mode_game_stopped'====== Args={}
2025-10-13 18:02:14,107 : INFO : EventManager : Event: ======'clear'====== Args={'key': 'game'}
2025-10-13 18:02:14,111 : INFO : root : MPF run loop ended.
