2025-10-16 16:12:06,319 : INFO : root : Loading config.
2025-10-16 16:12:06,323 : INFO : YamlMultifileConfigLoader : Machine config file #1: config.yaml
2025-10-16 16:12:06,323 : INFO : ConfigProcessor : Loading config from cache: C:\Users\richa\AppData\Local\Temp\f7776651e259183bd84a8c8d686bf868.mpf_cache
2025-10-16 16:12:06,403 : INFO : ConfigProcessor : Loading config from cache: C:\Users\richa\AppData\Local\Temp\70233839fc0b792ce11a62f3c18c1950.mpf_cache
2025-10-16 16:12:06,404 : INFO : ConfigProcessor : Loading config from cache: C:\Users\richa\AppData\Local\Temp\9c8dea79ca4d15ee886340e992e8cb9d.mpf_cache
2025-10-16 16:12:06,405 : INFO : ConfigProcessor : Loading config from cache: C:\Users\richa\AppData\Local\Temp\67a19b095f918111543419ac0271bfb1.mpf_cache
2025-10-16 16:12:06,405 : INFO : ConfigProcessor : Loading config from cache: C:\Users\richa\AppData\Local\Temp\be387b0e8ed00556ec738d83cd6947d1.mpf_cache
2025-10-16 16:12:06,406 : INFO : ConfigProcessor : Loading config from cache: C:\Users\richa\AppData\Local\Temp\5a8efabd9666d8c71fa755fc28a9bf1e.mpf_cache
2025-10-16 16:12:06,407 : INFO : ConfigProcessor : Loading config from cache: C:\Users\richa\AppData\Local\Temp\fb58745e58584e219ff53db445e8e9f2.mpf_cache
2025-10-16 16:12:06,407 : INFO : ConfigProcessor : Loading config from cache: C:\Users\richa\AppData\Local\Temp\3a5badf48d988f9fc0f9b093a934917d.mpf_cache
2025-10-16 16:12:06,408 : INFO : ConfigProcessor : Loading config from cache: C:\Users\richa\AppData\Local\Temp\9e788d9ac28f3464b985b20edf80a10e.mpf_cache
2025-10-16 16:12:06,409 : INFO : ConfigProcessor : Loading config from cache: C:\Users\richa\AppData\Local\Temp\7e426d8ffa907371bf962f3181d8bdf2.mpf_cache
2025-10-16 16:12:06,410 : WARNING : ConfigProcessor : Config file in cache changed: C:\Users\richa\ttp7\modes\attract\shows\.\attract_display_loop.yaml
2025-10-16 16:12:06,410 : INFO : ConfigProcessor : Loading config from file C:\Users\richa\ttp7\modes\attract\shows\.\attract_display_loop.yaml.
2025-10-16 16:12:06,422 : INFO : ConfigProcessor : Loading config: C:\Users\richa\ttp7\modes\attract\shows\.\attract_display_loop.yaml
2025-10-16 16:12:06,423 : INFO : ConfigProcessor : Config file cache created: C:\Users\richa\AppData\Local\Temp\b710dc01437f1dfd05f3b5275f67493b.mpf_cache
2025-10-16 16:12:06,423 : INFO : ConfigProcessor : Loading config from cache: C:\Users\richa\AppData\Local\Temp\0a23590f4081187a3ecee75c7657616e.mpf_cache
2025-10-16 16:12:06,424 : INFO : ConfigProcessor : Loading config from cache: C:\Users\richa\AppData\Local\Temp\374a5edaf0766cb9005f368df852c09d.mpf_cache
2025-10-16 16:12:06,425 : INFO : ConfigProcessor : Loading config from cache: C:\Users\richa\AppData\Local\Temp\b50d1c72289d6f8f00cba34766fbb2e5.mpf_cache
2025-10-16 16:12:06,426 : INFO : ConfigProcessor : Loading config from cache: C:\Users\richa\AppData\Local\Temp\bfc680b70531e398658191c2a179bce0.mpf_cache
2025-10-16 16:12:06,427 : INFO : ConfigProcessor : Loading config from cache: C:\Users\richa\AppData\Local\Temp\069a726c379c7a3dc006889318eb30f2.mpf_cache
2025-10-16 16:12:06,427 : INFO : ConfigProcessor : Loading config from cache: C:\Users\richa\AppData\Local\Temp\6159dd3e8b071f5aa615e717784124e9.mpf_cache
2025-10-16 16:12:06,428 : INFO : ConfigProcessor : Loading config from cache: C:\Users\richa\AppData\Local\Temp\e382c4765158d2be92c1673fc03a4ad6.mpf_cache
2025-10-16 16:12:06,429 : INFO : ConfigProcessor : Loading config from cache: C:\Users\richa\AppData\Local\Temp\868b3b6361e3aaa0a56bd50d9388247e.mpf_cache
2025-10-16 16:12:06,429 : INFO : Machine : Mission Pinball Framework Core Engine v0.57.0.dev39
2025-10-16 16:12:06,430 : INFO : Machine : Command line arguments: {'no_load_cache': False, 'create_config_cache': True, 'bcp': True, 'configfile': ['config.yaml'], 'force_assets_load': False, 'jsonlogging': False, 'logfile': 'logs\\2025-10-16-16-12-06-mpf-DESKTOP-RK7BE5M.log', 'pause': False, 'production': False, 'text_ui': True, 'loglevel': 15, 'consoleloglevel': 20, 'force_platform': None, 'syslog_address': None, 'mc_file_name': None, 'no_sound': False}
2025-10-16 16:12:06,430 : INFO : Machine : MPF path: C:\Users\richa\mpfvirtual4\lib\site-packages\mpf
2025-10-16 16:12:06,430 : INFO : Machine : Machine path: C:\Users\richa\ttp7
2025-10-16 16:12:06,430 : INFO : Machine : Platform: win32
2025-10-16 16:12:06,430 : INFO : Machine : Python executable location: C:\Users\richa\mpfvirtual4\Scripts\python.exe
2025-10-16 16:12:06,430 : INFO : Machine : Python version: 3.9.13 (64-bit)
2025-10-16 16:12:06,432 : INFO : Machine : Initializing MPF...
2025-10-16 16:12:06,825 : INFO : EventManager : Event: ======'machine_var_credits_string'====== Args={'value': 'FREE PLAY', 'prev_value': None, 'change': True}
2025-10-16 16:12:06,883 : INFO : EventManager : Event: ======'machine_var_credit_units'====== Args={'value': 0, 'prev_value': None, 'change': True}
2025-10-16 16:12:06,883 : INFO : EventManager : Event: ======'machine_var_free_play'====== Args={'value': False, 'prev_value': None, 'change': True}
2025-10-16 16:12:06,883 : INFO : EventManager : Event: ======'machine_var_master_volume'====== Args={'value': 0.5, 'prev_value': None, 'change': True}
2025-10-16 16:12:06,883 : INFO : EventManager : Event: ======'machine_var_player1_score'====== Args={'value': 0, 'prev_value': None, 'change': True}
2025-10-16 16:12:06,884 : INFO : EventManager : Event: ======'machine_var_mpf_version'====== Args={'value': 'Mission Pinball Framework v0.57.0.dev39', 'prev_value': None, 'change': True}
2025-10-16 16:12:06,884 : INFO : EventManager : Event: ======'machine_var_mpf_extended_version'====== Args={'value': 'Mission Pinball Framework v0.57.0.dev39, Config version:6, Show version: 6, BCP version:1.1', 'prev_value': None, 'change': True}
2025-10-16 16:12:06,884 : INFO : EventManager : Event: ======'machine_var_python_version'====== Args={'value': '3.9.13', 'prev_value': None, 'change': True}
2025-10-16 16:12:06,893 : INFO : EventManager : Event: ======'machine_var_platform'====== Args={'value': 'Windows-10-10.0.19045-SP0', 'prev_value': None, 'change': True}
2025-10-16 16:12:06,893 : INFO : EventManager : Event: ======'machine_var_platform_system'====== Args={'value': 'Windows', 'prev_value': None, 'change': True}
2025-10-16 16:12:06,893 : INFO : EventManager : Event: ======'machine_var_platform_release'====== Args={'value': '10', 'prev_value': None, 'change': True}
2025-10-16 16:12:06,894 : INFO : EventManager : Event: ======'machine_var_platform_version'====== Args={'value': '10.0.19045', 'prev_value': None, 'change': True}
2025-10-16 16:12:06,894 : INFO : EventManager : Event: ======'machine_var_platform_machine'====== Args={'value': 'AMD64', 'prev_value': None, 'change': True}
2025-10-16 16:12:06,894 : INFO : EventManager : Event: ======'init_phase_1'====== Args={}
2025-10-16 16:12:06,957 : INFO : EventManager : Event: ======'drop_target_bank_TIME_up'====== Args={}
2025-10-16 16:12:06,957 : INFO : EventManager : Event: ======'drop_target_bank_TRAVEL_up'====== Args={}
2025-10-16 16:12:06,958 : INFO : EventManager : Event: ======'init_phase_2'====== Args={}
2025-10-16 16:12:06,959 : INFO : SwitchController : Found active switch: ('2', <Platform.SmartVirtual>) <switch.s_trough1>
2025-10-16 16:12:06,959 : INFO : SwitchController : Found active switch: ('3', <Platform.SmartVirtual>) <switch.s_trough2>
2025-10-16 16:12:06,959 : INFO : SwitchController : Found active switch: ('4', <Platform.SmartVirtual>) <switch.s_trough3>
2025-10-16 16:12:06,959 : INFO : SwitchController : Found active switch: ('5', <Platform.SmartVirtual>) <switch.s_trough4>
2025-10-16 16:12:06,959 : INFO : SwitchController : Found active switch: ('6', <Platform.SmartVirtual>) <switch.s_trough5>
2025-10-16 16:12:06,959 : INFO : SwitchController : Found active switch: ('7', <Platform.SmartVirtual>) <switch.s_trough6>
2025-10-16 16:12:06,974 : INFO : EventManager : Event: ======'bcp_connection_attempt'====== Args={'name': 'local_display', 'host': 'localhost', 'port': 5050}
2025-10-16 16:12:06,975 : INFO : BCPClientSocket : Connecting BCP to 'local_display' at localhost:5050...
2025-10-16 16:12:09,003 : INFO : BCPClientSocket : Connected BCP to 'local_display' localhost:5050
2025-10-16 16:12:09,004 : INFO : EventManager : Event: ======'bcp_clients_connected'====== Args={}
2025-10-16 16:12:09,332 : INFO : ball_device.bd_trough : BCH: Initial count: 6
2025-10-16 16:12:09,333 : INFO : EventManager : Event: ======'machine_var_mc_version'====== Args={'value': 'MPF-MC v0.57.0.dev10', 'prev_value': None, 'change': True}
2025-10-16 16:12:09,333 : INFO : EventManager : Event: ======'machine_var_mc_extended_version'====== Args={'value': 'MPF-MC v0.57.0.dev10 (config_version=6, BCP v1.1,                      Requires MPF API compatibility v0.57.0.dev19 or newer)', 'prev_value': None, 'change': True}
2025-10-16 16:12:09,336 : INFO : ball_device.bd_trough : State: idle
2025-10-16 16:12:09,414 : INFO : ball_device.bd_plunger : BCH: Initial count: 0
2025-10-16 16:12:09,414 : INFO : ball_device.bd_plunger : State: idle
2025-10-16 16:12:09,414 : INFO : ball_device.bd_left_scoop : BCH: Initial count: 0
2025-10-16 16:12:09,415 : INFO : ball_device.bd_left_scoop : State: idle
2025-10-16 16:12:09,415 : INFO : ball_device.bd_right_scoop : BCH: Initial count: 0
2025-10-16 16:12:09,415 : INFO : ball_device.bd_right_scoop : State: idle
2025-10-16 16:12:09,427 : INFO : EventManager : Event: ======'init_phase_3'====== Args={}
2025-10-16 16:12:09,436 : INFO : EventManager : Event: ======'init_phase_4'====== Args={}
2025-10-16 16:12:09,436 : INFO : BallController : Initial balls found: 6
2025-10-16 16:12:09,438 : INFO : EventManager : Event: ======'machine_var_audits_events_game_ended'====== Args={'value': 60, 'prev_value': None, 'change': True}
2025-10-16 16:12:09,438 : INFO : EventManager : Event: ======'machine_var_audits_events_game_started'====== Args={'value': 258, 'prev_value': None, 'change': True}
2025-10-16 16:12:09,438 : INFO : EventManager : Event: ======'machine_var_audits_missing_switches_s_A'====== Args={'value': 67, 'prev_value': None, 'change': True}
2025-10-16 16:12:09,438 : INFO : EventManager : Event: ======'machine_var_audits_missing_switches_s_E'====== Args={'value': 11, 'prev_value': None, 'change': True}
2025-10-16 16:12:09,439 : INFO : EventManager : Event: ======'machine_var_audits_missing_switches_s_Eb'====== Args={'value': 67, 'prev_value': None, 'change': True}
2025-10-16 16:12:09,439 : INFO : EventManager : Event: ======'machine_var_audits_missing_switches_s_I'====== Args={'value': 11, 'prev_value': None, 'change': True}
2025-10-16 16:12:09,439 : INFO : EventManager : Event: ======'machine_var_audits_missing_switches_s_L'====== Args={'value': 67, 'prev_value': None, 'change': True}
2025-10-16 16:12:09,439 : INFO : EventManager : Event: ======'machine_var_audits_missing_switches_s_M'====== Args={'value': 11, 'prev_value': None, 'change': True}
2025-10-16 16:12:09,439 : INFO : EventManager : Event: ======'machine_var_audits_missing_switches_s_R'====== Args={'value': 67, 'prev_value': None, 'change': True}
2025-10-16 16:12:09,439 : INFO : EventManager : Event: ======'machine_var_audits_missing_switches_s_T'====== Args={'value': 11, 'prev_value': None, 'change': True}
2025-10-16 16:12:09,439 : INFO : EventManager : Event: ======'machine_var_audits_missing_switches_s_Tb'====== Args={'value': 67, 'prev_value': None, 'change': True}
2025-10-16 16:12:09,440 : INFO : EventManager : Event: ======'machine_var_audits_missing_switches_s_V'====== Args={'value': 67, 'prev_value': None, 'change': True}
2025-10-16 16:12:09,440 : INFO : EventManager : Event: ======'machine_var_audits_missing_switches_s_bumper1'====== Args={'value': 21, 'prev_value': None, 'change': True}
2025-10-16 16:12:09,440 : INFO : EventManager : Event: ======'machine_var_audits_missing_switches_s_bumper2'====== Args={'value': 21, 'prev_value': None, 'change': True}
2025-10-16 16:12:09,440 : INFO : EventManager : Event: ======'machine_var_audits_missing_switches_s_bumper_1'====== Args={'value': 28, 'prev_value': None, 'change': True}
2025-10-16 16:12:09,440 : INFO : EventManager : Event: ======'machine_var_audits_missing_switches_s_bumper_2'====== Args={'value': 28, 'prev_value': None, 'change': True}
2025-10-16 16:12:09,440 : INFO : EventManager : Event: ======'machine_var_audits_missing_switches_s_center_center_target'====== Args={'value': 21, 'prev_value': None, 'change': True}
2025-10-16 16:12:09,440 : INFO : EventManager : Event: ======'machine_var_audits_missing_switches_s_center_scoop'====== Args={'value': 31, 'prev_value': None, 'change': True}
2025-10-16 16:12:09,441 : INFO : EventManager : Event: ======'machine_var_audits_missing_switches_s_coin_left'====== Args={'value': 8, 'prev_value': None, 'change': True}
2025-10-16 16:12:09,441 : INFO : EventManager : Event: ======'machine_var_audits_missing_switches_s_launcher_lane_spinner'====== Args={'value': 184, 'prev_value': None, 'change': True}
2025-10-16 16:12:09,441 : INFO : EventManager : Event: ======'machine_var_audits_missing_switches_s_left_center_target'====== Args={'value': 21, 'prev_value': None, 'change': True}
2025-10-16 16:12:09,441 : INFO : EventManager : Event: ======'machine_var_audits_missing_switches_s_left_corridor_spinner'====== Args={'value': 184, 'prev_value': None, 'change': True}
2025-10-16 16:12:09,441 : INFO : EventManager : Event: ======'machine_var_audits_missing_switches_s_left_corridor_spinner2'====== Args={'value': 184, 'prev_value': None, 'change': True}
2025-10-16 16:12:09,441 : INFO : EventManager : Event: ======'machine_var_audits_missing_switches_s_left_flipper'====== Args={'value': 107, 'prev_value': None, 'change': True}
2025-10-16 16:12:09,441 : INFO : EventManager : Event: ======'machine_var_audits_missing_switches_s_left_inlane'====== Args={'value': 211, 'prev_value': None, 'change': True}
2025-10-16 16:12:09,442 : INFO : EventManager : Event: ======'machine_var_audits_missing_switches_s_left_outlane'====== Args={'value': 221, 'prev_value': None, 'change': True}
2025-10-16 16:12:09,442 : INFO : EventManager : Event: ======'machine_var_audits_missing_switches_s_left_scoop'====== Args={'value': 29, 'prev_value': None, 'change': True}
2025-10-16 16:12:09,442 : INFO : EventManager : Event: ======'machine_var_audits_missing_switches_s_left_standup'====== Args={'value': 183, 'prev_value': None, 'change': True}
2025-10-16 16:12:09,442 : INFO : EventManager : Event: ======'machine_var_audits_missing_switches_s_right_center_target'====== Args={'value': 21, 'prev_value': None, 'change': True}
2025-10-16 16:12:09,442 : INFO : EventManager : Event: ======'machine_var_audits_missing_switches_s_right_corridor_spinner'====== Args={'value': 25, 'prev_value': None, 'change': True}
2025-10-16 16:12:09,442 : INFO : EventManager : Event: ======'machine_var_audits_missing_switches_s_right_flipper'====== Args={'value': 107, 'prev_value': None, 'change': True}
2025-10-16 16:12:09,443 : INFO : EventManager : Event: ======'machine_var_audits_missing_switches_s_right_inlane'====== Args={'value': 1, 'prev_value': None, 'change': True}
2025-10-16 16:12:09,443 : INFO : EventManager : Event: ======'machine_var_audits_missing_switches_s_right_outlane'====== Args={'value': 31, 'prev_value': None, 'change': True}
2025-10-16 16:12:09,443 : INFO : EventManager : Event: ======'machine_var_audits_missing_switches_s_right_scoop'====== Args={'value': 29, 'prev_value': None, 'change': True}
2025-10-16 16:12:09,443 : INFO : EventManager : Event: ======'machine_var_audits_missing_switches_s_right_standup'====== Args={'value': 11, 'prev_value': None, 'change': True}
2025-10-16 16:12:09,443 : INFO : EventManager : Event: ======'machine_var_audits_missing_switches_s_service_coin'====== Args={'value': 21, 'prev_value': None, 'change': True}
2025-10-16 16:12:09,443 : INFO : EventManager : Event: ======'machine_var_audits_missing_switches_s_sling_left'====== Args={'value': 211, 'prev_value': None, 'change': True}
2025-10-16 16:12:09,444 : INFO : EventManager : Event: ======'machine_var_audits_missing_switches_s_sling_right'====== Args={'value': 107, 'prev_value': None, 'change': True}
2025-10-16 16:12:09,444 : INFO : EventManager : Event: ======'machine_var_audits_missing_switches_s_standup_1'====== Args={'value': 11, 'prev_value': None, 'change': True}
2025-10-16 16:12:09,444 : INFO : EventManager : Event: ======'machine_var_audits_missing_switches_s_standup_2'====== Args={'value': 11, 'prev_value': None, 'change': True}
2025-10-16 16:12:09,445 : INFO : EventManager : Event: ======'machine_var_audits_missing_switches_s_standup_3'====== Args={'value': 11, 'prev_value': None, 'change': True}
2025-10-16 16:12:09,445 : INFO : EventManager : Event: ======'machine_var_audits_missing_switches_s_standup_4'====== Args={'value': 11, 'prev_value': None, 'change': True}
2025-10-16 16:12:09,445 : INFO : EventManager : Event: ======'machine_var_audits_missing_switches_s_standup_5'====== Args={'value': 11, 'prev_value': None, 'change': True}
2025-10-16 16:12:09,445 : INFO : EventManager : Event: ======'machine_var_audits_missing_switches_s_standup_6'====== Args={'value': 11, 'prev_value': None, 'change': True}
2025-10-16 16:12:09,445 : INFO : EventManager : Event: ======'machine_var_audits_missing_switches_s_start'====== Args={'value': 8, 'prev_value': None, 'change': True}
2025-10-16 16:12:09,446 : INFO : EventManager : Event: ======'machine_var_audits_missing_switches_s_top_left_standup'====== Args={'value': 29, 'prev_value': None, 'change': True}
2025-10-16 16:12:09,446 : INFO : EventManager : Event: ======'machine_var_audits_missing_switches_s_top_left_standup2'====== Args={'value': 124, 'prev_value': None, 'change': True}
2025-10-16 16:12:09,446 : INFO : EventManager : Event: ======'machine_var_audits_missing_switches_s_trough1'====== Args={'value': 8, 'prev_value': None, 'change': True}
2025-10-16 16:12:09,446 : INFO : EventManager : Event: ======'machine_var_audits_missing_switches_s_trough2'====== Args={'value': 258, 'prev_value': None, 'change': True}
2025-10-16 16:12:09,447 : INFO : EventManager : Event: ======'machine_var_audits_missing_switches_s_trough3'====== Args={'value': 258, 'prev_value': None, 'change': True}
2025-10-16 16:12:09,447 : INFO : EventManager : Event: ======'machine_var_audits_missing_switches_s_trough4'====== Args={'value': 258, 'prev_value': None, 'change': True}
2025-10-16 16:12:09,447 : INFO : EventManager : Event: ======'machine_var_audits_missing_switches_s_trough5'====== Args={'value': 258, 'prev_value': None, 'change': True}
2025-10-16 16:12:09,447 : INFO : EventManager : Event: ======'machine_var_audits_missing_switches_s_trough6'====== Args={'value': 258, 'prev_value': None, 'change': True}
2025-10-16 16:12:09,448 : INFO : EventManager : Event: ======'machine_var_audits_missing_switches_s_trough_jam'====== Args={'value': 258, 'prev_value': None, 'change': True}
2025-10-16 16:12:09,448 : INFO : EventManager : Event: ======'machine_var_audits_player_score'====== Args={'value': {'average': 5748990, 'top': [75043600, 70538842, 47521800, 43517500, 41236342, 31835000, 13531600, 13201700, 9012700, 3012500], 'total': 63}, 'prev_value': None, 'change': True}
2025-10-16 16:12:09,448 : INFO : EventManager : Event: ======'machine_var_audits_shots_A'====== Args={'value': 31, 'prev_value': None, 'change': True}
2025-10-16 16:12:09,449 : INFO : EventManager : Event: ======'machine_var_audits_shots_E'====== Args={'value': 148, 'prev_value': None, 'change': True}
2025-10-16 16:12:09,449 : INFO : EventManager : Event: ======'machine_var_audits_shots_Eb'====== Args={'value': 30, 'prev_value': None, 'change': True}
2025-10-16 16:12:09,450 : INFO : EventManager : Event: ======'machine_var_audits_shots_I'====== Args={'value': 143, 'prev_value': None, 'change': True}
2025-10-16 16:12:09,451 : INFO : EventManager : Event: ======'machine_var_audits_shots_L'====== Args={'value': 31, 'prev_value': None, 'change': True}
2025-10-16 16:12:09,451 : INFO : EventManager : Event: ======'machine_var_audits_shots_M'====== Args={'value': 143, 'prev_value': None, 'change': True}
2025-10-16 16:12:09,451 : INFO : EventManager : Event: ======'machine_var_audits_shots_R'====== Args={'value': 32, 'prev_value': None, 'change': True}
2025-10-16 16:12:09,452 : INFO : EventManager : Event: ======'machine_var_audits_shots_T'====== Args={'value': 147, 'prev_value': None, 'change': True}
2025-10-16 16:12:09,452 : INFO : EventManager : Event: ======'machine_var_audits_shots_Tb'====== Args={'value': 33, 'prev_value': None, 'change': True}
2025-10-16 16:12:09,452 : INFO : EventManager : Event: ======'machine_var_audits_shots_V'====== Args={'value': 30, 'prev_value': None, 'change': True}
2025-10-16 16:12:09,453 : INFO : EventManager : Event: ======'machine_var_audits_shots_bumper1_shot'====== Args={'value': 214, 'prev_value': None, 'change': True}
2025-10-16 16:12:09,454 : INFO : EventManager : Event: ======'machine_var_audits_shots_bumper2_shot'====== Args={'value': 660, 'prev_value': None, 'change': True}
2025-10-16 16:12:09,454 : INFO : EventManager : Event: ======'machine_var_audits_shots_center_rollover'====== Args={'value': 7, 'prev_value': None, 'change': True}
2025-10-16 16:12:09,454 : INFO : EventManager : Event: ======'machine_var_audits_shots_center_rollover_shot'====== Args={'value': 308, 'prev_value': None, 'change': True}
2025-10-16 16:12:09,455 : INFO : EventManager : Event: ======'machine_var_audits_shots_jets'====== Args={'value': 815, 'prev_value': None, 'change': True}
2025-10-16 16:12:09,455 : INFO : EventManager : Event: ======'machine_var_audits_shots_left_rollover'====== Args={'value': 36, 'prev_value': None, 'change': True}
2025-10-16 16:12:09,455 : INFO : EventManager : Event: ======'machine_var_audits_shots_left_rollover_shot'====== Args={'value': 250, 'prev_value': None, 'change': True}
2025-10-16 16:12:09,456 : INFO : EventManager : Event: ======'machine_var_audits_shots_left_scoop_shot'====== Args={'value': 28, 'prev_value': None, 'change': True}
2025-10-16 16:12:09,456 : INFO : EventManager : Event: ======'machine_var_audits_shots_middle_inlane_shot'====== Args={'value': 20, 'prev_value': None, 'change': True}
2025-10-16 16:12:09,457 : INFO : EventManager : Event: ======'machine_var_audits_shots_my_first_shot'====== Args={'value': 95, 'prev_value': None, 'change': True}
2025-10-16 16:12:09,457 : INFO : EventManager : Event: ======'machine_var_audits_shots_right_inlane_shot'====== Args={'value': 96, 'prev_value': None, 'change': True}
2025-10-16 16:12:09,457 : INFO : EventManager : Event: ======'machine_var_audits_shots_right_rollover'====== Args={'value': 41, 'prev_value': None, 'change': True}
2025-10-16 16:12:09,458 : INFO : EventManager : Event: ======'machine_var_audits_shots_right_rollover_shot'====== Args={'value': 338, 'prev_value': None, 'change': True}
2025-10-16 16:12:09,458 : INFO : EventManager : Event: ======'machine_var_audits_shots_right_scoop_shot'====== Args={'value': 47, 'prev_value': None, 'change': True}
2025-10-16 16:12:09,458 : INFO : EventManager : Event: ======'machine_var_audits_shots_right_standup'====== Args={'value': 26, 'prev_value': None, 'change': True}
2025-10-16 16:12:09,459 : INFO : EventManager : Event: ======'machine_var_audits_shots_standup_1_skill'====== Args={'value': 48, 'prev_value': None, 'change': True}
2025-10-16 16:12:09,459 : INFO : EventManager : Event: ======'machine_var_audits_shots_standup_2_skill'====== Args={'value': 26, 'prev_value': None, 'change': True}
2025-10-16 16:12:09,460 : INFO : EventManager : Event: ======'machine_var_audits_shots_standup_3_skill'====== Args={'value': 10, 'prev_value': None, 'change': True}
2025-10-16 16:12:09,460 : INFO : EventManager : Event: ======'machine_var_audits_shots_standup_4_skill'====== Args={'value': 8, 'prev_value': None, 'change': True}
2025-10-16 16:12:09,460 : INFO : EventManager : Event: ======'machine_var_audits_shots_standup_5_skill'====== Args={'value': 4, 'prev_value': None, 'change': True}
2025-10-16 16:12:09,461 : INFO : EventManager : Event: ======'machine_var_audits_shots_standup_6_skill'====== Args={'value': 2, 'prev_value': None, 'change': True}
2025-10-16 16:12:09,461 : INFO : EventManager : Event: ======'machine_var_audits_shots_top_middle_inlane_shot'====== Args={'value': 41, 'prev_value': None, 'change': True}
2025-10-16 16:12:09,462 : INFO : EventManager : Event: ======'machine_var_audits_switches_s_A'====== Args={'value': 0, 'prev_value': None, 'change': True}
2025-10-16 16:12:09,463 : INFO : EventManager : Event: ======'machine_var_audits_switches_s_E'====== Args={'value': 152, 'prev_value': None, 'change': True}
2025-10-16 16:12:09,463 : INFO : EventManager : Event: ======'machine_var_audits_switches_s_Eb'====== Args={'value': 0, 'prev_value': None, 'change': True}
2025-10-16 16:12:09,463 : INFO : EventManager : Event: ======'machine_var_audits_switches_s_I'====== Args={'value': 147, 'prev_value': None, 'change': True}
2025-10-16 16:12:09,464 : INFO : EventManager : Event: ======'machine_var_audits_switches_s_L'====== Args={'value': 0, 'prev_value': None, 'change': True}
2025-10-16 16:12:09,464 : INFO : EventManager : Event: ======'machine_var_audits_switches_s_M'====== Args={'value': 147, 'prev_value': None, 'change': True}
2025-10-16 16:12:09,464 : INFO : EventManager : Event: ======'machine_var_audits_switches_s_R'====== Args={'value': 0, 'prev_value': None, 'change': True}
2025-10-16 16:12:09,464 : INFO : EventManager : Event: ======'machine_var_audits_switches_s_T'====== Args={'value': 151, 'prev_value': None, 'change': True}
2025-10-16 16:12:09,465 : INFO : EventManager : Event: ======'machine_var_audits_switches_s_Tb'====== Args={'value': 0, 'prev_value': None, 'change': True}
2025-10-16 16:12:09,465 : INFO : EventManager : Event: ======'machine_var_audits_switches_s_V'====== Args={'value': 0, 'prev_value': None, 'change': True}
2025-10-16 16:12:09,466 : INFO : EventManager : Event: ======'machine_var_audits_switches_s_bumper1'====== Args={'value': 214, 'prev_value': None, 'change': True}
2025-10-16 16:12:09,466 : INFO : EventManager : Event: ======'machine_var_audits_switches_s_bumper2'====== Args={'value': 664, 'prev_value': None, 'change': True}
2025-10-16 16:12:09,467 : INFO : EventManager : Event: ======'machine_var_audits_switches_s_bumper_1'====== Args={'value': 0, 'prev_value': None, 'change': True}
2025-10-16 16:12:09,467 : INFO : EventManager : Event: ======'machine_var_audits_switches_s_bumper_2'====== Args={'value': 0, 'prev_value': None, 'change': True}
2025-10-16 16:12:09,468 : INFO : EventManager : Event: ======'machine_var_audits_switches_s_center_center_target'====== Args={'value': 5, 'prev_value': None, 'change': True}
2025-10-16 16:12:09,469 : INFO : EventManager : Event: ======'machine_var_audits_switches_s_center_rollover'====== Args={'value': 317, 'prev_value': None, 'change': True}
2025-10-16 16:12:09,469 : INFO : EventManager : Event: ======'machine_var_audits_switches_s_center_scoop'====== Args={'value': 2, 'prev_value': None, 'change': True}
2025-10-16 16:12:09,470 : INFO : EventManager : Event: ======'machine_var_audits_switches_s_coin_left'====== Args={'value': 2, 'prev_value': None, 'change': True}
2025-10-16 16:12:09,470 : INFO : EventManager : Event: ======'machine_var_audits_switches_s_launcher_lane_spinner'====== Args={'value': 0, 'prev_value': None, 'change': True}
2025-10-16 16:12:09,471 : INFO : EventManager : Event: ======'machine_var_audits_switches_s_left_center_target'====== Args={'value': 6, 'prev_value': None, 'change': True}
2025-10-16 16:12:09,471 : INFO : EventManager : Event: ======'machine_var_audits_switches_s_left_corridor_spinner'====== Args={'value': 0, 'prev_value': None, 'change': True}
2025-10-16 16:12:09,471 : INFO : EventManager : Event: ======'machine_var_audits_switches_s_left_corridor_spinner2'====== Args={'value': 0, 'prev_value': None, 'change': True}
2025-10-16 16:12:09,472 : INFO : EventManager : Event: ======'machine_var_audits_switches_s_left_flipper'====== Args={'value': 330, 'prev_value': None, 'change': True}
2025-10-16 16:12:09,472 : INFO : EventManager : Event: ======'machine_var_audits_switches_s_left_inlane'====== Args={'value': 8, 'prev_value': None, 'change': True}
2025-10-16 16:12:09,473 : INFO : EventManager : Event: ======'machine_var_audits_switches_s_left_outlane'====== Args={'value': 3, 'prev_value': None, 'change': True}
2025-10-16 16:12:09,473 : INFO : EventManager : Event: ======'machine_var_audits_switches_s_left_rollover'====== Args={'value': 258, 'prev_value': None, 'change': True}
2025-10-16 16:12:09,474 : INFO : EventManager : Event: ======'machine_var_audits_switches_s_left_scoop'====== Args={'value': 228, 'prev_value': None, 'change': True}
2025-10-16 16:12:09,474 : INFO : EventManager : Event: ======'machine_var_audits_switches_s_left_standup'====== Args={'value': 0, 'prev_value': None, 'change': True}
2025-10-16 16:12:09,475 : INFO : EventManager : Event: ======'machine_var_audits_switches_s_middle_inlane'====== Args={'value': 20, 'prev_value': None, 'change': True}
2025-10-16 16:12:09,475 : INFO : EventManager : Event: ======'machine_var_audits_switches_s_plunger'====== Args={'value': 471, 'prev_value': None, 'change': True}
2025-10-16 16:12:09,475 : INFO : EventManager : Event: ======'machine_var_audits_switches_s_right_center_target'====== Args={'value': 9, 'prev_value': None, 'change': True}
2025-10-16 16:12:09,476 : INFO : EventManager : Event: ======'machine_var_audits_switches_s_right_corridor_spinner'====== Args={'value': 9, 'prev_value': None, 'change': True}
2025-10-16 16:12:09,476 : INFO : EventManager : Event: ======'machine_var_audits_switches_s_right_flipper'====== Args={'value': 146, 'prev_value': None, 'change': True}
2025-10-16 16:12:09,476 : INFO : EventManager : Event: ======'machine_var_audits_switches_s_right_inlane'====== Args={'value': 223, 'prev_value': None, 'change': True}
2025-10-16 16:12:09,477 : INFO : EventManager : Event: ======'machine_var_audits_switches_s_right_outlane'====== Args={'value': 4, 'prev_value': None, 'change': True}
2025-10-16 16:12:09,477 : INFO : EventManager : Event: ======'machine_var_audits_switches_s_right_rollover'====== Args={'value': 347, 'prev_value': None, 'change': True}
2025-10-16 16:12:09,477 : INFO : EventManager : Event: ======'machine_var_audits_switches_s_right_scoop'====== Args={'value': 64, 'prev_value': None, 'change': True}
2025-10-16 16:12:09,477 : INFO : EventManager : Event: ======'machine_var_audits_switches_s_right_standup'====== Args={'value': 131, 'prev_value': None, 'change': True}
2025-10-16 16:12:09,478 : INFO : EventManager : Event: ======'machine_var_audits_switches_s_service_coin'====== Args={'value': 0, 'prev_value': None, 'change': True}
2025-10-16 16:12:09,478 : INFO : EventManager : Event: ======'machine_var_audits_switches_s_sling_left'====== Args={'value': 3, 'prev_value': None, 'change': True}
2025-10-16 16:12:09,478 : INFO : EventManager : Event: ======'machine_var_audits_switches_s_sling_right'====== Args={'value': 8, 'prev_value': None, 'change': True}
2025-10-16 16:12:09,479 : INFO : EventManager : Event: ======'machine_var_audits_switches_s_standup_1'====== Args={'value': 117, 'prev_value': None, 'change': True}
2025-10-16 16:12:09,480 : INFO : EventManager : Event: ======'machine_var_audits_switches_s_standup_2'====== Args={'value': 75, 'prev_value': None, 'change': True}
2025-10-16 16:12:09,480 : INFO : EventManager : Event: ======'machine_var_audits_switches_s_standup_3'====== Args={'value': 73, 'prev_value': None, 'change': True}
2025-10-16 16:12:09,481 : INFO : EventManager : Event: ======'machine_var_audits_switches_s_standup_4'====== Args={'value': 55, 'prev_value': None, 'change': True}
2025-10-16 16:12:09,481 : INFO : EventManager : Event: ======'machine_var_audits_switches_s_standup_5'====== Args={'value': 53, 'prev_value': None, 'change': True}
2025-10-16 16:12:09,482 : INFO : EventManager : Event: ======'machine_var_audits_switches_s_standup_6'====== Args={'value': 43, 'prev_value': None, 'change': True}
2025-10-16 16:12:09,483 : INFO : EventManager : Event: ======'machine_var_audits_switches_s_start'====== Args={'value': 25, 'prev_value': None, 'change': True}
2025-10-16 16:12:09,483 : INFO : EventManager : Event: ======'machine_var_audits_switches_s_top_left_standup'====== Args={'value': 8, 'prev_value': None, 'change': True}
2025-10-16 16:12:09,484 : INFO : EventManager : Event: ======'machine_var_audits_switches_s_top_left_standup2'====== Args={'value': 15, 'prev_value': None, 'change': True}
2025-10-16 16:12:09,485 : INFO : EventManager : Event: ======'machine_var_audits_switches_s_top_middle_inlane'====== Args={'value': 41, 'prev_value': None, 'change': True}
2025-10-16 16:12:09,485 : INFO : EventManager : Event: ======'machine_var_audits_switches_s_trough1'====== Args={'value': 293, 'prev_value': None, 'change': True}
2025-10-16 16:12:09,486 : INFO : EventManager : Event: ======'machine_var_audits_switches_s_trough2'====== Args={'value': 0, 'prev_value': None, 'change': True}
2025-10-16 16:12:09,486 : INFO : EventManager : Event: ======'machine_var_audits_switches_s_trough3'====== Args={'value': 0, 'prev_value': None, 'change': True}
2025-10-16 16:12:09,487 : INFO : EventManager : Event: ======'machine_var_audits_switches_s_trough4'====== Args={'value': 0, 'prev_value': None, 'change': True}
2025-10-16 16:12:09,487 : INFO : EventManager : Event: ======'machine_var_audits_switches_s_trough5'====== Args={'value': 0, 'prev_value': None, 'change': True}
2025-10-16 16:12:09,488 : INFO : EventManager : Event: ======'machine_var_audits_switches_s_trough6'====== Args={'value': 0, 'prev_value': None, 'change': True}
2025-10-16 16:12:09,488 : INFO : EventManager : Event: ======'machine_var_audits_switches_s_trough_jam'====== Args={'value': 0, 'prev_value': None, 'change': True}
2025-10-16 16:12:09,489 : INFO : EventManager : Event: ======'init_phase_5'====== Args={}
2025-10-16 16:12:09,545 : INFO : EventManager : Event: ======'init_done'====== Args={}
2025-10-16 16:12:09,562 : INFO : EventManager : Event: ======'machine_reset_phase_1'====== Args={}
2025-10-16 16:12:09,562 : INFO : BcpServer : New client connected.
2025-10-16 16:12:09,578 : INFO : EventManager : Event: ======'slide_window_slide_1_removed'====== Args={'_from_bcp': True}
2025-10-16 16:12:09,598 : INFO : EventManager : Event: ======'slide_window_slide_1_created'====== Args={'_from_bcp': True}
2025-10-16 16:12:09,599 : INFO : EventManager : Event: ======'slide_window_slide_1_active'====== Args={'_from_bcp': True}
2025-10-16 16:12:09,615 : INFO : EventManager : Event: ======'machine_reset_phase_2'====== Args={}
2025-10-16 16:12:09,615 : INFO : EventManager : Event: ======'machine_reset_phase_3'====== Args={}
2025-10-16 16:12:09,616 : INFO : drop_target_bank.TIME : All targets are already up. Will not reset bank.
2025-10-16 16:12:09,616 : INFO : drop_target_bank.TRAVEL : All targets are already up. Will not reset bank.
2025-10-16 16:12:09,616 : INFO : EventManager : Event: ======'reset_complete'====== Args={}
2025-10-16 16:12:09,617 : INFO : EventManager : Event: ======'mode_credits_will_start'====== Args={}
2025-10-16 16:12:09,618 : INFO : EventManager : Event: ======'mode_credits_starting'====== Args={}
2025-10-16 16:12:09,618 : INFO : EventManager : Event: ======'mode_attract_will_start'====== Args={}
2025-10-16 16:12:09,618 : INFO : EventManager : Event: ======'mode_attract_starting'====== Args={}
2025-10-16 16:12:09,618 : INFO : Mode.attract : Started. Priority: 10
2025-10-16 16:12:09,618 : INFO : EventManager : Event: ======'modes_active_modes_changed'====== Args={}
2025-10-16 16:12:09,619 : INFO : EventManager : Event: ======'mode_attract_started'====== Args={}
2025-10-16 16:12:09,619 : INFO : EventManager : Event: ======'collecting_balls_complete'====== Args={}
2025-10-16 16:12:09,619 : INFO : Mode.credits : Started. Priority: 1000010
2025-10-16 16:12:09,620 : INFO : EventManager : Event: ======'modes_active_modes_changed'====== Args={}
2025-10-16 16:12:09,620 : INFO : EventManager : Event: ======'mode_credits_started'====== Args={}
2025-10-16 16:12:09,620 : INFO : Mode.credits : Credit units per game: 2
2025-10-16 16:12:09,620 : INFO : EventManager : Event: ======'machine_var_price_per_game_raw_0'====== Args={'value': 0.5, 'prev_value': None, 'change': True}
2025-10-16 16:12:09,621 : INFO : EventManager : Event: ======'machine_var_price_per_game_string_0'====== Args={'value': '1 CREDITS $0.5', 'prev_value': None, 'change': True}
2025-10-16 16:12:09,621 : INFO : EventManager : Event: ======'machine_var_price_per_game_raw_1'====== Args={'value': 2.0, 'prev_value': None, 'change': True}
2025-10-16 16:12:09,621 : INFO : EventManager : Event: ======'machine_var_price_per_game_string_1'====== Args={'value': '5 CREDITS $2.0', 'prev_value': None, 'change': True}
2025-10-16 16:12:09,622 : INFO : EventManager : Event: ======'machine_var_credits_string'====== Args={'value': ' ', 'prev_value': 'FREE PLAY', 'change': True}
2025-10-16 16:12:09,622 : INFO : EventManager : Event: ======'machine_var_credits_value'====== Args={'value': '0', 'prev_value': None, 'change': True}
2025-10-16 16:12:09,623 : INFO : EventManager : Event: ======'machine_var_credits_whole_num'====== Args={'value': 0, 'prev_value': None, 'change': True}
2025-10-16 16:12:09,623 : INFO : EventManager : Event: ======'machine_var_credits_numerator'====== Args={'value': 0, 'prev_value': None, 'change': True}
2025-10-16 16:12:09,624 : INFO : EventManager : Event: ======'machine_var_credits_denominator'====== Args={'value': 0, 'prev_value': None, 'change': True}
2025-10-16 16:12:09,625 : INFO : EventManager : Event: ======'machine_var_credits_string'====== Args={'value': 'CREDITS 0', 'prev_value': ' ', 'change': True}
2025-10-16 16:12:09,626 : INFO : EventManager : Event: ======'machine_var_credits_denominator'====== Args={'value': 2, 'prev_value': 0, 'change': 2}
2025-10-16 16:12:09,676 : INFO : EventManager : Event: ======'slide_awesome_slide_created'====== Args={'_from_bcp': True}
2025-10-16 16:12:09,677 : INFO : EventManager : Event: ======'slide_awesome_slide_active'====== Args={'_from_bcp': True}
2025-10-16 16:12:09,677 : INFO : Machine : Starting the main run loop.
2025-10-16 16:12:12,639 : INFO : EventManager : Event: ======'slide_press_start_created'====== Args={'_from_bcp': True}
2025-10-16 16:12:12,650 : INFO : EventManager : Event: ======'slide_press_start_active'====== Args={'_from_bcp': True}
2025-10-16 16:12:15,639 : INFO : EventManager : Event: ======'slide_mission_pinball_created'====== Args={'_from_bcp': True}
2025-10-16 16:12:15,651 : INFO : EventManager : Event: ======'slide_mission_pinball_active'====== Args={'_from_bcp': True}
2025-10-16 16:12:18,640 : INFO : EventManager : Event: ======'slide_last_game_score_slide_created'====== Args={'_from_bcp': True}
2025-10-16 16:12:18,651 : INFO : EventManager : Event: ======'slide_last_game_score_slide_active'====== Args={'_from_bcp': True}
2025-10-16 16:12:21,638 : INFO : EventManager : Event: ======'slide_awesome_slide_removed'====== Args={'_from_bcp': True}
2025-10-16 16:12:21,639 : INFO : EventManager : Event: ======'slide_awesome_slide_created'====== Args={'_from_bcp': True}
2025-10-16 16:12:21,651 : INFO : EventManager : Event: ======'slide_awesome_slide_active'====== Args={'_from_bcp': True}
2025-10-16 16:12:24,636 : INFO : EventManager : Event: ======'slide_press_start_removed'====== Args={'_from_bcp': True}
2025-10-16 16:12:24,640 : INFO : EventManager : Event: ======'slide_press_start_created'====== Args={'_from_bcp': True}
2025-10-16 16:12:24,651 : INFO : EventManager : Event: ======'slide_press_start_active'====== Args={'_from_bcp': True}
2025-10-16 16:12:24,834 : INFO : SwitchController : <<<<<<< 's_start' active >>>>>>>
2025-10-16 16:12:24,934 : INFO : SwitchController : <<<<<<< 's_start' inactive >>>>>>>
2025-10-16 16:12:24,934 : INFO : EventManager : Event: ======'request_to_start_game'====== Args={}
2025-10-16 16:12:24,935 : INFO : Mode.credits : Received request to start game. Request Denied. Not enough credits available.
2025-10-16 16:12:24,935 : INFO : EventManager : Event: ======'not_enough_credits'====== Args={}
2025-10-16 16:12:24,942 : INFO : EventManager : Event: ======'slide_not_enough_credits_slide_created'====== Args={'_from_bcp': True}
2025-10-16 16:12:24,952 : INFO : EventManager : Event: ======'slide_not_enough_credits_slide_active'====== Args={'_from_bcp': True}
2025-10-16 16:12:26,951 : INFO : EventManager : Event: ======'slide_not_enough_credits_slide_removed'====== Args={'_from_bcp': True}
2025-10-16 16:12:26,954 : INFO : EventManager : Event: ======'slide_press_start_active'====== Args={'_from_bcp': True}
2025-10-16 16:12:27,651 : INFO : EventManager : Event: ======'slide_mission_pinball_removed'====== Args={'_from_bcp': True}
2025-10-16 16:12:27,652 : INFO : EventManager : Event: ======'slide_mission_pinball_created'====== Args={'_from_bcp': True}
2025-10-16 16:12:27,653 : INFO : EventManager : Event: ======'slide_mission_pinball_active'====== Args={'_from_bcp': True}
2025-10-16 16:12:28,500 : INFO : SwitchController : <<<<<<< 's_coin_left' active >>>>>>>
2025-10-16 16:12:28,500 : INFO : Mode.credits : Credit switch hit. Credit Added. Value: 0.25. Type: money keyName: None
2025-10-16 16:12:28,501 : INFO : Mode.credits : Credit units added
2025-10-16 16:12:28,501 : INFO : EventManager : Event: ======'machine_var_credit_units'====== Args={'value': 1, 'prev_value': 0, 'change': 1}
2025-10-16 16:12:28,502 : INFO : EventManager : Event: ======'machine_var_credits_string'====== Args={'value': 'CREDITS 1/2', 'prev_value': 'CREDITS 0', 'change': True}
2025-10-16 16:12:28,503 : INFO : EventManager : Event: ======'machine_var_credits_value'====== Args={'value': '1/2', 'prev_value': '0', 'change': True}
2025-10-16 16:12:28,504 : INFO : EventManager : Event: ======'machine_var_credits_numerator'====== Args={'value': 1, 'prev_value': 0, 'change': 1}
2025-10-16 16:12:28,506 : INFO : EventManager : Event: ======'credits_added'====== Args={}
2025-10-16 16:12:28,506 : INFO : Mode.credits : Credit audits. Value: 0.25. Type: money keyName: None
2025-10-16 16:12:28,524 : INFO : EventManager : Event: ======'slide_credit_added_slide_created'====== Args={'_from_bcp': True}
2025-10-16 16:12:28,536 : INFO : EventManager : Event: ======'slide_credit_added_slide_active'====== Args={'_from_bcp': True}
2025-10-16 16:12:28,634 : INFO : SwitchController : <<<<<<< 's_coin_left' inactive >>>>>>>
2025-10-16 16:12:29,234 : INFO : SwitchController : <<<<<<< 's_coin_left' active >>>>>>>
2025-10-16 16:12:29,234 : INFO : Mode.credits : Credit switch hit. Credit Added. Value: 0.25. Type: money keyName: None
2025-10-16 16:12:29,235 : INFO : Mode.credits : Credit units added
2025-10-16 16:12:29,235 : INFO : EventManager : Event: ======'machine_var_credit_units'====== Args={'value': 2, 'prev_value': 1, 'change': 1}
2025-10-16 16:12:29,236 : INFO : EventManager : Event: ======'machine_var_credits_string'====== Args={'value': 'CREDITS 1', 'prev_value': 'CREDITS 1/2', 'change': True}
2025-10-16 16:12:29,237 : INFO : EventManager : Event: ======'machine_var_credits_value'====== Args={'value': '1', 'prev_value': '1/2', 'change': True}
2025-10-16 16:12:29,237 : INFO : EventManager : Event: ======'machine_var_credits_whole_num'====== Args={'value': 1, 'prev_value': 0, 'change': 1}
2025-10-16 16:12:29,238 : INFO : EventManager : Event: ======'machine_var_credits_numerator'====== Args={'value': 0, 'prev_value': 1, 'change': -1}
2025-10-16 16:12:29,239 : INFO : EventManager : Event: ======'credits_added'====== Args={}
2025-10-16 16:12:29,239 : INFO : Mode.credits : Credit audits. Value: 0.25. Type: money keyName: None
2025-10-16 16:12:29,255 : INFO : EventManager : Event: ======'slide_credit_added_slide_removed'====== Args={'_from_bcp': True}
2025-10-16 16:12:29,257 : INFO : EventManager : Event: ======'slide_credit_added_slide_created'====== Args={'_from_bcp': True}
2025-10-16 16:12:29,258 : INFO : EventManager : Event: ======'slide_credit_added_slide_removed'====== Args={'_from_bcp': True}
2025-10-16 16:12:29,268 : INFO : EventManager : Event: ======'slide_credit_added_slide_active'====== Args={'_from_bcp': True}
2025-10-16 16:12:29,383 : INFO : SwitchController : <<<<<<< 's_coin_left' inactive >>>>>>>
2025-10-16 16:12:30,638 : INFO : EventManager : Event: ======'slide_last_game_score_slide_removed'====== Args={'_from_bcp': True}
2025-10-16 16:12:30,651 : INFO : EventManager : Event: ======'slide_last_game_score_slide_created'====== Args={'_from_bcp': True}
2025-10-16 16:12:31,267 : INFO : SwitchController : <<<<<<< 's_start' active >>>>>>>
2025-10-16 16:12:31,276 : INFO : EventManager : Event: ======'slide_credit_added_slide_removed'====== Args={'_from_bcp': True}
2025-10-16 16:12:31,276 : INFO : EventManager : Event: ======'slide_last_game_score_slide_active'====== Args={'_from_bcp': True}
2025-10-16 16:12:31,384 : INFO : SwitchController : <<<<<<< 's_start' inactive >>>>>>>
2025-10-16 16:12:31,384 : INFO : EventManager : Event: ======'request_to_start_game'====== Args={}
2025-10-16 16:12:31,385 : INFO : Mode.credits : Received request to start game. Request Approved. Sufficient credits available.
2025-10-16 16:12:31,385 : INFO : EventManager : Event: ======'game_start'====== Args={'buttons': [], 'hold_time': 0.125}
2025-10-16 16:12:31,385 : INFO : EventManager : Event: ======'mode_game_will_start'====== Args={'buttons': [], 'hold_time': 0.125}
2025-10-16 16:12:31,386 : INFO : EventManager : Event: ======'mode_game_starting'====== Args={'buttons': [], 'hold_time': 0.125}
2025-10-16 16:12:31,386 : INFO : EventManager : Event: ======'mode_attract_will_stop'====== Args={}
2025-10-16 16:12:31,386 : INFO : EventManager : Event: ======'mode_attract_stopping'====== Args={}
2025-10-16 16:12:31,386 : INFO : Mode.attract : Stopped.
2025-10-16 16:12:31,386 : INFO : EventManager : Event: ======'modes_active_modes_changed'====== Args={}
2025-10-16 16:12:31,386 : INFO : EventManager : Event: ======'mode_attract_stopped'====== Args={}
2025-10-16 16:12:31,387 : INFO : EventManager : Event: ======'clear'====== Args={'key': 'attract'}
2025-10-16 16:12:31,387 : INFO : Mode.game : Started. Priority: 20
2025-10-16 16:12:31,387 : INFO : EventManager : Event: ======'modes_active_modes_changed'====== Args={}
2025-10-16 16:12:31,387 : INFO : EventManager : Event: ======'mode_game_started'====== Args={'buttons': [], 'hold_time': 0.125}
2025-10-16 16:12:31,398 : INFO : EventManager : Event: ======'game_will_start'====== Args={}
2025-10-16 16:12:31,399 : INFO : EventManager : Event: ======'game_starting'====== Args={'game': <Mode.game>}
2025-10-16 16:12:31,399 : INFO : EventManager : Unordered handler for class <Auditor> on event game_ended with priority 1. Handlers: [RegisteredHandler(callback=<bound method Auditor.disable of <Auditor>>, priority=1, kwargs={}, key=UUID('2a61b1d6-2ed0-4f13-b2db-ec0fa7451b32'), condition=None, blocking_facility=None), RegisteredHandler(callback=<bound method Auditor._save_audits of <Auditor>>, priority=1, kwargs={}, key=UUID('ac2b63a8-f2c1-4e42-9f0c-e18a33d837d3'), condition=None, blocking_facility=None)]. The order of those handlers is not defined and they will be executed in random order. This might lead to race conditions and potential bugs.
2025-10-16 16:12:31,400 : INFO : EventManager : Event: ======'player_add_request'====== Args={}
2025-10-16 16:12:31,400 : INFO : Mode.credits : Received request to add player. Request Approved. Sufficient credits available.
2025-10-16 16:12:31,400 : INFO : EventManager : Event: ======'player_will_add'====== Args={'number': 1}
2025-10-16 16:12:31,400 : INFO : EventManager : Event: ======'player_adding'====== Args={'player': <Player 1>, 'number': 1}
2025-10-16 16:12:31,401 : INFO : EventManager : Event: ======'player_added'====== Args={'player': <Player 1>, 'num': 1}
2025-10-16 16:12:31,401 : INFO : Mode.game : Player added successfully. Total players: 1
2025-10-16 16:12:31,402 : INFO : EventManager : Event: ======'machine_var_credit_units'====== Args={'value': 0, 'prev_value': 2, 'change': -2}
2025-10-16 16:12:31,403 : INFO : EventManager : Event: ======'machine_var_credits_string'====== Args={'value': 'CREDITS 0', 'prev_value': 'CREDITS 1', 'change': True}
2025-10-16 16:12:31,404 : INFO : EventManager : Event: ======'machine_var_credits_value'====== Args={'value': '0', 'prev_value': '1', 'change': True}
2025-10-16 16:12:31,404 : INFO : EventManager : Event: ======'machine_var_credits_whole_num'====== Args={'value': 0, 'prev_value': 1, 'change': -1}
2025-10-16 16:12:31,405 : INFO : EventManager : Event: ======'player_index'====== Args={'value': 0, 'prev_value': 0, 'change': 0, 'player_num': 1}
2025-10-16 16:12:31,406 : INFO : EventManager : Event: ======'player_number'====== Args={'value': 1, 'prev_value': 1, 'change': 0, 'player_num': 1}
2025-10-16 16:12:31,406 : INFO : EventManager : Event: ======'player_sj_active'====== Args={'value': 0, 'prev_value': 0, 'change': 0, 'player_num': 1}
2025-10-16 16:12:31,406 : INFO : EventManager : Event: ======'player_score'====== Args={'value': 0, 'prev_value': 0, 'change': 0, 'player_num': 1}
2025-10-16 16:12:31,407 : INFO : EventManager : Event: ======'game_started'====== Args={}
2025-10-16 16:12:31,425 : INFO : EventManager : Event: ======'player_turn_will_start'====== Args={'player': <Player 1>, 'number': 1}
2025-10-16 16:12:31,426 : INFO : EventManager : Event: ======'slide_awesome_slide_removed'====== Args={'_from_bcp': True}
2025-10-16 16:12:31,426 : INFO : EventManager : Event: ======'slide_press_start_removed'====== Args={'_from_bcp': True}
2025-10-16 16:12:31,426 : INFO : EventManager : Event: ======'slide_mission_pinball_removed'====== Args={'_from_bcp': True}
2025-10-16 16:12:31,426 : INFO : EventManager : Event: ======'slide_last_game_score_slide_removed'====== Args={'_from_bcp': True}
2025-10-16 16:12:31,426 : INFO : EventManager : Event: ======'slide_player_added_slide_created'====== Args={'_from_bcp': True}
2025-10-16 16:12:31,427 : INFO : EventManager : Event: ======'player_turn_starting'====== Args={'player': <Player 1>, 'number': 1}
2025-10-16 16:12:31,428 : INFO : EventManager : Event: ======'slide_player_added_slide_active'====== Args={'_from_bcp': True}
2025-10-16 16:12:31,428 : INFO : EventManager : Event: ======'slide_player_added_slide_removed'====== Args={'_from_bcp': True}
2025-10-16 16:12:31,428 : INFO : EventManager : Event: ======'slide_player_added_slide_created'====== Args={'_from_bcp': True}
2025-10-16 16:12:31,428 : INFO : EventManager : Event: ======'slide_player_added_slide_removed'====== Args={'_from_bcp': True}
2025-10-16 16:12:31,429 : INFO : EventManager : Event: ======'player_ball'====== Args={'value': 1, 'prev_value': 0, 'change': 1, 'player_num': 1}
2025-10-16 16:12:31,429 : INFO : EventManager : Event: ======'player_turn_started'====== Args={'player': <Player 1>, 'number': 1}
2025-10-16 16:12:31,430 : INFO : EventManager : Event: ======'ball_will_start'====== Args={'player': 1, 'ball': 1, 'balls_remaining': 2, 'is_extra_ball': False}
2025-10-16 16:12:31,434 : INFO : EventManager : Event: ======'slide_player_added_slide_created'====== Args={'_from_bcp': True}
2025-10-16 16:12:31,435 : INFO : EventManager : Event: ======'ball_starting'====== Args={'player': 1, 'ball': 1, 'balls_remaining': 2, 'is_extra_ball': False}
2025-10-16 16:12:31,435 : INFO : EventManager : Event: ======'slide_player_added_slide_active'====== Args={'_from_bcp': True}
2025-10-16 16:12:31,436 : INFO : EventManager : Event: ======'mode_special_setup_will_start'====== Args={'queue': <QueuedEvent>, 'player': 1, 'ball': 1, 'balls_remaining': 2, 'is_extra_ball': False}
2025-10-16 16:12:31,436 : INFO : EventManager : Event: ======'mode_special_setup_starting'====== Args={'queue': <QueuedEvent>, 'player': 1, 'ball': 1, 'balls_remaining': 2, 'is_extra_ball': False}
2025-10-16 16:12:31,437 : INFO : EventManager : Event: ======'mode_super_jets_setup_will_start'====== Args={'queue': <QueuedEvent>, 'player': 1, 'ball': 1, 'balls_remaining': 2, 'is_extra_ball': False}
2025-10-16 16:12:31,437 : INFO : EventManager : Event: ======'player_shot_jets_enabled'====== Args={'value': True, 'prev_value': 0, 'change': 1, 'player_num': 1}
2025-10-16 16:12:31,438 : INFO : EventManager : Event: ======'mode_super_jets_setup_starting'====== Args={'queue': <QueuedEvent>, 'player': 1, 'ball': 1, 'balls_remaining': 2, 'is_extra_ball': False}
2025-10-16 16:12:31,438 : INFO : drop_target_bank.TIME : All targets are already up. Will not reset bank.
2025-10-16 16:12:31,439 : INFO : drop_target_bank.TRAVEL : All targets are already up. Will not reset bank.
2025-10-16 16:12:31,440 : INFO : EventManager : Event: ======'balls_in_play'====== Args={'balls': 1}
2025-10-16 16:12:31,440 : INFO : EventManager : Event: ======'ball_started'====== Args={'player': 1, 'ball': 1, 'balls_remaining': 2, 'is_extra_ball': False}
2025-10-16 16:12:31,441 : INFO : EventManager : Event: ======'logicblock_special_count_updated'====== Args={'value': 0, 'enabled': True}
2025-10-16 16:12:31,441 : INFO : EventManager : Event: ======'logicblock_special_count_updated'====== Args={'value': 0, 'enabled': True}
2025-10-16 16:12:31,441 : INFO : Mode.special_setup : Started. Priority: 400
2025-10-16 16:12:31,441 : INFO : EventManager : Event: ======'modes_active_modes_changed'====== Args={}
2025-10-16 16:12:31,441 : INFO : EventManager : Event: ======'mode_special_setup_started'====== Args={'queue': <QueuedEvent>, 'player': 1, 'ball': 1, 'balls_remaining': 2, 'is_extra_ball': False}
2025-10-16 16:12:31,441 : INFO : EventManager : Event: ======'logicblock_lb_jets_count_updated'====== Args={'value': 0, 'enabled': True}
2025-10-16 16:12:31,441 : INFO : EventManager : Event: ======'logicblock_lb_rollover_complete_count_updated'====== Args={'value': 0, 'enabled': True}
2025-10-16 16:12:31,442 : INFO : EventManager : Event: ======'logicblock_lb_jets_count_updated'====== Args={'value': 0, 'enabled': True}
2025-10-16 16:12:31,442 : INFO : EventManager : Event: ======'logicblock_lb_jets_resume_updated'====== Args={'value': 0, 'enabled': False}
2025-10-16 16:12:31,442 : INFO : EventManager : Event: ======'logicblock_lb_rollover_complete_count_updated'====== Args={'value': 0, 'enabled': True}
2025-10-16 16:12:31,442 : INFO : Mode.super_jets_setup : Started. Priority: 200
2025-10-16 16:12:31,442 : INFO : EventManager : Event: ======'modes_active_modes_changed'====== Args={}
2025-10-16 16:12:31,442 : INFO : EventManager : Event: ======'mode_super_jets_setup_started'====== Args={'queue': <QueuedEvent>, 'player': 1, 'ball': 1, 'balls_remaining': 2, 'is_extra_ball': False}
2025-10-16 16:12:31,442 : INFO : EventManager : Event: ======'mode_base_will_start'====== Args={'player': 1, 'ball': 1, 'balls_remaining': 2, 'is_extra_ball': False}
2025-10-16 16:12:31,443 : INFO : EventManager : Event: ======'player_shot_left_rollover_shot_enabled'====== Args={'value': True, 'prev_value': 0, 'change': 1, 'player_num': 1}
2025-10-16 16:12:31,443 : INFO : EventManager : Event: ======'player_shot_center_rollover_shot_enabled'====== Args={'value': True, 'prev_value': 0, 'change': 1, 'player_num': 1}
2025-10-16 16:12:31,444 : INFO : EventManager : Event: ======'player_shot_right_rollover_shot_enabled'====== Args={'value': True, 'prev_value': 0, 'change': 1, 'player_num': 1}
2025-10-16 16:12:31,444 : INFO : EventManager : Event: ======'player_shot_right_scoop_shot_enabled'====== Args={'value': True, 'prev_value': 0, 'change': 1, 'player_num': 1}
2025-10-16 16:12:31,444 : INFO : EventManager : Event: ======'player_shot_T_enabled'====== Args={'value': True, 'prev_value': 0, 'change': 1, 'player_num': 1}
2025-10-16 16:12:31,445 : INFO : EventManager : Event: ======'player_shot_I_enabled'====== Args={'value': True, 'prev_value': 0, 'change': 1, 'player_num': 1}
2025-10-16 16:12:31,445 : INFO : EventManager : Event: ======'player_shot_M_enabled'====== Args={'value': True, 'prev_value': 0, 'change': 1, 'player_num': 1}
2025-10-16 16:12:31,445 : INFO : EventManager : Event: ======'player_shot_E_enabled'====== Args={'value': True, 'prev_value': 0, 'change': 1, 'player_num': 1}
2025-10-16 16:12:31,446 : INFO : EventManager : Event: ======'player_shot_Tb_enabled'====== Args={'value': True, 'prev_value': 0, 'change': 1, 'player_num': 1}
2025-10-16 16:12:31,446 : INFO : EventManager : Event: ======'player_shot_R_enabled'====== Args={'value': True, 'prev_value': 0, 'change': 1, 'player_num': 1}
2025-10-16 16:12:31,446 : INFO : EventManager : Event: ======'player_shot_A_enabled'====== Args={'value': True, 'prev_value': 0, 'change': 1, 'player_num': 1}
2025-10-16 16:12:31,447 : INFO : EventManager : Event: ======'player_shot_V_enabled'====== Args={'value': True, 'prev_value': 0, 'change': 1, 'player_num': 1}
2025-10-16 16:12:31,447 : INFO : EventManager : Event: ======'player_shot_Eb_enabled'====== Args={'value': True, 'prev_value': 0, 'change': 1, 'player_num': 1}
2025-10-16 16:12:31,448 : INFO : EventManager : Event: ======'player_shot_L_enabled'====== Args={'value': True, 'prev_value': 0, 'change': 1, 'player_num': 1}
2025-10-16 16:12:31,448 : INFO : EventManager : Event: ======'player_shot_bumper1_shot_enabled'====== Args={'value': True, 'prev_value': 0, 'change': 1, 'player_num': 1}
2025-10-16 16:12:31,448 : INFO : EventManager : Event: ======'player_shot_bumper2_shot_enabled'====== Args={'value': True, 'prev_value': 0, 'change': 1, 'player_num': 1}
2025-10-16 16:12:31,449 : INFO : EventManager : Event: ======'player_shot_right_inlane_shot_enabled'====== Args={'value': True, 'prev_value': 0, 'change': 1, 'player_num': 1}
2025-10-16 16:12:31,449 : INFO : EventManager : Event: ======'rollover_lanes_complete'====== Args={'state': 'unlit'}
2025-10-16 16:12:31,449 : INFO : EventManager : Event: ======'rollover_lanes_unlit_complete'====== Args={}
2025-10-16 16:12:31,450 : INFO : EventManager : Event: ======'TIME_droptargets_complete'====== Args={'state': 'unlit'}
2025-10-16 16:12:31,450 : INFO : EventManager : Event: ======'TIME_droptargets_unlit_complete'====== Args={}
2025-10-16 16:12:31,450 : INFO : EventManager : Event: ======'TRAVEL_droptargets_complete'====== Args={'state': 'unlit'}
2025-10-16 16:12:31,450 : INFO : EventManager : Event: ======'TRAVEL_droptargets_unlit_complete'====== Args={}
2025-10-16 16:12:31,453 : INFO : EventManager : Event: ======'mode_base_starting'====== Args={'player': 1, 'ball': 1, 'balls_remaining': 2, 'is_extra_ball': False}
2025-10-16 16:12:31,455 : INFO : EventManager : Event: ======'logicblock_my_counter_updated'====== Args={'value': 0, 'enabled': True}
2025-10-16 16:12:31,455 : INFO : EventManager : Event: ======'logicblock_my_counter_updated'====== Args={'value': 0, 'enabled': True}
2025-10-16 16:12:31,455 : INFO : Mode.base : Started. Priority: 100
2025-10-16 16:12:31,455 : INFO : EventManager : Event: ======'modes_active_modes_changed'====== Args={}
2025-10-16 16:12:31,455 : INFO : EventManager : Event: ======'mode_base_started'====== Args={'player': 1, 'ball': 1, 'balls_remaining': 2, 'is_extra_ball': False}
2025-10-16 16:12:31,455 : INFO : EventManager : Event: ======'single_player_ball_started'====== Args={}
2025-10-16 16:12:31,496 : INFO : EventManager : Event: ======'ball_start_target'====== Args={'target': 'playfield'}
2025-10-16 16:12:31,537 : INFO : ball_device.bd_plunger : Setting up player-controlled eject. Balls: 1, Target: <playfield.playfield>, player_controlled_eject_event: None
2025-10-16 16:12:31,537 : INFO : EventManager : Event: ======'balldevice_balls_available'====== Args={}
2025-10-16 16:12:31,538 : INFO : EventManager : Event: ======'slide_base.slide_player-mode_base_started_created'====== Args={'_from_bcp': True}
2025-10-16 16:12:31,538 : INFO : EventManager : Event: ======'slide_base.slide_player-mode_base_started_active'====== Args={'_from_bcp': True}
2025-10-16 16:12:31,538 : INFO : ball_device.bd_trough : State: waiting_for_target_ready
2025-10-16 16:12:31,539 : INFO : EventManager : Event: ======'balldevice_bd_trough_ball_eject_attempt'====== Args={'balls': 1, 'target': <ball_device.bd_plunger>, 'source': <ball_device.bd_trough>, 'mechanical_eject': True, 'num_attempts': 0}
2025-10-16 16:12:31,539 : INFO : ball_device.bd_plunger : State: waiting_for_ball
2025-10-16 16:12:31,539 : INFO : ball_device.bd_trough : State: ejecting
2025-10-16 16:12:31,540 : INFO : ball_device.bd_trough : Ejecting ball to <ball_device.bd_plunger>
2025-10-16 16:12:31,540 : INFO : EventManager : Event: ======'balldevice_bd_trough_ejecting_ball'====== Args={'balls': 1, 'target': <ball_device.bd_plunger>, 'source': <ball_device.bd_trough>, 'mechanical_eject': True, 'num_attempts': 0}
2025-10-16 16:12:31,540 : INFO : ball_device.bd_trough : Wait for ball to leave device
2025-10-16 16:12:31,541 : INFO : coil.c_trough_eject : Pulsing Driver for 20ms (1.0 pulse_power)
2025-10-16 16:12:31,541 : INFO : SwitchController : <<<<<<< 's_trough1' inactive >>>>>>>
2025-10-16 16:12:31,549 : INFO : ball_device.bd_trough : State: ball_left
2025-10-16 16:12:31,550 : INFO : ball_device.bd_trough : Ball left
2025-10-16 16:12:31,550 : INFO : ball_device.bd_trough : Wait for confirm with timeout 3.0
2025-10-16 16:12:31,640 : INFO : SwitchController : <<<<<<< 's_plunger' active >>>>>>>
2025-10-16 16:12:31,640 : INFO : EventManager : Event: ======'machine_var_audits_switches_s_plunger'====== Args={'value': 472, 'prev_value': 471, 'change': 1}
2025-10-16 16:12:32,131 : INFO : ball_device.bd_plunger : Received ball from <ball_device.bd_trough>
2025-10-16 16:12:32,131 : INFO : EventManager : Event: ======'balldevice_bd_plunger_ball_enter'====== Args={'new_balls': 1, 'unclaimed_balls': 0, 'new_available_balls': 0, 'device': <ball_device.bd_plunger>}
2025-10-16 16:12:32,132 : INFO : EventManager : Event: ======'balldevice_bd_plunger_ball_entered'====== Args={'new_balls': 0, 'device': <ball_device.bd_plunger>}
2025-10-16 16:12:32,132 : INFO : EventManager : Event: ======'balldevice_bd_plunger_ball_count_changed'====== Args={'balls': 1}
2025-10-16 16:12:32,132 : INFO : ball_device.bd_trough : Got eject confirm
2025-10-16 16:12:32,133 : INFO : ball_device.bd_trough : Eject successful
2025-10-16 16:12:32,133 : INFO : EventManager : Event: ======'balldevice_bd_trough_ball_eject_success'====== Args={'balls': 1, 'target': <ball_device.bd_plunger>}
2025-10-16 16:12:32,133 : INFO : EventManager : Event: ======'balldevice_bd_trough_ball_count_changed'====== Args={'balls': 5}
2025-10-16 16:12:32,133 : INFO : ball_device.bd_trough : State: idle
2025-10-16 16:12:32,134 : INFO : ball_device.bd_plunger : State: waiting_for_target_ready
2025-10-16 16:12:32,134 : INFO : EventManager : Event: ======'balldevice_bd_plunger_ball_eject_attempt'====== Args={'balls': 1, 'target': <playfield.playfield>, 'source': <ball_device.bd_plunger>, 'mechanical_eject': True, 'num_attempts': 0}
2025-10-16 16:12:32,134 : INFO : ball_device.bd_plunger : State: ejecting
2025-10-16 16:12:32,134 : INFO : ball_device.bd_plunger : Ejecting ball to <playfield.playfield>
2025-10-16 16:12:32,134 : INFO : EventManager : Event: ======'balldevice_bd_plunger_ejecting_ball'====== Args={'balls': 1, 'target': <playfield.playfield>, 'source': <ball_device.bd_plunger>, 'mechanical_eject': True, 'num_attempts': 0}
2025-10-16 16:12:32,136 : INFO : ball_device.bd_plunger : Wait for ball to leave device
2025-10-16 16:12:32,434 : INFO : EventManager : Event: ======'slide_player_added_slide_removed'====== Args={'_from_bcp': True}
2025-10-16 16:12:35,140 : INFO : Machine : Shutting down...
2025-10-16 16:12:35,140 : INFO : EventManager : Event: ======'shutdown'====== Args={}
2025-10-16 16:12:35,148 : INFO : EventManager : Event: ======'mode_game_will_stop'====== Args={}
2025-10-16 16:12:35,148 : INFO : EventManager : Event: ======'mode_game_stopping'====== Args={}
2025-10-16 16:12:35,148 : INFO : EventManager : Event: ======'mode_base_will_stop'====== Args={}
2025-10-16 16:12:35,149 : INFO : EventManager : Event: ======'mode_base_stopping'====== Args={}
2025-10-16 16:12:35,149 : INFO : EventManager : Event: ======'mode_super_jets_setup_will_stop'====== Args={}
2025-10-16 16:12:35,149 : INFO : EventManager : Event: ======'mode_super_jets_setup_stopping'====== Args={}
2025-10-16 16:12:35,149 : INFO : EventManager : Event: ======'mode_special_setup_will_stop'====== Args={}
2025-10-16 16:12:35,149 : INFO : EventManager : Event: ======'mode_special_setup_stopping'====== Args={}
2025-10-16 16:12:35,149 : INFO : Mode.special_setup : Stopped.
2025-10-16 16:12:35,149 : INFO : EventManager : Event: ======'modes_active_modes_changed'====== Args={}
2025-10-16 16:12:35,149 : INFO : EventManager : Event: ======'mode_special_setup_stopped'====== Args={}
2025-10-16 16:12:35,149 : INFO : EventManager : Event: ======'clear'====== Args={'key': 'special_setup'}
2025-10-16 16:12:35,149 : INFO : Mode.super_jets_setup : Stopped.
2025-10-16 16:12:35,149 : INFO : EventManager : Event: ======'modes_active_modes_changed'====== Args={}
2025-10-16 16:12:35,149 : INFO : EventManager : Event: ======'mode_super_jets_setup_stopped'====== Args={}
2025-10-16 16:12:35,150 : INFO : EventManager : Event: ======'clear'====== Args={'key': 'super_jets_setup'}
2025-10-16 16:12:35,150 : INFO : Mode.base : Stopped.
2025-10-16 16:12:35,150 : INFO : EventManager : Event: ======'modes_active_modes_changed'====== Args={}
2025-10-16 16:12:35,150 : INFO : EventManager : Event: ======'mode_base_stopped'====== Args={}
2025-10-16 16:12:35,150 : INFO : EventManager : Event: ======'clear'====== Args={'key': 'base'}
2025-10-16 16:12:35,152 : INFO : Mode.game : Stopped.
2025-10-16 16:12:35,152 : INFO : EventManager : Event: ======'modes_active_modes_changed'====== Args={}
2025-10-16 16:12:35,152 : INFO : EventManager : Event: ======'mode_game_stopped'====== Args={}
2025-10-16 16:12:35,152 : INFO : EventManager : Event: ======'clear'====== Args={'key': 'game'}
2025-10-16 16:12:35,156 : INFO : root : MPF run loop ended.
