2025-10-21 14:10:31,708 : INFO : root : Loading config.
2025-10-21 14:10:31,712 : INFO : YamlMultifileConfigLoader : Machine config file #1: config.yaml
2025-10-21 14:10:31,713 : WARNING : ConfigProcessor : Config file in cache changed: C:\Users\richa\ttp7\config\config.yaml
2025-10-21 14:10:31,713 : INFO : ConfigProcessor : Loading config from file C:\Users\richa\mpfvirtual4\lib\site-packages\mpf\mpfconfig.yaml.
2025-10-21 14:10:31,728 : INFO : ConfigProcessor : Loading config: C:\Users\richa\mpfvirtual4\lib\site-packages\mpf\mpfconfig.yaml
2025-10-21 14:10:31,729 : INFO : ConfigProcessor : Loading config from file C:\Users\richa\ttp7\config\config.yaml.
2025-10-21 14:10:31,740 : INFO : ConfigProcessor : Loading config: C:\Users\richa\ttp7\config\config.yaml
2025-10-21 14:10:31,742 : INFO : ConfigProcessor : Loading config: C:\Users\richa\ttp7\config\config_sounds.yaml
2025-10-21 14:10:31,743 : INFO : ConfigProcessor : Loading config: C:\Users\richa\ttp7\config\config_ball_devices.yaml
2025-10-21 14:10:31,745 : INFO : ConfigProcessor : Loading config: C:\Users\richa\ttp7\config\config_coils.yaml
2025-10-21 14:10:31,747 : INFO : ConfigProcessor : Loading config: C:\Users\richa\ttp7\config\config_flippers.yaml
2025-10-21 14:10:31,752 : INFO : ConfigProcessor : Loading config: C:\Users\richa\ttp7\config\config_switches.yaml
2025-10-21 14:10:31,757 : INFO : ConfigProcessor : Loading config: C:\Users\richa\ttp7\config\config_lights.yaml
2025-10-21 14:10:31,761 : INFO : ConfigProcessor : Loading config: C:\Users\richa\ttp7\config\config_credits.yaml
2025-10-21 14:10:31,765 : INFO : ConfigProcessor : Loading config: C:\Users\richa\ttp7\config\config_droptargets.yaml
2025-10-21 14:10:31,769 : INFO : ConfigProcessor : Config file cache created: C:\Users\richa\AppData\Local\Temp\f7776651e259183bd84a8c8d686bf868.mpf_cache
2025-10-21 14:10:31,852 : INFO : ConfigProcessor : Loading config from cache: C:\Users\richa\AppData\Local\Temp\70233839fc0b792ce11a62f3c18c1950.mpf_cache
2025-10-21 14:10:31,853 : INFO : ConfigProcessor : Loading config from cache: C:\Users\richa\AppData\Local\Temp\9c8dea79ca4d15ee886340e992e8cb9d.mpf_cache
2025-10-21 14:10:31,854 : INFO : ConfigProcessor : Loading config from cache: C:\Users\richa\AppData\Local\Temp\67a19b095f918111543419ac0271bfb1.mpf_cache
2025-10-21 14:10:31,855 : INFO : ConfigProcessor : Loading config from cache: C:\Users\richa\AppData\Local\Temp\be387b0e8ed00556ec738d83cd6947d1.mpf_cache
2025-10-21 14:10:31,856 : INFO : ConfigProcessor : Loading config from cache: C:\Users\richa\AppData\Local\Temp\5a8efabd9666d8c71fa755fc28a9bf1e.mpf_cache
2025-10-21 14:10:31,856 : INFO : ConfigProcessor : Loading config from cache: C:\Users\richa\AppData\Local\Temp\fb58745e58584e219ff53db445e8e9f2.mpf_cache
2025-10-21 14:10:31,857 : INFO : ConfigProcessor : Loading config from cache: C:\Users\richa\AppData\Local\Temp\3a5badf48d988f9fc0f9b093a934917d.mpf_cache
2025-10-21 14:10:31,858 : INFO : ConfigProcessor : Loading config from cache: C:\Users\richa\AppData\Local\Temp\9e788d9ac28f3464b985b20edf80a10e.mpf_cache
2025-10-21 14:10:31,859 : INFO : ConfigProcessor : Loading config from cache: C:\Users\richa\AppData\Local\Temp\7e426d8ffa907371bf962f3181d8bdf2.mpf_cache
2025-10-21 14:10:31,860 : INFO : ConfigProcessor : Loading config from cache: C:\Users\richa\AppData\Local\Temp\77e0376825dda61b91775259cce643ad.mpf_cache
2025-10-21 14:10:31,861 : INFO : ConfigProcessor : Loading config from cache: C:\Users\richa\AppData\Local\Temp\e68c20669f80ec7d0801afbfa80f9eff.mpf_cache
2025-10-21 14:10:31,862 : INFO : ConfigProcessor : Loading config from cache: C:\Users\richa\AppData\Local\Temp\28e9108f411f2b73ba76f82bf4f68e34.mpf_cache
2025-10-21 14:10:31,863 : INFO : ConfigProcessor : Loading config from cache: C:\Users\richa\AppData\Local\Temp\b710dc01437f1dfd05f3b5275f67493b.mpf_cache
2025-10-21 14:10:31,864 : INFO : ConfigProcessor : Loading config from cache: C:\Users\richa\AppData\Local\Temp\0a23590f4081187a3ecee75c7657616e.mpf_cache
2025-10-21 14:10:31,865 : INFO : ConfigProcessor : Loading config from cache: C:\Users\richa\AppData\Local\Temp\374a5edaf0766cb9005f368df852c09d.mpf_cache
2025-10-21 14:10:31,866 : INFO : ConfigProcessor : Loading config from cache: C:\Users\richa\AppData\Local\Temp\b50d1c72289d6f8f00cba34766fbb2e5.mpf_cache
2025-10-21 14:10:31,867 : INFO : ConfigProcessor : Loading config from cache: C:\Users\richa\AppData\Local\Temp\bfc680b70531e398658191c2a179bce0.mpf_cache
2025-10-21 14:10:31,868 : INFO : ConfigProcessor : Loading config from cache: C:\Users\richa\AppData\Local\Temp\069a726c379c7a3dc006889318eb30f2.mpf_cache
2025-10-21 14:10:31,868 : INFO : ConfigProcessor : Loading config from cache: C:\Users\richa\AppData\Local\Temp\6159dd3e8b071f5aa615e717784124e9.mpf_cache
2025-10-21 14:10:31,869 : INFO : ConfigProcessor : Loading config from cache: C:\Users\richa\AppData\Local\Temp\e382c4765158d2be92c1673fc03a4ad6.mpf_cache
2025-10-21 14:10:31,871 : INFO : ConfigProcessor : Loading config from cache: C:\Users\richa\AppData\Local\Temp\868b3b6361e3aaa0a56bd50d9388247e.mpf_cache
2025-10-21 14:10:31,872 : INFO : Machine : Mission Pinball Framework Core Engine v0.57.0.dev39
2025-10-21 14:10:31,872 : INFO : Machine : Command line arguments: {'no_load_cache': False, 'create_config_cache': True, 'bcp': True, 'configfile': ['config.yaml'], 'force_assets_load': False, 'jsonlogging': False, 'logfile': 'logs\\2025-10-21-14-10-31-mpf-DESKTOP-RK7BE5M.log', 'pause': False, 'production': False, 'text_ui': True, 'loglevel': 15, 'consoleloglevel': 20, 'force_platform': None, 'syslog_address': None, 'mc_file_name': None, 'no_sound': False}
2025-10-21 14:10:31,872 : INFO : Machine : MPF path: C:\Users\richa\mpfvirtual4\lib\site-packages\mpf
2025-10-21 14:10:31,872 : INFO : Machine : Machine path: C:\Users\richa\ttp7
2025-10-21 14:10:31,872 : INFO : Machine : Platform: win32
2025-10-21 14:10:31,872 : INFO : Machine : Python executable location: C:\Users\richa\mpfvirtual4\Scripts\python.exe
2025-10-21 14:10:31,872 : INFO : Machine : Python version: 3.9.13 (64-bit)
2025-10-21 14:10:31,874 : INFO : Machine : Initializing MPF...
2025-10-21 14:10:32,280 : INFO : EventManager : Event: ======'machine_var_credits_string'====== Args={'value': 'FREE PLAY', 'prev_value': None, 'change': True}
2025-10-21 14:10:32,333 : INFO : EventManager : Event: ======'machine_var_credit_units'====== Args={'value': 0, 'prev_value': None, 'change': True}
2025-10-21 14:10:32,333 : INFO : EventManager : Event: ======'machine_var_free_play'====== Args={'value': False, 'prev_value': None, 'change': True}
2025-10-21 14:10:32,333 : INFO : EventManager : Event: ======'machine_var_master_volume'====== Args={'value': 0.7, 'prev_value': None, 'change': True}
2025-10-21 14:10:32,333 : INFO : EventManager : Event: ======'machine_var_player1_score'====== Args={'value': 300, 'prev_value': None, 'change': True}
2025-10-21 14:10:32,333 : INFO : EventManager : Event: ======'machine_var_mpf_version'====== Args={'value': 'Mission Pinball Framework v0.57.0.dev39', 'prev_value': None, 'change': True}
2025-10-21 14:10:32,333 : INFO : EventManager : Event: ======'machine_var_mpf_extended_version'====== Args={'value': 'Mission Pinball Framework v0.57.0.dev39, Config version:6, Show version: 6, BCP version:1.1', 'prev_value': None, 'change': True}
2025-10-21 14:10:32,334 : INFO : EventManager : Event: ======'machine_var_python_version'====== Args={'value': '3.9.13', 'prev_value': None, 'change': True}
2025-10-21 14:10:32,342 : INFO : EventManager : Event: ======'machine_var_platform'====== Args={'value': 'Windows-10-10.0.19045-SP0', 'prev_value': None, 'change': True}
2025-10-21 14:10:32,342 : INFO : EventManager : Event: ======'machine_var_platform_system'====== Args={'value': 'Windows', 'prev_value': None, 'change': True}
2025-10-21 14:10:32,342 : INFO : EventManager : Event: ======'machine_var_platform_release'====== Args={'value': '10', 'prev_value': None, 'change': True}
2025-10-21 14:10:32,342 : INFO : EventManager : Event: ======'machine_var_platform_version'====== Args={'value': '10.0.19045', 'prev_value': None, 'change': True}
2025-10-21 14:10:32,342 : INFO : EventManager : Event: ======'machine_var_platform_machine'====== Args={'value': 'AMD64', 'prev_value': None, 'change': True}
2025-10-21 14:10:32,342 : INFO : EventManager : Event: ======'init_phase_1'====== Args={}
2025-10-21 14:10:32,404 : INFO : EventManager : Event: ======'drop_target_bank_TIME_up'====== Args={}
2025-10-21 14:10:32,404 : INFO : EventManager : Event: ======'drop_target_bank_CENTER_up'====== Args={}
2025-10-21 14:10:32,404 : INFO : EventManager : Event: ======'drop_target_bank_TRAVEL_up'====== Args={}
2025-10-21 14:10:32,405 : INFO : EventManager : Event: ======'init_phase_2'====== Args={}
2025-10-21 14:10:32,406 : INFO : SwitchController : Found active switch: ('2', <Platform.SmartVirtual>) <switch.s_trough1>
2025-10-21 14:10:32,406 : INFO : SwitchController : Found active switch: ('3', <Platform.SmartVirtual>) <switch.s_trough2>
2025-10-21 14:10:32,406 : INFO : SwitchController : Found active switch: ('4', <Platform.SmartVirtual>) <switch.s_trough3>
2025-10-21 14:10:32,418 : INFO : EventManager : Event: ======'bcp_connection_attempt'====== Args={'name': 'local_display', 'host': 'localhost', 'port': 5050}
2025-10-21 14:10:32,419 : INFO : BCPClientSocket : Connecting BCP to 'local_display' at localhost:5050...
2025-10-21 14:10:34,441 : INFO : BCPClientSocket : Connected BCP to 'local_display' localhost:5050
2025-10-21 14:10:34,442 : INFO : EventManager : Event: ======'bcp_clients_connected'====== Args={}
2025-10-21 14:10:34,770 : ERROR : asyncio : Task exception was never retrieved
future: <Task finished name='Task-189' coro=<BallDevice._initialize_async() done, defined at C:\Users\richa\mpfvirtual4\lib\site-packages\mpf\devices\ball_device\ball_device.py:196> exception=ConfigFileError('Config validation error: Entry ball_device_counter_ball_switches:ball_device_counter_ball_switches:ball_switches = "s_trough4" is not valid. Device "s_trough4" not found in "switches:" section in your config.')>
Traceback (most recent call last):
  File "C:\Users\richa\mpfvirtual4\lib\site-packages\mpf\devices\ball_device\ball_device.py", line 198, in _initialize_async
    await self.ball_count_handler.initialize()
  File "C:\Users\richa\mpfvirtual4\lib\site-packages\mpf\devices\ball_device\ball_count_handler.py", line 92, in initialize
    self.counter = counter_class(self.ball_device, self.ball_device.config.get("counter", {}))
  File "C:\Users\richa\mpfvirtual4\lib\site-packages\mpf\devices\ball_device\switch_counter.py", line 27, in __init__
    self.config = self.machine.config_validator.validate_config("ball_device_counter_ball_switches", self.config)
  File "C:\Users\richa\mpfvirtual4\lib\site-packages\mpf\core\config_validator.py", line 164, in validate_config
    return self._validate_config(config_spec, source, base_spec=base_spec, add_missing_keys=add_missing_keys,
  File "C:\Users\richa\mpfvirtual4\lib\site-packages\mpf\core\config_validator.py", line 205, in _validate_config
    processed_config[k] = self.validate_config_item(
  File "C:\Users\richa\mpfvirtual4\lib\site-packages\mpf\core\config_validator.py", line 257, in validate_config_item
    new_list.append(self.validate_item(i, validation, validation_failure_info))
  File "C:\Users\richa\mpfvirtual4\lib\site-packages\mpf\core\config_validator.py", line 683, in validate_item
    return self.validator_list[validator](item, validation_failure_info=validation_failure_info, param=param)
  File "C:\Users\richa\mpfvirtual4\lib\site-packages\mpf\core\config_validator.py", line 401, in _validate_type_machine
    return self.validation_error(item, validation_failure_info,
  File "C:\Users\richa\mpfvirtual4\lib\site-packages\mpf\core\config_validator.py", line 700, in validation_error
    raise ConfigFileError("Config validation error: Entry {} = \"{}\" is not valid. {}".format(
mpf.exceptions.config_file_error.ConfigFileError: Config File Error in ConfigValidator: Config validation error: Entry ball_device_counter_ball_switches:ball_device_counter_ball_switches:ball_switches = "s_trough4" is not valid. Device "s_trough4" not found in "switches:" section in your config. Error Code: CFE-ConfigValidator-6 (https://missionpinball.org/logs)
2025-10-21 14:10:34,816 : INFO : EventManager : Event: ======'machine_var_mc_version'====== Args={'value': 'MPF-MC v0.57.0.dev10', 'prev_value': None, 'change': True}
2025-10-21 14:10:34,817 : INFO : EventManager : Event: ======'machine_var_mc_extended_version'====== Args={'value': 'MPF-MC v0.57.0.dev10 (config_version=6, BCP v1.1,                      Requires MPF API compatibility v0.57.0.dev19 or newer)', 'prev_value': None, 'change': True}
2025-10-21 14:10:34,899 : INFO : ball_device.bd_plunger : BCH: Initial count: 0
2025-10-21 14:10:34,899 : INFO : Machine : Starting the main run loop.
2025-10-21 14:10:34,900 : INFO : ball_device.bd_plunger : State: idle
2025-10-21 14:10:34,901 : INFO : Machine : Shutting down...
2025-10-21 14:10:34,901 : INFO : EventManager : Event: ======'shutdown'====== Args={}
2025-10-21 14:10:34,902 : INFO : ball_device.bd_left_scoop : BCH: Initial count: 0
2025-10-21 14:10:34,903 : INFO : ball_device.bd_left_scoop : State: idle
2025-10-21 14:10:34,903 : INFO : ball_device.bd_center_scoop : BCH: Initial count: 0
2025-10-21 14:10:34,903 : INFO : ball_device.bd_center_scoop : State: idle
2025-10-21 14:10:34,904 : INFO : ball_device.bd_right_scoop : BCH: Initial count: 0
2025-10-21 14:10:34,904 : INFO : ball_device.bd_right_scoop : State: idle
2025-10-21 14:10:34,905 : INFO : ball_device.bd_lock : BCH: Initial count: 0
2025-10-21 14:10:34,909 : INFO : ball_device.bd_lock : State: idle
2025-10-21 14:10:34,925 : INFO : EventManager : Event: ======'init_phase_3'====== Args={}
2025-10-21 14:10:34,976 : INFO : EventManager : Event: ======'init_phase_4'====== Args={}
2025-10-21 14:10:34,977 : ERROR : asyncio : Exception in callback Util.raise_exceptions(<Task finishe...unt_stable'")>) at C:\Users\richa\mpfvirtual4\lib\site-packages\mpf\core\utility_functions.py:784
handle: <Handle Util.raise_exceptions(<Task finishe...unt_stable'")>) at C:\Users\richa\mpfvirtual4\lib\site-packages\mpf\core\utility_functions.py:784>
Traceback (most recent call last):
  File "C:\Users\richa\AppData\Local\Programs\Python\Python39\lib\asyncio\events.py", line 80, in _run
    self._context.run(self._callback, *self._args)
  File "C:\Users\richa\mpfvirtual4\lib\site-packages\mpf\core\utility_functions.py", line 792, in raise_exceptions
    future.result()
  File "C:\Users\richa\mpfvirtual4\lib\site-packages\mpf\core\ball_controller.py", line 90, in _add_new_balls_to_playfield
    self.num_balls_known = await self._count_all_balls_in_devices()
  File "C:\Users\richa\mpfvirtual4\lib\site-packages\mpf\core\ball_controller.py", line 129, in _count_all_balls_in_devices
    futures.append(asyncio.ensure_future(device.ball_count_handler.counter.wait_for_count_stable()))
AttributeError: 'NoneType' object has no attribute 'wait_for_count_stable'
2025-10-21 14:10:35,002 : INFO : EventManager : Event: ======'machine_var_audits_events_game_ended'====== Args={'value': 73, 'prev_value': None, 'change': True}
2025-10-21 14:10:35,002 : INFO : EventManager : Event: ======'machine_var_audits_events_game_started'====== Args={'value': 402, 'prev_value': None, 'change': True}
2025-10-21 14:10:35,003 : INFO : EventManager : Event: ======'machine_var_audits_missing_switches_s_A'====== Args={'value': 67, 'prev_value': None, 'change': True}
2025-10-21 14:10:35,003 : INFO : EventManager : Event: ======'machine_var_audits_missing_switches_s_E'====== Args={'value': 8, 'prev_value': None, 'change': True}
2025-10-21 14:10:35,003 : INFO : EventManager : Event: ======'machine_var_audits_missing_switches_s_Eb'====== Args={'value': 67, 'prev_value': None, 'change': True}
2025-10-21 14:10:35,004 : INFO : EventManager : Event: ======'machine_var_audits_missing_switches_s_I'====== Args={'value': 8, 'prev_value': None, 'change': True}
2025-10-21 14:10:35,004 : INFO : EventManager : Event: ======'machine_var_audits_missing_switches_s_L'====== Args={'value': 67, 'prev_value': None, 'change': True}
2025-10-21 14:10:35,004 : INFO : EventManager : Event: ======'machine_var_audits_missing_switches_s_M'====== Args={'value': 8, 'prev_value': None, 'change': True}
2025-10-21 14:10:35,004 : INFO : EventManager : Event: ======'machine_var_audits_missing_switches_s_R'====== Args={'value': 67, 'prev_value': None, 'change': True}
2025-10-21 14:10:35,005 : INFO : EventManager : Event: ======'machine_var_audits_missing_switches_s_T'====== Args={'value': 8, 'prev_value': None, 'change': True}
2025-10-21 14:10:35,005 : INFO : EventManager : Event: ======'machine_var_audits_missing_switches_s_Tb'====== Args={'value': 67, 'prev_value': None, 'change': True}
2025-10-21 14:10:35,005 : INFO : EventManager : Event: ======'machine_var_audits_missing_switches_s_V'====== Args={'value': 67, 'prev_value': None, 'change': True}
2025-10-21 14:10:35,006 : INFO : EventManager : Event: ======'machine_var_audits_missing_switches_s_bumper1'====== Args={'value': 22, 'prev_value': None, 'change': True}
2025-10-21 14:10:35,006 : INFO : EventManager : Event: ======'machine_var_audits_missing_switches_s_bumper2'====== Args={'value': 26, 'prev_value': None, 'change': True}
2025-10-21 14:10:35,006 : INFO : EventManager : Event: ======'machine_var_audits_missing_switches_s_bumper_1'====== Args={'value': 28, 'prev_value': None, 'change': True}
2025-10-21 14:10:35,006 : INFO : EventManager : Event: ======'machine_var_audits_missing_switches_s_bumper_2'====== Args={'value': 28, 'prev_value': None, 'change': True}
2025-10-21 14:10:35,007 : INFO : EventManager : Event: ======'machine_var_audits_missing_switches_s_center_center_target'====== Args={'value': 18, 'prev_value': None, 'change': True}
2025-10-21 14:10:35,007 : INFO : EventManager : Event: ======'machine_var_audits_missing_switches_s_center_rollover'====== Args={'value': 4, 'prev_value': None, 'change': True}
2025-10-21 14:10:35,007 : INFO : EventManager : Event: ======'machine_var_audits_missing_switches_s_center_scoop'====== Args={'value': 21, 'prev_value': None, 'change': True}
2025-10-21 14:10:35,008 : INFO : EventManager : Event: ======'machine_var_audits_missing_switches_s_coin_left'====== Args={'value': 18, 'prev_value': None, 'change': True}
2025-10-21 14:10:35,008 : INFO : EventManager : Event: ======'machine_var_audits_missing_switches_s_door_open'====== Args={'value': 18, 'prev_value': None, 'change': True}
2025-10-21 14:10:35,008 : INFO : EventManager : Event: ======'machine_var_audits_missing_switches_s_launcher_lane_spinner'====== Args={'value': 68, 'prev_value': None, 'change': True}
2025-10-21 14:10:35,009 : INFO : EventManager : Event: ======'machine_var_audits_missing_switches_s_left_center_target'====== Args={'value': 18, 'prev_value': None, 'change': True}
2025-10-21 14:10:35,009 : INFO : EventManager : Event: ======'machine_var_audits_missing_switches_s_left_corridor_spinner'====== Args={'value': 2, 'prev_value': None, 'change': True}
2025-10-21 14:10:35,009 : INFO : EventManager : Event: ======'machine_var_audits_missing_switches_s_left_corridor_spinner2'====== Args={'value': 18, 'prev_value': None, 'change': True}
2025-10-21 14:10:35,010 : INFO : EventManager : Event: ======'machine_var_audits_missing_switches_s_left_flipper'====== Args={'value': 25, 'prev_value': None, 'change': True}
2025-10-21 14:10:35,010 : INFO : EventManager : Event: ======'machine_var_audits_missing_switches_s_left_inlane'====== Args={'value': 18, 'prev_value': None, 'change': True}
2025-10-21 14:10:35,010 : INFO : EventManager : Event: ======'machine_var_audits_missing_switches_s_left_outlane'====== Args={'value': 18, 'prev_value': None, 'change': True}
2025-10-21 14:10:35,011 : INFO : EventManager : Event: ======'machine_var_audits_missing_switches_s_left_rollover'====== Args={'value': 3, 'prev_value': None, 'change': True}
2025-10-21 14:10:35,011 : INFO : EventManager : Event: ======'machine_var_audits_missing_switches_s_left_scoop'====== Args={'value': 7, 'prev_value': None, 'change': True}
2025-10-21 14:10:35,011 : INFO : EventManager : Event: ======'machine_var_audits_missing_switches_s_left_standup'====== Args={'value': 68, 'prev_value': None, 'change': True}
2025-10-21 14:10:35,012 : INFO : EventManager : Event: ======'machine_var_audits_missing_switches_s_lock1'====== Args={'value': 1, 'prev_value': None, 'change': True}
2025-10-21 14:10:35,012 : INFO : EventManager : Event: ======'machine_var_audits_missing_switches_s_lock2'====== Args={'value': 1, 'prev_value': None, 'change': True}
2025-10-21 14:10:35,012 : INFO : EventManager : Event: ======'machine_var_audits_missing_switches_s_right_center_target'====== Args={'value': 18, 'prev_value': None, 'change': True}
2025-10-21 14:10:35,013 : INFO : EventManager : Event: ======'machine_var_audits_missing_switches_s_right_corridor_spinner'====== Args={'value': 16, 'prev_value': None, 'change': True}
2025-10-21 14:10:35,013 : INFO : EventManager : Event: ======'machine_var_audits_missing_switches_s_right_flipper'====== Args={'value': 29, 'prev_value': None, 'change': True}
2025-10-21 14:10:35,013 : INFO : EventManager : Event: ======'machine_var_audits_missing_switches_s_right_inlane'====== Args={'value': 18, 'prev_value': None, 'change': True}
2025-10-21 14:10:35,013 : INFO : EventManager : Event: ======'machine_var_audits_missing_switches_s_right_outlane'====== Args={'value': 18, 'prev_value': None, 'change': True}
2025-10-21 14:10:35,014 : INFO : EventManager : Event: ======'machine_var_audits_missing_switches_s_right_rollover'====== Args={'value': 4, 'prev_value': None, 'change': True}
2025-10-21 14:10:35,014 : INFO : EventManager : Event: ======'machine_var_audits_missing_switches_s_right_scoop'====== Args={'value': 18, 'prev_value': None, 'change': True}
2025-10-21 14:10:35,014 : INFO : EventManager : Event: ======'machine_var_audits_missing_switches_s_right_standup'====== Args={'value': 8, 'prev_value': None, 'change': True}
2025-10-21 14:10:35,015 : INFO : EventManager : Event: ======'machine_var_audits_missing_switches_s_service_coin'====== Args={'value': 18, 'prev_value': None, 'change': True}
2025-10-21 14:10:35,015 : INFO : EventManager : Event: ======'machine_var_audits_missing_switches_s_service_down'====== Args={'value': 37, 'prev_value': None, 'change': True}
2025-10-21 14:10:35,015 : INFO : EventManager : Event: ======'machine_var_audits_missing_switches_s_service_enter'====== Args={'value': 18, 'prev_value': None, 'change': True}
2025-10-21 14:10:35,015 : INFO : EventManager : Event: ======'machine_var_audits_missing_switches_s_service_esc'====== Args={'value': 21, 'prev_value': None, 'change': True}
2025-10-21 14:10:35,016 : INFO : EventManager : Event: ======'machine_var_audits_missing_switches_s_service_up'====== Args={'value': 37, 'prev_value': None, 'change': True}
2025-10-21 14:10:35,016 : INFO : EventManager : Event: ======'machine_var_audits_missing_switches_s_sling_left'====== Args={'value': 18, 'prev_value': None, 'change': True}
2025-10-21 14:10:35,016 : INFO : EventManager : Event: ======'machine_var_audits_missing_switches_s_sling_right'====== Args={'value': 251, 'prev_value': None, 'change': True}
2025-10-21 14:10:35,017 : INFO : EventManager : Event: ======'machine_var_audits_missing_switches_s_standup_1'====== Args={'value': 18, 'prev_value': None, 'change': True}
2025-10-21 14:10:35,017 : INFO : EventManager : Event: ======'machine_var_audits_missing_switches_s_standup_2'====== Args={'value': 18, 'prev_value': None, 'change': True}
2025-10-21 14:10:35,017 : INFO : EventManager : Event: ======'machine_var_audits_missing_switches_s_standup_3'====== Args={'value': 18, 'prev_value': None, 'change': True}
2025-10-21 14:10:35,018 : INFO : EventManager : Event: ======'machine_var_audits_missing_switches_s_standup_4'====== Args={'value': 18, 'prev_value': None, 'change': True}
2025-10-21 14:10:35,018 : INFO : EventManager : Event: ======'machine_var_audits_missing_switches_s_standup_5'====== Args={'value': 18, 'prev_value': None, 'change': True}
2025-10-21 14:10:35,018 : INFO : EventManager : Event: ======'machine_var_audits_missing_switches_s_standup_6'====== Args={'value': 18, 'prev_value': None, 'change': True}
2025-10-21 14:10:35,018 : INFO : EventManager : Event: ======'machine_var_audits_missing_switches_s_start'====== Args={'value': 18, 'prev_value': None, 'change': True}
2025-10-21 14:10:35,019 : INFO : EventManager : Event: ======'machine_var_audits_missing_switches_s_tilt'====== Args={'value': 11, 'prev_value': None, 'change': True}
2025-10-21 14:10:35,019 : INFO : EventManager : Event: ======'machine_var_audits_missing_switches_s_top_left_standup'====== Args={'value': 18, 'prev_value': None, 'change': True}
2025-10-21 14:10:35,020 : INFO : EventManager : Event: ======'machine_var_audits_missing_switches_s_top_left_standup2'====== Args={'value': 18, 'prev_value': None, 'change': True}
2025-10-21 14:10:35,020 : INFO : EventManager : Event: ======'machine_var_audits_missing_switches_s_trough1'====== Args={'value': 20, 'prev_value': None, 'change': True}
2025-10-21 14:10:35,020 : INFO : EventManager : Event: ======'machine_var_audits_missing_switches_s_trough2'====== Args={'value': 87, 'prev_value': None, 'change': True}
2025-10-21 14:10:35,021 : INFO : EventManager : Event: ======'machine_var_audits_missing_switches_s_trough3'====== Args={'value': 402, 'prev_value': None, 'change': True}
2025-10-21 14:10:35,021 : INFO : EventManager : Event: ======'machine_var_audits_missing_switches_s_trough4'====== Args={'value': 402, 'prev_value': None, 'change': True}
2025-10-21 14:10:35,022 : INFO : EventManager : Event: ======'machine_var_audits_missing_switches_s_trough5'====== Args={'value': 402, 'prev_value': None, 'change': True}
2025-10-21 14:10:35,022 : INFO : EventManager : Event: ======'machine_var_audits_missing_switches_s_trough6'====== Args={'value': 402, 'prev_value': None, 'change': True}
2025-10-21 14:10:35,023 : INFO : EventManager : Event: ======'machine_var_audits_missing_switches_s_trough_jam'====== Args={'value': 18, 'prev_value': None, 'change': True}
2025-10-21 14:10:35,023 : INFO : EventManager : Event: ======'machine_var_audits_player_score'====== Args={'value': {'average': 6450684, 'top': [75043600, 70538842, 47521800, 45002500, 43517500, 42224750, 41236342, 31835000, 17715450, 15508500], 'total': 77}, 'prev_value': None, 'change': True}
2025-10-21 14:10:35,023 : INFO : EventManager : Event: ======'machine_var_audits_shots_A'====== Args={'value': 51, 'prev_value': None, 'change': True}
2025-10-21 14:10:35,024 : INFO : EventManager : Event: ======'machine_var_audits_shots_E'====== Args={'value': 217, 'prev_value': None, 'change': True}
2025-10-21 14:10:35,024 : INFO : EventManager : Event: ======'machine_var_audits_shots_Eb'====== Args={'value': 43, 'prev_value': None, 'change': True}
2025-10-21 14:10:35,025 : INFO : EventManager : Event: ======'machine_var_audits_shots_I'====== Args={'value': 210, 'prev_value': None, 'change': True}
2025-10-21 14:10:35,025 : INFO : EventManager : Event: ======'machine_var_audits_shots_L'====== Args={'value': 44, 'prev_value': None, 'change': True}
2025-10-21 14:10:35,025 : INFO : EventManager : Event: ======'machine_var_audits_shots_M'====== Args={'value': 212, 'prev_value': None, 'change': True}
2025-10-21 14:10:35,026 : INFO : EventManager : Event: ======'machine_var_audits_shots_R'====== Args={'value': 63, 'prev_value': None, 'change': True}
2025-10-21 14:10:35,026 : INFO : EventManager : Event: ======'machine_var_audits_shots_T'====== Args={'value': 212, 'prev_value': None, 'change': True}
2025-10-21 14:10:35,026 : INFO : EventManager : Event: ======'machine_var_audits_shots_Tb'====== Args={'value': 85, 'prev_value': None, 'change': True}
2025-10-21 14:10:35,027 : INFO : EventManager : Event: ======'machine_var_audits_shots_V'====== Args={'value': 44, 'prev_value': None, 'change': True}
2025-10-21 14:10:35,027 : INFO : EventManager : Event: ======'machine_var_audits_shots_bumper1_shot'====== Args={'value': 358, 'prev_value': None, 'change': True}
2025-10-21 14:10:35,028 : INFO : EventManager : Event: ======'machine_var_audits_shots_bumper2_shot'====== Args={'value': 883, 'prev_value': None, 'change': True}
2025-10-21 14:10:35,028 : INFO : EventManager : Event: ======'machine_var_audits_shots_center_center_droptarget'====== Args={'value': 22, 'prev_value': None, 'change': True}
2025-10-21 14:10:35,029 : INFO : EventManager : Event: ======'machine_var_audits_shots_center_rollover'====== Args={'value': 7, 'prev_value': None, 'change': True}
2025-10-21 14:10:35,029 : INFO : EventManager : Event: ======'machine_var_audits_shots_center_rollover_shot'====== Args={'value': 351, 'prev_value': None, 'change': True}
2025-10-21 14:10:35,029 : INFO : EventManager : Event: ======'machine_var_audits_shots_center_scoop_shot'====== Args={'value': 11, 'prev_value': None, 'change': True}
2025-10-21 14:10:35,030 : INFO : EventManager : Event: ======'machine_var_audits_shots_jets'====== Args={'value': 1182, 'prev_value': None, 'change': True}
2025-10-21 14:10:35,030 : INFO : EventManager : Event: ======'machine_var_audits_shots_left_center_droptarget'====== Args={'value': 22, 'prev_value': None, 'change': True}
2025-10-21 14:10:35,031 : INFO : EventManager : Event: ======'machine_var_audits_shots_left_corridor_spinner'====== Args={'value': 9, 'prev_value': None, 'change': True}
2025-10-21 14:10:35,031 : INFO : EventManager : Event: ======'machine_var_audits_shots_left_corridor_spinner2'====== Args={'value': 10, 'prev_value': None, 'change': True}
2025-10-21 14:10:35,031 : INFO : EventManager : Event: ======'machine_var_audits_shots_left_corridor_spinner2_shot'====== Args={'value': 1, 'prev_value': None, 'change': True}
2025-10-21 14:10:35,032 : INFO : EventManager : Event: ======'machine_var_audits_shots_left_corridor_spinner_shot'====== Args={'value': 417, 'prev_value': None, 'change': True}
2025-10-21 14:10:35,032 : INFO : EventManager : Event: ======'machine_var_audits_shots_left_inlane_shot'====== Args={'value': 9, 'prev_value': None, 'change': True}
2025-10-21 14:10:35,033 : INFO : EventManager : Event: ======'machine_var_audits_shots_left_outlane_shot'====== Args={'value': 9, 'prev_value': None, 'change': True}
2025-10-21 14:10:35,033 : INFO : EventManager : Event: ======'machine_var_audits_shots_left_rollover'====== Args={'value': 36, 'prev_value': None, 'change': True}
2025-10-21 14:10:35,034 : INFO : EventManager : Event: ======'machine_var_audits_shots_left_rollover_shot'====== Args={'value': 315, 'prev_value': None, 'change': True}
2025-10-21 14:10:35,034 : INFO : EventManager : Event: ======'machine_var_audits_shots_left_scoop_shot'====== Args={'value': 75, 'prev_value': None, 'change': True}
2025-10-21 14:10:35,034 : INFO : EventManager : Event: ======'machine_var_audits_shots_left_standup_shot'====== Args={'value': 15, 'prev_value': None, 'change': True}
2025-10-21 14:10:35,035 : INFO : EventManager : Event: ======'machine_var_audits_shots_letf_inlane_shot'====== Args={'value': 6, 'prev_value': None, 'change': True}
2025-10-21 14:10:35,035 : INFO : EventManager : Event: ======'machine_var_audits_shots_letf_outlane_shot'====== Args={'value': 5, 'prev_value': None, 'change': True}
2025-10-21 14:10:35,036 : INFO : EventManager : Event: ======'machine_var_audits_shots_middle_inlane_shot'====== Args={'value': 20, 'prev_value': None, 'change': True}
2025-10-21 14:10:35,036 : INFO : EventManager : Event: ======'machine_var_audits_shots_my_first_shot'====== Args={'value': 95, 'prev_value': None, 'change': True}
2025-10-21 14:10:35,036 : INFO : EventManager : Event: ======'machine_var_audits_shots_right_center_droptarget'====== Args={'value': 23, 'prev_value': None, 'change': True}
2025-10-21 14:10:35,037 : INFO : EventManager : Event: ======'machine_var_audits_shots_right_corridor_spinner'====== Args={'value': 3, 'prev_value': None, 'change': True}
2025-10-21 14:10:35,037 : INFO : EventManager : Event: ======'machine_var_audits_shots_right_corridor_spinner_shot'====== Args={'value': 32, 'prev_value': None, 'change': True}
2025-10-21 14:10:35,038 : INFO : EventManager : Event: ======'machine_var_audits_shots_right_inlane_shot'====== Args={'value': 116, 'prev_value': None, 'change': True}
2025-10-21 14:10:35,038 : INFO : EventManager : Event: ======'machine_var_audits_shots_right_outlane_shot'====== Args={'value': 38, 'prev_value': None, 'change': True}
2025-10-21 14:10:35,039 : INFO : EventManager : Event: ======'machine_var_audits_shots_right_rollover'====== Args={'value': 41, 'prev_value': None, 'change': True}
2025-10-21 14:10:35,039 : INFO : EventManager : Event: ======'machine_var_audits_shots_right_rollover_shot'====== Args={'value': 423, 'prev_value': None, 'change': True}
2025-10-21 14:10:35,040 : INFO : EventManager : Event: ======'machine_var_audits_shots_right_scoop_shot'====== Args={'value': 63, 'prev_value': None, 'change': True}
2025-10-21 14:10:35,040 : INFO : EventManager : Event: ======'machine_var_audits_shots_right_standup'====== Args={'value': 41, 'prev_value': None, 'change': True}
2025-10-21 14:10:35,040 : INFO : EventManager : Event: ======'machine_var_audits_shots_right_standup_shot'====== Args={'value': 34, 'prev_value': None, 'change': True}
2025-10-21 14:10:35,041 : INFO : EventManager : Event: ======'machine_var_audits_shots_standup_1_skill'====== Args={'value': 65, 'prev_value': None, 'change': True}
2025-10-21 14:10:35,041 : INFO : EventManager : Event: ======'machine_var_audits_shots_standup_2_skill'====== Args={'value': 31, 'prev_value': None, 'change': True}
2025-10-21 14:10:35,042 : INFO : EventManager : Event: ======'machine_var_audits_shots_standup_3_skill'====== Args={'value': 13, 'prev_value': None, 'change': True}
2025-10-21 14:10:35,042 : INFO : EventManager : Event: ======'machine_var_audits_shots_standup_4_skill'====== Args={'value': 9, 'prev_value': None, 'change': True}
2025-10-21 14:10:35,043 : INFO : EventManager : Event: ======'machine_var_audits_shots_standup_5_skill'====== Args={'value': 4, 'prev_value': None, 'change': True}
2025-10-21 14:10:35,043 : INFO : EventManager : Event: ======'machine_var_audits_shots_standup_6_skill'====== Args={'value': 2, 'prev_value': None, 'change': True}
2025-10-21 14:10:35,044 : INFO : EventManager : Event: ======'machine_var_audits_shots_top_left_standup2_shot'====== Args={'value': 18, 'prev_value': None, 'change': True}
2025-10-21 14:10:35,044 : INFO : EventManager : Event: ======'machine_var_audits_shots_top_left_standup_shot'====== Args={'value': 9, 'prev_value': None, 'change': True}
2025-10-21 14:10:35,044 : INFO : EventManager : Event: ======'machine_var_audits_shots_top_middle_inlane_shot'====== Args={'value': 41, 'prev_value': None, 'change': True}
2025-10-21 14:10:35,045 : INFO : EventManager : Event: ======'machine_var_audits_switches_s_A'====== Args={'value': 0, 'prev_value': None, 'change': True}
2025-10-21 14:10:35,045 : INFO : EventManager : Event: ======'machine_var_audits_switches_s_E'====== Args={'value': 222, 'prev_value': None, 'change': True}
2025-10-21 14:10:35,046 : INFO : EventManager : Event: ======'machine_var_audits_switches_s_Eb'====== Args={'value': 0, 'prev_value': None, 'change': True}
2025-10-21 14:10:35,046 : INFO : EventManager : Event: ======'machine_var_audits_switches_s_I'====== Args={'value': 215, 'prev_value': None, 'change': True}
2025-10-21 14:10:35,047 : INFO : EventManager : Event: ======'machine_var_audits_switches_s_L'====== Args={'value': 0, 'prev_value': None, 'change': True}
2025-10-21 14:10:35,047 : INFO : EventManager : Event: ======'machine_var_audits_switches_s_M'====== Args={'value': 217, 'prev_value': None, 'change': True}
2025-10-21 14:10:35,048 : INFO : EventManager : Event: ======'machine_var_audits_switches_s_R'====== Args={'value': 0, 'prev_value': None, 'change': True}
2025-10-21 14:10:35,048 : INFO : EventManager : Event: ======'machine_var_audits_switches_s_T'====== Args={'value': 216, 'prev_value': None, 'change': True}
2025-10-21 14:10:35,049 : INFO : EventManager : Event: ======'machine_var_audits_switches_s_Tb'====== Args={'value': 0, 'prev_value': None, 'change': True}
2025-10-21 14:10:35,049 : INFO : EventManager : Event: ======'machine_var_audits_switches_s_V'====== Args={'value': 0, 'prev_value': None, 'change': True}
2025-10-21 14:10:35,050 : INFO : EventManager : Event: ======'machine_var_audits_switches_s_bumper1'====== Args={'value': 358, 'prev_value': None, 'change': True}
2025-10-21 14:10:35,050 : INFO : EventManager : Event: ======'machine_var_audits_switches_s_bumper2'====== Args={'value': 887, 'prev_value': None, 'change': True}
2025-10-21 14:10:35,051 : INFO : EventManager : Event: ======'machine_var_audits_switches_s_bumper_1'====== Args={'value': 0, 'prev_value': None, 'change': True}
2025-10-21 14:10:35,051 : INFO : EventManager : Event: ======'machine_var_audits_switches_s_bumper_2'====== Args={'value': 0, 'prev_value': None, 'change': True}
2025-10-21 14:10:35,052 : INFO : EventManager : Event: ======'machine_var_audits_switches_s_center_center_target'====== Args={'value': 28, 'prev_value': None, 'change': True}
2025-10-21 14:10:35,052 : INFO : EventManager : Event: ======'machine_var_audits_switches_s_center_rollover'====== Args={'value': 364, 'prev_value': None, 'change': True}
2025-10-21 14:10:35,053 : INFO : EventManager : Event: ======'machine_var_audits_switches_s_center_scoop'====== Args={'value': 25, 'prev_value': None, 'change': True}
2025-10-21 14:10:35,053 : INFO : EventManager : Event: ======'machine_var_audits_switches_s_coin_left'====== Args={'value': 20, 'prev_value': None, 'change': True}
2025-10-21 14:10:35,054 : INFO : EventManager : Event: ======'machine_var_audits_switches_s_door_open'====== Args={'value': 5, 'prev_value': None, 'change': True}
2025-10-21 14:10:35,054 : INFO : EventManager : Event: ======'machine_var_audits_switches_s_launcher_lane_spinner'====== Args={'value': 9, 'prev_value': None, 'change': True}
2025-10-21 14:10:35,055 : INFO : EventManager : Event: ======'machine_var_audits_switches_s_left_center_target'====== Args={'value': 29, 'prev_value': None, 'change': True}
2025-10-21 14:10:35,055 : INFO : EventManager : Event: ======'machine_var_audits_switches_s_left_corridor_spinner'====== Args={'value': 458, 'prev_value': None, 'change': True}
2025-10-21 14:10:35,056 : INFO : EventManager : Event: ======'machine_var_audits_switches_s_left_corridor_spinner2'====== Args={'value': 15, 'prev_value': None, 'change': True}
2025-10-21 14:10:35,056 : INFO : EventManager : Event: ======'machine_var_audits_switches_s_left_flipper'====== Args={'value': 371, 'prev_value': None, 'change': True}
2025-10-21 14:10:35,057 : INFO : EventManager : Event: ======'machine_var_audits_switches_s_left_inlane'====== Args={'value': 25, 'prev_value': None, 'change': True}
2025-10-21 14:10:35,057 : INFO : EventManager : Event: ======'machine_var_audits_switches_s_left_outlane'====== Args={'value': 17, 'prev_value': None, 'change': True}
2025-10-21 14:10:35,058 : INFO : EventManager : Event: ======'machine_var_audits_switches_s_left_rollover'====== Args={'value': 326, 'prev_value': None, 'change': True}
2025-10-21 14:10:35,058 : INFO : EventManager : Event: ======'machine_var_audits_switches_s_left_scoop'====== Args={'value': 292, 'prev_value': None, 'change': True}
2025-10-21 14:10:35,059 : INFO : EventManager : Event: ======'machine_var_audits_switches_s_left_standup'====== Args={'value': 20, 'prev_value': None, 'change': True}
2025-10-21 14:10:35,059 : INFO : EventManager : Event: ======'machine_var_audits_switches_s_lock1'====== Args={'value': 0, 'prev_value': None, 'change': True}
2025-10-21 14:10:35,060 : INFO : EventManager : Event: ======'machine_var_audits_switches_s_lock2'====== Args={'value': 0, 'prev_value': None, 'change': True}
2025-10-21 14:10:35,060 : INFO : EventManager : Event: ======'machine_var_audits_switches_s_middle_inlane'====== Args={'value': 20, 'prev_value': None, 'change': True}
2025-10-21 14:10:35,061 : INFO : EventManager : Event: ======'machine_var_audits_switches_s_plunger'====== Args={'value': 684, 'prev_value': None, 'change': True}
2025-10-21 14:10:35,061 : INFO : EventManager : Event: ======'machine_var_audits_switches_s_right_center_target'====== Args={'value': 32, 'prev_value': None, 'change': True}
2025-10-21 14:10:35,062 : INFO : EventManager : Event: ======'machine_var_audits_switches_s_right_corridor_spinner'====== Args={'value': 56, 'prev_value': None, 'change': True}
2025-10-21 14:10:35,063 : INFO : EventManager : Event: ======'machine_var_audits_switches_s_right_flipper'====== Args={'value': 156, 'prev_value': None, 'change': True}
2025-10-21 14:10:35,063 : INFO : EventManager : Event: ======'machine_var_audits_switches_s_right_inlane'====== Args={'value': 243, 'prev_value': None, 'change': True}
2025-10-21 14:10:35,064 : INFO : EventManager : Event: ======'machine_var_audits_switches_s_right_outlane'====== Args={'value': 44, 'prev_value': None, 'change': True}
2025-10-21 14:10:35,064 : INFO : EventManager : Event: ======'machine_var_audits_switches_s_right_rollover'====== Args={'value': 435, 'prev_value': None, 'change': True}
2025-10-21 14:10:35,065 : INFO : EventManager : Event: ======'machine_var_audits_switches_s_right_scoop'====== Args={'value': 80, 'prev_value': None, 'change': True}
2025-10-21 14:10:35,065 : INFO : EventManager : Event: ======'machine_var_audits_switches_s_right_standup'====== Args={'value': 183, 'prev_value': None, 'change': True}
2025-10-21 14:10:35,066 : INFO : EventManager : Event: ======'machine_var_audits_switches_s_service_coin'====== Args={'value': 2, 'prev_value': None, 'change': True}
2025-10-21 14:10:35,066 : INFO : EventManager : Event: ======'machine_var_audits_switches_s_service_down'====== Args={'value': 28, 'prev_value': None, 'change': True}
2025-10-21 14:10:35,067 : INFO : EventManager : Event: ======'machine_var_audits_switches_s_service_enter'====== Args={'value': 17, 'prev_value': None, 'change': True}
2025-10-21 14:10:35,067 : INFO : EventManager : Event: ======'machine_var_audits_switches_s_service_esc'====== Args={'value': 11, 'prev_value': None, 'change': True}
2025-10-21 14:10:35,068 : INFO : EventManager : Event: ======'machine_var_audits_switches_s_service_up'====== Args={'value': 31, 'prev_value': None, 'change': True}
2025-10-21 14:10:35,069 : INFO : EventManager : Event: ======'machine_var_audits_switches_s_sling_left'====== Args={'value': 4, 'prev_value': None, 'change': True}
2025-10-21 14:10:35,069 : INFO : EventManager : Event: ======'machine_var_audits_switches_s_sling_right'====== Args={'value': 8, 'prev_value': None, 'change': True}
2025-10-21 14:10:35,070 : INFO : EventManager : Event: ======'machine_var_audits_switches_s_standup_1'====== Args={'value': 169, 'prev_value': None, 'change': True}
2025-10-21 14:10:35,071 : INFO : EventManager : Event: ======'machine_var_audits_switches_s_standup_2'====== Args={'value': 106, 'prev_value': None, 'change': True}
2025-10-21 14:10:35,071 : INFO : EventManager : Event: ======'machine_var_audits_switches_s_standup_3'====== Args={'value': 94, 'prev_value': None, 'change': True}
2025-10-21 14:10:35,072 : INFO : EventManager : Event: ======'machine_var_audits_switches_s_standup_4'====== Args={'value': 69, 'prev_value': None, 'change': True}
2025-10-21 14:10:35,073 : INFO : EventManager : Event: ======'machine_var_audits_switches_s_standup_5'====== Args={'value': 67, 'prev_value': None, 'change': True}
2025-10-21 14:10:35,074 : INFO : EventManager : Event: ======'machine_var_audits_switches_s_standup_6'====== Args={'value': 58, 'prev_value': None, 'change': True}
2025-10-21 14:10:35,075 : INFO : EventManager : Event: ======'machine_var_audits_switches_s_start'====== Args={'value': 62, 'prev_value': None, 'change': True}
2025-10-21 14:10:35,076 : INFO : EventManager : Event: ======'machine_var_audits_switches_s_tilt'====== Args={'value': 28, 'prev_value': None, 'change': True}
2025-10-21 14:10:35,076 : INFO : EventManager : Event: ======'machine_var_audits_switches_s_top_left_standup'====== Args={'value': 20, 'prev_value': None, 'change': True}
2025-10-21 14:10:35,077 : INFO : EventManager : Event: ======'machine_var_audits_switches_s_top_left_standup2'====== Args={'value': 38, 'prev_value': None, 'change': True}
2025-10-21 14:10:35,077 : INFO : EventManager : Event: ======'machine_var_audits_switches_s_top_middle_inlane'====== Args={'value': 41, 'prev_value': None, 'change': True}
2025-10-21 14:10:35,078 : INFO : EventManager : Event: ======'machine_var_audits_switches_s_trough1'====== Args={'value': 383, 'prev_value': None, 'change': True}
2025-10-21 14:10:35,079 : INFO : EventManager : Event: ======'machine_var_audits_switches_s_trough2'====== Args={'value': 1, 'prev_value': None, 'change': True}
2025-10-21 14:10:35,079 : INFO : EventManager : Event: ======'machine_var_audits_switches_s_trough3'====== Args={'value': 0, 'prev_value': None, 'change': True}
2025-10-21 14:10:35,080 : INFO : EventManager : Event: ======'machine_var_audits_switches_s_trough4'====== Args={'value': 0, 'prev_value': None, 'change': True}
2025-10-21 14:10:35,080 : INFO : EventManager : Event: ======'machine_var_audits_switches_s_trough5'====== Args={'value': 0, 'prev_value': None, 'change': True}
2025-10-21 14:10:35,081 : INFO : EventManager : Event: ======'machine_var_audits_switches_s_trough6'====== Args={'value': 0, 'prev_value': None, 'change': True}
2025-10-21 14:10:35,082 : INFO : EventManager : Event: ======'machine_var_audits_switches_s_trough_jam'====== Args={'value': 4, 'prev_value': None, 'change': True}
2025-10-21 14:10:35,082 : INFO : EventManager : Event: ======'init_phase_5'====== Args={}
2025-10-21 14:10:35,083 : ERROR : asyncio : Task was destroyed but it is pending!
task: <Task pending name='Task-247' coro=<IocpProactor.accept.<locals>.accept_coro() running at C:\Users\richa\AppData\Local\Programs\Python\Python39\lib\asyncio\windows_events.py:571> wait_for=<_OverlappedFuture cancelled>>
2025-10-21 14:10:35,084 : ERROR : Machine : Runtime Exception
Traceback (most recent call last):
  File "C:\Users\richa\mpfvirtual4\lib\site-packages\mpf\core\machine.py", line 788, in _run_loop
    raise self._exception['exception']
  File "C:\Users\richa\mpfvirtual4\lib\site-packages\mpf\devices\ball_device\ball_device.py", line 198, in _initialize_async
    await self.ball_count_handler.initialize()
  File "C:\Users\richa\mpfvirtual4\lib\site-packages\mpf\devices\ball_device\ball_count_handler.py", line 92, in initialize
    self.counter = counter_class(self.ball_device, self.ball_device.config.get("counter", {}))
  File "C:\Users\richa\mpfvirtual4\lib\site-packages\mpf\devices\ball_device\switch_counter.py", line 27, in __init__
    self.config = self.machine.config_validator.validate_config("ball_device_counter_ball_switches", self.config)
  File "C:\Users\richa\mpfvirtual4\lib\site-packages\mpf\core\config_validator.py", line 164, in validate_config
    return self._validate_config(config_spec, source, base_spec=base_spec, add_missing_keys=add_missing_keys,
  File "C:\Users\richa\mpfvirtual4\lib\site-packages\mpf\core\config_validator.py", line 205, in _validate_config
    processed_config[k] = self.validate_config_item(
  File "C:\Users\richa\mpfvirtual4\lib\site-packages\mpf\core\config_validator.py", line 257, in validate_config_item
    new_list.append(self.validate_item(i, validation, validation_failure_info))
  File "C:\Users\richa\mpfvirtual4\lib\site-packages\mpf\core\config_validator.py", line 683, in validate_item
    return self.validator_list[validator](item, validation_failure_info=validation_failure_info, param=param)
  File "C:\Users\richa\mpfvirtual4\lib\site-packages\mpf\core\config_validator.py", line 401, in _validate_type_machine
    return self.validation_error(item, validation_failure_info,
  File "C:\Users\richa\mpfvirtual4\lib\site-packages\mpf\core\config_validator.py", line 700, in validation_error
    raise ConfigFileError("Config validation error: Entry {} = \"{}\" is not valid. {}".format(
mpf.exceptions.config_file_error.ConfigFileError: Config File Error in ConfigValidator: Config validation error: Entry ball_device_counter_ball_switches:ball_device_counter_ball_switches:ball_switches = "s_trough4" is not valid. Device "s_trough4" not found in "switches:" section in your config. Error Code: CFE-ConfigValidator-6 (https://missionpinball.org/logs)
2025-10-21 14:10:39,883 : ERROR : root : 
Traceback (most recent call last):
  File "C:\Users\richa\mpfvirtual4\lib\site-packages\mpf\core\machine.py", line 788, in _run_loop
    raise self._exception['exception']
  File "C:\Users\richa\mpfvirtual4\lib\site-packages\mpf\devices\ball_device\ball_device.py", line 198, in _initialize_async
    await self.ball_count_handler.initialize()
  File "C:\Users\richa\mpfvirtual4\lib\site-packages\mpf\devices\ball_device\ball_count_handler.py", line 92, in initialize
    self.counter = counter_class(self.ball_device, self.ball_device.config.get("counter", {}))
  File "C:\Users\richa\mpfvirtual4\lib\site-packages\mpf\devices\ball_device\switch_counter.py", line 27, in __init__
    self.config = self.machine.config_validator.validate_config("ball_device_counter_ball_switches", self.config)
  File "C:\Users\richa\mpfvirtual4\lib\site-packages\mpf\core\config_validator.py", line 164, in validate_config
    return self._validate_config(config_spec, source, base_spec=base_spec, add_missing_keys=add_missing_keys,
  File "C:\Users\richa\mpfvirtual4\lib\site-packages\mpf\core\config_validator.py", line 205, in _validate_config
    processed_config[k] = self.validate_config_item(
  File "C:\Users\richa\mpfvirtual4\lib\site-packages\mpf\core\config_validator.py", line 257, in validate_config_item
    new_list.append(self.validate_item(i, validation, validation_failure_info))
  File "C:\Users\richa\mpfvirtual4\lib\site-packages\mpf\core\config_validator.py", line 683, in validate_item
    return self.validator_list[validator](item, validation_failure_info=validation_failure_info, param=param)
  File "C:\Users\richa\mpfvirtual4\lib\site-packages\mpf\core\config_validator.py", line 401, in _validate_type_machine
    return self.validation_error(item, validation_failure_info,
  File "C:\Users\richa\mpfvirtual4\lib\site-packages\mpf\core\config_validator.py", line 700, in validation_error
    raise ConfigFileError("Config validation error: Entry {} = \"{}\" is not valid. {}".format(
mpf.exceptions.config_file_error.ConfigFileError: Config File Error in ConfigValidator: Config validation error: Entry ball_device_counter_ball_switches:ball_device_counter_ball_switches:ball_switches = "s_trough4" is not valid. Device "s_trough4" not found in "switches:" section in your config. Error Code: CFE-ConfigValidator-6 (https://missionpinball.org/logs)

During handling of the above exception, another exception occurred:

Traceback (most recent call last):
  File "C:\Users\richa\mpfvirtual4\lib\site-packages\mpf\commands\game.py", line 236, in __init__
    self.machine.run()
  File "C:\Users\richa\mpfvirtual4\lib\site-packages\mpf\core\machine.py", line 684, in run
    self._run_loop()
  File "C:\Users\richa\mpfvirtual4\lib\site-packages\mpf\core\machine.py", line 791, in _run_loop
    report_crash(self._exception['exception'], "exception_during_run", self.config)
  File "C:\Users\richa\mpfvirtual4\lib\site-packages\mpf\core\crash_reporter.py", line 236, in report_crash
    response = input("Do you want to report the crash to the MPF team (yes/no/show)? ")
EOFError
