2025-10-04 09:48:31,281 : INFO : root : Loading config.
2025-10-04 09:48:31,286 : INFO : YamlMultifileConfigLoader : Machine config file #1: config.yaml
2025-10-04 09:48:31,287 : INFO : ConfigProcessor : Loading config from cache: C:\Users\richa\AppData\Local\Temp\bad76953a596b8c99f832e0e98026c3b.mpf_cache
2025-10-04 09:48:31,372 : INFO : ConfigProcessor : Loading config from cache: C:\Users\richa\AppData\Local\Temp\77a998d318c788df5647a1900cedfc56.mpf_cache
2025-10-04 09:48:31,372 : INFO : ConfigProcessor : Loading config from cache: C:\Users\richa\AppData\Local\Temp\9c8dea79ca4d15ee886340e992e8cb9d.mpf_cache
2025-10-04 09:48:31,373 : WARNING : ConfigProcessor : Config file in cache changed: C:\Users\richa\ttp5\modes\base\config\base.yaml
2025-10-04 09:48:31,373 : INFO : ConfigProcessor : Loading config from file C:\Users\richa\ttp5\modes\base\config\base.yaml.
2025-10-04 09:48:31,380 : INFO : ConfigProcessor : Loading config: C:\Users\richa\ttp5\modes\base\config\base.yaml
2025-10-04 09:48:31,381 : INFO : ConfigProcessor : Config file cache created: C:\Users\richa\AppData\Local\Temp\8ddee2e87a4f178751335e99da00e9c4.mpf_cache
2025-10-04 09:48:31,382 : INFO : ConfigProcessor : Loading config from cache: C:\Users\richa\AppData\Local\Temp\16d594341c3fbe91b1b6d496c05a6fb0.mpf_cache
2025-10-04 09:48:31,383 : INFO : ConfigProcessor : Loading config from cache: C:\Users\richa\AppData\Local\Temp\9ea1b14cb2b1cce5e8bf981a1ff8cfc5.mpf_cache
2025-10-04 09:48:31,385 : INFO : ConfigProcessor : Loading config from cache: C:\Users\richa\AppData\Local\Temp\6cbce11faef0ddcfeddb2a5b8dbeb4ae.mpf_cache
2025-10-04 09:48:31,385 : INFO : Machine : Mission Pinball Framework Core Engine v0.57.0.dev39
2025-10-04 09:48:31,385 : INFO : Machine : Command line arguments: {'no_load_cache': False, 'create_config_cache': True, 'bcp': True, 'configfile': ['config.yaml'], 'force_assets_load': False, 'jsonlogging': False, 'logfile': 'logs\\2025-10-04-09-48-31-mpf-DESKTOP-RK7BE5M.log', 'pause': False, 'production': False, 'text_ui': True, 'loglevel': 15, 'consoleloglevel': 20, 'force_platform': None, 'syslog_address': None, 'mc_file_name': None, 'no_sound': False}
2025-10-04 09:48:31,385 : INFO : Machine : MPF path: C:\Users\richa\mpfvirtual4\lib\site-packages\mpf
2025-10-04 09:48:31,386 : INFO : Machine : Machine path: C:\Users\richa\ttp5
2025-10-04 09:48:31,386 : INFO : Machine : Platform: win32
2025-10-04 09:48:31,386 : INFO : Machine : Python executable location: C:\Users\richa\mpfvirtual4\Scripts\python.exe
2025-10-04 09:48:31,386 : INFO : Machine : Python version: 3.9.13 (64-bit)
2025-10-04 09:48:31,388 : INFO : Machine : Initializing MPF...
2025-10-04 09:48:31,927 : INFO : EventManager : Event: ======'machine_var_credits_string'====== Args={'value': 'FREE PLAY', 'prev_value': None, 'change': True}
2025-10-04 09:48:31,980 : INFO : EventManager : Event: ======'machine_var_master_volume'====== Args={'value': 0.5, 'prev_value': None, 'change': True}
2025-10-04 09:48:31,980 : INFO : EventManager : Event: ======'machine_var_player1_score'====== Args={'value': 10994, 'prev_value': None, 'change': True}
2025-10-04 09:48:31,980 : INFO : EventManager : Event: ======'machine_var_mpf_version'====== Args={'value': 'Mission Pinball Framework v0.57.0.dev39', 'prev_value': None, 'change': True}
2025-10-04 09:48:31,981 : INFO : EventManager : Event: ======'machine_var_mpf_extended_version'====== Args={'value': 'Mission Pinball Framework v0.57.0.dev39, Config version:6, Show version: 6, BCP version:1.1', 'prev_value': None, 'change': True}
2025-10-04 09:48:31,981 : INFO : EventManager : Event: ======'machine_var_python_version'====== Args={'value': '3.9.13', 'prev_value': None, 'change': True}
2025-10-04 09:48:31,990 : INFO : EventManager : Event: ======'machine_var_platform'====== Args={'value': 'Windows-10-10.0.19045-SP0', 'prev_value': None, 'change': True}
2025-10-04 09:48:31,990 : INFO : EventManager : Event: ======'machine_var_platform_system'====== Args={'value': 'Windows', 'prev_value': None, 'change': True}
2025-10-04 09:48:31,990 : INFO : EventManager : Event: ======'machine_var_platform_release'====== Args={'value': '10', 'prev_value': None, 'change': True}
2025-10-04 09:48:31,990 : INFO : EventManager : Event: ======'machine_var_platform_version'====== Args={'value': '10.0.19045', 'prev_value': None, 'change': True}
2025-10-04 09:48:31,990 : INFO : EventManager : Event: ======'machine_var_platform_machine'====== Args={'value': 'AMD64', 'prev_value': None, 'change': True}
2025-10-04 09:48:31,990 : INFO : EventManager : Event: ======'init_phase_1'====== Args={}
2025-10-04 09:48:32,010 : INFO : EventManager : Event: ======'init_phase_2'====== Args={}
2025-10-04 09:48:32,011 : INFO : SwitchController : Found active switch: ('2', <Platform.SmartVirtual>) <switch.s_trough1>
2025-10-04 09:48:32,011 : INFO : SwitchController : Found active switch: ('3', <Platform.SmartVirtual>) <switch.s_trough2>
2025-10-04 09:48:32,011 : INFO : SwitchController : Found active switch: ('4', <Platform.SmartVirtual>) <switch.s_trough3>
2025-10-04 09:48:32,011 : INFO : SwitchController : Found active switch: ('5', <Platform.SmartVirtual>) <switch.s_trough4>
2025-10-04 09:48:32,011 : INFO : SwitchController : Found active switch: ('6', <Platform.SmartVirtual>) <switch.s_trough5>
2025-10-04 09:48:32,011 : INFO : SwitchController : Found active switch: ('7', <Platform.SmartVirtual>) <switch.s_trough6>
2025-10-04 09:48:32,015 : INFO : EventManager : Event: ======'bcp_connection_attempt'====== Args={'name': 'local_display', 'host': 'localhost', 'port': 5050}
2025-10-04 09:48:32,017 : INFO : BCPClientSocket : Connecting BCP to 'local_display' at localhost:5050...
2025-10-04 09:48:34,069 : INFO : BCPClientSocket : Connected BCP to 'local_display' localhost:5050
2025-10-04 09:48:34,070 : INFO : EventManager : Event: ======'bcp_clients_connected'====== Args={}
2025-10-04 09:48:34,485 : INFO : EventManager : Event: ======'machine_var_mc_version'====== Args={'value': 'MPF-MC v0.57.0.dev10', 'prev_value': None, 'change': True}
2025-10-04 09:48:34,486 : INFO : EventManager : Event: ======'machine_var_mc_extended_version'====== Args={'value': 'MPF-MC v0.57.0.dev10 (config_version=6, BCP v1.1,                      Requires MPF API compatibility v0.57.0.dev19 or newer)', 'prev_value': None, 'change': True}
2025-10-04 09:48:34,490 : INFO : ball_device.bd_trough : BCH: Initial count: 6
2025-10-04 09:48:34,574 : INFO : ball_device.bd_trough : State: idle
2025-10-04 09:48:34,575 : INFO : ball_device.bd_plunger : BCH: Initial count: 0
2025-10-04 09:48:34,575 : INFO : ball_device.bd_plunger : State: idle
2025-10-04 09:48:34,592 : INFO : EventManager : Event: ======'init_phase_3'====== Args={}
2025-10-04 09:48:34,597 : INFO : EventManager : Event: ======'init_phase_4'====== Args={}
2025-10-04 09:48:34,597 : INFO : BallController : Initial balls found: 6
2025-10-04 09:48:34,598 : INFO : EventManager : Event: ======'machine_var_audits_events_game_ended'====== Args={'value': 14, 'prev_value': None, 'change': True}
2025-10-04 09:48:34,600 : INFO : EventManager : Event: ======'machine_var_audits_events_game_started'====== Args={'value': 64, 'prev_value': None, 'change': True}
2025-10-04 09:48:34,600 : INFO : EventManager : Event: ======'machine_var_audits_missing_switches_s_left_flipper'====== Args={'value': 7, 'prev_value': None, 'change': True}
2025-10-04 09:48:34,600 : INFO : EventManager : Event: ======'machine_var_audits_missing_switches_s_left_inlane'====== Args={'value': 17, 'prev_value': None, 'change': True}
2025-10-04 09:48:34,600 : INFO : EventManager : Event: ======'machine_var_audits_missing_switches_s_left_outlane'====== Args={'value': 27, 'prev_value': None, 'change': True}
2025-10-04 09:48:34,600 : INFO : EventManager : Event: ======'machine_var_audits_missing_switches_s_right_flipper'====== Args={'value': 1, 'prev_value': None, 'change': True}
2025-10-04 09:48:34,600 : INFO : EventManager : Event: ======'machine_var_audits_missing_switches_s_right_outlane'====== Args={'value': 27, 'prev_value': None, 'change': True}
2025-10-04 09:48:34,600 : INFO : EventManager : Event: ======'machine_var_audits_missing_switches_s_sling_left'====== Args={'value': 17, 'prev_value': None, 'change': True}
2025-10-04 09:48:34,601 : INFO : EventManager : Event: ======'machine_var_audits_missing_switches_s_sling_right'====== Args={'value': 31, 'prev_value': None, 'change': True}
2025-10-04 09:48:34,601 : INFO : EventManager : Event: ======'machine_var_audits_missing_switches_s_start'====== Args={'value': 28, 'prev_value': None, 'change': True}
2025-10-04 09:48:34,601 : INFO : EventManager : Event: ======'machine_var_audits_missing_switches_s_trough1'====== Args={'value': 5, 'prev_value': None, 'change': True}
2025-10-04 09:48:34,601 : INFO : EventManager : Event: ======'machine_var_audits_missing_switches_s_trough2'====== Args={'value': 64, 'prev_value': None, 'change': True}
2025-10-04 09:48:34,601 : INFO : EventManager : Event: ======'machine_var_audits_missing_switches_s_trough3'====== Args={'value': 64, 'prev_value': None, 'change': True}
2025-10-04 09:48:34,601 : INFO : EventManager : Event: ======'machine_var_audits_missing_switches_s_trough4'====== Args={'value': 64, 'prev_value': None, 'change': True}
2025-10-04 09:48:34,602 : INFO : EventManager : Event: ======'machine_var_audits_missing_switches_s_trough5'====== Args={'value': 64, 'prev_value': None, 'change': True}
2025-10-04 09:48:34,602 : INFO : EventManager : Event: ======'machine_var_audits_missing_switches_s_trough6'====== Args={'value': 64, 'prev_value': None, 'change': True}
2025-10-04 09:48:34,602 : INFO : EventManager : Event: ======'machine_var_audits_missing_switches_s_trough_jam'====== Args={'value': 64, 'prev_value': None, 'change': True}
2025-10-04 09:48:34,602 : INFO : EventManager : Event: ======'machine_var_audits_player_score'====== Args={'value': {'average': 10982, 'top': [28284, 25272, 22800, 14636, 13400, 12176, 11909, 11420, 10994, 10700], 'total': 16}, 'prev_value': None, 'change': True}
2025-10-04 09:48:34,602 : INFO : EventManager : Event: ======'machine_var_audits_shots_center_rollover'====== Args={'value': 7, 'prev_value': None, 'change': True}
2025-10-04 09:48:34,602 : INFO : EventManager : Event: ======'machine_var_audits_shots_center_rollover_shot'====== Args={'value': 81, 'prev_value': None, 'change': True}
2025-10-04 09:48:34,603 : INFO : EventManager : Event: ======'machine_var_audits_shots_left_rollover'====== Args={'value': 6, 'prev_value': None, 'change': True}
2025-10-04 09:48:34,603 : INFO : EventManager : Event: ======'machine_var_audits_shots_left_rollover_shot'====== Args={'value': 26, 'prev_value': None, 'change': True}
2025-10-04 09:48:34,603 : INFO : EventManager : Event: ======'machine_var_audits_shots_middle_inlane_shot'====== Args={'value': 20, 'prev_value': None, 'change': True}
2025-10-04 09:48:34,603 : INFO : EventManager : Event: ======'machine_var_audits_shots_my_first_shot'====== Args={'value': 95, 'prev_value': None, 'change': True}
2025-10-04 09:48:34,603 : INFO : EventManager : Event: ======'machine_var_audits_shots_right_inlane_shot'====== Args={'value': 7, 'prev_value': None, 'change': True}
2025-10-04 09:48:34,604 : INFO : EventManager : Event: ======'machine_var_audits_shots_right_rollover'====== Args={'value': 7, 'prev_value': None, 'change': True}
2025-10-04 09:48:34,604 : INFO : EventManager : Event: ======'machine_var_audits_shots_right_rollover_shot'====== Args={'value': 38, 'prev_value': None, 'change': True}
2025-10-04 09:48:34,604 : INFO : EventManager : Event: ======'machine_var_audits_shots_top_middle_inlane_shot'====== Args={'value': 41, 'prev_value': None, 'change': True}
2025-10-04 09:48:34,604 : INFO : EventManager : Event: ======'machine_var_audits_switches_s_center_rollover'====== Args={'value': 88, 'prev_value': None, 'change': True}
2025-10-04 09:48:34,604 : INFO : EventManager : Event: ======'machine_var_audits_switches_s_left_flipper'====== Args={'value': 320, 'prev_value': None, 'change': True}
2025-10-04 09:48:34,605 : INFO : EventManager : Event: ======'machine_var_audits_switches_s_left_inlane'====== Args={'value': 8, 'prev_value': None, 'change': True}
2025-10-04 09:48:34,605 : INFO : EventManager : Event: ======'machine_var_audits_switches_s_left_outlane'====== Args={'value': 3, 'prev_value': None, 'change': True}
2025-10-04 09:48:34,605 : INFO : EventManager : Event: ======'machine_var_audits_switches_s_left_rollover'====== Args={'value': 32, 'prev_value': None, 'change': True}
2025-10-04 09:48:34,605 : INFO : EventManager : Event: ======'machine_var_audits_switches_s_middle_inlane'====== Args={'value': 20, 'prev_value': None, 'change': True}
2025-10-04 09:48:34,606 : INFO : EventManager : Event: ======'machine_var_audits_switches_s_plunger'====== Args={'value': 119, 'prev_value': None, 'change': True}
2025-10-04 09:48:34,606 : INFO : EventManager : Event: ======'machine_var_audits_switches_s_right_flipper'====== Args={'value': 132, 'prev_value': None, 'change': True}
2025-10-04 09:48:34,606 : INFO : EventManager : Event: ======'machine_var_audits_switches_s_right_inlane'====== Args={'value': 134, 'prev_value': None, 'change': True}
2025-10-04 09:48:34,606 : INFO : EventManager : Event: ======'machine_var_audits_switches_s_right_outlane'====== Args={'value': 3, 'prev_value': None, 'change': True}
2025-10-04 09:48:34,607 : INFO : EventManager : Event: ======'machine_var_audits_switches_s_right_rollover'====== Args={'value': 45, 'prev_value': None, 'change': True}
2025-10-04 09:48:34,607 : INFO : EventManager : Event: ======'machine_var_audits_switches_s_sling_left'====== Args={'value': 3, 'prev_value': None, 'change': True}
2025-10-04 09:48:34,607 : INFO : EventManager : Event: ======'machine_var_audits_switches_s_sling_right'====== Args={'value': 1, 'prev_value': None, 'change': True}
2025-10-04 09:48:34,607 : INFO : EventManager : Event: ======'machine_var_audits_switches_s_start'====== Args={'value': 12, 'prev_value': None, 'change': True}
2025-10-04 09:48:34,608 : INFO : EventManager : Event: ======'machine_var_audits_switches_s_top_middle_inlane'====== Args={'value': 41, 'prev_value': None, 'change': True}
2025-10-04 09:48:34,608 : INFO : EventManager : Event: ======'machine_var_audits_switches_s_trough1'====== Args={'value': 77, 'prev_value': None, 'change': True}
2025-10-04 09:48:34,608 : INFO : EventManager : Event: ======'machine_var_audits_switches_s_trough2'====== Args={'value': 0, 'prev_value': None, 'change': True}
2025-10-04 09:48:34,608 : INFO : EventManager : Event: ======'machine_var_audits_switches_s_trough3'====== Args={'value': 0, 'prev_value': None, 'change': True}
2025-10-04 09:48:34,609 : INFO : EventManager : Event: ======'machine_var_audits_switches_s_trough4'====== Args={'value': 0, 'prev_value': None, 'change': True}
2025-10-04 09:48:34,609 : INFO : EventManager : Event: ======'machine_var_audits_switches_s_trough5'====== Args={'value': 0, 'prev_value': None, 'change': True}
2025-10-04 09:48:34,609 : INFO : EventManager : Event: ======'machine_var_audits_switches_s_trough6'====== Args={'value': 0, 'prev_value': None, 'change': True}
2025-10-04 09:48:34,609 : INFO : EventManager : Event: ======'machine_var_audits_switches_s_trough_jam'====== Args={'value': 0, 'prev_value': None, 'change': True}
2025-10-04 09:48:34,610 : INFO : EventManager : Event: ======'init_phase_5'====== Args={}
2025-10-04 09:48:34,664 : INFO : EventManager : Event: ======'init_done'====== Args={}
2025-10-04 09:48:34,665 : INFO : EventManager : Event: ======'machine_reset_phase_1'====== Args={}
2025-10-04 09:48:34,665 : INFO : BcpServer : New client connected.
2025-10-04 09:48:34,682 : INFO : EventManager : Event: ======'machine_reset_phase_2'====== Args={}
2025-10-04 09:48:34,683 : INFO : EventManager : Event: ======'machine_reset_phase_3'====== Args={}
2025-10-04 09:48:34,684 : INFO : EventManager : Event: ======'reset_complete'====== Args={}
2025-10-04 09:48:34,684 : INFO : EventManager : Event: ======'mode_attract_will_start'====== Args={}
2025-10-04 09:48:34,685 : INFO : EventManager : Event: ======'mode_attract_starting'====== Args={}
2025-10-04 09:48:34,685 : INFO : Mode.attract : Started. Priority: 10
2025-10-04 09:48:34,685 : INFO : EventManager : Event: ======'modes_active_modes_changed'====== Args={}
2025-10-04 09:48:34,685 : INFO : EventManager : Event: ======'mode_attract_started'====== Args={}
2025-10-04 09:48:34,686 : INFO : EventManager : Event: ======'collecting_balls_complete'====== Args={}
2025-10-04 09:48:34,746 : INFO : EventManager : Event: ======'slide_awesome_slide_created'====== Args={'_from_bcp': True}
2025-10-04 09:48:34,747 : INFO : EventManager : Event: ======'slide_awesome_slide_active'====== Args={'_from_bcp': True}
2025-10-04 09:48:34,747 : INFO : Machine : Starting the main run loop.
2025-10-04 09:48:37,688 : INFO : EventManager : Event: ======'slide_press_start_created'====== Args={'_from_bcp': True}
2025-10-04 09:48:37,689 : INFO : EventManager : Event: ======'slide_press_start_active'====== Args={'_from_bcp': True}
2025-10-04 09:48:40,688 : INFO : EventManager : Event: ======'slide_mission_pinball_created'====== Args={'_from_bcp': True}
2025-10-04 09:48:40,692 : INFO : EventManager : Event: ======'slide_mission_pinball_active'====== Args={'_from_bcp': True}
2025-10-04 09:48:43,683 : INFO : EventManager : Event: ======'slide_last_game_score_slide_created'====== Args={'_from_bcp': True}
2025-10-04 09:48:43,687 : INFO : EventManager : Event: ======'slide_last_game_score_slide_active'====== Args={'_from_bcp': True}
2025-10-04 09:48:46,672 : INFO : EventManager : Event: ======'slide_awesome_slide_removed'====== Args={'_from_bcp': True}
2025-10-04 09:48:46,679 : INFO : EventManager : Event: ======'slide_awesome_slide_created'====== Args={'_from_bcp': True}
2025-10-04 09:48:46,683 : INFO : EventManager : Event: ======'slide_awesome_slide_active'====== Args={'_from_bcp': True}
2025-10-04 09:48:49,682 : INFO : EventManager : Event: ======'slide_press_start_removed'====== Args={'_from_bcp': True}
2025-10-04 09:48:49,683 : INFO : EventManager : Event: ======'slide_press_start_created'====== Args={'_from_bcp': True}
2025-10-04 09:48:49,685 : INFO : EventManager : Event: ======'slide_press_start_active'====== Args={'_from_bcp': True}
2025-10-04 09:48:52,684 : INFO : EventManager : Event: ======'slide_mission_pinball_removed'====== Args={'_from_bcp': True}
2025-10-04 09:48:52,685 : INFO : EventManager : Event: ======'slide_mission_pinball_created'====== Args={'_from_bcp': True}
2025-10-04 09:48:52,686 : INFO : EventManager : Event: ======'slide_mission_pinball_active'====== Args={'_from_bcp': True}
2025-10-04 09:48:55,680 : INFO : EventManager : Event: ======'slide_last_game_score_slide_removed'====== Args={'_from_bcp': True}
2025-10-04 09:48:55,696 : INFO : EventManager : Event: ======'slide_last_game_score_slide_created'====== Args={'_from_bcp': True}
2025-10-04 09:48:55,701 : INFO : EventManager : Event: ======'slide_last_game_score_slide_active'====== Args={'_from_bcp': True}
2025-10-04 09:48:58,672 : INFO : EventManager : Event: ======'slide_awesome_slide_removed'====== Args={'_from_bcp': True}
2025-10-04 09:48:58,675 : INFO : EventManager : Event: ======'slide_awesome_slide_created'====== Args={'_from_bcp': True}
2025-10-04 09:48:58,676 : INFO : EventManager : Event: ======'slide_awesome_slide_active'====== Args={'_from_bcp': True}
2025-10-04 09:49:01,684 : INFO : EventManager : Event: ======'slide_press_start_removed'====== Args={'_from_bcp': True}
2025-10-04 09:49:01,684 : INFO : EventManager : Event: ======'slide_press_start_created'====== Args={'_from_bcp': True}
2025-10-04 09:49:01,684 : INFO : EventManager : Event: ======'slide_press_start_active'====== Args={'_from_bcp': True}
2025-10-04 09:49:04,693 : INFO : EventManager : Event: ======'slide_mission_pinball_removed'====== Args={'_from_bcp': True}
2025-10-04 09:49:04,695 : INFO : EventManager : Event: ======'slide_mission_pinball_created'====== Args={'_from_bcp': True}
2025-10-04 09:49:04,697 : INFO : EventManager : Event: ======'slide_mission_pinball_active'====== Args={'_from_bcp': True}
2025-10-04 09:49:07,698 : INFO : EventManager : Event: ======'slide_last_game_score_slide_removed'====== Args={'_from_bcp': True}
2025-10-04 09:49:07,699 : INFO : EventManager : Event: ======'slide_last_game_score_slide_created'====== Args={'_from_bcp': True}
2025-10-04 09:49:07,701 : INFO : EventManager : Event: ======'slide_last_game_score_slide_active'====== Args={'_from_bcp': True}
2025-10-04 09:49:10,710 : INFO : EventManager : Event: ======'slide_awesome_slide_removed'====== Args={'_from_bcp': True}
2025-10-04 09:49:10,712 : INFO : EventManager : Event: ======'slide_awesome_slide_created'====== Args={'_from_bcp': True}
2025-10-04 09:49:10,716 : INFO : EventManager : Event: ======'slide_awesome_slide_active'====== Args={'_from_bcp': True}
2025-10-04 09:49:13,702 : INFO : EventManager : Event: ======'slide_press_start_removed'====== Args={'_from_bcp': True}
2025-10-04 09:49:13,703 : INFO : EventManager : Event: ======'slide_press_start_created'====== Args={'_from_bcp': True}
2025-10-04 09:49:13,706 : INFO : EventManager : Event: ======'slide_press_start_active'====== Args={'_from_bcp': True}
2025-10-04 09:49:16,680 : INFO : EventManager : Event: ======'slide_mission_pinball_removed'====== Args={'_from_bcp': True}
2025-10-04 09:49:16,682 : INFO : EventManager : Event: ======'slide_mission_pinball_created'====== Args={'_from_bcp': True}
2025-10-04 09:49:16,683 : INFO : EventManager : Event: ======'slide_mission_pinball_active'====== Args={'_from_bcp': True}
2025-10-04 09:49:19,693 : INFO : EventManager : Event: ======'slide_last_game_score_slide_removed'====== Args={'_from_bcp': True}
2025-10-04 09:49:19,695 : INFO : EventManager : Event: ======'slide_last_game_score_slide_created'====== Args={'_from_bcp': True}
2025-10-04 09:49:19,696 : INFO : EventManager : Event: ======'slide_last_game_score_slide_active'====== Args={'_from_bcp': True}
2025-10-04 09:49:22,691 : INFO : EventManager : Event: ======'slide_awesome_slide_removed'====== Args={'_from_bcp': True}
2025-10-04 09:49:22,693 : INFO : EventManager : Event: ======'slide_awesome_slide_created'====== Args={'_from_bcp': True}
2025-10-04 09:49:22,696 : INFO : EventManager : Event: ======'slide_awesome_slide_active'====== Args={'_from_bcp': True}
2025-10-04 09:49:25,677 : INFO : EventManager : Event: ======'slide_press_start_removed'====== Args={'_from_bcp': True}
2025-10-04 09:49:25,690 : INFO : EventManager : Event: ======'slide_press_start_created'====== Args={'_from_bcp': True}
2025-10-04 09:49:25,692 : INFO : EventManager : Event: ======'slide_press_start_active'====== Args={'_from_bcp': True}
2025-10-04 09:49:28,701 : INFO : EventManager : Event: ======'slide_mission_pinball_removed'====== Args={'_from_bcp': True}
2025-10-04 09:49:28,702 : INFO : EventManager : Event: ======'slide_mission_pinball_created'====== Args={'_from_bcp': True}
2025-10-04 09:49:28,703 : INFO : EventManager : Event: ======'slide_mission_pinball_active'====== Args={'_from_bcp': True}
2025-10-04 09:49:31,675 : INFO : EventManager : Event: ======'slide_last_game_score_slide_removed'====== Args={'_from_bcp': True}
2025-10-04 09:49:31,678 : INFO : EventManager : Event: ======'slide_last_game_score_slide_created'====== Args={'_from_bcp': True}
2025-10-04 09:49:31,679 : INFO : EventManager : Event: ======'slide_last_game_score_slide_active'====== Args={'_from_bcp': True}
2025-10-04 09:49:34,687 : INFO : EventManager : Event: ======'slide_awesome_slide_removed'====== Args={'_from_bcp': True}
2025-10-04 09:49:34,691 : INFO : EventManager : Event: ======'slide_awesome_slide_created'====== Args={'_from_bcp': True}
2025-10-04 09:49:34,694 : INFO : EventManager : Event: ======'slide_awesome_slide_active'====== Args={'_from_bcp': True}
2025-10-04 09:49:37,681 : INFO : EventManager : Event: ======'slide_press_start_removed'====== Args={'_from_bcp': True}
2025-10-04 09:49:37,683 : INFO : EventManager : Event: ======'slide_press_start_created'====== Args={'_from_bcp': True}
2025-10-04 09:49:37,685 : INFO : EventManager : Event: ======'slide_press_start_active'====== Args={'_from_bcp': True}
2025-10-04 09:49:40,668 : INFO : EventManager : Event: ======'slide_mission_pinball_removed'====== Args={'_from_bcp': True}
2025-10-04 09:49:40,675 : INFO : EventManager : Event: ======'slide_mission_pinball_created'====== Args={'_from_bcp': True}
2025-10-04 09:49:40,678 : INFO : EventManager : Event: ======'slide_mission_pinball_active'====== Args={'_from_bcp': True}
2025-10-04 09:49:43,700 : INFO : EventManager : Event: ======'slide_last_game_score_slide_removed'====== Args={'_from_bcp': True}
2025-10-04 09:49:43,701 : INFO : EventManager : Event: ======'slide_last_game_score_slide_created'====== Args={'_from_bcp': True}
2025-10-04 09:49:43,706 : INFO : EventManager : Event: ======'slide_last_game_score_slide_active'====== Args={'_from_bcp': True}
2025-10-04 09:49:46,704 : INFO : EventManager : Event: ======'slide_awesome_slide_removed'====== Args={'_from_bcp': True}
2025-10-04 09:49:46,711 : INFO : EventManager : Event: ======'slide_awesome_slide_created'====== Args={'_from_bcp': True}
2025-10-04 09:49:46,714 : INFO : EventManager : Event: ======'slide_awesome_slide_active'====== Args={'_from_bcp': True}
2025-10-04 09:49:49,689 : INFO : EventManager : Event: ======'slide_press_start_removed'====== Args={'_from_bcp': True}
2025-10-04 09:49:49,700 : INFO : EventManager : Event: ======'slide_press_start_created'====== Args={'_from_bcp': True}
2025-10-04 09:49:49,702 : INFO : EventManager : Event: ======'slide_press_start_active'====== Args={'_from_bcp': True}
2025-10-04 09:49:52,676 : INFO : EventManager : Event: ======'slide_mission_pinball_removed'====== Args={'_from_bcp': True}
2025-10-04 09:49:52,678 : INFO : EventManager : Event: ======'slide_mission_pinball_created'====== Args={'_from_bcp': True}
2025-10-04 09:49:52,679 : INFO : EventManager : Event: ======'slide_mission_pinball_active'====== Args={'_from_bcp': True}
2025-10-04 09:49:55,695 : INFO : EventManager : Event: ======'slide_last_game_score_slide_removed'====== Args={'_from_bcp': True}
2025-10-04 09:49:55,696 : INFO : EventManager : Event: ======'slide_last_game_score_slide_created'====== Args={'_from_bcp': True}
2025-10-04 09:49:55,697 : INFO : EventManager : Event: ======'slide_last_game_score_slide_active'====== Args={'_from_bcp': True}
2025-10-04 09:49:58,686 : INFO : EventManager : Event: ======'slide_awesome_slide_removed'====== Args={'_from_bcp': True}
2025-10-04 09:49:58,686 : INFO : EventManager : Event: ======'slide_awesome_slide_created'====== Args={'_from_bcp': True}
2025-10-04 09:49:58,687 : INFO : EventManager : Event: ======'slide_awesome_slide_active'====== Args={'_from_bcp': True}
2025-10-04 09:50:01,696 : INFO : EventManager : Event: ======'slide_press_start_removed'====== Args={'_from_bcp': True}
2025-10-04 09:50:01,699 : INFO : EventManager : Event: ======'slide_press_start_created'====== Args={'_from_bcp': True}
2025-10-04 09:50:01,700 : INFO : EventManager : Event: ======'slide_press_start_active'====== Args={'_from_bcp': True}
2025-10-04 09:50:04,724 : INFO : EventManager : Event: ======'slide_mission_pinball_removed'====== Args={'_from_bcp': True}
2025-10-04 09:50:04,726 : INFO : EventManager : Event: ======'slide_mission_pinball_created'====== Args={'_from_bcp': True}
2025-10-04 09:50:04,727 : INFO : EventManager : Event: ======'slide_mission_pinball_active'====== Args={'_from_bcp': True}
2025-10-04 09:50:07,695 : INFO : EventManager : Event: ======'slide_last_game_score_slide_removed'====== Args={'_from_bcp': True}
2025-10-04 09:50:07,696 : INFO : EventManager : Event: ======'slide_last_game_score_slide_created'====== Args={'_from_bcp': True}
2025-10-04 09:50:07,702 : INFO : EventManager : Event: ======'slide_last_game_score_slide_active'====== Args={'_from_bcp': True}
2025-10-04 09:50:10,679 : INFO : EventManager : Event: ======'slide_awesome_slide_removed'====== Args={'_from_bcp': True}
2025-10-04 09:50:10,687 : INFO : EventManager : Event: ======'slide_awesome_slide_created'====== Args={'_from_bcp': True}
2025-10-04 09:50:10,690 : INFO : EventManager : Event: ======'slide_awesome_slide_active'====== Args={'_from_bcp': True}
2025-10-04 09:50:13,678 : INFO : EventManager : Event: ======'slide_press_start_removed'====== Args={'_from_bcp': True}
2025-10-04 09:50:13,688 : INFO : EventManager : Event: ======'slide_press_start_created'====== Args={'_from_bcp': True}
2025-10-04 09:50:13,690 : INFO : EventManager : Event: ======'slide_press_start_active'====== Args={'_from_bcp': True}
2025-10-04 09:50:16,694 : INFO : EventManager : Event: ======'slide_mission_pinball_removed'====== Args={'_from_bcp': True}
2025-10-04 09:50:16,695 : INFO : EventManager : Event: ======'slide_mission_pinball_created'====== Args={'_from_bcp': True}
2025-10-04 09:50:16,697 : INFO : EventManager : Event: ======'slide_mission_pinball_active'====== Args={'_from_bcp': True}
2025-10-04 09:50:19,686 : INFO : EventManager : Event: ======'slide_last_game_score_slide_removed'====== Args={'_from_bcp': True}
2025-10-04 09:50:19,687 : INFO : EventManager : Event: ======'slide_last_game_score_slide_created'====== Args={'_from_bcp': True}
2025-10-04 09:50:19,687 : INFO : EventManager : Event: ======'slide_last_game_score_slide_active'====== Args={'_from_bcp': True}
2025-10-04 09:50:22,680 : INFO : EventManager : Event: ======'slide_awesome_slide_removed'====== Args={'_from_bcp': True}
2025-10-04 09:50:22,682 : INFO : EventManager : Event: ======'slide_awesome_slide_created'====== Args={'_from_bcp': True}
2025-10-04 09:50:22,686 : INFO : EventManager : Event: ======'slide_awesome_slide_active'====== Args={'_from_bcp': True}
2025-10-04 09:50:25,706 : INFO : EventManager : Event: ======'slide_press_start_removed'====== Args={'_from_bcp': True}
2025-10-04 09:50:25,708 : INFO : EventManager : Event: ======'slide_press_start_created'====== Args={'_from_bcp': True}
2025-10-04 09:50:25,710 : INFO : EventManager : Event: ======'slide_press_start_active'====== Args={'_from_bcp': True}
2025-10-04 09:50:28,677 : INFO : EventManager : Event: ======'slide_mission_pinball_removed'====== Args={'_from_bcp': True}
2025-10-04 09:50:28,683 : INFO : EventManager : Event: ======'slide_mission_pinball_created'====== Args={'_from_bcp': True}
2025-10-04 09:50:28,686 : INFO : EventManager : Event: ======'slide_mission_pinball_active'====== Args={'_from_bcp': True}
2025-10-04 09:50:31,693 : INFO : EventManager : Event: ======'slide_last_game_score_slide_removed'====== Args={'_from_bcp': True}
2025-10-04 09:50:31,697 : INFO : EventManager : Event: ======'slide_last_game_score_slide_created'====== Args={'_from_bcp': True}
2025-10-04 09:50:31,698 : INFO : EventManager : Event: ======'slide_last_game_score_slide_active'====== Args={'_from_bcp': True}
2025-10-04 09:50:34,690 : INFO : EventManager : Event: ======'slide_awesome_slide_removed'====== Args={'_from_bcp': True}
2025-10-04 09:50:34,692 : INFO : EventManager : Event: ======'slide_awesome_slide_created'====== Args={'_from_bcp': True}
2025-10-04 09:50:34,693 : INFO : EventManager : Event: ======'slide_awesome_slide_active'====== Args={'_from_bcp': True}
2025-10-04 09:50:37,670 : INFO : EventManager : Event: ======'slide_press_start_removed'====== Args={'_from_bcp': True}
2025-10-04 09:50:37,681 : INFO : EventManager : Event: ======'slide_press_start_created'====== Args={'_from_bcp': True}
2025-10-04 09:50:37,686 : INFO : EventManager : Event: ======'slide_press_start_active'====== Args={'_from_bcp': True}
2025-10-04 09:50:40,691 : INFO : EventManager : Event: ======'slide_mission_pinball_removed'====== Args={'_from_bcp': True}
2025-10-04 09:50:40,692 : INFO : EventManager : Event: ======'slide_mission_pinball_created'====== Args={'_from_bcp': True}
2025-10-04 09:50:40,693 : INFO : EventManager : Event: ======'slide_mission_pinball_active'====== Args={'_from_bcp': True}
2025-10-04 09:50:43,693 : INFO : EventManager : Event: ======'slide_last_game_score_slide_removed'====== Args={'_from_bcp': True}
2025-10-04 09:50:43,704 : INFO : EventManager : Event: ======'slide_last_game_score_slide_created'====== Args={'_from_bcp': True}
2025-10-04 09:50:43,708 : INFO : EventManager : Event: ======'slide_last_game_score_slide_active'====== Args={'_from_bcp': True}
2025-10-04 09:50:46,700 : INFO : EventManager : Event: ======'slide_awesome_slide_removed'====== Args={'_from_bcp': True}
2025-10-04 09:50:46,701 : INFO : EventManager : Event: ======'slide_awesome_slide_created'====== Args={'_from_bcp': True}
2025-10-04 09:50:46,701 : INFO : EventManager : Event: ======'slide_awesome_slide_active'====== Args={'_from_bcp': True}
2025-10-04 09:50:49,667 : INFO : EventManager : Event: ======'slide_press_start_removed'====== Args={'_from_bcp': True}
2025-10-04 09:50:49,675 : INFO : EventManager : Event: ======'slide_press_start_created'====== Args={'_from_bcp': True}
2025-10-04 09:50:49,678 : INFO : EventManager : Event: ======'slide_press_start_active'====== Args={'_from_bcp': True}
2025-10-04 09:50:52,680 : INFO : EventManager : Event: ======'slide_mission_pinball_removed'====== Args={'_from_bcp': True}
2025-10-04 09:50:52,681 : INFO : EventManager : Event: ======'slide_mission_pinball_created'====== Args={'_from_bcp': True}
2025-10-04 09:50:52,682 : INFO : EventManager : Event: ======'slide_mission_pinball_active'====== Args={'_from_bcp': True}
2025-10-04 09:50:55,671 : INFO : EventManager : Event: ======'slide_last_game_score_slide_removed'====== Args={'_from_bcp': True}
2025-10-04 09:50:55,683 : INFO : EventManager : Event: ======'slide_last_game_score_slide_created'====== Args={'_from_bcp': True}
2025-10-04 09:50:55,688 : INFO : EventManager : Event: ======'slide_last_game_score_slide_active'====== Args={'_from_bcp': True}
2025-10-04 09:50:58,687 : INFO : EventManager : Event: ======'slide_awesome_slide_removed'====== Args={'_from_bcp': True}
2025-10-04 09:50:58,688 : INFO : EventManager : Event: ======'slide_awesome_slide_created'====== Args={'_from_bcp': True}
2025-10-04 09:50:58,688 : INFO : EventManager : Event: ======'slide_awesome_slide_active'====== Args={'_from_bcp': True}
2025-10-04 09:51:01,707 : INFO : EventManager : Event: ======'slide_press_start_removed'====== Args={'_from_bcp': True}
2025-10-04 09:51:01,709 : INFO : EventManager : Event: ======'slide_press_start_created'====== Args={'_from_bcp': True}
2025-10-04 09:51:01,710 : INFO : EventManager : Event: ======'slide_press_start_active'====== Args={'_from_bcp': True}
2025-10-04 09:51:04,693 : INFO : EventManager : Event: ======'slide_mission_pinball_removed'====== Args={'_from_bcp': True}
2025-10-04 09:51:04,695 : INFO : EventManager : Event: ======'slide_mission_pinball_created'====== Args={'_from_bcp': True}
2025-10-04 09:51:04,695 : INFO : EventManager : Event: ======'slide_mission_pinball_active'====== Args={'_from_bcp': True}
2025-10-04 09:51:07,693 : INFO : EventManager : Event: ======'slide_last_game_score_slide_removed'====== Args={'_from_bcp': True}
2025-10-04 09:51:07,705 : INFO : EventManager : Event: ======'slide_last_game_score_slide_created'====== Args={'_from_bcp': True}
2025-10-04 09:51:07,710 : INFO : EventManager : Event: ======'slide_last_game_score_slide_active'====== Args={'_from_bcp': True}
2025-10-04 09:51:10,704 : INFO : EventManager : Event: ======'slide_awesome_slide_removed'====== Args={'_from_bcp': True}
2025-10-04 09:51:10,706 : INFO : EventManager : Event: ======'slide_awesome_slide_created'====== Args={'_from_bcp': True}
2025-10-04 09:51:10,710 : INFO : EventManager : Event: ======'slide_awesome_slide_active'====== Args={'_from_bcp': True}
2025-10-04 09:51:13,673 : INFO : EventManager : Event: ======'slide_press_start_removed'====== Args={'_from_bcp': True}
2025-10-04 09:51:13,673 : INFO : EventManager : Event: ======'slide_press_start_created'====== Args={'_from_bcp': True}
2025-10-04 09:51:13,673 : INFO : EventManager : Event: ======'slide_press_start_active'====== Args={'_from_bcp': True}
2025-10-04 09:51:16,673 : INFO : EventManager : Event: ======'slide_mission_pinball_removed'====== Args={'_from_bcp': True}
2025-10-04 09:51:16,674 : INFO : EventManager : Event: ======'slide_mission_pinball_created'====== Args={'_from_bcp': True}
2025-10-04 09:51:16,677 : INFO : EventManager : Event: ======'slide_mission_pinball_active'====== Args={'_from_bcp': True}
2025-10-04 09:51:19,694 : INFO : EventManager : Event: ======'slide_last_game_score_slide_removed'====== Args={'_from_bcp': True}
2025-10-04 09:51:19,760 : INFO : EventManager : Event: ======'slide_last_game_score_slide_created'====== Args={'_from_bcp': True}
2025-10-04 09:51:19,761 : INFO : EventManager : Event: ======'slide_last_game_score_slide_active'====== Args={'_from_bcp': True}
2025-10-04 09:51:22,693 : INFO : EventManager : Event: ======'slide_awesome_slide_removed'====== Args={'_from_bcp': True}
2025-10-04 09:51:22,693 : INFO : EventManager : Event: ======'slide_awesome_slide_created'====== Args={'_from_bcp': True}
2025-10-04 09:51:22,694 : INFO : EventManager : Event: ======'slide_awesome_slide_active'====== Args={'_from_bcp': True}
2025-10-04 09:51:25,695 : INFO : EventManager : Event: ======'slide_press_start_removed'====== Args={'_from_bcp': True}
2025-10-04 09:51:25,708 : INFO : EventManager : Event: ======'slide_press_start_created'====== Args={'_from_bcp': True}
2025-10-04 09:51:25,713 : INFO : EventManager : Event: ======'slide_press_start_active'====== Args={'_from_bcp': True}
2025-10-04 09:51:28,685 : INFO : EventManager : Event: ======'slide_mission_pinball_removed'====== Args={'_from_bcp': True}
2025-10-04 09:51:28,685 : INFO : EventManager : Event: ======'slide_mission_pinball_created'====== Args={'_from_bcp': True}
2025-10-04 09:51:28,685 : INFO : EventManager : Event: ======'slide_mission_pinball_active'====== Args={'_from_bcp': True}
2025-10-04 09:51:31,685 : INFO : EventManager : Event: ======'slide_last_game_score_slide_removed'====== Args={'_from_bcp': True}
2025-10-04 09:51:31,692 : INFO : EventManager : Event: ======'slide_last_game_score_slide_created'====== Args={'_from_bcp': True}
2025-10-04 09:51:31,695 : INFO : EventManager : Event: ======'slide_last_game_score_slide_active'====== Args={'_from_bcp': True}
2025-10-04 09:51:34,699 : INFO : EventManager : Event: ======'slide_awesome_slide_removed'====== Args={'_from_bcp': True}
2025-10-04 09:51:34,701 : INFO : EventManager : Event: ======'slide_awesome_slide_created'====== Args={'_from_bcp': True}
2025-10-04 09:51:34,702 : INFO : EventManager : Event: ======'slide_awesome_slide_active'====== Args={'_from_bcp': True}
2025-10-04 09:51:37,674 : INFO : EventManager : Event: ======'slide_press_start_removed'====== Args={'_from_bcp': True}
2025-10-04 09:51:37,689 : INFO : EventManager : Event: ======'slide_press_start_created'====== Args={'_from_bcp': True}
2025-10-04 09:51:37,692 : INFO : EventManager : Event: ======'slide_press_start_active'====== Args={'_from_bcp': True}
2025-10-04 09:51:40,680 : INFO : EventManager : Event: ======'slide_mission_pinball_removed'====== Args={'_from_bcp': True}
2025-10-04 09:51:40,682 : INFO : EventManager : Event: ======'slide_mission_pinball_created'====== Args={'_from_bcp': True}
2025-10-04 09:51:40,683 : INFO : EventManager : Event: ======'slide_mission_pinball_active'====== Args={'_from_bcp': True}
2025-10-04 09:51:43,707 : INFO : EventManager : Event: ======'slide_last_game_score_slide_removed'====== Args={'_from_bcp': True}
2025-10-04 09:51:43,708 : INFO : EventManager : Event: ======'slide_last_game_score_slide_created'====== Args={'_from_bcp': True}
2025-10-04 09:51:43,711 : INFO : EventManager : Event: ======'slide_last_game_score_slide_active'====== Args={'_from_bcp': True}
2025-10-04 09:51:46,700 : INFO : EventManager : Event: ======'slide_awesome_slide_removed'====== Args={'_from_bcp': True}
2025-10-04 09:51:46,702 : INFO : EventManager : Event: ======'slide_awesome_slide_created'====== Args={'_from_bcp': True}
2025-10-04 09:51:46,704 : INFO : EventManager : Event: ======'slide_awesome_slide_active'====== Args={'_from_bcp': True}
2025-10-04 09:51:49,701 : INFO : EventManager : Event: ======'slide_press_start_removed'====== Args={'_from_bcp': True}
2025-10-04 09:51:49,703 : INFO : EventManager : Event: ======'slide_press_start_created'====== Args={'_from_bcp': True}
2025-10-04 09:51:49,706 : INFO : EventManager : Event: ======'slide_press_start_active'====== Args={'_from_bcp': True}
2025-10-04 09:51:52,689 : INFO : EventManager : Event: ======'slide_mission_pinball_removed'====== Args={'_from_bcp': True}
2025-10-04 09:51:52,689 : INFO : EventManager : Event: ======'slide_mission_pinball_created'====== Args={'_from_bcp': True}
2025-10-04 09:51:52,689 : INFO : EventManager : Event: ======'slide_mission_pinball_active'====== Args={'_from_bcp': True}
2025-10-04 09:51:53,826 : INFO : Machine : Shutting down...
2025-10-04 09:51:53,826 : INFO : EventManager : Event: ======'shutdown'====== Args={}
2025-10-04 09:51:53,852 : INFO : root : MPF run loop ended.
