2025-10-10 06:57:08,635 : INFO : root : Loading config.
2025-10-10 06:57:08,639 : INFO : YamlMultifileConfigLoader : Machine config file #1: config.yaml
2025-10-10 06:57:08,639 : WARNING : ConfigProcessor : Config file in cache changed: C:\Users\richa\ttp7\config\config.yaml
2025-10-10 06:57:08,640 : INFO : ConfigProcessor : Loading config from file C:\Users\richa\mpfvirtual4\lib\site-packages\mpf\mpfconfig.yaml.
2025-10-10 06:57:08,664 : INFO : ConfigProcessor : Loading config: C:\Users\richa\mpfvirtual4\lib\site-packages\mpf\mpfconfig.yaml
2025-10-10 06:57:08,665 : INFO : ConfigProcessor : Loading config from file C:\Users\richa\ttp7\config\config.yaml.
2025-10-10 06:57:08,674 : INFO : ConfigProcessor : Loading config: C:\Users\richa\ttp7\config\config.yaml
2025-10-10 06:57:08,676 : INFO : ConfigProcessor : Loading config: C:\Users\richa\ttp7\config\config_sounds.yaml
2025-10-10 06:57:08,677 : INFO : ConfigProcessor : Loading config: C:\Users\richa\ttp7\config\config_ball_devices.yaml
2025-10-10 06:57:08,678 : INFO : ConfigProcessor : Loading config: C:\Users\richa\ttp7\config\config_coils.yaml
2025-10-10 06:57:08,679 : INFO : ConfigProcessor : Loading config: C:\Users\richa\ttp7\config\config_flippers.yaml
2025-10-10 06:57:08,683 : INFO : ConfigProcessor : Loading config: C:\Users\richa\ttp7\config\config_switches.yaml
2025-10-10 06:57:08,687 : INFO : ConfigProcessor : Loading config: C:\Users\richa\ttp7\config\config_lights.yaml
2025-10-10 06:57:08,690 : INFO : ConfigProcessor : Config file cache created: C:\Users\richa\AppData\Local\Temp\f7776651e259183bd84a8c8d686bf868.mpf_cache
2025-10-10 06:57:08,777 : INFO : ConfigProcessor : Loading config from cache: C:\Users\richa\AppData\Local\Temp\70233839fc0b792ce11a62f3c18c1950.mpf_cache
2025-10-10 06:57:08,778 : INFO : ConfigProcessor : Loading config from cache: C:\Users\richa\AppData\Local\Temp\9c8dea79ca4d15ee886340e992e8cb9d.mpf_cache
2025-10-10 06:57:08,779 : INFO : ConfigProcessor : Loading config from cache: C:\Users\richa\AppData\Local\Temp\67a19b095f918111543419ac0271bfb1.mpf_cache
2025-10-10 06:57:08,780 : INFO : ConfigProcessor : Loading config from cache: C:\Users\richa\AppData\Local\Temp\be387b0e8ed00556ec738d83cd6947d1.mpf_cache
2025-10-10 06:57:08,781 : INFO : ConfigProcessor : Loading config from cache: C:\Users\richa\AppData\Local\Temp\b710dc01437f1dfd05f3b5275f67493b.mpf_cache
2025-10-10 06:57:08,781 : INFO : ConfigProcessor : Loading config from cache: C:\Users\richa\AppData\Local\Temp\0a23590f4081187a3ecee75c7657616e.mpf_cache
2025-10-10 06:57:08,782 : INFO : ConfigProcessor : Loading config from cache: C:\Users\richa\AppData\Local\Temp\374a5edaf0766cb9005f368df852c09d.mpf_cache
2025-10-10 06:57:08,783 : INFO : Machine : Mission Pinball Framework Core Engine v0.57.0.dev39
2025-10-10 06:57:08,783 : INFO : Machine : Command line arguments: {'no_load_cache': False, 'create_config_cache': True, 'bcp': True, 'configfile': ['config.yaml'], 'force_assets_load': False, 'jsonlogging': False, 'logfile': 'logs\\2025-10-10-06-57-08-mpf-DESKTOP-RK7BE5M.log', 'pause': False, 'production': False, 'text_ui': True, 'loglevel': 15, 'consoleloglevel': 20, 'force_platform': None, 'syslog_address': None, 'mc_file_name': None, 'no_sound': False}
2025-10-10 06:57:08,783 : INFO : Machine : MPF path: C:\Users\richa\mpfvirtual4\lib\site-packages\mpf
2025-10-10 06:57:08,783 : INFO : Machine : Machine path: C:\Users\richa\ttp7
2025-10-10 06:57:08,783 : INFO : Machine : Platform: win32
2025-10-10 06:57:08,783 : INFO : Machine : Python executable location: C:\Users\richa\mpfvirtual4\Scripts\python.exe
2025-10-10 06:57:08,783 : INFO : Machine : Python version: 3.9.13 (64-bit)
2025-10-10 06:57:08,785 : INFO : Machine : Initializing MPF...
2025-10-10 06:57:09,150 : INFO : EventManager : Event: ======'machine_var_credits_string'====== Args={'value': 'FREE PLAY', 'prev_value': None, 'change': True}
2025-10-10 06:57:09,198 : INFO : EventManager : Event: ======'machine_var_master_volume'====== Args={'value': 0.5, 'prev_value': None, 'change': True}
2025-10-10 06:57:09,198 : INFO : EventManager : Event: ======'machine_var_player1_score'====== Args={'value': 2008600, 'prev_value': None, 'change': True}
2025-10-10 06:57:09,198 : INFO : EventManager : Event: ======'machine_var_mpf_version'====== Args={'value': 'Mission Pinball Framework v0.57.0.dev39', 'prev_value': None, 'change': True}
2025-10-10 06:57:09,199 : INFO : EventManager : Event: ======'machine_var_mpf_extended_version'====== Args={'value': 'Mission Pinball Framework v0.57.0.dev39, Config version:6, Show version: 6, BCP version:1.1', 'prev_value': None, 'change': True}
2025-10-10 06:57:09,199 : INFO : EventManager : Event: ======'machine_var_python_version'====== Args={'value': '3.9.13', 'prev_value': None, 'change': True}
2025-10-10 06:57:09,208 : INFO : EventManager : Event: ======'machine_var_platform'====== Args={'value': 'Windows-10-10.0.19045-SP0', 'prev_value': None, 'change': True}
2025-10-10 06:57:09,208 : INFO : EventManager : Event: ======'machine_var_platform_system'====== Args={'value': 'Windows', 'prev_value': None, 'change': True}
2025-10-10 06:57:09,208 : INFO : EventManager : Event: ======'machine_var_platform_release'====== Args={'value': '10', 'prev_value': None, 'change': True}
2025-10-10 06:57:09,208 : INFO : EventManager : Event: ======'machine_var_platform_version'====== Args={'value': '10.0.19045', 'prev_value': None, 'change': True}
2025-10-10 06:57:09,208 : INFO : EventManager : Event: ======'machine_var_platform_machine'====== Args={'value': 'AMD64', 'prev_value': None, 'change': True}
2025-10-10 06:57:09,208 : INFO : EventManager : Event: ======'init_phase_1'====== Args={}
2025-10-10 06:57:09,246 : INFO : EventManager : Event: ======'init_phase_2'====== Args={}
2025-10-10 06:57:09,246 : INFO : SwitchController : Found active switch: ('2', <Platform.SmartVirtual>) <switch.s_trough1>
2025-10-10 06:57:09,246 : INFO : SwitchController : Found active switch: ('3', <Platform.SmartVirtual>) <switch.s_trough2>
2025-10-10 06:57:09,246 : INFO : SwitchController : Found active switch: ('4', <Platform.SmartVirtual>) <switch.s_trough3>
2025-10-10 06:57:09,246 : INFO : SwitchController : Found active switch: ('5', <Platform.SmartVirtual>) <switch.s_trough4>
2025-10-10 06:57:09,246 : INFO : SwitchController : Found active switch: ('6', <Platform.SmartVirtual>) <switch.s_trough5>
2025-10-10 06:57:09,246 : INFO : SwitchController : Found active switch: ('7', <Platform.SmartVirtual>) <switch.s_trough6>
2025-10-10 06:57:09,250 : INFO : EventManager : Event: ======'bcp_connection_attempt'====== Args={'name': 'local_display', 'host': 'localhost', 'port': 5050}
2025-10-10 06:57:09,253 : INFO : BCPClientSocket : Connecting BCP to 'local_display' at localhost:5050...
2025-10-10 06:57:11,268 : INFO : BCPClientSocket : Connected BCP to 'local_display' localhost:5050
2025-10-10 06:57:11,269 : INFO : EventManager : Event: ======'bcp_clients_connected'====== Args={}
2025-10-10 06:57:11,553 : INFO : EventManager : Event: ======'machine_var_mc_version'====== Args={'value': 'MPF-MC v0.57.0.dev10', 'prev_value': None, 'change': True}
2025-10-10 06:57:11,554 : INFO : EventManager : Event: ======'machine_var_mc_extended_version'====== Args={'value': 'MPF-MC v0.57.0.dev10 (config_version=6, BCP v1.1,                      Requires MPF API compatibility v0.57.0.dev19 or newer)', 'prev_value': None, 'change': True}
2025-10-10 06:57:11,555 : INFO : ball_device.bd_trough : BCH: Initial count: 6
2025-10-10 06:57:11,630 : INFO : ball_device.bd_trough : State: idle
2025-10-10 06:57:11,631 : INFO : ball_device.bd_plunger : BCH: Initial count: 0
2025-10-10 06:57:11,631 : INFO : ball_device.bd_plunger : State: idle
2025-10-10 06:57:11,631 : INFO : ball_device.bd_left_scoop : BCH: Initial count: 0
2025-10-10 06:57:11,631 : INFO : ball_device.bd_left_scoop : State: idle
2025-10-10 06:57:11,632 : INFO : ball_device.bd_right_scoop : BCH: Initial count: 0
2025-10-10 06:57:11,632 : INFO : ball_device.bd_right_scoop : State: idle
2025-10-10 06:57:11,643 : INFO : EventManager : Event: ======'init_phase_3'====== Args={}
2025-10-10 06:57:11,649 : INFO : EventManager : Event: ======'init_phase_4'====== Args={}
2025-10-10 06:57:11,649 : INFO : BallController : Initial balls found: 6
2025-10-10 06:57:11,651 : INFO : EventManager : Event: ======'machine_var_audits_events_game_ended'====== Args={'value': 43, 'prev_value': None, 'change': True}
2025-10-10 06:57:11,651 : INFO : EventManager : Event: ======'machine_var_audits_events_game_started'====== Args={'value': 164, 'prev_value': None, 'change': True}
2025-10-10 06:57:11,651 : INFO : EventManager : Event: ======'machine_var_audits_missing_switches_s_A'====== Args={'value': 67, 'prev_value': None, 'change': True}
2025-10-10 06:57:11,651 : INFO : EventManager : Event: ======'machine_var_audits_missing_switches_s_E'====== Args={'value': 92, 'prev_value': None, 'change': True}
2025-10-10 06:57:11,652 : INFO : EventManager : Event: ======'machine_var_audits_missing_switches_s_Eb'====== Args={'value': 67, 'prev_value': None, 'change': True}
2025-10-10 06:57:11,652 : INFO : EventManager : Event: ======'machine_var_audits_missing_switches_s_I'====== Args={'value': 92, 'prev_value': None, 'change': True}
2025-10-10 06:57:11,652 : INFO : EventManager : Event: ======'machine_var_audits_missing_switches_s_L'====== Args={'value': 67, 'prev_value': None, 'change': True}
2025-10-10 06:57:11,652 : INFO : EventManager : Event: ======'machine_var_audits_missing_switches_s_M'====== Args={'value': 92, 'prev_value': None, 'change': True}
2025-10-10 06:57:11,652 : INFO : EventManager : Event: ======'machine_var_audits_missing_switches_s_R'====== Args={'value': 67, 'prev_value': None, 'change': True}
2025-10-10 06:57:11,652 : INFO : EventManager : Event: ======'machine_var_audits_missing_switches_s_T'====== Args={'value': 92, 'prev_value': None, 'change': True}
2025-10-10 06:57:11,653 : INFO : EventManager : Event: ======'machine_var_audits_missing_switches_s_Tb'====== Args={'value': 67, 'prev_value': None, 'change': True}
2025-10-10 06:57:11,653 : INFO : EventManager : Event: ======'machine_var_audits_missing_switches_s_V'====== Args={'value': 67, 'prev_value': None, 'change': True}
2025-10-10 06:57:11,653 : INFO : EventManager : Event: ======'machine_var_audits_missing_switches_s_bumper1'====== Args={'value': 7, 'prev_value': None, 'change': True}
2025-10-10 06:57:11,653 : INFO : EventManager : Event: ======'machine_var_audits_missing_switches_s_bumper2'====== Args={'value': 7, 'prev_value': None, 'change': True}
2025-10-10 06:57:11,653 : INFO : EventManager : Event: ======'machine_var_audits_missing_switches_s_bumper_1'====== Args={'value': 28, 'prev_value': None, 'change': True}
2025-10-10 06:57:11,654 : INFO : EventManager : Event: ======'machine_var_audits_missing_switches_s_bumper_2'====== Args={'value': 28, 'prev_value': None, 'change': True}
2025-10-10 06:57:11,654 : INFO : EventManager : Event: ======'machine_var_audits_missing_switches_s_center_center_target'====== Args={'value': 28, 'prev_value': None, 'change': True}
2025-10-10 06:57:11,654 : INFO : EventManager : Event: ======'machine_var_audits_missing_switches_s_launcher_lane_spinner'====== Args={'value': 90, 'prev_value': None, 'change': True}
2025-10-10 06:57:11,654 : INFO : EventManager : Event: ======'machine_var_audits_missing_switches_s_left_center_target'====== Args={'value': 28, 'prev_value': None, 'change': True}
2025-10-10 06:57:11,654 : INFO : EventManager : Event: ======'machine_var_audits_missing_switches_s_left_corridor_spinner'====== Args={'value': 90, 'prev_value': None, 'change': True}
2025-10-10 06:57:11,654 : INFO : EventManager : Event: ======'machine_var_audits_missing_switches_s_left_corridor_spinner2'====== Args={'value': 90, 'prev_value': None, 'change': True}
2025-10-10 06:57:11,655 : INFO : EventManager : Event: ======'machine_var_audits_missing_switches_s_left_flipper'====== Args={'value': 13, 'prev_value': None, 'change': True}
2025-10-10 06:57:11,655 : INFO : EventManager : Event: ======'machine_var_audits_missing_switches_s_left_inlane'====== Args={'value': 117, 'prev_value': None, 'change': True}
2025-10-10 06:57:11,655 : INFO : EventManager : Event: ======'machine_var_audits_missing_switches_s_left_outlane'====== Args={'value': 127, 'prev_value': None, 'change': True}
2025-10-10 06:57:11,655 : INFO : EventManager : Event: ======'machine_var_audits_missing_switches_s_left_scoop'====== Args={'value': 1, 'prev_value': None, 'change': True}
2025-10-10 06:57:11,655 : INFO : EventManager : Event: ======'machine_var_audits_missing_switches_s_left_standup'====== Args={'value': 89, 'prev_value': None, 'change': True}
2025-10-10 06:57:11,656 : INFO : EventManager : Event: ======'machine_var_audits_missing_switches_s_right_center_target'====== Args={'value': 28, 'prev_value': None, 'change': True}
2025-10-10 06:57:11,656 : INFO : EventManager : Event: ======'machine_var_audits_missing_switches_s_right_corridor_spinner'====== Args={'value': 90, 'prev_value': None, 'change': True}
2025-10-10 06:57:11,656 : INFO : EventManager : Event: ======'machine_var_audits_missing_switches_s_right_flipper'====== Args={'value': 13, 'prev_value': None, 'change': True}
2025-10-10 06:57:11,656 : INFO : EventManager : Event: ======'machine_var_audits_missing_switches_s_right_inlane'====== Args={'value': 29, 'prev_value': None, 'change': True}
2025-10-10 06:57:11,657 : INFO : EventManager : Event: ======'machine_var_audits_missing_switches_s_right_outlane'====== Args={'value': 127, 'prev_value': None, 'change': True}
2025-10-10 06:57:11,657 : INFO : EventManager : Event: ======'machine_var_audits_missing_switches_s_right_standup'====== Args={'value': 89, 'prev_value': None, 'change': True}
2025-10-10 06:57:11,657 : INFO : EventManager : Event: ======'machine_var_audits_missing_switches_s_sling_left'====== Args={'value': 117, 'prev_value': None, 'change': True}
2025-10-10 06:57:11,657 : INFO : EventManager : Event: ======'machine_var_audits_missing_switches_s_sling_right'====== Args={'value': 13, 'prev_value': None, 'change': True}
2025-10-10 06:57:11,657 : INFO : EventManager : Event: ======'machine_var_audits_missing_switches_s_standup_1'====== Args={'value': 1, 'prev_value': None, 'change': True}
2025-10-10 06:57:11,658 : INFO : EventManager : Event: ======'machine_var_audits_missing_switches_s_standup_2'====== Args={'value': 2, 'prev_value': None, 'change': True}
2025-10-10 06:57:11,658 : INFO : EventManager : Event: ======'machine_var_audits_missing_switches_s_standup_3'====== Args={'value': 7, 'prev_value': None, 'change': True}
2025-10-10 06:57:11,658 : INFO : EventManager : Event: ======'machine_var_audits_missing_switches_s_standup_4'====== Args={'value': 2, 'prev_value': None, 'change': True}
2025-10-10 06:57:11,658 : INFO : EventManager : Event: ======'machine_var_audits_missing_switches_s_standup_5'====== Args={'value': 8, 'prev_value': None, 'change': True}
2025-10-10 06:57:11,658 : INFO : EventManager : Event: ======'machine_var_audits_missing_switches_s_standup_6'====== Args={'value': 5, 'prev_value': None, 'change': True}
2025-10-10 06:57:11,658 : INFO : EventManager : Event: ======'machine_var_audits_missing_switches_s_start'====== Args={'value': 12, 'prev_value': None, 'change': True}
2025-10-10 06:57:11,659 : INFO : EventManager : Event: ======'machine_var_audits_missing_switches_s_top_left_standup'====== Args={'value': 89, 'prev_value': None, 'change': True}
2025-10-10 06:57:11,659 : INFO : EventManager : Event: ======'machine_var_audits_missing_switches_s_top_left_standup2'====== Args={'value': 30, 'prev_value': None, 'change': True}
2025-10-10 06:57:11,659 : INFO : EventManager : Event: ======'machine_var_audits_missing_switches_s_trough2'====== Args={'value': 164, 'prev_value': None, 'change': True}
2025-10-10 06:57:11,659 : INFO : EventManager : Event: ======'machine_var_audits_missing_switches_s_trough3'====== Args={'value': 164, 'prev_value': None, 'change': True}
2025-10-10 06:57:11,659 : INFO : EventManager : Event: ======'machine_var_audits_missing_switches_s_trough4'====== Args={'value': 164, 'prev_value': None, 'change': True}
2025-10-10 06:57:11,660 : INFO : EventManager : Event: ======'machine_var_audits_missing_switches_s_trough5'====== Args={'value': 164, 'prev_value': None, 'change': True}
2025-10-10 06:57:11,660 : INFO : EventManager : Event: ======'machine_var_audits_missing_switches_s_trough6'====== Args={'value': 164, 'prev_value': None, 'change': True}
2025-10-10 06:57:11,660 : INFO : EventManager : Event: ======'machine_var_audits_missing_switches_s_trough_jam'====== Args={'value': 164, 'prev_value': None, 'change': True}
2025-10-10 06:57:11,660 : INFO : EventManager : Event: ======'machine_var_audits_player_score'====== Args={'value': {'average': 127897, 'top': [2008600, 1234200, 1027900, 606200, 211200, 205900, 34750, 28284, 28200, 25272], 'total': 45}, 'prev_value': None, 'change': True}
2025-10-10 06:57:11,660 : INFO : EventManager : Event: ======'machine_var_audits_shots_bumper1_shot'====== Args={'value': 35, 'prev_value': None, 'change': True}
2025-10-10 06:57:11,661 : INFO : EventManager : Event: ======'machine_var_audits_shots_bumper2_shot'====== Args={'value': 24, 'prev_value': None, 'change': True}
2025-10-10 06:57:11,661 : INFO : EventManager : Event: ======'machine_var_audits_shots_center_rollover'====== Args={'value': 7, 'prev_value': None, 'change': True}
2025-10-10 06:57:11,661 : INFO : EventManager : Event: ======'machine_var_audits_shots_center_rollover_shot'====== Args={'value': 225, 'prev_value': None, 'change': True}
2025-10-10 06:57:11,661 : INFO : EventManager : Event: ======'machine_var_audits_shots_left_rollover'====== Args={'value': 6, 'prev_value': None, 'change': True}
2025-10-10 06:57:11,662 : INFO : EventManager : Event: ======'machine_var_audits_shots_left_rollover_shot'====== Args={'value': 169, 'prev_value': None, 'change': True}
2025-10-10 06:57:11,662 : INFO : EventManager : Event: ======'machine_var_audits_shots_left_scoop_shot'====== Args={'value': 28, 'prev_value': None, 'change': True}
2025-10-10 06:57:11,662 : INFO : EventManager : Event: ======'machine_var_audits_shots_middle_inlane_shot'====== Args={'value': 20, 'prev_value': None, 'change': True}
2025-10-10 06:57:11,663 : INFO : EventManager : Event: ======'machine_var_audits_shots_my_first_shot'====== Args={'value': 95, 'prev_value': None, 'change': True}
2025-10-10 06:57:11,663 : INFO : EventManager : Event: ======'machine_var_audits_shots_right_inlane_shot'====== Args={'value': 53, 'prev_value': None, 'change': True}
2025-10-10 06:57:11,663 : INFO : EventManager : Event: ======'machine_var_audits_shots_right_rollover'====== Args={'value': 7, 'prev_value': None, 'change': True}
2025-10-10 06:57:11,663 : INFO : EventManager : Event: ======'machine_var_audits_shots_right_rollover_shot'====== Args={'value': 229, 'prev_value': None, 'change': True}
2025-10-10 06:57:11,664 : INFO : EventManager : Event: ======'machine_var_audits_shots_right_scoop_shot'====== Args={'value': 33, 'prev_value': None, 'change': True}
2025-10-10 06:57:11,664 : INFO : EventManager : Event: ======'machine_var_audits_shots_standup_1_skill'====== Args={'value': 27, 'prev_value': None, 'change': True}
2025-10-10 06:57:11,665 : INFO : EventManager : Event: ======'machine_var_audits_shots_standup_2_skill'====== Args={'value': 7, 'prev_value': None, 'change': True}
2025-10-10 06:57:11,665 : INFO : EventManager : Event: ======'machine_var_audits_shots_standup_3_skill'====== Args={'value': 6, 'prev_value': None, 'change': True}
2025-10-10 06:57:11,665 : INFO : EventManager : Event: ======'machine_var_audits_shots_standup_4_skill'====== Args={'value': 7, 'prev_value': None, 'change': True}
2025-10-10 06:57:11,666 : INFO : EventManager : Event: ======'machine_var_audits_shots_standup_5_skill'====== Args={'value': 4, 'prev_value': None, 'change': True}
2025-10-10 06:57:11,666 : INFO : EventManager : Event: ======'machine_var_audits_shots_standup_6_skill'====== Args={'value': 2, 'prev_value': None, 'change': True}
2025-10-10 06:57:11,666 : INFO : EventManager : Event: ======'machine_var_audits_shots_top_middle_inlane_shot'====== Args={'value': 41, 'prev_value': None, 'change': True}
2025-10-10 06:57:11,667 : INFO : EventManager : Event: ======'machine_var_audits_switches_s_A'====== Args={'value': 0, 'prev_value': None, 'change': True}
2025-10-10 06:57:11,667 : INFO : EventManager : Event: ======'machine_var_audits_switches_s_E'====== Args={'value': 0, 'prev_value': None, 'change': True}
2025-10-10 06:57:11,668 : INFO : EventManager : Event: ======'machine_var_audits_switches_s_Eb'====== Args={'value': 0, 'prev_value': None, 'change': True}
2025-10-10 06:57:11,668 : INFO : EventManager : Event: ======'machine_var_audits_switches_s_I'====== Args={'value': 0, 'prev_value': None, 'change': True}
2025-10-10 06:57:11,668 : INFO : EventManager : Event: ======'machine_var_audits_switches_s_L'====== Args={'value': 0, 'prev_value': None, 'change': True}
2025-10-10 06:57:11,669 : INFO : EventManager : Event: ======'machine_var_audits_switches_s_M'====== Args={'value': 0, 'prev_value': None, 'change': True}
2025-10-10 06:57:11,669 : INFO : EventManager : Event: ======'machine_var_audits_switches_s_R'====== Args={'value': 0, 'prev_value': None, 'change': True}
2025-10-10 06:57:11,669 : INFO : EventManager : Event: ======'machine_var_audits_switches_s_T'====== Args={'value': 0, 'prev_value': None, 'change': True}
2025-10-10 06:57:11,670 : INFO : EventManager : Event: ======'machine_var_audits_switches_s_Tb'====== Args={'value': 0, 'prev_value': None, 'change': True}
2025-10-10 06:57:11,670 : INFO : EventManager : Event: ======'machine_var_audits_switches_s_V'====== Args={'value': 0, 'prev_value': None, 'change': True}
2025-10-10 06:57:11,670 : INFO : EventManager : Event: ======'machine_var_audits_switches_s_bumper1'====== Args={'value': 35, 'prev_value': None, 'change': True}
2025-10-10 06:57:11,671 : INFO : EventManager : Event: ======'machine_var_audits_switches_s_bumper2'====== Args={'value': 24, 'prev_value': None, 'change': True}
2025-10-10 06:57:11,671 : INFO : EventManager : Event: ======'machine_var_audits_switches_s_bumper_1'====== Args={'value': 0, 'prev_value': None, 'change': True}
2025-10-10 06:57:11,672 : INFO : EventManager : Event: ======'machine_var_audits_switches_s_bumper_2'====== Args={'value': 0, 'prev_value': None, 'change': True}
2025-10-10 06:57:11,672 : INFO : EventManager : Event: ======'machine_var_audits_switches_s_center_center_target'====== Args={'value': 1, 'prev_value': None, 'change': True}
2025-10-10 06:57:11,673 : INFO : EventManager : Event: ======'machine_var_audits_switches_s_center_rollover'====== Args={'value': 234, 'prev_value': None, 'change': True}
2025-10-10 06:57:11,673 : INFO : EventManager : Event: ======'machine_var_audits_switches_s_launcher_lane_spinner'====== Args={'value': 0, 'prev_value': None, 'change': True}
2025-10-10 06:57:11,673 : INFO : EventManager : Event: ======'machine_var_audits_switches_s_left_center_target'====== Args={'value': 2, 'prev_value': None, 'change': True}
2025-10-10 06:57:11,674 : INFO : EventManager : Event: ======'machine_var_audits_switches_s_left_corridor_spinner'====== Args={'value': 0, 'prev_value': None, 'change': True}
2025-10-10 06:57:11,674 : INFO : EventManager : Event: ======'machine_var_audits_switches_s_left_corridor_spinner2'====== Args={'value': 0, 'prev_value': None, 'change': True}
2025-10-10 06:57:11,675 : INFO : EventManager : Event: ======'machine_var_audits_switches_s_left_flipper'====== Args={'value': 330, 'prev_value': None, 'change': True}
2025-10-10 06:57:11,675 : INFO : EventManager : Event: ======'machine_var_audits_switches_s_left_inlane'====== Args={'value': 8, 'prev_value': None, 'change': True}
2025-10-10 06:57:11,675 : INFO : EventManager : Event: ======'machine_var_audits_switches_s_left_outlane'====== Args={'value': 3, 'prev_value': None, 'change': True}
2025-10-10 06:57:11,676 : INFO : EventManager : Event: ======'machine_var_audits_switches_s_left_rollover'====== Args={'value': 177, 'prev_value': None, 'change': True}
2025-10-10 06:57:11,676 : INFO : EventManager : Event: ======'machine_var_audits_switches_s_left_scoop'====== Args={'value': 212, 'prev_value': None, 'change': True}
2025-10-10 06:57:11,677 : INFO : EventManager : Event: ======'machine_var_audits_switches_s_left_standup'====== Args={'value': 0, 'prev_value': None, 'change': True}
2025-10-10 06:57:11,677 : INFO : EventManager : Event: ======'machine_var_audits_switches_s_middle_inlane'====== Args={'value': 20, 'prev_value': None, 'change': True}
2025-10-10 06:57:11,678 : INFO : EventManager : Event: ======'machine_var_audits_switches_s_plunger'====== Args={'value': 312, 'prev_value': None, 'change': True}
2025-10-10 06:57:11,678 : INFO : EventManager : Event: ======'machine_var_audits_switches_s_right_center_target'====== Args={'value': 1, 'prev_value': None, 'change': True}
2025-10-10 06:57:11,679 : INFO : EventManager : Event: ======'machine_var_audits_switches_s_right_corridor_spinner'====== Args={'value': 0, 'prev_value': None, 'change': True}
2025-10-10 06:57:11,679 : INFO : EventManager : Event: ======'machine_var_audits_switches_s_right_flipper'====== Args={'value': 146, 'prev_value': None, 'change': True}
2025-10-10 06:57:11,680 : INFO : EventManager : Event: ======'machine_var_audits_switches_s_right_inlane'====== Args={'value': 180, 'prev_value': None, 'change': True}
2025-10-10 06:57:11,680 : INFO : EventManager : Event: ======'machine_var_audits_switches_s_right_outlane'====== Args={'value': 3, 'prev_value': None, 'change': True}
2025-10-10 06:57:11,681 : INFO : EventManager : Event: ======'machine_var_audits_switches_s_right_rollover'====== Args={'value': 238, 'prev_value': None, 'change': True}
2025-10-10 06:57:11,681 : INFO : EventManager : Event: ======'machine_var_audits_switches_s_right_scoop'====== Args={'value': 50, 'prev_value': None, 'change': True}
2025-10-10 06:57:11,681 : INFO : EventManager : Event: ======'machine_var_audits_switches_s_right_standup'====== Args={'value': 0, 'prev_value': None, 'change': True}
2025-10-10 06:57:11,682 : INFO : EventManager : Event: ======'machine_var_audits_switches_s_sling_left'====== Args={'value': 3, 'prev_value': None, 'change': True}
2025-10-10 06:57:11,683 : INFO : EventManager : Event: ======'machine_var_audits_switches_s_sling_right'====== Args={'value': 8, 'prev_value': None, 'change': True}
2025-10-10 06:57:11,683 : INFO : EventManager : Event: ======'machine_var_audits_switches_s_standup_1'====== Args={'value': 56, 'prev_value': None, 'change': True}
2025-10-10 06:57:11,684 : INFO : EventManager : Event: ======'machine_var_audits_switches_s_standup_2'====== Args={'value': 19, 'prev_value': None, 'change': True}
2025-10-10 06:57:11,684 : INFO : EventManager : Event: ======'machine_var_audits_switches_s_standup_3'====== Args={'value': 23, 'prev_value': None, 'change': True}
2025-10-10 06:57:11,685 : INFO : EventManager : Event: ======'machine_var_audits_switches_s_standup_4'====== Args={'value': 17, 'prev_value': None, 'change': True}
2025-10-10 06:57:11,685 : INFO : EventManager : Event: ======'machine_var_audits_switches_s_standup_5'====== Args={'value': 18, 'prev_value': None, 'change': True}
2025-10-10 06:57:11,685 : INFO : EventManager : Event: ======'machine_var_audits_switches_s_standup_6'====== Args={'value': 8, 'prev_value': None, 'change': True}
2025-10-10 06:57:11,686 : INFO : EventManager : Event: ======'machine_var_audits_switches_s_start'====== Args={'value': 15, 'prev_value': None, 'change': True}
2025-10-10 06:57:11,686 : INFO : EventManager : Event: ======'machine_var_audits_switches_s_top_left_standup'====== Args={'value': 0, 'prev_value': None, 'change': True}
2025-10-10 06:57:11,687 : INFO : EventManager : Event: ======'machine_var_audits_switches_s_top_left_standup2'====== Args={'value': 15, 'prev_value': None, 'change': True}
2025-10-10 06:57:11,687 : INFO : EventManager : Event: ======'machine_var_audits_switches_s_top_middle_inlane'====== Args={'value': 41, 'prev_value': None, 'change': True}
2025-10-10 06:57:11,688 : INFO : EventManager : Event: ======'machine_var_audits_switches_s_trough1'====== Args={'value': 208, 'prev_value': None, 'change': True}
2025-10-10 06:57:11,688 : INFO : EventManager : Event: ======'machine_var_audits_switches_s_trough2'====== Args={'value': 0, 'prev_value': None, 'change': True}
2025-10-10 06:57:11,689 : INFO : EventManager : Event: ======'machine_var_audits_switches_s_trough3'====== Args={'value': 0, 'prev_value': None, 'change': True}
2025-10-10 06:57:11,689 : INFO : EventManager : Event: ======'machine_var_audits_switches_s_trough4'====== Args={'value': 0, 'prev_value': None, 'change': True}
2025-10-10 06:57:11,690 : INFO : EventManager : Event: ======'machine_var_audits_switches_s_trough5'====== Args={'value': 0, 'prev_value': None, 'change': True}
2025-10-10 06:57:11,690 : INFO : EventManager : Event: ======'machine_var_audits_switches_s_trough6'====== Args={'value': 0, 'prev_value': None, 'change': True}
2025-10-10 06:57:11,690 : INFO : EventManager : Event: ======'machine_var_audits_switches_s_trough_jam'====== Args={'value': 0, 'prev_value': None, 'change': True}
2025-10-10 06:57:11,691 : INFO : EventManager : Event: ======'init_phase_5'====== Args={}
2025-10-10 06:57:11,745 : INFO : EventManager : Event: ======'init_done'====== Args={}
2025-10-10 06:57:11,745 : INFO : EventManager : Event: ======'machine_reset_phase_1'====== Args={}
2025-10-10 06:57:11,750 : INFO : EventManager : Event: ======'machine_reset_phase_2'====== Args={}
2025-10-10 06:57:11,751 : INFO : EventManager : Event: ======'machine_reset_phase_3'====== Args={}
2025-10-10 06:57:11,751 : INFO : EventManager : Event: ======'reset_complete'====== Args={}
2025-10-10 06:57:11,751 : INFO : EventManager : Event: ======'mode_attract_will_start'====== Args={}
2025-10-10 06:57:11,751 : INFO : EventManager : Event: ======'mode_attract_starting'====== Args={}
2025-10-10 06:57:11,752 : INFO : Mode.attract : Started. Priority: 10
2025-10-10 06:57:11,752 : INFO : EventManager : Event: ======'modes_active_modes_changed'====== Args={}
2025-10-10 06:57:11,752 : INFO : EventManager : Event: ======'mode_attract_started'====== Args={}
2025-10-10 06:57:11,752 : INFO : EventManager : Event: ======'collecting_balls_complete'====== Args={}
2025-10-10 06:57:11,784 : INFO : EventManager : Event: ======'slide_awesome_slide_created'====== Args={'_from_bcp': True}
2025-10-10 06:57:11,784 : INFO : EventManager : Event: ======'slide_awesome_slide_active'====== Args={'_from_bcp': True}
2025-10-10 06:57:11,785 : INFO : Machine : Starting the main run loop.
2025-10-10 06:57:12,084 : INFO : BcpServer : New client connected.
2025-10-10 06:57:14,754 : INFO : EventManager : Event: ======'slide_press_start_created'====== Args={'_from_bcp': True}
2025-10-10 06:57:14,755 : INFO : EventManager : Event: ======'slide_press_start_active'====== Args={'_from_bcp': True}
2025-10-10 06:57:17,749 : INFO : EventManager : Event: ======'slide_mission_pinball_created'====== Args={'_from_bcp': True}
2025-10-10 06:57:17,750 : INFO : EventManager : Event: ======'slide_mission_pinball_active'====== Args={'_from_bcp': True}
2025-10-10 06:57:20,777 : INFO : EventManager : Event: ======'slide_last_game_score_slide_created'====== Args={'_from_bcp': True}
2025-10-10 06:57:20,777 : INFO : EventManager : Event: ======'slide_last_game_score_slide_active'====== Args={'_from_bcp': True}
2025-10-10 06:57:24,015 : INFO : EventManager : Event: ======'slide_awesome_slide_removed'====== Args={'_from_bcp': True}
2025-10-10 06:57:24,016 : INFO : EventManager : Event: ======'slide_awesome_slide_created'====== Args={'_from_bcp': True}
2025-10-10 06:57:24,016 : INFO : EventManager : Event: ======'slide_awesome_slide_active'====== Args={'_from_bcp': True}
2025-10-10 06:57:26,757 : INFO : EventManager : Event: ======'slide_press_start_removed'====== Args={'_from_bcp': True}
2025-10-10 06:57:26,758 : INFO : EventManager : Event: ======'slide_press_start_created'====== Args={'_from_bcp': True}
2025-10-10 06:57:26,759 : INFO : EventManager : Event: ======'slide_press_start_active'====== Args={'_from_bcp': True}
2025-10-10 06:57:29,759 : INFO : EventManager : Event: ======'slide_mission_pinball_removed'====== Args={'_from_bcp': True}
2025-10-10 06:57:29,761 : INFO : EventManager : Event: ======'slide_mission_pinball_created'====== Args={'_from_bcp': True}
2025-10-10 06:57:29,763 : INFO : EventManager : Event: ======'slide_mission_pinball_active'====== Args={'_from_bcp': True}
2025-10-10 06:57:32,769 : INFO : EventManager : Event: ======'slide_last_game_score_slide_removed'====== Args={'_from_bcp': True}
2025-10-10 06:57:32,776 : INFO : EventManager : Event: ======'slide_last_game_score_slide_created'====== Args={'_from_bcp': True}
2025-10-10 06:57:32,782 : INFO : EventManager : Event: ======'slide_last_game_score_slide_active'====== Args={'_from_bcp': True}
2025-10-10 06:57:35,757 : INFO : EventManager : Event: ======'slide_awesome_slide_removed'====== Args={'_from_bcp': True}
2025-10-10 06:57:35,760 : INFO : EventManager : Event: ======'slide_awesome_slide_created'====== Args={'_from_bcp': True}
2025-10-10 06:57:35,765 : INFO : EventManager : Event: ======'slide_awesome_slide_active'====== Args={'_from_bcp': True}
2025-10-10 06:57:38,758 : INFO : EventManager : Event: ======'slide_press_start_removed'====== Args={'_from_bcp': True}
2025-10-10 06:57:38,769 : INFO : EventManager : Event: ======'slide_press_start_created'====== Args={'_from_bcp': True}
2025-10-10 06:57:38,774 : INFO : EventManager : Event: ======'slide_press_start_active'====== Args={'_from_bcp': True}
2025-10-10 06:57:41,748 : INFO : EventManager : Event: ======'slide_mission_pinball_removed'====== Args={'_from_bcp': True}
2025-10-10 06:57:41,755 : INFO : EventManager : Event: ======'slide_mission_pinball_created'====== Args={'_from_bcp': True}
2025-10-10 06:57:41,757 : INFO : EventManager : Event: ======'slide_mission_pinball_active'====== Args={'_from_bcp': True}
2025-10-10 06:57:44,751 : INFO : EventManager : Event: ======'slide_last_game_score_slide_removed'====== Args={'_from_bcp': True}
2025-10-10 06:57:44,763 : INFO : EventManager : Event: ======'slide_last_game_score_slide_created'====== Args={'_from_bcp': True}
2025-10-10 06:57:44,767 : INFO : EventManager : Event: ======'slide_last_game_score_slide_active'====== Args={'_from_bcp': True}
2025-10-10 06:57:47,745 : INFO : EventManager : Event: ======'slide_awesome_slide_removed'====== Args={'_from_bcp': True}
2025-10-10 06:57:47,745 : INFO : EventManager : Event: ======'slide_awesome_slide_created'====== Args={'_from_bcp': True}
2025-10-10 06:57:47,746 : INFO : EventManager : Event: ======'slide_awesome_slide_active'====== Args={'_from_bcp': True}
2025-10-10 06:57:48,380 : INFO : Machine : Shutting down...
2025-10-10 06:57:48,380 : INFO : EventManager : Event: ======'shutdown'====== Args={}
2025-10-10 06:57:48,411 : INFO : root : MPF run loop ended.
