2025-10-04 09:00:46,481 : INFO : root : Loading config.
2025-10-04 09:00:46,485 : INFO : YamlMultifileConfigLoader : Machine config file #1: config.yaml
2025-10-04 09:00:46,486 : INFO : ConfigProcessor : Loading config from cache: C:\Users\richa\AppData\Local\Temp\bad76953a596b8c99f832e0e98026c3b.mpf_cache
2025-10-04 09:00:46,567 : INFO : ConfigProcessor : Loading config from cache: C:\Users\richa\AppData\Local\Temp\77a998d318c788df5647a1900cedfc56.mpf_cache
2025-10-04 09:00:46,568 : INFO : ConfigProcessor : Loading config from cache: C:\Users\richa\AppData\Local\Temp\9c8dea79ca4d15ee886340e992e8cb9d.mpf_cache
2025-10-04 09:00:46,568 : WARNING : ConfigProcessor : Config file in cache changed: C:\Users\richa\ttp5\modes\base\config\base.yaml
2025-10-04 09:00:46,568 : INFO : ConfigProcessor : Loading config from file C:\Users\richa\ttp5\modes\base\config\base.yaml.
2025-10-04 09:00:46,579 : INFO : ConfigProcessor : Loading config: C:\Users\richa\ttp5\modes\base\config\base.yaml
2025-10-04 09:00:46,580 : INFO : ConfigProcessor : Config file cache created: C:\Users\richa\AppData\Local\Temp\8ddee2e87a4f178751335e99da00e9c4.mpf_cache
2025-10-04 09:00:46,581 : INFO : ConfigProcessor : Loading config from cache: C:\Users\richa\AppData\Local\Temp\16d594341c3fbe91b1b6d496c05a6fb0.mpf_cache
2025-10-04 09:00:46,581 : INFO : ConfigProcessor : Loading config from cache: C:\Users\richa\AppData\Local\Temp\9ea1b14cb2b1cce5e8bf981a1ff8cfc5.mpf_cache
2025-10-04 09:00:46,582 : INFO : Machine : Mission Pinball Framework Core Engine v0.57.0.dev39
2025-10-04 09:00:46,582 : INFO : Machine : Command line arguments: {'no_load_cache': False, 'create_config_cache': True, 'bcp': True, 'configfile': ['config.yaml'], 'force_assets_load': False, 'jsonlogging': False, 'logfile': 'logs\\2025-10-04-09-00-46-mpf-DESKTOP-RK7BE5M.log', 'pause': False, 'production': False, 'text_ui': True, 'loglevel': 15, 'consoleloglevel': 20, 'force_platform': None, 'syslog_address': None, 'mc_file_name': None, 'no_sound': False}
2025-10-04 09:00:46,582 : INFO : Machine : MPF path: C:\Users\richa\mpfvirtual4\lib\site-packages\mpf
2025-10-04 09:00:46,583 : INFO : Machine : Machine path: C:\Users\richa\ttp5
2025-10-04 09:00:46,583 : INFO : Machine : Platform: win32
2025-10-04 09:00:46,583 : INFO : Machine : Python executable location: C:\Users\richa\mpfvirtual4\Scripts\python.exe
2025-10-04 09:00:46,583 : INFO : Machine : Python version: 3.9.13 (64-bit)
2025-10-04 09:00:46,584 : INFO : Machine : Initializing MPF...
2025-10-04 09:00:47,104 : INFO : EventManager : Event: ======'machine_var_credits_string'====== Args={'value': 'FREE PLAY', 'prev_value': None, 'change': True}
2025-10-04 09:00:47,160 : INFO : EventManager : Event: ======'machine_var_master_volume'====== Args={'value': 0.5, 'prev_value': None, 'change': True}
2025-10-04 09:00:47,160 : INFO : EventManager : Event: ======'machine_var_player1_score'====== Args={'value': 10994, 'prev_value': None, 'change': True}
2025-10-04 09:00:47,161 : INFO : EventManager : Event: ======'machine_var_mpf_version'====== Args={'value': 'Mission Pinball Framework v0.57.0.dev39', 'prev_value': None, 'change': True}
2025-10-04 09:00:47,161 : INFO : EventManager : Event: ======'machine_var_mpf_extended_version'====== Args={'value': 'Mission Pinball Framework v0.57.0.dev39, Config version:6, Show version: 6, BCP version:1.1', 'prev_value': None, 'change': True}
2025-10-04 09:00:47,161 : INFO : EventManager : Event: ======'machine_var_python_version'====== Args={'value': '3.9.13', 'prev_value': None, 'change': True}
2025-10-04 09:00:47,171 : INFO : EventManager : Event: ======'machine_var_platform'====== Args={'value': 'Windows-10-10.0.19045-SP0', 'prev_value': None, 'change': True}
2025-10-04 09:00:47,171 : INFO : EventManager : Event: ======'machine_var_platform_system'====== Args={'value': 'Windows', 'prev_value': None, 'change': True}
2025-10-04 09:00:47,172 : INFO : EventManager : Event: ======'machine_var_platform_release'====== Args={'value': '10', 'prev_value': None, 'change': True}
2025-10-04 09:00:47,172 : INFO : EventManager : Event: ======'machine_var_platform_version'====== Args={'value': '10.0.19045', 'prev_value': None, 'change': True}
2025-10-04 09:00:47,172 : INFO : EventManager : Event: ======'machine_var_platform_machine'====== Args={'value': 'AMD64', 'prev_value': None, 'change': True}
2025-10-04 09:00:47,172 : INFO : EventManager : Event: ======'init_phase_1'====== Args={}
2025-10-04 09:00:47,190 : INFO : EventManager : Event: ======'init_phase_2'====== Args={}
2025-10-04 09:00:47,190 : INFO : SwitchController : Found active switch: ('2', <Platform.SmartVirtual>) <switch.s_trough1>
2025-10-04 09:00:47,190 : INFO : SwitchController : Found active switch: ('3', <Platform.SmartVirtual>) <switch.s_trough2>
2025-10-04 09:00:47,190 : INFO : SwitchController : Found active switch: ('4', <Platform.SmartVirtual>) <switch.s_trough3>
2025-10-04 09:00:47,190 : INFO : SwitchController : Found active switch: ('5', <Platform.SmartVirtual>) <switch.s_trough4>
2025-10-04 09:00:47,190 : INFO : SwitchController : Found active switch: ('6', <Platform.SmartVirtual>) <switch.s_trough5>
2025-10-04 09:00:47,191 : INFO : SwitchController : Found active switch: ('7', <Platform.SmartVirtual>) <switch.s_trough6>
2025-10-04 09:00:47,193 : INFO : EventManager : Event: ======'bcp_connection_attempt'====== Args={'name': 'local_display', 'host': 'localhost', 'port': 5050}
2025-10-04 09:00:47,195 : INFO : BCPClientSocket : Connecting BCP to 'local_display' at localhost:5050...
2025-10-04 09:00:49,249 : INFO : BCPClientSocket : Connected BCP to 'local_display' localhost:5050
2025-10-04 09:00:49,251 : INFO : EventManager : Event: ======'bcp_clients_connected'====== Args={}
2025-10-04 09:00:49,745 : INFO : EventManager : Event: ======'machine_var_mc_version'====== Args={'value': 'MPF-MC v0.57.0.dev10', 'prev_value': None, 'change': True}
2025-10-04 09:00:49,746 : INFO : EventManager : Event: ======'machine_var_mc_extended_version'====== Args={'value': 'MPF-MC v0.57.0.dev10 (config_version=6, BCP v1.1,                      Requires MPF API compatibility v0.57.0.dev19 or newer)', 'prev_value': None, 'change': True}
2025-10-04 09:00:49,751 : INFO : ball_device.bd_trough : BCH: Initial count: 6
2025-10-04 09:00:49,839 : INFO : ball_device.bd_trough : State: idle
2025-10-04 09:00:49,839 : INFO : ball_device.bd_plunger : BCH: Initial count: 0
2025-10-04 09:00:49,839 : INFO : ball_device.bd_plunger : State: idle
2025-10-04 09:00:49,859 : INFO : EventManager : Event: ======'init_phase_3'====== Args={}
2025-10-04 09:00:49,863 : INFO : EventManager : Event: ======'init_phase_4'====== Args={}
2025-10-04 09:00:49,864 : INFO : BallController : Initial balls found: 6
2025-10-04 09:00:49,865 : INFO : EventManager : Event: ======'machine_var_audits_events_game_ended'====== Args={'value': 14, 'prev_value': None, 'change': True}
2025-10-04 09:00:49,865 : INFO : EventManager : Event: ======'machine_var_audits_events_game_started'====== Args={'value': 55, 'prev_value': None, 'change': True}
2025-10-04 09:00:49,866 : INFO : EventManager : Event: ======'machine_var_audits_missing_switches_s_left_inlane'====== Args={'value': 8, 'prev_value': None, 'change': True}
2025-10-04 09:00:49,866 : INFO : EventManager : Event: ======'machine_var_audits_missing_switches_s_left_outlane'====== Args={'value': 18, 'prev_value': None, 'change': True}
2025-10-04 09:00:49,866 : INFO : EventManager : Event: ======'machine_var_audits_missing_switches_s_right_outlane'====== Args={'value': 18, 'prev_value': None, 'change': True}
2025-10-04 09:00:49,866 : INFO : EventManager : Event: ======'machine_var_audits_missing_switches_s_sling_left'====== Args={'value': 8, 'prev_value': None, 'change': True}
2025-10-04 09:00:49,867 : INFO : EventManager : Event: ======'machine_var_audits_missing_switches_s_sling_right'====== Args={'value': 22, 'prev_value': None, 'change': True}
2025-10-04 09:00:49,867 : INFO : EventManager : Event: ======'machine_var_audits_missing_switches_s_start'====== Args={'value': 19, 'prev_value': None, 'change': True}
2025-10-04 09:00:49,868 : INFO : EventManager : Event: ======'machine_var_audits_missing_switches_s_trough1'====== Args={'value': 1, 'prev_value': None, 'change': True}
2025-10-04 09:00:49,868 : INFO : EventManager : Event: ======'machine_var_audits_missing_switches_s_trough2'====== Args={'value': 55, 'prev_value': None, 'change': True}
2025-10-04 09:00:49,868 : INFO : EventManager : Event: ======'machine_var_audits_missing_switches_s_trough3'====== Args={'value': 55, 'prev_value': None, 'change': True}
2025-10-04 09:00:49,868 : INFO : EventManager : Event: ======'machine_var_audits_missing_switches_s_trough4'====== Args={'value': 55, 'prev_value': None, 'change': True}
2025-10-04 09:00:49,868 : INFO : EventManager : Event: ======'machine_var_audits_missing_switches_s_trough5'====== Args={'value': 55, 'prev_value': None, 'change': True}
2025-10-04 09:00:49,868 : INFO : EventManager : Event: ======'machine_var_audits_missing_switches_s_trough6'====== Args={'value': 55, 'prev_value': None, 'change': True}
2025-10-04 09:00:49,869 : INFO : EventManager : Event: ======'machine_var_audits_missing_switches_s_trough_jam'====== Args={'value': 55, 'prev_value': None, 'change': True}
2025-10-04 09:00:49,869 : INFO : EventManager : Event: ======'machine_var_audits_player_score'====== Args={'value': {'average': 10982, 'top': [28284, 25272, 22800, 14636, 13400, 12176, 11909, 11420, 10994, 10700], 'total': 16}, 'prev_value': None, 'change': True}
2025-10-04 09:00:49,869 : INFO : EventManager : Event: ======'machine_var_audits_shots_center_rollover'====== Args={'value': 7, 'prev_value': None, 'change': True}
2025-10-04 09:00:49,869 : INFO : EventManager : Event: ======'machine_var_audits_shots_center_rollover_shot'====== Args={'value': 50, 'prev_value': None, 'change': True}
2025-10-04 09:00:49,869 : INFO : EventManager : Event: ======'machine_var_audits_shots_left_rollover'====== Args={'value': 6, 'prev_value': None, 'change': True}
2025-10-04 09:00:49,870 : INFO : EventManager : Event: ======'machine_var_audits_shots_left_rollover_shot'====== Args={'value': 3, 'prev_value': None, 'change': True}
2025-10-04 09:00:49,870 : INFO : EventManager : Event: ======'machine_var_audits_shots_middle_inlane_shot'====== Args={'value': 20, 'prev_value': None, 'change': True}
2025-10-04 09:00:49,870 : INFO : EventManager : Event: ======'machine_var_audits_shots_my_first_shot'====== Args={'value': 95, 'prev_value': None, 'change': True}
2025-10-04 09:00:49,870 : INFO : EventManager : Event: ======'machine_var_audits_shots_right_rollover'====== Args={'value': 7, 'prev_value': None, 'change': True}
2025-10-04 09:00:49,870 : INFO : EventManager : Event: ======'machine_var_audits_shots_right_rollover_shot'====== Args={'value': 4, 'prev_value': None, 'change': True}
2025-10-04 09:00:49,871 : INFO : EventManager : Event: ======'machine_var_audits_shots_top_middle_inlane_shot'====== Args={'value': 41, 'prev_value': None, 'change': True}
2025-10-04 09:00:49,871 : INFO : EventManager : Event: ======'machine_var_audits_switches_s_center_rollover'====== Args={'value': 57, 'prev_value': None, 'change': True}
2025-10-04 09:00:49,871 : INFO : EventManager : Event: ======'machine_var_audits_switches_s_left_flipper'====== Args={'value': 317, 'prev_value': None, 'change': True}
2025-10-04 09:00:49,871 : INFO : EventManager : Event: ======'machine_var_audits_switches_s_left_inlane'====== Args={'value': 8, 'prev_value': None, 'change': True}
2025-10-04 09:00:49,871 : INFO : EventManager : Event: ======'machine_var_audits_switches_s_left_outlane'====== Args={'value': 3, 'prev_value': None, 'change': True}
2025-10-04 09:00:49,872 : INFO : EventManager : Event: ======'machine_var_audits_switches_s_left_rollover'====== Args={'value': 9, 'prev_value': None, 'change': True}
2025-10-04 09:00:49,872 : INFO : EventManager : Event: ======'machine_var_audits_switches_s_middle_inlane'====== Args={'value': 20, 'prev_value': None, 'change': True}
2025-10-04 09:00:49,872 : INFO : EventManager : Event: ======'machine_var_audits_switches_s_plunger'====== Args={'value': 107, 'prev_value': None, 'change': True}
2025-10-04 09:00:49,872 : INFO : EventManager : Event: ======'machine_var_audits_switches_s_right_flipper'====== Args={'value': 123, 'prev_value': None, 'change': True}
2025-10-04 09:00:49,873 : INFO : EventManager : Event: ======'machine_var_audits_switches_s_right_inlane'====== Args={'value': 127, 'prev_value': None, 'change': True}
2025-10-04 09:00:49,873 : INFO : EventManager : Event: ======'machine_var_audits_switches_s_right_outlane'====== Args={'value': 3, 'prev_value': None, 'change': True}
2025-10-04 09:00:49,873 : INFO : EventManager : Event: ======'machine_var_audits_switches_s_right_rollover'====== Args={'value': 11, 'prev_value': None, 'change': True}
2025-10-04 09:00:49,873 : INFO : EventManager : Event: ======'machine_var_audits_switches_s_sling_left'====== Args={'value': 3, 'prev_value': None, 'change': True}
2025-10-04 09:00:49,873 : INFO : EventManager : Event: ======'machine_var_audits_switches_s_sling_right'====== Args={'value': 1, 'prev_value': None, 'change': True}
2025-10-04 09:00:49,874 : INFO : EventManager : Event: ======'machine_var_audits_switches_s_start'====== Args={'value': 12, 'prev_value': None, 'change': True}
2025-10-04 09:00:49,874 : INFO : EventManager : Event: ======'machine_var_audits_switches_s_top_middle_inlane'====== Args={'value': 41, 'prev_value': None, 'change': True}
2025-10-04 09:00:49,874 : INFO : EventManager : Event: ======'machine_var_audits_switches_s_trough1'====== Args={'value': 74, 'prev_value': None, 'change': True}
2025-10-04 09:00:49,874 : INFO : EventManager : Event: ======'machine_var_audits_switches_s_trough2'====== Args={'value': 0, 'prev_value': None, 'change': True}
2025-10-04 09:00:49,875 : INFO : EventManager : Event: ======'machine_var_audits_switches_s_trough3'====== Args={'value': 0, 'prev_value': None, 'change': True}
2025-10-04 09:00:49,875 : INFO : EventManager : Event: ======'machine_var_audits_switches_s_trough4'====== Args={'value': 0, 'prev_value': None, 'change': True}
2025-10-04 09:00:49,875 : INFO : EventManager : Event: ======'machine_var_audits_switches_s_trough5'====== Args={'value': 0, 'prev_value': None, 'change': True}
2025-10-04 09:00:49,875 : INFO : EventManager : Event: ======'machine_var_audits_switches_s_trough6'====== Args={'value': 0, 'prev_value': None, 'change': True}
2025-10-04 09:00:49,876 : INFO : EventManager : Event: ======'machine_var_audits_switches_s_trough_jam'====== Args={'value': 0, 'prev_value': None, 'change': True}
2025-10-04 09:00:49,876 : INFO : EventManager : Event: ======'init_phase_5'====== Args={}
2025-10-04 09:00:49,931 : INFO : EventManager : Event: ======'init_done'====== Args={}
2025-10-04 09:00:49,931 : INFO : EventManager : Event: ======'machine_reset_phase_1'====== Args={}
2025-10-04 09:00:49,943 : INFO : EventManager : Event: ======'machine_reset_phase_2'====== Args={}
2025-10-04 09:00:49,943 : INFO : EventManager : Event: ======'machine_reset_phase_3'====== Args={}
2025-10-04 09:00:49,943 : INFO : EventManager : Event: ======'reset_complete'====== Args={}
2025-10-04 09:00:49,943 : INFO : EventManager : Event: ======'mode_attract_will_start'====== Args={}
2025-10-04 09:00:49,943 : INFO : EventManager : Event: ======'mode_attract_starting'====== Args={}
2025-10-04 09:00:49,944 : INFO : Mode.attract : Started. Priority: 10
2025-10-04 09:00:49,944 : INFO : EventManager : Event: ======'modes_active_modes_changed'====== Args={}
2025-10-04 09:00:49,944 : INFO : EventManager : Event: ======'mode_attract_started'====== Args={}
2025-10-04 09:00:49,944 : INFO : EventManager : Event: ======'collecting_balls_complete'====== Args={}
2025-10-04 09:00:50,010 : INFO : EventManager : Event: ======'slide_awesome_slide_created'====== Args={'_from_bcp': True}
2025-10-04 09:00:50,010 : INFO : EventManager : Event: ======'slide_awesome_slide_active'====== Args={'_from_bcp': True}
2025-10-04 09:00:50,010 : INFO : Machine : Starting the main run loop.
2025-10-04 09:00:50,288 : INFO : BcpServer : New client connected.
2025-10-04 09:00:52,977 : INFO : EventManager : Event: ======'slide_press_start_created'====== Args={'_from_bcp': True}
2025-10-04 09:00:52,977 : INFO : EventManager : Event: ======'slide_press_start_active'====== Args={'_from_bcp': True}
2025-10-04 09:00:53,049 : INFO : SwitchController : <<<<<<< 's_start' active >>>>>>>
2025-10-04 09:00:53,182 : INFO : SwitchController : <<<<<<< 's_start' inactive >>>>>>>
2025-10-04 09:00:53,182 : INFO : EventManager : Event: ======'request_to_start_game'====== Args={}
2025-10-04 09:00:53,183 : INFO : EventManager : Event: ======'game_start'====== Args={'buttons': [], 'hold_time': 0.125}
2025-10-04 09:00:53,183 : INFO : EventManager : Event: ======'mode_game_will_start'====== Args={'buttons': [], 'hold_time': 0.125}
2025-10-04 09:00:53,184 : INFO : EventManager : Event: ======'mode_game_starting'====== Args={'buttons': [], 'hold_time': 0.125}
2025-10-04 09:00:53,184 : INFO : EventManager : Event: ======'mode_attract_will_stop'====== Args={}
2025-10-04 09:00:53,184 : INFO : EventManager : Event: ======'mode_attract_stopping'====== Args={}
2025-10-04 09:00:53,184 : INFO : Mode.attract : Stopped.
2025-10-04 09:00:53,184 : INFO : EventManager : Event: ======'modes_active_modes_changed'====== Args={}
2025-10-04 09:00:53,184 : INFO : EventManager : Event: ======'mode_attract_stopped'====== Args={}
2025-10-04 09:00:53,185 : INFO : EventManager : Event: ======'clear'====== Args={'key': 'attract'}
2025-10-04 09:00:53,185 : INFO : Mode.game : Started. Priority: 20
2025-10-04 09:00:53,185 : INFO : EventManager : Event: ======'modes_active_modes_changed'====== Args={}
2025-10-04 09:00:53,185 : INFO : EventManager : Event: ======'mode_game_started'====== Args={'buttons': [], 'hold_time': 0.125}
2025-10-04 09:00:53,193 : INFO : EventManager : Event: ======'game_will_start'====== Args={}
2025-10-04 09:00:53,194 : INFO : EventManager : Event: ======'game_starting'====== Args={'game': <Mode.game>}
2025-10-04 09:00:53,195 : INFO : EventManager : Unordered handler for class <Auditor> on event game_ended with priority 1. Handlers: [RegisteredHandler(callback=<bound method Auditor.disable of <Auditor>>, priority=1, kwargs={}, key=UUID('4b0f3699-6d95-4d4b-91a6-b1e4d370152a'), condition=None, blocking_facility=None), RegisteredHandler(callback=<bound method Auditor._save_audits of <Auditor>>, priority=1, kwargs={}, key=UUID('220cf0af-ec27-44fb-8838-2f0be7054778'), condition=None, blocking_facility=None)]. The order of those handlers is not defined and they will be executed in random order. This might lead to race conditions and potential bugs.
2025-10-04 09:00:53,195 : INFO : EventManager : Event: ======'player_add_request'====== Args={}
2025-10-04 09:00:53,195 : INFO : EventManager : Event: ======'player_will_add'====== Args={'number': 1}
2025-10-04 09:00:53,195 : INFO : EventManager : Event: ======'player_adding'====== Args={'player': <Player 1>, 'number': 1}
2025-10-04 09:00:53,195 : INFO : EventManager : Event: ======'player_added'====== Args={'player': <Player 1>, 'num': 1}
2025-10-04 09:00:53,195 : INFO : Mode.game : Player added successfully. Total players: 1
2025-10-04 09:00:53,196 : INFO : EventManager : Event: ======'player_index'====== Args={'value': 0, 'prev_value': 0, 'change': 0, 'player_num': 1}
2025-10-04 09:00:53,196 : INFO : EventManager : Event: ======'player_number'====== Args={'value': 1, 'prev_value': 1, 'change': 0, 'player_num': 1}
2025-10-04 09:00:53,196 : INFO : EventManager : Event: ======'player_score'====== Args={'value': 0, 'prev_value': 0, 'change': 0, 'player_num': 1}
2025-10-04 09:00:53,197 : INFO : EventManager : Event: ======'game_started'====== Args={}
2025-10-04 09:00:53,208 : INFO : EventManager : Event: ======'player_turn_will_start'====== Args={'player': <Player 1>, 'number': 1}
2025-10-04 09:00:53,212 : INFO : EventManager : Event: ======'slide_awesome_slide_removed'====== Args={'_from_bcp': True}
2025-10-04 09:00:53,213 : INFO : EventManager : Event: ======'slide_press_start_removed'====== Args={'_from_bcp': True}
2025-10-04 09:00:53,213 : INFO : EventManager : Event: ======'slide_window_blank_active'====== Args={'_from_bcp': True}
2025-10-04 09:00:53,214 : INFO : EventManager : Event: ======'player_turn_starting'====== Args={'player': <Player 1>, 'number': 1}
2025-10-04 09:00:53,214 : INFO : EventManager : Event: ======'player_ball'====== Args={'value': 1, 'prev_value': 0, 'change': 1, 'player_num': 1}
2025-10-04 09:00:53,215 : INFO : EventManager : Event: ======'player_turn_started'====== Args={'player': <Player 1>, 'number': 1}
2025-10-04 09:00:53,216 : INFO : EventManager : Event: ======'ball_will_start'====== Args={'player': 1, 'ball': 1, 'balls_remaining': 2, 'is_extra_ball': False}
2025-10-04 09:00:53,220 : INFO : EventManager : Event: ======'ball_starting'====== Args={'player': 1, 'ball': 1, 'balls_remaining': 2, 'is_extra_ball': False}
2025-10-04 09:00:53,220 : INFO : EventManager : Event: ======'balls_in_play'====== Args={'balls': 1}
2025-10-04 09:00:53,220 : INFO : EventManager : Event: ======'ball_started'====== Args={'player': 1, 'ball': 1, 'balls_remaining': 2, 'is_extra_ball': False}
2025-10-04 09:00:53,221 : INFO : EventManager : Event: ======'mode_base_will_start'====== Args={'player': 1, 'ball': 1, 'balls_remaining': 2, 'is_extra_ball': False}
2025-10-04 09:00:53,221 : INFO : EventManager : Event: ======'player_shot_right_inlane_shot_enabled'====== Args={'value': True, 'prev_value': 0, 'change': 1, 'player_num': 1}
2025-10-04 09:00:53,222 : INFO : EventManager : Event: ======'player_shot_left_rollover_shot_enabled'====== Args={'value': True, 'prev_value': 0, 'change': 1, 'player_num': 1}
2025-10-04 09:00:53,222 : INFO : EventManager : Event: ======'player_shot_center_rollover_shot_enabled'====== Args={'value': True, 'prev_value': 0, 'change': 1, 'player_num': 1}
2025-10-04 09:00:53,222 : INFO : EventManager : Event: ======'player_shot_right_rollover_shot_enabled'====== Args={'value': True, 'prev_value': 0, 'change': 1, 'player_num': 1}
2025-10-04 09:00:53,223 : INFO : EventManager : Event: ======'rollover_lanes_complete'====== Args={'state': 'unlit'}
2025-10-04 09:00:53,223 : INFO : EventManager : Event: ======'rollover_lanes_unlit_complete'====== Args={}
2025-10-04 09:00:53,224 : INFO : EventManager : Event: ======'mode_base_starting'====== Args={'player': 1, 'ball': 1, 'balls_remaining': 2, 'is_extra_ball': False}
2025-10-04 09:00:53,224 : INFO : Mode.base : Started. Priority: 100
2025-10-04 09:00:53,224 : INFO : EventManager : Event: ======'modes_active_modes_changed'====== Args={}
2025-10-04 09:00:53,224 : INFO : EventManager : Event: ======'mode_base_started'====== Args={'player': 1, 'ball': 1, 'balls_remaining': 2, 'is_extra_ball': False}
2025-10-04 09:00:53,225 : INFO : EventManager : Event: ======'single_player_ball_started'====== Args={}
2025-10-04 09:00:53,273 : INFO : EventManager : Event: ======'ball_start_target'====== Args={'target': 'playfield'}
2025-10-04 09:00:53,274 : INFO : EventManager : Event: ======'slide_base.slide_player-mode_base_started_created'====== Args={'_from_bcp': True}
2025-10-04 09:00:53,274 : INFO : EventManager : Event: ======'slide_base.slide_player-mode_base_started_active'====== Args={'_from_bcp': True}
2025-10-04 09:00:53,274 : INFO : ball_device.bd_plunger : Setting up player-controlled eject. Balls: 1, Target: <playfield.playfield>, player_controlled_eject_event: None
2025-10-04 09:00:53,275 : INFO : EventManager : Event: ======'balldevice_balls_available'====== Args={}
2025-10-04 09:00:53,275 : INFO : ball_device.bd_trough : State: waiting_for_target_ready
2025-10-04 09:00:53,275 : INFO : EventManager : Event: ======'balldevice_bd_trough_ball_eject_attempt'====== Args={'balls': 1, 'target': <ball_device.bd_plunger>, 'source': <ball_device.bd_trough>, 'mechanical_eject': True, 'num_attempts': 0}
2025-10-04 09:00:53,276 : INFO : ball_device.bd_plunger : State: waiting_for_ball
2025-10-04 09:00:53,276 : INFO : ball_device.bd_trough : State: ejecting
2025-10-04 09:00:53,277 : INFO : ball_device.bd_trough : Ejecting ball to <ball_device.bd_plunger>
2025-10-04 09:00:53,277 : INFO : EventManager : Event: ======'balldevice_bd_trough_ejecting_ball'====== Args={'balls': 1, 'target': <ball_device.bd_plunger>, 'source': <ball_device.bd_trough>, 'mechanical_eject': True, 'num_attempts': 0}
2025-10-04 09:00:53,277 : INFO : ball_device.bd_trough : Wait for ball to leave device
2025-10-04 09:00:53,277 : INFO : coil.c_trough_eject : Pulsing Driver for 20ms (1.0 pulse_power)
2025-10-04 09:00:53,278 : INFO : SwitchController : <<<<<<< 's_trough1' inactive >>>>>>>
2025-10-04 09:00:53,299 : INFO : ball_device.bd_trough : State: ball_left
2025-10-04 09:00:53,300 : INFO : ball_device.bd_trough : Ball left
2025-10-04 09:00:53,300 : INFO : ball_device.bd_trough : Wait for confirm with timeout 3.0
2025-10-04 09:00:53,385 : INFO : SwitchController : <<<<<<< 's_plunger' active >>>>>>>
2025-10-04 09:00:53,385 : INFO : EventManager : Event: ======'machine_var_audits_switches_s_plunger'====== Args={'value': 108, 'prev_value': 107, 'change': 1}
2025-10-04 09:00:53,509 : WARNING : SwitchController : Received duplicate switch state 1 for switch s_plunger from the platform interface. Log Code: Log-SwitchController-1 (https://missionpinball.org/logs)
2025-10-04 09:00:53,609 : INFO : SwitchController : <<<<<<< 's_plunger' inactive >>>>>>>
2025-10-04 09:00:56,287 : INFO : ball_device.bd_trough : State: failed_confirm
2025-10-04 09:00:56,289 : INFO : ball_device.bd_trough : Got timeout (3.0s) before confirm from <ball_device.bd_plunger>
2025-10-04 09:00:56,290 : INFO : ball_device.bd_plunger : Expecting incoming ball which may skip the device.
2025-10-04 09:00:56,290 : INFO : EventManager : Event: ======'balldevice_bd_plunger_ejecting_ball'====== Args={'balls': 1, 'target': <playfield.playfield>, 'source': <ball_device.bd_plunger>, 'mechanical_eject': False, 'num_attempts': 1}
2025-10-04 09:01:01,289 : INFO : ball_device.bd_plunger : Got confirm for skipping ball.
2025-10-04 09:01:01,289 : INFO : ball_device.bd_plunger : Eject successful
2025-10-04 09:01:01,289 : INFO : EventManager : Event: ======'balldevice_bd_plunger_ball_eject_success'====== Args={'balls': 1, 'target': <playfield.playfield>}
2025-10-04 09:01:01,290 : INFO : EventManager : Event: ======'balldevice_playfield_ball_enter'====== Args={'new_balls': 1, 'unclaimed_balls': 1, 'device': <playfield.playfield>}
2025-10-04 09:01:01,291 : INFO : EventManager : Event: ======'playfield_ball_count_change'====== Args={'balls': 1, 'change': 1}
2025-10-04 09:01:01,292 : INFO : ball_device.bd_plunger : State: idle
2025-10-04 09:01:01,293 : INFO : ball_device.bd_trough : Eject successful
2025-10-04 09:01:01,293 : INFO : EventManager : Event: ======'balldevice_bd_trough_ball_eject_success'====== Args={'balls': 1, 'target': <ball_device.bd_plunger>}
2025-10-04 09:01:01,294 : INFO : EventManager : Event: ======'balldevice_bd_trough_ball_count_changed'====== Args={'balls': 5}
2025-10-04 09:01:01,294 : INFO : ball_device.bd_trough : State: idle
2025-10-04 09:01:13,001 : INFO : SwitchController : <<<<<<< 's_right_inlane' active >>>>>>>
2025-10-04 09:01:13,001 : INFO : EventManager : Event: ======'s_right_inlane_active'====== Args={}
2025-10-04 09:01:13,002 : INFO : EventManager : Event: ======'sw_playfield_active'====== Args={}
2025-10-04 09:01:13,002 : INFO : EventManager : Event: ======'machine_var_audits_switches_s_right_inlane'====== Args={'value': 128, 'prev_value': 127, 'change': 1}
2025-10-04 09:01:13,004 : INFO : EventManager : Event: ======'player_shot_right_inlane_shot'====== Args={'value': 1, 'prev_value': 0, 'change': 1, 'player_num': 1}
2025-10-04 09:01:13,005 : INFO : EventManager : Event: ======'machine_var_audits_shots_right_inlane_shot'====== Args={'value': 1, 'prev_value': None, 'change': True}
2025-10-04 09:01:13,005 : INFO : EventManager : Event: ======'right_inlane_shot_hit'====== Args={'profile': 'default', 'state': 'unlit', 'advancing': True}
2025-10-04 09:01:13,006 : INFO : EventManager : Event: ======'right_inlane_shot_default_hit'====== Args={'profile': 'default', 'state': 'unlit', 'advancing': True}
2025-10-04 09:01:13,006 : INFO : EventManager : Event: ======'right_inlane_shot_default_unlit_hit'====== Args={'profile': 'default', 'state': 'unlit', 'advancing': True}
2025-10-04 09:01:13,006 : INFO : EventManager : Event: ======'right_inlane_shot_unlit_hit'====== Args={'profile': 'default', 'state': 'unlit', 'advancing': True}
2025-10-04 09:01:13,006 : INFO : EventManager : Event: ======'player_score'====== Args={'value': 100, 'prev_value': 0, 'change': 100, 'player_num': 1, 'source': 'base'}
2025-10-04 09:01:13,007 : INFO : EventManager : Event: ======'player_score'====== Args={'value': 142, 'prev_value': 100, 'change': 42, 'player_num': 1, 'source': 'base'}
2025-10-04 09:01:13,124 : INFO : SwitchController : <<<<<<< 's_right_inlane' inactive >>>>>>>
2025-10-04 09:06:31,678 : INFO : Machine : Shutting down...
2025-10-04 09:06:31,678 : INFO : EventManager : Event: ======'shutdown'====== Args={}
2025-10-04 09:06:31,681 : INFO : EventManager : Event: ======'mode_game_will_stop'====== Args={}
2025-10-04 09:06:31,681 : INFO : EventManager : Event: ======'mode_game_stopping'====== Args={}
2025-10-04 09:06:31,682 : INFO : EventManager : Event: ======'mode_base_will_stop'====== Args={}
2025-10-04 09:06:31,683 : INFO : EventManager : Event: ======'mode_base_stopping'====== Args={}
2025-10-04 09:06:31,683 : INFO : Mode.base : Stopped.
2025-10-04 09:06:31,683 : INFO : EventManager : Event: ======'modes_active_modes_changed'====== Args={}
2025-10-04 09:06:31,683 : INFO : EventManager : Event: ======'mode_base_stopped'====== Args={}
2025-10-04 09:06:31,683 : INFO : EventManager : Event: ======'clear'====== Args={'key': 'base'}
2025-10-04 09:06:31,684 : INFO : Mode.game : Stopped.
2025-10-04 09:06:31,684 : INFO : EventManager : Event: ======'modes_active_modes_changed'====== Args={}
2025-10-04 09:06:31,684 : INFO : EventManager : Event: ======'mode_game_stopped'====== Args={}
2025-10-04 09:06:31,684 : INFO : EventManager : Event: ======'clear'====== Args={'key': 'game'}
2025-10-04 09:06:31,686 : INFO : root : MPF run loop ended.
