2025-10-10 08:01:13,988 : INFO : root : Loading config.
2025-10-10 08:01:13,993 : INFO : YamlMultifileConfigLoader : Machine config file #1: config.yaml
2025-10-10 08:01:13,994 : INFO : ConfigProcessor : Loading config from cache: C:\Users\richa\AppData\Local\Temp\f7776651e259183bd84a8c8d686bf868.mpf_cache
2025-10-10 08:01:14,070 : INFO : ConfigProcessor : Loading config from cache: C:\Users\richa\AppData\Local\Temp\70233839fc0b792ce11a62f3c18c1950.mpf_cache
2025-10-10 08:01:14,071 : INFO : ConfigProcessor : Loading config from cache: C:\Users\richa\AppData\Local\Temp\9c8dea79ca4d15ee886340e992e8cb9d.mpf_cache
2025-10-10 08:01:14,071 : INFO : ConfigProcessor : Loading config from cache: C:\Users\richa\AppData\Local\Temp\67a19b095f918111543419ac0271bfb1.mpf_cache
2025-10-10 08:01:14,072 : INFO : ConfigProcessor : Loading config from cache: C:\Users\richa\AppData\Local\Temp\be387b0e8ed00556ec738d83cd6947d1.mpf_cache
2025-10-10 08:01:14,073 : WARNING : ConfigProcessor : Config file in cache changed: C:\Users\richa\ttp7\modes\super_jets_setup\config\super_jets_setup.yaml
2025-10-10 08:01:14,073 : INFO : ConfigProcessor : Loading config from file C:\Users\richa\ttp7\modes\super_jets_setup\config\super_jets_setup.yaml.
2025-10-10 08:01:14,089 : INFO : ConfigProcessor : Loading config: C:\Users\richa\ttp7\modes\super_jets_setup\config\super_jets_setup.yaml
2025-10-10 08:01:14,090 : INFO : ConfigProcessor : Config file cache created: C:\Users\richa\AppData\Local\Temp\5a8efabd9666d8c71fa755fc28a9bf1e.mpf_cache
2025-10-10 08:01:14,090 : INFO : ConfigProcessor : Loading config from cache: C:\Users\richa\AppData\Local\Temp\fb58745e58584e219ff53db445e8e9f2.mpf_cache
2025-10-10 08:01:14,091 : INFO : ConfigProcessor : Loading config from cache: C:\Users\richa\AppData\Local\Temp\b710dc01437f1dfd05f3b5275f67493b.mpf_cache
2025-10-10 08:01:14,092 : INFO : ConfigProcessor : Loading config from cache: C:\Users\richa\AppData\Local\Temp\0a23590f4081187a3ecee75c7657616e.mpf_cache
2025-10-10 08:01:14,093 : INFO : ConfigProcessor : Loading config from cache: C:\Users\richa\AppData\Local\Temp\374a5edaf0766cb9005f368df852c09d.mpf_cache
2025-10-10 08:01:14,094 : INFO : Machine : Mission Pinball Framework Core Engine v0.57.0.dev39
2025-10-10 08:01:14,094 : INFO : Machine : Command line arguments: {'no_load_cache': False, 'create_config_cache': True, 'bcp': True, 'configfile': ['config.yaml'], 'force_assets_load': False, 'jsonlogging': False, 'logfile': 'logs\\2025-10-10-08-01-13-mpf-DESKTOP-RK7BE5M.log', 'pause': False, 'production': False, 'text_ui': True, 'loglevel': 15, 'consoleloglevel': 20, 'force_platform': None, 'syslog_address': None, 'mc_file_name': None, 'no_sound': False}
2025-10-10 08:01:14,094 : INFO : Machine : MPF path: C:\Users\richa\mpfvirtual4\lib\site-packages\mpf
2025-10-10 08:01:14,094 : INFO : Machine : Machine path: C:\Users\richa\ttp7
2025-10-10 08:01:14,094 : INFO : Machine : Platform: win32
2025-10-10 08:01:14,094 : INFO : Machine : Python executable location: C:\Users\richa\mpfvirtual4\Scripts\python.exe
2025-10-10 08:01:14,094 : INFO : Machine : Python version: 3.9.13 (64-bit)
2025-10-10 08:01:14,096 : INFO : Machine : Initializing MPF...
2025-10-10 08:01:14,557 : INFO : EventManager : Event: ======'machine_var_credits_string'====== Args={'value': 'FREE PLAY', 'prev_value': None, 'change': True}
2025-10-10 08:01:14,612 : INFO : EventManager : Event: ======'machine_var_master_volume'====== Args={'value': 0.5, 'prev_value': None, 'change': True}
2025-10-10 08:01:14,612 : INFO : EventManager : Event: ======'machine_var_player1_score'====== Args={'value': 1024400, 'prev_value': None, 'change': True}
2025-10-10 08:01:14,612 : INFO : EventManager : Event: ======'machine_var_mpf_version'====== Args={'value': 'Mission Pinball Framework v0.57.0.dev39', 'prev_value': None, 'change': True}
2025-10-10 08:01:14,612 : INFO : EventManager : Event: ======'machine_var_mpf_extended_version'====== Args={'value': 'Mission Pinball Framework v0.57.0.dev39, Config version:6, Show version: 6, BCP version:1.1', 'prev_value': None, 'change': True}
2025-10-10 08:01:14,612 : INFO : EventManager : Event: ======'machine_var_python_version'====== Args={'value': '3.9.13', 'prev_value': None, 'change': True}
2025-10-10 08:01:14,623 : INFO : EventManager : Event: ======'machine_var_platform'====== Args={'value': 'Windows-10-10.0.19045-SP0', 'prev_value': None, 'change': True}
2025-10-10 08:01:14,623 : INFO : EventManager : Event: ======'machine_var_platform_system'====== Args={'value': 'Windows', 'prev_value': None, 'change': True}
2025-10-10 08:01:14,623 : INFO : EventManager : Event: ======'machine_var_platform_release'====== Args={'value': '10', 'prev_value': None, 'change': True}
2025-10-10 08:01:14,623 : INFO : EventManager : Event: ======'machine_var_platform_version'====== Args={'value': '10.0.19045', 'prev_value': None, 'change': True}
2025-10-10 08:01:14,623 : INFO : EventManager : Event: ======'machine_var_platform_machine'====== Args={'value': 'AMD64', 'prev_value': None, 'change': True}
2025-10-10 08:01:14,623 : INFO : EventManager : Event: ======'init_phase_1'====== Args={}
2025-10-10 08:01:14,655 : INFO : EventManager : Event: ======'init_phase_2'====== Args={}
2025-10-10 08:01:14,656 : INFO : SwitchController : Found active switch: ('2', <Platform.SmartVirtual>) <switch.s_trough1>
2025-10-10 08:01:14,656 : INFO : SwitchController : Found active switch: ('3', <Platform.SmartVirtual>) <switch.s_trough2>
2025-10-10 08:01:14,656 : INFO : SwitchController : Found active switch: ('4', <Platform.SmartVirtual>) <switch.s_trough3>
2025-10-10 08:01:14,656 : INFO : SwitchController : Found active switch: ('5', <Platform.SmartVirtual>) <switch.s_trough4>
2025-10-10 08:01:14,656 : INFO : SwitchController : Found active switch: ('6', <Platform.SmartVirtual>) <switch.s_trough5>
2025-10-10 08:01:14,656 : INFO : SwitchController : Found active switch: ('7', <Platform.SmartVirtual>) <switch.s_trough6>
2025-10-10 08:01:14,660 : INFO : EventManager : Event: ======'bcp_connection_attempt'====== Args={'name': 'local_display', 'host': 'localhost', 'port': 5050}
2025-10-10 08:01:14,662 : INFO : BCPClientSocket : Connecting BCP to 'local_display' at localhost:5050...
2025-10-10 08:01:16,685 : INFO : BCPClientSocket : Connected BCP to 'local_display' localhost:5050
2025-10-10 08:01:16,685 : INFO : EventManager : Event: ======'bcp_clients_connected'====== Args={}
2025-10-10 08:01:17,058 : INFO : ball_device.bd_trough : BCH: Initial count: 6
2025-10-10 08:01:17,058 : INFO : EventManager : Event: ======'machine_var_mc_version'====== Args={'value': 'MPF-MC v0.57.0.dev10', 'prev_value': None, 'change': True}
2025-10-10 08:01:17,059 : INFO : EventManager : Event: ======'machine_var_mc_extended_version'====== Args={'value': 'MPF-MC v0.57.0.dev10 (config_version=6, BCP v1.1,                      Requires MPF API compatibility v0.57.0.dev19 or newer)', 'prev_value': None, 'change': True}
2025-10-10 08:01:17,060 : INFO : ball_device.bd_trough : State: idle
2025-10-10 08:01:17,146 : INFO : ball_device.bd_plunger : BCH: Initial count: 0
2025-10-10 08:01:17,146 : INFO : ball_device.bd_plunger : State: idle
2025-10-10 08:01:17,146 : INFO : ball_device.bd_left_scoop : BCH: Initial count: 0
2025-10-10 08:01:17,147 : INFO : ball_device.bd_left_scoop : State: idle
2025-10-10 08:01:17,147 : INFO : ball_device.bd_right_scoop : BCH: Initial count: 0
2025-10-10 08:01:17,147 : INFO : ball_device.bd_right_scoop : State: idle
2025-10-10 08:01:17,167 : INFO : EventManager : Event: ======'init_phase_3'====== Args={}
2025-10-10 08:01:17,199 : INFO : EventManager : Event: ======'init_phase_4'====== Args={}
2025-10-10 08:01:17,200 : INFO : BallController : Initial balls found: 6
2025-10-10 08:01:17,200 : INFO : EventManager : Event: ======'machine_var_audits_events_game_ended'====== Args={'value': 44, 'prev_value': None, 'change': True}
2025-10-10 08:01:17,201 : INFO : EventManager : Event: ======'machine_var_audits_events_game_started'====== Args={'value': 174, 'prev_value': None, 'change': True}
2025-10-10 08:01:17,201 : INFO : EventManager : Event: ======'machine_var_audits_missing_switches_s_A'====== Args={'value': 67, 'prev_value': None, 'change': True}
2025-10-10 08:01:17,201 : INFO : EventManager : Event: ======'machine_var_audits_missing_switches_s_E'====== Args={'value': 102, 'prev_value': None, 'change': True}
2025-10-10 08:01:17,201 : INFO : EventManager : Event: ======'machine_var_audits_missing_switches_s_Eb'====== Args={'value': 67, 'prev_value': None, 'change': True}
2025-10-10 08:01:17,201 : INFO : EventManager : Event: ======'machine_var_audits_missing_switches_s_I'====== Args={'value': 102, 'prev_value': None, 'change': True}
2025-10-10 08:01:17,201 : INFO : EventManager : Event: ======'machine_var_audits_missing_switches_s_L'====== Args={'value': 67, 'prev_value': None, 'change': True}
2025-10-10 08:01:17,201 : INFO : EventManager : Event: ======'machine_var_audits_missing_switches_s_M'====== Args={'value': 102, 'prev_value': None, 'change': True}
2025-10-10 08:01:17,202 : INFO : EventManager : Event: ======'machine_var_audits_missing_switches_s_R'====== Args={'value': 67, 'prev_value': None, 'change': True}
2025-10-10 08:01:17,202 : INFO : EventManager : Event: ======'machine_var_audits_missing_switches_s_T'====== Args={'value': 102, 'prev_value': None, 'change': True}
2025-10-10 08:01:17,202 : INFO : EventManager : Event: ======'machine_var_audits_missing_switches_s_Tb'====== Args={'value': 67, 'prev_value': None, 'change': True}
2025-10-10 08:01:17,202 : INFO : EventManager : Event: ======'machine_var_audits_missing_switches_s_V'====== Args={'value': 67, 'prev_value': None, 'change': True}
2025-10-10 08:01:17,202 : INFO : EventManager : Event: ======'machine_var_audits_missing_switches_s_bumper1'====== Args={'value': 6, 'prev_value': None, 'change': True}
2025-10-10 08:01:17,202 : INFO : EventManager : Event: ======'machine_var_audits_missing_switches_s_bumper_1'====== Args={'value': 28, 'prev_value': None, 'change': True}
2025-10-10 08:01:17,202 : INFO : EventManager : Event: ======'machine_var_audits_missing_switches_s_bumper_2'====== Args={'value': 28, 'prev_value': None, 'change': True}
2025-10-10 08:01:17,203 : INFO : EventManager : Event: ======'machine_var_audits_missing_switches_s_center_center_target'====== Args={'value': 38, 'prev_value': None, 'change': True}
2025-10-10 08:01:17,203 : INFO : EventManager : Event: ======'machine_var_audits_missing_switches_s_launcher_lane_spinner'====== Args={'value': 100, 'prev_value': None, 'change': True}
2025-10-10 08:01:17,203 : INFO : EventManager : Event: ======'machine_var_audits_missing_switches_s_left_center_target'====== Args={'value': 38, 'prev_value': None, 'change': True}
2025-10-10 08:01:17,203 : INFO : EventManager : Event: ======'machine_var_audits_missing_switches_s_left_corridor_spinner'====== Args={'value': 100, 'prev_value': None, 'change': True}
2025-10-10 08:01:17,203 : INFO : EventManager : Event: ======'machine_var_audits_missing_switches_s_left_corridor_spinner2'====== Args={'value': 100, 'prev_value': None, 'change': True}
2025-10-10 08:01:17,204 : INFO : EventManager : Event: ======'machine_var_audits_missing_switches_s_left_flipper'====== Args={'value': 23, 'prev_value': None, 'change': True}
2025-10-10 08:01:17,204 : INFO : EventManager : Event: ======'machine_var_audits_missing_switches_s_left_inlane'====== Args={'value': 127, 'prev_value': None, 'change': True}
2025-10-10 08:01:17,204 : INFO : EventManager : Event: ======'machine_var_audits_missing_switches_s_left_outlane'====== Args={'value': 137, 'prev_value': None, 'change': True}
2025-10-10 08:01:17,204 : INFO : EventManager : Event: ======'machine_var_audits_missing_switches_s_left_scoop'====== Args={'value': 8, 'prev_value': None, 'change': True}
2025-10-10 08:01:17,204 : INFO : EventManager : Event: ======'machine_var_audits_missing_switches_s_left_standup'====== Args={'value': 99, 'prev_value': None, 'change': True}
2025-10-10 08:01:17,204 : INFO : EventManager : Event: ======'machine_var_audits_missing_switches_s_right_center_target'====== Args={'value': 38, 'prev_value': None, 'change': True}
2025-10-10 08:01:17,204 : INFO : EventManager : Event: ======'machine_var_audits_missing_switches_s_right_corridor_spinner'====== Args={'value': 100, 'prev_value': None, 'change': True}
2025-10-10 08:01:17,205 : INFO : EventManager : Event: ======'machine_var_audits_missing_switches_s_right_flipper'====== Args={'value': 23, 'prev_value': None, 'change': True}
2025-10-10 08:01:17,205 : INFO : EventManager : Event: ======'machine_var_audits_missing_switches_s_right_outlane'====== Args={'value': 137, 'prev_value': None, 'change': True}
2025-10-10 08:01:17,205 : INFO : EventManager : Event: ======'machine_var_audits_missing_switches_s_right_scoop'====== Args={'value': 8, 'prev_value': None, 'change': True}
2025-10-10 08:01:17,205 : INFO : EventManager : Event: ======'machine_var_audits_missing_switches_s_right_standup'====== Args={'value': 8, 'prev_value': None, 'change': True}
2025-10-10 08:01:17,205 : INFO : EventManager : Event: ======'machine_var_audits_missing_switches_s_sling_left'====== Args={'value': 127, 'prev_value': None, 'change': True}
2025-10-10 08:01:17,205 : INFO : EventManager : Event: ======'machine_var_audits_missing_switches_s_sling_right'====== Args={'value': 23, 'prev_value': None, 'change': True}
2025-10-10 08:01:17,206 : INFO : EventManager : Event: ======'machine_var_audits_missing_switches_s_standup_1'====== Args={'value': 1, 'prev_value': None, 'change': True}
2025-10-10 08:01:17,206 : INFO : EventManager : Event: ======'machine_var_audits_missing_switches_s_standup_3'====== Args={'value': 8, 'prev_value': None, 'change': True}
2025-10-10 08:01:17,206 : INFO : EventManager : Event: ======'machine_var_audits_missing_switches_s_standup_4'====== Args={'value': 8, 'prev_value': None, 'change': True}
2025-10-10 08:01:17,206 : INFO : EventManager : Event: ======'machine_var_audits_missing_switches_s_standup_5'====== Args={'value': 8, 'prev_value': None, 'change': True}
2025-10-10 08:01:17,206 : INFO : EventManager : Event: ======'machine_var_audits_missing_switches_s_standup_6'====== Args={'value': 8, 'prev_value': None, 'change': True}
2025-10-10 08:01:17,207 : INFO : EventManager : Event: ======'machine_var_audits_missing_switches_s_start'====== Args={'value': 22, 'prev_value': None, 'change': True}
2025-10-10 08:01:17,207 : INFO : EventManager : Event: ======'machine_var_audits_missing_switches_s_top_left_standup'====== Args={'value': 99, 'prev_value': None, 'change': True}
2025-10-10 08:01:17,207 : INFO : EventManager : Event: ======'machine_var_audits_missing_switches_s_top_left_standup2'====== Args={'value': 40, 'prev_value': None, 'change': True}
2025-10-10 08:01:17,208 : INFO : EventManager : Event: ======'machine_var_audits_missing_switches_s_trough1'====== Args={'value': 8, 'prev_value': None, 'change': True}
2025-10-10 08:01:17,208 : INFO : EventManager : Event: ======'machine_var_audits_missing_switches_s_trough2'====== Args={'value': 174, 'prev_value': None, 'change': True}
2025-10-10 08:01:17,208 : INFO : EventManager : Event: ======'machine_var_audits_missing_switches_s_trough3'====== Args={'value': 174, 'prev_value': None, 'change': True}
2025-10-10 08:01:17,208 : INFO : EventManager : Event: ======'machine_var_audits_missing_switches_s_trough4'====== Args={'value': 174, 'prev_value': None, 'change': True}
2025-10-10 08:01:17,208 : INFO : EventManager : Event: ======'machine_var_audits_missing_switches_s_trough5'====== Args={'value': 174, 'prev_value': None, 'change': True}
2025-10-10 08:01:17,209 : INFO : EventManager : Event: ======'machine_var_audits_missing_switches_s_trough6'====== Args={'value': 174, 'prev_value': None, 'change': True}
2025-10-10 08:01:17,209 : INFO : EventManager : Event: ======'machine_var_audits_missing_switches_s_trough_jam'====== Args={'value': 174, 'prev_value': None, 'change': True}
2025-10-10 08:01:17,209 : INFO : EventManager : Event: ======'machine_var_audits_player_score'====== Args={'value': {'average': 147386, 'top': [2008600, 1234200, 1027900, 1024400, 606200, 211200, 205900, 34750, 28284, 28200], 'total': 46}, 'prev_value': None, 'change': True}
2025-10-10 08:01:17,209 : INFO : EventManager : Event: ======'machine_var_audits_shots_bumper1_shot'====== Args={'value': 45, 'prev_value': None, 'change': True}
2025-10-10 08:01:17,209 : INFO : EventManager : Event: ======'machine_var_audits_shots_bumper2_shot'====== Args={'value': 90, 'prev_value': None, 'change': True}
2025-10-10 08:01:17,210 : INFO : EventManager : Event: ======'machine_var_audits_shots_center_rollover'====== Args={'value': 7, 'prev_value': None, 'change': True}
2025-10-10 08:01:17,210 : INFO : EventManager : Event: ======'machine_var_audits_shots_center_rollover_shot'====== Args={'value': 239, 'prev_value': None, 'change': True}
2025-10-10 08:01:17,210 : INFO : EventManager : Event: ======'machine_var_audits_shots_jets'====== Args={'value': 76, 'prev_value': None, 'change': True}
2025-10-10 08:01:17,210 : INFO : EventManager : Event: ======'machine_var_audits_shots_left_rollover'====== Args={'value': 16, 'prev_value': None, 'change': True}
2025-10-10 08:01:17,210 : INFO : EventManager : Event: ======'machine_var_audits_shots_left_rollover_shot'====== Args={'value': 183, 'prev_value': None, 'change': True}
2025-10-10 08:01:17,211 : INFO : EventManager : Event: ======'machine_var_audits_shots_left_scoop_shot'====== Args={'value': 28, 'prev_value': None, 'change': True}
2025-10-10 08:01:17,211 : INFO : EventManager : Event: ======'machine_var_audits_shots_middle_inlane_shot'====== Args={'value': 20, 'prev_value': None, 'change': True}
2025-10-10 08:01:17,211 : INFO : EventManager : Event: ======'machine_var_audits_shots_my_first_shot'====== Args={'value': 95, 'prev_value': None, 'change': True}
2025-10-10 08:01:17,211 : INFO : EventManager : Event: ======'machine_var_audits_shots_right_inlane_shot'====== Args={'value': 54, 'prev_value': None, 'change': True}
2025-10-10 08:01:17,211 : INFO : EventManager : Event: ======'machine_var_audits_shots_right_rollover'====== Args={'value': 19, 'prev_value': None, 'change': True}
2025-10-10 08:01:17,212 : INFO : EventManager : Event: ======'machine_var_audits_shots_right_rollover_shot'====== Args={'value': 245, 'prev_value': None, 'change': True}
2025-10-10 08:01:17,212 : INFO : EventManager : Event: ======'machine_var_audits_shots_right_scoop_shot'====== Args={'value': 35, 'prev_value': None, 'change': True}
2025-10-10 08:01:17,212 : INFO : EventManager : Event: ======'machine_var_audits_shots_standup_1_skill'====== Args={'value': 29, 'prev_value': None, 'change': True}
2025-10-10 08:01:17,212 : INFO : EventManager : Event: ======'machine_var_audits_shots_standup_2_skill'====== Args={'value': 9, 'prev_value': None, 'change': True}
2025-10-10 08:01:17,213 : INFO : EventManager : Event: ======'machine_var_audits_shots_standup_3_skill'====== Args={'value': 6, 'prev_value': None, 'change': True}
2025-10-10 08:01:17,213 : INFO : EventManager : Event: ======'machine_var_audits_shots_standup_4_skill'====== Args={'value': 8, 'prev_value': None, 'change': True}
2025-10-10 08:01:17,214 : INFO : EventManager : Event: ======'machine_var_audits_shots_standup_5_skill'====== Args={'value': 4, 'prev_value': None, 'change': True}
2025-10-10 08:01:17,214 : INFO : EventManager : Event: ======'machine_var_audits_shots_standup_6_skill'====== Args={'value': 2, 'prev_value': None, 'change': True}
2025-10-10 08:01:17,214 : INFO : EventManager : Event: ======'machine_var_audits_shots_top_middle_inlane_shot'====== Args={'value': 41, 'prev_value': None, 'change': True}
2025-10-10 08:01:17,214 : INFO : EventManager : Event: ======'machine_var_audits_switches_s_A'====== Args={'value': 0, 'prev_value': None, 'change': True}
2025-10-10 08:01:17,215 : INFO : EventManager : Event: ======'machine_var_audits_switches_s_E'====== Args={'value': 0, 'prev_value': None, 'change': True}
2025-10-10 08:01:17,215 : INFO : EventManager : Event: ======'machine_var_audits_switches_s_Eb'====== Args={'value': 0, 'prev_value': None, 'change': True}
2025-10-10 08:01:17,215 : INFO : EventManager : Event: ======'machine_var_audits_switches_s_I'====== Args={'value': 0, 'prev_value': None, 'change': True}
2025-10-10 08:01:17,216 : INFO : EventManager : Event: ======'machine_var_audits_switches_s_L'====== Args={'value': 0, 'prev_value': None, 'change': True}
2025-10-10 08:01:17,216 : INFO : EventManager : Event: ======'machine_var_audits_switches_s_M'====== Args={'value': 0, 'prev_value': None, 'change': True}
2025-10-10 08:01:17,216 : INFO : EventManager : Event: ======'machine_var_audits_switches_s_R'====== Args={'value': 0, 'prev_value': None, 'change': True}
2025-10-10 08:01:17,216 : INFO : EventManager : Event: ======'machine_var_audits_switches_s_T'====== Args={'value': 0, 'prev_value': None, 'change': True}
2025-10-10 08:01:17,217 : INFO : EventManager : Event: ======'machine_var_audits_switches_s_Tb'====== Args={'value': 0, 'prev_value': None, 'change': True}
2025-10-10 08:01:17,217 : INFO : EventManager : Event: ======'machine_var_audits_switches_s_V'====== Args={'value': 0, 'prev_value': None, 'change': True}
2025-10-10 08:01:17,217 : INFO : EventManager : Event: ======'machine_var_audits_switches_s_bumper1'====== Args={'value': 45, 'prev_value': None, 'change': True}
2025-10-10 08:01:17,217 : INFO : EventManager : Event: ======'machine_var_audits_switches_s_bumper2'====== Args={'value': 93, 'prev_value': None, 'change': True}
2025-10-10 08:01:17,218 : INFO : EventManager : Event: ======'machine_var_audits_switches_s_bumper_1'====== Args={'value': 0, 'prev_value': None, 'change': True}
2025-10-10 08:01:17,218 : INFO : EventManager : Event: ======'machine_var_audits_switches_s_bumper_2'====== Args={'value': 0, 'prev_value': None, 'change': True}
2025-10-10 08:01:17,218 : INFO : EventManager : Event: ======'machine_var_audits_switches_s_center_center_target'====== Args={'value': 1, 'prev_value': None, 'change': True}
2025-10-10 08:01:17,219 : INFO : EventManager : Event: ======'machine_var_audits_switches_s_center_rollover'====== Args={'value': 248, 'prev_value': None, 'change': True}
2025-10-10 08:01:17,219 : INFO : EventManager : Event: ======'machine_var_audits_switches_s_launcher_lane_spinner'====== Args={'value': 0, 'prev_value': None, 'change': True}
2025-10-10 08:01:17,219 : INFO : EventManager : Event: ======'machine_var_audits_switches_s_left_center_target'====== Args={'value': 2, 'prev_value': None, 'change': True}
2025-10-10 08:01:17,220 : INFO : EventManager : Event: ======'machine_var_audits_switches_s_left_corridor_spinner'====== Args={'value': 0, 'prev_value': None, 'change': True}
2025-10-10 08:01:17,220 : INFO : EventManager : Event: ======'machine_var_audits_switches_s_left_corridor_spinner2'====== Args={'value': 0, 'prev_value': None, 'change': True}
2025-10-10 08:01:17,220 : INFO : EventManager : Event: ======'machine_var_audits_switches_s_left_flipper'====== Args={'value': 330, 'prev_value': None, 'change': True}
2025-10-10 08:01:17,221 : INFO : EventManager : Event: ======'machine_var_audits_switches_s_left_inlane'====== Args={'value': 8, 'prev_value': None, 'change': True}
2025-10-10 08:01:17,221 : INFO : EventManager : Event: ======'machine_var_audits_switches_s_left_outlane'====== Args={'value': 3, 'prev_value': None, 'change': True}
2025-10-10 08:01:17,221 : INFO : EventManager : Event: ======'machine_var_audits_switches_s_left_rollover'====== Args={'value': 191, 'prev_value': None, 'change': True}
2025-10-10 08:01:17,221 : INFO : EventManager : Event: ======'machine_var_audits_switches_s_left_scoop'====== Args={'value': 217, 'prev_value': None, 'change': True}
2025-10-10 08:01:17,222 : INFO : EventManager : Event: ======'machine_var_audits_switches_s_left_standup'====== Args={'value': 0, 'prev_value': None, 'change': True}
2025-10-10 08:01:17,222 : INFO : EventManager : Event: ======'machine_var_audits_switches_s_middle_inlane'====== Args={'value': 20, 'prev_value': None, 'change': True}
2025-10-10 08:01:17,222 : INFO : EventManager : Event: ======'machine_var_audits_switches_s_plunger'====== Args={'value': 324, 'prev_value': None, 'change': True}
2025-10-10 08:01:17,223 : INFO : EventManager : Event: ======'machine_var_audits_switches_s_right_center_target'====== Args={'value': 1, 'prev_value': None, 'change': True}
2025-10-10 08:01:17,223 : INFO : EventManager : Event: ======'machine_var_audits_switches_s_right_corridor_spinner'====== Args={'value': 0, 'prev_value': None, 'change': True}
2025-10-10 08:01:17,223 : INFO : EventManager : Event: ======'machine_var_audits_switches_s_right_flipper'====== Args={'value': 146, 'prev_value': None, 'change': True}
2025-10-10 08:01:17,224 : INFO : EventManager : Event: ======'machine_var_audits_switches_s_right_inlane'====== Args={'value': 181, 'prev_value': None, 'change': True}
2025-10-10 08:01:17,224 : INFO : EventManager : Event: ======'machine_var_audits_switches_s_right_outlane'====== Args={'value': 3, 'prev_value': None, 'change': True}
2025-10-10 08:01:17,224 : INFO : EventManager : Event: ======'machine_var_audits_switches_s_right_rollover'====== Args={'value': 254, 'prev_value': None, 'change': True}
2025-10-10 08:01:17,225 : INFO : EventManager : Event: ======'machine_var_audits_switches_s_right_scoop'====== Args={'value': 52, 'prev_value': None, 'change': True}
2025-10-10 08:01:17,225 : INFO : EventManager : Event: ======'machine_var_audits_switches_s_right_standup'====== Args={'value': 1, 'prev_value': None, 'change': True}
2025-10-10 08:01:17,226 : INFO : EventManager : Event: ======'machine_var_audits_switches_s_sling_left'====== Args={'value': 3, 'prev_value': None, 'change': True}
2025-10-10 08:01:17,226 : INFO : EventManager : Event: ======'machine_var_audits_switches_s_sling_right'====== Args={'value': 8, 'prev_value': None, 'change': True}
2025-10-10 08:01:17,226 : INFO : EventManager : Event: ======'machine_var_audits_switches_s_standup_1'====== Args={'value': 61, 'prev_value': None, 'change': True}
2025-10-10 08:01:17,227 : INFO : EventManager : Event: ======'machine_var_audits_switches_s_standup_2'====== Args={'value': 22, 'prev_value': None, 'change': True}
2025-10-10 08:01:17,227 : INFO : EventManager : Event: ======'machine_var_audits_switches_s_standup_3'====== Args={'value': 24, 'prev_value': None, 'change': True}
2025-10-10 08:01:17,227 : INFO : EventManager : Event: ======'machine_var_audits_switches_s_standup_4'====== Args={'value': 19, 'prev_value': None, 'change': True}
2025-10-10 08:01:17,228 : INFO : EventManager : Event: ======'machine_var_audits_switches_s_standup_5'====== Args={'value': 19, 'prev_value': None, 'change': True}
2025-10-10 08:01:17,228 : INFO : EventManager : Event: ======'machine_var_audits_switches_s_standup_6'====== Args={'value': 9, 'prev_value': None, 'change': True}
2025-10-10 08:01:17,228 : INFO : EventManager : Event: ======'machine_var_audits_switches_s_start'====== Args={'value': 15, 'prev_value': None, 'change': True}
2025-10-10 08:01:17,229 : INFO : EventManager : Event: ======'machine_var_audits_switches_s_top_left_standup'====== Args={'value': 0, 'prev_value': None, 'change': True}
2025-10-10 08:01:17,229 : INFO : EventManager : Event: ======'machine_var_audits_switches_s_top_left_standup2'====== Args={'value': 15, 'prev_value': None, 'change': True}
2025-10-10 08:01:17,229 : INFO : EventManager : Event: ======'machine_var_audits_switches_s_top_middle_inlane'====== Args={'value': 41, 'prev_value': None, 'change': True}
2025-10-10 08:01:17,229 : INFO : EventManager : Event: ======'machine_var_audits_switches_s_trough1'====== Args={'value': 211, 'prev_value': None, 'change': True}
2025-10-10 08:01:17,230 : INFO : EventManager : Event: ======'machine_var_audits_switches_s_trough2'====== Args={'value': 0, 'prev_value': None, 'change': True}
2025-10-10 08:01:17,230 : INFO : EventManager : Event: ======'machine_var_audits_switches_s_trough3'====== Args={'value': 0, 'prev_value': None, 'change': True}
2025-10-10 08:01:17,230 : INFO : EventManager : Event: ======'machine_var_audits_switches_s_trough4'====== Args={'value': 0, 'prev_value': None, 'change': True}
2025-10-10 08:01:17,231 : INFO : EventManager : Event: ======'machine_var_audits_switches_s_trough5'====== Args={'value': 0, 'prev_value': None, 'change': True}
2025-10-10 08:01:17,232 : INFO : EventManager : Event: ======'machine_var_audits_switches_s_trough6'====== Args={'value': 0, 'prev_value': None, 'change': True}
2025-10-10 08:01:17,232 : INFO : EventManager : Event: ======'machine_var_audits_switches_s_trough_jam'====== Args={'value': 0, 'prev_value': None, 'change': True}
2025-10-10 08:01:17,233 : INFO : EventManager : Event: ======'init_phase_5'====== Args={}
2025-10-10 08:01:17,293 : INFO : EventManager : Event: ======'init_done'====== Args={}
2025-10-10 08:01:17,293 : INFO : EventManager : Event: ======'machine_reset_phase_1'====== Args={}
2025-10-10 08:01:17,301 : INFO : EventManager : Event: ======'machine_reset_phase_2'====== Args={}
2025-10-10 08:01:17,302 : INFO : EventManager : Event: ======'machine_reset_phase_3'====== Args={}
2025-10-10 08:01:17,302 : INFO : EventManager : Event: ======'reset_complete'====== Args={}
2025-10-10 08:01:17,302 : INFO : EventManager : Event: ======'mode_attract_will_start'====== Args={}
2025-10-10 08:01:17,302 : INFO : EventManager : Event: ======'mode_attract_starting'====== Args={}
2025-10-10 08:01:17,303 : INFO : Mode.attract : Started. Priority: 10
2025-10-10 08:01:17,303 : INFO : EventManager : Event: ======'modes_active_modes_changed'====== Args={}
2025-10-10 08:01:17,303 : INFO : EventManager : Event: ======'mode_attract_started'====== Args={}
2025-10-10 08:01:17,303 : INFO : EventManager : Event: ======'collecting_balls_complete'====== Args={}
2025-10-10 08:01:17,350 : INFO : EventManager : Event: ======'slide_awesome_slide_created'====== Args={'_from_bcp': True}
2025-10-10 08:01:17,350 : INFO : EventManager : Event: ======'slide_awesome_slide_active'====== Args={'_from_bcp': True}
2025-10-10 08:01:17,350 : INFO : Machine : Starting the main run loop.
2025-10-10 08:01:17,570 : INFO : BcpServer : New client connected.
2025-10-10 08:01:19,828 : INFO : SwitchController : <<<<<<< 's_start' active >>>>>>>
2025-10-10 08:01:19,902 : INFO : SwitchController : <<<<<<< 's_start' inactive >>>>>>>
2025-10-10 08:01:19,903 : INFO : EventManager : Event: ======'request_to_start_game'====== Args={}
2025-10-10 08:01:19,904 : INFO : EventManager : Event: ======'game_start'====== Args={'buttons': [], 'hold_time': 0.0779999999795109}
2025-10-10 08:01:19,904 : INFO : EventManager : Event: ======'mode_game_will_start'====== Args={'buttons': [], 'hold_time': 0.0779999999795109}
2025-10-10 08:01:19,906 : INFO : EventManager : Event: ======'mode_game_starting'====== Args={'buttons': [], 'hold_time': 0.0779999999795109}
2025-10-10 08:01:19,906 : INFO : EventManager : Event: ======'mode_attract_will_stop'====== Args={}
2025-10-10 08:01:19,907 : INFO : EventManager : Event: ======'mode_attract_stopping'====== Args={}
2025-10-10 08:01:19,907 : INFO : Mode.attract : Stopped.
2025-10-10 08:01:19,907 : INFO : EventManager : Event: ======'modes_active_modes_changed'====== Args={}
2025-10-10 08:01:19,908 : INFO : EventManager : Event: ======'mode_attract_stopped'====== Args={}
2025-10-10 08:01:19,908 : INFO : EventManager : Event: ======'clear'====== Args={'key': 'attract'}
2025-10-10 08:01:19,909 : INFO : Mode.game : Started. Priority: 20
2025-10-10 08:01:19,909 : INFO : EventManager : Event: ======'modes_active_modes_changed'====== Args={}
2025-10-10 08:01:19,910 : INFO : EventManager : Event: ======'mode_game_started'====== Args={'buttons': [], 'hold_time': 0.0779999999795109}
2025-10-10 08:01:19,935 : INFO : EventManager : Event: ======'game_will_start'====== Args={}
2025-10-10 08:01:19,936 : INFO : EventManager : Event: ======'game_starting'====== Args={'game': <Mode.game>}
2025-10-10 08:01:19,937 : INFO : EventManager : Unordered handler for class <Auditor> on event game_ended with priority 1. Handlers: [RegisteredHandler(callback=<bound method Auditor.disable of <Auditor>>, priority=1, kwargs={}, key=UUID('11fd7aea-1521-4e7d-9a87-ee81d1b73c06'), condition=None, blocking_facility=None), RegisteredHandler(callback=<bound method Auditor._save_audits of <Auditor>>, priority=1, kwargs={}, key=UUID('f5592ee9-c9df-4183-a38e-cace5808c9e9'), condition=None, blocking_facility=None)]. The order of those handlers is not defined and they will be executed in random order. This might lead to race conditions and potential bugs.
2025-10-10 08:01:19,937 : INFO : EventManager : Event: ======'player_add_request'====== Args={}
2025-10-10 08:01:19,938 : INFO : EventManager : Event: ======'player_will_add'====== Args={'number': 1}
2025-10-10 08:01:19,938 : INFO : EventManager : Event: ======'player_adding'====== Args={'player': <Player 1>, 'number': 1}
2025-10-10 08:01:19,938 : INFO : EventManager : Event: ======'player_added'====== Args={'player': <Player 1>, 'num': 1}
2025-10-10 08:01:19,939 : INFO : Mode.game : Player added successfully. Total players: 1
2025-10-10 08:01:19,939 : INFO : EventManager : Event: ======'player_index'====== Args={'value': 0, 'prev_value': 0, 'change': 0, 'player_num': 1}
2025-10-10 08:01:19,940 : INFO : EventManager : Event: ======'player_number'====== Args={'value': 1, 'prev_value': 1, 'change': 0, 'player_num': 1}
2025-10-10 08:01:19,940 : INFO : EventManager : Event: ======'player_sj_active'====== Args={'value': 0, 'prev_value': 0, 'change': 0, 'player_num': 1}
2025-10-10 08:01:19,940 : INFO : EventManager : Event: ======'player_score'====== Args={'value': 0, 'prev_value': 0, 'change': 0, 'player_num': 1}
2025-10-10 08:01:19,943 : INFO : EventManager : Event: ======'game_started'====== Args={}
2025-10-10 08:01:19,984 : INFO : EventManager : Event: ======'player_turn_will_start'====== Args={'player': <Player 1>, 'number': 1}
2025-10-10 08:01:19,984 : INFO : EventManager : Event: ======'slide_awesome_slide_removed'====== Args={'_from_bcp': True}
2025-10-10 08:01:19,984 : INFO : EventManager : Event: ======'slide_window_blank_active'====== Args={'_from_bcp': True}
2025-10-10 08:01:19,985 : INFO : EventManager : Event: ======'player_turn_starting'====== Args={'player': <Player 1>, 'number': 1}
2025-10-10 08:01:19,985 : INFO : EventManager : Event: ======'player_ball'====== Args={'value': 1, 'prev_value': 0, 'change': 1, 'player_num': 1}
2025-10-10 08:01:19,986 : INFO : EventManager : Event: ======'player_turn_started'====== Args={'player': <Player 1>, 'number': 1}
2025-10-10 08:01:19,987 : INFO : EventManager : Event: ======'ball_will_start'====== Args={'player': 1, 'ball': 1, 'balls_remaining': 2, 'is_extra_ball': False}
2025-10-10 08:01:19,991 : INFO : EventManager : Event: ======'ball_starting'====== Args={'player': 1, 'ball': 1, 'balls_remaining': 2, 'is_extra_ball': False}
2025-10-10 08:01:19,991 : INFO : EventManager : Event: ======'mode_super_jets_setup_will_start'====== Args={'queue': <QueuedEvent>, 'player': 1, 'ball': 1, 'balls_remaining': 2, 'is_extra_ball': False}
2025-10-10 08:01:19,992 : INFO : EventManager : Event: ======'player_shot_jets_enabled'====== Args={'value': True, 'prev_value': 0, 'change': 1, 'player_num': 1}
2025-10-10 08:01:19,992 : INFO : EventManager : Event: ======'player_shot_right_rollover_enabled'====== Args={'value': True, 'prev_value': 0, 'change': 1, 'player_num': 1}
2025-10-10 08:01:19,992 : INFO : EventManager : Event: ======'player_shot_left_rollover_enabled'====== Args={'value': True, 'prev_value': 0, 'change': 1, 'player_num': 1}
2025-10-10 08:01:19,993 : INFO : EventManager : Event: ======'rollover_lanes2_complete'====== Args={'state': 'unlit'}
2025-10-10 08:01:19,993 : INFO : EventManager : Event: ======'rollover_lanes2_unlit_complete'====== Args={}
2025-10-10 08:01:19,994 : INFO : EventManager : Event: ======'mode_super_jets_setup_starting'====== Args={'queue': <QueuedEvent>, 'player': 1, 'ball': 1, 'balls_remaining': 2, 'is_extra_ball': False}
2025-10-10 08:01:19,995 : INFO : EventManager : Event: ======'balls_in_play'====== Args={'balls': 1}
2025-10-10 08:01:19,995 : INFO : EventManager : Event: ======'ball_started'====== Args={'player': 1, 'ball': 1, 'balls_remaining': 2, 'is_extra_ball': False}
2025-10-10 08:01:19,995 : INFO : EventManager : Event: ======'logicblock_lb_jets_count_updated'====== Args={'value': 0, 'enabled': True}
2025-10-10 08:01:19,995 : INFO : EventManager : Event: ======'logicblock_lb_rollover_complete_count_updated'====== Args={'value': 0, 'enabled': True}
2025-10-10 08:01:19,995 : INFO : EventManager : Event: ======'logicblock_lb_jets_count_updated'====== Args={'value': 0, 'enabled': True}
2025-10-10 08:01:19,995 : INFO : EventManager : Event: ======'logicblock_lb_jets_resume_updated'====== Args={'value': 0, 'enabled': False}
2025-10-10 08:01:19,996 : INFO : EventManager : Event: ======'logicblock_lb_rollover_complete_count_updated'====== Args={'value': 0, 'enabled': True}
2025-10-10 08:01:19,996 : INFO : Mode.super_jets_setup : Started. Priority: 200
2025-10-10 08:01:19,996 : INFO : EventManager : Event: ======'modes_active_modes_changed'====== Args={}
2025-10-10 08:01:19,996 : INFO : EventManager : Event: ======'mode_super_jets_setup_started'====== Args={'queue': <QueuedEvent>, 'player': 1, 'ball': 1, 'balls_remaining': 2, 'is_extra_ball': False}
2025-10-10 08:01:19,996 : INFO : EventManager : Event: ======'mode_base_will_start'====== Args={'player': 1, 'ball': 1, 'balls_remaining': 2, 'is_extra_ball': False}
2025-10-10 08:01:19,997 : INFO : EventManager : Event: ======'player_shot_left_rollover_shot_enabled'====== Args={'value': True, 'prev_value': 0, 'change': 1, 'player_num': 1}
2025-10-10 08:01:19,997 : INFO : EventManager : Event: ======'player_shot_center_rollover_shot_enabled'====== Args={'value': True, 'prev_value': 0, 'change': 1, 'player_num': 1}
2025-10-10 08:01:19,998 : INFO : EventManager : Event: ======'player_shot_right_rollover_shot_enabled'====== Args={'value': True, 'prev_value': 0, 'change': 1, 'player_num': 1}
2025-10-10 08:01:19,998 : INFO : EventManager : Event: ======'player_shot_right_scoop_shot_enabled'====== Args={'value': True, 'prev_value': 0, 'change': 1, 'player_num': 1}
2025-10-10 08:01:19,998 : INFO : EventManager : Event: ======'player_shot_bumper1_shot_enabled'====== Args={'value': True, 'prev_value': 0, 'change': 1, 'player_num': 1}
2025-10-10 08:01:19,999 : INFO : EventManager : Event: ======'player_shot_bumper2_shot_enabled'====== Args={'value': True, 'prev_value': 0, 'change': 1, 'player_num': 1}
2025-10-10 08:01:19,999 : INFO : EventManager : Event: ======'player_shot_right_inlane_shot_enabled'====== Args={'value': True, 'prev_value': 0, 'change': 1, 'player_num': 1}
2025-10-10 08:01:19,999 : INFO : EventManager : Event: ======'rollover_lanes_complete'====== Args={'state': 'unlit'}
2025-10-10 08:01:19,999 : INFO : EventManager : Event: ======'rollover_lanes_unlit_complete'====== Args={}
2025-10-10 08:01:20,001 : INFO : EventManager : Event: ======'mode_base_starting'====== Args={'player': 1, 'ball': 1, 'balls_remaining': 2, 'is_extra_ball': False}
2025-10-10 08:01:20,003 : INFO : EventManager : Event: ======'logicblock_my_counter_updated'====== Args={'value': 0, 'enabled': True}
2025-10-10 08:01:20,003 : INFO : EventManager : Event: ======'logicblock_right_scoop_updated'====== Args={'value': [False, False, False], 'enabled': True}
2025-10-10 08:01:20,003 : INFO : EventManager : Event: ======'logicblock_my_counter_updated'====== Args={'value': 0, 'enabled': True}
2025-10-10 08:01:20,003 : INFO : EventManager : Event: ======'logicblock_right_scoop_updated'====== Args={'value': [False, False, False], 'enabled': True}
2025-10-10 08:01:20,003 : INFO : Mode.base : Started. Priority: 100
2025-10-10 08:01:20,003 : INFO : EventManager : Event: ======'modes_active_modes_changed'====== Args={}
2025-10-10 08:01:20,003 : INFO : EventManager : Event: ======'mode_base_started'====== Args={'player': 1, 'ball': 1, 'balls_remaining': 2, 'is_extra_ball': False}
2025-10-10 08:01:20,004 : INFO : EventManager : Event: ======'single_player_ball_started'====== Args={}
2025-10-10 08:01:20,043 : INFO : EventManager : Event: ======'ball_start_target'====== Args={'target': 'playfield'}
2025-10-10 08:01:20,089 : INFO : ball_device.bd_plunger : Setting up player-controlled eject. Balls: 1, Target: <playfield.playfield>, player_controlled_eject_event: None
2025-10-10 08:01:20,089 : INFO : EventManager : Event: ======'balldevice_balls_available'====== Args={}
2025-10-10 08:01:20,090 : INFO : EventManager : Event: ======'slide_base.slide_player-mode_base_started_created'====== Args={'_from_bcp': True}
2025-10-10 08:01:20,090 : INFO : EventManager : Event: ======'slide_base.slide_player-mode_base_started_active'====== Args={'_from_bcp': True}
2025-10-10 08:01:20,091 : INFO : ball_device.bd_trough : State: waiting_for_target_ready
2025-10-10 08:01:20,091 : INFO : EventManager : Event: ======'balldevice_bd_trough_ball_eject_attempt'====== Args={'balls': 1, 'target': <ball_device.bd_plunger>, 'source': <ball_device.bd_trough>, 'mechanical_eject': True, 'num_attempts': 0}
2025-10-10 08:01:20,092 : INFO : ball_device.bd_plunger : State: waiting_for_ball
2025-10-10 08:01:20,092 : INFO : ball_device.bd_trough : State: ejecting
2025-10-10 08:01:20,092 : INFO : ball_device.bd_trough : Ejecting ball to <ball_device.bd_plunger>
2025-10-10 08:01:20,093 : INFO : EventManager : Event: ======'balldevice_bd_trough_ejecting_ball'====== Args={'balls': 1, 'target': <ball_device.bd_plunger>, 'source': <ball_device.bd_trough>, 'mechanical_eject': True, 'num_attempts': 0}
2025-10-10 08:01:20,093 : INFO : ball_device.bd_trough : Wait for ball to leave device
2025-10-10 08:01:20,094 : INFO : coil.c_trough_eject : Pulsing Driver for 20ms (1.0 pulse_power)
2025-10-10 08:01:20,094 : INFO : SwitchController : <<<<<<< 's_trough1' inactive >>>>>>>
2025-10-10 08:01:20,100 : INFO : ball_device.bd_trough : State: ball_left
2025-10-10 08:01:20,101 : INFO : ball_device.bd_trough : Ball left
2025-10-10 08:01:20,101 : INFO : ball_device.bd_trough : Wait for confirm with timeout 3.0
2025-10-10 08:01:20,176 : INFO : SwitchController : <<<<<<< 's_plunger' active >>>>>>>
2025-10-10 08:01:20,176 : INFO : EventManager : Event: ======'machine_var_audits_switches_s_plunger'====== Args={'value': 325, 'prev_value': 324, 'change': 1}
2025-10-10 08:01:20,687 : INFO : ball_device.bd_plunger : Received ball from <ball_device.bd_trough>
2025-10-10 08:01:20,688 : INFO : EventManager : Event: ======'balldevice_bd_plunger_ball_enter'====== Args={'new_balls': 1, 'unclaimed_balls': 0, 'new_available_balls': 0, 'device': <ball_device.bd_plunger>}
2025-10-10 08:01:20,689 : INFO : EventManager : Event: ======'balldevice_bd_plunger_ball_entered'====== Args={'new_balls': 0, 'device': <ball_device.bd_plunger>}
2025-10-10 08:01:20,690 : INFO : EventManager : Event: ======'balldevice_bd_plunger_ball_count_changed'====== Args={'balls': 1}
2025-10-10 08:01:20,690 : INFO : ball_device.bd_trough : Got eject confirm
2025-10-10 08:01:20,690 : INFO : ball_device.bd_trough : Eject successful
2025-10-10 08:01:20,690 : INFO : EventManager : Event: ======'balldevice_bd_trough_ball_eject_success'====== Args={'balls': 1, 'target': <ball_device.bd_plunger>}
2025-10-10 08:01:20,692 : INFO : EventManager : Event: ======'balldevice_bd_trough_ball_count_changed'====== Args={'balls': 5}
2025-10-10 08:01:20,692 : INFO : ball_device.bd_trough : State: idle
2025-10-10 08:01:20,693 : INFO : ball_device.bd_plunger : State: waiting_for_target_ready
2025-10-10 08:01:20,693 : INFO : EventManager : Event: ======'balldevice_bd_plunger_ball_eject_attempt'====== Args={'balls': 1, 'target': <playfield.playfield>, 'source': <ball_device.bd_plunger>, 'mechanical_eject': True, 'num_attempts': 0}
2025-10-10 08:01:20,695 : INFO : ball_device.bd_plunger : State: ejecting
2025-10-10 08:01:20,695 : INFO : ball_device.bd_plunger : Ejecting ball to <playfield.playfield>
2025-10-10 08:01:20,695 : INFO : EventManager : Event: ======'balldevice_bd_plunger_ejecting_ball'====== Args={'balls': 1, 'target': <playfield.playfield>, 'source': <ball_device.bd_plunger>, 'mechanical_eject': True, 'num_attempts': 0}
2025-10-10 08:01:20,697 : INFO : ball_device.bd_plunger : Wait for ball to leave device
2025-10-10 08:01:21,562 : WARNING : SwitchController : Received duplicate switch state 1 for switch s_plunger from the platform interface. Log Code: Log-SwitchController-1 (https://missionpinball.org/logs)
2025-10-10 08:01:21,690 : INFO : SwitchController : <<<<<<< 's_plunger' inactive >>>>>>>
2025-10-10 08:01:21,711 : INFO : ball_device.bd_plunger : State: ball_left
2025-10-10 08:01:21,712 : INFO : ball_device.bd_plunger : Ball left
2025-10-10 08:01:21,712 : INFO : ball_device.bd_plunger : Wait for confirm with timeout 5.0
2025-10-10 08:01:24,697 : INFO : SwitchController : <<<<<<< 's_right_inlane' active >>>>>>>
2025-10-10 08:01:24,697 : INFO : EventManager : Event: ======'playfield_active'====== Args={}
2025-10-10 08:01:24,697 : INFO : EventManager : Event: ======'s_right_inlane_active'====== Args={}
2025-10-10 08:01:24,698 : INFO : EventManager : Event: ======'sw_playfield_active'====== Args={}
2025-10-10 08:01:24,698 : INFO : EventManager : Event: ======'machine_var_audits_switches_s_right_inlane'====== Args={'value': 182, 'prev_value': 181, 'change': 1}
2025-10-10 08:01:24,702 : INFO : EventManager : Event: ======'player_shot_right_inlane_shot'====== Args={'value': 1, 'prev_value': 0, 'change': 1, 'player_num': 1}
2025-10-10 08:01:24,704 : INFO : EventManager : Event: ======'machine_var_audits_shots_right_inlane_shot'====== Args={'value': 55, 'prev_value': 54, 'change': 1}
2025-10-10 08:01:24,706 : INFO : EventManager : Event: ======'right_inlane_shot_hit'====== Args={'profile': 'default', 'state': 'unlit', 'advancing': True}
2025-10-10 08:01:24,707 : INFO : EventManager : Event: ======'right_inlane_shot_default_hit'====== Args={'profile': 'default', 'state': 'unlit', 'advancing': True}
2025-10-10 08:01:24,707 : INFO : EventManager : Event: ======'right_inlane_shot_default_unlit_hit'====== Args={'profile': 'default', 'state': 'unlit', 'advancing': True}
2025-10-10 08:01:24,707 : INFO : EventManager : Event: ======'right_inlane_shot_unlit_hit'====== Args={'profile': 'default', 'state': 'unlit', 'advancing': True}
2025-10-10 08:01:24,708 : INFO : EventManager : Event: ======'player_score'====== Args={'value': 100, 'prev_value': 0, 'change': 100, 'player_num': 1, 'source': 'base'}
2025-10-10 08:01:24,710 : INFO : EventManager : Event: ======'player_score'====== Args={'value': 142, 'prev_value': 100, 'change': 42, 'player_num': 1, 'source': 'base'}
2025-10-10 08:01:24,713 : INFO : EventManager : Event: ======'playfield_active'====== Args={}
2025-10-10 08:01:24,758 : INFO : ball_device.bd_plunger : Got eject confirm
2025-10-10 08:01:24,758 : INFO : ball_device.bd_plunger : Eject successful
2025-10-10 08:01:24,759 : INFO : EventManager : Event: ======'balldevice_bd_plunger_ball_eject_success'====== Args={'balls': 1, 'target': <playfield.playfield>}
2025-10-10 08:01:24,759 : INFO : EventManager : Event: ======'balldevice_playfield_ball_enter'====== Args={'new_balls': 1, 'unclaimed_balls': 1, 'device': <playfield.playfield>}
2025-10-10 08:01:24,759 : INFO : EventManager : Event: ======'playfield_ball_count_change'====== Args={'balls': 1, 'change': 1}
2025-10-10 08:01:24,760 : INFO : EventManager : Event: ======'balldevice_bd_plunger_ball_count_changed'====== Args={'balls': 0}
2025-10-10 08:01:24,760 : INFO : ball_device.bd_plunger : State: idle
2025-10-10 08:01:24,822 : INFO : SwitchController : <<<<<<< 's_right_inlane' inactive >>>>>>>
2025-10-10 08:01:26,919 : INFO : SwitchController : <<<<<<< 's_bumper2' active >>>>>>>
2025-10-10 08:01:26,919 : INFO : EventManager : Event: ======'s_bumper2_active'====== Args={}
2025-10-10 08:01:26,920 : INFO : EventManager : Event: ======'machine_var_audits_switches_s_bumper2'====== Args={'value': 94, 'prev_value': 93, 'change': 1}
2025-10-10 08:01:26,925 : INFO : EventManager : Event: ======'player_shot_jets'====== Args={'value': 1, 'prev_value': 0, 'change': 1, 'player_num': 1}
2025-10-10 08:01:26,926 : INFO : EventManager : Event: ======'machine_var_audits_shots_jets'====== Args={'value': 77, 'prev_value': 76, 'change': 1}
2025-10-10 08:01:26,928 : INFO : EventManager : Event: ======'jets_hit'====== Args={'profile': 'default', 'state': 'unlit', 'advancing': True}
2025-10-10 08:01:26,929 : INFO : EventManager : Event: ======'jets_default_hit'====== Args={'profile': 'default', 'state': 'unlit', 'advancing': True}
2025-10-10 08:01:26,930 : INFO : EventManager : Event: ======'jets_default_unlit_hit'====== Args={'profile': 'default', 'state': 'unlit', 'advancing': True}
2025-10-10 08:01:26,930 : INFO : EventManager : Event: ======'jets_unlit_hit'====== Args={'profile': 'default', 'state': 'unlit', 'advancing': True}
2025-10-10 08:01:26,932 : INFO : EventManager : Event: ======'player_score'====== Args={'value': 642, 'prev_value': 142, 'change': 500, 'player_num': 1, 'source': 'super_jets_setup'}
2025-10-10 08:01:26,933 : INFO : EventManager : Event: ======'player_shot_bumper2_shot'====== Args={'value': 1, 'prev_value': 0, 'change': 1, 'player_num': 1}
2025-10-10 08:01:26,934 : INFO : EventManager : Event: ======'machine_var_audits_shots_bumper2_shot'====== Args={'value': 91, 'prev_value': 90, 'change': 1}
2025-10-10 08:01:26,936 : INFO : EventManager : Event: ======'bumper2_shot_hit'====== Args={'profile': 'default', 'state': 'unlit', 'advancing': True}
2025-10-10 08:01:26,937 : INFO : EventManager : Event: ======'bumper2_shot_default_hit'====== Args={'profile': 'default', 'state': 'unlit', 'advancing': True}
2025-10-10 08:01:26,937 : INFO : EventManager : Event: ======'bumper2_shot_default_unlit_hit'====== Args={'profile': 'default', 'state': 'unlit', 'advancing': True}
2025-10-10 08:01:26,938 : INFO : EventManager : Event: ======'bumper2_shot_unlit_hit'====== Args={'profile': 'default', 'state': 'unlit', 'advancing': True}
2025-10-10 08:01:26,939 : INFO : EventManager : Event: ======'logicblock_lb_jets_count_updated'====== Args={'value': 1, 'enabled': True}
2025-10-10 08:01:26,939 : INFO : EventManager : Event: ======'counter_lb_jets_count_hit'====== Args={'count': 1, 'hits': 1, 'remaining': 9}
2025-10-10 08:01:26,940 : INFO : EventManager : Event: ======'logicblock_lb_jets_count_hit'====== Args={'count': 1, 'hits': 1, 'remaining': 9}
2025-10-10 08:01:26,952 : INFO : EventManager : Event: ======'player_score'====== Args={'value': 817, 'prev_value': 642, 'change': 175, 'player_num': 1, 'source': 'base'}
2025-10-10 08:01:27,060 : INFO : SwitchController : <<<<<<< 's_bumper2' inactive >>>>>>>
2025-10-10 08:01:27,749 : INFO : SwitchController : <<<<<<< 's_bumper2' active >>>>>>>
2025-10-10 08:01:27,749 : INFO : EventManager : Event: ======'s_bumper2_active'====== Args={}
2025-10-10 08:01:27,749 : INFO : EventManager : Event: ======'machine_var_audits_switches_s_bumper2'====== Args={'value': 95, 'prev_value': 94, 'change': 1}
2025-10-10 08:01:27,751 : INFO : EventManager : Event: ======'machine_var_audits_shots_jets'====== Args={'value': 78, 'prev_value': 77, 'change': 1}
2025-10-10 08:01:27,752 : INFO : EventManager : Event: ======'jets_hit'====== Args={'profile': 'default', 'state': 'lit', 'advancing': False}
2025-10-10 08:01:27,753 : INFO : EventManager : Event: ======'jets_default_hit'====== Args={'profile': 'default', 'state': 'lit', 'advancing': False}
2025-10-10 08:01:27,753 : INFO : EventManager : Event: ======'jets_default_lit_hit'====== Args={'profile': 'default', 'state': 'lit', 'advancing': False}
2025-10-10 08:01:27,753 : INFO : EventManager : Event: ======'jets_lit_hit'====== Args={'profile': 'default', 'state': 'lit', 'advancing': False}
2025-10-10 08:01:27,754 : INFO : EventManager : Event: ======'player_score'====== Args={'value': 1317, 'prev_value': 817, 'change': 500, 'player_num': 1, 'source': 'super_jets_setup'}
2025-10-10 08:01:27,754 : INFO : EventManager : Event: ======'machine_var_audits_shots_bumper2_shot'====== Args={'value': 92, 'prev_value': 91, 'change': 1}
2025-10-10 08:01:27,755 : INFO : EventManager : Event: ======'bumper2_shot_hit'====== Args={'profile': 'default', 'state': 'lit', 'advancing': False}
2025-10-10 08:01:27,755 : INFO : EventManager : Event: ======'bumper2_shot_default_hit'====== Args={'profile': 'default', 'state': 'lit', 'advancing': False}
2025-10-10 08:01:27,756 : INFO : EventManager : Event: ======'bumper2_shot_default_lit_hit'====== Args={'profile': 'default', 'state': 'lit', 'advancing': False}
2025-10-10 08:01:27,756 : INFO : EventManager : Event: ======'bumper2_shot_lit_hit'====== Args={'profile': 'default', 'state': 'lit', 'advancing': False}
2025-10-10 08:01:27,758 : INFO : EventManager : Event: ======'logicblock_lb_jets_count_updated'====== Args={'value': 2, 'enabled': True}
2025-10-10 08:01:27,759 : INFO : EventManager : Event: ======'counter_lb_jets_count_hit'====== Args={'count': 2, 'hits': 2, 'remaining': 8}
2025-10-10 08:01:27,759 : INFO : EventManager : Event: ======'logicblock_lb_jets_count_hit'====== Args={'count': 2, 'hits': 2, 'remaining': 8}
2025-10-10 08:01:27,762 : INFO : EventManager : Event: ======'player_score'====== Args={'value': 1492, 'prev_value': 1317, 'change': 175, 'player_num': 1, 'source': 'base'}
2025-10-10 08:01:27,905 : INFO : SwitchController : <<<<<<< 's_bumper2' inactive >>>>>>>
2025-10-10 08:01:29,139 : INFO : SwitchController : <<<<<<< 's_bumper2' active >>>>>>>
2025-10-10 08:01:29,140 : INFO : EventManager : Event: ======'s_bumper2_active'====== Args={}
2025-10-10 08:01:29,140 : INFO : EventManager : Event: ======'machine_var_audits_switches_s_bumper2'====== Args={'value': 96, 'prev_value': 95, 'change': 1}
2025-10-10 08:01:29,142 : INFO : EventManager : Event: ======'machine_var_audits_shots_jets'====== Args={'value': 79, 'prev_value': 78, 'change': 1}
2025-10-10 08:01:29,143 : INFO : EventManager : Event: ======'jets_hit'====== Args={'profile': 'default', 'state': 'lit', 'advancing': False}
2025-10-10 08:01:29,143 : INFO : EventManager : Event: ======'jets_default_hit'====== Args={'profile': 'default', 'state': 'lit', 'advancing': False}
2025-10-10 08:01:29,143 : INFO : EventManager : Event: ======'jets_default_lit_hit'====== Args={'profile': 'default', 'state': 'lit', 'advancing': False}
2025-10-10 08:01:29,143 : INFO : EventManager : Event: ======'jets_lit_hit'====== Args={'profile': 'default', 'state': 'lit', 'advancing': False}
2025-10-10 08:01:29,143 : INFO : EventManager : Event: ======'player_score'====== Args={'value': 1992, 'prev_value': 1492, 'change': 500, 'player_num': 1, 'source': 'super_jets_setup'}
2025-10-10 08:01:29,144 : INFO : EventManager : Event: ======'machine_var_audits_shots_bumper2_shot'====== Args={'value': 93, 'prev_value': 92, 'change': 1}
2025-10-10 08:01:29,144 : INFO : EventManager : Event: ======'bumper2_shot_hit'====== Args={'profile': 'default', 'state': 'lit', 'advancing': False}
2025-10-10 08:01:29,144 : INFO : EventManager : Event: ======'bumper2_shot_default_hit'====== Args={'profile': 'default', 'state': 'lit', 'advancing': False}
2025-10-10 08:01:29,145 : INFO : EventManager : Event: ======'bumper2_shot_default_lit_hit'====== Args={'profile': 'default', 'state': 'lit', 'advancing': False}
2025-10-10 08:01:29,145 : INFO : EventManager : Event: ======'bumper2_shot_lit_hit'====== Args={'profile': 'default', 'state': 'lit', 'advancing': False}
2025-10-10 08:01:29,145 : INFO : EventManager : Event: ======'logicblock_lb_jets_count_updated'====== Args={'value': 3, 'enabled': True}
2025-10-10 08:01:29,145 : INFO : EventManager : Event: ======'counter_lb_jets_count_hit'====== Args={'count': 3, 'hits': 3, 'remaining': 7}
2025-10-10 08:01:29,145 : INFO : EventManager : Event: ======'logicblock_lb_jets_count_hit'====== Args={'count': 3, 'hits': 3, 'remaining': 7}
2025-10-10 08:01:29,146 : INFO : EventManager : Event: ======'player_score'====== Args={'value': 2167, 'prev_value': 1992, 'change': 175, 'player_num': 1, 'source': 'base'}
2025-10-10 08:01:29,411 : INFO : SwitchController : <<<<<<< 's_bumper2' inactive >>>>>>>
2025-10-10 08:01:35,507 : INFO : SwitchController : <<<<<<< 's_bumper2' active >>>>>>>
2025-10-10 08:01:35,507 : INFO : EventManager : Event: ======'s_bumper2_active'====== Args={}
2025-10-10 08:01:35,507 : INFO : EventManager : Event: ======'machine_var_audits_switches_s_bumper2'====== Args={'value': 97, 'prev_value': 96, 'change': 1}
2025-10-10 08:01:35,508 : INFO : EventManager : Event: ======'machine_var_audits_shots_jets'====== Args={'value': 80, 'prev_value': 79, 'change': 1}
2025-10-10 08:01:35,509 : INFO : EventManager : Event: ======'jets_hit'====== Args={'profile': 'default', 'state': 'lit', 'advancing': False}
2025-10-10 08:01:35,509 : INFO : EventManager : Event: ======'jets_default_hit'====== Args={'profile': 'default', 'state': 'lit', 'advancing': False}
2025-10-10 08:01:35,509 : INFO : EventManager : Event: ======'jets_default_lit_hit'====== Args={'profile': 'default', 'state': 'lit', 'advancing': False}
2025-10-10 08:01:35,509 : INFO : EventManager : Event: ======'jets_lit_hit'====== Args={'profile': 'default', 'state': 'lit', 'advancing': False}
2025-10-10 08:01:35,509 : INFO : EventManager : Event: ======'player_score'====== Args={'value': 2667, 'prev_value': 2167, 'change': 500, 'player_num': 1, 'source': 'super_jets_setup'}
2025-10-10 08:01:35,510 : INFO : EventManager : Event: ======'machine_var_audits_shots_bumper2_shot'====== Args={'value': 94, 'prev_value': 93, 'change': 1}
2025-10-10 08:01:35,510 : INFO : EventManager : Event: ======'bumper2_shot_hit'====== Args={'profile': 'default', 'state': 'lit', 'advancing': False}
2025-10-10 08:01:35,510 : INFO : EventManager : Event: ======'bumper2_shot_default_hit'====== Args={'profile': 'default', 'state': 'lit', 'advancing': False}
2025-10-10 08:01:35,510 : INFO : EventManager : Event: ======'bumper2_shot_default_lit_hit'====== Args={'profile': 'default', 'state': 'lit', 'advancing': False}
2025-10-10 08:01:35,511 : INFO : EventManager : Event: ======'bumper2_shot_lit_hit'====== Args={'profile': 'default', 'state': 'lit', 'advancing': False}
2025-10-10 08:01:35,511 : INFO : EventManager : Event: ======'logicblock_lb_jets_count_updated'====== Args={'value': 4, 'enabled': True}
2025-10-10 08:01:35,511 : INFO : EventManager : Event: ======'counter_lb_jets_count_hit'====== Args={'count': 4, 'hits': 4, 'remaining': 6}
2025-10-10 08:01:35,511 : INFO : EventManager : Event: ======'logicblock_lb_jets_count_hit'====== Args={'count': 4, 'hits': 4, 'remaining': 6}
2025-10-10 08:01:35,512 : INFO : EventManager : Event: ======'player_score'====== Args={'value': 2842, 'prev_value': 2667, 'change': 175, 'player_num': 1, 'source': 'base'}
2025-10-10 08:01:35,635 : INFO : SwitchController : <<<<<<< 's_bumper2' inactive >>>>>>>
2025-10-10 08:01:38,404 : INFO : SwitchController : <<<<<<< 's_bumper1' active >>>>>>>
2025-10-10 08:01:38,404 : INFO : EventManager : Event: ======'s_bumper1_active'====== Args={}
2025-10-10 08:01:38,405 : INFO : EventManager : Event: ======'machine_var_audits_switches_s_bumper1'====== Args={'value': 46, 'prev_value': 45, 'change': 1}
2025-10-10 08:01:38,407 : INFO : EventManager : Event: ======'machine_var_audits_shots_jets'====== Args={'value': 81, 'prev_value': 80, 'change': 1}
2025-10-10 08:01:38,408 : INFO : EventManager : Event: ======'jets_hit'====== Args={'profile': 'default', 'state': 'lit', 'advancing': False}
2025-10-10 08:01:38,408 : INFO : EventManager : Event: ======'jets_default_hit'====== Args={'profile': 'default', 'state': 'lit', 'advancing': False}
2025-10-10 08:01:38,408 : INFO : EventManager : Event: ======'jets_default_lit_hit'====== Args={'profile': 'default', 'state': 'lit', 'advancing': False}
2025-10-10 08:01:38,408 : INFO : EventManager : Event: ======'jets_lit_hit'====== Args={'profile': 'default', 'state': 'lit', 'advancing': False}
2025-10-10 08:01:38,409 : INFO : EventManager : Event: ======'player_score'====== Args={'value': 3342, 'prev_value': 2842, 'change': 500, 'player_num': 1, 'source': 'super_jets_setup'}
2025-10-10 08:01:38,409 : INFO : EventManager : Event: ======'player_shot_bumper1_shot'====== Args={'value': 1, 'prev_value': 0, 'change': 1, 'player_num': 1}
2025-10-10 08:01:38,409 : INFO : EventManager : Event: ======'machine_var_audits_shots_bumper1_shot'====== Args={'value': 46, 'prev_value': 45, 'change': 1}
2025-10-10 08:01:38,410 : INFO : EventManager : Event: ======'bumper1_shot_hit'====== Args={'profile': 'default', 'state': 'unlit', 'advancing': True}
2025-10-10 08:01:38,411 : INFO : EventManager : Event: ======'bumper1_shot_default_hit'====== Args={'profile': 'default', 'state': 'unlit', 'advancing': True}
2025-10-10 08:01:38,411 : INFO : EventManager : Event: ======'bumper1_shot_default_unlit_hit'====== Args={'profile': 'default', 'state': 'unlit', 'advancing': True}
2025-10-10 08:01:38,411 : INFO : EventManager : Event: ======'bumper1_shot_unlit_hit'====== Args={'profile': 'default', 'state': 'unlit', 'advancing': True}
2025-10-10 08:01:38,411 : INFO : EventManager : Event: ======'logicblock_lb_jets_count_updated'====== Args={'value': 5, 'enabled': True}
2025-10-10 08:01:38,411 : INFO : EventManager : Event: ======'counter_lb_jets_count_hit'====== Args={'count': 5, 'hits': 5, 'remaining': 5}
2025-10-10 08:01:38,412 : INFO : EventManager : Event: ======'logicblock_lb_jets_count_hit'====== Args={'count': 5, 'hits': 5, 'remaining': 5}
2025-10-10 08:01:38,414 : INFO : EventManager : Event: ======'player_score'====== Args={'value': 3442, 'prev_value': 3342, 'change': 100, 'player_num': 1, 'source': 'base'}
2025-10-10 08:01:38,551 : INFO : SwitchController : <<<<<<< 's_bumper1' inactive >>>>>>>
2025-10-10 08:01:39,780 : INFO : SwitchController : <<<<<<< 's_bumper1' active >>>>>>>
2025-10-10 08:01:39,781 : INFO : EventManager : Event: ======'s_bumper1_active'====== Args={}
2025-10-10 08:01:39,782 : INFO : EventManager : Event: ======'machine_var_audits_switches_s_bumper1'====== Args={'value': 47, 'prev_value': 46, 'change': 1}
2025-10-10 08:01:39,787 : INFO : EventManager : Event: ======'machine_var_audits_shots_jets'====== Args={'value': 82, 'prev_value': 81, 'change': 1}
2025-10-10 08:01:39,790 : INFO : EventManager : Event: ======'jets_hit'====== Args={'profile': 'default', 'state': 'lit', 'advancing': False}
2025-10-10 08:01:39,791 : INFO : EventManager : Event: ======'jets_default_hit'====== Args={'profile': 'default', 'state': 'lit', 'advancing': False}
2025-10-10 08:01:39,791 : INFO : EventManager : Event: ======'jets_default_lit_hit'====== Args={'profile': 'default', 'state': 'lit', 'advancing': False}
2025-10-10 08:01:39,792 : INFO : EventManager : Event: ======'jets_lit_hit'====== Args={'profile': 'default', 'state': 'lit', 'advancing': False}
2025-10-10 08:01:39,793 : INFO : EventManager : Event: ======'player_score'====== Args={'value': 3942, 'prev_value': 3442, 'change': 500, 'player_num': 1, 'source': 'super_jets_setup'}
2025-10-10 08:01:39,794 : INFO : EventManager : Event: ======'machine_var_audits_shots_bumper1_shot'====== Args={'value': 47, 'prev_value': 46, 'change': 1}
2025-10-10 08:01:39,796 : INFO : EventManager : Event: ======'bumper1_shot_hit'====== Args={'profile': 'default', 'state': 'lit', 'advancing': False}
2025-10-10 08:01:39,797 : INFO : EventManager : Event: ======'bumper1_shot_default_hit'====== Args={'profile': 'default', 'state': 'lit', 'advancing': False}
2025-10-10 08:01:39,797 : INFO : EventManager : Event: ======'bumper1_shot_default_lit_hit'====== Args={'profile': 'default', 'state': 'lit', 'advancing': False}
2025-10-10 08:01:39,798 : INFO : EventManager : Event: ======'bumper1_shot_lit_hit'====== Args={'profile': 'default', 'state': 'lit', 'advancing': False}
2025-10-10 08:01:39,798 : INFO : EventManager : Event: ======'logicblock_lb_jets_count_updated'====== Args={'value': 6, 'enabled': True}
2025-10-10 08:01:39,799 : INFO : EventManager : Event: ======'counter_lb_jets_count_hit'====== Args={'count': 6, 'hits': 6, 'remaining': 4}
2025-10-10 08:01:39,800 : INFO : EventManager : Event: ======'logicblock_lb_jets_count_hit'====== Args={'count': 6, 'hits': 6, 'remaining': 4}
2025-10-10 08:01:39,804 : INFO : EventManager : Event: ======'player_score'====== Args={'value': 4042, 'prev_value': 3942, 'change': 100, 'player_num': 1, 'source': 'base'}
2025-10-10 08:01:39,924 : INFO : SwitchController : <<<<<<< 's_bumper1' inactive >>>>>>>
2025-10-10 08:01:45,626 : INFO : SwitchController : <<<<<<< 's_bumper1' active >>>>>>>
2025-10-10 08:01:45,626 : INFO : EventManager : Event: ======'s_bumper1_active'====== Args={}
2025-10-10 08:01:45,627 : INFO : EventManager : Event: ======'machine_var_audits_switches_s_bumper1'====== Args={'value': 48, 'prev_value': 47, 'change': 1}
2025-10-10 08:01:45,631 : INFO : EventManager : Event: ======'machine_var_audits_shots_jets'====== Args={'value': 83, 'prev_value': 82, 'change': 1}
2025-10-10 08:01:45,634 : INFO : EventManager : Event: ======'jets_hit'====== Args={'profile': 'default', 'state': 'lit', 'advancing': False}
2025-10-10 08:01:45,634 : INFO : EventManager : Event: ======'jets_default_hit'====== Args={'profile': 'default', 'state': 'lit', 'advancing': False}
2025-10-10 08:01:45,635 : INFO : EventManager : Event: ======'jets_default_lit_hit'====== Args={'profile': 'default', 'state': 'lit', 'advancing': False}
2025-10-10 08:01:45,635 : INFO : EventManager : Event: ======'jets_lit_hit'====== Args={'profile': 'default', 'state': 'lit', 'advancing': False}
2025-10-10 08:01:45,636 : INFO : EventManager : Event: ======'player_score'====== Args={'value': 4542, 'prev_value': 4042, 'change': 500, 'player_num': 1, 'source': 'super_jets_setup'}
2025-10-10 08:01:45,644 : INFO : EventManager : Event: ======'machine_var_audits_shots_bumper1_shot'====== Args={'value': 48, 'prev_value': 47, 'change': 1}
2025-10-10 08:01:45,646 : INFO : EventManager : Event: ======'bumper1_shot_hit'====== Args={'profile': 'default', 'state': 'lit', 'advancing': False}
2025-10-10 08:01:45,646 : INFO : EventManager : Event: ======'bumper1_shot_default_hit'====== Args={'profile': 'default', 'state': 'lit', 'advancing': False}
2025-10-10 08:01:45,647 : INFO : EventManager : Event: ======'bumper1_shot_default_lit_hit'====== Args={'profile': 'default', 'state': 'lit', 'advancing': False}
2025-10-10 08:01:45,647 : INFO : EventManager : Event: ======'bumper1_shot_lit_hit'====== Args={'profile': 'default', 'state': 'lit', 'advancing': False}
2025-10-10 08:01:45,648 : INFO : EventManager : Event: ======'logicblock_lb_jets_count_updated'====== Args={'value': 7, 'enabled': True}
2025-10-10 08:01:45,648 : INFO : EventManager : Event: ======'counter_lb_jets_count_hit'====== Args={'count': 7, 'hits': 7, 'remaining': 3}
2025-10-10 08:01:45,649 : INFO : EventManager : Event: ======'logicblock_lb_jets_count_hit'====== Args={'count': 7, 'hits': 7, 'remaining': 3}
2025-10-10 08:01:45,658 : INFO : EventManager : Event: ======'player_score'====== Args={'value': 4642, 'prev_value': 4542, 'change': 100, 'player_num': 1, 'source': 'base'}
2025-10-10 08:01:45,867 : INFO : SwitchController : <<<<<<< 's_bumper1' inactive >>>>>>>
2025-10-10 08:01:46,788 : INFO : SwitchController : <<<<<<< 's_bumper1' active >>>>>>>
2025-10-10 08:01:46,789 : INFO : EventManager : Event: ======'s_bumper1_active'====== Args={}
2025-10-10 08:01:46,790 : INFO : EventManager : Event: ======'machine_var_audits_switches_s_bumper1'====== Args={'value': 49, 'prev_value': 48, 'change': 1}
2025-10-10 08:01:46,793 : INFO : EventManager : Event: ======'machine_var_audits_shots_jets'====== Args={'value': 84, 'prev_value': 83, 'change': 1}
2025-10-10 08:01:46,795 : INFO : EventManager : Event: ======'jets_hit'====== Args={'profile': 'default', 'state': 'lit', 'advancing': False}
2025-10-10 08:01:46,796 : INFO : EventManager : Event: ======'jets_default_hit'====== Args={'profile': 'default', 'state': 'lit', 'advancing': False}
2025-10-10 08:01:46,797 : INFO : EventManager : Event: ======'jets_default_lit_hit'====== Args={'profile': 'default', 'state': 'lit', 'advancing': False}
2025-10-10 08:01:46,797 : INFO : EventManager : Event: ======'jets_lit_hit'====== Args={'profile': 'default', 'state': 'lit', 'advancing': False}
2025-10-10 08:01:46,798 : INFO : EventManager : Event: ======'player_score'====== Args={'value': 5142, 'prev_value': 4642, 'change': 500, 'player_num': 1, 'source': 'super_jets_setup'}
2025-10-10 08:01:46,798 : INFO : EventManager : Event: ======'machine_var_audits_shots_bumper1_shot'====== Args={'value': 49, 'prev_value': 48, 'change': 1}
2025-10-10 08:01:46,801 : INFO : EventManager : Event: ======'bumper1_shot_hit'====== Args={'profile': 'default', 'state': 'lit', 'advancing': False}
2025-10-10 08:01:46,802 : INFO : EventManager : Event: ======'bumper1_shot_default_hit'====== Args={'profile': 'default', 'state': 'lit', 'advancing': False}
2025-10-10 08:01:46,802 : INFO : EventManager : Event: ======'bumper1_shot_default_lit_hit'====== Args={'profile': 'default', 'state': 'lit', 'advancing': False}
2025-10-10 08:01:46,803 : INFO : EventManager : Event: ======'bumper1_shot_lit_hit'====== Args={'profile': 'default', 'state': 'lit', 'advancing': False}
2025-10-10 08:01:46,803 : INFO : EventManager : Event: ======'logicblock_lb_jets_count_updated'====== Args={'value': 8, 'enabled': True}
2025-10-10 08:01:46,804 : INFO : EventManager : Event: ======'counter_lb_jets_count_hit'====== Args={'count': 8, 'hits': 8, 'remaining': 2}
2025-10-10 08:01:46,804 : INFO : EventManager : Event: ======'logicblock_lb_jets_count_hit'====== Args={'count': 8, 'hits': 8, 'remaining': 2}
2025-10-10 08:01:46,809 : INFO : EventManager : Event: ======'player_score'====== Args={'value': 5242, 'prev_value': 5142, 'change': 100, 'player_num': 1, 'source': 'base'}
2025-10-10 08:01:46,950 : INFO : SwitchController : <<<<<<< 's_bumper1' inactive >>>>>>>
2025-10-10 08:01:47,308 : INFO : SwitchController : <<<<<<< 's_bumper1' active >>>>>>>
2025-10-10 08:01:47,309 : INFO : EventManager : Event: ======'s_bumper1_active'====== Args={}
2025-10-10 08:01:47,309 : INFO : EventManager : Event: ======'machine_var_audits_switches_s_bumper1'====== Args={'value': 50, 'prev_value': 49, 'change': 1}
2025-10-10 08:01:47,313 : INFO : EventManager : Event: ======'machine_var_audits_shots_jets'====== Args={'value': 85, 'prev_value': 84, 'change': 1}
2025-10-10 08:01:47,314 : INFO : EventManager : Event: ======'jets_hit'====== Args={'profile': 'default', 'state': 'lit', 'advancing': False}
2025-10-10 08:01:47,315 : INFO : EventManager : Event: ======'jets_default_hit'====== Args={'profile': 'default', 'state': 'lit', 'advancing': False}
2025-10-10 08:01:47,315 : INFO : EventManager : Event: ======'jets_default_lit_hit'====== Args={'profile': 'default', 'state': 'lit', 'advancing': False}
2025-10-10 08:01:47,316 : INFO : EventManager : Event: ======'jets_lit_hit'====== Args={'profile': 'default', 'state': 'lit', 'advancing': False}
2025-10-10 08:01:47,316 : INFO : EventManager : Event: ======'player_score'====== Args={'value': 5742, 'prev_value': 5242, 'change': 500, 'player_num': 1, 'source': 'super_jets_setup'}
2025-10-10 08:01:47,317 : INFO : EventManager : Event: ======'machine_var_audits_shots_bumper1_shot'====== Args={'value': 50, 'prev_value': 49, 'change': 1}
2025-10-10 08:01:47,319 : INFO : EventManager : Event: ======'bumper1_shot_hit'====== Args={'profile': 'default', 'state': 'lit', 'advancing': False}
2025-10-10 08:01:47,320 : INFO : EventManager : Event: ======'bumper1_shot_default_hit'====== Args={'profile': 'default', 'state': 'lit', 'advancing': False}
2025-10-10 08:01:47,320 : INFO : EventManager : Event: ======'bumper1_shot_default_lit_hit'====== Args={'profile': 'default', 'state': 'lit', 'advancing': False}
2025-10-10 08:01:47,321 : INFO : EventManager : Event: ======'bumper1_shot_lit_hit'====== Args={'profile': 'default', 'state': 'lit', 'advancing': False}
2025-10-10 08:01:47,322 : INFO : EventManager : Event: ======'logicblock_lb_jets_count_updated'====== Args={'value': 9, 'enabled': True}
2025-10-10 08:01:47,322 : INFO : EventManager : Event: ======'counter_lb_jets_count_hit'====== Args={'count': 9, 'hits': 9, 'remaining': 1}
2025-10-10 08:01:47,322 : INFO : EventManager : Event: ======'logicblock_lb_jets_count_hit'====== Args={'count': 9, 'hits': 9, 'remaining': 1}
2025-10-10 08:01:47,326 : INFO : EventManager : Event: ======'player_score'====== Args={'value': 5842, 'prev_value': 5742, 'change': 100, 'player_num': 1, 'source': 'base'}
2025-10-10 08:01:47,448 : INFO : SwitchController : <<<<<<< 's_bumper1' inactive >>>>>>>
2025-10-10 08:01:48,684 : INFO : SwitchController : <<<<<<< 's_bumper1' active >>>>>>>
2025-10-10 08:01:48,685 : INFO : EventManager : Event: ======'s_bumper1_active'====== Args={}
2025-10-10 08:01:48,685 : INFO : EventManager : Event: ======'machine_var_audits_switches_s_bumper1'====== Args={'value': 51, 'prev_value': 50, 'change': 1}
2025-10-10 08:01:48,691 : INFO : EventManager : Event: ======'machine_var_audits_shots_jets'====== Args={'value': 86, 'prev_value': 85, 'change': 1}
2025-10-10 08:01:48,693 : INFO : EventManager : Event: ======'jets_hit'====== Args={'profile': 'default', 'state': 'lit', 'advancing': False}
2025-10-10 08:01:48,694 : INFO : EventManager : Event: ======'jets_default_hit'====== Args={'profile': 'default', 'state': 'lit', 'advancing': False}
2025-10-10 08:01:48,695 : INFO : EventManager : Event: ======'jets_default_lit_hit'====== Args={'profile': 'default', 'state': 'lit', 'advancing': False}
2025-10-10 08:01:48,696 : INFO : EventManager : Event: ======'jets_lit_hit'====== Args={'profile': 'default', 'state': 'lit', 'advancing': False}
2025-10-10 08:01:48,697 : INFO : EventManager : Event: ======'player_score'====== Args={'value': 6342, 'prev_value': 5842, 'change': 500, 'player_num': 1, 'source': 'super_jets_setup'}
2025-10-10 08:01:48,697 : INFO : EventManager : Event: ======'machine_var_audits_shots_bumper1_shot'====== Args={'value': 51, 'prev_value': 50, 'change': 1}
2025-10-10 08:01:48,699 : INFO : EventManager : Event: ======'bumper1_shot_hit'====== Args={'profile': 'default', 'state': 'lit', 'advancing': False}
2025-10-10 08:01:48,700 : INFO : EventManager : Event: ======'bumper1_shot_default_hit'====== Args={'profile': 'default', 'state': 'lit', 'advancing': False}
2025-10-10 08:01:48,700 : INFO : EventManager : Event: ======'bumper1_shot_default_lit_hit'====== Args={'profile': 'default', 'state': 'lit', 'advancing': False}
2025-10-10 08:01:48,702 : INFO : EventManager : Event: ======'bumper1_shot_lit_hit'====== Args={'profile': 'default', 'state': 'lit', 'advancing': False}
2025-10-10 08:01:48,702 : INFO : EventManager : Event: ======'logicblock_lb_jets_count_updated'====== Args={'value': 10, 'enabled': True}
2025-10-10 08:01:48,703 : INFO : EventManager : Event: ======'counter_lb_jets_count_hit'====== Args={'count': 10, 'hits': 10, 'remaining': 0}
2025-10-10 08:01:48,703 : INFO : EventManager : Event: ======'logicblock_lb_jets_count_hit'====== Args={'count': 10, 'hits': 10, 'remaining': 0}
2025-10-10 08:01:48,704 : INFO : EventManager : Event: ======'Super_Jets_Go'====== Args={}
2025-10-10 08:01:48,705 : INFO : EventManager : Event: ======'logicblock_lb_jets_count_updated'====== Args={'value': 0, 'enabled': True}
2025-10-10 08:01:48,706 : INFO : EventManager : Event: ======'logicblock_lb_jets_count_updated'====== Args={'value': 0, 'enabled': False}
2025-10-10 08:01:48,706 : INFO : EventManager : Event: ======'mode_super_jets_will_start'====== Args={}
2025-10-10 08:01:48,708 : INFO : EventManager : Event: ======'mode_super_jets_starting'====== Args={}
2025-10-10 08:01:48,709 : INFO : EventManager : Event: ======'start_mode_super_jets'====== Args={'priority': 0}
2025-10-10 08:01:48,712 : INFO : EventManager : Event: ======'player_score'====== Args={'value': 6442, 'prev_value': 6342, 'change': 100, 'player_num': 1, 'source': 'base'}
2025-10-10 08:01:48,717 : INFO : Mode.super_jets : Started. Priority: 300
2025-10-10 08:01:48,717 : INFO : EventManager : Event: ======'modes_active_modes_changed'====== Args={}
2025-10-10 08:01:48,718 : INFO : EventManager : Event: ======'mode_super_jets_started'====== Args={}
2025-10-10 08:01:48,720 : ERROR : asyncio : Exception in callback EventManager.process_event_queue()
handle: <Handle EventManager.process_event_queue()>
Traceback (most recent call last):
  File "C:\Users\richa\mpfvirtual4\lib\site-packages\mpf\core\show_controller.py", line 130, in replace_or_advance_show
    show_obj = self.machine.shows[config.name]
KeyError: 'super_jets_startup'

During handling of the above exception, another exception occurred:

Traceback (most recent call last):
  File "C:\Users\richa\mpfvirtual4\lib\site-packages\mpf\core\events.py", line 751, in _run_handlers
    result = handler.callback(**merged_kwargs)
  File "C:\Users\richa\mpfvirtual4\lib\site-packages\mpf\core\config_player.py", line 349, in config_play_callback
    return self.play(settings=settings, context=context, calling_context=calling_context, priority=priority,
  File "C:\Users\richa\mpfvirtual4\lib\site-packages\mpf\config_players\show_player.py", line 60, in play
    self._update_show(show.name, show_settings, context, queue, start_time, show_tokens)
  File "C:\Users\richa\mpfvirtual4\lib\site-packages\mpf\config_players\show_player.py", line 225, in _update_show
    action(key, instance_dict, show_name, show_settings, queue, start_time, placeholder_args)
  File "C:\Users\richa\mpfvirtual4\lib\site-packages\mpf\config_players\show_player.py", line 117, in _play
    instance_dict[key] = self.machine.show_controller.replace_or_advance_show(previous_show, show_config,
  File "C:\Users\richa\mpfvirtual4\lib\site-packages\mpf\core\show_controller.py", line 132, in replace_or_advance_show
    raise KeyError("Cannot play show '{}'. No show with that "
KeyError: "Cannot play show 'super_jets_startup'. No show with that name."

The above exception was the direct cause of the following exception:

Traceback (most recent call last):
  File "C:\Users\richa\AppData\Local\Programs\Python\Python39\lib\asyncio\events.py", line 80, in _run
    self._context.run(self._callback, *self._args)
  File "C:\Users\richa\mpfvirtual4\lib\site-packages\mpf\core\events.py", line 842, in process_event_queue
    self._process_event(event=event[0],
  File "C:\Users\richa\mpfvirtual4\lib\site-packages\mpf\core\events.py", line 804, in _process_event
    result = self._run_handlers(event, ev_type, kwargs)
  File "C:\Users\richa\mpfvirtual4\lib\site-packages\mpf\core\events.py", line 753, in _run_handlers
    raise EventHandlerException(
mpf.core.events.EventHandlerException: Exception while processing RegisteredHandler(callback=<bound method ConfigPlayer.config_play_callback of ConfigPlayer.show_player/shows>, priority=300, kwargs={'calling_context': 'mode_super_jets_started', 'mode': <Mode.super_jets>, 'settings': {super_jets_startup-None-None: {'loops': 0, 'priority': 0, 'action': 'play', 'show': None, 'speed': <NativeTemplate 1.0>, 'block_queue': False, 'start_step': <NativeTemplate 1>, 'start_running': <Template True>, 'sync_ms': None, 'manual_advance': False, 'show_queue': None, 'key': None, 'show_tokens': {}, 'events_when_played': [], 'events_when_stopped': [], 'events_when_looped': [], 'events_when_paused': [], 'events_when_resumed': [], 'events_when_advanced': [], 'events_when_stepped_back': [], 'events_when_updated': [], 'events_when_completed': []}, Super_Jets_on-None-None: {'show_tokens': {'lights': <NativeTemplate l_super_jets>}, 'priority': 0, 'action': 'play', 'show': None, 'speed': <NativeTemplate 1.0>, 'block_queue': False, 'start_step': <NativeTemplate 1>, 'start_running': <Template True>, 'loops': -1, 'sync_ms': None, 'manual_advance': False, 'show_queue': None, 'key': None, 'events_when_played': [], 'events_when_stopped': [], 'events_when_looped': [], 'events_when_paused': [], 'events_when_resumed': [], 'events_when_advanced': [], 'events_when_stepped_back': [], 'events_when_updated': [], 'events_when_completed': []}}}, key=UUID('5a4736a0-3460-4bed-910a-498e5113c3ff'), condition=None, blocking_facility=None) for event mode_super_jets_started. "Cannot play show 'super_jets_startup'. No show with that name."
2025-10-10 08:01:48,764 : INFO : Machine : Shutting down...
2025-10-10 08:01:48,765 : INFO : EventManager : Event: ======'shutdown'====== Args={}
2025-10-10 08:01:48,767 : INFO : EventManager : Event: ======'mode_game_will_stop'====== Args={}
2025-10-10 08:01:48,771 : INFO : EventManager : Event: ======'mode_game_stopping'====== Args={}
2025-10-10 08:01:48,772 : INFO : EventManager : Event: ======'mode_base_will_stop'====== Args={}
2025-10-10 08:01:48,772 : INFO : EventManager : Event: ======'mode_base_stopping'====== Args={}
2025-10-10 08:01:48,773 : INFO : EventManager : Event: ======'mode_super_jets_will_stop'====== Args={}
2025-10-10 08:01:48,773 : INFO : EventManager : Event: ======'mode_super_jets_stopping'====== Args={}
2025-10-10 08:01:48,773 : INFO : EventManager : Event: ======'mode_super_jets_setup_will_stop'====== Args={}
2025-10-10 08:01:48,773 : INFO : EventManager : Event: ======'mode_super_jets_setup_stopping'====== Args={}
2025-10-10 08:01:48,773 : INFO : Mode.super_jets_setup : Stopped.
2025-10-10 08:01:48,774 : INFO : EventManager : Event: ======'modes_active_modes_changed'====== Args={}
2025-10-10 08:01:48,774 : INFO : EventManager : Event: ======'mode_super_jets_setup_stopped'====== Args={}
2025-10-10 08:01:48,774 : INFO : EventManager : Event: ======'clear'====== Args={'key': 'super_jets_setup'}
2025-10-10 08:01:48,775 : INFO : Mode.super_jets : Stopped.
2025-10-10 08:01:48,775 : INFO : EventManager : Event: ======'modes_active_modes_changed'====== Args={}
2025-10-10 08:01:48,776 : INFO : EventManager : Event: ======'mode_super_jets_stopped'====== Args={}
2025-10-10 08:01:48,776 : INFO : EventManager : Event: ======'clear'====== Args={'key': 'super_jets'}
2025-10-10 08:01:48,776 : INFO : Mode.base : Stopped.
2025-10-10 08:01:48,776 : INFO : EventManager : Event: ======'modes_active_modes_changed'====== Args={}
2025-10-10 08:01:48,777 : INFO : EventManager : Event: ======'mode_base_stopped'====== Args={}
2025-10-10 08:01:48,777 : INFO : EventManager : Event: ======'clear'====== Args={'key': 'base'}
2025-10-10 08:01:48,778 : INFO : Mode.game : Stopped.
2025-10-10 08:01:48,778 : INFO : EventManager : Event: ======'modes_active_modes_changed'====== Args={}
2025-10-10 08:01:48,778 : INFO : EventManager : Event: ======'mode_game_stopped'====== Args={}
2025-10-10 08:01:48,778 : INFO : EventManager : Event: ======'clear'====== Args={'key': 'game'}
2025-10-10 08:01:48,780 : ERROR : Machine : Runtime Exception
Traceback (most recent call last):
  File "C:\Users\richa\mpfvirtual4\lib\site-packages\mpf\core\show_controller.py", line 130, in replace_or_advance_show
    show_obj = self.machine.shows[config.name]
KeyError: 'super_jets_startup'

During handling of the above exception, another exception occurred:

Traceback (most recent call last):
  File "C:\Users\richa\mpfvirtual4\lib\site-packages\mpf\core\events.py", line 751, in _run_handlers
    result = handler.callback(**merged_kwargs)
  File "C:\Users\richa\mpfvirtual4\lib\site-packages\mpf\core\config_player.py", line 349, in config_play_callback
    return self.play(settings=settings, context=context, calling_context=calling_context, priority=priority,
  File "C:\Users\richa\mpfvirtual4\lib\site-packages\mpf\config_players\show_player.py", line 60, in play
    self._update_show(show.name, show_settings, context, queue, start_time, show_tokens)
  File "C:\Users\richa\mpfvirtual4\lib\site-packages\mpf\config_players\show_player.py", line 225, in _update_show
    action(key, instance_dict, show_name, show_settings, queue, start_time, placeholder_args)
  File "C:\Users\richa\mpfvirtual4\lib\site-packages\mpf\config_players\show_player.py", line 117, in _play
    instance_dict[key] = self.machine.show_controller.replace_or_advance_show(previous_show, show_config,
  File "C:\Users\richa\mpfvirtual4\lib\site-packages\mpf\core\show_controller.py", line 132, in replace_or_advance_show
    raise KeyError("Cannot play show '{}'. No show with that "
KeyError: "Cannot play show 'super_jets_startup'. No show with that name."

The above exception was the direct cause of the following exception:

Traceback (most recent call last):
  File "C:\Users\richa\mpfvirtual4\lib\site-packages\mpf\core\machine.py", line 788, in _run_loop
    raise self._exception['exception']
  File "C:\Users\richa\AppData\Local\Programs\Python\Python39\lib\asyncio\events.py", line 80, in _run
    self._context.run(self._callback, *self._args)
  File "C:\Users\richa\mpfvirtual4\lib\site-packages\mpf\core\events.py", line 842, in process_event_queue
    self._process_event(event=event[0],
  File "C:\Users\richa\mpfvirtual4\lib\site-packages\mpf\core\events.py", line 804, in _process_event
    result = self._run_handlers(event, ev_type, kwargs)
  File "C:\Users\richa\mpfvirtual4\lib\site-packages\mpf\core\events.py", line 753, in _run_handlers
    raise EventHandlerException(
mpf.core.events.EventHandlerException: Exception while processing RegisteredHandler(callback=<bound method ConfigPlayer.config_play_callback of ConfigPlayer.show_player/shows>, priority=300, kwargs={'calling_context': 'mode_super_jets_started', 'mode': <Mode.super_jets>, 'settings': {super_jets_startup-None-None: {'loops': 0, 'priority': 0, 'action': 'play', 'show': None, 'speed': <NativeTemplate 1.0>, 'block_queue': False, 'start_step': <NativeTemplate 1>, 'start_running': <Template True>, 'sync_ms': None, 'manual_advance': False, 'show_queue': None, 'key': None, 'show_tokens': {}, 'events_when_played': [], 'events_when_stopped': [], 'events_when_looped': [], 'events_when_paused': [], 'events_when_resumed': [], 'events_when_advanced': [], 'events_when_stepped_back': [], 'events_when_updated': [], 'events_when_completed': []}, Super_Jets_on-None-None: {'show_tokens': {'lights': <NativeTemplate l_super_jets>}, 'priority': 0, 'action': 'play', 'show': None, 'speed': <NativeTemplate 1.0>, 'block_queue': False, 'start_step': <NativeTemplate 1>, 'start_running': <Template True>, 'loops': -1, 'sync_ms': None, 'manual_advance': False, 'show_queue': None, 'key': None, 'events_when_played': [], 'events_when_stopped': [], 'events_when_looped': [], 'events_when_paused': [], 'events_when_resumed': [], 'events_when_advanced': [], 'events_when_stepped_back': [], 'events_when_updated': [], 'events_when_completed': []}}}, key=UUID('5a4736a0-3460-4bed-910a-498e5113c3ff'), condition=None, blocking_facility=None) for event mode_super_jets_started. "Cannot play show 'super_jets_startup'. No show with that name."
2025-10-10 08:02:10,146 : ERROR : root : 
Traceback (most recent call last):
  File "C:\Users\richa\mpfvirtual4\lib\site-packages\mpf\core\show_controller.py", line 130, in replace_or_advance_show
    show_obj = self.machine.shows[config.name]
KeyError: 'super_jets_startup'

During handling of the above exception, another exception occurred:

Traceback (most recent call last):
  File "C:\Users\richa\mpfvirtual4\lib\site-packages\mpf\core\events.py", line 751, in _run_handlers
    result = handler.callback(**merged_kwargs)
  File "C:\Users\richa\mpfvirtual4\lib\site-packages\mpf\core\config_player.py", line 349, in config_play_callback
    return self.play(settings=settings, context=context, calling_context=calling_context, priority=priority,
  File "C:\Users\richa\mpfvirtual4\lib\site-packages\mpf\config_players\show_player.py", line 60, in play
    self._update_show(show.name, show_settings, context, queue, start_time, show_tokens)
  File "C:\Users\richa\mpfvirtual4\lib\site-packages\mpf\config_players\show_player.py", line 225, in _update_show
    action(key, instance_dict, show_name, show_settings, queue, start_time, placeholder_args)
  File "C:\Users\richa\mpfvirtual4\lib\site-packages\mpf\config_players\show_player.py", line 117, in _play
    instance_dict[key] = self.machine.show_controller.replace_or_advance_show(previous_show, show_config,
  File "C:\Users\richa\mpfvirtual4\lib\site-packages\mpf\core\show_controller.py", line 132, in replace_or_advance_show
    raise KeyError("Cannot play show '{}'. No show with that "
KeyError: "Cannot play show 'super_jets_startup'. No show with that name."

The above exception was the direct cause of the following exception:

Traceback (most recent call last):
  File "C:\Users\richa\mpfvirtual4\lib\site-packages\mpf\core\machine.py", line 788, in _run_loop
    raise self._exception['exception']
  File "C:\Users\richa\AppData\Local\Programs\Python\Python39\lib\asyncio\events.py", line 80, in _run
    self._context.run(self._callback, *self._args)
  File "C:\Users\richa\mpfvirtual4\lib\site-packages\mpf\core\events.py", line 842, in process_event_queue
    self._process_event(event=event[0],
  File "C:\Users\richa\mpfvirtual4\lib\site-packages\mpf\core\events.py", line 804, in _process_event
    result = self._run_handlers(event, ev_type, kwargs)
  File "C:\Users\richa\mpfvirtual4\lib\site-packages\mpf\core\events.py", line 753, in _run_handlers
    raise EventHandlerException(
mpf.core.events.EventHandlerException: Exception while processing RegisteredHandler(callback=<bound method ConfigPlayer.config_play_callback of ConfigPlayer.show_player/shows>, priority=300, kwargs={'calling_context': 'mode_super_jets_started', 'mode': <Mode.super_jets>, 'settings': {super_jets_startup-None-None: {'loops': 0, 'priority': 0, 'action': 'play', 'show': None, 'speed': <NativeTemplate 1.0>, 'block_queue': False, 'start_step': <NativeTemplate 1>, 'start_running': <Template True>, 'sync_ms': None, 'manual_advance': False, 'show_queue': None, 'key': None, 'show_tokens': {}, 'events_when_played': [], 'events_when_stopped': [], 'events_when_looped': [], 'events_when_paused': [], 'events_when_resumed': [], 'events_when_advanced': [], 'events_when_stepped_back': [], 'events_when_updated': [], 'events_when_completed': []}, Super_Jets_on-None-None: {'show_tokens': {'lights': <NativeTemplate l_super_jets>}, 'priority': 0, 'action': 'play', 'show': None, 'speed': <NativeTemplate 1.0>, 'block_queue': False, 'start_step': <NativeTemplate 1>, 'start_running': <Template True>, 'loops': -1, 'sync_ms': None, 'manual_advance': False, 'show_queue': None, 'key': None, 'events_when_played': [], 'events_when_stopped': [], 'events_when_looped': [], 'events_when_paused': [], 'events_when_resumed': [], 'events_when_advanced': [], 'events_when_stepped_back': [], 'events_when_updated': [], 'events_when_completed': []}}}, key=UUID('5a4736a0-3460-4bed-910a-498e5113c3ff'), condition=None, blocking_facility=None) for event mode_super_jets_started. "Cannot play show 'super_jets_startup'. No show with that name."

During handling of the above exception, another exception occurred:

Traceback (most recent call last):
  File "C:\Users\richa\mpfvirtual4\lib\site-packages\mpf\commands\game.py", line 236, in __init__
    self.machine.run()
  File "C:\Users\richa\mpfvirtual4\lib\site-packages\mpf\core\machine.py", line 684, in run
    self._run_loop()
  File "C:\Users\richa\mpfvirtual4\lib\site-packages\mpf\core\machine.py", line 791, in _run_loop
    report_crash(self._exception['exception'], "exception_during_run", self.config)
  File "C:\Users\richa\mpfvirtual4\lib\site-packages\mpf\core\crash_reporter.py", line 236, in report_crash
    response = input("Do you want to report the crash to the MPF team (yes/no/show)? ")
EOFError
