2025-10-11 19:15:59,274 : kivy : deps: Successfully imported "kivy_deps.gstreamer" 0.3.3
2025-10-11 19:15:59,274 : kivy : deps: Successfully imported "kivy_deps.angle" 0.3.3
2025-10-11 19:15:59,274 : kivy : deps: Successfully imported "kivy_deps.glew" 0.3.1
2025-10-11 19:15:59,274 : kivy : deps: Successfully imported "kivy_deps.sdl2" 0.6.0
2025-10-11 19:15:59,274 : kivy : Kivy: v2.2.1
2025-10-11 19:15:59,274 : kivy : Kivy: Installed at "C:\Users\richa\mpfvirtual4\lib\site-packages\kivy\__init__.py"
2025-10-11 19:15:59,274 : kivy : Python: v3.9.13 (tags/v3.9.13:6de2ca5, May 17 2022, 16:36:42) [MSC v.1929 64 bit (AMD64)]
2025-10-11 19:15:59,274 : kivy : Python: Interpreter at "C:\Users\richa\mpfvirtual4\Scripts\python.exe"
2025-10-11 19:15:59,292 : kivy : Factory: 190 symbols loaded
2025-10-11 19:15:59,507 : kivy : ImageLoaderFFPy: Using ffpyplayer 4.5.0
2025-10-11 19:15:59,507 : kivy : Image: Providers: img_tex, img_dds, img_sdl2, img_pil, img_ffpyplayer 
2025-10-11 19:15:59,681 : kivy : VideoGstplayer: Using Gstreamer 1.18.5.0
2025-10-11 19:15:59,681 : kivy : Video: Provider: gstplayer
2025-10-11 19:15:59,725 : root : Loading MPF-MC controller
2025-10-11 19:15:59,727 : YamlMultifileConfigLoader : Machine config file #1: config
2025-10-11 19:15:59,728 : ConfigProcessor : Config file in cache changed: C:\Users\richa\ttp7\config\config
2025-10-11 19:15:59,728 : ConfigProcessor : Loading config from file C:\Users\richa\mpfvirtual4\lib\site-packages\mpfmc\mcconfig.yaml.
2025-10-11 19:15:59,737 : ConfigProcessor : Loading config: C:\Users\richa\mpfvirtual4\lib\site-packages\mpfmc\mcconfig.yaml
2025-10-11 19:15:59,737 : ConfigProcessor : Loading config from file C:\Users\richa\ttp7\config\config.
2025-10-11 19:15:59,739 : ConfigProcessor : Loading config: C:\Users\richa\ttp7\config\config
2025-10-11 19:15:59,740 : ConfigProcessor : Loading config: C:\Users\richa\ttp7\config\config_sounds.yaml
2025-10-11 19:15:59,741 : ConfigProcessor : Loading config: C:\Users\richa\ttp7\config\config_ball_devices.yaml
2025-10-11 19:15:59,743 : ConfigProcessor : Loading config: C:\Users\richa\ttp7\config\config_coils.yaml
2025-10-11 19:15:59,744 : ConfigProcessor : Loading config: C:\Users\richa\ttp7\config\config_flippers.yaml
2025-10-11 19:15:59,750 : ConfigProcessor : Loading config: C:\Users\richa\ttp7\config\config_switches.yaml
2025-10-11 19:15:59,757 : ConfigProcessor : Loading config: C:\Users\richa\ttp7\config\config_lights.yaml
2025-10-11 19:15:59,760 : ConfigProcessor : Config file cache created: C:\Users\richa\AppData\Local\Temp\b8d8c5e8bc023a38ee4d8abbd35c8fd3.mpf_cache
2025-10-11 19:15:59,760 : ConfigProcessor : Loading config from cache: C:\Users\richa\AppData\Local\Temp\70233839fc0b792ce11a62f3c18c1950.mpf_cache
2025-10-11 19:15:59,761 : ConfigProcessor : Loading config from cache: C:\Users\richa\AppData\Local\Temp\9c8dea79ca4d15ee886340e992e8cb9d.mpf_cache
2025-10-11 19:15:59,762 : ConfigProcessor : Loading config from cache: C:\Users\richa\AppData\Local\Temp\67a19b095f918111543419ac0271bfb1.mpf_cache
2025-10-11 19:15:59,762 : ConfigProcessor : Loading config from cache: C:\Users\richa\AppData\Local\Temp\be387b0e8ed00556ec738d83cd6947d1.mpf_cache
2025-10-11 19:15:59,763 : ConfigProcessor : Loading config from cache: C:\Users\richa\AppData\Local\Temp\5a8efabd9666d8c71fa755fc28a9bf1e.mpf_cache
2025-10-11 19:15:59,764 : ConfigProcessor : Loading config from cache: C:\Users\richa\AppData\Local\Temp\fb58745e58584e219ff53db445e8e9f2.mpf_cache
2025-10-11 19:15:59,764 : mpfmc : Mission Pinball Framework Media Controller (MPF-MC) v0.57.0.dev10. Requires MPF v0.57.0.dev19 or newer.
2025-10-11 19:15:59,764 : mpfmc : Found MPF v0.57.0.dev39
2025-10-11 19:15:59,765 : mpfmc : Machine path: C:\Users\richa\ttp7
2025-10-11 19:15:59,765 : mpfmc : Starting clock at 60.0Hz
2025-10-11 19:15:59,779 : kivy : Text: Provider: sdl2
2025-10-11 19:15:59,825 : kivy : Window: Provider: sdl2
2025-10-11 19:16:00,200 : kivy : GL: Using the "OpenGL" graphics system
2025-10-11 19:16:00,211 : kivy : GL: GLEW initialization succeeded
2025-10-11 19:16:00,211 : kivy : GL: Backend used <glew>
2025-10-11 19:16:00,211 : kivy : GL: OpenGL version <b'4.6.0 NVIDIA 560.94'>
2025-10-11 19:16:00,211 : kivy : GL: OpenGL vendor <b'NVIDIA Corporation'>
2025-10-11 19:16:00,211 : kivy : GL: OpenGL renderer <b'NVIDIA GeForce RTX 3050/PCIe/SSE2'>
2025-10-11 19:16:00,212 : kivy : GL: OpenGL parsed version: 4, 6
2025-10-11 19:16:00,212 : kivy : GL: Shading version <b'4.60 NVIDIA'>
2025-10-11 19:16:00,212 : kivy : GL: Texture max size <32768>
2025-10-11 19:16:00,212 : kivy : GL: Texture max units <32>
2025-10-11 19:16:00,232 : kivy : Window: auto add sdl2 input provider
2025-10-11 19:16:00,232 : kivy : Window: virtual keyboard not allowed, single mode, not docked
2025-10-11 19:16:00,641 : AudioInterface : Initialized
2025-10-11 19:16:00,641 : AudioInterface : Loaded SDL 2.26.4
2025-10-11 19:16:00,641 : AudioInterface : Loaded SDL_Mixer 2.6.3
2025-10-11 19:16:00,641 : AudioInterface : Loaded GStreamer 1.18.5.0
2025-10-11 19:16:00,642 : AudioInterface : Loaded GLib 2.62.6
2025-10-11 19:16:00,642 : AudioInterface : Settings requested - rate: 44100, channels: 1, buffer: 2048 samples
2025-10-11 19:16:00,642 : AudioInterface : Settings in use - rate: 44100, channels: 1, buffer: 2048 samples (4096 bytes @ 2 bytes per sample)
2025-10-11 19:16:00,642 : SoundSystem : Setting master volume to 0.0
2025-10-11 19:16:00,642 : AudioInterface : Enabling audio playback
2025-10-11 19:16:00,644 : kivy : Base: Start application main loop
2025-10-11 19:16:00,644 : EventManager : Event: ======'display_window_initialized'====== Args={}
2025-10-11 19:16:00,657 : mpfmc : Display: Setting 'window' as default display
2025-10-11 19:16:00,663 : EventManager : Event: ======'displays_initialized'====== Args={}
2025-10-11 19:16:00,663 : EventManager : Event: ======'slide_window_blank_created'====== Args={}
2025-10-11 19:16:00,663 : EventManager : Event: ======'display_window_ready'====== Args={}
2025-10-11 19:16:00,674 : EventManager : Event: ======'init_phase_1'====== Args={}
2025-10-11 19:16:00,678 : EventManager : Event: ======'mc_ready'====== Args={}
2025-10-11 19:16:00,678 : EventManager : Event: ======'init_phase_2'====== Args={}
2025-10-11 19:16:00,681 : EventManager : Event: ======'init_phase_3'====== Args={}
2025-10-11 19:16:00,684 : EventManager : Event: ======'init_phase_4'====== Args={}
2025-10-11 19:16:00,684 : EventManager : Event: ======'init_phase_5'====== Args={}
2025-10-11 19:16:00,684 : EventManager : Event: ======'init_done'====== Args={}
2025-10-11 19:16:00,684 : MPF-MC BCP Server : Starting up on localhost port 5050
2025-10-11 19:16:00,687 : MPF-MC BCP Server : Waiting for a connection...
2025-10-11 19:16:00,692 : EventManager : Event: ======'client_disconnected'====== Args={'host': '127.0.0.1', 'port': 5050}
2025-10-11 19:16:01,836 : MPF-MC BCP Server : Received connection from: 127.0.0.1:52055
2025-10-11 19:16:01,902 : EventManager : Event: ======'client_connected'====== Args={'host': '127.0.0.1', 'port': 52055}
2025-10-11 19:16:02,394 : EventManager : Event: ======'machine_var_credits_string'====== Args={'value': 'FREE PLAY', 'prev_value': None, 'change': True}
2025-10-11 19:16:02,394 : EventManager : Event: ======'machine_var_master_volume'====== Args={'value': 0.5, 'prev_value': None, 'change': True}
2025-10-11 19:16:02,394 : EventManager : Event: ======'machine_var_player1_score'====== Args={'value': 70538842, 'prev_value': None, 'change': True}
2025-10-11 19:16:02,394 : EventManager : Event: ======'machine_var_mpf_version'====== Args={'value': 'Mission Pinball Framework v0.57.0.dev39', 'prev_value': None, 'change': True}
2025-10-11 19:16:02,394 : EventManager : Event: ======'machine_var_mpf_extended_version'====== Args={'value': 'Mission Pinball Framework v0.57.0.dev39, Config version:6, Show version: 6, BCP version:1.1', 'prev_value': None, 'change': True}
2025-10-11 19:16:02,394 : EventManager : Event: ======'machine_var_python_version'====== Args={'value': '3.9.13', 'prev_value': None, 'change': True}
2025-10-11 19:16:02,394 : EventManager : Event: ======'machine_var_platform'====== Args={'value': 'Windows-10-10.0.19045-SP0', 'prev_value': None, 'change': True}
2025-10-11 19:16:02,394 : EventManager : Event: ======'machine_var_platform_system'====== Args={'value': 'Windows', 'prev_value': None, 'change': True}
2025-10-11 19:16:02,395 : EventManager : Event: ======'machine_var_platform_release'====== Args={'value': '10', 'prev_value': None, 'change': True}
2025-10-11 19:16:02,395 : EventManager : Event: ======'machine_var_platform_version'====== Args={'value': '10.0.19045', 'prev_value': None, 'change': True}
2025-10-11 19:16:02,395 : EventManager : Event: ======'machine_var_platform_machine'====== Args={'value': 'AMD64', 'prev_value': None, 'change': True}
2025-10-11 19:16:02,395 : EventManager : Event: ======'machine_var_mc_version'====== Args={'value': 'MPF-MC v0.57.0.dev10', 'prev_value': None, 'change': True}
2025-10-11 19:16:02,395 : EventManager : Event: ======'machine_var_mc_extended_version'====== Args={'value': 'MPF-MC v0.57.0.dev10 (config_version=6, BCP v1.1,                      Requires MPF API compatibility v0.57.0.dev19 or newer)', 'prev_value': None, 'change': True}
2025-10-11 19:16:02,395 : EventManager : Event: ======'machine_var_credits_string'====== Args={'value': 'FREE PLAY', 'prev_value': None, 'change': True}
2025-10-11 19:16:02,395 : EventManager : Event: ======'machine_var_master_volume'====== Args={'value': 0.5, 'prev_value': None, 'change': True}
2025-10-11 19:16:02,395 : EventManager : Event: ======'machine_var_player1_score'====== Args={'value': 70538842, 'prev_value': None, 'change': True}
2025-10-11 19:16:02,395 : EventManager : Event: ======'machine_var_mpf_version'====== Args={'value': 'Mission Pinball Framework v0.57.0.dev39', 'prev_value': None, 'change': True}
2025-10-11 19:16:02,395 : EventManager : Event: ======'machine_var_mpf_extended_version'====== Args={'value': 'Mission Pinball Framework v0.57.0.dev39, Config version:6, Show version: 6, BCP version:1.1', 'prev_value': None, 'change': True}
2025-10-11 19:16:02,395 : EventManager : Event: ======'machine_var_python_version'====== Args={'value': '3.9.13', 'prev_value': None, 'change': True}
2025-10-11 19:16:02,396 : EventManager : Event: ======'machine_var_platform'====== Args={'value': 'Windows-10-10.0.19045-SP0', 'prev_value': None, 'change': True}
2025-10-11 19:16:02,396 : EventManager : Event: ======'machine_var_platform_system'====== Args={'value': 'Windows', 'prev_value': None, 'change': True}
2025-10-11 19:16:02,396 : EventManager : Event: ======'machine_var_platform_release'====== Args={'value': '10', 'prev_value': None, 'change': True}
2025-10-11 19:16:02,396 : EventManager : Event: ======'machine_var_platform_version'====== Args={'value': '10.0.19045', 'prev_value': None, 'change': True}
2025-10-11 19:16:02,396 : EventManager : Event: ======'machine_var_platform_machine'====== Args={'value': 'AMD64', 'prev_value': None, 'change': True}
2025-10-11 19:16:02,396 : EventManager : Event: ======'machine_var_mc_version'====== Args={'value': 'MPF-MC v0.57.0.dev10', 'prev_value': None, 'change': True}
2025-10-11 19:16:02,396 : EventManager : Event: ======'machine_var_mc_extended_version'====== Args={'value': 'MPF-MC v0.57.0.dev10 (config_version=6, BCP v1.1,                      Requires MPF API compatibility v0.57.0.dev19 or newer)', 'prev_value': None, 'change': True}
2025-10-11 19:16:02,396 : EventManager : Event: ======'machine_var_credits_string'====== Args={'value': 'FREE PLAY', 'prev_value': None, 'change': True}
2025-10-11 19:16:02,396 : EventManager : Event: ======'machine_var_master_volume'====== Args={'value': 0.5, 'prev_value': None, 'change': True}
2025-10-11 19:16:02,396 : EventManager : Event: ======'machine_var_player1_score'====== Args={'value': 70538842, 'prev_value': None, 'change': True}
2025-10-11 19:16:02,396 : EventManager : Event: ======'machine_var_mpf_version'====== Args={'value': 'Mission Pinball Framework v0.57.0.dev39', 'prev_value': None, 'change': True}
2025-10-11 19:16:02,396 : EventManager : Event: ======'machine_var_mpf_extended_version'====== Args={'value': 'Mission Pinball Framework v0.57.0.dev39, Config version:6, Show version: 6, BCP version:1.1', 'prev_value': None, 'change': True}
2025-10-11 19:16:02,396 : EventManager : Event: ======'machine_var_python_version'====== Args={'value': '3.9.13', 'prev_value': None, 'change': True}
2025-10-11 19:16:02,396 : EventManager : Event: ======'machine_var_platform'====== Args={'value': 'Windows-10-10.0.19045-SP0', 'prev_value': None, 'change': True}
2025-10-11 19:16:02,396 : EventManager : Event: ======'machine_var_platform_system'====== Args={'value': 'Windows', 'prev_value': None, 'change': True}
2025-10-11 19:16:02,397 : EventManager : Event: ======'machine_var_platform_release'====== Args={'value': '10', 'prev_value': None, 'change': True}
2025-10-11 19:16:02,397 : EventManager : Event: ======'machine_var_platform_version'====== Args={'value': '10.0.19045', 'prev_value': None, 'change': True}
2025-10-11 19:16:02,397 : EventManager : Event: ======'machine_var_platform_machine'====== Args={'value': 'AMD64', 'prev_value': None, 'change': True}
2025-10-11 19:16:02,397 : EventManager : Event: ======'machine_var_mc_version'====== Args={'value': 'MPF-MC v0.57.0.dev10', 'prev_value': None, 'change': True}
2025-10-11 19:16:02,397 : EventManager : Event: ======'machine_var_mc_extended_version'====== Args={'value': 'MPF-MC v0.57.0.dev10 (config_version=6, BCP v1.1,                      Requires MPF API compatibility v0.57.0.dev19 or newer)', 'prev_value': None, 'change': True}
2025-10-11 19:16:02,397 : EventManager : Event: ======'machine_var_credits_string'====== Args={'value': 'FREE PLAY', 'prev_value': None, 'change': True}
2025-10-11 19:16:02,397 : EventManager : Event: ======'machine_var_master_volume'====== Args={'value': 0.5, 'prev_value': None, 'change': True}
2025-10-11 19:16:02,397 : EventManager : Event: ======'machine_var_player1_score'====== Args={'value': 70538842, 'prev_value': None, 'change': True}
2025-10-11 19:16:02,397 : EventManager : Event: ======'machine_var_mpf_version'====== Args={'value': 'Mission Pinball Framework v0.57.0.dev39', 'prev_value': None, 'change': True}
2025-10-11 19:16:02,397 : EventManager : Event: ======'machine_var_mpf_extended_version'====== Args={'value': 'Mission Pinball Framework v0.57.0.dev39, Config version:6, Show version: 6, BCP version:1.1', 'prev_value': None, 'change': True}
2025-10-11 19:16:02,397 : EventManager : Event: ======'machine_var_python_version'====== Args={'value': '3.9.13', 'prev_value': None, 'change': True}
2025-10-11 19:16:02,397 : EventManager : Event: ======'machine_var_platform'====== Args={'value': 'Windows-10-10.0.19045-SP0', 'prev_value': None, 'change': True}
2025-10-11 19:16:02,397 : EventManager : Event: ======'machine_var_platform_system'====== Args={'value': 'Windows', 'prev_value': None, 'change': True}
2025-10-11 19:16:02,397 : EventManager : Event: ======'machine_var_platform_release'====== Args={'value': '10', 'prev_value': None, 'change': True}
2025-10-11 19:16:02,397 : EventManager : Event: ======'machine_var_platform_version'====== Args={'value': '10.0.19045', 'prev_value': None, 'change': True}
2025-10-11 19:16:02,397 : EventManager : Event: ======'machine_var_platform_machine'====== Args={'value': 'AMD64', 'prev_value': None, 'change': True}
2025-10-11 19:16:02,397 : EventManager : Event: ======'machine_var_mc_version'====== Args={'value': 'MPF-MC v0.57.0.dev10', 'prev_value': None, 'change': True}
2025-10-11 19:16:02,398 : EventManager : Event: ======'machine_var_mc_extended_version'====== Args={'value': 'MPF-MC v0.57.0.dev10 (config_version=6, BCP v1.1,                      Requires MPF API compatibility v0.57.0.dev19 or newer)', 'prev_value': None, 'change': True}
2025-10-11 19:16:02,398 : SoundSystem : Setting master volume to 0.5
2025-10-11 19:16:02,398 : SoundSystem : Setting master volume to 0.5
2025-10-11 19:16:02,398 : SoundSystem : Setting master volume to 0.5
2025-10-11 19:16:02,398 : SoundSystem : Setting master volume to 0.5
2025-10-11 19:16:02,419 : EventManager : Event: ======'machine_var_audits_events_game_ended'====== Args={'value': 46, 'prev_value': None, 'change': True}
2025-10-11 19:16:02,444 : EventManager : Event: ======'machine_var_audits_events_game_started'====== Args={'value': 186, 'prev_value': None, 'change': True}
2025-10-11 19:16:02,445 : EventManager : Event: ======'machine_var_audits_missing_switches_s_A'====== Args={'value': 67, 'prev_value': None, 'change': True}
2025-10-11 19:16:02,445 : EventManager : Event: ======'machine_var_audits_missing_switches_s_E'====== Args={'value': 114, 'prev_value': None, 'change': True}
2025-10-11 19:16:02,445 : EventManager : Event: ======'machine_var_audits_missing_switches_s_Eb'====== Args={'value': 67, 'prev_value': None, 'change': True}
2025-10-11 19:16:02,445 : EventManager : Event: ======'machine_var_audits_missing_switches_s_I'====== Args={'value': 114, 'prev_value': None, 'change': True}
2025-10-11 19:16:02,445 : EventManager : Event: ======'machine_var_audits_missing_switches_s_L'====== Args={'value': 67, 'prev_value': None, 'change': True}
2025-10-11 19:16:02,445 : EventManager : Event: ======'machine_var_audits_missing_switches_s_M'====== Args={'value': 114, 'prev_value': None, 'change': True}
2025-10-11 19:16:02,446 : EventManager : Event: ======'machine_var_audits_missing_switches_s_R'====== Args={'value': 67, 'prev_value': None, 'change': True}
2025-10-11 19:16:02,446 : EventManager : Event: ======'machine_var_audits_missing_switches_s_T'====== Args={'value': 114, 'prev_value': None, 'change': True}
2025-10-11 19:16:02,446 : EventManager : Event: ======'machine_var_audits_missing_switches_s_Tb'====== Args={'value': 67, 'prev_value': None, 'change': True}
2025-10-11 19:16:02,446 : EventManager : Event: ======'machine_var_audits_missing_switches_s_V'====== Args={'value': 67, 'prev_value': None, 'change': True}
2025-10-11 19:16:02,446 : EventManager : Event: ======'machine_var_audits_missing_switches_s_bumper_1'====== Args={'value': 28, 'prev_value': None, 'change': True}
2025-10-11 19:16:02,446 : EventManager : Event: ======'machine_var_audits_missing_switches_s_bumper_2'====== Args={'value': 28, 'prev_value': None, 'change': True}
2025-10-11 19:16:02,446 : EventManager : Event: ======'machine_var_audits_missing_switches_s_center_center_target'====== Args={'value': 50, 'prev_value': None, 'change': True}
2025-10-11 19:16:02,446 : EventManager : Event: ======'machine_var_audits_missing_switches_s_launcher_lane_spinner'====== Args={'value': 112, 'prev_value': None, 'change': True}
2025-10-11 19:16:02,446 : EventManager : Event: ======'machine_var_audits_missing_switches_s_left_center_target'====== Args={'value': 50, 'prev_value': None, 'change': True}
2025-10-11 19:16:02,446 : EventManager : Event: ======'machine_var_audits_missing_switches_s_left_corridor_spinner'====== Args={'value': 112, 'prev_value': None, 'change': True}
2025-10-11 19:16:02,446 : EventManager : Event: ======'machine_var_audits_missing_switches_s_left_corridor_spinner2'====== Args={'value': 112, 'prev_value': None, 'change': True}
2025-10-11 19:16:02,446 : EventManager : Event: ======'machine_var_audits_missing_switches_s_left_flipper'====== Args={'value': 35, 'prev_value': None, 'change': True}
2025-10-11 19:16:02,446 : EventManager : Event: ======'machine_var_audits_missing_switches_s_left_inlane'====== Args={'value': 139, 'prev_value': None, 'change': True}
2025-10-11 19:16:02,446 : EventManager : Event: ======'machine_var_audits_missing_switches_s_left_outlane'====== Args={'value': 149, 'prev_value': None, 'change': True}
2025-10-11 19:16:02,446 : EventManager : Event: ======'machine_var_audits_missing_switches_s_left_scoop'====== Args={'value': 8, 'prev_value': None, 'change': True}
2025-10-11 19:16:02,446 : EventManager : Event: ======'machine_var_audits_missing_switches_s_left_standup'====== Args={'value': 111, 'prev_value': None, 'change': True}
2025-10-11 19:16:02,447 : EventManager : Event: ======'machine_var_audits_missing_switches_s_right_center_target'====== Args={'value': 5, 'prev_value': None, 'change': True}
2025-10-11 19:16:02,447 : EventManager : Event: ======'machine_var_audits_missing_switches_s_right_corridor_spinner'====== Args={'value': 112, 'prev_value': None, 'change': True}
2025-10-11 19:16:02,447 : EventManager : Event: ======'machine_var_audits_missing_switches_s_right_flipper'====== Args={'value': 35, 'prev_value': None, 'change': True}
2025-10-11 19:16:02,447 : EventManager : Event: ======'machine_var_audits_missing_switches_s_right_outlane'====== Args={'value': 149, 'prev_value': None, 'change': True}
2025-10-11 19:16:02,447 : EventManager : Event: ======'machine_var_audits_missing_switches_s_right_scoop'====== Args={'value': 1, 'prev_value': None, 'change': True}
2025-10-11 19:16:02,447 : EventManager : Event: ======'machine_var_audits_missing_switches_s_right_standup'====== Args={'value': 20, 'prev_value': None, 'change': True}
2025-10-11 19:16:02,447 : EventManager : Event: ======'machine_var_audits_missing_switches_s_sling_left'====== Args={'value': 139, 'prev_value': None, 'change': True}
2025-10-11 19:16:02,447 : EventManager : Event: ======'machine_var_audits_missing_switches_s_sling_right'====== Args={'value': 35, 'prev_value': None, 'change': True}
2025-10-11 19:16:02,447 : EventManager : Event: ======'machine_var_audits_missing_switches_s_standup_1'====== Args={'value': 2, 'prev_value': None, 'change': True}
2025-10-11 19:16:02,447 : EventManager : Event: ======'machine_var_audits_missing_switches_s_standup_6'====== Args={'value': 4, 'prev_value': None, 'change': True}
2025-10-11 19:16:02,447 : EventManager : Event: ======'machine_var_audits_missing_switches_s_start'====== Args={'value': 4, 'prev_value': None, 'change': True}
2025-10-11 19:16:02,447 : EventManager : Event: ======'machine_var_audits_missing_switches_s_top_left_standup'====== Args={'value': 111, 'prev_value': None, 'change': True}
2025-10-11 19:16:02,447 : EventManager : Event: ======'machine_var_audits_missing_switches_s_top_left_standup2'====== Args={'value': 52, 'prev_value': None, 'change': True}
2025-10-11 19:16:02,447 : EventManager : Event: ======'machine_var_audits_missing_switches_s_trough2'====== Args={'value': 186, 'prev_value': None, 'change': True}
2025-10-11 19:16:02,447 : EventManager : Event: ======'machine_var_audits_missing_switches_s_trough3'====== Args={'value': 186, 'prev_value': None, 'change': True}
2025-10-11 19:16:02,447 : EventManager : Event: ======'machine_var_audits_missing_switches_s_trough4'====== Args={'value': 186, 'prev_value': None, 'change': True}
2025-10-11 19:16:02,447 : EventManager : Event: ======'machine_var_audits_missing_switches_s_trough5'====== Args={'value': 186, 'prev_value': None, 'change': True}
2025-10-11 19:16:02,448 : EventManager : Event: ======'machine_var_audits_missing_switches_s_trough6'====== Args={'value': 186, 'prev_value': None, 'change': True}
2025-10-11 19:16:02,448 : EventManager : Event: ======'machine_var_audits_missing_switches_s_trough_jam'====== Args={'value': 186, 'prev_value': None, 'change': True}
2025-10-11 19:16:02,448 : EventManager : Event: ======'machine_var_audits_player_score'====== Args={'value': {'average': 1892711, 'top': [70538842, 13531600, 2008600, 1234200, 1027900, 1024400, 606200, 211200, 205900, 34750], 'total': 48}, 'prev_value': None, 'change': True}
2025-10-11 19:16:02,448 : EventManager : Event: ======'machine_var_audits_shots_bumper1_shot'====== Args={'value': 117, 'prev_value': None, 'change': True}
2025-10-11 19:16:02,448 : EventManager : Event: ======'machine_var_audits_shots_bumper2_shot'====== Args={'value': 389, 'prev_value': None, 'change': True}
2025-10-11 19:16:02,448 : EventManager : Event: ======'machine_var_audits_shots_center_rollover'====== Args={'value': 7, 'prev_value': None, 'change': True}
2025-10-11 19:16:02,448 : EventManager : Event: ======'machine_var_audits_shots_center_rollover_shot'====== Args={'value': 262, 'prev_value': None, 'change': True}
2025-10-11 19:16:02,448 : EventManager : Event: ======'machine_var_audits_shots_jets'====== Args={'value': 447, 'prev_value': None, 'change': True}
2025-10-11 19:16:02,448 : EventManager : Event: ======'machine_var_audits_shots_left_rollover'====== Args={'value': 36, 'prev_value': None, 'change': True}
2025-10-11 19:16:02,448 : EventManager : Event: ======'machine_var_audits_shots_left_rollover_shot'====== Args={'value': 206, 'prev_value': None, 'change': True}
2025-10-11 19:16:02,448 : EventManager : Event: ======'machine_var_audits_shots_left_scoop_shot'====== Args={'value': 28, 'prev_value': None, 'change': True}
2025-10-11 19:16:02,448 : EventManager : Event: ======'machine_var_audits_shots_middle_inlane_shot'====== Args={'value': 20, 'prev_value': None, 'change': True}
2025-10-11 19:16:02,448 : EventManager : Event: ======'machine_var_audits_shots_my_first_shot'====== Args={'value': 95, 'prev_value': None, 'change': True}
2025-10-11 19:16:02,449 : EventManager : Event: ======'machine_var_audits_shots_right_inlane_shot'====== Args={'value': 61, 'prev_value': None, 'change': True}
2025-10-11 19:16:02,449 : EventManager : Event: ======'machine_var_audits_shots_right_rollover'====== Args={'value': 41, 'prev_value': None, 'change': True}
2025-10-11 19:16:02,449 : EventManager : Event: ======'machine_var_audits_shots_right_rollover_shot'====== Args={'value': 270, 'prev_value': None, 'change': True}
2025-10-11 19:16:02,449 : EventManager : Event: ======'machine_var_audits_shots_right_scoop_shot'====== Args={'value': 41, 'prev_value': None, 'change': True}
2025-10-11 19:16:02,449 : EventManager : Event: ======'machine_var_audits_shots_standup_1_skill'====== Args={'value': 35, 'prev_value': None, 'change': True}
2025-10-11 19:16:02,449 : EventManager : Event: ======'machine_var_audits_shots_standup_2_skill'====== Args={'value': 15, 'prev_value': None, 'change': True}
2025-10-11 19:16:02,449 : EventManager : Event: ======'machine_var_audits_shots_standup_3_skill'====== Args={'value': 8, 'prev_value': None, 'change': True}
2025-10-11 19:16:02,449 : EventManager : Event: ======'machine_var_audits_shots_standup_4_skill'====== Args={'value': 8, 'prev_value': None, 'change': True}
2025-10-11 19:16:02,449 : EventManager : Event: ======'machine_var_audits_shots_standup_5_skill'====== Args={'value': 4, 'prev_value': None, 'change': True}
2025-10-11 19:16:02,449 : EventManager : Event: ======'machine_var_audits_shots_standup_6_skill'====== Args={'value': 2, 'prev_value': None, 'change': True}
2025-10-11 19:16:02,449 : EventManager : Event: ======'machine_var_audits_shots_top_middle_inlane_shot'====== Args={'value': 41, 'prev_value': None, 'change': True}
2025-10-11 19:16:02,449 : EventManager : Event: ======'machine_var_audits_switches_s_A'====== Args={'value': 0, 'prev_value': None, 'change': True}
2025-10-11 19:16:02,449 : EventManager : Event: ======'machine_var_audits_switches_s_E'====== Args={'value': 0, 'prev_value': None, 'change': True}
2025-10-11 19:16:02,449 : EventManager : Event: ======'machine_var_audits_switches_s_Eb'====== Args={'value': 0, 'prev_value': None, 'change': True}
2025-10-11 19:16:02,449 : EventManager : Event: ======'machine_var_audits_switches_s_I'====== Args={'value': 0, 'prev_value': None, 'change': True}
2025-10-11 19:16:02,449 : EventManager : Event: ======'machine_var_audits_switches_s_L'====== Args={'value': 0, 'prev_value': None, 'change': True}
2025-10-11 19:16:02,449 : EventManager : Event: ======'machine_var_audits_switches_s_M'====== Args={'value': 0, 'prev_value': None, 'change': True}
2025-10-11 19:16:02,449 : EventManager : Event: ======'machine_var_audits_switches_s_R'====== Args={'value': 0, 'prev_value': None, 'change': True}
2025-10-11 19:16:02,450 : EventManager : Event: ======'machine_var_audits_switches_s_T'====== Args={'value': 0, 'prev_value': None, 'change': True}
2025-10-11 19:16:02,450 : EventManager : Event: ======'machine_var_audits_switches_s_Tb'====== Args={'value': 0, 'prev_value': None, 'change': True}
2025-10-11 19:16:02,450 : EventManager : Event: ======'machine_var_audits_switches_s_V'====== Args={'value': 0, 'prev_value': None, 'change': True}
2025-10-11 19:16:02,450 : EventManager : Event: ======'machine_var_audits_switches_s_bumper1'====== Args={'value': 117, 'prev_value': None, 'change': True}
2025-10-11 19:16:02,450 : EventManager : Event: ======'machine_var_audits_switches_s_bumper2'====== Args={'value': 393, 'prev_value': None, 'change': True}
2025-10-11 19:16:02,450 : EventManager : Event: ======'machine_var_audits_switches_s_bumper_1'====== Args={'value': 0, 'prev_value': None, 'change': True}
2025-10-11 19:16:02,450 : EventManager : Event: ======'machine_var_audits_switches_s_bumper_2'====== Args={'value': 0, 'prev_value': None, 'change': True}
2025-10-11 19:16:02,450 : EventManager : Event: ======'machine_var_audits_switches_s_center_center_target'====== Args={'value': 1, 'prev_value': None, 'change': True}
2025-10-11 19:16:02,450 : EventManager : Event: ======'machine_var_audits_switches_s_center_rollover'====== Args={'value': 271, 'prev_value': None, 'change': True}
2025-10-11 19:16:02,450 : EventManager : Event: ======'machine_var_audits_switches_s_launcher_lane_spinner'====== Args={'value': 0, 'prev_value': None, 'change': True}
2025-10-11 19:16:02,450 : EventManager : Event: ======'machine_var_audits_switches_s_left_center_target'====== Args={'value': 2, 'prev_value': None, 'change': True}
2025-10-11 19:16:02,450 : EventManager : Event: ======'machine_var_audits_switches_s_left_corridor_spinner'====== Args={'value': 0, 'prev_value': None, 'change': True}
2025-10-11 19:16:02,450 : EventManager : Event: ======'machine_var_audits_switches_s_left_corridor_spinner2'====== Args={'value': 0, 'prev_value': None, 'change': True}
2025-10-11 19:16:02,450 : EventManager : Event: ======'machine_var_audits_switches_s_left_flipper'====== Args={'value': 330, 'prev_value': None, 'change': True}
2025-10-11 19:16:02,451 : EventManager : Event: ======'machine_var_audits_switches_s_left_inlane'====== Args={'value': 8, 'prev_value': None, 'change': True}
2025-10-11 19:16:02,451 : EventManager : Event: ======'machine_var_audits_switches_s_left_outlane'====== Args={'value': 3, 'prev_value': None, 'change': True}
2025-10-11 19:16:02,451 : EventManager : Event: ======'machine_var_audits_switches_s_left_rollover'====== Args={'value': 214, 'prev_value': None, 'change': True}
2025-10-11 19:16:02,451 : EventManager : Event: ======'machine_var_audits_switches_s_left_scoop'====== Args={'value': 222, 'prev_value': None, 'change': True}
2025-10-11 19:16:02,451 : EventManager : Event: ======'machine_var_audits_switches_s_left_standup'====== Args={'value': 0, 'prev_value': None, 'change': True}
2025-10-11 19:16:02,451 : EventManager : Event: ======'machine_var_audits_switches_s_middle_inlane'====== Args={'value': 20, 'prev_value': None, 'change': True}
2025-10-11 19:16:02,451 : EventManager : Event: ======'machine_var_audits_switches_s_plunger'====== Args={'value': 346, 'prev_value': None, 'change': True}
2025-10-11 19:16:02,451 : EventManager : Event: ======'machine_var_audits_switches_s_right_center_target'====== Args={'value': 4, 'prev_value': None, 'change': True}
2025-10-11 19:16:02,451 : EventManager : Event: ======'machine_var_audits_switches_s_right_corridor_spinner'====== Args={'value': 0, 'prev_value': None, 'change': True}
2025-10-11 19:16:02,451 : EventManager : Event: ======'machine_var_audits_switches_s_right_flipper'====== Args={'value': 146, 'prev_value': None, 'change': True}
2025-10-11 19:16:02,451 : EventManager : Event: ======'machine_var_audits_switches_s_right_inlane'====== Args={'value': 188, 'prev_value': None, 'change': True}
2025-10-11 19:16:02,451 : EventManager : Event: ======'machine_var_audits_switches_s_right_outlane'====== Args={'value': 3, 'prev_value': None, 'change': True}
2025-10-11 19:16:02,452 : EventManager : Event: ======'machine_var_audits_switches_s_right_rollover'====== Args={'value': 279, 'prev_value': None, 'change': True}
2025-10-11 19:16:02,452 : EventManager : Event: ======'machine_var_audits_switches_s_right_scoop'====== Args={'value': 58, 'prev_value': None, 'change': True}
2025-10-11 19:16:02,452 : EventManager : Event: ======'machine_var_audits_switches_s_right_standup'====== Args={'value': 1, 'prev_value': None, 'change': True}
2025-10-11 19:16:02,452 : EventManager : Event: ======'machine_var_audits_switches_s_sling_left'====== Args={'value': 3, 'prev_value': None, 'change': True}
2025-10-11 19:16:02,452 : EventManager : Event: ======'machine_var_audits_switches_s_sling_right'====== Args={'value': 8, 'prev_value': None, 'change': True}
2025-10-11 19:16:02,452 : EventManager : Event: ======'machine_var_audits_switches_s_standup_1'====== Args={'value': 72, 'prev_value': None, 'change': True}
2025-10-11 19:16:02,452 : EventManager : Event: ======'machine_var_audits_switches_s_standup_2'====== Args={'value': 34, 'prev_value': None, 'change': True}
2025-10-11 19:16:02,452 : EventManager : Event: ======'machine_var_audits_switches_s_standup_3'====== Args={'value': 29, 'prev_value': None, 'change': True}
2025-10-11 19:16:02,452 : EventManager : Event: ======'machine_var_audits_switches_s_standup_4'====== Args={'value': 21, 'prev_value': None, 'change': True}
2025-10-11 19:16:02,453 : EventManager : Event: ======'machine_var_audits_switches_s_standup_5'====== Args={'value': 21, 'prev_value': None, 'change': True}
2025-10-11 19:16:02,453 : EventManager : Event: ======'machine_var_audits_switches_s_standup_6'====== Args={'value': 10, 'prev_value': None, 'change': True}
2025-10-11 19:16:02,453 : EventManager : Event: ======'machine_var_audits_switches_s_start'====== Args={'value': 15, 'prev_value': None, 'change': True}
2025-10-11 19:16:02,453 : EventManager : Event: ======'machine_var_audits_switches_s_top_left_standup'====== Args={'value': 0, 'prev_value': None, 'change': True}
2025-10-11 19:16:02,453 : EventManager : Event: ======'machine_var_audits_switches_s_top_left_standup2'====== Args={'value': 15, 'prev_value': None, 'change': True}
2025-10-11 19:16:02,453 : EventManager : Event: ======'machine_var_audits_switches_s_top_middle_inlane'====== Args={'value': 41, 'prev_value': None, 'change': True}
2025-10-11 19:16:02,453 : EventManager : Event: ======'machine_var_audits_switches_s_trough1'====== Args={'value': 224, 'prev_value': None, 'change': True}
2025-10-11 19:16:02,453 : EventManager : Event: ======'machine_var_audits_switches_s_trough2'====== Args={'value': 0, 'prev_value': None, 'change': True}
2025-10-11 19:16:02,453 : EventManager : Event: ======'machine_var_audits_switches_s_trough3'====== Args={'value': 0, 'prev_value': None, 'change': True}
2025-10-11 19:16:02,453 : EventManager : Event: ======'machine_var_audits_switches_s_trough4'====== Args={'value': 0, 'prev_value': None, 'change': True}
2025-10-11 19:16:02,454 : EventManager : Event: ======'machine_var_audits_switches_s_trough5'====== Args={'value': 0, 'prev_value': None, 'change': True}
2025-10-11 19:16:02,454 : EventManager : Event: ======'machine_var_audits_switches_s_trough6'====== Args={'value': 0, 'prev_value': None, 'change': True}
2025-10-11 19:16:02,454 : EventManager : Event: ======'machine_var_audits_switches_s_trough_jam'====== Args={'value': 0, 'prev_value': None, 'change': True}
2025-10-11 19:16:02,519 : EventManager : Event: ======'mc_reset_phase_1'====== Args={}
2025-10-11 19:16:02,519 : EventManager : Event: ======'mc_reset_phase_2'====== Args={}
2025-10-11 19:16:02,519 : EventManager : Event: ======'mc_reset_phase_3'====== Args={}
2025-10-11 19:16:02,519 : EventManager : Event: ======'mc_reset_complete'====== Args={}
2025-10-11 19:16:02,530 : EventManager : Event: ======'slides_play'====== Args={'settings': {'awesome_slide': {'widgets': [{'type': 'text', 'text': 'TIME TRAVEL 1985', 'font_size': 50, '_default_settings': ['type', 'text', 'font_size'], 'x': None, 'y': None, 'anchor_x': 'center', 'anchor_y': 'center', 'round_anchor_x': None, 'round_anchor_y': None, 'opacity': 1.0, 'z': 0, 'reset_animations_events': {}, 'color': [1.0, 1.0, 1.0, 1.0], 'style': [], 'adjust_top': 0, 'adjust_bottom': 0, 'adjust_left': 0, 'adjust_right': 0, 'expire': None, 'key': None, 'widget': None, 'events_when_added': [], 'events_when_removed': [], 'bitmap_font': False, 'font_kerning': True, 'bold': False, 'italic': False, 'number_grouping': False, 'min_digits': 0, 'halign': 'center', 'valign': 'middle', 'rotation': 0, 'scale': 1.0, 'casing': None, 'outline_color': [1.0, 1.0, 1.0, 1.0], 'outline_width': 0, 'animations': None}], 'transition': {'type': 'push', 'duration': 1.0, 'direction': 'left', 'easing': 'out_quad'}, 'target': None, 'background_color': [0.0, 0.0, 0.0, 1.0], 'priority': None, 'show': True, 'force': False, 'expire': None, 'slide': None, 'tokens': {}, 'action': 'play'}}, 'context': 'show_2', 'calling_context': 0, 'priority': 10, 'show_tokens': {}, 'start_time': 4460.187}
2025-10-11 19:16:02,530 : EventManager : Event: ======'sounds_play'====== Args={'settings': {'music': {'action': 'play', 'loops': -1, 'priority': None, 'block': False, 'delay': None, 'track': None, 'volume': None, 'ducking': {}, 'pan': None, 'start_at': None, 'fade_in': None, 'fade_out': None, 'about_to_finish_time': -1.0, 'max_queue_time': -1.0, 'events_when_played': ['use_sound_setting'], 'events_when_stopped': ['use_sound_setting'], 'events_when_looping': ['use_sound_setting'], 'events_when_about_to_finish': ['use_sound_setting'], 'mode_end_action': 'use_sound_setting', 'key': 'use_sound_setting'}}, 'context': '_global', 'calling_context': 'mode_attract_started', 'priority': 0}
2025-10-11 19:16:02,530 : mpfmc : SlidePlayer: Play called with settings={'awesome_slide': {'widgets': [{'type': 'text', 'text': 'TIME TRAVEL 1985', 'font_size': 50, '_default_settings': ['type', 'text', 'font_size'], 'x': None, 'y': None, 'anchor_x': 'center', 'anchor_y': 'center', 'round_anchor_x': None, 'round_anchor_y': None, 'opacity': 1.0, 'z': 0, 'reset_animations_events': {}, 'color': [1.0, 1.0, 1.0, 1.0], 'style': [], 'adjust_top': 0, 'adjust_bottom': 0, 'adjust_left': 0, 'adjust_right': 0, 'expire': None, 'key': None, 'widget': None, 'events_when_added': [], 'events_when_removed': [], 'bitmap_font': False, 'font_kerning': True, 'bold': False, 'italic': False, 'number_grouping': False, 'min_digits': 0, 'halign': 'center', 'valign': 'middle', 'rotation': 0, 'scale': 1.0, 'casing': None, 'outline_color': [1.0, 1.0, 1.0, 1.0], 'outline_width': 0, 'animations': None}], 'transition': {'type': 'push', 'duration': 1.0, 'direction': 'left', 'easing': 'out_quad'}, 'target': None, 'background_color': [0.0, 0.0, 0.0, 1.0], 'priority': None, 'show': True, 'force': False, 'expire': None, 'slide': None, 'tokens': {}, 'action': 'play'}}
2025-10-11 19:16:02,536 : kivy : GL: NPOT texture support is available
2025-10-11 19:16:02,536 : EventManager : Event: ======'slide_awesome_slide_created'====== Args={}
2025-10-11 19:16:02,537 : EventManager : Event: ======'slide_awesome_slide_active'====== Args={}
2025-10-11 19:16:02,543 : EventManager : Event: ======'loading_assets'====== Args={'total': 1, 'loaded': 1, 'remaining': 0, 'percent': 100}
2025-10-11 19:16:02,543 : AssetManager : Asset loading took: 1.9012885093688965
2025-10-11 19:16:02,543 : EventManager : Event: ======'asset_loading_complete'====== Args={}
2025-10-11 19:16:02,543 : AssetManager : Loading assets: 1/1 (100%)
2025-10-11 19:16:05,542 : EventManager : Event: ======'slides_play'====== Args={'settings': {'press_start': {'widgets': [{'type': 'Text', 'text': 'PRESS START', 'animations': {'pre_show_slide': [{'property': ['opacity'], 'value': ['0'], 'duration': 0.5, 'relative': False, 'timing': 'after_previous', 'repeat': False, 'easing': 'linear', 'step': 0.0}, {'property': ['opacity'], 'value': ['1'], 'duration': 0.5, 'repeat': False, 'relative': False, 'timing': 'after_previous', 'easing': 'linear', 'step': 0.0}]}, '_default_settings': ['type', 'text', 'animations'], 'x': None, 'y': None, 'anchor_x': 'center', 'anchor_y': 'center', 'round_anchor_x': None, 'round_anchor_y': None, 'opacity': 1.0, 'z': 0, 'reset_animations_events': {}, 'color': [1.0, 1.0, 1.0, 1.0], 'style': [], 'adjust_top': 0, 'adjust_bottom': 0, 'adjust_left': 0, 'adjust_right': 0, 'expire': None, 'key': None, 'widget': None, 'events_when_added': [], 'events_when_removed': [], 'font_size': 15, 'bitmap_font': False, 'font_kerning': True, 'bold': False, 'italic': False, 'number_grouping': False, 'min_digits': 0, 'halign': 'center', 'valign': 'middle', 'rotation': 0, 'scale': 1.0, 'casing': None, 'outline_color': [1.0, 1.0, 1.0, 1.0], 'outline_width': 0}, {'type': 'Text', 'text': 'FREE PLAY', 'color': [0.0, 0.5019607843137255, 0.0, 1], 'y': '10', 'anchor_y': 'bottom', '_default_settings': ['type', 'text', 'color', 'y', 'anchor_y'], 'x': None, 'anchor_x': 'center', 'round_anchor_x': None, 'round_anchor_y': None, 'opacity': 1.0, 'z': 0, 'reset_animations_events': {}, 'style': [], 'adjust_top': 0, 'adjust_bottom': 0, 'adjust_left': 0, 'adjust_right': 0, 'expire': None, 'key': None, 'widget': None, 'events_when_added': [], 'events_when_removed': [], 'font_size': 15, 'bitmap_font': False, 'font_kerning': True, 'bold': False, 'italic': False, 'number_grouping': False, 'min_digits': 0, 'halign': 'center', 'valign': 'middle', 'rotation': 0, 'scale': 1.0, 'casing': None, 'outline_color': [1.0, 1.0, 1.0, 1.0], 'outline_width': 0, 'animations': None}], 'transition': {'type': 'move_in', 'duration': 1.0, 'direction': 'right', 'easing': 'out_quad'}, 'target': None, 'background_color': [0.0, 0.0, 0.0, 1.0], 'priority': None, 'show': True, 'force': False, 'expire': None, 'slide': None, 'tokens': {}, 'action': 'play'}}, 'context': 'show_2', 'calling_context': 1, 'priority': 10, 'show_tokens': {}, 'start_time': 4463.187}
2025-10-11 19:16:05,542 : mpfmc : SlidePlayer: Play called with settings={'press_start': {'widgets': [{'type': 'Text', 'text': 'PRESS START', 'animations': {'pre_show_slide': [{'property': ['opacity'], 'value': ['0'], 'duration': 0.5, 'relative': False, 'timing': 'after_previous', 'repeat': False, 'easing': 'linear', 'step': 0.0}, {'property': ['opacity'], 'value': ['1'], 'duration': 0.5, 'repeat': False, 'relative': False, 'timing': 'after_previous', 'easing': 'linear', 'step': 0.0}]}, '_default_settings': ['type', 'text', 'animations'], 'x': None, 'y': None, 'anchor_x': 'center', 'anchor_y': 'center', 'round_anchor_x': None, 'round_anchor_y': None, 'opacity': 1.0, 'z': 0, 'reset_animations_events': {}, 'color': [1.0, 1.0, 1.0, 1.0], 'style': [], 'adjust_top': 0, 'adjust_bottom': 0, 'adjust_left': 0, 'adjust_right': 0, 'expire': None, 'key': None, 'widget': None, 'events_when_added': [], 'events_when_removed': [], 'font_size': 15, 'bitmap_font': False, 'font_kerning': True, 'bold': False, 'italic': False, 'number_grouping': False, 'min_digits': 0, 'halign': 'center', 'valign': 'middle', 'rotation': 0, 'scale': 1.0, 'casing': None, 'outline_color': [1.0, 1.0, 1.0, 1.0], 'outline_width': 0}, {'type': 'Text', 'text': 'FREE PLAY', 'color': [0.0, 0.5019607843137255, 0.0, 1], 'y': '10', 'anchor_y': 'bottom', '_default_settings': ['type', 'text', 'color', 'y', 'anchor_y'], 'x': None, 'anchor_x': 'center', 'round_anchor_x': None, 'round_anchor_y': None, 'opacity': 1.0, 'z': 0, 'reset_animations_events': {}, 'style': [], 'adjust_top': 0, 'adjust_bottom': 0, 'adjust_left': 0, 'adjust_right': 0, 'expire': None, 'key': None, 'widget': None, 'events_when_added': [], 'events_when_removed': [], 'font_size': 15, 'bitmap_font': False, 'font_kerning': True, 'bold': False, 'italic': False, 'number_grouping': False, 'min_digits': 0, 'halign': 'center', 'valign': 'middle', 'rotation': 0, 'scale': 1.0, 'casing': None, 'outline_color': [1.0, 1.0, 1.0, 1.0], 'outline_width': 0, 'animations': None}], 'transition': {'type': 'move_in', 'duration': 1.0, 'direction': 'right', 'easing': 'out_quad'}, 'target': None, 'background_color': [0.0, 0.0, 0.0, 1.0], 'priority': None, 'show': True, 'force': False, 'expire': None, 'slide': None, 'tokens': {}, 'action': 'play'}}
2025-10-11 19:16:05,551 : EventManager : Event: ======'slide_press_start_created'====== Args={}
2025-10-11 19:16:05,554 : EventManager : Event: ======'slide_press_start_active'====== Args={}
2025-10-11 19:16:06,467 : EventManager : Event: ======'game_started'====== Args={}
2025-10-11 19:16:06,467 : EventManager : Event: ======'slides_clear'====== Args={'context': 'show_2'}
2025-10-11 19:16:06,467 : EventManager : Event: ======'sounds_play'====== Args={'settings': {'music': {'action': 'stop', 'priority': None, 'block': False, 'delay': None, 'track': None, 'volume': None, 'ducking': {}, 'pan': None, 'loops': None, 'start_at': None, 'fade_in': None, 'fade_out': None, 'about_to_finish_time': -1.0, 'max_queue_time': -1.0, 'events_when_played': ['use_sound_setting'], 'events_when_stopped': ['use_sound_setting'], 'events_when_looping': ['use_sound_setting'], 'events_when_about_to_finish': ['use_sound_setting'], 'mode_end_action': 'use_sound_setting', 'key': 'use_sound_setting'}}, 'context': '_global', 'calling_context': 'mode_attract_stopped', 'priority': 0}
2025-10-11 19:16:06,467 : EventManager : Event: ======'player_added'====== Args={'player': <Player 1>, 'num': 1}
2025-10-11 19:16:06,467 : EventManager : Event: ======'player_index'====== Args={'value': 0, 'prev_value': 0, 'change': 0, 'player_num': 1}
2025-10-11 19:16:06,467 : EventManager : Event: ======'player_number'====== Args={'value': 1, 'prev_value': 1, 'change': 0, 'player_num': 1}
2025-10-11 19:16:06,467 : EventManager : Event: ======'player_score'====== Args={'value': 0, 'prev_value': 0, 'change': 0, 'player_num': 1}
2025-10-11 19:16:06,468 : EventManager : Event: ======'player_sj_active'====== Args={'value': 0, 'prev_value': 0, 'change': 0, 'player_num': 1}
2025-10-11 19:16:06,468 : EventManager : Event: ======'slide_awesome_slide_removed'====== Args={}
2025-10-11 19:16:06,468 : EventManager : Event: ======'slide_press_start_removed'====== Args={}
2025-10-11 19:16:06,469 : EventManager : Event: ======'slide_window_blank_active'====== Args={}
2025-10-11 19:16:06,499 : EventManager : Event: ======'player_ball'====== Args={'value': 1, 'prev_value': 0, 'change': 1, 'player_num': 1}
2025-10-11 19:16:06,499 : EventManager : Event: ======'player_turn_start'====== Args={'number': 1, 'player': <Player 1>}
2025-10-11 19:16:06,511 : EventManager : Event: ======'player_shot_jets_enabled'====== Args={'value': True, 'prev_value': 0, 'change': 1, 'player_num': 1}
2025-10-11 19:16:06,511 : EventManager : Event: ======'player_shot_left_rollover_shot_enabled'====== Args={'value': True, 'prev_value': 0, 'change': 1, 'player_num': 1}
2025-10-11 19:16:06,523 : EventManager : Event: ======'player_shot_center_rollover_shot_enabled'====== Args={'value': True, 'prev_value': 0, 'change': 1, 'player_num': 1}
2025-10-11 19:16:06,523 : EventManager : Event: ======'player_shot_right_rollover_shot_enabled'====== Args={'value': True, 'prev_value': 0, 'change': 1, 'player_num': 1}
2025-10-11 19:16:06,523 : EventManager : Event: ======'player_shot_right_scoop_shot_enabled'====== Args={'value': True, 'prev_value': 0, 'change': 1, 'player_num': 1}
2025-10-11 19:16:06,523 : EventManager : Event: ======'player_shot_bumper1_shot_enabled'====== Args={'value': True, 'prev_value': 0, 'change': 1, 'player_num': 1}
2025-10-11 19:16:06,523 : EventManager : Event: ======'player_shot_bumper2_shot_enabled'====== Args={'value': True, 'prev_value': 0, 'change': 1, 'player_num': 1}
2025-10-11 19:16:06,523 : EventManager : Event: ======'player_shot_right_inlane_shot_enabled'====== Args={'value': True, 'prev_value': 0, 'change': 1, 'player_num': 1}
2025-10-11 19:16:06,562 : EventManager : Event: ======'slides_play'====== Args={'settings': {'widgets': {'widgets': [{'type': 'text', 'text': '(score)', 'number_grouping': True, 'min_digits': 2, 'font_size': 100, '_default_settings': ['type', 'text', 'number_grouping', 'min_digits', 'font_size'], 'x': None, 'y': None, 'anchor_x': 'center', 'anchor_y': 'center', 'round_anchor_x': None, 'round_anchor_y': None, 'opacity': 1.0, 'z': 0, 'reset_animations_events': {}, 'color': [1.0, 1.0, 1.0, 1.0], 'style': [], 'adjust_top': 0, 'adjust_bottom': 0, 'adjust_left': 0, 'adjust_right': 0, 'expire': None, 'key': None, 'widget': None, 'events_when_added': [], 'events_when_removed': [], 'bitmap_font': False, 'font_kerning': True, 'bold': False, 'italic': False, 'halign': 'center', 'valign': 'middle', 'rotation': 0, 'scale': 1.0, 'casing': None, 'outline_color': [1.0, 1.0, 1.0, 1.0], 'outline_width': 0, 'animations': None}, {'type': 'text', 'text': 'PLAYER (number)', 'y': '10', 'x': '10', 'font_size': 50, 'anchor_x': 'left', 'anchor_y': 'bottom', '_default_settings': ['type', 'text', 'y', 'x', 'font_size', 'anchor_x', 'anchor_y'], 'round_anchor_x': None, 'round_anchor_y': None, 'opacity': 1.0, 'z': 0, 'reset_animations_events': {}, 'color': [1.0, 1.0, 1.0, 1.0], 'style': [], 'adjust_top': 0, 'adjust_bottom': 0, 'adjust_left': 0, 'adjust_right': 0, 'expire': None, 'key': None, 'widget': None, 'events_when_added': [], 'events_when_removed': [], 'bitmap_font': False, 'font_kerning': True, 'bold': False, 'italic': False, 'number_grouping': False, 'min_digits': 0, 'halign': 'center', 'valign': 'middle', 'rotation': 0, 'scale': 1.0, 'casing': None, 'outline_color': [1.0, 1.0, 1.0, 1.0], 'outline_width': 0, 'animations': None}, {'type': 'text', 'text': 'BALL (ball)', 'y': '10', 'x': 'right-10', 'anchor_x': 'right', 'anchor_y': 'bottom', 'font_size': 50, '_default_settings': ['type', 'text', 'y', 'x', 'anchor_x', 'anchor_y', 'font_size'], 'round_anchor_x': None, 'round_anchor_y': None, 'opacity': 1.0, 'z': 0, 'reset_animations_events': {}, 'color': [1.0, 1.0, 1.0, 1.0], 'style': [], 'adjust_top': 0, 'adjust_bottom': 0, 'adjust_left': 0, 'adjust_right': 0, 'expire': None, 'key': None, 'widget': None, 'events_when_added': [], 'events_when_removed': [], 'bitmap_font': False, 'font_kerning': True, 'bold': False, 'italic': False, 'number_grouping': False, 'min_digits': 0, 'halign': 'center', 'valign': 'middle', 'rotation': 0, 'scale': 1.0, 'casing': None, 'outline_color': [1.0, 1.0, 1.0, 1.0], 'outline_width': 0, 'animations': None}, {'type': 'text', 'text': 'POTATO VALUE: (potato)', 'y': '40%', '_default_settings': ['type', 'text', 'y'], 'x': None, 'anchor_x': 'center', 'anchor_y': 'center', 'round_anchor_x': None, 'round_anchor_y': None, 'opacity': 1.0, 'z': 0, 'reset_animations_events': {}, 'color': [1.0, 1.0, 1.0, 1.0], 'style': [], 'adjust_top': 0, 'adjust_bottom': 0, 'adjust_left': 0, 'adjust_right': 0, 'expire': None, 'key': None, 'widget': None, 'events_when_added': [], 'events_when_removed': [], 'font_size': 15, 'bitmap_font': False, 'font_kerning': True, 'bold': False, 'italic': False, 'number_grouping': False, 'min_digits': 0, 'halign': 'center', 'valign': 'middle', 'rotation': 0, 'scale': 1.0, 'casing': None, 'outline_color': [1.0, 1.0, 1.0, 1.0], 'outline_width': 0, 'animations': None}], 'target': None, 'background_color': [0.0, 0.0, 0.0, 1.0], 'priority': None, 'show': True, 'force': False, 'expire': None, 'slide': None, 'tokens': {}, 'action': 'play'}}, 'context': 'base', 'calling_context': 'mode_base_started', 'priority': 100, 'player': 1, 'ball': 1, 'balls_remaining': 2, 'is_extra_ball': False}
2025-10-11 19:16:06,562 : EventManager : Event: ======'sounds_play'====== Args={'settings': {'mode': {'action': 'play', 'loops': -1, 'priority': None, 'block': False, 'delay': None, 'track': None, 'volume': None, 'ducking': {}, 'pan': None, 'start_at': None, 'fade_in': None, 'fade_out': None, 'about_to_finish_time': -1.0, 'max_queue_time': -1.0, 'events_when_played': ['use_sound_setting'], 'events_when_stopped': ['use_sound_setting'], 'events_when_looping': ['use_sound_setting'], 'events_when_about_to_finish': ['use_sound_setting'], 'mode_end_action': 'use_sound_setting', 'key': 'use_sound_setting'}}, 'context': '_global', 'calling_context': 'mode_base_started', 'priority': 0, 'player': 1, 'ball': 1, 'balls_remaining': 2, 'is_extra_ball': False}
2025-10-11 19:16:06,562 : mpfmc : SlidePlayer: Play called with settings={'widgets': {'widgets': [{'type': 'text', 'text': '(score)', 'number_grouping': True, 'min_digits': 2, 'font_size': 100, '_default_settings': ['type', 'text', 'number_grouping', 'min_digits', 'font_size'], 'x': None, 'y': None, 'anchor_x': 'center', 'anchor_y': 'center', 'round_anchor_x': None, 'round_anchor_y': None, 'opacity': 1.0, 'z': 0, 'reset_animations_events': {}, 'color': [1.0, 1.0, 1.0, 1.0], 'style': [], 'adjust_top': 0, 'adjust_bottom': 0, 'adjust_left': 0, 'adjust_right': 0, 'expire': None, 'key': None, 'widget': None, 'events_when_added': [], 'events_when_removed': [], 'bitmap_font': False, 'font_kerning': True, 'bold': False, 'italic': False, 'halign': 'center', 'valign': 'middle', 'rotation': 0, 'scale': 1.0, 'casing': None, 'outline_color': [1.0, 1.0, 1.0, 1.0], 'outline_width': 0, 'animations': None}, {'type': 'text', 'text': 'PLAYER (number)', 'y': '10', 'x': '10', 'font_size': 50, 'anchor_x': 'left', 'anchor_y': 'bottom', '_default_settings': ['type', 'text', 'y', 'x', 'font_size', 'anchor_x', 'anchor_y'], 'round_anchor_x': None, 'round_anchor_y': None, 'opacity': 1.0, 'z': 0, 'reset_animations_events': {}, 'color': [1.0, 1.0, 1.0, 1.0], 'style': [], 'adjust_top': 0, 'adjust_bottom': 0, 'adjust_left': 0, 'adjust_right': 0, 'expire': None, 'key': None, 'widget': None, 'events_when_added': [], 'events_when_removed': [], 'bitmap_font': False, 'font_kerning': True, 'bold': False, 'italic': False, 'number_grouping': False, 'min_digits': 0, 'halign': 'center', 'valign': 'middle', 'rotation': 0, 'scale': 1.0, 'casing': None, 'outline_color': [1.0, 1.0, 1.0, 1.0], 'outline_width': 0, 'animations': None}, {'type': 'text', 'text': 'BALL (ball)', 'y': '10', 'x': 'right-10', 'anchor_x': 'right', 'anchor_y': 'bottom', 'font_size': 50, '_default_settings': ['type', 'text', 'y', 'x', 'anchor_x', 'anchor_y', 'font_size'], 'round_anchor_x': None, 'round_anchor_y': None, 'opacity': 1.0, 'z': 0, 'reset_animations_events': {}, 'color': [1.0, 1.0, 1.0, 1.0], 'style': [], 'adjust_top': 0, 'adjust_bottom': 0, 'adjust_left': 0, 'adjust_right': 0, 'expire': None, 'key': None, 'widget': None, 'events_when_added': [], 'events_when_removed': [], 'bitmap_font': False, 'font_kerning': True, 'bold': False, 'italic': False, 'number_grouping': False, 'min_digits': 0, 'halign': 'center', 'valign': 'middle', 'rotation': 0, 'scale': 1.0, 'casing': None, 'outline_color': [1.0, 1.0, 1.0, 1.0], 'outline_width': 0, 'animations': None}, {'type': 'text', 'text': 'POTATO VALUE: (potato)', 'y': '40%', '_default_settings': ['type', 'text', 'y'], 'x': None, 'anchor_x': 'center', 'anchor_y': 'center', 'round_anchor_x': None, 'round_anchor_y': None, 'opacity': 1.0, 'z': 0, 'reset_animations_events': {}, 'color': [1.0, 1.0, 1.0, 1.0], 'style': [], 'adjust_top': 0, 'adjust_bottom': 0, 'adjust_left': 0, 'adjust_right': 0, 'expire': None, 'key': None, 'widget': None, 'events_when_added': [], 'events_when_removed': [], 'font_size': 15, 'bitmap_font': False, 'font_kerning': True, 'bold': False, 'italic': False, 'number_grouping': False, 'min_digits': 0, 'halign': 'center', 'valign': 'middle', 'rotation': 0, 'scale': 1.0, 'casing': None, 'outline_color': [1.0, 1.0, 1.0, 1.0], 'outline_width': 0, 'animations': None}], 'target': None, 'background_color': [0.0, 0.0, 0.0, 1.0], 'priority': None, 'show': True, 'force': False, 'expire': None, 'slide': None, 'tokens': {}, 'action': 'play'}}
2025-10-11 19:16:06,571 : EventManager : Event: ======'slide_base.slide_player-mode_base_started_created'====== Args={}
2025-10-11 19:16:06,573 : EventManager : Event: ======'slide_base.slide_player-mode_base_started_active'====== Args={}
2025-10-11 19:16:06,661 : EventManager : Event: ======'loading_assets'====== Args={'total': 1, 'loaded': 1, 'remaining': 0, 'percent': 100}
2025-10-11 19:16:06,661 : AssetManager : Asset loading took: 6.018470287322998
2025-10-11 19:16:06,661 : EventManager : Event: ======'asset_loading_complete'====== Args={}
2025-10-11 19:16:06,661 : AssetManager : Loading assets: 1/1 (100%)
2025-10-11 19:16:06,724 : EventManager : Event: ======'machine_var_audits_switches_s_plunger'====== Args={'value': 347, 'prev_value': 346, 'change': 1}
2025-10-11 19:16:09,554 : EventManager : Event: ======'machine_var_audits_switches_s_right_rollover'====== Args={'value': 280, 'prev_value': 279, 'change': 1}
2025-10-11 19:16:09,566 : EventManager : Event: ======'player_shot_right_rollover_shot'====== Args={'value': 1, 'prev_value': 0, 'change': 1, 'player_num': 1}
2025-10-11 19:16:09,566 : EventManager : Event: ======'machine_var_audits_shots_right_rollover_shot'====== Args={'value': 271, 'prev_value': 270, 'change': 1}
2025-10-11 19:16:09,567 : EventManager : Event: ======'player_score'====== Args={'value': 300, 'prev_value': 0, 'change': 300, 'player_num': 1}
2025-10-11 19:16:11,040 : EventManager : Event: ======'machine_var_audits_switches_s_center_rollover'====== Args={'value': 272, 'prev_value': 271, 'change': 1}
2025-10-11 19:16:11,052 : EventManager : Event: ======'player_shot_center_rollover_shot'====== Args={'value': 1, 'prev_value': 0, 'change': 1, 'player_num': 1}
2025-10-11 19:16:11,052 : EventManager : Event: ======'machine_var_audits_shots_center_rollover_shot'====== Args={'value': 263, 'prev_value': 262, 'change': 1}
2025-10-11 19:16:11,052 : EventManager : Event: ======'player_score'====== Args={'value': 500, 'prev_value': 300, 'change': 200, 'player_num': 1}
2025-10-11 19:16:11,984 : EventManager : Event: ======'machine_var_audits_switches_s_left_rollover'====== Args={'value': 215, 'prev_value': 214, 'change': 1}
2025-10-11 19:16:12,022 : EventManager : Event: ======'player_shot_left_rollover_shot'====== Args={'value': 1, 'prev_value': 0, 'change': 1, 'player_num': 1}
2025-10-11 19:16:12,022 : EventManager : Event: ======'machine_var_audits_shots_left_rollover_shot'====== Args={'value': 207, 'prev_value': 206, 'change': 1}
2025-10-11 19:16:12,022 : EventManager : Event: ======'sounds_play'====== Args={'settings': {'go': {'action': 'play', 'loops': 1, 'priority': None, 'block': False, 'delay': None, 'track': None, 'volume': None, 'ducking': {}, 'pan': None, 'start_at': None, 'fade_in': None, 'fade_out': None, 'about_to_finish_time': -1.0, 'max_queue_time': -1.0, 'events_when_played': ['use_sound_setting'], 'events_when_stopped': ['use_sound_setting'], 'events_when_looping': ['use_sound_setting'], 'events_when_about_to_finish': ['use_sound_setting'], 'mode_end_action': 'use_sound_setting', 'key': 'use_sound_setting'}}, 'context': 'base', 'calling_context': 'rollover_lanes_complete', 'priority': 100, 'state': 'lit'}
2025-10-11 19:16:12,022 : EventManager : Event: ======'player_skillshot_mode_timer_tick'====== Args={'value': 5, 'prev_value': 0, 'change': 5, 'player_num': 1}
2025-10-11 19:16:12,022 : EventManager : Event: ======'player_skillshot_target_rotator_tick'====== Args={'value': 0, 'prev_value': 0, 'change': 0, 'player_num': 1}
2025-10-11 19:16:12,022 : EventManager : Event: ======'player_shot_standup_1_skill_enabled'====== Args={'value': True, 'prev_value': 0, 'change': 1, 'player_num': 1}
2025-10-11 19:16:12,022 : EventManager : Event: ======'player_shot_standup_2_skill_enabled'====== Args={'value': True, 'prev_value': 0, 'change': 1, 'player_num': 1}
2025-10-11 19:16:12,022 : EventManager : Event: ======'player_shot_standup_3_skill_enabled'====== Args={'value': True, 'prev_value': 0, 'change': 1, 'player_num': 1}
2025-10-11 19:16:12,022 : EventManager : Event: ======'player_shot_standup_4_skill_enabled'====== Args={'value': True, 'prev_value': 0, 'change': 1, 'player_num': 1}
2025-10-11 19:16:12,022 : EventManager : Event: ======'player_shot_standup_5_skill_enabled'====== Args={'value': True, 'prev_value': 0, 'change': 1, 'player_num': 1}
2025-10-11 19:16:12,023 : EventManager : Event: ======'player_shot_standup_6_skill_enabled'====== Args={'value': True, 'prev_value': 0, 'change': 1, 'player_num': 1}
2025-10-11 19:16:12,023 : EventManager : Event: ======'player_shot_left_rollover_shot'====== Args={'value': 0, 'prev_value': 1, 'change': -1, 'player_num': 1}
2025-10-11 19:16:12,023 : EventManager : Event: ======'player_shot_center_rollover_shot'====== Args={'value': 0, 'prev_value': 1, 'change': -1, 'player_num': 1}
2025-10-11 19:16:12,023 : EventManager : Event: ======'player_shot_right_rollover_shot'====== Args={'value': 0, 'prev_value': 1, 'change': -1, 'player_num': 1}
2025-10-11 19:16:12,023 : EventManager : Event: ======'player_score'====== Args={'value': 5500, 'prev_value': 500, 'change': 5000, 'player_num': 1}
2025-10-11 19:16:12,023 : EventManager : Event: ======'sounds_play'====== Args={'settings': {'go': {'action': 'play', 'loops': 1, 'priority': None, 'block': False, 'delay': None, 'track': None, 'volume': None, 'ducking': {}, 'pan': None, 'start_at': None, 'fade_in': None, 'fade_out': None, 'about_to_finish_time': -1.0, 'max_queue_time': -1.0, 'events_when_played': ['use_sound_setting'], 'events_when_stopped': ['use_sound_setting'], 'events_when_looping': ['use_sound_setting'], 'events_when_about_to_finish': ['use_sound_setting'], 'mode_end_action': 'use_sound_setting', 'key': 'use_sound_setting'}}, 'context': 'base', 'calling_context': 'rollover_lanes_complete', 'priority': 100, 'state': 'unlit'}
2025-10-11 19:16:12,024 : EventManager : Event: ======'player_score'====== Args={'value': 5600, 'prev_value': 5500, 'change': 100, 'player_num': 1}
2025-10-11 19:16:12,024 : EventManager : Event: ======'player_shot_standup_1_skill'====== Args={'value': 1, 'prev_value': 0, 'change': 1, 'player_num': 1}
2025-10-11 19:16:12,024 : EventManager : Event: ======'slides_play'====== Args={'settings': {'widgets': {'widgets': [{'type': 'text', 'text': '(SKILL SHOT!!!!!)', 'number_grouping': True, 'min_digits': 2, 'font_size': 50, '_default_settings': ['type', 'text', 'number_grouping', 'min_digits', 'font_size'], 'x': None, 'y': None, 'anchor_x': 'center', 'anchor_y': 'center', 'round_anchor_x': None, 'round_anchor_y': None, 'opacity': 1.0, 'z': 0, 'reset_animations_events': {}, 'color': [1.0, 1.0, 1.0, 1.0], 'style': [], 'adjust_top': 0, 'adjust_bottom': 0, 'adjust_left': 0, 'adjust_right': 0, 'expire': None, 'key': None, 'widget': None, 'events_when_added': [], 'events_when_removed': [], 'bitmap_font': False, 'font_kerning': True, 'bold': False, 'italic': False, 'halign': 'center', 'valign': 'middle', 'rotation': 0, 'scale': 1.0, 'casing': None, 'outline_color': [1.0, 1.0, 1.0, 1.0], 'outline_width': 0, 'animations': None}], 'target': None, 'background_color': [0.0, 0.0, 0.0, 1.0], 'priority': None, 'show': True, 'force': False, 'expire': None, 'slide': None, 'tokens': {}, 'action': 'play'}}, 'context': 'skillshot', 'calling_context': 'mode_skillshot_started', 'priority': 150}
2025-10-11 19:16:12,025 : mpfmc : SlidePlayer: Play called with settings={'widgets': {'widgets': [{'type': 'text', 'text': '(SKILL SHOT!!!!!)', 'number_grouping': True, 'min_digits': 2, 'font_size': 50, '_default_settings': ['type', 'text', 'number_grouping', 'min_digits', 'font_size'], 'x': None, 'y': None, 'anchor_x': 'center', 'anchor_y': 'center', 'round_anchor_x': None, 'round_anchor_y': None, 'opacity': 1.0, 'z': 0, 'reset_animations_events': {}, 'color': [1.0, 1.0, 1.0, 1.0], 'style': [], 'adjust_top': 0, 'adjust_bottom': 0, 'adjust_left': 0, 'adjust_right': 0, 'expire': None, 'key': None, 'widget': None, 'events_when_added': [], 'events_when_removed': [], 'bitmap_font': False, 'font_kerning': True, 'bold': False, 'italic': False, 'halign': 'center', 'valign': 'middle', 'rotation': 0, 'scale': 1.0, 'casing': None, 'outline_color': [1.0, 1.0, 1.0, 1.0], 'outline_width': 0, 'animations': None}], 'target': None, 'background_color': [0.0, 0.0, 0.0, 1.0], 'priority': None, 'show': True, 'force': False, 'expire': None, 'slide': None, 'tokens': {}, 'action': 'play'}}
2025-10-11 19:16:12,028 : EventManager : Event: ======'slide_skillshot.slide_player-mode_skillshot_started_created'====== Args={}
2025-10-11 19:16:12,029 : EventManager : Event: ======'slide_skillshot.slide_player-mode_skillshot_started_active'====== Args={}
2025-10-11 19:16:12,032 : EventManager : Event: ======'loading_assets'====== Args={'total': 1, 'loaded': 1, 'remaining': 0, 'percent': 100}
2025-10-11 19:16:12,032 : AssetManager : Asset loading took: 11.390113353729248
2025-10-11 19:16:12,032 : EventManager : Event: ======'asset_loading_complete'====== Args={}
2025-10-11 19:16:12,032 : AssetManager : Loading assets: 1/1 (100%)
2025-10-11 19:16:12,988 : EventManager : Event: ======'player_skillshot_target_rotator_tick'====== Args={'value': 1, 'prev_value': 0, 'change': 1, 'player_num': 1}
2025-10-11 19:16:13,013 : EventManager : Event: ======'player_skillshot_mode_timer_tick'====== Args={'value': 4, 'prev_value': 5, 'change': -1, 'player_num': 1}
2025-10-11 19:16:13,013 : EventManager : Event: ======'player_shot_standup_1_skill'====== Args={'value': 0, 'prev_value': 1, 'change': -1, 'player_num': 1}
2025-10-11 19:16:13,013 : EventManager : Event: ======'player_shot_standup_2_skill'====== Args={'value': 1, 'prev_value': 0, 'change': 1, 'player_num': 1}
2025-10-11 19:16:13,979 : EventManager : Event: ======'player_skillshot_mode_timer_tick'====== Args={'value': 3, 'prev_value': 4, 'change': -1, 'player_num': 1}
2025-10-11 19:16:14,004 : EventManager : Event: ======'player_skillshot_target_rotator_tick'====== Args={'value': 2, 'prev_value': 1, 'change': 1, 'player_num': 1}
2025-10-11 19:16:14,004 : EventManager : Event: ======'player_shot_standup_2_skill'====== Args={'value': 0, 'prev_value': 1, 'change': -1, 'player_num': 1}
2025-10-11 19:16:14,005 : EventManager : Event: ======'player_shot_standup_3_skill'====== Args={'value': 1, 'prev_value': 0, 'change': 1, 'player_num': 1}
2025-10-11 19:16:14,246 : EventManager : Event: ======'machine_var_audits_switches_s_standup_2'====== Args={'value': 35, 'prev_value': 34, 'change': 1}
2025-10-11 19:16:14,271 : EventManager : Event: ======'player_shot_standup_2_skill'====== Args={'value': 1, 'prev_value': 0, 'change': 1, 'player_num': 1}
2025-10-11 19:16:14,271 : EventManager : Event: ======'machine_var_audits_shots_standup_2_skill'====== Args={'value': 16, 'prev_value': 15, 'change': 1}
2025-10-11 19:16:14,271 : EventManager : Event: ======'player_score'====== Args={'value': 505600, 'prev_value': 5600, 'change': 500000, 'player_num': 1}
2025-10-11 19:16:14,271 : EventManager : Event: ======'slides_clear'====== Args={'context': 'skillshot'}
2025-10-11 19:16:14,271 : EventManager : Event: ======'slide_skillshot.slide_player-mode_skillshot_started_removed'====== Args={}
2025-10-11 19:16:14,273 : EventManager : Event: ======'slide_base.slide_player-mode_base_started_active'====== Args={}
2025-10-11 19:16:30,469 : EventManager : Event: ======'machine_var_audits_switches_s_right_standup'====== Args={'value': 2, 'prev_value': 1, 'change': 1}
2025-10-11 19:16:31,192 : EventManager : Event: ======'machine_var_audits_switches_s_right_standup'====== Args={'value': 3, 'prev_value': 2, 'change': 1}
2025-10-11 19:16:31,683 : EventManager : Event: ======'machine_var_audits_switches_s_right_standup'====== Args={'value': 4, 'prev_value': 3, 'change': 1}
2025-10-11 19:16:33,177 : EventManager : Event: ======'machine_var_audits_switches_s_right_standup'====== Args={'value': 5, 'prev_value': 4, 'change': 1}
2025-10-11 19:16:33,837 : EventManager : Event: ======'machine_var_audits_switches_s_right_standup'====== Args={'value': 6, 'prev_value': 5, 'change': 1}
2025-10-11 19:17:20,244 : EventManager : Event: ======'machine_var_audits_switches_s_bumper2'====== Args={'value': 394, 'prev_value': 393, 'change': 1}
2025-10-11 19:17:20,244 : EventManager : Event: ======'player_shot_jets'====== Args={'value': 1, 'prev_value': 0, 'change': 1, 'player_num': 1}
2025-10-11 19:17:20,244 : EventManager : Event: ======'machine_var_audits_shots_jets'====== Args={'value': 448, 'prev_value': 447, 'change': 1}
2025-10-11 19:17:20,244 : EventManager : Event: ======'player_shot_bumper2_shot'====== Args={'value': 1, 'prev_value': 0, 'change': 1, 'player_num': 1}
2025-10-11 19:17:20,244 : EventManager : Event: ======'machine_var_audits_shots_bumper2_shot'====== Args={'value': 390, 'prev_value': 389, 'change': 1}
2025-10-11 19:17:20,244 : EventManager : Event: ======'player_score'====== Args={'value': 505700, 'prev_value': 505600, 'change': 100, 'player_num': 1}
2025-10-11 19:17:21,883 : EventManager : Event: ======'machine_var_audits_switches_s_bumper1'====== Args={'value': 118, 'prev_value': 117, 'change': 1}
2025-10-11 19:17:21,908 : EventManager : Event: ======'machine_var_audits_shots_jets'====== Args={'value': 449, 'prev_value': 448, 'change': 1}
2025-10-11 19:17:21,908 : EventManager : Event: ======'player_shot_bumper1_shot'====== Args={'value': 1, 'prev_value': 0, 'change': 1, 'player_num': 1}
2025-10-11 19:17:21,909 : EventManager : Event: ======'machine_var_audits_shots_bumper1_shot'====== Args={'value': 118, 'prev_value': 117, 'change': 1}
2025-10-11 19:17:21,910 : EventManager : Event: ======'player_score'====== Args={'value': 505800, 'prev_value': 505700, 'change': 100, 'player_num': 1}
2025-10-11 19:17:22,768 : EventManager : Event: ======'machine_var_audits_switches_s_bumper2'====== Args={'value': 395, 'prev_value': 394, 'change': 1}
2025-10-11 19:17:22,780 : EventManager : Event: ======'machine_var_audits_shots_jets'====== Args={'value': 450, 'prev_value': 449, 'change': 1}
2025-10-11 19:17:22,780 : EventManager : Event: ======'machine_var_audits_shots_bumper2_shot'====== Args={'value': 391, 'prev_value': 390, 'change': 1}
2025-10-11 19:17:22,780 : EventManager : Event: ======'player_score'====== Args={'value': 505900, 'prev_value': 505800, 'change': 100, 'player_num': 1}
2025-10-11 19:17:23,566 : EventManager : Event: ======'machine_var_audits_switches_s_bumper2'====== Args={'value': 396, 'prev_value': 395, 'change': 1}
2025-10-11 19:17:23,566 : EventManager : Event: ======'machine_var_audits_shots_jets'====== Args={'value': 451, 'prev_value': 450, 'change': 1}
2025-10-11 19:17:23,566 : EventManager : Event: ======'machine_var_audits_shots_bumper2_shot'====== Args={'value': 392, 'prev_value': 391, 'change': 1}
2025-10-11 19:17:23,566 : EventManager : Event: ======'player_score'====== Args={'value': 506000, 'prev_value': 505900, 'change': 100, 'player_num': 1}
2025-10-11 19:17:24,144 : EventManager : Event: ======'machine_var_audits_switches_s_bumper2'====== Args={'value': 397, 'prev_value': 396, 'change': 1}
2025-10-11 19:17:24,168 : EventManager : Event: ======'machine_var_audits_shots_jets'====== Args={'value': 452, 'prev_value': 451, 'change': 1}
2025-10-11 19:17:24,168 : EventManager : Event: ======'machine_var_audits_shots_bumper2_shot'====== Args={'value': 393, 'prev_value': 392, 'change': 1}
2025-10-11 19:17:24,168 : EventManager : Event: ======'player_score'====== Args={'value': 506100, 'prev_value': 506000, 'change': 100, 'player_num': 1}
2025-10-11 19:17:24,465 : EventManager : Event: ======'machine_var_audits_switches_s_bumper2'====== Args={'value': 398, 'prev_value': 397, 'change': 1}
2025-10-11 19:17:24,465 : EventManager : Event: ======'machine_var_audits_shots_jets'====== Args={'value': 453, 'prev_value': 452, 'change': 1}
2025-10-11 19:17:24,465 : EventManager : Event: ======'machine_var_audits_shots_bumper2_shot'====== Args={'value': 394, 'prev_value': 393, 'change': 1}
2025-10-11 19:17:24,465 : EventManager : Event: ======'player_score'====== Args={'value': 506200, 'prev_value': 506100, 'change': 100, 'player_num': 1}
2025-10-11 19:17:24,749 : EventManager : Event: ======'machine_var_audits_switches_s_bumper2'====== Args={'value': 399, 'prev_value': 398, 'change': 1}
2025-10-11 19:17:24,749 : EventManager : Event: ======'machine_var_audits_shots_jets'====== Args={'value': 454, 'prev_value': 453, 'change': 1}
2025-10-11 19:17:24,749 : EventManager : Event: ======'machine_var_audits_shots_bumper2_shot'====== Args={'value': 395, 'prev_value': 394, 'change': 1}
2025-10-11 19:17:24,749 : EventManager : Event: ======'player_score'====== Args={'value': 506300, 'prev_value': 506200, 'change': 100, 'player_num': 1}
2025-10-11 19:17:24,982 : EventManager : Event: ======'machine_var_audits_switches_s_bumper2'====== Args={'value': 400, 'prev_value': 399, 'change': 1}
2025-10-11 19:17:24,982 : EventManager : Event: ======'machine_var_audits_shots_jets'====== Args={'value': 455, 'prev_value': 454, 'change': 1}
2025-10-11 19:17:24,982 : EventManager : Event: ======'machine_var_audits_shots_bumper2_shot'====== Args={'value': 396, 'prev_value': 395, 'change': 1}
2025-10-11 19:17:24,982 : EventManager : Event: ======'player_score'====== Args={'value': 506400, 'prev_value': 506300, 'change': 100, 'player_num': 1}
2025-10-11 19:17:25,289 : EventManager : Event: ======'machine_var_audits_switches_s_bumper2'====== Args={'value': 401, 'prev_value': 400, 'change': 1}
2025-10-11 19:17:25,301 : EventManager : Event: ======'machine_var_audits_shots_jets'====== Args={'value': 456, 'prev_value': 455, 'change': 1}
2025-10-11 19:17:25,301 : EventManager : Event: ======'machine_var_audits_shots_bumper2_shot'====== Args={'value': 397, 'prev_value': 396, 'change': 1}
2025-10-11 19:17:25,302 : EventManager : Event: ======'player_score'====== Args={'value': 506500, 'prev_value': 506400, 'change': 100, 'player_num': 1}
2025-10-11 19:17:25,606 : EventManager : Event: ======'machine_var_audits_switches_s_bumper2'====== Args={'value': 402, 'prev_value': 401, 'change': 1}
2025-10-11 19:17:25,630 : EventManager : Event: ======'machine_var_audits_shots_jets'====== Args={'value': 457, 'prev_value': 456, 'change': 1}
2025-10-11 19:17:25,630 : EventManager : Event: ======'machine_var_audits_shots_bumper2_shot'====== Args={'value': 398, 'prev_value': 397, 'change': 1}
2025-10-11 19:17:25,630 : EventManager : Event: ======'player_score'====== Args={'value': 506600, 'prev_value': 506500, 'change': 100, 'player_num': 1}
2025-10-11 19:17:25,631 : EventManager : Event: ======'slides_play'====== Args={'settings': {'super_jets_startup': {'widgets': [{'type': 'text', 'text': 'SUPER JETS', 'font_size': 20, 'y': '60%', '_default_settings': ['type', 'text', 'font_size', 'y'], 'x': None, 'anchor_x': 'center', 'anchor_y': 'center', 'round_anchor_x': None, 'round_anchor_y': None, 'opacity': 1.0, 'z': 0, 'reset_animations_events': {}, 'color': [1.0, 1.0, 1.0, 1.0], 'style': [], 'adjust_top': 0, 'adjust_bottom': 0, 'adjust_left': 0, 'adjust_right': 0, 'expire': None, 'key': None, 'widget': None, 'events_when_added': [], 'events_when_removed': [], 'bitmap_font': False, 'font_kerning': True, 'bold': False, 'italic': False, 'number_grouping': False, 'min_digits': 0, 'halign': 'center', 'valign': 'middle', 'rotation': 0, 'scale': 1.0, 'casing': None, 'outline_color': [1.0, 1.0, 1.0, 1.0], 'outline_width': 0, 'animations': None}], 'target': None, 'background_color': [0.0, 0.0, 0.0, 1.0], 'priority': None, 'show': True, 'force': False, 'expire': None, 'slide': None, 'tokens': {}, 'action': 'play'}}, 'context': 'show_39', 'calling_context': 0, 'priority': 300, 'show_tokens': {}, 'start_time': 4543.281}
2025-10-11 19:17:25,631 : EventManager : Event: ======'player_sj_active'====== Args={'value': 1, 'prev_value': 0, 'change': 1, 'player_num': 1}
2025-10-11 19:17:25,632 : mpfmc : SlidePlayer: Play called with settings={'super_jets_startup': {'widgets': [{'type': 'text', 'text': 'SUPER JETS', 'font_size': 20, 'y': '60%', '_default_settings': ['type', 'text', 'font_size', 'y'], 'x': None, 'anchor_x': 'center', 'anchor_y': 'center', 'round_anchor_x': None, 'round_anchor_y': None, 'opacity': 1.0, 'z': 0, 'reset_animations_events': {}, 'color': [1.0, 1.0, 1.0, 1.0], 'style': [], 'adjust_top': 0, 'adjust_bottom': 0, 'adjust_left': 0, 'adjust_right': 0, 'expire': None, 'key': None, 'widget': None, 'events_when_added': [], 'events_when_removed': [], 'bitmap_font': False, 'font_kerning': True, 'bold': False, 'italic': False, 'number_grouping': False, 'min_digits': 0, 'halign': 'center', 'valign': 'middle', 'rotation': 0, 'scale': 1.0, 'casing': None, 'outline_color': [1.0, 1.0, 1.0, 1.0], 'outline_width': 0, 'animations': None}], 'target': None, 'background_color': [0.0, 0.0, 0.0, 1.0], 'priority': None, 'show': True, 'force': False, 'expire': None, 'slide': None, 'tokens': {}, 'action': 'play'}}
2025-10-11 19:17:25,637 : EventManager : Event: ======'slide_super_jets_startup_created'====== Args={}
2025-10-11 19:17:25,639 : EventManager : Event: ======'slide_super_jets_startup_active'====== Args={}
2025-10-11 19:17:27,484 : EventManager : Event: ======'machine_var_audits_switches_s_bumper2'====== Args={'value': 403, 'prev_value': 402, 'change': 1}
2025-10-11 19:17:27,496 : EventManager : Event: ======'player_score'====== Args={'value': 3506600, 'prev_value': 506600, 'change': 3000000, 'player_num': 1}
2025-10-11 19:17:27,496 : EventManager : Event: ======'machine_var_audits_shots_jets'====== Args={'value': 458, 'prev_value': 457, 'change': 1}
2025-10-11 19:17:27,496 : EventManager : Event: ======'machine_var_audits_shots_bumper2_shot'====== Args={'value': 399, 'prev_value': 398, 'change': 1}
2025-10-11 19:17:27,496 : EventManager : Event: ======'player_score'====== Args={'value': 3506700, 'prev_value': 3506600, 'change': 100, 'player_num': 1}
2025-10-11 19:17:27,636 : EventManager : Event: ======'slides_clear'====== Args={'context': 'show_39'}
2025-10-11 19:17:27,636 : EventManager : Event: ======'slide_super_jets_startup_removed'====== Args={}
2025-10-11 19:17:27,636 : EventManager : Event: ======'slide_base.slide_player-mode_base_started_active'====== Args={}
2025-10-11 19:17:29,591 : EventManager : Event: ======'machine_var_audits_switches_s_bumper2'====== Args={'value': 404, 'prev_value': 403, 'change': 1}
2025-10-11 19:17:29,603 : EventManager : Event: ======'player_score'====== Args={'value': 6506700, 'prev_value': 3506700, 'change': 3000000, 'player_num': 1}
2025-10-11 19:17:29,603 : EventManager : Event: ======'machine_var_audits_shots_jets'====== Args={'value': 459, 'prev_value': 458, 'change': 1}
2025-10-11 19:17:29,603 : EventManager : Event: ======'machine_var_audits_shots_bumper2_shot'====== Args={'value': 400, 'prev_value': 399, 'change': 1}
2025-10-11 19:17:29,603 : EventManager : Event: ======'player_score'====== Args={'value': 6506800, 'prev_value': 6506700, 'change': 100, 'player_num': 1}
2025-10-11 19:17:30,332 : EventManager : Event: ======'machine_var_audits_switches_s_bumper2'====== Args={'value': 405, 'prev_value': 404, 'change': 1}
2025-10-11 19:17:30,344 : EventManager : Event: ======'player_score'====== Args={'value': 9506800, 'prev_value': 6506800, 'change': 3000000, 'player_num': 1}
2025-10-11 19:17:30,344 : EventManager : Event: ======'machine_var_audits_shots_jets'====== Args={'value': 460, 'prev_value': 459, 'change': 1}
2025-10-11 19:17:30,344 : EventManager : Event: ======'machine_var_audits_shots_bumper2_shot'====== Args={'value': 401, 'prev_value': 400, 'change': 1}
2025-10-11 19:17:30,344 : EventManager : Event: ======'player_score'====== Args={'value': 9506900, 'prev_value': 9506800, 'change': 100, 'player_num': 1}
2025-10-11 19:17:30,796 : EventManager : Event: ======'machine_var_audits_switches_s_bumper2'====== Args={'value': 406, 'prev_value': 405, 'change': 1}
2025-10-11 19:17:30,796 : EventManager : Event: ======'player_score'====== Args={'value': 12506900, 'prev_value': 9506900, 'change': 3000000, 'player_num': 1}
2025-10-11 19:17:30,796 : EventManager : Event: ======'machine_var_audits_shots_jets'====== Args={'value': 461, 'prev_value': 460, 'change': 1}
2025-10-11 19:17:30,796 : EventManager : Event: ======'machine_var_audits_shots_bumper2_shot'====== Args={'value': 402, 'prev_value': 401, 'change': 1}
2025-10-11 19:17:30,796 : EventManager : Event: ======'player_score'====== Args={'value': 12507000, 'prev_value': 12506900, 'change': 100, 'player_num': 1}
2025-10-11 19:17:33,209 : EventManager : Event: ======'machine_var_audits_switches_s_trough1'====== Args={'value': 225, 'prev_value': 224, 'change': 1}
2025-10-11 19:17:33,712 : EventManager : Event: ======'slides_clear'====== Args={'context': 'base'}
2025-10-11 19:17:33,712 : EventManager : Event: ======'sounds_clear'====== Args={'context': 'base'}
2025-10-11 19:17:33,712 : EventManager : Event: ======'slide_base.slide_player-mode_base_started_removed'====== Args={}
2025-10-11 19:17:33,712 : EventManager : Event: ======'sounds_play'====== Args={'settings': {'mode': {'action': 'stop', 'priority': None, 'block': False, 'delay': None, 'track': None, 'volume': None, 'ducking': {}, 'pan': None, 'loops': None, 'start_at': None, 'fade_in': None, 'fade_out': None, 'about_to_finish_time': -1.0, 'max_queue_time': -1.0, 'events_when_played': ['use_sound_setting'], 'events_when_stopped': ['use_sound_setting'], 'events_when_looping': ['use_sound_setting'], 'events_when_about_to_finish': ['use_sound_setting'], 'mode_end_action': 'use_sound_setting', 'key': 'use_sound_setting'}}, 'context': '_global', 'calling_context': 'mode_base_stopped', 'priority': 0}
2025-10-11 19:17:33,713 : EventManager : Event: ======'slide_window_blank_active'====== Args={}
2025-10-11 19:17:33,787 : EventManager : Event: ======'player_ball'====== Args={'value': 2, 'prev_value': 1, 'change': 1, 'player_num': 1}
2025-10-11 19:17:33,863 : EventManager : Event: ======'slides_play'====== Args={'settings': {'widgets': {'widgets': [{'type': 'text', 'text': '(score)', 'number_grouping': True, 'min_digits': 2, 'font_size': 100, '_default_settings': ['type', 'text', 'number_grouping', 'min_digits', 'font_size'], 'x': None, 'y': None, 'anchor_x': 'center', 'anchor_y': 'center', 'round_anchor_x': None, 'round_anchor_y': None, 'opacity': 1.0, 'z': 0, 'reset_animations_events': {}, 'color': [1.0, 1.0, 1.0, 1.0], 'style': [], 'adjust_top': 0, 'adjust_bottom': 0, 'adjust_left': 0, 'adjust_right': 0, 'expire': None, 'key': None, 'widget': None, 'events_when_added': [], 'events_when_removed': [], 'bitmap_font': False, 'font_kerning': True, 'bold': False, 'italic': False, 'halign': 'center', 'valign': 'middle', 'rotation': 0, 'scale': 1.0, 'casing': None, 'outline_color': [1.0, 1.0, 1.0, 1.0], 'outline_width': 0, 'animations': None}, {'type': 'text', 'text': 'PLAYER (number)', 'y': '10', 'x': '10', 'font_size': 50, 'anchor_x': 'left', 'anchor_y': 'bottom', '_default_settings': ['type', 'text', 'y', 'x', 'font_size', 'anchor_x', 'anchor_y'], 'round_anchor_x': None, 'round_anchor_y': None, 'opacity': 1.0, 'z': 0, 'reset_animations_events': {}, 'color': [1.0, 1.0, 1.0, 1.0], 'style': [], 'adjust_top': 0, 'adjust_bottom': 0, 'adjust_left': 0, 'adjust_right': 0, 'expire': None, 'key': None, 'widget': None, 'events_when_added': [], 'events_when_removed': [], 'bitmap_font': False, 'font_kerning': True, 'bold': False, 'italic': False, 'number_grouping': False, 'min_digits': 0, 'halign': 'center', 'valign': 'middle', 'rotation': 0, 'scale': 1.0, 'casing': None, 'outline_color': [1.0, 1.0, 1.0, 1.0], 'outline_width': 0, 'animations': None}, {'type': 'text', 'text': 'BALL (ball)', 'y': '10', 'x': 'right-10', 'anchor_x': 'right', 'anchor_y': 'bottom', 'font_size': 50, '_default_settings': ['type', 'text', 'y', 'x', 'anchor_x', 'anchor_y', 'font_size'], 'round_anchor_x': None, 'round_anchor_y': None, 'opacity': 1.0, 'z': 0, 'reset_animations_events': {}, 'color': [1.0, 1.0, 1.0, 1.0], 'style': [], 'adjust_top': 0, 'adjust_bottom': 0, 'adjust_left': 0, 'adjust_right': 0, 'expire': None, 'key': None, 'widget': None, 'events_when_added': [], 'events_when_removed': [], 'bitmap_font': False, 'font_kerning': True, 'bold': False, 'italic': False, 'number_grouping': False, 'min_digits': 0, 'halign': 'center', 'valign': 'middle', 'rotation': 0, 'scale': 1.0, 'casing': None, 'outline_color': [1.0, 1.0, 1.0, 1.0], 'outline_width': 0, 'animations': None}, {'type': 'text', 'text': 'POTATO VALUE: (potato)', 'y': '40%', '_default_settings': ['type', 'text', 'y'], 'x': None, 'anchor_x': 'center', 'anchor_y': 'center', 'round_anchor_x': None, 'round_anchor_y': None, 'opacity': 1.0, 'z': 0, 'reset_animations_events': {}, 'color': [1.0, 1.0, 1.0, 1.0], 'style': [], 'adjust_top': 0, 'adjust_bottom': 0, 'adjust_left': 0, 'adjust_right': 0, 'expire': None, 'key': None, 'widget': None, 'events_when_added': [], 'events_when_removed': [], 'font_size': 15, 'bitmap_font': False, 'font_kerning': True, 'bold': False, 'italic': False, 'number_grouping': False, 'min_digits': 0, 'halign': 'center', 'valign': 'middle', 'rotation': 0, 'scale': 1.0, 'casing': None, 'outline_color': [1.0, 1.0, 1.0, 1.0], 'outline_width': 0, 'animations': None}], 'target': None, 'background_color': [0.0, 0.0, 0.0, 1.0], 'priority': None, 'show': True, 'force': False, 'expire': None, 'slide': None, 'tokens': {}, 'action': 'play'}}, 'context': 'base', 'calling_context': 'mode_base_started', 'priority': 100, 'player': 1, 'ball': 2, 'balls_remaining': 1, 'is_extra_ball': False}
2025-10-11 19:17:33,863 : EventManager : Event: ======'sounds_play'====== Args={'settings': {'mode': {'action': 'play', 'loops': -1, 'priority': None, 'block': False, 'delay': None, 'track': None, 'volume': None, 'ducking': {}, 'pan': None, 'start_at': None, 'fade_in': None, 'fade_out': None, 'about_to_finish_time': -1.0, 'max_queue_time': -1.0, 'events_when_played': ['use_sound_setting'], 'events_when_stopped': ['use_sound_setting'], 'events_when_looping': ['use_sound_setting'], 'events_when_about_to_finish': ['use_sound_setting'], 'mode_end_action': 'use_sound_setting', 'key': 'use_sound_setting'}}, 'context': '_global', 'calling_context': 'mode_base_started', 'priority': 0, 'player': 1, 'ball': 2, 'balls_remaining': 1, 'is_extra_ball': False}
2025-10-11 19:17:33,863 : mpfmc : SlidePlayer: Play called with settings={'widgets': {'widgets': [{'type': 'text', 'text': '(score)', 'number_grouping': True, 'min_digits': 2, 'font_size': 100, '_default_settings': ['type', 'text', 'number_grouping', 'min_digits', 'font_size'], 'x': None, 'y': None, 'anchor_x': 'center', 'anchor_y': 'center', 'round_anchor_x': None, 'round_anchor_y': None, 'opacity': 1.0, 'z': 0, 'reset_animations_events': {}, 'color': [1.0, 1.0, 1.0, 1.0], 'style': [], 'adjust_top': 0, 'adjust_bottom': 0, 'adjust_left': 0, 'adjust_right': 0, 'expire': None, 'key': None, 'widget': None, 'events_when_added': [], 'events_when_removed': [], 'bitmap_font': False, 'font_kerning': True, 'bold': False, 'italic': False, 'halign': 'center', 'valign': 'middle', 'rotation': 0, 'scale': 1.0, 'casing': None, 'outline_color': [1.0, 1.0, 1.0, 1.0], 'outline_width': 0, 'animations': None}, {'type': 'text', 'text': 'PLAYER (number)', 'y': '10', 'x': '10', 'font_size': 50, 'anchor_x': 'left', 'anchor_y': 'bottom', '_default_settings': ['type', 'text', 'y', 'x', 'font_size', 'anchor_x', 'anchor_y'], 'round_anchor_x': None, 'round_anchor_y': None, 'opacity': 1.0, 'z': 0, 'reset_animations_events': {}, 'color': [1.0, 1.0, 1.0, 1.0], 'style': [], 'adjust_top': 0, 'adjust_bottom': 0, 'adjust_left': 0, 'adjust_right': 0, 'expire': None, 'key': None, 'widget': None, 'events_when_added': [], 'events_when_removed': [], 'bitmap_font': False, 'font_kerning': True, 'bold': False, 'italic': False, 'number_grouping': False, 'min_digits': 0, 'halign': 'center', 'valign': 'middle', 'rotation': 0, 'scale': 1.0, 'casing': None, 'outline_color': [1.0, 1.0, 1.0, 1.0], 'outline_width': 0, 'animations': None}, {'type': 'text', 'text': 'BALL (ball)', 'y': '10', 'x': 'right-10', 'anchor_x': 'right', 'anchor_y': 'bottom', 'font_size': 50, '_default_settings': ['type', 'text', 'y', 'x', 'anchor_x', 'anchor_y', 'font_size'], 'round_anchor_x': None, 'round_anchor_y': None, 'opacity': 1.0, 'z': 0, 'reset_animations_events': {}, 'color': [1.0, 1.0, 1.0, 1.0], 'style': [], 'adjust_top': 0, 'adjust_bottom': 0, 'adjust_left': 0, 'adjust_right': 0, 'expire': None, 'key': None, 'widget': None, 'events_when_added': [], 'events_when_removed': [], 'bitmap_font': False, 'font_kerning': True, 'bold': False, 'italic': False, 'number_grouping': False, 'min_digits': 0, 'halign': 'center', 'valign': 'middle', 'rotation': 0, 'scale': 1.0, 'casing': None, 'outline_color': [1.0, 1.0, 1.0, 1.0], 'outline_width': 0, 'animations': None}, {'type': 'text', 'text': 'POTATO VALUE: (potato)', 'y': '40%', '_default_settings': ['type', 'text', 'y'], 'x': None, 'anchor_x': 'center', 'anchor_y': 'center', 'round_anchor_x': None, 'round_anchor_y': None, 'opacity': 1.0, 'z': 0, 'reset_animations_events': {}, 'color': [1.0, 1.0, 1.0, 1.0], 'style': [], 'adjust_top': 0, 'adjust_bottom': 0, 'adjust_left': 0, 'adjust_right': 0, 'expire': None, 'key': None, 'widget': None, 'events_when_added': [], 'events_when_removed': [], 'font_size': 15, 'bitmap_font': False, 'font_kerning': True, 'bold': False, 'italic': False, 'number_grouping': False, 'min_digits': 0, 'halign': 'center', 'valign': 'middle', 'rotation': 0, 'scale': 1.0, 'casing': None, 'outline_color': [1.0, 1.0, 1.0, 1.0], 'outline_width': 0, 'animations': None}], 'target': None, 'background_color': [0.0, 0.0, 0.0, 1.0], 'priority': None, 'show': True, 'force': False, 'expire': None, 'slide': None, 'tokens': {}, 'action': 'play'}}
2025-10-11 19:17:33,871 : EventManager : Event: ======'slide_base.slide_player-mode_base_started_created'====== Args={}
2025-10-11 19:17:33,873 : EventManager : Event: ======'slide_base.slide_player-mode_base_started_active'====== Args={}
2025-10-11 19:17:34,017 : EventManager : Event: ======'machine_var_audits_switches_s_plunger'====== Args={'value': 348, 'prev_value': 347, 'change': 1}
2025-10-11 19:17:53,945 : kivy : Base: Leaving application in progress...
2025-10-11 19:17:53,959 : mpfmc : Stopping...
2025-10-11 19:17:53,959 : EventManager : Event: ======'shutdown'====== Args={}
2025-10-11 19:17:53,959 : AudioInterface : Disabling audio playback
2025-10-11 19:17:54,067 : mpfmc : Loop rate 77.5 Hz
