2025-10-17 18:51:47,871 : INFO : root : Loading config.
2025-10-17 18:51:47,875 : INFO : YamlMultifileConfigLoader : Machine config file #1: config.yaml
2025-10-17 18:51:47,876 : INFO : ConfigProcessor : Loading config from cache: C:\Users\richa\AppData\Local\Temp\f7776651e259183bd84a8c8d686bf868.mpf_cache
2025-10-17 18:51:47,961 : INFO : ConfigProcessor : Loading config from cache: C:\Users\richa\AppData\Local\Temp\70233839fc0b792ce11a62f3c18c1950.mpf_cache
2025-10-17 18:51:47,962 : INFO : ConfigProcessor : Loading config from cache: C:\Users\richa\AppData\Local\Temp\9c8dea79ca4d15ee886340e992e8cb9d.mpf_cache
2025-10-17 18:51:47,963 : INFO : ConfigProcessor : Loading config from cache: C:\Users\richa\AppData\Local\Temp\67a19b095f918111543419ac0271bfb1.mpf_cache
2025-10-17 18:51:47,964 : INFO : ConfigProcessor : Loading config from cache: C:\Users\richa\AppData\Local\Temp\be387b0e8ed00556ec738d83cd6947d1.mpf_cache
2025-10-17 18:51:47,965 : INFO : ConfigProcessor : Loading config from cache: C:\Users\richa\AppData\Local\Temp\5a8efabd9666d8c71fa755fc28a9bf1e.mpf_cache
2025-10-17 18:51:47,965 : INFO : ConfigProcessor : Loading config from cache: C:\Users\richa\AppData\Local\Temp\fb58745e58584e219ff53db445e8e9f2.mpf_cache
2025-10-17 18:51:47,966 : INFO : ConfigProcessor : Loading config from cache: C:\Users\richa\AppData\Local\Temp\3a5badf48d988f9fc0f9b093a934917d.mpf_cache
2025-10-17 18:51:47,967 : INFO : ConfigProcessor : Loading config from cache: C:\Users\richa\AppData\Local\Temp\9e788d9ac28f3464b985b20edf80a10e.mpf_cache
2025-10-17 18:51:47,968 : INFO : ConfigProcessor : Loading config from cache: C:\Users\richa\AppData\Local\Temp\7e426d8ffa907371bf962f3181d8bdf2.mpf_cache
2025-10-17 18:51:47,968 : INFO : ConfigProcessor : Loading config from cache: C:\Users\richa\AppData\Local\Temp\b710dc01437f1dfd05f3b5275f67493b.mpf_cache
2025-10-17 18:51:47,969 : INFO : ConfigProcessor : Loading config from cache: C:\Users\richa\AppData\Local\Temp\0a23590f4081187a3ecee75c7657616e.mpf_cache
2025-10-17 18:51:47,970 : INFO : ConfigProcessor : Loading config from cache: C:\Users\richa\AppData\Local\Temp\374a5edaf0766cb9005f368df852c09d.mpf_cache
2025-10-17 18:51:47,970 : INFO : ConfigProcessor : Loading config from cache: C:\Users\richa\AppData\Local\Temp\b50d1c72289d6f8f00cba34766fbb2e5.mpf_cache
2025-10-17 18:51:47,971 : INFO : ConfigProcessor : Loading config from cache: C:\Users\richa\AppData\Local\Temp\bfc680b70531e398658191c2a179bce0.mpf_cache
2025-10-17 18:51:47,972 : INFO : ConfigProcessor : Loading config from cache: C:\Users\richa\AppData\Local\Temp\069a726c379c7a3dc006889318eb30f2.mpf_cache
2025-10-17 18:51:47,973 : INFO : ConfigProcessor : Loading config from cache: C:\Users\richa\AppData\Local\Temp\6159dd3e8b071f5aa615e717784124e9.mpf_cache
2025-10-17 18:51:47,974 : INFO : ConfigProcessor : Loading config from cache: C:\Users\richa\AppData\Local\Temp\e382c4765158d2be92c1673fc03a4ad6.mpf_cache
2025-10-17 18:51:47,974 : INFO : ConfigProcessor : Loading config from cache: C:\Users\richa\AppData\Local\Temp\868b3b6361e3aaa0a56bd50d9388247e.mpf_cache
2025-10-17 18:51:47,975 : INFO : Machine : Mission Pinball Framework Core Engine v0.57.0.dev39
2025-10-17 18:51:47,975 : INFO : Machine : Command line arguments: {'no_load_cache': False, 'create_config_cache': True, 'bcp': True, 'configfile': ['config.yaml'], 'force_assets_load': False, 'jsonlogging': False, 'logfile': 'logs\\2025-10-17-18-51-47-mpf-DESKTOP-RK7BE5M.log', 'pause': False, 'production': False, 'text_ui': True, 'loglevel': 15, 'consoleloglevel': 20, 'force_platform': None, 'syslog_address': None, 'mc_file_name': None, 'no_sound': False}
2025-10-17 18:51:47,975 : INFO : Machine : MPF path: C:\Users\richa\mpfvirtual4\lib\site-packages\mpf
2025-10-17 18:51:47,975 : INFO : Machine : Machine path: C:\Users\richa\ttp7
2025-10-17 18:51:47,975 : INFO : Machine : Platform: win32
2025-10-17 18:51:47,975 : INFO : Machine : Python executable location: C:\Users\richa\mpfvirtual4\Scripts\python.exe
2025-10-17 18:51:47,975 : INFO : Machine : Python version: 3.9.13 (64-bit)
2025-10-17 18:51:47,977 : INFO : Machine : Initializing MPF...
2025-10-17 18:51:48,339 : INFO : EventManager : Event: ======'machine_var_credits_string'====== Args={'value': 'FREE PLAY', 'prev_value': None, 'change': True}
2025-10-17 18:51:48,398 : INFO : EventManager : Event: ======'machine_var_credit_units'====== Args={'value': 0, 'prev_value': None, 'change': True}
2025-10-17 18:51:48,399 : INFO : EventManager : Event: ======'machine_var_free_play'====== Args={'value': False, 'prev_value': None, 'change': True}
2025-10-17 18:51:48,399 : INFO : EventManager : Event: ======'machine_var_master_volume'====== Args={'value': 0.5, 'prev_value': None, 'change': True}
2025-10-17 18:51:48,399 : INFO : EventManager : Event: ======'machine_var_player1_score'====== Args={'value': 2100, 'prev_value': None, 'change': True}
2025-10-17 18:51:48,399 : INFO : EventManager : Event: ======'machine_var_mpf_version'====== Args={'value': 'Mission Pinball Framework v0.57.0.dev39', 'prev_value': None, 'change': True}
2025-10-17 18:51:48,399 : INFO : EventManager : Event: ======'machine_var_mpf_extended_version'====== Args={'value': 'Mission Pinball Framework v0.57.0.dev39, Config version:6, Show version: 6, BCP version:1.1', 'prev_value': None, 'change': True}
2025-10-17 18:51:48,399 : INFO : EventManager : Event: ======'machine_var_python_version'====== Args={'value': '3.9.13', 'prev_value': None, 'change': True}
2025-10-17 18:51:48,408 : INFO : EventManager : Event: ======'machine_var_platform'====== Args={'value': 'Windows-10-10.0.19045-SP0', 'prev_value': None, 'change': True}
2025-10-17 18:51:48,408 : INFO : EventManager : Event: ======'machine_var_platform_system'====== Args={'value': 'Windows', 'prev_value': None, 'change': True}
2025-10-17 18:51:48,409 : INFO : EventManager : Event: ======'machine_var_platform_release'====== Args={'value': '10', 'prev_value': None, 'change': True}
2025-10-17 18:51:48,409 : INFO : EventManager : Event: ======'machine_var_platform_version'====== Args={'value': '10.0.19045', 'prev_value': None, 'change': True}
2025-10-17 18:51:48,409 : INFO : EventManager : Event: ======'machine_var_platform_machine'====== Args={'value': 'AMD64', 'prev_value': None, 'change': True}
2025-10-17 18:51:48,409 : INFO : EventManager : Event: ======'init_phase_1'====== Args={}
2025-10-17 18:51:48,457 : INFO : EventManager : Event: ======'drop_target_bank_TIME_up'====== Args={}
2025-10-17 18:51:48,457 : INFO : EventManager : Event: ======'drop_target_bank_CENTER_up'====== Args={}
2025-10-17 18:51:48,458 : INFO : EventManager : Event: ======'drop_target_bank_TRAVEL_up'====== Args={}
2025-10-17 18:51:48,458 : INFO : EventManager : Event: ======'init_phase_2'====== Args={}
2025-10-17 18:51:48,459 : INFO : SwitchController : Found active switch: ('2', <Platform.SmartVirtual>) <switch.s_trough1>
2025-10-17 18:51:48,459 : INFO : SwitchController : Found active switch: ('3', <Platform.SmartVirtual>) <switch.s_trough2>
2025-10-17 18:51:48,459 : INFO : SwitchController : Found active switch: ('4', <Platform.SmartVirtual>) <switch.s_trough3>
2025-10-17 18:51:48,459 : INFO : SwitchController : Found active switch: ('5', <Platform.SmartVirtual>) <switch.s_trough4>
2025-10-17 18:51:48,459 : INFO : SwitchController : Found active switch: ('6', <Platform.SmartVirtual>) <switch.s_trough5>
2025-10-17 18:51:48,459 : INFO : SwitchController : Found active switch: ('7', <Platform.SmartVirtual>) <switch.s_trough6>
2025-10-17 18:51:48,470 : INFO : EventManager : Event: ======'bcp_connection_attempt'====== Args={'name': 'local_display', 'host': 'localhost', 'port': 5050}
2025-10-17 18:51:48,471 : INFO : BCPClientSocket : Connecting BCP to 'local_display' at localhost:5050...
2025-10-17 18:51:50,497 : INFO : BCPClientSocket : Connected BCP to 'local_display' localhost:5050
2025-10-17 18:51:50,498 : INFO : EventManager : Event: ======'bcp_clients_connected'====== Args={}
2025-10-17 18:51:50,790 : INFO : ball_device.bd_trough : BCH: Initial count: 6
2025-10-17 18:51:50,791 : INFO : EventManager : Event: ======'machine_var_mc_version'====== Args={'value': 'MPF-MC v0.57.0.dev10', 'prev_value': None, 'change': True}
2025-10-17 18:51:50,792 : INFO : EventManager : Event: ======'machine_var_mc_extended_version'====== Args={'value': 'MPF-MC v0.57.0.dev10 (config_version=6, BCP v1.1,                      Requires MPF API compatibility v0.57.0.dev19 or newer)', 'prev_value': None, 'change': True}
2025-10-17 18:51:50,794 : INFO : ball_device.bd_trough : State: idle
2025-10-17 18:51:50,870 : INFO : ball_device.bd_plunger : BCH: Initial count: 0
2025-10-17 18:51:50,870 : INFO : ball_device.bd_plunger : State: idle
2025-10-17 18:51:50,870 : INFO : ball_device.bd_left_scoop : BCH: Initial count: 0
2025-10-17 18:51:50,870 : INFO : ball_device.bd_left_scoop : State: idle
2025-10-17 18:51:50,870 : INFO : ball_device.bd_right_scoop : BCH: Initial count: 0
2025-10-17 18:51:50,871 : INFO : ball_device.bd_right_scoop : State: idle
2025-10-17 18:51:50,883 : INFO : EventManager : Event: ======'init_phase_3'====== Args={}
2025-10-17 18:51:50,893 : INFO : EventManager : Event: ======'init_phase_4'====== Args={}
2025-10-17 18:51:50,894 : INFO : BallController : Initial balls found: 6
2025-10-17 18:51:50,895 : INFO : EventManager : Event: ======'machine_var_audits_events_game_ended'====== Args={'value': 63, 'prev_value': None, 'change': True}
2025-10-17 18:51:50,895 : INFO : EventManager : Event: ======'machine_var_audits_events_game_started'====== Args={'value': 311, 'prev_value': None, 'change': True}
2025-10-17 18:51:50,896 : INFO : EventManager : Event: ======'machine_var_audits_missing_switches_s_A'====== Args={'value': 67, 'prev_value': None, 'change': True}
2025-10-17 18:51:50,896 : INFO : EventManager : Event: ======'machine_var_audits_missing_switches_s_E'====== Args={'value': 6, 'prev_value': None, 'change': True}
2025-10-17 18:51:50,896 : INFO : EventManager : Event: ======'machine_var_audits_missing_switches_s_Eb'====== Args={'value': 67, 'prev_value': None, 'change': True}
2025-10-17 18:51:50,896 : INFO : EventManager : Event: ======'machine_var_audits_missing_switches_s_I'====== Args={'value': 6, 'prev_value': None, 'change': True}
2025-10-17 18:51:50,896 : INFO : EventManager : Event: ======'machine_var_audits_missing_switches_s_L'====== Args={'value': 67, 'prev_value': None, 'change': True}
2025-10-17 18:51:50,897 : INFO : EventManager : Event: ======'machine_var_audits_missing_switches_s_M'====== Args={'value': 6, 'prev_value': None, 'change': True}
2025-10-17 18:51:50,897 : INFO : EventManager : Event: ======'machine_var_audits_missing_switches_s_R'====== Args={'value': 67, 'prev_value': None, 'change': True}
2025-10-17 18:51:50,897 : INFO : EventManager : Event: ======'machine_var_audits_missing_switches_s_T'====== Args={'value': 6, 'prev_value': None, 'change': True}
2025-10-17 18:51:50,897 : INFO : EventManager : Event: ======'machine_var_audits_missing_switches_s_Tb'====== Args={'value': 67, 'prev_value': None, 'change': True}
2025-10-17 18:51:50,897 : INFO : EventManager : Event: ======'machine_var_audits_missing_switches_s_V'====== Args={'value': 67, 'prev_value': None, 'change': True}
2025-10-17 18:51:50,897 : INFO : EventManager : Event: ======'machine_var_audits_missing_switches_s_bumper1'====== Args={'value': 8, 'prev_value': None, 'change': True}
2025-10-17 18:51:50,898 : INFO : EventManager : Event: ======'machine_var_audits_missing_switches_s_bumper2'====== Args={'value': 8, 'prev_value': None, 'change': True}
2025-10-17 18:51:50,898 : INFO : EventManager : Event: ======'machine_var_audits_missing_switches_s_bumper_1'====== Args={'value': 28, 'prev_value': None, 'change': True}
2025-10-17 18:51:50,898 : INFO : EventManager : Event: ======'machine_var_audits_missing_switches_s_bumper_2'====== Args={'value': 28, 'prev_value': None, 'change': True}
2025-10-17 18:51:50,898 : INFO : EventManager : Event: ======'machine_var_audits_missing_switches_s_center_center_target'====== Args={'value': 1, 'prev_value': None, 'change': True}
2025-10-17 18:51:50,898 : INFO : EventManager : Event: ======'machine_var_audits_missing_switches_s_center_rollover'====== Args={'value': 2, 'prev_value': None, 'change': True}
2025-10-17 18:51:50,899 : INFO : EventManager : Event: ======'machine_var_audits_missing_switches_s_center_scoop'====== Args={'value': 84, 'prev_value': None, 'change': True}
2025-10-17 18:51:50,899 : INFO : EventManager : Event: ======'machine_var_audits_missing_switches_s_coin_left'====== Args={'value': 16, 'prev_value': None, 'change': True}
2025-10-17 18:51:50,899 : INFO : EventManager : Event: ======'machine_var_audits_missing_switches_s_launcher_lane_spinner'====== Args={'value': 237, 'prev_value': None, 'change': True}
2025-10-17 18:51:50,899 : INFO : EventManager : Event: ======'machine_var_audits_missing_switches_s_left_center_target'====== Args={'value': 1, 'prev_value': None, 'change': True}
2025-10-17 18:51:50,899 : INFO : EventManager : Event: ======'machine_var_audits_missing_switches_s_left_corridor_spinner'====== Args={'value': 4, 'prev_value': None, 'change': True}
2025-10-17 18:51:50,900 : INFO : EventManager : Event: ======'machine_var_audits_missing_switches_s_left_corridor_spinner2'====== Args={'value': 237, 'prev_value': None, 'change': True}
2025-10-17 18:51:50,900 : INFO : EventManager : Event: ======'machine_var_audits_missing_switches_s_left_flipper'====== Args={'value': 160, 'prev_value': None, 'change': True}
2025-10-17 18:51:50,900 : INFO : EventManager : Event: ======'machine_var_audits_missing_switches_s_left_inlane'====== Args={'value': 4, 'prev_value': None, 'change': True}
2025-10-17 18:51:50,900 : INFO : EventManager : Event: ======'machine_var_audits_missing_switches_s_left_outlane'====== Args={'value': 4, 'prev_value': None, 'change': True}
2025-10-17 18:51:50,900 : INFO : EventManager : Event: ======'machine_var_audits_missing_switches_s_left_rollover'====== Args={'value': 2, 'prev_value': None, 'change': True}
2025-10-17 18:51:50,901 : INFO : EventManager : Event: ======'machine_var_audits_missing_switches_s_left_scoop'====== Args={'value': 12, 'prev_value': None, 'change': True}
2025-10-17 18:51:50,901 : INFO : EventManager : Event: ======'machine_var_audits_missing_switches_s_left_standup'====== Args={'value': 4, 'prev_value': None, 'change': True}
2025-10-17 18:51:50,901 : INFO : EventManager : Event: ======'machine_var_audits_missing_switches_s_right_center_target'====== Args={'value': 1, 'prev_value': None, 'change': True}
2025-10-17 18:51:50,901 : INFO : EventManager : Event: ======'machine_var_audits_missing_switches_s_right_corridor_spinner'====== Args={'value': 78, 'prev_value': None, 'change': True}
2025-10-17 18:51:50,902 : INFO : EventManager : Event: ======'machine_var_audits_missing_switches_s_right_flipper'====== Args={'value': 5, 'prev_value': None, 'change': True}
2025-10-17 18:51:50,902 : INFO : EventManager : Event: ======'machine_var_audits_missing_switches_s_right_inlane'====== Args={'value': 4, 'prev_value': None, 'change': True}
2025-10-17 18:51:50,902 : INFO : EventManager : Event: ======'machine_var_audits_missing_switches_s_right_outlane'====== Args={'value': 4, 'prev_value': None, 'change': True}
2025-10-17 18:51:50,902 : INFO : EventManager : Event: ======'machine_var_audits_missing_switches_s_right_rollover'====== Args={'value': 2, 'prev_value': None, 'change': True}
2025-10-17 18:51:50,902 : INFO : EventManager : Event: ======'machine_var_audits_missing_switches_s_right_scoop'====== Args={'value': 82, 'prev_value': None, 'change': True}
2025-10-17 18:51:50,902 : INFO : EventManager : Event: ======'machine_var_audits_missing_switches_s_right_standup'====== Args={'value': 1, 'prev_value': None, 'change': True}
2025-10-17 18:51:50,903 : INFO : EventManager : Event: ======'machine_var_audits_missing_switches_s_service_coin'====== Args={'value': 74, 'prev_value': None, 'change': True}
2025-10-17 18:51:50,903 : INFO : EventManager : Event: ======'machine_var_audits_missing_switches_s_sling_left'====== Args={'value': 264, 'prev_value': None, 'change': True}
2025-10-17 18:51:50,903 : INFO : EventManager : Event: ======'machine_var_audits_missing_switches_s_sling_right'====== Args={'value': 160, 'prev_value': None, 'change': True}
2025-10-17 18:51:50,903 : INFO : EventManager : Event: ======'machine_var_audits_missing_switches_s_standup_1'====== Args={'value': 2, 'prev_value': None, 'change': True}
2025-10-17 18:51:50,903 : INFO : EventManager : Event: ======'machine_var_audits_missing_switches_s_standup_2'====== Args={'value': 2, 'prev_value': None, 'change': True}
2025-10-17 18:51:50,904 : INFO : EventManager : Event: ======'machine_var_audits_missing_switches_s_standup_3'====== Args={'value': 2, 'prev_value': None, 'change': True}
2025-10-17 18:51:50,904 : INFO : EventManager : Event: ======'machine_var_audits_missing_switches_s_standup_4'====== Args={'value': 2, 'prev_value': None, 'change': True}
2025-10-17 18:51:50,904 : INFO : EventManager : Event: ======'machine_var_audits_missing_switches_s_standup_5'====== Args={'value': 2, 'prev_value': None, 'change': True}
2025-10-17 18:51:50,904 : INFO : EventManager : Event: ======'machine_var_audits_missing_switches_s_standup_6'====== Args={'value': 2, 'prev_value': None, 'change': True}
2025-10-17 18:51:50,904 : INFO : EventManager : Event: ======'machine_var_audits_missing_switches_s_start'====== Args={'value': 8, 'prev_value': None, 'change': True}
2025-10-17 18:51:50,905 : INFO : EventManager : Event: ======'machine_var_audits_missing_switches_s_top_left_standup'====== Args={'value': 4, 'prev_value': None, 'change': True}
2025-10-17 18:51:50,905 : INFO : EventManager : Event: ======'machine_var_audits_missing_switches_s_top_left_standup2'====== Args={'value': 4, 'prev_value': None, 'change': True}
2025-10-17 18:51:50,905 : INFO : EventManager : Event: ======'machine_var_audits_missing_switches_s_trough2'====== Args={'value': 311, 'prev_value': None, 'change': True}
2025-10-17 18:51:50,905 : INFO : EventManager : Event: ======'machine_var_audits_missing_switches_s_trough3'====== Args={'value': 311, 'prev_value': None, 'change': True}
2025-10-17 18:51:50,905 : INFO : EventManager : Event: ======'machine_var_audits_missing_switches_s_trough4'====== Args={'value': 311, 'prev_value': None, 'change': True}
2025-10-17 18:51:50,906 : INFO : EventManager : Event: ======'machine_var_audits_missing_switches_s_trough5'====== Args={'value': 311, 'prev_value': None, 'change': True}
2025-10-17 18:51:50,906 : INFO : EventManager : Event: ======'machine_var_audits_missing_switches_s_trough6'====== Args={'value': 311, 'prev_value': None, 'change': True}
2025-10-17 18:51:50,906 : INFO : EventManager : Event: ======'machine_var_audits_missing_switches_s_trough_jam'====== Args={'value': 311, 'prev_value': None, 'change': True}
2025-10-17 18:51:50,906 : INFO : EventManager : Event: ======'machine_var_audits_player_score'====== Args={'value': {'average': 5692894, 'top': [75043600, 70538842, 47521800, 43517500, 41236342, 31835000, 13531600, 13201700, 13133700, 9012700], 'total': 66}, 'prev_value': None, 'change': True}
2025-10-17 18:51:50,907 : INFO : EventManager : Event: ======'machine_var_audits_shots_A'====== Args={'value': 41, 'prev_value': None, 'change': True}
2025-10-17 18:51:50,907 : INFO : EventManager : Event: ======'machine_var_audits_shots_E'====== Args={'value': 186, 'prev_value': None, 'change': True}
2025-10-17 18:51:50,908 : INFO : EventManager : Event: ======'machine_var_audits_shots_Eb'====== Args={'value': 37, 'prev_value': None, 'change': True}
2025-10-17 18:51:50,909 : INFO : EventManager : Event: ======'machine_var_audits_shots_I'====== Args={'value': 180, 'prev_value': None, 'change': True}
2025-10-17 18:51:50,909 : INFO : EventManager : Event: ======'machine_var_audits_shots_L'====== Args={'value': 38, 'prev_value': None, 'change': True}
2025-10-17 18:51:50,909 : INFO : EventManager : Event: ======'machine_var_audits_shots_M'====== Args={'value': 182, 'prev_value': None, 'change': True}
2025-10-17 18:51:50,909 : INFO : EventManager : Event: ======'machine_var_audits_shots_R'====== Args={'value': 50, 'prev_value': None, 'change': True}
2025-10-17 18:51:50,910 : INFO : EventManager : Event: ======'machine_var_audits_shots_T'====== Args={'value': 184, 'prev_value': None, 'change': True}
2025-10-17 18:51:50,910 : INFO : EventManager : Event: ======'machine_var_audits_shots_Tb'====== Args={'value': 59, 'prev_value': None, 'change': True}
2025-10-17 18:51:50,910 : INFO : EventManager : Event: ======'machine_var_audits_shots_V'====== Args={'value': 38, 'prev_value': None, 'change': True}
2025-10-17 18:51:50,910 : INFO : EventManager : Event: ======'machine_var_audits_shots_bumper1_shot'====== Args={'value': 267, 'prev_value': None, 'change': True}
2025-10-17 18:51:50,911 : INFO : EventManager : Event: ======'machine_var_audits_shots_bumper2_shot'====== Args={'value': 781, 'prev_value': None, 'change': True}
2025-10-17 18:51:50,911 : INFO : EventManager : Event: ======'machine_var_audits_shots_center_center_droptarget'====== Args={'value': 15, 'prev_value': None, 'change': True}
2025-10-17 18:51:50,911 : INFO : EventManager : Event: ======'machine_var_audits_shots_center_rollover'====== Args={'value': 7, 'prev_value': None, 'change': True}
2025-10-17 18:51:50,911 : INFO : EventManager : Event: ======'machine_var_audits_shots_center_rollover_shot'====== Args={'value': 324, 'prev_value': None, 'change': True}
2025-10-17 18:51:50,912 : INFO : EventManager : Event: ======'machine_var_audits_shots_jets'====== Args={'value': 989, 'prev_value': None, 'change': True}
2025-10-17 18:51:50,912 : INFO : EventManager : Event: ======'machine_var_audits_shots_left_center_droptarget'====== Args={'value': 15, 'prev_value': None, 'change': True}
2025-10-17 18:51:50,912 : INFO : EventManager : Event: ======'machine_var_audits_shots_left_inlane_shot'====== Args={'value': 3, 'prev_value': None, 'change': True}
2025-10-17 18:51:50,912 : INFO : EventManager : Event: ======'machine_var_audits_shots_left_outlane_shot'====== Args={'value': 3, 'prev_value': None, 'change': True}
2025-10-17 18:51:50,913 : INFO : EventManager : Event: ======'machine_var_audits_shots_left_rollover'====== Args={'value': 36, 'prev_value': None, 'change': True}
2025-10-17 18:51:50,914 : INFO : EventManager : Event: ======'machine_var_audits_shots_left_rollover_shot'====== Args={'value': 265, 'prev_value': None, 'change': True}
2025-10-17 18:51:50,914 : INFO : EventManager : Event: ======'machine_var_audits_shots_left_scoop_shot'====== Args={'value': 28, 'prev_value': None, 'change': True}
2025-10-17 18:51:50,914 : INFO : EventManager : Event: ======'machine_var_audits_shots_letf_inlane_shot'====== Args={'value': 6, 'prev_value': None, 'change': True}
2025-10-17 18:51:50,915 : INFO : EventManager : Event: ======'machine_var_audits_shots_letf_outlane_shot'====== Args={'value': 5, 'prev_value': None, 'change': True}
2025-10-17 18:51:50,915 : INFO : EventManager : Event: ======'machine_var_audits_shots_middle_inlane_shot'====== Args={'value': 20, 'prev_value': None, 'change': True}
2025-10-17 18:51:50,916 : INFO : EventManager : Event: ======'machine_var_audits_shots_my_first_shot'====== Args={'value': 95, 'prev_value': None, 'change': True}
2025-10-17 18:51:50,916 : INFO : EventManager : Event: ======'machine_var_audits_shots_right_center_droptarget'====== Args={'value': 15, 'prev_value': None, 'change': True}
2025-10-17 18:51:50,916 : INFO : EventManager : Event: ======'machine_var_audits_shots_right_inlane_shot'====== Args={'value': 102, 'prev_value': None, 'change': True}
2025-10-17 18:51:50,917 : INFO : EventManager : Event: ======'machine_var_audits_shots_right_outlane_shot'====== Args={'value': 6, 'prev_value': None, 'change': True}
2025-10-17 18:51:50,917 : INFO : EventManager : Event: ======'machine_var_audits_shots_right_rollover'====== Args={'value': 41, 'prev_value': None, 'change': True}
2025-10-17 18:51:50,918 : INFO : EventManager : Event: ======'machine_var_audits_shots_right_rollover_shot'====== Args={'value': 367, 'prev_value': None, 'change': True}
2025-10-17 18:51:50,918 : INFO : EventManager : Event: ======'machine_var_audits_shots_right_scoop_shot'====== Args={'value': 47, 'prev_value': None, 'change': True}
2025-10-17 18:51:50,918 : INFO : EventManager : Event: ======'machine_var_audits_shots_right_standup'====== Args={'value': 34, 'prev_value': None, 'change': True}
2025-10-17 18:51:50,919 : INFO : EventManager : Event: ======'machine_var_audits_shots_standup_1_skill'====== Args={'value': 53, 'prev_value': None, 'change': True}
2025-10-17 18:51:50,920 : INFO : EventManager : Event: ======'machine_var_audits_shots_standup_2_skill'====== Args={'value': 28, 'prev_value': None, 'change': True}
2025-10-17 18:51:50,920 : INFO : EventManager : Event: ======'machine_var_audits_shots_standup_3_skill'====== Args={'value': 11, 'prev_value': None, 'change': True}
2025-10-17 18:51:50,920 : INFO : EventManager : Event: ======'machine_var_audits_shots_standup_4_skill'====== Args={'value': 9, 'prev_value': None, 'change': True}
2025-10-17 18:51:50,921 : INFO : EventManager : Event: ======'machine_var_audits_shots_standup_5_skill'====== Args={'value': 4, 'prev_value': None, 'change': True}
2025-10-17 18:51:50,921 : INFO : EventManager : Event: ======'machine_var_audits_shots_standup_6_skill'====== Args={'value': 2, 'prev_value': None, 'change': True}
2025-10-17 18:51:50,922 : INFO : EventManager : Event: ======'machine_var_audits_shots_top_middle_inlane_shot'====== Args={'value': 41, 'prev_value': None, 'change': True}
2025-10-17 18:51:50,922 : INFO : EventManager : Event: ======'machine_var_audits_switches_s_A'====== Args={'value': 0, 'prev_value': None, 'change': True}
2025-10-17 18:51:50,923 : INFO : EventManager : Event: ======'machine_var_audits_switches_s_E'====== Args={'value': 190, 'prev_value': None, 'change': True}
2025-10-17 18:51:50,923 : INFO : EventManager : Event: ======'machine_var_audits_switches_s_Eb'====== Args={'value': 0, 'prev_value': None, 'change': True}
2025-10-17 18:51:50,924 : INFO : EventManager : Event: ======'machine_var_audits_switches_s_I'====== Args={'value': 184, 'prev_value': None, 'change': True}
2025-10-17 18:51:50,924 : INFO : EventManager : Event: ======'machine_var_audits_switches_s_L'====== Args={'value': 0, 'prev_value': None, 'change': True}
2025-10-17 18:51:50,925 : INFO : EventManager : Event: ======'machine_var_audits_switches_s_M'====== Args={'value': 186, 'prev_value': None, 'change': True}
2025-10-17 18:51:50,925 : INFO : EventManager : Event: ======'machine_var_audits_switches_s_R'====== Args={'value': 0, 'prev_value': None, 'change': True}
2025-10-17 18:51:50,926 : INFO : EventManager : Event: ======'machine_var_audits_switches_s_T'====== Args={'value': 188, 'prev_value': None, 'change': True}
2025-10-17 18:51:50,926 : INFO : EventManager : Event: ======'machine_var_audits_switches_s_Tb'====== Args={'value': 0, 'prev_value': None, 'change': True}
2025-10-17 18:51:50,927 : INFO : EventManager : Event: ======'machine_var_audits_switches_s_V'====== Args={'value': 0, 'prev_value': None, 'change': True}
2025-10-17 18:51:50,927 : INFO : EventManager : Event: ======'machine_var_audits_switches_s_bumper1'====== Args={'value': 267, 'prev_value': None, 'change': True}
2025-10-17 18:51:50,928 : INFO : EventManager : Event: ======'machine_var_audits_switches_s_bumper2'====== Args={'value': 785, 'prev_value': None, 'change': True}
2025-10-17 18:51:50,928 : INFO : EventManager : Event: ======'machine_var_audits_switches_s_bumper_1'====== Args={'value': 0, 'prev_value': None, 'change': True}
2025-10-17 18:51:50,929 : INFO : EventManager : Event: ======'machine_var_audits_switches_s_bumper_2'====== Args={'value': 0, 'prev_value': None, 'change': True}
2025-10-17 18:51:50,929 : INFO : EventManager : Event: ======'machine_var_audits_switches_s_center_center_target'====== Args={'value': 21, 'prev_value': None, 'change': True}
2025-10-17 18:51:50,930 : INFO : EventManager : Event: ======'machine_var_audits_switches_s_center_rollover'====== Args={'value': 333, 'prev_value': None, 'change': True}
2025-10-17 18:51:50,930 : INFO : EventManager : Event: ======'machine_var_audits_switches_s_center_scoop'====== Args={'value': 2, 'prev_value': None, 'change': True}
2025-10-17 18:51:50,931 : INFO : EventManager : Event: ======'machine_var_audits_switches_s_coin_left'====== Args={'value': 16, 'prev_value': None, 'change': True}
2025-10-17 18:51:50,931 : INFO : EventManager : Event: ======'machine_var_audits_switches_s_launcher_lane_spinner'====== Args={'value': 0, 'prev_value': None, 'change': True}
2025-10-17 18:51:50,932 : INFO : EventManager : Event: ======'machine_var_audits_switches_s_left_center_target'====== Args={'value': 22, 'prev_value': None, 'change': True}
2025-10-17 18:51:50,932 : INFO : EventManager : Event: ======'machine_var_audits_switches_s_left_corridor_spinner'====== Args={'value': 2, 'prev_value': None, 'change': True}
2025-10-17 18:51:50,933 : INFO : EventManager : Event: ======'machine_var_audits_switches_s_left_corridor_spinner2'====== Args={'value': 0, 'prev_value': None, 'change': True}
2025-10-17 18:51:50,933 : INFO : EventManager : Event: ======'machine_var_audits_switches_s_left_flipper'====== Args={'value': 330, 'prev_value': None, 'change': True}
2025-10-17 18:51:50,934 : INFO : EventManager : Event: ======'machine_var_audits_switches_s_left_inlane'====== Args={'value': 17, 'prev_value': None, 'change': True}
2025-10-17 18:51:50,934 : INFO : EventManager : Event: ======'machine_var_audits_switches_s_left_outlane'====== Args={'value': 11, 'prev_value': None, 'change': True}
2025-10-17 18:51:50,935 : INFO : EventManager : Event: ======'machine_var_audits_switches_s_left_rollover'====== Args={'value': 273, 'prev_value': None, 'change': True}
2025-10-17 18:51:50,935 : INFO : EventManager : Event: ======'machine_var_audits_switches_s_left_scoop'====== Args={'value': 238, 'prev_value': None, 'change': True}
2025-10-17 18:51:50,936 : INFO : EventManager : Event: ======'machine_var_audits_switches_s_left_standup'====== Args={'value': 3, 'prev_value': None, 'change': True}
2025-10-17 18:51:50,936 : INFO : EventManager : Event: ======'machine_var_audits_switches_s_middle_inlane'====== Args={'value': 20, 'prev_value': None, 'change': True}
2025-10-17 18:51:50,937 : INFO : EventManager : Event: ======'machine_var_audits_switches_s_plunger'====== Args={'value': 543, 'prev_value': None, 'change': True}
2025-10-17 18:51:50,938 : INFO : EventManager : Event: ======'machine_var_audits_switches_s_right_center_target'====== Args={'value': 24, 'prev_value': None, 'change': True}
2025-10-17 18:51:50,938 : INFO : EventManager : Event: ======'machine_var_audits_switches_s_right_corridor_spinner'====== Args={'value': 9, 'prev_value': None, 'change': True}
2025-10-17 18:51:50,938 : INFO : EventManager : Event: ======'machine_var_audits_switches_s_right_flipper'====== Args={'value': 149, 'prev_value': None, 'change': True}
2025-10-17 18:51:50,938 : INFO : EventManager : Event: ======'machine_var_audits_switches_s_right_inlane'====== Args={'value': 229, 'prev_value': None, 'change': True}
2025-10-17 18:51:50,939 : INFO : EventManager : Event: ======'machine_var_audits_switches_s_right_outlane'====== Args={'value': 11, 'prev_value': None, 'change': True}
2025-10-17 18:51:50,939 : INFO : EventManager : Event: ======'machine_var_audits_switches_s_right_rollover'====== Args={'value': 376, 'prev_value': None, 'change': True}
2025-10-17 18:51:50,939 : INFO : EventManager : Event: ======'machine_var_audits_switches_s_right_scoop'====== Args={'value': 64, 'prev_value': None, 'change': True}
2025-10-17 18:51:50,940 : INFO : EventManager : Event: ======'machine_var_audits_switches_s_right_standup'====== Args={'value': 142, 'prev_value': None, 'change': True}
2025-10-17 18:51:50,941 : INFO : EventManager : Event: ======'machine_var_audits_switches_s_service_coin'====== Args={'value': 0, 'prev_value': None, 'change': True}
2025-10-17 18:51:50,942 : INFO : EventManager : Event: ======'machine_var_audits_switches_s_sling_left'====== Args={'value': 3, 'prev_value': None, 'change': True}
2025-10-17 18:51:50,943 : INFO : EventManager : Event: ======'machine_var_audits_switches_s_sling_right'====== Args={'value': 8, 'prev_value': None, 'change': True}
2025-10-17 18:51:50,943 : INFO : EventManager : Event: ======'machine_var_audits_switches_s_standup_1'====== Args={'value': 143, 'prev_value': None, 'change': True}
2025-10-17 18:51:50,944 : INFO : EventManager : Event: ======'machine_var_audits_switches_s_standup_2'====== Args={'value': 93, 'prev_value': None, 'change': True}
2025-10-17 18:51:50,945 : INFO : EventManager : Event: ======'machine_var_audits_switches_s_standup_3'====== Args={'value': 83, 'prev_value': None, 'change': True}
2025-10-17 18:51:50,945 : INFO : EventManager : Event: ======'machine_var_audits_switches_s_standup_4'====== Args={'value': 63, 'prev_value': None, 'change': True}
2025-10-17 18:51:50,946 : INFO : EventManager : Event: ======'machine_var_audits_switches_s_standup_5'====== Args={'value': 60, 'prev_value': None, 'change': True}
2025-10-17 18:51:50,946 : INFO : EventManager : Event: ======'machine_var_audits_switches_s_standup_6'====== Args={'value': 50, 'prev_value': None, 'change': True}
2025-10-17 18:51:50,947 : INFO : EventManager : Event: ======'machine_var_audits_switches_s_start'====== Args={'value': 51, 'prev_value': None, 'change': True}
2025-10-17 18:51:50,947 : INFO : EventManager : Event: ======'machine_var_audits_switches_s_top_left_standup'====== Args={'value': 11, 'prev_value': None, 'change': True}
2025-10-17 18:51:50,948 : INFO : EventManager : Event: ======'machine_var_audits_switches_s_top_left_standup2'====== Args={'value': 16, 'prev_value': None, 'change': True}
2025-10-17 18:51:50,949 : INFO : EventManager : Event: ======'machine_var_audits_switches_s_top_middle_inlane'====== Args={'value': 41, 'prev_value': None, 'change': True}
2025-10-17 18:51:50,949 : INFO : EventManager : Event: ======'machine_var_audits_switches_s_trough1'====== Args={'value': 316, 'prev_value': None, 'change': True}
2025-10-17 18:51:50,949 : INFO : EventManager : Event: ======'machine_var_audits_switches_s_trough2'====== Args={'value': 0, 'prev_value': None, 'change': True}
2025-10-17 18:51:50,950 : INFO : EventManager : Event: ======'machine_var_audits_switches_s_trough3'====== Args={'value': 0, 'prev_value': None, 'change': True}
2025-10-17 18:51:50,950 : INFO : EventManager : Event: ======'machine_var_audits_switches_s_trough4'====== Args={'value': 0, 'prev_value': None, 'change': True}
2025-10-17 18:51:50,951 : INFO : EventManager : Event: ======'machine_var_audits_switches_s_trough5'====== Args={'value': 0, 'prev_value': None, 'change': True}
2025-10-17 18:51:50,951 : INFO : EventManager : Event: ======'machine_var_audits_switches_s_trough6'====== Args={'value': 0, 'prev_value': None, 'change': True}
2025-10-17 18:51:50,951 : INFO : EventManager : Event: ======'machine_var_audits_switches_s_trough_jam'====== Args={'value': 0, 'prev_value': None, 'change': True}
2025-10-17 18:51:50,952 : INFO : EventManager : Event: ======'init_phase_5'====== Args={}
2025-10-17 18:51:51,002 : INFO : EventManager : Event: ======'init_done'====== Args={}
2025-10-17 18:51:51,002 : INFO : EventManager : Event: ======'machine_reset_phase_1'====== Args={}
2025-10-17 18:51:51,004 : INFO : BcpServer : New client connected.
2025-10-17 18:51:51,026 : INFO : EventManager : Event: ======'slide_window_slide_1_removed'====== Args={'_from_bcp': True}
2025-10-17 18:51:51,072 : INFO : EventManager : Event: ======'slide_window_slide_1_created'====== Args={'_from_bcp': True}
2025-10-17 18:51:51,073 : INFO : EventManager : Event: ======'slide_window_slide_1_active'====== Args={'_from_bcp': True}
2025-10-17 18:51:51,074 : INFO : EventManager : Event: ======'machine_reset_phase_2'====== Args={}
2025-10-17 18:51:51,074 : INFO : EventManager : Event: ======'machine_reset_phase_3'====== Args={}
2025-10-17 18:51:51,075 : INFO : drop_target_bank.TIME : All targets are already up. Will not reset bank.
2025-10-17 18:51:51,075 : INFO : drop_target_bank.CENTER : All targets are already up. Will not reset bank.
2025-10-17 18:51:51,075 : INFO : drop_target_bank.TRAVEL : All targets are already up. Will not reset bank.
2025-10-17 18:51:51,075 : INFO : EventManager : Event: ======'reset_complete'====== Args={}
2025-10-17 18:51:51,076 : INFO : EventManager : Event: ======'mode_credits_will_start'====== Args={}
2025-10-17 18:51:51,077 : INFO : EventManager : Event: ======'mode_credits_starting'====== Args={}
2025-10-17 18:51:51,077 : INFO : EventManager : Event: ======'mode_attract_will_start'====== Args={}
2025-10-17 18:51:51,078 : INFO : EventManager : Event: ======'mode_attract_starting'====== Args={}
2025-10-17 18:51:51,078 : INFO : Mode.attract : Started. Priority: 10
2025-10-17 18:51:51,078 : INFO : EventManager : Event: ======'modes_active_modes_changed'====== Args={}
2025-10-17 18:51:51,078 : INFO : EventManager : Event: ======'mode_attract_started'====== Args={}
2025-10-17 18:51:51,079 : INFO : EventManager : Event: ======'collecting_balls_complete'====== Args={}
2025-10-17 18:51:51,079 : INFO : Mode.credits : Started. Priority: 1000010
2025-10-17 18:51:51,079 : INFO : EventManager : Event: ======'modes_active_modes_changed'====== Args={}
2025-10-17 18:51:51,079 : INFO : EventManager : Event: ======'mode_credits_started'====== Args={}
2025-10-17 18:51:51,080 : INFO : Mode.credits : Credit units per game: 2
2025-10-17 18:51:51,080 : INFO : EventManager : Event: ======'machine_var_price_per_game_raw_0'====== Args={'value': 0.5, 'prev_value': None, 'change': True}
2025-10-17 18:51:51,081 : INFO : EventManager : Event: ======'machine_var_price_per_game_string_0'====== Args={'value': '1 CREDITS $0.5', 'prev_value': None, 'change': True}
2025-10-17 18:51:51,081 : INFO : EventManager : Event: ======'machine_var_price_per_game_raw_1'====== Args={'value': 2.0, 'prev_value': None, 'change': True}
2025-10-17 18:51:51,082 : INFO : EventManager : Event: ======'machine_var_price_per_game_string_1'====== Args={'value': '5 CREDITS $2.0', 'prev_value': None, 'change': True}
2025-10-17 18:51:51,083 : INFO : EventManager : Event: ======'machine_var_credits_string'====== Args={'value': ' ', 'prev_value': 'FREE PLAY', 'change': True}
2025-10-17 18:51:51,083 : INFO : EventManager : Event: ======'machine_var_credits_value'====== Args={'value': '0', 'prev_value': None, 'change': True}
2025-10-17 18:51:51,084 : INFO : EventManager : Event: ======'machine_var_credits_whole_num'====== Args={'value': 0, 'prev_value': None, 'change': True}
2025-10-17 18:51:51,084 : INFO : EventManager : Event: ======'machine_var_credits_numerator'====== Args={'value': 0, 'prev_value': None, 'change': True}
2025-10-17 18:51:51,085 : INFO : EventManager : Event: ======'machine_var_credits_denominator'====== Args={'value': 0, 'prev_value': None, 'change': True}
2025-10-17 18:51:51,085 : INFO : EventManager : Event: ======'machine_var_credits_string'====== Args={'value': 'CREDITS 0', 'prev_value': ' ', 'change': True}
2025-10-17 18:51:51,086 : INFO : EventManager : Event: ======'machine_var_credits_denominator'====== Args={'value': 2, 'prev_value': 0, 'change': 2}
2025-10-17 18:51:51,130 : INFO : EventManager : Event: ======'slide_awesome_slide_created'====== Args={'_from_bcp': True}
2025-10-17 18:51:51,130 : INFO : EventManager : Event: ======'slide_awesome_slide_active'====== Args={'_from_bcp': True}
2025-10-17 18:51:51,130 : INFO : Machine : Starting the main run loop.
2025-10-17 18:51:54,080 : INFO : EventManager : Event: ======'slide_press_start_created'====== Args={'_from_bcp': True}
2025-10-17 18:51:54,095 : INFO : EventManager : Event: ======'slide_press_start_active'====== Args={'_from_bcp': True}
2025-10-17 18:51:57,081 : INFO : EventManager : Event: ======'slide_mission_pinball_created'====== Args={'_from_bcp': True}
2025-10-17 18:51:57,091 : INFO : EventManager : Event: ======'slide_mission_pinball_active'====== Args={'_from_bcp': True}
2025-10-17 18:52:00,080 : INFO : EventManager : Event: ======'slide_last_game_score_slide_created'====== Args={'_from_bcp': True}
2025-10-17 18:52:00,092 : INFO : EventManager : Event: ======'slide_last_game_score_slide_active'====== Args={'_from_bcp': True}
2025-10-17 18:52:03,077 : INFO : EventManager : Event: ======'slide_awesome_slide_removed'====== Args={'_from_bcp': True}
2025-10-17 18:52:03,079 : INFO : EventManager : Event: ======'slide_awesome_slide_created'====== Args={'_from_bcp': True}
2025-10-17 18:52:03,092 : INFO : EventManager : Event: ======'slide_awesome_slide_active'====== Args={'_from_bcp': True}
2025-10-17 18:52:06,094 : INFO : EventManager : Event: ======'slide_press_start_removed'====== Args={'_from_bcp': True}
2025-10-17 18:52:06,097 : INFO : EventManager : Event: ======'slide_press_start_created'====== Args={'_from_bcp': True}
2025-10-17 18:52:06,108 : INFO : EventManager : Event: ======'slide_press_start_active'====== Args={'_from_bcp': True}
2025-10-17 18:52:09,095 : INFO : EventManager : Event: ======'slide_mission_pinball_removed'====== Args={'_from_bcp': True}
2025-10-17 18:52:09,099 : INFO : EventManager : Event: ======'slide_mission_pinball_created'====== Args={'_from_bcp': True}
2025-10-17 18:52:09,112 : INFO : EventManager : Event: ======'slide_mission_pinball_active'====== Args={'_from_bcp': True}
2025-10-17 18:52:12,094 : INFO : EventManager : Event: ======'slide_last_game_score_slide_removed'====== Args={'_from_bcp': True}
2025-10-17 18:52:12,108 : INFO : EventManager : Event: ======'slide_last_game_score_slide_created'====== Args={'_from_bcp': True}
2025-10-17 18:52:12,111 : INFO : EventManager : Event: ======'slide_last_game_score_slide_active'====== Args={'_from_bcp': True}
2025-10-17 18:52:15,078 : INFO : EventManager : Event: ======'slide_awesome_slide_removed'====== Args={'_from_bcp': True}
2025-10-17 18:52:15,080 : INFO : EventManager : Event: ======'slide_awesome_slide_created'====== Args={'_from_bcp': True}
2025-10-17 18:52:15,092 : INFO : EventManager : Event: ======'slide_awesome_slide_active'====== Args={'_from_bcp': True}
2025-10-17 18:52:18,095 : INFO : EventManager : Event: ======'slide_press_start_removed'====== Args={'_from_bcp': True}
2025-10-17 18:52:18,098 : INFO : EventManager : Event: ======'slide_press_start_created'====== Args={'_from_bcp': True}
2025-10-17 18:52:18,111 : INFO : EventManager : Event: ======'slide_press_start_active'====== Args={'_from_bcp': True}
2025-10-17 18:52:20,294 : INFO : Machine : Shutting down...
2025-10-17 18:52:20,295 : INFO : EventManager : Event: ======'shutdown'====== Args={}
2025-10-17 18:52:20,303 : INFO : root : MPF run loop ended.
