2025-10-08 13:58:52,171 : kivy : deps: Successfully imported "kivy_deps.gstreamer" 0.3.3
2025-10-08 13:58:52,171 : kivy : deps: Successfully imported "kivy_deps.angle" 0.3.3
2025-10-08 13:58:52,172 : kivy : deps: Successfully imported "kivy_deps.glew" 0.3.1
2025-10-08 13:58:52,172 : kivy : deps: Successfully imported "kivy_deps.sdl2" 0.6.0
2025-10-08 13:58:52,172 : kivy : Kivy: v2.2.1
2025-10-08 13:58:52,172 : kivy : Kivy: Installed at "C:\Users\richa\mpfvirtual4\lib\site-packages\kivy\__init__.py"
2025-10-08 13:58:52,172 : kivy : Python: v3.9.13 (tags/v3.9.13:6de2ca5, May 17 2022, 16:36:42) [MSC v.1929 64 bit (AMD64)]
2025-10-08 13:58:52,173 : kivy : Python: Interpreter at "C:\Users\richa\mpfvirtual4\Scripts\python.exe"
2025-10-08 13:58:52,189 : kivy : Factory: 190 symbols loaded
2025-10-08 13:58:52,380 : kivy : ImageLoaderFFPy: Using ffpyplayer 4.5.0
2025-10-08 13:58:52,380 : kivy : Image: Providers: img_tex, img_dds, img_sdl2, img_pil, img_ffpyplayer 
2025-10-08 13:58:52,541 : kivy : VideoGstplayer: Using Gstreamer 1.18.5.0
2025-10-08 13:58:52,542 : kivy : Video: Provider: gstplayer
2025-10-08 13:58:52,583 : root : Loading MPF-MC controller
2025-10-08 13:58:52,585 : YamlMultifileConfigLoader : Machine config file #1: config
2025-10-08 13:58:52,586 : ConfigProcessor : Config file in cache changed: C:\Users\richa\ttp7\config\config
2025-10-08 13:58:52,586 : ConfigProcessor : Loading config from file C:\Users\richa\mpfvirtual4\lib\site-packages\mpfmc\mcconfig.yaml.
2025-10-08 13:58:52,595 : ConfigProcessor : Loading config: C:\Users\richa\mpfvirtual4\lib\site-packages\mpfmc\mcconfig.yaml
2025-10-08 13:58:52,596 : ConfigProcessor : Loading config from file C:\Users\richa\ttp7\config\config.
2025-10-08 13:58:52,597 : ConfigProcessor : Loading config: C:\Users\richa\ttp7\config\config
2025-10-08 13:58:52,599 : ConfigProcessor : Loading config: C:\Users\richa\ttp7\config\config_sounds.yaml
2025-10-08 13:58:52,600 : ConfigProcessor : Loading config: C:\Users\richa\ttp7\config\config_ball_devices.yaml
2025-10-08 13:58:52,602 : ConfigProcessor : Loading config: C:\Users\richa\ttp7\config\config_coils.yaml
2025-10-08 13:58:52,603 : ConfigProcessor : Loading config: C:\Users\richa\ttp7\config\config_flippers.yaml
2025-10-08 13:58:52,608 : ConfigProcessor : Loading config: C:\Users\richa\ttp7\config\config_switches.yaml
2025-10-08 13:58:52,614 : ConfigProcessor : Loading config: C:\Users\richa\ttp7\config\config_lights.yaml
2025-10-08 13:58:52,617 : ConfigProcessor : Config file cache created: C:\Users\richa\AppData\Local\Temp\b8d8c5e8bc023a38ee4d8abbd35c8fd3.mpf_cache
2025-10-08 13:58:52,617 : ConfigProcessor : Loading config from cache: C:\Users\richa\AppData\Local\Temp\70233839fc0b792ce11a62f3c18c1950.mpf_cache
2025-10-08 13:58:52,618 : ConfigProcessor : Loading config from cache: C:\Users\richa\AppData\Local\Temp\9c8dea79ca4d15ee886340e992e8cb9d.mpf_cache
2025-10-08 13:58:52,618 : ConfigProcessor : Loading config from cache: C:\Users\richa\AppData\Local\Temp\67a19b095f918111543419ac0271bfb1.mpf_cache
2025-10-08 13:58:52,619 : mpfmc : Mission Pinball Framework Media Controller (MPF-MC) v0.57.0.dev10. Requires MPF v0.57.0.dev19 or newer.
2025-10-08 13:58:52,619 : mpfmc : Found MPF v0.57.0.dev39
2025-10-08 13:58:52,619 : mpfmc : Machine path: C:\Users\richa\ttp7
2025-10-08 13:58:52,619 : mpfmc : Starting clock at 60.0Hz
2025-10-08 13:58:52,635 : kivy : Text: Provider: sdl2
2025-10-08 13:58:52,685 : kivy : Window: Provider: sdl2
2025-10-08 13:58:53,076 : kivy : GL: Using the "OpenGL" graphics system
2025-10-08 13:58:53,085 : kivy : GL: GLEW initialization succeeded
2025-10-08 13:58:53,085 : kivy : GL: Backend used <glew>
2025-10-08 13:58:53,085 : kivy : GL: OpenGL version <b'4.6.0 NVIDIA 560.94'>
2025-10-08 13:58:53,085 : kivy : GL: OpenGL vendor <b'NVIDIA Corporation'>
2025-10-08 13:58:53,085 : kivy : GL: OpenGL renderer <b'NVIDIA GeForce RTX 3050/PCIe/SSE2'>
2025-10-08 13:58:53,085 : kivy : GL: OpenGL parsed version: 4, 6
2025-10-08 13:58:53,085 : kivy : GL: Shading version <b'4.60 NVIDIA'>
2025-10-08 13:58:53,085 : kivy : GL: Texture max size <32768>
2025-10-08 13:58:53,085 : kivy : GL: Texture max units <32>
2025-10-08 13:58:53,103 : kivy : Window: auto add sdl2 input provider
2025-10-08 13:58:53,103 : kivy : Window: virtual keyboard not allowed, single mode, not docked
2025-10-08 13:58:53,500 : AudioInterface : Initialized
2025-10-08 13:58:53,500 : AudioInterface : Loaded SDL 2.26.4
2025-10-08 13:58:53,500 : AudioInterface : Loaded SDL_Mixer 2.6.3
2025-10-08 13:58:53,500 : AudioInterface : Loaded GStreamer 1.18.5.0
2025-10-08 13:58:53,500 : AudioInterface : Loaded GLib 2.62.6
2025-10-08 13:58:53,500 : AudioInterface : Settings requested - rate: 44100, channels: 1, buffer: 2048 samples
2025-10-08 13:58:53,501 : AudioInterface : Settings in use - rate: 44100, channels: 1, buffer: 2048 samples (4096 bytes @ 2 bytes per sample)
2025-10-08 13:58:53,501 : SoundSystem : Setting master volume to 0.0
2025-10-08 13:58:53,501 : AudioInterface : Enabling audio playback
2025-10-08 13:58:53,503 : kivy : Base: Start application main loop
2025-10-08 13:58:53,503 : EventManager : Event: ======'display_window_initialized'====== Args={}
2025-10-08 13:58:53,516 : mpfmc : Display: Setting 'window' as default display
2025-10-08 13:58:53,522 : EventManager : Event: ======'displays_initialized'====== Args={}
2025-10-08 13:58:53,523 : EventManager : Event: ======'slide_window_blank_created'====== Args={}
2025-10-08 13:58:53,523 : EventManager : Event: ======'display_window_ready'====== Args={}
2025-10-08 13:58:53,533 : EventManager : Event: ======'init_phase_1'====== Args={}
2025-10-08 13:58:53,536 : EventManager : Event: ======'mc_ready'====== Args={}
2025-10-08 13:58:53,536 : EventManager : Event: ======'init_phase_2'====== Args={}
2025-10-08 13:58:53,538 : EventManager : Event: ======'init_phase_3'====== Args={}
2025-10-08 13:58:53,540 : EventManager : Event: ======'init_phase_4'====== Args={}
2025-10-08 13:58:53,540 : EventManager : Event: ======'init_phase_5'====== Args={}
2025-10-08 13:58:53,540 : EventManager : Event: ======'init_done'====== Args={}
2025-10-08 13:58:53,540 : MPF-MC BCP Server : Starting up on localhost port 5050
2025-10-08 13:58:53,544 : MPF-MC BCP Server : Waiting for a connection...
2025-10-08 13:58:53,551 : EventManager : Event: ======'client_disconnected'====== Args={'host': '127.0.0.1', 'port': 5050}
2025-10-08 13:58:54,520 : MPF-MC BCP Server : Received connection from: 127.0.0.1:55385
2025-10-08 13:58:54,661 : EventManager : Event: ======'client_connected'====== Args={'host': '127.0.0.1', 'port': 55385}
2025-10-08 13:58:54,802 : EventManager : Event: ======'machine_var_credits_string'====== Args={'value': 'FREE PLAY', 'prev_value': None, 'change': True}
2025-10-08 13:58:54,802 : EventManager : Event: ======'machine_var_master_volume'====== Args={'value': 0.5, 'prev_value': None, 'change': True}
2025-10-08 13:58:54,802 : EventManager : Event: ======'machine_var_player1_score'====== Args={'value': 34750, 'prev_value': None, 'change': True}
2025-10-08 13:58:54,802 : EventManager : Event: ======'machine_var_mpf_version'====== Args={'value': 'Mission Pinball Framework v0.57.0.dev39', 'prev_value': None, 'change': True}
2025-10-08 13:58:54,802 : EventManager : Event: ======'machine_var_mpf_extended_version'====== Args={'value': 'Mission Pinball Framework v0.57.0.dev39, Config version:6, Show version: 6, BCP version:1.1', 'prev_value': None, 'change': True}
2025-10-08 13:58:54,802 : EventManager : Event: ======'machine_var_python_version'====== Args={'value': '3.9.13', 'prev_value': None, 'change': True}
2025-10-08 13:58:54,802 : EventManager : Event: ======'machine_var_platform'====== Args={'value': 'Windows-10-10.0.19045-SP0', 'prev_value': None, 'change': True}
2025-10-08 13:58:54,802 : EventManager : Event: ======'machine_var_platform_system'====== Args={'value': 'Windows', 'prev_value': None, 'change': True}
2025-10-08 13:58:54,802 : EventManager : Event: ======'machine_var_platform_release'====== Args={'value': '10', 'prev_value': None, 'change': True}
2025-10-08 13:58:54,802 : EventManager : Event: ======'machine_var_platform_version'====== Args={'value': '10.0.19045', 'prev_value': None, 'change': True}
2025-10-08 13:58:54,802 : EventManager : Event: ======'machine_var_platform_machine'====== Args={'value': 'AMD64', 'prev_value': None, 'change': True}
2025-10-08 13:58:54,802 : EventManager : Event: ======'machine_var_mc_version'====== Args={'value': 'MPF-MC v0.57.0.dev10', 'prev_value': None, 'change': True}
2025-10-08 13:58:54,802 : EventManager : Event: ======'machine_var_mc_extended_version'====== Args={'value': 'MPF-MC v0.57.0.dev10 (config_version=6, BCP v1.1,                      Requires MPF API compatibility v0.57.0.dev19 or newer)', 'prev_value': None, 'change': True}
2025-10-08 13:58:54,803 : EventManager : Event: ======'machine_var_credits_string'====== Args={'value': 'FREE PLAY', 'prev_value': None, 'change': True}
2025-10-08 13:58:54,803 : EventManager : Event: ======'machine_var_master_volume'====== Args={'value': 0.5, 'prev_value': None, 'change': True}
2025-10-08 13:58:54,803 : EventManager : Event: ======'machine_var_player1_score'====== Args={'value': 34750, 'prev_value': None, 'change': True}
2025-10-08 13:58:54,803 : EventManager : Event: ======'machine_var_mpf_version'====== Args={'value': 'Mission Pinball Framework v0.57.0.dev39', 'prev_value': None, 'change': True}
2025-10-08 13:58:54,803 : EventManager : Event: ======'machine_var_mpf_extended_version'====== Args={'value': 'Mission Pinball Framework v0.57.0.dev39, Config version:6, Show version: 6, BCP version:1.1', 'prev_value': None, 'change': True}
2025-10-08 13:58:54,803 : EventManager : Event: ======'machine_var_python_version'====== Args={'value': '3.9.13', 'prev_value': None, 'change': True}
2025-10-08 13:58:54,803 : EventManager : Event: ======'machine_var_platform'====== Args={'value': 'Windows-10-10.0.19045-SP0', 'prev_value': None, 'change': True}
2025-10-08 13:58:54,803 : EventManager : Event: ======'machine_var_platform_system'====== Args={'value': 'Windows', 'prev_value': None, 'change': True}
2025-10-08 13:58:54,803 : EventManager : Event: ======'machine_var_platform_release'====== Args={'value': '10', 'prev_value': None, 'change': True}
2025-10-08 13:58:54,803 : EventManager : Event: ======'machine_var_platform_version'====== Args={'value': '10.0.19045', 'prev_value': None, 'change': True}
2025-10-08 13:58:54,803 : EventManager : Event: ======'machine_var_platform_machine'====== Args={'value': 'AMD64', 'prev_value': None, 'change': True}
2025-10-08 13:58:54,803 : EventManager : Event: ======'machine_var_mc_version'====== Args={'value': 'MPF-MC v0.57.0.dev10', 'prev_value': None, 'change': True}
2025-10-08 13:58:54,803 : EventManager : Event: ======'machine_var_mc_extended_version'====== Args={'value': 'MPF-MC v0.57.0.dev10 (config_version=6, BCP v1.1,                      Requires MPF API compatibility v0.57.0.dev19 or newer)', 'prev_value': None, 'change': True}
2025-10-08 13:58:54,803 : EventManager : Event: ======'machine_var_credits_string'====== Args={'value': 'FREE PLAY', 'prev_value': None, 'change': True}
2025-10-08 13:58:54,804 : EventManager : Event: ======'machine_var_master_volume'====== Args={'value': 0.5, 'prev_value': None, 'change': True}
2025-10-08 13:58:54,804 : EventManager : Event: ======'machine_var_player1_score'====== Args={'value': 34750, 'prev_value': None, 'change': True}
2025-10-08 13:58:54,804 : EventManager : Event: ======'machine_var_mpf_version'====== Args={'value': 'Mission Pinball Framework v0.57.0.dev39', 'prev_value': None, 'change': True}
2025-10-08 13:58:54,804 : EventManager : Event: ======'machine_var_mpf_extended_version'====== Args={'value': 'Mission Pinball Framework v0.57.0.dev39, Config version:6, Show version: 6, BCP version:1.1', 'prev_value': None, 'change': True}
2025-10-08 13:58:54,804 : EventManager : Event: ======'machine_var_python_version'====== Args={'value': '3.9.13', 'prev_value': None, 'change': True}
2025-10-08 13:58:54,804 : EventManager : Event: ======'machine_var_platform'====== Args={'value': 'Windows-10-10.0.19045-SP0', 'prev_value': None, 'change': True}
2025-10-08 13:58:54,804 : EventManager : Event: ======'machine_var_platform_system'====== Args={'value': 'Windows', 'prev_value': None, 'change': True}
2025-10-08 13:58:54,804 : EventManager : Event: ======'machine_var_platform_release'====== Args={'value': '10', 'prev_value': None, 'change': True}
2025-10-08 13:58:54,804 : EventManager : Event: ======'machine_var_platform_version'====== Args={'value': '10.0.19045', 'prev_value': None, 'change': True}
2025-10-08 13:58:54,804 : EventManager : Event: ======'machine_var_platform_machine'====== Args={'value': 'AMD64', 'prev_value': None, 'change': True}
2025-10-08 13:58:54,805 : EventManager : Event: ======'machine_var_mc_version'====== Args={'value': 'MPF-MC v0.57.0.dev10', 'prev_value': None, 'change': True}
2025-10-08 13:58:54,805 : EventManager : Event: ======'machine_var_mc_extended_version'====== Args={'value': 'MPF-MC v0.57.0.dev10 (config_version=6, BCP v1.1,                      Requires MPF API compatibility v0.57.0.dev19 or newer)', 'prev_value': None, 'change': True}
2025-10-08 13:58:54,805 : EventManager : Event: ======'machine_var_credits_string'====== Args={'value': 'FREE PLAY', 'prev_value': None, 'change': True}
2025-10-08 13:58:54,805 : EventManager : Event: ======'machine_var_master_volume'====== Args={'value': 0.5, 'prev_value': None, 'change': True}
2025-10-08 13:58:54,805 : EventManager : Event: ======'machine_var_player1_score'====== Args={'value': 34750, 'prev_value': None, 'change': True}
2025-10-08 13:58:54,805 : EventManager : Event: ======'machine_var_mpf_version'====== Args={'value': 'Mission Pinball Framework v0.57.0.dev39', 'prev_value': None, 'change': True}
2025-10-08 13:58:54,805 : EventManager : Event: ======'machine_var_mpf_extended_version'====== Args={'value': 'Mission Pinball Framework v0.57.0.dev39, Config version:6, Show version: 6, BCP version:1.1', 'prev_value': None, 'change': True}
2025-10-08 13:58:54,805 : EventManager : Event: ======'machine_var_python_version'====== Args={'value': '3.9.13', 'prev_value': None, 'change': True}
2025-10-08 13:58:54,805 : EventManager : Event: ======'machine_var_platform'====== Args={'value': 'Windows-10-10.0.19045-SP0', 'prev_value': None, 'change': True}
2025-10-08 13:58:54,805 : EventManager : Event: ======'machine_var_platform_system'====== Args={'value': 'Windows', 'prev_value': None, 'change': True}
2025-10-08 13:58:54,805 : EventManager : Event: ======'machine_var_platform_release'====== Args={'value': '10', 'prev_value': None, 'change': True}
2025-10-08 13:58:54,806 : EventManager : Event: ======'machine_var_platform_version'====== Args={'value': '10.0.19045', 'prev_value': None, 'change': True}
2025-10-08 13:58:54,806 : EventManager : Event: ======'machine_var_platform_machine'====== Args={'value': 'AMD64', 'prev_value': None, 'change': True}
2025-10-08 13:58:54,806 : EventManager : Event: ======'machine_var_mc_version'====== Args={'value': 'MPF-MC v0.57.0.dev10', 'prev_value': None, 'change': True}
2025-10-08 13:58:54,806 : EventManager : Event: ======'machine_var_mc_extended_version'====== Args={'value': 'MPF-MC v0.57.0.dev10 (config_version=6, BCP v1.1,                      Requires MPF API compatibility v0.57.0.dev19 or newer)', 'prev_value': None, 'change': True}
2025-10-08 13:58:54,806 : SoundSystem : Setting master volume to 0.5
2025-10-08 13:58:54,806 : SoundSystem : Setting master volume to 0.5
2025-10-08 13:58:54,806 : SoundSystem : Setting master volume to 0.5
2025-10-08 13:58:54,806 : SoundSystem : Setting master volume to 0.5
2025-10-08 13:58:54,891 : EventManager : Event: ======'machine_var_audits_events_game_ended'====== Args={'value': 36, 'prev_value': None, 'change': True}
2025-10-08 13:58:54,917 : EventManager : Event: ======'machine_var_audits_events_game_started'====== Args={'value': 137, 'prev_value': None, 'change': True}
2025-10-08 13:58:54,917 : EventManager : Event: ======'machine_var_audits_missing_switches_s_A'====== Args={'value': 65, 'prev_value': None, 'change': True}
2025-10-08 13:58:54,917 : EventManager : Event: ======'machine_var_audits_missing_switches_s_E'====== Args={'value': 65, 'prev_value': None, 'change': True}
2025-10-08 13:58:54,917 : EventManager : Event: ======'machine_var_audits_missing_switches_s_Eb'====== Args={'value': 65, 'prev_value': None, 'change': True}
2025-10-08 13:58:54,917 : EventManager : Event: ======'machine_var_audits_missing_switches_s_I'====== Args={'value': 65, 'prev_value': None, 'change': True}
2025-10-08 13:58:54,918 : EventManager : Event: ======'machine_var_audits_missing_switches_s_L'====== Args={'value': 65, 'prev_value': None, 'change': True}
2025-10-08 13:58:54,918 : EventManager : Event: ======'machine_var_audits_missing_switches_s_M'====== Args={'value': 65, 'prev_value': None, 'change': True}
2025-10-08 13:58:54,918 : EventManager : Event: ======'machine_var_audits_missing_switches_s_R'====== Args={'value': 65, 'prev_value': None, 'change': True}
2025-10-08 13:58:54,918 : EventManager : Event: ======'machine_var_audits_missing_switches_s_T'====== Args={'value': 65, 'prev_value': None, 'change': True}
2025-10-08 13:58:54,918 : EventManager : Event: ======'machine_var_audits_missing_switches_s_Tb'====== Args={'value': 65, 'prev_value': None, 'change': True}
2025-10-08 13:58:54,918 : EventManager : Event: ======'machine_var_audits_missing_switches_s_V'====== Args={'value': 65, 'prev_value': None, 'change': True}
2025-10-08 13:58:54,918 : EventManager : Event: ======'machine_var_audits_missing_switches_s_bumper1'====== Args={'value': 1, 'prev_value': None, 'change': True}
2025-10-08 13:58:54,918 : EventManager : Event: ======'machine_var_audits_missing_switches_s_bumper2'====== Args={'value': 1, 'prev_value': None, 'change': True}
2025-10-08 13:58:54,918 : EventManager : Event: ======'machine_var_audits_missing_switches_s_bumper_1'====== Args={'value': 28, 'prev_value': None, 'change': True}
2025-10-08 13:58:54,918 : EventManager : Event: ======'machine_var_audits_missing_switches_s_bumper_2'====== Args={'value': 28, 'prev_value': None, 'change': True}
2025-10-08 13:58:54,918 : EventManager : Event: ======'machine_var_audits_missing_switches_s_center_center_target'====== Args={'value': 1, 'prev_value': None, 'change': True}
2025-10-08 13:58:54,918 : EventManager : Event: ======'machine_var_audits_missing_switches_s_launcher_lane_spinner'====== Args={'value': 63, 'prev_value': None, 'change': True}
2025-10-08 13:58:54,918 : EventManager : Event: ======'machine_var_audits_missing_switches_s_left_center_target'====== Args={'value': 1, 'prev_value': None, 'change': True}
2025-10-08 13:58:54,918 : EventManager : Event: ======'machine_var_audits_missing_switches_s_left_corridor_spinner'====== Args={'value': 63, 'prev_value': None, 'change': True}
2025-10-08 13:58:54,919 : EventManager : Event: ======'machine_var_audits_missing_switches_s_left_corridor_spinner2'====== Args={'value': 63, 'prev_value': None, 'change': True}
2025-10-08 13:58:54,919 : EventManager : Event: ======'machine_var_audits_missing_switches_s_left_flipper'====== Args={'value': 10, 'prev_value': None, 'change': True}
2025-10-08 13:58:54,919 : EventManager : Event: ======'machine_var_audits_missing_switches_s_left_inlane'====== Args={'value': 90, 'prev_value': None, 'change': True}
2025-10-08 13:58:54,919 : EventManager : Event: ======'machine_var_audits_missing_switches_s_left_outlane'====== Args={'value': 100, 'prev_value': None, 'change': True}
2025-10-08 13:58:54,919 : EventManager : Event: ======'machine_var_audits_missing_switches_s_left_standup'====== Args={'value': 62, 'prev_value': None, 'change': True}
2025-10-08 13:58:54,919 : EventManager : Event: ======'machine_var_audits_missing_switches_s_right_center_target'====== Args={'value': 1, 'prev_value': None, 'change': True}
2025-10-08 13:58:54,919 : EventManager : Event: ======'machine_var_audits_missing_switches_s_right_corridor_spinner'====== Args={'value': 63, 'prev_value': None, 'change': True}
2025-10-08 13:58:54,919 : EventManager : Event: ======'machine_var_audits_missing_switches_s_right_flipper'====== Args={'value': 10, 'prev_value': None, 'change': True}
2025-10-08 13:58:54,919 : EventManager : Event: ======'machine_var_audits_missing_switches_s_right_inlane'====== Args={'value': 2, 'prev_value': None, 'change': True}
2025-10-08 13:58:54,919 : EventManager : Event: ======'machine_var_audits_missing_switches_s_right_outlane'====== Args={'value': 100, 'prev_value': None, 'change': True}
2025-10-08 13:58:54,919 : EventManager : Event: ======'machine_var_audits_missing_switches_s_right_scoop'====== Args={'value': 1, 'prev_value': None, 'change': True}
2025-10-08 13:58:54,919 : EventManager : Event: ======'machine_var_audits_missing_switches_s_right_standup'====== Args={'value': 62, 'prev_value': None, 'change': True}
2025-10-08 13:58:54,919 : EventManager : Event: ======'machine_var_audits_missing_switches_s_sling_left'====== Args={'value': 90, 'prev_value': None, 'change': True}
2025-10-08 13:58:54,919 : EventManager : Event: ======'machine_var_audits_missing_switches_s_sling_right'====== Args={'value': 104, 'prev_value': None, 'change': True}
2025-10-08 13:58:54,920 : EventManager : Event: ======'machine_var_audits_missing_switches_s_start'====== Args={'value': 16, 'prev_value': None, 'change': True}
2025-10-08 13:58:54,920 : EventManager : Event: ======'machine_var_audits_missing_switches_s_top_left_standup'====== Args={'value': 62, 'prev_value': None, 'change': True}
2025-10-08 13:58:54,920 : EventManager : Event: ======'machine_var_audits_missing_switches_s_top_left_standup2'====== Args={'value': 3, 'prev_value': None, 'change': True}
2025-10-08 13:58:54,920 : EventManager : Event: ======'machine_var_audits_missing_switches_s_trough1'====== Args={'value': 1, 'prev_value': None, 'change': True}
2025-10-08 13:58:54,920 : EventManager : Event: ======'machine_var_audits_missing_switches_s_trough2'====== Args={'value': 137, 'prev_value': None, 'change': True}
2025-10-08 13:58:54,920 : EventManager : Event: ======'machine_var_audits_missing_switches_s_trough3'====== Args={'value': 137, 'prev_value': None, 'change': True}
2025-10-08 13:58:54,920 : EventManager : Event: ======'machine_var_audits_missing_switches_s_trough4'====== Args={'value': 137, 'prev_value': None, 'change': True}
2025-10-08 13:58:54,920 : EventManager : Event: ======'machine_var_audits_missing_switches_s_trough5'====== Args={'value': 137, 'prev_value': None, 'change': True}
2025-10-08 13:58:54,920 : EventManager : Event: ======'machine_var_audits_missing_switches_s_trough6'====== Args={'value': 137, 'prev_value': None, 'change': True}
2025-10-08 13:58:54,920 : EventManager : Event: ======'machine_var_audits_missing_switches_s_trough_jam'====== Args={'value': 137, 'prev_value': None, 'change': True}
2025-10-08 13:58:54,920 : EventManager : Event: ======'machine_var_audits_player_score'====== Args={'value': {'average': 12136, 'top': [34750, 28284, 28200, 25272, 22800, 22400, 17500, 17350, 17242, 16942], 'total': 38}, 'prev_value': None, 'change': True}
2025-10-08 13:58:54,920 : EventManager : Event: ======'machine_var_audits_shots_bumper1_shot'====== Args={'value': 31, 'prev_value': None, 'change': True}
2025-10-08 13:58:54,920 : EventManager : Event: ======'machine_var_audits_shots_bumper2_shot'====== Args={'value': 19, 'prev_value': None, 'change': True}
2025-10-08 13:58:54,920 : EventManager : Event: ======'machine_var_audits_shots_center_rollover'====== Args={'value': 7, 'prev_value': None, 'change': True}
2025-10-08 13:58:54,921 : EventManager : Event: ======'machine_var_audits_shots_center_rollover_shot'====== Args={'value': 173, 'prev_value': None, 'change': True}
2025-10-08 13:58:54,921 : EventManager : Event: ======'machine_var_audits_shots_left_rollover'====== Args={'value': 6, 'prev_value': None, 'change': True}
2025-10-08 13:58:54,921 : EventManager : Event: ======'machine_var_audits_shots_left_rollover_shot'====== Args={'value': 115, 'prev_value': None, 'change': True}
2025-10-08 13:58:54,921 : EventManager : Event: ======'machine_var_audits_shots_left_scoop_shot'====== Args={'value': 28, 'prev_value': None, 'change': True}
2025-10-08 13:58:54,921 : EventManager : Event: ======'machine_var_audits_shots_middle_inlane_shot'====== Args={'value': 20, 'prev_value': None, 'change': True}
2025-10-08 13:58:54,921 : EventManager : Event: ======'machine_var_audits_shots_my_first_shot'====== Args={'value': 95, 'prev_value': None, 'change': True}
2025-10-08 13:58:54,921 : EventManager : Event: ======'machine_var_audits_shots_right_inlane_shot'====== Args={'value': 53, 'prev_value': None, 'change': True}
2025-10-08 13:58:54,921 : EventManager : Event: ======'machine_var_audits_shots_right_rollover'====== Args={'value': 7, 'prev_value': None, 'change': True}
2025-10-08 13:58:54,921 : EventManager : Event: ======'machine_var_audits_shots_right_rollover_shot'====== Args={'value': 167, 'prev_value': None, 'change': True}
2025-10-08 13:58:54,921 : EventManager : Event: ======'machine_var_audits_shots_right_scoop_shot'====== Args={'value': 21, 'prev_value': None, 'change': True}
2025-10-08 13:58:54,921 : EventManager : Event: ======'machine_var_audits_shots_top_middle_inlane_shot'====== Args={'value': 41, 'prev_value': None, 'change': True}
2025-10-08 13:58:54,921 : EventManager : Event: ======'machine_var_audits_switches_s_A'====== Args={'value': 0, 'prev_value': None, 'change': True}
2025-10-08 13:58:54,921 : EventManager : Event: ======'machine_var_audits_switches_s_E'====== Args={'value': 0, 'prev_value': None, 'change': True}
2025-10-08 13:58:54,922 : EventManager : Event: ======'machine_var_audits_switches_s_Eb'====== Args={'value': 0, 'prev_value': None, 'change': True}
2025-10-08 13:58:54,922 : EventManager : Event: ======'machine_var_audits_switches_s_I'====== Args={'value': 0, 'prev_value': None, 'change': True}
2025-10-08 13:58:54,922 : EventManager : Event: ======'machine_var_audits_switches_s_L'====== Args={'value': 0, 'prev_value': None, 'change': True}
2025-10-08 13:58:54,922 : EventManager : Event: ======'machine_var_audits_switches_s_M'====== Args={'value': 0, 'prev_value': None, 'change': True}
2025-10-08 13:58:54,922 : EventManager : Event: ======'machine_var_audits_switches_s_R'====== Args={'value': 0, 'prev_value': None, 'change': True}
2025-10-08 13:58:54,922 : EventManager : Event: ======'machine_var_audits_switches_s_T'====== Args={'value': 0, 'prev_value': None, 'change': True}
2025-10-08 13:58:54,922 : EventManager : Event: ======'machine_var_audits_switches_s_Tb'====== Args={'value': 0, 'prev_value': None, 'change': True}
2025-10-08 13:58:54,922 : EventManager : Event: ======'machine_var_audits_switches_s_V'====== Args={'value': 0, 'prev_value': None, 'change': True}
2025-10-08 13:58:54,922 : EventManager : Event: ======'machine_var_audits_switches_s_bumper1'====== Args={'value': 31, 'prev_value': None, 'change': True}
2025-10-08 13:58:54,922 : EventManager : Event: ======'machine_var_audits_switches_s_bumper2'====== Args={'value': 19, 'prev_value': None, 'change': True}
2025-10-08 13:58:54,922 : EventManager : Event: ======'machine_var_audits_switches_s_bumper_1'====== Args={'value': 0, 'prev_value': None, 'change': True}
2025-10-08 13:58:54,922 : EventManager : Event: ======'machine_var_audits_switches_s_bumper_2'====== Args={'value': 0, 'prev_value': None, 'change': True}
2025-10-08 13:58:54,922 : EventManager : Event: ======'machine_var_audits_switches_s_center_center_target'====== Args={'value': 1, 'prev_value': None, 'change': True}
2025-10-08 13:58:54,923 : EventManager : Event: ======'machine_var_audits_switches_s_center_rollover'====== Args={'value': 182, 'prev_value': None, 'change': True}
2025-10-08 13:58:54,923 : EventManager : Event: ======'machine_var_audits_switches_s_launcher_lane_spinner'====== Args={'value': 0, 'prev_value': None, 'change': True}
2025-10-08 13:58:54,923 : EventManager : Event: ======'machine_var_audits_switches_s_left_center_target'====== Args={'value': 2, 'prev_value': None, 'change': True}
2025-10-08 13:58:54,923 : EventManager : Event: ======'machine_var_audits_switches_s_left_corridor_spinner'====== Args={'value': 0, 'prev_value': None, 'change': True}
2025-10-08 13:58:54,923 : EventManager : Event: ======'machine_var_audits_switches_s_left_corridor_spinner2'====== Args={'value': 0, 'prev_value': None, 'change': True}
2025-10-08 13:58:54,923 : EventManager : Event: ======'machine_var_audits_switches_s_left_flipper'====== Args={'value': 328, 'prev_value': None, 'change': True}
2025-10-08 13:58:54,923 : EventManager : Event: ======'machine_var_audits_switches_s_left_inlane'====== Args={'value': 8, 'prev_value': None, 'change': True}
2025-10-08 13:58:54,923 : EventManager : Event: ======'machine_var_audits_switches_s_left_outlane'====== Args={'value': 3, 'prev_value': None, 'change': True}
2025-10-08 13:58:54,923 : EventManager : Event: ======'machine_var_audits_switches_s_left_rollover'====== Args={'value': 123, 'prev_value': None, 'change': True}
2025-10-08 13:58:54,923 : EventManager : Event: ======'machine_var_audits_switches_s_left_scoop'====== Args={'value': 203, 'prev_value': None, 'change': True}
2025-10-08 13:58:54,923 : EventManager : Event: ======'machine_var_audits_switches_s_left_standup'====== Args={'value': 0, 'prev_value': None, 'change': True}
2025-10-08 13:58:54,923 : EventManager : Event: ======'machine_var_audits_switches_s_middle_inlane'====== Args={'value': 20, 'prev_value': None, 'change': True}
2025-10-08 13:58:54,923 : EventManager : Event: ======'machine_var_audits_switches_s_plunger'====== Args={'value': 257, 'prev_value': None, 'change': True}
2025-10-08 13:58:54,923 : EventManager : Event: ======'machine_var_audits_switches_s_right_center_target'====== Args={'value': 1, 'prev_value': None, 'change': True}
2025-10-08 13:58:54,923 : EventManager : Event: ======'machine_var_audits_switches_s_right_corridor_spinner'====== Args={'value': 0, 'prev_value': None, 'change': True}
2025-10-08 13:58:54,924 : EventManager : Event: ======'machine_var_audits_switches_s_right_flipper'====== Args={'value': 145, 'prev_value': None, 'change': True}
2025-10-08 13:58:54,924 : EventManager : Event: ======'machine_var_audits_switches_s_right_inlane'====== Args={'value': 180, 'prev_value': None, 'change': True}
2025-10-08 13:58:54,924 : EventManager : Event: ======'machine_var_audits_switches_s_right_outlane'====== Args={'value': 3, 'prev_value': None, 'change': True}
2025-10-08 13:58:54,924 : EventManager : Event: ======'machine_var_audits_switches_s_right_rollover'====== Args={'value': 176, 'prev_value': None, 'change': True}
2025-10-08 13:58:54,924 : EventManager : Event: ======'machine_var_audits_switches_s_right_scoop'====== Args={'value': 38, 'prev_value': None, 'change': True}
2025-10-08 13:58:54,924 : EventManager : Event: ======'machine_var_audits_switches_s_right_standup'====== Args={'value': 0, 'prev_value': None, 'change': True}
2025-10-08 13:58:54,924 : EventManager : Event: ======'machine_var_audits_switches_s_sling_left'====== Args={'value': 3, 'prev_value': None, 'change': True}
2025-10-08 13:58:54,924 : EventManager : Event: ======'machine_var_audits_switches_s_sling_right'====== Args={'value': 1, 'prev_value': None, 'change': True}
2025-10-08 13:58:54,924 : EventManager : Event: ======'machine_var_audits_switches_s_start'====== Args={'value': 15, 'prev_value': None, 'change': True}
2025-10-08 13:58:54,924 : EventManager : Event: ======'machine_var_audits_switches_s_top_left_standup'====== Args={'value': 0, 'prev_value': None, 'change': True}
2025-10-08 13:58:54,924 : EventManager : Event: ======'machine_var_audits_switches_s_top_left_standup2'====== Args={'value': 15, 'prev_value': None, 'change': True}
2025-10-08 13:58:54,924 : EventManager : Event: ======'machine_var_audits_switches_s_top_middle_inlane'====== Args={'value': 41, 'prev_value': None, 'change': True}
2025-10-08 13:58:54,924 : EventManager : Event: ======'machine_var_audits_switches_s_trough1'====== Args={'value': 170, 'prev_value': None, 'change': True}
2025-10-08 13:58:54,924 : EventManager : Event: ======'machine_var_audits_switches_s_trough2'====== Args={'value': 0, 'prev_value': None, 'change': True}
2025-10-08 13:58:54,924 : EventManager : Event: ======'machine_var_audits_switches_s_trough3'====== Args={'value': 0, 'prev_value': None, 'change': True}
2025-10-08 13:58:54,924 : EventManager : Event: ======'machine_var_audits_switches_s_trough4'====== Args={'value': 0, 'prev_value': None, 'change': True}
2025-10-08 13:58:54,925 : EventManager : Event: ======'machine_var_audits_switches_s_trough5'====== Args={'value': 0, 'prev_value': None, 'change': True}
2025-10-08 13:58:54,925 : EventManager : Event: ======'machine_var_audits_switches_s_trough6'====== Args={'value': 0, 'prev_value': None, 'change': True}
2025-10-08 13:58:54,925 : EventManager : Event: ======'machine_var_audits_switches_s_trough_jam'====== Args={'value': 0, 'prev_value': None, 'change': True}
2025-10-08 13:58:54,964 : EventManager : Event: ======'mc_reset_phase_1'====== Args={}
2025-10-08 13:58:54,964 : EventManager : Event: ======'mc_reset_phase_2'====== Args={}
2025-10-08 13:58:54,964 : EventManager : Event: ======'mc_reset_phase_3'====== Args={}
2025-10-08 13:58:54,964 : EventManager : Event: ======'mc_reset_complete'====== Args={}
2025-10-08 13:58:54,976 : EventManager : Event: ======'slides_play'====== Args={'settings': {'awesome_slide': {'widgets': [{'type': 'text', 'text': 'TIME TRAVEL 1985', 'font_size': 50, '_default_settings': ['type', 'text', 'font_size'], 'x': None, 'y': None, 'anchor_x': 'center', 'anchor_y': 'center', 'round_anchor_x': None, 'round_anchor_y': None, 'opacity': 1.0, 'z': 0, 'reset_animations_events': {}, 'color': [1.0, 1.0, 1.0, 1.0], 'style': [], 'adjust_top': 0, 'adjust_bottom': 0, 'adjust_left': 0, 'adjust_right': 0, 'expire': None, 'key': None, 'widget': None, 'events_when_added': [], 'events_when_removed': [], 'bitmap_font': False, 'font_kerning': True, 'bold': False, 'italic': False, 'number_grouping': False, 'min_digits': 0, 'halign': 'center', 'valign': 'middle', 'rotation': 0, 'scale': 1.0, 'casing': None, 'outline_color': [1.0, 1.0, 1.0, 1.0], 'outline_width': 0, 'animations': None}], 'transition': {'type': 'push', 'duration': 1.0, 'direction': 'left', 'easing': 'out_quad'}, 'target': None, 'background_color': [0.0, 0.0, 0.0, 1.0], 'priority': None, 'show': True, 'force': False, 'expire': None, 'slide': None, 'tokens': {}, 'action': 'play'}}, 'context': 'show_2', 'calling_context': 0, 'priority': 10, 'show_tokens': {}, 'start_time': 181073.625}
2025-10-08 13:58:54,976 : EventManager : Event: ======'sounds_play'====== Args={'settings': {'music': {'action': 'play', 'loops': -1, 'priority': None, 'block': False, 'delay': None, 'track': None, 'volume': None, 'ducking': {}, 'pan': None, 'start_at': None, 'fade_in': None, 'fade_out': None, 'about_to_finish_time': -1.0, 'max_queue_time': -1.0, 'events_when_played': ['use_sound_setting'], 'events_when_stopped': ['use_sound_setting'], 'events_when_looping': ['use_sound_setting'], 'events_when_about_to_finish': ['use_sound_setting'], 'mode_end_action': 'use_sound_setting', 'key': 'use_sound_setting'}}, 'context': '_global', 'calling_context': 'mode_attract_started', 'priority': 0}
2025-10-08 13:58:54,976 : mpfmc : SlidePlayer: Play called with settings={'awesome_slide': {'widgets': [{'type': 'text', 'text': 'TIME TRAVEL 1985', 'font_size': 50, '_default_settings': ['type', 'text', 'font_size'], 'x': None, 'y': None, 'anchor_x': 'center', 'anchor_y': 'center', 'round_anchor_x': None, 'round_anchor_y': None, 'opacity': 1.0, 'z': 0, 'reset_animations_events': {}, 'color': [1.0, 1.0, 1.0, 1.0], 'style': [], 'adjust_top': 0, 'adjust_bottom': 0, 'adjust_left': 0, 'adjust_right': 0, 'expire': None, 'key': None, 'widget': None, 'events_when_added': [], 'events_when_removed': [], 'bitmap_font': False, 'font_kerning': True, 'bold': False, 'italic': False, 'number_grouping': False, 'min_digits': 0, 'halign': 'center', 'valign': 'middle', 'rotation': 0, 'scale': 1.0, 'casing': None, 'outline_color': [1.0, 1.0, 1.0, 1.0], 'outline_width': 0, 'animations': None}], 'transition': {'type': 'push', 'duration': 1.0, 'direction': 'left', 'easing': 'out_quad'}, 'target': None, 'background_color': [0.0, 0.0, 0.0, 1.0], 'priority': None, 'show': True, 'force': False, 'expire': None, 'slide': None, 'tokens': {}, 'action': 'play'}}
2025-10-08 13:58:54,981 : kivy : GL: NPOT texture support is available
2025-10-08 13:58:54,981 : EventManager : Event: ======'slide_awesome_slide_created'====== Args={}
2025-10-08 13:58:54,982 : EventManager : Event: ======'slide_awesome_slide_active'====== Args={}
2025-10-08 13:58:54,989 : EventManager : Event: ======'loading_assets'====== Args={'total': 1, 'loaded': 1, 'remaining': 0, 'percent': 100}
2025-10-08 13:58:54,989 : AssetManager : Asset loading took: 1.488111972808838
2025-10-08 13:58:54,989 : EventManager : Event: ======'asset_loading_complete'====== Args={}
2025-10-08 13:58:54,990 : AssetManager : Loading assets: 1/1 (100%)
2025-10-08 13:58:57,969 : EventManager : Event: ======'slides_play'====== Args={'settings': {'press_start': {'widgets': [{'type': 'Text', 'text': 'PRESS START', 'animations': {'pre_show_slide': [{'property': ['opacity'], 'value': ['0'], 'duration': 0.5, 'relative': False, 'timing': 'after_previous', 'repeat': False, 'easing': 'linear', 'step': 0.0}, {'property': ['opacity'], 'value': ['1'], 'duration': 0.5, 'repeat': False, 'relative': False, 'timing': 'after_previous', 'easing': 'linear', 'step': 0.0}]}, '_default_settings': ['type', 'text', 'animations'], 'x': None, 'y': None, 'anchor_x': 'center', 'anchor_y': 'center', 'round_anchor_x': None, 'round_anchor_y': None, 'opacity': 1.0, 'z': 0, 'reset_animations_events': {}, 'color': [1.0, 1.0, 1.0, 1.0], 'style': [], 'adjust_top': 0, 'adjust_bottom': 0, 'adjust_left': 0, 'adjust_right': 0, 'expire': None, 'key': None, 'widget': None, 'events_when_added': [], 'events_when_removed': [], 'font_size': 15, 'bitmap_font': False, 'font_kerning': True, 'bold': False, 'italic': False, 'number_grouping': False, 'min_digits': 0, 'halign': 'center', 'valign': 'middle', 'rotation': 0, 'scale': 1.0, 'casing': None, 'outline_color': [1.0, 1.0, 1.0, 1.0], 'outline_width': 0}, {'type': 'Text', 'text': 'FREE PLAY', 'color': [0.0, 0.5019607843137255, 0.0, 1], 'y': '10', 'anchor_y': 'bottom', '_default_settings': ['type', 'text', 'color', 'y', 'anchor_y'], 'x': None, 'anchor_x': 'center', 'round_anchor_x': None, 'round_anchor_y': None, 'opacity': 1.0, 'z': 0, 'reset_animations_events': {}, 'style': [], 'adjust_top': 0, 'adjust_bottom': 0, 'adjust_left': 0, 'adjust_right': 0, 'expire': None, 'key': None, 'widget': None, 'events_when_added': [], 'events_when_removed': [], 'font_size': 15, 'bitmap_font': False, 'font_kerning': True, 'bold': False, 'italic': False, 'number_grouping': False, 'min_digits': 0, 'halign': 'center', 'valign': 'middle', 'rotation': 0, 'scale': 1.0, 'casing': None, 'outline_color': [1.0, 1.0, 1.0, 1.0], 'outline_width': 0, 'animations': None}], 'transition': {'type': 'move_in', 'duration': 1.0, 'direction': 'right', 'easing': 'out_quad'}, 'target': None, 'background_color': [0.0, 0.0, 0.0, 1.0], 'priority': None, 'show': True, 'force': False, 'expire': None, 'slide': None, 'tokens': {}, 'action': 'play'}}, 'context': 'show_2', 'calling_context': 1, 'priority': 10, 'show_tokens': {}, 'start_time': 181076.625}
2025-10-08 13:58:57,969 : mpfmc : SlidePlayer: Play called with settings={'press_start': {'widgets': [{'type': 'Text', 'text': 'PRESS START', 'animations': {'pre_show_slide': [{'property': ['opacity'], 'value': ['0'], 'duration': 0.5, 'relative': False, 'timing': 'after_previous', 'repeat': False, 'easing': 'linear', 'step': 0.0}, {'property': ['opacity'], 'value': ['1'], 'duration': 0.5, 'repeat': False, 'relative': False, 'timing': 'after_previous', 'easing': 'linear', 'step': 0.0}]}, '_default_settings': ['type', 'text', 'animations'], 'x': None, 'y': None, 'anchor_x': 'center', 'anchor_y': 'center', 'round_anchor_x': None, 'round_anchor_y': None, 'opacity': 1.0, 'z': 0, 'reset_animations_events': {}, 'color': [1.0, 1.0, 1.0, 1.0], 'style': [], 'adjust_top': 0, 'adjust_bottom': 0, 'adjust_left': 0, 'adjust_right': 0, 'expire': None, 'key': None, 'widget': None, 'events_when_added': [], 'events_when_removed': [], 'font_size': 15, 'bitmap_font': False, 'font_kerning': True, 'bold': False, 'italic': False, 'number_grouping': False, 'min_digits': 0, 'halign': 'center', 'valign': 'middle', 'rotation': 0, 'scale': 1.0, 'casing': None, 'outline_color': [1.0, 1.0, 1.0, 1.0], 'outline_width': 0}, {'type': 'Text', 'text': 'FREE PLAY', 'color': [0.0, 0.5019607843137255, 0.0, 1], 'y': '10', 'anchor_y': 'bottom', '_default_settings': ['type', 'text', 'color', 'y', 'anchor_y'], 'x': None, 'anchor_x': 'center', 'round_anchor_x': None, 'round_anchor_y': None, 'opacity': 1.0, 'z': 0, 'reset_animations_events': {}, 'style': [], 'adjust_top': 0, 'adjust_bottom': 0, 'adjust_left': 0, 'adjust_right': 0, 'expire': None, 'key': None, 'widget': None, 'events_when_added': [], 'events_when_removed': [], 'font_size': 15, 'bitmap_font': False, 'font_kerning': True, 'bold': False, 'italic': False, 'number_grouping': False, 'min_digits': 0, 'halign': 'center', 'valign': 'middle', 'rotation': 0, 'scale': 1.0, 'casing': None, 'outline_color': [1.0, 1.0, 1.0, 1.0], 'outline_width': 0, 'animations': None}], 'transition': {'type': 'move_in', 'duration': 1.0, 'direction': 'right', 'easing': 'out_quad'}, 'target': None, 'background_color': [0.0, 0.0, 0.0, 1.0], 'priority': None, 'show': True, 'force': False, 'expire': None, 'slide': None, 'tokens': {}, 'action': 'play'}}
2025-10-08 13:58:57,981 : EventManager : Event: ======'slide_press_start_created'====== Args={}
2025-10-08 13:58:57,985 : EventManager : Event: ======'slide_press_start_active'====== Args={}
2025-10-08 13:58:58,523 : EventManager : Event: ======'game_started'====== Args={}
2025-10-08 13:58:58,523 : EventManager : Event: ======'slides_clear'====== Args={'context': 'show_2'}
2025-10-08 13:58:58,523 : EventManager : Event: ======'sounds_play'====== Args={'settings': {'music': {'action': 'stop', 'priority': None, 'block': False, 'delay': None, 'track': None, 'volume': None, 'ducking': {}, 'pan': None, 'loops': None, 'start_at': None, 'fade_in': None, 'fade_out': None, 'about_to_finish_time': -1.0, 'max_queue_time': -1.0, 'events_when_played': ['use_sound_setting'], 'events_when_stopped': ['use_sound_setting'], 'events_when_looping': ['use_sound_setting'], 'events_when_about_to_finish': ['use_sound_setting'], 'mode_end_action': 'use_sound_setting', 'key': 'use_sound_setting'}}, 'context': '_global', 'calling_context': 'mode_attract_stopped', 'priority': 0}
2025-10-08 13:58:58,524 : EventManager : Event: ======'player_added'====== Args={'player': <Player 1>, 'num': 1}
2025-10-08 13:58:58,524 : EventManager : Event: ======'player_index'====== Args={'value': 0, 'prev_value': 0, 'change': 0, 'player_num': 1}
2025-10-08 13:58:58,524 : EventManager : Event: ======'player_number'====== Args={'value': 1, 'prev_value': 1, 'change': 0, 'player_num': 1}
2025-10-08 13:58:58,524 : EventManager : Event: ======'player_score'====== Args={'value': 0, 'prev_value': 0, 'change': 0, 'player_num': 1}
2025-10-08 13:58:58,524 : EventManager : Event: ======'slide_awesome_slide_removed'====== Args={}
2025-10-08 13:58:58,524 : EventManager : Event: ======'slide_press_start_removed'====== Args={}
2025-10-08 13:58:58,525 : EventManager : Event: ======'slide_window_blank_active'====== Args={}
2025-10-08 13:58:58,555 : EventManager : Event: ======'player_ball'====== Args={'value': 1, 'prev_value': 0, 'change': 1, 'player_num': 1}
2025-10-08 13:58:58,555 : EventManager : Event: ======'player_turn_start'====== Args={'number': 1, 'player': <Player 1>}
2025-10-08 13:58:58,555 : EventManager : Event: ======'player_shot_left_rollover_shot_enabled'====== Args={'value': True, 'prev_value': 0, 'change': 1, 'player_num': 1}
2025-10-08 13:58:58,568 : EventManager : Event: ======'player_shot_center_rollover_shot_enabled'====== Args={'value': True, 'prev_value': 0, 'change': 1, 'player_num': 1}
2025-10-08 13:58:58,568 : EventManager : Event: ======'player_shot_right_rollover_shot_enabled'====== Args={'value': True, 'prev_value': 0, 'change': 1, 'player_num': 1}
2025-10-08 13:58:58,568 : EventManager : Event: ======'player_shot_bumper1_shot_enabled'====== Args={'value': True, 'prev_value': 0, 'change': 1, 'player_num': 1}
2025-10-08 13:58:58,568 : EventManager : Event: ======'player_shot_bumper2_shot_enabled'====== Args={'value': True, 'prev_value': 0, 'change': 1, 'player_num': 1}
2025-10-08 13:58:58,568 : EventManager : Event: ======'player_shot_right_inlane_shot_enabled'====== Args={'value': True, 'prev_value': 0, 'change': 1, 'player_num': 1}
2025-10-08 13:58:58,569 : EventManager : Event: ======'slides_play'====== Args={'settings': {'widgets': {'widgets': [{'type': 'text', 'text': '(score)', 'number_grouping': True, 'min_digits': 2, 'font_size': 100, '_default_settings': ['type', 'text', 'number_grouping', 'min_digits', 'font_size'], 'x': None, 'y': None, 'anchor_x': 'center', 'anchor_y': 'center', 'round_anchor_x': None, 'round_anchor_y': None, 'opacity': 1.0, 'z': 0, 'reset_animations_events': {}, 'color': [1.0, 1.0, 1.0, 1.0], 'style': [], 'adjust_top': 0, 'adjust_bottom': 0, 'adjust_left': 0, 'adjust_right': 0, 'expire': None, 'key': None, 'widget': None, 'events_when_added': [], 'events_when_removed': [], 'bitmap_font': False, 'font_kerning': True, 'bold': False, 'italic': False, 'halign': 'center', 'valign': 'middle', 'rotation': 0, 'scale': 1.0, 'casing': None, 'outline_color': [1.0, 1.0, 1.0, 1.0], 'outline_width': 0, 'animations': None}, {'type': 'text', 'text': 'PLAYER (number)', 'y': '10', 'x': '10', 'font_size': 50, 'anchor_x': 'left', 'anchor_y': 'bottom', '_default_settings': ['type', 'text', 'y', 'x', 'font_size', 'anchor_x', 'anchor_y'], 'round_anchor_x': None, 'round_anchor_y': None, 'opacity': 1.0, 'z': 0, 'reset_animations_events': {}, 'color': [1.0, 1.0, 1.0, 1.0], 'style': [], 'adjust_top': 0, 'adjust_bottom': 0, 'adjust_left': 0, 'adjust_right': 0, 'expire': None, 'key': None, 'widget': None, 'events_when_added': [], 'events_when_removed': [], 'bitmap_font': False, 'font_kerning': True, 'bold': False, 'italic': False, 'number_grouping': False, 'min_digits': 0, 'halign': 'center', 'valign': 'middle', 'rotation': 0, 'scale': 1.0, 'casing': None, 'outline_color': [1.0, 1.0, 1.0, 1.0], 'outline_width': 0, 'animations': None}, {'type': 'text', 'text': 'BALL (ball)', 'y': '10', 'x': 'right-10', 'anchor_x': 'right', 'anchor_y': 'bottom', 'font_size': 50, '_default_settings': ['type', 'text', 'y', 'x', 'anchor_x', 'anchor_y', 'font_size'], 'round_anchor_x': None, 'round_anchor_y': None, 'opacity': 1.0, 'z': 0, 'reset_animations_events': {}, 'color': [1.0, 1.0, 1.0, 1.0], 'style': [], 'adjust_top': 0, 'adjust_bottom': 0, 'adjust_left': 0, 'adjust_right': 0, 'expire': None, 'key': None, 'widget': None, 'events_when_added': [], 'events_when_removed': [], 'bitmap_font': False, 'font_kerning': True, 'bold': False, 'italic': False, 'number_grouping': False, 'min_digits': 0, 'halign': 'center', 'valign': 'middle', 'rotation': 0, 'scale': 1.0, 'casing': None, 'outline_color': [1.0, 1.0, 1.0, 1.0], 'outline_width': 0, 'animations': None}, {'type': 'text', 'text': 'POTATO VALUE: (potato)', 'y': '40%', '_default_settings': ['type', 'text', 'y'], 'x': None, 'anchor_x': 'center', 'anchor_y': 'center', 'round_anchor_x': None, 'round_anchor_y': None, 'opacity': 1.0, 'z': 0, 'reset_animations_events': {}, 'color': [1.0, 1.0, 1.0, 1.0], 'style': [], 'adjust_top': 0, 'adjust_bottom': 0, 'adjust_left': 0, 'adjust_right': 0, 'expire': None, 'key': None, 'widget': None, 'events_when_added': [], 'events_when_removed': [], 'font_size': 15, 'bitmap_font': False, 'font_kerning': True, 'bold': False, 'italic': False, 'number_grouping': False, 'min_digits': 0, 'halign': 'center', 'valign': 'middle', 'rotation': 0, 'scale': 1.0, 'casing': None, 'outline_color': [1.0, 1.0, 1.0, 1.0], 'outline_width': 0, 'animations': None}], 'target': None, 'background_color': [0.0, 0.0, 0.0, 1.0], 'priority': None, 'show': True, 'force': False, 'expire': None, 'slide': None, 'tokens': {}, 'action': 'play'}}, 'context': 'base', 'calling_context': 'mode_base_started', 'priority': 100, 'player': 1, 'ball': 1, 'balls_remaining': 2, 'is_extra_ball': False}
2025-10-08 13:58:58,569 : EventManager : Event: ======'sounds_play'====== Args={'settings': {'mode': {'action': 'play', 'loops': -1, 'priority': None, 'block': False, 'delay': None, 'track': None, 'volume': None, 'ducking': {}, 'pan': None, 'start_at': None, 'fade_in': None, 'fade_out': None, 'about_to_finish_time': -1.0, 'max_queue_time': -1.0, 'events_when_played': ['use_sound_setting'], 'events_when_stopped': ['use_sound_setting'], 'events_when_looping': ['use_sound_setting'], 'events_when_about_to_finish': ['use_sound_setting'], 'mode_end_action': 'use_sound_setting', 'key': 'use_sound_setting'}}, 'context': '_global', 'calling_context': 'mode_base_started', 'priority': 0, 'player': 1, 'ball': 1, 'balls_remaining': 2, 'is_extra_ball': False}
2025-10-08 13:58:58,569 : mpfmc : SlidePlayer: Play called with settings={'widgets': {'widgets': [{'type': 'text', 'text': '(score)', 'number_grouping': True, 'min_digits': 2, 'font_size': 100, '_default_settings': ['type', 'text', 'number_grouping', 'min_digits', 'font_size'], 'x': None, 'y': None, 'anchor_x': 'center', 'anchor_y': 'center', 'round_anchor_x': None, 'round_anchor_y': None, 'opacity': 1.0, 'z': 0, 'reset_animations_events': {}, 'color': [1.0, 1.0, 1.0, 1.0], 'style': [], 'adjust_top': 0, 'adjust_bottom': 0, 'adjust_left': 0, 'adjust_right': 0, 'expire': None, 'key': None, 'widget': None, 'events_when_added': [], 'events_when_removed': [], 'bitmap_font': False, 'font_kerning': True, 'bold': False, 'italic': False, 'halign': 'center', 'valign': 'middle', 'rotation': 0, 'scale': 1.0, 'casing': None, 'outline_color': [1.0, 1.0, 1.0, 1.0], 'outline_width': 0, 'animations': None}, {'type': 'text', 'text': 'PLAYER (number)', 'y': '10', 'x': '10', 'font_size': 50, 'anchor_x': 'left', 'anchor_y': 'bottom', '_default_settings': ['type', 'text', 'y', 'x', 'font_size', 'anchor_x', 'anchor_y'], 'round_anchor_x': None, 'round_anchor_y': None, 'opacity': 1.0, 'z': 0, 'reset_animations_events': {}, 'color': [1.0, 1.0, 1.0, 1.0], 'style': [], 'adjust_top': 0, 'adjust_bottom': 0, 'adjust_left': 0, 'adjust_right': 0, 'expire': None, 'key': None, 'widget': None, 'events_when_added': [], 'events_when_removed': [], 'bitmap_font': False, 'font_kerning': True, 'bold': False, 'italic': False, 'number_grouping': False, 'min_digits': 0, 'halign': 'center', 'valign': 'middle', 'rotation': 0, 'scale': 1.0, 'casing': None, 'outline_color': [1.0, 1.0, 1.0, 1.0], 'outline_width': 0, 'animations': None}, {'type': 'text', 'text': 'BALL (ball)', 'y': '10', 'x': 'right-10', 'anchor_x': 'right', 'anchor_y': 'bottom', 'font_size': 50, '_default_settings': ['type', 'text', 'y', 'x', 'anchor_x', 'anchor_y', 'font_size'], 'round_anchor_x': None, 'round_anchor_y': None, 'opacity': 1.0, 'z': 0, 'reset_animations_events': {}, 'color': [1.0, 1.0, 1.0, 1.0], 'style': [], 'adjust_top': 0, 'adjust_bottom': 0, 'adjust_left': 0, 'adjust_right': 0, 'expire': None, 'key': None, 'widget': None, 'events_when_added': [], 'events_when_removed': [], 'bitmap_font': False, 'font_kerning': True, 'bold': False, 'italic': False, 'number_grouping': False, 'min_digits': 0, 'halign': 'center', 'valign': 'middle', 'rotation': 0, 'scale': 1.0, 'casing': None, 'outline_color': [1.0, 1.0, 1.0, 1.0], 'outline_width': 0, 'animations': None}, {'type': 'text', 'text': 'POTATO VALUE: (potato)', 'y': '40%', '_default_settings': ['type', 'text', 'y'], 'x': None, 'anchor_x': 'center', 'anchor_y': 'center', 'round_anchor_x': None, 'round_anchor_y': None, 'opacity': 1.0, 'z': 0, 'reset_animations_events': {}, 'color': [1.0, 1.0, 1.0, 1.0], 'style': [], 'adjust_top': 0, 'adjust_bottom': 0, 'adjust_left': 0, 'adjust_right': 0, 'expire': None, 'key': None, 'widget': None, 'events_when_added': [], 'events_when_removed': [], 'font_size': 15, 'bitmap_font': False, 'font_kerning': True, 'bold': False, 'italic': False, 'number_grouping': False, 'min_digits': 0, 'halign': 'center', 'valign': 'middle', 'rotation': 0, 'scale': 1.0, 'casing': None, 'outline_color': [1.0, 1.0, 1.0, 1.0], 'outline_width': 0, 'animations': None}], 'target': None, 'background_color': [0.0, 0.0, 0.0, 1.0], 'priority': None, 'show': True, 'force': False, 'expire': None, 'slide': None, 'tokens': {}, 'action': 'play'}}
2025-10-08 13:58:58,579 : EventManager : Event: ======'slide_base.slide_player-mode_base_started_created'====== Args={}
2025-10-08 13:58:58,581 : EventManager : Event: ======'slide_base.slide_player-mode_base_started_active'====== Args={}
2025-10-08 13:58:58,660 : EventManager : Event: ======'loading_assets'====== Args={'total': 1, 'loaded': 1, 'remaining': 0, 'percent': 100}
2025-10-08 13:58:58,661 : AssetManager : Asset loading took: 5.159487724304199
2025-10-08 13:58:58,661 : EventManager : Event: ======'asset_loading_complete'====== Args={}
2025-10-08 13:58:58,661 : AssetManager : Loading assets: 1/1 (100%)
2025-10-08 13:58:58,686 : EventManager : Event: ======'machine_var_audits_switches_s_plunger'====== Args={'value': 258, 'prev_value': 257, 'change': 1}
2025-10-08 13:59:03,012 : EventManager : Event: ======'machine_var_audits_switches_s_right_rollover'====== Args={'value': 177, 'prev_value': 176, 'change': 1}
2025-10-08 13:59:03,012 : EventManager : Event: ======'player_shot_right_rollover_shot'====== Args={'value': 1, 'prev_value': 0, 'change': 1, 'player_num': 1}
2025-10-08 13:59:03,012 : EventManager : Event: ======'machine_var_audits_shots_right_rollover_shot'====== Args={'value': 168, 'prev_value': 167, 'change': 1}
2025-10-08 13:59:03,012 : EventManager : Event: ======'player_score'====== Args={'value': 300, 'prev_value': 0, 'change': 300, 'player_num': 1}
2025-10-08 13:59:05,573 : EventManager : Event: ======'machine_var_audits_switches_s_center_rollover'====== Args={'value': 183, 'prev_value': 182, 'change': 1}
2025-10-08 13:59:05,585 : EventManager : Event: ======'player_shot_center_rollover_shot'====== Args={'value': 1, 'prev_value': 0, 'change': 1, 'player_num': 1}
2025-10-08 13:59:05,585 : EventManager : Event: ======'machine_var_audits_shots_center_rollover_shot'====== Args={'value': 174, 'prev_value': 173, 'change': 1}
2025-10-08 13:59:05,585 : EventManager : Event: ======'player_score'====== Args={'value': 500, 'prev_value': 300, 'change': 200, 'player_num': 1}
2025-10-08 13:59:09,949 : EventManager : Event: ======'machine_var_audits_switches_s_left_rollover'====== Args={'value': 124, 'prev_value': 123, 'change': 1}
2025-10-08 13:59:09,999 : EventManager : Event: ======'player_shot_left_rollover_shot'====== Args={'value': 1, 'prev_value': 0, 'change': 1, 'player_num': 1}
2025-10-08 13:59:09,999 : EventManager : Event: ======'machine_var_audits_shots_left_rollover_shot'====== Args={'value': 116, 'prev_value': 115, 'change': 1}
2025-10-08 13:59:09,999 : EventManager : Event: ======'sounds_play'====== Args={'settings': {'go': {'action': 'play', 'loops': 1, 'priority': None, 'block': False, 'delay': None, 'track': None, 'volume': None, 'ducking': {}, 'pan': None, 'start_at': None, 'fade_in': None, 'fade_out': None, 'about_to_finish_time': -1.0, 'max_queue_time': -1.0, 'events_when_played': ['use_sound_setting'], 'events_when_stopped': ['use_sound_setting'], 'events_when_looping': ['use_sound_setting'], 'events_when_about_to_finish': ['use_sound_setting'], 'mode_end_action': 'use_sound_setting', 'key': 'use_sound_setting'}}, 'context': 'base', 'calling_context': 'rollover_lanes_complete', 'priority': 100, 'state': 'lit'}
2025-10-08 13:59:09,999 : EventManager : Event: ======'player_shot_left_rollover_shot'====== Args={'value': 0, 'prev_value': 1, 'change': -1, 'player_num': 1}
2025-10-08 13:59:09,999 : EventManager : Event: ======'player_shot_center_rollover_shot'====== Args={'value': 0, 'prev_value': 1, 'change': -1, 'player_num': 1}
2025-10-08 13:59:10,000 : EventManager : Event: ======'player_shot_right_rollover_shot'====== Args={'value': 0, 'prev_value': 1, 'change': -1, 'player_num': 1}
2025-10-08 13:59:10,000 : EventManager : Event: ======'player_score'====== Args={'value': 5500, 'prev_value': 500, 'change': 5000, 'player_num': 1}
2025-10-08 13:59:10,000 : EventManager : Event: ======'sounds_play'====== Args={'settings': {'go': {'action': 'play', 'loops': 1, 'priority': None, 'block': False, 'delay': None, 'track': None, 'volume': None, 'ducking': {}, 'pan': None, 'start_at': None, 'fade_in': None, 'fade_out': None, 'about_to_finish_time': -1.0, 'max_queue_time': -1.0, 'events_when_played': ['use_sound_setting'], 'events_when_stopped': ['use_sound_setting'], 'events_when_looping': ['use_sound_setting'], 'events_when_about_to_finish': ['use_sound_setting'], 'mode_end_action': 'use_sound_setting', 'key': 'use_sound_setting'}}, 'context': 'base', 'calling_context': 'rollover_lanes_complete', 'priority': 100, 'state': 'unlit'}
2025-10-08 13:59:10,000 : EventManager : Event: ======'player_score'====== Args={'value': 5600, 'prev_value': 5500, 'change': 100, 'player_num': 1}
2025-10-08 13:59:10,000 : EventManager : Event: ======'slides_clear'====== Args={'context': 'base'}
2025-10-08 13:59:10,000 : EventManager : Event: ======'sounds_clear'====== Args={'context': 'base'}
2025-10-08 13:59:10,001 : EventManager : Event: ======'slide_base.slide_player-mode_base_started_removed'====== Args={}
2025-10-08 13:59:10,001 : EventManager : Event: ======'sounds_play'====== Args={'settings': {'mode': {'action': 'stop', 'priority': None, 'block': False, 'delay': None, 'track': None, 'volume': None, 'ducking': {}, 'pan': None, 'loops': None, 'start_at': None, 'fade_in': None, 'fade_out': None, 'about_to_finish_time': -1.0, 'max_queue_time': -1.0, 'events_when_played': ['use_sound_setting'], 'events_when_stopped': ['use_sound_setting'], 'events_when_looping': ['use_sound_setting'], 'events_when_about_to_finish': ['use_sound_setting'], 'mode_end_action': 'use_sound_setting', 'key': 'use_sound_setting'}}, 'context': '_global', 'calling_context': 'mode_base_stopped', 'priority': 0}
2025-10-08 13:59:10,002 : EventManager : Event: ======'slide_window_blank_active'====== Args={}
2025-10-08 13:59:10,011 : EventManager : Event: ======'loading_assets'====== Args={'total': 1, 'loaded': 1, 'remaining': 0, 'percent': 100}
2025-10-08 13:59:10,011 : AssetManager : Asset loading took: 16.510125875473022
2025-10-08 13:59:10,011 : EventManager : Event: ======'asset_loading_complete'====== Args={}
2025-10-08 13:59:10,011 : AssetManager : Loading assets: 1/1 (100%)
2025-10-08 13:59:23,712 : kivy : Base: Leaving application in progress...
2025-10-08 13:59:23,727 : mpfmc : Stopping...
2025-10-08 13:59:23,727 : EventManager : Event: ======'shutdown'====== Args={}
2025-10-08 13:59:23,728 : AudioInterface : Disabling audio playback
2025-10-08 13:59:23,853 : mpfmc : Loop rate 74.96 Hz
