2025-10-03 18:35:28,844 : kivy : deps: Successfully imported "kivy_deps.gstreamer" 0.3.3
2025-10-03 18:35:28,844 : kivy : deps: Successfully imported "kivy_deps.angle" 0.3.3
2025-10-03 18:35:28,845 : kivy : deps: Successfully imported "kivy_deps.glew" 0.3.1
2025-10-03 18:35:28,845 : kivy : deps: Successfully imported "kivy_deps.sdl2" 0.6.0
2025-10-03 18:35:28,845 : kivy : Kivy: v2.2.1
2025-10-03 18:35:28,845 : kivy : Kivy: Installed at "C:\Users\richa\mpfvirtual4\lib\site-packages\kivy\__init__.py"
2025-10-03 18:35:28,845 : kivy : Python: v3.9.13 (tags/v3.9.13:6de2ca5, May 17 2022, 16:36:42) [MSC v.1929 64 bit (AMD64)]
2025-10-03 18:35:28,845 : kivy : Python: Interpreter at "C:\Users\richa\mpfvirtual4\Scripts\python.exe"
2025-10-03 18:35:28,861 : kivy : Factory: 190 symbols loaded
2025-10-03 18:35:29,068 : kivy : ImageLoaderFFPy: Using ffpyplayer 4.5.0
2025-10-03 18:35:29,068 : kivy : Image: Providers: img_tex, img_dds, img_sdl2, img_pil, img_ffpyplayer 
2025-10-03 18:35:29,236 : kivy : VideoGstplayer: Using Gstreamer 1.18.5.0
2025-10-03 18:35:29,236 : kivy : Video: Provider: gstplayer
2025-10-03 18:35:29,275 : root : Loading MPF-MC controller
2025-10-03 18:35:29,278 : YamlMultifileConfigLoader : Machine config file #1: config
2025-10-03 18:35:29,278 : ConfigProcessor : Config file in cache changed: C:\Users\richa\ttp5\config\config
2025-10-03 18:35:29,278 : ConfigProcessor : Loading config from file C:\Users\richa\mpfvirtual4\lib\site-packages\mpfmc\mcconfig.yaml.
2025-10-03 18:35:29,286 : ConfigProcessor : Loading config: C:\Users\richa\mpfvirtual4\lib\site-packages\mpfmc\mcconfig.yaml
2025-10-03 18:35:29,287 : ConfigProcessor : Loading config from file C:\Users\richa\ttp5\config\config.
2025-10-03 18:35:29,289 : ConfigProcessor : Loading config: C:\Users\richa\ttp5\config\config
2025-10-03 18:35:29,290 : ConfigProcessor : Loading config: C:\Users\richa\ttp5\config\config_ball_devices.yaml
2025-10-03 18:35:29,291 : ConfigProcessor : Loading config: C:\Users\richa\ttp5\config\config_coils.yaml
2025-10-03 18:35:29,292 : ConfigProcessor : Loading config: C:\Users\richa\ttp5\config\config_flippers.yaml
2025-10-03 18:35:29,295 : ConfigProcessor : Loading config: C:\Users\richa\ttp5\config\config_switches.yaml
2025-10-03 18:35:29,296 : ConfigProcessor : Config file cache created: C:\Users\richa\AppData\Local\Temp\dfe03a1c6b87b9e2015d2c57a6076bec.mpf_cache
2025-10-03 18:35:29,297 : ConfigProcessor : Loading config from cache: C:\Users\richa\AppData\Local\Temp\77a998d318c788df5647a1900cedfc56.mpf_cache
2025-10-03 18:35:29,297 : ConfigProcessor : Loading config from cache: C:\Users\richa\AppData\Local\Temp\9c8dea79ca4d15ee886340e992e8cb9d.mpf_cache
2025-10-03 18:35:29,298 : ConfigProcessor : Loading config from cache: C:\Users\richa\AppData\Local\Temp\8ddee2e87a4f178751335e99da00e9c4.mpf_cache
2025-10-03 18:35:29,298 : mpfmc : Mission Pinball Framework Media Controller (MPF-MC) v0.57.0.dev10. Requires MPF v0.57.0.dev19 or newer.
2025-10-03 18:35:29,299 : mpfmc : Found MPF v0.57.0.dev39
2025-10-03 18:35:29,299 : mpfmc : Machine path: C:\Users\richa\ttp5
2025-10-03 18:35:29,299 : mpfmc : Starting clock at 60.0Hz
2025-10-03 18:35:29,313 : kivy : Text: Provider: sdl2
2025-10-03 18:35:29,358 : kivy : Window: Provider: sdl2
2025-10-03 18:35:29,798 : kivy : GL: Using the "OpenGL" graphics system
2025-10-03 18:35:29,806 : kivy : GL: GLEW initialization succeeded
2025-10-03 18:35:29,806 : kivy : GL: Backend used <glew>
2025-10-03 18:35:29,806 : kivy : GL: OpenGL version <b'4.6.0 NVIDIA 560.94'>
2025-10-03 18:35:29,806 : kivy : GL: OpenGL vendor <b'NVIDIA Corporation'>
2025-10-03 18:35:29,806 : kivy : GL: OpenGL renderer <b'NVIDIA GeForce RTX 3050/PCIe/SSE2'>
2025-10-03 18:35:29,807 : kivy : GL: OpenGL parsed version: 4, 6
2025-10-03 18:35:29,807 : kivy : GL: Shading version <b'4.60 NVIDIA'>
2025-10-03 18:35:29,807 : kivy : GL: Texture max size <32768>
2025-10-03 18:35:29,807 : kivy : GL: Texture max units <32>
2025-10-03 18:35:29,828 : kivy : Window: auto add sdl2 input provider
2025-10-03 18:35:29,828 : kivy : Window: virtual keyboard not allowed, single mode, not docked
2025-10-03 18:35:29,837 : SoundSystem : SoundSystem: Using default 'sound_system' settings
2025-10-03 18:35:30,219 : AudioInterface : Initialized
2025-10-03 18:35:30,219 : AudioInterface : Loaded SDL 2.26.4
2025-10-03 18:35:30,219 : AudioInterface : Loaded SDL_Mixer 2.6.3
2025-10-03 18:35:30,219 : AudioInterface : Loaded GStreamer 1.18.5.0
2025-10-03 18:35:30,219 : AudioInterface : Loaded GLib 2.62.6
2025-10-03 18:35:30,220 : AudioInterface : Settings requested - rate: 44100, channels: 1, buffer: 2048 samples
2025-10-03 18:35:30,220 : AudioInterface : Settings in use - rate: 44100, channels: 1, buffer: 2048 samples (4096 bytes @ 2 bytes per sample)
2025-10-03 18:35:30,220 : SoundSystem : No audio tracks are specified in your machine config file. a track named 'default' has been created.
2025-10-03 18:35:30,220 : SoundSystem : Setting master volume to 0.0
2025-10-03 18:35:30,220 : AudioInterface : Enabling audio playback
2025-10-03 18:35:30,222 : kivy : Base: Start application main loop
2025-10-03 18:35:30,223 : EventManager : Event: ======'display_window_initialized'====== Args={}
2025-10-03 18:35:30,235 : mpfmc : Display: Setting 'window' as default display
2025-10-03 18:35:30,239 : EventManager : Event: ======'displays_initialized'====== Args={}
2025-10-03 18:35:30,240 : EventManager : Event: ======'slide_window_blank_created'====== Args={}
2025-10-03 18:35:30,240 : EventManager : Event: ======'display_window_ready'====== Args={}
2025-10-03 18:35:30,252 : EventManager : Event: ======'init_phase_1'====== Args={}
2025-10-03 18:35:30,255 : EventManager : Event: ======'mc_ready'====== Args={}
2025-10-03 18:35:30,255 : EventManager : Event: ======'init_phase_2'====== Args={}
2025-10-03 18:35:30,257 : EventManager : Event: ======'init_phase_3'====== Args={}
2025-10-03 18:35:30,258 : EventManager : Event: ======'init_phase_4'====== Args={}
2025-10-03 18:35:30,258 : EventManager : Event: ======'init_phase_5'====== Args={}
2025-10-03 18:35:30,258 : EventManager : Event: ======'init_done'====== Args={}
2025-10-03 18:35:30,259 : MPF-MC BCP Server : Starting up on localhost port 5050
2025-10-03 18:35:30,262 : MPF-MC BCP Server : Waiting for a connection...
2025-10-03 18:35:30,267 : EventManager : Event: ======'client_disconnected'====== Args={'host': '127.0.0.1', 'port': 5050}
2025-10-03 18:35:31,232 : MPF-MC BCP Server : Received connection from: 127.0.0.1:57411
2025-10-03 18:35:31,234 : EventManager : Event: ======'client_connected'====== Args={'host': '127.0.0.1', 'port': 57411}
2025-10-03 18:35:31,595 : EventManager : Event: ======'machine_var_credits_string'====== Args={'value': 'FREE PLAY', 'prev_value': None, 'change': True}
2025-10-03 18:35:31,595 : EventManager : Event: ======'machine_var_master_volume'====== Args={'value': 0.5, 'prev_value': None, 'change': True}
2025-10-03 18:35:31,595 : EventManager : Event: ======'machine_var_player1_score'====== Args={'value': 14636, 'prev_value': None, 'change': True}
2025-10-03 18:35:31,595 : EventManager : Event: ======'machine_var_mpf_version'====== Args={'value': 'Mission Pinball Framework v0.57.0.dev39', 'prev_value': None, 'change': True}
2025-10-03 18:35:31,595 : EventManager : Event: ======'machine_var_mpf_extended_version'====== Args={'value': 'Mission Pinball Framework v0.57.0.dev39, Config version:6, Show version: 6, BCP version:1.1', 'prev_value': None, 'change': True}
2025-10-03 18:35:31,595 : EventManager : Event: ======'machine_var_python_version'====== Args={'value': '3.9.13', 'prev_value': None, 'change': True}
2025-10-03 18:35:31,595 : EventManager : Event: ======'machine_var_platform'====== Args={'value': 'Windows-10-10.0.19045-SP0', 'prev_value': None, 'change': True}
2025-10-03 18:35:31,595 : EventManager : Event: ======'machine_var_platform_system'====== Args={'value': 'Windows', 'prev_value': None, 'change': True}
2025-10-03 18:35:31,595 : EventManager : Event: ======'machine_var_platform_release'====== Args={'value': '10', 'prev_value': None, 'change': True}
2025-10-03 18:35:31,595 : EventManager : Event: ======'machine_var_platform_version'====== Args={'value': '10.0.19045', 'prev_value': None, 'change': True}
2025-10-03 18:35:31,595 : EventManager : Event: ======'machine_var_platform_machine'====== Args={'value': 'AMD64', 'prev_value': None, 'change': True}
2025-10-03 18:35:31,595 : EventManager : Event: ======'machine_var_mc_version'====== Args={'value': 'MPF-MC v0.57.0.dev10', 'prev_value': None, 'change': True}
2025-10-03 18:35:31,595 : EventManager : Event: ======'machine_var_mc_extended_version'====== Args={'value': 'MPF-MC v0.57.0.dev10 (config_version=6, BCP v1.1,                      Requires MPF API compatibility v0.57.0.dev19 or newer)', 'prev_value': None, 'change': True}
2025-10-03 18:35:31,596 : EventManager : Event: ======'machine_var_credits_string'====== Args={'value': 'FREE PLAY', 'prev_value': None, 'change': True}
2025-10-03 18:35:31,596 : EventManager : Event: ======'machine_var_master_volume'====== Args={'value': 0.5, 'prev_value': None, 'change': True}
2025-10-03 18:35:31,596 : EventManager : Event: ======'machine_var_player1_score'====== Args={'value': 14636, 'prev_value': None, 'change': True}
2025-10-03 18:35:31,596 : EventManager : Event: ======'machine_var_mpf_version'====== Args={'value': 'Mission Pinball Framework v0.57.0.dev39', 'prev_value': None, 'change': True}
2025-10-03 18:35:31,596 : EventManager : Event: ======'machine_var_mpf_extended_version'====== Args={'value': 'Mission Pinball Framework v0.57.0.dev39, Config version:6, Show version: 6, BCP version:1.1', 'prev_value': None, 'change': True}
2025-10-03 18:35:31,596 : EventManager : Event: ======'machine_var_python_version'====== Args={'value': '3.9.13', 'prev_value': None, 'change': True}
2025-10-03 18:35:31,596 : EventManager : Event: ======'machine_var_platform'====== Args={'value': 'Windows-10-10.0.19045-SP0', 'prev_value': None, 'change': True}
2025-10-03 18:35:31,596 : EventManager : Event: ======'machine_var_platform_system'====== Args={'value': 'Windows', 'prev_value': None, 'change': True}
2025-10-03 18:35:31,596 : EventManager : Event: ======'machine_var_platform_release'====== Args={'value': '10', 'prev_value': None, 'change': True}
2025-10-03 18:35:31,596 : EventManager : Event: ======'machine_var_platform_version'====== Args={'value': '10.0.19045', 'prev_value': None, 'change': True}
2025-10-03 18:35:31,596 : EventManager : Event: ======'machine_var_platform_machine'====== Args={'value': 'AMD64', 'prev_value': None, 'change': True}
2025-10-03 18:35:31,596 : EventManager : Event: ======'machine_var_mc_version'====== Args={'value': 'MPF-MC v0.57.0.dev10', 'prev_value': None, 'change': True}
2025-10-03 18:35:31,596 : EventManager : Event: ======'machine_var_mc_extended_version'====== Args={'value': 'MPF-MC v0.57.0.dev10 (config_version=6, BCP v1.1,                      Requires MPF API compatibility v0.57.0.dev19 or newer)', 'prev_value': None, 'change': True}
2025-10-03 18:35:31,596 : EventManager : Event: ======'machine_var_credits_string'====== Args={'value': 'FREE PLAY', 'prev_value': None, 'change': True}
2025-10-03 18:35:31,596 : EventManager : Event: ======'machine_var_master_volume'====== Args={'value': 0.5, 'prev_value': None, 'change': True}
2025-10-03 18:35:31,597 : EventManager : Event: ======'machine_var_player1_score'====== Args={'value': 14636, 'prev_value': None, 'change': True}
2025-10-03 18:35:31,597 : EventManager : Event: ======'machine_var_mpf_version'====== Args={'value': 'Mission Pinball Framework v0.57.0.dev39', 'prev_value': None, 'change': True}
2025-10-03 18:35:31,597 : EventManager : Event: ======'machine_var_mpf_extended_version'====== Args={'value': 'Mission Pinball Framework v0.57.0.dev39, Config version:6, Show version: 6, BCP version:1.1', 'prev_value': None, 'change': True}
2025-10-03 18:35:31,597 : EventManager : Event: ======'machine_var_python_version'====== Args={'value': '3.9.13', 'prev_value': None, 'change': True}
2025-10-03 18:35:31,597 : EventManager : Event: ======'machine_var_platform'====== Args={'value': 'Windows-10-10.0.19045-SP0', 'prev_value': None, 'change': True}
2025-10-03 18:35:31,597 : EventManager : Event: ======'machine_var_platform_system'====== Args={'value': 'Windows', 'prev_value': None, 'change': True}
2025-10-03 18:35:31,597 : EventManager : Event: ======'machine_var_platform_release'====== Args={'value': '10', 'prev_value': None, 'change': True}
2025-10-03 18:35:31,597 : EventManager : Event: ======'machine_var_platform_version'====== Args={'value': '10.0.19045', 'prev_value': None, 'change': True}
2025-10-03 18:35:31,597 : EventManager : Event: ======'machine_var_platform_machine'====== Args={'value': 'AMD64', 'prev_value': None, 'change': True}
2025-10-03 18:35:31,597 : EventManager : Event: ======'machine_var_mc_version'====== Args={'value': 'MPF-MC v0.57.0.dev10', 'prev_value': None, 'change': True}
2025-10-03 18:35:31,598 : EventManager : Event: ======'machine_var_mc_extended_version'====== Args={'value': 'MPF-MC v0.57.0.dev10 (config_version=6, BCP v1.1,                      Requires MPF API compatibility v0.57.0.dev19 or newer)', 'prev_value': None, 'change': True}
2025-10-03 18:35:31,598 : EventManager : Event: ======'machine_var_credits_string'====== Args={'value': 'FREE PLAY', 'prev_value': None, 'change': True}
2025-10-03 18:35:31,598 : EventManager : Event: ======'machine_var_master_volume'====== Args={'value': 0.5, 'prev_value': None, 'change': True}
2025-10-03 18:35:31,598 : EventManager : Event: ======'machine_var_player1_score'====== Args={'value': 14636, 'prev_value': None, 'change': True}
2025-10-03 18:35:31,598 : EventManager : Event: ======'machine_var_mpf_version'====== Args={'value': 'Mission Pinball Framework v0.57.0.dev39', 'prev_value': None, 'change': True}
2025-10-03 18:35:31,598 : EventManager : Event: ======'machine_var_mpf_extended_version'====== Args={'value': 'Mission Pinball Framework v0.57.0.dev39, Config version:6, Show version: 6, BCP version:1.1', 'prev_value': None, 'change': True}
2025-10-03 18:35:31,598 : EventManager : Event: ======'machine_var_python_version'====== Args={'value': '3.9.13', 'prev_value': None, 'change': True}
2025-10-03 18:35:31,598 : EventManager : Event: ======'machine_var_platform'====== Args={'value': 'Windows-10-10.0.19045-SP0', 'prev_value': None, 'change': True}
2025-10-03 18:35:31,598 : EventManager : Event: ======'machine_var_platform_system'====== Args={'value': 'Windows', 'prev_value': None, 'change': True}
2025-10-03 18:35:31,598 : EventManager : Event: ======'machine_var_platform_release'====== Args={'value': '10', 'prev_value': None, 'change': True}
2025-10-03 18:35:31,598 : EventManager : Event: ======'machine_var_platform_version'====== Args={'value': '10.0.19045', 'prev_value': None, 'change': True}
2025-10-03 18:35:31,599 : EventManager : Event: ======'machine_var_platform_machine'====== Args={'value': 'AMD64', 'prev_value': None, 'change': True}
2025-10-03 18:35:31,599 : EventManager : Event: ======'machine_var_mc_version'====== Args={'value': 'MPF-MC v0.57.0.dev10', 'prev_value': None, 'change': True}
2025-10-03 18:35:31,599 : EventManager : Event: ======'machine_var_mc_extended_version'====== Args={'value': 'MPF-MC v0.57.0.dev10 (config_version=6, BCP v1.1,                      Requires MPF API compatibility v0.57.0.dev19 or newer)', 'prev_value': None, 'change': True}
2025-10-03 18:35:31,599 : SoundSystem : Setting master volume to 0.5
2025-10-03 18:35:31,599 : SoundSystem : Setting master volume to 0.5
2025-10-03 18:35:31,599 : SoundSystem : Setting master volume to 0.5
2025-10-03 18:35:31,599 : SoundSystem : Setting master volume to 0.5
2025-10-03 18:35:31,684 : mpfmc : Stopping...
2025-10-03 18:35:31,684 : EventManager : Event: ======'shutdown'====== Args={}
2025-10-03 18:35:31,684 : AudioInterface : Disabling audio playback
2025-10-03 18:35:31,840 : mpfmc : Loop rate 70.4 Hz
2025-10-03 18:35:31,841 : kivy : Base: Leaving application in progress...
2025-10-03 18:35:31,852 : mpfmc : Stopping...
2025-10-03 18:35:31,852 : EventManager : Event: ======'shutdown'====== Args={}
2025-10-03 18:35:31,853 : mpfmc : Loop rate 70.5 Hz
2025-10-03 18:35:31,853 : root : MC run loop ended.
2025-10-03 18:35:31,853 : root : Stopping child threads... (2 remaining)
2025-10-03 18:35:32,237 : MPF-MC BCP Server : Stopping BCP sending thread
2025-10-03 18:35:32,256 : root : All child threads stopped.
