2025-10-12 14:21:39,161 : kivy : deps: Successfully imported "kivy_deps.gstreamer" 0.3.3
2025-10-12 14:21:39,162 : kivy : deps: Successfully imported "kivy_deps.angle" 0.3.3
2025-10-12 14:21:39,162 : kivy : deps: Successfully imported "kivy_deps.glew" 0.3.1
2025-10-12 14:21:39,162 : kivy : deps: Successfully imported "kivy_deps.sdl2" 0.6.0
2025-10-12 14:21:39,162 : kivy : Kivy: v2.2.1
2025-10-12 14:21:39,162 : kivy : Kivy: Installed at "C:\Users\richa\mpfvirtual4\lib\site-packages\kivy\__init__.py"
2025-10-12 14:21:39,162 : kivy : Python: v3.9.13 (tags/v3.9.13:6de2ca5, May 17 2022, 16:36:42) [MSC v.1929 64 bit (AMD64)]
2025-10-12 14:21:39,162 : kivy : Python: Interpreter at "C:\Users\richa\mpfvirtual4\Scripts\python.exe"
2025-10-12 14:21:39,181 : kivy : Factory: 190 symbols loaded
2025-10-12 14:21:39,343 : kivy : ImageLoaderFFPy: Using ffpyplayer 4.5.0
2025-10-12 14:21:39,343 : kivy : Image: Providers: img_tex, img_dds, img_sdl2, img_pil, img_ffpyplayer 
2025-10-12 14:21:39,503 : kivy : VideoGstplayer: Using Gstreamer 1.18.5.0
2025-10-12 14:21:39,504 : kivy : Video: Provider: gstplayer
2025-10-12 14:21:39,543 : root : Loading MPF-MC controller
2025-10-12 14:21:39,545 : YamlMultifileConfigLoader : Machine config file #1: config
2025-10-12 14:21:39,545 : ConfigProcessor : Config file in cache changed: C:\Users\richa\ttp7\config\config
2025-10-12 14:21:39,545 : ConfigProcessor : Loading config from file C:\Users\richa\mpfvirtual4\lib\site-packages\mpfmc\mcconfig.yaml.
2025-10-12 14:21:39,556 : ConfigProcessor : Loading config: C:\Users\richa\mpfvirtual4\lib\site-packages\mpfmc\mcconfig.yaml
2025-10-12 14:21:39,556 : ConfigProcessor : Loading config from file C:\Users\richa\ttp7\config\config.
2025-10-12 14:21:39,558 : ConfigProcessor : Loading config: C:\Users\richa\ttp7\config\config
2025-10-12 14:21:39,559 : ConfigProcessor : Loading config: C:\Users\richa\ttp7\config\config_sounds.yaml
2025-10-12 14:21:39,560 : ConfigProcessor : Loading config: C:\Users\richa\ttp7\config\config_ball_devices.yaml
2025-10-12 14:21:39,561 : ConfigProcessor : Loading config: C:\Users\richa\ttp7\config\config_coils.yaml
2025-10-12 14:21:39,562 : ConfigProcessor : Loading config: C:\Users\richa\ttp7\config\config_flippers.yaml
2025-10-12 14:21:39,566 : ConfigProcessor : Loading config: C:\Users\richa\ttp7\config\config_switches.yaml
2025-10-12 14:21:39,570 : ConfigProcessor : Loading config: C:\Users\richa\ttp7\config\config_lights.yaml
2025-10-12 14:21:39,571 : ConfigProcessor : Config file cache created: C:\Users\richa\AppData\Local\Temp\b8d8c5e8bc023a38ee4d8abbd35c8fd3.mpf_cache
2025-10-12 14:21:39,572 : ConfigProcessor : Loading config from cache: C:\Users\richa\AppData\Local\Temp\70233839fc0b792ce11a62f3c18c1950.mpf_cache
2025-10-12 14:21:39,572 : ConfigProcessor : Loading config from cache: C:\Users\richa\AppData\Local\Temp\9c8dea79ca4d15ee886340e992e8cb9d.mpf_cache
2025-10-12 14:21:39,573 : ConfigProcessor : Loading config from cache: C:\Users\richa\AppData\Local\Temp\67a19b095f918111543419ac0271bfb1.mpf_cache
2025-10-12 14:21:39,574 : ConfigProcessor : Loading config from cache: C:\Users\richa\AppData\Local\Temp\be387b0e8ed00556ec738d83cd6947d1.mpf_cache
2025-10-12 14:21:39,574 : ConfigProcessor : Loading config from cache: C:\Users\richa\AppData\Local\Temp\5a8efabd9666d8c71fa755fc28a9bf1e.mpf_cache
2025-10-12 14:21:39,575 : ConfigProcessor : Loading config from cache: C:\Users\richa\AppData\Local\Temp\fb58745e58584e219ff53db445e8e9f2.mpf_cache
2025-10-12 14:21:39,575 : ConfigProcessor : Loading config from cache: C:\Users\richa\AppData\Local\Temp\3a5badf48d988f9fc0f9b093a934917d.mpf_cache
2025-10-12 14:21:39,576 : ConfigProcessor : Loading config from cache: C:\Users\richa\AppData\Local\Temp\9e788d9ac28f3464b985b20edf80a10e.mpf_cache
2025-10-12 14:21:39,583 : mpfmc : Mission Pinball Framework Media Controller (MPF-MC) v0.57.0.dev10. Requires MPF v0.57.0.dev19 or newer.
2025-10-12 14:21:39,583 : mpfmc : Found MPF v0.57.0.dev39
2025-10-12 14:21:39,584 : mpfmc : Machine path: C:\Users\richa\ttp7
2025-10-12 14:21:39,584 : mpfmc : Starting clock at 60.0Hz
2025-10-12 14:21:39,597 : kivy : Text: Provider: sdl2
2025-10-12 14:21:39,635 : kivy : Window: Provider: sdl2
2025-10-12 14:21:40,104 : kivy : GL: Using the "OpenGL" graphics system
2025-10-12 14:21:40,112 : kivy : GL: GLEW initialization succeeded
2025-10-12 14:21:40,112 : kivy : GL: Backend used <glew>
2025-10-12 14:21:40,112 : kivy : GL: OpenGL version <b'4.6.0 NVIDIA 560.94'>
2025-10-12 14:21:40,112 : kivy : GL: OpenGL vendor <b'NVIDIA Corporation'>
2025-10-12 14:21:40,112 : kivy : GL: OpenGL renderer <b'NVIDIA GeForce RTX 3050/PCIe/SSE2'>
2025-10-12 14:21:40,112 : kivy : GL: OpenGL parsed version: 4, 6
2025-10-12 14:21:40,112 : kivy : GL: Shading version <b'4.60 NVIDIA'>
2025-10-12 14:21:40,112 : kivy : GL: Texture max size <32768>
2025-10-12 14:21:40,112 : kivy : GL: Texture max units <32>
2025-10-12 14:21:40,131 : kivy : Window: auto add sdl2 input provider
2025-10-12 14:21:40,131 : kivy : Window: virtual keyboard not allowed, single mode, not docked
2025-10-12 14:21:40,538 : AudioInterface : Initialized
2025-10-12 14:21:40,538 : AudioInterface : Loaded SDL 2.26.4
2025-10-12 14:21:40,538 : AudioInterface : Loaded SDL_Mixer 2.6.3
2025-10-12 14:21:40,539 : AudioInterface : Loaded GStreamer 1.18.5.0
2025-10-12 14:21:40,539 : AudioInterface : Loaded GLib 2.62.6
2025-10-12 14:21:40,539 : AudioInterface : Settings requested - rate: 44100, channels: 1, buffer: 2048 samples
2025-10-12 14:21:40,539 : AudioInterface : Settings in use - rate: 44100, channels: 1, buffer: 2048 samples (4096 bytes @ 2 bytes per sample)
2025-10-12 14:21:40,539 : SoundSystem : Setting master volume to 0.0
2025-10-12 14:21:40,539 : AudioInterface : Enabling audio playback
2025-10-12 14:21:40,541 : kivy : Base: Start application main loop
2025-10-12 14:21:40,541 : EventManager : Event: ======'display_window_initialized'====== Args={}
2025-10-12 14:21:40,554 : mpfmc : Display: Setting 'window' as default display
2025-10-12 14:21:40,559 : EventManager : Event: ======'displays_initialized'====== Args={}
2025-10-12 14:21:40,560 : EventManager : Event: ======'slide_window_blank_created'====== Args={}
2025-10-12 14:21:40,560 : EventManager : Event: ======'display_window_ready'====== Args={}
2025-10-12 14:21:40,570 : EventManager : Event: ======'init_phase_1'====== Args={}
2025-10-12 14:21:40,574 : EventManager : Event: ======'mc_ready'====== Args={}
2025-10-12 14:21:40,574 : EventManager : Event: ======'init_phase_2'====== Args={}
2025-10-12 14:21:40,577 : EventManager : Event: ======'init_phase_3'====== Args={}
2025-10-12 14:21:40,580 : EventManager : Event: ======'init_phase_4'====== Args={}
2025-10-12 14:21:40,580 : EventManager : Event: ======'init_phase_5'====== Args={}
2025-10-12 14:21:40,580 : EventManager : Event: ======'init_done'====== Args={}
2025-10-12 14:21:40,580 : MPF-MC BCP Server : Starting up on localhost port 5050
2025-10-12 14:21:40,583 : MPF-MC BCP Server : Waiting for a connection...
2025-10-12 14:21:40,589 : EventManager : Event: ======'client_disconnected'====== Args={'host': '127.0.0.1', 'port': 5050}
2025-10-12 14:21:41,536 : MPF-MC BCP Server : Received connection from: 127.0.0.1:52351
2025-10-12 14:21:41,543 : EventManager : Event: ======'client_connected'====== Args={'host': '127.0.0.1', 'port': 52351}
2025-10-12 14:21:41,814 : EventManager : Event: ======'machine_var_credits_string'====== Args={'value': 'FREE PLAY', 'prev_value': None, 'change': True}
2025-10-12 14:21:41,814 : EventManager : Event: ======'machine_var_master_volume'====== Args={'value': 0.5, 'prev_value': None, 'change': True}
2025-10-12 14:21:41,814 : EventManager : Event: ======'machine_var_player1_score'====== Args={'value': 43517500, 'prev_value': None, 'change': True}
2025-10-12 14:21:41,814 : EventManager : Event: ======'machine_var_mpf_version'====== Args={'value': 'Mission Pinball Framework v0.57.0.dev39', 'prev_value': None, 'change': True}
2025-10-12 14:21:41,814 : EventManager : Event: ======'machine_var_mpf_extended_version'====== Args={'value': 'Mission Pinball Framework v0.57.0.dev39, Config version:6, Show version: 6, BCP version:1.1', 'prev_value': None, 'change': True}
2025-10-12 14:21:41,814 : EventManager : Event: ======'machine_var_python_version'====== Args={'value': '3.9.13', 'prev_value': None, 'change': True}
2025-10-12 14:21:41,814 : EventManager : Event: ======'machine_var_platform'====== Args={'value': 'Windows-10-10.0.19045-SP0', 'prev_value': None, 'change': True}
2025-10-12 14:21:41,814 : EventManager : Event: ======'machine_var_platform_system'====== Args={'value': 'Windows', 'prev_value': None, 'change': True}
2025-10-12 14:21:41,815 : EventManager : Event: ======'machine_var_platform_release'====== Args={'value': '10', 'prev_value': None, 'change': True}
2025-10-12 14:21:41,815 : EventManager : Event: ======'machine_var_platform_version'====== Args={'value': '10.0.19045', 'prev_value': None, 'change': True}
2025-10-12 14:21:41,815 : EventManager : Event: ======'machine_var_platform_machine'====== Args={'value': 'AMD64', 'prev_value': None, 'change': True}
2025-10-12 14:21:41,815 : EventManager : Event: ======'machine_var_mc_version'====== Args={'value': 'MPF-MC v0.57.0.dev10', 'prev_value': None, 'change': True}
2025-10-12 14:21:41,815 : EventManager : Event: ======'machine_var_mc_extended_version'====== Args={'value': 'MPF-MC v0.57.0.dev10 (config_version=6, BCP v1.1,                      Requires MPF API compatibility v0.57.0.dev19 or newer)', 'prev_value': None, 'change': True}
2025-10-12 14:21:41,815 : EventManager : Event: ======'machine_var_credits_string'====== Args={'value': 'FREE PLAY', 'prev_value': None, 'change': True}
2025-10-12 14:21:41,815 : EventManager : Event: ======'machine_var_master_volume'====== Args={'value': 0.5, 'prev_value': None, 'change': True}
2025-10-12 14:21:41,815 : EventManager : Event: ======'machine_var_player1_score'====== Args={'value': 43517500, 'prev_value': None, 'change': True}
2025-10-12 14:21:41,815 : EventManager : Event: ======'machine_var_mpf_version'====== Args={'value': 'Mission Pinball Framework v0.57.0.dev39', 'prev_value': None, 'change': True}
2025-10-12 14:21:41,815 : EventManager : Event: ======'machine_var_mpf_extended_version'====== Args={'value': 'Mission Pinball Framework v0.57.0.dev39, Config version:6, Show version: 6, BCP version:1.1', 'prev_value': None, 'change': True}
2025-10-12 14:21:41,816 : EventManager : Event: ======'machine_var_python_version'====== Args={'value': '3.9.13', 'prev_value': None, 'change': True}
2025-10-12 14:21:41,816 : EventManager : Event: ======'machine_var_platform'====== Args={'value': 'Windows-10-10.0.19045-SP0', 'prev_value': None, 'change': True}
2025-10-12 14:21:41,816 : EventManager : Event: ======'machine_var_platform_system'====== Args={'value': 'Windows', 'prev_value': None, 'change': True}
2025-10-12 14:21:41,816 : EventManager : Event: ======'machine_var_platform_release'====== Args={'value': '10', 'prev_value': None, 'change': True}
2025-10-12 14:21:41,816 : EventManager : Event: ======'machine_var_platform_version'====== Args={'value': '10.0.19045', 'prev_value': None, 'change': True}
2025-10-12 14:21:41,816 : EventManager : Event: ======'machine_var_platform_machine'====== Args={'value': 'AMD64', 'prev_value': None, 'change': True}
2025-10-12 14:21:41,816 : EventManager : Event: ======'machine_var_mc_version'====== Args={'value': 'MPF-MC v0.57.0.dev10', 'prev_value': None, 'change': True}
2025-10-12 14:21:41,816 : EventManager : Event: ======'machine_var_mc_extended_version'====== Args={'value': 'MPF-MC v0.57.0.dev10 (config_version=6, BCP v1.1,                      Requires MPF API compatibility v0.57.0.dev19 or newer)', 'prev_value': None, 'change': True}
2025-10-12 14:21:41,816 : EventManager : Event: ======'machine_var_credits_string'====== Args={'value': 'FREE PLAY', 'prev_value': None, 'change': True}
2025-10-12 14:21:41,816 : EventManager : Event: ======'machine_var_master_volume'====== Args={'value': 0.5, 'prev_value': None, 'change': True}
2025-10-12 14:21:41,816 : EventManager : Event: ======'machine_var_player1_score'====== Args={'value': 43517500, 'prev_value': None, 'change': True}
2025-10-12 14:21:41,816 : EventManager : Event: ======'machine_var_mpf_version'====== Args={'value': 'Mission Pinball Framework v0.57.0.dev39', 'prev_value': None, 'change': True}
2025-10-12 14:21:41,816 : EventManager : Event: ======'machine_var_mpf_extended_version'====== Args={'value': 'Mission Pinball Framework v0.57.0.dev39, Config version:6, Show version: 6, BCP version:1.1', 'prev_value': None, 'change': True}
2025-10-12 14:21:41,816 : EventManager : Event: ======'machine_var_python_version'====== Args={'value': '3.9.13', 'prev_value': None, 'change': True}
2025-10-12 14:21:41,816 : EventManager : Event: ======'machine_var_platform'====== Args={'value': 'Windows-10-10.0.19045-SP0', 'prev_value': None, 'change': True}
2025-10-12 14:21:41,816 : EventManager : Event: ======'machine_var_platform_system'====== Args={'value': 'Windows', 'prev_value': None, 'change': True}
2025-10-12 14:21:41,817 : EventManager : Event: ======'machine_var_platform_release'====== Args={'value': '10', 'prev_value': None, 'change': True}
2025-10-12 14:21:41,817 : EventManager : Event: ======'machine_var_platform_version'====== Args={'value': '10.0.19045', 'prev_value': None, 'change': True}
2025-10-12 14:21:41,817 : EventManager : Event: ======'machine_var_platform_machine'====== Args={'value': 'AMD64', 'prev_value': None, 'change': True}
2025-10-12 14:21:41,817 : EventManager : Event: ======'machine_var_mc_version'====== Args={'value': 'MPF-MC v0.57.0.dev10', 'prev_value': None, 'change': True}
2025-10-12 14:21:41,817 : EventManager : Event: ======'machine_var_mc_extended_version'====== Args={'value': 'MPF-MC v0.57.0.dev10 (config_version=6, BCP v1.1,                      Requires MPF API compatibility v0.57.0.dev19 or newer)', 'prev_value': None, 'change': True}
2025-10-12 14:21:41,817 : EventManager : Event: ======'machine_var_credits_string'====== Args={'value': 'FREE PLAY', 'prev_value': None, 'change': True}
2025-10-12 14:21:41,817 : EventManager : Event: ======'machine_var_master_volume'====== Args={'value': 0.5, 'prev_value': None, 'change': True}
2025-10-12 14:21:41,817 : EventManager : Event: ======'machine_var_player1_score'====== Args={'value': 43517500, 'prev_value': None, 'change': True}
2025-10-12 14:21:41,817 : EventManager : Event: ======'machine_var_mpf_version'====== Args={'value': 'Mission Pinball Framework v0.57.0.dev39', 'prev_value': None, 'change': True}
2025-10-12 14:21:41,817 : EventManager : Event: ======'machine_var_mpf_extended_version'====== Args={'value': 'Mission Pinball Framework v0.57.0.dev39, Config version:6, Show version: 6, BCP version:1.1', 'prev_value': None, 'change': True}
2025-10-12 14:21:41,817 : EventManager : Event: ======'machine_var_python_version'====== Args={'value': '3.9.13', 'prev_value': None, 'change': True}
2025-10-12 14:21:41,817 : EventManager : Event: ======'machine_var_platform'====== Args={'value': 'Windows-10-10.0.19045-SP0', 'prev_value': None, 'change': True}
2025-10-12 14:21:41,818 : EventManager : Event: ======'machine_var_platform_system'====== Args={'value': 'Windows', 'prev_value': None, 'change': True}
2025-10-12 14:21:41,818 : EventManager : Event: ======'machine_var_platform_release'====== Args={'value': '10', 'prev_value': None, 'change': True}
2025-10-12 14:21:41,818 : EventManager : Event: ======'machine_var_platform_version'====== Args={'value': '10.0.19045', 'prev_value': None, 'change': True}
2025-10-12 14:21:41,818 : EventManager : Event: ======'machine_var_platform_machine'====== Args={'value': 'AMD64', 'prev_value': None, 'change': True}
2025-10-12 14:21:41,818 : EventManager : Event: ======'machine_var_mc_version'====== Args={'value': 'MPF-MC v0.57.0.dev10', 'prev_value': None, 'change': True}
2025-10-12 14:21:41,818 : EventManager : Event: ======'machine_var_mc_extended_version'====== Args={'value': 'MPF-MC v0.57.0.dev10 (config_version=6, BCP v1.1,                      Requires MPF API compatibility v0.57.0.dev19 or newer)', 'prev_value': None, 'change': True}
2025-10-12 14:21:41,818 : SoundSystem : Setting master volume to 0.5
2025-10-12 14:21:41,818 : SoundSystem : Setting master volume to 0.5
2025-10-12 14:21:41,819 : SoundSystem : Setting master volume to 0.5
2025-10-12 14:21:41,819 : SoundSystem : Setting master volume to 0.5
2025-10-12 14:21:41,929 : EventManager : Event: ======'machine_var_audits_events_game_ended'====== Args={'value': 50, 'prev_value': None, 'change': True}
2025-10-12 14:21:41,967 : EventManager : Event: ======'machine_var_audits_events_game_started'====== Args={'value': 225, 'prev_value': None, 'change': True}
2025-10-12 14:21:41,967 : EventManager : Event: ======'machine_var_audits_missing_switches_s_A'====== Args={'value': 67, 'prev_value': None, 'change': True}
2025-10-12 14:21:41,967 : EventManager : Event: ======'machine_var_audits_missing_switches_s_Eb'====== Args={'value': 67, 'prev_value': None, 'change': True}
2025-10-12 14:21:41,967 : EventManager : Event: ======'machine_var_audits_missing_switches_s_L'====== Args={'value': 67, 'prev_value': None, 'change': True}
2025-10-12 14:21:41,967 : EventManager : Event: ======'machine_var_audits_missing_switches_s_R'====== Args={'value': 67, 'prev_value': None, 'change': True}
2025-10-12 14:21:41,967 : EventManager : Event: ======'machine_var_audits_missing_switches_s_Tb'====== Args={'value': 67, 'prev_value': None, 'change': True}
2025-10-12 14:21:41,967 : EventManager : Event: ======'machine_var_audits_missing_switches_s_V'====== Args={'value': 67, 'prev_value': None, 'change': True}
2025-10-12 14:21:41,967 : EventManager : Event: ======'machine_var_audits_missing_switches_s_bumper1'====== Args={'value': 1, 'prev_value': None, 'change': True}
2025-10-12 14:21:41,967 : EventManager : Event: ======'machine_var_audits_missing_switches_s_bumper2'====== Args={'value': 1, 'prev_value': None, 'change': True}
2025-10-12 14:21:41,968 : EventManager : Event: ======'machine_var_audits_missing_switches_s_bumper_1'====== Args={'value': 28, 'prev_value': None, 'change': True}
2025-10-12 14:21:41,968 : EventManager : Event: ======'machine_var_audits_missing_switches_s_bumper_2'====== Args={'value': 28, 'prev_value': None, 'change': True}
2025-10-12 14:21:41,968 : EventManager : Event: ======'machine_var_audits_missing_switches_s_center_center_target'====== Args={'value': 24, 'prev_value': None, 'change': True}
2025-10-12 14:21:41,968 : EventManager : Event: ======'machine_var_audits_missing_switches_s_center_scoop'====== Args={'value': 9, 'prev_value': None, 'change': True}
2025-10-12 14:21:41,968 : EventManager : Event: ======'machine_var_audits_missing_switches_s_launcher_lane_spinner'====== Args={'value': 151, 'prev_value': None, 'change': True}
2025-10-12 14:21:41,968 : EventManager : Event: ======'machine_var_audits_missing_switches_s_left_center_target'====== Args={'value': 24, 'prev_value': None, 'change': True}
2025-10-12 14:21:41,968 : EventManager : Event: ======'machine_var_audits_missing_switches_s_left_corridor_spinner'====== Args={'value': 151, 'prev_value': None, 'change': True}
2025-10-12 14:21:41,968 : EventManager : Event: ======'machine_var_audits_missing_switches_s_left_corridor_spinner2'====== Args={'value': 151, 'prev_value': None, 'change': True}
2025-10-12 14:21:41,968 : EventManager : Event: ======'machine_var_audits_missing_switches_s_left_flipper'====== Args={'value': 74, 'prev_value': None, 'change': True}
2025-10-12 14:21:41,968 : EventManager : Event: ======'machine_var_audits_missing_switches_s_left_inlane'====== Args={'value': 178, 'prev_value': None, 'change': True}
2025-10-12 14:21:41,968 : EventManager : Event: ======'machine_var_audits_missing_switches_s_left_outlane'====== Args={'value': 188, 'prev_value': None, 'change': True}
2025-10-12 14:21:41,968 : EventManager : Event: ======'machine_var_audits_missing_switches_s_left_scoop'====== Args={'value': 7, 'prev_value': None, 'change': True}
2025-10-12 14:21:41,968 : EventManager : Event: ======'machine_var_audits_missing_switches_s_left_standup'====== Args={'value': 150, 'prev_value': None, 'change': True}
2025-10-12 14:21:41,968 : EventManager : Event: ======'machine_var_audits_missing_switches_s_right_center_target'====== Args={'value': 24, 'prev_value': None, 'change': True}
2025-10-12 14:21:41,969 : EventManager : Event: ======'machine_var_audits_missing_switches_s_right_corridor_spinner'====== Args={'value': 2, 'prev_value': None, 'change': True}
2025-10-12 14:21:41,969 : EventManager : Event: ======'machine_var_audits_missing_switches_s_right_flipper'====== Args={'value': 74, 'prev_value': None, 'change': True}
2025-10-12 14:21:41,969 : EventManager : Event: ======'machine_var_audits_missing_switches_s_right_inlane'====== Args={'value': 39, 'prev_value': None, 'change': True}
2025-10-12 14:21:41,969 : EventManager : Event: ======'machine_var_audits_missing_switches_s_right_outlane'====== Args={'value': 188, 'prev_value': None, 'change': True}
2025-10-12 14:21:41,969 : EventManager : Event: ======'machine_var_audits_missing_switches_s_right_scoop'====== Args={'value': 6, 'prev_value': None, 'change': True}
2025-10-12 14:21:41,969 : EventManager : Event: ======'machine_var_audits_missing_switches_s_sling_left'====== Args={'value': 178, 'prev_value': None, 'change': True}
2025-10-12 14:21:41,969 : EventManager : Event: ======'machine_var_audits_missing_switches_s_sling_right'====== Args={'value': 74, 'prev_value': None, 'change': True}
2025-10-12 14:21:41,969 : EventManager : Event: ======'machine_var_audits_missing_switches_s_standup_1'====== Args={'value': 19, 'prev_value': None, 'change': True}
2025-10-12 14:21:41,969 : EventManager : Event: ======'machine_var_audits_missing_switches_s_standup_2'====== Args={'value': 1, 'prev_value': None, 'change': True}
2025-10-12 14:21:41,969 : EventManager : Event: ======'machine_var_audits_missing_switches_s_standup_3'====== Args={'value': 19, 'prev_value': None, 'change': True}
2025-10-12 14:21:41,969 : EventManager : Event: ======'machine_var_audits_missing_switches_s_standup_4'====== Args={'value': 19, 'prev_value': None, 'change': True}
2025-10-12 14:21:41,969 : EventManager : Event: ======'machine_var_audits_missing_switches_s_standup_5'====== Args={'value': 19, 'prev_value': None, 'change': True}
2025-10-12 14:21:41,969 : EventManager : Event: ======'machine_var_audits_missing_switches_s_standup_6'====== Args={'value': 19, 'prev_value': None, 'change': True}
2025-10-12 14:21:41,970 : EventManager : Event: ======'machine_var_audits_missing_switches_s_start'====== Args={'value': 32, 'prev_value': None, 'change': True}
2025-10-12 14:21:41,970 : EventManager : Event: ======'machine_var_audits_missing_switches_s_top_left_standup'====== Args={'value': 150, 'prev_value': None, 'change': True}
2025-10-12 14:21:41,970 : EventManager : Event: ======'machine_var_audits_missing_switches_s_top_left_standup2'====== Args={'value': 91, 'prev_value': None, 'change': True}
2025-10-12 14:21:41,970 : EventManager : Event: ======'machine_var_audits_missing_switches_s_trough2'====== Args={'value': 225, 'prev_value': None, 'change': True}
2025-10-12 14:21:41,970 : EventManager : Event: ======'machine_var_audits_missing_switches_s_trough3'====== Args={'value': 225, 'prev_value': None, 'change': True}
2025-10-12 14:21:41,970 : EventManager : Event: ======'machine_var_audits_missing_switches_s_trough4'====== Args={'value': 225, 'prev_value': None, 'change': True}
2025-10-12 14:21:41,970 : EventManager : Event: ======'machine_var_audits_missing_switches_s_trough5'====== Args={'value': 225, 'prev_value': None, 'change': True}
2025-10-12 14:21:41,970 : EventManager : Event: ======'machine_var_audits_missing_switches_s_trough6'====== Args={'value': 225, 'prev_value': None, 'change': True}
2025-10-12 14:21:41,970 : EventManager : Event: ======'machine_var_audits_missing_switches_s_trough_jam'====== Args={'value': 225, 'prev_value': None, 'change': True}
2025-10-12 14:21:41,970 : EventManager : Event: ======'machine_var_audits_player_score'====== Args={'value': {'average': 4454338, 'top': [75043600, 70538842, 43517500, 13531600, 13201700, 9012700, 2008600, 1234200, 1027900, 1024400], 'total': 52}, 'prev_value': None, 'change': True}
2025-10-12 14:21:41,970 : EventManager : Event: ======'machine_var_audits_shots_E'====== Args={'value': 112, 'prev_value': None, 'change': True}
2025-10-12 14:21:41,970 : EventManager : Event: ======'machine_var_audits_shots_I'====== Args={'value': 109, 'prev_value': None, 'change': True}
2025-10-12 14:21:41,970 : EventManager : Event: ======'machine_var_audits_shots_M'====== Args={'value': 109, 'prev_value': None, 'change': True}
2025-10-12 14:21:41,970 : EventManager : Event: ======'machine_var_audits_shots_T'====== Args={'value': 113, 'prev_value': None, 'change': True}
2025-10-12 14:21:41,970 : EventManager : Event: ======'machine_var_audits_shots_bumper1_shot'====== Args={'value': 177, 'prev_value': None, 'change': True}
2025-10-12 14:21:41,971 : EventManager : Event: ======'machine_var_audits_shots_bumper2_shot'====== Args={'value': 587, 'prev_value': None, 'change': True}
2025-10-12 14:21:41,971 : EventManager : Event: ======'machine_var_audits_shots_center_rollover'====== Args={'value': 7, 'prev_value': None, 'change': True}
2025-10-12 14:21:41,971 : EventManager : Event: ======'machine_var_audits_shots_center_rollover_shot'====== Args={'value': 291, 'prev_value': None, 'change': True}
2025-10-12 14:21:41,971 : EventManager : Event: ======'machine_var_audits_shots_jets'====== Args={'value': 705, 'prev_value': None, 'change': True}
2025-10-12 14:21:41,971 : EventManager : Event: ======'machine_var_audits_shots_left_rollover'====== Args={'value': 36, 'prev_value': None, 'change': True}
2025-10-12 14:21:41,971 : EventManager : Event: ======'machine_var_audits_shots_left_rollover_shot'====== Args={'value': 235, 'prev_value': None, 'change': True}
2025-10-12 14:21:41,971 : EventManager : Event: ======'machine_var_audits_shots_left_scoop_shot'====== Args={'value': 28, 'prev_value': None, 'change': True}
2025-10-12 14:21:41,971 : EventManager : Event: ======'machine_var_audits_shots_middle_inlane_shot'====== Args={'value': 20, 'prev_value': None, 'change': True}
2025-10-12 14:21:41,971 : EventManager : Event: ======'machine_var_audits_shots_my_first_shot'====== Args={'value': 95, 'prev_value': None, 'change': True}
2025-10-12 14:21:41,971 : EventManager : Event: ======'machine_var_audits_shots_right_inlane_shot'====== Args={'value': 61, 'prev_value': None, 'change': True}
2025-10-12 14:21:41,971 : EventManager : Event: ======'machine_var_audits_shots_right_rollover'====== Args={'value': 41, 'prev_value': None, 'change': True}
2025-10-12 14:21:41,971 : EventManager : Event: ======'machine_var_audits_shots_right_rollover_shot'====== Args={'value': 314, 'prev_value': None, 'change': True}
2025-10-12 14:21:41,971 : EventManager : Event: ======'machine_var_audits_shots_right_scoop_shot'====== Args={'value': 44, 'prev_value': None, 'change': True}
2025-10-12 14:21:41,972 : EventManager : Event: ======'machine_var_audits_shots_right_standup'====== Args={'value': 17, 'prev_value': None, 'change': True}
2025-10-12 14:21:41,972 : EventManager : Event: ======'machine_var_audits_shots_standup_1_skill'====== Args={'value': 41, 'prev_value': None, 'change': True}
2025-10-12 14:21:41,972 : EventManager : Event: ======'machine_var_audits_shots_standup_2_skill'====== Args={'value': 21, 'prev_value': None, 'change': True}
2025-10-12 14:21:41,972 : EventManager : Event: ======'machine_var_audits_shots_standup_3_skill'====== Args={'value': 10, 'prev_value': None, 'change': True}
2025-10-12 14:21:41,972 : EventManager : Event: ======'machine_var_audits_shots_standup_4_skill'====== Args={'value': 8, 'prev_value': None, 'change': True}
2025-10-12 14:21:41,972 : EventManager : Event: ======'machine_var_audits_shots_standup_5_skill'====== Args={'value': 4, 'prev_value': None, 'change': True}
2025-10-12 14:21:41,972 : EventManager : Event: ======'machine_var_audits_shots_standup_6_skill'====== Args={'value': 2, 'prev_value': None, 'change': True}
2025-10-12 14:21:41,972 : EventManager : Event: ======'machine_var_audits_shots_top_middle_inlane_shot'====== Args={'value': 41, 'prev_value': None, 'change': True}
2025-10-12 14:21:41,972 : EventManager : Event: ======'machine_var_audits_switches_s_A'====== Args={'value': 0, 'prev_value': None, 'change': True}
2025-10-12 14:21:41,972 : EventManager : Event: ======'machine_var_audits_switches_s_E'====== Args={'value': 116, 'prev_value': None, 'change': True}
2025-10-12 14:21:41,972 : EventManager : Event: ======'machine_var_audits_switches_s_Eb'====== Args={'value': 0, 'prev_value': None, 'change': True}
2025-10-12 14:21:41,972 : EventManager : Event: ======'machine_var_audits_switches_s_I'====== Args={'value': 113, 'prev_value': None, 'change': True}
2025-10-12 14:21:41,972 : EventManager : Event: ======'machine_var_audits_switches_s_L'====== Args={'value': 0, 'prev_value': None, 'change': True}
2025-10-12 14:21:41,972 : EventManager : Event: ======'machine_var_audits_switches_s_M'====== Args={'value': 113, 'prev_value': None, 'change': True}
2025-10-12 14:21:41,973 : EventManager : Event: ======'machine_var_audits_switches_s_R'====== Args={'value': 0, 'prev_value': None, 'change': True}
2025-10-12 14:21:41,973 : EventManager : Event: ======'machine_var_audits_switches_s_T'====== Args={'value': 117, 'prev_value': None, 'change': True}
2025-10-12 14:21:41,973 : EventManager : Event: ======'machine_var_audits_switches_s_Tb'====== Args={'value': 0, 'prev_value': None, 'change': True}
2025-10-12 14:21:41,973 : EventManager : Event: ======'machine_var_audits_switches_s_V'====== Args={'value': 0, 'prev_value': None, 'change': True}
2025-10-12 14:21:41,973 : EventManager : Event: ======'machine_var_audits_switches_s_bumper1'====== Args={'value': 177, 'prev_value': None, 'change': True}
2025-10-12 14:21:41,973 : EventManager : Event: ======'machine_var_audits_switches_s_bumper2'====== Args={'value': 591, 'prev_value': None, 'change': True}
2025-10-12 14:21:41,973 : EventManager : Event: ======'machine_var_audits_switches_s_bumper_1'====== Args={'value': 0, 'prev_value': None, 'change': True}
2025-10-12 14:21:41,973 : EventManager : Event: ======'machine_var_audits_switches_s_bumper_2'====== Args={'value': 0, 'prev_value': None, 'change': True}
2025-10-12 14:21:41,973 : EventManager : Event: ======'machine_var_audits_switches_s_center_center_target'====== Args={'value': 3, 'prev_value': None, 'change': True}
2025-10-12 14:21:41,973 : EventManager : Event: ======'machine_var_audits_switches_s_center_rollover'====== Args={'value': 300, 'prev_value': None, 'change': True}
2025-10-12 14:21:41,973 : EventManager : Event: ======'machine_var_audits_switches_s_center_scoop'====== Args={'value': 0, 'prev_value': None, 'change': True}
2025-10-12 14:21:41,973 : EventManager : Event: ======'machine_var_audits_switches_s_launcher_lane_spinner'====== Args={'value': 0, 'prev_value': None, 'change': True}
2025-10-12 14:21:41,973 : EventManager : Event: ======'machine_var_audits_switches_s_left_center_target'====== Args={'value': 4, 'prev_value': None, 'change': True}
2025-10-12 14:21:41,973 : EventManager : Event: ======'machine_var_audits_switches_s_left_corridor_spinner'====== Args={'value': 0, 'prev_value': None, 'change': True}
2025-10-12 14:21:41,973 : EventManager : Event: ======'machine_var_audits_switches_s_left_corridor_spinner2'====== Args={'value': 0, 'prev_value': None, 'change': True}
2025-10-12 14:21:41,973 : EventManager : Event: ======'machine_var_audits_switches_s_left_flipper'====== Args={'value': 330, 'prev_value': None, 'change': True}
2025-10-12 14:21:41,974 : EventManager : Event: ======'machine_var_audits_switches_s_left_inlane'====== Args={'value': 8, 'prev_value': None, 'change': True}
2025-10-12 14:21:41,974 : EventManager : Event: ======'machine_var_audits_switches_s_left_outlane'====== Args={'value': 3, 'prev_value': None, 'change': True}
2025-10-12 14:21:41,974 : EventManager : Event: ======'machine_var_audits_switches_s_left_rollover'====== Args={'value': 243, 'prev_value': None, 'change': True}
2025-10-12 14:21:41,974 : EventManager : Event: ======'machine_var_audits_switches_s_left_scoop'====== Args={'value': 226, 'prev_value': None, 'change': True}
2025-10-12 14:21:41,974 : EventManager : Event: ======'machine_var_audits_switches_s_left_standup'====== Args={'value': 0, 'prev_value': None, 'change': True}
2025-10-12 14:21:41,974 : EventManager : Event: ======'machine_var_audits_switches_s_middle_inlane'====== Args={'value': 20, 'prev_value': None, 'change': True}
2025-10-12 14:21:41,974 : EventManager : Event: ======'machine_var_audits_switches_s_plunger'====== Args={'value': 410, 'prev_value': None, 'change': True}
2025-10-12 14:21:41,974 : EventManager : Event: ======'machine_var_audits_switches_s_right_center_target'====== Args={'value': 7, 'prev_value': None, 'change': True}
2025-10-12 14:21:41,974 : EventManager : Event: ======'machine_var_audits_switches_s_right_corridor_spinner'====== Args={'value': 5, 'prev_value': None, 'change': True}
2025-10-12 14:21:41,974 : EventManager : Event: ======'machine_var_audits_switches_s_right_flipper'====== Args={'value': 146, 'prev_value': None, 'change': True}
2025-10-12 14:21:41,974 : EventManager : Event: ======'machine_var_audits_switches_s_right_inlane'====== Args={'value': 188, 'prev_value': None, 'change': True}
2025-10-12 14:21:41,974 : EventManager : Event: ======'machine_var_audits_switches_s_right_outlane'====== Args={'value': 3, 'prev_value': None, 'change': True}
2025-10-12 14:21:41,974 : EventManager : Event: ======'machine_var_audits_switches_s_right_rollover'====== Args={'value': 323, 'prev_value': None, 'change': True}
2025-10-12 14:21:41,975 : EventManager : Event: ======'machine_var_audits_switches_s_right_scoop'====== Args={'value': 61, 'prev_value': None, 'change': True}
2025-10-12 14:21:41,975 : EventManager : Event: ======'machine_var_audits_switches_s_right_standup'====== Args={'value': 111, 'prev_value': None, 'change': True}
2025-10-12 14:21:41,975 : EventManager : Event: ======'machine_var_audits_switches_s_sling_left'====== Args={'value': 3, 'prev_value': None, 'change': True}
2025-10-12 14:21:41,975 : EventManager : Event: ======'machine_var_audits_switches_s_sling_right'====== Args={'value': 8, 'prev_value': None, 'change': True}
2025-10-12 14:21:41,975 : EventManager : Event: ======'machine_var_audits_switches_s_standup_1'====== Args={'value': 80, 'prev_value': None, 'change': True}
2025-10-12 14:21:41,975 : EventManager : Event: ======'machine_var_audits_switches_s_standup_2'====== Args={'value': 42, 'prev_value': None, 'change': True}
2025-10-12 14:21:41,975 : EventManager : Event: ======'machine_var_audits_switches_s_standup_3'====== Args={'value': 41, 'prev_value': None, 'change': True}
2025-10-12 14:21:41,975 : EventManager : Event: ======'machine_var_audits_switches_s_standup_4'====== Args={'value': 24, 'prev_value': None, 'change': True}
2025-10-12 14:21:41,975 : EventManager : Event: ======'machine_var_audits_switches_s_standup_5'====== Args={'value': 22, 'prev_value': None, 'change': True}
2025-10-12 14:21:41,975 : EventManager : Event: ======'machine_var_audits_switches_s_standup_6'====== Args={'value': 11, 'prev_value': None, 'change': True}
2025-10-12 14:21:41,975 : EventManager : Event: ======'machine_var_audits_switches_s_start'====== Args={'value': 16, 'prev_value': None, 'change': True}
2025-10-12 14:21:41,975 : EventManager : Event: ======'machine_var_audits_switches_s_top_left_standup'====== Args={'value': 0, 'prev_value': None, 'change': True}
2025-10-12 14:21:41,976 : EventManager : Event: ======'machine_var_audits_switches_s_top_left_standup2'====== Args={'value': 15, 'prev_value': None, 'change': True}
2025-10-12 14:21:41,976 : EventManager : Event: ======'machine_var_audits_switches_s_top_middle_inlane'====== Args={'value': 41, 'prev_value': None, 'change': True}
2025-10-12 14:21:41,976 : EventManager : Event: ======'machine_var_audits_switches_s_trough1'====== Args={'value': 255, 'prev_value': None, 'change': True}
2025-10-12 14:21:41,976 : EventManager : Event: ======'machine_var_audits_switches_s_trough2'====== Args={'value': 0, 'prev_value': None, 'change': True}
2025-10-12 14:21:41,976 : EventManager : Event: ======'machine_var_audits_switches_s_trough3'====== Args={'value': 0, 'prev_value': None, 'change': True}
2025-10-12 14:21:41,976 : EventManager : Event: ======'machine_var_audits_switches_s_trough4'====== Args={'value': 0, 'prev_value': None, 'change': True}
2025-10-12 14:21:41,976 : EventManager : Event: ======'machine_var_audits_switches_s_trough5'====== Args={'value': 0, 'prev_value': None, 'change': True}
2025-10-12 14:21:41,976 : EventManager : Event: ======'machine_var_audits_switches_s_trough6'====== Args={'value': 0, 'prev_value': None, 'change': True}
2025-10-12 14:21:41,976 : EventManager : Event: ======'machine_var_audits_switches_s_trough_jam'====== Args={'value': 0, 'prev_value': None, 'change': True}
2025-10-12 14:21:42,041 : EventManager : Event: ======'mc_reset_phase_1'====== Args={}
2025-10-12 14:21:42,041 : EventManager : Event: ======'mc_reset_phase_2'====== Args={}
2025-10-12 14:21:42,041 : EventManager : Event: ======'mc_reset_phase_3'====== Args={}
2025-10-12 14:21:42,041 : EventManager : Event: ======'mc_reset_complete'====== Args={}
2025-10-12 14:21:42,053 : EventManager : Event: ======'slides_play'====== Args={'settings': {'awesome_slide': {'widgets': [{'type': 'text', 'text': 'TIME TRAVEL 1985', 'font_size': 50, '_default_settings': ['type', 'text', 'font_size'], 'x': None, 'y': None, 'anchor_x': 'center', 'anchor_y': 'center', 'round_anchor_x': None, 'round_anchor_y': None, 'opacity': 1.0, 'z': 0, 'reset_animations_events': {}, 'color': [1.0, 1.0, 1.0, 1.0], 'style': [], 'adjust_top': 0, 'adjust_bottom': 0, 'adjust_left': 0, 'adjust_right': 0, 'expire': None, 'key': None, 'widget': None, 'events_when_added': [], 'events_when_removed': [], 'bitmap_font': False, 'font_kerning': True, 'bold': False, 'italic': False, 'number_grouping': False, 'min_digits': 0, 'halign': 'center', 'valign': 'middle', 'rotation': 0, 'scale': 1.0, 'casing': None, 'outline_color': [1.0, 1.0, 1.0, 1.0], 'outline_width': 0, 'animations': None}], 'transition': {'type': 'push', 'duration': 1.0, 'direction': 'left', 'easing': 'out_quad'}, 'target': None, 'background_color': [0.0, 0.0, 0.0, 1.0], 'priority': None, 'show': True, 'force': False, 'expire': None, 'slide': None, 'tokens': {}, 'action': 'play'}}, 'context': 'show_2', 'calling_context': 0, 'priority': 10, 'show_tokens': {}, 'start_time': 73199.703}
2025-10-12 14:21:42,053 : EventManager : Event: ======'sounds_play'====== Args={'settings': {'music': {'action': 'play', 'loops': -1, 'priority': None, 'block': False, 'delay': None, 'track': None, 'volume': None, 'ducking': {}, 'pan': None, 'start_at': None, 'fade_in': None, 'fade_out': None, 'about_to_finish_time': -1.0, 'max_queue_time': -1.0, 'events_when_played': ['use_sound_setting'], 'events_when_stopped': ['use_sound_setting'], 'events_when_looping': ['use_sound_setting'], 'events_when_about_to_finish': ['use_sound_setting'], 'mode_end_action': 'use_sound_setting', 'key': 'use_sound_setting'}}, 'context': '_global', 'calling_context': 'mode_attract_started', 'priority': 0}
2025-10-12 14:21:42,053 : mpfmc : SlidePlayer: Play called with settings={'awesome_slide': {'widgets': [{'type': 'text', 'text': 'TIME TRAVEL 1985', 'font_size': 50, '_default_settings': ['type', 'text', 'font_size'], 'x': None, 'y': None, 'anchor_x': 'center', 'anchor_y': 'center', 'round_anchor_x': None, 'round_anchor_y': None, 'opacity': 1.0, 'z': 0, 'reset_animations_events': {}, 'color': [1.0, 1.0, 1.0, 1.0], 'style': [], 'adjust_top': 0, 'adjust_bottom': 0, 'adjust_left': 0, 'adjust_right': 0, 'expire': None, 'key': None, 'widget': None, 'events_when_added': [], 'events_when_removed': [], 'bitmap_font': False, 'font_kerning': True, 'bold': False, 'italic': False, 'number_grouping': False, 'min_digits': 0, 'halign': 'center', 'valign': 'middle', 'rotation': 0, 'scale': 1.0, 'casing': None, 'outline_color': [1.0, 1.0, 1.0, 1.0], 'outline_width': 0, 'animations': None}], 'transition': {'type': 'push', 'duration': 1.0, 'direction': 'left', 'easing': 'out_quad'}, 'target': None, 'background_color': [0.0, 0.0, 0.0, 1.0], 'priority': None, 'show': True, 'force': False, 'expire': None, 'slide': None, 'tokens': {}, 'action': 'play'}}
2025-10-12 14:21:42,058 : kivy : GL: NPOT texture support is available
2025-10-12 14:21:42,059 : EventManager : Event: ======'slide_awesome_slide_created'====== Args={}
2025-10-12 14:21:42,060 : EventManager : Event: ======'slide_awesome_slide_active'====== Args={}
2025-10-12 14:21:42,066 : EventManager : Event: ======'loading_assets'====== Args={'total': 1, 'loaded': 1, 'remaining': 0, 'percent': 100}
2025-10-12 14:21:42,066 : AssetManager : Asset loading took: 1.526597261428833
2025-10-12 14:21:42,066 : EventManager : Event: ======'asset_loading_complete'====== Args={}
2025-10-12 14:21:42,066 : AssetManager : Loading assets: 1/1 (100%)
2025-10-12 14:21:45,040 : EventManager : Event: ======'slides_play'====== Args={'settings': {'press_start': {'widgets': [{'type': 'Text', 'text': 'PRESS START', 'animations': {'pre_show_slide': [{'property': ['opacity'], 'value': ['0'], 'duration': 0.5, 'relative': False, 'timing': 'after_previous', 'repeat': False, 'easing': 'linear', 'step': 0.0}, {'property': ['opacity'], 'value': ['1'], 'duration': 0.5, 'repeat': False, 'relative': False, 'timing': 'after_previous', 'easing': 'linear', 'step': 0.0}]}, '_default_settings': ['type', 'text', 'animations'], 'x': None, 'y': None, 'anchor_x': 'center', 'anchor_y': 'center', 'round_anchor_x': None, 'round_anchor_y': None, 'opacity': 1.0, 'z': 0, 'reset_animations_events': {}, 'color': [1.0, 1.0, 1.0, 1.0], 'style': [], 'adjust_top': 0, 'adjust_bottom': 0, 'adjust_left': 0, 'adjust_right': 0, 'expire': None, 'key': None, 'widget': None, 'events_when_added': [], 'events_when_removed': [], 'font_size': 15, 'bitmap_font': False, 'font_kerning': True, 'bold': False, 'italic': False, 'number_grouping': False, 'min_digits': 0, 'halign': 'center', 'valign': 'middle', 'rotation': 0, 'scale': 1.0, 'casing': None, 'outline_color': [1.0, 1.0, 1.0, 1.0], 'outline_width': 0}, {'type': 'Text', 'text': 'FREE PLAY', 'color': [0.0, 0.5019607843137255, 0.0, 1], 'y': '10', 'anchor_y': 'bottom', '_default_settings': ['type', 'text', 'color', 'y', 'anchor_y'], 'x': None, 'anchor_x': 'center', 'round_anchor_x': None, 'round_anchor_y': None, 'opacity': 1.0, 'z': 0, 'reset_animations_events': {}, 'style': [], 'adjust_top': 0, 'adjust_bottom': 0, 'adjust_left': 0, 'adjust_right': 0, 'expire': None, 'key': None, 'widget': None, 'events_when_added': [], 'events_when_removed': [], 'font_size': 15, 'bitmap_font': False, 'font_kerning': True, 'bold': False, 'italic': False, 'number_grouping': False, 'min_digits': 0, 'halign': 'center', 'valign': 'middle', 'rotation': 0, 'scale': 1.0, 'casing': None, 'outline_color': [1.0, 1.0, 1.0, 1.0], 'outline_width': 0, 'animations': None}], 'transition': {'type': 'move_in', 'duration': 1.0, 'direction': 'right', 'easing': 'out_quad'}, 'target': None, 'background_color': [0.0, 0.0, 0.0, 1.0], 'priority': None, 'show': True, 'force': False, 'expire': None, 'slide': None, 'tokens': {}, 'action': 'play'}}, 'context': 'show_2', 'calling_context': 1, 'priority': 10, 'show_tokens': {}, 'start_time': 73202.703}
2025-10-12 14:21:45,040 : mpfmc : SlidePlayer: Play called with settings={'press_start': {'widgets': [{'type': 'Text', 'text': 'PRESS START', 'animations': {'pre_show_slide': [{'property': ['opacity'], 'value': ['0'], 'duration': 0.5, 'relative': False, 'timing': 'after_previous', 'repeat': False, 'easing': 'linear', 'step': 0.0}, {'property': ['opacity'], 'value': ['1'], 'duration': 0.5, 'repeat': False, 'relative': False, 'timing': 'after_previous', 'easing': 'linear', 'step': 0.0}]}, '_default_settings': ['type', 'text', 'animations'], 'x': None, 'y': None, 'anchor_x': 'center', 'anchor_y': 'center', 'round_anchor_x': None, 'round_anchor_y': None, 'opacity': 1.0, 'z': 0, 'reset_animations_events': {}, 'color': [1.0, 1.0, 1.0, 1.0], 'style': [], 'adjust_top': 0, 'adjust_bottom': 0, 'adjust_left': 0, 'adjust_right': 0, 'expire': None, 'key': None, 'widget': None, 'events_when_added': [], 'events_when_removed': [], 'font_size': 15, 'bitmap_font': False, 'font_kerning': True, 'bold': False, 'italic': False, 'number_grouping': False, 'min_digits': 0, 'halign': 'center', 'valign': 'middle', 'rotation': 0, 'scale': 1.0, 'casing': None, 'outline_color': [1.0, 1.0, 1.0, 1.0], 'outline_width': 0}, {'type': 'Text', 'text': 'FREE PLAY', 'color': [0.0, 0.5019607843137255, 0.0, 1], 'y': '10', 'anchor_y': 'bottom', '_default_settings': ['type', 'text', 'color', 'y', 'anchor_y'], 'x': None, 'anchor_x': 'center', 'round_anchor_x': None, 'round_anchor_y': None, 'opacity': 1.0, 'z': 0, 'reset_animations_events': {}, 'style': [], 'adjust_top': 0, 'adjust_bottom': 0, 'adjust_left': 0, 'adjust_right': 0, 'expire': None, 'key': None, 'widget': None, 'events_when_added': [], 'events_when_removed': [], 'font_size': 15, 'bitmap_font': False, 'font_kerning': True, 'bold': False, 'italic': False, 'number_grouping': False, 'min_digits': 0, 'halign': 'center', 'valign': 'middle', 'rotation': 0, 'scale': 1.0, 'casing': None, 'outline_color': [1.0, 1.0, 1.0, 1.0], 'outline_width': 0, 'animations': None}], 'transition': {'type': 'move_in', 'duration': 1.0, 'direction': 'right', 'easing': 'out_quad'}, 'target': None, 'background_color': [0.0, 0.0, 0.0, 1.0], 'priority': None, 'show': True, 'force': False, 'expire': None, 'slide': None, 'tokens': {}, 'action': 'play'}}
2025-10-12 14:21:45,044 : EventManager : Event: ======'slide_press_start_created'====== Args={}
2025-10-12 14:21:45,045 : EventManager : Event: ======'slide_press_start_active'====== Args={}
2025-10-12 14:21:45,268 : EventManager : Event: ======'game_started'====== Args={}
2025-10-12 14:21:45,270 : EventManager : Event: ======'slides_clear'====== Args={'context': 'show_2'}
2025-10-12 14:21:45,270 : EventManager : Event: ======'sounds_play'====== Args={'settings': {'music': {'action': 'stop', 'priority': None, 'block': False, 'delay': None, 'track': None, 'volume': None, 'ducking': {}, 'pan': None, 'loops': None, 'start_at': None, 'fade_in': None, 'fade_out': None, 'about_to_finish_time': -1.0, 'max_queue_time': -1.0, 'events_when_played': ['use_sound_setting'], 'events_when_stopped': ['use_sound_setting'], 'events_when_looping': ['use_sound_setting'], 'events_when_about_to_finish': ['use_sound_setting'], 'mode_end_action': 'use_sound_setting', 'key': 'use_sound_setting'}}, 'context': '_global', 'calling_context': 'mode_attract_stopped', 'priority': 0}
2025-10-12 14:21:45,270 : EventManager : Event: ======'player_added'====== Args={'player': <Player 1>, 'num': 1}
2025-10-12 14:21:45,270 : EventManager : Event: ======'player_index'====== Args={'value': 0, 'prev_value': 0, 'change': 0, 'player_num': 1}
2025-10-12 14:21:45,270 : EventManager : Event: ======'player_number'====== Args={'value': 1, 'prev_value': 1, 'change': 0, 'player_num': 1}
2025-10-12 14:21:45,270 : EventManager : Event: ======'player_score'====== Args={'value': 0, 'prev_value': 0, 'change': 0, 'player_num': 1}
2025-10-12 14:21:45,270 : EventManager : Event: ======'player_sj_active'====== Args={'value': 0, 'prev_value': 0, 'change': 0, 'player_num': 1}
2025-10-12 14:21:45,271 : EventManager : Event: ======'slide_awesome_slide_removed'====== Args={}
2025-10-12 14:21:45,271 : EventManager : Event: ======'slide_press_start_removed'====== Args={}
2025-10-12 14:21:45,272 : EventManager : Event: ======'slide_window_blank_active'====== Args={}
2025-10-12 14:21:45,301 : EventManager : Event: ======'player_ball'====== Args={'value': 1, 'prev_value': 0, 'change': 1, 'player_num': 1}
2025-10-12 14:21:45,302 : EventManager : Event: ======'player_turn_start'====== Args={'number': 1, 'player': <Player 1>}
2025-10-12 14:21:45,302 : EventManager : Event: ======'player_shot_jets_enabled'====== Args={'value': True, 'prev_value': 0, 'change': 1, 'player_num': 1}
2025-10-12 14:21:45,314 : EventManager : Event: ======'player_shot_left_rollover_shot_enabled'====== Args={'value': True, 'prev_value': 0, 'change': 1, 'player_num': 1}
2025-10-12 14:21:45,314 : EventManager : Event: ======'player_shot_center_rollover_shot_enabled'====== Args={'value': True, 'prev_value': 0, 'change': 1, 'player_num': 1}
2025-10-12 14:21:45,314 : EventManager : Event: ======'player_shot_right_rollover_shot_enabled'====== Args={'value': True, 'prev_value': 0, 'change': 1, 'player_num': 1}
2025-10-12 14:21:45,314 : EventManager : Event: ======'player_shot_right_scoop_shot_enabled'====== Args={'value': True, 'prev_value': 0, 'change': 1, 'player_num': 1}
2025-10-12 14:21:45,314 : EventManager : Event: ======'player_shot_T_enabled'====== Args={'value': True, 'prev_value': 0, 'change': 1, 'player_num': 1}
2025-10-12 14:21:45,314 : EventManager : Event: ======'player_shot_I_enabled'====== Args={'value': True, 'prev_value': 0, 'change': 1, 'player_num': 1}
2025-10-12 14:21:45,314 : EventManager : Event: ======'player_shot_M_enabled'====== Args={'value': True, 'prev_value': 0, 'change': 1, 'player_num': 1}
2025-10-12 14:21:45,314 : EventManager : Event: ======'player_shot_E_enabled'====== Args={'value': True, 'prev_value': 0, 'change': 1, 'player_num': 1}
2025-10-12 14:21:45,314 : EventManager : Event: ======'player_shot_bumper1_shot_enabled'====== Args={'value': True, 'prev_value': 0, 'change': 1, 'player_num': 1}
2025-10-12 14:21:45,314 : EventManager : Event: ======'player_shot_bumper2_shot_enabled'====== Args={'value': True, 'prev_value': 0, 'change': 1, 'player_num': 1}
2025-10-12 14:21:45,314 : EventManager : Event: ======'player_shot_right_inlane_shot_enabled'====== Args={'value': True, 'prev_value': 0, 'change': 1, 'player_num': 1}
2025-10-12 14:21:45,352 : EventManager : Event: ======'slides_play'====== Args={'settings': {'widgets': {'widgets': [{'type': 'text', 'text': '(score)', 'number_grouping': True, 'min_digits': 2, 'font_size': 100, '_default_settings': ['type', 'text', 'number_grouping', 'min_digits', 'font_size'], 'x': None, 'y': None, 'anchor_x': 'center', 'anchor_y': 'center', 'round_anchor_x': None, 'round_anchor_y': None, 'opacity': 1.0, 'z': 0, 'reset_animations_events': {}, 'color': [1.0, 1.0, 1.0, 1.0], 'style': [], 'adjust_top': 0, 'adjust_bottom': 0, 'adjust_left': 0, 'adjust_right': 0, 'expire': None, 'key': None, 'widget': None, 'events_when_added': [], 'events_when_removed': [], 'bitmap_font': False, 'font_kerning': True, 'bold': False, 'italic': False, 'halign': 'center', 'valign': 'middle', 'rotation': 0, 'scale': 1.0, 'casing': None, 'outline_color': [1.0, 1.0, 1.0, 1.0], 'outline_width': 0, 'animations': None}, {'type': 'text', 'text': 'PLAYER (number)', 'y': '10', 'x': '10', 'font_size': 50, 'anchor_x': 'left', 'anchor_y': 'bottom', '_default_settings': ['type', 'text', 'y', 'x', 'font_size', 'anchor_x', 'anchor_y'], 'round_anchor_x': None, 'round_anchor_y': None, 'opacity': 1.0, 'z': 0, 'reset_animations_events': {}, 'color': [1.0, 1.0, 1.0, 1.0], 'style': [], 'adjust_top': 0, 'adjust_bottom': 0, 'adjust_left': 0, 'adjust_right': 0, 'expire': None, 'key': None, 'widget': None, 'events_when_added': [], 'events_when_removed': [], 'bitmap_font': False, 'font_kerning': True, 'bold': False, 'italic': False, 'number_grouping': False, 'min_digits': 0, 'halign': 'center', 'valign': 'middle', 'rotation': 0, 'scale': 1.0, 'casing': None, 'outline_color': [1.0, 1.0, 1.0, 1.0], 'outline_width': 0, 'animations': None}, {'type': 'text', 'text': 'BALL (ball)', 'y': '10', 'x': 'right-10', 'anchor_x': 'right', 'anchor_y': 'bottom', 'font_size': 50, '_default_settings': ['type', 'text', 'y', 'x', 'anchor_x', 'anchor_y', 'font_size'], 'round_anchor_x': None, 'round_anchor_y': None, 'opacity': 1.0, 'z': 0, 'reset_animations_events': {}, 'color': [1.0, 1.0, 1.0, 1.0], 'style': [], 'adjust_top': 0, 'adjust_bottom': 0, 'adjust_left': 0, 'adjust_right': 0, 'expire': None, 'key': None, 'widget': None, 'events_when_added': [], 'events_when_removed': [], 'bitmap_font': False, 'font_kerning': True, 'bold': False, 'italic': False, 'number_grouping': False, 'min_digits': 0, 'halign': 'center', 'valign': 'middle', 'rotation': 0, 'scale': 1.0, 'casing': None, 'outline_color': [1.0, 1.0, 1.0, 1.0], 'outline_width': 0, 'animations': None}, {'type': 'text', 'text': 'POTATO VALUE: (potato)', 'y': '40%', '_default_settings': ['type', 'text', 'y'], 'x': None, 'anchor_x': 'center', 'anchor_y': 'center', 'round_anchor_x': None, 'round_anchor_y': None, 'opacity': 1.0, 'z': 0, 'reset_animations_events': {}, 'color': [1.0, 1.0, 1.0, 1.0], 'style': [], 'adjust_top': 0, 'adjust_bottom': 0, 'adjust_left': 0, 'adjust_right': 0, 'expire': None, 'key': None, 'widget': None, 'events_when_added': [], 'events_when_removed': [], 'font_size': 15, 'bitmap_font': False, 'font_kerning': True, 'bold': False, 'italic': False, 'number_grouping': False, 'min_digits': 0, 'halign': 'center', 'valign': 'middle', 'rotation': 0, 'scale': 1.0, 'casing': None, 'outline_color': [1.0, 1.0, 1.0, 1.0], 'outline_width': 0, 'animations': None}], 'target': None, 'background_color': [0.0, 0.0, 0.0, 1.0], 'priority': None, 'show': True, 'force': False, 'expire': None, 'slide': None, 'tokens': {}, 'action': 'play'}}, 'context': 'base', 'calling_context': 'mode_base_started', 'priority': 100, 'player': 1, 'ball': 1, 'balls_remaining': 2, 'is_extra_ball': False}
2025-10-12 14:21:45,352 : EventManager : Event: ======'sounds_play'====== Args={'settings': {'mode': {'action': 'play', 'loops': -1, 'priority': None, 'block': False, 'delay': None, 'track': None, 'volume': None, 'ducking': {}, 'pan': None, 'start_at': None, 'fade_in': None, 'fade_out': None, 'about_to_finish_time': -1.0, 'max_queue_time': -1.0, 'events_when_played': ['use_sound_setting'], 'events_when_stopped': ['use_sound_setting'], 'events_when_looping': ['use_sound_setting'], 'events_when_about_to_finish': ['use_sound_setting'], 'mode_end_action': 'use_sound_setting', 'key': 'use_sound_setting'}}, 'context': '_global', 'calling_context': 'mode_base_started', 'priority': 0, 'player': 1, 'ball': 1, 'balls_remaining': 2, 'is_extra_ball': False}
2025-10-12 14:21:45,352 : mpfmc : SlidePlayer: Play called with settings={'widgets': {'widgets': [{'type': 'text', 'text': '(score)', 'number_grouping': True, 'min_digits': 2, 'font_size': 100, '_default_settings': ['type', 'text', 'number_grouping', 'min_digits', 'font_size'], 'x': None, 'y': None, 'anchor_x': 'center', 'anchor_y': 'center', 'round_anchor_x': None, 'round_anchor_y': None, 'opacity': 1.0, 'z': 0, 'reset_animations_events': {}, 'color': [1.0, 1.0, 1.0, 1.0], 'style': [], 'adjust_top': 0, 'adjust_bottom': 0, 'adjust_left': 0, 'adjust_right': 0, 'expire': None, 'key': None, 'widget': None, 'events_when_added': [], 'events_when_removed': [], 'bitmap_font': False, 'font_kerning': True, 'bold': False, 'italic': False, 'halign': 'center', 'valign': 'middle', 'rotation': 0, 'scale': 1.0, 'casing': None, 'outline_color': [1.0, 1.0, 1.0, 1.0], 'outline_width': 0, 'animations': None}, {'type': 'text', 'text': 'PLAYER (number)', 'y': '10', 'x': '10', 'font_size': 50, 'anchor_x': 'left', 'anchor_y': 'bottom', '_default_settings': ['type', 'text', 'y', 'x', 'font_size', 'anchor_x', 'anchor_y'], 'round_anchor_x': None, 'round_anchor_y': None, 'opacity': 1.0, 'z': 0, 'reset_animations_events': {}, 'color': [1.0, 1.0, 1.0, 1.0], 'style': [], 'adjust_top': 0, 'adjust_bottom': 0, 'adjust_left': 0, 'adjust_right': 0, 'expire': None, 'key': None, 'widget': None, 'events_when_added': [], 'events_when_removed': [], 'bitmap_font': False, 'font_kerning': True, 'bold': False, 'italic': False, 'number_grouping': False, 'min_digits': 0, 'halign': 'center', 'valign': 'middle', 'rotation': 0, 'scale': 1.0, 'casing': None, 'outline_color': [1.0, 1.0, 1.0, 1.0], 'outline_width': 0, 'animations': None}, {'type': 'text', 'text': 'BALL (ball)', 'y': '10', 'x': 'right-10', 'anchor_x': 'right', 'anchor_y': 'bottom', 'font_size': 50, '_default_settings': ['type', 'text', 'y', 'x', 'anchor_x', 'anchor_y', 'font_size'], 'round_anchor_x': None, 'round_anchor_y': None, 'opacity': 1.0, 'z': 0, 'reset_animations_events': {}, 'color': [1.0, 1.0, 1.0, 1.0], 'style': [], 'adjust_top': 0, 'adjust_bottom': 0, 'adjust_left': 0, 'adjust_right': 0, 'expire': None, 'key': None, 'widget': None, 'events_when_added': [], 'events_when_removed': [], 'bitmap_font': False, 'font_kerning': True, 'bold': False, 'italic': False, 'number_grouping': False, 'min_digits': 0, 'halign': 'center', 'valign': 'middle', 'rotation': 0, 'scale': 1.0, 'casing': None, 'outline_color': [1.0, 1.0, 1.0, 1.0], 'outline_width': 0, 'animations': None}, {'type': 'text', 'text': 'POTATO VALUE: (potato)', 'y': '40%', '_default_settings': ['type', 'text', 'y'], 'x': None, 'anchor_x': 'center', 'anchor_y': 'center', 'round_anchor_x': None, 'round_anchor_y': None, 'opacity': 1.0, 'z': 0, 'reset_animations_events': {}, 'color': [1.0, 1.0, 1.0, 1.0], 'style': [], 'adjust_top': 0, 'adjust_bottom': 0, 'adjust_left': 0, 'adjust_right': 0, 'expire': None, 'key': None, 'widget': None, 'events_when_added': [], 'events_when_removed': [], 'font_size': 15, 'bitmap_font': False, 'font_kerning': True, 'bold': False, 'italic': False, 'number_grouping': False, 'min_digits': 0, 'halign': 'center', 'valign': 'middle', 'rotation': 0, 'scale': 1.0, 'casing': None, 'outline_color': [1.0, 1.0, 1.0, 1.0], 'outline_width': 0, 'animations': None}], 'target': None, 'background_color': [0.0, 0.0, 0.0, 1.0], 'priority': None, 'show': True, 'force': False, 'expire': None, 'slide': None, 'tokens': {}, 'action': 'play'}}
2025-10-12 14:21:45,360 : EventManager : Event: ======'slide_base.slide_player-mode_base_started_created'====== Args={}
2025-10-12 14:21:45,362 : EventManager : Event: ======'slide_base.slide_player-mode_base_started_active'====== Args={}
2025-10-12 14:21:45,441 : EventManager : Event: ======'loading_assets'====== Args={'total': 1, 'loaded': 1, 'remaining': 0, 'percent': 100}
2025-10-12 14:21:45,441 : AssetManager : Asset loading took: 4.901858568191528
2025-10-12 14:21:45,442 : EventManager : Event: ======'asset_loading_complete'====== Args={}
2025-10-12 14:21:45,442 : AssetManager : Loading assets: 1/1 (100%)
2025-10-12 14:21:45,480 : EventManager : Event: ======'machine_var_audits_switches_s_plunger'====== Args={'value': 411, 'prev_value': 410, 'change': 1}
2025-10-12 14:21:50,575 : EventManager : Event: ======'machine_var_audits_switches_s_T'====== Args={'value': 118, 'prev_value': 117, 'change': 1}
2025-10-12 14:21:50,587 : EventManager : Event: ======'player_shot_T'====== Args={'value': 1, 'prev_value': 0, 'change': 1, 'player_num': 1}
2025-10-12 14:21:50,587 : EventManager : Event: ======'machine_var_audits_shots_T'====== Args={'value': 114, 'prev_value': 113, 'change': 1}
2025-10-12 14:21:50,587 : EventManager : Event: ======'player_score'====== Args={'value': 500, 'prev_value': 0, 'change': 500, 'player_num': 1}
2025-10-12 14:21:51,962 : EventManager : Event: ======'machine_var_audits_switches_s_I'====== Args={'value': 114, 'prev_value': 113, 'change': 1}
2025-10-12 14:21:51,974 : EventManager : Event: ======'player_shot_I'====== Args={'value': 1, 'prev_value': 0, 'change': 1, 'player_num': 1}
2025-10-12 14:21:51,974 : EventManager : Event: ======'machine_var_audits_shots_I'====== Args={'value': 110, 'prev_value': 109, 'change': 1}
2025-10-12 14:21:51,975 : EventManager : Event: ======'player_score'====== Args={'value': 1000, 'prev_value': 500, 'change': 500, 'player_num': 1}
2025-10-12 14:21:52,698 : EventManager : Event: ======'machine_var_audits_switches_s_M'====== Args={'value': 114, 'prev_value': 113, 'change': 1}
2025-10-12 14:21:52,698 : EventManager : Event: ======'player_shot_M'====== Args={'value': 1, 'prev_value': 0, 'change': 1, 'player_num': 1}
2025-10-12 14:21:52,698 : EventManager : Event: ======'machine_var_audits_shots_M'====== Args={'value': 110, 'prev_value': 109, 'change': 1}
2025-10-12 14:21:52,698 : EventManager : Event: ======'player_score'====== Args={'value': 1500, 'prev_value': 1000, 'change': 500, 'player_num': 1}
2025-10-12 14:21:53,188 : EventManager : Event: ======'machine_var_audits_switches_s_E'====== Args={'value': 117, 'prev_value': 116, 'change': 1}
2025-10-12 14:21:53,213 : EventManager : Event: ======'player_shot_E'====== Args={'value': 1, 'prev_value': 0, 'change': 1, 'player_num': 1}
2025-10-12 14:21:53,213 : EventManager : Event: ======'machine_var_audits_shots_E'====== Args={'value': 113, 'prev_value': 112, 'change': 1}
2025-10-12 14:21:53,213 : EventManager : Event: ======'player_shot_T'====== Args={'value': 0, 'prev_value': 1, 'change': -1, 'player_num': 1}
2025-10-12 14:21:53,213 : EventManager : Event: ======'player_shot_I'====== Args={'value': 0, 'prev_value': 1, 'change': -1, 'player_num': 1}
2025-10-12 14:21:53,213 : EventManager : Event: ======'player_shot_M'====== Args={'value': 0, 'prev_value': 1, 'change': -1, 'player_num': 1}
2025-10-12 14:21:53,213 : EventManager : Event: ======'player_shot_E'====== Args={'value': 0, 'prev_value': 1, 'change': -1, 'player_num': 1}
2025-10-12 14:21:53,213 : EventManager : Event: ======'player_score'====== Args={'value': 401500, 'prev_value': 1500, 'change': 400000, 'player_num': 1}
2025-10-12 14:21:53,214 : EventManager : Event: ======'sounds_play'====== Args={'settings': {'time': {'action': 'play', 'loops': None, 'priority': None, 'block': False, 'delay': None, 'track': None, 'volume': None, 'ducking': {}, 'pan': None, 'start_at': None, 'fade_in': None, 'fade_out': None, 'about_to_finish_time': -1.0, 'max_queue_time': -1.0, 'events_when_played': ['use_sound_setting'], 'events_when_stopped': ['use_sound_setting'], 'events_when_looping': ['use_sound_setting'], 'events_when_about_to_finish': ['use_sound_setting'], 'mode_end_action': 'use_sound_setting', 'key': 'use_sound_setting'}}, 'context': 'base', 'calling_context': 'TIME_droptargets_lit_complete', 'priority': 100}
2025-10-12 14:21:53,214 : EventManager : Event: ======'player_score'====== Args={'value': 402000, 'prev_value': 401500, 'change': 500, 'player_num': 1}
2025-10-12 14:21:53,226 : EventManager : Event: ======'loading_assets'====== Args={'total': 1, 'loaded': 1, 'remaining': 0, 'percent': 100}
2025-10-12 14:21:53,226 : AssetManager : Asset loading took: 12.68649411201477
2025-10-12 14:21:53,226 : EventManager : Event: ======'asset_loading_complete'====== Args={}
2025-10-12 14:21:53,226 : AssetManager : Loading assets: 1/1 (100%)
2025-10-12 14:21:54,878 : EventManager : Event: ======'machine_var_audits_switches_s_T'====== Args={'value': 119, 'prev_value': 118, 'change': 1}
2025-10-12 14:21:54,890 : EventManager : Event: ======'player_shot_T'====== Args={'value': 1, 'prev_value': 0, 'change': 1, 'player_num': 1}
2025-10-12 14:21:54,890 : EventManager : Event: ======'machine_var_audits_shots_T'====== Args={'value': 115, 'prev_value': 114, 'change': 1}
2025-10-12 14:21:54,890 : EventManager : Event: ======'player_score'====== Args={'value': 402500, 'prev_value': 402000, 'change': 500, 'player_num': 1}
2025-10-12 14:21:55,417 : EventManager : Event: ======'machine_var_audits_switches_s_I'====== Args={'value': 115, 'prev_value': 114, 'change': 1}
2025-10-12 14:21:55,442 : EventManager : Event: ======'player_shot_I'====== Args={'value': 1, 'prev_value': 0, 'change': 1, 'player_num': 1}
2025-10-12 14:21:55,442 : EventManager : Event: ======'machine_var_audits_shots_I'====== Args={'value': 111, 'prev_value': 110, 'change': 1}
2025-10-12 14:21:55,442 : EventManager : Event: ======'player_score'====== Args={'value': 403000, 'prev_value': 402500, 'change': 500, 'player_num': 1}
2025-10-12 14:21:55,882 : EventManager : Event: ======'machine_var_audits_switches_s_M'====== Args={'value': 115, 'prev_value': 114, 'change': 1}
2025-10-12 14:21:55,894 : EventManager : Event: ======'player_shot_M'====== Args={'value': 1, 'prev_value': 0, 'change': 1, 'player_num': 1}
2025-10-12 14:21:55,894 : EventManager : Event: ======'machine_var_audits_shots_M'====== Args={'value': 111, 'prev_value': 110, 'change': 1}
2025-10-12 14:21:55,894 : EventManager : Event: ======'player_score'====== Args={'value': 403500, 'prev_value': 403000, 'change': 500, 'player_num': 1}
2025-10-12 14:21:56,359 : EventManager : Event: ======'machine_var_audits_switches_s_E'====== Args={'value': 118, 'prev_value': 117, 'change': 1}
2025-10-12 14:21:56,371 : EventManager : Event: ======'player_shot_E'====== Args={'value': 1, 'prev_value': 0, 'change': 1, 'player_num': 1}
2025-10-12 14:21:56,371 : EventManager : Event: ======'machine_var_audits_shots_E'====== Args={'value': 114, 'prev_value': 113, 'change': 1}
2025-10-12 14:21:56,371 : EventManager : Event: ======'player_shot_T'====== Args={'value': 0, 'prev_value': 1, 'change': -1, 'player_num': 1}
2025-10-12 14:21:56,371 : EventManager : Event: ======'player_shot_I'====== Args={'value': 0, 'prev_value': 1, 'change': -1, 'player_num': 1}
2025-10-12 14:21:56,371 : EventManager : Event: ======'player_shot_M'====== Args={'value': 0, 'prev_value': 1, 'change': -1, 'player_num': 1}
2025-10-12 14:21:56,371 : EventManager : Event: ======'player_shot_E'====== Args={'value': 0, 'prev_value': 1, 'change': -1, 'player_num': 1}
2025-10-12 14:21:56,372 : EventManager : Event: ======'player_score'====== Args={'value': 803500, 'prev_value': 403500, 'change': 400000, 'player_num': 1}
2025-10-12 14:21:56,372 : EventManager : Event: ======'sounds_play'====== Args={'settings': {'time': {'action': 'play', 'loops': None, 'priority': None, 'block': False, 'delay': None, 'track': None, 'volume': None, 'ducking': {}, 'pan': None, 'start_at': None, 'fade_in': None, 'fade_out': None, 'about_to_finish_time': -1.0, 'max_queue_time': -1.0, 'events_when_played': ['use_sound_setting'], 'events_when_stopped': ['use_sound_setting'], 'events_when_looping': ['use_sound_setting'], 'events_when_about_to_finish': ['use_sound_setting'], 'mode_end_action': 'use_sound_setting', 'key': 'use_sound_setting'}}, 'context': 'base', 'calling_context': 'TIME_droptargets_lit_complete', 'priority': 100}
2025-10-12 14:21:56,372 : EventManager : Event: ======'player_score'====== Args={'value': 804000, 'prev_value': 803500, 'change': 500, 'player_num': 1}
2025-10-12 14:21:57,625 : EventManager : Event: ======'machine_var_audits_switches_s_T'====== Args={'value': 120, 'prev_value': 119, 'change': 1}
2025-10-12 14:21:57,637 : EventManager : Event: ======'player_shot_T'====== Args={'value': 1, 'prev_value': 0, 'change': 1, 'player_num': 1}
2025-10-12 14:21:57,637 : EventManager : Event: ======'machine_var_audits_shots_T'====== Args={'value': 116, 'prev_value': 115, 'change': 1}
2025-10-12 14:21:57,637 : EventManager : Event: ======'player_score'====== Args={'value': 804500, 'prev_value': 804000, 'change': 500, 'player_num': 1}
2025-10-12 14:21:58,239 : EventManager : Event: ======'machine_var_audits_switches_s_I'====== Args={'value': 116, 'prev_value': 115, 'change': 1}
2025-10-12 14:21:58,251 : EventManager : Event: ======'player_shot_I'====== Args={'value': 1, 'prev_value': 0, 'change': 1, 'player_num': 1}
2025-10-12 14:21:58,251 : EventManager : Event: ======'machine_var_audits_shots_I'====== Args={'value': 112, 'prev_value': 111, 'change': 1}
2025-10-12 14:21:58,251 : EventManager : Event: ======'player_score'====== Args={'value': 805000, 'prev_value': 804500, 'change': 500, 'player_num': 1}
2025-10-12 14:21:58,796 : EventManager : Event: ======'machine_var_audits_switches_s_M'====== Args={'value': 116, 'prev_value': 115, 'change': 1}
2025-10-12 14:21:58,796 : EventManager : Event: ======'player_shot_M'====== Args={'value': 1, 'prev_value': 0, 'change': 1, 'player_num': 1}
2025-10-12 14:21:58,796 : EventManager : Event: ======'machine_var_audits_shots_M'====== Args={'value': 112, 'prev_value': 111, 'change': 1}
2025-10-12 14:21:58,796 : EventManager : Event: ======'player_score'====== Args={'value': 805500, 'prev_value': 805000, 'change': 500, 'player_num': 1}
2025-10-12 14:21:59,259 : EventManager : Event: ======'machine_var_audits_switches_s_E'====== Args={'value': 119, 'prev_value': 118, 'change': 1}
2025-10-12 14:21:59,284 : EventManager : Event: ======'player_shot_E'====== Args={'value': 1, 'prev_value': 0, 'change': 1, 'player_num': 1}
2025-10-12 14:21:59,284 : EventManager : Event: ======'machine_var_audits_shots_E'====== Args={'value': 115, 'prev_value': 114, 'change': 1}
2025-10-12 14:21:59,284 : EventManager : Event: ======'player_shot_T'====== Args={'value': 0, 'prev_value': 1, 'change': -1, 'player_num': 1}
2025-10-12 14:21:59,284 : EventManager : Event: ======'player_shot_I'====== Args={'value': 0, 'prev_value': 1, 'change': -1, 'player_num': 1}
2025-10-12 14:21:59,284 : EventManager : Event: ======'player_shot_M'====== Args={'value': 0, 'prev_value': 1, 'change': -1, 'player_num': 1}
2025-10-12 14:21:59,284 : EventManager : Event: ======'player_shot_E'====== Args={'value': 0, 'prev_value': 1, 'change': -1, 'player_num': 1}
2025-10-12 14:21:59,285 : EventManager : Event: ======'player_score'====== Args={'value': 1205500, 'prev_value': 805500, 'change': 400000, 'player_num': 1}
2025-10-12 14:21:59,285 : EventManager : Event: ======'sounds_play'====== Args={'settings': {'time': {'action': 'play', 'loops': None, 'priority': None, 'block': False, 'delay': None, 'track': None, 'volume': None, 'ducking': {}, 'pan': None, 'start_at': None, 'fade_in': None, 'fade_out': None, 'about_to_finish_time': -1.0, 'max_queue_time': -1.0, 'events_when_played': ['use_sound_setting'], 'events_when_stopped': ['use_sound_setting'], 'events_when_looping': ['use_sound_setting'], 'events_when_about_to_finish': ['use_sound_setting'], 'mode_end_action': 'use_sound_setting', 'key': 'use_sound_setting'}}, 'context': 'base', 'calling_context': 'TIME_droptargets_lit_complete', 'priority': 100}
2025-10-12 14:21:59,285 : EventManager : Event: ======'player_shot_right_standup_enabled'====== Args={'value': True, 'prev_value': 0, 'change': 1, 'player_num': 1}
2025-10-12 14:21:59,285 : EventManager : Event: ======'player_score'====== Args={'value': 1206000, 'prev_value': 1205500, 'change': 500, 'player_num': 1}
2025-10-12 14:21:59,285 : EventManager : Event: ======'slides_play'====== Args={'settings': {'special_startup': {'widgets': [{'type': 'text', 'text': 'ESPECIAL ACESO!!!!', 'font_size': 20, 'y': '60%', '_default_settings': ['type', 'text', 'font_size', 'y'], 'x': None, 'anchor_x': 'center', 'anchor_y': 'center', 'round_anchor_x': None, 'round_anchor_y': None, 'opacity': 1.0, 'z': 0, 'reset_animations_events': {}, 'color': [1.0, 1.0, 1.0, 1.0], 'style': [], 'adjust_top': 0, 'adjust_bottom': 0, 'adjust_left': 0, 'adjust_right': 0, 'expire': None, 'key': None, 'widget': None, 'events_when_added': [], 'events_when_removed': [], 'bitmap_font': False, 'font_kerning': True, 'bold': False, 'italic': False, 'number_grouping': False, 'min_digits': 0, 'halign': 'center', 'valign': 'middle', 'rotation': 0, 'scale': 1.0, 'casing': None, 'outline_color': [1.0, 1.0, 1.0, 1.0], 'outline_width': 0, 'animations': None}], 'target': None, 'background_color': [0.0, 0.0, 0.0, 1.0], 'priority': None, 'show': True, 'force': False, 'expire': None, 'slide': None, 'tokens': {}, 'action': 'play'}}, 'context': 'show_43', 'calling_context': 0, 'priority': 500, 'show_tokens': {}, 'start_time': 73216.937}
2025-10-12 14:21:59,287 : mpfmc : SlidePlayer: Play called with settings={'special_startup': {'widgets': [{'type': 'text', 'text': 'ESPECIAL ACESO!!!!', 'font_size': 20, 'y': '60%', '_default_settings': ['type', 'text', 'font_size', 'y'], 'x': None, 'anchor_x': 'center', 'anchor_y': 'center', 'round_anchor_x': None, 'round_anchor_y': None, 'opacity': 1.0, 'z': 0, 'reset_animations_events': {}, 'color': [1.0, 1.0, 1.0, 1.0], 'style': [], 'adjust_top': 0, 'adjust_bottom': 0, 'adjust_left': 0, 'adjust_right': 0, 'expire': None, 'key': None, 'widget': None, 'events_when_added': [], 'events_when_removed': [], 'bitmap_font': False, 'font_kerning': True, 'bold': False, 'italic': False, 'number_grouping': False, 'min_digits': 0, 'halign': 'center', 'valign': 'middle', 'rotation': 0, 'scale': 1.0, 'casing': None, 'outline_color': [1.0, 1.0, 1.0, 1.0], 'outline_width': 0, 'animations': None}], 'target': None, 'background_color': [0.0, 0.0, 0.0, 1.0], 'priority': None, 'show': True, 'force': False, 'expire': None, 'slide': None, 'tokens': {}, 'action': 'play'}}
2025-10-12 14:21:59,290 : EventManager : Event: ======'slide_special_startup_created'====== Args={}
2025-10-12 14:21:59,291 : EventManager : Event: ======'slide_special_startup_active'====== Args={}
2025-10-12 14:22:08,140 : EventManager : Event: ======'machine_var_audits_switches_s_right_standup'====== Args={'value': 112, 'prev_value': 111, 'change': 1}
2025-10-12 14:22:08,152 : EventManager : Event: ======'player_shot_right_standup'====== Args={'value': 1, 'prev_value': 0, 'change': 1, 'player_num': 1}
2025-10-12 14:22:08,152 : EventManager : Event: ======'machine_var_audits_shots_right_standup'====== Args={'value': 18, 'prev_value': 17, 'change': 1}
2025-10-12 14:22:08,152 : EventManager : Event: ======'player_score'====== Args={'value': 2206000, 'prev_value': 1206000, 'change': 1000000, 'player_num': 1}
2025-10-12 14:22:08,152 : EventManager : Event: ======'slides_clear'====== Args={'context': 'show_43'}
2025-10-12 14:22:08,153 : EventManager : Event: ======'slide_special_startup_removed'====== Args={}
2025-10-12 14:22:08,154 : EventManager : Event: ======'slide_base.slide_player-mode_base_started_active'====== Args={}
2025-10-12 14:22:14,851 : EventManager : Event: ======'machine_var_audits_switches_s_bumper2'====== Args={'value': 592, 'prev_value': 591, 'change': 1}
2025-10-12 14:22:14,888 : EventManager : Event: ======'player_shot_jets'====== Args={'value': 1, 'prev_value': 0, 'change': 1, 'player_num': 1}
2025-10-12 14:22:14,888 : EventManager : Event: ======'machine_var_audits_shots_jets'====== Args={'value': 706, 'prev_value': 705, 'change': 1}
2025-10-12 14:22:14,888 : EventManager : Event: ======'player_shot_bumper2_shot'====== Args={'value': 1, 'prev_value': 0, 'change': 1, 'player_num': 1}
2025-10-12 14:22:14,888 : EventManager : Event: ======'machine_var_audits_shots_bumper2_shot'====== Args={'value': 588, 'prev_value': 587, 'change': 1}
2025-10-12 14:22:14,889 : EventManager : Event: ======'player_score'====== Args={'value': 2206100, 'prev_value': 2206000, 'change': 100, 'player_num': 1}
2025-10-12 14:22:16,857 : EventManager : Event: ======'machine_var_audits_switches_s_bumper1'====== Args={'value': 178, 'prev_value': 177, 'change': 1}
2025-10-12 14:22:16,882 : EventManager : Event: ======'machine_var_audits_shots_jets'====== Args={'value': 707, 'prev_value': 706, 'change': 1}
2025-10-12 14:22:16,882 : EventManager : Event: ======'player_shot_bumper1_shot'====== Args={'value': 1, 'prev_value': 0, 'change': 1, 'player_num': 1}
2025-10-12 14:22:16,882 : EventManager : Event: ======'machine_var_audits_shots_bumper1_shot'====== Args={'value': 178, 'prev_value': 177, 'change': 1}
2025-10-12 14:22:16,883 : EventManager : Event: ======'player_score'====== Args={'value': 2206200, 'prev_value': 2206100, 'change': 100, 'player_num': 1}
2025-10-12 14:22:17,240 : EventManager : Event: ======'machine_var_audits_switches_s_bumper1'====== Args={'value': 179, 'prev_value': 178, 'change': 1}
2025-10-12 14:22:17,253 : EventManager : Event: ======'machine_var_audits_shots_jets'====== Args={'value': 708, 'prev_value': 707, 'change': 1}
2025-10-12 14:22:17,253 : EventManager : Event: ======'machine_var_audits_shots_bumper1_shot'====== Args={'value': 179, 'prev_value': 178, 'change': 1}
2025-10-12 14:22:17,253 : EventManager : Event: ======'player_score'====== Args={'value': 2206300, 'prev_value': 2206200, 'change': 100, 'player_num': 1}
2025-10-12 14:22:17,472 : EventManager : Event: ======'machine_var_audits_switches_s_bumper1'====== Args={'value': 180, 'prev_value': 179, 'change': 1}
2025-10-12 14:22:17,484 : EventManager : Event: ======'machine_var_audits_shots_jets'====== Args={'value': 709, 'prev_value': 708, 'change': 1}
2025-10-12 14:22:17,484 : EventManager : Event: ======'machine_var_audits_shots_bumper1_shot'====== Args={'value': 180, 'prev_value': 179, 'change': 1}
2025-10-12 14:22:17,484 : EventManager : Event: ======'player_score'====== Args={'value': 2206400, 'prev_value': 2206300, 'change': 100, 'player_num': 1}
2025-10-12 14:22:17,767 : EventManager : Event: ======'machine_var_audits_switches_s_bumper1'====== Args={'value': 181, 'prev_value': 180, 'change': 1}
2025-10-12 14:22:17,779 : EventManager : Event: ======'machine_var_audits_shots_jets'====== Args={'value': 710, 'prev_value': 709, 'change': 1}
2025-10-12 14:22:17,779 : EventManager : Event: ======'machine_var_audits_shots_bumper1_shot'====== Args={'value': 181, 'prev_value': 180, 'change': 1}
2025-10-12 14:22:17,779 : EventManager : Event: ======'player_score'====== Args={'value': 2206500, 'prev_value': 2206400, 'change': 100, 'player_num': 1}
2025-10-12 14:22:18,025 : EventManager : Event: ======'machine_var_audits_switches_s_bumper1'====== Args={'value': 182, 'prev_value': 181, 'change': 1}
2025-10-12 14:22:18,025 : EventManager : Event: ======'machine_var_audits_shots_jets'====== Args={'value': 711, 'prev_value': 710, 'change': 1}
2025-10-12 14:22:18,025 : EventManager : Event: ======'machine_var_audits_shots_bumper1_shot'====== Args={'value': 182, 'prev_value': 181, 'change': 1}
2025-10-12 14:22:18,025 : EventManager : Event: ======'player_score'====== Args={'value': 2206600, 'prev_value': 2206500, 'change': 100, 'player_num': 1}
2025-10-12 14:22:18,231 : EventManager : Event: ======'machine_var_audits_switches_s_bumper1'====== Args={'value': 183, 'prev_value': 182, 'change': 1}
2025-10-12 14:22:18,231 : EventManager : Event: ======'machine_var_audits_shots_jets'====== Args={'value': 712, 'prev_value': 711, 'change': 1}
2025-10-12 14:22:18,231 : EventManager : Event: ======'machine_var_audits_shots_bumper1_shot'====== Args={'value': 183, 'prev_value': 182, 'change': 1}
2025-10-12 14:22:18,231 : EventManager : Event: ======'player_score'====== Args={'value': 2206700, 'prev_value': 2206600, 'change': 100, 'player_num': 1}
2025-10-12 14:22:18,438 : EventManager : Event: ======'machine_var_audits_switches_s_bumper1'====== Args={'value': 184, 'prev_value': 183, 'change': 1}
2025-10-12 14:22:18,438 : EventManager : Event: ======'machine_var_audits_shots_jets'====== Args={'value': 713, 'prev_value': 712, 'change': 1}
2025-10-12 14:22:18,438 : EventManager : Event: ======'machine_var_audits_shots_bumper1_shot'====== Args={'value': 184, 'prev_value': 183, 'change': 1}
2025-10-12 14:22:18,438 : EventManager : Event: ======'player_score'====== Args={'value': 2206800, 'prev_value': 2206700, 'change': 100, 'player_num': 1}
2025-10-12 14:22:18,722 : EventManager : Event: ======'machine_var_audits_switches_s_bumper1'====== Args={'value': 185, 'prev_value': 184, 'change': 1}
2025-10-12 14:22:18,722 : EventManager : Event: ======'machine_var_audits_shots_jets'====== Args={'value': 714, 'prev_value': 713, 'change': 1}
2025-10-12 14:22:18,722 : EventManager : Event: ======'machine_var_audits_shots_bumper1_shot'====== Args={'value': 185, 'prev_value': 184, 'change': 1}
2025-10-12 14:22:18,722 : EventManager : Event: ======'player_score'====== Args={'value': 2206900, 'prev_value': 2206800, 'change': 100, 'player_num': 1}
2025-10-12 14:22:19,006 : EventManager : Event: ======'machine_var_audits_switches_s_bumper1'====== Args={'value': 186, 'prev_value': 185, 'change': 1}
2025-10-12 14:22:19,031 : EventManager : Event: ======'machine_var_audits_shots_jets'====== Args={'value': 715, 'prev_value': 714, 'change': 1}
2025-10-12 14:22:19,031 : EventManager : Event: ======'machine_var_audits_shots_bumper1_shot'====== Args={'value': 186, 'prev_value': 185, 'change': 1}
2025-10-12 14:22:19,031 : EventManager : Event: ======'player_score'====== Args={'value': 2207000, 'prev_value': 2206900, 'change': 100, 'player_num': 1}
2025-10-12 14:22:19,032 : EventManager : Event: ======'slides_play'====== Args={'settings': {'super_jets_startup': {'widgets': [{'type': 'text', 'text': 'SUPER JETS', 'font_size': 20, 'y': '60%', '_default_settings': ['type', 'text', 'font_size', 'y'], 'x': None, 'anchor_x': 'center', 'anchor_y': 'center', 'round_anchor_x': None, 'round_anchor_y': None, 'opacity': 1.0, 'z': 0, 'reset_animations_events': {}, 'color': [1.0, 1.0, 1.0, 1.0], 'style': [], 'adjust_top': 0, 'adjust_bottom': 0, 'adjust_left': 0, 'adjust_right': 0, 'expire': None, 'key': None, 'widget': None, 'events_when_added': [], 'events_when_removed': [], 'bitmap_font': False, 'font_kerning': True, 'bold': False, 'italic': False, 'number_grouping': False, 'min_digits': 0, 'halign': 'center', 'valign': 'middle', 'rotation': 0, 'scale': 1.0, 'casing': None, 'outline_color': [1.0, 1.0, 1.0, 1.0], 'outline_width': 0, 'animations': None}], 'target': None, 'background_color': [0.0, 0.0, 0.0, 1.0], 'priority': None, 'show': True, 'force': False, 'expire': None, 'slide': None, 'tokens': {}, 'action': 'play'}}, 'context': 'show_50', 'calling_context': 0, 'priority': 300, 'show_tokens': {}, 'start_time': 73236.671}
2025-10-12 14:22:19,032 : EventManager : Event: ======'player_sj_active'====== Args={'value': 1, 'prev_value': 0, 'change': 1, 'player_num': 1}
2025-10-12 14:22:19,033 : mpfmc : SlidePlayer: Play called with settings={'super_jets_startup': {'widgets': [{'type': 'text', 'text': 'SUPER JETS', 'font_size': 20, 'y': '60%', '_default_settings': ['type', 'text', 'font_size', 'y'], 'x': None, 'anchor_x': 'center', 'anchor_y': 'center', 'round_anchor_x': None, 'round_anchor_y': None, 'opacity': 1.0, 'z': 0, 'reset_animations_events': {}, 'color': [1.0, 1.0, 1.0, 1.0], 'style': [], 'adjust_top': 0, 'adjust_bottom': 0, 'adjust_left': 0, 'adjust_right': 0, 'expire': None, 'key': None, 'widget': None, 'events_when_added': [], 'events_when_removed': [], 'bitmap_font': False, 'font_kerning': True, 'bold': False, 'italic': False, 'number_grouping': False, 'min_digits': 0, 'halign': 'center', 'valign': 'middle', 'rotation': 0, 'scale': 1.0, 'casing': None, 'outline_color': [1.0, 1.0, 1.0, 1.0], 'outline_width': 0, 'animations': None}], 'target': None, 'background_color': [0.0, 0.0, 0.0, 1.0], 'priority': None, 'show': True, 'force': False, 'expire': None, 'slide': None, 'tokens': {}, 'action': 'play'}}
2025-10-12 14:22:19,038 : EventManager : Event: ======'slide_super_jets_startup_created'====== Args={}
2025-10-12 14:22:19,039 : EventManager : Event: ======'slide_super_jets_startup_active'====== Args={}
2025-10-12 14:22:21,002 : EventManager : Event: ======'slides_clear'====== Args={'context': 'show_50'}
2025-10-12 14:22:21,003 : EventManager : Event: ======'slide_super_jets_startup_removed'====== Args={}
2025-10-12 14:22:21,004 : EventManager : Event: ======'slide_base.slide_player-mode_base_started_active'====== Args={}
2025-10-12 14:22:22,447 : EventManager : Event: ======'machine_var_audits_switches_s_bumper1'====== Args={'value': 187, 'prev_value': 186, 'change': 1}
2025-10-12 14:22:22,472 : EventManager : Event: ======'player_score'====== Args={'value': 5207000, 'prev_value': 2207000, 'change': 3000000, 'player_num': 1}
2025-10-12 14:22:22,472 : EventManager : Event: ======'machine_var_audits_shots_jets'====== Args={'value': 716, 'prev_value': 715, 'change': 1}
2025-10-12 14:22:22,472 : EventManager : Event: ======'machine_var_audits_shots_bumper1_shot'====== Args={'value': 187, 'prev_value': 186, 'change': 1}
2025-10-12 14:22:22,473 : EventManager : Event: ======'player_score'====== Args={'value': 5207100, 'prev_value': 5207000, 'change': 100, 'player_num': 1}
2025-10-12 14:22:22,964 : EventManager : Event: ======'machine_var_audits_switches_s_bumper1'====== Args={'value': 188, 'prev_value': 187, 'change': 1}
2025-10-12 14:22:22,964 : EventManager : Event: ======'player_score'====== Args={'value': 8207100, 'prev_value': 5207100, 'change': 3000000, 'player_num': 1}
2025-10-12 14:22:22,964 : EventManager : Event: ======'machine_var_audits_shots_jets'====== Args={'value': 717, 'prev_value': 716, 'change': 1}
2025-10-12 14:22:22,964 : EventManager : Event: ======'machine_var_audits_shots_bumper1_shot'====== Args={'value': 188, 'prev_value': 187, 'change': 1}
2025-10-12 14:22:22,964 : EventManager : Event: ======'player_score'====== Args={'value': 8207200, 'prev_value': 8207100, 'change': 100, 'player_num': 1}
2025-10-12 14:22:23,272 : EventManager : Event: ======'machine_var_audits_switches_s_bumper1'====== Args={'value': 189, 'prev_value': 188, 'change': 1}
2025-10-12 14:22:23,297 : EventManager : Event: ======'player_score'====== Args={'value': 11207200, 'prev_value': 8207200, 'change': 3000000, 'player_num': 1}
2025-10-12 14:22:23,297 : EventManager : Event: ======'machine_var_audits_shots_jets'====== Args={'value': 718, 'prev_value': 717, 'change': 1}
2025-10-12 14:22:23,297 : EventManager : Event: ======'machine_var_audits_shots_bumper1_shot'====== Args={'value': 189, 'prev_value': 188, 'change': 1}
2025-10-12 14:22:23,298 : EventManager : Event: ======'player_score'====== Args={'value': 11207300, 'prev_value': 11207200, 'change': 100, 'player_num': 1}
2025-10-12 14:22:23,606 : EventManager : Event: ======'machine_var_audits_switches_s_bumper1'====== Args={'value': 190, 'prev_value': 189, 'change': 1}
2025-10-12 14:22:23,618 : EventManager : Event: ======'player_score'====== Args={'value': 14207300, 'prev_value': 11207300, 'change': 3000000, 'player_num': 1}
2025-10-12 14:22:23,618 : EventManager : Event: ======'machine_var_audits_shots_jets'====== Args={'value': 719, 'prev_value': 718, 'change': 1}
2025-10-12 14:22:23,618 : EventManager : Event: ======'machine_var_audits_shots_bumper1_shot'====== Args={'value': 190, 'prev_value': 189, 'change': 1}
2025-10-12 14:22:23,618 : EventManager : Event: ======'player_score'====== Args={'value': 14207400, 'prev_value': 14207300, 'change': 100, 'player_num': 1}
2025-10-12 14:22:23,991 : EventManager : Event: ======'machine_var_audits_switches_s_bumper1'====== Args={'value': 191, 'prev_value': 190, 'change': 1}
2025-10-12 14:22:23,991 : EventManager : Event: ======'player_score'====== Args={'value': 17207400, 'prev_value': 14207400, 'change': 3000000, 'player_num': 1}
2025-10-12 14:22:23,991 : EventManager : Event: ======'machine_var_audits_shots_jets'====== Args={'value': 720, 'prev_value': 719, 'change': 1}
2025-10-12 14:22:23,991 : EventManager : Event: ======'machine_var_audits_shots_bumper1_shot'====== Args={'value': 191, 'prev_value': 190, 'change': 1}
2025-10-12 14:22:23,991 : EventManager : Event: ======'player_score'====== Args={'value': 17207500, 'prev_value': 17207400, 'change': 100, 'player_num': 1}
2025-10-12 14:22:26,163 : EventManager : Event: ======'machine_var_audits_switches_s_trough1'====== Args={'value': 256, 'prev_value': 255, 'change': 1}
2025-10-12 14:22:26,665 : EventManager : Event: ======'slides_clear'====== Args={'context': 'base'}
2025-10-12 14:22:26,665 : EventManager : Event: ======'sounds_clear'====== Args={'context': 'base'}
2025-10-12 14:22:26,665 : EventManager : Event: ======'slide_base.slide_player-mode_base_started_removed'====== Args={}
2025-10-12 14:22:26,665 : EventManager : Event: ======'sounds_play'====== Args={'settings': {'mode': {'action': 'stop', 'priority': None, 'block': False, 'delay': None, 'track': None, 'volume': None, 'ducking': {}, 'pan': None, 'loops': None, 'start_at': None, 'fade_in': None, 'fade_out': None, 'about_to_finish_time': -1.0, 'max_queue_time': -1.0, 'events_when_played': ['use_sound_setting'], 'events_when_stopped': ['use_sound_setting'], 'events_when_looping': ['use_sound_setting'], 'events_when_about_to_finish': ['use_sound_setting'], 'mode_end_action': 'use_sound_setting', 'key': 'use_sound_setting'}}, 'context': '_global', 'calling_context': 'mode_base_stopped', 'priority': 0}
2025-10-12 14:22:26,666 : EventManager : Event: ======'slide_window_blank_active'====== Args={}
2025-10-12 14:22:26,715 : EventManager : Event: ======'player_ball'====== Args={'value': 2, 'prev_value': 1, 'change': 1, 'player_num': 1}
2025-10-12 14:22:26,765 : EventManager : Event: ======'slides_play'====== Args={'settings': {'widgets': {'widgets': [{'type': 'text', 'text': '(score)', 'number_grouping': True, 'min_digits': 2, 'font_size': 100, '_default_settings': ['type', 'text', 'number_grouping', 'min_digits', 'font_size'], 'x': None, 'y': None, 'anchor_x': 'center', 'anchor_y': 'center', 'round_anchor_x': None, 'round_anchor_y': None, 'opacity': 1.0, 'z': 0, 'reset_animations_events': {}, 'color': [1.0, 1.0, 1.0, 1.0], 'style': [], 'adjust_top': 0, 'adjust_bottom': 0, 'adjust_left': 0, 'adjust_right': 0, 'expire': None, 'key': None, 'widget': None, 'events_when_added': [], 'events_when_removed': [], 'bitmap_font': False, 'font_kerning': True, 'bold': False, 'italic': False, 'halign': 'center', 'valign': 'middle', 'rotation': 0, 'scale': 1.0, 'casing': None, 'outline_color': [1.0, 1.0, 1.0, 1.0], 'outline_width': 0, 'animations': None}, {'type': 'text', 'text': 'PLAYER (number)', 'y': '10', 'x': '10', 'font_size': 50, 'anchor_x': 'left', 'anchor_y': 'bottom', '_default_settings': ['type', 'text', 'y', 'x', 'font_size', 'anchor_x', 'anchor_y'], 'round_anchor_x': None, 'round_anchor_y': None, 'opacity': 1.0, 'z': 0, 'reset_animations_events': {}, 'color': [1.0, 1.0, 1.0, 1.0], 'style': [], 'adjust_top': 0, 'adjust_bottom': 0, 'adjust_left': 0, 'adjust_right': 0, 'expire': None, 'key': None, 'widget': None, 'events_when_added': [], 'events_when_removed': [], 'bitmap_font': False, 'font_kerning': True, 'bold': False, 'italic': False, 'number_grouping': False, 'min_digits': 0, 'halign': 'center', 'valign': 'middle', 'rotation': 0, 'scale': 1.0, 'casing': None, 'outline_color': [1.0, 1.0, 1.0, 1.0], 'outline_width': 0, 'animations': None}, {'type': 'text', 'text': 'BALL (ball)', 'y': '10', 'x': 'right-10', 'anchor_x': 'right', 'anchor_y': 'bottom', 'font_size': 50, '_default_settings': ['type', 'text', 'y', 'x', 'anchor_x', 'anchor_y', 'font_size'], 'round_anchor_x': None, 'round_anchor_y': None, 'opacity': 1.0, 'z': 0, 'reset_animations_events': {}, 'color': [1.0, 1.0, 1.0, 1.0], 'style': [], 'adjust_top': 0, 'adjust_bottom': 0, 'adjust_left': 0, 'adjust_right': 0, 'expire': None, 'key': None, 'widget': None, 'events_when_added': [], 'events_when_removed': [], 'bitmap_font': False, 'font_kerning': True, 'bold': False, 'italic': False, 'number_grouping': False, 'min_digits': 0, 'halign': 'center', 'valign': 'middle', 'rotation': 0, 'scale': 1.0, 'casing': None, 'outline_color': [1.0, 1.0, 1.0, 1.0], 'outline_width': 0, 'animations': None}, {'type': 'text', 'text': 'POTATO VALUE: (potato)', 'y': '40%', '_default_settings': ['type', 'text', 'y'], 'x': None, 'anchor_x': 'center', 'anchor_y': 'center', 'round_anchor_x': None, 'round_anchor_y': None, 'opacity': 1.0, 'z': 0, 'reset_animations_events': {}, 'color': [1.0, 1.0, 1.0, 1.0], 'style': [], 'adjust_top': 0, 'adjust_bottom': 0, 'adjust_left': 0, 'adjust_right': 0, 'expire': None, 'key': None, 'widget': None, 'events_when_added': [], 'events_when_removed': [], 'font_size': 15, 'bitmap_font': False, 'font_kerning': True, 'bold': False, 'italic': False, 'number_grouping': False, 'min_digits': 0, 'halign': 'center', 'valign': 'middle', 'rotation': 0, 'scale': 1.0, 'casing': None, 'outline_color': [1.0, 1.0, 1.0, 1.0], 'outline_width': 0, 'animations': None}], 'target': None, 'background_color': [0.0, 0.0, 0.0, 1.0], 'priority': None, 'show': True, 'force': False, 'expire': None, 'slide': None, 'tokens': {}, 'action': 'play'}}, 'context': 'base', 'calling_context': 'mode_base_started', 'priority': 100, 'player': 1, 'ball': 2, 'balls_remaining': 1, 'is_extra_ball': False}
2025-10-12 14:22:26,765 : EventManager : Event: ======'sounds_play'====== Args={'settings': {'mode': {'action': 'play', 'loops': -1, 'priority': None, 'block': False, 'delay': None, 'track': None, 'volume': None, 'ducking': {}, 'pan': None, 'start_at': None, 'fade_in': None, 'fade_out': None, 'about_to_finish_time': -1.0, 'max_queue_time': -1.0, 'events_when_played': ['use_sound_setting'], 'events_when_stopped': ['use_sound_setting'], 'events_when_looping': ['use_sound_setting'], 'events_when_about_to_finish': ['use_sound_setting'], 'mode_end_action': 'use_sound_setting', 'key': 'use_sound_setting'}}, 'context': '_global', 'calling_context': 'mode_base_started', 'priority': 0, 'player': 1, 'ball': 2, 'balls_remaining': 1, 'is_extra_ball': False}
2025-10-12 14:22:26,765 : mpfmc : SlidePlayer: Play called with settings={'widgets': {'widgets': [{'type': 'text', 'text': '(score)', 'number_grouping': True, 'min_digits': 2, 'font_size': 100, '_default_settings': ['type', 'text', 'number_grouping', 'min_digits', 'font_size'], 'x': None, 'y': None, 'anchor_x': 'center', 'anchor_y': 'center', 'round_anchor_x': None, 'round_anchor_y': None, 'opacity': 1.0, 'z': 0, 'reset_animations_events': {}, 'color': [1.0, 1.0, 1.0, 1.0], 'style': [], 'adjust_top': 0, 'adjust_bottom': 0, 'adjust_left': 0, 'adjust_right': 0, 'expire': None, 'key': None, 'widget': None, 'events_when_added': [], 'events_when_removed': [], 'bitmap_font': False, 'font_kerning': True, 'bold': False, 'italic': False, 'halign': 'center', 'valign': 'middle', 'rotation': 0, 'scale': 1.0, 'casing': None, 'outline_color': [1.0, 1.0, 1.0, 1.0], 'outline_width': 0, 'animations': None}, {'type': 'text', 'text': 'PLAYER (number)', 'y': '10', 'x': '10', 'font_size': 50, 'anchor_x': 'left', 'anchor_y': 'bottom', '_default_settings': ['type', 'text', 'y', 'x', 'font_size', 'anchor_x', 'anchor_y'], 'round_anchor_x': None, 'round_anchor_y': None, 'opacity': 1.0, 'z': 0, 'reset_animations_events': {}, 'color': [1.0, 1.0, 1.0, 1.0], 'style': [], 'adjust_top': 0, 'adjust_bottom': 0, 'adjust_left': 0, 'adjust_right': 0, 'expire': None, 'key': None, 'widget': None, 'events_when_added': [], 'events_when_removed': [], 'bitmap_font': False, 'font_kerning': True, 'bold': False, 'italic': False, 'number_grouping': False, 'min_digits': 0, 'halign': 'center', 'valign': 'middle', 'rotation': 0, 'scale': 1.0, 'casing': None, 'outline_color': [1.0, 1.0, 1.0, 1.0], 'outline_width': 0, 'animations': None}, {'type': 'text', 'text': 'BALL (ball)', 'y': '10', 'x': 'right-10', 'anchor_x': 'right', 'anchor_y': 'bottom', 'font_size': 50, '_default_settings': ['type', 'text', 'y', 'x', 'anchor_x', 'anchor_y', 'font_size'], 'round_anchor_x': None, 'round_anchor_y': None, 'opacity': 1.0, 'z': 0, 'reset_animations_events': {}, 'color': [1.0, 1.0, 1.0, 1.0], 'style': [], 'adjust_top': 0, 'adjust_bottom': 0, 'adjust_left': 0, 'adjust_right': 0, 'expire': None, 'key': None, 'widget': None, 'events_when_added': [], 'events_when_removed': [], 'bitmap_font': False, 'font_kerning': True, 'bold': False, 'italic': False, 'number_grouping': False, 'min_digits': 0, 'halign': 'center', 'valign': 'middle', 'rotation': 0, 'scale': 1.0, 'casing': None, 'outline_color': [1.0, 1.0, 1.0, 1.0], 'outline_width': 0, 'animations': None}, {'type': 'text', 'text': 'POTATO VALUE: (potato)', 'y': '40%', '_default_settings': ['type', 'text', 'y'], 'x': None, 'anchor_x': 'center', 'anchor_y': 'center', 'round_anchor_x': None, 'round_anchor_y': None, 'opacity': 1.0, 'z': 0, 'reset_animations_events': {}, 'color': [1.0, 1.0, 1.0, 1.0], 'style': [], 'adjust_top': 0, 'adjust_bottom': 0, 'adjust_left': 0, 'adjust_right': 0, 'expire': None, 'key': None, 'widget': None, 'events_when_added': [], 'events_when_removed': [], 'font_size': 15, 'bitmap_font': False, 'font_kerning': True, 'bold': False, 'italic': False, 'number_grouping': False, 'min_digits': 0, 'halign': 'center', 'valign': 'middle', 'rotation': 0, 'scale': 1.0, 'casing': None, 'outline_color': [1.0, 1.0, 1.0, 1.0], 'outline_width': 0, 'animations': None}], 'target': None, 'background_color': [0.0, 0.0, 0.0, 1.0], 'priority': None, 'show': True, 'force': False, 'expire': None, 'slide': None, 'tokens': {}, 'action': 'play'}}
2025-10-12 14:22:26,773 : EventManager : Event: ======'slide_base.slide_player-mode_base_started_created'====== Args={}
2025-10-12 14:22:26,775 : EventManager : Event: ======'slide_base.slide_player-mode_base_started_active'====== Args={}
2025-10-12 14:22:26,894 : EventManager : Event: ======'machine_var_audits_switches_s_plunger'====== Args={'value': 412, 'prev_value': 411, 'change': 1}
2025-10-12 14:25:52,445 : kivy : Base: Leaving application in progress...
2025-10-12 14:25:52,463 : mpfmc : Stopping...
2025-10-12 14:25:52,463 : EventManager : Event: ======'shutdown'====== Args={}
2025-10-12 14:25:52,463 : AudioInterface : Disabling audio playback
2025-10-12 14:25:52,607 : mpfmc : Loop rate 78.09 Hz
