2025-10-03 17:14:09,023 : kivy : deps: Successfully imported "kivy_deps.gstreamer" 0.3.3
2025-10-03 17:14:09,023 : kivy : deps: Successfully imported "kivy_deps.angle" 0.3.3
2025-10-03 17:14:09,023 : kivy : deps: Successfully imported "kivy_deps.glew" 0.3.1
2025-10-03 17:14:09,023 : kivy : deps: Successfully imported "kivy_deps.sdl2" 0.6.0
2025-10-03 17:14:09,023 : kivy : Kivy: v2.2.1
2025-10-03 17:14:09,023 : kivy : Kivy: Installed at "C:\Users\richa\mpfvirtual4\lib\site-packages\kivy\__init__.py"
2025-10-03 17:14:09,023 : kivy : Python: v3.9.13 (tags/v3.9.13:6de2ca5, May 17 2022, 16:36:42) [MSC v.1929 64 bit (AMD64)]
2025-10-03 17:14:09,024 : kivy : Python: Interpreter at "C:\Users\richa\mpfvirtual4\Scripts\python.exe"
2025-10-03 17:14:09,041 : kivy : Factory: 190 symbols loaded
2025-10-03 17:14:09,247 : kivy : ImageLoaderFFPy: Using ffpyplayer 4.5.0
2025-10-03 17:14:09,247 : kivy : Image: Providers: img_tex, img_dds, img_sdl2, img_pil, img_ffpyplayer 
2025-10-03 17:14:09,406 : kivy : VideoGstplayer: Using Gstreamer 1.18.5.0
2025-10-03 17:14:09,406 : kivy : Video: Provider: gstplayer
2025-10-03 17:14:09,442 : root : Loading MPF-MC controller
2025-10-03 17:14:09,444 : YamlMultifileConfigLoader : Machine config file #1: config
2025-10-03 17:14:09,445 : ConfigProcessor : Config file in cache changed: C:\Users\richa\ttp5\config\config
2025-10-03 17:14:09,445 : ConfigProcessor : Loading config from file C:\Users\richa\mpfvirtual4\lib\site-packages\mpfmc\mcconfig.yaml.
2025-10-03 17:14:09,453 : ConfigProcessor : Loading config: C:\Users\richa\mpfvirtual4\lib\site-packages\mpfmc\mcconfig.yaml
2025-10-03 17:14:09,454 : ConfigProcessor : Loading config from file C:\Users\richa\ttp5\config\config.
2025-10-03 17:14:09,455 : ConfigProcessor : Loading config: C:\Users\richa\ttp5\config\config
2025-10-03 17:14:09,456 : ConfigProcessor : Loading config: C:\Users\richa\ttp5\config\config_ball_devices.yaml
2025-10-03 17:14:09,458 : ConfigProcessor : Loading config: C:\Users\richa\ttp5\config\config_coils.yaml
2025-10-03 17:14:09,459 : ConfigProcessor : Loading config: C:\Users\richa\ttp5\config\config_flippers.yaml
2025-10-03 17:14:09,460 : ConfigProcessor : Loading config: C:\Users\richa\ttp5\config\config_switches.yaml
2025-10-03 17:14:09,462 : ConfigProcessor : Config file cache created: C:\Users\richa\AppData\Local\Temp\dfe03a1c6b87b9e2015d2c57a6076bec.mpf_cache
2025-10-03 17:14:09,462 : ConfigProcessor : Loading config from cache: C:\Users\richa\AppData\Local\Temp\77a998d318c788df5647a1900cedfc56.mpf_cache
2025-10-03 17:14:09,463 : ConfigProcessor : Loading config from cache: C:\Users\richa\AppData\Local\Temp\9c8dea79ca4d15ee886340e992e8cb9d.mpf_cache
2025-10-03 17:14:09,464 : ConfigProcessor : Loading config from cache: C:\Users\richa\AppData\Local\Temp\8ddee2e87a4f178751335e99da00e9c4.mpf_cache
2025-10-03 17:14:09,464 : mpfmc : Mission Pinball Framework Media Controller (MPF-MC) v0.57.0.dev10. Requires MPF v0.57.0.dev19 or newer.
2025-10-03 17:14:09,464 : mpfmc : Found MPF v0.57.0.dev39
2025-10-03 17:14:09,464 : mpfmc : Machine path: C:\Users\richa\ttp5
2025-10-03 17:14:09,465 : mpfmc : Starting clock at 60.0Hz
2025-10-03 17:14:09,478 : kivy : Text: Provider: sdl2
2025-10-03 17:14:09,516 : kivy : Window: Provider: sdl2
2025-10-03 17:14:09,875 : kivy : GL: Using the "OpenGL" graphics system
2025-10-03 17:14:09,885 : kivy : GL: GLEW initialization succeeded
2025-10-03 17:14:09,885 : kivy : GL: Backend used <glew>
2025-10-03 17:14:09,885 : kivy : GL: OpenGL version <b'4.6.0 NVIDIA 560.94'>
2025-10-03 17:14:09,885 : kivy : GL: OpenGL vendor <b'NVIDIA Corporation'>
2025-10-03 17:14:09,885 : kivy : GL: OpenGL renderer <b'NVIDIA GeForce RTX 3050/PCIe/SSE2'>
2025-10-03 17:14:09,885 : kivy : GL: OpenGL parsed version: 4, 6
2025-10-03 17:14:09,885 : kivy : GL: Shading version <b'4.60 NVIDIA'>
2025-10-03 17:14:09,885 : kivy : GL: Texture max size <32768>
2025-10-03 17:14:09,886 : kivy : GL: Texture max units <32>
2025-10-03 17:14:09,903 : kivy : Window: auto add sdl2 input provider
2025-10-03 17:14:09,903 : kivy : Window: virtual keyboard not allowed, single mode, not docked
2025-10-03 17:14:09,913 : SoundSystem : SoundSystem: Using default 'sound_system' settings
2025-10-03 17:14:10,284 : AudioInterface : Initialized
2025-10-03 17:14:10,284 : AudioInterface : Loaded SDL 2.26.4
2025-10-03 17:14:10,284 : AudioInterface : Loaded SDL_Mixer 2.6.3
2025-10-03 17:14:10,284 : AudioInterface : Loaded GStreamer 1.18.5.0
2025-10-03 17:14:10,284 : AudioInterface : Loaded GLib 2.62.6
2025-10-03 17:14:10,284 : AudioInterface : Settings requested - rate: 44100, channels: 1, buffer: 2048 samples
2025-10-03 17:14:10,284 : AudioInterface : Settings in use - rate: 44100, channels: 1, buffer: 2048 samples (4096 bytes @ 2 bytes per sample)
2025-10-03 17:14:10,284 : SoundSystem : No audio tracks are specified in your machine config file. a track named 'default' has been created.
2025-10-03 17:14:10,284 : SoundSystem : Setting master volume to 0.0
2025-10-03 17:14:10,284 : AudioInterface : Enabling audio playback
2025-10-03 17:14:10,286 : kivy : Base: Start application main loop
2025-10-03 17:14:10,287 : EventManager : Event: ======'display_window_initialized'====== Args={}
2025-10-03 17:14:10,300 : mpfmc : Display: Setting 'window' as default display
2025-10-03 17:14:10,306 : EventManager : Event: ======'displays_initialized'====== Args={}
2025-10-03 17:14:10,306 : EventManager : Event: ======'slide_window_blank_created'====== Args={}
2025-10-03 17:14:10,306 : EventManager : Event: ======'display_window_ready'====== Args={}
2025-10-03 17:14:10,314 : EventManager : Event: ======'init_phase_1'====== Args={}
2025-10-03 17:14:10,317 : EventManager : Event: ======'mc_ready'====== Args={}
2025-10-03 17:14:10,317 : EventManager : Event: ======'init_phase_2'====== Args={}
2025-10-03 17:14:10,319 : EventManager : Event: ======'init_phase_3'====== Args={}
2025-10-03 17:14:10,320 : EventManager : Event: ======'init_phase_4'====== Args={}
2025-10-03 17:14:10,320 : EventManager : Event: ======'init_phase_5'====== Args={}
2025-10-03 17:14:10,320 : EventManager : Event: ======'init_done'====== Args={}
2025-10-03 17:14:10,320 : MPF-MC BCP Server : Starting up on localhost port 5050
2025-10-03 17:14:10,323 : MPF-MC BCP Server : Waiting for a connection...
2025-10-03 17:14:10,328 : EventManager : Event: ======'client_disconnected'====== Args={'host': '127.0.0.1', 'port': 5050}
2025-10-03 17:14:11,357 : MPF-MC BCP Server : Received connection from: 127.0.0.1:55825
2025-10-03 17:14:11,358 : EventManager : Event: ======'client_connected'====== Args={'host': '127.0.0.1', 'port': 55825}
2025-10-03 17:14:12,035 : EventManager : Event: ======'machine_var_credits_string'====== Args={'value': 'FREE PLAY', 'prev_value': None, 'change': True}
2025-10-03 17:14:12,035 : EventManager : Event: ======'machine_var_master_volume'====== Args={'value': 0.5, 'prev_value': None, 'change': True}
2025-10-03 17:14:12,035 : EventManager : Event: ======'machine_var_player1_score'====== Args={'value': 28284, 'prev_value': None, 'change': True}
2025-10-03 17:14:12,035 : EventManager : Event: ======'machine_var_mpf_version'====== Args={'value': 'Mission Pinball Framework v0.57.0.dev39', 'prev_value': None, 'change': True}
2025-10-03 17:14:12,035 : EventManager : Event: ======'machine_var_mpf_extended_version'====== Args={'value': 'Mission Pinball Framework v0.57.0.dev39, Config version:6, Show version: 6, BCP version:1.1', 'prev_value': None, 'change': True}
2025-10-03 17:14:12,035 : EventManager : Event: ======'machine_var_python_version'====== Args={'value': '3.9.13', 'prev_value': None, 'change': True}
2025-10-03 17:14:12,035 : EventManager : Event: ======'machine_var_platform'====== Args={'value': 'Windows-10-10.0.19045-SP0', 'prev_value': None, 'change': True}
2025-10-03 17:14:12,035 : EventManager : Event: ======'machine_var_platform_system'====== Args={'value': 'Windows', 'prev_value': None, 'change': True}
2025-10-03 17:14:12,035 : EventManager : Event: ======'machine_var_platform_release'====== Args={'value': '10', 'prev_value': None, 'change': True}
2025-10-03 17:14:12,035 : EventManager : Event: ======'machine_var_platform_version'====== Args={'value': '10.0.19045', 'prev_value': None, 'change': True}
2025-10-03 17:14:12,035 : EventManager : Event: ======'machine_var_platform_machine'====== Args={'value': 'AMD64', 'prev_value': None, 'change': True}
2025-10-03 17:14:12,036 : EventManager : Event: ======'machine_var_mc_version'====== Args={'value': 'MPF-MC v0.57.0.dev10', 'prev_value': None, 'change': True}
2025-10-03 17:14:12,036 : EventManager : Event: ======'machine_var_mc_extended_version'====== Args={'value': 'MPF-MC v0.57.0.dev10 (config_version=6, BCP v1.1,                      Requires MPF API compatibility v0.57.0.dev19 or newer)', 'prev_value': None, 'change': True}
2025-10-03 17:14:12,036 : EventManager : Event: ======'machine_var_credits_string'====== Args={'value': 'FREE PLAY', 'prev_value': None, 'change': True}
2025-10-03 17:14:12,036 : EventManager : Event: ======'machine_var_master_volume'====== Args={'value': 0.5, 'prev_value': None, 'change': True}
2025-10-03 17:14:12,036 : EventManager : Event: ======'machine_var_player1_score'====== Args={'value': 28284, 'prev_value': None, 'change': True}
2025-10-03 17:14:12,036 : EventManager : Event: ======'machine_var_mpf_version'====== Args={'value': 'Mission Pinball Framework v0.57.0.dev39', 'prev_value': None, 'change': True}
2025-10-03 17:14:12,036 : EventManager : Event: ======'machine_var_mpf_extended_version'====== Args={'value': 'Mission Pinball Framework v0.57.0.dev39, Config version:6, Show version: 6, BCP version:1.1', 'prev_value': None, 'change': True}
2025-10-03 17:14:12,036 : EventManager : Event: ======'machine_var_python_version'====== Args={'value': '3.9.13', 'prev_value': None, 'change': True}
2025-10-03 17:14:12,036 : EventManager : Event: ======'machine_var_platform'====== Args={'value': 'Windows-10-10.0.19045-SP0', 'prev_value': None, 'change': True}
2025-10-03 17:14:12,036 : EventManager : Event: ======'machine_var_platform_system'====== Args={'value': 'Windows', 'prev_value': None, 'change': True}
2025-10-03 17:14:12,036 : EventManager : Event: ======'machine_var_platform_release'====== Args={'value': '10', 'prev_value': None, 'change': True}
2025-10-03 17:14:12,036 : EventManager : Event: ======'machine_var_platform_version'====== Args={'value': '10.0.19045', 'prev_value': None, 'change': True}
2025-10-03 17:14:12,036 : EventManager : Event: ======'machine_var_platform_machine'====== Args={'value': 'AMD64', 'prev_value': None, 'change': True}
2025-10-03 17:14:12,036 : EventManager : Event: ======'machine_var_mc_version'====== Args={'value': 'MPF-MC v0.57.0.dev10', 'prev_value': None, 'change': True}
2025-10-03 17:14:12,037 : EventManager : Event: ======'machine_var_mc_extended_version'====== Args={'value': 'MPF-MC v0.57.0.dev10 (config_version=6, BCP v1.1,                      Requires MPF API compatibility v0.57.0.dev19 or newer)', 'prev_value': None, 'change': True}
2025-10-03 17:14:12,037 : EventManager : Event: ======'machine_var_credits_string'====== Args={'value': 'FREE PLAY', 'prev_value': None, 'change': True}
2025-10-03 17:14:12,037 : EventManager : Event: ======'machine_var_master_volume'====== Args={'value': 0.5, 'prev_value': None, 'change': True}
2025-10-03 17:14:12,037 : EventManager : Event: ======'machine_var_player1_score'====== Args={'value': 28284, 'prev_value': None, 'change': True}
2025-10-03 17:14:12,037 : EventManager : Event: ======'machine_var_mpf_version'====== Args={'value': 'Mission Pinball Framework v0.57.0.dev39', 'prev_value': None, 'change': True}
2025-10-03 17:14:12,037 : EventManager : Event: ======'machine_var_mpf_extended_version'====== Args={'value': 'Mission Pinball Framework v0.57.0.dev39, Config version:6, Show version: 6, BCP version:1.1', 'prev_value': None, 'change': True}
2025-10-03 17:14:12,037 : EventManager : Event: ======'machine_var_python_version'====== Args={'value': '3.9.13', 'prev_value': None, 'change': True}
2025-10-03 17:14:12,037 : EventManager : Event: ======'machine_var_platform'====== Args={'value': 'Windows-10-10.0.19045-SP0', 'prev_value': None, 'change': True}
2025-10-03 17:14:12,037 : EventManager : Event: ======'machine_var_platform_system'====== Args={'value': 'Windows', 'prev_value': None, 'change': True}
2025-10-03 17:14:12,037 : EventManager : Event: ======'machine_var_platform_release'====== Args={'value': '10', 'prev_value': None, 'change': True}
2025-10-03 17:14:12,037 : EventManager : Event: ======'machine_var_platform_version'====== Args={'value': '10.0.19045', 'prev_value': None, 'change': True}
2025-10-03 17:14:12,037 : EventManager : Event: ======'machine_var_platform_machine'====== Args={'value': 'AMD64', 'prev_value': None, 'change': True}
2025-10-03 17:14:12,037 : EventManager : Event: ======'machine_var_mc_version'====== Args={'value': 'MPF-MC v0.57.0.dev10', 'prev_value': None, 'change': True}
2025-10-03 17:14:12,037 : EventManager : Event: ======'machine_var_mc_extended_version'====== Args={'value': 'MPF-MC v0.57.0.dev10 (config_version=6, BCP v1.1,                      Requires MPF API compatibility v0.57.0.dev19 or newer)', 'prev_value': None, 'change': True}
2025-10-03 17:14:12,038 : EventManager : Event: ======'machine_var_credits_string'====== Args={'value': 'FREE PLAY', 'prev_value': None, 'change': True}
2025-10-03 17:14:12,038 : EventManager : Event: ======'machine_var_master_volume'====== Args={'value': 0.5, 'prev_value': None, 'change': True}
2025-10-03 17:14:12,038 : EventManager : Event: ======'machine_var_player1_score'====== Args={'value': 28284, 'prev_value': None, 'change': True}
2025-10-03 17:14:12,038 : EventManager : Event: ======'machine_var_mpf_version'====== Args={'value': 'Mission Pinball Framework v0.57.0.dev39', 'prev_value': None, 'change': True}
2025-10-03 17:14:12,038 : EventManager : Event: ======'machine_var_mpf_extended_version'====== Args={'value': 'Mission Pinball Framework v0.57.0.dev39, Config version:6, Show version: 6, BCP version:1.1', 'prev_value': None, 'change': True}
2025-10-03 17:14:12,038 : EventManager : Event: ======'machine_var_python_version'====== Args={'value': '3.9.13', 'prev_value': None, 'change': True}
2025-10-03 17:14:12,038 : EventManager : Event: ======'machine_var_platform'====== Args={'value': 'Windows-10-10.0.19045-SP0', 'prev_value': None, 'change': True}
2025-10-03 17:14:12,038 : EventManager : Event: ======'machine_var_platform_system'====== Args={'value': 'Windows', 'prev_value': None, 'change': True}
2025-10-03 17:14:12,038 : EventManager : Event: ======'machine_var_platform_release'====== Args={'value': '10', 'prev_value': None, 'change': True}
2025-10-03 17:14:12,038 : EventManager : Event: ======'machine_var_platform_version'====== Args={'value': '10.0.19045', 'prev_value': None, 'change': True}
2025-10-03 17:14:12,038 : EventManager : Event: ======'machine_var_platform_machine'====== Args={'value': 'AMD64', 'prev_value': None, 'change': True}
2025-10-03 17:14:12,038 : EventManager : Event: ======'machine_var_mc_version'====== Args={'value': 'MPF-MC v0.57.0.dev10', 'prev_value': None, 'change': True}
2025-10-03 17:14:12,038 : EventManager : Event: ======'machine_var_mc_extended_version'====== Args={'value': 'MPF-MC v0.57.0.dev10 (config_version=6, BCP v1.1,                      Requires MPF API compatibility v0.57.0.dev19 or newer)', 'prev_value': None, 'change': True}
2025-10-03 17:14:12,038 : EventManager : Event: ======'machine_var_audits_events_game_ended'====== Args={'value': 8, 'prev_value': None, 'change': True}
2025-10-03 17:14:12,039 : EventManager : Event: ======'machine_var_audits_events_game_started'====== Args={'value': 30, 'prev_value': None, 'change': True}
2025-10-03 17:14:12,039 : EventManager : Event: ======'machine_var_audits_missing_switches_s_left_flipper'====== Args={'value': 3, 'prev_value': None, 'change': True}
2025-10-03 17:14:12,039 : EventManager : Event: ======'machine_var_audits_missing_switches_s_right_flipper'====== Args={'value': 7, 'prev_value': None, 'change': True}
2025-10-03 17:14:12,039 : EventManager : Event: ======'machine_var_audits_missing_switches_s_right_inlane'====== Args={'value': 3, 'prev_value': None, 'change': True}
2025-10-03 17:14:12,039 : EventManager : Event: ======'machine_var_audits_missing_switches_s_sling_left'====== Args={'value': 24, 'prev_value': None, 'change': True}
2025-10-03 17:14:12,039 : EventManager : Event: ======'machine_var_audits_missing_switches_s_sling_right'====== Args={'value': 24, 'prev_value': None, 'change': True}
2025-10-03 17:14:12,039 : EventManager : Event: ======'machine_var_audits_missing_switches_s_start'====== Args={'value': 13, 'prev_value': None, 'change': True}
2025-10-03 17:14:12,039 : EventManager : Event: ======'machine_var_audits_missing_switches_s_trough1'====== Args={'value': 3, 'prev_value': None, 'change': True}
2025-10-03 17:14:12,039 : EventManager : Event: ======'machine_var_audits_missing_switches_s_trough2'====== Args={'value': 30, 'prev_value': None, 'change': True}
2025-10-03 17:14:12,039 : EventManager : Event: ======'machine_var_audits_missing_switches_s_trough3'====== Args={'value': 30, 'prev_value': None, 'change': True}
2025-10-03 17:14:12,039 : EventManager : Event: ======'machine_var_audits_missing_switches_s_trough4'====== Args={'value': 30, 'prev_value': None, 'change': True}
2025-10-03 17:14:12,039 : EventManager : Event: ======'machine_var_audits_missing_switches_s_trough5'====== Args={'value': 30, 'prev_value': None, 'change': True}
2025-10-03 17:14:12,039 : EventManager : Event: ======'machine_var_audits_missing_switches_s_trough6'====== Args={'value': 30, 'prev_value': None, 'change': True}
2025-10-03 17:14:12,039 : EventManager : Event: ======'machine_var_audits_missing_switches_s_trough_jam'====== Args={'value': 30, 'prev_value': None, 'change': True}
2025-10-03 17:14:12,039 : EventManager : Event: ======'machine_var_audits_player_score'====== Args={'value': {'average': 12256, 'top': [28284, 25272, 22800, 13400, 11420, 10700, 8000, 0, 0, 0], 'total': 10}, 'prev_value': None, 'change': True}
2025-10-03 17:14:12,040 : EventManager : Event: ======'machine_var_audits_shots_middle_inlane_shot'====== Args={'value': 20, 'prev_value': None, 'change': True}
2025-10-03 17:14:12,040 : EventManager : Event: ======'machine_var_audits_shots_my_first_shot'====== Args={'value': 40, 'prev_value': None, 'change': True}
2025-10-03 17:14:12,040 : EventManager : Event: ======'machine_var_audits_shots_top_middle_inlane_shot'====== Args={'value': 33, 'prev_value': None, 'change': True}
2025-10-03 17:14:12,040 : EventManager : Event: ======'machine_var_audits_switches_s_left_flipper'====== Args={'value': 247, 'prev_value': None, 'change': True}
2025-10-03 17:14:12,040 : EventManager : Event: ======'machine_var_audits_switches_s_middle_inlane'====== Args={'value': 20, 'prev_value': None, 'change': True}
2025-10-03 17:14:12,040 : EventManager : Event: ======'machine_var_audits_switches_s_plunger'====== Args={'value': 62, 'prev_value': None, 'change': True}
2025-10-03 17:14:12,040 : EventManager : Event: ======'machine_var_audits_switches_s_right_flipper'====== Args={'value': 73, 'prev_value': None, 'change': True}
2025-10-03 17:14:12,040 : EventManager : Event: ======'machine_var_audits_switches_s_right_inlane'====== Args={'value': 72, 'prev_value': None, 'change': True}
2025-10-03 17:14:12,040 : EventManager : Event: ======'machine_var_audits_switches_s_sling_left'====== Args={'value': 0, 'prev_value': None, 'change': True}
2025-10-03 17:14:12,040 : EventManager : Event: ======'machine_var_audits_switches_s_sling_right'====== Args={'value': 0, 'prev_value': None, 'change': True}
2025-10-03 17:14:12,040 : EventManager : Event: ======'machine_var_audits_switches_s_start'====== Args={'value': 11, 'prev_value': None, 'change': True}
2025-10-03 17:14:12,040 : EventManager : Event: ======'machine_var_audits_switches_s_top_middle_inlane'====== Args={'value': 33, 'prev_value': None, 'change': True}
2025-10-03 17:14:12,040 : EventManager : Event: ======'machine_var_audits_switches_s_trough1'====== Args={'value': 48, 'prev_value': None, 'change': True}
2025-10-03 17:14:12,040 : EventManager : Event: ======'machine_var_audits_switches_s_trough2'====== Args={'value': 0, 'prev_value': None, 'change': True}
2025-10-03 17:14:12,040 : EventManager : Event: ======'machine_var_audits_switches_s_trough3'====== Args={'value': 0, 'prev_value': None, 'change': True}
2025-10-03 17:14:12,041 : EventManager : Event: ======'machine_var_audits_switches_s_trough4'====== Args={'value': 0, 'prev_value': None, 'change': True}
2025-10-03 17:14:12,041 : EventManager : Event: ======'machine_var_audits_switches_s_trough5'====== Args={'value': 0, 'prev_value': None, 'change': True}
2025-10-03 17:14:12,041 : EventManager : Event: ======'machine_var_audits_switches_s_trough6'====== Args={'value': 0, 'prev_value': None, 'change': True}
2025-10-03 17:14:12,041 : EventManager : Event: ======'machine_var_audits_switches_s_trough_jam'====== Args={'value': 0, 'prev_value': None, 'change': True}
2025-10-03 17:14:12,041 : EventManager : Event: ======'mc_reset_phase_1'====== Args={}
2025-10-03 17:14:12,041 : SoundSystem : Setting master volume to 0.5
2025-10-03 17:14:12,041 : SoundSystem : Setting master volume to 0.5
2025-10-03 17:14:12,041 : SoundSystem : Setting master volume to 0.5
2025-10-03 17:14:12,041 : SoundSystem : Setting master volume to 0.5
2025-10-03 17:14:12,041 : EventManager : Event: ======'mc_reset_phase_2'====== Args={}
2025-10-03 17:14:12,041 : EventManager : Event: ======'mc_reset_phase_3'====== Args={}
2025-10-03 17:14:12,041 : EventManager : Event: ======'mc_reset_complete'====== Args={}
2025-10-03 17:14:12,056 : EventManager : Event: ======'slides_play'====== Args={'settings': {'awesome_slide': {'widgets': [{'type': 'text', 'text': 'TIME TRAVEL 1985', 'font_size': 50, '_default_settings': ['type', 'text', 'font_size'], 'x': None, 'y': None, 'anchor_x': 'center', 'anchor_y': 'center', 'round_anchor_x': None, 'round_anchor_y': None, 'opacity': 1.0, 'z': 0, 'reset_animations_events': {}, 'color': [1.0, 1.0, 1.0, 1.0], 'style': [], 'adjust_top': 0, 'adjust_bottom': 0, 'adjust_left': 0, 'adjust_right': 0, 'expire': None, 'key': None, 'widget': None, 'events_when_added': [], 'events_when_removed': [], 'bitmap_font': False, 'font_kerning': True, 'bold': False, 'italic': False, 'number_grouping': False, 'min_digits': 0, 'halign': 'center', 'valign': 'middle', 'rotation': 0, 'scale': 1.0, 'casing': None, 'outline_color': [1.0, 1.0, 1.0, 1.0], 'outline_width': 0, 'animations': None}], 'transition': {'type': 'push', 'duration': 1.0, 'direction': 'left', 'easing': 'out_quad'}, 'target': None, 'background_color': [0.0, 0.0, 0.0, 1.0], 'priority': None, 'show': True, 'force': False, 'expire': None, 'slide': None, 'tokens': {}, 'action': 'play'}}, 'context': 'show_2', 'calling_context': 0, 'priority': 10, 'show_tokens': {}, 'start_time': 118289.703}
2025-10-03 17:14:12,056 : mpfmc : SlidePlayer: Play called with settings={'awesome_slide': {'widgets': [{'type': 'text', 'text': 'TIME TRAVEL 1985', 'font_size': 50, '_default_settings': ['type', 'text', 'font_size'], 'x': None, 'y': None, 'anchor_x': 'center', 'anchor_y': 'center', 'round_anchor_x': None, 'round_anchor_y': None, 'opacity': 1.0, 'z': 0, 'reset_animations_events': {}, 'color': [1.0, 1.0, 1.0, 1.0], 'style': [], 'adjust_top': 0, 'adjust_bottom': 0, 'adjust_left': 0, 'adjust_right': 0, 'expire': None, 'key': None, 'widget': None, 'events_when_added': [], 'events_when_removed': [], 'bitmap_font': False, 'font_kerning': True, 'bold': False, 'italic': False, 'number_grouping': False, 'min_digits': 0, 'halign': 'center', 'valign': 'middle', 'rotation': 0, 'scale': 1.0, 'casing': None, 'outline_color': [1.0, 1.0, 1.0, 1.0], 'outline_width': 0, 'animations': None}], 'transition': {'type': 'push', 'duration': 1.0, 'direction': 'left', 'easing': 'out_quad'}, 'target': None, 'background_color': [0.0, 0.0, 0.0, 1.0], 'priority': None, 'show': True, 'force': False, 'expire': None, 'slide': None, 'tokens': {}, 'action': 'play'}}
2025-10-03 17:14:12,060 : kivy : GL: NPOT texture support is available
2025-10-03 17:14:12,061 : EventManager : Event: ======'slide_awesome_slide_created'====== Args={}
2025-10-03 17:14:12,062 : EventManager : Event: ======'slide_awesome_slide_active'====== Args={}
2025-10-03 17:14:13,636 : EventManager : Event: ======'game_started'====== Args={}
2025-10-03 17:14:13,661 : EventManager : Event: ======'slides_clear'====== Args={'context': 'show_2'}
2025-10-03 17:14:13,661 : EventManager : Event: ======'player_added'====== Args={'player': <Player 1>, 'num': 1}
2025-10-03 17:14:13,661 : EventManager : Event: ======'player_index'====== Args={'value': 0, 'prev_value': 0, 'change': 0, 'player_num': 1}
2025-10-03 17:14:13,661 : EventManager : Event: ======'player_number'====== Args={'value': 1, 'prev_value': 1, 'change': 0, 'player_num': 1}
2025-10-03 17:14:13,661 : EventManager : Event: ======'player_score'====== Args={'value': 0, 'prev_value': 0, 'change': 0, 'player_num': 1}
2025-10-03 17:14:13,662 : EventManager : Event: ======'slide_awesome_slide_removed'====== Args={}
2025-10-03 17:14:13,662 : EventManager : Event: ======'slide_window_blank_active'====== Args={}
2025-10-03 17:14:13,687 : EventManager : Event: ======'player_ball'====== Args={'value': 1, 'prev_value': 0, 'change': 1, 'player_num': 1}
2025-10-03 17:14:13,687 : EventManager : Event: ======'player_turn_start'====== Args={'number': 1, 'player': <Player 1>}
2025-10-03 17:14:13,687 : EventManager : Event: ======'player_shot_my_first_shot_enabled'====== Args={'value': True, 'prev_value': 0, 'change': 1, 'player_num': 1}
2025-10-03 17:14:13,699 : EventManager : Event: ======'player_shot_top_middle_inlane_shot_enabled'====== Args={'value': True, 'prev_value': 0, 'change': 1, 'player_num': 1}
2025-10-03 17:14:13,699 : EventManager : Event: ======'slides_play'====== Args={'settings': {'widgets': {'widgets': [{'type': 'text', 'text': '(score)', 'number_grouping': True, 'min_digits': 2, 'font_size': 100, '_default_settings': ['type', 'text', 'number_grouping', 'min_digits', 'font_size'], 'x': None, 'y': None, 'anchor_x': 'center', 'anchor_y': 'center', 'round_anchor_x': None, 'round_anchor_y': None, 'opacity': 1.0, 'z': 0, 'reset_animations_events': {}, 'color': [1.0, 1.0, 1.0, 1.0], 'style': [], 'adjust_top': 0, 'adjust_bottom': 0, 'adjust_left': 0, 'adjust_right': 0, 'expire': None, 'key': None, 'widget': None, 'events_when_added': [], 'events_when_removed': [], 'bitmap_font': False, 'font_kerning': True, 'bold': False, 'italic': False, 'halign': 'center', 'valign': 'middle', 'rotation': 0, 'scale': 1.0, 'casing': None, 'outline_color': [1.0, 1.0, 1.0, 1.0], 'outline_width': 0, 'animations': None}, {'type': 'text', 'text': 'PLAYER (number)', 'y': '10', 'x': '10', 'font_size': 50, 'anchor_x': 'left', 'anchor_y': 'bottom', '_default_settings': ['type', 'text', 'y', 'x', 'font_size', 'anchor_x', 'anchor_y'], 'round_anchor_x': None, 'round_anchor_y': None, 'opacity': 1.0, 'z': 0, 'reset_animations_events': {}, 'color': [1.0, 1.0, 1.0, 1.0], 'style': [], 'adjust_top': 0, 'adjust_bottom': 0, 'adjust_left': 0, 'adjust_right': 0, 'expire': None, 'key': None, 'widget': None, 'events_when_added': [], 'events_when_removed': [], 'bitmap_font': False, 'font_kerning': True, 'bold': False, 'italic': False, 'number_grouping': False, 'min_digits': 0, 'halign': 'center', 'valign': 'middle', 'rotation': 0, 'scale': 1.0, 'casing': None, 'outline_color': [1.0, 1.0, 1.0, 1.0], 'outline_width': 0, 'animations': None}, {'type': 'text', 'text': 'BALL (ball)', 'y': '10', 'x': 'right-10', 'anchor_x': 'right', 'anchor_y': 'bottom', 'font_size': 50, '_default_settings': ['type', 'text', 'y', 'x', 'anchor_x', 'anchor_y', 'font_size'], 'round_anchor_x': None, 'round_anchor_y': None, 'opacity': 1.0, 'z': 0, 'reset_animations_events': {}, 'color': [1.0, 1.0, 1.0, 1.0], 'style': [], 'adjust_top': 0, 'adjust_bottom': 0, 'adjust_left': 0, 'adjust_right': 0, 'expire': None, 'key': None, 'widget': None, 'events_when_added': [], 'events_when_removed': [], 'bitmap_font': False, 'font_kerning': True, 'bold': False, 'italic': False, 'number_grouping': False, 'min_digits': 0, 'halign': 'center', 'valign': 'middle', 'rotation': 0, 'scale': 1.0, 'casing': None, 'outline_color': [1.0, 1.0, 1.0, 1.0], 'outline_width': 0, 'animations': None}, {'type': 'text', 'text': 'POTATO VALUE: (potato)', 'y': '40%', '_default_settings': ['type', 'text', 'y'], 'x': None, 'anchor_x': 'center', 'anchor_y': 'center', 'round_anchor_x': None, 'round_anchor_y': None, 'opacity': 1.0, 'z': 0, 'reset_animations_events': {}, 'color': [1.0, 1.0, 1.0, 1.0], 'style': [], 'adjust_top': 0, 'adjust_bottom': 0, 'adjust_left': 0, 'adjust_right': 0, 'expire': None, 'key': None, 'widget': None, 'events_when_added': [], 'events_when_removed': [], 'font_size': 15, 'bitmap_font': False, 'font_kerning': True, 'bold': False, 'italic': False, 'number_grouping': False, 'min_digits': 0, 'halign': 'center', 'valign': 'middle', 'rotation': 0, 'scale': 1.0, 'casing': None, 'outline_color': [1.0, 1.0, 1.0, 1.0], 'outline_width': 0, 'animations': None}], 'target': None, 'background_color': [0.0, 0.0, 0.0, 1.0], 'priority': None, 'show': True, 'force': False, 'expire': None, 'slide': None, 'tokens': {}, 'action': 'play'}}, 'context': 'base', 'calling_context': 'mode_base_started', 'priority': 100, 'player': 1, 'ball': 1, 'balls_remaining': 2, 'is_extra_ball': False}
2025-10-03 17:14:13,699 : mpfmc : SlidePlayer: Play called with settings={'widgets': {'widgets': [{'type': 'text', 'text': '(score)', 'number_grouping': True, 'min_digits': 2, 'font_size': 100, '_default_settings': ['type', 'text', 'number_grouping', 'min_digits', 'font_size'], 'x': None, 'y': None, 'anchor_x': 'center', 'anchor_y': 'center', 'round_anchor_x': None, 'round_anchor_y': None, 'opacity': 1.0, 'z': 0, 'reset_animations_events': {}, 'color': [1.0, 1.0, 1.0, 1.0], 'style': [], 'adjust_top': 0, 'adjust_bottom': 0, 'adjust_left': 0, 'adjust_right': 0, 'expire': None, 'key': None, 'widget': None, 'events_when_added': [], 'events_when_removed': [], 'bitmap_font': False, 'font_kerning': True, 'bold': False, 'italic': False, 'halign': 'center', 'valign': 'middle', 'rotation': 0, 'scale': 1.0, 'casing': None, 'outline_color': [1.0, 1.0, 1.0, 1.0], 'outline_width': 0, 'animations': None}, {'type': 'text', 'text': 'PLAYER (number)', 'y': '10', 'x': '10', 'font_size': 50, 'anchor_x': 'left', 'anchor_y': 'bottom', '_default_settings': ['type', 'text', 'y', 'x', 'font_size', 'anchor_x', 'anchor_y'], 'round_anchor_x': None, 'round_anchor_y': None, 'opacity': 1.0, 'z': 0, 'reset_animations_events': {}, 'color': [1.0, 1.0, 1.0, 1.0], 'style': [], 'adjust_top': 0, 'adjust_bottom': 0, 'adjust_left': 0, 'adjust_right': 0, 'expire': None, 'key': None, 'widget': None, 'events_when_added': [], 'events_when_removed': [], 'bitmap_font': False, 'font_kerning': True, 'bold': False, 'italic': False, 'number_grouping': False, 'min_digits': 0, 'halign': 'center', 'valign': 'middle', 'rotation': 0, 'scale': 1.0, 'casing': None, 'outline_color': [1.0, 1.0, 1.0, 1.0], 'outline_width': 0, 'animations': None}, {'type': 'text', 'text': 'BALL (ball)', 'y': '10', 'x': 'right-10', 'anchor_x': 'right', 'anchor_y': 'bottom', 'font_size': 50, '_default_settings': ['type', 'text', 'y', 'x', 'anchor_x', 'anchor_y', 'font_size'], 'round_anchor_x': None, 'round_anchor_y': None, 'opacity': 1.0, 'z': 0, 'reset_animations_events': {}, 'color': [1.0, 1.0, 1.0, 1.0], 'style': [], 'adjust_top': 0, 'adjust_bottom': 0, 'adjust_left': 0, 'adjust_right': 0, 'expire': None, 'key': None, 'widget': None, 'events_when_added': [], 'events_when_removed': [], 'bitmap_font': False, 'font_kerning': True, 'bold': False, 'italic': False, 'number_grouping': False, 'min_digits': 0, 'halign': 'center', 'valign': 'middle', 'rotation': 0, 'scale': 1.0, 'casing': None, 'outline_color': [1.0, 1.0, 1.0, 1.0], 'outline_width': 0, 'animations': None}, {'type': 'text', 'text': 'POTATO VALUE: (potato)', 'y': '40%', '_default_settings': ['type', 'text', 'y'], 'x': None, 'anchor_x': 'center', 'anchor_y': 'center', 'round_anchor_x': None, 'round_anchor_y': None, 'opacity': 1.0, 'z': 0, 'reset_animations_events': {}, 'color': [1.0, 1.0, 1.0, 1.0], 'style': [], 'adjust_top': 0, 'adjust_bottom': 0, 'adjust_left': 0, 'adjust_right': 0, 'expire': None, 'key': None, 'widget': None, 'events_when_added': [], 'events_when_removed': [], 'font_size': 15, 'bitmap_font': False, 'font_kerning': True, 'bold': False, 'italic': False, 'number_grouping': False, 'min_digits': 0, 'halign': 'center', 'valign': 'middle', 'rotation': 0, 'scale': 1.0, 'casing': None, 'outline_color': [1.0, 1.0, 1.0, 1.0], 'outline_width': 0, 'animations': None}], 'target': None, 'background_color': [0.0, 0.0, 0.0, 1.0], 'priority': None, 'show': True, 'force': False, 'expire': None, 'slide': None, 'tokens': {}, 'action': 'play'}}
2025-10-03 17:14:13,709 : EventManager : Event: ======'slide_base.slide_player-mode_base_started_created'====== Args={}
2025-10-03 17:14:13,711 : EventManager : Event: ======'slide_base.slide_player-mode_base_started_active'====== Args={}
2025-10-03 17:14:13,831 : EventManager : Event: ======'machine_var_audits_switches_s_plunger'====== Args={'value': 63, 'prev_value': 62, 'change': 1}
2025-10-03 17:14:18,551 : kivy : Base: Leaving application in progress...
2025-10-03 17:14:18,553 : mpfmc : Stopping...
2025-10-03 17:14:18,553 : EventManager : Event: ======'shutdown'====== Args={}
2025-10-03 17:14:18,553 : AudioInterface : Disabling audio playback
2025-10-03 17:14:18,686 : mpfmc : Loop rate 64.76 Hz
