2025-10-10 07:50:44,323 : INFO : root : Loading config.
2025-10-10 07:50:44,328 : INFO : YamlMultifileConfigLoader : Machine config file #1: config.yaml
2025-10-10 07:50:44,328 : INFO : ConfigProcessor : Loading config from cache: C:\Users\richa\AppData\Local\Temp\f7776651e259183bd84a8c8d686bf868.mpf_cache
2025-10-10 07:50:44,406 : INFO : ConfigProcessor : Loading config from cache: C:\Users\richa\AppData\Local\Temp\70233839fc0b792ce11a62f3c18c1950.mpf_cache
2025-10-10 07:50:44,407 : INFO : ConfigProcessor : Loading config from cache: C:\Users\richa\AppData\Local\Temp\9c8dea79ca4d15ee886340e992e8cb9d.mpf_cache
2025-10-10 07:50:44,408 : INFO : ConfigProcessor : Loading config from cache: C:\Users\richa\AppData\Local\Temp\67a19b095f918111543419ac0271bfb1.mpf_cache
2025-10-10 07:50:44,408 : INFO : ConfigProcessor : Loading config from cache: C:\Users\richa\AppData\Local\Temp\be387b0e8ed00556ec738d83cd6947d1.mpf_cache
2025-10-10 07:50:44,409 : WARNING : ConfigProcessor : Config file in cache changed: C:\Users\richa\ttp7\modes\super_jets_setup\config\super_jets_setup.yaml
2025-10-10 07:50:44,409 : INFO : ConfigProcessor : Loading config from file C:\Users\richa\ttp7\modes\super_jets_setup\config\super_jets_setup.yaml.
2025-10-10 07:50:44,421 : INFO : ConfigProcessor : Loading config: C:\Users\richa\ttp7\modes\super_jets_setup\config\super_jets_setup.yaml
2025-10-10 07:50:44,421 : INFO : ConfigProcessor : Config file cache created: C:\Users\richa\AppData\Local\Temp\5a8efabd9666d8c71fa755fc28a9bf1e.mpf_cache
2025-10-10 07:50:44,422 : WARNING : ConfigProcessor : Config file in cache changed: C:\Users\richa\ttp7\modes\super_jets\config\super_jets.yaml
2025-10-10 07:50:44,422 : INFO : ConfigProcessor : Loading config from file C:\Users\richa\ttp7\modes\super_jets\config\super_jets.yaml.
2025-10-10 07:50:44,431 : INFO : ConfigProcessor : Loading config: C:\Users\richa\ttp7\modes\super_jets\config\super_jets.yaml
2025-10-10 07:50:44,431 : INFO : ConfigProcessor : Config file cache created: C:\Users\richa\AppData\Local\Temp\fb58745e58584e219ff53db445e8e9f2.mpf_cache
2025-10-10 07:50:44,432 : INFO : ConfigProcessor : Loading config from cache: C:\Users\richa\AppData\Local\Temp\b710dc01437f1dfd05f3b5275f67493b.mpf_cache
2025-10-10 07:50:44,433 : INFO : ConfigProcessor : Loading config from cache: C:\Users\richa\AppData\Local\Temp\0a23590f4081187a3ecee75c7657616e.mpf_cache
2025-10-10 07:50:44,434 : INFO : ConfigProcessor : Loading config from cache: C:\Users\richa\AppData\Local\Temp\374a5edaf0766cb9005f368df852c09d.mpf_cache
2025-10-10 07:50:44,435 : INFO : Machine : Mission Pinball Framework Core Engine v0.57.0.dev39
2025-10-10 07:50:44,435 : INFO : Machine : Command line arguments: {'no_load_cache': False, 'create_config_cache': True, 'bcp': True, 'configfile': ['config.yaml'], 'force_assets_load': False, 'jsonlogging': False, 'logfile': 'logs\\2025-10-10-07-50-44-mpf-DESKTOP-RK7BE5M.log', 'pause': False, 'production': False, 'text_ui': True, 'loglevel': 15, 'consoleloglevel': 20, 'force_platform': None, 'syslog_address': None, 'mc_file_name': None, 'no_sound': False}
2025-10-10 07:50:44,435 : INFO : Machine : MPF path: C:\Users\richa\mpfvirtual4\lib\site-packages\mpf
2025-10-10 07:50:44,435 : INFO : Machine : Machine path: C:\Users\richa\ttp7
2025-10-10 07:50:44,435 : INFO : Machine : Platform: win32
2025-10-10 07:50:44,435 : INFO : Machine : Python executable location: C:\Users\richa\mpfvirtual4\Scripts\python.exe
2025-10-10 07:50:44,435 : INFO : Machine : Python version: 3.9.13 (64-bit)
2025-10-10 07:50:44,437 : INFO : Machine : Initializing MPF...
2025-10-10 07:50:44,905 : INFO : EventManager : Event: ======'machine_var_credits_string'====== Args={'value': 'FREE PLAY', 'prev_value': None, 'change': True}
2025-10-10 07:50:44,957 : INFO : EventManager : Event: ======'machine_var_master_volume'====== Args={'value': 0.5, 'prev_value': None, 'change': True}
2025-10-10 07:50:44,958 : INFO : EventManager : Event: ======'machine_var_player1_score'====== Args={'value': 1024400, 'prev_value': None, 'change': True}
2025-10-10 07:50:44,958 : INFO : EventManager : Event: ======'machine_var_mpf_version'====== Args={'value': 'Mission Pinball Framework v0.57.0.dev39', 'prev_value': None, 'change': True}
2025-10-10 07:50:44,958 : INFO : EventManager : Event: ======'machine_var_mpf_extended_version'====== Args={'value': 'Mission Pinball Framework v0.57.0.dev39, Config version:6, Show version: 6, BCP version:1.1', 'prev_value': None, 'change': True}
2025-10-10 07:50:44,958 : INFO : EventManager : Event: ======'machine_var_python_version'====== Args={'value': '3.9.13', 'prev_value': None, 'change': True}
2025-10-10 07:50:44,967 : INFO : EventManager : Event: ======'machine_var_platform'====== Args={'value': 'Windows-10-10.0.19045-SP0', 'prev_value': None, 'change': True}
2025-10-10 07:50:44,967 : INFO : EventManager : Event: ======'machine_var_platform_system'====== Args={'value': 'Windows', 'prev_value': None, 'change': True}
2025-10-10 07:50:44,967 : INFO : EventManager : Event: ======'machine_var_platform_release'====== Args={'value': '10', 'prev_value': None, 'change': True}
2025-10-10 07:50:44,967 : INFO : EventManager : Event: ======'machine_var_platform_version'====== Args={'value': '10.0.19045', 'prev_value': None, 'change': True}
2025-10-10 07:50:44,967 : INFO : EventManager : Event: ======'machine_var_platform_machine'====== Args={'value': 'AMD64', 'prev_value': None, 'change': True}
2025-10-10 07:50:44,967 : INFO : EventManager : Event: ======'init_phase_1'====== Args={}
2025-10-10 07:50:45,008 : INFO : EventManager : Event: ======'init_phase_2'====== Args={}
2025-10-10 07:50:45,008 : INFO : SwitchController : Found active switch: ('2', <Platform.SmartVirtual>) <switch.s_trough1>
2025-10-10 07:50:45,008 : INFO : SwitchController : Found active switch: ('3', <Platform.SmartVirtual>) <switch.s_trough2>
2025-10-10 07:50:45,008 : INFO : SwitchController : Found active switch: ('4', <Platform.SmartVirtual>) <switch.s_trough3>
2025-10-10 07:50:45,008 : INFO : SwitchController : Found active switch: ('5', <Platform.SmartVirtual>) <switch.s_trough4>
2025-10-10 07:50:45,008 : INFO : SwitchController : Found active switch: ('6', <Platform.SmartVirtual>) <switch.s_trough5>
2025-10-10 07:50:45,008 : INFO : SwitchController : Found active switch: ('7', <Platform.SmartVirtual>) <switch.s_trough6>
2025-10-10 07:50:45,014 : INFO : EventManager : Event: ======'bcp_connection_attempt'====== Args={'name': 'local_display', 'host': 'localhost', 'port': 5050}
2025-10-10 07:50:45,015 : INFO : BCPClientSocket : Connecting BCP to 'local_display' at localhost:5050...
2025-10-10 07:50:47,038 : INFO : BCPClientSocket : Connected BCP to 'local_display' localhost:5050
2025-10-10 07:50:47,039 : INFO : EventManager : Event: ======'bcp_clients_connected'====== Args={}
2025-10-10 07:50:47,449 : INFO : EventManager : Event: ======'machine_var_mc_version'====== Args={'value': 'MPF-MC v0.57.0.dev10', 'prev_value': None, 'change': True}
2025-10-10 07:50:47,449 : INFO : EventManager : Event: ======'machine_var_mc_extended_version'====== Args={'value': 'MPF-MC v0.57.0.dev10 (config_version=6, BCP v1.1,                      Requires MPF API compatibility v0.57.0.dev19 or newer)', 'prev_value': None, 'change': True}
2025-10-10 07:50:47,451 : INFO : ball_device.bd_trough : BCH: Initial count: 6
2025-10-10 07:50:47,533 : INFO : ball_device.bd_trough : State: idle
2025-10-10 07:50:47,560 : INFO : ball_device.bd_plunger : BCH: Initial count: 0
2025-10-10 07:50:47,560 : INFO : ball_device.bd_plunger : State: idle
2025-10-10 07:50:47,560 : INFO : ball_device.bd_left_scoop : BCH: Initial count: 0
2025-10-10 07:50:47,560 : INFO : ball_device.bd_left_scoop : State: idle
2025-10-10 07:50:47,560 : INFO : ball_device.bd_right_scoop : BCH: Initial count: 0
2025-10-10 07:50:47,560 : INFO : ball_device.bd_right_scoop : State: idle
2025-10-10 07:50:47,579 : INFO : EventManager : Event: ======'init_phase_3'====== Args={}
2025-10-10 07:50:47,583 : INFO : EventManager : Event: ======'init_phase_4'====== Args={}
2025-10-10 07:50:47,584 : INFO : BallController : Initial balls found: 6
2025-10-10 07:50:47,585 : INFO : EventManager : Event: ======'machine_var_audits_events_game_ended'====== Args={'value': 44, 'prev_value': None, 'change': True}
2025-10-10 07:50:47,585 : INFO : EventManager : Event: ======'machine_var_audits_events_game_started'====== Args={'value': 170, 'prev_value': None, 'change': True}
2025-10-10 07:50:47,585 : INFO : EventManager : Event: ======'machine_var_audits_missing_switches_s_A'====== Args={'value': 67, 'prev_value': None, 'change': True}
2025-10-10 07:50:47,585 : INFO : EventManager : Event: ======'machine_var_audits_missing_switches_s_E'====== Args={'value': 98, 'prev_value': None, 'change': True}
2025-10-10 07:50:47,585 : INFO : EventManager : Event: ======'machine_var_audits_missing_switches_s_Eb'====== Args={'value': 67, 'prev_value': None, 'change': True}
2025-10-10 07:50:47,586 : INFO : EventManager : Event: ======'machine_var_audits_missing_switches_s_I'====== Args={'value': 98, 'prev_value': None, 'change': True}
2025-10-10 07:50:47,586 : INFO : EventManager : Event: ======'machine_var_audits_missing_switches_s_L'====== Args={'value': 67, 'prev_value': None, 'change': True}
2025-10-10 07:50:47,586 : INFO : EventManager : Event: ======'machine_var_audits_missing_switches_s_M'====== Args={'value': 98, 'prev_value': None, 'change': True}
2025-10-10 07:50:47,586 : INFO : EventManager : Event: ======'machine_var_audits_missing_switches_s_R'====== Args={'value': 67, 'prev_value': None, 'change': True}
2025-10-10 07:50:47,586 : INFO : EventManager : Event: ======'machine_var_audits_missing_switches_s_T'====== Args={'value': 98, 'prev_value': None, 'change': True}
2025-10-10 07:50:47,586 : INFO : EventManager : Event: ======'machine_var_audits_missing_switches_s_Tb'====== Args={'value': 67, 'prev_value': None, 'change': True}
2025-10-10 07:50:47,586 : INFO : EventManager : Event: ======'machine_var_audits_missing_switches_s_V'====== Args={'value': 67, 'prev_value': None, 'change': True}
2025-10-10 07:50:47,587 : INFO : EventManager : Event: ======'machine_var_audits_missing_switches_s_bumper1'====== Args={'value': 2, 'prev_value': None, 'change': True}
2025-10-10 07:50:47,587 : INFO : EventManager : Event: ======'machine_var_audits_missing_switches_s_bumper_1'====== Args={'value': 28, 'prev_value': None, 'change': True}
2025-10-10 07:50:47,587 : INFO : EventManager : Event: ======'machine_var_audits_missing_switches_s_bumper_2'====== Args={'value': 28, 'prev_value': None, 'change': True}
2025-10-10 07:50:47,587 : INFO : EventManager : Event: ======'machine_var_audits_missing_switches_s_center_center_target'====== Args={'value': 34, 'prev_value': None, 'change': True}
2025-10-10 07:50:47,587 : INFO : EventManager : Event: ======'machine_var_audits_missing_switches_s_launcher_lane_spinner'====== Args={'value': 96, 'prev_value': None, 'change': True}
2025-10-10 07:50:47,587 : INFO : EventManager : Event: ======'machine_var_audits_missing_switches_s_left_center_target'====== Args={'value': 34, 'prev_value': None, 'change': True}
2025-10-10 07:50:47,587 : INFO : EventManager : Event: ======'machine_var_audits_missing_switches_s_left_corridor_spinner'====== Args={'value': 96, 'prev_value': None, 'change': True}
2025-10-10 07:50:47,587 : INFO : EventManager : Event: ======'machine_var_audits_missing_switches_s_left_corridor_spinner2'====== Args={'value': 96, 'prev_value': None, 'change': True}
2025-10-10 07:50:47,588 : INFO : EventManager : Event: ======'machine_var_audits_missing_switches_s_left_flipper'====== Args={'value': 19, 'prev_value': None, 'change': True}
2025-10-10 07:50:47,588 : INFO : EventManager : Event: ======'machine_var_audits_missing_switches_s_left_inlane'====== Args={'value': 123, 'prev_value': None, 'change': True}
2025-10-10 07:50:47,588 : INFO : EventManager : Event: ======'machine_var_audits_missing_switches_s_left_outlane'====== Args={'value': 133, 'prev_value': None, 'change': True}
2025-10-10 07:50:47,588 : INFO : EventManager : Event: ======'machine_var_audits_missing_switches_s_left_scoop'====== Args={'value': 4, 'prev_value': None, 'change': True}
2025-10-10 07:50:47,588 : INFO : EventManager : Event: ======'machine_var_audits_missing_switches_s_left_standup'====== Args={'value': 95, 'prev_value': None, 'change': True}
2025-10-10 07:50:47,588 : INFO : EventManager : Event: ======'machine_var_audits_missing_switches_s_right_center_target'====== Args={'value': 34, 'prev_value': None, 'change': True}
2025-10-10 07:50:47,589 : INFO : EventManager : Event: ======'machine_var_audits_missing_switches_s_right_corridor_spinner'====== Args={'value': 96, 'prev_value': None, 'change': True}
2025-10-10 07:50:47,589 : INFO : EventManager : Event: ======'machine_var_audits_missing_switches_s_right_flipper'====== Args={'value': 19, 'prev_value': None, 'change': True}
2025-10-10 07:50:47,589 : INFO : EventManager : Event: ======'machine_var_audits_missing_switches_s_right_inlane'====== Args={'value': 35, 'prev_value': None, 'change': True}
2025-10-10 07:50:47,589 : INFO : EventManager : Event: ======'machine_var_audits_missing_switches_s_right_outlane'====== Args={'value': 133, 'prev_value': None, 'change': True}
2025-10-10 07:50:47,589 : INFO : EventManager : Event: ======'machine_var_audits_missing_switches_s_right_scoop'====== Args={'value': 4, 'prev_value': None, 'change': True}
2025-10-10 07:50:47,589 : INFO : EventManager : Event: ======'machine_var_audits_missing_switches_s_right_standup'====== Args={'value': 4, 'prev_value': None, 'change': True}
2025-10-10 07:50:47,589 : INFO : EventManager : Event: ======'machine_var_audits_missing_switches_s_sling_left'====== Args={'value': 123, 'prev_value': None, 'change': True}
2025-10-10 07:50:47,590 : INFO : EventManager : Event: ======'machine_var_audits_missing_switches_s_sling_right'====== Args={'value': 19, 'prev_value': None, 'change': True}
2025-10-10 07:50:47,590 : INFO : EventManager : Event: ======'machine_var_audits_missing_switches_s_standup_1'====== Args={'value': 4, 'prev_value': None, 'change': True}
2025-10-10 07:50:47,590 : INFO : EventManager : Event: ======'machine_var_audits_missing_switches_s_standup_2'====== Args={'value': 4, 'prev_value': None, 'change': True}
2025-10-10 07:50:47,591 : INFO : EventManager : Event: ======'machine_var_audits_missing_switches_s_standup_3'====== Args={'value': 4, 'prev_value': None, 'change': True}
2025-10-10 07:50:47,591 : INFO : EventManager : Event: ======'machine_var_audits_missing_switches_s_standup_4'====== Args={'value': 4, 'prev_value': None, 'change': True}
2025-10-10 07:50:47,591 : INFO : EventManager : Event: ======'machine_var_audits_missing_switches_s_standup_5'====== Args={'value': 4, 'prev_value': None, 'change': True}
2025-10-10 07:50:47,591 : INFO : EventManager : Event: ======'machine_var_audits_missing_switches_s_standup_6'====== Args={'value': 4, 'prev_value': None, 'change': True}
2025-10-10 07:50:47,591 : INFO : EventManager : Event: ======'machine_var_audits_missing_switches_s_start'====== Args={'value': 18, 'prev_value': None, 'change': True}
2025-10-10 07:50:47,592 : INFO : EventManager : Event: ======'machine_var_audits_missing_switches_s_top_left_standup'====== Args={'value': 95, 'prev_value': None, 'change': True}
2025-10-10 07:50:47,592 : INFO : EventManager : Event: ======'machine_var_audits_missing_switches_s_top_left_standup2'====== Args={'value': 36, 'prev_value': None, 'change': True}
2025-10-10 07:50:47,592 : INFO : EventManager : Event: ======'machine_var_audits_missing_switches_s_trough1'====== Args={'value': 4, 'prev_value': None, 'change': True}
2025-10-10 07:50:47,592 : INFO : EventManager : Event: ======'machine_var_audits_missing_switches_s_trough2'====== Args={'value': 170, 'prev_value': None, 'change': True}
2025-10-10 07:50:47,592 : INFO : EventManager : Event: ======'machine_var_audits_missing_switches_s_trough3'====== Args={'value': 170, 'prev_value': None, 'change': True}
2025-10-10 07:50:47,593 : INFO : EventManager : Event: ======'machine_var_audits_missing_switches_s_trough4'====== Args={'value': 170, 'prev_value': None, 'change': True}
2025-10-10 07:50:47,593 : INFO : EventManager : Event: ======'machine_var_audits_missing_switches_s_trough5'====== Args={'value': 170, 'prev_value': None, 'change': True}
2025-10-10 07:50:47,593 : INFO : EventManager : Event: ======'machine_var_audits_missing_switches_s_trough6'====== Args={'value': 170, 'prev_value': None, 'change': True}
2025-10-10 07:50:47,593 : INFO : EventManager : Event: ======'machine_var_audits_missing_switches_s_trough_jam'====== Args={'value': 170, 'prev_value': None, 'change': True}
2025-10-10 07:50:47,593 : INFO : EventManager : Event: ======'machine_var_audits_player_score'====== Args={'value': {'average': 147386, 'top': [2008600, 1234200, 1027900, 1024400, 606200, 211200, 205900, 34750, 28284, 28200], 'total': 46}, 'prev_value': None, 'change': True}
2025-10-10 07:50:47,594 : INFO : EventManager : Event: ======'machine_var_audits_shots_bumper1_shot'====== Args={'value': 45, 'prev_value': None, 'change': True}
2025-10-10 07:50:47,594 : INFO : EventManager : Event: ======'machine_var_audits_shots_bumper2_shot'====== Args={'value': 66, 'prev_value': None, 'change': True}
2025-10-10 07:50:47,594 : INFO : EventManager : Event: ======'machine_var_audits_shots_center_rollover'====== Args={'value': 7, 'prev_value': None, 'change': True}
2025-10-10 07:50:47,594 : INFO : EventManager : Event: ======'machine_var_audits_shots_center_rollover_shot'====== Args={'value': 230, 'prev_value': None, 'change': True}
2025-10-10 07:50:47,594 : INFO : EventManager : Event: ======'machine_var_audits_shots_jets'====== Args={'value': 52, 'prev_value': None, 'change': True}
2025-10-10 07:50:47,595 : INFO : EventManager : Event: ======'machine_var_audits_shots_left_rollover'====== Args={'value': 7, 'prev_value': None, 'change': True}
2025-10-10 07:50:47,595 : INFO : EventManager : Event: ======'machine_var_audits_shots_left_rollover_shot'====== Args={'value': 174, 'prev_value': None, 'change': True}
2025-10-10 07:50:47,595 : INFO : EventManager : Event: ======'machine_var_audits_shots_left_scoop_shot'====== Args={'value': 28, 'prev_value': None, 'change': True}
2025-10-10 07:50:47,595 : INFO : EventManager : Event: ======'machine_var_audits_shots_middle_inlane_shot'====== Args={'value': 20, 'prev_value': None, 'change': True}
2025-10-10 07:50:47,595 : INFO : EventManager : Event: ======'machine_var_audits_shots_my_first_shot'====== Args={'value': 95, 'prev_value': None, 'change': True}
2025-10-10 07:50:47,596 : INFO : EventManager : Event: ======'machine_var_audits_shots_right_inlane_shot'====== Args={'value': 53, 'prev_value': None, 'change': True}
2025-10-10 07:50:47,597 : INFO : EventManager : Event: ======'machine_var_audits_shots_right_rollover'====== Args={'value': 9, 'prev_value': None, 'change': True}
2025-10-10 07:50:47,597 : INFO : EventManager : Event: ======'machine_var_audits_shots_right_rollover_shot'====== Args={'value': 235, 'prev_value': None, 'change': True}
2025-10-10 07:50:47,597 : INFO : EventManager : Event: ======'machine_var_audits_shots_right_scoop_shot'====== Args={'value': 35, 'prev_value': None, 'change': True}
2025-10-10 07:50:47,598 : INFO : EventManager : Event: ======'machine_var_audits_shots_standup_1_skill'====== Args={'value': 27, 'prev_value': None, 'change': True}
2025-10-10 07:50:47,598 : INFO : EventManager : Event: ======'machine_var_audits_shots_standup_2_skill'====== Args={'value': 8, 'prev_value': None, 'change': True}
2025-10-10 07:50:47,598 : INFO : EventManager : Event: ======'machine_var_audits_shots_standup_3_skill'====== Args={'value': 6, 'prev_value': None, 'change': True}
2025-10-10 07:50:47,599 : INFO : EventManager : Event: ======'machine_var_audits_shots_standup_4_skill'====== Args={'value': 8, 'prev_value': None, 'change': True}
2025-10-10 07:50:47,599 : INFO : EventManager : Event: ======'machine_var_audits_shots_standup_5_skill'====== Args={'value': 4, 'prev_value': None, 'change': True}
2025-10-10 07:50:47,599 : INFO : EventManager : Event: ======'machine_var_audits_shots_standup_6_skill'====== Args={'value': 2, 'prev_value': None, 'change': True}
2025-10-10 07:50:47,600 : INFO : EventManager : Event: ======'machine_var_audits_shots_top_middle_inlane_shot'====== Args={'value': 41, 'prev_value': None, 'change': True}
2025-10-10 07:50:47,600 : INFO : EventManager : Event: ======'machine_var_audits_switches_s_A'====== Args={'value': 0, 'prev_value': None, 'change': True}
2025-10-10 07:50:47,600 : INFO : EventManager : Event: ======'machine_var_audits_switches_s_E'====== Args={'value': 0, 'prev_value': None, 'change': True}
2025-10-10 07:50:47,601 : INFO : EventManager : Event: ======'machine_var_audits_switches_s_Eb'====== Args={'value': 0, 'prev_value': None, 'change': True}
2025-10-10 07:50:47,601 : INFO : EventManager : Event: ======'machine_var_audits_switches_s_I'====== Args={'value': 0, 'prev_value': None, 'change': True}
2025-10-10 07:50:47,601 : INFO : EventManager : Event: ======'machine_var_audits_switches_s_L'====== Args={'value': 0, 'prev_value': None, 'change': True}
2025-10-10 07:50:47,602 : INFO : EventManager : Event: ======'machine_var_audits_switches_s_M'====== Args={'value': 0, 'prev_value': None, 'change': True}
2025-10-10 07:50:47,602 : INFO : EventManager : Event: ======'machine_var_audits_switches_s_R'====== Args={'value': 0, 'prev_value': None, 'change': True}
2025-10-10 07:50:47,602 : INFO : EventManager : Event: ======'machine_var_audits_switches_s_T'====== Args={'value': 0, 'prev_value': None, 'change': True}
2025-10-10 07:50:47,603 : INFO : EventManager : Event: ======'machine_var_audits_switches_s_Tb'====== Args={'value': 0, 'prev_value': None, 'change': True}
2025-10-10 07:50:47,603 : INFO : EventManager : Event: ======'machine_var_audits_switches_s_V'====== Args={'value': 0, 'prev_value': None, 'change': True}
2025-10-10 07:50:47,603 : INFO : EventManager : Event: ======'machine_var_audits_switches_s_bumper1'====== Args={'value': 45, 'prev_value': None, 'change': True}
2025-10-10 07:50:47,603 : INFO : EventManager : Event: ======'machine_var_audits_switches_s_bumper2'====== Args={'value': 68, 'prev_value': None, 'change': True}
2025-10-10 07:50:47,604 : INFO : EventManager : Event: ======'machine_var_audits_switches_s_bumper_1'====== Args={'value': 0, 'prev_value': None, 'change': True}
2025-10-10 07:50:47,604 : INFO : EventManager : Event: ======'machine_var_audits_switches_s_bumper_2'====== Args={'value': 0, 'prev_value': None, 'change': True}
2025-10-10 07:50:47,604 : INFO : EventManager : Event: ======'machine_var_audits_switches_s_center_center_target'====== Args={'value': 1, 'prev_value': None, 'change': True}
2025-10-10 07:50:47,604 : INFO : EventManager : Event: ======'machine_var_audits_switches_s_center_rollover'====== Args={'value': 239, 'prev_value': None, 'change': True}
2025-10-10 07:50:47,605 : INFO : EventManager : Event: ======'machine_var_audits_switches_s_launcher_lane_spinner'====== Args={'value': 0, 'prev_value': None, 'change': True}
2025-10-10 07:50:47,605 : INFO : EventManager : Event: ======'machine_var_audits_switches_s_left_center_target'====== Args={'value': 2, 'prev_value': None, 'change': True}
2025-10-10 07:50:47,605 : INFO : EventManager : Event: ======'machine_var_audits_switches_s_left_corridor_spinner'====== Args={'value': 0, 'prev_value': None, 'change': True}
2025-10-10 07:50:47,605 : INFO : EventManager : Event: ======'machine_var_audits_switches_s_left_corridor_spinner2'====== Args={'value': 0, 'prev_value': None, 'change': True}
2025-10-10 07:50:47,606 : INFO : EventManager : Event: ======'machine_var_audits_switches_s_left_flipper'====== Args={'value': 330, 'prev_value': None, 'change': True}
2025-10-10 07:50:47,606 : INFO : EventManager : Event: ======'machine_var_audits_switches_s_left_inlane'====== Args={'value': 8, 'prev_value': None, 'change': True}
2025-10-10 07:50:47,606 : INFO : EventManager : Event: ======'machine_var_audits_switches_s_left_outlane'====== Args={'value': 3, 'prev_value': None, 'change': True}
2025-10-10 07:50:47,607 : INFO : EventManager : Event: ======'machine_var_audits_switches_s_left_rollover'====== Args={'value': 182, 'prev_value': None, 'change': True}
2025-10-10 07:50:47,607 : INFO : EventManager : Event: ======'machine_var_audits_switches_s_left_scoop'====== Args={'value': 217, 'prev_value': None, 'change': True}
2025-10-10 07:50:47,607 : INFO : EventManager : Event: ======'machine_var_audits_switches_s_left_standup'====== Args={'value': 0, 'prev_value': None, 'change': True}
2025-10-10 07:50:47,608 : INFO : EventManager : Event: ======'machine_var_audits_switches_s_middle_inlane'====== Args={'value': 20, 'prev_value': None, 'change': True}
2025-10-10 07:50:47,608 : INFO : EventManager : Event: ======'machine_var_audits_switches_s_plunger'====== Args={'value': 320, 'prev_value': None, 'change': True}
2025-10-10 07:50:47,608 : INFO : EventManager : Event: ======'machine_var_audits_switches_s_right_center_target'====== Args={'value': 1, 'prev_value': None, 'change': True}
2025-10-10 07:50:47,609 : INFO : EventManager : Event: ======'machine_var_audits_switches_s_right_corridor_spinner'====== Args={'value': 0, 'prev_value': None, 'change': True}
2025-10-10 07:50:47,609 : INFO : EventManager : Event: ======'machine_var_audits_switches_s_right_flipper'====== Args={'value': 146, 'prev_value': None, 'change': True}
2025-10-10 07:50:47,609 : INFO : EventManager : Event: ======'machine_var_audits_switches_s_right_inlane'====== Args={'value': 180, 'prev_value': None, 'change': True}
2025-10-10 07:50:47,610 : INFO : EventManager : Event: ======'machine_var_audits_switches_s_right_outlane'====== Args={'value': 3, 'prev_value': None, 'change': True}
2025-10-10 07:50:47,610 : INFO : EventManager : Event: ======'machine_var_audits_switches_s_right_rollover'====== Args={'value': 244, 'prev_value': None, 'change': True}
2025-10-10 07:50:47,610 : INFO : EventManager : Event: ======'machine_var_audits_switches_s_right_scoop'====== Args={'value': 52, 'prev_value': None, 'change': True}
2025-10-10 07:50:47,610 : INFO : EventManager : Event: ======'machine_var_audits_switches_s_right_standup'====== Args={'value': 1, 'prev_value': None, 'change': True}
2025-10-10 07:50:47,611 : INFO : EventManager : Event: ======'machine_var_audits_switches_s_sling_left'====== Args={'value': 3, 'prev_value': None, 'change': True}
2025-10-10 07:50:47,611 : INFO : EventManager : Event: ======'machine_var_audits_switches_s_sling_right'====== Args={'value': 8, 'prev_value': None, 'change': True}
2025-10-10 07:50:47,611 : INFO : EventManager : Event: ======'machine_var_audits_switches_s_standup_1'====== Args={'value': 57, 'prev_value': None, 'change': True}
2025-10-10 07:50:47,612 : INFO : EventManager : Event: ======'machine_var_audits_switches_s_standup_2'====== Args={'value': 21, 'prev_value': None, 'change': True}
2025-10-10 07:50:47,612 : INFO : EventManager : Event: ======'machine_var_audits_switches_s_standup_3'====== Args={'value': 24, 'prev_value': None, 'change': True}
2025-10-10 07:50:47,612 : INFO : EventManager : Event: ======'machine_var_audits_switches_s_standup_4'====== Args={'value': 19, 'prev_value': None, 'change': True}
2025-10-10 07:50:47,613 : INFO : EventManager : Event: ======'machine_var_audits_switches_s_standup_5'====== Args={'value': 19, 'prev_value': None, 'change': True}
2025-10-10 07:50:47,613 : INFO : EventManager : Event: ======'machine_var_audits_switches_s_standup_6'====== Args={'value': 9, 'prev_value': None, 'change': True}
2025-10-10 07:50:47,613 : INFO : EventManager : Event: ======'machine_var_audits_switches_s_start'====== Args={'value': 15, 'prev_value': None, 'change': True}
2025-10-10 07:50:47,614 : INFO : EventManager : Event: ======'machine_var_audits_switches_s_top_left_standup'====== Args={'value': 0, 'prev_value': None, 'change': True}
2025-10-10 07:50:47,614 : INFO : EventManager : Event: ======'machine_var_audits_switches_s_top_left_standup2'====== Args={'value': 15, 'prev_value': None, 'change': True}
2025-10-10 07:50:47,615 : INFO : EventManager : Event: ======'machine_var_audits_switches_s_top_middle_inlane'====== Args={'value': 41, 'prev_value': None, 'change': True}
2025-10-10 07:50:47,615 : INFO : EventManager : Event: ======'machine_var_audits_switches_s_trough1'====== Args={'value': 211, 'prev_value': None, 'change': True}
2025-10-10 07:50:47,615 : INFO : EventManager : Event: ======'machine_var_audits_switches_s_trough2'====== Args={'value': 0, 'prev_value': None, 'change': True}
2025-10-10 07:50:47,616 : INFO : EventManager : Event: ======'machine_var_audits_switches_s_trough3'====== Args={'value': 0, 'prev_value': None, 'change': True}
2025-10-10 07:50:47,616 : INFO : EventManager : Event: ======'machine_var_audits_switches_s_trough4'====== Args={'value': 0, 'prev_value': None, 'change': True}
2025-10-10 07:50:47,616 : INFO : EventManager : Event: ======'machine_var_audits_switches_s_trough5'====== Args={'value': 0, 'prev_value': None, 'change': True}
2025-10-10 07:50:47,617 : INFO : EventManager : Event: ======'machine_var_audits_switches_s_trough6'====== Args={'value': 0, 'prev_value': None, 'change': True}
2025-10-10 07:50:47,617 : INFO : EventManager : Event: ======'machine_var_audits_switches_s_trough_jam'====== Args={'value': 0, 'prev_value': None, 'change': True}
2025-10-10 07:50:47,618 : INFO : EventManager : Event: ======'init_phase_5'====== Args={}
2025-10-10 07:50:47,680 : INFO : EventManager : Event: ======'init_done'====== Args={}
2025-10-10 07:50:47,680 : INFO : EventManager : Event: ======'machine_reset_phase_1'====== Args={}
2025-10-10 07:50:47,686 : INFO : EventManager : Event: ======'machine_reset_phase_2'====== Args={}
2025-10-10 07:50:47,686 : INFO : EventManager : Event: ======'machine_reset_phase_3'====== Args={}
2025-10-10 07:50:47,687 : INFO : EventManager : Event: ======'reset_complete'====== Args={}
2025-10-10 07:50:47,687 : INFO : EventManager : Event: ======'mode_attract_will_start'====== Args={}
2025-10-10 07:50:47,687 : INFO : EventManager : Event: ======'mode_attract_starting'====== Args={}
2025-10-10 07:50:47,687 : INFO : Mode.attract : Started. Priority: 10
2025-10-10 07:50:47,687 : INFO : EventManager : Event: ======'modes_active_modes_changed'====== Args={}
2025-10-10 07:50:47,687 : INFO : EventManager : Event: ======'mode_attract_started'====== Args={}
2025-10-10 07:50:47,688 : INFO : EventManager : Event: ======'collecting_balls_complete'====== Args={}
2025-10-10 07:50:47,735 : INFO : EventManager : Event: ======'slide_awesome_slide_created'====== Args={'_from_bcp': True}
2025-10-10 07:50:47,735 : INFO : EventManager : Event: ======'slide_awesome_slide_active'====== Args={'_from_bcp': True}
2025-10-10 07:50:47,735 : INFO : Machine : Starting the main run loop.
2025-10-10 07:50:47,792 : INFO : BcpServer : New client connected.
2025-10-10 07:50:49,982 : INFO : SwitchController : <<<<<<< 's_start' active >>>>>>>
2025-10-10 07:50:50,070 : INFO : SwitchController : <<<<<<< 's_start' inactive >>>>>>>
2025-10-10 07:50:50,070 : INFO : EventManager : Event: ======'request_to_start_game'====== Args={}
2025-10-10 07:50:50,071 : INFO : EventManager : Event: ======'game_start'====== Args={'buttons': [], 'hold_time': 0.09399999998277053}
2025-10-10 07:50:50,071 : INFO : EventManager : Event: ======'mode_game_will_start'====== Args={'buttons': [], 'hold_time': 0.09399999998277053}
2025-10-10 07:50:50,072 : INFO : EventManager : Event: ======'mode_game_starting'====== Args={'buttons': [], 'hold_time': 0.09399999998277053}
2025-10-10 07:50:50,072 : INFO : EventManager : Event: ======'mode_attract_will_stop'====== Args={}
2025-10-10 07:50:50,073 : INFO : EventManager : Event: ======'mode_attract_stopping'====== Args={}
2025-10-10 07:50:50,073 : INFO : Mode.attract : Stopped.
2025-10-10 07:50:50,073 : INFO : EventManager : Event: ======'modes_active_modes_changed'====== Args={}
2025-10-10 07:50:50,073 : INFO : EventManager : Event: ======'mode_attract_stopped'====== Args={}
2025-10-10 07:50:50,073 : INFO : EventManager : Event: ======'clear'====== Args={'key': 'attract'}
2025-10-10 07:50:50,074 : INFO : Mode.game : Started. Priority: 20
2025-10-10 07:50:50,074 : INFO : EventManager : Event: ======'modes_active_modes_changed'====== Args={}
2025-10-10 07:50:50,074 : INFO : EventManager : Event: ======'mode_game_started'====== Args={'buttons': [], 'hold_time': 0.09399999998277053}
2025-10-10 07:50:50,091 : INFO : EventManager : Event: ======'game_will_start'====== Args={}
2025-10-10 07:50:50,092 : INFO : EventManager : Event: ======'game_starting'====== Args={'game': <Mode.game>}
2025-10-10 07:50:50,094 : INFO : EventManager : Unordered handler for class <Auditor> on event game_ended with priority 1. Handlers: [RegisteredHandler(callback=<bound method Auditor.disable of <Auditor>>, priority=1, kwargs={}, key=UUID('3ae8c6c5-d19f-44a3-b12e-c1755de4f528'), condition=None, blocking_facility=None), RegisteredHandler(callback=<bound method Auditor._save_audits of <Auditor>>, priority=1, kwargs={}, key=UUID('d04aac57-1007-42ad-8e68-60ec45d47408'), condition=None, blocking_facility=None)]. The order of those handlers is not defined and they will be executed in random order. This might lead to race conditions and potential bugs.
2025-10-10 07:50:50,094 : INFO : EventManager : Event: ======'player_add_request'====== Args={}
2025-10-10 07:50:50,095 : INFO : EventManager : Event: ======'player_will_add'====== Args={'number': 1}
2025-10-10 07:50:50,095 : INFO : EventManager : Event: ======'player_adding'====== Args={'player': <Player 1>, 'number': 1}
2025-10-10 07:50:50,095 : INFO : EventManager : Event: ======'player_added'====== Args={'player': <Player 1>, 'num': 1}
2025-10-10 07:50:50,096 : INFO : Mode.game : Player added successfully. Total players: 1
2025-10-10 07:50:50,096 : INFO : EventManager : Event: ======'player_index'====== Args={'value': 0, 'prev_value': 0, 'change': 0, 'player_num': 1}
2025-10-10 07:50:50,097 : INFO : EventManager : Event: ======'player_number'====== Args={'value': 1, 'prev_value': 1, 'change': 0, 'player_num': 1}
2025-10-10 07:50:50,097 : INFO : EventManager : Event: ======'player_sj_active'====== Args={'value': 0, 'prev_value': 0, 'change': 0, 'player_num': 1}
2025-10-10 07:50:50,097 : INFO : EventManager : Event: ======'player_score'====== Args={'value': 0, 'prev_value': 0, 'change': 0, 'player_num': 1}
2025-10-10 07:50:50,099 : INFO : EventManager : Event: ======'slide_awesome_slide_removed'====== Args={'_from_bcp': True}
2025-10-10 07:50:50,099 : INFO : EventManager : Event: ======'slide_window_blank_active'====== Args={'_from_bcp': True}
2025-10-10 07:50:50,099 : INFO : EventManager : Event: ======'game_started'====== Args={}
2025-10-10 07:50:50,137 : INFO : EventManager : Event: ======'player_turn_will_start'====== Args={'player': <Player 1>, 'number': 1}
2025-10-10 07:50:50,137 : INFO : EventManager : Event: ======'player_turn_starting'====== Args={'player': <Player 1>, 'number': 1}
2025-10-10 07:50:50,138 : INFO : EventManager : Event: ======'player_ball'====== Args={'value': 1, 'prev_value': 0, 'change': 1, 'player_num': 1}
2025-10-10 07:50:50,138 : INFO : EventManager : Event: ======'player_turn_started'====== Args={'player': <Player 1>, 'number': 1}
2025-10-10 07:50:50,139 : INFO : EventManager : Event: ======'ball_will_start'====== Args={'player': 1, 'ball': 1, 'balls_remaining': 2, 'is_extra_ball': False}
2025-10-10 07:50:50,143 : INFO : EventManager : Event: ======'ball_starting'====== Args={'player': 1, 'ball': 1, 'balls_remaining': 2, 'is_extra_ball': False}
2025-10-10 07:50:50,143 : INFO : EventManager : Event: ======'mode_super_jets_setup_will_start'====== Args={'queue': <QueuedEvent>, 'player': 1, 'ball': 1, 'balls_remaining': 2, 'is_extra_ball': False}
2025-10-10 07:50:50,144 : INFO : EventManager : Event: ======'player_shot_jets_enabled'====== Args={'value': True, 'prev_value': 0, 'change': 1, 'player_num': 1}
2025-10-10 07:50:50,145 : INFO : EventManager : Event: ======'player_shot_right_rollover_enabled'====== Args={'value': True, 'prev_value': 0, 'change': 1, 'player_num': 1}
2025-10-10 07:50:50,145 : INFO : EventManager : Event: ======'player_shot_left_rollover_enabled'====== Args={'value': True, 'prev_value': 0, 'change': 1, 'player_num': 1}
2025-10-10 07:50:50,146 : INFO : EventManager : Event: ======'mode_super_jets_setup_starting'====== Args={'queue': <QueuedEvent>, 'player': 1, 'ball': 1, 'balls_remaining': 2, 'is_extra_ball': False}
2025-10-10 07:50:50,147 : INFO : EventManager : Event: ======'balls_in_play'====== Args={'balls': 1}
2025-10-10 07:50:50,147 : INFO : EventManager : Event: ======'ball_started'====== Args={'player': 1, 'ball': 1, 'balls_remaining': 2, 'is_extra_ball': False}
2025-10-10 07:50:50,148 : INFO : EventManager : Event: ======'logicblock_lb_jets_count_updated'====== Args={'value': 0, 'enabled': True}
2025-10-10 07:50:50,148 : INFO : EventManager : Event: ======'logicblock_lb_rollover_complete_count_updated'====== Args={'value': 0, 'enabled': True}
2025-10-10 07:50:50,148 : INFO : EventManager : Event: ======'logicblock_lb_jets_count_updated'====== Args={'value': 0, 'enabled': True}
2025-10-10 07:50:50,148 : INFO : EventManager : Event: ======'logicblock_lb_jets_resume_updated'====== Args={'value': 0, 'enabled': False}
2025-10-10 07:50:50,148 : INFO : EventManager : Event: ======'logicblock_lb_rollover_complete_count_updated'====== Args={'value': 0, 'enabled': True}
2025-10-10 07:50:50,148 : INFO : Mode.super_jets_setup : Started. Priority: 200
2025-10-10 07:50:50,148 : INFO : EventManager : Event: ======'modes_active_modes_changed'====== Args={}
2025-10-10 07:50:50,148 : INFO : EventManager : Event: ======'mode_super_jets_setup_started'====== Args={'queue': <QueuedEvent>, 'player': 1, 'ball': 1, 'balls_remaining': 2, 'is_extra_ball': False}
2025-10-10 07:50:50,149 : INFO : EventManager : Event: ======'mode_base_will_start'====== Args={'player': 1, 'ball': 1, 'balls_remaining': 2, 'is_extra_ball': False}
2025-10-10 07:50:50,149 : INFO : EventManager : Event: ======'player_shot_left_rollover_shot_enabled'====== Args={'value': True, 'prev_value': 0, 'change': 1, 'player_num': 1}
2025-10-10 07:50:50,150 : INFO : EventManager : Event: ======'player_shot_center_rollover_shot_enabled'====== Args={'value': True, 'prev_value': 0, 'change': 1, 'player_num': 1}
2025-10-10 07:50:50,150 : INFO : EventManager : Event: ======'player_shot_right_rollover_shot_enabled'====== Args={'value': True, 'prev_value': 0, 'change': 1, 'player_num': 1}
2025-10-10 07:50:50,151 : INFO : EventManager : Event: ======'player_shot_right_scoop_shot_enabled'====== Args={'value': True, 'prev_value': 0, 'change': 1, 'player_num': 1}
2025-10-10 07:50:50,151 : INFO : EventManager : Event: ======'player_shot_bumper1_shot_enabled'====== Args={'value': True, 'prev_value': 0, 'change': 1, 'player_num': 1}
2025-10-10 07:50:50,152 : INFO : EventManager : Event: ======'player_shot_bumper2_shot_enabled'====== Args={'value': True, 'prev_value': 0, 'change': 1, 'player_num': 1}
2025-10-10 07:50:50,152 : INFO : EventManager : Event: ======'player_shot_right_inlane_shot_enabled'====== Args={'value': True, 'prev_value': 0, 'change': 1, 'player_num': 1}
2025-10-10 07:50:50,152 : INFO : EventManager : Event: ======'rollover_lanes_complete'====== Args={'state': 'unlit'}
2025-10-10 07:50:50,152 : INFO : EventManager : Event: ======'rollover_lanes_unlit_complete'====== Args={}
2025-10-10 07:50:50,154 : INFO : EventManager : Event: ======'mode_base_starting'====== Args={'player': 1, 'ball': 1, 'balls_remaining': 2, 'is_extra_ball': False}
2025-10-10 07:50:50,155 : INFO : EventManager : Event: ======'logicblock_lb_rollover_complete_count_updated'====== Args={'value': 1, 'enabled': True}
2025-10-10 07:50:50,155 : INFO : EventManager : Event: ======'rollover_lanes_done'====== Args={'count': 1, 'hits': 1, 'remaining': 39}
2025-10-10 07:50:50,156 : INFO : EventManager : Event: ======'logicblock_my_counter_updated'====== Args={'value': 0, 'enabled': True}
2025-10-10 07:50:50,157 : INFO : EventManager : Event: ======'logicblock_right_scoop_updated'====== Args={'value': [False, False, False], 'enabled': True}
2025-10-10 07:50:50,157 : INFO : EventManager : Event: ======'logicblock_my_counter_updated'====== Args={'value': 0, 'enabled': True}
2025-10-10 07:50:50,157 : INFO : EventManager : Event: ======'logicblock_right_scoop_updated'====== Args={'value': [False, False, False], 'enabled': True}
2025-10-10 07:50:50,157 : INFO : Mode.base : Started. Priority: 100
2025-10-10 07:50:50,157 : INFO : EventManager : Event: ======'modes_active_modes_changed'====== Args={}
2025-10-10 07:50:50,157 : INFO : EventManager : Event: ======'mode_base_started'====== Args={'player': 1, 'ball': 1, 'balls_remaining': 2, 'is_extra_ball': False}
2025-10-10 07:50:50,158 : INFO : EventManager : Event: ======'single_player_ball_started'====== Args={}
2025-10-10 07:50:50,196 : INFO : EventManager : Event: ======'ball_start_target'====== Args={'target': 'playfield'}
2025-10-10 07:50:50,238 : INFO : ball_device.bd_plunger : Setting up player-controlled eject. Balls: 1, Target: <playfield.playfield>, player_controlled_eject_event: None
2025-10-10 07:50:50,239 : INFO : EventManager : Event: ======'balldevice_balls_available'====== Args={}
2025-10-10 07:50:50,239 : INFO : EventManager : Event: ======'slide_base.slide_player-mode_base_started_created'====== Args={'_from_bcp': True}
2025-10-10 07:50:50,239 : INFO : EventManager : Event: ======'slide_base.slide_player-mode_base_started_active'====== Args={'_from_bcp': True}
2025-10-10 07:50:50,240 : INFO : ball_device.bd_trough : State: waiting_for_target_ready
2025-10-10 07:50:50,240 : INFO : EventManager : Event: ======'balldevice_bd_trough_ball_eject_attempt'====== Args={'balls': 1, 'target': <ball_device.bd_plunger>, 'source': <ball_device.bd_trough>, 'mechanical_eject': True, 'num_attempts': 0}
2025-10-10 07:50:50,241 : INFO : ball_device.bd_plunger : State: waiting_for_ball
2025-10-10 07:50:50,241 : INFO : ball_device.bd_trough : State: ejecting
2025-10-10 07:50:50,241 : INFO : ball_device.bd_trough : Ejecting ball to <ball_device.bd_plunger>
2025-10-10 07:50:50,241 : INFO : EventManager : Event: ======'balldevice_bd_trough_ejecting_ball'====== Args={'balls': 1, 'target': <ball_device.bd_plunger>, 'source': <ball_device.bd_trough>, 'mechanical_eject': True, 'num_attempts': 0}
2025-10-10 07:50:50,242 : INFO : ball_device.bd_trough : Wait for ball to leave device
2025-10-10 07:50:50,242 : INFO : coil.c_trough_eject : Pulsing Driver for 20ms (1.0 pulse_power)
2025-10-10 07:50:50,243 : INFO : SwitchController : <<<<<<< 's_trough1' inactive >>>>>>>
2025-10-10 07:50:50,249 : INFO : ball_device.bd_trough : State: ball_left
2025-10-10 07:50:50,249 : INFO : ball_device.bd_trough : Ball left
2025-10-10 07:50:50,249 : INFO : ball_device.bd_trough : Wait for confirm with timeout 3.0
2025-10-10 07:50:50,337 : INFO : SwitchController : <<<<<<< 's_plunger' active >>>>>>>
2025-10-10 07:50:50,337 : INFO : EventManager : Event: ======'machine_var_audits_switches_s_plunger'====== Args={'value': 321, 'prev_value': 320, 'change': 1}
2025-10-10 07:50:50,835 : INFO : ball_device.bd_plunger : Received ball from <ball_device.bd_trough>
2025-10-10 07:50:50,835 : INFO : EventManager : Event: ======'balldevice_bd_plunger_ball_enter'====== Args={'new_balls': 1, 'unclaimed_balls': 0, 'new_available_balls': 0, 'device': <ball_device.bd_plunger>}
2025-10-10 07:50:50,837 : INFO : EventManager : Event: ======'balldevice_bd_plunger_ball_entered'====== Args={'new_balls': 0, 'device': <ball_device.bd_plunger>}
2025-10-10 07:50:50,839 : INFO : EventManager : Event: ======'balldevice_bd_plunger_ball_count_changed'====== Args={'balls': 1}
2025-10-10 07:50:50,840 : INFO : ball_device.bd_trough : Got eject confirm
2025-10-10 07:50:50,840 : INFO : ball_device.bd_trough : Eject successful
2025-10-10 07:50:50,840 : INFO : EventManager : Event: ======'balldevice_bd_trough_ball_eject_success'====== Args={'balls': 1, 'target': <ball_device.bd_plunger>}
2025-10-10 07:50:50,842 : INFO : EventManager : Event: ======'balldevice_bd_trough_ball_count_changed'====== Args={'balls': 5}
2025-10-10 07:50:50,842 : INFO : ball_device.bd_trough : State: idle
2025-10-10 07:50:50,844 : INFO : ball_device.bd_plunger : State: waiting_for_target_ready
2025-10-10 07:50:50,844 : INFO : EventManager : Event: ======'balldevice_bd_plunger_ball_eject_attempt'====== Args={'balls': 1, 'target': <playfield.playfield>, 'source': <ball_device.bd_plunger>, 'mechanical_eject': True, 'num_attempts': 0}
2025-10-10 07:50:50,846 : INFO : ball_device.bd_plunger : State: ejecting
2025-10-10 07:50:50,847 : INFO : ball_device.bd_plunger : Ejecting ball to <playfield.playfield>
2025-10-10 07:50:50,847 : INFO : EventManager : Event: ======'balldevice_bd_plunger_ejecting_ball'====== Args={'balls': 1, 'target': <playfield.playfield>, 'source': <ball_device.bd_plunger>, 'mechanical_eject': True, 'num_attempts': 0}
2025-10-10 07:50:50,851 : INFO : ball_device.bd_plunger : Wait for ball to leave device
2025-10-10 07:50:52,378 : WARNING : SwitchController : Received duplicate switch state 1 for switch s_plunger from the platform interface. Log Code: Log-SwitchController-1 (https://missionpinball.org/logs)
2025-10-10 07:50:52,468 : INFO : SwitchController : <<<<<<< 's_plunger' inactive >>>>>>>
2025-10-10 07:50:52,516 : INFO : ball_device.bd_plunger : State: ball_left
2025-10-10 07:50:52,517 : INFO : ball_device.bd_plunger : Ball left
2025-10-10 07:50:52,517 : INFO : ball_device.bd_plunger : Wait for confirm with timeout 5.0
2025-10-10 07:50:55,584 : INFO : SwitchController : <<<<<<< 's_right_rollover' active >>>>>>>
2025-10-10 07:50:55,584 : INFO : EventManager : Event: ======'playfield_active'====== Args={}
2025-10-10 07:50:55,584 : INFO : EventManager : Event: ======'playfield_active'====== Args={}
2025-10-10 07:50:55,584 : INFO : EventManager : Event: ======'s_right_rollover_active'====== Args={}
2025-10-10 07:50:55,585 : INFO : EventManager : Event: ======'machine_var_audits_switches_s_right_rollover'====== Args={'value': 245, 'prev_value': 244, 'change': 1}
2025-10-10 07:50:55,587 : INFO : EventManager : Event: ======'player_shot_right_rollover'====== Args={'value': 1, 'prev_value': 0, 'change': 1, 'player_num': 1}
2025-10-10 07:50:55,588 : INFO : EventManager : Event: ======'machine_var_audits_shots_right_rollover'====== Args={'value': 10, 'prev_value': 9, 'change': 1}
2025-10-10 07:50:55,590 : INFO : EventManager : Event: ======'right_rollover_hit'====== Args={'profile': 'default', 'state': 'unlit', 'advancing': True}
2025-10-10 07:50:55,590 : INFO : EventManager : Event: ======'right_rollover_default_hit'====== Args={'profile': 'default', 'state': 'unlit', 'advancing': True}
2025-10-10 07:50:55,591 : INFO : EventManager : Event: ======'right_rollover_default_unlit_hit'====== Args={'profile': 'default', 'state': 'unlit', 'advancing': True}
2025-10-10 07:50:55,591 : INFO : EventManager : Event: ======'right_rollover_unlit_hit'====== Args={'profile': 'default', 'state': 'unlit', 'advancing': True}
2025-10-10 07:50:55,591 : INFO : EventManager : Event: ======'player_shot_right_rollover_shot'====== Args={'value': 1, 'prev_value': 0, 'change': 1, 'player_num': 1}
2025-10-10 07:50:55,592 : INFO : EventManager : Event: ======'machine_var_audits_shots_right_rollover_shot'====== Args={'value': 236, 'prev_value': 235, 'change': 1}
2025-10-10 07:50:55,594 : INFO : EventManager : Event: ======'right_rollover_shot_hit'====== Args={'profile': 'default', 'state': 'unlit', 'advancing': True}
2025-10-10 07:50:55,595 : INFO : EventManager : Event: ======'right_rollover_shot_default_hit'====== Args={'profile': 'default', 'state': 'unlit', 'advancing': True}
2025-10-10 07:50:55,595 : INFO : EventManager : Event: ======'right_rollover_shot_default_unlit_hit'====== Args={'profile': 'default', 'state': 'unlit', 'advancing': True}
2025-10-10 07:50:55,595 : INFO : EventManager : Event: ======'right_rollover_shot_unlit_hit'====== Args={'profile': 'default', 'state': 'unlit', 'advancing': True}
2025-10-10 07:50:55,596 : INFO : EventManager : Event: ======'player_score'====== Args={'value': 300, 'prev_value': 0, 'change': 300, 'player_num': 1, 'source': 'base'}
2025-10-10 07:50:55,596 : INFO : EventManager : Event: ======'logicblock_right_scoop_updated'====== Args={'value': [False, False, True], 'enabled': True}
2025-10-10 07:50:55,596 : INFO : EventManager : Event: ======'logicblock_right_scoop_hit'====== Args={'step': 2}
2025-10-10 07:50:55,596 : INFO : EventManager : Event: ======'rollover_lanes_hit'====== Args={}
2025-10-10 07:50:55,597 : INFO : EventManager : Event: ======'rollover_lanes_unlit_hit'====== Args={}
2025-10-10 07:50:55,646 : INFO : ball_device.bd_plunger : Got eject confirm
2025-10-10 07:50:55,646 : INFO : ball_device.bd_plunger : Eject successful
2025-10-10 07:50:55,646 : INFO : EventManager : Event: ======'balldevice_bd_plunger_ball_eject_success'====== Args={'balls': 1, 'target': <playfield.playfield>}
2025-10-10 07:50:55,647 : INFO : EventManager : Event: ======'balldevice_playfield_ball_enter'====== Args={'new_balls': 1, 'unclaimed_balls': 1, 'device': <playfield.playfield>}
2025-10-10 07:50:55,647 : INFO : EventManager : Event: ======'playfield_ball_count_change'====== Args={'balls': 1, 'change': 1}
2025-10-10 07:50:55,647 : INFO : EventManager : Event: ======'balldevice_bd_plunger_ball_count_changed'====== Args={'balls': 0}
2025-10-10 07:50:55,647 : INFO : ball_device.bd_plunger : State: idle
2025-10-10 07:50:55,729 : INFO : SwitchController : <<<<<<< 's_right_rollover' inactive >>>>>>>
2025-10-10 07:50:57,919 : INFO : SwitchController : <<<<<<< 's_center_rollover' active >>>>>>>
2025-10-10 07:50:57,920 : INFO : EventManager : Event: ======'s_center_rollover_active'====== Args={}
2025-10-10 07:50:57,920 : INFO : EventManager : Event: ======'machine_var_audits_switches_s_center_rollover'====== Args={'value': 240, 'prev_value': 239, 'change': 1}
2025-10-10 07:50:57,926 : INFO : EventManager : Event: ======'player_shot_center_rollover_shot'====== Args={'value': 1, 'prev_value': 0, 'change': 1, 'player_num': 1}
2025-10-10 07:50:57,928 : INFO : EventManager : Event: ======'machine_var_audits_shots_center_rollover_shot'====== Args={'value': 231, 'prev_value': 230, 'change': 1}
2025-10-10 07:50:57,937 : INFO : EventManager : Event: ======'center_rollover_shot_hit'====== Args={'profile': 'default', 'state': 'unlit', 'advancing': True}
2025-10-10 07:50:57,937 : INFO : EventManager : Event: ======'center_rollover_shot_default_hit'====== Args={'profile': 'default', 'state': 'unlit', 'advancing': True}
2025-10-10 07:50:57,938 : INFO : EventManager : Event: ======'center_rollover_shot_default_unlit_hit'====== Args={'profile': 'default', 'state': 'unlit', 'advancing': True}
2025-10-10 07:50:57,938 : INFO : EventManager : Event: ======'center_rollover_shot_unlit_hit'====== Args={'profile': 'default', 'state': 'unlit', 'advancing': True}
2025-10-10 07:50:57,938 : INFO : EventManager : Event: ======'player_score'====== Args={'value': 500, 'prev_value': 300, 'change': 200, 'player_num': 1, 'source': 'base'}
2025-10-10 07:50:57,939 : INFO : EventManager : Event: ======'logicblock_right_scoop_updated'====== Args={'value': [False, True, True], 'enabled': True}
2025-10-10 07:50:57,939 : INFO : EventManager : Event: ======'logicblock_right_scoop_hit'====== Args={'step': 1}
2025-10-10 07:50:57,940 : INFO : EventManager : Event: ======'rollover_lanes_hit'====== Args={}
2025-10-10 07:50:57,940 : INFO : EventManager : Event: ======'rollover_lanes_unlit_hit'====== Args={}
2025-10-10 07:50:58,059 : INFO : SwitchController : <<<<<<< 's_center_rollover' inactive >>>>>>>
2025-10-10 07:51:00,191 : INFO : SwitchController : <<<<<<< 's_left_rollover' active >>>>>>>
2025-10-10 07:51:00,191 : INFO : EventManager : Event: ======'s_left_rollover_active'====== Args={}
2025-10-10 07:51:00,192 : INFO : EventManager : Event: ======'machine_var_audits_switches_s_left_rollover'====== Args={'value': 183, 'prev_value': 182, 'change': 1}
2025-10-10 07:51:00,194 : INFO : EventManager : Event: ======'player_shot_left_rollover'====== Args={'value': 1, 'prev_value': 0, 'change': 1, 'player_num': 1}
2025-10-10 07:51:00,195 : INFO : EventManager : Event: ======'machine_var_audits_shots_left_rollover'====== Args={'value': 8, 'prev_value': 7, 'change': 1}
2025-10-10 07:51:00,197 : INFO : EventManager : Event: ======'left_rollover_hit'====== Args={'profile': 'default', 'state': 'unlit', 'advancing': True}
2025-10-10 07:51:00,197 : INFO : EventManager : Event: ======'left_rollover_default_hit'====== Args={'profile': 'default', 'state': 'unlit', 'advancing': True}
2025-10-10 07:51:00,197 : INFO : EventManager : Event: ======'left_rollover_default_unlit_hit'====== Args={'profile': 'default', 'state': 'unlit', 'advancing': True}
2025-10-10 07:51:00,197 : INFO : EventManager : Event: ======'left_rollover_unlit_hit'====== Args={'profile': 'default', 'state': 'unlit', 'advancing': True}
2025-10-10 07:51:00,198 : INFO : EventManager : Event: ======'player_shot_left_rollover_shot'====== Args={'value': 1, 'prev_value': 0, 'change': 1, 'player_num': 1}
2025-10-10 07:51:00,198 : INFO : EventManager : Event: ======'machine_var_audits_shots_left_rollover_shot'====== Args={'value': 175, 'prev_value': 174, 'change': 1}
2025-10-10 07:51:00,200 : INFO : EventManager : Event: ======'left_rollover_shot_hit'====== Args={'profile': 'default', 'state': 'unlit', 'advancing': True}
2025-10-10 07:51:00,200 : INFO : EventManager : Event: ======'left_rollover_shot_default_hit'====== Args={'profile': 'default', 'state': 'unlit', 'advancing': True}
2025-10-10 07:51:00,201 : INFO : EventManager : Event: ======'left_rollover_shot_default_unlit_hit'====== Args={'profile': 'default', 'state': 'unlit', 'advancing': True}
2025-10-10 07:51:00,201 : INFO : EventManager : Event: ======'left_rollover_shot_unlit_hit'====== Args={'profile': 'default', 'state': 'unlit', 'advancing': True}
2025-10-10 07:51:00,201 : INFO : EventManager : Event: ======'rollover_lanes_complete'====== Args={'state': 'lit'}
2025-10-10 07:51:00,202 : INFO : EventManager : Event: ======'rollover_lanes_lit_complete'====== Args={}
2025-10-10 07:51:00,202 : INFO : EventManager : Event: ======'logicblock_lb_rollover_complete_count_updated'====== Args={'value': 2, 'enabled': True}
2025-10-10 07:51:00,203 : INFO : EventManager : Event: ======'rollover_lanes_done'====== Args={'count': 2, 'hits': 2, 'remaining': 38}
2025-10-10 07:51:00,203 : INFO : EventManager : Event: ======'mode_skillshot_will_start'====== Args={}
2025-10-10 07:51:00,204 : INFO : EventManager : Event: ======'player_skillshot_mode_timer_tick'====== Args={'value': 5, 'prev_value': 0, 'change': 5, 'player_num': 1}
2025-10-10 07:51:00,204 : INFO : Timer.mode_timer : Starting Timer.
2025-10-10 07:51:00,204 : INFO : EventManager : Event: ======'timer_mode_timer_started'====== Args={'ticks': 5, 'ticks_remaining': 5}
2025-10-10 07:51:00,217 : INFO : EventManager : Event: ======'timer_mode_timer_tick'====== Args={'ticks': 5, 'ticks_remaining': 5}
2025-10-10 07:51:00,217 : INFO : EventManager : Event: ======'player_skillshot_target_rotator_tick'====== Args={'value': 0, 'prev_value': 0, 'change': 0, 'player_num': 1}
2025-10-10 07:51:00,217 : INFO : Timer.target_rotator : Starting Timer.
2025-10-10 07:51:00,218 : INFO : EventManager : Event: ======'timer_target_rotator_started'====== Args={'ticks': 0, 'ticks_remaining': 0}
2025-10-10 07:51:00,218 : INFO : EventManager : Event: ======'timer_target_rotator_tick'====== Args={'ticks': 0, 'ticks_remaining': 0}
2025-10-10 07:51:00,218 : INFO : EventManager : Event: ======'standups_skill_complete'====== Args={'state': 'None'}
2025-10-10 07:51:00,218 : INFO : EventManager : Event: ======'standups_skill_None_complete'====== Args={}
2025-10-10 07:51:00,219 : INFO : EventManager : Event: ======'player_shot_standup_1_skill_enabled'====== Args={'value': True, 'prev_value': 0, 'change': 1, 'player_num': 1}
2025-10-10 07:51:00,220 : INFO : EventManager : Event: ======'player_shot_standup_2_skill_enabled'====== Args={'value': True, 'prev_value': 0, 'change': 1, 'player_num': 1}
2025-10-10 07:51:00,221 : INFO : EventManager : Event: ======'player_shot_standup_3_skill_enabled'====== Args={'value': True, 'prev_value': 0, 'change': 1, 'player_num': 1}
2025-10-10 07:51:00,221 : INFO : EventManager : Event: ======'player_shot_standup_4_skill_enabled'====== Args={'value': True, 'prev_value': 0, 'change': 1, 'player_num': 1}
2025-10-10 07:51:00,222 : INFO : EventManager : Event: ======'player_shot_standup_5_skill_enabled'====== Args={'value': True, 'prev_value': 0, 'change': 1, 'player_num': 1}
2025-10-10 07:51:00,222 : INFO : EventManager : Event: ======'player_shot_standup_6_skill_enabled'====== Args={'value': True, 'prev_value': 0, 'change': 1, 'player_num': 1}
2025-10-10 07:51:00,227 : INFO : EventManager : Event: ======'mode_skillshot_starting'====== Args={}
2025-10-10 07:51:00,227 : INFO : EventManager : Event: ======'player_shot_left_rollover_shot'====== Args={'value': 0, 'prev_value': 1, 'change': -1, 'player_num': 1}
2025-10-10 07:51:00,227 : INFO : EventManager : Event: ======'player_shot_center_rollover_shot'====== Args={'value': 0, 'prev_value': 1, 'change': -1, 'player_num': 1}
2025-10-10 07:51:00,227 : INFO : EventManager : Event: ======'player_shot_right_rollover_shot'====== Args={'value': 0, 'prev_value': 1, 'change': -1, 'player_num': 1}
2025-10-10 07:51:00,228 : INFO : EventManager : Event: ======'player_score'====== Args={'value': 5500, 'prev_value': 500, 'change': 5000, 'player_num': 1, 'source': 'base'}
2025-10-10 07:51:00,228 : INFO : EventManager : Event: ======'rollover_lanes_complete'====== Args={'state': 'unlit'}
2025-10-10 07:51:00,229 : INFO : EventManager : Event: ======'rollover_lanes_unlit_complete'====== Args={}
2025-10-10 07:51:00,229 : INFO : EventManager : Event: ======'logicblock_lb_rollover_complete_count_updated'====== Args={'value': 3, 'enabled': True}
2025-10-10 07:51:00,229 : INFO : EventManager : Event: ======'rollover_lanes_done'====== Args={'count': 3, 'hits': 3, 'remaining': 37}
2025-10-10 07:51:00,233 : INFO : EventManager : Event: ======'player_score'====== Args={'value': 5600, 'prev_value': 5500, 'change': 100, 'player_num': 1, 'source': 'base'}
2025-10-10 07:51:00,233 : INFO : EventManager : Event: ======'logicblock_right_scoop_updated'====== Args={'value': [True, True, True], 'enabled': True}
2025-10-10 07:51:00,234 : INFO : EventManager : Event: ======'logicblock_right_scoop_hit'====== Args={'step': 0}
2025-10-10 07:51:00,234 : INFO : EventManager : Event: ======'enable_right_scoop_shot'====== Args={}
2025-10-10 07:51:00,234 : INFO : EventManager : Event: ======'logicblock_right_scoop_updated'====== Args={'value': [False, False, False], 'enabled': True}
2025-10-10 07:51:00,234 : INFO : EventManager : Event: ======'logicblock_right_scoop_updated'====== Args={'value': [False, False, False], 'enabled': False}
2025-10-10 07:51:00,234 : INFO : EventManager : Event: ======'rollover_lanes_hit'====== Args={}
2025-10-10 07:51:00,234 : INFO : EventManager : Event: ======'rollover_lanes_unlit_hit'====== Args={}
2025-10-10 07:51:00,236 : INFO : Mode.skillshot : Started. Priority: 250
2025-10-10 07:51:00,236 : INFO : EventManager : Event: ======'modes_active_modes_changed'====== Args={}
2025-10-10 07:51:00,236 : INFO : EventManager : Event: ======'mode_skillshot_started'====== Args={}
2025-10-10 07:51:00,237 : INFO : EventManager : Event: ======'player_shot_standup_1_skill'====== Args={'value': 1, 'prev_value': 0, 'change': 1, 'player_num': 1}
2025-10-10 07:51:00,300 : INFO : EventManager : Event: ======'slide_skillshot.slide_player-mode_skillshot_started_created'====== Args={'_from_bcp': True}
2025-10-10 07:51:00,300 : INFO : EventManager : Event: ======'slide_skillshot.slide_player-mode_skillshot_started_active'====== Args={'_from_bcp': True}
2025-10-10 07:51:00,366 : INFO : SwitchController : <<<<<<< 's_left_rollover' inactive >>>>>>>
2025-10-10 07:51:01,195 : INFO : EventManager : Event: ======'player_skillshot_mode_timer_tick'====== Args={'value': 4, 'prev_value': 5, 'change': -1, 'player_num': 1}
2025-10-10 07:51:01,196 : INFO : EventManager : Event: ======'timer_mode_timer_tick'====== Args={'ticks': 4, 'ticks_remaining': 4}
2025-10-10 07:51:01,214 : INFO : EventManager : Event: ======'player_skillshot_target_rotator_tick'====== Args={'value': 1, 'prev_value': 0, 'change': 1, 'player_num': 1}
2025-10-10 07:51:01,215 : INFO : EventManager : Event: ======'timer_target_rotator_tick'====== Args={'ticks': 1, 'ticks_remaining': 0}
2025-10-10 07:51:01,219 : INFO : EventManager : Event: ======'player_shot_standup_1_skill'====== Args={'value': 0, 'prev_value': 1, 'change': -1, 'player_num': 1}
2025-10-10 07:51:01,220 : INFO : EventManager : Event: ======'player_shot_standup_2_skill'====== Args={'value': 1, 'prev_value': 0, 'change': 1, 'player_num': 1}
2025-10-10 07:51:02,195 : INFO : EventManager : Event: ======'player_skillshot_mode_timer_tick'====== Args={'value': 3, 'prev_value': 4, 'change': -1, 'player_num': 1}
2025-10-10 07:51:02,197 : INFO : EventManager : Event: ======'timer_mode_timer_tick'====== Args={'ticks': 3, 'ticks_remaining': 3}
2025-10-10 07:51:02,212 : INFO : EventManager : Event: ======'player_skillshot_target_rotator_tick'====== Args={'value': 2, 'prev_value': 1, 'change': 1, 'player_num': 1}
2025-10-10 07:51:02,214 : INFO : EventManager : Event: ======'timer_target_rotator_tick'====== Args={'ticks': 2, 'ticks_remaining': 0}
2025-10-10 07:51:02,217 : INFO : EventManager : Event: ======'player_shot_standup_2_skill'====== Args={'value': 0, 'prev_value': 1, 'change': -1, 'player_num': 1}
2025-10-10 07:51:02,218 : INFO : EventManager : Event: ======'player_shot_standup_3_skill'====== Args={'value': 1, 'prev_value': 0, 'change': 1, 'player_num': 1}
2025-10-10 07:51:03,196 : INFO : EventManager : Event: ======'player_skillshot_mode_timer_tick'====== Args={'value': 2, 'prev_value': 3, 'change': -1, 'player_num': 1}
2025-10-10 07:51:03,198 : INFO : EventManager : Event: ======'timer_mode_timer_tick'====== Args={'ticks': 2, 'ticks_remaining': 2}
2025-10-10 07:51:03,223 : INFO : EventManager : Event: ======'player_skillshot_target_rotator_tick'====== Args={'value': 3, 'prev_value': 2, 'change': 1, 'player_num': 1}
2025-10-10 07:51:03,225 : INFO : EventManager : Event: ======'timer_target_rotator_tick'====== Args={'ticks': 3, 'ticks_remaining': 0}
2025-10-10 07:51:03,233 : INFO : EventManager : Event: ======'player_shot_standup_3_skill'====== Args={'value': 0, 'prev_value': 1, 'change': -1, 'player_num': 1}
2025-10-10 07:51:03,235 : INFO : EventManager : Event: ======'player_shot_standup_4_skill'====== Args={'value': 1, 'prev_value': 0, 'change': 1, 'player_num': 1}
2025-10-10 07:51:04,201 : INFO : EventManager : Event: ======'player_skillshot_mode_timer_tick'====== Args={'value': 1, 'prev_value': 2, 'change': -1, 'player_num': 1}
2025-10-10 07:51:04,203 : INFO : EventManager : Event: ======'timer_mode_timer_tick'====== Args={'ticks': 1, 'ticks_remaining': 1}
2025-10-10 07:51:04,208 : INFO : EventManager : Event: ======'player_skillshot_target_rotator_tick'====== Args={'value': 4, 'prev_value': 3, 'change': 1, 'player_num': 1}
2025-10-10 07:51:04,210 : INFO : EventManager : Event: ======'timer_target_rotator_tick'====== Args={'ticks': 4, 'ticks_remaining': 0}
2025-10-10 07:51:04,232 : INFO : EventManager : Event: ======'player_shot_standup_3_skill'====== Args={'value': 1, 'prev_value': 0, 'change': 1, 'player_num': 1}
2025-10-10 07:51:04,233 : INFO : EventManager : Event: ======'player_shot_standup_4_skill'====== Args={'value': 0, 'prev_value': 1, 'change': -1, 'player_num': 1}
2025-10-10 07:51:05,197 : INFO : EventManager : Event: ======'player_skillshot_mode_timer_tick'====== Args={'value': 0, 'prev_value': 1, 'change': -1, 'player_num': 1}
2025-10-10 07:51:05,198 : INFO : Timer.mode_timer : Timer Complete
2025-10-10 07:51:05,198 : INFO : Timer.mode_timer : Stopping Timer
2025-10-10 07:51:05,199 : INFO : EventManager : Event: ======'timer_mode_timer_stopped'====== Args={'ticks': 0, 'ticks_remaining': 1}
2025-10-10 07:51:05,199 : INFO : EventManager : Event: ======'timer_mode_timer_complete'====== Args={'ticks': 0, 'ticks_remaining': 1}
2025-10-10 07:51:05,202 : INFO : EventManager : Event: ======'mode_skillshot_will_stop'====== Args={}
2025-10-10 07:51:05,202 : INFO : EventManager : Event: ======'mode_skillshot_stopping'====== Args={}
2025-10-10 07:51:05,203 : INFO : Mode.skillshot : Stopped.
2025-10-10 07:51:05,203 : INFO : EventManager : Event: ======'modes_active_modes_changed'====== Args={}
2025-10-10 07:51:05,203 : INFO : EventManager : Event: ======'mode_skillshot_stopped'====== Args={}
2025-10-10 07:51:05,203 : INFO : EventManager : Event: ======'clear'====== Args={'key': 'skillshot'}
2025-10-10 07:51:05,204 : INFO : Timer.mode_timer : Stopping Timer
2025-10-10 07:51:05,204 : INFO : EventManager : Event: ======'timer_mode_timer_stopped'====== Args={'ticks': 0, 'ticks_remaining': 1}
2025-10-10 07:51:05,206 : INFO : Timer.target_rotator : Stopping Timer
2025-10-10 07:51:05,207 : INFO : EventManager : Event: ======'timer_target_rotator_stopped'====== Args={'ticks': 4, 'ticks_remaining': 0}
2025-10-10 07:51:05,269 : INFO : EventManager : Event: ======'slide_skillshot.slide_player-mode_skillshot_started_removed'====== Args={'_from_bcp': True}
2025-10-10 07:51:05,270 : INFO : EventManager : Event: ======'slide_base.slide_player-mode_base_started_active'====== Args={'_from_bcp': True}
2025-10-10 07:51:10,935 : INFO : SwitchController : <<<<<<< 's_right_rollover' active >>>>>>>
2025-10-10 07:51:10,935 : INFO : EventManager : Event: ======'s_right_rollover_active'====== Args={}
2025-10-10 07:51:10,936 : INFO : EventManager : Event: ======'machine_var_audits_switches_s_right_rollover'====== Args={'value': 246, 'prev_value': 245, 'change': 1}
2025-10-10 07:51:10,940 : INFO : EventManager : Event: ======'machine_var_audits_shots_right_rollover'====== Args={'value': 11, 'prev_value': 10, 'change': 1}
2025-10-10 07:51:10,942 : INFO : EventManager : Event: ======'right_rollover_hit'====== Args={'profile': 'default', 'state': 'lit', 'advancing': False}
2025-10-10 07:51:10,943 : INFO : EventManager : Event: ======'right_rollover_default_hit'====== Args={'profile': 'default', 'state': 'lit', 'advancing': False}
2025-10-10 07:51:10,943 : INFO : EventManager : Event: ======'right_rollover_default_lit_hit'====== Args={'profile': 'default', 'state': 'lit', 'advancing': False}
2025-10-10 07:51:10,943 : INFO : EventManager : Event: ======'right_rollover_lit_hit'====== Args={'profile': 'default', 'state': 'lit', 'advancing': False}
2025-10-10 07:51:10,944 : INFO : EventManager : Event: ======'player_shot_right_rollover_shot'====== Args={'value': 1, 'prev_value': 0, 'change': 1, 'player_num': 1}
2025-10-10 07:51:10,946 : INFO : EventManager : Event: ======'machine_var_audits_shots_right_rollover_shot'====== Args={'value': 237, 'prev_value': 236, 'change': 1}
2025-10-10 07:51:10,948 : INFO : EventManager : Event: ======'right_rollover_shot_hit'====== Args={'profile': 'default', 'state': 'unlit', 'advancing': True}
2025-10-10 07:51:10,949 : INFO : EventManager : Event: ======'right_rollover_shot_default_hit'====== Args={'profile': 'default', 'state': 'unlit', 'advancing': True}
2025-10-10 07:51:10,950 : INFO : EventManager : Event: ======'right_rollover_shot_default_unlit_hit'====== Args={'profile': 'default', 'state': 'unlit', 'advancing': True}
2025-10-10 07:51:10,950 : INFO : EventManager : Event: ======'right_rollover_shot_unlit_hit'====== Args={'profile': 'default', 'state': 'unlit', 'advancing': True}
2025-10-10 07:51:10,957 : INFO : EventManager : Event: ======'player_score'====== Args={'value': 5900, 'prev_value': 5600, 'change': 300, 'player_num': 1, 'source': 'base'}
2025-10-10 07:51:10,957 : INFO : EventManager : Event: ======'rollover_lanes_hit'====== Args={}
2025-10-10 07:51:10,958 : INFO : EventManager : Event: ======'rollover_lanes_unlit_hit'====== Args={}
2025-10-10 07:51:11,088 : INFO : SwitchController : <<<<<<< 's_right_rollover' inactive >>>>>>>
2025-10-10 07:51:12,247 : INFO : SwitchController : <<<<<<< 's_center_rollover' active >>>>>>>
2025-10-10 07:51:12,247 : INFO : EventManager : Event: ======'s_center_rollover_active'====== Args={}
2025-10-10 07:51:12,248 : INFO : EventManager : Event: ======'machine_var_audits_switches_s_center_rollover'====== Args={'value': 241, 'prev_value': 240, 'change': 1}
2025-10-10 07:51:12,251 : INFO : EventManager : Event: ======'player_shot_center_rollover_shot'====== Args={'value': 1, 'prev_value': 0, 'change': 1, 'player_num': 1}
2025-10-10 07:51:12,253 : INFO : EventManager : Event: ======'machine_var_audits_shots_center_rollover_shot'====== Args={'value': 232, 'prev_value': 231, 'change': 1}
2025-10-10 07:51:12,255 : INFO : EventManager : Event: ======'center_rollover_shot_hit'====== Args={'profile': 'default', 'state': 'unlit', 'advancing': True}
2025-10-10 07:51:12,256 : INFO : EventManager : Event: ======'center_rollover_shot_default_hit'====== Args={'profile': 'default', 'state': 'unlit', 'advancing': True}
2025-10-10 07:51:12,256 : INFO : EventManager : Event: ======'center_rollover_shot_default_unlit_hit'====== Args={'profile': 'default', 'state': 'unlit', 'advancing': True}
2025-10-10 07:51:12,256 : INFO : EventManager : Event: ======'center_rollover_shot_unlit_hit'====== Args={'profile': 'default', 'state': 'unlit', 'advancing': True}
2025-10-10 07:51:12,262 : INFO : EventManager : Event: ======'player_score'====== Args={'value': 6100, 'prev_value': 5900, 'change': 200, 'player_num': 1, 'source': 'base'}
2025-10-10 07:51:12,264 : INFO : EventManager : Event: ======'rollover_lanes_hit'====== Args={}
2025-10-10 07:51:12,264 : INFO : EventManager : Event: ======'rollover_lanes_unlit_hit'====== Args={}
2025-10-10 07:51:12,385 : INFO : SwitchController : <<<<<<< 's_center_rollover' inactive >>>>>>>
2025-10-10 07:51:15,331 : INFO : SwitchController : <<<<<<< 's_center_rollover' active >>>>>>>
2025-10-10 07:51:15,331 : INFO : EventManager : Event: ======'s_center_rollover_active'====== Args={}
2025-10-10 07:51:15,331 : INFO : EventManager : Event: ======'machine_var_audits_switches_s_center_rollover'====== Args={'value': 242, 'prev_value': 241, 'change': 1}
2025-10-10 07:51:15,333 : INFO : EventManager : Event: ======'machine_var_audits_shots_center_rollover_shot'====== Args={'value': 233, 'prev_value': 232, 'change': 1}
2025-10-10 07:51:15,334 : INFO : EventManager : Event: ======'center_rollover_shot_hit'====== Args={'profile': 'default', 'state': 'lit', 'advancing': False}
2025-10-10 07:51:15,335 : INFO : EventManager : Event: ======'center_rollover_shot_default_hit'====== Args={'profile': 'default', 'state': 'lit', 'advancing': False}
2025-10-10 07:51:15,335 : INFO : EventManager : Event: ======'center_rollover_shot_default_lit_hit'====== Args={'profile': 'default', 'state': 'lit', 'advancing': False}
2025-10-10 07:51:15,335 : INFO : EventManager : Event: ======'center_rollover_shot_lit_hit'====== Args={'profile': 'default', 'state': 'lit', 'advancing': False}
2025-10-10 07:51:15,335 : INFO : EventManager : Event: ======'player_score'====== Args={'value': 6300, 'prev_value': 6100, 'change': 200, 'player_num': 1, 'source': 'base'}
2025-10-10 07:51:15,335 : INFO : EventManager : Event: ======'rollover_lanes_hit'====== Args={}
2025-10-10 07:51:15,336 : INFO : EventManager : Event: ======'rollover_lanes_lit_hit'====== Args={}
2025-10-10 07:51:15,475 : INFO : SwitchController : <<<<<<< 's_center_rollover' inactive >>>>>>>
2025-10-10 07:51:24,659 : INFO : Machine : Shutting down...
2025-10-10 07:51:24,659 : INFO : EventManager : Event: ======'shutdown'====== Args={}
2025-10-10 07:51:24,666 : INFO : EventManager : Event: ======'mode_game_will_stop'====== Args={}
2025-10-10 07:51:24,666 : INFO : EventManager : Event: ======'mode_game_stopping'====== Args={}
2025-10-10 07:51:24,669 : INFO : EventManager : Event: ======'mode_super_jets_setup_will_stop'====== Args={}
2025-10-10 07:51:24,669 : INFO : EventManager : Event: ======'mode_super_jets_setup_stopping'====== Args={}
2025-10-10 07:51:24,669 : INFO : EventManager : Event: ======'mode_base_will_stop'====== Args={}
2025-10-10 07:51:24,669 : INFO : EventManager : Event: ======'mode_base_stopping'====== Args={}
2025-10-10 07:51:24,670 : INFO : Mode.base : Stopped.
2025-10-10 07:51:24,670 : INFO : EventManager : Event: ======'modes_active_modes_changed'====== Args={}
2025-10-10 07:51:24,671 : INFO : EventManager : Event: ======'mode_base_stopped'====== Args={}
2025-10-10 07:51:24,671 : INFO : EventManager : Event: ======'clear'====== Args={'key': 'base'}
2025-10-10 07:51:24,674 : INFO : Mode.super_jets_setup : Stopped.
2025-10-10 07:51:24,674 : INFO : EventManager : Event: ======'modes_active_modes_changed'====== Args={}
2025-10-10 07:51:24,675 : INFO : EventManager : Event: ======'mode_super_jets_setup_stopped'====== Args={}
2025-10-10 07:51:24,675 : INFO : EventManager : Event: ======'clear'====== Args={'key': 'super_jets_setup'}
2025-10-10 07:51:24,678 : INFO : Mode.game : Stopped.
2025-10-10 07:51:24,678 : INFO : EventManager : Event: ======'modes_active_modes_changed'====== Args={}
2025-10-10 07:51:24,678 : INFO : EventManager : Event: ======'mode_game_stopped'====== Args={}
2025-10-10 07:51:24,678 : INFO : EventManager : Event: ======'clear'====== Args={'key': 'game'}
2025-10-10 07:51:24,689 : INFO : root : MPF run loop ended.
