2025-10-04 13:52:33,284 : kivy : deps: Successfully imported "kivy_deps.gstreamer" 0.3.3
2025-10-04 13:52:33,285 : kivy : deps: Successfully imported "kivy_deps.angle" 0.3.3
2025-10-04 13:52:33,285 : kivy : deps: Successfully imported "kivy_deps.glew" 0.3.1
2025-10-04 13:52:33,285 : kivy : deps: Successfully imported "kivy_deps.sdl2" 0.6.0
2025-10-04 13:52:33,285 : kivy : Kivy: v2.2.1
2025-10-04 13:52:33,285 : kivy : Kivy: Installed at "C:\Users\richa\mpfvirtual4\lib\site-packages\kivy\__init__.py"
2025-10-04 13:52:33,285 : kivy : Python: v3.9.13 (tags/v3.9.13:6de2ca5, May 17 2022, 16:36:42) [MSC v.1929 64 bit (AMD64)]
2025-10-04 13:52:33,285 : kivy : Python: Interpreter at "C:\Users\richa\mpfvirtual4\Scripts\python.exe"
2025-10-04 13:52:33,301 : kivy : Factory: 190 symbols loaded
2025-10-04 13:52:33,489 : kivy : ImageLoaderFFPy: Using ffpyplayer 4.5.0
2025-10-04 13:52:33,489 : kivy : Image: Providers: img_tex, img_dds, img_sdl2, img_pil, img_ffpyplayer 
2025-10-04 13:52:33,651 : kivy : VideoGstplayer: Using Gstreamer 1.18.5.0
2025-10-04 13:52:33,651 : kivy : Video: Provider: gstplayer
2025-10-04 13:52:33,695 : root : Loading MPF-MC controller
2025-10-04 13:52:33,698 : YamlMultifileConfigLoader : Machine config file #1: config
2025-10-04 13:52:33,699 : ConfigProcessor : Config file in cache changed: C:\Users\richa\ttp5\config\config
2025-10-04 13:52:33,699 : ConfigProcessor : Loading config from file C:\Users\richa\mpfvirtual4\lib\site-packages\mpfmc\mcconfig.yaml.
2025-10-04 13:52:33,709 : ConfigProcessor : Loading config: C:\Users\richa\mpfvirtual4\lib\site-packages\mpfmc\mcconfig.yaml
2025-10-04 13:52:33,710 : ConfigProcessor : Loading config from file C:\Users\richa\ttp5\config\config.
2025-10-04 13:52:33,711 : ConfigProcessor : Loading config: C:\Users\richa\ttp5\config\config
2025-10-04 13:52:33,712 : ConfigProcessor : Loading config: C:\Users\richa\ttp5\config\config_ball_devices.yaml
2025-10-04 13:52:33,714 : ConfigProcessor : Loading config: C:\Users\richa\ttp5\config\config_coils.yaml
2025-10-04 13:52:33,715 : ConfigProcessor : Loading config: C:\Users\richa\ttp5\config\config_flippers.yaml
2025-10-04 13:52:33,719 : ConfigProcessor : Loading config: C:\Users\richa\ttp5\config\config_switches.yaml
2025-10-04 13:52:33,723 : ConfigProcessor : Loading config: C:\Users\richa\ttp5\config\config_lights.yaml
2025-10-04 13:52:33,726 : ConfigProcessor : Config file cache created: C:\Users\richa\AppData\Local\Temp\dfe03a1c6b87b9e2015d2c57a6076bec.mpf_cache
2025-10-04 13:52:33,726 : ConfigProcessor : Loading config from cache: C:\Users\richa\AppData\Local\Temp\77a998d318c788df5647a1900cedfc56.mpf_cache
2025-10-04 13:52:33,727 : ConfigProcessor : Loading config from cache: C:\Users\richa\AppData\Local\Temp\9c8dea79ca4d15ee886340e992e8cb9d.mpf_cache
2025-10-04 13:52:33,728 : ConfigProcessor : Loading config from cache: C:\Users\richa\AppData\Local\Temp\8ddee2e87a4f178751335e99da00e9c4.mpf_cache
2025-10-04 13:52:33,728 : mpfmc : Mission Pinball Framework Media Controller (MPF-MC) v0.57.0.dev10. Requires MPF v0.57.0.dev19 or newer.
2025-10-04 13:52:33,728 : mpfmc : Found MPF v0.57.0.dev39
2025-10-04 13:52:33,728 : mpfmc : Machine path: C:\Users\richa\ttp5
2025-10-04 13:52:33,728 : mpfmc : Starting clock at 60.0Hz
2025-10-04 13:52:33,743 : kivy : Text: Provider: sdl2
2025-10-04 13:52:33,789 : kivy : Window: Provider: sdl2
2025-10-04 13:52:34,181 : kivy : GL: Using the "OpenGL" graphics system
2025-10-04 13:52:34,190 : kivy : GL: GLEW initialization succeeded
2025-10-04 13:52:34,190 : kivy : GL: Backend used <glew>
2025-10-04 13:52:34,190 : kivy : GL: OpenGL version <b'4.6.0 NVIDIA 560.94'>
2025-10-04 13:52:34,190 : kivy : GL: OpenGL vendor <b'NVIDIA Corporation'>
2025-10-04 13:52:34,190 : kivy : GL: OpenGL renderer <b'NVIDIA GeForce RTX 3050/PCIe/SSE2'>
2025-10-04 13:52:34,190 : kivy : GL: OpenGL parsed version: 4, 6
2025-10-04 13:52:34,190 : kivy : GL: Shading version <b'4.60 NVIDIA'>
2025-10-04 13:52:34,190 : kivy : GL: Texture max size <32768>
2025-10-04 13:52:34,190 : kivy : GL: Texture max units <32>
2025-10-04 13:52:34,209 : kivy : Window: auto add sdl2 input provider
2025-10-04 13:52:34,209 : kivy : Window: virtual keyboard not allowed, single mode, not docked
2025-10-04 13:52:34,218 : SoundSystem : SoundSystem: Using default 'sound_system' settings
2025-10-04 13:52:34,597 : AudioInterface : Initialized
2025-10-04 13:52:34,597 : AudioInterface : Loaded SDL 2.26.4
2025-10-04 13:52:34,597 : AudioInterface : Loaded SDL_Mixer 2.6.3
2025-10-04 13:52:34,597 : AudioInterface : Loaded GStreamer 1.18.5.0
2025-10-04 13:52:34,597 : AudioInterface : Loaded GLib 2.62.6
2025-10-04 13:52:34,597 : AudioInterface : Settings requested - rate: 44100, channels: 1, buffer: 2048 samples
2025-10-04 13:52:34,597 : AudioInterface : Settings in use - rate: 44100, channels: 1, buffer: 2048 samples (4096 bytes @ 2 bytes per sample)
2025-10-04 13:52:34,597 : SoundSystem : No audio tracks are specified in your machine config file. a track named 'default' has been created.
2025-10-04 13:52:34,597 : SoundSystem : Setting master volume to 0.0
2025-10-04 13:52:34,597 : AudioInterface : Enabling audio playback
2025-10-04 13:52:34,599 : kivy : Base: Start application main loop
2025-10-04 13:52:34,599 : EventManager : Event: ======'display_window_initialized'====== Args={}
2025-10-04 13:52:34,612 : mpfmc : Display: Setting 'window' as default display
2025-10-04 13:52:34,616 : EventManager : Event: ======'displays_initialized'====== Args={}
2025-10-04 13:52:34,617 : EventManager : Event: ======'slide_window_blank_created'====== Args={}
2025-10-04 13:52:34,617 : EventManager : Event: ======'display_window_ready'====== Args={}
2025-10-04 13:52:34,627 : EventManager : Event: ======'init_phase_1'====== Args={}
2025-10-04 13:52:34,630 : EventManager : Event: ======'mc_ready'====== Args={}
2025-10-04 13:52:34,630 : EventManager : Event: ======'init_phase_2'====== Args={}
2025-10-04 13:52:34,632 : EventManager : Event: ======'init_phase_3'====== Args={}
2025-10-04 13:52:34,633 : EventManager : Event: ======'init_phase_4'====== Args={}
2025-10-04 13:52:34,633 : EventManager : Event: ======'init_phase_5'====== Args={}
2025-10-04 13:52:34,633 : EventManager : Event: ======'init_done'====== Args={}
2025-10-04 13:52:34,633 : MPF-MC BCP Server : Starting up on localhost port 5050
2025-10-04 13:52:34,637 : MPF-MC BCP Server : Waiting for a connection...
2025-10-04 13:52:34,644 : EventManager : Event: ======'client_disconnected'====== Args={'host': '127.0.0.1', 'port': 5050}
2025-10-04 13:52:35,854 : MPF-MC BCP Server : Received connection from: 127.0.0.1:57239
2025-10-04 13:52:35,857 : EventManager : Event: ======'client_connected'====== Args={'host': '127.0.0.1', 'port': 57239}
2025-10-04 13:52:36,335 : EventManager : Event: ======'machine_var_credits_string'====== Args={'value': 'FREE PLAY', 'prev_value': None, 'change': True}
2025-10-04 13:52:36,335 : EventManager : Event: ======'machine_var_master_volume'====== Args={'value': 0.5, 'prev_value': None, 'change': True}
2025-10-04 13:52:36,335 : EventManager : Event: ======'machine_var_player1_score'====== Args={'value': 11200, 'prev_value': None, 'change': True}
2025-10-04 13:52:36,335 : EventManager : Event: ======'machine_var_mpf_version'====== Args={'value': 'Mission Pinball Framework v0.57.0.dev39', 'prev_value': None, 'change': True}
2025-10-04 13:52:36,335 : EventManager : Event: ======'machine_var_mpf_extended_version'====== Args={'value': 'Mission Pinball Framework v0.57.0.dev39, Config version:6, Show version: 6, BCP version:1.1', 'prev_value': None, 'change': True}
2025-10-04 13:52:36,335 : EventManager : Event: ======'machine_var_python_version'====== Args={'value': '3.9.13', 'prev_value': None, 'change': True}
2025-10-04 13:52:36,335 : EventManager : Event: ======'machine_var_platform'====== Args={'value': 'Windows-10-10.0.19045-SP0', 'prev_value': None, 'change': True}
2025-10-04 13:52:36,335 : EventManager : Event: ======'machine_var_platform_system'====== Args={'value': 'Windows', 'prev_value': None, 'change': True}
2025-10-04 13:52:36,335 : EventManager : Event: ======'machine_var_platform_release'====== Args={'value': '10', 'prev_value': None, 'change': True}
2025-10-04 13:52:36,336 : EventManager : Event: ======'machine_var_platform_version'====== Args={'value': '10.0.19045', 'prev_value': None, 'change': True}
2025-10-04 13:52:36,336 : EventManager : Event: ======'machine_var_platform_machine'====== Args={'value': 'AMD64', 'prev_value': None, 'change': True}
2025-10-04 13:52:36,336 : EventManager : Event: ======'machine_var_mc_version'====== Args={'value': 'MPF-MC v0.57.0.dev10', 'prev_value': None, 'change': True}
2025-10-04 13:52:36,336 : EventManager : Event: ======'machine_var_mc_extended_version'====== Args={'value': 'MPF-MC v0.57.0.dev10 (config_version=6, BCP v1.1,                      Requires MPF API compatibility v0.57.0.dev19 or newer)', 'prev_value': None, 'change': True}
2025-10-04 13:52:36,336 : EventManager : Event: ======'machine_var_credits_string'====== Args={'value': 'FREE PLAY', 'prev_value': None, 'change': True}
2025-10-04 13:52:36,336 : EventManager : Event: ======'machine_var_master_volume'====== Args={'value': 0.5, 'prev_value': None, 'change': True}
2025-10-04 13:52:36,336 : EventManager : Event: ======'machine_var_player1_score'====== Args={'value': 11200, 'prev_value': None, 'change': True}
2025-10-04 13:52:36,336 : EventManager : Event: ======'machine_var_mpf_version'====== Args={'value': 'Mission Pinball Framework v0.57.0.dev39', 'prev_value': None, 'change': True}
2025-10-04 13:52:36,336 : EventManager : Event: ======'machine_var_mpf_extended_version'====== Args={'value': 'Mission Pinball Framework v0.57.0.dev39, Config version:6, Show version: 6, BCP version:1.1', 'prev_value': None, 'change': True}
2025-10-04 13:52:36,336 : EventManager : Event: ======'machine_var_python_version'====== Args={'value': '3.9.13', 'prev_value': None, 'change': True}
2025-10-04 13:52:36,336 : EventManager : Event: ======'machine_var_platform'====== Args={'value': 'Windows-10-10.0.19045-SP0', 'prev_value': None, 'change': True}
2025-10-04 13:52:36,336 : EventManager : Event: ======'machine_var_platform_system'====== Args={'value': 'Windows', 'prev_value': None, 'change': True}
2025-10-04 13:52:36,336 : EventManager : Event: ======'machine_var_platform_release'====== Args={'value': '10', 'prev_value': None, 'change': True}
2025-10-04 13:52:36,336 : EventManager : Event: ======'machine_var_platform_version'====== Args={'value': '10.0.19045', 'prev_value': None, 'change': True}
2025-10-04 13:52:36,336 : EventManager : Event: ======'machine_var_platform_machine'====== Args={'value': 'AMD64', 'prev_value': None, 'change': True}
2025-10-04 13:52:36,336 : EventManager : Event: ======'machine_var_mc_version'====== Args={'value': 'MPF-MC v0.57.0.dev10', 'prev_value': None, 'change': True}
2025-10-04 13:52:36,336 : EventManager : Event: ======'machine_var_mc_extended_version'====== Args={'value': 'MPF-MC v0.57.0.dev10 (config_version=6, BCP v1.1,                      Requires MPF API compatibility v0.57.0.dev19 or newer)', 'prev_value': None, 'change': True}
2025-10-04 13:52:36,336 : EventManager : Event: ======'machine_var_credits_string'====== Args={'value': 'FREE PLAY', 'prev_value': None, 'change': True}
2025-10-04 13:52:36,336 : EventManager : Event: ======'machine_var_master_volume'====== Args={'value': 0.5, 'prev_value': None, 'change': True}
2025-10-04 13:52:36,336 : EventManager : Event: ======'machine_var_player1_score'====== Args={'value': 11200, 'prev_value': None, 'change': True}
2025-10-04 13:52:36,336 : EventManager : Event: ======'machine_var_mpf_version'====== Args={'value': 'Mission Pinball Framework v0.57.0.dev39', 'prev_value': None, 'change': True}
2025-10-04 13:52:36,336 : EventManager : Event: ======'machine_var_mpf_extended_version'====== Args={'value': 'Mission Pinball Framework v0.57.0.dev39, Config version:6, Show version: 6, BCP version:1.1', 'prev_value': None, 'change': True}
2025-10-04 13:52:36,336 : EventManager : Event: ======'machine_var_python_version'====== Args={'value': '3.9.13', 'prev_value': None, 'change': True}
2025-10-04 13:52:36,336 : EventManager : Event: ======'machine_var_platform'====== Args={'value': 'Windows-10-10.0.19045-SP0', 'prev_value': None, 'change': True}
2025-10-04 13:52:36,336 : EventManager : Event: ======'machine_var_platform_system'====== Args={'value': 'Windows', 'prev_value': None, 'change': True}
2025-10-04 13:52:36,336 : EventManager : Event: ======'machine_var_platform_release'====== Args={'value': '10', 'prev_value': None, 'change': True}
2025-10-04 13:52:36,336 : EventManager : Event: ======'machine_var_platform_version'====== Args={'value': '10.0.19045', 'prev_value': None, 'change': True}
2025-10-04 13:52:36,336 : EventManager : Event: ======'machine_var_platform_machine'====== Args={'value': 'AMD64', 'prev_value': None, 'change': True}
2025-10-04 13:52:36,336 : EventManager : Event: ======'machine_var_mc_version'====== Args={'value': 'MPF-MC v0.57.0.dev10', 'prev_value': None, 'change': True}
2025-10-04 13:52:36,337 : EventManager : Event: ======'machine_var_mc_extended_version'====== Args={'value': 'MPF-MC v0.57.0.dev10 (config_version=6, BCP v1.1,                      Requires MPF API compatibility v0.57.0.dev19 or newer)', 'prev_value': None, 'change': True}
2025-10-04 13:52:36,337 : EventManager : Event: ======'machine_var_credits_string'====== Args={'value': 'FREE PLAY', 'prev_value': None, 'change': True}
2025-10-04 13:52:36,337 : EventManager : Event: ======'machine_var_master_volume'====== Args={'value': 0.5, 'prev_value': None, 'change': True}
2025-10-04 13:52:36,337 : EventManager : Event: ======'machine_var_player1_score'====== Args={'value': 11200, 'prev_value': None, 'change': True}
2025-10-04 13:52:36,337 : EventManager : Event: ======'machine_var_mpf_version'====== Args={'value': 'Mission Pinball Framework v0.57.0.dev39', 'prev_value': None, 'change': True}
2025-10-04 13:52:36,337 : EventManager : Event: ======'machine_var_mpf_extended_version'====== Args={'value': 'Mission Pinball Framework v0.57.0.dev39, Config version:6, Show version: 6, BCP version:1.1', 'prev_value': None, 'change': True}
2025-10-04 13:52:36,337 : EventManager : Event: ======'machine_var_python_version'====== Args={'value': '3.9.13', 'prev_value': None, 'change': True}
2025-10-04 13:52:36,337 : EventManager : Event: ======'machine_var_platform'====== Args={'value': 'Windows-10-10.0.19045-SP0', 'prev_value': None, 'change': True}
2025-10-04 13:52:36,337 : EventManager : Event: ======'machine_var_platform_system'====== Args={'value': 'Windows', 'prev_value': None, 'change': True}
2025-10-04 13:52:36,337 : EventManager : Event: ======'machine_var_platform_release'====== Args={'value': '10', 'prev_value': None, 'change': True}
2025-10-04 13:52:36,337 : EventManager : Event: ======'machine_var_platform_version'====== Args={'value': '10.0.19045', 'prev_value': None, 'change': True}
2025-10-04 13:52:36,337 : EventManager : Event: ======'machine_var_platform_machine'====== Args={'value': 'AMD64', 'prev_value': None, 'change': True}
2025-10-04 13:52:36,337 : EventManager : Event: ======'machine_var_mc_version'====== Args={'value': 'MPF-MC v0.57.0.dev10', 'prev_value': None, 'change': True}
2025-10-04 13:52:36,337 : EventManager : Event: ======'machine_var_mc_extended_version'====== Args={'value': 'MPF-MC v0.57.0.dev10 (config_version=6, BCP v1.1,                      Requires MPF API compatibility v0.57.0.dev19 or newer)', 'prev_value': None, 'change': True}
2025-10-04 13:52:36,338 : SoundSystem : Setting master volume to 0.5
2025-10-04 13:52:36,338 : SoundSystem : Setting master volume to 0.5
2025-10-04 13:52:36,338 : SoundSystem : Setting master volume to 0.5
2025-10-04 13:52:36,338 : SoundSystem : Setting master volume to 0.5
2025-10-04 13:52:36,436 : EventManager : Event: ======'machine_var_audits_events_game_ended'====== Args={'value': 22, 'prev_value': None, 'change': True}
2025-10-04 13:52:36,461 : EventManager : Event: ======'machine_var_audits_events_game_started'====== Args={'value': 82, 'prev_value': None, 'change': True}
2025-10-04 13:52:36,461 : EventManager : Event: ======'machine_var_audits_missing_switches_s_A'====== Args={'value': 10, 'prev_value': None, 'change': True}
2025-10-04 13:52:36,462 : EventManager : Event: ======'machine_var_audits_missing_switches_s_E'====== Args={'value': 10, 'prev_value': None, 'change': True}
2025-10-04 13:52:36,462 : EventManager : Event: ======'machine_var_audits_missing_switches_s_Eb'====== Args={'value': 10, 'prev_value': None, 'change': True}
2025-10-04 13:52:36,462 : EventManager : Event: ======'machine_var_audits_missing_switches_s_I'====== Args={'value': 10, 'prev_value': None, 'change': True}
2025-10-04 13:52:36,462 : EventManager : Event: ======'machine_var_audits_missing_switches_s_L'====== Args={'value': 10, 'prev_value': None, 'change': True}
2025-10-04 13:52:36,462 : EventManager : Event: ======'machine_var_audits_missing_switches_s_M'====== Args={'value': 10, 'prev_value': None, 'change': True}
2025-10-04 13:52:36,462 : EventManager : Event: ======'machine_var_audits_missing_switches_s_R'====== Args={'value': 10, 'prev_value': None, 'change': True}
2025-10-04 13:52:36,462 : EventManager : Event: ======'machine_var_audits_missing_switches_s_T'====== Args={'value': 10, 'prev_value': None, 'change': True}
2025-10-04 13:52:36,462 : EventManager : Event: ======'machine_var_audits_missing_switches_s_Tb'====== Args={'value': 10, 'prev_value': None, 'change': True}
2025-10-04 13:52:36,462 : EventManager : Event: ======'machine_var_audits_missing_switches_s_V'====== Args={'value': 10, 'prev_value': None, 'change': True}
2025-10-04 13:52:36,462 : EventManager : Event: ======'machine_var_audits_missing_switches_s_bumper_1'====== Args={'value': 6, 'prev_value': None, 'change': True}
2025-10-04 13:52:36,462 : EventManager : Event: ======'machine_var_audits_missing_switches_s_bumper_2'====== Args={'value': 6, 'prev_value': None, 'change': True}
2025-10-04 13:52:36,462 : EventManager : Event: ======'machine_var_audits_missing_switches_s_center_center_target'====== Args={'value': 8, 'prev_value': None, 'change': True}
2025-10-04 13:52:36,462 : EventManager : Event: ======'machine_var_audits_missing_switches_s_launcher_lane_spinner'====== Args={'value': 8, 'prev_value': None, 'change': True}
2025-10-04 13:52:36,462 : EventManager : Event: ======'machine_var_audits_missing_switches_s_left_center_target'====== Args={'value': 8, 'prev_value': None, 'change': True}
2025-10-04 13:52:36,462 : EventManager : Event: ======'machine_var_audits_missing_switches_s_left_corridor_spinner'====== Args={'value': 8, 'prev_value': None, 'change': True}
2025-10-04 13:52:36,462 : EventManager : Event: ======'machine_var_audits_missing_switches_s_left_corridor_spinner2'====== Args={'value': 8, 'prev_value': None, 'change': True}
2025-10-04 13:52:36,462 : EventManager : Event: ======'machine_var_audits_missing_switches_s_left_inlane'====== Args={'value': 35, 'prev_value': None, 'change': True}
2025-10-04 13:52:36,463 : EventManager : Event: ======'machine_var_audits_missing_switches_s_left_outlane'====== Args={'value': 45, 'prev_value': None, 'change': True}
2025-10-04 13:52:36,463 : EventManager : Event: ======'machine_var_audits_missing_switches_s_left_standup'====== Args={'value': 7, 'prev_value': None, 'change': True}
2025-10-04 13:52:36,463 : EventManager : Event: ======'machine_var_audits_missing_switches_s_right_center_target'====== Args={'value': 8, 'prev_value': None, 'change': True}
2025-10-04 13:52:36,463 : EventManager : Event: ======'machine_var_audits_missing_switches_s_right_corridor_spinner'====== Args={'value': 8, 'prev_value': None, 'change': True}
2025-10-04 13:52:36,463 : EventManager : Event: ======'machine_var_audits_missing_switches_s_right_inlane'====== Args={'value': 15, 'prev_value': None, 'change': True}
2025-10-04 13:52:36,463 : EventManager : Event: ======'machine_var_audits_missing_switches_s_right_outlane'====== Args={'value': 45, 'prev_value': None, 'change': True}
2025-10-04 13:52:36,463 : EventManager : Event: ======'machine_var_audits_missing_switches_s_right_standup'====== Args={'value': 7, 'prev_value': None, 'change': True}
2025-10-04 13:52:36,463 : EventManager : Event: ======'machine_var_audits_missing_switches_s_sling_left'====== Args={'value': 35, 'prev_value': None, 'change': True}
2025-10-04 13:52:36,463 : EventManager : Event: ======'machine_var_audits_missing_switches_s_sling_right'====== Args={'value': 49, 'prev_value': None, 'change': True}
2025-10-04 13:52:36,463 : EventManager : Event: ======'machine_var_audits_missing_switches_s_start'====== Args={'value': 11, 'prev_value': None, 'change': True}
2025-10-04 13:52:36,463 : EventManager : Event: ======'machine_var_audits_missing_switches_s_top_left_standup'====== Args={'value': 7, 'prev_value': None, 'change': True}
2025-10-04 13:52:36,463 : EventManager : Event: ======'machine_var_audits_missing_switches_s_top_left_standup2'====== Args={'value': 7, 'prev_value': None, 'change': True}
2025-10-04 13:52:36,463 : EventManager : Event: ======'machine_var_audits_missing_switches_s_trough2'====== Args={'value': 82, 'prev_value': None, 'change': True}
2025-10-04 13:52:36,463 : EventManager : Event: ======'machine_var_audits_missing_switches_s_trough3'====== Args={'value': 82, 'prev_value': None, 'change': True}
2025-10-04 13:52:36,463 : EventManager : Event: ======'machine_var_audits_missing_switches_s_trough4'====== Args={'value': 82, 'prev_value': None, 'change': True}
2025-10-04 13:52:36,464 : EventManager : Event: ======'machine_var_audits_missing_switches_s_trough5'====== Args={'value': 82, 'prev_value': None, 'change': True}
2025-10-04 13:52:36,464 : EventManager : Event: ======'machine_var_audits_missing_switches_s_trough6'====== Args={'value': 82, 'prev_value': None, 'change': True}
2025-10-04 13:52:36,464 : EventManager : Event: ======'machine_var_audits_missing_switches_s_trough_jam'====== Args={'value': 82, 'prev_value': None, 'change': True}
2025-10-04 13:52:36,464 : EventManager : Event: ======'machine_var_audits_player_score'====== Args={'value': {'average': 12263, 'top': [28284, 28200, 25272, 22800, 22400, 16800, 16800, 14636, 13400, 12176], 'total': 24}, 'prev_value': None, 'change': True}
2025-10-04 13:52:36,464 : EventManager : Event: ======'machine_var_audits_shots_center_rollover'====== Args={'value': 7, 'prev_value': None, 'change': True}
2025-10-04 13:52:36,464 : EventManager : Event: ======'machine_var_audits_shots_center_rollover_shot'====== Args={'value': 114, 'prev_value': None, 'change': True}
2025-10-04 13:52:36,464 : EventManager : Event: ======'machine_var_audits_shots_left_rollover'====== Args={'value': 6, 'prev_value': None, 'change': True}
2025-10-04 13:52:36,464 : EventManager : Event: ======'machine_var_audits_shots_left_rollover_shot'====== Args={'value': 60, 'prev_value': None, 'change': True}
2025-10-04 13:52:36,464 : EventManager : Event: ======'machine_var_audits_shots_middle_inlane_shot'====== Args={'value': 20, 'prev_value': None, 'change': True}
2025-10-04 13:52:36,464 : EventManager : Event: ======'machine_var_audits_shots_my_first_shot'====== Args={'value': 95, 'prev_value': None, 'change': True}
2025-10-04 13:52:36,464 : EventManager : Event: ======'machine_var_audits_shots_right_inlane_shot'====== Args={'value': 8, 'prev_value': None, 'change': True}
2025-10-04 13:52:36,464 : EventManager : Event: ======'machine_var_audits_shots_right_rollover'====== Args={'value': 7, 'prev_value': None, 'change': True}
2025-10-04 13:52:36,464 : EventManager : Event: ======'machine_var_audits_shots_right_rollover_shot'====== Args={'value': 77, 'prev_value': None, 'change': True}
2025-10-04 13:52:36,464 : EventManager : Event: ======'machine_var_audits_shots_top_middle_inlane_shot'====== Args={'value': 41, 'prev_value': None, 'change': True}
2025-10-04 13:52:36,464 : EventManager : Event: ======'machine_var_audits_switches_s_A'====== Args={'value': 0, 'prev_value': None, 'change': True}
2025-10-04 13:52:36,464 : EventManager : Event: ======'machine_var_audits_switches_s_E'====== Args={'value': 0, 'prev_value': None, 'change': True}
2025-10-04 13:52:36,464 : EventManager : Event: ======'machine_var_audits_switches_s_Eb'====== Args={'value': 0, 'prev_value': None, 'change': True}
2025-10-04 13:52:36,464 : EventManager : Event: ======'machine_var_audits_switches_s_I'====== Args={'value': 0, 'prev_value': None, 'change': True}
2025-10-04 13:52:36,465 : EventManager : Event: ======'machine_var_audits_switches_s_L'====== Args={'value': 0, 'prev_value': None, 'change': True}
2025-10-04 13:52:36,465 : EventManager : Event: ======'machine_var_audits_switches_s_M'====== Args={'value': 0, 'prev_value': None, 'change': True}
2025-10-04 13:52:36,465 : EventManager : Event: ======'machine_var_audits_switches_s_R'====== Args={'value': 0, 'prev_value': None, 'change': True}
2025-10-04 13:52:36,465 : EventManager : Event: ======'machine_var_audits_switches_s_T'====== Args={'value': 0, 'prev_value': None, 'change': True}
2025-10-04 13:52:36,465 : EventManager : Event: ======'machine_var_audits_switches_s_Tb'====== Args={'value': 0, 'prev_value': None, 'change': True}
2025-10-04 13:52:36,465 : EventManager : Event: ======'machine_var_audits_switches_s_V'====== Args={'value': 0, 'prev_value': None, 'change': True}
2025-10-04 13:52:36,465 : EventManager : Event: ======'machine_var_audits_switches_s_bumper_1'====== Args={'value': 0, 'prev_value': None, 'change': True}
2025-10-04 13:52:36,465 : EventManager : Event: ======'machine_var_audits_switches_s_bumper_2'====== Args={'value': 0, 'prev_value': None, 'change': True}
2025-10-04 13:52:36,465 : EventManager : Event: ======'machine_var_audits_switches_s_center_center_target'====== Args={'value': 0, 'prev_value': None, 'change': True}
2025-10-04 13:52:36,465 : EventManager : Event: ======'machine_var_audits_switches_s_center_rollover'====== Args={'value': 121, 'prev_value': None, 'change': True}
2025-10-04 13:52:36,465 : EventManager : Event: ======'machine_var_audits_switches_s_launcher_lane_spinner'====== Args={'value': 0, 'prev_value': None, 'change': True}
2025-10-04 13:52:36,465 : EventManager : Event: ======'machine_var_audits_switches_s_left_center_target'====== Args={'value': 0, 'prev_value': None, 'change': True}
2025-10-04 13:52:36,465 : EventManager : Event: ======'machine_var_audits_switches_s_left_corridor_spinner'====== Args={'value': 0, 'prev_value': None, 'change': True}
2025-10-04 13:52:36,465 : EventManager : Event: ======'machine_var_audits_switches_s_left_corridor_spinner2'====== Args={'value': 0, 'prev_value': None, 'change': True}
2025-10-04 13:52:36,465 : EventManager : Event: ======'machine_var_audits_switches_s_left_flipper'====== Args={'value': 322, 'prev_value': None, 'change': True}
2025-10-04 13:52:36,465 : EventManager : Event: ======'machine_var_audits_switches_s_left_inlane'====== Args={'value': 8, 'prev_value': None, 'change': True}
2025-10-04 13:52:36,465 : EventManager : Event: ======'machine_var_audits_switches_s_left_outlane'====== Args={'value': 3, 'prev_value': None, 'change': True}
2025-10-04 13:52:36,465 : EventManager : Event: ======'machine_var_audits_switches_s_left_rollover'====== Args={'value': 66, 'prev_value': None, 'change': True}
2025-10-04 13:52:36,466 : EventManager : Event: ======'machine_var_audits_switches_s_left_scoop'====== Args={'value': 1, 'prev_value': None, 'change': True}
2025-10-04 13:52:36,466 : EventManager : Event: ======'machine_var_audits_switches_s_left_standup'====== Args={'value': 0, 'prev_value': None, 'change': True}
2025-10-04 13:52:36,466 : EventManager : Event: ======'machine_var_audits_switches_s_middle_inlane'====== Args={'value': 20, 'prev_value': None, 'change': True}
2025-10-04 13:52:36,466 : EventManager : Event: ======'machine_var_audits_switches_s_plunger'====== Args={'value': 160, 'prev_value': None, 'change': True}
2025-10-04 13:52:36,466 : EventManager : Event: ======'machine_var_audits_switches_s_right_center_target'====== Args={'value': 0, 'prev_value': None, 'change': True}
2025-10-04 13:52:36,466 : EventManager : Event: ======'machine_var_audits_switches_s_right_corridor_spinner'====== Args={'value': 0, 'prev_value': None, 'change': True}
2025-10-04 13:52:36,466 : EventManager : Event: ======'machine_var_audits_switches_s_right_flipper'====== Args={'value': 138, 'prev_value': None, 'change': True}
2025-10-04 13:52:36,466 : EventManager : Event: ======'machine_var_audits_switches_s_right_inlane'====== Args={'value': 135, 'prev_value': None, 'change': True}
2025-10-04 13:52:36,466 : EventManager : Event: ======'machine_var_audits_switches_s_right_outlane'====== Args={'value': 3, 'prev_value': None, 'change': True}
2025-10-04 13:52:36,466 : EventManager : Event: ======'machine_var_audits_switches_s_right_rollover'====== Args={'value': 84, 'prev_value': None, 'change': True}
2025-10-04 13:52:36,467 : EventManager : Event: ======'machine_var_audits_switches_s_right_scoop'====== Args={'value': 5, 'prev_value': None, 'change': True}
2025-10-04 13:52:36,467 : EventManager : Event: ======'machine_var_audits_switches_s_right_standup'====== Args={'value': 0, 'prev_value': None, 'change': True}
2025-10-04 13:52:36,467 : EventManager : Event: ======'machine_var_audits_switches_s_sling_left'====== Args={'value': 3, 'prev_value': None, 'change': True}
2025-10-04 13:52:36,467 : EventManager : Event: ======'machine_var_audits_switches_s_sling_right'====== Args={'value': 1, 'prev_value': None, 'change': True}
2025-10-04 13:52:36,467 : EventManager : Event: ======'machine_var_audits_switches_s_start'====== Args={'value': 12, 'prev_value': None, 'change': True}
2025-10-04 13:52:36,467 : EventManager : Event: ======'machine_var_audits_switches_s_top_left_standup'====== Args={'value': 0, 'prev_value': None, 'change': True}
2025-10-04 13:52:36,467 : EventManager : Event: ======'machine_var_audits_switches_s_top_left_standup2'====== Args={'value': 0, 'prev_value': None, 'change': True}
2025-10-04 13:52:36,467 : EventManager : Event: ======'machine_var_audits_switches_s_top_middle_inlane'====== Args={'value': 41, 'prev_value': None, 'change': True}
2025-10-04 13:52:36,467 : EventManager : Event: ======'machine_var_audits_switches_s_trough1'====== Args={'value': 109, 'prev_value': None, 'change': True}
2025-10-04 13:52:36,467 : EventManager : Event: ======'machine_var_audits_switches_s_trough2'====== Args={'value': 0, 'prev_value': None, 'change': True}
2025-10-04 13:52:36,467 : EventManager : Event: ======'machine_var_audits_switches_s_trough3'====== Args={'value': 0, 'prev_value': None, 'change': True}
2025-10-04 13:52:36,468 : EventManager : Event: ======'machine_var_audits_switches_s_trough4'====== Args={'value': 0, 'prev_value': None, 'change': True}
2025-10-04 13:52:36,468 : EventManager : Event: ======'machine_var_audits_switches_s_trough5'====== Args={'value': 0, 'prev_value': None, 'change': True}
2025-10-04 13:52:36,468 : EventManager : Event: ======'machine_var_audits_switches_s_trough6'====== Args={'value': 0, 'prev_value': None, 'change': True}
2025-10-04 13:52:36,468 : EventManager : Event: ======'machine_var_audits_switches_s_trough_jam'====== Args={'value': 0, 'prev_value': None, 'change': True}
2025-10-04 13:52:36,572 : EventManager : Event: ======'mc_reset_phase_1'====== Args={}
2025-10-04 13:52:36,572 : EventManager : Event: ======'mc_reset_phase_2'====== Args={}
2025-10-04 13:52:36,572 : EventManager : Event: ======'mc_reset_phase_3'====== Args={}
2025-10-04 13:52:36,572 : EventManager : Event: ======'mc_reset_complete'====== Args={}
2025-10-04 13:52:36,584 : EventManager : Event: ======'slides_play'====== Args={'settings': {'awesome_slide': {'widgets': [{'type': 'text', 'text': 'TIME TRAVEL 1985', 'font_size': 50, '_default_settings': ['type', 'text', 'font_size'], 'x': None, 'y': None, 'anchor_x': 'center', 'anchor_y': 'center', 'round_anchor_x': None, 'round_anchor_y': None, 'opacity': 1.0, 'z': 0, 'reset_animations_events': {}, 'color': [1.0, 1.0, 1.0, 1.0], 'style': [], 'adjust_top': 0, 'adjust_bottom': 0, 'adjust_left': 0, 'adjust_right': 0, 'expire': None, 'key': None, 'widget': None, 'events_when_added': [], 'events_when_removed': [], 'bitmap_font': False, 'font_kerning': True, 'bold': False, 'italic': False, 'number_grouping': False, 'min_digits': 0, 'halign': 'center', 'valign': 'middle', 'rotation': 0, 'scale': 1.0, 'casing': None, 'outline_color': [1.0, 1.0, 1.0, 1.0], 'outline_width': 0, 'animations': None}], 'transition': {'type': 'push', 'duration': 1.0, 'direction': 'left', 'easing': 'out_quad'}, 'target': None, 'background_color': [0.0, 0.0, 0.0, 1.0], 'priority': None, 'show': True, 'force': False, 'expire': None, 'slide': None, 'tokens': {}, 'action': 'play'}}, 'context': 'show_2', 'calling_context': 0, 'priority': 10, 'show_tokens': {}, 'start_time': 192594.234}
2025-10-04 13:52:36,584 : mpfmc : SlidePlayer: Play called with settings={'awesome_slide': {'widgets': [{'type': 'text', 'text': 'TIME TRAVEL 1985', 'font_size': 50, '_default_settings': ['type', 'text', 'font_size'], 'x': None, 'y': None, 'anchor_x': 'center', 'anchor_y': 'center', 'round_anchor_x': None, 'round_anchor_y': None, 'opacity': 1.0, 'z': 0, 'reset_animations_events': {}, 'color': [1.0, 1.0, 1.0, 1.0], 'style': [], 'adjust_top': 0, 'adjust_bottom': 0, 'adjust_left': 0, 'adjust_right': 0, 'expire': None, 'key': None, 'widget': None, 'events_when_added': [], 'events_when_removed': [], 'bitmap_font': False, 'font_kerning': True, 'bold': False, 'italic': False, 'number_grouping': False, 'min_digits': 0, 'halign': 'center', 'valign': 'middle', 'rotation': 0, 'scale': 1.0, 'casing': None, 'outline_color': [1.0, 1.0, 1.0, 1.0], 'outline_width': 0, 'animations': None}], 'transition': {'type': 'push', 'duration': 1.0, 'direction': 'left', 'easing': 'out_quad'}, 'target': None, 'background_color': [0.0, 0.0, 0.0, 1.0], 'priority': None, 'show': True, 'force': False, 'expire': None, 'slide': None, 'tokens': {}, 'action': 'play'}}
2025-10-04 13:52:36,589 : kivy : GL: NPOT texture support is available
2025-10-04 13:52:36,589 : EventManager : Event: ======'slide_awesome_slide_created'====== Args={}
2025-10-04 13:52:36,590 : EventManager : Event: ======'slide_awesome_slide_active'====== Args={}
2025-10-04 13:52:39,589 : EventManager : Event: ======'slides_play'====== Args={'settings': {'press_start': {'widgets': [{'type': 'Text', 'text': 'PRESS START', 'animations': {'pre_show_slide': [{'property': ['opacity'], 'value': ['0'], 'duration': 0.5, 'relative': False, 'timing': 'after_previous', 'repeat': False, 'easing': 'linear', 'step': 0.0}, {'property': ['opacity'], 'value': ['1'], 'duration': 0.5, 'repeat': False, 'relative': False, 'timing': 'after_previous', 'easing': 'linear', 'step': 0.0}]}, '_default_settings': ['type', 'text', 'animations'], 'x': None, 'y': None, 'anchor_x': 'center', 'anchor_y': 'center', 'round_anchor_x': None, 'round_anchor_y': None, 'opacity': 1.0, 'z': 0, 'reset_animations_events': {}, 'color': [1.0, 1.0, 1.0, 1.0], 'style': [], 'adjust_top': 0, 'adjust_bottom': 0, 'adjust_left': 0, 'adjust_right': 0, 'expire': None, 'key': None, 'widget': None, 'events_when_added': [], 'events_when_removed': [], 'font_size': 15, 'bitmap_font': False, 'font_kerning': True, 'bold': False, 'italic': False, 'number_grouping': False, 'min_digits': 0, 'halign': 'center', 'valign': 'middle', 'rotation': 0, 'scale': 1.0, 'casing': None, 'outline_color': [1.0, 1.0, 1.0, 1.0], 'outline_width': 0}, {'type': 'Text', 'text': 'FREE PLAY', 'color': [0.0, 0.5019607843137255, 0.0, 1], 'y': '10', 'anchor_y': 'bottom', '_default_settings': ['type', 'text', 'color', 'y', 'anchor_y'], 'x': None, 'anchor_x': 'center', 'round_anchor_x': None, 'round_anchor_y': None, 'opacity': 1.0, 'z': 0, 'reset_animations_events': {}, 'style': [], 'adjust_top': 0, 'adjust_bottom': 0, 'adjust_left': 0, 'adjust_right': 0, 'expire': None, 'key': None, 'widget': None, 'events_when_added': [], 'events_when_removed': [], 'font_size': 15, 'bitmap_font': False, 'font_kerning': True, 'bold': False, 'italic': False, 'number_grouping': False, 'min_digits': 0, 'halign': 'center', 'valign': 'middle', 'rotation': 0, 'scale': 1.0, 'casing': None, 'outline_color': [1.0, 1.0, 1.0, 1.0], 'outline_width': 0, 'animations': None}], 'transition': {'type': 'move_in', 'duration': 1.0, 'direction': 'right', 'easing': 'out_quad'}, 'target': None, 'background_color': [0.0, 0.0, 0.0, 1.0], 'priority': None, 'show': True, 'force': False, 'expire': None, 'slide': None, 'tokens': {}, 'action': 'play'}}, 'context': 'show_2', 'calling_context': 1, 'priority': 10, 'show_tokens': {}, 'start_time': 192597.234}
2025-10-04 13:52:39,590 : mpfmc : SlidePlayer: Play called with settings={'press_start': {'widgets': [{'type': 'Text', 'text': 'PRESS START', 'animations': {'pre_show_slide': [{'property': ['opacity'], 'value': ['0'], 'duration': 0.5, 'relative': False, 'timing': 'after_previous', 'repeat': False, 'easing': 'linear', 'step': 0.0}, {'property': ['opacity'], 'value': ['1'], 'duration': 0.5, 'repeat': False, 'relative': False, 'timing': 'after_previous', 'easing': 'linear', 'step': 0.0}]}, '_default_settings': ['type', 'text', 'animations'], 'x': None, 'y': None, 'anchor_x': 'center', 'anchor_y': 'center', 'round_anchor_x': None, 'round_anchor_y': None, 'opacity': 1.0, 'z': 0, 'reset_animations_events': {}, 'color': [1.0, 1.0, 1.0, 1.0], 'style': [], 'adjust_top': 0, 'adjust_bottom': 0, 'adjust_left': 0, 'adjust_right': 0, 'expire': None, 'key': None, 'widget': None, 'events_when_added': [], 'events_when_removed': [], 'font_size': 15, 'bitmap_font': False, 'font_kerning': True, 'bold': False, 'italic': False, 'number_grouping': False, 'min_digits': 0, 'halign': 'center', 'valign': 'middle', 'rotation': 0, 'scale': 1.0, 'casing': None, 'outline_color': [1.0, 1.0, 1.0, 1.0], 'outline_width': 0}, {'type': 'Text', 'text': 'FREE PLAY', 'color': [0.0, 0.5019607843137255, 0.0, 1], 'y': '10', 'anchor_y': 'bottom', '_default_settings': ['type', 'text', 'color', 'y', 'anchor_y'], 'x': None, 'anchor_x': 'center', 'round_anchor_x': None, 'round_anchor_y': None, 'opacity': 1.0, 'z': 0, 'reset_animations_events': {}, 'style': [], 'adjust_top': 0, 'adjust_bottom': 0, 'adjust_left': 0, 'adjust_right': 0, 'expire': None, 'key': None, 'widget': None, 'events_when_added': [], 'events_when_removed': [], 'font_size': 15, 'bitmap_font': False, 'font_kerning': True, 'bold': False, 'italic': False, 'number_grouping': False, 'min_digits': 0, 'halign': 'center', 'valign': 'middle', 'rotation': 0, 'scale': 1.0, 'casing': None, 'outline_color': [1.0, 1.0, 1.0, 1.0], 'outline_width': 0, 'animations': None}], 'transition': {'type': 'move_in', 'duration': 1.0, 'direction': 'right', 'easing': 'out_quad'}, 'target': None, 'background_color': [0.0, 0.0, 0.0, 1.0], 'priority': None, 'show': True, 'force': False, 'expire': None, 'slide': None, 'tokens': {}, 'action': 'play'}}
2025-10-04 13:52:39,604 : EventManager : Event: ======'slide_press_start_created'====== Args={}
2025-10-04 13:52:39,608 : EventManager : Event: ======'slide_press_start_active'====== Args={}
2025-10-04 13:52:42,591 : EventManager : Event: ======'slides_play'====== Args={'settings': {'mission_pinball': {'widgets': [{'type': 'Text', 'text': 'MISSION PINBALL | RICHARD ZUPPA', 'color': [1.0, 0.0, 0.0, 1], '_default_settings': ['type', 'text', 'color'], 'x': None, 'y': None, 'anchor_x': 'center', 'anchor_y': 'center', 'round_anchor_x': None, 'round_anchor_y': None, 'opacity': 1.0, 'z': 0, 'reset_animations_events': {}, 'style': [], 'adjust_top': 0, 'adjust_bottom': 0, 'adjust_left': 0, 'adjust_right': 0, 'expire': None, 'key': None, 'widget': None, 'events_when_added': [], 'events_when_removed': [], 'font_size': 15, 'bitmap_font': False, 'font_kerning': True, 'bold': False, 'italic': False, 'number_grouping': False, 'min_digits': 0, 'halign': 'center', 'valign': 'middle', 'rotation': 0, 'scale': 1.0, 'casing': None, 'outline_color': [1.0, 1.0, 1.0, 1.0], 'outline_width': 0, 'animations': None}], 'transition': {'type': 'move_in', 'duration': 1.0, 'direction': 'top', 'easing': 'out_quad'}, 'target': None, 'background_color': [0.0, 0.0, 0.0, 1.0], 'priority': None, 'show': True, 'force': False, 'expire': None, 'slide': None, 'tokens': {}, 'action': 'play'}}, 'context': 'show_2', 'calling_context': 2, 'priority': 10, 'show_tokens': {}, 'start_time': 192600.234}
2025-10-04 13:52:42,591 : mpfmc : SlidePlayer: Play called with settings={'mission_pinball': {'widgets': [{'type': 'Text', 'text': 'MISSION PINBALL | RICHARD ZUPPA', 'color': [1.0, 0.0, 0.0, 1], '_default_settings': ['type', 'text', 'color'], 'x': None, 'y': None, 'anchor_x': 'center', 'anchor_y': 'center', 'round_anchor_x': None, 'round_anchor_y': None, 'opacity': 1.0, 'z': 0, 'reset_animations_events': {}, 'style': [], 'adjust_top': 0, 'adjust_bottom': 0, 'adjust_left': 0, 'adjust_right': 0, 'expire': None, 'key': None, 'widget': None, 'events_when_added': [], 'events_when_removed': [], 'font_size': 15, 'bitmap_font': False, 'font_kerning': True, 'bold': False, 'italic': False, 'number_grouping': False, 'min_digits': 0, 'halign': 'center', 'valign': 'middle', 'rotation': 0, 'scale': 1.0, 'casing': None, 'outline_color': [1.0, 1.0, 1.0, 1.0], 'outline_width': 0, 'animations': None}], 'transition': {'type': 'move_in', 'duration': 1.0, 'direction': 'top', 'easing': 'out_quad'}, 'target': None, 'background_color': [0.0, 0.0, 0.0, 1.0], 'priority': None, 'show': True, 'force': False, 'expire': None, 'slide': None, 'tokens': {}, 'action': 'play'}}
2025-10-04 13:52:42,594 : EventManager : Event: ======'slide_mission_pinball_created'====== Args={}
2025-10-04 13:52:42,594 : EventManager : Event: ======'slide_mission_pinball_active'====== Args={}
2025-10-04 13:52:42,788 : EventManager : Event: ======'game_started'====== Args={}
2025-10-04 13:52:42,788 : EventManager : Event: ======'slides_clear'====== Args={'context': 'show_2'}
2025-10-04 13:52:42,789 : EventManager : Event: ======'player_added'====== Args={'player': <Player 1>, 'num': 1}
2025-10-04 13:52:42,789 : EventManager : Event: ======'player_index'====== Args={'value': 0, 'prev_value': 0, 'change': 0, 'player_num': 1}
2025-10-04 13:52:42,789 : EventManager : Event: ======'player_number'====== Args={'value': 1, 'prev_value': 1, 'change': 0, 'player_num': 1}
2025-10-04 13:52:42,789 : EventManager : Event: ======'player_score'====== Args={'value': 0, 'prev_value': 0, 'change': 0, 'player_num': 1}
2025-10-04 13:52:42,789 : EventManager : Event: ======'slide_awesome_slide_removed'====== Args={}
2025-10-04 13:52:42,790 : EventManager : Event: ======'slide_press_start_removed'====== Args={}
2025-10-04 13:52:42,790 : EventManager : Event: ======'slide_mission_pinball_removed'====== Args={}
2025-10-04 13:52:42,790 : EventManager : Event: ======'slide_window_blank_active'====== Args={}
2025-10-04 13:52:42,821 : EventManager : Event: ======'player_ball'====== Args={'value': 1, 'prev_value': 0, 'change': 1, 'player_num': 1}
2025-10-04 13:52:42,821 : EventManager : Event: ======'player_turn_start'====== Args={'number': 1, 'player': <Player 1>}
2025-10-04 13:52:42,833 : EventManager : Event: ======'player_shot_left_rollover_shot_enabled'====== Args={'value': True, 'prev_value': 0, 'change': 1, 'player_num': 1}
2025-10-04 13:52:42,833 : EventManager : Event: ======'player_shot_center_rollover_shot_enabled'====== Args={'value': True, 'prev_value': 0, 'change': 1, 'player_num': 1}
2025-10-04 13:52:42,833 : EventManager : Event: ======'player_shot_right_rollover_shot_enabled'====== Args={'value': True, 'prev_value': 0, 'change': 1, 'player_num': 1}
2025-10-04 13:52:42,833 : EventManager : Event: ======'player_shot_right_inlane_shot_enabled'====== Args={'value': True, 'prev_value': 0, 'change': 1, 'player_num': 1}
2025-10-04 13:52:42,833 : EventManager : Event: ======'slides_play'====== Args={'settings': {'widgets': {'widgets': [{'type': 'text', 'text': '(score)', 'number_grouping': True, 'min_digits': 2, 'font_size': 100, '_default_settings': ['type', 'text', 'number_grouping', 'min_digits', 'font_size'], 'x': None, 'y': None, 'anchor_x': 'center', 'anchor_y': 'center', 'round_anchor_x': None, 'round_anchor_y': None, 'opacity': 1.0, 'z': 0, 'reset_animations_events': {}, 'color': [1.0, 1.0, 1.0, 1.0], 'style': [], 'adjust_top': 0, 'adjust_bottom': 0, 'adjust_left': 0, 'adjust_right': 0, 'expire': None, 'key': None, 'widget': None, 'events_when_added': [], 'events_when_removed': [], 'bitmap_font': False, 'font_kerning': True, 'bold': False, 'italic': False, 'halign': 'center', 'valign': 'middle', 'rotation': 0, 'scale': 1.0, 'casing': None, 'outline_color': [1.0, 1.0, 1.0, 1.0], 'outline_width': 0, 'animations': None}, {'type': 'text', 'text': 'PLAYER (number)', 'y': '10', 'x': '10', 'font_size': 50, 'anchor_x': 'left', 'anchor_y': 'bottom', '_default_settings': ['type', 'text', 'y', 'x', 'font_size', 'anchor_x', 'anchor_y'], 'round_anchor_x': None, 'round_anchor_y': None, 'opacity': 1.0, 'z': 0, 'reset_animations_events': {}, 'color': [1.0, 1.0, 1.0, 1.0], 'style': [], 'adjust_top': 0, 'adjust_bottom': 0, 'adjust_left': 0, 'adjust_right': 0, 'expire': None, 'key': None, 'widget': None, 'events_when_added': [], 'events_when_removed': [], 'bitmap_font': False, 'font_kerning': True, 'bold': False, 'italic': False, 'number_grouping': False, 'min_digits': 0, 'halign': 'center', 'valign': 'middle', 'rotation': 0, 'scale': 1.0, 'casing': None, 'outline_color': [1.0, 1.0, 1.0, 1.0], 'outline_width': 0, 'animations': None}, {'type': 'text', 'text': 'BALL (ball)', 'y': '10', 'x': 'right-10', 'anchor_x': 'right', 'anchor_y': 'bottom', 'font_size': 50, '_default_settings': ['type', 'text', 'y', 'x', 'anchor_x', 'anchor_y', 'font_size'], 'round_anchor_x': None, 'round_anchor_y': None, 'opacity': 1.0, 'z': 0, 'reset_animations_events': {}, 'color': [1.0, 1.0, 1.0, 1.0], 'style': [], 'adjust_top': 0, 'adjust_bottom': 0, 'adjust_left': 0, 'adjust_right': 0, 'expire': None, 'key': None, 'widget': None, 'events_when_added': [], 'events_when_removed': [], 'bitmap_font': False, 'font_kerning': True, 'bold': False, 'italic': False, 'number_grouping': False, 'min_digits': 0, 'halign': 'center', 'valign': 'middle', 'rotation': 0, 'scale': 1.0, 'casing': None, 'outline_color': [1.0, 1.0, 1.0, 1.0], 'outline_width': 0, 'animations': None}, {'type': 'text', 'text': 'POTATO VALUE: (potato)', 'y': '40%', '_default_settings': ['type', 'text', 'y'], 'x': None, 'anchor_x': 'center', 'anchor_y': 'center', 'round_anchor_x': None, 'round_anchor_y': None, 'opacity': 1.0, 'z': 0, 'reset_animations_events': {}, 'color': [1.0, 1.0, 1.0, 1.0], 'style': [], 'adjust_top': 0, 'adjust_bottom': 0, 'adjust_left': 0, 'adjust_right': 0, 'expire': None, 'key': None, 'widget': None, 'events_when_added': [], 'events_when_removed': [], 'font_size': 15, 'bitmap_font': False, 'font_kerning': True, 'bold': False, 'italic': False, 'number_grouping': False, 'min_digits': 0, 'halign': 'center', 'valign': 'middle', 'rotation': 0, 'scale': 1.0, 'casing': None, 'outline_color': [1.0, 1.0, 1.0, 1.0], 'outline_width': 0, 'animations': None}], 'target': None, 'background_color': [0.0, 0.0, 0.0, 1.0], 'priority': None, 'show': True, 'force': False, 'expire': None, 'slide': None, 'tokens': {}, 'action': 'play'}}, 'context': 'base', 'calling_context': 'mode_base_started', 'priority': 100, 'player': 1, 'ball': 1, 'balls_remaining': 2, 'is_extra_ball': False}
2025-10-04 13:52:42,833 : mpfmc : SlidePlayer: Play called with settings={'widgets': {'widgets': [{'type': 'text', 'text': '(score)', 'number_grouping': True, 'min_digits': 2, 'font_size': 100, '_default_settings': ['type', 'text', 'number_grouping', 'min_digits', 'font_size'], 'x': None, 'y': None, 'anchor_x': 'center', 'anchor_y': 'center', 'round_anchor_x': None, 'round_anchor_y': None, 'opacity': 1.0, 'z': 0, 'reset_animations_events': {}, 'color': [1.0, 1.0, 1.0, 1.0], 'style': [], 'adjust_top': 0, 'adjust_bottom': 0, 'adjust_left': 0, 'adjust_right': 0, 'expire': None, 'key': None, 'widget': None, 'events_when_added': [], 'events_when_removed': [], 'bitmap_font': False, 'font_kerning': True, 'bold': False, 'italic': False, 'halign': 'center', 'valign': 'middle', 'rotation': 0, 'scale': 1.0, 'casing': None, 'outline_color': [1.0, 1.0, 1.0, 1.0], 'outline_width': 0, 'animations': None}, {'type': 'text', 'text': 'PLAYER (number)', 'y': '10', 'x': '10', 'font_size': 50, 'anchor_x': 'left', 'anchor_y': 'bottom', '_default_settings': ['type', 'text', 'y', 'x', 'font_size', 'anchor_x', 'anchor_y'], 'round_anchor_x': None, 'round_anchor_y': None, 'opacity': 1.0, 'z': 0, 'reset_animations_events': {}, 'color': [1.0, 1.0, 1.0, 1.0], 'style': [], 'adjust_top': 0, 'adjust_bottom': 0, 'adjust_left': 0, 'adjust_right': 0, 'expire': None, 'key': None, 'widget': None, 'events_when_added': [], 'events_when_removed': [], 'bitmap_font': False, 'font_kerning': True, 'bold': False, 'italic': False, 'number_grouping': False, 'min_digits': 0, 'halign': 'center', 'valign': 'middle', 'rotation': 0, 'scale': 1.0, 'casing': None, 'outline_color': [1.0, 1.0, 1.0, 1.0], 'outline_width': 0, 'animations': None}, {'type': 'text', 'text': 'BALL (ball)', 'y': '10', 'x': 'right-10', 'anchor_x': 'right', 'anchor_y': 'bottom', 'font_size': 50, '_default_settings': ['type', 'text', 'y', 'x', 'anchor_x', 'anchor_y', 'font_size'], 'round_anchor_x': None, 'round_anchor_y': None, 'opacity': 1.0, 'z': 0, 'reset_animations_events': {}, 'color': [1.0, 1.0, 1.0, 1.0], 'style': [], 'adjust_top': 0, 'adjust_bottom': 0, 'adjust_left': 0, 'adjust_right': 0, 'expire': None, 'key': None, 'widget': None, 'events_when_added': [], 'events_when_removed': [], 'bitmap_font': False, 'font_kerning': True, 'bold': False, 'italic': False, 'number_grouping': False, 'min_digits': 0, 'halign': 'center', 'valign': 'middle', 'rotation': 0, 'scale': 1.0, 'casing': None, 'outline_color': [1.0, 1.0, 1.0, 1.0], 'outline_width': 0, 'animations': None}, {'type': 'text', 'text': 'POTATO VALUE: (potato)', 'y': '40%', '_default_settings': ['type', 'text', 'y'], 'x': None, 'anchor_x': 'center', 'anchor_y': 'center', 'round_anchor_x': None, 'round_anchor_y': None, 'opacity': 1.0, 'z': 0, 'reset_animations_events': {}, 'color': [1.0, 1.0, 1.0, 1.0], 'style': [], 'adjust_top': 0, 'adjust_bottom': 0, 'adjust_left': 0, 'adjust_right': 0, 'expire': None, 'key': None, 'widget': None, 'events_when_added': [], 'events_when_removed': [], 'font_size': 15, 'bitmap_font': False, 'font_kerning': True, 'bold': False, 'italic': False, 'number_grouping': False, 'min_digits': 0, 'halign': 'center', 'valign': 'middle', 'rotation': 0, 'scale': 1.0, 'casing': None, 'outline_color': [1.0, 1.0, 1.0, 1.0], 'outline_width': 0, 'animations': None}], 'target': None, 'background_color': [0.0, 0.0, 0.0, 1.0], 'priority': None, 'show': True, 'force': False, 'expire': None, 'slide': None, 'tokens': {}, 'action': 'play'}}
2025-10-04 13:52:42,840 : EventManager : Event: ======'slide_base.slide_player-mode_base_started_created'====== Args={}
2025-10-04 13:52:42,842 : EventManager : Event: ======'slide_base.slide_player-mode_base_started_active'====== Args={}
2025-10-04 13:52:42,981 : EventManager : Event: ======'machine_var_audits_switches_s_plunger'====== Args={'value': 161, 'prev_value': 160, 'change': 1}
2025-10-04 13:52:47,894 : EventManager : Event: ======'machine_var_audits_switches_s_right_rollover'====== Args={'value': 85, 'prev_value': 84, 'change': 1}
2025-10-04 13:52:47,907 : EventManager : Event: ======'player_shot_right_rollover_shot'====== Args={'value': 1, 'prev_value': 0, 'change': 1, 'player_num': 1}
2025-10-04 13:52:47,907 : EventManager : Event: ======'machine_var_audits_shots_right_rollover_shot'====== Args={'value': 78, 'prev_value': 77, 'change': 1}
2025-10-04 13:52:47,907 : EventManager : Event: ======'player_score'====== Args={'value': 300, 'prev_value': 0, 'change': 300, 'player_num': 1}
2025-10-04 13:52:51,126 : EventManager : Event: ======'machine_var_audits_switches_s_center_rollover'====== Args={'value': 122, 'prev_value': 121, 'change': 1}
2025-10-04 13:52:51,138 : EventManager : Event: ======'player_shot_center_rollover_shot'====== Args={'value': 1, 'prev_value': 0, 'change': 1, 'player_num': 1}
2025-10-04 13:52:51,138 : EventManager : Event: ======'machine_var_audits_shots_center_rollover_shot'====== Args={'value': 115, 'prev_value': 114, 'change': 1}
2025-10-04 13:52:51,138 : EventManager : Event: ======'player_score'====== Args={'value': 500, 'prev_value': 300, 'change': 200, 'player_num': 1}
2025-10-04 13:52:52,199 : EventManager : Event: ======'machine_var_audits_switches_s_left_rollover'====== Args={'value': 67, 'prev_value': 66, 'change': 1}
2025-10-04 13:52:52,199 : EventManager : Event: ======'player_shot_left_rollover_shot'====== Args={'value': 1, 'prev_value': 0, 'change': 1, 'player_num': 1}
2025-10-04 13:52:52,199 : EventManager : Event: ======'machine_var_audits_shots_left_rollover_shot'====== Args={'value': 61, 'prev_value': 60, 'change': 1}
2025-10-04 13:52:52,199 : EventManager : Event: ======'player_shot_left_rollover_shot'====== Args={'value': 0, 'prev_value': 1, 'change': -1, 'player_num': 1}
2025-10-04 13:52:52,199 : EventManager : Event: ======'player_shot_center_rollover_shot'====== Args={'value': 0, 'prev_value': 1, 'change': -1, 'player_num': 1}
2025-10-04 13:52:52,199 : EventManager : Event: ======'player_shot_right_rollover_shot'====== Args={'value': 0, 'prev_value': 1, 'change': -1, 'player_num': 1}
2025-10-04 13:52:52,200 : EventManager : Event: ======'player_score'====== Args={'value': 5500, 'prev_value': 500, 'change': 5000, 'player_num': 1}
2025-10-04 13:52:52,200 : EventManager : Event: ======'player_score'====== Args={'value': 5600, 'prev_value': 5500, 'change': 100, 'player_num': 1}
2025-10-04 13:52:55,154 : EventManager : Event: ======'machine_var_audits_switches_s_center_rollover'====== Args={'value': 123, 'prev_value': 122, 'change': 1}
2025-10-04 13:52:55,166 : EventManager : Event: ======'player_shot_center_rollover_shot'====== Args={'value': 1, 'prev_value': 0, 'change': 1, 'player_num': 1}
2025-10-04 13:52:55,166 : EventManager : Event: ======'machine_var_audits_shots_center_rollover_shot'====== Args={'value': 116, 'prev_value': 115, 'change': 1}
2025-10-04 13:52:55,166 : EventManager : Event: ======'player_score'====== Args={'value': 5800, 'prev_value': 5600, 'change': 200, 'player_num': 1}
2025-10-04 13:52:57,164 : EventManager : Event: ======'machine_var_audits_switches_s_left_rollover'====== Args={'value': 68, 'prev_value': 67, 'change': 1}
2025-10-04 13:52:57,164 : EventManager : Event: ======'player_shot_left_rollover_shot'====== Args={'value': 1, 'prev_value': 0, 'change': 1, 'player_num': 1}
2025-10-04 13:52:57,164 : EventManager : Event: ======'machine_var_audits_shots_left_rollover_shot'====== Args={'value': 62, 'prev_value': 61, 'change': 1}
2025-10-04 13:52:57,164 : EventManager : Event: ======'player_score'====== Args={'value': 5900, 'prev_value': 5800, 'change': 100, 'player_num': 1}
2025-10-04 13:53:01,410 : EventManager : Event: ======'machine_var_audits_switches_s_right_rollover'====== Args={'value': 86, 'prev_value': 85, 'change': 1}
2025-10-04 13:53:01,458 : EventManager : Event: ======'player_shot_right_rollover_shot'====== Args={'value': 1, 'prev_value': 0, 'change': 1, 'player_num': 1}
2025-10-04 13:53:01,458 : EventManager : Event: ======'machine_var_audits_shots_right_rollover_shot'====== Args={'value': 79, 'prev_value': 78, 'change': 1}
2025-10-04 13:53:01,458 : EventManager : Event: ======'player_shot_left_rollover_shot'====== Args={'value': 0, 'prev_value': 1, 'change': -1, 'player_num': 1}
2025-10-04 13:53:01,458 : EventManager : Event: ======'player_shot_center_rollover_shot'====== Args={'value': 0, 'prev_value': 1, 'change': -1, 'player_num': 1}
2025-10-04 13:53:01,458 : EventManager : Event: ======'player_shot_right_rollover_shot'====== Args={'value': 0, 'prev_value': 1, 'change': -1, 'player_num': 1}
2025-10-04 13:53:01,459 : EventManager : Event: ======'player_score'====== Args={'value': 10900, 'prev_value': 5900, 'change': 5000, 'player_num': 1}
2025-10-04 13:53:01,459 : EventManager : Event: ======'player_score'====== Args={'value': 11200, 'prev_value': 10900, 'change': 300, 'player_num': 1}
2025-10-04 13:53:03,811 : EventManager : Event: ======'machine_var_audits_switches_s_center_rollover'====== Args={'value': 124, 'prev_value': 123, 'change': 1}
2025-10-04 13:53:03,823 : EventManager : Event: ======'player_shot_center_rollover_shot'====== Args={'value': 1, 'prev_value': 0, 'change': 1, 'player_num': 1}
2025-10-04 13:53:03,823 : EventManager : Event: ======'machine_var_audits_shots_center_rollover_shot'====== Args={'value': 117, 'prev_value': 116, 'change': 1}
2025-10-04 13:53:03,823 : EventManager : Event: ======'player_score'====== Args={'value': 11400, 'prev_value': 11200, 'change': 200, 'player_num': 1}
2025-10-04 13:53:04,983 : EventManager : Event: ======'machine_var_audits_switches_s_left_rollover'====== Args={'value': 69, 'prev_value': 68, 'change': 1}
2025-10-04 13:53:04,995 : EventManager : Event: ======'player_shot_left_rollover_shot'====== Args={'value': 1, 'prev_value': 0, 'change': 1, 'player_num': 1}
2025-10-04 13:53:04,996 : EventManager : Event: ======'machine_var_audits_shots_left_rollover_shot'====== Args={'value': 63, 'prev_value': 62, 'change': 1}
2025-10-04 13:53:04,996 : EventManager : Event: ======'player_score'====== Args={'value': 11500, 'prev_value': 11400, 'change': 100, 'player_num': 1}
2025-10-04 13:53:06,471 : EventManager : Event: ======'machine_var_audits_switches_s_right_rollover'====== Args={'value': 87, 'prev_value': 86, 'change': 1}
2025-10-04 13:53:06,496 : EventManager : Event: ======'player_shot_right_rollover_shot'====== Args={'value': 1, 'prev_value': 0, 'change': 1, 'player_num': 1}
2025-10-04 13:53:06,496 : EventManager : Event: ======'machine_var_audits_shots_right_rollover_shot'====== Args={'value': 80, 'prev_value': 79, 'change': 1}
2025-10-04 13:53:06,496 : EventManager : Event: ======'player_shot_left_rollover_shot'====== Args={'value': 0, 'prev_value': 1, 'change': -1, 'player_num': 1}
2025-10-04 13:53:06,496 : EventManager : Event: ======'player_shot_center_rollover_shot'====== Args={'value': 0, 'prev_value': 1, 'change': -1, 'player_num': 1}
2025-10-04 13:53:06,496 : EventManager : Event: ======'player_shot_right_rollover_shot'====== Args={'value': 0, 'prev_value': 1, 'change': -1, 'player_num': 1}
2025-10-04 13:53:06,496 : EventManager : Event: ======'player_score'====== Args={'value': 16500, 'prev_value': 11500, 'change': 5000, 'player_num': 1}
2025-10-04 13:53:06,496 : EventManager : Event: ======'player_score'====== Args={'value': 16800, 'prev_value': 16500, 'change': 300, 'player_num': 1}
2025-10-04 13:53:14,430 : EventManager : Event: ======'machine_var_audits_switches_s_trough1'====== Args={'value': 110, 'prev_value': 109, 'change': 1}
2025-10-04 13:53:14,954 : EventManager : Event: ======'slides_clear'====== Args={'context': 'base'}
2025-10-04 13:53:14,956 : EventManager : Event: ======'slide_base.slide_player-mode_base_started_removed'====== Args={}
2025-10-04 13:53:14,957 : EventManager : Event: ======'slide_window_blank_active'====== Args={}
2025-10-04 13:53:15,038 : EventManager : Event: ======'player_ball'====== Args={'value': 2, 'prev_value': 1, 'change': 1, 'player_num': 1}
2025-10-04 13:53:15,050 : EventManager : Event: ======'slides_play'====== Args={'settings': {'widgets': {'widgets': [{'type': 'text', 'text': '(score)', 'number_grouping': True, 'min_digits': 2, 'font_size': 100, '_default_settings': ['type', 'text', 'number_grouping', 'min_digits', 'font_size'], 'x': None, 'y': None, 'anchor_x': 'center', 'anchor_y': 'center', 'round_anchor_x': None, 'round_anchor_y': None, 'opacity': 1.0, 'z': 0, 'reset_animations_events': {}, 'color': [1.0, 1.0, 1.0, 1.0], 'style': [], 'adjust_top': 0, 'adjust_bottom': 0, 'adjust_left': 0, 'adjust_right': 0, 'expire': None, 'key': None, 'widget': None, 'events_when_added': [], 'events_when_removed': [], 'bitmap_font': False, 'font_kerning': True, 'bold': False, 'italic': False, 'halign': 'center', 'valign': 'middle', 'rotation': 0, 'scale': 1.0, 'casing': None, 'outline_color': [1.0, 1.0, 1.0, 1.0], 'outline_width': 0, 'animations': None}, {'type': 'text', 'text': 'PLAYER (number)', 'y': '10', 'x': '10', 'font_size': 50, 'anchor_x': 'left', 'anchor_y': 'bottom', '_default_settings': ['type', 'text', 'y', 'x', 'font_size', 'anchor_x', 'anchor_y'], 'round_anchor_x': None, 'round_anchor_y': None, 'opacity': 1.0, 'z': 0, 'reset_animations_events': {}, 'color': [1.0, 1.0, 1.0, 1.0], 'style': [], 'adjust_top': 0, 'adjust_bottom': 0, 'adjust_left': 0, 'adjust_right': 0, 'expire': None, 'key': None, 'widget': None, 'events_when_added': [], 'events_when_removed': [], 'bitmap_font': False, 'font_kerning': True, 'bold': False, 'italic': False, 'number_grouping': False, 'min_digits': 0, 'halign': 'center', 'valign': 'middle', 'rotation': 0, 'scale': 1.0, 'casing': None, 'outline_color': [1.0, 1.0, 1.0, 1.0], 'outline_width': 0, 'animations': None}, {'type': 'text', 'text': 'BALL (ball)', 'y': '10', 'x': 'right-10', 'anchor_x': 'right', 'anchor_y': 'bottom', 'font_size': 50, '_default_settings': ['type', 'text', 'y', 'x', 'anchor_x', 'anchor_y', 'font_size'], 'round_anchor_x': None, 'round_anchor_y': None, 'opacity': 1.0, 'z': 0, 'reset_animations_events': {}, 'color': [1.0, 1.0, 1.0, 1.0], 'style': [], 'adjust_top': 0, 'adjust_bottom': 0, 'adjust_left': 0, 'adjust_right': 0, 'expire': None, 'key': None, 'widget': None, 'events_when_added': [], 'events_when_removed': [], 'bitmap_font': False, 'font_kerning': True, 'bold': False, 'italic': False, 'number_grouping': False, 'min_digits': 0, 'halign': 'center', 'valign': 'middle', 'rotation': 0, 'scale': 1.0, 'casing': None, 'outline_color': [1.0, 1.0, 1.0, 1.0], 'outline_width': 0, 'animations': None}, {'type': 'text', 'text': 'POTATO VALUE: (potato)', 'y': '40%', '_default_settings': ['type', 'text', 'y'], 'x': None, 'anchor_x': 'center', 'anchor_y': 'center', 'round_anchor_x': None, 'round_anchor_y': None, 'opacity': 1.0, 'z': 0, 'reset_animations_events': {}, 'color': [1.0, 1.0, 1.0, 1.0], 'style': [], 'adjust_top': 0, 'adjust_bottom': 0, 'adjust_left': 0, 'adjust_right': 0, 'expire': None, 'key': None, 'widget': None, 'events_when_added': [], 'events_when_removed': [], 'font_size': 15, 'bitmap_font': False, 'font_kerning': True, 'bold': False, 'italic': False, 'number_grouping': False, 'min_digits': 0, 'halign': 'center', 'valign': 'middle', 'rotation': 0, 'scale': 1.0, 'casing': None, 'outline_color': [1.0, 1.0, 1.0, 1.0], 'outline_width': 0, 'animations': None}], 'target': None, 'background_color': [0.0, 0.0, 0.0, 1.0], 'priority': None, 'show': True, 'force': False, 'expire': None, 'slide': None, 'tokens': {}, 'action': 'play'}}, 'context': 'base', 'calling_context': 'mode_base_started', 'priority': 100, 'player': 1, 'ball': 2, 'balls_remaining': 1, 'is_extra_ball': False}
2025-10-04 13:53:15,050 : mpfmc : SlidePlayer: Play called with settings={'widgets': {'widgets': [{'type': 'text', 'text': '(score)', 'number_grouping': True, 'min_digits': 2, 'font_size': 100, '_default_settings': ['type', 'text', 'number_grouping', 'min_digits', 'font_size'], 'x': None, 'y': None, 'anchor_x': 'center', 'anchor_y': 'center', 'round_anchor_x': None, 'round_anchor_y': None, 'opacity': 1.0, 'z': 0, 'reset_animations_events': {}, 'color': [1.0, 1.0, 1.0, 1.0], 'style': [], 'adjust_top': 0, 'adjust_bottom': 0, 'adjust_left': 0, 'adjust_right': 0, 'expire': None, 'key': None, 'widget': None, 'events_when_added': [], 'events_when_removed': [], 'bitmap_font': False, 'font_kerning': True, 'bold': False, 'italic': False, 'halign': 'center', 'valign': 'middle', 'rotation': 0, 'scale': 1.0, 'casing': None, 'outline_color': [1.0, 1.0, 1.0, 1.0], 'outline_width': 0, 'animations': None}, {'type': 'text', 'text': 'PLAYER (number)', 'y': '10', 'x': '10', 'font_size': 50, 'anchor_x': 'left', 'anchor_y': 'bottom', '_default_settings': ['type', 'text', 'y', 'x', 'font_size', 'anchor_x', 'anchor_y'], 'round_anchor_x': None, 'round_anchor_y': None, 'opacity': 1.0, 'z': 0, 'reset_animations_events': {}, 'color': [1.0, 1.0, 1.0, 1.0], 'style': [], 'adjust_top': 0, 'adjust_bottom': 0, 'adjust_left': 0, 'adjust_right': 0, 'expire': None, 'key': None, 'widget': None, 'events_when_added': [], 'events_when_removed': [], 'bitmap_font': False, 'font_kerning': True, 'bold': False, 'italic': False, 'number_grouping': False, 'min_digits': 0, 'halign': 'center', 'valign': 'middle', 'rotation': 0, 'scale': 1.0, 'casing': None, 'outline_color': [1.0, 1.0, 1.0, 1.0], 'outline_width': 0, 'animations': None}, {'type': 'text', 'text': 'BALL (ball)', 'y': '10', 'x': 'right-10', 'anchor_x': 'right', 'anchor_y': 'bottom', 'font_size': 50, '_default_settings': ['type', 'text', 'y', 'x', 'anchor_x', 'anchor_y', 'font_size'], 'round_anchor_x': None, 'round_anchor_y': None, 'opacity': 1.0, 'z': 0, 'reset_animations_events': {}, 'color': [1.0, 1.0, 1.0, 1.0], 'style': [], 'adjust_top': 0, 'adjust_bottom': 0, 'adjust_left': 0, 'adjust_right': 0, 'expire': None, 'key': None, 'widget': None, 'events_when_added': [], 'events_when_removed': [], 'bitmap_font': False, 'font_kerning': True, 'bold': False, 'italic': False, 'number_grouping': False, 'min_digits': 0, 'halign': 'center', 'valign': 'middle', 'rotation': 0, 'scale': 1.0, 'casing': None, 'outline_color': [1.0, 1.0, 1.0, 1.0], 'outline_width': 0, 'animations': None}, {'type': 'text', 'text': 'POTATO VALUE: (potato)', 'y': '40%', '_default_settings': ['type', 'text', 'y'], 'x': None, 'anchor_x': 'center', 'anchor_y': 'center', 'round_anchor_x': None, 'round_anchor_y': None, 'opacity': 1.0, 'z': 0, 'reset_animations_events': {}, 'color': [1.0, 1.0, 1.0, 1.0], 'style': [], 'adjust_top': 0, 'adjust_bottom': 0, 'adjust_left': 0, 'adjust_right': 0, 'expire': None, 'key': None, 'widget': None, 'events_when_added': [], 'events_when_removed': [], 'font_size': 15, 'bitmap_font': False, 'font_kerning': True, 'bold': False, 'italic': False, 'number_grouping': False, 'min_digits': 0, 'halign': 'center', 'valign': 'middle', 'rotation': 0, 'scale': 1.0, 'casing': None, 'outline_color': [1.0, 1.0, 1.0, 1.0], 'outline_width': 0, 'animations': None}], 'target': None, 'background_color': [0.0, 0.0, 0.0, 1.0], 'priority': None, 'show': True, 'force': False, 'expire': None, 'slide': None, 'tokens': {}, 'action': 'play'}}
2025-10-04 13:53:15,058 : EventManager : Event: ======'slide_base.slide_player-mode_base_started_created'====== Args={}
2025-10-04 13:53:15,060 : EventManager : Event: ======'slide_base.slide_player-mode_base_started_active'====== Args={}
2025-10-04 13:53:15,187 : EventManager : Event: ======'machine_var_audits_switches_s_plunger'====== Args={'value': 162, 'prev_value': 161, 'change': 1}
2025-10-04 13:53:18,067 : kivy : Base: Leaving application in progress...
