2025-10-20 22:43:39,780 : INFO : root : Loading config.
2025-10-20 22:43:39,785 : INFO : YamlMultifileConfigLoader : Machine config file #1: config.yaml
2025-10-20 22:43:39,785 : INFO : ConfigProcessor : Loading config from cache: C:\Users\richa\AppData\Local\Temp\f7776651e259183bd84a8c8d686bf868.mpf_cache
2025-10-20 22:43:39,863 : INFO : ConfigProcessor : Loading config from cache: C:\Users\richa\AppData\Local\Temp\70233839fc0b792ce11a62f3c18c1950.mpf_cache
2025-10-20 22:43:39,864 : INFO : ConfigProcessor : Loading config from cache: C:\Users\richa\AppData\Local\Temp\9c8dea79ca4d15ee886340e992e8cb9d.mpf_cache
2025-10-20 22:43:39,865 : INFO : ConfigProcessor : Loading config from cache: C:\Users\richa\AppData\Local\Temp\67a19b095f918111543419ac0271bfb1.mpf_cache
2025-10-20 22:43:39,866 : INFO : ConfigProcessor : Loading config from cache: C:\Users\richa\AppData\Local\Temp\be387b0e8ed00556ec738d83cd6947d1.mpf_cache
2025-10-20 22:43:39,867 : INFO : ConfigProcessor : Loading config from cache: C:\Users\richa\AppData\Local\Temp\5a8efabd9666d8c71fa755fc28a9bf1e.mpf_cache
2025-10-20 22:43:39,867 : INFO : ConfigProcessor : Loading config from cache: C:\Users\richa\AppData\Local\Temp\fb58745e58584e219ff53db445e8e9f2.mpf_cache
2025-10-20 22:43:39,868 : INFO : ConfigProcessor : Loading config from cache: C:\Users\richa\AppData\Local\Temp\3a5badf48d988f9fc0f9b093a934917d.mpf_cache
2025-10-20 22:43:39,869 : INFO : ConfigProcessor : Loading config from cache: C:\Users\richa\AppData\Local\Temp\9e788d9ac28f3464b985b20edf80a10e.mpf_cache
2025-10-20 22:43:39,870 : INFO : ConfigProcessor : Loading config from cache: C:\Users\richa\AppData\Local\Temp\7e426d8ffa907371bf962f3181d8bdf2.mpf_cache
2025-10-20 22:43:39,870 : INFO : ConfigProcessor : Loading config from cache: C:\Users\richa\AppData\Local\Temp\77e0376825dda61b91775259cce643ad.mpf_cache
2025-10-20 22:43:39,871 : INFO : ConfigProcessor : Loading config from cache: C:\Users\richa\AppData\Local\Temp\e68c20669f80ec7d0801afbfa80f9eff.mpf_cache
2025-10-20 22:43:39,872 : INFO : ConfigProcessor : Loading config from cache: C:\Users\richa\AppData\Local\Temp\b710dc01437f1dfd05f3b5275f67493b.mpf_cache
2025-10-20 22:43:39,873 : INFO : ConfigProcessor : Loading config from cache: C:\Users\richa\AppData\Local\Temp\0a23590f4081187a3ecee75c7657616e.mpf_cache
2025-10-20 22:43:39,874 : INFO : ConfigProcessor : Loading config from cache: C:\Users\richa\AppData\Local\Temp\374a5edaf0766cb9005f368df852c09d.mpf_cache
2025-10-20 22:43:39,874 : INFO : ConfigProcessor : Loading config from cache: C:\Users\richa\AppData\Local\Temp\b50d1c72289d6f8f00cba34766fbb2e5.mpf_cache
2025-10-20 22:43:39,875 : INFO : ConfigProcessor : Loading config from cache: C:\Users\richa\AppData\Local\Temp\bfc680b70531e398658191c2a179bce0.mpf_cache
2025-10-20 22:43:39,876 : INFO : ConfigProcessor : Loading config from cache: C:\Users\richa\AppData\Local\Temp\069a726c379c7a3dc006889318eb30f2.mpf_cache
2025-10-20 22:43:39,876 : INFO : ConfigProcessor : Loading config from cache: C:\Users\richa\AppData\Local\Temp\6159dd3e8b071f5aa615e717784124e9.mpf_cache
2025-10-20 22:43:39,877 : INFO : ConfigProcessor : Loading config from cache: C:\Users\richa\AppData\Local\Temp\e382c4765158d2be92c1673fc03a4ad6.mpf_cache
2025-10-20 22:43:39,878 : INFO : ConfigProcessor : Loading config from cache: C:\Users\richa\AppData\Local\Temp\868b3b6361e3aaa0a56bd50d9388247e.mpf_cache
2025-10-20 22:43:39,879 : INFO : Machine : Mission Pinball Framework Core Engine v0.57.0.dev39
2025-10-20 22:43:39,879 : INFO : Machine : Command line arguments: {'no_load_cache': False, 'create_config_cache': True, 'bcp': True, 'configfile': ['config.yaml'], 'force_assets_load': False, 'jsonlogging': False, 'logfile': 'logs\\2025-10-20-22-43-39-mpf-DESKTOP-RK7BE5M.log', 'pause': False, 'production': False, 'text_ui': True, 'loglevel': 15, 'consoleloglevel': 20, 'force_platform': None, 'syslog_address': None, 'mc_file_name': None, 'no_sound': False}
2025-10-20 22:43:39,879 : INFO : Machine : MPF path: C:\Users\richa\mpfvirtual4\lib\site-packages\mpf
2025-10-20 22:43:39,879 : INFO : Machine : Machine path: C:\Users\richa\ttp7
2025-10-20 22:43:39,879 : INFO : Machine : Platform: win32
2025-10-20 22:43:39,879 : INFO : Machine : Python executable location: C:\Users\richa\mpfvirtual4\Scripts\python.exe
2025-10-20 22:43:39,879 : INFO : Machine : Python version: 3.9.13 (64-bit)
2025-10-20 22:43:39,881 : INFO : Machine : Initializing MPF...
2025-10-20 22:43:40,237 : INFO : EventManager : Event: ======'machine_var_credits_string'====== Args={'value': 'FREE PLAY', 'prev_value': None, 'change': True}
2025-10-20 22:43:40,300 : INFO : EventManager : Event: ======'machine_var_credit_units'====== Args={'value': 0, 'prev_value': None, 'change': True}
2025-10-20 22:43:40,300 : INFO : EventManager : Event: ======'machine_var_free_play'====== Args={'value': False, 'prev_value': None, 'change': True}
2025-10-20 22:43:40,300 : INFO : EventManager : Event: ======'machine_var_master_volume'====== Args={'value': 0.7, 'prev_value': None, 'change': True}
2025-10-20 22:43:40,300 : INFO : EventManager : Event: ======'machine_var_player1_score'====== Args={'value': 300, 'prev_value': None, 'change': True}
2025-10-20 22:43:40,300 : INFO : EventManager : Event: ======'machine_var_mpf_version'====== Args={'value': 'Mission Pinball Framework v0.57.0.dev39', 'prev_value': None, 'change': True}
2025-10-20 22:43:40,300 : INFO : EventManager : Event: ======'machine_var_mpf_extended_version'====== Args={'value': 'Mission Pinball Framework v0.57.0.dev39, Config version:6, Show version: 6, BCP version:1.1', 'prev_value': None, 'change': True}
2025-10-20 22:43:40,300 : INFO : EventManager : Event: ======'machine_var_python_version'====== Args={'value': '3.9.13', 'prev_value': None, 'change': True}
2025-10-20 22:43:40,310 : INFO : EventManager : Event: ======'machine_var_platform'====== Args={'value': 'Windows-10-10.0.19045-SP0', 'prev_value': None, 'change': True}
2025-10-20 22:43:40,311 : INFO : EventManager : Event: ======'machine_var_platform_system'====== Args={'value': 'Windows', 'prev_value': None, 'change': True}
2025-10-20 22:43:40,311 : INFO : EventManager : Event: ======'machine_var_platform_release'====== Args={'value': '10', 'prev_value': None, 'change': True}
2025-10-20 22:43:40,311 : INFO : EventManager : Event: ======'machine_var_platform_version'====== Args={'value': '10.0.19045', 'prev_value': None, 'change': True}
2025-10-20 22:43:40,311 : INFO : EventManager : Event: ======'machine_var_platform_machine'====== Args={'value': 'AMD64', 'prev_value': None, 'change': True}
2025-10-20 22:43:40,311 : INFO : EventManager : Event: ======'init_phase_1'====== Args={}
2025-10-20 22:43:40,372 : INFO : EventManager : Event: ======'drop_target_bank_TIME_up'====== Args={}
2025-10-20 22:43:40,372 : INFO : EventManager : Event: ======'drop_target_bank_CENTER_up'====== Args={}
2025-10-20 22:43:40,373 : INFO : EventManager : Event: ======'drop_target_bank_TRAVEL_up'====== Args={}
2025-10-20 22:43:40,373 : INFO : EventManager : Event: ======'init_phase_2'====== Args={}
2025-10-20 22:43:40,374 : INFO : SwitchController : Found active switch: ('2', <Platform.SmartVirtual>) <switch.s_trough1>
2025-10-20 22:43:40,374 : INFO : SwitchController : Found active switch: ('3', <Platform.SmartVirtual>) <switch.s_trough2>
2025-10-20 22:43:40,374 : INFO : SwitchController : Found active switch: ('4', <Platform.SmartVirtual>) <switch.s_trough3>
2025-10-20 22:43:40,374 : INFO : SwitchController : Found active switch: ('5', <Platform.SmartVirtual>) <switch.s_trough4>
2025-10-20 22:43:40,374 : INFO : SwitchController : Found active switch: ('6', <Platform.SmartVirtual>) <switch.s_trough5>
2025-10-20 22:43:40,374 : INFO : SwitchController : Found active switch: ('7', <Platform.SmartVirtual>) <switch.s_trough6>
2025-10-20 22:43:40,394 : INFO : EventManager : Event: ======'bcp_connection_attempt'====== Args={'name': 'local_display', 'host': 'localhost', 'port': 5050}
2025-10-20 22:43:40,396 : INFO : BCPClientSocket : Connecting BCP to 'local_display' at localhost:5050...
2025-10-20 22:43:42,426 : INFO : BCPClientSocket : Connected BCP to 'local_display' localhost:5050
2025-10-20 22:43:42,427 : INFO : EventManager : Event: ======'bcp_clients_connected'====== Args={}
2025-10-20 22:43:42,718 : INFO : ball_device.bd_trough : BCH: Initial count: 6
2025-10-20 22:43:42,719 : INFO : EventManager : Event: ======'machine_var_mc_version'====== Args={'value': 'MPF-MC v0.57.0.dev10', 'prev_value': None, 'change': True}
2025-10-20 22:43:42,719 : INFO : EventManager : Event: ======'machine_var_mc_extended_version'====== Args={'value': 'MPF-MC v0.57.0.dev10 (config_version=6, BCP v1.1,                      Requires MPF API compatibility v0.57.0.dev19 or newer)', 'prev_value': None, 'change': True}
2025-10-20 22:43:42,721 : INFO : ball_device.bd_trough : State: idle
2025-10-20 22:43:42,799 : INFO : ball_device.bd_plunger : BCH: Initial count: 0
2025-10-20 22:43:42,799 : INFO : ball_device.bd_plunger : State: idle
2025-10-20 22:43:42,800 : INFO : ball_device.bd_left_scoop : BCH: Initial count: 0
2025-10-20 22:43:42,800 : INFO : ball_device.bd_left_scoop : State: idle
2025-10-20 22:43:42,800 : INFO : ball_device.bd_center_scoop : BCH: Initial count: 0
2025-10-20 22:43:42,800 : INFO : ball_device.bd_center_scoop : State: idle
2025-10-20 22:43:42,801 : INFO : ball_device.bd_right_scoop : BCH: Initial count: 0
2025-10-20 22:43:42,801 : INFO : ball_device.bd_right_scoop : State: idle
2025-10-20 22:43:42,824 : INFO : EventManager : Event: ======'init_phase_3'====== Args={}
2025-10-20 22:43:42,888 : INFO : EventManager : Event: ======'init_phase_4'====== Args={}
2025-10-20 22:43:42,888 : INFO : BallController : Initial balls found: 6
2025-10-20 22:43:42,889 : INFO : EventManager : Event: ======'machine_var_audits_events_game_ended'====== Args={'value': 73, 'prev_value': None, 'change': True}
2025-10-20 22:43:42,890 : INFO : EventManager : Event: ======'machine_var_audits_events_game_started'====== Args={'value': 382, 'prev_value': None, 'change': True}
2025-10-20 22:43:42,890 : INFO : EventManager : Event: ======'machine_var_audits_missing_switches_s_A'====== Args={'value': 67, 'prev_value': None, 'change': True}
2025-10-20 22:43:42,890 : INFO : EventManager : Event: ======'machine_var_audits_missing_switches_s_E'====== Args={'value': 13, 'prev_value': None, 'change': True}
2025-10-20 22:43:42,890 : INFO : EventManager : Event: ======'machine_var_audits_missing_switches_s_Eb'====== Args={'value': 67, 'prev_value': None, 'change': True}
2025-10-20 22:43:42,891 : INFO : EventManager : Event: ======'machine_var_audits_missing_switches_s_I'====== Args={'value': 13, 'prev_value': None, 'change': True}
2025-10-20 22:43:42,891 : INFO : EventManager : Event: ======'machine_var_audits_missing_switches_s_L'====== Args={'value': 67, 'prev_value': None, 'change': True}
2025-10-20 22:43:42,891 : INFO : EventManager : Event: ======'machine_var_audits_missing_switches_s_M'====== Args={'value': 13, 'prev_value': None, 'change': True}
2025-10-20 22:43:42,891 : INFO : EventManager : Event: ======'machine_var_audits_missing_switches_s_R'====== Args={'value': 67, 'prev_value': None, 'change': True}
2025-10-20 22:43:42,891 : INFO : EventManager : Event: ======'machine_var_audits_missing_switches_s_T'====== Args={'value': 13, 'prev_value': None, 'change': True}
2025-10-20 22:43:42,891 : INFO : EventManager : Event: ======'machine_var_audits_missing_switches_s_Tb'====== Args={'value': 67, 'prev_value': None, 'change': True}
2025-10-20 22:43:42,892 : INFO : EventManager : Event: ======'machine_var_audits_missing_switches_s_V'====== Args={'value': 67, 'prev_value': None, 'change': True}
2025-10-20 22:43:42,892 : INFO : EventManager : Event: ======'machine_var_audits_missing_switches_s_bumper1'====== Args={'value': 2, 'prev_value': None, 'change': True}
2025-10-20 22:43:42,892 : INFO : EventManager : Event: ======'machine_var_audits_missing_switches_s_bumper2'====== Args={'value': 6, 'prev_value': None, 'change': True}
2025-10-20 22:43:42,892 : INFO : EventManager : Event: ======'machine_var_audits_missing_switches_s_bumper_1'====== Args={'value': 28, 'prev_value': None, 'change': True}
2025-10-20 22:43:42,892 : INFO : EventManager : Event: ======'machine_var_audits_missing_switches_s_bumper_2'====== Args={'value': 28, 'prev_value': None, 'change': True}
2025-10-20 22:43:42,893 : INFO : EventManager : Event: ======'machine_var_audits_missing_switches_s_center_center_target'====== Args={'value': 37, 'prev_value': None, 'change': True}
2025-10-20 22:43:42,893 : INFO : EventManager : Event: ======'machine_var_audits_missing_switches_s_center_scoop'====== Args={'value': 1, 'prev_value': None, 'change': True}
2025-10-20 22:43:42,893 : INFO : EventManager : Event: ======'machine_var_audits_missing_switches_s_coin_left'====== Args={'value': 8, 'prev_value': None, 'change': True}
2025-10-20 22:43:42,893 : INFO : EventManager : Event: ======'machine_var_audits_missing_switches_s_door_open'====== Args={'value': 1, 'prev_value': None, 'change': True}
2025-10-20 22:43:42,893 : INFO : EventManager : Event: ======'machine_var_audits_missing_switches_s_launcher_lane_spinner'====== Args={'value': 48, 'prev_value': None, 'change': True}
2025-10-20 22:43:42,894 : INFO : EventManager : Event: ======'machine_var_audits_missing_switches_s_left_center_target'====== Args={'value': 37, 'prev_value': None, 'change': True}
2025-10-20 22:43:42,894 : INFO : EventManager : Event: ======'machine_var_audits_missing_switches_s_left_corridor_spinner'====== Args={'value': 2, 'prev_value': None, 'change': True}
2025-10-20 22:43:42,894 : INFO : EventManager : Event: ======'machine_var_audits_missing_switches_s_left_corridor_spinner2'====== Args={'value': 43, 'prev_value': None, 'change': True}
2025-10-20 22:43:42,894 : INFO : EventManager : Event: ======'machine_var_audits_missing_switches_s_left_flipper'====== Args={'value': 5, 'prev_value': None, 'change': True}
2025-10-20 22:43:42,894 : INFO : EventManager : Event: ======'machine_var_audits_missing_switches_s_left_inlane'====== Args={'value': 16, 'prev_value': None, 'change': True}
2025-10-20 22:43:42,895 : INFO : EventManager : Event: ======'machine_var_audits_missing_switches_s_left_outlane'====== Args={'value': 16, 'prev_value': None, 'change': True}
2025-10-20 22:43:42,895 : INFO : EventManager : Event: ======'machine_var_audits_missing_switches_s_left_rollover'====== Args={'value': 7, 'prev_value': None, 'change': True}
2025-10-20 22:43:42,896 : INFO : EventManager : Event: ======'machine_var_audits_missing_switches_s_left_scoop'====== Args={'value': 6, 'prev_value': None, 'change': True}
2025-10-20 22:43:42,896 : INFO : EventManager : Event: ======'machine_var_audits_missing_switches_s_left_standup'====== Args={'value': 48, 'prev_value': None, 'change': True}
2025-10-20 22:43:42,897 : INFO : EventManager : Event: ======'machine_var_audits_missing_switches_s_right_center_target'====== Args={'value': 37, 'prev_value': None, 'change': True}
2025-10-20 22:43:42,897 : INFO : EventManager : Event: ======'machine_var_audits_missing_switches_s_right_corridor_spinner'====== Args={'value': 43, 'prev_value': None, 'change': True}
2025-10-20 22:43:42,897 : INFO : EventManager : Event: ======'machine_var_audits_missing_switches_s_right_flipper'====== Args={'value': 9, 'prev_value': None, 'change': True}
2025-10-20 22:43:42,898 : INFO : EventManager : Event: ======'machine_var_audits_missing_switches_s_right_inlane'====== Args={'value': 16, 'prev_value': None, 'change': True}
2025-10-20 22:43:42,898 : INFO : EventManager : Event: ======'machine_var_audits_missing_switches_s_right_outlane'====== Args={'value': 16, 'prev_value': None, 'change': True}
2025-10-20 22:43:42,899 : INFO : EventManager : Event: ======'machine_var_audits_missing_switches_s_right_scoop'====== Args={'value': 6, 'prev_value': None, 'change': True}
2025-10-20 22:43:42,899 : INFO : EventManager : Event: ======'machine_var_audits_missing_switches_s_right_standup'====== Args={'value': 2, 'prev_value': None, 'change': True}
2025-10-20 22:43:42,899 : INFO : EventManager : Event: ======'machine_var_audits_missing_switches_s_service_coin'====== Args={'value': 63, 'prev_value': None, 'change': True}
2025-10-20 22:43:42,899 : INFO : EventManager : Event: ======'machine_var_audits_missing_switches_s_service_down'====== Args={'value': 17, 'prev_value': None, 'change': True}
2025-10-20 22:43:42,899 : INFO : EventManager : Event: ======'machine_var_audits_missing_switches_s_service_enter'====== Args={'value': 1, 'prev_value': None, 'change': True}
2025-10-20 22:43:42,900 : INFO : EventManager : Event: ======'machine_var_audits_missing_switches_s_service_esc'====== Args={'value': 1, 'prev_value': None, 'change': True}
2025-10-20 22:43:42,900 : INFO : EventManager : Event: ======'machine_var_audits_missing_switches_s_service_up'====== Args={'value': 17, 'prev_value': None, 'change': True}
2025-10-20 22:43:42,900 : INFO : EventManager : Event: ======'machine_var_audits_missing_switches_s_sling_left'====== Args={'value': 335, 'prev_value': None, 'change': True}
2025-10-20 22:43:42,901 : INFO : EventManager : Event: ======'machine_var_audits_missing_switches_s_sling_right'====== Args={'value': 231, 'prev_value': None, 'change': True}
2025-10-20 22:43:42,901 : INFO : EventManager : Event: ======'machine_var_audits_missing_switches_s_standup_1'====== Args={'value': 6, 'prev_value': None, 'change': True}
2025-10-20 22:43:42,902 : INFO : EventManager : Event: ======'machine_var_audits_missing_switches_s_standup_2'====== Args={'value': 21, 'prev_value': None, 'change': True}
2025-10-20 22:43:42,902 : INFO : EventManager : Event: ======'machine_var_audits_missing_switches_s_standup_3'====== Args={'value': 21, 'prev_value': None, 'change': True}
2025-10-20 22:43:42,902 : INFO : EventManager : Event: ======'machine_var_audits_missing_switches_s_standup_4'====== Args={'value': 21, 'prev_value': None, 'change': True}
2025-10-20 22:43:42,903 : INFO : EventManager : Event: ======'machine_var_audits_missing_switches_s_standup_5'====== Args={'value': 21, 'prev_value': None, 'change': True}
2025-10-20 22:43:42,903 : INFO : EventManager : Event: ======'machine_var_audits_missing_switches_s_standup_6'====== Args={'value': 21, 'prev_value': None, 'change': True}
2025-10-20 22:43:42,903 : INFO : EventManager : Event: ======'machine_var_audits_missing_switches_s_start'====== Args={'value': 8, 'prev_value': None, 'change': True}
2025-10-20 22:43:42,903 : INFO : EventManager : Event: ======'machine_var_audits_missing_switches_s_tilt'====== Args={'value': 3, 'prev_value': None, 'change': True}
2025-10-20 22:43:42,904 : INFO : EventManager : Event: ======'machine_var_audits_missing_switches_s_top_left_standup'====== Args={'value': 48, 'prev_value': None, 'change': True}
2025-10-20 22:43:42,904 : INFO : EventManager : Event: ======'machine_var_audits_missing_switches_s_top_left_standup2'====== Args={'value': 48, 'prev_value': None, 'change': True}
2025-10-20 22:43:42,904 : INFO : EventManager : Event: ======'machine_var_audits_missing_switches_s_trough2'====== Args={'value': 67, 'prev_value': None, 'change': True}
2025-10-20 22:43:42,905 : INFO : EventManager : Event: ======'machine_var_audits_missing_switches_s_trough3'====== Args={'value': 382, 'prev_value': None, 'change': True}
2025-10-20 22:43:42,905 : INFO : EventManager : Event: ======'machine_var_audits_missing_switches_s_trough4'====== Args={'value': 382, 'prev_value': None, 'change': True}
2025-10-20 22:43:42,905 : INFO : EventManager : Event: ======'machine_var_audits_missing_switches_s_trough5'====== Args={'value': 382, 'prev_value': None, 'change': True}
2025-10-20 22:43:42,906 : INFO : EventManager : Event: ======'machine_var_audits_missing_switches_s_trough6'====== Args={'value': 382, 'prev_value': None, 'change': True}
2025-10-20 22:43:42,906 : INFO : EventManager : Event: ======'machine_var_audits_player_score'====== Args={'value': {'average': 6450684, 'top': [75043600, 70538842, 47521800, 45002500, 43517500, 42224750, 41236342, 31835000, 17715450, 15508500], 'total': 77}, 'prev_value': None, 'change': True}
2025-10-20 22:43:42,906 : INFO : EventManager : Event: ======'machine_var_audits_shots_A'====== Args={'value': 50, 'prev_value': None, 'change': True}
2025-10-20 22:43:42,907 : INFO : EventManager : Event: ======'machine_var_audits_shots_E'====== Args={'value': 213, 'prev_value': None, 'change': True}
2025-10-20 22:43:42,907 : INFO : EventManager : Event: ======'machine_var_audits_shots_Eb'====== Args={'value': 42, 'prev_value': None, 'change': True}
2025-10-20 22:43:42,908 : INFO : EventManager : Event: ======'machine_var_audits_shots_I'====== Args={'value': 206, 'prev_value': None, 'change': True}
2025-10-20 22:43:42,908 : INFO : EventManager : Event: ======'machine_var_audits_shots_L'====== Args={'value': 43, 'prev_value': None, 'change': True}
2025-10-20 22:43:42,908 : INFO : EventManager : Event: ======'machine_var_audits_shots_M'====== Args={'value': 208, 'prev_value': None, 'change': True}
2025-10-20 22:43:42,909 : INFO : EventManager : Event: ======'machine_var_audits_shots_R'====== Args={'value': 62, 'prev_value': None, 'change': True}
2025-10-20 22:43:42,909 : INFO : EventManager : Event: ======'machine_var_audits_shots_T'====== Args={'value': 208, 'prev_value': None, 'change': True}
2025-10-20 22:43:42,909 : INFO : EventManager : Event: ======'machine_var_audits_shots_Tb'====== Args={'value': 84, 'prev_value': None, 'change': True}
2025-10-20 22:43:42,910 : INFO : EventManager : Event: ======'machine_var_audits_shots_V'====== Args={'value': 43, 'prev_value': None, 'change': True}
2025-10-20 22:43:42,910 : INFO : EventManager : Event: ======'machine_var_audits_shots_bumper1_shot'====== Args={'value': 358, 'prev_value': None, 'change': True}
2025-10-20 22:43:42,910 : INFO : EventManager : Event: ======'machine_var_audits_shots_bumper2_shot'====== Args={'value': 883, 'prev_value': None, 'change': True}
2025-10-20 22:43:42,911 : INFO : EventManager : Event: ======'machine_var_audits_shots_center_center_droptarget'====== Args={'value': 21, 'prev_value': None, 'change': True}
2025-10-20 22:43:42,911 : INFO : EventManager : Event: ======'machine_var_audits_shots_center_rollover'====== Args={'value': 7, 'prev_value': None, 'change': True}
2025-10-20 22:43:42,911 : INFO : EventManager : Event: ======'machine_var_audits_shots_center_rollover_shot'====== Args={'value': 350, 'prev_value': None, 'change': True}
2025-10-20 22:43:42,912 : INFO : EventManager : Event: ======'machine_var_audits_shots_center_scoop_shot'====== Args={'value': 11, 'prev_value': None, 'change': True}
2025-10-20 22:43:42,912 : INFO : EventManager : Event: ======'machine_var_audits_shots_jets'====== Args={'value': 1182, 'prev_value': None, 'change': True}
2025-10-20 22:43:42,913 : INFO : EventManager : Event: ======'machine_var_audits_shots_left_center_droptarget'====== Args={'value': 21, 'prev_value': None, 'change': True}
2025-10-20 22:43:42,913 : INFO : EventManager : Event: ======'machine_var_audits_shots_left_corridor_spinner'====== Args={'value': 9, 'prev_value': None, 'change': True}
2025-10-20 22:43:42,914 : INFO : EventManager : Event: ======'machine_var_audits_shots_left_corridor_spinner2'====== Args={'value': 10, 'prev_value': None, 'change': True}
2025-10-20 22:43:42,915 : INFO : EventManager : Event: ======'machine_var_audits_shots_left_corridor_spinner_shot'====== Args={'value': 196, 'prev_value': None, 'change': True}
2025-10-20 22:43:42,915 : INFO : EventManager : Event: ======'machine_var_audits_shots_left_inlane_shot'====== Args={'value': 8, 'prev_value': None, 'change': True}
2025-10-20 22:43:42,915 : INFO : EventManager : Event: ======'machine_var_audits_shots_left_outlane_shot'====== Args={'value': 8, 'prev_value': None, 'change': True}
2025-10-20 22:43:42,916 : INFO : EventManager : Event: ======'machine_var_audits_shots_left_rollover'====== Args={'value': 36, 'prev_value': None, 'change': True}
2025-10-20 22:43:42,916 : INFO : EventManager : Event: ======'machine_var_audits_shots_left_rollover_shot'====== Args={'value': 287, 'prev_value': None, 'change': True}
2025-10-20 22:43:42,916 : INFO : EventManager : Event: ======'machine_var_audits_shots_left_scoop_shot'====== Args={'value': 41, 'prev_value': None, 'change': True}
2025-10-20 22:43:42,917 : INFO : EventManager : Event: ======'machine_var_audits_shots_left_standup_shot'====== Args={'value': 15, 'prev_value': None, 'change': True}
2025-10-20 22:43:42,917 : INFO : EventManager : Event: ======'machine_var_audits_shots_letf_inlane_shot'====== Args={'value': 6, 'prev_value': None, 'change': True}
2025-10-20 22:43:42,918 : INFO : EventManager : Event: ======'machine_var_audits_shots_letf_outlane_shot'====== Args={'value': 5, 'prev_value': None, 'change': True}
2025-10-20 22:43:42,918 : INFO : EventManager : Event: ======'machine_var_audits_shots_middle_inlane_shot'====== Args={'value': 20, 'prev_value': None, 'change': True}
2025-10-20 22:43:42,918 : INFO : EventManager : Event: ======'machine_var_audits_shots_my_first_shot'====== Args={'value': 95, 'prev_value': None, 'change': True}
2025-10-20 22:43:42,919 : INFO : EventManager : Event: ======'machine_var_audits_shots_right_center_droptarget'====== Args={'value': 22, 'prev_value': None, 'change': True}
2025-10-20 22:43:42,919 : INFO : EventManager : Event: ======'machine_var_audits_shots_right_corridor_spinner'====== Args={'value': 3, 'prev_value': None, 'change': True}
2025-10-20 22:43:42,920 : INFO : EventManager : Event: ======'machine_var_audits_shots_right_inlane_shot'====== Args={'value': 115, 'prev_value': None, 'change': True}
2025-10-20 22:43:42,920 : INFO : EventManager : Event: ======'machine_var_audits_shots_right_outlane_shot'====== Args={'value': 37, 'prev_value': None, 'change': True}
2025-10-20 22:43:42,920 : INFO : EventManager : Event: ======'machine_var_audits_shots_right_rollover'====== Args={'value': 41, 'prev_value': None, 'change': True}
2025-10-20 22:43:42,921 : INFO : EventManager : Event: ======'machine_var_audits_shots_right_rollover_shot'====== Args={'value': 419, 'prev_value': None, 'change': True}
2025-10-20 22:43:42,921 : INFO : EventManager : Event: ======'machine_var_audits_shots_right_scoop_shot'====== Args={'value': 62, 'prev_value': None, 'change': True}
2025-10-20 22:43:42,922 : INFO : EventManager : Event: ======'machine_var_audits_shots_right_standup'====== Args={'value': 41, 'prev_value': None, 'change': True}
2025-10-20 22:43:42,922 : INFO : EventManager : Event: ======'machine_var_audits_shots_right_standup_shot'====== Args={'value': 25, 'prev_value': None, 'change': True}
2025-10-20 22:43:42,923 : INFO : EventManager : Event: ======'machine_var_audits_shots_standup_1_skill'====== Args={'value': 65, 'prev_value': None, 'change': True}
2025-10-20 22:43:42,923 : INFO : EventManager : Event: ======'machine_var_audits_shots_standup_2_skill'====== Args={'value': 31, 'prev_value': None, 'change': True}
2025-10-20 22:43:42,923 : INFO : EventManager : Event: ======'machine_var_audits_shots_standup_3_skill'====== Args={'value': 13, 'prev_value': None, 'change': True}
2025-10-20 22:43:42,924 : INFO : EventManager : Event: ======'machine_var_audits_shots_standup_4_skill'====== Args={'value': 9, 'prev_value': None, 'change': True}
2025-10-20 22:43:42,924 : INFO : EventManager : Event: ======'machine_var_audits_shots_standup_5_skill'====== Args={'value': 4, 'prev_value': None, 'change': True}
2025-10-20 22:43:42,925 : INFO : EventManager : Event: ======'machine_var_audits_shots_standup_6_skill'====== Args={'value': 2, 'prev_value': None, 'change': True}
2025-10-20 22:43:42,925 : INFO : EventManager : Event: ======'machine_var_audits_shots_top_left_standup2_shot'====== Args={'value': 17, 'prev_value': None, 'change': True}
2025-10-20 22:43:42,926 : INFO : EventManager : Event: ======'machine_var_audits_shots_top_left_standup_shot'====== Args={'value': 8, 'prev_value': None, 'change': True}
2025-10-20 22:43:42,926 : INFO : EventManager : Event: ======'machine_var_audits_shots_top_middle_inlane_shot'====== Args={'value': 41, 'prev_value': None, 'change': True}
2025-10-20 22:43:42,927 : INFO : EventManager : Event: ======'machine_var_audits_switches_s_A'====== Args={'value': 0, 'prev_value': None, 'change': True}
2025-10-20 22:43:42,927 : INFO : EventManager : Event: ======'machine_var_audits_switches_s_E'====== Args={'value': 218, 'prev_value': None, 'change': True}
2025-10-20 22:43:42,927 : INFO : EventManager : Event: ======'machine_var_audits_switches_s_Eb'====== Args={'value': 0, 'prev_value': None, 'change': True}
2025-10-20 22:43:42,928 : INFO : EventManager : Event: ======'machine_var_audits_switches_s_I'====== Args={'value': 211, 'prev_value': None, 'change': True}
2025-10-20 22:43:42,928 : INFO : EventManager : Event: ======'machine_var_audits_switches_s_L'====== Args={'value': 0, 'prev_value': None, 'change': True}
2025-10-20 22:43:42,929 : INFO : EventManager : Event: ======'machine_var_audits_switches_s_M'====== Args={'value': 213, 'prev_value': None, 'change': True}
2025-10-20 22:43:42,929 : INFO : EventManager : Event: ======'machine_var_audits_switches_s_R'====== Args={'value': 0, 'prev_value': None, 'change': True}
2025-10-20 22:43:42,929 : INFO : EventManager : Event: ======'machine_var_audits_switches_s_T'====== Args={'value': 212, 'prev_value': None, 'change': True}
2025-10-20 22:43:42,930 : INFO : EventManager : Event: ======'machine_var_audits_switches_s_Tb'====== Args={'value': 0, 'prev_value': None, 'change': True}
2025-10-20 22:43:42,931 : INFO : EventManager : Event: ======'machine_var_audits_switches_s_V'====== Args={'value': 0, 'prev_value': None, 'change': True}
2025-10-20 22:43:42,931 : INFO : EventManager : Event: ======'machine_var_audits_switches_s_bumper1'====== Args={'value': 358, 'prev_value': None, 'change': True}
2025-10-20 22:43:42,932 : INFO : EventManager : Event: ======'machine_var_audits_switches_s_bumper2'====== Args={'value': 887, 'prev_value': None, 'change': True}
2025-10-20 22:43:42,932 : INFO : EventManager : Event: ======'machine_var_audits_switches_s_bumper_1'====== Args={'value': 0, 'prev_value': None, 'change': True}
2025-10-20 22:43:42,933 : INFO : EventManager : Event: ======'machine_var_audits_switches_s_bumper_2'====== Args={'value': 0, 'prev_value': None, 'change': True}
2025-10-20 22:43:42,933 : INFO : EventManager : Event: ======'machine_var_audits_switches_s_center_center_target'====== Args={'value': 27, 'prev_value': None, 'change': True}
2025-10-20 22:43:42,933 : INFO : EventManager : Event: ======'machine_var_audits_switches_s_center_rollover'====== Args={'value': 363, 'prev_value': None, 'change': True}
2025-10-20 22:43:42,934 : INFO : EventManager : Event: ======'machine_var_audits_switches_s_center_scoop'====== Args={'value': 25, 'prev_value': None, 'change': True}
2025-10-20 22:43:42,934 : INFO : EventManager : Event: ======'machine_var_audits_switches_s_coin_left'====== Args={'value': 19, 'prev_value': None, 'change': True}
2025-10-20 22:43:42,934 : INFO : EventManager : Event: ======'machine_var_audits_switches_s_door_open'====== Args={'value': 4, 'prev_value': None, 'change': True}
2025-10-20 22:43:42,935 : INFO : EventManager : Event: ======'machine_var_audits_switches_s_launcher_lane_spinner'====== Args={'value': 9, 'prev_value': None, 'change': True}
2025-10-20 22:43:42,935 : INFO : EventManager : Event: ======'machine_var_audits_switches_s_left_center_target'====== Args={'value': 28, 'prev_value': None, 'change': True}
2025-10-20 22:43:42,936 : INFO : EventManager : Event: ======'machine_var_audits_switches_s_left_corridor_spinner'====== Args={'value': 237, 'prev_value': None, 'change': True}
2025-10-20 22:43:42,936 : INFO : EventManager : Event: ======'machine_var_audits_switches_s_left_corridor_spinner2'====== Args={'value': 14, 'prev_value': None, 'change': True}
2025-10-20 22:43:42,937 : INFO : EventManager : Event: ======'machine_var_audits_switches_s_left_flipper'====== Args={'value': 371, 'prev_value': None, 'change': True}
2025-10-20 22:43:42,937 : INFO : EventManager : Event: ======'machine_var_audits_switches_s_left_inlane'====== Args={'value': 24, 'prev_value': None, 'change': True}
2025-10-20 22:43:42,938 : INFO : EventManager : Event: ======'machine_var_audits_switches_s_left_outlane'====== Args={'value': 16, 'prev_value': None, 'change': True}
2025-10-20 22:43:42,938 : INFO : EventManager : Event: ======'machine_var_audits_switches_s_left_rollover'====== Args={'value': 298, 'prev_value': None, 'change': True}
2025-10-20 22:43:42,938 : INFO : EventManager : Event: ======'machine_var_audits_switches_s_left_scoop'====== Args={'value': 258, 'prev_value': None, 'change': True}
2025-10-20 22:43:42,939 : INFO : EventManager : Event: ======'machine_var_audits_switches_s_left_standup'====== Args={'value': 20, 'prev_value': None, 'change': True}
2025-10-20 22:43:42,939 : INFO : EventManager : Event: ======'machine_var_audits_switches_s_middle_inlane'====== Args={'value': 20, 'prev_value': None, 'change': True}
2025-10-20 22:43:42,939 : INFO : EventManager : Event: ======'machine_var_audits_switches_s_plunger'====== Args={'value': 663, 'prev_value': None, 'change': True}
2025-10-20 22:43:42,940 : INFO : EventManager : Event: ======'machine_var_audits_switches_s_right_center_target'====== Args={'value': 31, 'prev_value': None, 'change': True}
2025-10-20 22:43:42,940 : INFO : EventManager : Event: ======'machine_var_audits_switches_s_right_corridor_spinner'====== Args={'value': 24, 'prev_value': None, 'change': True}
2025-10-20 22:43:42,941 : INFO : EventManager : Event: ======'machine_var_audits_switches_s_right_flipper'====== Args={'value': 156, 'prev_value': None, 'change': True}
2025-10-20 22:43:42,941 : INFO : EventManager : Event: ======'machine_var_audits_switches_s_right_inlane'====== Args={'value': 242, 'prev_value': None, 'change': True}
2025-10-20 22:43:42,941 : INFO : EventManager : Event: ======'machine_var_audits_switches_s_right_outlane'====== Args={'value': 43, 'prev_value': None, 'change': True}
2025-10-20 22:43:42,942 : INFO : EventManager : Event: ======'machine_var_audits_switches_s_right_rollover'====== Args={'value': 431, 'prev_value': None, 'change': True}
2025-10-20 22:43:42,942 : INFO : EventManager : Event: ======'machine_var_audits_switches_s_right_scoop'====== Args={'value': 79, 'prev_value': None, 'change': True}
2025-10-20 22:43:42,943 : INFO : EventManager : Event: ======'machine_var_audits_switches_s_right_standup'====== Args={'value': 174, 'prev_value': None, 'change': True}
2025-10-20 22:43:42,943 : INFO : EventManager : Event: ======'machine_var_audits_switches_s_service_coin'====== Args={'value': 1, 'prev_value': None, 'change': True}
2025-10-20 22:43:42,944 : INFO : EventManager : Event: ======'machine_var_audits_switches_s_service_down'====== Args={'value': 28, 'prev_value': None, 'change': True}
2025-10-20 22:43:42,944 : INFO : EventManager : Event: ======'machine_var_audits_switches_s_service_enter'====== Args={'value': 16, 'prev_value': None, 'change': True}
2025-10-20 22:43:42,944 : INFO : EventManager : Event: ======'machine_var_audits_switches_s_service_esc'====== Args={'value': 11, 'prev_value': None, 'change': True}
2025-10-20 22:43:42,945 : INFO : EventManager : Event: ======'machine_var_audits_switches_s_service_up'====== Args={'value': 31, 'prev_value': None, 'change': True}
2025-10-20 22:43:42,945 : INFO : EventManager : Event: ======'machine_var_audits_switches_s_sling_left'====== Args={'value': 3, 'prev_value': None, 'change': True}
2025-10-20 22:43:42,946 : INFO : EventManager : Event: ======'machine_var_audits_switches_s_sling_right'====== Args={'value': 8, 'prev_value': None, 'change': True}
2025-10-20 22:43:42,946 : INFO : EventManager : Event: ======'machine_var_audits_switches_s_standup_1'====== Args={'value': 168, 'prev_value': None, 'change': True}
2025-10-20 22:43:42,947 : INFO : EventManager : Event: ======'machine_var_audits_switches_s_standup_2'====== Args={'value': 105, 'prev_value': None, 'change': True}
2025-10-20 22:43:42,947 : INFO : EventManager : Event: ======'machine_var_audits_switches_s_standup_3'====== Args={'value': 93, 'prev_value': None, 'change': True}
2025-10-20 22:43:42,948 : INFO : EventManager : Event: ======'machine_var_audits_switches_s_standup_4'====== Args={'value': 68, 'prev_value': None, 'change': True}
2025-10-20 22:43:42,949 : INFO : EventManager : Event: ======'machine_var_audits_switches_s_standup_5'====== Args={'value': 66, 'prev_value': None, 'change': True}
2025-10-20 22:43:42,949 : INFO : EventManager : Event: ======'machine_var_audits_switches_s_standup_6'====== Args={'value': 57, 'prev_value': None, 'change': True}
2025-10-20 22:43:42,949 : INFO : EventManager : Event: ======'machine_var_audits_switches_s_start'====== Args={'value': 61, 'prev_value': None, 'change': True}
2025-10-20 22:43:42,950 : INFO : EventManager : Event: ======'machine_var_audits_switches_s_tilt'====== Args={'value': 24, 'prev_value': None, 'change': True}
2025-10-20 22:43:42,950 : INFO : EventManager : Event: ======'machine_var_audits_switches_s_top_left_standup'====== Args={'value': 19, 'prev_value': None, 'change': True}
2025-10-20 22:43:42,951 : INFO : EventManager : Event: ======'machine_var_audits_switches_s_top_left_standup2'====== Args={'value': 37, 'prev_value': None, 'change': True}
2025-10-20 22:43:42,951 : INFO : EventManager : Event: ======'machine_var_audits_switches_s_top_middle_inlane'====== Args={'value': 41, 'prev_value': None, 'change': True}
2025-10-20 22:43:42,952 : INFO : EventManager : Event: ======'machine_var_audits_switches_s_trough1'====== Args={'value': 383, 'prev_value': None, 'change': True}
2025-10-20 22:43:42,952 : INFO : EventManager : Event: ======'machine_var_audits_switches_s_trough2'====== Args={'value': 1, 'prev_value': None, 'change': True}
2025-10-20 22:43:42,952 : INFO : EventManager : Event: ======'machine_var_audits_switches_s_trough3'====== Args={'value': 0, 'prev_value': None, 'change': True}
2025-10-20 22:43:42,954 : INFO : EventManager : Event: ======'machine_var_audits_switches_s_trough4'====== Args={'value': 0, 'prev_value': None, 'change': True}
2025-10-20 22:43:42,954 : INFO : EventManager : Event: ======'machine_var_audits_switches_s_trough5'====== Args={'value': 0, 'prev_value': None, 'change': True}
2025-10-20 22:43:42,954 : INFO : EventManager : Event: ======'machine_var_audits_switches_s_trough6'====== Args={'value': 0, 'prev_value': None, 'change': True}
2025-10-20 22:43:42,955 : INFO : EventManager : Event: ======'machine_var_audits_switches_s_trough_jam'====== Args={'value': 3, 'prev_value': None, 'change': True}
2025-10-20 22:43:42,956 : INFO : EventManager : Event: ======'init_phase_5'====== Args={}
2025-10-20 22:43:43,009 : INFO : EventManager : Event: ======'init_done'====== Args={}
2025-10-20 22:43:43,024 : INFO : EventManager : Event: ======'machine_reset_phase_1'====== Args={}
2025-10-20 22:43:43,046 : INFO : EventManager : Event: ======'slide_window_slide_1_removed'====== Args={'_from_bcp': True}
2025-10-20 22:43:43,063 : INFO : EventManager : Event: ======'slide_window_slide_1_created'====== Args={'_from_bcp': True}
2025-10-20 22:43:43,063 : INFO : EventManager : Event: ======'slide_window_slide_1_active'====== Args={'_from_bcp': True}
2025-10-20 22:43:43,063 : INFO : EventManager : Event: ======'machine_reset_phase_2'====== Args={}
2025-10-20 22:43:43,063 : INFO : EventManager : Event: ======'machine_reset_phase_3'====== Args={}
2025-10-20 22:43:43,063 : INFO : EventManager : Event: ======'mode_tilt_will_start'====== Args={'queue': <QueuedEvent>}
2025-10-20 22:43:43,064 : INFO : EventManager : Event: ======'mode_tilt_starting'====== Args={'queue': <QueuedEvent>}
2025-10-20 22:43:43,064 : INFO : drop_target_bank.TIME : All targets are already up. Will not reset bank.
2025-10-20 22:43:43,064 : INFO : drop_target_bank.CENTER : All targets are already up. Will not reset bank.
2025-10-20 22:43:43,064 : INFO : drop_target_bank.TRAVEL : All targets are already up. Will not reset bank.
2025-10-20 22:43:43,065 : INFO : Mode.tilt : Started. Priority: 1000000
2025-10-20 22:43:43,065 : INFO : EventManager : Event: ======'modes_active_modes_changed'====== Args={}
2025-10-20 22:43:43,065 : INFO : EventManager : Event: ======'mode_tilt_started'====== Args={'queue': <QueuedEvent>}
2025-10-20 22:43:43,066 : INFO : EventManager : Event: ======'reset_complete'====== Args={}
2025-10-20 22:43:43,066 : INFO : EventManager : Event: ======'mode_credits_will_start'====== Args={}
2025-10-20 22:43:43,066 : INFO : EventManager : Event: ======'mode_credits_starting'====== Args={}
2025-10-20 22:43:43,066 : INFO : EventManager : Event: ======'mode_attract_will_start'====== Args={}
2025-10-20 22:43:43,067 : INFO : EventManager : Event: ======'mode_attract_starting'====== Args={}
2025-10-20 22:43:43,067 : INFO : Mode.attract : Started. Priority: 10
2025-10-20 22:43:43,067 : INFO : EventManager : Event: ======'modes_active_modes_changed'====== Args={}
2025-10-20 22:43:43,067 : INFO : EventManager : Event: ======'mode_attract_started'====== Args={}
2025-10-20 22:43:43,068 : INFO : EventManager : Event: ======'collecting_balls_complete'====== Args={}
2025-10-20 22:43:43,068 : INFO : Mode.credits : Started. Priority: 1000010
2025-10-20 22:43:43,068 : INFO : EventManager : Event: ======'modes_active_modes_changed'====== Args={}
2025-10-20 22:43:43,068 : INFO : EventManager : Event: ======'mode_credits_started'====== Args={}
2025-10-20 22:43:43,068 : INFO : Mode.credits : Credit units per game: 1
2025-10-20 22:43:43,068 : INFO : EventManager : Event: ======'machine_var_price_per_game_raw_0'====== Args={'value': 1.0, 'prev_value': None, 'change': True}
2025-10-20 22:43:43,069 : INFO : EventManager : Event: ======'machine_var_price_per_game_string_0'====== Args={'value': '1 CREDITS $1.0', 'prev_value': None, 'change': True}
2025-10-20 22:43:43,070 : INFO : EventManager : Event: ======'machine_var_credits_string'====== Args={'value': ' ', 'prev_value': 'FREE PLAY', 'change': True}
2025-10-20 22:43:43,070 : INFO : EventManager : Event: ======'machine_var_credits_value'====== Args={'value': '0', 'prev_value': None, 'change': True}
2025-10-20 22:43:43,071 : INFO : EventManager : Event: ======'machine_var_credits_whole_num'====== Args={'value': 0, 'prev_value': None, 'change': True}
2025-10-20 22:43:43,072 : INFO : EventManager : Event: ======'machine_var_credits_numerator'====== Args={'value': 0, 'prev_value': None, 'change': True}
2025-10-20 22:43:43,073 : INFO : EventManager : Event: ======'machine_var_credits_denominator'====== Args={'value': 0, 'prev_value': None, 'change': True}
2025-10-20 22:43:43,073 : INFO : EventManager : Event: ======'machine_var_credits_string'====== Args={'value': 'CREDITS 0', 'prev_value': ' ', 'change': True}
2025-10-20 22:43:43,074 : INFO : EventManager : Event: ======'machine_var_credits_denominator'====== Args={'value': 1, 'prev_value': 0, 'change': 1}
2025-10-20 22:43:43,112 : INFO : EventManager : Event: ======'slide_awesome_slide_created'====== Args={'_from_bcp': True}
2025-10-20 22:43:43,112 : INFO : EventManager : Event: ======'slide_awesome_slide_active'====== Args={'_from_bcp': True}
2025-10-20 22:43:43,112 : INFO : Machine : Starting the main run loop.
2025-10-20 22:43:43,139 : INFO : BcpServer : New client connected.
2025-10-20 22:43:46,087 : INFO : EventManager : Event: ======'slide_press_start_created'====== Args={'_from_bcp': True}
2025-10-20 22:43:46,097 : INFO : EventManager : Event: ======'slide_press_start_active'====== Args={'_from_bcp': True}
2025-10-20 22:43:49,088 : INFO : EventManager : Event: ======'slide_mission_pinball_created'====== Args={'_from_bcp': True}
2025-10-20 22:43:49,098 : INFO : EventManager : Event: ======'slide_mission_pinball_active'====== Args={'_from_bcp': True}
2025-10-20 22:43:52,086 : INFO : EventManager : Event: ======'slide_last_game_score_slide_created'====== Args={'_from_bcp': True}
2025-10-20 22:43:52,099 : INFO : EventManager : Event: ======'slide_last_game_score_slide_active'====== Args={'_from_bcp': True}
2025-10-20 22:43:55,084 : INFO : EventManager : Event: ======'slide_awesome_slide_removed'====== Args={'_from_bcp': True}
2025-10-20 22:43:55,097 : INFO : EventManager : Event: ======'slide_awesome_slide_created'====== Args={'_from_bcp': True}
2025-10-20 22:43:55,098 : INFO : EventManager : Event: ======'slide_awesome_slide_active'====== Args={'_from_bcp': True}
2025-10-20 22:43:58,084 : INFO : EventManager : Event: ======'slide_press_start_removed'====== Args={'_from_bcp': True}
2025-10-20 22:43:58,087 : INFO : EventManager : Event: ======'slide_press_start_created'====== Args={'_from_bcp': True}
2025-10-20 22:43:58,101 : INFO : EventManager : Event: ======'slide_press_start_active'====== Args={'_from_bcp': True}
2025-10-20 22:44:01,085 : INFO : EventManager : Event: ======'slide_mission_pinball_removed'====== Args={'_from_bcp': True}
2025-10-20 22:44:01,087 : INFO : EventManager : Event: ======'slide_mission_pinball_created'====== Args={'_from_bcp': True}
2025-10-20 22:44:01,098 : INFO : EventManager : Event: ======'slide_mission_pinball_active'====== Args={'_from_bcp': True}
2025-10-20 22:44:04,085 : INFO : EventManager : Event: ======'slide_last_game_score_slide_removed'====== Args={'_from_bcp': True}
2025-10-20 22:44:04,086 : INFO : EventManager : Event: ======'slide_last_game_score_slide_created'====== Args={'_from_bcp': True}
2025-10-20 22:44:04,101 : INFO : EventManager : Event: ======'slide_last_game_score_slide_active'====== Args={'_from_bcp': True}
2025-10-20 22:44:07,098 : INFO : EventManager : Event: ======'slide_awesome_slide_removed'====== Args={'_from_bcp': True}
2025-10-20 22:44:07,099 : INFO : EventManager : Event: ======'slide_awesome_slide_created'====== Args={'_from_bcp': True}
2025-10-20 22:44:07,100 : INFO : EventManager : Event: ======'slide_awesome_slide_active'====== Args={'_from_bcp': True}
2025-10-20 22:44:10,084 : INFO : EventManager : Event: ======'slide_press_start_removed'====== Args={'_from_bcp': True}
2025-10-20 22:44:10,087 : INFO : EventManager : Event: ======'slide_press_start_created'====== Args={'_from_bcp': True}
2025-10-20 22:44:10,099 : INFO : EventManager : Event: ======'slide_press_start_active'====== Args={'_from_bcp': True}
2025-10-20 22:44:13,084 : INFO : EventManager : Event: ======'slide_mission_pinball_removed'====== Args={'_from_bcp': True}
2025-10-20 22:44:13,098 : INFO : EventManager : Event: ======'slide_mission_pinball_created'====== Args={'_from_bcp': True}
2025-10-20 22:44:13,100 : INFO : EventManager : Event: ======'slide_mission_pinball_active'====== Args={'_from_bcp': True}
2025-10-20 22:44:16,128 : INFO : EventManager : Event: ======'slide_last_game_score_slide_removed'====== Args={'_from_bcp': True}
2025-10-20 22:44:16,132 : INFO : EventManager : Event: ======'slide_last_game_score_slide_created'====== Args={'_from_bcp': True}
2025-10-20 22:44:16,132 : INFO : EventManager : Event: ======'slide_last_game_score_slide_active'====== Args={'_from_bcp': True}
2025-10-20 22:44:16,898 : INFO : SwitchController : <<<<<<< 's_start' active >>>>>>>
2025-10-20 22:44:16,982 : INFO : SwitchController : <<<<<<< 's_start' inactive >>>>>>>
2025-10-20 22:44:16,982 : INFO : EventManager : Event: ======'request_to_start_game'====== Args={}
2025-10-20 22:44:16,983 : INFO : Mode.credits : Received request to start game. Request Denied. Not enough credits available.
2025-10-20 22:44:16,983 : INFO : EventManager : Event: ======'not_enough_credits'====== Args={}
2025-10-20 22:44:16,990 : INFO : EventManager : Event: ======'slide_not_enough_credits_slide_created'====== Args={'_from_bcp': True}
2025-10-20 22:44:16,999 : INFO : EventManager : Event: ======'slide_not_enough_credits_slide_active'====== Args={'_from_bcp': True}
2025-10-20 22:44:18,582 : INFO : SwitchController : <<<<<<< 's_coin_left' active >>>>>>>
2025-10-20 22:44:18,583 : INFO : Mode.credits : Credit switch hit. Credit Added. Value: 1.0. Type: money keyName: None
2025-10-20 22:44:18,583 : INFO : Mode.credits : Credit units added
2025-10-20 22:44:18,583 : INFO : EventManager : Event: ======'machine_var_credit_units'====== Args={'value': 1, 'prev_value': 0, 'change': 1}
2025-10-20 22:44:18,584 : INFO : EventManager : Event: ======'machine_var_credits_string'====== Args={'value': 'CREDITS 1', 'prev_value': 'CREDITS 0', 'change': True}
2025-10-20 22:44:18,585 : INFO : EventManager : Event: ======'machine_var_credits_value'====== Args={'value': '1', 'prev_value': '0', 'change': True}
2025-10-20 22:44:18,586 : INFO : EventManager : Event: ======'machine_var_credits_whole_num'====== Args={'value': 1, 'prev_value': 0, 'change': 1}
2025-10-20 22:44:18,587 : INFO : EventManager : Event: ======'credits_added'====== Args={}
2025-10-20 22:44:18,587 : INFO : Mode.credits : Credit audits. Value: 1.0. Type: money keyName: None
2025-10-20 22:44:18,604 : INFO : EventManager : Event: ======'slide_credit_added_slide_created'====== Args={'_from_bcp': True}
2025-10-20 22:44:18,617 : INFO : EventManager : Event: ======'slide_credit_added_slide_active'====== Args={'_from_bcp': True}
2025-10-20 22:44:18,714 : INFO : SwitchController : <<<<<<< 's_coin_left' inactive >>>>>>>
2025-10-20 22:44:18,999 : INFO : EventManager : Event: ======'slide_not_enough_credits_slide_removed'====== Args={'_from_bcp': True}
2025-10-20 22:44:19,070 : INFO : EventManager : Event: ======'slide_awesome_slide_removed'====== Args={'_from_bcp': True}
2025-10-20 22:44:19,071 : INFO : EventManager : Event: ======'slide_awesome_slide_created'====== Args={'_from_bcp': True}
2025-10-20 22:44:20,599 : INFO : SwitchController : <<<<<<< 's_start' active >>>>>>>
2025-10-20 22:44:20,618 : INFO : EventManager : Event: ======'slide_credit_added_slide_removed'====== Args={'_from_bcp': True}
2025-10-20 22:44:20,632 : INFO : EventManager : Event: ======'slide_awesome_slide_active'====== Args={'_from_bcp': True}
2025-10-20 22:44:20,698 : INFO : SwitchController : <<<<<<< 's_start' inactive >>>>>>>
2025-10-20 22:44:20,699 : INFO : EventManager : Event: ======'request_to_start_game'====== Args={}
2025-10-20 22:44:20,700 : INFO : Mode.credits : Received request to start game. Request Approved. Sufficient credits available.
2025-10-20 22:44:20,701 : INFO : EventManager : Event: ======'game_start'====== Args={'buttons': [], 'hold_time': 0.09399999999732245}
2025-10-20 22:44:20,701 : INFO : EventManager : Event: ======'mode_game_will_start'====== Args={'buttons': [], 'hold_time': 0.09399999999732245}
2025-10-20 22:44:20,702 : INFO : EventManager : Event: ======'mode_game_starting'====== Args={'buttons': [], 'hold_time': 0.09399999999732245}
2025-10-20 22:44:20,702 : INFO : EventManager : Event: ======'mode_attract_will_stop'====== Args={}
2025-10-20 22:44:20,702 : INFO : EventManager : Event: ======'mode_attract_stopping'====== Args={}
2025-10-20 22:44:20,702 : INFO : Mode.attract : Stopped.
2025-10-20 22:44:20,703 : INFO : EventManager : Event: ======'modes_active_modes_changed'====== Args={}
2025-10-20 22:44:20,703 : INFO : EventManager : Event: ======'mode_attract_stopped'====== Args={}
2025-10-20 22:44:20,704 : INFO : EventManager : Event: ======'clear'====== Args={'key': 'attract'}
2025-10-20 22:44:20,704 : INFO : Mode.game : Started. Priority: 20
2025-10-20 22:44:20,704 : INFO : EventManager : Event: ======'modes_active_modes_changed'====== Args={}
2025-10-20 22:44:20,704 : INFO : EventManager : Event: ======'mode_game_started'====== Args={'buttons': [], 'hold_time': 0.09399999999732245}
2025-10-20 22:44:20,715 : INFO : EventManager : Event: ======'game_will_start'====== Args={}
2025-10-20 22:44:20,718 : INFO : EventManager : Event: ======'game_starting'====== Args={'game': <Mode.game>}
2025-10-20 22:44:20,719 : INFO : EventManager : Unordered handler for class <Auditor> on event game_ended with priority 1. Handlers: [RegisteredHandler(callback=<bound method Auditor.disable of <Auditor>>, priority=1, kwargs={}, key=UUID('e45b9621-ea1f-4628-b3f4-490e9e63aa08'), condition=None, blocking_facility=None), RegisteredHandler(callback=<bound method Auditor._save_audits of <Auditor>>, priority=1, kwargs={}, key=UUID('f37a9155-13d5-464c-ad9a-1584ea134e1f'), condition=None, blocking_facility=None)]. The order of those handlers is not defined and they will be executed in random order. This might lead to race conditions and potential bugs.
2025-10-20 22:44:20,719 : INFO : EventManager : Event: ======'slide_press_start_removed'====== Args={'_from_bcp': True}
2025-10-20 22:44:20,720 : INFO : EventManager : Event: ======'slide_mission_pinball_removed'====== Args={'_from_bcp': True}
2025-10-20 22:44:20,720 : INFO : EventManager : Event: ======'slide_last_game_score_slide_removed'====== Args={'_from_bcp': True}
2025-10-20 22:44:20,720 : INFO : EventManager : Event: ======'player_add_request'====== Args={}
2025-10-20 22:44:20,720 : INFO : Mode.credits : Received request to add player. Request Approved. Sufficient credits available.
2025-10-20 22:44:20,720 : INFO : EventManager : Event: ======'player_will_add'====== Args={'number': 1}
2025-10-20 22:44:20,721 : INFO : EventManager : Event: ======'player_adding'====== Args={'player': <Player 1>, 'number': 1}
2025-10-20 22:44:20,721 : INFO : EventManager : Event: ======'player_added'====== Args={'player': <Player 1>, 'num': 1}
2025-10-20 22:44:20,721 : INFO : Mode.game : Player added successfully. Total players: 1
2025-10-20 22:44:20,721 : INFO : EventManager : Event: ======'machine_var_credit_units'====== Args={'value': 0, 'prev_value': 1, 'change': -1}
2025-10-20 22:44:20,722 : INFO : EventManager : Event: ======'machine_var_credits_string'====== Args={'value': 'CREDITS 0', 'prev_value': 'CREDITS 1', 'change': True}
2025-10-20 22:44:20,723 : INFO : EventManager : Event: ======'machine_var_credits_value'====== Args={'value': '0', 'prev_value': '1', 'change': True}
2025-10-20 22:44:20,724 : INFO : EventManager : Event: ======'machine_var_credits_whole_num'====== Args={'value': 0, 'prev_value': 1, 'change': -1}
2025-10-20 22:44:20,725 : INFO : EventManager : Event: ======'player_index'====== Args={'value': 0, 'prev_value': 0, 'change': 0, 'player_num': 1}
2025-10-20 22:44:20,725 : INFO : EventManager : Event: ======'player_number'====== Args={'value': 1, 'prev_value': 1, 'change': 0, 'player_num': 1}
2025-10-20 22:44:20,725 : INFO : EventManager : Event: ======'player_sj_active'====== Args={'value': 0, 'prev_value': 0, 'change': 0, 'player_num': 1}
2025-10-20 22:44:20,726 : INFO : EventManager : Event: ======'player_score'====== Args={'value': 0, 'prev_value': 0, 'change': 0, 'player_num': 1}
2025-10-20 22:44:20,727 : INFO : EventManager : Event: ======'game_started'====== Args={}
2025-10-20 22:44:20,741 : INFO : EventManager : Event: ======'player_turn_will_start'====== Args={'player': <Player 1>, 'number': 1}
2025-10-20 22:44:20,742 : INFO : EventManager : Event: ======'slide_awesome_slide_removed'====== Args={'_from_bcp': True}
2025-10-20 22:44:20,743 : INFO : EventManager : Event: ======'slide_dmd_blank_active'====== Args={'_from_bcp': True}
2025-10-20 22:44:20,743 : INFO : EventManager : Event: ======'slide_player_added_slide_created'====== Args={'_from_bcp': True}
2025-10-20 22:44:20,743 : INFO : EventManager : Event: ======'player_turn_starting'====== Args={'player': <Player 1>, 'number': 1}
2025-10-20 22:44:20,743 : INFO : EventManager : Event: ======'player_ball'====== Args={'value': 1, 'prev_value': 0, 'change': 1, 'player_num': 1}
2025-10-20 22:44:20,744 : INFO : EventManager : Event: ======'player_turn_started'====== Args={'player': <Player 1>, 'number': 1}
2025-10-20 22:44:20,745 : INFO : EventManager : Event: ======'ball_will_start'====== Args={'player': 1, 'ball': 1, 'balls_remaining': 2, 'is_extra_ball': False}
2025-10-20 22:44:20,745 : INFO : EventManager : Event: ======'slide_player_added_slide_removed'====== Args={'_from_bcp': True}
2025-10-20 22:44:20,753 : INFO : EventManager : Event: ======'ball_starting'====== Args={'player': 1, 'ball': 1, 'balls_remaining': 2, 'is_extra_ball': False}
2025-10-20 22:44:20,754 : INFO : EventManager : Event: ======'slide_player_added_slide_created'====== Args={'_from_bcp': True}
2025-10-20 22:44:20,755 : INFO : EventManager : Event: ======'slide_player_added_slide_removed'====== Args={'_from_bcp': True}
2025-10-20 22:44:20,755 : INFO : EventManager : Event: ======'slide_player_added_slide_created'====== Args={'_from_bcp': True}
2025-10-20 22:44:20,755 : INFO : EventManager : Event: ======'slide_player_added_slide_active'====== Args={'_from_bcp': True}
2025-10-20 22:44:20,756 : INFO : EventManager : Event: ======'mode_special_setup_will_start'====== Args={'queue': <QueuedEvent>, 'player': 1, 'ball': 1, 'balls_remaining': 2, 'is_extra_ball': False}
2025-10-20 22:44:20,757 : INFO : EventManager : Event: ======'mode_special_setup_starting'====== Args={'queue': <QueuedEvent>, 'player': 1, 'ball': 1, 'balls_remaining': 2, 'is_extra_ball': False}
2025-10-20 22:44:20,757 : INFO : EventManager : Event: ======'mode_super_jets_setup_will_start'====== Args={'queue': <QueuedEvent>, 'player': 1, 'ball': 1, 'balls_remaining': 2, 'is_extra_ball': False}
2025-10-20 22:44:20,758 : INFO : EventManager : Event: ======'player_shot_jets_enabled'====== Args={'value': True, 'prev_value': 0, 'change': 1, 'player_num': 1}
2025-10-20 22:44:20,761 : INFO : EventManager : Event: ======'mode_super_jets_setup_starting'====== Args={'queue': <QueuedEvent>, 'player': 1, 'ball': 1, 'balls_remaining': 2, 'is_extra_ball': False}
2025-10-20 22:44:20,761 : INFO : drop_target_bank.TIME : All targets are already up. Will not reset bank.
2025-10-20 22:44:20,762 : INFO : drop_target_bank.CENTER : All targets are already up. Will not reset bank.
2025-10-20 22:44:20,762 : INFO : drop_target_bank.TRAVEL : All targets are already up. Will not reset bank.
2025-10-20 22:44:20,763 : INFO : EventManager : Event: ======'balls_in_play'====== Args={'balls': 1}
2025-10-20 22:44:20,763 : INFO : EventManager : Event: ======'ball_started'====== Args={'player': 1, 'ball': 1, 'balls_remaining': 2, 'is_extra_ball': False}
2025-10-20 22:44:20,764 : INFO : EventManager : Event: ======'logicblock_special_count_updated'====== Args={'value': 0, 'enabled': True}
2025-10-20 22:44:20,764 : INFO : EventManager : Event: ======'logicblock_special_count_updated'====== Args={'value': 0, 'enabled': True}
2025-10-20 22:44:20,764 : INFO : Mode.special_setup : Started. Priority: 400
2025-10-20 22:44:20,764 : INFO : EventManager : Event: ======'modes_active_modes_changed'====== Args={}
2025-10-20 22:44:20,765 : INFO : EventManager : Event: ======'mode_special_setup_started'====== Args={'queue': <QueuedEvent>, 'player': 1, 'ball': 1, 'balls_remaining': 2, 'is_extra_ball': False}
2025-10-20 22:44:20,765 : INFO : EventManager : Event: ======'logicblock_lb_jets_count_updated'====== Args={'value': 0, 'enabled': True}
2025-10-20 22:44:20,765 : INFO : EventManager : Event: ======'logicblock_lb_rollover_complete_count_updated'====== Args={'value': 0, 'enabled': True}
2025-10-20 22:44:20,765 : INFO : EventManager : Event: ======'logicblock_lb_jets_count_updated'====== Args={'value': 0, 'enabled': True}
2025-10-20 22:44:20,766 : INFO : EventManager : Event: ======'logicblock_lb_jets_resume_updated'====== Args={'value': 0, 'enabled': False}
2025-10-20 22:44:20,766 : INFO : EventManager : Event: ======'logicblock_lb_rollover_complete_count_updated'====== Args={'value': 0, 'enabled': True}
2025-10-20 22:44:20,766 : INFO : Mode.super_jets_setup : Started. Priority: 200
2025-10-20 22:44:20,766 : INFO : EventManager : Event: ======'modes_active_modes_changed'====== Args={}
2025-10-20 22:44:20,766 : INFO : EventManager : Event: ======'mode_super_jets_setup_started'====== Args={'queue': <QueuedEvent>, 'player': 1, 'ball': 1, 'balls_remaining': 2, 'is_extra_ball': False}
2025-10-20 22:44:20,767 : INFO : EventManager : Event: ======'mode_base_will_start'====== Args={'player': 1, 'ball': 1, 'balls_remaining': 2, 'is_extra_ball': False}
2025-10-20 22:44:20,767 : INFO : EventManager : Event: ======'player_extra_ball_score_one_num_awarded'====== Args={'value': 0, 'prev_value': 0, 'change': 0, 'player_num': 1}
2025-10-20 22:44:20,768 : INFO : EventManager : Event: ======'player_extra_ball_score_two_num_awarded'====== Args={'value': 0, 'prev_value': 0, 'change': 0, 'player_num': 1}
2025-10-20 22:44:20,768 : INFO : EventManager : Event: ======'player_extra_ball_score_three_num_awarded'====== Args={'value': 0, 'prev_value': 0, 'change': 0, 'player_num': 1}
2025-10-20 22:44:20,769 : INFO : EventManager : Event: ======'player_shot_left_corridor_spinner_shot_enabled'====== Args={'value': True, 'prev_value': 0, 'change': 1, 'player_num': 1}
2025-10-20 22:44:20,770 : INFO : EventManager : Event: ======'player_shot_left_corridor_spinner2_shot_enabled'====== Args={'value': True, 'prev_value': 0, 'change': 1, 'player_num': 1}
2025-10-20 22:44:20,771 : INFO : EventManager : Event: ======'player_shot_right_corridor_spinner_shot_enabled'====== Args={'value': True, 'prev_value': 0, 'change': 1, 'player_num': 1}
2025-10-20 22:44:20,771 : INFO : EventManager : Event: ======'player_shot_top_left_standup2_shot_enabled'====== Args={'value': True, 'prev_value': 0, 'change': 1, 'player_num': 1}
2025-10-20 22:44:20,772 : INFO : EventManager : Event: ======'player_shot_top_left_standup_shot_enabled'====== Args={'value': True, 'prev_value': 0, 'change': 1, 'player_num': 1}
2025-10-20 22:44:20,773 : INFO : EventManager : Event: ======'player_shot_left_standup_shot_enabled'====== Args={'value': True, 'prev_value': 0, 'change': 1, 'player_num': 1}
2025-10-20 22:44:20,774 : INFO : EventManager : Event: ======'player_shot_right_standup_shot_enabled'====== Args={'value': True, 'prev_value': 0, 'change': 1, 'player_num': 1}
2025-10-20 22:44:20,775 : INFO : EventManager : Event: ======'player_shot_left_rollover_shot_enabled'====== Args={'value': True, 'prev_value': 0, 'change': 1, 'player_num': 1}
2025-10-20 22:44:20,775 : INFO : EventManager : Event: ======'player_shot_center_rollover_shot_enabled'====== Args={'value': True, 'prev_value': 0, 'change': 1, 'player_num': 1}
2025-10-20 22:44:20,776 : INFO : EventManager : Event: ======'player_shot_right_rollover_shot_enabled'====== Args={'value': True, 'prev_value': 0, 'change': 1, 'player_num': 1}
2025-10-20 22:44:20,776 : INFO : EventManager : Event: ======'player_shot_right_scoop_shot_enabled'====== Args={'value': True, 'prev_value': 0, 'change': 1, 'player_num': 1}
2025-10-20 22:44:20,776 : INFO : EventManager : Event: ======'player_shot_center_scoop_shot_enabled'====== Args={'value': True, 'prev_value': 0, 'change': 1, 'player_num': 1}
2025-10-20 22:44:20,778 : INFO : EventManager : Event: ======'player_shot_left_scoop_shot_enabled'====== Args={'value': True, 'prev_value': 0, 'change': 1, 'player_num': 1}
2025-10-20 22:44:20,778 : INFO : EventManager : Event: ======'player_shot_T_enabled'====== Args={'value': True, 'prev_value': 0, 'change': 1, 'player_num': 1}
2025-10-20 22:44:20,779 : INFO : EventManager : Event: ======'player_shot_I_enabled'====== Args={'value': True, 'prev_value': 0, 'change': 1, 'player_num': 1}
2025-10-20 22:44:20,780 : INFO : EventManager : Event: ======'player_shot_M_enabled'====== Args={'value': True, 'prev_value': 0, 'change': 1, 'player_num': 1}
2025-10-20 22:44:20,781 : INFO : EventManager : Event: ======'player_shot_E_enabled'====== Args={'value': True, 'prev_value': 0, 'change': 1, 'player_num': 1}
2025-10-20 22:44:20,781 : INFO : EventManager : Event: ======'player_shot_left_center_droptarget_enabled'====== Args={'value': True, 'prev_value': 0, 'change': 1, 'player_num': 1}
2025-10-20 22:44:20,782 : INFO : EventManager : Event: ======'player_shot_center_center_droptarget_enabled'====== Args={'value': True, 'prev_value': 0, 'change': 1, 'player_num': 1}
2025-10-20 22:44:20,783 : INFO : EventManager : Event: ======'player_shot_right_center_droptarget_enabled'====== Args={'value': True, 'prev_value': 0, 'change': 1, 'player_num': 1}
2025-10-20 22:44:20,783 : INFO : EventManager : Event: ======'player_shot_Tb_enabled'====== Args={'value': True, 'prev_value': 0, 'change': 1, 'player_num': 1}
2025-10-20 22:44:20,784 : INFO : EventManager : Event: ======'player_shot_R_enabled'====== Args={'value': True, 'prev_value': 0, 'change': 1, 'player_num': 1}
2025-10-20 22:44:20,785 : INFO : EventManager : Event: ======'player_shot_A_enabled'====== Args={'value': True, 'prev_value': 0, 'change': 1, 'player_num': 1}
2025-10-20 22:44:20,786 : INFO : EventManager : Event: ======'player_shot_V_enabled'====== Args={'value': True, 'prev_value': 0, 'change': 1, 'player_num': 1}
2025-10-20 22:44:20,787 : INFO : EventManager : Event: ======'player_shot_Eb_enabled'====== Args={'value': True, 'prev_value': 0, 'change': 1, 'player_num': 1}
2025-10-20 22:44:20,788 : INFO : EventManager : Event: ======'player_shot_L_enabled'====== Args={'value': True, 'prev_value': 0, 'change': 1, 'player_num': 1}
2025-10-20 22:44:20,789 : INFO : EventManager : Event: ======'player_shot_bumper1_shot_enabled'====== Args={'value': True, 'prev_value': 0, 'change': 1, 'player_num': 1}
2025-10-20 22:44:20,790 : INFO : EventManager : Event: ======'player_shot_bumper2_shot_enabled'====== Args={'value': True, 'prev_value': 0, 'change': 1, 'player_num': 1}
2025-10-20 22:44:20,791 : INFO : EventManager : Event: ======'player_shot_right_inlane_shot_enabled'====== Args={'value': True, 'prev_value': 0, 'change': 1, 'player_num': 1}
2025-10-20 22:44:20,791 : INFO : EventManager : Event: ======'player_shot_left_inlane_shot_enabled'====== Args={'value': True, 'prev_value': 0, 'change': 1, 'player_num': 1}
2025-10-20 22:44:20,792 : INFO : EventManager : Event: ======'player_shot_right_outlane_shot_enabled'====== Args={'value': True, 'prev_value': 0, 'change': 1, 'player_num': 1}
2025-10-20 22:44:20,793 : INFO : EventManager : Event: ======'player_shot_left_outlane_shot_enabled'====== Args={'value': True, 'prev_value': 0, 'change': 1, 'player_num': 1}
2025-10-20 22:44:20,793 : INFO : EventManager : Event: ======'rollover_lanes_complete'====== Args={'state': 'unlit'}
2025-10-20 22:44:20,793 : INFO : EventManager : Event: ======'rollover_lanes_unlit_complete'====== Args={}
2025-10-20 22:44:20,794 : INFO : EventManager : Event: ======'TIME_droptargets_complete'====== Args={'state': 'unlit'}
2025-10-20 22:44:20,795 : INFO : EventManager : Event: ======'TIME_droptargets_unlit_complete'====== Args={}
2025-10-20 22:44:20,795 : INFO : EventManager : Event: ======'CENTER_droptargets_complete'====== Args={'state': 'unlit'}
2025-10-20 22:44:20,796 : INFO : EventManager : Event: ======'CENTER_droptargets_unlit_complete'====== Args={}
2025-10-20 22:44:20,796 : INFO : EventManager : Event: ======'TRAVEL_droptargets_complete'====== Args={'state': 'unlit'}
2025-10-20 22:44:20,796 : INFO : EventManager : Event: ======'TRAVEL_droptargets_unlit_complete'====== Args={}
2025-10-20 22:44:20,802 : INFO : EventManager : Event: ======'mode_base_starting'====== Args={'player': 1, 'ball': 1, 'balls_remaining': 2, 'is_extra_ball': False}
2025-10-20 22:44:20,803 : INFO : EventManager : Event: ======'logicblock_spinner_rotations_updated'====== Args={'value': 0, 'enabled': True}
2025-10-20 22:44:20,803 : INFO : EventManager : Event: ======'logicblock_spinner_rotations_updated'====== Args={'value': 0, 'enabled': True}
2025-10-20 22:44:20,803 : INFO : Mode.base : Started. Priority: 100
2025-10-20 22:44:20,803 : INFO : EventManager : Event: ======'modes_active_modes_changed'====== Args={}
2025-10-20 22:44:20,804 : INFO : EventManager : Event: ======'mode_base_started'====== Args={'player': 1, 'ball': 1, 'balls_remaining': 2, 'is_extra_ball': False}
2025-10-20 22:44:20,804 : INFO : EventManager : Event: ======'single_player_ball_started'====== Args={}
2025-10-20 22:44:20,843 : INFO : EventManager : Event: ======'ball_start_target'====== Args={'target': 'playfield'}
2025-10-20 22:44:20,871 : INFO : ball_device.bd_plunger : Setting up player-controlled eject. Balls: 1, Target: <playfield.playfield>, player_controlled_eject_event: None
2025-10-20 22:44:20,871 : INFO : EventManager : Event: ======'balldevice_balls_available'====== Args={}
2025-10-20 22:44:20,872 : INFO : EventManager : Event: ======'slide_base.slide_player-mode_base_started_created'====== Args={'_from_bcp': True}
2025-10-20 22:44:20,873 : INFO : ball_device.bd_trough : State: waiting_for_target_ready
2025-10-20 22:44:20,873 : INFO : EventManager : Event: ======'balldevice_bd_trough_ball_eject_attempt'====== Args={'balls': 1, 'target': <ball_device.bd_plunger>, 'source': <ball_device.bd_trough>, 'mechanical_eject': True, 'num_attempts': 0}
2025-10-20 22:44:20,873 : INFO : ball_device.bd_plunger : State: waiting_for_ball
2025-10-20 22:44:20,874 : INFO : ball_device.bd_trough : State: ejecting
2025-10-20 22:44:20,874 : INFO : ball_device.bd_trough : Ejecting ball to <ball_device.bd_plunger>
2025-10-20 22:44:20,874 : INFO : EventManager : Event: ======'balldevice_bd_trough_ejecting_ball'====== Args={'balls': 1, 'target': <ball_device.bd_plunger>, 'source': <ball_device.bd_trough>, 'mechanical_eject': True, 'num_attempts': 0}
2025-10-20 22:44:20,875 : INFO : ball_device.bd_trough : Wait for ball to leave device
2025-10-20 22:44:20,875 : INFO : coil.c_trough_eject : Pulsing Driver for 20ms (1.0 pulse_power)
2025-10-20 22:44:20,875 : INFO : SwitchController : <<<<<<< 's_trough1' inactive >>>>>>>
2025-10-20 22:44:20,883 : INFO : ball_device.bd_trough : State: ball_left
2025-10-20 22:44:20,884 : INFO : ball_device.bd_trough : Ball left
2025-10-20 22:44:20,884 : INFO : ball_device.bd_trough : Wait for confirm with timeout 3.0
2025-10-20 22:44:20,961 : INFO : SwitchController : <<<<<<< 's_plunger' active >>>>>>>
2025-10-20 22:44:20,961 : INFO : EventManager : Event: ======'machine_var_audits_switches_s_plunger'====== Args={'value': 664, 'prev_value': 663, 'change': 1}
2025-10-20 22:44:20,962 : INFO : EventManager : Event: ======'slide_base.slide_player-mode_base_started_active'====== Args={'_from_bcp': True}
2025-10-20 22:44:21,471 : INFO : ball_device.bd_plunger : Received ball from <ball_device.bd_trough>
2025-10-20 22:44:21,471 : INFO : EventManager : Event: ======'balldevice_bd_plunger_ball_enter'====== Args={'new_balls': 1, 'unclaimed_balls': 0, 'new_available_balls': 0, 'device': <ball_device.bd_plunger>}
2025-10-20 22:44:21,472 : INFO : EventManager : Event: ======'balldevice_bd_plunger_ball_entered'====== Args={'new_balls': 0, 'device': <ball_device.bd_plunger>}
2025-10-20 22:44:21,472 : INFO : EventManager : Event: ======'balldevice_bd_plunger_ball_count_changed'====== Args={'balls': 1}
2025-10-20 22:44:21,473 : INFO : ball_device.bd_trough : Got eject confirm
2025-10-20 22:44:21,473 : INFO : ball_device.bd_trough : Eject successful
2025-10-20 22:44:21,473 : INFO : EventManager : Event: ======'balldevice_bd_trough_ball_eject_success'====== Args={'balls': 1, 'target': <ball_device.bd_plunger>}
2025-10-20 22:44:21,473 : INFO : EventManager : Event: ======'balldevice_bd_trough_ball_count_changed'====== Args={'balls': 5}
2025-10-20 22:44:21,473 : INFO : ball_device.bd_trough : State: idle
2025-10-20 22:44:21,474 : INFO : ball_device.bd_plunger : State: waiting_for_target_ready
2025-10-20 22:44:21,474 : INFO : EventManager : Event: ======'balldevice_bd_plunger_ball_eject_attempt'====== Args={'balls': 1, 'target': <playfield.playfield>, 'source': <ball_device.bd_plunger>, 'mechanical_eject': True, 'num_attempts': 0}
2025-10-20 22:44:21,475 : INFO : ball_device.bd_plunger : State: ejecting
2025-10-20 22:44:21,475 : INFO : ball_device.bd_plunger : Ejecting ball to <playfield.playfield>
2025-10-20 22:44:21,475 : INFO : EventManager : Event: ======'balldevice_bd_plunger_ejecting_ball'====== Args={'balls': 1, 'target': <playfield.playfield>, 'source': <ball_device.bd_plunger>, 'mechanical_eject': True, 'num_attempts': 0}
2025-10-20 22:44:21,476 : INFO : ball_device.bd_plunger : Wait for ball to leave device
2025-10-20 22:44:21,748 : INFO : EventManager : Event: ======'slide_player_added_slide_removed'====== Args={'_from_bcp': True}
2025-10-20 22:54:02,787 : INFO : Machine : Shutting down...
2025-10-20 22:54:02,787 : INFO : EventManager : Event: ======'shutdown'====== Args={}
2025-10-20 22:54:02,804 : INFO : EventManager : Event: ======'mode_game_will_stop'====== Args={}
2025-10-20 22:54:02,804 : INFO : EventManager : Event: ======'mode_game_stopping'====== Args={}
2025-10-20 22:54:02,806 : INFO : EventManager : Event: ======'mode_super_jets_setup_will_stop'====== Args={}
2025-10-20 22:54:02,806 : INFO : EventManager : Event: ======'mode_super_jets_setup_stopping'====== Args={}
2025-10-20 22:54:02,806 : INFO : EventManager : Event: ======'mode_base_will_stop'====== Args={}
2025-10-20 22:54:02,806 : INFO : EventManager : Event: ======'mode_base_stopping'====== Args={}
2025-10-20 22:54:02,806 : INFO : EventManager : Event: ======'mode_special_setup_will_stop'====== Args={}
2025-10-20 22:54:02,807 : INFO : EventManager : Event: ======'mode_special_setup_stopping'====== Args={}
2025-10-20 22:54:02,807 : INFO : Mode.special_setup : Stopped.
2025-10-20 22:54:02,807 : INFO : EventManager : Event: ======'modes_active_modes_changed'====== Args={}
2025-10-20 22:54:02,807 : INFO : EventManager : Event: ======'mode_special_setup_stopped'====== Args={}
2025-10-20 22:54:02,808 : INFO : EventManager : Event: ======'clear'====== Args={'key': 'special_setup'}
2025-10-20 22:54:02,808 : INFO : Mode.base : Stopped.
2025-10-20 22:54:02,808 : INFO : EventManager : Event: ======'modes_active_modes_changed'====== Args={}
2025-10-20 22:54:02,809 : INFO : EventManager : Event: ======'mode_base_stopped'====== Args={}
2025-10-20 22:54:02,809 : INFO : EventManager : Event: ======'clear'====== Args={'key': 'base'}
2025-10-20 22:54:02,818 : INFO : Mode.super_jets_setup : Stopped.
2025-10-20 22:54:02,818 : INFO : EventManager : Event: ======'modes_active_modes_changed'====== Args={}
2025-10-20 22:54:02,818 : INFO : EventManager : Event: ======'mode_super_jets_setup_stopped'====== Args={}
2025-10-20 22:54:02,818 : INFO : EventManager : Event: ======'clear'====== Args={'key': 'super_jets_setup'}
2025-10-20 22:54:02,819 : INFO : Mode.game : Stopped.
2025-10-20 22:54:02,819 : INFO : EventManager : Event: ======'modes_active_modes_changed'====== Args={}
2025-10-20 22:54:02,820 : INFO : EventManager : Event: ======'mode_game_stopped'====== Args={}
2025-10-20 22:54:02,820 : INFO : EventManager : Event: ======'clear'====== Args={'key': 'game'}
2025-10-20 22:54:02,825 : INFO : root : MPF run loop ended.
