2025-10-03 17:25:37,675 : INFO : root : Loading config.
2025-10-03 17:25:37,680 : INFO : YamlMultifileConfigLoader : Machine config file #1: config.yaml
2025-10-03 17:25:37,680 : INFO : ConfigProcessor : Loading config from cache: C:\Users\richa\AppData\Local\Temp\bad76953a596b8c99f832e0e98026c3b.mpf_cache
2025-10-03 17:25:37,681 : WARNING : ConfigProcessor : Config file in cache changed: C:\Users\richa\ttp5\config\config_switches.yaml
2025-10-03 17:25:37,681 : INFO : ConfigProcessor : Loading config from file C:\Users\richa\mpfvirtual4\lib\site-packages\mpf\mpfconfig.yaml.
2025-10-03 17:25:37,692 : INFO : ConfigProcessor : Loading config: C:\Users\richa\mpfvirtual4\lib\site-packages\mpf\mpfconfig.yaml
2025-10-03 17:25:37,693 : INFO : ConfigProcessor : Loading config from file C:\Users\richa\ttp5\config\config.yaml.
2025-10-03 17:25:37,695 : INFO : ConfigProcessor : Loading config: C:\Users\richa\ttp5\config\config.yaml
2025-10-03 17:25:37,696 : INFO : ConfigProcessor : Loading config: C:\Users\richa\ttp5\config\config_ball_devices.yaml
2025-10-03 17:25:37,697 : INFO : ConfigProcessor : Loading config: C:\Users\richa\ttp5\config\config_coils.yaml
2025-10-03 17:25:37,698 : INFO : ConfigProcessor : Loading config: C:\Users\richa\ttp5\config\config_flippers.yaml
2025-10-03 17:25:37,712 : INFO : ConfigProcessor : Loading config: C:\Users\richa\ttp5\config\config_switches.yaml
2025-10-03 17:25:37,715 : INFO : ConfigProcessor : Config file cache created: C:\Users\richa\AppData\Local\Temp\bad76953a596b8c99f832e0e98026c3b.mpf_cache
2025-10-03 17:25:37,789 : INFO : ConfigProcessor : Loading config from cache: C:\Users\richa\AppData\Local\Temp\77a998d318c788df5647a1900cedfc56.mpf_cache
2025-10-03 17:25:37,789 : INFO : ConfigProcessor : Loading config from cache: C:\Users\richa\AppData\Local\Temp\9c8dea79ca4d15ee886340e992e8cb9d.mpf_cache
2025-10-03 17:25:37,790 : INFO : ConfigProcessor : Loading config from cache: C:\Users\richa\AppData\Local\Temp\8ddee2e87a4f178751335e99da00e9c4.mpf_cache
2025-10-03 17:25:37,791 : INFO : ConfigProcessor : Loading config from cache: C:\Users\richa\AppData\Local\Temp\16d594341c3fbe91b1b6d496c05a6fb0.mpf_cache
2025-10-03 17:25:37,792 : INFO : ConfigProcessor : Loading config from cache: C:\Users\richa\AppData\Local\Temp\9ea1b14cb2b1cce5e8bf981a1ff8cfc5.mpf_cache
2025-10-03 17:25:37,792 : INFO : Machine : Mission Pinball Framework Core Engine v0.57.0.dev39
2025-10-03 17:25:37,792 : INFO : Machine : Command line arguments: {'no_load_cache': False, 'create_config_cache': True, 'bcp': True, 'configfile': ['config.yaml'], 'force_assets_load': False, 'jsonlogging': False, 'logfile': 'logs\\2025-10-03-17-25-37-mpf-DESKTOP-RK7BE5M.log', 'pause': False, 'production': False, 'text_ui': True, 'loglevel': 15, 'consoleloglevel': 20, 'force_platform': None, 'syslog_address': None, 'mc_file_name': None, 'no_sound': False}
2025-10-03 17:25:37,792 : INFO : Machine : MPF path: C:\Users\richa\mpfvirtual4\lib\site-packages\mpf
2025-10-03 17:25:37,792 : INFO : Machine : Machine path: C:\Users\richa\ttp5
2025-10-03 17:25:37,792 : INFO : Machine : Platform: win32
2025-10-03 17:25:37,793 : INFO : Machine : Python executable location: C:\Users\richa\mpfvirtual4\Scripts\python.exe
2025-10-03 17:25:37,793 : INFO : Machine : Python version: 3.9.13 (64-bit)
2025-10-03 17:25:37,794 : INFO : Machine : Initializing MPF...
2025-10-03 17:25:38,146 : INFO : EventManager : Event: ======'machine_var_credits_string'====== Args={'value': 'FREE PLAY', 'prev_value': None, 'change': True}
2025-10-03 17:25:38,199 : INFO : EventManager : Event: ======'machine_var_master_volume'====== Args={'value': 0.5, 'prev_value': None, 'change': True}
2025-10-03 17:25:38,200 : INFO : EventManager : Event: ======'machine_var_player1_score'====== Args={'value': 28284, 'prev_value': None, 'change': True}
2025-10-03 17:25:38,200 : INFO : EventManager : Event: ======'machine_var_mpf_version'====== Args={'value': 'Mission Pinball Framework v0.57.0.dev39', 'prev_value': None, 'change': True}
2025-10-03 17:25:38,200 : INFO : EventManager : Event: ======'machine_var_mpf_extended_version'====== Args={'value': 'Mission Pinball Framework v0.57.0.dev39, Config version:6, Show version: 6, BCP version:1.1', 'prev_value': None, 'change': True}
2025-10-03 17:25:38,200 : INFO : EventManager : Event: ======'machine_var_python_version'====== Args={'value': '3.9.13', 'prev_value': None, 'change': True}
2025-10-03 17:25:38,209 : INFO : EventManager : Event: ======'machine_var_platform'====== Args={'value': 'Windows-10-10.0.19045-SP0', 'prev_value': None, 'change': True}
2025-10-03 17:25:38,209 : INFO : EventManager : Event: ======'machine_var_platform_system'====== Args={'value': 'Windows', 'prev_value': None, 'change': True}
2025-10-03 17:25:38,209 : INFO : EventManager : Event: ======'machine_var_platform_release'====== Args={'value': '10', 'prev_value': None, 'change': True}
2025-10-03 17:25:38,209 : INFO : EventManager : Event: ======'machine_var_platform_version'====== Args={'value': '10.0.19045', 'prev_value': None, 'change': True}
2025-10-03 17:25:38,209 : INFO : EventManager : Event: ======'machine_var_platform_machine'====== Args={'value': 'AMD64', 'prev_value': None, 'change': True}
2025-10-03 17:25:38,209 : INFO : EventManager : Event: ======'init_phase_1'====== Args={}
2025-10-03 17:25:38,227 : INFO : EventManager : Event: ======'init_phase_2'====== Args={}
2025-10-03 17:25:38,228 : INFO : SwitchController : Found active switch: ('2', <Platform.SmartVirtual>) <switch.s_trough1>
2025-10-03 17:25:38,228 : INFO : SwitchController : Found active switch: ('3', <Platform.SmartVirtual>) <switch.s_trough2>
2025-10-03 17:25:38,228 : INFO : SwitchController : Found active switch: ('4', <Platform.SmartVirtual>) <switch.s_trough3>
2025-10-03 17:25:38,228 : INFO : SwitchController : Found active switch: ('5', <Platform.SmartVirtual>) <switch.s_trough4>
2025-10-03 17:25:38,228 : INFO : SwitchController : Found active switch: ('6', <Platform.SmartVirtual>) <switch.s_trough5>
2025-10-03 17:25:38,228 : INFO : SwitchController : Found active switch: ('7', <Platform.SmartVirtual>) <switch.s_trough6>
2025-10-03 17:25:38,231 : INFO : EventManager : Event: ======'bcp_connection_attempt'====== Args={'name': 'local_display', 'host': 'localhost', 'port': 5050}
2025-10-03 17:25:38,233 : INFO : BCPClientSocket : Connecting BCP to 'local_display' at localhost:5050...
2025-10-03 17:25:40,259 : INFO : BCPClientSocket : Connected BCP to 'local_display' localhost:5050
2025-10-03 17:25:40,260 : INFO : EventManager : Event: ======'bcp_clients_connected'====== Args={}
2025-10-03 17:25:40,604 : INFO : EventManager : Event: ======'machine_var_mc_version'====== Args={'value': 'MPF-MC v0.57.0.dev10', 'prev_value': None, 'change': True}
2025-10-03 17:25:40,604 : INFO : EventManager : Event: ======'machine_var_mc_extended_version'====== Args={'value': 'MPF-MC v0.57.0.dev10 (config_version=6, BCP v1.1,                      Requires MPF API compatibility v0.57.0.dev19 or newer)', 'prev_value': None, 'change': True}
2025-10-03 17:25:40,606 : INFO : ball_device.bd_trough : BCH: Initial count: 6
2025-10-03 17:25:40,657 : INFO : ball_device.bd_trough : State: idle
2025-10-03 17:25:40,657 : INFO : ball_device.bd_plunger : BCH: Initial count: 0
2025-10-03 17:25:40,657 : INFO : ball_device.bd_plunger : State: idle
2025-10-03 17:25:40,664 : INFO : EventManager : Event: ======'init_phase_3'====== Args={}
2025-10-03 17:25:40,667 : INFO : EventManager : Event: ======'init_phase_4'====== Args={}
2025-10-03 17:25:40,667 : INFO : BallController : Initial balls found: 6
2025-10-03 17:25:40,669 : INFO : EventManager : Event: ======'machine_var_audits_events_game_ended'====== Args={'value': 8, 'prev_value': None, 'change': True}
2025-10-03 17:25:40,669 : INFO : EventManager : Event: ======'machine_var_audits_events_game_started'====== Args={'value': 32, 'prev_value': None, 'change': True}
2025-10-03 17:25:40,669 : INFO : EventManager : Event: ======'machine_var_audits_missing_switches_s_left_flipper'====== Args={'value': 5, 'prev_value': None, 'change': True}
2025-10-03 17:25:40,670 : INFO : EventManager : Event: ======'machine_var_audits_missing_switches_s_left_inlane'====== Args={'value': 1, 'prev_value': None, 'change': True}
2025-10-03 17:25:40,670 : INFO : EventManager : Event: ======'machine_var_audits_missing_switches_s_right_flipper'====== Args={'value': 9, 'prev_value': None, 'change': True}
2025-10-03 17:25:40,670 : INFO : EventManager : Event: ======'machine_var_audits_missing_switches_s_sling_left'====== Args={'value': 26, 'prev_value': None, 'change': True}
2025-10-03 17:25:40,670 : INFO : EventManager : Event: ======'machine_var_audits_missing_switches_s_sling_right'====== Args={'value': 26, 'prev_value': None, 'change': True}
2025-10-03 17:25:40,670 : INFO : EventManager : Event: ======'machine_var_audits_missing_switches_s_start'====== Args={'value': 15, 'prev_value': None, 'change': True}
2025-10-03 17:25:40,670 : INFO : EventManager : Event: ======'machine_var_audits_missing_switches_s_top_middle_inlane'====== Args={'value': 2, 'prev_value': None, 'change': True}
2025-10-03 17:25:40,671 : INFO : EventManager : Event: ======'machine_var_audits_missing_switches_s_trough1'====== Args={'value': 5, 'prev_value': None, 'change': True}
2025-10-03 17:25:40,671 : INFO : EventManager : Event: ======'machine_var_audits_missing_switches_s_trough2'====== Args={'value': 32, 'prev_value': None, 'change': True}
2025-10-03 17:25:40,671 : INFO : EventManager : Event: ======'machine_var_audits_missing_switches_s_trough3'====== Args={'value': 32, 'prev_value': None, 'change': True}
2025-10-03 17:25:40,671 : INFO : EventManager : Event: ======'machine_var_audits_missing_switches_s_trough4'====== Args={'value': 32, 'prev_value': None, 'change': True}
2025-10-03 17:25:40,671 : INFO : EventManager : Event: ======'machine_var_audits_missing_switches_s_trough5'====== Args={'value': 32, 'prev_value': None, 'change': True}
2025-10-03 17:25:40,671 : INFO : EventManager : Event: ======'machine_var_audits_missing_switches_s_trough6'====== Args={'value': 32, 'prev_value': None, 'change': True}
2025-10-03 17:25:40,672 : INFO : EventManager : Event: ======'machine_var_audits_missing_switches_s_trough_jam'====== Args={'value': 32, 'prev_value': None, 'change': True}
2025-10-03 17:25:40,672 : INFO : EventManager : Event: ======'machine_var_audits_player_score'====== Args={'value': {'average': 12256, 'top': [28284, 25272, 22800, 13400, 11420, 10700, 8000, 0, 0, 0], 'total': 10}, 'prev_value': None, 'change': True}
2025-10-03 17:25:40,672 : INFO : EventManager : Event: ======'machine_var_audits_shots_middle_inlane_shot'====== Args={'value': 20, 'prev_value': None, 'change': True}
2025-10-03 17:25:40,672 : INFO : EventManager : Event: ======'machine_var_audits_shots_my_first_shot'====== Args={'value': 41, 'prev_value': None, 'change': True}
2025-10-03 17:25:40,672 : INFO : EventManager : Event: ======'machine_var_audits_shots_top_middle_inlane_shot'====== Args={'value': 33, 'prev_value': None, 'change': True}
2025-10-03 17:25:40,673 : INFO : EventManager : Event: ======'machine_var_audits_switches_s_left_flipper'====== Args={'value': 247, 'prev_value': None, 'change': True}
2025-10-03 17:25:40,673 : INFO : EventManager : Event: ======'machine_var_audits_switches_s_left_inlane'====== Args={'value': 0, 'prev_value': None, 'change': True}
2025-10-03 17:25:40,673 : INFO : EventManager : Event: ======'machine_var_audits_switches_s_middle_inlane'====== Args={'value': 20, 'prev_value': None, 'change': True}
2025-10-03 17:25:40,673 : INFO : EventManager : Event: ======'machine_var_audits_switches_s_plunger'====== Args={'value': 65, 'prev_value': None, 'change': True}
2025-10-03 17:25:40,674 : INFO : EventManager : Event: ======'machine_var_audits_switches_s_right_flipper'====== Args={'value': 73, 'prev_value': None, 'change': True}
2025-10-03 17:25:40,674 : INFO : EventManager : Event: ======'machine_var_audits_switches_s_right_inlane'====== Args={'value': 73, 'prev_value': None, 'change': True}
2025-10-03 17:25:40,674 : INFO : EventManager : Event: ======'machine_var_audits_switches_s_sling_left'====== Args={'value': 0, 'prev_value': None, 'change': True}
2025-10-03 17:25:40,674 : INFO : EventManager : Event: ======'machine_var_audits_switches_s_sling_right'====== Args={'value': 0, 'prev_value': None, 'change': True}
2025-10-03 17:25:40,675 : INFO : EventManager : Event: ======'machine_var_audits_switches_s_start'====== Args={'value': 11, 'prev_value': None, 'change': True}
2025-10-03 17:25:40,675 : INFO : EventManager : Event: ======'machine_var_audits_switches_s_top_middle_inlane'====== Args={'value': 33, 'prev_value': None, 'change': True}
2025-10-03 17:25:40,675 : INFO : EventManager : Event: ======'machine_var_audits_switches_s_trough1'====== Args={'value': 48, 'prev_value': None, 'change': True}
2025-10-03 17:25:40,675 : INFO : EventManager : Event: ======'machine_var_audits_switches_s_trough2'====== Args={'value': 0, 'prev_value': None, 'change': True}
2025-10-03 17:25:40,675 : INFO : EventManager : Event: ======'machine_var_audits_switches_s_trough3'====== Args={'value': 0, 'prev_value': None, 'change': True}
2025-10-03 17:25:40,675 : INFO : EventManager : Event: ======'machine_var_audits_switches_s_trough4'====== Args={'value': 0, 'prev_value': None, 'change': True}
2025-10-03 17:25:40,676 : INFO : EventManager : Event: ======'machine_var_audits_switches_s_trough5'====== Args={'value': 0, 'prev_value': None, 'change': True}
2025-10-03 17:25:40,676 : INFO : EventManager : Event: ======'machine_var_audits_switches_s_trough6'====== Args={'value': 0, 'prev_value': None, 'change': True}
2025-10-03 17:25:40,676 : INFO : EventManager : Event: ======'machine_var_audits_switches_s_trough_jam'====== Args={'value': 0, 'prev_value': None, 'change': True}
2025-10-03 17:25:40,677 : INFO : EventManager : Event: ======'init_phase_5'====== Args={}
2025-10-03 17:25:40,726 : INFO : EventManager : Event: ======'init_done'====== Args={}
2025-10-03 17:25:40,726 : INFO : EventManager : Event: ======'machine_reset_phase_1'====== Args={}
2025-10-03 17:25:40,736 : INFO : EventManager : Event: ======'machine_reset_phase_2'====== Args={}
2025-10-03 17:25:40,737 : INFO : EventManager : Event: ======'machine_reset_phase_3'====== Args={}
2025-10-03 17:25:40,737 : INFO : EventManager : Event: ======'reset_complete'====== Args={}
2025-10-03 17:25:40,737 : INFO : EventManager : Event: ======'mode_attract_will_start'====== Args={}
2025-10-03 17:25:40,737 : INFO : EventManager : Event: ======'mode_attract_starting'====== Args={}
2025-10-03 17:25:40,737 : INFO : Mode.attract : Started. Priority: 10
2025-10-03 17:25:40,737 : INFO : EventManager : Event: ======'modes_active_modes_changed'====== Args={}
2025-10-03 17:25:40,737 : INFO : EventManager : Event: ======'mode_attract_started'====== Args={}
2025-10-03 17:25:40,738 : INFO : EventManager : Event: ======'collecting_balls_complete'====== Args={}
2025-10-03 17:25:40,781 : INFO : EventManager : Event: ======'slide_awesome_slide_created'====== Args={'_from_bcp': True}
2025-10-03 17:25:40,781 : INFO : EventManager : Event: ======'slide_awesome_slide_active'====== Args={'_from_bcp': True}
2025-10-03 17:25:40,781 : INFO : BcpServer : New client connected.
2025-10-03 17:25:40,782 : INFO : Machine : Starting the main run loop.
2025-10-03 17:25:43,767 : INFO : EventManager : Event: ======'slide_press_start_created'====== Args={'_from_bcp': True}
2025-10-03 17:25:43,772 : INFO : EventManager : Event: ======'slide_press_start_active'====== Args={'_from_bcp': True}
2025-10-03 17:25:46,772 : INFO : EventManager : Event: ======'slide_mission_pinball_created'====== Args={'_from_bcp': True}
2025-10-03 17:25:46,776 : INFO : EventManager : Event: ======'slide_mission_pinball_active'====== Args={'_from_bcp': True}
2025-10-03 17:25:48,918 : INFO : SwitchController : <<<<<<< 's_start' active >>>>>>>
2025-10-03 17:25:49,008 : INFO : SwitchController : <<<<<<< 's_start' inactive >>>>>>>
2025-10-03 17:25:49,008 : INFO : EventManager : Event: ======'request_to_start_game'====== Args={}
2025-10-03 17:25:49,008 : INFO : EventManager : Event: ======'game_start'====== Args={'buttons': [], 'hold_time': 0.09300000000803266}
2025-10-03 17:25:49,009 : INFO : EventManager : Event: ======'mode_game_will_start'====== Args={'buttons': [], 'hold_time': 0.09300000000803266}
2025-10-03 17:25:49,009 : INFO : EventManager : Event: ======'mode_game_starting'====== Args={'buttons': [], 'hold_time': 0.09300000000803266}
2025-10-03 17:25:49,009 : INFO : EventManager : Event: ======'mode_attract_will_stop'====== Args={}
2025-10-03 17:25:49,009 : INFO : EventManager : Event: ======'mode_attract_stopping'====== Args={}
2025-10-03 17:25:49,009 : INFO : Mode.attract : Stopped.
2025-10-03 17:25:49,010 : INFO : EventManager : Event: ======'modes_active_modes_changed'====== Args={}
2025-10-03 17:25:49,010 : INFO : EventManager : Event: ======'mode_attract_stopped'====== Args={}
2025-10-03 17:25:49,010 : INFO : EventManager : Event: ======'clear'====== Args={'key': 'attract'}
2025-10-03 17:25:49,010 : INFO : Mode.game : Started. Priority: 20
2025-10-03 17:25:49,010 : INFO : EventManager : Event: ======'modes_active_modes_changed'====== Args={}
2025-10-03 17:25:49,011 : INFO : EventManager : Event: ======'mode_game_started'====== Args={'buttons': [], 'hold_time': 0.09300000000803266}
2025-10-03 17:25:49,020 : INFO : EventManager : Event: ======'game_will_start'====== Args={}
2025-10-03 17:25:49,021 : INFO : EventManager : Event: ======'game_starting'====== Args={'game': <Mode.game>}
2025-10-03 17:25:49,022 : INFO : EventManager : Unordered handler for class <Auditor> on event game_ended with priority 1. Handlers: [RegisteredHandler(callback=<bound method Auditor.disable of <Auditor>>, priority=1, kwargs={}, key=UUID('b96d073d-1d11-41d7-8e6e-a9bce04d762e'), condition=None, blocking_facility=None), RegisteredHandler(callback=<bound method Auditor._save_audits of <Auditor>>, priority=1, kwargs={}, key=UUID('b088e3b7-177f-4c27-9415-7ca0d5ed647e'), condition=None, blocking_facility=None)]. The order of those handlers is not defined and they will be executed in random order. This might lead to race conditions and potential bugs.
2025-10-03 17:25:49,022 : INFO : EventManager : Event: ======'player_add_request'====== Args={}
2025-10-03 17:25:49,022 : INFO : EventManager : Event: ======'player_will_add'====== Args={'number': 1}
2025-10-03 17:25:49,022 : INFO : EventManager : Event: ======'player_adding'====== Args={'player': <Player 1>, 'number': 1}
2025-10-03 17:25:49,022 : INFO : EventManager : Event: ======'player_added'====== Args={'player': <Player 1>, 'num': 1}
2025-10-03 17:25:49,023 : INFO : Mode.game : Player added successfully. Total players: 1
2025-10-03 17:25:49,023 : INFO : EventManager : Event: ======'player_index'====== Args={'value': 0, 'prev_value': 0, 'change': 0, 'player_num': 1}
2025-10-03 17:25:49,023 : INFO : EventManager : Event: ======'player_number'====== Args={'value': 1, 'prev_value': 1, 'change': 0, 'player_num': 1}
2025-10-03 17:25:49,023 : INFO : EventManager : Event: ======'player_score'====== Args={'value': 0, 'prev_value': 0, 'change': 0, 'player_num': 1}
2025-10-03 17:25:49,024 : INFO : EventManager : Event: ======'game_started'====== Args={}
2025-10-03 17:25:49,043 : INFO : EventManager : Event: ======'player_turn_will_start'====== Args={'player': <Player 1>, 'number': 1}
2025-10-03 17:25:49,044 : INFO : EventManager : Event: ======'slide_awesome_slide_removed'====== Args={'_from_bcp': True}
2025-10-03 17:25:49,044 : INFO : EventManager : Event: ======'slide_press_start_removed'====== Args={'_from_bcp': True}
2025-10-03 17:25:49,045 : INFO : EventManager : Event: ======'slide_mission_pinball_removed'====== Args={'_from_bcp': True}
2025-10-03 17:25:49,045 : INFO : EventManager : Event: ======'slide_window_blank_active'====== Args={'_from_bcp': True}
2025-10-03 17:25:49,045 : INFO : EventManager : Event: ======'player_turn_starting'====== Args={'player': <Player 1>, 'number': 1}
2025-10-03 17:25:49,045 : INFO : EventManager : Event: ======'player_ball'====== Args={'value': 1, 'prev_value': 0, 'change': 1, 'player_num': 1}
2025-10-03 17:25:49,046 : INFO : EventManager : Event: ======'player_turn_started'====== Args={'player': <Player 1>, 'number': 1}
2025-10-03 17:25:49,047 : INFO : EventManager : Event: ======'ball_will_start'====== Args={'player': 1, 'ball': 1, 'balls_remaining': 2, 'is_extra_ball': False}
2025-10-03 17:25:49,051 : INFO : EventManager : Event: ======'ball_starting'====== Args={'player': 1, 'ball': 1, 'balls_remaining': 2, 'is_extra_ball': False}
2025-10-03 17:25:49,052 : INFO : EventManager : Event: ======'balls_in_play'====== Args={'balls': 1}
2025-10-03 17:25:49,052 : INFO : EventManager : Event: ======'ball_started'====== Args={'player': 1, 'ball': 1, 'balls_remaining': 2, 'is_extra_ball': False}
2025-10-03 17:25:49,053 : INFO : EventManager : Event: ======'mode_base_will_start'====== Args={'player': 1, 'ball': 1, 'balls_remaining': 2, 'is_extra_ball': False}
2025-10-03 17:25:49,053 : INFO : EventManager : Event: ======'player_shot_my_first_shot_enabled'====== Args={'value': True, 'prev_value': 0, 'change': 1, 'player_num': 1}
2025-10-03 17:25:49,054 : INFO : EventManager : Event: ======'player_shot_top_middle_inlane_shot_enabled'====== Args={'value': True, 'prev_value': 0, 'change': 1, 'player_num': 1}
2025-10-03 17:25:49,055 : INFO : EventManager : Event: ======'mode_base_starting'====== Args={'player': 1, 'ball': 1, 'balls_remaining': 2, 'is_extra_ball': False}
2025-10-03 17:25:49,056 : INFO : Mode.base : Started. Priority: 100
2025-10-03 17:25:49,056 : INFO : EventManager : Event: ======'modes_active_modes_changed'====== Args={}
2025-10-03 17:25:49,056 : INFO : EventManager : Event: ======'mode_base_started'====== Args={'player': 1, 'ball': 1, 'balls_remaining': 2, 'is_extra_ball': False}
2025-10-03 17:25:49,058 : INFO : EventManager : Event: ======'single_player_ball_started'====== Args={}
2025-10-03 17:25:49,099 : INFO : EventManager : Event: ======'ball_start_target'====== Args={'target': 'playfield'}
2025-10-03 17:25:49,100 : INFO : EventManager : Event: ======'slide_base.slide_player-mode_base_started_created'====== Args={'_from_bcp': True}
2025-10-03 17:25:49,100 : INFO : EventManager : Event: ======'slide_base.slide_player-mode_base_started_active'====== Args={'_from_bcp': True}
2025-10-03 17:25:49,100 : INFO : ball_device.bd_plunger : Setting up player-controlled eject. Balls: 1, Target: <playfield.playfield>, player_controlled_eject_event: None
2025-10-03 17:25:49,100 : INFO : EventManager : Event: ======'balldevice_balls_available'====== Args={}
2025-10-03 17:25:49,101 : INFO : ball_device.bd_trough : State: waiting_for_target_ready
2025-10-03 17:25:49,102 : INFO : EventManager : Event: ======'balldevice_bd_trough_ball_eject_attempt'====== Args={'balls': 1, 'target': <ball_device.bd_plunger>, 'source': <ball_device.bd_trough>, 'mechanical_eject': True, 'num_attempts': 0}
2025-10-03 17:25:49,102 : INFO : ball_device.bd_plunger : State: waiting_for_ball
2025-10-03 17:25:49,103 : INFO : ball_device.bd_trough : State: ejecting
2025-10-03 17:25:49,104 : INFO : ball_device.bd_trough : Ejecting ball to <ball_device.bd_plunger>
2025-10-03 17:25:49,104 : INFO : EventManager : Event: ======'balldevice_bd_trough_ejecting_ball'====== Args={'balls': 1, 'target': <ball_device.bd_plunger>, 'source': <ball_device.bd_trough>, 'mechanical_eject': True, 'num_attempts': 0}
2025-10-03 17:25:49,105 : INFO : ball_device.bd_trough : Wait for ball to leave device
2025-10-03 17:25:49,105 : INFO : coil.c_trough_eject : Pulsing Driver for 20ms (1.0 pulse_power)
2025-10-03 17:25:49,106 : INFO : SwitchController : <<<<<<< 's_trough1' inactive >>>>>>>
2025-10-03 17:25:49,111 : INFO : ball_device.bd_trough : State: ball_left
2025-10-03 17:25:49,112 : INFO : ball_device.bd_trough : Ball left
2025-10-03 17:25:49,112 : INFO : ball_device.bd_trough : Wait for confirm with timeout 3.0
2025-10-03 17:25:49,199 : INFO : SwitchController : <<<<<<< 's_plunger' active >>>>>>>
2025-10-03 17:25:49,199 : INFO : EventManager : Event: ======'machine_var_audits_switches_s_plunger'====== Args={'value': 66, 'prev_value': 65, 'change': 1}
2025-10-03 17:25:49,702 : INFO : ball_device.bd_plunger : Received ball from <ball_device.bd_trough>
2025-10-03 17:25:49,702 : INFO : EventManager : Event: ======'balldevice_bd_plunger_ball_enter'====== Args={'new_balls': 1, 'unclaimed_balls': 0, 'new_available_balls': 0, 'device': <ball_device.bd_plunger>}
2025-10-03 17:25:49,703 : INFO : EventManager : Event: ======'balldevice_bd_plunger_ball_entered'====== Args={'new_balls': 0, 'device': <ball_device.bd_plunger>}
2025-10-03 17:25:49,704 : INFO : EventManager : Event: ======'balldevice_bd_plunger_ball_count_changed'====== Args={'balls': 1}
2025-10-03 17:25:49,705 : INFO : ball_device.bd_trough : Got eject confirm
2025-10-03 17:25:49,705 : INFO : ball_device.bd_trough : Eject successful
2025-10-03 17:25:49,705 : INFO : EventManager : Event: ======'balldevice_bd_trough_ball_eject_success'====== Args={'balls': 1, 'target': <ball_device.bd_plunger>}
2025-10-03 17:25:49,706 : INFO : EventManager : Event: ======'balldevice_bd_trough_ball_count_changed'====== Args={'balls': 5}
2025-10-03 17:25:49,706 : INFO : ball_device.bd_trough : State: idle
2025-10-03 17:25:49,707 : INFO : ball_device.bd_plunger : State: waiting_for_target_ready
2025-10-03 17:25:49,707 : INFO : EventManager : Event: ======'balldevice_bd_plunger_ball_eject_attempt'====== Args={'balls': 1, 'target': <playfield.playfield>, 'source': <ball_device.bd_plunger>, 'mechanical_eject': True, 'num_attempts': 0}
2025-10-03 17:25:49,708 : INFO : ball_device.bd_plunger : State: ejecting
2025-10-03 17:25:49,709 : INFO : ball_device.bd_plunger : Ejecting ball to <playfield.playfield>
2025-10-03 17:25:49,709 : INFO : EventManager : Event: ======'balldevice_bd_plunger_ejecting_ball'====== Args={'balls': 1, 'target': <playfield.playfield>, 'source': <ball_device.bd_plunger>, 'mechanical_eject': True, 'num_attempts': 0}
2025-10-03 17:25:49,711 : INFO : ball_device.bd_plunger : Wait for ball to leave device
2025-10-03 17:26:02,169 : WARNING : SwitchController : Received duplicate switch state 1 for switch s_plunger from the platform interface. Log Code: Log-SwitchController-1 (https://missionpinball.org/logs)
2025-10-03 17:26:02,260 : INFO : SwitchController : <<<<<<< 's_plunger' inactive >>>>>>>
2025-10-03 17:26:02,289 : INFO : ball_device.bd_plunger : State: ball_left
2025-10-03 17:26:02,290 : INFO : ball_device.bd_plunger : Ball left
2025-10-03 17:26:02,291 : INFO : ball_device.bd_plunger : Wait for confirm with timeout 5.0
2025-10-03 17:26:02,877 : INFO : SwitchController : <<<<<<< 's_left_inlane' active >>>>>>>
2025-10-03 17:26:02,877 : INFO : EventManager : Event: ======'sw_playfield_active'====== Args={}
2025-10-03 17:26:02,877 : INFO : EventManager : Event: ======'machine_var_audits_switches_s_left_inlane'====== Args={'value': 1, 'prev_value': 0, 'change': 1}
2025-10-03 17:26:02,886 : INFO : EventManager : Event: ======'playfield_active'====== Args={}
2025-10-03 17:26:02,890 : INFO : ball_device.bd_plunger : Got eject confirm
2025-10-03 17:26:02,890 : INFO : ball_device.bd_plunger : Eject successful
2025-10-03 17:26:02,890 : INFO : EventManager : Event: ======'balldevice_bd_plunger_ball_eject_success'====== Args={'balls': 1, 'target': <playfield.playfield>}
2025-10-03 17:26:02,891 : INFO : EventManager : Event: ======'balldevice_playfield_ball_enter'====== Args={'new_balls': 1, 'unclaimed_balls': 1, 'device': <playfield.playfield>}
2025-10-03 17:26:02,891 : INFO : EventManager : Event: ======'playfield_ball_count_change'====== Args={'balls': 1, 'change': 1}
2025-10-03 17:26:02,892 : INFO : EventManager : Event: ======'balldevice_bd_plunger_ball_count_changed'====== Args={'balls': 0}
2025-10-03 17:26:02,892 : INFO : ball_device.bd_plunger : State: idle
2025-10-03 17:26:02,962 : INFO : SwitchController : <<<<<<< 's_left_inlane' inactive >>>>>>>
2025-10-03 17:26:03,836 : INFO : SwitchController : <<<<<<< 's_left_inlane' active >>>>>>>
2025-10-03 17:26:03,836 : INFO : EventManager : Event: ======'sw_playfield_active'====== Args={}
2025-10-03 17:26:03,837 : INFO : EventManager : Event: ======'machine_var_audits_switches_s_left_inlane'====== Args={'value': 2, 'prev_value': 1, 'change': 1}
2025-10-03 17:26:03,938 : INFO : SwitchController : <<<<<<< 's_left_inlane' inactive >>>>>>>
2025-10-03 17:26:10,283 : INFO : SwitchController : <<<<<<< 's_sling_left' active >>>>>>>
2025-10-03 17:26:10,283 : INFO : EventManager : Event: ======'machine_var_audits_switches_s_sling_left'====== Args={'value': 1, 'prev_value': 0, 'change': 1}
2025-10-03 17:26:10,378 : INFO : SwitchController : <<<<<<< 's_sling_left' inactive >>>>>>>
2025-10-03 17:26:10,833 : INFO : SwitchController : <<<<<<< 's_sling_left' active >>>>>>>
2025-10-03 17:26:10,833 : INFO : EventManager : Event: ======'machine_var_audits_switches_s_sling_left'====== Args={'value': 2, 'prev_value': 1, 'change': 1}
2025-10-03 17:26:10,946 : INFO : SwitchController : <<<<<<< 's_sling_left' inactive >>>>>>>
2025-10-03 17:26:12,650 : INFO : SwitchController : <<<<<<< 's_sling_right' active >>>>>>>
2025-10-03 17:26:12,650 : INFO : EventManager : Event: ======'machine_var_audits_switches_s_sling_right'====== Args={'value': 1, 'prev_value': 0, 'change': 1}
2025-10-03 17:26:12,729 : INFO : SwitchController : <<<<<<< 's_sling_right' inactive >>>>>>>
2025-10-03 17:26:13,387 : INFO : SwitchController : <<<<<<< 's_right_inlane' active >>>>>>>
2025-10-03 17:26:13,387 : INFO : EventManager : Event: ======'s_right_inlane_active'====== Args={}
2025-10-03 17:26:13,387 : INFO : EventManager : Event: ======'sw_playfield_active'====== Args={}
2025-10-03 17:26:13,387 : INFO : EventManager : Event: ======'machine_var_audits_switches_s_right_inlane'====== Args={'value': 74, 'prev_value': 73, 'change': 1}
2025-10-03 17:26:13,388 : INFO : EventManager : Event: ======'player_shot_my_first_shot'====== Args={'value': 1, 'prev_value': 0, 'change': 1, 'player_num': 1}
2025-10-03 17:26:13,388 : INFO : EventManager : Event: ======'machine_var_audits_shots_my_first_shot'====== Args={'value': 42, 'prev_value': 41, 'change': 1}
2025-10-03 17:26:13,389 : INFO : EventManager : Event: ======'my_first_shot_hit'====== Args={'profile': 'default', 'state': 'unlit', 'advancing': True}
2025-10-03 17:26:13,389 : INFO : EventManager : Event: ======'my_first_shot_default_hit'====== Args={'profile': 'default', 'state': 'unlit', 'advancing': True}
2025-10-03 17:26:13,389 : INFO : EventManager : Event: ======'my_first_shot_default_unlit_hit'====== Args={'profile': 'default', 'state': 'unlit', 'advancing': True}
2025-10-03 17:26:13,389 : INFO : EventManager : Event: ======'my_first_shot_unlit_hit'====== Args={'profile': 'default', 'state': 'unlit', 'advancing': True}
2025-10-03 17:26:13,389 : INFO : EventManager : Event: ======'player_score'====== Args={'value': 100, 'prev_value': 0, 'change': 100, 'player_num': 1, 'source': 'base'}
2025-10-03 17:26:13,390 : INFO : EventManager : Event: ======'player_score'====== Args={'value': 142, 'prev_value': 100, 'change': 42, 'player_num': 1, 'source': 'base'}
2025-10-03 17:26:13,482 : INFO : SwitchController : <<<<<<< 's_right_inlane' inactive >>>>>>>
2025-10-03 17:26:13,891 : INFO : SwitchController : <<<<<<< 's_right_inlane' active >>>>>>>
2025-10-03 17:26:13,891 : INFO : EventManager : Event: ======'s_right_inlane_active'====== Args={}
2025-10-03 17:26:13,891 : INFO : EventManager : Event: ======'sw_playfield_active'====== Args={}
2025-10-03 17:26:13,892 : INFO : EventManager : Event: ======'machine_var_audits_switches_s_right_inlane'====== Args={'value': 75, 'prev_value': 74, 'change': 1}
2025-10-03 17:26:13,893 : INFO : EventManager : Event: ======'machine_var_audits_shots_my_first_shot'====== Args={'value': 43, 'prev_value': 42, 'change': 1}
2025-10-03 17:26:13,893 : INFO : EventManager : Event: ======'my_first_shot_hit'====== Args={'profile': 'default', 'state': 'lit', 'advancing': False}
2025-10-03 17:26:13,894 : INFO : EventManager : Event: ======'my_first_shot_default_hit'====== Args={'profile': 'default', 'state': 'lit', 'advancing': False}
2025-10-03 17:26:13,894 : INFO : EventManager : Event: ======'my_first_shot_default_lit_hit'====== Args={'profile': 'default', 'state': 'lit', 'advancing': False}
2025-10-03 17:26:13,894 : INFO : EventManager : Event: ======'my_first_shot_lit_hit'====== Args={'profile': 'default', 'state': 'lit', 'advancing': False}
2025-10-03 17:26:13,895 : INFO : EventManager : Event: ======'player_score'====== Args={'value': 242, 'prev_value': 142, 'change': 100, 'player_num': 1, 'source': 'base'}
2025-10-03 17:26:13,895 : INFO : EventManager : Event: ======'player_score'====== Args={'value': 284, 'prev_value': 242, 'change': 42, 'player_num': 1, 'source': 'base'}
2025-10-03 17:26:13,994 : INFO : SwitchController : <<<<<<< 's_right_inlane' inactive >>>>>>>
2025-10-03 17:26:15,028 : INFO : SwitchController : <<<<<<< 's_left_inlane' active >>>>>>>
2025-10-03 17:26:15,028 : INFO : EventManager : Event: ======'sw_playfield_active'====== Args={}
2025-10-03 17:26:15,029 : INFO : EventManager : Event: ======'machine_var_audits_switches_s_left_inlane'====== Args={'value': 3, 'prev_value': 2, 'change': 1}
2025-10-03 17:26:15,130 : INFO : SwitchController : <<<<<<< 's_left_inlane' inactive >>>>>>>
2025-10-03 17:26:15,426 : INFO : SwitchController : <<<<<<< 's_left_inlane' active >>>>>>>
2025-10-03 17:26:15,426 : INFO : EventManager : Event: ======'sw_playfield_active'====== Args={}
2025-10-03 17:26:15,426 : INFO : EventManager : Event: ======'machine_var_audits_switches_s_left_inlane'====== Args={'value': 4, 'prev_value': 3, 'change': 1}
2025-10-03 17:26:15,522 : INFO : SwitchController : <<<<<<< 's_left_inlane' inactive >>>>>>>
2025-10-03 17:26:16,366 : INFO : SwitchController : <<<<<<< 's_right_inlane' active >>>>>>>
2025-10-03 17:26:16,367 : INFO : EventManager : Event: ======'s_right_inlane_active'====== Args={}
2025-10-03 17:26:16,367 : INFO : EventManager : Event: ======'sw_playfield_active'====== Args={}
2025-10-03 17:26:16,368 : INFO : EventManager : Event: ======'machine_var_audits_switches_s_right_inlane'====== Args={'value': 76, 'prev_value': 75, 'change': 1}
2025-10-03 17:26:16,371 : INFO : EventManager : Event: ======'machine_var_audits_shots_my_first_shot'====== Args={'value': 44, 'prev_value': 43, 'change': 1}
2025-10-03 17:26:16,373 : INFO : EventManager : Event: ======'my_first_shot_hit'====== Args={'profile': 'default', 'state': 'lit', 'advancing': False}
2025-10-03 17:26:16,373 : INFO : EventManager : Event: ======'my_first_shot_default_hit'====== Args={'profile': 'default', 'state': 'lit', 'advancing': False}
2025-10-03 17:26:16,374 : INFO : EventManager : Event: ======'my_first_shot_default_lit_hit'====== Args={'profile': 'default', 'state': 'lit', 'advancing': False}
2025-10-03 17:26:16,374 : INFO : EventManager : Event: ======'my_first_shot_lit_hit'====== Args={'profile': 'default', 'state': 'lit', 'advancing': False}
2025-10-03 17:26:16,375 : INFO : EventManager : Event: ======'player_score'====== Args={'value': 384, 'prev_value': 284, 'change': 100, 'player_num': 1, 'source': 'base'}
2025-10-03 17:26:16,378 : INFO : EventManager : Event: ======'player_score'====== Args={'value': 426, 'prev_value': 384, 'change': 42, 'player_num': 1, 'source': 'base'}
2025-10-03 17:26:16,482 : INFO : SwitchController : <<<<<<< 's_right_inlane' inactive >>>>>>>
2025-10-03 17:26:16,753 : INFO : SwitchController : <<<<<<< 's_right_inlane' active >>>>>>>
2025-10-03 17:26:16,753 : INFO : EventManager : Event: ======'s_right_inlane_active'====== Args={}
2025-10-03 17:26:16,754 : INFO : EventManager : Event: ======'sw_playfield_active'====== Args={}
2025-10-03 17:26:16,754 : INFO : EventManager : Event: ======'machine_var_audits_switches_s_right_inlane'====== Args={'value': 77, 'prev_value': 76, 'change': 1}
2025-10-03 17:26:16,755 : INFO : EventManager : Event: ======'machine_var_audits_shots_my_first_shot'====== Args={'value': 45, 'prev_value': 44, 'change': 1}
2025-10-03 17:26:16,755 : INFO : EventManager : Event: ======'my_first_shot_hit'====== Args={'profile': 'default', 'state': 'lit', 'advancing': False}
2025-10-03 17:26:16,755 : INFO : EventManager : Event: ======'my_first_shot_default_hit'====== Args={'profile': 'default', 'state': 'lit', 'advancing': False}
2025-10-03 17:26:16,755 : INFO : EventManager : Event: ======'my_first_shot_default_lit_hit'====== Args={'profile': 'default', 'state': 'lit', 'advancing': False}
2025-10-03 17:26:16,755 : INFO : EventManager : Event: ======'my_first_shot_lit_hit'====== Args={'profile': 'default', 'state': 'lit', 'advancing': False}
2025-10-03 17:26:16,756 : INFO : EventManager : Event: ======'player_score'====== Args={'value': 526, 'prev_value': 426, 'change': 100, 'player_num': 1, 'source': 'base'}
2025-10-03 17:26:16,756 : INFO : EventManager : Event: ======'player_score'====== Args={'value': 568, 'prev_value': 526, 'change': 42, 'player_num': 1, 'source': 'base'}
2025-10-03 17:26:16,878 : INFO : SwitchController : <<<<<<< 's_right_inlane' inactive >>>>>>>
2025-10-03 17:26:17,274 : INFO : SwitchController : <<<<<<< 's_right_inlane' active >>>>>>>
2025-10-03 17:26:17,274 : INFO : EventManager : Event: ======'s_right_inlane_active'====== Args={}
2025-10-03 17:26:17,274 : INFO : EventManager : Event: ======'sw_playfield_active'====== Args={}
2025-10-03 17:26:17,275 : INFO : EventManager : Event: ======'machine_var_audits_switches_s_right_inlane'====== Args={'value': 78, 'prev_value': 77, 'change': 1}
2025-10-03 17:26:17,275 : INFO : EventManager : Event: ======'machine_var_audits_shots_my_first_shot'====== Args={'value': 46, 'prev_value': 45, 'change': 1}
2025-10-03 17:26:17,275 : INFO : EventManager : Event: ======'my_first_shot_hit'====== Args={'profile': 'default', 'state': 'lit', 'advancing': False}
2025-10-03 17:26:17,276 : INFO : EventManager : Event: ======'my_first_shot_default_hit'====== Args={'profile': 'default', 'state': 'lit', 'advancing': False}
2025-10-03 17:26:17,276 : INFO : EventManager : Event: ======'my_first_shot_default_lit_hit'====== Args={'profile': 'default', 'state': 'lit', 'advancing': False}
2025-10-03 17:26:17,276 : INFO : EventManager : Event: ======'my_first_shot_lit_hit'====== Args={'profile': 'default', 'state': 'lit', 'advancing': False}
2025-10-03 17:26:17,276 : INFO : EventManager : Event: ======'player_score'====== Args={'value': 668, 'prev_value': 568, 'change': 100, 'player_num': 1, 'source': 'base'}
2025-10-03 17:26:17,276 : INFO : EventManager : Event: ======'player_score'====== Args={'value': 710, 'prev_value': 668, 'change': 42, 'player_num': 1, 'source': 'base'}
2025-10-03 17:26:17,402 : INFO : SwitchController : <<<<<<< 's_right_inlane' inactive >>>>>>>
2025-10-03 17:26:17,779 : INFO : SwitchController : <<<<<<< 's_right_inlane' active >>>>>>>
2025-10-03 17:26:17,779 : INFO : EventManager : Event: ======'s_right_inlane_active'====== Args={}
2025-10-03 17:26:17,779 : INFO : EventManager : Event: ======'sw_playfield_active'====== Args={}
2025-10-03 17:26:17,780 : INFO : EventManager : Event: ======'machine_var_audits_switches_s_right_inlane'====== Args={'value': 79, 'prev_value': 78, 'change': 1}
2025-10-03 17:26:17,780 : INFO : EventManager : Event: ======'machine_var_audits_shots_my_first_shot'====== Args={'value': 47, 'prev_value': 46, 'change': 1}
2025-10-03 17:26:17,781 : INFO : EventManager : Event: ======'my_first_shot_hit'====== Args={'profile': 'default', 'state': 'lit', 'advancing': False}
2025-10-03 17:26:17,782 : INFO : EventManager : Event: ======'my_first_shot_default_hit'====== Args={'profile': 'default', 'state': 'lit', 'advancing': False}
2025-10-03 17:26:17,782 : INFO : EventManager : Event: ======'my_first_shot_default_lit_hit'====== Args={'profile': 'default', 'state': 'lit', 'advancing': False}
2025-10-03 17:26:17,782 : INFO : EventManager : Event: ======'my_first_shot_lit_hit'====== Args={'profile': 'default', 'state': 'lit', 'advancing': False}
2025-10-03 17:26:17,782 : INFO : EventManager : Event: ======'player_score'====== Args={'value': 810, 'prev_value': 710, 'change': 100, 'player_num': 1, 'source': 'base'}
2025-10-03 17:26:17,783 : INFO : EventManager : Event: ======'player_score'====== Args={'value': 852, 'prev_value': 810, 'change': 42, 'player_num': 1, 'source': 'base'}
2025-10-03 17:26:17,906 : INFO : SwitchController : <<<<<<< 's_right_inlane' inactive >>>>>>>
2025-10-03 17:26:28,738 : INFO : Machine : Shutting down...
2025-10-03 17:26:28,738 : INFO : EventManager : Event: ======'shutdown'====== Args={}
2025-10-03 17:26:28,751 : INFO : EventManager : Event: ======'mode_game_will_stop'====== Args={}
2025-10-03 17:26:28,751 : INFO : EventManager : Event: ======'mode_game_stopping'====== Args={}
2025-10-03 17:26:28,752 : INFO : EventManager : Event: ======'mode_base_will_stop'====== Args={}
2025-10-03 17:26:28,752 : INFO : EventManager : Event: ======'mode_base_stopping'====== Args={}
2025-10-03 17:26:28,753 : INFO : Mode.base : Stopped.
2025-10-03 17:26:28,753 : INFO : EventManager : Event: ======'modes_active_modes_changed'====== Args={}
2025-10-03 17:26:28,753 : INFO : EventManager : Event: ======'mode_base_stopped'====== Args={}
2025-10-03 17:26:28,753 : INFO : EventManager : Event: ======'clear'====== Args={'key': 'base'}
2025-10-03 17:26:28,754 : INFO : Mode.game : Stopped.
2025-10-03 17:26:28,754 : INFO : EventManager : Event: ======'modes_active_modes_changed'====== Args={}
2025-10-03 17:26:28,755 : INFO : EventManager : Event: ======'mode_game_stopped'====== Args={}
2025-10-03 17:26:28,755 : INFO : EventManager : Event: ======'clear'====== Args={'key': 'game'}
2025-10-03 17:26:28,758 : INFO : root : MPF run loop ended.
