2025-10-03 19:04:40,915 : INFO : root : Loading config.
2025-10-03 19:04:40,919 : INFO : YamlMultifileConfigLoader : Machine config file #1: config.yaml
2025-10-03 19:04:40,920 : INFO : ConfigProcessor : Loading config from cache: C:\Users\richa\AppData\Local\Temp\bad76953a596b8c99f832e0e98026c3b.mpf_cache
2025-10-03 19:04:41,001 : INFO : ConfigProcessor : Loading config from cache: C:\Users\richa\AppData\Local\Temp\77a998d318c788df5647a1900cedfc56.mpf_cache
2025-10-03 19:04:41,002 : INFO : ConfigProcessor : Loading config from cache: C:\Users\richa\AppData\Local\Temp\9c8dea79ca4d15ee886340e992e8cb9d.mpf_cache
2025-10-03 19:04:41,003 : INFO : ConfigProcessor : Loading config from cache: C:\Users\richa\AppData\Local\Temp\8ddee2e87a4f178751335e99da00e9c4.mpf_cache
2025-10-03 19:04:41,004 : INFO : ConfigProcessor : Loading config from cache: C:\Users\richa\AppData\Local\Temp\16d594341c3fbe91b1b6d496c05a6fb0.mpf_cache
2025-10-03 19:04:41,004 : WARNING : ConfigProcessor : Config file in cache changed: C:\Users\richa\ttp5\modes\attract\shows\.\attract_light_show.yaml
2025-10-03 19:04:41,004 : INFO : ConfigProcessor : Loading config from file C:\Users\richa\ttp5\modes\attract\shows\.\attract_light_show.yaml.
2025-10-03 19:04:41,014 : INFO : ConfigProcessor : Loading config: C:\Users\richa\ttp5\modes\attract\shows\.\attract_light_show.yaml
2025-10-03 19:04:41,015 : INFO : ConfigProcessor : Config file cache created: C:\Users\richa\AppData\Local\Temp\9ea1b14cb2b1cce5e8bf981a1ff8cfc5.mpf_cache
2025-10-03 19:04:41,015 : INFO : Machine : Mission Pinball Framework Core Engine v0.57.0.dev39
2025-10-03 19:04:41,015 : INFO : Machine : Command line arguments: {'no_load_cache': False, 'create_config_cache': True, 'bcp': True, 'configfile': ['config.yaml'], 'force_assets_load': False, 'jsonlogging': False, 'logfile': 'logs\\2025-10-03-19-04-40-mpf-DESKTOP-RK7BE5M.log', 'pause': False, 'production': False, 'text_ui': True, 'loglevel': 15, 'consoleloglevel': 20, 'force_platform': None, 'syslog_address': None, 'mc_file_name': None, 'no_sound': False}
2025-10-03 19:04:41,016 : INFO : Machine : MPF path: C:\Users\richa\mpfvirtual4\lib\site-packages\mpf
2025-10-03 19:04:41,016 : INFO : Machine : Machine path: C:\Users\richa\ttp5
2025-10-03 19:04:41,016 : INFO : Machine : Platform: win32
2025-10-03 19:04:41,016 : INFO : Machine : Python executable location: C:\Users\richa\mpfvirtual4\Scripts\python.exe
2025-10-03 19:04:41,016 : INFO : Machine : Python version: 3.9.13 (64-bit)
2025-10-03 19:04:41,018 : INFO : Machine : Initializing MPF...
2025-10-03 19:04:41,397 : INFO : EventManager : Event: ======'machine_var_credits_string'====== Args={'value': 'FREE PLAY', 'prev_value': None, 'change': True}
2025-10-03 19:04:41,457 : INFO : EventManager : Event: ======'machine_var_master_volume'====== Args={'value': 0.5, 'prev_value': None, 'change': True}
2025-10-03 19:04:41,457 : INFO : EventManager : Event: ======'machine_var_player1_score'====== Args={'value': 926, 'prev_value': None, 'change': True}
2025-10-03 19:04:41,457 : INFO : EventManager : Event: ======'machine_var_mpf_version'====== Args={'value': 'Mission Pinball Framework v0.57.0.dev39', 'prev_value': None, 'change': True}
2025-10-03 19:04:41,457 : INFO : EventManager : Event: ======'machine_var_mpf_extended_version'====== Args={'value': 'Mission Pinball Framework v0.57.0.dev39, Config version:6, Show version: 6, BCP version:1.1', 'prev_value': None, 'change': True}
2025-10-03 19:04:41,457 : INFO : EventManager : Event: ======'machine_var_python_version'====== Args={'value': '3.9.13', 'prev_value': None, 'change': True}
2025-10-03 19:04:41,467 : INFO : EventManager : Event: ======'machine_var_platform'====== Args={'value': 'Windows-10-10.0.19045-SP0', 'prev_value': None, 'change': True}
2025-10-03 19:04:41,467 : INFO : EventManager : Event: ======'machine_var_platform_system'====== Args={'value': 'Windows', 'prev_value': None, 'change': True}
2025-10-03 19:04:41,467 : INFO : EventManager : Event: ======'machine_var_platform_release'====== Args={'value': '10', 'prev_value': None, 'change': True}
2025-10-03 19:04:41,467 : INFO : EventManager : Event: ======'machine_var_platform_version'====== Args={'value': '10.0.19045', 'prev_value': None, 'change': True}
2025-10-03 19:04:41,467 : INFO : EventManager : Event: ======'machine_var_platform_machine'====== Args={'value': 'AMD64', 'prev_value': None, 'change': True}
2025-10-03 19:04:41,467 : INFO : EventManager : Event: ======'init_phase_1'====== Args={}
2025-10-03 19:04:41,488 : INFO : EventManager : Event: ======'init_phase_2'====== Args={}
2025-10-03 19:04:41,489 : INFO : SwitchController : Found active switch: ('2', <Platform.SmartVirtual>) <switch.s_trough1>
2025-10-03 19:04:41,489 : INFO : SwitchController : Found active switch: ('3', <Platform.SmartVirtual>) <switch.s_trough2>
2025-10-03 19:04:41,489 : INFO : SwitchController : Found active switch: ('4', <Platform.SmartVirtual>) <switch.s_trough3>
2025-10-03 19:04:41,489 : INFO : SwitchController : Found active switch: ('5', <Platform.SmartVirtual>) <switch.s_trough4>
2025-10-03 19:04:41,489 : INFO : SwitchController : Found active switch: ('6', <Platform.SmartVirtual>) <switch.s_trough5>
2025-10-03 19:04:41,489 : INFO : SwitchController : Found active switch: ('7', <Platform.SmartVirtual>) <switch.s_trough6>
2025-10-03 19:04:41,493 : INFO : EventManager : Event: ======'bcp_connection_attempt'====== Args={'name': 'local_display', 'host': 'localhost', 'port': 5050}
2025-10-03 19:04:41,493 : INFO : BCPClientSocket : Connecting BCP to 'local_display' at localhost:5050...
2025-10-03 19:04:43,521 : INFO : BCPClientSocket : Connected BCP to 'local_display' localhost:5050
2025-10-03 19:04:43,523 : INFO : EventManager : Event: ======'bcp_clients_connected'====== Args={}
2025-10-03 19:04:43,846 : INFO : EventManager : Event: ======'machine_var_mc_version'====== Args={'value': 'MPF-MC v0.57.0.dev10', 'prev_value': None, 'change': True}
2025-10-03 19:04:43,846 : INFO : EventManager : Event: ======'machine_var_mc_extended_version'====== Args={'value': 'MPF-MC v0.57.0.dev10 (config_version=6, BCP v1.1,                      Requires MPF API compatibility v0.57.0.dev19 or newer)', 'prev_value': None, 'change': True}
2025-10-03 19:04:43,847 : INFO : ball_device.bd_trough : BCH: Initial count: 6
2025-10-03 19:04:43,904 : INFO : ball_device.bd_trough : State: idle
2025-10-03 19:04:43,904 : INFO : ball_device.bd_plunger : BCH: Initial count: 0
2025-10-03 19:04:43,904 : INFO : ball_device.bd_plunger : State: idle
2025-10-03 19:04:43,923 : INFO : EventManager : Event: ======'init_phase_3'====== Args={}
2025-10-03 19:04:43,926 : INFO : EventManager : Event: ======'init_phase_4'====== Args={}
2025-10-03 19:04:43,927 : INFO : BallController : Initial balls found: 6
2025-10-03 19:04:43,928 : INFO : EventManager : Event: ======'machine_var_audits_events_game_ended'====== Args={'value': 11, 'prev_value': None, 'change': True}
2025-10-03 19:04:43,928 : INFO : EventManager : Event: ======'machine_var_audits_events_game_started'====== Args={'value': 45, 'prev_value': None, 'change': True}
2025-10-03 19:04:43,929 : INFO : EventManager : Event: ======'machine_var_audits_missing_switches_s_left_flipper'====== Args={'value': 8, 'prev_value': None, 'change': True}
2025-10-03 19:04:43,929 : INFO : EventManager : Event: ======'machine_var_audits_missing_switches_s_left_inlane'====== Args={'value': 8, 'prev_value': None, 'change': True}
2025-10-03 19:04:43,929 : INFO : EventManager : Event: ======'machine_var_audits_missing_switches_s_left_outlane'====== Args={'value': 8, 'prev_value': None, 'change': True}
2025-10-03 19:04:43,929 : INFO : EventManager : Event: ======'machine_var_audits_missing_switches_s_right_flipper'====== Args={'value': 8, 'prev_value': None, 'change': True}
2025-10-03 19:04:43,929 : INFO : EventManager : Event: ======'machine_var_audits_missing_switches_s_right_outlane'====== Args={'value': 8, 'prev_value': None, 'change': True}
2025-10-03 19:04:43,929 : INFO : EventManager : Event: ======'machine_var_audits_missing_switches_s_sling_left'====== Args={'value': 12, 'prev_value': None, 'change': True}
2025-10-03 19:04:43,929 : INFO : EventManager : Event: ======'machine_var_audits_missing_switches_s_sling_right'====== Args={'value': 12, 'prev_value': None, 'change': True}
2025-10-03 19:04:43,929 : INFO : EventManager : Event: ======'machine_var_audits_missing_switches_s_start'====== Args={'value': 9, 'prev_value': None, 'change': True}
2025-10-03 19:04:43,930 : INFO : EventManager : Event: ======'machine_var_audits_missing_switches_s_trough2'====== Args={'value': 45, 'prev_value': None, 'change': True}
2025-10-03 19:04:43,930 : INFO : EventManager : Event: ======'machine_var_audits_missing_switches_s_trough3'====== Args={'value': 45, 'prev_value': None, 'change': True}
2025-10-03 19:04:43,930 : INFO : EventManager : Event: ======'machine_var_audits_missing_switches_s_trough4'====== Args={'value': 45, 'prev_value': None, 'change': True}
2025-10-03 19:04:43,930 : INFO : EventManager : Event: ======'machine_var_audits_missing_switches_s_trough5'====== Args={'value': 45, 'prev_value': None, 'change': True}
2025-10-03 19:04:43,930 : INFO : EventManager : Event: ======'machine_var_audits_missing_switches_s_trough6'====== Args={'value': 45, 'prev_value': None, 'change': True}
2025-10-03 19:04:43,930 : INFO : EventManager : Event: ======'machine_var_audits_missing_switches_s_trough_jam'====== Args={'value': 45, 'prev_value': None, 'change': True}
2025-10-03 19:04:43,930 : INFO : EventManager : Event: ======'machine_var_audits_player_score'====== Args={'value': {'average': 10820, 'top': [28284, 25272, 22800, 14636, 13400, 11420, 10700, 8000, 2562, 926], 'total': 13}, 'prev_value': None, 'change': True}
2025-10-03 19:04:43,931 : INFO : EventManager : Event: ======'machine_var_audits_shots_center_rollover_shot'====== Args={'value': 35, 'prev_value': None, 'change': True}
2025-10-03 19:04:43,931 : INFO : EventManager : Event: ======'machine_var_audits_shots_middle_inlane_shot'====== Args={'value': 20, 'prev_value': None, 'change': True}
2025-10-03 19:04:43,931 : INFO : EventManager : Event: ======'machine_var_audits_shots_my_first_shot'====== Args={'value': 74, 'prev_value': None, 'change': True}
2025-10-03 19:04:43,931 : INFO : EventManager : Event: ======'machine_var_audits_shots_top_middle_inlane_shot'====== Args={'value': 41, 'prev_value': None, 'change': True}
2025-10-03 19:04:43,931 : INFO : EventManager : Event: ======'machine_var_audits_switches_s_center_rollover'====== Args={'value': 35, 'prev_value': None, 'change': True}
2025-10-03 19:04:43,931 : INFO : EventManager : Event: ======'machine_var_audits_switches_s_left_flipper'====== Args={'value': 260, 'prev_value': None, 'change': True}
2025-10-03 19:04:43,931 : INFO : EventManager : Event: ======'machine_var_audits_switches_s_left_inlane'====== Args={'value': 7, 'prev_value': None, 'change': True}
2025-10-03 19:04:43,932 : INFO : EventManager : Event: ======'machine_var_audits_switches_s_left_outlane'====== Args={'value': 3, 'prev_value': None, 'change': True}
2025-10-03 19:04:43,932 : INFO : EventManager : Event: ======'machine_var_audits_switches_s_middle_inlane'====== Args={'value': 20, 'prev_value': None, 'change': True}
2025-10-03 19:04:43,932 : INFO : EventManager : Event: ======'machine_var_audits_switches_s_plunger'====== Args={'value': 88, 'prev_value': None, 'change': True}
2025-10-03 19:04:43,932 : INFO : EventManager : Event: ======'machine_var_audits_switches_s_right_flipper'====== Args={'value': 78, 'prev_value': None, 'change': True}
2025-10-03 19:04:43,932 : INFO : EventManager : Event: ======'machine_var_audits_switches_s_right_inlane'====== Args={'value': 106, 'prev_value': None, 'change': True}
2025-10-03 19:04:43,933 : INFO : EventManager : Event: ======'machine_var_audits_switches_s_right_outlane'====== Args={'value': 3, 'prev_value': None, 'change': True}
2025-10-03 19:04:43,933 : INFO : EventManager : Event: ======'machine_var_audits_switches_s_sling_left'====== Args={'value': 2, 'prev_value': None, 'change': True}
2025-10-03 19:04:43,933 : INFO : EventManager : Event: ======'machine_var_audits_switches_s_sling_right'====== Args={'value': 1, 'prev_value': None, 'change': True}
2025-10-03 19:04:43,933 : INFO : EventManager : Event: ======'machine_var_audits_switches_s_start'====== Args={'value': 12, 'prev_value': None, 'change': True}
2025-10-03 19:04:43,934 : INFO : EventManager : Event: ======'machine_var_audits_switches_s_top_middle_inlane'====== Args={'value': 41, 'prev_value': None, 'change': True}
2025-10-03 19:04:43,934 : INFO : EventManager : Event: ======'machine_var_audits_switches_s_trough1'====== Args={'value': 62, 'prev_value': None, 'change': True}
2025-10-03 19:04:43,934 : INFO : EventManager : Event: ======'machine_var_audits_switches_s_trough2'====== Args={'value': 0, 'prev_value': None, 'change': True}
2025-10-03 19:04:43,934 : INFO : EventManager : Event: ======'machine_var_audits_switches_s_trough3'====== Args={'value': 0, 'prev_value': None, 'change': True}
2025-10-03 19:04:43,934 : INFO : EventManager : Event: ======'machine_var_audits_switches_s_trough4'====== Args={'value': 0, 'prev_value': None, 'change': True}
2025-10-03 19:04:43,934 : INFO : EventManager : Event: ======'machine_var_audits_switches_s_trough5'====== Args={'value': 0, 'prev_value': None, 'change': True}
2025-10-03 19:04:43,935 : INFO : EventManager : Event: ======'machine_var_audits_switches_s_trough6'====== Args={'value': 0, 'prev_value': None, 'change': True}
2025-10-03 19:04:43,935 : INFO : EventManager : Event: ======'machine_var_audits_switches_s_trough_jam'====== Args={'value': 0, 'prev_value': None, 'change': True}
2025-10-03 19:04:43,935 : INFO : EventManager : Event: ======'init_phase_5'====== Args={}
2025-10-03 19:04:43,988 : INFO : EventManager : Event: ======'init_done'====== Args={}
2025-10-03 19:04:43,988 : INFO : EventManager : Event: ======'machine_reset_phase_1'====== Args={}
2025-10-03 19:04:43,995 : INFO : EventManager : Event: ======'machine_reset_phase_2'====== Args={}
2025-10-03 19:04:43,996 : INFO : EventManager : Event: ======'machine_reset_phase_3'====== Args={}
2025-10-03 19:04:43,996 : INFO : EventManager : Event: ======'reset_complete'====== Args={}
2025-10-03 19:04:43,996 : INFO : EventManager : Event: ======'mode_attract_will_start'====== Args={}
2025-10-03 19:04:43,996 : INFO : EventManager : Event: ======'mode_attract_starting'====== Args={}
2025-10-03 19:04:43,996 : INFO : Mode.attract : Started. Priority: 10
2025-10-03 19:04:43,996 : INFO : EventManager : Event: ======'modes_active_modes_changed'====== Args={}
2025-10-03 19:04:43,997 : INFO : EventManager : Event: ======'mode_attract_started'====== Args={}
2025-10-03 19:04:43,997 : INFO : EventManager : Event: ======'collecting_balls_complete'====== Args={}
2025-10-03 19:04:44,044 : INFO : EventManager : Event: ======'slide_awesome_slide_created'====== Args={'_from_bcp': True}
2025-10-03 19:04:44,044 : INFO : EventManager : Event: ======'slide_awesome_slide_active'====== Args={'_from_bcp': True}
2025-10-03 19:04:44,045 : INFO : BcpServer : New client connected.
2025-10-03 19:04:44,045 : INFO : Machine : Starting the main run loop.
2025-10-03 19:04:47,017 : INFO : EventManager : Event: ======'slide_press_start_created'====== Args={'_from_bcp': True}
2025-10-03 19:04:47,020 : INFO : EventManager : Event: ======'slide_press_start_active'====== Args={'_from_bcp': True}
2025-10-03 19:04:50,012 : INFO : EventManager : Event: ======'slide_mission_pinball_created'====== Args={'_from_bcp': True}
2025-10-03 19:04:50,012 : INFO : EventManager : Event: ======'slide_mission_pinball_active'====== Args={'_from_bcp': True}
2025-10-03 19:04:53,016 : INFO : EventManager : Event: ======'slide_last_game_score_slide_created'====== Args={'_from_bcp': True}
2025-10-03 19:04:53,016 : INFO : EventManager : Event: ======'slide_last_game_score_slide_active'====== Args={'_from_bcp': True}
2025-10-03 19:04:56,006 : INFO : EventManager : Event: ======'slide_awesome_slide_removed'====== Args={'_from_bcp': True}
2025-10-03 19:04:56,007 : INFO : EventManager : Event: ======'slide_awesome_slide_created'====== Args={'_from_bcp': True}
2025-10-03 19:04:56,007 : INFO : EventManager : Event: ======'slide_awesome_slide_active'====== Args={'_from_bcp': True}
2025-10-03 19:04:58,158 : INFO : SwitchController : <<<<<<< 's_start' active >>>>>>>
2025-10-03 19:04:58,246 : INFO : SwitchController : <<<<<<< 's_start' inactive >>>>>>>
2025-10-03 19:04:58,246 : INFO : EventManager : Event: ======'request_to_start_game'====== Args={}
2025-10-03 19:04:58,246 : INFO : EventManager : Event: ======'game_start'====== Args={'buttons': [], 'hold_time': 0.09399999999732245}
2025-10-03 19:04:58,247 : INFO : EventManager : Event: ======'mode_game_will_start'====== Args={'buttons': [], 'hold_time': 0.09399999999732245}
2025-10-03 19:04:58,247 : INFO : EventManager : Event: ======'mode_game_starting'====== Args={'buttons': [], 'hold_time': 0.09399999999732245}
2025-10-03 19:04:58,247 : INFO : EventManager : Event: ======'mode_attract_will_stop'====== Args={}
2025-10-03 19:04:58,247 : INFO : EventManager : Event: ======'mode_attract_stopping'====== Args={}
2025-10-03 19:04:58,248 : INFO : Mode.attract : Stopped.
2025-10-03 19:04:58,248 : INFO : EventManager : Event: ======'modes_active_modes_changed'====== Args={}
2025-10-03 19:04:58,248 : INFO : EventManager : Event: ======'mode_attract_stopped'====== Args={}
2025-10-03 19:04:58,248 : INFO : EventManager : Event: ======'clear'====== Args={'key': 'attract'}
2025-10-03 19:04:58,248 : INFO : Mode.game : Started. Priority: 20
2025-10-03 19:04:58,249 : INFO : EventManager : Event: ======'modes_active_modes_changed'====== Args={}
2025-10-03 19:04:58,249 : INFO : EventManager : Event: ======'mode_game_started'====== Args={'buttons': [], 'hold_time': 0.09399999999732245}
2025-10-03 19:04:58,258 : INFO : EventManager : Event: ======'game_will_start'====== Args={}
2025-10-03 19:04:58,259 : INFO : EventManager : Event: ======'game_starting'====== Args={'game': <Mode.game>}
2025-10-03 19:04:58,260 : INFO : EventManager : Unordered handler for class <Auditor> on event game_ended with priority 1. Handlers: [RegisteredHandler(callback=<bound method Auditor.disable of <Auditor>>, priority=1, kwargs={}, key=UUID('cd24a33b-405a-4f68-b7e3-846422ec7144'), condition=None, blocking_facility=None), RegisteredHandler(callback=<bound method Auditor._save_audits of <Auditor>>, priority=1, kwargs={}, key=UUID('0c1ad51e-f0a6-4368-8146-c8c926d31c21'), condition=None, blocking_facility=None)]. The order of those handlers is not defined and they will be executed in random order. This might lead to race conditions and potential bugs.
2025-10-03 19:04:58,260 : INFO : EventManager : Event: ======'player_add_request'====== Args={}
2025-10-03 19:04:58,260 : INFO : EventManager : Event: ======'player_will_add'====== Args={'number': 1}
2025-10-03 19:04:58,261 : INFO : EventManager : Event: ======'player_adding'====== Args={'player': <Player 1>, 'number': 1}
2025-10-03 19:04:58,261 : INFO : EventManager : Event: ======'player_added'====== Args={'player': <Player 1>, 'num': 1}
2025-10-03 19:04:58,261 : INFO : Mode.game : Player added successfully. Total players: 1
2025-10-03 19:04:58,261 : INFO : EventManager : Event: ======'player_index'====== Args={'value': 0, 'prev_value': 0, 'change': 0, 'player_num': 1}
2025-10-03 19:04:58,261 : INFO : EventManager : Event: ======'player_number'====== Args={'value': 1, 'prev_value': 1, 'change': 0, 'player_num': 1}
2025-10-03 19:04:58,261 : INFO : EventManager : Event: ======'player_score'====== Args={'value': 0, 'prev_value': 0, 'change': 0, 'player_num': 1}
2025-10-03 19:04:58,262 : INFO : EventManager : Event: ======'game_started'====== Args={}
2025-10-03 19:04:58,276 : INFO : EventManager : Event: ======'player_turn_will_start'====== Args={'player': <Player 1>, 'number': 1}
2025-10-03 19:04:58,276 : INFO : EventManager : Event: ======'slide_press_start_removed'====== Args={'_from_bcp': True}
2025-10-03 19:04:58,277 : INFO : EventManager : Event: ======'slide_mission_pinball_removed'====== Args={'_from_bcp': True}
2025-10-03 19:04:58,277 : INFO : EventManager : Event: ======'slide_last_game_score_slide_removed'====== Args={'_from_bcp': True}
2025-10-03 19:04:58,277 : INFO : EventManager : Event: ======'slide_awesome_slide_removed'====== Args={'_from_bcp': True}
2025-10-03 19:04:58,278 : INFO : EventManager : Event: ======'slide_window_blank_active'====== Args={'_from_bcp': True}
2025-10-03 19:04:58,278 : INFO : EventManager : Event: ======'player_turn_starting'====== Args={'player': <Player 1>, 'number': 1}
2025-10-03 19:04:58,278 : INFO : EventManager : Event: ======'player_ball'====== Args={'value': 1, 'prev_value': 0, 'change': 1, 'player_num': 1}
2025-10-03 19:04:58,279 : INFO : EventManager : Event: ======'player_turn_started'====== Args={'player': <Player 1>, 'number': 1}
2025-10-03 19:04:58,279 : INFO : EventManager : Event: ======'ball_will_start'====== Args={'player': 1, 'ball': 1, 'balls_remaining': 2, 'is_extra_ball': False}
2025-10-03 19:04:58,282 : INFO : EventManager : Event: ======'ball_starting'====== Args={'player': 1, 'ball': 1, 'balls_remaining': 2, 'is_extra_ball': False}
2025-10-03 19:04:58,285 : INFO : EventManager : Event: ======'balls_in_play'====== Args={'balls': 1}
2025-10-03 19:04:58,286 : INFO : EventManager : Event: ======'ball_started'====== Args={'player': 1, 'ball': 1, 'balls_remaining': 2, 'is_extra_ball': False}
2025-10-03 19:04:58,286 : INFO : EventManager : Event: ======'mode_base_will_start'====== Args={'player': 1, 'ball': 1, 'balls_remaining': 2, 'is_extra_ball': False}
2025-10-03 19:04:58,286 : INFO : EventManager : Event: ======'player_shot_my_first_shot_enabled'====== Args={'value': True, 'prev_value': 0, 'change': 1, 'player_num': 1}
2025-10-03 19:04:58,287 : INFO : EventManager : Event: ======'player_shot_center_rollover_shot_enabled'====== Args={'value': True, 'prev_value': 0, 'change': 1, 'player_num': 1}
2025-10-03 19:04:58,287 : INFO : EventManager : Event: ======'mode_base_starting'====== Args={'player': 1, 'ball': 1, 'balls_remaining': 2, 'is_extra_ball': False}
2025-10-03 19:04:58,288 : INFO : Mode.base : Started. Priority: 100
2025-10-03 19:04:58,288 : INFO : EventManager : Event: ======'modes_active_modes_changed'====== Args={}
2025-10-03 19:04:58,288 : INFO : EventManager : Event: ======'mode_base_started'====== Args={'player': 1, 'ball': 1, 'balls_remaining': 2, 'is_extra_ball': False}
2025-10-03 19:04:58,289 : INFO : EventManager : Event: ======'single_player_ball_started'====== Args={}
2025-10-03 19:04:58,328 : INFO : EventManager : Event: ======'ball_start_target'====== Args={'target': 'playfield'}
2025-10-03 19:04:58,329 : INFO : EventManager : Event: ======'slide_base.slide_player-mode_base_started_created'====== Args={'_from_bcp': True}
2025-10-03 19:04:58,329 : INFO : EventManager : Event: ======'slide_base.slide_player-mode_base_started_active'====== Args={'_from_bcp': True}
2025-10-03 19:04:58,329 : INFO : ball_device.bd_plunger : Setting up player-controlled eject. Balls: 1, Target: <playfield.playfield>, player_controlled_eject_event: None
2025-10-03 19:04:58,330 : INFO : EventManager : Event: ======'balldevice_balls_available'====== Args={}
2025-10-03 19:04:58,330 : INFO : ball_device.bd_trough : State: waiting_for_target_ready
2025-10-03 19:04:58,331 : INFO : EventManager : Event: ======'balldevice_bd_trough_ball_eject_attempt'====== Args={'balls': 1, 'target': <ball_device.bd_plunger>, 'source': <ball_device.bd_trough>, 'mechanical_eject': True, 'num_attempts': 0}
2025-10-03 19:04:58,331 : INFO : ball_device.bd_plunger : State: waiting_for_ball
2025-10-03 19:04:58,331 : INFO : ball_device.bd_trough : State: ejecting
2025-10-03 19:04:58,331 : INFO : ball_device.bd_trough : Ejecting ball to <ball_device.bd_plunger>
2025-10-03 19:04:58,331 : INFO : EventManager : Event: ======'balldevice_bd_trough_ejecting_ball'====== Args={'balls': 1, 'target': <ball_device.bd_plunger>, 'source': <ball_device.bd_trough>, 'mechanical_eject': True, 'num_attempts': 0}
2025-10-03 19:04:58,332 : INFO : ball_device.bd_trough : Wait for ball to leave device
2025-10-03 19:04:58,332 : INFO : coil.c_trough_eject : Pulsing Driver for 20ms (1.0 pulse_power)
2025-10-03 19:04:58,332 : INFO : SwitchController : <<<<<<< 's_trough1' inactive >>>>>>>
2025-10-03 19:04:58,336 : INFO : ball_device.bd_trough : State: ball_left
2025-10-03 19:04:58,336 : INFO : ball_device.bd_trough : Ball left
2025-10-03 19:04:58,336 : INFO : ball_device.bd_trough : Wait for confirm with timeout 3.0
2025-10-03 19:04:58,444 : INFO : SwitchController : <<<<<<< 's_plunger' active >>>>>>>
2025-10-03 19:04:58,444 : INFO : EventManager : Event: ======'machine_var_audits_switches_s_plunger'====== Args={'value': 89, 'prev_value': 88, 'change': 1}
2025-10-03 19:04:58,946 : INFO : ball_device.bd_plunger : Received ball from <ball_device.bd_trough>
2025-10-03 19:04:58,946 : INFO : EventManager : Event: ======'balldevice_bd_plunger_ball_enter'====== Args={'new_balls': 1, 'unclaimed_balls': 0, 'new_available_balls': 0, 'device': <ball_device.bd_plunger>}
2025-10-03 19:04:58,948 : INFO : EventManager : Event: ======'balldevice_bd_plunger_ball_entered'====== Args={'new_balls': 0, 'device': <ball_device.bd_plunger>}
2025-10-03 19:04:58,949 : INFO : EventManager : Event: ======'balldevice_bd_plunger_ball_count_changed'====== Args={'balls': 1}
2025-10-03 19:04:58,949 : INFO : ball_device.bd_trough : Got eject confirm
2025-10-03 19:04:58,949 : INFO : ball_device.bd_trough : Eject successful
2025-10-03 19:04:58,949 : INFO : EventManager : Event: ======'balldevice_bd_trough_ball_eject_success'====== Args={'balls': 1, 'target': <ball_device.bd_plunger>}
2025-10-03 19:04:58,950 : INFO : EventManager : Event: ======'balldevice_bd_trough_ball_count_changed'====== Args={'balls': 5}
2025-10-03 19:04:58,951 : INFO : ball_device.bd_trough : State: idle
2025-10-03 19:04:58,952 : INFO : ball_device.bd_plunger : State: waiting_for_target_ready
2025-10-03 19:04:58,952 : INFO : EventManager : Event: ======'balldevice_bd_plunger_ball_eject_attempt'====== Args={'balls': 1, 'target': <playfield.playfield>, 'source': <ball_device.bd_plunger>, 'mechanical_eject': True, 'num_attempts': 0}
2025-10-03 19:04:58,953 : INFO : ball_device.bd_plunger : State: ejecting
2025-10-03 19:04:58,953 : INFO : ball_device.bd_plunger : Ejecting ball to <playfield.playfield>
2025-10-03 19:04:58,954 : INFO : EventManager : Event: ======'balldevice_bd_plunger_ejecting_ball'====== Args={'balls': 1, 'target': <playfield.playfield>, 'source': <ball_device.bd_plunger>, 'mechanical_eject': True, 'num_attempts': 0}
2025-10-03 19:04:58,956 : INFO : ball_device.bd_plunger : Wait for ball to leave device
2025-10-03 19:05:00,618 : WARNING : SwitchController : Received duplicate switch state 1 for switch s_plunger from the platform interface. Log Code: Log-SwitchController-1 (https://missionpinball.org/logs)
2025-10-03 19:05:00,734 : INFO : SwitchController : <<<<<<< 's_plunger' inactive >>>>>>>
2025-10-03 19:05:00,751 : INFO : ball_device.bd_plunger : State: ball_left
2025-10-03 19:05:00,752 : INFO : ball_device.bd_plunger : Ball left
2025-10-03 19:05:00,752 : INFO : ball_device.bd_plunger : Wait for confirm with timeout 5.0
2025-10-03 19:05:02,090 : INFO : SwitchController : <<<<<<< 's_right_inlane' active >>>>>>>
2025-10-03 19:05:02,090 : INFO : EventManager : Event: ======'playfield_active'====== Args={}
2025-10-03 19:05:02,090 : INFO : EventManager : Event: ======'s_right_inlane_active'====== Args={}
2025-10-03 19:05:02,090 : INFO : EventManager : Event: ======'sw_playfield_active'====== Args={}
2025-10-03 19:05:02,091 : INFO : EventManager : Event: ======'machine_var_audits_switches_s_right_inlane'====== Args={'value': 107, 'prev_value': 106, 'change': 1}
2025-10-03 19:05:02,092 : INFO : EventManager : Event: ======'player_shot_my_first_shot'====== Args={'value': 1, 'prev_value': 0, 'change': 1, 'player_num': 1}
2025-10-03 19:05:02,092 : INFO : EventManager : Event: ======'machine_var_audits_shots_my_first_shot'====== Args={'value': 75, 'prev_value': 74, 'change': 1}
2025-10-03 19:05:02,093 : INFO : EventManager : Event: ======'my_first_shot_hit'====== Args={'profile': 'default', 'state': 'unlit', 'advancing': True}
2025-10-03 19:05:02,093 : INFO : EventManager : Event: ======'my_first_shot_default_hit'====== Args={'profile': 'default', 'state': 'unlit', 'advancing': True}
2025-10-03 19:05:02,093 : INFO : EventManager : Event: ======'my_first_shot_default_unlit_hit'====== Args={'profile': 'default', 'state': 'unlit', 'advancing': True}
2025-10-03 19:05:02,093 : INFO : EventManager : Event: ======'my_first_shot_unlit_hit'====== Args={'profile': 'default', 'state': 'unlit', 'advancing': True}
2025-10-03 19:05:02,093 : INFO : EventManager : Event: ======'player_score'====== Args={'value': 100, 'prev_value': 0, 'change': 100, 'player_num': 1, 'source': 'base'}
2025-10-03 19:05:02,094 : INFO : EventManager : Event: ======'player_score'====== Args={'value': 142, 'prev_value': 100, 'change': 42, 'player_num': 1, 'source': 'base'}
2025-10-03 19:05:02,094 : INFO : EventManager : Event: ======'playfield_active'====== Args={}
2025-10-03 19:05:02,111 : INFO : ball_device.bd_plunger : Got eject confirm
2025-10-03 19:05:02,112 : INFO : ball_device.bd_plunger : Eject successful
2025-10-03 19:05:02,112 : INFO : EventManager : Event: ======'balldevice_bd_plunger_ball_eject_success'====== Args={'balls': 1, 'target': <playfield.playfield>}
2025-10-03 19:05:02,112 : INFO : EventManager : Event: ======'balldevice_playfield_ball_enter'====== Args={'new_balls': 1, 'unclaimed_balls': 1, 'device': <playfield.playfield>}
2025-10-03 19:05:02,112 : INFO : EventManager : Event: ======'playfield_ball_count_change'====== Args={'balls': 1, 'change': 1}
2025-10-03 19:05:02,113 : INFO : EventManager : Event: ======'balldevice_bd_plunger_ball_count_changed'====== Args={'balls': 0}
2025-10-03 19:05:02,113 : INFO : ball_device.bd_plunger : State: idle
2025-10-03 19:05:04,129 : INFO : SwitchController : <<<<<<< 's_left_flipper' active >>>>>>>
2025-10-03 19:05:04,129 : INFO : EventManager : Event: ======'s_left_flipper_active'====== Args={}
2025-10-03 19:05:04,129 : INFO : EventManager : Event: ======'machine_var_audits_switches_s_left_flipper'====== Args={'value': 261, 'prev_value': 260, 'change': 1}
2025-10-03 19:05:04,131 : INFO : EventManager : Event: ======'player_score'====== Args={'value': 1142, 'prev_value': 142, 'change': 1000, 'player_num': 1, 'source': 'base'}
2025-10-03 19:05:04,132 : INFO : EventManager : Event: ======'player_potato'====== Args={'value': 1, 'prev_value': 0, 'change': 1, 'player_num': 1, 'source': 'base'}
2025-10-03 19:05:04,205 : INFO : SwitchController : <<<<<<< 's_left_flipper' inactive >>>>>>>
2025-10-03 19:05:04,293 : INFO : SwitchController : <<<<<<< 's_left_flipper' active >>>>>>>
2025-10-03 19:05:04,294 : INFO : EventManager : Event: ======'s_left_flipper_active'====== Args={}
2025-10-03 19:05:04,294 : INFO : EventManager : Event: ======'machine_var_audits_switches_s_left_flipper'====== Args={'value': 262, 'prev_value': 261, 'change': 1}
2025-10-03 19:05:04,295 : INFO : EventManager : Event: ======'player_score'====== Args={'value': 2142, 'prev_value': 1142, 'change': 1000, 'player_num': 1, 'source': 'base'}
2025-10-03 19:05:04,295 : INFO : EventManager : Event: ======'player_potato'====== Args={'value': 2, 'prev_value': 1, 'change': 1, 'player_num': 1, 'source': 'base'}
2025-10-03 19:05:04,355 : INFO : SwitchController : <<<<<<< 's_left_flipper' inactive >>>>>>>
2025-10-03 19:05:04,420 : INFO : SwitchController : <<<<<<< 's_left_flipper' active >>>>>>>
2025-10-03 19:05:04,421 : INFO : EventManager : Event: ======'s_left_flipper_active'====== Args={}
2025-10-03 19:05:04,421 : INFO : EventManager : Event: ======'machine_var_audits_switches_s_left_flipper'====== Args={'value': 263, 'prev_value': 262, 'change': 1}
2025-10-03 19:05:04,423 : INFO : EventManager : Event: ======'player_score'====== Args={'value': 3142, 'prev_value': 2142, 'change': 1000, 'player_num': 1, 'source': 'base'}
2025-10-03 19:05:04,424 : INFO : EventManager : Event: ======'player_potato'====== Args={'value': 3, 'prev_value': 2, 'change': 1, 'player_num': 1, 'source': 'base'}
2025-10-03 19:05:04,458 : INFO : SwitchController : <<<<<<< 's_left_flipper' inactive >>>>>>>
2025-10-03 19:05:04,559 : INFO : SwitchController : <<<<<<< 's_left_flipper' active >>>>>>>
2025-10-03 19:05:04,559 : INFO : EventManager : Event: ======'s_left_flipper_active'====== Args={}
2025-10-03 19:05:04,560 : INFO : EventManager : Event: ======'machine_var_audits_switches_s_left_flipper'====== Args={'value': 264, 'prev_value': 263, 'change': 1}
2025-10-03 19:05:04,561 : INFO : EventManager : Event: ======'player_score'====== Args={'value': 4142, 'prev_value': 3142, 'change': 1000, 'player_num': 1, 'source': 'base'}
2025-10-03 19:05:04,561 : INFO : EventManager : Event: ======'player_potato'====== Args={'value': 4, 'prev_value': 3, 'change': 1, 'player_num': 1, 'source': 'base'}
2025-10-03 19:05:04,622 : INFO : SwitchController : <<<<<<< 's_left_flipper' inactive >>>>>>>
2025-10-03 19:05:04,724 : INFO : SwitchController : <<<<<<< 's_left_flipper' active >>>>>>>
2025-10-03 19:05:04,725 : INFO : EventManager : Event: ======'s_left_flipper_active'====== Args={}
2025-10-03 19:05:04,725 : INFO : EventManager : Event: ======'machine_var_audits_switches_s_left_flipper'====== Args={'value': 265, 'prev_value': 264, 'change': 1}
2025-10-03 19:05:04,726 : INFO : EventManager : Event: ======'player_score'====== Args={'value': 5142, 'prev_value': 4142, 'change': 1000, 'player_num': 1, 'source': 'base'}
2025-10-03 19:05:04,726 : INFO : EventManager : Event: ======'player_potato'====== Args={'value': 5, 'prev_value': 4, 'change': 1, 'player_num': 1, 'source': 'base'}
2025-10-03 19:05:04,826 : INFO : SwitchController : <<<<<<< 's_left_flipper' inactive >>>>>>>
2025-10-03 19:05:05,781 : INFO : SwitchController : <<<<<<< 's_trough1' active >>>>>>>
2025-10-03 19:05:05,781 : INFO : EventManager : Event: ======'machine_var_audits_switches_s_trough1'====== Args={'value': 63, 'prev_value': 62, 'change': 1}
2025-10-03 19:05:06,277 : INFO : EventManager : Event: ======'balldevice_bd_trough_ball_count_changed'====== Args={'balls': 6}
2025-10-03 19:05:06,277 : INFO : ball_device.bd_trough : Received unexpected ball
2025-10-03 19:05:06,277 : INFO : EventManager : Event: ======'balldevice_captured_from_playfield'====== Args={'balls': 1}
2025-10-03 19:05:06,278 : INFO : EventManager : Event: ======'sw_playfield_active'====== Args={'balls': 1}
2025-10-03 19:05:06,278 : INFO : EventManager : Event: ======'playfield_ball_count_change'====== Args={'balls': 0, 'change': -1}
2025-10-03 19:05:06,279 : INFO : EventManager : Event: ======'balldevice_bd_trough_ball_enter'====== Args={'new_balls': 1, 'unclaimed_balls': 1, 'new_available_balls': 1, 'device': <ball_device.bd_trough>}
2025-10-03 19:05:06,279 : INFO : EventManager : Event: ======'ball_drain'====== Args={'device': <ball_device.bd_trough>, 'balls': 1}
2025-10-03 19:05:06,279 : INFO : EventManager : Event: ======'ball_will_end'====== Args={}
2025-10-03 19:05:06,280 : INFO : EventManager : Event: ======'balldevice_balls_available'====== Args={}
2025-10-03 19:05:06,280 : INFO : EventManager : Event: ======'balldevice_bd_trough_ball_entered'====== Args={'new_balls': 1, 'device': <ball_device.bd_trough>}
2025-10-03 19:05:06,281 : INFO : EventManager : Event: ======'ball_ending'====== Args={}
2025-10-03 19:05:06,281 : INFO : EventManager : Event: ======'mode_base_will_stop'====== Args={}
2025-10-03 19:05:06,281 : INFO : EventManager : Event: ======'mode_base_stopping'====== Args={}
2025-10-03 19:05:06,281 : INFO : Mode.base : Stopped.
2025-10-03 19:05:06,282 : INFO : EventManager : Event: ======'modes_active_modes_changed'====== Args={}
2025-10-03 19:05:06,282 : INFO : EventManager : Event: ======'mode_base_stopped'====== Args={}
2025-10-03 19:05:06,282 : INFO : EventManager : Event: ======'clear'====== Args={'key': 'base'}
2025-10-03 19:05:06,323 : INFO : EventManager : Event: ======'ball_ended'====== Args={}
2025-10-03 19:05:06,324 : INFO : EventManager : Event: ======'slide_base.slide_player-mode_base_started_removed'====== Args={'_from_bcp': True}
2025-10-03 19:05:06,324 : INFO : EventManager : Event: ======'slide_window_blank_active'====== Args={'_from_bcp': True}
2025-10-03 19:05:06,324 : INFO : EventManager : Event: ======'player_turn_will_end'====== Args={'player': <Player 1>, 'number': 1}
2025-10-03 19:05:06,328 : INFO : EventManager : Event: ======'player_turn_ending'====== Args={'player': <Player 1>, 'number': 1}
2025-10-03 19:05:06,329 : INFO : EventManager : Event: ======'player_turn_ended'====== Args={'player': <Player 1>, 'number': 1}
2025-10-03 19:05:06,330 : INFO : EventManager : Event: ======'player_turn_will_start'====== Args={'player': <Player 1>, 'number': 1}
2025-10-03 19:05:06,330 : INFO : EventManager : Event: ======'player_turn_starting'====== Args={'player': <Player 1>, 'number': 1}
2025-10-03 19:05:06,331 : INFO : EventManager : Event: ======'player_ball'====== Args={'value': 2, 'prev_value': 1, 'change': 1, 'player_num': 1}
2025-10-03 19:05:06,331 : INFO : EventManager : Event: ======'player_turn_started'====== Args={'player': <Player 1>, 'number': 1}
2025-10-03 19:05:06,332 : INFO : EventManager : Event: ======'ball_will_start'====== Args={'player': 1, 'ball': 2, 'balls_remaining': 1, 'is_extra_ball': False}
2025-10-03 19:05:06,335 : INFO : EventManager : Event: ======'ball_starting'====== Args={'player': 1, 'ball': 2, 'balls_remaining': 1, 'is_extra_ball': False}
2025-10-03 19:05:06,336 : INFO : EventManager : Event: ======'balls_in_play'====== Args={'balls': 1}
2025-10-03 19:05:06,336 : INFO : EventManager : Event: ======'ball_started'====== Args={'player': 1, 'ball': 2, 'balls_remaining': 1, 'is_extra_ball': False}
2025-10-03 19:05:06,336 : INFO : EventManager : Event: ======'mode_base_will_start'====== Args={'player': 1, 'ball': 2, 'balls_remaining': 1, 'is_extra_ball': False}
2025-10-03 19:05:06,337 : INFO : EventManager : Event: ======'mode_base_starting'====== Args={'player': 1, 'ball': 2, 'balls_remaining': 1, 'is_extra_ball': False}
2025-10-03 19:05:06,338 : INFO : Mode.base : Started. Priority: 100
2025-10-03 19:05:06,338 : INFO : EventManager : Event: ======'modes_active_modes_changed'====== Args={}
2025-10-03 19:05:06,338 : INFO : EventManager : Event: ======'mode_base_started'====== Args={'player': 1, 'ball': 2, 'balls_remaining': 1, 'is_extra_ball': False}
2025-10-03 19:05:06,339 : INFO : EventManager : Event: ======'single_player_ball_started'====== Args={}
2025-10-03 19:05:06,377 : INFO : EventManager : Event: ======'ball_start_target'====== Args={'target': 'playfield'}
2025-10-03 19:05:06,378 : INFO : EventManager : Event: ======'slide_base.slide_player-mode_base_started_created'====== Args={'_from_bcp': True}
2025-10-03 19:05:06,378 : INFO : EventManager : Event: ======'slide_base.slide_player-mode_base_started_active'====== Args={'_from_bcp': True}
2025-10-03 19:05:06,379 : INFO : ball_device.bd_plunger : Setting up player-controlled eject. Balls: 1, Target: <playfield.playfield>, player_controlled_eject_event: None
2025-10-03 19:05:06,379 : INFO : EventManager : Event: ======'balldevice_balls_available'====== Args={}
2025-10-03 19:05:06,380 : INFO : ball_device.bd_trough : State: waiting_for_target_ready
2025-10-03 19:05:06,380 : INFO : EventManager : Event: ======'balldevice_bd_trough_ball_eject_attempt'====== Args={'balls': 1, 'target': <ball_device.bd_plunger>, 'source': <ball_device.bd_trough>, 'mechanical_eject': True, 'num_attempts': 0}
2025-10-03 19:05:06,380 : INFO : ball_device.bd_plunger : State: waiting_for_ball
2025-10-03 19:05:06,380 : INFO : ball_device.bd_trough : State: ejecting
2025-10-03 19:05:06,381 : INFO : ball_device.bd_trough : Ejecting ball to <ball_device.bd_plunger>
2025-10-03 19:05:06,381 : INFO : EventManager : Event: ======'balldevice_bd_trough_ejecting_ball'====== Args={'balls': 1, 'target': <ball_device.bd_plunger>, 'source': <ball_device.bd_trough>, 'mechanical_eject': True, 'num_attempts': 0}
2025-10-03 19:05:06,381 : INFO : ball_device.bd_trough : Wait for ball to leave device
2025-10-03 19:05:06,382 : INFO : coil.c_trough_eject : Pulsing Driver for 20ms (1.0 pulse_power)
2025-10-03 19:05:06,382 : INFO : SwitchController : <<<<<<< 's_trough1' inactive >>>>>>>
2025-10-03 19:05:06,386 : INFO : ball_device.bd_trough : State: ball_left
2025-10-03 19:05:06,386 : INFO : ball_device.bd_trough : Ball left
2025-10-03 19:05:06,386 : INFO : ball_device.bd_trough : Wait for confirm with timeout 3.0
2025-10-03 19:05:06,472 : INFO : SwitchController : <<<<<<< 's_plunger' active >>>>>>>
2025-10-03 19:05:06,472 : INFO : EventManager : Event: ======'machine_var_audits_switches_s_plunger'====== Args={'value': 90, 'prev_value': 89, 'change': 1}
2025-10-03 19:05:06,977 : INFO : ball_device.bd_plunger : Received ball from <ball_device.bd_trough>
2025-10-03 19:05:06,977 : INFO : EventManager : Event: ======'balldevice_bd_plunger_ball_enter'====== Args={'new_balls': 1, 'unclaimed_balls': 0, 'new_available_balls': 0, 'device': <ball_device.bd_plunger>}
2025-10-03 19:05:06,979 : INFO : EventManager : Event: ======'balldevice_bd_plunger_ball_entered'====== Args={'new_balls': 0, 'device': <ball_device.bd_plunger>}
2025-10-03 19:05:06,980 : INFO : EventManager : Event: ======'balldevice_bd_plunger_ball_count_changed'====== Args={'balls': 1}
2025-10-03 19:05:06,981 : INFO : ball_device.bd_trough : Got eject confirm
2025-10-03 19:05:06,981 : INFO : ball_device.bd_trough : Eject successful
2025-10-03 19:05:06,981 : INFO : EventManager : Event: ======'balldevice_bd_trough_ball_eject_success'====== Args={'balls': 1, 'target': <ball_device.bd_plunger>}
2025-10-03 19:05:06,982 : INFO : EventManager : Event: ======'balldevice_bd_trough_ball_count_changed'====== Args={'balls': 5}
2025-10-03 19:05:06,983 : INFO : ball_device.bd_trough : State: idle
2025-10-03 19:05:06,984 : INFO : ball_device.bd_plunger : State: waiting_for_target_ready
2025-10-03 19:05:06,984 : INFO : EventManager : Event: ======'balldevice_bd_plunger_ball_eject_attempt'====== Args={'balls': 1, 'target': <playfield.playfield>, 'source': <ball_device.bd_plunger>, 'mechanical_eject': True, 'num_attempts': 0}
2025-10-03 19:05:06,986 : INFO : ball_device.bd_plunger : State: ejecting
2025-10-03 19:05:06,986 : INFO : ball_device.bd_plunger : Ejecting ball to <playfield.playfield>
2025-10-03 19:05:06,986 : INFO : EventManager : Event: ======'balldevice_bd_plunger_ejecting_ball'====== Args={'balls': 1, 'target': <playfield.playfield>, 'source': <ball_device.bd_plunger>, 'mechanical_eject': True, 'num_attempts': 0}
2025-10-03 19:05:06,989 : INFO : ball_device.bd_plunger : Wait for ball to leave device
2025-10-03 19:05:08,459 : INFO : Machine : Shutting down...
2025-10-03 19:05:08,459 : INFO : EventManager : Event: ======'shutdown'====== Args={}
2025-10-03 19:05:08,461 : INFO : EventManager : Event: ======'mode_game_will_stop'====== Args={}
2025-10-03 19:05:08,462 : INFO : EventManager : Event: ======'mode_game_stopping'====== Args={}
2025-10-03 19:05:08,462 : INFO : EventManager : Event: ======'mode_base_will_stop'====== Args={}
2025-10-03 19:05:08,462 : INFO : EventManager : Event: ======'mode_base_stopping'====== Args={}
2025-10-03 19:05:08,463 : INFO : Mode.base : Stopped.
2025-10-03 19:05:08,463 : INFO : EventManager : Event: ======'modes_active_modes_changed'====== Args={}
2025-10-03 19:05:08,463 : INFO : EventManager : Event: ======'mode_base_stopped'====== Args={}
2025-10-03 19:05:08,463 : INFO : EventManager : Event: ======'clear'====== Args={'key': 'base'}
2025-10-03 19:05:08,463 : INFO : Mode.game : Stopped.
2025-10-03 19:05:08,463 : INFO : EventManager : Event: ======'modes_active_modes_changed'====== Args={}
2025-10-03 19:05:08,463 : INFO : EventManager : Event: ======'mode_game_stopped'====== Args={}
2025-10-03 19:05:08,463 : INFO : EventManager : Event: ======'clear'====== Args={'key': 'game'}
2025-10-03 19:05:08,465 : INFO : root : MPF run loop ended.
