2025-10-03 17:41:19,738 : INFO : root : Loading config.
2025-10-03 17:41:19,743 : INFO : YamlMultifileConfigLoader : Machine config file #1: config.yaml
2025-10-03 17:41:19,743 : INFO : ConfigProcessor : Loading config from cache: C:\Users\richa\AppData\Local\Temp\bad76953a596b8c99f832e0e98026c3b.mpf_cache
2025-10-03 17:41:19,753 : WARNING : ConfigProcessor : Config file in cache changed: C:\Users\richa\ttp5\config\config_switches.yaml
2025-10-03 17:41:19,753 : INFO : ConfigProcessor : Loading config from file C:\Users\richa\mpfvirtual4\lib\site-packages\mpf\mpfconfig.yaml.
2025-10-03 17:41:19,769 : INFO : ConfigProcessor : Loading config: C:\Users\richa\mpfvirtual4\lib\site-packages\mpf\mpfconfig.yaml
2025-10-03 17:41:19,770 : INFO : ConfigProcessor : Loading config from file C:\Users\richa\ttp5\config\config.yaml.
2025-10-03 17:41:19,772 : INFO : ConfigProcessor : Loading config: C:\Users\richa\ttp5\config\config.yaml
2025-10-03 17:41:19,773 : INFO : ConfigProcessor : Loading config: C:\Users\richa\ttp5\config\config_ball_devices.yaml
2025-10-03 17:41:19,775 : INFO : ConfigProcessor : Loading config: C:\Users\richa\ttp5\config\config_coils.yaml
2025-10-03 17:41:19,776 : INFO : ConfigProcessor : Loading config: C:\Users\richa\ttp5\config\config_flippers.yaml
2025-10-03 17:41:19,786 : INFO : ConfigProcessor : Loading config: C:\Users\richa\ttp5\config\config_switches.yaml
2025-10-03 17:41:19,788 : INFO : ConfigProcessor : Config file cache created: C:\Users\richa\AppData\Local\Temp\bad76953a596b8c99f832e0e98026c3b.mpf_cache
2025-10-03 17:41:19,868 : INFO : ConfigProcessor : Loading config from cache: C:\Users\richa\AppData\Local\Temp\77a998d318c788df5647a1900cedfc56.mpf_cache
2025-10-03 17:41:19,869 : INFO : ConfigProcessor : Loading config from cache: C:\Users\richa\AppData\Local\Temp\9c8dea79ca4d15ee886340e992e8cb9d.mpf_cache
2025-10-03 17:41:19,870 : WARNING : ConfigProcessor : Config file in cache changed: C:\Users\richa\ttp5\modes\base\config\base.yaml
2025-10-03 17:41:19,870 : INFO : ConfigProcessor : Loading config from file C:\Users\richa\ttp5\modes\base\config\base.yaml.
2025-10-03 17:41:19,879 : INFO : ConfigProcessor : Loading config: C:\Users\richa\ttp5\modes\base\config\base.yaml
2025-10-03 17:41:19,880 : INFO : ConfigProcessor : Config file cache created: C:\Users\richa\AppData\Local\Temp\8ddee2e87a4f178751335e99da00e9c4.mpf_cache
2025-10-03 17:41:19,881 : INFO : ConfigProcessor : Loading config from cache: C:\Users\richa\AppData\Local\Temp\16d594341c3fbe91b1b6d496c05a6fb0.mpf_cache
2025-10-03 17:41:19,882 : INFO : ConfigProcessor : Loading config from cache: C:\Users\richa\AppData\Local\Temp\9ea1b14cb2b1cce5e8bf981a1ff8cfc5.mpf_cache
2025-10-03 17:41:19,882 : INFO : Machine : Mission Pinball Framework Core Engine v0.57.0.dev39
2025-10-03 17:41:19,883 : INFO : Machine : Command line arguments: {'no_load_cache': False, 'create_config_cache': True, 'bcp': True, 'configfile': ['config.yaml'], 'force_assets_load': False, 'jsonlogging': False, 'logfile': 'logs\\2025-10-03-17-41-19-mpf-DESKTOP-RK7BE5M.log', 'pause': False, 'production': False, 'text_ui': True, 'loglevel': 15, 'consoleloglevel': 20, 'force_platform': None, 'syslog_address': None, 'mc_file_name': None, 'no_sound': False}
2025-10-03 17:41:19,883 : INFO : Machine : MPF path: C:\Users\richa\mpfvirtual4\lib\site-packages\mpf
2025-10-03 17:41:19,883 : INFO : Machine : Machine path: C:\Users\richa\ttp5
2025-10-03 17:41:19,883 : INFO : Machine : Platform: win32
2025-10-03 17:41:19,883 : INFO : Machine : Python executable location: C:\Users\richa\mpfvirtual4\Scripts\python.exe
2025-10-03 17:41:19,883 : INFO : Machine : Python version: 3.9.13 (64-bit)
2025-10-03 17:41:19,885 : INFO : Machine : Initializing MPF...
2025-10-03 17:41:20,247 : INFO : EventManager : Event: ======'machine_var_credits_string'====== Args={'value': 'FREE PLAY', 'prev_value': None, 'change': True}
2025-10-03 17:41:20,305 : INFO : EventManager : Event: ======'machine_var_master_volume'====== Args={'value': 0.5, 'prev_value': None, 'change': True}
2025-10-03 17:41:20,305 : INFO : EventManager : Event: ======'machine_var_player1_score'====== Args={'value': 2562, 'prev_value': None, 'change': True}
2025-10-03 17:41:20,305 : INFO : EventManager : Event: ======'machine_var_mpf_version'====== Args={'value': 'Mission Pinball Framework v0.57.0.dev39', 'prev_value': None, 'change': True}
2025-10-03 17:41:20,305 : INFO : EventManager : Event: ======'machine_var_mpf_extended_version'====== Args={'value': 'Mission Pinball Framework v0.57.0.dev39, Config version:6, Show version: 6, BCP version:1.1', 'prev_value': None, 'change': True}
2025-10-03 17:41:20,305 : INFO : EventManager : Event: ======'machine_var_python_version'====== Args={'value': '3.9.13', 'prev_value': None, 'change': True}
2025-10-03 17:41:20,315 : INFO : EventManager : Event: ======'machine_var_platform'====== Args={'value': 'Windows-10-10.0.19045-SP0', 'prev_value': None, 'change': True}
2025-10-03 17:41:20,316 : INFO : EventManager : Event: ======'machine_var_platform_system'====== Args={'value': 'Windows', 'prev_value': None, 'change': True}
2025-10-03 17:41:20,316 : INFO : EventManager : Event: ======'machine_var_platform_release'====== Args={'value': '10', 'prev_value': None, 'change': True}
2025-10-03 17:41:20,316 : INFO : EventManager : Event: ======'machine_var_platform_version'====== Args={'value': '10.0.19045', 'prev_value': None, 'change': True}
2025-10-03 17:41:20,316 : INFO : EventManager : Event: ======'machine_var_platform_machine'====== Args={'value': 'AMD64', 'prev_value': None, 'change': True}
2025-10-03 17:41:20,316 : INFO : EventManager : Event: ======'init_phase_1'====== Args={}
2025-10-03 17:41:20,331 : INFO : EventManager : Event: ======'init_phase_2'====== Args={}
2025-10-03 17:41:20,331 : INFO : SwitchController : Found active switch: ('2', <Platform.SmartVirtual>) <switch.s_trough1>
2025-10-03 17:41:20,331 : INFO : SwitchController : Found active switch: ('3', <Platform.SmartVirtual>) <switch.s_trough2>
2025-10-03 17:41:20,331 : INFO : SwitchController : Found active switch: ('4', <Platform.SmartVirtual>) <switch.s_trough3>
2025-10-03 17:41:20,331 : INFO : SwitchController : Found active switch: ('5', <Platform.SmartVirtual>) <switch.s_trough4>
2025-10-03 17:41:20,331 : INFO : SwitchController : Found active switch: ('6', <Platform.SmartVirtual>) <switch.s_trough5>
2025-10-03 17:41:20,331 : INFO : SwitchController : Found active switch: ('7', <Platform.SmartVirtual>) <switch.s_trough6>
2025-10-03 17:41:20,334 : INFO : EventManager : Event: ======'bcp_connection_attempt'====== Args={'name': 'local_display', 'host': 'localhost', 'port': 5050}
2025-10-03 17:41:20,336 : INFO : BCPClientSocket : Connecting BCP to 'local_display' at localhost:5050...
2025-10-03 17:41:22,355 : INFO : BCPClientSocket : Connected BCP to 'local_display' localhost:5050
2025-10-03 17:41:22,355 : INFO : EventManager : Event: ======'bcp_clients_connected'====== Args={}
2025-10-03 17:41:22,664 : INFO : EventManager : Event: ======'machine_var_mc_version'====== Args={'value': 'MPF-MC v0.57.0.dev10', 'prev_value': None, 'change': True}
2025-10-03 17:41:22,665 : INFO : EventManager : Event: ======'machine_var_mc_extended_version'====== Args={'value': 'MPF-MC v0.57.0.dev10 (config_version=6, BCP v1.1,                      Requires MPF API compatibility v0.57.0.dev19 or newer)', 'prev_value': None, 'change': True}
2025-10-03 17:41:22,667 : INFO : ball_device.bd_trough : BCH: Initial count: 6
2025-10-03 17:41:22,739 : INFO : ball_device.bd_trough : State: idle
2025-10-03 17:41:22,740 : INFO : ball_device.bd_plunger : BCH: Initial count: 0
2025-10-03 17:41:22,740 : INFO : ball_device.bd_plunger : State: idle
2025-10-03 17:41:22,760 : INFO : EventManager : Event: ======'init_phase_3'====== Args={}
2025-10-03 17:41:22,766 : INFO : EventManager : Event: ======'init_phase_4'====== Args={}
2025-10-03 17:41:22,766 : INFO : BallController : Initial balls found: 6
2025-10-03 17:41:22,768 : INFO : EventManager : Event: ======'machine_var_audits_events_game_ended'====== Args={'value': 9, 'prev_value': None, 'change': True}
2025-10-03 17:41:22,768 : INFO : EventManager : Event: ======'machine_var_audits_events_game_started'====== Args={'value': 35, 'prev_value': None, 'change': True}
2025-10-03 17:41:22,768 : INFO : EventManager : Event: ======'machine_var_audits_missing_switches_s_left_flipper'====== Args={'value': 1, 'prev_value': None, 'change': True}
2025-10-03 17:41:22,768 : INFO : EventManager : Event: ======'machine_var_audits_missing_switches_s_left_inlane'====== Args={'value': 1, 'prev_value': None, 'change': True}
2025-10-03 17:41:22,769 : INFO : EventManager : Event: ======'machine_var_audits_missing_switches_s_left_outlane'====== Args={'value': 1, 'prev_value': None, 'change': True}
2025-10-03 17:41:22,769 : INFO : EventManager : Event: ======'machine_var_audits_missing_switches_s_right_flipper'====== Args={'value': 12, 'prev_value': None, 'change': True}
2025-10-03 17:41:22,769 : INFO : EventManager : Event: ======'machine_var_audits_missing_switches_s_right_outlane'====== Args={'value': 1, 'prev_value': None, 'change': True}
2025-10-03 17:41:22,769 : INFO : EventManager : Event: ======'machine_var_audits_missing_switches_s_sling_left'====== Args={'value': 2, 'prev_value': None, 'change': True}
2025-10-03 17:41:22,769 : INFO : EventManager : Event: ======'machine_var_audits_missing_switches_s_sling_right'====== Args={'value': 2, 'prev_value': None, 'change': True}
2025-10-03 17:41:22,769 : INFO : EventManager : Event: ======'machine_var_audits_missing_switches_s_start'====== Args={'value': 18, 'prev_value': None, 'change': True}
2025-10-03 17:41:22,769 : INFO : EventManager : Event: ======'machine_var_audits_missing_switches_s_trough2'====== Args={'value': 35, 'prev_value': None, 'change': True}
2025-10-03 17:41:22,769 : INFO : EventManager : Event: ======'machine_var_audits_missing_switches_s_trough3'====== Args={'value': 35, 'prev_value': None, 'change': True}
2025-10-03 17:41:22,770 : INFO : EventManager : Event: ======'machine_var_audits_missing_switches_s_trough4'====== Args={'value': 35, 'prev_value': None, 'change': True}
2025-10-03 17:41:22,770 : INFO : EventManager : Event: ======'machine_var_audits_missing_switches_s_trough5'====== Args={'value': 35, 'prev_value': None, 'change': True}
2025-10-03 17:41:22,770 : INFO : EventManager : Event: ======'machine_var_audits_missing_switches_s_trough6'====== Args={'value': 35, 'prev_value': None, 'change': True}
2025-10-03 17:41:22,770 : INFO : EventManager : Event: ======'machine_var_audits_missing_switches_s_trough_jam'====== Args={'value': 35, 'prev_value': None, 'change': True}
2025-10-03 17:41:22,770 : INFO : EventManager : Event: ======'machine_var_audits_player_score'====== Args={'value': {'average': 11374, 'top': [28284, 25272, 22800, 13400, 11420, 10700, 8000, 2562, 0, 0], 'total': 11}, 'prev_value': None, 'change': True}
2025-10-03 17:41:22,770 : INFO : EventManager : Event: ======'machine_var_audits_shots_middle_inlane_shot'====== Args={'value': 20, 'prev_value': None, 'change': True}
2025-10-03 17:41:22,771 : INFO : EventManager : Event: ======'machine_var_audits_shots_my_first_shot'====== Args={'value': 59, 'prev_value': None, 'change': True}
2025-10-03 17:41:22,771 : INFO : EventManager : Event: ======'machine_var_audits_shots_top_middle_inlane_shot'====== Args={'value': 41, 'prev_value': None, 'change': True}
2025-10-03 17:41:22,771 : INFO : EventManager : Event: ======'machine_var_audits_switches_s_left_flipper'====== Args={'value': 248, 'prev_value': None, 'change': True}
2025-10-03 17:41:22,771 : INFO : EventManager : Event: ======'machine_var_audits_switches_s_left_inlane'====== Args={'value': 5, 'prev_value': None, 'change': True}
2025-10-03 17:41:22,772 : INFO : EventManager : Event: ======'machine_var_audits_switches_s_left_outlane'====== Args={'value': 0, 'prev_value': None, 'change': True}
2025-10-03 17:41:22,772 : INFO : EventManager : Event: ======'machine_var_audits_switches_s_middle_inlane'====== Args={'value': 20, 'prev_value': None, 'change': True}
2025-10-03 17:41:22,772 : INFO : EventManager : Event: ======'machine_var_audits_switches_s_plunger'====== Args={'value': 70, 'prev_value': None, 'change': True}
2025-10-03 17:41:22,772 : INFO : EventManager : Event: ======'machine_var_audits_switches_s_right_flipper'====== Args={'value': 73, 'prev_value': None, 'change': True}
2025-10-03 17:41:22,773 : INFO : EventManager : Event: ======'machine_var_audits_switches_s_right_inlane'====== Args={'value': 91, 'prev_value': None, 'change': True}
2025-10-03 17:41:22,773 : INFO : EventManager : Event: ======'machine_var_audits_switches_s_right_outlane'====== Args={'value': 0, 'prev_value': None, 'change': True}
2025-10-03 17:41:22,773 : INFO : EventManager : Event: ======'machine_var_audits_switches_s_sling_left'====== Args={'value': 2, 'prev_value': None, 'change': True}
2025-10-03 17:41:22,774 : INFO : EventManager : Event: ======'machine_var_audits_switches_s_sling_right'====== Args={'value': 1, 'prev_value': None, 'change': True}
2025-10-03 17:41:22,774 : INFO : EventManager : Event: ======'machine_var_audits_switches_s_start'====== Args={'value': 11, 'prev_value': None, 'change': True}
2025-10-03 17:41:22,775 : INFO : EventManager : Event: ======'machine_var_audits_switches_s_top_middle_inlane'====== Args={'value': 41, 'prev_value': None, 'change': True}
2025-10-03 17:41:22,775 : INFO : EventManager : Event: ======'machine_var_audits_switches_s_trough1'====== Args={'value': 51, 'prev_value': None, 'change': True}
2025-10-03 17:41:22,775 : INFO : EventManager : Event: ======'machine_var_audits_switches_s_trough2'====== Args={'value': 0, 'prev_value': None, 'change': True}
2025-10-03 17:41:22,775 : INFO : EventManager : Event: ======'machine_var_audits_switches_s_trough3'====== Args={'value': 0, 'prev_value': None, 'change': True}
2025-10-03 17:41:22,776 : INFO : EventManager : Event: ======'machine_var_audits_switches_s_trough4'====== Args={'value': 0, 'prev_value': None, 'change': True}
2025-10-03 17:41:22,776 : INFO : EventManager : Event: ======'machine_var_audits_switches_s_trough5'====== Args={'value': 0, 'prev_value': None, 'change': True}
2025-10-03 17:41:22,776 : INFO : EventManager : Event: ======'machine_var_audits_switches_s_trough6'====== Args={'value': 0, 'prev_value': None, 'change': True}
2025-10-03 17:41:22,777 : INFO : EventManager : Event: ======'machine_var_audits_switches_s_trough_jam'====== Args={'value': 0, 'prev_value': None, 'change': True}
2025-10-03 17:41:22,777 : INFO : EventManager : Event: ======'machine_var_audits_switches_s_center_rollover'====== Args={'value': 0, 'prev_value': None, 'change': True}
2025-10-03 17:41:22,778 : INFO : EventManager : Event: ======'init_phase_5'====== Args={}
2025-10-03 17:41:22,828 : INFO : EventManager : Event: ======'init_done'====== Args={}
2025-10-03 17:41:22,828 : INFO : EventManager : Event: ======'machine_reset_phase_1'====== Args={}
2025-10-03 17:41:22,839 : INFO : EventManager : Event: ======'machine_reset_phase_2'====== Args={}
2025-10-03 17:41:22,840 : INFO : EventManager : Event: ======'machine_reset_phase_3'====== Args={}
2025-10-03 17:41:22,840 : INFO : EventManager : Event: ======'reset_complete'====== Args={}
2025-10-03 17:41:22,840 : INFO : EventManager : Event: ======'mode_attract_will_start'====== Args={}
2025-10-03 17:41:22,840 : INFO : EventManager : Event: ======'mode_attract_starting'====== Args={}
2025-10-03 17:41:22,840 : INFO : Mode.attract : Started. Priority: 10
2025-10-03 17:41:22,840 : INFO : EventManager : Event: ======'modes_active_modes_changed'====== Args={}
2025-10-03 17:41:22,840 : INFO : EventManager : Event: ======'mode_attract_started'====== Args={}
2025-10-03 17:41:22,841 : INFO : EventManager : Event: ======'collecting_balls_complete'====== Args={}
2025-10-03 17:41:22,880 : INFO : EventManager : Event: ======'slide_awesome_slide_created'====== Args={'_from_bcp': True}
2025-10-03 17:41:22,880 : INFO : EventManager : Event: ======'slide_awesome_slide_active'====== Args={'_from_bcp': True}
2025-10-03 17:41:22,881 : INFO : Machine : Starting the main run loop.
2025-10-03 17:41:23,016 : INFO : BcpServer : New client connected.
2025-10-03 17:41:25,847 : INFO : EventManager : Event: ======'slide_press_start_created'====== Args={'_from_bcp': True}
2025-10-03 17:41:25,848 : INFO : EventManager : Event: ======'slide_press_start_active'====== Args={'_from_bcp': True}
2025-10-03 17:41:28,463 : INFO : SwitchController : <<<<<<< 's_start' active >>>>>>>
2025-10-03 17:41:28,549 : INFO : SwitchController : <<<<<<< 's_start' inactive >>>>>>>
2025-10-03 17:41:28,550 : INFO : EventManager : Event: ======'request_to_start_game'====== Args={}
2025-10-03 17:41:28,551 : INFO : EventManager : Event: ======'game_start'====== Args={'buttons': [], 'hold_time': 0.09299999999348074}
2025-10-03 17:41:28,551 : INFO : EventManager : Event: ======'mode_game_will_start'====== Args={'buttons': [], 'hold_time': 0.09299999999348074}
2025-10-03 17:41:28,553 : INFO : EventManager : Event: ======'mode_game_starting'====== Args={'buttons': [], 'hold_time': 0.09299999999348074}
2025-10-03 17:41:28,553 : INFO : EventManager : Event: ======'mode_attract_will_stop'====== Args={}
2025-10-03 17:41:28,554 : INFO : EventManager : Event: ======'mode_attract_stopping'====== Args={}
2025-10-03 17:41:28,554 : INFO : Mode.attract : Stopped.
2025-10-03 17:41:28,554 : INFO : EventManager : Event: ======'modes_active_modes_changed'====== Args={}
2025-10-03 17:41:28,555 : INFO : EventManager : Event: ======'mode_attract_stopped'====== Args={}
2025-10-03 17:41:28,555 : INFO : EventManager : Event: ======'clear'====== Args={'key': 'attract'}
2025-10-03 17:41:28,556 : INFO : Mode.game : Started. Priority: 20
2025-10-03 17:41:28,556 : INFO : EventManager : Event: ======'modes_active_modes_changed'====== Args={}
2025-10-03 17:41:28,556 : INFO : EventManager : Event: ======'mode_game_started'====== Args={'buttons': [], 'hold_time': 0.09299999999348074}
2025-10-03 17:41:28,572 : INFO : EventManager : Event: ======'game_will_start'====== Args={}
2025-10-03 17:41:28,574 : INFO : EventManager : Event: ======'game_starting'====== Args={'game': <Mode.game>}
2025-10-03 17:41:28,576 : INFO : EventManager : Unordered handler for class <Auditor> on event game_ended with priority 1. Handlers: [RegisteredHandler(callback=<bound method Auditor.disable of <Auditor>>, priority=1, kwargs={}, key=UUID('b5e00f64-ced5-481c-89f0-b8698fada67b'), condition=None, blocking_facility=None), RegisteredHandler(callback=<bound method Auditor._save_audits of <Auditor>>, priority=1, kwargs={}, key=UUID('0f1f5f61-a9a1-4cca-b6aa-21697dda0006'), condition=None, blocking_facility=None)]. The order of those handlers is not defined and they will be executed in random order. This might lead to race conditions and potential bugs.
2025-10-03 17:41:28,576 : INFO : EventManager : Event: ======'player_add_request'====== Args={}
2025-10-03 17:41:28,577 : INFO : EventManager : Event: ======'player_will_add'====== Args={'number': 1}
2025-10-03 17:41:28,578 : INFO : EventManager : Event: ======'player_adding'====== Args={'player': <Player 1>, 'number': 1}
2025-10-03 17:41:28,579 : INFO : EventManager : Event: ======'player_added'====== Args={'player': <Player 1>, 'num': 1}
2025-10-03 17:41:28,579 : INFO : Mode.game : Player added successfully. Total players: 1
2025-10-03 17:41:28,580 : INFO : EventManager : Event: ======'player_index'====== Args={'value': 0, 'prev_value': 0, 'change': 0, 'player_num': 1}
2025-10-03 17:41:28,580 : INFO : EventManager : Event: ======'player_number'====== Args={'value': 1, 'prev_value': 1, 'change': 0, 'player_num': 1}
2025-10-03 17:41:28,581 : INFO : EventManager : Event: ======'player_score'====== Args={'value': 0, 'prev_value': 0, 'change': 0, 'player_num': 1}
2025-10-03 17:41:28,583 : INFO : EventManager : Event: ======'slide_awesome_slide_removed'====== Args={'_from_bcp': True}
2025-10-03 17:41:28,584 : INFO : EventManager : Event: ======'slide_press_start_removed'====== Args={'_from_bcp': True}
2025-10-03 17:41:28,584 : INFO : EventManager : Event: ======'slide_window_blank_active'====== Args={'_from_bcp': True}
2025-10-03 17:41:28,585 : INFO : EventManager : Event: ======'game_started'====== Args={}
2025-10-03 17:41:28,608 : INFO : EventManager : Event: ======'player_turn_will_start'====== Args={'player': <Player 1>, 'number': 1}
2025-10-03 17:41:28,608 : INFO : EventManager : Event: ======'player_turn_starting'====== Args={'player': <Player 1>, 'number': 1}
2025-10-03 17:41:28,609 : INFO : EventManager : Event: ======'player_ball'====== Args={'value': 1, 'prev_value': 0, 'change': 1, 'player_num': 1}
2025-10-03 17:41:28,610 : INFO : EventManager : Event: ======'player_turn_started'====== Args={'player': <Player 1>, 'number': 1}
2025-10-03 17:41:28,610 : INFO : EventManager : Event: ======'ball_will_start'====== Args={'player': 1, 'ball': 1, 'balls_remaining': 2, 'is_extra_ball': False}
2025-10-03 17:41:28,613 : INFO : EventManager : Event: ======'ball_starting'====== Args={'player': 1, 'ball': 1, 'balls_remaining': 2, 'is_extra_ball': False}
2025-10-03 17:41:28,614 : INFO : EventManager : Event: ======'balls_in_play'====== Args={'balls': 1}
2025-10-03 17:41:28,614 : INFO : EventManager : Event: ======'ball_started'====== Args={'player': 1, 'ball': 1, 'balls_remaining': 2, 'is_extra_ball': False}
2025-10-03 17:41:28,614 : INFO : EventManager : Event: ======'mode_base_will_start'====== Args={'player': 1, 'ball': 1, 'balls_remaining': 2, 'is_extra_ball': False}
2025-10-03 17:41:28,614 : INFO : EventManager : Event: ======'player_shot_my_first_shot_enabled'====== Args={'value': True, 'prev_value': 0, 'change': 1, 'player_num': 1}
2025-10-03 17:41:28,615 : INFO : EventManager : Event: ======'player_shot_center_rollover_shot_enabled'====== Args={'value': True, 'prev_value': 0, 'change': 1, 'player_num': 1}
2025-10-03 17:41:28,616 : INFO : EventManager : Event: ======'mode_base_starting'====== Args={'player': 1, 'ball': 1, 'balls_remaining': 2, 'is_extra_ball': False}
2025-10-03 17:41:28,617 : INFO : Mode.base : Started. Priority: 100
2025-10-03 17:41:28,617 : INFO : EventManager : Event: ======'modes_active_modes_changed'====== Args={}
2025-10-03 17:41:28,617 : INFO : EventManager : Event: ======'mode_base_started'====== Args={'player': 1, 'ball': 1, 'balls_remaining': 2, 'is_extra_ball': False}
2025-10-03 17:41:28,619 : INFO : EventManager : Event: ======'single_player_ball_started'====== Args={}
2025-10-03 17:41:28,656 : INFO : EventManager : Event: ======'ball_start_target'====== Args={'target': 'playfield'}
2025-10-03 17:41:28,656 : INFO : EventManager : Event: ======'slide_base.slide_player-mode_base_started_created'====== Args={'_from_bcp': True}
2025-10-03 17:41:28,656 : INFO : EventManager : Event: ======'slide_base.slide_player-mode_base_started_active'====== Args={'_from_bcp': True}
2025-10-03 17:41:28,657 : INFO : ball_device.bd_plunger : Setting up player-controlled eject. Balls: 1, Target: <playfield.playfield>, player_controlled_eject_event: None
2025-10-03 17:41:28,657 : INFO : EventManager : Event: ======'balldevice_balls_available'====== Args={}
2025-10-03 17:41:28,657 : INFO : ball_device.bd_trough : State: waiting_for_target_ready
2025-10-03 17:41:28,658 : INFO : EventManager : Event: ======'balldevice_bd_trough_ball_eject_attempt'====== Args={'balls': 1, 'target': <ball_device.bd_plunger>, 'source': <ball_device.bd_trough>, 'mechanical_eject': True, 'num_attempts': 0}
2025-10-03 17:41:28,658 : INFO : ball_device.bd_plunger : State: waiting_for_ball
2025-10-03 17:41:28,658 : INFO : ball_device.bd_trough : State: ejecting
2025-10-03 17:41:28,658 : INFO : ball_device.bd_trough : Ejecting ball to <ball_device.bd_plunger>
2025-10-03 17:41:28,659 : INFO : EventManager : Event: ======'balldevice_bd_trough_ejecting_ball'====== Args={'balls': 1, 'target': <ball_device.bd_plunger>, 'source': <ball_device.bd_trough>, 'mechanical_eject': True, 'num_attempts': 0}
2025-10-03 17:41:28,659 : INFO : ball_device.bd_trough : Wait for ball to leave device
2025-10-03 17:41:28,659 : INFO : coil.c_trough_eject : Pulsing Driver for 20ms (1.0 pulse_power)
2025-10-03 17:41:28,660 : INFO : SwitchController : <<<<<<< 's_trough1' inactive >>>>>>>
2025-10-03 17:41:28,668 : INFO : ball_device.bd_trough : State: ball_left
2025-10-03 17:41:28,668 : INFO : ball_device.bd_trough : Ball left
2025-10-03 17:41:28,669 : INFO : ball_device.bd_trough : Wait for confirm with timeout 3.0
2025-10-03 17:41:28,757 : INFO : SwitchController : <<<<<<< 's_plunger' active >>>>>>>
2025-10-03 17:41:28,757 : INFO : EventManager : Event: ======'machine_var_audits_switches_s_plunger'====== Args={'value': 71, 'prev_value': 70, 'change': 1}
2025-10-03 17:41:29,264 : INFO : ball_device.bd_plunger : Received ball from <ball_device.bd_trough>
2025-10-03 17:41:29,264 : INFO : EventManager : Event: ======'balldevice_bd_plunger_ball_enter'====== Args={'new_balls': 1, 'unclaimed_balls': 0, 'new_available_balls': 0, 'device': <ball_device.bd_plunger>}
2025-10-03 17:41:29,266 : INFO : EventManager : Event: ======'balldevice_bd_plunger_ball_entered'====== Args={'new_balls': 0, 'device': <ball_device.bd_plunger>}
2025-10-03 17:41:29,266 : INFO : EventManager : Event: ======'balldevice_bd_plunger_ball_count_changed'====== Args={'balls': 1}
2025-10-03 17:41:29,267 : INFO : ball_device.bd_trough : Got eject confirm
2025-10-03 17:41:29,267 : INFO : ball_device.bd_trough : Eject successful
2025-10-03 17:41:29,267 : INFO : EventManager : Event: ======'balldevice_bd_trough_ball_eject_success'====== Args={'balls': 1, 'target': <ball_device.bd_plunger>}
2025-10-03 17:41:29,268 : INFO : EventManager : Event: ======'balldevice_bd_trough_ball_count_changed'====== Args={'balls': 5}
2025-10-03 17:41:29,269 : INFO : ball_device.bd_trough : State: idle
2025-10-03 17:41:29,270 : INFO : ball_device.bd_plunger : State: waiting_for_target_ready
2025-10-03 17:41:29,270 : INFO : EventManager : Event: ======'balldevice_bd_plunger_ball_eject_attempt'====== Args={'balls': 1, 'target': <playfield.playfield>, 'source': <ball_device.bd_plunger>, 'mechanical_eject': True, 'num_attempts': 0}
2025-10-03 17:41:29,271 : INFO : ball_device.bd_plunger : State: ejecting
2025-10-03 17:41:29,271 : INFO : ball_device.bd_plunger : Ejecting ball to <playfield.playfield>
2025-10-03 17:41:29,272 : INFO : EventManager : Event: ======'balldevice_bd_plunger_ejecting_ball'====== Args={'balls': 1, 'target': <playfield.playfield>, 'source': <ball_device.bd_plunger>, 'mechanical_eject': True, 'num_attempts': 0}
2025-10-03 17:41:29,273 : INFO : ball_device.bd_plunger : Wait for ball to leave device
2025-10-03 17:41:30,084 : INFO : SwitchController : <<<<<<< 's_start' active >>>>>>>
2025-10-03 17:41:30,084 : INFO : EventManager : Event: ======'sw_start'====== Args={}
2025-10-03 17:41:30,084 : INFO : EventManager : Event: ======'machine_var_audits_switches_s_start'====== Args={'value': 12, 'prev_value': 11, 'change': 1}
2025-10-03 17:41:30,085 : INFO : EventManager : Event: ======'player_add_request'====== Args={}
2025-10-03 17:41:30,086 : INFO : EventManager : Event: ======'player_will_add'====== Args={'number': 2}
2025-10-03 17:41:30,086 : INFO : EventManager : Event: ======'player_adding'====== Args={'player': <Player 2>, 'number': 2}
2025-10-03 17:41:30,086 : INFO : EventManager : Event: ======'player_added'====== Args={'player': <Player 2>, 'num': 2}
2025-10-03 17:41:30,087 : INFO : Mode.game : Player added successfully. Total players: 2
2025-10-03 17:41:30,087 : INFO : EventManager : Event: ======'multiplayer_game'====== Args={}
2025-10-03 17:41:30,087 : INFO : EventManager : Event: ======'player_index'====== Args={'value': 1, 'prev_value': 1, 'change': 0, 'player_num': 2}
2025-10-03 17:41:30,087 : INFO : EventManager : Event: ======'player_number'====== Args={'value': 2, 'prev_value': 2, 'change': 0, 'player_num': 2}
2025-10-03 17:41:30,088 : INFO : EventManager : Event: ======'player_score'====== Args={'value': 0, 'prev_value': 0, 'change': 0, 'player_num': 2}
2025-10-03 17:41:30,160 : INFO : SwitchController : <<<<<<< 's_start' inactive >>>>>>>
2025-10-03 17:41:35,098 : INFO : Machine : Shutting down...
2025-10-03 17:41:35,098 : INFO : EventManager : Event: ======'shutdown'====== Args={}
2025-10-03 17:41:35,105 : INFO : EventManager : Event: ======'mode_game_will_stop'====== Args={}
2025-10-03 17:41:35,105 : INFO : EventManager : Event: ======'mode_game_stopping'====== Args={}
2025-10-03 17:41:35,106 : INFO : EventManager : Event: ======'mode_base_will_stop'====== Args={}
2025-10-03 17:41:35,106 : INFO : EventManager : Event: ======'mode_base_stopping'====== Args={}
2025-10-03 17:41:35,106 : INFO : Mode.base : Stopped.
2025-10-03 17:41:35,106 : INFO : EventManager : Event: ======'modes_active_modes_changed'====== Args={}
2025-10-03 17:41:35,106 : INFO : EventManager : Event: ======'mode_base_stopped'====== Args={}
2025-10-03 17:41:35,106 : INFO : EventManager : Event: ======'clear'====== Args={'key': 'base'}
2025-10-03 17:41:35,107 : INFO : Mode.game : Stopped.
2025-10-03 17:41:35,107 : INFO : EventManager : Event: ======'modes_active_modes_changed'====== Args={}
2025-10-03 17:41:35,107 : INFO : EventManager : Event: ======'mode_game_stopped'====== Args={}
2025-10-03 17:41:35,107 : INFO : EventManager : Event: ======'clear'====== Args={'key': 'game'}
2025-10-03 17:41:35,109 : INFO : root : MPF run loop ended.
