2025-10-20 22:27:09,790 : kivy : deps: Successfully imported "kivy_deps.gstreamer" 0.3.3
2025-10-20 22:27:09,790 : kivy : deps: Successfully imported "kivy_deps.angle" 0.3.3
2025-10-20 22:27:09,790 : kivy : deps: Successfully imported "kivy_deps.glew" 0.3.1
2025-10-20 22:27:09,790 : kivy : deps: Successfully imported "kivy_deps.sdl2" 0.6.0
2025-10-20 22:27:09,790 : kivy : Kivy: v2.2.1
2025-10-20 22:27:09,791 : kivy : Kivy: Installed at "C:\Users\richa\mpfvirtual4\lib\site-packages\kivy\__init__.py"
2025-10-20 22:27:09,791 : kivy : Python: v3.9.13 (tags/v3.9.13:6de2ca5, May 17 2022, 16:36:42) [MSC v.1929 64 bit (AMD64)]
2025-10-20 22:27:09,791 : kivy : Python: Interpreter at "C:\Users\richa\mpfvirtual4\Scripts\python.exe"
2025-10-20 22:27:09,806 : kivy : Factory: 190 symbols loaded
2025-10-20 22:27:09,962 : kivy : ImageLoaderFFPy: Using ffpyplayer 4.5.0
2025-10-20 22:27:09,962 : kivy : Image: Providers: img_tex, img_dds, img_sdl2, img_pil, img_ffpyplayer 
2025-10-20 22:27:10,123 : kivy : VideoGstplayer: Using Gstreamer 1.18.5.0
2025-10-20 22:27:10,123 : kivy : Video: Provider: gstplayer
2025-10-20 22:27:10,161 : root : Loading MPF-MC controller
2025-10-20 22:27:10,164 : YamlMultifileConfigLoader : Machine config file #1: config
2025-10-20 22:27:10,165 : ConfigProcessor : Config file in cache changed: C:\Users\richa\ttp7\config\config
2025-10-20 22:27:10,165 : ConfigProcessor : Loading config from file C:\Users\richa\mpfvirtual4\lib\site-packages\mpfmc\mcconfig.yaml.
2025-10-20 22:27:10,172 : ConfigProcessor : Loading config: C:\Users\richa\mpfvirtual4\lib\site-packages\mpfmc\mcconfig.yaml
2025-10-20 22:27:10,172 : ConfigProcessor : Loading config from file C:\Users\richa\ttp7\config\config.
2025-10-20 22:27:10,175 : ConfigProcessor : Loading config: C:\Users\richa\ttp7\config\config
2025-10-20 22:27:10,176 : ConfigProcessor : Loading config: C:\Users\richa\ttp7\config\config_sounds.yaml
2025-10-20 22:27:10,178 : ConfigProcessor : Loading config: C:\Users\richa\ttp7\config\config_ball_devices.yaml
2025-10-20 22:27:10,180 : ConfigProcessor : Loading config: C:\Users\richa\ttp7\config\config_coils.yaml
2025-10-20 22:27:10,182 : ConfigProcessor : Loading config: C:\Users\richa\ttp7\config\config_flippers.yaml
2025-10-20 22:27:10,189 : ConfigProcessor : Loading config: C:\Users\richa\ttp7\config\config_switches.yaml
2025-10-20 22:27:10,195 : ConfigProcessor : Loading config: C:\Users\richa\ttp7\config\config_lights.yaml
2025-10-20 22:27:10,199 : ConfigProcessor : Loading config: C:\Users\richa\ttp7\config\config_credits.yaml
2025-10-20 22:27:10,202 : ConfigProcessor : Loading config: C:\Users\richa\ttp7\config\config_droptargets.yaml
2025-10-20 22:27:10,206 : ConfigProcessor : Config file cache created: C:\Users\richa\AppData\Local\Temp\b8d8c5e8bc023a38ee4d8abbd35c8fd3.mpf_cache
2025-10-20 22:27:10,206 : ConfigProcessor : Loading config from cache: C:\Users\richa\AppData\Local\Temp\70233839fc0b792ce11a62f3c18c1950.mpf_cache
2025-10-20 22:27:10,207 : ConfigProcessor : Loading config from cache: C:\Users\richa\AppData\Local\Temp\9c8dea79ca4d15ee886340e992e8cb9d.mpf_cache
2025-10-20 22:27:10,208 : ConfigProcessor : Loading config from cache: C:\Users\richa\AppData\Local\Temp\67a19b095f918111543419ac0271bfb1.mpf_cache
2025-10-20 22:27:10,209 : ConfigProcessor : Loading config from cache: C:\Users\richa\AppData\Local\Temp\be387b0e8ed00556ec738d83cd6947d1.mpf_cache
2025-10-20 22:27:10,209 : ConfigProcessor : Loading config from cache: C:\Users\richa\AppData\Local\Temp\5a8efabd9666d8c71fa755fc28a9bf1e.mpf_cache
2025-10-20 22:27:10,210 : ConfigProcessor : Loading config from cache: C:\Users\richa\AppData\Local\Temp\fb58745e58584e219ff53db445e8e9f2.mpf_cache
2025-10-20 22:27:10,211 : ConfigProcessor : Loading config from cache: C:\Users\richa\AppData\Local\Temp\3a5badf48d988f9fc0f9b093a934917d.mpf_cache
2025-10-20 22:27:10,211 : ConfigProcessor : Loading config from cache: C:\Users\richa\AppData\Local\Temp\9e788d9ac28f3464b985b20edf80a10e.mpf_cache
2025-10-20 22:27:10,212 : ConfigProcessor : Loading config from cache: C:\Users\richa\AppData\Local\Temp\7e426d8ffa907371bf962f3181d8bdf2.mpf_cache
2025-10-20 22:27:10,213 : ConfigProcessor : Loading config from cache: C:\Users\richa\AppData\Local\Temp\77e0376825dda61b91775259cce643ad.mpf_cache
2025-10-20 22:27:10,213 : ConfigProcessor : Loading config from cache: C:\Users\richa\AppData\Local\Temp\e68c20669f80ec7d0801afbfa80f9eff.mpf_cache
2025-10-20 22:27:10,222 : mpfmc : Mission Pinball Framework Media Controller (MPF-MC) v0.57.0.dev10. Requires MPF v0.57.0.dev19 or newer.
2025-10-20 22:27:10,222 : mpfmc : Found MPF v0.57.0.dev39
2025-10-20 22:27:10,222 : mpfmc : Machine path: C:\Users\richa\ttp7
2025-10-20 22:27:10,222 : mpfmc : Starting clock at 60.0Hz
2025-10-20 22:27:10,237 : kivy : Text: Provider: sdl2
2025-10-20 22:27:10,287 : kivy : Window: Provider: sdl2
2025-10-20 22:27:10,660 : kivy : GL: Using the "OpenGL" graphics system
2025-10-20 22:27:10,669 : kivy : GL: GLEW initialization succeeded
2025-10-20 22:27:10,670 : kivy : GL: Backend used <glew>
2025-10-20 22:27:10,670 : kivy : GL: OpenGL version <b'4.6.0 NVIDIA 560.94'>
2025-10-20 22:27:10,670 : kivy : GL: OpenGL vendor <b'NVIDIA Corporation'>
2025-10-20 22:27:10,670 : kivy : GL: OpenGL renderer <b'NVIDIA GeForce RTX 3050/PCIe/SSE2'>
2025-10-20 22:27:10,670 : kivy : GL: OpenGL parsed version: 4, 6
2025-10-20 22:27:10,670 : kivy : GL: Shading version <b'4.60 NVIDIA'>
2025-10-20 22:27:10,670 : kivy : GL: Texture max size <32768>
2025-10-20 22:27:10,670 : kivy : GL: Texture max units <32>
2025-10-20 22:27:10,688 : kivy : Window: auto add sdl2 input provider
2025-10-20 22:27:10,688 : kivy : Window: virtual keyboard not allowed, single mode, not docked
2025-10-20 22:27:11,076 : AudioInterface : Initialized
2025-10-20 22:27:11,076 : AudioInterface : Loaded SDL 2.26.4
2025-10-20 22:27:11,076 : AudioInterface : Loaded SDL_Mixer 2.6.3
2025-10-20 22:27:11,076 : AudioInterface : Loaded GStreamer 1.18.5.0
2025-10-20 22:27:11,076 : AudioInterface : Loaded GLib 2.62.6
2025-10-20 22:27:11,076 : AudioInterface : Settings requested - rate: 44100, channels: 1, buffer: 2048 samples
2025-10-20 22:27:11,076 : AudioInterface : Settings in use - rate: 44100, channels: 1, buffer: 2048 samples (4096 bytes @ 2 bytes per sample)
2025-10-20 22:27:11,076 : SoundSystem : Setting master volume to 0.0
2025-10-20 22:27:11,076 : AudioInterface : Enabling audio playback
2025-10-20 22:27:11,078 : kivy : Base: Start application main loop
2025-10-20 22:27:11,079 : EventManager : Event: ======'display_window_initialized'====== Args={}
2025-10-20 22:27:11,079 : EventManager : Event: ======'display_dmd_initialized'====== Args={}
2025-10-20 22:27:11,091 : mpfmc : Display: Setting 'dmd' as default display
2025-10-20 22:27:11,097 : EventManager : Event: ======'displays_initialized'====== Args={}
2025-10-20 22:27:11,097 : EventManager : Event: ======'slide_window_blank_created'====== Args={}
2025-10-20 22:27:11,097 : EventManager : Event: ======'display_window_ready'====== Args={}
2025-10-20 22:27:11,098 : EventManager : Event: ======'slide_dmd_blank_created'====== Args={}
2025-10-20 22:27:11,098 : EventManager : Event: ======'display_dmd_ready'====== Args={}
2025-10-20 22:27:11,108 : EventManager : Event: ======'init_phase_1'====== Args={}
2025-10-20 22:27:11,114 : EventManager : Event: ======'mc_ready'====== Args={}
2025-10-20 22:27:11,114 : EventManager : Event: ======'init_phase_2'====== Args={}
2025-10-20 22:27:11,121 : EventManager : Event: ======'init_phase_3'====== Args={}
2025-10-20 22:27:11,124 : EventManager : Event: ======'init_phase_4'====== Args={}
2025-10-20 22:27:11,124 : EventManager : Event: ======'init_phase_5'====== Args={}
2025-10-20 22:27:11,124 : EventManager : Event: ======'init_done'====== Args={}
2025-10-20 22:27:11,125 : MPF-MC BCP Server : Starting up on localhost port 5050
2025-10-20 22:27:11,128 : MPF-MC BCP Server : Waiting for a connection...
2025-10-20 22:27:11,128 : mpfmc : SlidePlayer: Play called with settings={'slides': {window_slide_1-None-None: {'target': 'window', 'priority': None, 'background_color': [0.0, 0.0, 0.0, 1.0], 'show': True, 'force': False, 'expire': None, 'slide': None, 'tokens': {}, 'action': 'play', 'transition': None, 'transition_out': None}}}
2025-10-20 22:27:11,130 : kivy : GL: NPOT texture support is available
2025-10-20 22:27:11,149 : EventManager : Event: ======'slide_window_slide_1_created'====== Args={}
2025-10-20 22:27:11,165 : EventManager : Event: ======'slide_window_slide_1_active'====== Args={}
2025-10-20 22:27:11,168 : EventManager : Event: ======'client_disconnected'====== Args={'host': '127.0.0.1', 'port': 5050}
2025-10-20 22:27:12,231 : MPF-MC BCP Server : Received connection from: 127.0.0.1:64834
2025-10-20 22:27:12,233 : EventManager : Event: ======'client_connected'====== Args={'host': '127.0.0.1', 'port': 64834}
2025-10-20 22:27:12,502 : EventManager : Event: ======'machine_var_credits_string'====== Args={'value': 'FREE PLAY', 'prev_value': None, 'change': True}
2025-10-20 22:27:12,502 : EventManager : Event: ======'machine_var_credit_units'====== Args={'value': 0, 'prev_value': None, 'change': True}
2025-10-20 22:27:12,502 : EventManager : Event: ======'machine_var_free_play'====== Args={'value': False, 'prev_value': None, 'change': True}
2025-10-20 22:27:12,502 : EventManager : Event: ======'machine_var_master_volume'====== Args={'value': 0.7, 'prev_value': None, 'change': True}
2025-10-20 22:27:12,503 : EventManager : Event: ======'machine_var_player1_score'====== Args={'value': 300, 'prev_value': None, 'change': True}
2025-10-20 22:27:12,503 : EventManager : Event: ======'machine_var_mpf_version'====== Args={'value': 'Mission Pinball Framework v0.57.0.dev39', 'prev_value': None, 'change': True}
2025-10-20 22:27:12,503 : EventManager : Event: ======'machine_var_mpf_extended_version'====== Args={'value': 'Mission Pinball Framework v0.57.0.dev39, Config version:6, Show version: 6, BCP version:1.1', 'prev_value': None, 'change': True}
2025-10-20 22:27:12,503 : EventManager : Event: ======'machine_var_python_version'====== Args={'value': '3.9.13', 'prev_value': None, 'change': True}
2025-10-20 22:27:12,503 : EventManager : Event: ======'machine_var_platform'====== Args={'value': 'Windows-10-10.0.19045-SP0', 'prev_value': None, 'change': True}
2025-10-20 22:27:12,503 : EventManager : Event: ======'machine_var_platform_system'====== Args={'value': 'Windows', 'prev_value': None, 'change': True}
2025-10-20 22:27:12,503 : EventManager : Event: ======'machine_var_platform_release'====== Args={'value': '10', 'prev_value': None, 'change': True}
2025-10-20 22:27:12,503 : EventManager : Event: ======'machine_var_platform_version'====== Args={'value': '10.0.19045', 'prev_value': None, 'change': True}
2025-10-20 22:27:12,503 : EventManager : Event: ======'machine_var_platform_machine'====== Args={'value': 'AMD64', 'prev_value': None, 'change': True}
2025-10-20 22:27:12,503 : EventManager : Event: ======'machine_var_mc_version'====== Args={'value': 'MPF-MC v0.57.0.dev10', 'prev_value': None, 'change': True}
2025-10-20 22:27:12,503 : EventManager : Event: ======'machine_var_mc_extended_version'====== Args={'value': 'MPF-MC v0.57.0.dev10 (config_version=6, BCP v1.1,                      Requires MPF API compatibility v0.57.0.dev19 or newer)', 'prev_value': None, 'change': True}
2025-10-20 22:27:12,503 : EventManager : Event: ======'machine_var_credits_string'====== Args={'value': 'FREE PLAY', 'prev_value': None, 'change': True}
2025-10-20 22:27:12,503 : EventManager : Event: ======'machine_var_credit_units'====== Args={'value': 0, 'prev_value': None, 'change': True}
2025-10-20 22:27:12,503 : EventManager : Event: ======'machine_var_free_play'====== Args={'value': False, 'prev_value': None, 'change': True}
2025-10-20 22:27:12,503 : EventManager : Event: ======'machine_var_master_volume'====== Args={'value': 0.7, 'prev_value': None, 'change': True}
2025-10-20 22:27:12,504 : EventManager : Event: ======'machine_var_player1_score'====== Args={'value': 300, 'prev_value': None, 'change': True}
2025-10-20 22:27:12,504 : EventManager : Event: ======'machine_var_mpf_version'====== Args={'value': 'Mission Pinball Framework v0.57.0.dev39', 'prev_value': None, 'change': True}
2025-10-20 22:27:12,504 : EventManager : Event: ======'machine_var_mpf_extended_version'====== Args={'value': 'Mission Pinball Framework v0.57.0.dev39, Config version:6, Show version: 6, BCP version:1.1', 'prev_value': None, 'change': True}
2025-10-20 22:27:12,504 : EventManager : Event: ======'machine_var_python_version'====== Args={'value': '3.9.13', 'prev_value': None, 'change': True}
2025-10-20 22:27:12,504 : EventManager : Event: ======'machine_var_platform'====== Args={'value': 'Windows-10-10.0.19045-SP0', 'prev_value': None, 'change': True}
2025-10-20 22:27:12,504 : EventManager : Event: ======'machine_var_platform_system'====== Args={'value': 'Windows', 'prev_value': None, 'change': True}
2025-10-20 22:27:12,504 : EventManager : Event: ======'machine_var_platform_release'====== Args={'value': '10', 'prev_value': None, 'change': True}
2025-10-20 22:27:12,504 : EventManager : Event: ======'machine_var_platform_version'====== Args={'value': '10.0.19045', 'prev_value': None, 'change': True}
2025-10-20 22:27:12,504 : EventManager : Event: ======'machine_var_platform_machine'====== Args={'value': 'AMD64', 'prev_value': None, 'change': True}
2025-10-20 22:27:12,504 : EventManager : Event: ======'machine_var_mc_version'====== Args={'value': 'MPF-MC v0.57.0.dev10', 'prev_value': None, 'change': True}
2025-10-20 22:27:12,504 : EventManager : Event: ======'machine_var_mc_extended_version'====== Args={'value': 'MPF-MC v0.57.0.dev10 (config_version=6, BCP v1.1,                      Requires MPF API compatibility v0.57.0.dev19 or newer)', 'prev_value': None, 'change': True}
2025-10-20 22:27:12,504 : EventManager : Event: ======'machine_var_credits_string'====== Args={'value': 'FREE PLAY', 'prev_value': None, 'change': True}
2025-10-20 22:27:12,504 : EventManager : Event: ======'machine_var_credit_units'====== Args={'value': 0, 'prev_value': None, 'change': True}
2025-10-20 22:27:12,504 : EventManager : Event: ======'machine_var_free_play'====== Args={'value': False, 'prev_value': None, 'change': True}
2025-10-20 22:27:12,505 : EventManager : Event: ======'machine_var_master_volume'====== Args={'value': 0.7, 'prev_value': None, 'change': True}
2025-10-20 22:27:12,505 : EventManager : Event: ======'machine_var_player1_score'====== Args={'value': 300, 'prev_value': None, 'change': True}
2025-10-20 22:27:12,505 : EventManager : Event: ======'machine_var_mpf_version'====== Args={'value': 'Mission Pinball Framework v0.57.0.dev39', 'prev_value': None, 'change': True}
2025-10-20 22:27:12,505 : EventManager : Event: ======'machine_var_mpf_extended_version'====== Args={'value': 'Mission Pinball Framework v0.57.0.dev39, Config version:6, Show version: 6, BCP version:1.1', 'prev_value': None, 'change': True}
2025-10-20 22:27:12,505 : EventManager : Event: ======'machine_var_python_version'====== Args={'value': '3.9.13', 'prev_value': None, 'change': True}
2025-10-20 22:27:12,505 : EventManager : Event: ======'machine_var_platform'====== Args={'value': 'Windows-10-10.0.19045-SP0', 'prev_value': None, 'change': True}
2025-10-20 22:27:12,505 : EventManager : Event: ======'machine_var_platform_system'====== Args={'value': 'Windows', 'prev_value': None, 'change': True}
2025-10-20 22:27:12,505 : EventManager : Event: ======'machine_var_platform_release'====== Args={'value': '10', 'prev_value': None, 'change': True}
2025-10-20 22:27:12,505 : EventManager : Event: ======'machine_var_platform_version'====== Args={'value': '10.0.19045', 'prev_value': None, 'change': True}
2025-10-20 22:27:12,505 : EventManager : Event: ======'machine_var_platform_machine'====== Args={'value': 'AMD64', 'prev_value': None, 'change': True}
2025-10-20 22:27:12,505 : EventManager : Event: ======'machine_var_mc_version'====== Args={'value': 'MPF-MC v0.57.0.dev10', 'prev_value': None, 'change': True}
2025-10-20 22:27:12,505 : EventManager : Event: ======'machine_var_mc_extended_version'====== Args={'value': 'MPF-MC v0.57.0.dev10 (config_version=6, BCP v1.1,                      Requires MPF API compatibility v0.57.0.dev19 or newer)', 'prev_value': None, 'change': True}
2025-10-20 22:27:12,505 : EventManager : Event: ======'machine_var_credits_string'====== Args={'value': 'FREE PLAY', 'prev_value': None, 'change': True}
2025-10-20 22:27:12,505 : EventManager : Event: ======'machine_var_credit_units'====== Args={'value': 0, 'prev_value': None, 'change': True}
2025-10-20 22:27:12,506 : EventManager : Event: ======'machine_var_free_play'====== Args={'value': False, 'prev_value': None, 'change': True}
2025-10-20 22:27:12,506 : EventManager : Event: ======'machine_var_master_volume'====== Args={'value': 0.7, 'prev_value': None, 'change': True}
2025-10-20 22:27:12,506 : EventManager : Event: ======'machine_var_player1_score'====== Args={'value': 300, 'prev_value': None, 'change': True}
2025-10-20 22:27:12,506 : EventManager : Event: ======'machine_var_mpf_version'====== Args={'value': 'Mission Pinball Framework v0.57.0.dev39', 'prev_value': None, 'change': True}
2025-10-20 22:27:12,506 : EventManager : Event: ======'machine_var_mpf_extended_version'====== Args={'value': 'Mission Pinball Framework v0.57.0.dev39, Config version:6, Show version: 6, BCP version:1.1', 'prev_value': None, 'change': True}
2025-10-20 22:27:12,506 : EventManager : Event: ======'machine_var_python_version'====== Args={'value': '3.9.13', 'prev_value': None, 'change': True}
2025-10-20 22:27:12,506 : EventManager : Event: ======'machine_var_platform'====== Args={'value': 'Windows-10-10.0.19045-SP0', 'prev_value': None, 'change': True}
2025-10-20 22:27:12,506 : EventManager : Event: ======'machine_var_platform_system'====== Args={'value': 'Windows', 'prev_value': None, 'change': True}
2025-10-20 22:27:12,506 : EventManager : Event: ======'machine_var_platform_release'====== Args={'value': '10', 'prev_value': None, 'change': True}
2025-10-20 22:27:12,507 : EventManager : Event: ======'machine_var_platform_version'====== Args={'value': '10.0.19045', 'prev_value': None, 'change': True}
2025-10-20 22:27:12,507 : EventManager : Event: ======'machine_var_platform_machine'====== Args={'value': 'AMD64', 'prev_value': None, 'change': True}
2025-10-20 22:27:12,507 : EventManager : Event: ======'machine_var_mc_version'====== Args={'value': 'MPF-MC v0.57.0.dev10', 'prev_value': None, 'change': True}
2025-10-20 22:27:12,507 : EventManager : Event: ======'machine_var_mc_extended_version'====== Args={'value': 'MPF-MC v0.57.0.dev10 (config_version=6, BCP v1.1,                      Requires MPF API compatibility v0.57.0.dev19 or newer)', 'prev_value': None, 'change': True}
2025-10-20 22:27:12,507 : SoundSystem : Setting master volume to 0.7
2025-10-20 22:27:12,507 : SoundSystem : Setting master volume to 0.7
2025-10-20 22:27:12,507 : SoundSystem : Setting master volume to 0.7
2025-10-20 22:27:12,507 : SoundSystem : Setting master volume to 0.7
2025-10-20 22:27:12,666 : EventManager : Event: ======'machine_var_audits_events_game_ended'====== Args={'value': 73, 'prev_value': None, 'change': True}
2025-10-20 22:27:12,719 : EventManager : Event: ======'machine_var_audits_events_game_started'====== Args={'value': 376, 'prev_value': None, 'change': True}
2025-10-20 22:27:12,721 : EventManager : Event: ======'machine_var_audits_missing_switches_s_A'====== Args={'value': 67, 'prev_value': None, 'change': True}
2025-10-20 22:27:12,721 : EventManager : Event: ======'machine_var_audits_missing_switches_s_E'====== Args={'value': 7, 'prev_value': None, 'change': True}
2025-10-20 22:27:12,721 : EventManager : Event: ======'machine_var_audits_missing_switches_s_Eb'====== Args={'value': 67, 'prev_value': None, 'change': True}
2025-10-20 22:27:12,721 : EventManager : Event: ======'machine_var_audits_missing_switches_s_I'====== Args={'value': 7, 'prev_value': None, 'change': True}
2025-10-20 22:27:12,721 : EventManager : Event: ======'machine_var_audits_missing_switches_s_L'====== Args={'value': 67, 'prev_value': None, 'change': True}
2025-10-20 22:27:12,722 : EventManager : Event: ======'machine_var_audits_missing_switches_s_M'====== Args={'value': 7, 'prev_value': None, 'change': True}
2025-10-20 22:27:12,722 : EventManager : Event: ======'machine_var_audits_missing_switches_s_R'====== Args={'value': 67, 'prev_value': None, 'change': True}
2025-10-20 22:27:12,722 : EventManager : Event: ======'machine_var_audits_missing_switches_s_T'====== Args={'value': 7, 'prev_value': None, 'change': True}
2025-10-20 22:27:12,722 : EventManager : Event: ======'machine_var_audits_missing_switches_s_Tb'====== Args={'value': 67, 'prev_value': None, 'change': True}
2025-10-20 22:27:12,722 : EventManager : Event: ======'machine_var_audits_missing_switches_s_V'====== Args={'value': 67, 'prev_value': None, 'change': True}
2025-10-20 22:27:12,722 : EventManager : Event: ======'machine_var_audits_missing_switches_s_bumper1'====== Args={'value': 6, 'prev_value': None, 'change': True}
2025-10-20 22:27:12,722 : EventManager : Event: ======'machine_var_audits_missing_switches_s_bumper_1'====== Args={'value': 28, 'prev_value': None, 'change': True}
2025-10-20 22:27:12,723 : EventManager : Event: ======'machine_var_audits_missing_switches_s_bumper_2'====== Args={'value': 28, 'prev_value': None, 'change': True}
2025-10-20 22:27:12,723 : EventManager : Event: ======'machine_var_audits_missing_switches_s_center_center_target'====== Args={'value': 31, 'prev_value': None, 'change': True}
2025-10-20 22:27:12,723 : EventManager : Event: ======'machine_var_audits_missing_switches_s_center_rollover'====== Args={'value': 1, 'prev_value': None, 'change': True}
2025-10-20 22:27:12,723 : EventManager : Event: ======'machine_var_audits_missing_switches_s_center_scoop'====== Args={'value': 11, 'prev_value': None, 'change': True}
2025-10-20 22:27:12,723 : EventManager : Event: ======'machine_var_audits_missing_switches_s_coin_left'====== Args={'value': 2, 'prev_value': None, 'change': True}
2025-10-20 22:27:12,723 : EventManager : Event: ======'machine_var_audits_missing_switches_s_door_open'====== Args={'value': 11, 'prev_value': None, 'change': True}
2025-10-20 22:27:12,723 : EventManager : Event: ======'machine_var_audits_missing_switches_s_launcher_lane_spinner'====== Args={'value': 42, 'prev_value': None, 'change': True}
2025-10-20 22:27:12,723 : EventManager : Event: ======'machine_var_audits_missing_switches_s_left_center_target'====== Args={'value': 31, 'prev_value': None, 'change': True}
2025-10-20 22:27:12,723 : EventManager : Event: ======'machine_var_audits_missing_switches_s_left_corridor_spinner'====== Args={'value': 12, 'prev_value': None, 'change': True}
2025-10-20 22:27:12,723 : EventManager : Event: ======'machine_var_audits_missing_switches_s_left_corridor_spinner2'====== Args={'value': 37, 'prev_value': None, 'change': True}
2025-10-20 22:27:12,723 : EventManager : Event: ======'machine_var_audits_missing_switches_s_left_flipper'====== Args={'value': 3, 'prev_value': None, 'change': True}
2025-10-20 22:27:12,723 : EventManager : Event: ======'machine_var_audits_missing_switches_s_left_inlane'====== Args={'value': 10, 'prev_value': None, 'change': True}
2025-10-20 22:27:12,723 : EventManager : Event: ======'machine_var_audits_missing_switches_s_left_outlane'====== Args={'value': 10, 'prev_value': None, 'change': True}
2025-10-20 22:27:12,723 : EventManager : Event: ======'machine_var_audits_missing_switches_s_left_rollover'====== Args={'value': 1, 'prev_value': None, 'change': True}
2025-10-20 22:27:12,724 : EventManager : Event: ======'machine_var_audits_missing_switches_s_left_standup'====== Args={'value': 42, 'prev_value': None, 'change': True}
2025-10-20 22:27:12,724 : EventManager : Event: ======'machine_var_audits_missing_switches_s_right_center_target'====== Args={'value': 31, 'prev_value': None, 'change': True}
2025-10-20 22:27:12,724 : EventManager : Event: ======'machine_var_audits_missing_switches_s_right_corridor_spinner'====== Args={'value': 37, 'prev_value': None, 'change': True}
2025-10-20 22:27:12,724 : EventManager : Event: ======'machine_var_audits_missing_switches_s_right_flipper'====== Args={'value': 3, 'prev_value': None, 'change': True}
2025-10-20 22:27:12,724 : EventManager : Event: ======'machine_var_audits_missing_switches_s_right_inlane'====== Args={'value': 10, 'prev_value': None, 'change': True}
2025-10-20 22:27:12,724 : EventManager : Event: ======'machine_var_audits_missing_switches_s_right_outlane'====== Args={'value': 10, 'prev_value': None, 'change': True}
2025-10-20 22:27:12,724 : EventManager : Event: ======'machine_var_audits_missing_switches_s_right_rollover'====== Args={'value': 1, 'prev_value': None, 'change': True}
2025-10-20 22:27:12,724 : EventManager : Event: ======'machine_var_audits_missing_switches_s_right_standup'====== Args={'value': 11, 'prev_value': None, 'change': True}
2025-10-20 22:27:12,724 : EventManager : Event: ======'machine_var_audits_missing_switches_s_service_coin'====== Args={'value': 57, 'prev_value': None, 'change': True}
2025-10-20 22:27:12,724 : EventManager : Event: ======'machine_var_audits_missing_switches_s_service_down'====== Args={'value': 11, 'prev_value': None, 'change': True}
2025-10-20 22:27:12,724 : EventManager : Event: ======'machine_var_audits_missing_switches_s_service_enter'====== Args={'value': 11, 'prev_value': None, 'change': True}
2025-10-20 22:27:12,724 : EventManager : Event: ======'machine_var_audits_missing_switches_s_service_esc'====== Args={'value': 11, 'prev_value': None, 'change': True}
2025-10-20 22:27:12,724 : EventManager : Event: ======'machine_var_audits_missing_switches_s_service_up'====== Args={'value': 11, 'prev_value': None, 'change': True}
2025-10-20 22:27:12,724 : EventManager : Event: ======'machine_var_audits_missing_switches_s_sling_left'====== Args={'value': 329, 'prev_value': None, 'change': True}
2025-10-20 22:27:12,725 : EventManager : Event: ======'machine_var_audits_missing_switches_s_sling_right'====== Args={'value': 225, 'prev_value': None, 'change': True}
2025-10-20 22:27:12,725 : EventManager : Event: ======'machine_var_audits_missing_switches_s_standup_2'====== Args={'value': 15, 'prev_value': None, 'change': True}
2025-10-20 22:27:12,725 : EventManager : Event: ======'machine_var_audits_missing_switches_s_standup_3'====== Args={'value': 15, 'prev_value': None, 'change': True}
2025-10-20 22:27:12,725 : EventManager : Event: ======'machine_var_audits_missing_switches_s_standup_4'====== Args={'value': 15, 'prev_value': None, 'change': True}
2025-10-20 22:27:12,725 : EventManager : Event: ======'machine_var_audits_missing_switches_s_standup_5'====== Args={'value': 15, 'prev_value': None, 'change': True}
2025-10-20 22:27:12,725 : EventManager : Event: ======'machine_var_audits_missing_switches_s_standup_6'====== Args={'value': 15, 'prev_value': None, 'change': True}
2025-10-20 22:27:12,725 : EventManager : Event: ======'machine_var_audits_missing_switches_s_start'====== Args={'value': 2, 'prev_value': None, 'change': True}
2025-10-20 22:27:12,725 : EventManager : Event: ======'machine_var_audits_missing_switches_s_top_left_standup'====== Args={'value': 42, 'prev_value': None, 'change': True}
2025-10-20 22:27:12,725 : EventManager : Event: ======'machine_var_audits_missing_switches_s_top_left_standup2'====== Args={'value': 42, 'prev_value': None, 'change': True}
2025-10-20 22:27:12,725 : EventManager : Event: ======'machine_var_audits_missing_switches_s_trough2'====== Args={'value': 61, 'prev_value': None, 'change': True}
2025-10-20 22:27:12,725 : EventManager : Event: ======'machine_var_audits_missing_switches_s_trough3'====== Args={'value': 376, 'prev_value': None, 'change': True}
2025-10-20 22:27:12,725 : EventManager : Event: ======'machine_var_audits_missing_switches_s_trough4'====== Args={'value': 376, 'prev_value': None, 'change': True}
2025-10-20 22:27:12,725 : EventManager : Event: ======'machine_var_audits_missing_switches_s_trough5'====== Args={'value': 376, 'prev_value': None, 'change': True}
2025-10-20 22:27:12,725 : EventManager : Event: ======'machine_var_audits_missing_switches_s_trough6'====== Args={'value': 376, 'prev_value': None, 'change': True}
2025-10-20 22:27:12,725 : EventManager : Event: ======'machine_var_audits_missing_switches_s_trough_jam'====== Args={'value': 60, 'prev_value': None, 'change': True}
2025-10-20 22:27:12,726 : EventManager : Event: ======'machine_var_audits_player_score'====== Args={'value': {'average': 6450684, 'top': [75043600, 70538842, 47521800, 45002500, 43517500, 42224750, 41236342, 31835000, 17715450, 15508500], 'total': 77}, 'prev_value': None, 'change': True}
2025-10-20 22:27:12,726 : EventManager : Event: ======'machine_var_audits_shots_A'====== Args={'value': 50, 'prev_value': None, 'change': True}
2025-10-20 22:27:12,726 : EventManager : Event: ======'machine_var_audits_shots_E'====== Args={'value': 213, 'prev_value': None, 'change': True}
2025-10-20 22:27:12,726 : EventManager : Event: ======'machine_var_audits_shots_Eb'====== Args={'value': 42, 'prev_value': None, 'change': True}
2025-10-20 22:27:12,726 : EventManager : Event: ======'machine_var_audits_shots_I'====== Args={'value': 206, 'prev_value': None, 'change': True}
2025-10-20 22:27:12,726 : EventManager : Event: ======'machine_var_audits_shots_L'====== Args={'value': 43, 'prev_value': None, 'change': True}
2025-10-20 22:27:12,726 : EventManager : Event: ======'machine_var_audits_shots_M'====== Args={'value': 208, 'prev_value': None, 'change': True}
2025-10-20 22:27:12,726 : EventManager : Event: ======'machine_var_audits_shots_R'====== Args={'value': 62, 'prev_value': None, 'change': True}
2025-10-20 22:27:12,726 : EventManager : Event: ======'machine_var_audits_shots_T'====== Args={'value': 208, 'prev_value': None, 'change': True}
2025-10-20 22:27:12,726 : EventManager : Event: ======'machine_var_audits_shots_Tb'====== Args={'value': 84, 'prev_value': None, 'change': True}
2025-10-20 22:27:12,726 : EventManager : Event: ======'machine_var_audits_shots_V'====== Args={'value': 43, 'prev_value': None, 'change': True}
2025-10-20 22:27:12,726 : EventManager : Event: ======'machine_var_audits_shots_bumper1_shot'====== Args={'value': 343, 'prev_value': None, 'change': True}
2025-10-20 22:27:12,726 : EventManager : Event: ======'machine_var_audits_shots_bumper2_shot'====== Args={'value': 883, 'prev_value': None, 'change': True}
2025-10-20 22:27:12,726 : EventManager : Event: ======'machine_var_audits_shots_center_center_droptarget'====== Args={'value': 21, 'prev_value': None, 'change': True}
2025-10-20 22:27:12,726 : EventManager : Event: ======'machine_var_audits_shots_center_rollover'====== Args={'value': 7, 'prev_value': None, 'change': True}
2025-10-20 22:27:12,727 : EventManager : Event: ======'machine_var_audits_shots_center_rollover_shot'====== Args={'value': 350, 'prev_value': None, 'change': True}
2025-10-20 22:27:12,727 : EventManager : Event: ======'machine_var_audits_shots_center_scoop_shot'====== Args={'value': 9, 'prev_value': None, 'change': True}
2025-10-20 22:27:12,727 : EventManager : Event: ======'machine_var_audits_shots_jets'====== Args={'value': 1167, 'prev_value': None, 'change': True}
2025-10-20 22:27:12,727 : EventManager : Event: ======'machine_var_audits_shots_left_center_droptarget'====== Args={'value': 21, 'prev_value': None, 'change': True}
2025-10-20 22:27:12,727 : EventManager : Event: ======'machine_var_audits_shots_left_corridor_spinner'====== Args={'value': 9, 'prev_value': None, 'change': True}
2025-10-20 22:27:12,727 : EventManager : Event: ======'machine_var_audits_shots_left_corridor_spinner2'====== Args={'value': 10, 'prev_value': None, 'change': True}
2025-10-20 22:27:12,727 : EventManager : Event: ======'machine_var_audits_shots_left_corridor_spinner_shot'====== Args={'value': 186, 'prev_value': None, 'change': True}
2025-10-20 22:27:12,727 : EventManager : Event: ======'machine_var_audits_shots_left_inlane_shot'====== Args={'value': 8, 'prev_value': None, 'change': True}
2025-10-20 22:27:12,727 : EventManager : Event: ======'machine_var_audits_shots_left_outlane_shot'====== Args={'value': 8, 'prev_value': None, 'change': True}
2025-10-20 22:27:12,727 : EventManager : Event: ======'machine_var_audits_shots_left_rollover'====== Args={'value': 36, 'prev_value': None, 'change': True}
2025-10-20 22:27:12,728 : EventManager : Event: ======'machine_var_audits_shots_left_rollover_shot'====== Args={'value': 287, 'prev_value': None, 'change': True}
2025-10-20 22:27:12,728 : EventManager : Event: ======'machine_var_audits_shots_left_scoop_shot'====== Args={'value': 41, 'prev_value': None, 'change': True}
2025-10-20 22:27:12,728 : EventManager : Event: ======'machine_var_audits_shots_left_standup_shot'====== Args={'value': 15, 'prev_value': None, 'change': True}
2025-10-20 22:27:12,728 : EventManager : Event: ======'machine_var_audits_shots_letf_inlane_shot'====== Args={'value': 6, 'prev_value': None, 'change': True}
2025-10-20 22:27:12,728 : EventManager : Event: ======'machine_var_audits_shots_letf_outlane_shot'====== Args={'value': 5, 'prev_value': None, 'change': True}
2025-10-20 22:27:12,728 : EventManager : Event: ======'machine_var_audits_shots_middle_inlane_shot'====== Args={'value': 20, 'prev_value': None, 'change': True}
2025-10-20 22:27:12,728 : EventManager : Event: ======'machine_var_audits_shots_my_first_shot'====== Args={'value': 95, 'prev_value': None, 'change': True}
2025-10-20 22:27:12,728 : EventManager : Event: ======'machine_var_audits_shots_right_center_droptarget'====== Args={'value': 22, 'prev_value': None, 'change': True}
2025-10-20 22:27:12,728 : EventManager : Event: ======'machine_var_audits_shots_right_corridor_spinner'====== Args={'value': 3, 'prev_value': None, 'change': True}
2025-10-20 22:27:12,728 : EventManager : Event: ======'machine_var_audits_shots_right_inlane_shot'====== Args={'value': 115, 'prev_value': None, 'change': True}
2025-10-20 22:27:12,728 : EventManager : Event: ======'machine_var_audits_shots_right_outlane_shot'====== Args={'value': 37, 'prev_value': None, 'change': True}
2025-10-20 22:27:12,728 : EventManager : Event: ======'machine_var_audits_shots_right_rollover'====== Args={'value': 41, 'prev_value': None, 'change': True}
2025-10-20 22:27:12,728 : EventManager : Event: ======'machine_var_audits_shots_right_rollover_shot'====== Args={'value': 419, 'prev_value': None, 'change': True}
2025-10-20 22:27:12,729 : EventManager : Event: ======'machine_var_audits_shots_right_scoop_shot'====== Args={'value': 62, 'prev_value': None, 'change': True}
2025-10-20 22:27:12,729 : EventManager : Event: ======'machine_var_audits_shots_right_standup'====== Args={'value': 41, 'prev_value': None, 'change': True}
2025-10-20 22:27:12,729 : EventManager : Event: ======'machine_var_audits_shots_right_standup_shot'====== Args={'value': 24, 'prev_value': None, 'change': True}
2025-10-20 22:27:12,729 : EventManager : Event: ======'machine_var_audits_shots_standup_1_skill'====== Args={'value': 65, 'prev_value': None, 'change': True}
2025-10-20 22:27:12,729 : EventManager : Event: ======'machine_var_audits_shots_standup_2_skill'====== Args={'value': 31, 'prev_value': None, 'change': True}
2025-10-20 22:27:12,729 : EventManager : Event: ======'machine_var_audits_shots_standup_3_skill'====== Args={'value': 13, 'prev_value': None, 'change': True}
2025-10-20 22:27:12,729 : EventManager : Event: ======'machine_var_audits_shots_standup_4_skill'====== Args={'value': 9, 'prev_value': None, 'change': True}
2025-10-20 22:27:12,729 : EventManager : Event: ======'machine_var_audits_shots_standup_5_skill'====== Args={'value': 4, 'prev_value': None, 'change': True}
2025-10-20 22:27:12,729 : EventManager : Event: ======'machine_var_audits_shots_standup_6_skill'====== Args={'value': 2, 'prev_value': None, 'change': True}
2025-10-20 22:27:12,729 : EventManager : Event: ======'machine_var_audits_shots_top_left_standup2_shot'====== Args={'value': 17, 'prev_value': None, 'change': True}
2025-10-20 22:27:12,729 : EventManager : Event: ======'machine_var_audits_shots_top_left_standup_shot'====== Args={'value': 8, 'prev_value': None, 'change': True}
2025-10-20 22:27:12,729 : EventManager : Event: ======'machine_var_audits_shots_top_middle_inlane_shot'====== Args={'value': 41, 'prev_value': None, 'change': True}
2025-10-20 22:27:12,729 : EventManager : Event: ======'machine_var_audits_switches_s_A'====== Args={'value': 0, 'prev_value': None, 'change': True}
2025-10-20 22:27:12,729 : EventManager : Event: ======'machine_var_audits_switches_s_E'====== Args={'value': 218, 'prev_value': None, 'change': True}
2025-10-20 22:27:12,729 : EventManager : Event: ======'machine_var_audits_switches_s_Eb'====== Args={'value': 0, 'prev_value': None, 'change': True}
2025-10-20 22:27:12,730 : EventManager : Event: ======'machine_var_audits_switches_s_I'====== Args={'value': 211, 'prev_value': None, 'change': True}
2025-10-20 22:27:12,730 : EventManager : Event: ======'machine_var_audits_switches_s_L'====== Args={'value': 0, 'prev_value': None, 'change': True}
2025-10-20 22:27:12,730 : EventManager : Event: ======'machine_var_audits_switches_s_M'====== Args={'value': 213, 'prev_value': None, 'change': True}
2025-10-20 22:27:12,730 : EventManager : Event: ======'machine_var_audits_switches_s_R'====== Args={'value': 0, 'prev_value': None, 'change': True}
2025-10-20 22:27:12,730 : EventManager : Event: ======'machine_var_audits_switches_s_T'====== Args={'value': 212, 'prev_value': None, 'change': True}
2025-10-20 22:27:12,730 : EventManager : Event: ======'machine_var_audits_switches_s_Tb'====== Args={'value': 0, 'prev_value': None, 'change': True}
2025-10-20 22:27:12,730 : EventManager : Event: ======'machine_var_audits_switches_s_V'====== Args={'value': 0, 'prev_value': None, 'change': True}
2025-10-20 22:27:12,730 : EventManager : Event: ======'machine_var_audits_switches_s_bumper1'====== Args={'value': 343, 'prev_value': None, 'change': True}
2025-10-20 22:27:12,730 : EventManager : Event: ======'machine_var_audits_switches_s_bumper2'====== Args={'value': 887, 'prev_value': None, 'change': True}
2025-10-20 22:27:12,730 : EventManager : Event: ======'machine_var_audits_switches_s_bumper_1'====== Args={'value': 0, 'prev_value': None, 'change': True}
2025-10-20 22:27:12,730 : EventManager : Event: ======'machine_var_audits_switches_s_bumper_2'====== Args={'value': 0, 'prev_value': None, 'change': True}
2025-10-20 22:27:12,730 : EventManager : Event: ======'machine_var_audits_switches_s_center_center_target'====== Args={'value': 27, 'prev_value': None, 'change': True}
2025-10-20 22:27:12,730 : EventManager : Event: ======'machine_var_audits_switches_s_center_rollover'====== Args={'value': 361, 'prev_value': None, 'change': True}
2025-10-20 22:27:12,730 : EventManager : Event: ======'machine_var_audits_switches_s_center_scoop'====== Args={'value': 23, 'prev_value': None, 'change': True}
2025-10-20 22:27:12,730 : EventManager : Event: ======'machine_var_audits_switches_s_coin_left'====== Args={'value': 19, 'prev_value': None, 'change': True}
2025-10-20 22:27:12,730 : EventManager : Event: ======'machine_var_audits_switches_s_door_open'====== Args={'value': 3, 'prev_value': None, 'change': True}
2025-10-20 22:27:12,731 : EventManager : Event: ======'machine_var_audits_switches_s_launcher_lane_spinner'====== Args={'value': 9, 'prev_value': None, 'change': True}
2025-10-20 22:27:12,731 : EventManager : Event: ======'machine_var_audits_switches_s_left_center_target'====== Args={'value': 28, 'prev_value': None, 'change': True}
2025-10-20 22:27:12,731 : EventManager : Event: ======'machine_var_audits_switches_s_left_corridor_spinner'====== Args={'value': 227, 'prev_value': None, 'change': True}
2025-10-20 22:27:12,731 : EventManager : Event: ======'machine_var_audits_switches_s_left_corridor_spinner2'====== Args={'value': 14, 'prev_value': None, 'change': True}
2025-10-20 22:27:12,731 : EventManager : Event: ======'machine_var_audits_switches_s_left_flipper'====== Args={'value': 364, 'prev_value': None, 'change': True}
2025-10-20 22:27:12,731 : EventManager : Event: ======'machine_var_audits_switches_s_left_inlane'====== Args={'value': 24, 'prev_value': None, 'change': True}
2025-10-20 22:27:12,731 : EventManager : Event: ======'machine_var_audits_switches_s_left_outlane'====== Args={'value': 16, 'prev_value': None, 'change': True}
2025-10-20 22:27:12,731 : EventManager : Event: ======'machine_var_audits_switches_s_left_rollover'====== Args={'value': 298, 'prev_value': None, 'change': True}
2025-10-20 22:27:12,731 : EventManager : Event: ======'machine_var_audits_switches_s_left_scoop'====== Args={'value': 258, 'prev_value': None, 'change': True}
2025-10-20 22:27:12,731 : EventManager : Event: ======'machine_var_audits_switches_s_left_standup'====== Args={'value': 20, 'prev_value': None, 'change': True}
2025-10-20 22:27:12,731 : EventManager : Event: ======'machine_var_audits_switches_s_middle_inlane'====== Args={'value': 20, 'prev_value': None, 'change': True}
2025-10-20 22:27:12,731 : EventManager : Event: ======'machine_var_audits_switches_s_plunger'====== Args={'value': 656, 'prev_value': None, 'change': True}
2025-10-20 22:27:12,732 : EventManager : Event: ======'machine_var_audits_switches_s_right_center_target'====== Args={'value': 31, 'prev_value': None, 'change': True}
2025-10-20 22:27:12,732 : EventManager : Event: ======'machine_var_audits_switches_s_right_corridor_spinner'====== Args={'value': 24, 'prev_value': None, 'change': True}
2025-10-20 22:27:12,732 : EventManager : Event: ======'machine_var_audits_switches_s_right_flipper'====== Args={'value': 156, 'prev_value': None, 'change': True}
2025-10-20 22:27:12,732 : EventManager : Event: ======'machine_var_audits_switches_s_right_inlane'====== Args={'value': 242, 'prev_value': None, 'change': True}
2025-10-20 22:27:12,732 : EventManager : Event: ======'machine_var_audits_switches_s_right_outlane'====== Args={'value': 43, 'prev_value': None, 'change': True}
2025-10-20 22:27:12,732 : EventManager : Event: ======'machine_var_audits_switches_s_right_rollover'====== Args={'value': 428, 'prev_value': None, 'change': True}
2025-10-20 22:27:12,732 : EventManager : Event: ======'machine_var_audits_switches_s_right_scoop'====== Args={'value': 79, 'prev_value': None, 'change': True}
2025-10-20 22:27:12,732 : EventManager : Event: ======'machine_var_audits_switches_s_right_standup'====== Args={'value': 173, 'prev_value': None, 'change': True}
2025-10-20 22:27:12,732 : EventManager : Event: ======'machine_var_audits_switches_s_service_coin'====== Args={'value': 1, 'prev_value': None, 'change': True}
2025-10-20 22:27:12,732 : EventManager : Event: ======'machine_var_audits_switches_s_service_down'====== Args={'value': 28, 'prev_value': None, 'change': True}
2025-10-20 22:27:12,732 : EventManager : Event: ======'machine_var_audits_switches_s_service_enter'====== Args={'value': 12, 'prev_value': None, 'change': True}
2025-10-20 22:27:12,732 : EventManager : Event: ======'machine_var_audits_switches_s_service_esc'====== Args={'value': 10, 'prev_value': None, 'change': True}
2025-10-20 22:27:12,732 : EventManager : Event: ======'machine_var_audits_switches_s_service_up'====== Args={'value': 31, 'prev_value': None, 'change': True}
2025-10-20 22:27:12,732 : EventManager : Event: ======'machine_var_audits_switches_s_sling_left'====== Args={'value': 3, 'prev_value': None, 'change': True}
2025-10-20 22:27:12,732 : EventManager : Event: ======'machine_var_audits_switches_s_sling_right'====== Args={'value': 8, 'prev_value': None, 'change': True}
2025-10-20 22:27:12,733 : EventManager : Event: ======'machine_var_audits_switches_s_standup_1'====== Args={'value': 168, 'prev_value': None, 'change': True}
2025-10-20 22:27:12,733 : EventManager : Event: ======'machine_var_audits_switches_s_standup_2'====== Args={'value': 105, 'prev_value': None, 'change': True}
2025-10-20 22:27:12,733 : EventManager : Event: ======'machine_var_audits_switches_s_standup_3'====== Args={'value': 93, 'prev_value': None, 'change': True}
2025-10-20 22:27:12,733 : EventManager : Event: ======'machine_var_audits_switches_s_standup_4'====== Args={'value': 68, 'prev_value': None, 'change': True}
2025-10-20 22:27:12,733 : EventManager : Event: ======'machine_var_audits_switches_s_standup_5'====== Args={'value': 66, 'prev_value': None, 'change': True}
2025-10-20 22:27:12,733 : EventManager : Event: ======'machine_var_audits_switches_s_standup_6'====== Args={'value': 57, 'prev_value': None, 'change': True}
2025-10-20 22:27:12,733 : EventManager : Event: ======'machine_var_audits_switches_s_start'====== Args={'value': 61, 'prev_value': None, 'change': True}
2025-10-20 22:27:12,733 : EventManager : Event: ======'machine_var_audits_switches_s_tilt'====== Args={'value': 15, 'prev_value': None, 'change': True}
2025-10-20 22:27:12,733 : EventManager : Event: ======'machine_var_audits_switches_s_top_left_standup'====== Args={'value': 19, 'prev_value': None, 'change': True}
2025-10-20 22:27:12,733 : EventManager : Event: ======'machine_var_audits_switches_s_top_left_standup2'====== Args={'value': 37, 'prev_value': None, 'change': True}
2025-10-20 22:27:12,733 : EventManager : Event: ======'machine_var_audits_switches_s_top_middle_inlane'====== Args={'value': 41, 'prev_value': None, 'change': True}
2025-10-20 22:27:12,733 : EventManager : Event: ======'machine_var_audits_switches_s_trough1'====== Args={'value': 380, 'prev_value': None, 'change': True}
2025-10-20 22:27:12,733 : EventManager : Event: ======'machine_var_audits_switches_s_trough2'====== Args={'value': 1, 'prev_value': None, 'change': True}
2025-10-20 22:27:12,733 : EventManager : Event: ======'machine_var_audits_switches_s_trough3'====== Args={'value': 0, 'prev_value': None, 'change': True}
2025-10-20 22:27:12,734 : EventManager : Event: ======'machine_var_audits_switches_s_trough4'====== Args={'value': 0, 'prev_value': None, 'change': True}
2025-10-20 22:27:12,734 : EventManager : Event: ======'machine_var_audits_switches_s_trough5'====== Args={'value': 0, 'prev_value': None, 'change': True}
2025-10-20 22:27:12,734 : EventManager : Event: ======'machine_var_audits_switches_s_trough6'====== Args={'value': 0, 'prev_value': None, 'change': True}
2025-10-20 22:27:12,734 : EventManager : Event: ======'machine_var_audits_switches_s_trough_jam'====== Args={'value': 2, 'prev_value': None, 'change': True}
2025-10-20 22:27:12,766 : EventManager : Event: ======'slides_play'====== Args={'settings': {'window_slide_1': {'target': 'window', 'background_color': [0.0, 0.0, 0.0, 1.0], 'priority': None, 'show': True, 'force': False, 'expire': None, 'slide': None, 'tokens': {}, 'action': 'play'}}, 'context': '_global', 'calling_context': 'init_done', 'priority': 0}
2025-10-20 22:27:12,766 : mpfmc : SlidePlayer: Play called with settings={'window_slide_1': {'target': 'window', 'background_color': [0.0, 0.0, 0.0, 1.0], 'priority': None, 'show': True, 'force': False, 'expire': None, 'slide': None, 'tokens': {}, 'action': 'play'}}
2025-10-20 22:27:12,767 : EventManager : Event: ======'slide_window_slide_1_removed'====== Args={}
2025-10-20 22:27:12,794 : EventManager : Event: ======'slide_window_slide_1_created'====== Args={}
2025-10-20 22:27:12,794 : EventManager : Event: ======'slide_window_slide_1_active'====== Args={}
2025-10-20 22:27:12,807 : EventManager : Event: ======'mc_reset_phase_1'====== Args={}
2025-10-20 22:27:12,807 : EventManager : Event: ======'mc_reset_phase_2'====== Args={}
2025-10-20 22:27:12,807 : EventManager : Event: ======'mc_reset_phase_3'====== Args={}
2025-10-20 22:27:12,807 : EventManager : Event: ======'mc_reset_complete'====== Args={}
2025-10-20 22:27:12,854 : mpfmc : Stopping...
2025-10-20 22:27:12,854 : EventManager : Event: ======'shutdown'====== Args={}
2025-10-20 22:27:12,855 : AudioInterface : Disabling audio playback
2025-10-20 22:27:12,965 : mpfmc : Loop rate 53.52 Hz
2025-10-20 22:27:12,966 : kivy : Base: Leaving application in progress...
2025-10-20 22:27:12,976 : mpfmc : Stopping...
2025-10-20 22:27:12,976 : EventManager : Event: ======'shutdown'====== Args={}
2025-10-20 22:27:12,976 : mpfmc : Loop rate 53.74 Hz
2025-10-20 22:27:12,976 : root : MC run loop ended.
2025-10-20 22:27:12,976 : root : Stopping child threads... (2 remaining)
2025-10-20 22:27:13,810 : MPF-MC BCP Server : Stopping BCP sending thread
2025-10-20 22:27:13,880 : root : All child threads stopped.
